Scenario - EFT lento Abril 2011
Logfile written - 09/07/2012 14:01:46

Subject	Trial	Event Type	Code	Time	TTime	Uncertainty	Duration	Uncertainty	ReqTime	ReqDur	Stim Type	Pair Index

FM	2	Picture	10	10499	0	1	3166	2	0	3000	other	0
FM	3	Response	1	21539	7707	2
FM	4	Picture	11	44331	0	1	3167	2	0	3000	other	0
FM	5	Response	1	49977	2313	1
FM	6	Picture	11	83830	0	1	3166	2	0	3000	other	0
FM	7	Response	1	89351	2188	1
FM	8	Picture	20	116662	0	1	3167	2	0	3000	other	0
FM	8	Response	1	119976	3314	1
FM	10	Picture	10	148328	0	1	3166	3	0	3000	other	0
FM	11	Response	1	155756	4095	2
FM	12	Picture	21	181827	0	1	3166	3	0	3000	other	0
FM	13	Response	2	186074	914	2
FM	14	Picture	10	214159	0	1	3167	2	0	3000	other	0
FM	15	Response	1	217787	295	1
FM	16	Picture	11	253158	0	1	3167	2	0	3000	other	0
FM	17	Response	1	259037	2546	1
FM	18	Picture	11	287490	0	1	3167	2	0	3000	other	0
FM	19	Response	1	291693	869	1
FM	20	Picture	10	318323	0	1	3166	2	0	3000	other	0
FM	21	Response	1	324661	3005	2
FM	22	Picture	11	347822	0	1	3166	3	0	3000	other	0
FM	23	Response	1	352004	849	2
FM	24	Picture	21	377488	0	1	3166	2	0	3000	other	0
FM	25	Response	2	384974	4153	1
FM	26	Picture	10	413320	0	1	3167	2	0	3000	other	0
FM	27	Response	1	417629	976	1
FM	28	Picture	20	452152	0	1	3167	2	0	3000	other	0
FM	29	Response	1	457160	1675	1
FM	30	Picture	20	484818	0	1	3166	2	0	3000	other	0
FM	31	Response	2	491222	3071	1
FM	32	Picture	20	520483	0	2	3167	3	0	3000	other	0
FM	33	Response	1	526847	3030	1
FM	33	Response	2	531221	7404	2
FM	34	Picture	10	552316	0	1	3166	2	0	3000	other	0
FM	35	Response	1	558252	2603	2
FM	36	Picture	21	582648	0	1	3167	2	0	3000	other	0
FM	37	Response	2	587315	1334	1
FM	38	Picture	10	621314	0	1	3166	2	0	3000	other	0
FM	39	Response	1	627627	2980	1
FM	40	Picture	10	656979	0	1	3167	2	0	3000	other	0
FM	41	Response	2	660908	595	1
FM	42	Picture	10	695478	0	1	3167	2	0	3000	other	0
FM	43	Response	1	700283	1472	1
FM	44	Picture	11	725644	0	1	3166	3	0	3000	other	0
FM	45	Response	1	733095	4118	1
FM	46	Picture	21	756476	0	1	3167	2	0	3000	other	0
FM	47	Response	2	761220	1410	1
FM	48	Picture	10	795142	0	1	3166	2	0	3000	other	0
FM	49	Response	1	799657	1182	1
FM	50	Picture	10	828641	0	1	3166	2	0	3000	other	0
FM	51	Response	2	833250	1276	1
FM	52	Picture	10	867140	0	1	3166	2	0	3000	other	0
FM	53	Response	1	872625	2152	1
FM	54	Picture	20	898305	0	1	3167	2	0	3000	other	0
FM	55	Response	1	903093	1454	1
FM	56	Picture	10	932638	0	1	3166	2	0	3000	other	0
FM	57	Response	1	939343	3372	1
FM	58	Picture	11	972970	0	1	3166	2	0	3000	other	0
FM	59	Response	1	978405	2102	1
FM	60	Picture	21	1009635	0	1	3167	2	0	3000	other	0
FM	61	Response	2	1015435	2466	2
FM	62	Picture	11	1041468	0	1	3166	2	0	3000	other	0
FM	63	Response	1	1046998	2197	1
FM	64	Picture	10	1077467	0	1	3166	2	0	3000	other	0
FM	65	Response	1	1084185	3385	1
FM	66	Picture	11	1112799	0	1	3167	2	0	3000	other	0
FM	67	Response	1	1117153	1021	1
FM	68	Picture	20	1147465	0	1	3166	2	0	3000	other	0
FM	69	Response	2	1156216	5418	1
FM	70	Picture	21	1186463	0	1	3167	2	0	3000	other	0
FM	71	Response	1	1190593	796	1
FM	72	Picture	21	1223462	0	1	3167	2	0	3000	other	0
FM	73	Response	2	1229809	3013	1
FM	74	Picture	10	1256295	0	1	3166	2	0	3000	other	0
FM	75	Response	1	1266527	6899	1
FM	76	Picture	20	1291627	0	1	3166	3	0	3000	other	0
FM	77	Response	2	1299652	4692	1
FM	78	Picture	21	1327459	0	1	3167	2	0	3000	other	0
FM	79	Response	2	1335276	4484	1
FM	80	Picture	21	1361291	0	2	3167	3	0	3000	other	0
FM	81	Response	2	1367464	2839	1
FM	82	Picture	20	1400624	0	1	3166	2	0	3000	other	0
FM	83	Response	1	1404026	69	1
FM	84	Picture	21	1440122	0	2	3167	3	0	3000	other	0
FM	85	Response	2	1445900	2444	1
FM	86	Picture	11	1470788	0	1	3167	2	0	3000	other	0
FM	87	Response	1	1477775	3654	1
FM	88	Picture	21	1503121	0	1	3166	2	0	3000	other	0
FM	89	Response	2	1509962	3508	1
FM	90	Picture	21	1539786	0	1	3167	2	0	3000	other	0
FM	91	Response	2	1545430	2311	2
FM	92	Picture	20	1578118	0	1	3167	2	0	3000	other	0
FM	93	Response	1	1583555	2103	1
FM	94	Picture	10	1613117	0	1	3167	2	0	3000	other	0
FM	95	Response	2	1619336	2886	1
FM	96	Picture	21	1643616	0	1	3167	2	0	3000	other	0
FM	97	Response	2	1649023	2073	1
FM	98	Picture	11	1677615	0	2	3167	3	0	3000	other	0
FM	99	Response	1	1683554	2605	1
FM	100	Picture	10	1717447	0	2	3167	3	0	3000	other	0
FM	101	Response	2	1723085	2304	1
FM	102	Picture	20	1745947	0	1	3166	2	0	3000	other	0
FM	104	Picture	11	1777946	0	1	3166	2	0	3000	other	0
FM	105	Response	1	1786365	5086	2
FM	106	Picture	10	1809278	0	1	3167	2	0	3000	other	0
FM	107	Response	1	1817928	5317	1
FM	108	Picture	10	1847277	0	1	3166	2	0	3000	other	0
FM	109	Response	1	1853396	2786	1
FM	110	Picture	21	1883609	0	1	3167	2	0	3000	other	0
FM	111	Response	2	1890275	3333	1
FM	112	Picture	10	1915442	0	1	3166	2	0	3000	other	0
FM	113	Response	1	1921051	2276	2
FM	114	Picture	10	1951107	0	1	3167	2	0	3000	other	0
FM	115	Response	1	1957926	3486	2
FM	116	Picture	20	1980106	0	1	3167	2	0	3000	other	0
FM	117	Response	2	1989957	6518	1
FM	118	Picture	21	2017105	0	1	3167	2	0	3000	other	0
FM	119	Response	1	2021363	925	2
FM	120	Picture	20	2056937	0	1	3167	2	0	3000	other	0
FM	121	Response	1	2066363	6093	1
FM	121	Response	2	2070113	9843	1
FM	122	Picture	11	2088603	0	1	3167	2	0	3000	other	0
FM	123	Response	1	2096831	4895	1
FM	124	Picture	20	2126935	0	1	3167	2	0	3000	other	0
FM	125	Response	2	2133393	3127	1
FM	126	Picture	10	2163267	0	1	3167	2	0	3000	other	0
FM	127	Response	1	2170737	4136	1
FM	128	Picture	11	2200766	0	1	3167	2	0	3000	other	0
FM	129	Response	1	2207768	3669	1
FM	130	Picture	20	2232599	0	1	3166	2	0	3000	other	0
FM	131	Response	2	2240267	4335	2
FM	132	Picture	21	2266098	0	1	3166	2	0	3000	other	0
FM	133	Response	2	2272142	2711	1
FM	134	Picture	21	2305596	0	2	3167	3	0	3000	other	0
FM	135	Response	2	2311048	2118	1
FM	136	Picture	21	2340429	0	1	3166	2	0	3000	other	0
FM	137	Response	2	2346050	2288	1
FM	138	Picture	21	2380261	0	1	3166	2	0	3000	other	0
FM	139	Response	2	2385110	1516	1
FM	140	Picture	10	2409927	0	1	3166	2	0	3000	other	0
FM	141	Response	2	2414797	1537	1
FM	142	Picture	20	2443759	0	1	3167	2	0	3000	other	0
FM	143	Response	2	2452921	5829	2
FM	144	Picture	10	2482591	0	1	3167	2	0	3000	other	0
FM	145	Response	1	2488234	2310	1
FM	146	Picture	10	2518590	0	1	3167	2	0	3000	other	0
FM	147	Response	1	2526048	4125	1
FM	148	Picture	10	2554089	0	1	3167	2	0	3000	other	0
FM	149	Response	1	2560577	3155	1
FM	150	Picture	21	2589255	0	1	3166	2	0	3000	other	0
FM	151	Response	2	2596514	3926	1
FM	152	Picture	11	2625587	0	1	3166	2	0	3000	other	0
FM	153	Response	1	2630889	1969	1
FM	154	Picture	21	2654919	0	1	3167	2	0	3000	other	0
FM	155	Response	2	2661670	3417	1
FM	156	Picture	20	2695085	0	1	3166	2	0	3000	other	0
FM	157	Response	2	2704794	6376	1
FM	158	Picture	20	2724917	0	1	3167	2	0	3000	other	0
FM	159	Response	1	2731044	2794	1
FM	160	Picture	11	2756083	0	1	3166	3	0	3000	other	0
FM	161	Response	2	2762984	3568	1
FM	162	Picture	10	2793915	0	1	3167	2	0	3000	other	0
FM	163	Response	1	2804637	7389	1
FM	164	Picture	11	2822414	0	1	3167	2	0	3000	other	0
FM	165	Response	1	2829480	3733	1
FM	166	Picture	11	2856747	0	1	3166	2	0	3000	other	0
FM	167	Response	1	2861980	1900	1
FM	168	Picture	11	2890412	0	1	3167	2	0	3000	other	0
FM	169	Response	1	2896101	2356	1
FM	170	Picture	10	2923411	0	1	3167	2	0	3000	other	0
FM	171	Response	1	2932292	5548	1
FM	172	Picture	20	2958244	0	1	3166	2	0	3000	other	0
FM	173	Response	1	2962760	1183	1
FM	174	Picture	10	2989076	0	1	3166	3	0	3000	other	0
FM	175	Response	2	3001510	9101	1
FM	176	Picture	21	3023908	0	1	3167	2	0	3000	other	0
FM	177	Response	2	3031041	3800	1
FM	178	Picture	21	3054074	0	1	3167	2	0	3000	other	0
FM	179	Response	2	3059009	1602	1
FM	180	Picture	20	3088740	0	1	3166	2	0	3000	other	0
FM	181	Response	2	3100897	8824	1
FM	182	Picture	10	3118405	0	1	3167	2	0	3000	other	0
FM	183	Response	1	3127759	6020	1
FM	184	Picture	10	3158404	0	1	3167	2	0	3000	other	0
FM	185	Response	1	3166196	4459	1
FM	186	Picture	20	3189570	0	1	3166	3	0	3000	other	0
FM	187	Response	1	3199476	6573	2
FM	188	Picture	20	3220736	0	1	3166	2	0	3000	other	0
FM	189	Response	2	3227445	3376	1
FM	190	Picture	11	3251235	0	1	3166	2	0	3000	other	0
FM	191	Response	1	3257132	2564	2
FM	192	Picture	10	3285734	0	1	3166	2	0	3000	other	0
FM	193	Response	1	3291976	2909	1
FM	194	Picture	20	3321899	0	1	3167	2	0	3000	other	0
FM	195	Response	1	3327913	2681	1
FM	196	Picture	11	3352565	0	1	3167	2	0	3000	other	0
FM	197	Response	1	3359944	4046	1
FM	198	Picture	21	3387064	0	1	3167	2	0	3000	other	0
FM	199	Response	2	3392443	2046	2
FM	200	Picture	21	3417230	0	1	3166	2	0	3000	other	0
FM	201	Response	2	3423225	2662	1
FM	202	Picture	11	3446896	0	1	3166	2	0	3000	other	0
FM	203	Response	1	3453381	3152	1
FM	204	Picture	21	3483061	0	1	3167	2	0	3000	other	0
FM	205	Response	2	3487599	1205	1
FM	206	Picture	21	3523393	0	1	3167	2	0	3000	other	0
FM	207	Response	2	3529942	3216	1
FM	208	Picture	10	3560559	0	1	3166	2	0	3000	other	0
FM	209	Response	2	3565254	1362	2
FM	210	Picture	21	3595224	0	1	3167	2	0	3000	other	0
FM	211	Response	2	3601816	3258	2
FM	212	Picture	20	3633223	0	1	3167	2	0	3000	other	0
FM	213	Response	1	3640722	4166	2
FM	214	Picture	10	3663222	0	1	3167	2	0	3000	other	0
FM	215	Response	2	3669472	2916	2
FM	216	Picture	10	3697388	0	1	3167	2	0	3000	other	0
FM	217	Response	1	3703378	2657	1
FM	218	Picture	10	3728220	0	1	3167	2	0	3000	other	0
FM	219	Response	1	3735721	4167	1
FM	220	Picture	11	3764553	0	1	3166	2	0	3000	other	0
FM	221	Response	1	3769627	1741	1
FM	222	Picture	11	3795718	0	1	3167	2	0	3000	other	0
FM	223	Response	1	3801502	2450	1
FM	224	Picture	10	3834717	0	1	3167	2	0	3000	other	0
FM	225	Response	1	3840095	2045	2
FM	226	Picture	21	3867216	0	1	3167	2	0	3000	other	0
FM	227	Response	2	3874314	3765	1
FM	228	Picture	10	3899549	0	1	3166	2	0	3000	other	0
FM	229	Response	1	3905567	2685	1
FM	230	Picture	10	3928048	0	1	3166	2	0	3000	other	0
FM	231	Response	1	3934313	2932	1
FM	232	Picture	10	3960547	0	1	3166	2	0	3000	other	0
FM	233	Response	1	3966657	2777	1
FM	234	Picture	21	3993879	0	1	3167	2	0	3000	other	0
FM	235	Response	2	4001031	3819	2
FM	236	Picture	11	4033545	0	1	3166	2	0	3000	other	0
FM	237	Response	1	4039000	2122	1
FM	238	Picture	21	4073210	0	1	3167	2	0	3000	other	0
FM	239	Response	2	4078218	1675	1
FM	240	Picture	20	4105376	0	1	3166	2	0	3000	other	0
FM	241	Response	1	4110093	1384	1
FM	242	Picture	11	4139041	0	1	3167	2	0	3000	other	0
FM	243	Response	1	4147905	5530	1
FM	244	Picture	20	4172374	0	1	3166	2	0	3000	other	0
FM	245	Response	2	4181342	5635	1
FM	246	Picture	21	4206373	0	1	3166	2	0	3000	other	0
FM	247	Response	2	4212279	2573	1
FM	248	Picture	10	4236538	0	2	3167	3	0	3000	other	0
FM	249	Response	1	4243841	3969	2
FM	250	Picture	11	4265204	0	1	3167	2	0	3000	other	0
FM	251	Response	2	4273528	4991	2
FM	252	Picture	11	4297203	0	1	3167	2	0	3000	other	0
FM	253	Response	1	4303997	3460	1
FM	254	Picture	11	4332036	0	1	3166	2	0	3000	other	0
FM	255	Response	1	4338684	3315	1
FM	256	Picture	20	4363868	0	1	3167	2	0	3000	other	0
FM	257	Response	1	4369309	2108	1
FM	258	Picture	21	4396367	0	1	3167	2	0	3000	other	0
FM	259	Response	2	4406340	6640	1
FM	260	Picture	11	4426366	0	1	3167	2	0	3000	other	0
FM	261	Response	1	4431652	1953	1
FM	262	Picture	20	4457865	0	1	3167	2	0	3000	other	0
FM	263	Response	2	4466807	5609	2
FM	264	Picture	21	4488364	0	1	3167	2	0	3000	other	0
FM	265	Response	2	4494308	2611	1
FM	266	Picture	10	4522530	0	1	3166	2	0	3000	other	0
FM	267	Response	2	4526808	945	1
FM	268	Picture	11	4556362	0	1	3167	2	0	3000	other	0
FM	269	Response	1	4560869	1174	2
FM	270	Picture	11	4592694	0	2	3167	3	0	3000	other	0
FM	271	Response	1	4600869	4841	1
FM	272	Picture	11	4627027	0	1	3166	2	0	3000	other	0
FM	273	Response	1	4634150	3790	1
FM	274	Picture	21	4658026	0	1	3166	2	0	3000	other	0
FM	275	Response	2	4663681	2322	1
FM	276	Picture	20	4687525	0	1	3166	3	0	3000	other	0
FM	277	Response	2	4696806	5948	1
FM	278	Picture	20	4724690	0	2	3167	3	0	3000	other	0
FM	279	Response	2	4731336	3312	2
FM	280	Picture	20	4756023	0	1	3166	2	0	3000	other	0
FM	281	Response	2	4762899	3543	1
FM	282	Picture	11	4796355	0	1	3167	2	0	3000	other	0
FM	283	Response	1	4802742	3054	1
FM	284	Picture	20	4833687	0	1	3167	2	0	3000	other	0
FM	285	Response	2	4839148	2128	1
FM	286	Picture	21	4867853	0	1	3166	2	0	3000	other	0
FM	287	Response	2	4872585	1399	1
FM	288	Picture	20	4896685	0	1	3167	2	0	3000	other	0
FM	289	Response	2	4903523	3504	1
FM	290	Picture	11	4933184	0	1	3167	2	0	3000	other	0
FM	291	Response	1	4938835	2318	1
FM	292	Picture	11	4972016	0	1	3167	2	0	3000	other	0
FM	293	Response	1	4979303	3953	1
FM	294	Picture	21	5012182	0	1	3166	2	0	3000	other	0
FM	295	Response	2	5016646	1131	1
FM	296	Picture	20	5042848	0	1	3166	2	0	3000	other	0
FM	297	Response	1	5048990	2809	1
FM	298	Picture	21	5080846	0	2	3167	3	0	3000	other	0
FM	299	Response	2	5085708	1528	1
FM	300	Picture	21	5117345	0	1	3167	2	0	3000	other	0
FM	301	Response	2	5123208	2529	1
FM	302	Response	2	5580235	433224	1
FM	304	Picture	11	5600664	0	1	3167	2	0	3000	other	0
FM	305	Response	1	5608672	4675	1
FM	306	Picture	11	5635663	0	1	3167	2	0	3000	other	0
FM	307	Response	1	5640859	1863	1
FM	308	Picture	21	5670495	0	1	3167	2	0	3000	other	0
FM	309	Response	2	5675545	1716	2
FM	310	Picture	11	5707994	0	1	3167	2	0	3000	other	0
FM	311	Response	1	5712577	1250	1
FM	312	Picture	20	5739660	0	1	3167	2	0	3000	other	0
FM	313	Response	2	5747577	4584	1
FM	314	Picture	11	5776992	0	1	3167	2	0	3000	other	0
FM	315	Response	1	5781482	1157	1
FM	316	Picture	10	5817158	0	1	3166	2	0	3000	other	0
FM	317	Response	2	5822420	1929	1
FM	318	Picture	20	5853490	0	1	3166	3	0	3000	other	0
FM	319	Response	1	5858044	1221	2
FM	320	Picture	21	5889489	0	1	3166	2	0	3000	other	0
FM	321	Response	2	5894450	1628	2
FM	322	Picture	10	5920821	0	1	3167	2	0	3000	other	0
FM	323	Response	1	5926637	2483	2
FM	324	Picture	21	5951154	0	1	3166	2	0	3000	other	0
FM	325	Response	2	5955700	1213	1
FM	326	Picture	20	5989486	0	1	3166	2	0	3000	other	0
FM	327	Response	2	5996793	3974	1
FM	328	Picture	21	6022485	0	1	3166	2	0	3000	other	0
FM	329	Response	2	6028355	2537	1
FM	330	Picture	21	6054317	0	1	3167	2	0	3000	other	0
FM	331	Response	2	6059136	1486	1
FM	332	Picture	21	6083983	0	1	3167	2	0	3000	other	0
FM	333	Response	2	6088198	882	1
FM	334	Picture	20	6121649	0	1	3166	2	0	3000	other	0
FM	335	Response	2	6125698	716	1
FM	336	Picture	20	6156981	0	1	3166	2	0	3000	other	0
FM	337	Response	1	6162885	2571	1
FM	338	Picture	20	6192146	0	1	3167	2	0	3000	other	0
FM	339	Response	2	6197416	1936	1
FM	340	Picture	21	6220646	0	1	3166	2	0	3000	other	0
FM	341	Response	2	6226166	2187	1
FM	342	Picture	21	6252811	0	1	3167	2	0	3000	other	0
FM	343	Response	2	6258822	2678	1
FM	344	Picture	10	6289977	0	1	3166	2	0	3000	other	0
FM	345	Response	1	6300384	7074	1
FM	346	Picture	10	6327309	0	1	3167	2	0	3000	other	0
FM	347	Response	2	6331946	1304	1
FM	348	Picture	21	6360975	0	1	3166	2	0	3000	other	0
FM	349	Response	2	6367258	2950	1
FM	350	Picture	10	6391807	0	1	3167	2	0	3000	other	0
FM	351	Response	2	6398115	2975	1
FM	352	Picture	21	6431973	0	1	3166	2	0	3000	other	0
FM	353	Response	2	6436789	1483	1
FM	354	Picture	10	6465305	0	1	3166	2	0	3000	other	0
FM	355	Response	2	6470695	2057	1
FM	356	Picture	10	6503970	0	1	3167	2	0	3000	other	0
FM	357	Response	1	6510753	3449	1
FM	358	Picture	11	6541136	0	1	3166	3	0	3000	other	0
FM	359	Response	1	6548194	3725	1
FM	360	Picture	21	6571468	0	1	3167	2	0	3000	other	0
FM	361	Response	2	6576944	2142	1
FM	362	Picture	10	6607801	0	1	3166	2	0	3000	other	0
FM	363	Response	1	6614912	3778	1
FM	364	Picture	11	6640966	0	1	3167	2	0	3000	other	0
FM	365	Response	1	6648505	4206	1
FM	366	Picture	21	6673132	0	1	3167	2	0	3000	other	0
FM	367	Response	2	6678349	1884	1
FM	368	Picture	10	6703798	0	1	3166	2	0	3000	other	0
FM	369	Response	1	6711786	4655	1
FM	370	Picture	21	6738963	0	1	3167	2	0	3000	other	0
FM	371	Response	2	6743504	1207	1
FM	372	Picture	10	6769629	0	1	3167	2	0	3000	other	0
FM	373	Response	2	6775223	2261	1
FM	373	Response	1	6776941	3979	2
FM	374	Picture	10	6801461	0	2	3167	3	0	3000	other	0
FM	375	Response	1	6806785	1990	1
FM	376	Picture	20	6833127	0	1	3167	2	0	3000	other	0
FM	377	Response	2	6841941	5481	1
FM	378	Picture	11	6865959	0	2	3167	3	0	3000	other	0
FM	379	Response	1	6871472	2179	1
FM	380	Picture	11	6904958	0	1	3167	2	0	3000	other	0
FM	381	Response	1	6910226	1934	1
FM	382	Picture	10	6933957	0	2	3167	3	0	3000	other	0
FM	383	Response	1	6941002	3711	1
FM	384	Picture	20	6963457	0	1	3166	2	0	3000	other	0
FM	385	Response	1	6968346	1556	1
FM	386	Picture	20	6999122	0	1	3167	2	0	3000	other	0
FM	387	Response	2	7007408	4953	1
FM	388	Picture	11	7028121	0	1	3167	2	0	3000	other	0
FM	389	Response	1	7035064	3609	1
FM	390	Picture	10	7059287	0	1	3167	2	0	3000	other	0
FM	391	Response	1	7067564	4944	1
FM	392	Picture	20	7094453	0	1	3166	2	0	3000	other	0
FM	393	Response	1	7100845	3059	1
FM	394	Picture	11	7133951	0	2	3167	3	0	3000	other	0
FM	395	Response	1	7140063	2778	1
FM	396	Picture	11	7174450	0	1	3167	2	0	3000	other	0
FM	397	Response	1	7181312	3529	1
FM	398	Picture	20	7209616	0	1	3166	2	0	3000	other	0
FM	399	Response	2	7216468	3519	1
FM	400	Picture	20	7244781	0	2	3167	3	0	3000	other	0
FM	401	Response	2	7252406	4291	1
FM	402	Picture	20	7277947	0	1	3167	2	0	3000	other	0
FM	403	Response	2	7284124	2844	1
FM	404	Picture	20	7310446	0	1	3167	2	0	3000	other	0
FM	405	Response	2	7315533	1754	1
FM	406	Picture	11	7345112	0	1	3166	2	0	3000	other	0
FM	407	Response	2	7351780	3335	1
FM	408	Picture	20	7380944	0	1	3167	2	0	3000	other	0
FM	409	Response	2	7389748	5471	1
FM	410	Picture	20	7421110	0	1	3166	2	0	3000	other	0
FM	411	Response	1	7424904	461	1
FM	412	Picture	11	7460942	0	1	3166	2	0	3000	other	0
FM	413	Response	2	7466309	2034	2
FM	414	Picture	10	7497774	0	1	3166	2	0	3000	other	0
FM	416	Picture	20	7530106	0	1	3167	2	0	3000	other	0
FM	417	Response	2	7536465	3026	1
FM	418	Picture	11	7566938	0	2	3167	3	0	3000	other	0
FM	419	Response	1	7572715	2443	1
FM	420	Picture	21	7599604	0	1	3167	2	0	3000	other	0
FM	421	Response	2	7605058	2121	1
FM	422	Picture	10	7634103	0	1	3167	2	0	3000	other	0
FM	423	Response	1	7641464	4028	1
FM	424	Picture	11	7668769	0	1	3166	2	0	3000	other	0
FM	425	Response	2	7677245	5143	1
FM	426	Picture	11	7705768	0	1	3166	2	0	3000	other	0
FM	427	Response	1	7710682	1581	1
FM	428	Picture	21	7744766	0	2	3167	3	0	3000	other	0
FM	429	Response	2	7749901	1801	1
FM	430	Picture	10	7778099	0	1	3166	2	0	3000	other	0
FM	431	Response	1	7784432	3000	1
FM	432	Picture	21	7807431	0	1	3167	2	0	3000	other	0
FM	433	Response	2	7813650	2886	2
FM	434	Picture	11	7837930	0	1	3167	2	0	3000	other	0
FM	435	Response	1	7845212	3948	1
FM	436	Picture	10	7876263	0	1	3166	2	0	3000	other	0
FM	437	Response	1	7881618	2022	1
FM	438	Picture	21	7908095	0	1	3166	3	0	3000	other	0
FM	439	Response	2	7914899	3471	1
FM	440	Picture	10	7947927	0	1	3167	2	0	3000	other	0
FM	441	Response	1	7954117	2857	1
FM	442	Picture	10	7985926	0	1	3166	2	0	3000	other	0
FM	443	Response	1	7993024	3765	1
FM	444	Picture	11	8021091	0	2	3167	3	0	3000	other	0
FM	445	Response	1	8026460	2035	1
FM	446	Picture	10	8049757	0	1	3167	2	0	3000	other	0
FM	447	Response	1	8055525	2434	1
FM	448	Picture	20	8082256	0	1	3167	2	0	3000	other	0
FM	449	Response	1	8086929	1339	1
FM	450	Picture	20	8112589	0	1	3166	2	0	3000	other	0
FM	451	Response	1	8120210	4288	1
FM	451	Response	2	8120992	5070	1
FM	452	Picture	10	8150254	0	1	3167	2	0	3000	other	0
FM	453	Response	1	8157084	3497	1
FM	454	Picture	20	8182420	0	1	3167	2	0	3000	other	0
FM	455	Response	2	8191459	5706	1
FM	456	Picture	10	8218252	0	1	3167	2	0	3000	other	0
FM	457	Response	1	8224740	3155	1
FM	458	Picture	21	8250418	0	1	3166	3	0	3000	other	0
FM	459	Response	2	8256458	2707	1
FM	460	Picture	10	8290250	0	1	3167	2	0	3000	other	0
FM	461	Response	1	8298177	4594	1
FM	462	Picture	10	8322249	0	1	3167	2	0	3000	other	0
FM	463	Response	1	8328489	2907	1
FM	464	Picture	21	8357415	0	1	3166	2	0	3000	other	0
FM	465	Response	2	8364158	3410	1
FM	466	Picture	11	8395247	0	1	3166	3	0	3000	other	0
FM	467	Response	2	8403644	5064	1
FM	468	Picture	10	8429079	0	1	3167	2	0	3000	other	0
FM	469	Response	1	8434113	1701	1
FM	470	Picture	20	8468578	0	1	3167	2	0	3000	other	0
FM	471	Response	2	8475989	4078	1
FM	472	Picture	21	8497910	0	2	3167	3	0	3000	other	0
FM	474	Picture	20	8527410	0	1	3166	2	0	3000	other	0
FM	475	Response	1	8533174	2431	1
FM	476	Picture	11	8556075	0	2	3167	3	0	3000	other	0
FM	477	Response	1	8562236	2827	1
FM	478	Picture	11	8584575	0	1	3166	2	0	3000	other	0
FM	479	Response	1	8590830	2922	1
FM	480	Picture	11	8619074	0	1	3166	2	0	3000	other	0
FM	481	Response	1	8624423	2016	1
FM	482	Picture	11	8655406	0	1	3166	2	0	3000	other	0
FM	483	Response	1	8660829	2090	1
FM	484	Picture	10	8692738	0	1	3167	2	0	3000	other	0
FM	485	Response	2	8699579	3508	1
FM	486	Picture	20	8730737	0	1	3166	2	0	3000	other	0
FM	487	Response	1	8737391	3321	1
FM	488	Picture	21	8769402	0	1	3167	2	0	3000	other	0
FM	489	Response	2	8774735	1999	1
FM	490	Picture	21	8799568	0	1	3167	2	0	3000	other	0
FM	491	Response	2	8805828	2927	1
FM	492	Picture	21	8834900	0	1	3167	2	0	3000	other	0
FM	493	Response	2	8840046	1812	1
FM	494	Picture	20	8869233	0	1	3166	2	0	3000	other	0
FM	496	Picture	11	8897732	0	1	3166	2	0	3000	other	0
FM	497	Response	1	8902702	1637	1
FM	498	Picture	21	8936397	0	1	3167	2	0	3000	other	0
FM	499	Response	2	8942545	2814	2
FM	500	Picture	10	8970063	0	1	3167	2	0	3000	other	0
FM	501	Response	1	8978951	5555	1
FM	502	Picture	20	9006395	0	1	3167	2	0	3000	other	0
FM	503	Response	2	9013794	4066	1
FM	504	Picture	11	9041728	0	1	3166	2	0	3000	other	0
FM	505	Response	1	9047544	2483	1
FM	506	Picture	10	9070727	0	1	3166	2	0	3000	other	0
FM	507	Response	1	9078950	4890	1
FM	508	Picture	21	9102892	0	1	3167	2	0	3000	other	0
FM	509	Response	2	9107231	1005	1
FM	510	Picture	21	9140558	0	1	3166	2	0	3000	other	0
FM	511	Response	2	9146449	2558	2
FM	512	Picture	10	9170224	0	1	3166	2	0	3000	other	0
FM	513	Response	1	9175824	2267	1
FM	514	Picture	21	9210389	0	1	3167	2	0	3000	other	0
FM	515	Response	2	9216449	2727	1
FM	516	Picture	21	9240722	0	1	3166	2	0	3000	other	0
FM	517	Response	2	9246136	2081	1
FM	518	Picture	11	9269887	0	1	3167	2	0	3000	other	0
FM	519	Response	1	9274885	1664	2
FM	520	Picture	21	9300220	0	1	3166	2	0	3000	other	0
FM	521	Response	2	9305666	2113	1
FM	522	Picture	21	9330386	0	1	3166	2	0	3000	other	0
FM	523	Response	2	9337697	3978	2
FM	524	Picture	20	9368384	0	1	3167	2	0	3000	other	0
FM	525	Response	1	9373322	1604	2
FM	526	Picture	11	9402717	0	1	3166	2	0	3000	other	0
FM	527	Response	2	9407540	1490	2
FM	528	Picture	10	9437049	0	1	3167	2	0	3000	other	0
FM	530	Picture	20	9472715	0	1	3166	2	0	3000	other	0
FM	531	Response	2	9479728	3680	1
FM	532	Picture	20	9509047	0	1	3166	2	0	3000	other	0
FM	533	Response	1	9514102	1722	1
FM	534	Picture	20	9547712	0	1	3167	2	0	3000	other	0
FM	535	Response	2	9553320	2274	1
FM	536	Picture	10	9583045	0	1	3166	2	0	3000	other	0
FM	537	Response	1	9590664	4286	1
FM	538	Picture	21	9621043	0	2	3167	3	0	3000	other	0
FM	539	Response	2	9627226	2849	1
FM	540	Picture	20	9651543	0	1	3166	2	0	3000	other	0
FM	541	Response	2	9658007	3131	1
FM	542	Picture	10	9688708	0	1	3167	2	0	3000	other	0
FM	544	Picture	11	9720874	0	1	3166	2	0	3000	other	0
FM	545	Response	1	9727069	2862	1
FM	546	Picture	11	9760539	0	1	3167	2	0	3000	other	0
FM	547	Response	2	9765193	1321	1
FM	548	Picture	10	9795872	0	1	3166	2	0	3000	other	0
FM	549	Response	1	9803162	3957	1
FM	550	Picture	10	9824537	0	1	3167	2	0	3000	other	0
FM	551	Response	1	9829724	1853	2
FM	552	Picture	10	9860036	0	1	3167	2	0	3000	other	0
FM	553	Response	1	9866130	2760	1
FM	554	Picture	21	9900202	0	1	3166	2	0	3000	other	0
FM	555	Response	2	9906286	2751	1
FM	556	Picture	11	9938201	0	1	3166	2	0	3000	other	0
FM	557	Response	1	9944410	2876	1
FM	558	Picture	21	9967700	0	1	3166	2	0	3000	other	0
FM	559	Response	2	9973941	2908	2
FM	560	Picture	20	10007365	0	1	3167	2	0	3000	other	0
FM	561	Response	2	10015034	4336	2
FM	562	Picture	11	10044197	0	2	3167	3	0	3000	other	0
FM	563	Response	1	10050347	2816	1
FM	564	Picture	21	10077530	0	1	3166	2	0	3000	other	0
FM	565	Response	2	10083471	2608	1
FM	566	Picture	21	10107862	0	1	3167	2	0	3000	other	0
FM	567	Response	2	10113315	2120	1
FM	568	Picture	10	10142694	0	2	3167	3	0	3000	other	0
FM	569	Response	1	10148002	1974	1
FM	570	Picture	10	10172694	0	1	3166	2	0	3000	other	0
FM	571	Response	1	10179720	3693	2
FM	572	Picture	10	10205026	0	1	3166	3	0	3000	other	0
FM	573	Response	1	10213314	4955	1
FM	574	Picture	21	10242858	0	1	3167	2	0	3000	other	0
FM	575	Response	2	10249720	3529	1
FM	576	Picture	20	10272024	0	1	3166	3	0	3000	other	0
FM	577	Response	1	10277532	2175	1
FM	578	Picture	21	10304190	0	1	3166	2	0	3000	other	0
FM	579	Response	2	10308469	946	2
FM	580	Picture	10	10344022	0	1	3166	2	0	3000	other	0
FM	581	Response	2	10348625	1270	1
FM	582	Picture	11	10378521	0	1	3166	2	0	3000	other	0
FM	583	Response	1	10383468	1614	1
FM	584	Picture	10	10411853	0	1	3167	2	0	3000	other	0
FM	585	Response	1	10418624	3438	2
FM	586	Picture	11	10447185	0	1	3167	2	0	3000	other	0
FM	587	Response	1	10453311	2792	1
FM	588	Picture	21	10477851	0	1	3167	2	0	3000	other	0
FM	589	Response	2	10484717	3533	1
FM	590	Picture	20	10513183	0	1	3167	2	0	3000	other	0
FM	591	Response	1	10521436	4919	1
FM	592	Picture	21	10552182	0	1	3167	2	0	3000	other	0
FM	593	Response	2	10557060	1545	2
FM	594	Picture	10	10583681	0	1	3167	2	0	3000	other	0
FM	596	Picture	10	10624180	0	1	3167	2	0	3000	other	0
FM	597	Response	1	10630189	2676	1
FM	598	Picture	20	10656346	0	1	3166	2	0	3000	other	0
FM	599	Response	2	10665184	5505	2
FM	600	Picture	10	10695345	0	1	3166	2	0	3000	other	0
FM	601	Response	1	10702528	3850	1
FM	602	Picture	21	10735343	0	1	3167	2	0	3000	other	0
FM	603	Response	2	10740652	1975	1
FM	604	Response	1	10821276	47934	2


Event Type	Code	Type	Response	RT	RT Uncertainty	Time	Uncertainty	Duration	Uncertainty	ReqTime	ReqDur

Picture	10	other				10499	1	3166	2	0	3000
Picture	11	other				44331	1	3167	2	0	3000
Picture	11	other				83830	1	3166	2	0	3000
Picture	20	other				116662	1	3167	2	0	3000
Picture	10	other				148328	1	3166	3	0	3000
Picture	21	other				181827	1	3166	3	0	3000
Picture	10	other				214159	1	3167	2	0	3000
Picture	11	other				253158	1	3167	2	0	3000
Picture	11	other				287490	1	3167	2	0	3000
Picture	10	other				318323	1	3166	2	0	3000
Picture	11	other				347822	1	3166	3	0	3000
Picture	21	other				377488	1	3166	2	0	3000
Picture	10	other				413320	1	3167	2	0	3000
Picture	20	other				452152	1	3167	2	0	3000
Picture	20	other				484818	1	3166	2	0	3000
Picture	20	other				520483	2	3167	3	0	3000
Picture	10	other				552316	1	3166	2	0	3000
Picture	21	other				582648	1	3167	2	0	3000
Picture	10	other				621314	1	3166	2	0	3000
Picture	10	other				656979	1	3167	2	0	3000
Picture	10	other				695478	1	3167	2	0	3000
Picture	11	other				725644	1	3166	3	0	3000
Picture	21	other				756476	1	3167	2	0	3000
Picture	10	other				795142	1	3166	2	0	3000
Picture	10	other				828641	1	3166	2	0	3000
Picture	10	other				867140	1	3166	2	0	3000
Picture	20	other				898305	1	3167	2	0	3000
Picture	10	other				932638	1	3166	2	0	3000
Picture	11	other				972970	1	3166	2	0	3000
Picture	21	other				1009635	1	3167	2	0	3000
Picture	11	other				1041468	1	3166	2	0	3000
Picture	10	other				1077467	1	3166	2	0	3000
Picture	11	other				1112799	1	3167	2	0	3000
Picture	20	other				1147465	1	3166	2	0	3000
Picture	21	other				1186463	1	3167	2	0	3000
Picture	21	other				1223462	1	3167	2	0	3000
Picture	10	other				1256295	1	3166	2	0	3000
Picture	20	other				1291627	1	3166	3	0	3000
Picture	21	other				1327459	1	3167	2	0	3000
Picture	21	other				1361291	2	3167	3	0	3000
Picture	20	other				1400624	1	3166	2	0	3000
Picture	21	other				1440122	2	3167	3	0	3000
Picture	11	other				1470788	1	3167	2	0	3000
Picture	21	other				1503121	1	3166	2	0	3000
Picture	21	other				1539786	1	3167	2	0	3000
Picture	20	other				1578118	1	3167	2	0	3000
Picture	10	other				1613117	1	3167	2	0	3000
Picture	21	other				1643616	1	3167	2	0	3000
Picture	11	other				1677615	2	3167	3	0	3000
Picture	10	other				1717447	2	3167	3	0	3000
Picture	20	other				1745947	1	3166	2	0	3000
Picture	11	other				1777946	1	3166	2	0	3000
Picture	10	other				1809278	1	3167	2	0	3000
Picture	10	other				1847277	1	3166	2	0	3000
Picture	21	other				1883609	1	3167	2	0	3000
Picture	10	other				1915442	1	3166	2	0	3000
Picture	10	other				1951107	1	3167	2	0	3000
Picture	20	other				1980106	1	3167	2	0	3000
Picture	21	other				2017105	1	3167	2	0	3000
Picture	20	other				2056937	1	3167	2	0	3000
Picture	11	other				2088603	1	3167	2	0	3000
Picture	20	other				2126935	1	3167	2	0	3000
Picture	10	other				2163267	1	3167	2	0	3000
Picture	11	other				2200766	1	3167	2	0	3000
Picture	20	other				2232599	1	3166	2	0	3000
Picture	21	other				2266098	1	3166	2	0	3000
Picture	21	other				2305596	2	3167	3	0	3000
Picture	21	other				2340429	1	3166	2	0	3000
Picture	21	other				2380261	1	3166	2	0	3000
Picture	10	other				2409927	1	3166	2	0	3000
Picture	20	other				2443759	1	3167	2	0	3000
Picture	10	other				2482591	1	3167	2	0	3000
Picture	10	other				2518590	1	3167	2	0	3000
Picture	10	other				2554089	1	3167	2	0	3000
Picture	21	other				2589255	1	3166	2	0	3000
Picture	11	other				2625587	1	3166	2	0	3000
Picture	21	other				2654919	1	3167	2	0	3000
Picture	20	other				2695085	1	3166	2	0	3000
Picture	20	other				2724917	1	3167	2	0	3000
Picture	11	other				2756083	1	3166	3	0	3000
Picture	10	other				2793915	1	3167	2	0	3000
Picture	11	other				2822414	1	3167	2	0	3000
Picture	11	other				2856747	1	3166	2	0	3000
Picture	11	other				2890412	1	3167	2	0	3000
Picture	10	other				2923411	1	3167	2	0	3000
Picture	20	other				2958244	1	3166	2	0	3000
Picture	10	other				2989076	1	3166	3	0	3000
Picture	21	other				3023908	1	3167	2	0	3000
Picture	21	other				3054074	1	3167	2	0	3000
Picture	20	other				3088740	1	3166	2	0	3000
Picture	10	other				3118405	1	3167	2	0	3000
Picture	10	other				3158404	1	3167	2	0	3000
Picture	20	other				3189570	1	3166	3	0	3000
Picture	20	other				3220736	1	3166	2	0	3000
Picture	11	other				3251235	1	3166	2	0	3000
Picture	10	other				3285734	1	3166	2	0	3000
Picture	20	other				3321899	1	3167	2	0	3000
Picture	11	other				3352565	1	3167	2	0	3000
Picture	21	other				3387064	1	3167	2	0	3000
Picture	21	other				3417230	1	3166	2	0	3000
Picture	11	other				3446896	1	3166	2	0	3000
Picture	21	other				3483061	1	3167	2	0	3000
Picture	21	other				3523393	1	3167	2	0	3000
Picture	10	other				3560559	1	3166	2	0	3000
Picture	21	other				3595224	1	3167	2	0	3000
Picture	20	other				3633223	1	3167	2	0	3000
Picture	10	other				3663222	1	3167	2	0	3000
Picture	10	other				3697388	1	3167	2	0	3000
Picture	10	other				3728220	1	3167	2	0	3000
Picture	11	other				3764553	1	3166	2	0	3000
Picture	11	other				3795718	1	3167	2	0	3000
Picture	10	other				3834717	1	3167	2	0	3000
Picture	21	other				3867216	1	3167	2	0	3000
Picture	10	other				3899549	1	3166	2	0	3000
Picture	10	other				3928048	1	3166	2	0	3000
Picture	10	other				3960547	1	3166	2	0	3000
Picture	21	other				3993879	1	3167	2	0	3000
Picture	11	other				4033545	1	3166	2	0	3000
Picture	21	other				4073210	1	3167	2	0	3000
Picture	20	other				4105376	1	3166	2	0	3000
Picture	11	other				4139041	1	3167	2	0	3000
Picture	20	other				4172374	1	3166	2	0	3000
Picture	21	other				4206373	1	3166	2	0	3000
Picture	10	other				4236538	2	3167	3	0	3000
Picture	11	other				4265204	1	3167	2	0	3000
Picture	11	other				4297203	1	3167	2	0	3000
Picture	11	other				4332036	1	3166	2	0	3000
Picture	20	other				4363868	1	3167	2	0	3000
Picture	21	other				4396367	1	3167	2	0	3000
Picture	11	other				4426366	1	3167	2	0	3000
Picture	20	other				4457865	1	3167	2	0	3000
Picture	21	other				4488364	1	3167	2	0	3000
Picture	10	other				4522530	1	3166	2	0	3000
Picture	11	other				4556362	1	3167	2	0	3000
Picture	11	other				4592694	2	3167	3	0	3000
Picture	11	other				4627027	1	3166	2	0	3000
Picture	21	other				4658026	1	3166	2	0	3000
Picture	20	other				4687525	1	3166	3	0	3000
Picture	20	other				4724690	2	3167	3	0	3000
Picture	20	other				4756023	1	3166	2	0	3000
Picture	11	other				4796355	1	3167	2	0	3000
Picture	20	other				4833687	1	3167	2	0	3000
Picture	21	other				4867853	1	3166	2	0	3000
Picture	20	other				4896685	1	3167	2	0	3000
Picture	11	other				4933184	1	3167	2	0	3000
Picture	11	other				4972016	1	3167	2	0	3000
Picture	21	other				5012182	1	3166	2	0	3000
Picture	20	other				5042848	1	3166	2	0	3000
Picture	21	other				5080846	2	3167	3	0	3000
Picture	21	other				5117345	1	3167	2	0	3000
Picture	11	other				5600664	1	3167	2	0	3000
Picture	11	other				5635663	1	3167	2	0	3000
Picture	21	other				5670495	1	3167	2	0	3000
Picture	11	other				5707994	1	3167	2	0	3000
Picture	20	other				5739660	1	3167	2	0	3000
Picture	11	other				5776992	1	3167	2	0	3000
Picture	10	other				5817158	1	3166	2	0	3000
Picture	20	other				5853490	1	3166	3	0	3000
Picture	21	other				5889489	1	3166	2	0	3000
Picture	10	other				5920821	1	3167	2	0	3000
Picture	21	other				5951154	1	3166	2	0	3000
Picture	20	other				5989486	1	3166	2	0	3000
Picture	21	other				6022485	1	3166	2	0	3000
Picture	21	other				6054317	1	3167	2	0	3000
Picture	21	other				6083983	1	3167	2	0	3000
Picture	20	other				6121649	1	3166	2	0	3000
Picture	20	other				6156981	1	3166	2	0	3000
Picture	20	other				6192146	1	3167	2	0	3000
Picture	21	other				6220646	1	3166	2	0	3000
Picture	21	other				6252811	1	3167	2	0	3000
Picture	10	other				6289977	1	3166	2	0	3000
Picture	10	other				6327309	1	3167	2	0	3000
Picture	21	other				6360975	1	3166	2	0	3000
Picture	10	other				6391807	1	3167	2	0	3000
Picture	21	other				6431973	1	3166	2	0	3000
Picture	10	other				6465305	1	3166	2	0	3000
Picture	10	other				6503970	1	3167	2	0	3000
Picture	11	other				6541136	1	3166	3	0	3000
Picture	21	other				6571468	1	3167	2	0	3000
Picture	10	other				6607801	1	3166	2	0	3000
Picture	11	other				6640966	1	3167	2	0	3000
Picture	21	other				6673132	1	3167	2	0	3000
Picture	10	other				6703798	1	3166	2	0	3000
Picture	21	other				6738963	1	3167	2	0	3000
Picture	10	other				6769629	1	3167	2	0	3000
Picture	10	other				6801461	2	3167	3	0	3000
Picture	20	other				6833127	1	3167	2	0	3000
Picture	11	other				6865959	2	3167	3	0	3000
Picture	11	other				6904958	1	3167	2	0	3000
Picture	10	other				6933957	2	3167	3	0	3000
Picture	20	other				6963457	1	3166	2	0	3000
Picture	20	other				6999122	1	3167	2	0	3000
Picture	11	other				7028121	1	3167	2	0	3000
Picture	10	other				7059287	1	3167	2	0	3000
Picture	20	other				7094453	1	3166	2	0	3000
Picture	11	other				7133951	2	3167	3	0	3000
Picture	11	other				7174450	1	3167	2	0	3000
Picture	20	other				7209616	1	3166	2	0	3000
Picture	20	other				7244781	2	3167	3	0	3000
Picture	20	other				7277947	1	3167	2	0	3000
Picture	20	other				7310446	1	3167	2	0	3000
Picture	11	other				7345112	1	3166	2	0	3000
Picture	20	other				7380944	1	3167	2	0	3000
Picture	20	other				7421110	1	3166	2	0	3000
Picture	11	other				7460942	1	3166	2	0	3000
Picture	10	other				7497774	1	3166	2	0	3000
Picture	20	other				7530106	1	3167	2	0	3000
Picture	11	other				7566938	2	3167	3	0	3000
Picture	21	other				7599604	1	3167	2	0	3000
Picture	10	other				7634103	1	3167	2	0	3000
Picture	11	other				7668769	1	3166	2	0	3000
Picture	11	other				7705768	1	3166	2	0	3000
Picture	21	other				7744766	2	3167	3	0	3000
Picture	10	other				7778099	1	3166	2	0	3000
Picture	21	other				7807431	1	3167	2	0	3000
Picture	11	other				7837930	1	3167	2	0	3000
Picture	10	other				7876263	1	3166	2	0	3000
Picture	21	other				7908095	1	3166	3	0	3000
Picture	10	other				7947927	1	3167	2	0	3000
Picture	10	other				7985926	1	3166	2	0	3000
Picture	11	other				8021091	2	3167	3	0	3000
Picture	10	other				8049757	1	3167	2	0	3000
Picture	20	other				8082256	1	3167	2	0	3000
Picture	20	other				8112589	1	3166	2	0	3000
Picture	10	other				8150254	1	3167	2	0	3000
Picture	20	other				8182420	1	3167	2	0	3000
Picture	10	other				8218252	1	3167	2	0	3000
Picture	21	other				8250418	1	3166	3	0	3000
Picture	10	other				8290250	1	3167	2	0	3000
Picture	10	other				8322249	1	3167	2	0	3000
Picture	21	other				8357415	1	3166	2	0	3000
Picture	11	other				8395247	1	3166	3	0	3000
Picture	10	other				8429079	1	3167	2	0	3000
Picture	20	other				8468578	1	3167	2	0	3000
Picture	21	other				8497910	2	3167	3	0	3000
Picture	20	other				8527410	1	3166	2	0	3000
Picture	11	other				8556075	2	3167	3	0	3000
Picture	11	other				8584575	1	3166	2	0	3000
Picture	11	other				8619074	1	3166	2	0	3000
Picture	11	other				8655406	1	3166	2	0	3000
Picture	10	other				8692738	1	3167	2	0	3000
Picture	20	other				8730737	1	3166	2	0	3000
Picture	21	other				8769402	1	3167	2	0	3000
Picture	21	other				8799568	1	3167	2	0	3000
Picture	21	other				8834900	1	3167	2	0	3000
Picture	20	other				8869233	1	3166	2	0	3000
Picture	11	other				8897732	1	3166	2	0	3000
Picture	21	other				8936397	1	3167	2	0	3000
Picture	10	other				8970063	1	3167	2	0	3000
Picture	20	other				9006395	1	3167	2	0	3000
Picture	11	other				9041728	1	3166	2	0	3000
Picture	10	other				9070727	1	3166	2	0	3000
Picture	21	other				9102892	1	3167	2	0	3000
Picture	21	other				9140558	1	3166	2	0	3000
Picture	10	other				9170224	1	3166	2	0	3000
Picture	21	other				9210389	1	3167	2	0	3000
Picture	21	other				9240722	1	3166	2	0	3000
Picture	11	other				9269887	1	3167	2	0	3000
Picture	21	other				9300220	1	3166	2	0	3000
Picture	21	other				9330386	1	3166	2	0	3000
Picture	20	other				9368384	1	3167	2	0	3000
Picture	11	other				9402717	1	3166	2	0	3000
Picture	10	other				9437049	1	3167	2	0	3000
Picture	20	other				9472715	1	3166	2	0	3000
Picture	20	other				9509047	1	3166	2	0	3000
Picture	20	other				9547712	1	3167	2	0	3000
Picture	10	other				9583045	1	3166	2	0	3000
Picture	21	other				9621043	2	3167	3	0	3000
Picture	20	other				9651543	1	3166	2	0	3000
Picture	10	other				9688708	1	3167	2	0	3000
Picture	11	other				9720874	1	3166	2	0	3000
Picture	11	other				9760539	1	3167	2	0	3000
Picture	10	other				9795872	1	3166	2	0	3000
Picture	10	other				9824537	1	3167	2	0	3000
Picture	10	other				9860036	1	3167	2	0	3000
Picture	21	other				9900202	1	3166	2	0	3000
Picture	11	other				9938201	1	3166	2	0	3000
Picture	21	other				9967700	1	3166	2	0	3000
Picture	20	other				10007365	1	3167	2	0	3000
Picture	11	other				10044197	2	3167	3	0	3000
Picture	21	other				10077530	1	3166	2	0	3000
Picture	21	other				10107862	1	3167	2	0	3000
Picture	10	other				10142694	2	3167	3	0	3000
Picture	10	other				10172694	1	3166	2	0	3000
Picture	10	other				10205026	1	3166	3	0	3000
Picture	21	other				10242858	1	3167	2	0	3000
Picture	20	other				10272024	1	3166	3	0	3000
Picture	21	other				10304190	1	3166	2	0	3000
Picture	10	other				10344022	1	3166	2	0	3000
Picture	11	other				10378521	1	3166	2	0	3000
Picture	10	other				10411853	1	3167	2	0	3000
Picture	11	other				10447185	1	3167	2	0	3000
Picture	21	other				10477851	1	3167	2	0	3000
Picture	20	other				10513183	1	3167	2	0	3000
Picture	21	other				10552182	1	3167	2	0	3000
Picture	10	other				10583681	1	3167	2	0	3000
Picture	10	other				10624180	1	3167	2	0	3000
Picture	20	other				10656346	1	3166	2	0	3000
Picture	10	other				10695345	1	3166	2	0	3000
Picture	21	other				10735343	1	3167	2	0	3000
