Scenario - EFT rapido Abril 2011
Logfile written - 09/07/2012 14:10:27

Subject	Trial	Event Type	Code	Time	TTime	Uncertainty	Duration	Uncertainty	ReqTime	ReqDur	Stim Type	Pair Index

FM	2	Picture	10	10499	0	1	3166	2	0	3000	other	0
FM	3	Response	1	18323	4491	1
FM	4	Picture	20	21832	0	1	3166	2	0	3000	other	0
FM	5	Response	2	28479	3314	1
FM	6	Picture	11	32331	0	1	3167	2	0	3000	other	0
FM	7	Response	1	37775	2110	2
FM	8	Picture	20	42164	0	2	3167	3	0	3000	other	0
FM	9	Response	2	47229	1731	1
FM	10	Picture	21	51331	0	1	3166	2	0	3000	other	0
FM	11	Response	2	58635	3971	1
FM	12	Picture	20	62497	0	1	3167	2	0	3000	other	0
FM	13	Response	2	66916	1086	1
FM	14	Picture	11	72830	0	1	3167	2	0	3000	other	0
FM	15	Response	1	77385	1222	1
FM	16	Picture	20	82163	0	1	3167	2	0	3000	other	0
FM	17	Response	2	87541	2045	1
FM	18	Picture	21	93496	0	1	3167	2	0	3000	other	0
FM	19	Response	2	99103	2274	1
FM	20	Picture	20	101996	0	1	3167	2	0	3000	other	0
FM	21	Response	2	107541	2212	1
FM	22	Picture	10	112829	0	1	3167	2	0	3000	other	0
FM	23	Response	1	120978	4816	2
FM	24	Picture	21	123829	0	1	3166	2	0	3000	other	0
FM	25	Response	2	128478	1316	1
FM	26	Picture	10	134162	0	1	3166	2	0	3000	other	0
FM	27	Response	1	139730	2235	1
FM	28	Picture	10	143995	0	1	3166	2	0	3000	other	0
FM	29	Response	1	150978	3650	1
FM	30	Picture	20	155161	0	1	3167	2	0	3000	other	0
FM	31	Response	2	160040	1546	1
FM	32	Picture	11	164494	0	1	3167	2	0	3000	other	0
FM	33	Response	1	169103	1276	1
FM	34	Picture	20	173160	0	2	3167	3	0	3000	other	0
FM	35	Response	2	178634	2140	1
FM	36	Picture	10	183160	0	1	3167	2	0	3000	other	0
FM	37	Response	1	187853	1360	1
FM	38	Picture	11	192660	0	1	3166	3	0	3000	other	0
FM	39	Response	2	196918	925	1
FM	40	Picture	10	202493	0	1	3167	2	0	3000	other	0
FM	41	Response	1	206290	464	1
FM	42	Picture	21	211993	0	1	3166	2	0	3000	other	0
FM	43	Response	2	217384	2058	1
FM	44	Picture	20	222326	0	1	3166	2	0	3000	other	0
FM	45	Response	1	227071	1412	1
FM	46	Picture	21	231159	0	1	3166	2	0	3000	other	0
FM	47	Response	2	236602	2110	1
FM	48	Picture	20	242492	0	1	3166	2	0	3000	other	0
FM	49	Response	2	249883	4058	1
FM	50	Picture	10	252491	0	2	3167	3	0	3000	other	0
FM	51	Response	1	258946	3121	1
FM	52	Picture	20	263658	0	1	3166	2	0	3000	other	0
FM	53	Response	2	269102	2111	1
FM	54	Picture	20	273491	0	1	3166	2	0	3000	other	0
FM	55	Response	2	278789	1965	2
FM	56	Picture	11	283990	0	2	3167	3	0	3000	other	0
FM	57	Response	1	289883	2559	1
FM	58	Picture	20	293824	0	1	3166	2	0	3000	other	0
FM	59	Response	2	299416	2259	1
FM	60	Picture	20	303823	0	1	3167	2	0	3000	other	0
FM	61	Response	2	310976	3820	2
FM	62	Picture	11	312490	0	1	3166	2	0	3000	other	0
FM	63	Response	1	318320	2497	1
FM	64	Picture	21	321989	0	1	3167	2	0	3000	other	0
FM	65	Response	2	330039	4716	1
FM	66	Picture	11	333322	0	1	3167	2	0	3000	other	0
FM	67	Response	1	338945	2289	1
FM	68	Picture	10	342489	0	1	3166	2	0	3000	other	0
FM	69	Response	1	352226	6404	1
FM	70	Picture	11	353322	0	1	3166	2	0	3000	other	0
FM	71	Response	1	362382	5727	1
FM	72	Picture	21	364321	0	2	3167	3	0	3000	other	0
FM	73	Response	2	369569	1914	1
FM	74	Picture	21	373154	0	2	3167	3	0	3000	other	0
FM	75	Response	2	378320	1832	1
FM	76	Picture	20	383987	0	2	3167	3	0	3000	other	0
FM	77	Response	1	390507	3186	1
FM	78	Picture	20	394154	0	1	3166	2	0	3000	other	0
FM	79	Response	2	398788	1301	1
FM	80	Picture	20	403487	0	1	3166	3	0	3000	other	0
FM	81	Response	2	408788	1968	1
FM	82	Picture	20	412653	0	1	3167	2	0	3000	other	0
FM	83	Response	2	418476	2489	1
FM	84	Picture	21	421486	0	1	3167	2	0	3000	other	0
FM	85	Response	2	428944	4124	1
FM	86	Picture	10	432486	0	1	3167	2	0	3000	other	0
FM	87	Response	1	439569	3750	1
FM	88	Picture	11	443486	0	1	3166	2	0	3000	other	0
FM	89	Response	1	448788	1969	1
FM	90	Picture	10	452319	0	1	3166	2	0	3000	other	0
FM	91	Response	2	459727	4075	2
FM	92	Picture	21	462985	0	1	3167	2	0	3000	other	0
FM	93	Response	1	468787	2469	2
FM	94	Picture	21	472651	0	2	3167	3	0	3000	other	0
FM	94	Response	2	474568	1917	1
FM	96	Picture	21	483484	0	2	3167	3	0	3000	other	0
FM	97	Response	2	488162	1344	1
FM	98	Picture	20	494651	0	1	3166	2	0	3000	other	0
FM	99	Response	2	502693	4709	1
FM	100	Picture	20	505484	0	1	3166	2	0	3000	other	0
FM	101	Response	2	511756	2939	1
FM	102	Picture	11	514484	0	1	3166	2	0	3000	other	0
FM	103	Response	1	522224	4407	1
FM	104	Picture	11	525817	0	1	3166	2	0	3000	other	0
FM	105	Response	1	531287	2137	1
FM	106	Picture	11	535150	0	1	3166	2	0	3000	other	0
FM	107	Response	1	542537	4054	1
FM	108	Picture	20	545816	0	1	3167	2	0	3000	other	0
FM	109	Response	2	551911	2762	2
FM	110	Picture	20	556982	0	1	3167	2	0	3000	other	0
FM	111	Response	2	563943	3628	1
FM	112	Picture	21	566815	0	1	3167	2	0	3000	other	0
FM	113	Response	2	574098	3949	2
FM	114	Picture	10	576148	0	1	3167	2	0	3000	other	0
FM	116	Picture	11	584815	0	1	3166	2	0	3000	other	0
FM	116	Response	1	585818	1003	1
FM	118	Picture	11	593314	0	2	3167	3	0	3000	other	0
FM	118	Response	1	595661	2347	1
FM	120	Picture	11	603481	0	1	3166	2	0	3000	other	0
FM	121	Response	1	607536	722	1
FM	122	Picture	10	614481	0	1	3166	2	0	3000	other	0
FM	123	Response	1	618317	503	1
FM	124	Picture	21	623647	0	1	3166	3	0	3000	other	0
FM	125	Response	2	632067	5087	1
FM	126	Picture	10	634147	0	1	3166	2	0	3000	other	0
FM	127	Response	2	641442	3962	1
FM	128	Picture	21	644980	0	1	3166	2	0	3000	other	0
FM	129	Response	2	653004	4691	2
FM	130	Picture	11	653646	0	1	3167	2	0	3000	other	0
FM	131	Response	1	660973	3994	1
FM	132	Picture	20	662812	0	1	3167	2	0	3000	other	0
FM	133	Response	2	668941	2795	1
FM	134	Picture	11	671312	0	1	3167	2	0	3000	other	0
FM	135	Response	1	676754	2109	1
FM	136	Picture	11	679979	0	1	3166	2	0	3000	other	0
FM	137	Response	1	687067	3755	1
FM	138	Picture	10	689145	0	1	3167	2	0	3000	other	0
FM	139	Response	1	699097	6619	1
FM	140	Picture	20	699811	0	1	3167	2	0	3000	other	0
FM	141	Response	2	707847	4702	1
FM	142	Picture	21	709978	0	1	3166	2	0	3000	other	0
FM	143	Response	2	719098	5787	1
FM	144	Picture	20	719977	0	1	3167	2	0	3000	other	0
FM	146	Picture	10	730644	0	1	3166	2	0	3000	other	0
FM	147	Response	1	737691	3714	1
FM	148	Picture	11	739477	0	1	3166	2	0	3000	other	0
FM	149	Response	2	745347	2537	1
FM	150	Picture	20	749143	0	1	3167	2	0	3000	other	0
FM	151	Response	2	757222	4746	1
FM	152	Picture	10	759809	0	2	3167	3	0	3000	other	0
FM	153	Response	1	765972	2829	1
FM	154	Picture	11	769976	0	1	3166	2	0	3000	other	0
FM	155	Response	1	777534	4225	1
FM	156	Picture	20	780142	0	1	3167	2	0	3000	other	0
FM	157	Response	2	789565	6090	1
FM	158	Picture	21	790975	0	1	3167	2	0	3000	other	0
FM	160	Picture	10	801475	0	1	3166	3	0	3000	other	0
FM	161	Response	1	809878	5070	1
FM	162	Picture	11	811308	0	1	3167	2	0	3000	other	0
FM	163	Response	1	820815	6174	1
FM	164	Picture	10	821474	0	1	3167	2	0	3000	other	0
FM	166	Picture	11	830141	0	1	3166	2	0	3000	other	0
FM	167	Response	1	834412	938	1
FM	168	Picture	10	838974	0	1	3166	2	0	3000	other	0
FM	169	Response	1	843940	1633	1
FM	170	Picture	10	849473	0	2	3167	3	0	3000	other	0
FM	171	Response	1	854409	1602	1
FM	172	Picture	20	860306	0	2	3167	3	0	3000	other	0
FM	173	Response	2	866596	2956	1
FM	174	Picture	11	869806	0	1	3167	2	0	3000	other	0
FM	175	Response	1	876283	3144	2
FM	176	Picture	11	878973	0	1	3166	2	0	3000	other	0
FM	178	Picture	21	887972	0	1	3167	2	0	3000	other	0
FM	179	Response	1	891752	446	1
FM	180	Picture	21	899305	0	1	3167	2	0	3000	other	0
FM	181	Response	2	904721	2082	1
FM	182	Picture	11	909472	0	1	3166	2	0	3000	other	0
FM	183	Response	1	915971	3166	1
FM	184	Picture	20	919138	0	1	3167	2	0	3000	other	0
FM	185	Response	2	925189	2718	1
FM	186	Picture	21	927804	0	2	3167	3	0	3000	other	0
FM	188	Picture	21	936304	0	1	3167	2	0	3000	other	0
FM	189	Response	2	943470	3833	1
FM	190	Picture	11	946971	0	1	3166	2	0	3000	other	0
FM	191	Response	1	953158	2854	1
FM	192	Picture	21	957304	0	1	3166	2	0	3000	other	0
FM	193	Response	2	963158	2521	1
FM	194	Picture	11	966803	0	1	3167	2	0	3000	other	0
FM	195	Response	1	972220	2083	1
FM	196	Picture	11	977970	0	1	3166	2	0	3000	other	0
FM	197	Response	2	982220	917	1
FM	198	Picture	10	986469	0	1	3167	2	0	3000	other	0
FM	199	Response	1	995970	6167	1
FM	200	Picture	11	997469	0	1	3167	2	0	3000	other	0
FM	202	Picture	11	1008635	0	1	3167	2	0	3000	other	0
FM	203	Response	1	1012376	407	1
FM	204	Picture	11	1018802	0	1	3166	2	0	3000	other	0
FM	205	Response	1	1023470	1335	1
FM	206	Picture	21	1027301	0	2	3167	3	0	3000	other	0
FM	207	Response	2	1032844	2209	2
FM	208	Picture	20	1036468	0	1	3166	2	0	3000	other	0
FM	209	Response	1	1043313	3512	1
FM	210	Picture	10	1046134	0	1	3167	2	0	3000	other	0
FM	212	Picture	20	1056467	0	1	3167	2	0	3000	other	0
FM	214	Picture	21	1065800	0	1	3167	2	0	3000	other	0
FM	215	Response	2	1069408	274	1
FM	216	Picture	21	1077133	0	1	3167	2	0	3000	other	0
FM	217	Response	2	1081750	1283	1
FM	218	Picture	20	1087633	0	1	3167	2	0	3000	other	0
FM	219	Response	2	1094719	3753	1
FM	220	Picture	20	1097966	0	1	3167	2	0	3000	other	0
FM	221	Response	2	1105968	4669	2
FM	222	Picture	10	1106966	0	1	3166	2	0	3000	other	0
FM	223	Response	1	1114250	3951	1
FM	224	Picture	10	1116132	0	1	3167	2	0	3000	other	0
FM	225	Response	1	1122843	3378	2
FM	226	Picture	20	1126298	0	2	3167	3	0	3000	other	0
FM	227	Response	2	1133156	3524	1
FM	228	Picture	10	1135465	0	1	3166	2	0	3000	other	0
FM	229	Response	1	1143156	4358	1
FM	230	Picture	10	1144465	0	1	3166	2	0	3000	other	0
FM	232	Picture	11	1155631	0	1	3166	3	0	3000	other	0
FM	233	Response	1	1160187	1223	1
FM	234	Picture	10	1166964	0	1	3166	3	0	3000	other	0
FM	235	Response	1	1174718	4421	1
FM	236	Picture	11	1175630	0	1	3167	2	0	3000	other	0
FM	237	Response	1	1186905	7941	1
FM	238	Picture	10	1186963	0	1	3167	2	0	3000	other	0
FM	240	Picture	21	1196296	0	1	3167	2	0	3000	other	0
FM	241	Response	2	1202842	3212	2
FM	242	Picture	20	1205796	0	1	3167	2	0	3000	other	0
FM	244	Picture	10	1214462	0	2	3167	3	0	3000	other	0
FM	244	Response	2	1217530	3068	1
FM	246	Picture	11	1225629	0	1	3166	2	0	3000	other	0
FM	246	Response	1	1226436	807	1
FM	248	Picture	11	1234962	0	1	3166	2	0	3000	other	0
FM	249	Response	1	1242842	4547	2
FM	250	Picture	21	1245128	0	1	3167	2	0	3000	other	0
FM	251	Response	2	1252061	3600	1
FM	252	Picture	20	1254628	0	1	3167	2	0	3000	other	0
FM	253	Response	2	1263623	5662	1
FM	254	Picture	10	1264294	0	1	3167	2	0	3000	other	0
FM	255	Response	1	1272686	5058	1
FM	256	Picture	10	1273794	0	1	3167	2	0	3000	other	0
FM	258	Picture	20	1283960	0	1	3167	2	0	3000	other	0
FM	259	Response	2	1289092	1798	1
FM	260	Picture	10	1292960	0	1	3167	2	0	3000	other	0
FM	261	Response	1	1300654	4361	2
FM	262	Picture	21	1303126	0	2	3167	3	0	3000	other	0
FM	263	Response	2	1311591	5131	2
FM	264	Picture	20	1314459	0	2	3167	3	0	3000	other	0
FM	265	Response	1	1320654	2861	1
FM	266	Picture	11	1324792	0	2	3167	3	0	3000	other	0
FM	267	Response	2	1330185	2059	2
FM	268	Picture	10	1333459	0	1	3166	3	0	3000	other	0
FM	270	Picture	11	1343125	0	1	3167	2	0	3000	other	0
FM	270	Response	1	1343310	185	1
FM	272	Picture	20	1354292	0	1	3166	2	0	3000	other	0
FM	273	Response	2	1360498	2873	1
FM	274	Picture	10	1365458	0	1	3167	2	0	3000	other	0
FM	275	Response	1	1371122	2331	1
FM	276	Picture	21	1376124	0	1	3167	2	0	3000	other	0
FM	277	Response	2	1381435	1977	1
FM	278	Picture	11	1384791	0	1	3166	2	0	3000	other	0
FM	279	Response	1	1391122	2998	1
FM	280	Picture	10	1393457	0	1	3167	2	0	3000	other	0
FM	282	Picture	21	1403457	0	1	3166	2	0	3000	other	0
FM	283	Response	2	1411122	4332	1
FM	284	Picture	20	1412457	0	1	3166	2	0	3000	other	0
FM	286	Picture	10	1422623	0	1	3166	2	0	3000	other	0
FM	287	Response	1	1428622	2666	1
FM	288	Picture	10	1432289	0	1	3167	2	0	3000	other	0
FM	290	Picture	20	1442622	0	1	3167	2	0	3000	other	0
FM	291	Response	2	1447528	1572	1
FM	292	Picture	21	1452289	0	1	3166	2	0	3000	other	0
FM	294	Picture	21	1461622	0	1	3166	2	0	3000	other	0
FM	296	Picture	10	1472288	0	1	3167	2	0	3000	other	0
FM	296	Response	1	1472996	708	1
FM	298	Picture	11	1483288	0	1	3166	2	0	3000	other	0
FM	299	Response	2	1487840	1219	1
FM	300	Picture	11	1493954	0	1	3167	2	0	3000	other	0
FM	301	Response	1	1500965	3678	1
FM	303	Picture	11	1524786	0	2	3167	3	0	3000	other	0
FM	304	Response	2	1532787	4667	1
FM	305	Picture	21	1534453	0	1	3166	2	0	3000	other	0
FM	307	Picture	21	1544453	0	1	3166	2	0	3000	other	0
FM	308	Response	2	1549245	1459	2
FM	309	Picture	11	1554452	0	1	3167	2	0	3000	other	0
FM	310	Response	1	1560964	3179	1
FM	311	Picture	20	1565119	0	1	3166	2	0	3000	other	0
FM	312	Response	2	1572682	4230	2
FM	313	Picture	10	1576118	0	2	3167	3	0	3000	other	0
FM	314	Response	1	1583151	3699	1
FM	315	Picture	11	1585285	0	1	3166	2	0	3000	other	0
FM	316	Response	1	1593464	4846	1
FM	317	Picture	21	1595618	0	1	3166	2	0	3000	other	0
FM	318	Response	2	1602683	3732	1
FM	319	Picture	11	1606117	0	1	3167	2	0	3000	other	0
FM	320	Response	1	1614557	5106	1
FM	321	Picture	21	1616450	0	1	3167	2	0	3000	other	0
FM	323	Picture	20	1624950	0	1	3167	2	0	3000	other	0
FM	323	Response	2	1625182	232	1
FM	325	Picture	21	1635283	0	1	3167	2	0	3000	other	0
FM	326	Response	2	1642838	4222	1
FM	327	Picture	11	1643950	0	1	3166	2	0	3000	other	0
FM	328	Response	1	1650963	3680	2
FM	329	Picture	21	1653949	0	1	3167	2	0	3000	other	0
FM	330	Response	2	1660494	3212	1
FM	331	Picture	21	1663116	0	1	3166	2	0	3000	other	0
FM	333	Picture	21	1674282	0	1	3167	2	0	3000	other	0
FM	334	Response	2	1678931	1316	2
FM	335	Picture	20	1683448	0	1	3167	2	0	3000	other	0
FM	337	Picture	10	1693281	0	2	3167	3	0	3000	other	0
FM	337	Response	2	1696431	3150	2
FM	339	Picture	11	1702948	0	1	3166	2	0	3000	other	0
FM	339	Response	1	1703306	358	1
FM	341	Picture	10	1713281	0	1	3166	2	0	3000	other	0
FM	342	Response	1	1720806	4192	1
FM	343	Picture	10	1722114	0	1	3166	3	0	3000	other	0
FM	345	Picture	20	1731447	0	1	3167	2	0	3000	other	0
FM	346	Response	2	1737837	3057	2
FM	347	Picture	10	1742613	0	1	3167	2	0	3000	other	0
FM	348	Response	1	1749243	3296	1
FM	349	Picture	11	1753780	0	1	3166	2	0	3000	other	0
FM	351	Picture	20	1763113	0	1	3166	2	0	3000	other	0
FM	352	Response	1	1766743	297	1
FM	353	Picture	20	1772112	0	1	3167	2	0	3000	other	0
FM	353	Response	2	1774712	2600	1
FM	355	Picture	11	1780612	0	1	3167	2	0	3000	other	0
FM	356	Response	1	1786743	2798	2
FM	357	Picture	11	1791112	0	1	3166	2	0	3000	other	0
FM	358	Response	1	1800337	5892	1
FM	359	Picture	10	1802445	0	1	3166	2	0	3000	other	0
FM	360	Response	1	1810024	4246	1
FM	361	Picture	10	1811778	0	1	3166	2	0	3000	other	0
FM	362	Response	1	1820649	5538	2
FM	363	Picture	20	1821111	0	1	3166	3	0	3000	other	0
FM	364	Response	2	1827367	2923	1
FM	365	Picture	20	1829944	0	1	3167	2	0	3000	other	0
FM	367	Picture	20	1840110	0	1	3167	2	0	3000	other	0
FM	367	Response	2	1840180	70	1
FM	369	Picture	20	1848777	0	1	3166	2	0	3000	other	0
FM	370	Response	2	1852680	570	1
FM	371	Picture	10	1859610	0	1	3166	2	0	3000	other	0
FM	372	Response	1	1864401	1458	1
FM	373	Picture	21	1868443	0	1	3166	2	0	3000	other	0
FM	374	Response	2	1874555	2779	1
FM	375	Picture	20	1879776	0	1	3166	2	0	3000	other	0
FM	376	Response	2	1887836	4727	1
FM	377	Picture	21	1890109	0	1	3166	2	0	3000	other	0
FM	378	Response	2	1896430	2988	1
FM	379	Picture	20	1901442	0	1	3166	2	0	3000	other	0
FM	380	Response	2	1907992	3217	1
FM	381	Picture	21	1910442	0	1	3166	2	0	3000	other	0
FM	382	Response	2	1917054	3279	1
FM	383	Picture	20	1919608	0	1	3167	2	0	3000	other	0
FM	384	Response	2	1926898	3957	1
FM	385	Picture	20	1929274	0	1	3167	2	0	3000	other	0
FM	386	Response	2	1936741	4133	2
FM	387	Picture	21	1938274	0	1	3167	2	0	3000	other	0
FM	388	Response	2	1945023	3416	1
FM	389	Picture	20	1946774	0	1	3166	2	0	3000	other	0
FM	390	Response	2	1953773	3666	1
FM	391	Picture	11	1957773	0	2	3167	3	0	3000	other	0
FM	392	Response	1	1963929	2822	1
FM	393	Picture	10	1967773	0	1	3167	2	0	3000	other	0
FM	394	Response	1	1973616	2510	1
FM	395	Picture	11	1976773	0	1	3166	3	0	3000	other	0
FM	396	Response	1	1982210	2104	1
FM	397	Picture	11	1987773	0	1	3166	2	0	3000	other	0
FM	398	Response	1	1992210	1104	1
FM	399	Picture	11	1997939	0	1	3167	2	0	3000	other	0
FM	400	Response	1	2002366	1094	1
FM	401	Picture	20	2009105	0	1	3167	2	0	3000	other	0
FM	402	Response	1	2013303	865	2
FM	403	Picture	10	2020438	0	1	3167	2	0	3000	other	0
FM	404	Response	2	2024241	470	1
FM	405	Picture	11	2030938	0	1	3167	2	0	3000	other	0
FM	406	Response	1	2035334	1063	2
FM	407	Picture	20	2040938	0	1	3166	2	0	3000	other	0
FM	408	Response	2	2049399	5128	1
FM	409	Picture	11	2050937	0	1	3167	2	0	3000	other	0
FM	410	Response	1	2058460	4189	1
FM	411	Picture	21	2061270	0	1	3167	2	0	3000	other	0
FM	412	Response	2	2067523	2919	1
FM	413	Picture	20	2070270	0	1	3167	2	0	3000	other	0
FM	415	Picture	10	2079936	0	2	3167	3	0	3000	other	0
FM	415	Response	2	2080647	711	1
FM	416	Response	1	2086896	3626	1
FM	417	Picture	11	2090769	0	2	3167	3	0	3000	other	0
FM	418	Response	1	2100334	6231	1
FM	419	Picture	21	2101769	0	1	3167	2	0	3000	other	0
FM	420	Response	2	2107365	2263	1
FM	421	Picture	21	2111769	0	1	3166	2	0	3000	other	0
FM	422	Response	2	2117209	2107	1
FM	423	Picture	11	2120269	0	1	3166	2	0	3000	other	0
FM	424	Response	1	2126583	2981	1
FM	425	Picture	11	2129268	0	1	3167	2	0	3000	other	0
FM	427	Picture	20	2138768	0	1	3167	2	0	3000	other	0
FM	427	Response	1	2138771	3	1
FM	428	Response	2	2144397	2296	2
FM	429	Picture	10	2148101	0	1	3167	2	0	3000	other	0
FM	430	Response	1	2154396	2962	1
FM	431	Picture	21	2157434	0	1	3167	2	0	3000	other	0
FM	432	Response	2	2162834	2067	1
FM	433	Picture	20	2168267	0	1	3167	2	0	3000	other	0
FM	434	Response	2	2175489	3889	1
FM	435	Picture	21	2178100	0	1	3167	2	0	3000	other	0
FM	436	Response	2	2184709	3276	1
FM	437	Picture	10	2189267	0	1	3166	2	0	3000	other	0
FM	438	Response	2	2193458	858	1
FM	438	Response	1	2198145	5545	2
FM	439	Picture	11	2198766	0	1	3167	2	0	3000	other	0
FM	441	Picture	10	2207433	0	1	3166	2	0	3000	other	0
FM	442	Response	1	2212208	1442	1
FM	443	Picture	21	2217099	0	1	3167	2	0	3000	other	0
FM	444	Response	2	2223458	3026	1
FM	445	Picture	10	2226432	0	1	3167	2	0	3000	other	0
FM	446	Response	1	2232676	2911	1
FM	447	Picture	20	2237598	0	1	3167	2	0	3000	other	0
FM	448	Response	2	2242207	1275	1
FM	449	Picture	21	2246598	0	1	3167	2	0	3000	other	0
FM	450	Response	1	2251895	1964	1
FM	450	Response	2	2253770	3839	1
FM	451	Picture	21	2257598	0	1	3166	2	0	3000	other	0
FM	452	Response	2	2263613	2682	2
FM	453	Picture	11	2266764	0	1	3167	2	0	3000	other	0
FM	454	Response	1	2273457	3360	1
FM	455	Picture	10	2277264	0	1	3166	2	0	3000	other	0
FM	456	Response	1	2284707	4110	1
FM	457	Picture	21	2288764	0	1	3166	2	0	3000	other	0
FM	458	Response	2	2294863	2766	1
FM	459	Picture	11	2299597	0	1	3166	2	0	3000	other	0
FM	460	Response	1	2306894	3964	2
FM	461	Picture	10	2310763	0	1	3166	2	0	3000	other	0
FM	462	Response	1	2320332	6236	1
FM	463	Picture	10	2321429	0	1	3167	2	0	3000	other	0
FM	465	Picture	21	2332262	0	1	3167	2	0	3000	other	0
FM	466	Response	2	2339082	3487	1
FM	467	Picture	21	2341929	0	1	3166	2	0	3000	other	0
FM	468	Response	2	2347832	2570	1
FM	469	Picture	11	2351595	0	1	3167	2	0	3000	other	0
FM	470	Response	1	2357987	3059	2
FM	471	Picture	21	2360095	0	1	3166	2	0	3000	other	0
FM	472	Response	2	2366112	2684	1
FM	473	Picture	11	2371094	0	1	3167	2	0	3000	other	0
FM	474	Response	1	2377050	2622	1
FM	475	Picture	21	2381927	0	1	3167	2	0	3000	other	0
FM	476	Response	2	2386581	1320	1
FM	477	Picture	10	2393094	0	1	3166	2	0	3000	other	0
FM	478	Response	1	2397987	1560	2
FM	479	Picture	11	2402593	0	2	3167	3	0	3000	other	0
FM	480	Response	1	2410331	4404	1
FM	481	Picture	10	2411093	0	1	3167	2	0	3000	other	0
FM	482	Response	1	2419080	4654	2
FM	483	Picture	20	2420260	0	1	3166	2	0	3000	other	0
FM	484	Response	1	2427830	4237	2
FM	485	Picture	20	2429759	0	1	3167	2	0	3000	other	0
FM	485	Response	2	2430487	728	1
FM	487	Picture	11	2440759	0	1	3167	2	0	3000	other	0
FM	488	Response	1	2447518	3426	1
FM	489	Picture	11	2450759	0	1	3163	6	0	3000	other	0
FM	490	Response	1	2457674	3582	1
FM	491	Picture	20	2460758	0	1	3167	2	0	3000	other	0
FM	492	Response	2	2470486	6394	2
FM	493	Picture	21	2471091	0	1	3167	2	0	3000	other	0
FM	494	Response	2	2477986	3561	2
FM	495	Picture	11	2480258	0	1	3166	2	0	3000	other	0
FM	496	Response	1	2485955	2364	1
FM	497	Picture	10	2489257	0	2	3167	3	0	3000	other	0
FM	498	Response	1	2497049	4458	1
FM	499	Picture	10	2499924	0	1	3166	2	0	3000	other	0
FM	500	Response	1	2505955	2698	1
FM	501	Picture	10	2510090	0	1	3167	2	0	3000	other	0
FM	502	Response	1	2516111	2688	1
FM	503	Picture	20	2519590	0	1	3166	3	0	3000	other	0
FM	504	Response	2	2525642	2719	1
FM	505	Picture	21	2530423	0	1	3167	2	0	3000	other	0
FM	506	Response	2	2537517	3761	1
FM	507	Picture	21	2540923	0	1	3166	2	0	3000	other	0
FM	508	Response	2	2546528	2272	1
FM	509	Picture	20	2551589	0	1	3167	2	0	3000	other	0
FM	510	Response	2	2556423	1501	1
FM	511	Picture	10	2562422	0	1	3167	2	0	3000	other	0
FM	512	Response	1	2568454	2699	2
FM	513	Picture	21	2573588	0	1	3167	2	0	3000	other	0
FM	514	Response	2	2578455	1533	1
FM	515	Picture	21	2584255	0	1	3166	2	0	3000	other	0
FM	516	Response	1	2589706	2118	2
FM	517	Picture	11	2593088	0	1	3166	2	0	3000	other	0
FM	518	Response	2	2597204	783	1
FM	519	Picture	20	2603087	0	2	3167	3	0	3000	other	0
FM	520	Response	2	2610797	4376	2
FM	521	Picture	20	2611920	0	2	3167	3	0	3000	other	0
FM	523	Picture	10	2621254	0	1	3166	2	0	3000	other	0
FM	524	Response	1	2629235	4648	1
FM	525	Picture	11	2631087	0	1	3166	2	0	3000	other	0
FM	526	Response	1	2638141	3721	1
FM	527	Picture	21	2642253	0	1	3166	3	0	3000	other	0
FM	528	Response	2	2647985	2399	1
FM	529	Picture	11	2651086	0	1	3167	2	0	3000	other	0
FM	530	Response	2	2658922	4503	1
FM	531	Picture	21	2661586	0	1	3166	2	0	3000	other	0
FM	533	Picture	10	2670252	0	1	3167	2	0	3000	other	0
FM	533	Response	2	2671422	1170	1
FM	534	Response	1	2677203	3618	1
FM	535	Picture	20	2681252	0	1	3166	2	0	3000	other	0
FM	536	Response	2	2686735	2150	1
FM	537	Picture	21	2691918	0	1	3167	2	0	3000	other	0
FM	538	Response	2	2697828	2577	1
FM	539	Picture	21	2701084	0	2	3167	3	0	3000	other	0
FM	540	Response	2	2707203	2785	1
FM	541	Picture	10	2709751	0	1	3166	3	0	3000	other	0
FM	542	Response	1	2716734	3650	1
FM	543	Picture	21	2721251	0	1	3166	2	0	3000	other	0
FM	544	Response	2	2726734	2150	1
FM	545	Picture	20	2729750	0	1	3167	2	0	3000	other	0
FM	547	Picture	21	2738750	0	1	3167	2	0	3000	other	0
FM	548	Response	2	2745327	3244	2
FM	549	Picture	11	2747583	0	1	3167	2	0	3000	other	0
FM	550	Response	1	2754233	3317	2
FM	551	Picture	20	2758916	0	1	3167	2	0	3000	other	0
FM	552	Response	2	2764394	2145	1
FM	553	Picture	21	2768916	0	1	3166	2	0	3000	other	0
FM	554	Response	2	2774858	2609	1
FM	555	Picture	11	2778415	0	2	3167	3	0	3000	other	0
FM	556	Response	1	2784392	2643	1
FM	557	Picture	10	2788415	0	1	3167	2	0	3000	other	0
FM	558	Response	1	2795483	3735	2
FM	559	Picture	20	2798915	0	1	3166	2	0	3000	other	0
FM	560	Response	2	2804701	2453	2
FM	561	Picture	10	2809915	0	1	3166	2	0	3000	other	0
FM	562	Response	1	2816420	3172	2
FM	563	Picture	21	2820581	0	1	3166	3	0	3000	other	0
FM	564	Response	2	2825951	2037	2
FM	565	Picture	11	2829914	0	1	3167	2	0	3000	other	0
FM	566	Response	1	2835014	1767	1
FM	567	Picture	11	2838414	0	1	3166	2	0	3000	other	0
FM	569	Picture	20	2847413	0	2	3167	3	0	3000	other	0
FM	570	Response	1	2851576	829	2
FM	570	Response	2	2854391	3644	1
FM	571	Picture	10	2858413	0	1	3167	2	0	3000	other	0
FM	572	Response	1	2865326	3580	1
FM	573	Picture	11	2869579	0	2	3167	3	0	3000	other	0
FM	574	Response	1	2874857	1944	1
FM	575	Picture	21	2878912	0	2	3167	3	0	3000	other	0
FM	576	Response	2	2884391	2145	1
FM	577	Picture	10	2887912	0	1	3167	2	0	3000	other	0
FM	578	Response	1	2892982	1737	1
FM	579	Picture	20	2896412	0	1	3167	2	0	3000	other	0
FM	580	Response	2	2901107	1362	1
FM	581	Picture	20	2905245	0	1	3167	2	0	3000	other	0
FM	582	Response	2	2913924	5346	1
FM	583	Picture	11	2914745	0	1	3166	2	0	3000	other	0
FM	584	Response	1	2920482	2404	1
FM	585	Picture	20	2924578	0	1	3166	2	0	3000	other	0
FM	586	Response	2	2929392	1481	1
FM	587	Picture	11	2934744	0	1	3167	2	0	3000	other	0
FM	588	Response	1	2938294	217	2
FM	589	Picture	10	2945577	0	1	3167	2	0	3000	other	0
FM	590	Response	2	2949231	321	2
FM	590	Response	1	2956731	7821	2
FM	591	Picture	11	2957077	0	1	3166	2	0	3000	other	0
FM	593	Picture	11	2968410	0	1	3166	2	0	3000	other	0
FM	593	Response	1	2971575	3165	2
FM	595	Picture	11	2977410	0	1	3166	2	0	3000	other	0
FM	596	Response	1	2982200	1457	1
FM	597	Picture	10	2986576	0	1	3166	3	0	3000	other	0
FM	598	Response	1	2992200	2291	1
FM	599	Picture	20	2997909	0	1	3166	3	0	3000	other	0
FM	600	Response	1	3002513	1271	1
FM	600	Response	2	3005793	4551	1
FM	601	Picture	21	3008742	0	1	3166	3	0	3000	other	0
FM	602	Response	2	3016262	4187	2


Event Type	Code	Type	Response	RT	RT Uncertainty	Time	Uncertainty	Duration	Uncertainty	ReqTime	ReqDur

Picture	10	other				10499	1	3166	2	0	3000
Picture	20	other				21832	1	3166	2	0	3000
Picture	11	other				32331	1	3167	2	0	3000
Picture	20	other				42164	2	3167	3	0	3000
Picture	21	other				51331	1	3166	2	0	3000
Picture	20	other				62497	1	3167	2	0	3000
Picture	11	other				72830	1	3167	2	0	3000
Picture	20	other				82163	1	3167	2	0	3000
Picture	21	other				93496	1	3167	2	0	3000
Picture	20	other				101996	1	3167	2	0	3000
Picture	10	other				112829	1	3167	2	0	3000
Picture	21	other				123829	1	3166	2	0	3000
Picture	10	other				134162	1	3166	2	0	3000
Picture	10	other				143995	1	3166	2	0	3000
Picture	20	other				155161	1	3167	2	0	3000
Picture	11	other				164494	1	3167	2	0	3000
Picture	20	other				173160	2	3167	3	0	3000
Picture	10	other				183160	1	3167	2	0	3000
Picture	11	other				192660	1	3166	3	0	3000
Picture	10	other				202493	1	3167	2	0	3000
Picture	21	other				211993	1	3166	2	0	3000
Picture	20	other				222326	1	3166	2	0	3000
Picture	21	other				231159	1	3166	2	0	3000
Picture	20	other				242492	1	3166	2	0	3000
Picture	10	other				252491	2	3167	3	0	3000
Picture	20	other				263658	1	3166	2	0	3000
Picture	20	other				273491	1	3166	2	0	3000
Picture	11	other				283990	2	3167	3	0	3000
Picture	20	other				293824	1	3166	2	0	3000
Picture	20	other				303823	1	3167	2	0	3000
Picture	11	other				312490	1	3166	2	0	3000
Picture	21	other				321989	1	3167	2	0	3000
Picture	11	other				333322	1	3167	2	0	3000
Picture	10	other				342489	1	3166	2	0	3000
Picture	11	other				353322	1	3166	2	0	3000
Picture	21	other				364321	2	3167	3	0	3000
Picture	21	other				373154	2	3167	3	0	3000
Picture	20	other				383987	2	3167	3	0	3000
Picture	20	other				394154	1	3166	2	0	3000
Picture	20	other				403487	1	3166	3	0	3000
Picture	20	other				412653	1	3167	2	0	3000
Picture	21	other				421486	1	3167	2	0	3000
Picture	10	other				432486	1	3167	2	0	3000
Picture	11	other				443486	1	3166	2	0	3000
Picture	10	other				452319	1	3166	2	0	3000
Picture	21	other				462985	1	3167	2	0	3000
Picture	21	other				472651	2	3167	3	0	3000
Picture	21	other				483484	2	3167	3	0	3000
Picture	20	other				494651	1	3166	2	0	3000
Picture	20	other				505484	1	3166	2	0	3000
Picture	11	other				514484	1	3166	2	0	3000
Picture	11	other				525817	1	3166	2	0	3000
Picture	11	other				535150	1	3166	2	0	3000
Picture	20	other				545816	1	3167	2	0	3000
Picture	20	other				556982	1	3167	2	0	3000
Picture	21	other				566815	1	3167	2	0	3000
Picture	10	other				576148	1	3167	2	0	3000
Picture	11	other				584815	1	3166	2	0	3000
Picture	11	other				593314	2	3167	3	0	3000
Picture	11	other				603481	1	3166	2	0	3000
Picture	10	other				614481	1	3166	2	0	3000
Picture	21	other				623647	1	3166	3	0	3000
Picture	10	other				634147	1	3166	2	0	3000
Picture	21	other				644980	1	3166	2	0	3000
Picture	11	other				653646	1	3167	2	0	3000
Picture	20	other				662812	1	3167	2	0	3000
Picture	11	other				671312	1	3167	2	0	3000
Picture	11	other				679979	1	3166	2	0	3000
Picture	10	other				689145	1	3167	2	0	3000
Picture	20	other				699811	1	3167	2	0	3000
Picture	21	other				709978	1	3166	2	0	3000
Picture	20	other				719977	1	3167	2	0	3000
Picture	10	other				730644	1	3166	2	0	3000
Picture	11	other				739477	1	3166	2	0	3000
Picture	20	other				749143	1	3167	2	0	3000
Picture	10	other				759809	2	3167	3	0	3000
Picture	11	other				769976	1	3166	2	0	3000
Picture	20	other				780142	1	3167	2	0	3000
Picture	21	other				790975	1	3167	2	0	3000
Picture	10	other				801475	1	3166	3	0	3000
Picture	11	other				811308	1	3167	2	0	3000
Picture	10	other				821474	1	3167	2	0	3000
Picture	11	other				830141	1	3166	2	0	3000
Picture	10	other				838974	1	3166	2	0	3000
Picture	10	other				849473	2	3167	3	0	3000
Picture	20	other				860306	2	3167	3	0	3000
Picture	11	other				869806	1	3167	2	0	3000
Picture	11	other				878973	1	3166	2	0	3000
Picture	21	other				887972	1	3167	2	0	3000
Picture	21	other				899305	1	3167	2	0	3000
Picture	11	other				909472	1	3166	2	0	3000
Picture	20	other				919138	1	3167	2	0	3000
Picture	21	other				927804	2	3167	3	0	3000
Picture	21	other				936304	1	3167	2	0	3000
Picture	11	other				946971	1	3166	2	0	3000
Picture	21	other				957304	1	3166	2	0	3000
Picture	11	other				966803	1	3167	2	0	3000
Picture	11	other				977970	1	3166	2	0	3000
Picture	10	other				986469	1	3167	2	0	3000
Picture	11	other				997469	1	3167	2	0	3000
Picture	11	other				1008635	1	3167	2	0	3000
Picture	11	other				1018802	1	3166	2	0	3000
Picture	21	other				1027301	2	3167	3	0	3000
Picture	20	other				1036468	1	3166	2	0	3000
Picture	10	other				1046134	1	3167	2	0	3000
Picture	20	other				1056467	1	3167	2	0	3000
Picture	21	other				1065800	1	3167	2	0	3000
Picture	21	other				1077133	1	3167	2	0	3000
Picture	20	other				1087633	1	3167	2	0	3000
Picture	20	other				1097966	1	3167	2	0	3000
Picture	10	other				1106966	1	3166	2	0	3000
Picture	10	other				1116132	1	3167	2	0	3000
Picture	20	other				1126298	2	3167	3	0	3000
Picture	10	other				1135465	1	3166	2	0	3000
Picture	10	other				1144465	1	3166	2	0	3000
Picture	11	other				1155631	1	3166	3	0	3000
Picture	10	other				1166964	1	3166	3	0	3000
Picture	11	other				1175630	1	3167	2	0	3000
Picture	10	other				1186963	1	3167	2	0	3000
Picture	21	other				1196296	1	3167	2	0	3000
Picture	20	other				1205796	1	3167	2	0	3000
Picture	10	other				1214462	2	3167	3	0	3000
Picture	11	other				1225629	1	3166	2	0	3000
Picture	11	other				1234962	1	3166	2	0	3000
Picture	21	other				1245128	1	3167	2	0	3000
Picture	20	other				1254628	1	3167	2	0	3000
Picture	10	other				1264294	1	3167	2	0	3000
Picture	10	other				1273794	1	3167	2	0	3000
Picture	20	other				1283960	1	3167	2	0	3000
Picture	10	other				1292960	1	3167	2	0	3000
Picture	21	other				1303126	2	3167	3	0	3000
Picture	20	other				1314459	2	3167	3	0	3000
Picture	11	other				1324792	2	3167	3	0	3000
Picture	10	other				1333459	1	3166	3	0	3000
Picture	11	other				1343125	1	3167	2	0	3000
Picture	20	other				1354292	1	3166	2	0	3000
Picture	10	other				1365458	1	3167	2	0	3000
Picture	21	other				1376124	1	3167	2	0	3000
Picture	11	other				1384791	1	3166	2	0	3000
Picture	10	other				1393457	1	3167	2	0	3000
Picture	21	other				1403457	1	3166	2	0	3000
Picture	20	other				1412457	1	3166	2	0	3000
Picture	10	other				1422623	1	3166	2	0	3000
Picture	10	other				1432289	1	3167	2	0	3000
Picture	20	other				1442622	1	3167	2	0	3000
Picture	21	other				1452289	1	3166	2	0	3000
Picture	21	other				1461622	1	3166	2	0	3000
Picture	10	other				1472288	1	3167	2	0	3000
Picture	11	other				1483288	1	3166	2	0	3000
Picture	11	other				1493954	1	3167	2	0	3000
Picture	11	other				1524786	2	3167	3	0	3000
Picture	21	other				1534453	1	3166	2	0	3000
Picture	21	other				1544453	1	3166	2	0	3000
Picture	11	other				1554452	1	3167	2	0	3000
Picture	20	other				1565119	1	3166	2	0	3000
Picture	10	other				1576118	2	3167	3	0	3000
Picture	11	other				1585285	1	3166	2	0	3000
Picture	21	other				1595618	1	3166	2	0	3000
Picture	11	other				1606117	1	3167	2	0	3000
Picture	21	other				1616450	1	3167	2	0	3000
Picture	20	other				1624950	1	3167	2	0	3000
Picture	21	other				1635283	1	3167	2	0	3000
Picture	11	other				1643950	1	3166	2	0	3000
Picture	21	other				1653949	1	3167	2	0	3000
Picture	21	other				1663116	1	3166	2	0	3000
Picture	21	other				1674282	1	3167	2	0	3000
Picture	20	other				1683448	1	3167	2	0	3000
Picture	10	other				1693281	2	3167	3	0	3000
Picture	11	other				1702948	1	3166	2	0	3000
Picture	10	other				1713281	1	3166	2	0	3000
Picture	10	other				1722114	1	3166	3	0	3000
Picture	20	other				1731447	1	3167	2	0	3000
Picture	10	other				1742613	1	3167	2	0	3000
Picture	11	other				1753780	1	3166	2	0	3000
Picture	20	other				1763113	1	3166	2	0	3000
Picture	20	other				1772112	1	3167	2	0	3000
Picture	11	other				1780612	1	3167	2	0	3000
Picture	11	other				1791112	1	3166	2	0	3000
Picture	10	other				1802445	1	3166	2	0	3000
Picture	10	other				1811778	1	3166	2	0	3000
Picture	20	other				1821111	1	3166	3	0	3000
Picture	20	other				1829944	1	3167	2	0	3000
Picture	20	other				1840110	1	3167	2	0	3000
Picture	20	other				1848777	1	3166	2	0	3000
Picture	10	other				1859610	1	3166	2	0	3000
Picture	21	other				1868443	1	3166	2	0	3000
Picture	20	other				1879776	1	3166	2	0	3000
Picture	21	other				1890109	1	3166	2	0	3000
Picture	20	other				1901442	1	3166	2	0	3000
Picture	21	other				1910442	1	3166	2	0	3000
Picture	20	other				1919608	1	3167	2	0	3000
Picture	20	other				1929274	1	3167	2	0	3000
Picture	21	other				1938274	1	3167	2	0	3000
Picture	20	other				1946774	1	3166	2	0	3000
Picture	11	other				1957773	2	3167	3	0	3000
Picture	10	other				1967773	1	3167	2	0	3000
Picture	11	other				1976773	1	3166	3	0	3000
Picture	11	other				1987773	1	3166	2	0	3000
Picture	11	other				1997939	1	3167	2	0	3000
Picture	20	other				2009105	1	3167	2	0	3000
Picture	10	other				2020438	1	3167	2	0	3000
Picture	11	other				2030938	1	3167	2	0	3000
Picture	20	other				2040938	1	3166	2	0	3000
Picture	11	other				2050937	1	3167	2	0	3000
Picture	21	other				2061270	1	3167	2	0	3000
Picture	20	other				2070270	1	3167	2	0	3000
Picture	10	other				2079936	2	3167	3	0	3000
Picture	11	other				2090769	2	3167	3	0	3000
Picture	21	other				2101769	1	3167	2	0	3000
Picture	21	other				2111769	1	3166	2	0	3000
Picture	11	other				2120269	1	3166	2	0	3000
Picture	11	other				2129268	1	3167	2	0	3000
Picture	20	other				2138768	1	3167	2	0	3000
Picture	10	other				2148101	1	3167	2	0	3000
Picture	21	other				2157434	1	3167	2	0	3000
Picture	20	other				2168267	1	3167	2	0	3000
Picture	21	other				2178100	1	3167	2	0	3000
Picture	10	other				2189267	1	3166	2	0	3000
Picture	11	other				2198766	1	3167	2	0	3000
Picture	10	other				2207433	1	3166	2	0	3000
Picture	21	other				2217099	1	3167	2	0	3000
Picture	10	other				2226432	1	3167	2	0	3000
Picture	20	other				2237598	1	3167	2	0	3000
Picture	21	other				2246598	1	3167	2	0	3000
Picture	21	other				2257598	1	3166	2	0	3000
Picture	11	other				2266764	1	3167	2	0	3000
Picture	10	other				2277264	1	3166	2	0	3000
Picture	21	other				2288764	1	3166	2	0	3000
Picture	11	other				2299597	1	3166	2	0	3000
Picture	10	other				2310763	1	3166	2	0	3000
Picture	10	other				2321429	1	3167	2	0	3000
Picture	21	other				2332262	1	3167	2	0	3000
Picture	21	other				2341929	1	3166	2	0	3000
Picture	11	other				2351595	1	3167	2	0	3000
Picture	21	other				2360095	1	3166	2	0	3000
Picture	11	other				2371094	1	3167	2	0	3000
Picture	21	other				2381927	1	3167	2	0	3000
Picture	10	other				2393094	1	3166	2	0	3000
Picture	11	other				2402593	2	3167	3	0	3000
Picture	10	other				2411093	1	3167	2	0	3000
Picture	20	other				2420260	1	3166	2	0	3000
Picture	20	other				2429759	1	3167	2	0	3000
Picture	11	other				2440759	1	3167	2	0	3000
Picture	11	other				2450759	1	3163	6	0	3000
Picture	20	other				2460758	1	3167	2	0	3000
Picture	21	other				2471091	1	3167	2	0	3000
Picture	11	other				2480258	1	3166	2	0	3000
Picture	10	other				2489257	2	3167	3	0	3000
Picture	10	other				2499924	1	3166	2	0	3000
Picture	10	other				2510090	1	3167	2	0	3000
Picture	20	other				2519590	1	3166	3	0	3000
Picture	21	other				2530423	1	3167	2	0	3000
Picture	21	other				2540923	1	3166	2	0	3000
Picture	20	other				2551589	1	3167	2	0	3000
Picture	10	other				2562422	1	3167	2	0	3000
Picture	21	other				2573588	1	3167	2	0	3000
Picture	21	other				2584255	1	3166	2	0	3000
Picture	11	other				2593088	1	3166	2	0	3000
Picture	20	other				2603087	2	3167	3	0	3000
Picture	20	other				2611920	2	3167	3	0	3000
Picture	10	other				2621254	1	3166	2	0	3000
Picture	11	other				2631087	1	3166	2	0	3000
Picture	21	other				2642253	1	3166	3	0	3000
Picture	11	other				2651086	1	3167	2	0	3000
Picture	21	other				2661586	1	3166	2	0	3000
Picture	10	other				2670252	1	3167	2	0	3000
Picture	20	other				2681252	1	3166	2	0	3000
Picture	21	other				2691918	1	3167	2	0	3000
Picture	21	other				2701084	2	3167	3	0	3000
Picture	10	other				2709751	1	3166	3	0	3000
Picture	21	other				2721251	1	3166	2	0	3000
Picture	20	other				2729750	1	3167	2	0	3000
Picture	21	other				2738750	1	3167	2	0	3000
Picture	11	other				2747583	1	3167	2	0	3000
Picture	20	other				2758916	1	3167	2	0	3000
Picture	21	other				2768916	1	3166	2	0	3000
Picture	11	other				2778415	2	3167	3	0	3000
Picture	10	other				2788415	1	3167	2	0	3000
Picture	20	other				2798915	1	3166	2	0	3000
Picture	10	other				2809915	1	3166	2	0	3000
Picture	21	other				2820581	1	3166	3	0	3000
Picture	11	other				2829914	1	3167	2	0	3000
Picture	11	other				2838414	1	3166	2	0	3000
Picture	20	other				2847413	2	3167	3	0	3000
Picture	10	other				2858413	1	3167	2	0	3000
Picture	11	other				2869579	2	3167	3	0	3000
Picture	21	other				2878912	2	3167	3	0	3000
Picture	10	other				2887912	1	3167	2	0	3000
Picture	20	other				2896412	1	3167	2	0	3000
Picture	20	other				2905245	1	3167	2	0	3000
Picture	11	other				2914745	1	3166	2	0	3000
Picture	20	other				2924578	1	3166	2	0	3000
Picture	11	other				2934744	1	3167	2	0	3000
Picture	10	other				2945577	1	3167	2	0	3000
Picture	11	other				2957077	1	3166	2	0	3000
Picture	11	other				2968410	1	3166	2	0	3000
Picture	11	other				2977410	1	3166	2	0	3000
Picture	10	other				2986576	1	3166	3	0	3000
Picture	20	other				2997909	1	3166	3	0	3000
Picture	21	other				3008742	1	3166	3	0	3000

The following output port codes were not sent because of a conflict on the port.
Port	Code	Time(ms)
1	1	213877
