Scenario - GO/NO-GO
Logfile written - 09/07/2012 13:33:10

Subject	Trial	Event Type	Code	Time	TTime	Uncertainty	Duration	Uncertainty	ReqTime	ReqDur	Stim Type	Pair Index

FM	2	Picture	22	332	0	1	3167	2	0	3000	hit	2
FM	2	Response	1	6697	6365	2
FM	3	Picture	22	39665	0	1	3166	2	0	3000	hit	4
FM	3	Response	1	43884	4219	1
FM	4	Picture	22	74663	0	2	3167	3	0	3000	hit	6
FM	4	Response	1	78259	3596	1
FM	5	Picture	33	110996	0	1	3166	2	0	3000	miss	0
FM	6	Picture	22	142828	0	1	3167	2	0	3000	hit	9
FM	6	Response	1	146696	3868	1
FM	7	Picture	22	179160	0	1	3167	2	0	3000	hit	11
FM	7	Response	1	182789	3629	1
FM	8	Picture	22	213826	0	1	3167	2	0	3000	hit	13
FM	8	Response	1	217320	3494	1
FM	9	Picture	22	243492	0	1	3166	2	0	3000	hit	15
FM	9	Response	1	247945	4453	1
FM	10	Picture	22	272824	0	1	3167	2	0	3000	hit	17
FM	10	Response	1	277476	4652	1
FM	11	Picture	33	306990	0	1	3166	2	0	3000	miss	0
FM	12	Picture	22	343155	0	1	3167	2	0	3000	hit	20
FM	12	Response	1	346540	3385	1
FM	13	Picture	22	371321	0	1	3167	2	0	3000	hit	22
FM	13	Response	1	376381	5060	1
FM	14	Picture	22	402320	0	1	3167	2	0	3000	hit	24
FM	14	Response	1	406540	4220	1
FM	15	Picture	22	436319	0	1	3167	2	0	3000	hit	26
FM	15	Response	1	440131	3812	1
FM	16	Picture	22	472818	0	1	3167	2	0	3000	hit	28
FM	16	Response	1	477161	4343	1
FM	17	Picture	33	508484	0	1	3166	2	0	3000	hit	30
FM	17	Response	1	513098	4614	1
FM	18	Picture	22	539149	0	2	3167	3	0	3000	hit	32
FM	18	Response	1	547473	8324	1
FM	19	Picture	22	574315	0	1	3167	2	0	3000	hit	34
FM	19	Response	1	580286	5971	1
FM	20	Picture	22	604814	0	1	3167	2	0	3000	hit	36
FM	20	Response	1	611066	6252	1
FM	21	Picture	22	640146	0	2	3167	3	0	3000	hit	38
FM	21	Response	1	643722	3576	1
FM	22	Picture	22	670646	0	1	3166	2	0	3000	hit	40
FM	22	Response	1	675128	4482	1
FM	23	Picture	33	707311	0	1	3167	2	0	3000	hit	42
FM	23	Response	1	711221	3910	1
FM	24	Picture	22	740143	0	2	3167	3	0	3000	hit	44
FM	24	Response	1	745752	5609	2
FM	25	Picture	22	769309	0	1	3167	2	0	3000	hit	46
FM	25	Response	1	774034	4725	1
FM	26	Picture	22	801642	0	1	3166	2	0	3000	hit	48
FM	26	Response	1	807001	5359	1
FM	27	Picture	22	835307	0	1	3167	2	0	3000	hit	50
FM	27	Response	1	839189	3882	1
FM	28	Picture	22	863640	0	1	3166	2	0	3000	hit	52
FM	28	Response	1	869345	5705	1
FM	29	Picture	33	900472	0	1	3167	2	0	3000	miss	0
FM	30	Picture	22	931304	0	1	3167	2	0	3000	hit	55
FM	30	Response	1	934344	3040	1
FM	31	Picture	22	960303	0	2	3167	3	0	3000	hit	57
FM	31	Response	1	964969	4666	1
FM	32	Picture	22	994469	0	1	3167	2	0	3000	hit	59
FM	32	Response	1	998718	4249	1
FM	33	Picture	33	1025468	0	1	3167	2	0	3000	hit	61
FM	33	Response	1	1029187	3719	1
FM	34	Picture	22	1062467	0	1	3167	2	0	3000	hit	63
FM	34	Response	1	1068874	6407	1
FM	35	Picture	22	1097633	0	1	3166	2	0	3000	hit	65
FM	35	Response	1	1101686	4053	1
FM	36	Picture	22	1133132	0	1	3166	2	0	3000	hit	67
FM	36	Response	1	1136373	3241	2
FM	37	Picture	22	1170630	0	2	3167	3	0	3000	hit	69
FM	37	Response	1	1175748	5118	1
FM	38	Picture	22	1208796	0	1	3167	2	0	3000	hit	71
FM	38	Response	1	1214654	5858	1
FM	39	Picture	33	1242628	0	1	3167	2	0	3000	hit	73
FM	39	Response	1	1249028	6400	1
FM	40	Picture	22	1273461	0	1	3166	2	0	3000	hit	75
FM	40	Response	1	1278247	4786	1
FM	41	Picture	22	1302127	0	1	3166	2	0	3000	hit	77
FM	41	Response	1	1306996	4869	2
FM	42	Picture	22	1332792	0	1	3167	2	0	3000	hit	79
FM	42	Response	1	1336059	3267	1
FM	43	Picture	33	1361625	0	1	3166	2	0	3000	miss	0
FM	44	Picture	22	1400124	0	1	3166	2	0	3000	hit	82
FM	44	Response	1	1403558	3434	2
FM	45	Picture	22	1431123	0	1	3166	2	0	3000	hit	84
FM	45	Response	1	1436058	4935	1
FM	46	Picture	22	1470955	0	1	3166	2	0	3000	hit	86
FM	46	Response	1	1475745	4790	1
FM	47	Picture	33	1510620	0	1	3167	2	0	3000	miss	0
FM	48	Picture	22	1538786	0	1	3167	2	0	3000	hit	89
FM	48	Response	1	1542619	3833	1
FM	49	Picture	22	1575785	0	1	3167	2	0	3000	hit	91
FM	49	Response	1	1579494	3709	1
FM	50	Picture	22	1612117	0	1	3167	2	0	3000	hit	93
FM	50	Response	1	1615743	3626	2
FM	51	Picture	33	1647116	0	1	3167	2	0	3000	miss	0
FM	52	Picture	22	1683782	0	1	3166	2	0	3000	hit	96
FM	52	Response	1	1687931	4149	1
FM	53	Picture	22	1723281	0	1	3166	2	0	3000	hit	98
FM	53	Response	1	1727617	4336	1
FM	54	Picture	22	1755613	0	1	3167	2	0	3000	hit	100
FM	54	Response	1	1760898	5285	2
FM	55	Picture	33	1794112	0	1	3166	2	0	3000	miss	0
FM	56	Picture	22	1825944	0	1	3167	2	0	3000	hit	103
FM	56	Response	1	1830741	4797	1
FM	57	Picture	33	1861776	0	2	3167	3	0	3000	miss	0
FM	58	Picture	22	1894442	0	1	3167	2	0	3000	hit	106
FM	58	Response	1	1897928	3486	2
FM	59	Picture	22	1926608	0	1	3166	2	0	3000	hit	108
FM	59	Response	1	1931522	4914	1
FM	60	Picture	22	1966273	0	1	3167	2	0	3000	hit	110
FM	60	Response	1	1970428	4155	1
FM	61	Picture	22	2003772	0	1	3167	2	0	3000	hit	112
FM	61	Response	1	2008083	4311	1
FM	62	Picture	22	2034938	0	1	3166	2	0	3000	hit	114
FM	62	Response	1	2039021	4083	1
FM	63	Picture	22	2074603	0	1	3167	2	0	3000	hit	116
FM	63	Response	1	2078708	4105	1
FM	64	Picture	22	2103936	0	1	3166	2	0	3000	hit	118
FM	64	Response	1	2108239	4303	1
FM	65	Picture	33	2135935	0	1	3166	2	0	3000	miss	0
FM	66	Picture	22	2174267	0	1	3167	2	0	3000	hit	121
FM	66	Response	1	2178238	3971	1
FM	67	Picture	22	2209933	0	1	3166	2	0	3000	hit	123
FM	67	Response	1	2214175	4242	1
FM	68	Picture	22	2239932	0	1	3166	2	0	3000	hit	125
FM	68	Response	1	2243394	3462	1
FM	69	Picture	33	2277097	0	1	3167	2	0	3000	miss	0
FM	70	Picture	22	2310763	0	1	3166	3	0	3000	hit	128
FM	70	Response	1	2314643	3880	1
FM	71	Picture	33	2345595	0	1	3167	2	0	3000	miss	0
FM	72	Picture	22	2384927	0	1	3167	2	0	3000	hit	131
FM	72	Response	1	2388704	3777	2
FM	73	Picture	22	2419760	0	1	3166	2	0	3000	hit	133
FM	73	Response	1	2423704	3944	1
FM	74	Picture	22	2450259	0	1	3166	2	0	3000	hit	135
FM	74	Response	1	2454954	4695	1
FM	75	Picture	22	2484924	0	1	3167	2	0	3000	hit	137
FM	75	Response	1	2489016	4092	1
FM	76	Picture	22	2520590	0	1	3167	2	0	3000	hit	139
FM	76	Response	1	2526047	5457	1
FM	77	Picture	33	2549756	0	1	3166	2	0	3000	miss	0
FM	78	Picture	22	2588921	0	1	3167	2	0	3000	hit	142
FM	78	Response	1	2592296	3375	2
FM	79	Picture	22	2621420	0	1	3167	2	0	3000	hit	144
FM	79	Response	1	2625734	4314	1
FM	80	Picture	22	2656419	0	1	3167	2	0	3000	hit	146
FM	80	Response	1	2660269	3850	1
FM	81	Picture	22	2693751	0	1	3167	2	0	3000	hit	148
FM	81	Response	1	2698389	4638	1
FM	82	Picture	22	2725750	0	2	3167	3	0	3000	hit	150
FM	82	Response	1	2730266	4516	1
FM	83	Picture	33	2761749	0	1	3167	2	0	3000	hit	152
FM	83	Response	1	2766826	5077	1
FM	84	Picture	22	2795582	0	1	3166	2	0	3000	hit	154
FM	84	Response	1	2801986	6404	1
FM	85	Picture	22	2831081	0	1	3166	2	0	3000	hit	156
FM	85	Response	1	2834638	3557	1
FM	86	Picture	22	2869579	0	2	3167	3	0	3000	hit	158
FM	86	Response	1	2873856	4277	1
FM	87	Picture	22	2902745	0	1	3167	2	0	3000	hit	160
FM	87	Response	1	2907293	4548	2
FM	88	Picture	22	2934411	0	1	3166	2	0	3000	hit	162
FM	88	Response	1	2938699	4288	1
FM	89	Picture	33	2973910	0	1	3166	2	0	3000	miss	0
FM	90	Picture	22	3002075	0	2	3167	3	0	3000	hit	165
FM	90	Response	1	3005417	3342	1
FM	91	Picture	22	3031908	0	1	3166	3	0	3000	hit	167
FM	91	Response	1	3036042	4134	1
FM	92	Picture	22	3063074	0	1	3166	2	0	3000	hit	169
FM	92	Response	1	3066823	3749	1
FM	93	Picture	22	3091573	0	1	3166	2	0	3000	hit	171
FM	93	Response	1	3096667	5094	1
FM	94	Picture	22	3125072	0	1	3166	2	0	3000	hit	173
FM	94	Response	1	3129322	4250	1
FM	95	Picture	33	3161904	0	1	3167	2	0	3000	miss	0
FM	96	Picture	22	3199403	0	1	3166	2	0	3000	hit	176
FM	96	Response	1	3204478	5075	1
FM	97	Picture	22	3230235	0	1	3167	2	0	3000	hit	178
FM	97	Response	1	3235571	5336	2
FM	98	Picture	22	3263734	0	1	3167	2	0	3000	hit	180
FM	98	Response	1	3267290	3556	1
FM	99	Picture	22	3299567	0	1	3166	2	0	3000	hit	182
FM	99	Response	1	3303852	4285	1
FM	100	Picture	22	3339065	0	1	3167	2	0	3000	hit	184
FM	100	Response	1	3342914	3849	1
FM	101	Picture	33	3376064	0	1	3167	2	0	3000	hit	186
FM	101	Response	1	3379945	3881	1
FM	102	Picture	22	3415730	0	1	3166	2	0	3000	hit	188
FM	102	Response	1	3419632	3902	1
FM	103	Picture	33	3453229	0	1	3166	2	0	3000	miss	0
FM	104	Picture	22	3488061	0	1	3166	2	0	3000	hit	191
FM	104	Response	1	3492131	4070	1
FM	105	Picture	33	3523893	0	1	3167	2	0	3000	miss	0
FM	106	Picture	22	3560059	0	1	3166	2	0	3000	hit	194
FM	106	Response	1	3564633	4574	1
FM	107	Picture	33	3598391	0	1	3166	3	0	3000	miss	0
FM	108	Picture	22	3629390	0	1	3167	2	0	3000	hit	197
FM	108	Response	1	3633537	4147	1
FM	109	Picture	22	3668889	0	1	3166	2	0	3000	hit	199
FM	109	Response	1	3673379	4490	1
FM	110	Picture	22	3700888	0	1	3166	2	0	3000	hit	201
FM	110	Response	1	3707129	6241	1
FM	111	Picture	33	3729220	0	1	3167	2	0	3000	miss	0
FM	112	Picture	22	3762053	0	1	3166	2	0	3000	hit	204
FM	112	Response	1	3765566	3513	1
FM	113	Picture	22	3792718	0	1	3167	2	0	3000	hit	206
FM	113	Response	1	3797441	4723	1
FM	114	Picture	22	3821551	0	1	3166	2	0	3000	hit	208
FM	114	Response	1	3826190	4639	2
FM	115	Picture	22	3851550	0	1	3167	2	0	3000	hit	210
FM	115	Response	1	3855256	3706	1
FM	116	Picture	22	3884382	0	1	3167	2	0	3000	hit	212
FM	116	Response	1	3888065	3683	1
FM	117	Picture	22	3914215	0	1	3166	2	0	3000	hit	214
FM	117	Response	1	3918846	4631	1
FM	118	Picture	22	3950380	0	1	3167	2	0	3000	hit	216
FM	118	Response	1	3954158	3778	1
FM	119	Picture	33	3988879	0	1	3167	2	0	3000	miss	0
FM	120	Picture	22	4028378	0	1	3167	2	0	3000	hit	219
FM	120	Response	1	4033063	4685	2
FM	121	Picture	22	4066377	0	1	3166	2	0	3000	hit	221
FM	121	Response	1	4070094	3717	1
FM	122	Picture	22	4104042	0	1	3167	2	0	3000	hit	223
FM	122	Response	1	4108531	4489	1
FM	123	Picture	22	4143041	0	1	3167	2	0	3000	hit	225
FM	123	Response	1	4147437	4396	2
FM	124	Picture	22	4182040	0	1	3167	2	0	3000	hit	227
FM	124	Response	1	4185405	3365	2
FM	125	Picture	33	4210706	0	1	3166	2	0	3000	miss	0
FM	126	Picture	22	4244871	0	2	3167	3	0	3000	hit	230
FM	126	Response	1	4248842	3971	2
FM	127	Picture	33	4282870	0	1	3167	2	0	3000	hit	232
FM	127	Response	1	4286186	3316	1
FM	128	Picture	22	4317536	0	1	3167	2	0	3000	hit	234
FM	128	Response	1	4322435	4899	2
FM	129	Picture	22	4353368	0	1	3167	2	0	3000	hit	236
FM	129	Response	1	4356185	2817	2
FM	130	Picture	22	4383534	0	1	3167	2	0	3000	hit	238
FM	130	Response	1	4387747	4213	1
FM	131	Picture	33	4417200	0	1	3166	2	0	3000	miss	0
FM	132	Picture	22	4449199	0	1	3166	2	0	3000	hit	241
FM	132	Response	1	4454309	5110	1
FM	133	Picture	22	4487031	0	1	3166	2	0	3000	hit	243
FM	133	Response	1	4491496	4465	1
FM	134	Picture	22	4527030	0	1	3166	2	0	3000	hit	245
FM	134	Response	1	4530715	3685	1
FM	135	Picture	22	4563195	0	1	3167	2	0	3000	hit	247
FM	135	Response	1	4569777	6582	1
FM	136	Picture	22	4596528	0	1	3166	2	0	3000	hit	249
FM	136	Response	1	4601339	4811	1
FM	137	Picture	22	4635693	0	1	3167	2	0	3000	hit	251
FM	137	Response	1	4639776	4083	1
FM	138	Picture	22	4674359	0	1	3166	2	0	3000	hit	253
FM	138	Response	1	4678213	3854	1
FM	139	Picture	33	4704858	0	1	3166	2	0	3000	miss	0
FM	140	Picture	22	4734690	0	1	3167	2	0	3000	hit	256
FM	140	Response	1	4738994	4304	1
FM	141	Picture	33	4770022	0	1	3167	2	0	3000	miss	0
FM	142	Picture	22	4803855	0	1	3166	2	0	3000	hit	259
FM	142	Response	1	4808837	4982	1
FM	143	Picture	22	4842853	0	2	3167	3	0	3000	hit	261
FM	143	Response	1	4846805	3952	1
FM	144	Picture	22	4874186	0	1	3166	2	0	3000	hit	263
FM	144	Response	1	4878055	3869	1
FM	145	Picture	22	4903518	0	1	3167	2	0	3000	hit	265
FM	145	Response	1	4907586	4068	1
FM	146	Picture	22	4936851	0	1	3166	2	0	3000	hit	267
FM	146	Response	1	4940867	4016	1
FM	147	Picture	33	4973016	0	1	3167	2	0	3000	miss	0
FM	148	Picture	22	5007515	0	1	3167	2	0	3000	hit	270
FM	148	Response	1	5010866	3351	1
FM	149	Picture	22	5042348	0	1	3166	2	0	3000	hit	272
FM	149	Response	1	5047741	5393	1
FM	150	Picture	22	5071013	0	1	3167	2	0	3000	hit	274
FM	150	Response	1	5076021	5008	2
FM	151	Picture	33	5101012	0	1	3167	2	0	3000	miss	0
FM	152	Response	1	7158033	2023355	1
FM	154	Picture	22	7168284	0	1	3166	2	0	3000	hit	278
FM	154	Response	1	7177563	9279	1
FM	155	Picture	22	7199449	0	1	3167	2	0	3000	hit	280
FM	155	Response	1	7203501	4052	1
FM	156	Picture	22	7228448	0	2	3167	3	0	3000	hit	282
FM	156	Response	1	7231782	3334	1
FM	157	Picture	22	7256614	0	1	3167	2	0	3000	hit	284
FM	157	Response	1	7259906	3292	2
FM	158	Picture	22	7287613	0	1	3167	2	0	3000	hit	286
FM	158	Response	1	7291156	3543	1
FM	159	Picture	22	7316612	0	2	3167	3	0	3000	hit	288
FM	159	Response	1	7320374	3762	2
FM	160	Picture	22	7352111	0	2	3167	3	0	3000	hit	290
FM	160	Response	1	7355062	2951	1
FM	161	Picture	33	7387110	0	1	3167	2	0	3000	hit	292
FM	161	Response	1	7390842	3732	2
FM	162	Picture	22	7417609	0	2	3167	3	0	3000	hit	294
FM	162	Response	1	7421467	3858	1
FM	163	Picture	22	7446109	0	1	3166	2	0	3000	hit	296
FM	163	Response	1	7449279	3170	2
FM	164	Picture	22	7485441	0	1	3166	2	0	3000	hit	298
FM	164	Response	1	7488967	3526	1
FM	165	Picture	22	7515940	0	1	3166	2	0	3000	hit	300
FM	165	Response	1	7520373	4433	1
FM	166	Picture	22	7546272	0	1	3167	2	0	3000	hit	302
FM	166	Response	1	7550372	4100	1
FM	167	Picture	33	7580438	0	1	3166	3	0	3000	miss	0
FM	168	Picture	22	7608937	0	1	3167	2	0	3000	hit	305
FM	168	Response	1	7613497	4560	1
FM	169	Picture	22	7638436	0	1	3167	2	0	3000	hit	307
FM	169	Response	1	7644121	5685	1
FM	170	Picture	22	7670435	0	1	3167	2	0	3000	hit	309
FM	170	Response	1	7675217	4782	1
FM	171	Picture	22	7700434	0	1	3167	2	0	3000	hit	311
FM	171	Response	1	7705059	4625	1
FM	172	Picture	22	7730767	0	1	3166	2	0	3000	hit	313
FM	172	Response	1	7734745	3978	2
FM	173	Picture	22	7768266	0	1	3166	2	0	3000	hit	315
FM	173	Response	1	7771620	3354	1
FM	174	Picture	22	7806598	0	1	3166	2	0	3000	hit	317
FM	174	Response	1	7810058	3460	1
FM	175	Picture	33	7838097	0	1	3166	2	0	3000	hit	319
FM	175	Response	1	7842557	4460	1
FM	176	Picture	22	7867263	0	1	3166	2	0	3000	hit	321
FM	176	Response	1	7871775	4512	1
FM	177	Picture	22	7902595	0	1	3166	3	0	3000	hit	323
FM	177	Response	1	7905838	3243	1
FM	178	Picture	22	7932094	0	1	3167	2	0	3000	hit	325
FM	178	Response	1	7938181	6087	1
FM	179	Picture	33	7969593	0	1	3166	3	0	3000	miss	0
FM	180	Picture	22	7997759	0	1	3166	2	0	3000	hit	328
FM	180	Response	1	8001305	3546	1
FM	181	Picture	22	8029258	0	1	3166	2	0	3000	hit	330
FM	181	Response	1	8034117	4859	2
FM	182	Picture	22	8067923	0	1	3167	2	0	3000	hit	332
FM	182	Response	1	8071773	3850	2
FM	183	Picture	22	8105255	0	2	3167	3	0	3000	hit	334
FM	183	Response	1	8108492	3237	1
FM	184	Picture	22	8140088	0	1	3166	2	0	3000	hit	336
FM	184	Response	1	8143960	3872	1
FM	185	Picture	33	8177920	0	1	3167	2	0	3000	hit	338
FM	185	Response	1	8181772	3852	1
FM	186	Picture	22	8215252	0	1	3167	2	0	3000	hit	340
FM	186	Response	1	8218647	3395	1
FM	187	Picture	33	8250418	0	1	3166	2	0	3000	miss	0
FM	188	Picture	22	8290583	0	1	3167	2	0	3000	hit	343
FM	188	Response	1	8293959	3376	1
FM	189	Picture	22	8323749	0	1	3166	3	0	3000	hit	345
FM	189	Response	1	8328646	4897	1
FM	190	Picture	22	8363581	0	1	3167	2	0	3000	hit	347
FM	190	Response	1	8367552	3971	1
FM	191	Picture	22	8400080	0	1	3166	3	0	3000	hit	349
FM	191	Response	1	8404114	4034	1
FM	192	Picture	22	8434246	0	1	3166	2	0	3000	hit	351
FM	192	Response	1	8438645	4399	1
FM	193	Picture	33	8470911	0	1	3167	2	0	3000	miss	0
FM	194	Picture	22	8504743	0	2	3167	3	0	3000	hit	354
FM	194	Response	1	8509738	4995	1
FM	195	Picture	22	8541409	0	1	3167	2	0	3000	hit	356
FM	195	Response	1	8545362	3953	1
FM	196	Picture	22	8580908	0	1	3166	2	0	3000	hit	358
FM	196	Response	1	8586924	6016	2
FM	197	Picture	22	8614740	0	1	3167	2	0	3000	hit	360
FM	197	Response	1	8619268	4528	1
FM	198	Picture	22	8650906	0	1	3166	2	0	3000	hit	362
FM	198	Response	1	8655674	4768	1
FM	199	Picture	33	8689405	0	1	3166	2	0	3000	miss	0
FM	200	Picture	22	8722404	0	1	3166	2	0	3000	hit	365
FM	200	Response	1	8726611	4207	1
FM	201	Picture	22	8757903	0	1	3166	2	0	3000	hit	367
FM	201	Response	1	8762548	4645	1
FM	202	Picture	22	8796735	0	1	3166	2	0	3000	hit	369
FM	202	Response	1	8801297	4562	1
FM	203	Picture	33	8833067	0	1	3166	3	0	3000	hit	371
FM	203	Response	1	8836609	3542	1
FM	204	Picture	22	8871899	0	1	3167	2	0	3000	hit	373
FM	204	Response	1	8877547	5648	1
FM	205	Picture	22	8904398	0	1	3167	2	0	3000	hit	375
FM	205	Response	1	8911297	6899	1
FM	206	Picture	22	8937897	0	1	3167	2	0	3000	hit	377
FM	206	Response	1	8943015	5118	1
FM	207	Picture	33	8972563	0	1	3166	2	0	3000	hit	379
FM	207	Response	1	8976139	3576	1
FM	208	Picture	22	9008395	0	1	3167	2	0	3000	hit	381
FM	208	Response	1	9012701	4306	2
FM	209	Picture	22	9043394	0	1	3167	2	0	3000	hit	383
FM	209	Response	1	9047389	3995	1
FM	210	Picture	22	9072560	0	1	3166	2	0	3000	hit	385
FM	210	Response	1	9077232	4672	1
FM	211	Picture	33	9102892	0	1	3167	2	0	3000	miss	0
FM	212	Picture	22	9140724	0	1	3167	2	0	3000	hit	388
FM	212	Response	1	9145044	4320	1
FM	213	Picture	22	9171390	0	1	3167	2	0	3000	hit	390
FM	213	Response	1	9176762	5372	1
FM	214	Picture	22	9204556	0	1	3166	2	0	3000	hit	392
FM	214	Response	1	9209418	4862	1
FM	215	Picture	22	9241055	0	1	3166	2	0	3000	hit	394
FM	215	Response	1	9246452	5397	1
FM	216	Picture	22	9278887	0	1	3166	2	0	3000	hit	396
FM	216	Response	1	9284731	5844	1
FM	217	Picture	33	9312219	0	1	3167	2	0	3000	miss	0
FM	218	Picture	22	9350385	0	1	3166	2	0	3000	hit	399
FM	218	Response	1	9353948	3563	1
FM	219	Picture	22	9387217	0	1	3166	3	0	3000	hit	401
FM	219	Response	1	9392541	5324	2
FM	220	Picture	22	9419716	0	1	3167	2	0	3000	hit	403
FM	220	Response	1	9424104	4388	1
FM	221	Picture	22	9450382	0	1	3166	2	0	3000	hit	405
FM	221	Response	1	9456759	6377	2
FM	222	Picture	22	9486214	0	1	3167	2	0	3000	hit	407
FM	222	Response	1	9490822	4608	1
FM	223	Picture	33	9517880	0	1	3166	2	0	3000	miss	0
FM	224	Picture	22	9546379	0	1	3166	2	0	3000	hit	410
FM	224	Response	1	9549571	3192	1
FM	225	Picture	22	9574545	0	1	3166	2	0	3000	hit	412
FM	225	Response	1	9578946	4401	1
FM	226	Picture	22	9610044	0	1	3166	2	0	3000	hit	414
FM	226	Response	1	9614258	4214	1
FM	227	Picture	22	9646876	0	1	3166	2	0	3000	hit	416
FM	227	Response	1	9652070	5194	1
FM	228	Picture	22	9678708	0	1	3167	2	0	3000	hit	418
FM	228	Response	1	9684257	5549	1
FM	229	Picture	22	9715540	0	1	3167	2	0	3000	hit	420
FM	229	Response	1	9720661	5121	2
FM	230	Picture	22	9747373	0	1	3166	2	0	3000	hit	422
FM	230	Response	1	9753944	6571	1
FM	231	Picture	33	9787205	0	1	3166	3	0	3000	miss	0
FM	232	Picture	22	9816371	0	1	3166	2	0	3000	hit	425
FM	232	Response	1	9820037	3666	1
FM	233	Picture	22	9849036	0	1	3167	2	0	3000	hit	427
FM	233	Response	1	9854256	5220	1
FM	234	Picture	22	9879035	0	2	3167	3	0	3000	hit	429
FM	234	Response	1	9884724	5689	1
FM	235	Picture	22	9908868	0	1	3166	3	0	3000	hit	431
FM	235	Response	1	9914567	5699	2
FM	236	Picture	22	9943867	0	1	3166	2	0	3000	hit	433
FM	236	Response	1	9947536	3669	1
FM	237	Picture	33	9983532	0	1	3167	2	0	3000	miss	0
FM	238	Picture	22	10017865	0	1	3166	2	0	3000	hit	436
FM	238	Response	1	10021754	3889	1
FM	239	Picture	22	10049864	0	1	3166	2	0	3000	hit	438
FM	239	Response	1	10054410	4546	1
FM	240	Picture	22	10083363	0	1	3166	2	0	3000	hit	440
FM	240	Response	1	10087691	4328	1
FM	241	Picture	22	10122861	0	2	3167	3	0	3000	hit	442
FM	241	Response	1	10125972	3111	1
FM	242	Picture	22	10159860	0	1	3167	2	0	3000	hit	444
FM	242	Response	1	10163784	3924	1
FM	243	Picture	33	10191193	0	1	3166	2	0	3000	miss	0
FM	244	Picture	22	10219525	0	1	3167	2	0	3000	hit	447
FM	244	Response	1	10223471	3946	1
FM	245	Picture	22	10254524	0	1	3167	2	0	3000	hit	449
FM	245	Response	1	10261283	6759	1
FM	246	Picture	22	10289523	0	1	3167	2	0	3000	hit	451
FM	246	Response	1	10293626	4103	2
FM	247	Picture	33	10329355	0	1	3167	2	0	3000	miss	0
FM	248	Picture	22	10366521	0	1	3166	2	0	3000	hit	454
FM	248	Response	1	10371126	4605	1
FM	249	Picture	22	10398353	0	1	3167	2	0	3000	hit	456
FM	249	Response	1	10403000	4647	2
FM	250	Picture	22	10434019	0	1	3166	2	0	3000	hit	458
FM	250	Response	1	10438781	4762	1
FM	251	Picture	33	10468184	0	2	3167	3	0	3000	miss	0
FM	252	Picture	22	10504017	0	1	3166	2	0	3000	hit	461
FM	252	Response	1	10509093	5076	1
FM	253	Picture	22	10540182	0	1	3167	2	0	3000	hit	463
FM	253	Response	1	10545499	5317	1
FM	254	Picture	22	10578848	0	1	3166	2	0	3000	hit	465
FM	254	Response	1	10582217	3369	1
FM	255	Picture	33	10608680	0	1	3167	2	0	3000	miss	0
FM	256	Picture	22	10639846	0	1	3167	2	0	3000	hit	468
FM	256	Response	1	10650810	10964	1
FM	257	Picture	33	10674512	0	1	3166	2	0	3000	miss	0
FM	258	Picture	22	10703011	0	1	3166	2	0	3000	hit	471
FM	258	Response	1	10708310	5299	1
FM	259	Picture	22	10732010	0	1	3166	2	0	3000	hit	473
FM	259	Response	1	10737684	5674	1
FM	260	Picture	22	10768342	0	1	3167	2	0	3000	hit	475
FM	260	Response	1	10772059	3717	1
FM	261	Picture	33	10805674	0	1	3167	2	0	3000	hit	477
FM	261	Response	1	10809559	3885	1
FM	262	Picture	22	10837173	0	1	3167	2	0	3000	hit	479
FM	262	Response	1	10842214	5041	2
FM	263	Picture	22	10866839	0	1	3167	2	0	3000	hit	481
FM	263	Response	1	10874402	7563	1
FM	264	Picture	22	10903005	0	1	3166	2	0	3000	hit	483
FM	264	Response	1	10907526	4521	2
FM	265	Picture	22	10942337	0	1	3166	2	0	3000	hit	485
FM	265	Response	1	10945964	3627	1
FM	266	Picture	22	10970669	0	1	3167	2	0	3000	hit	487
FM	266	Response	1	10975651	4982	1
FM	267	Picture	33	10998835	0	1	3167	2	0	3000	miss	0
FM	268	Picture	22	11034001	0	1	3166	2	0	3000	hit	490
FM	268	Response	1	11037994	3993	1
FM	269	Picture	33	11065000	0	1	3166	2	0	3000	miss	0
FM	270	Picture	22	11094332	0	1	3167	2	0	3000	hit	493
FM	270	Response	1	11098149	3817	2
FM	271	Picture	22	11124165	0	1	3166	2	0	3000	hit	495
FM	271	Response	1	11128462	4297	1
FM	272	Picture	22	11155497	0	1	3167	2	0	3000	hit	497
FM	272	Response	1	11159555	4058	1
FM	273	Picture	22	11190163	0	1	3166	2	0	3000	hit	499
FM	273	Response	1	11194555	4392	1
FM	274	Picture	22	11222162	0	1	3166	2	0	3000	hit	501
FM	274	Response	1	11227054	4892	2
FM	275	Picture	33	11257661	0	1	3166	2	0	3000	miss	0
FM	276	Picture	22	11293826	0	1	3167	2	0	3000	hit	504
FM	276	Response	1	11297523	3697	1
FM	277	Picture	33	11327825	0	1	3167	2	0	3000	miss	0
FM	278	Picture	22	11361158	0	1	3166	2	0	3000	hit	507
FM	278	Response	1	11365959	4801	1
FM	279	Picture	22	11400656	0	2	3167	3	0	3000	hit	509
FM	279	Response	1	11405021	4365	2
FM	280	Picture	22	11440489	0	1	3166	2	0	3000	hit	511
FM	280	Response	1	11445021	4532	1
FM	281	Picture	22	11474988	0	1	3166	2	0	3000	hit	513
FM	281	Response	1	11480178	5190	2
FM	282	Picture	22	11514820	0	1	3166	2	0	3000	hit	515
FM	282	Response	1	11519395	4575	1
FM	283	Picture	33	11544652	0	1	3167	2	0	3000	miss	0
FM	284	Picture	22	11580651	0	1	3167	2	0	3000	hit	518
FM	284	Response	1	11587676	7025	1
FM	285	Picture	22	11616650	0	1	3166	3	0	3000	hit	520
FM	285	Response	1	11622051	5401	1
FM	286	Picture	22	11649316	0	1	3166	2	0	3000	hit	522
FM	286	Response	1	11652676	3360	1
FM	287	Picture	22	11683148	0	1	3166	3	0	3000	hit	524
FM	287	Response	1	11686894	3746	1
FM	288	Picture	22	11722313	0	2	3167	3	0	3000	hit	526
FM	288	Response	1	11725956	3643	1
FM	289	Picture	33	11753812	0	2	3167	3	0	3000	miss	0
FM	290	Picture	22	11784978	0	1	3167	2	0	3000	hit	529
FM	290	Response	1	11792049	7071	1
FM	291	Picture	22	11820810	0	2	3167	3	0	3000	hit	531
FM	291	Response	1	11824236	3426	1
FM	292	Picture	22	11849310	0	1	3166	2	0	3000	hit	533
FM	292	Response	1	11853298	3988	1
FM	293	Picture	22	11886308	0	2	3167	3	0	3000	hit	535
FM	293	Response	1	11890329	4021	2
FM	294	Picture	22	11922807	0	1	3167	2	0	3000	hit	537
FM	294	Response	1	11926735	3928	1
FM	295	Picture	33	11960640	0	1	3166	2	0	3000	miss	0
FM	296	Picture	22	11998638	0	2	3167	3	0	3000	hit	540
FM	296	Response	1	12002985	4347	1
FM	297	Picture	22	12029138	0	1	3166	2	0	3000	hit	542
FM	297	Response	1	12032672	3534	1
FM	298	Picture	22	12065303	0	1	3167	2	0	3000	hit	544
FM	298	Response	1	12070172	4869	1
FM	299	Picture	22	12105135	0	1	3167	2	0	3000	hit	546
FM	299	Response	1	12109858	4723	1
FM	300	Picture	22	12140467	0	2	3167	3	0	3000	hit	548
FM	300	Response	1	12143921	3454	1
FM	301	Picture	33	12177466	0	1	3167	2	0	3000	miss	0
FM	302	Picture	22	12212965	0	1	3167	2	0	3000	hit	551
FM	302	Response	1	12216888	3923	1
FM	303	Picture	22	12244964	0	1	3167	2	0	3000	hit	553
FM	303	Response	1	12249701	4737	1
FM	304	Picture	22	12277463	0	1	3167	2	0	3000	hit	555
FM	304	Response	1	12281892	4429	1
FM	305	Picture	33	12306796	0	1	3166	2	0	3000	miss	0


Event Type	Code	Type	Response	RT	RT Uncertainty	Time	Uncertainty	Duration	Uncertainty	ReqTime	ReqDur

Picture	22	hit	1	6365	3	332	1	3167	2	0	3000
Picture	22	hit	1	4219	2	39665	1	3166	2	0	3000
Picture	22	hit	1	3596	3	74663	2	3167	3	0	3000
Picture	33	miss				110996	1	3166	2	0	3000
Picture	22	hit	1	3868	2	142828	1	3167	2	0	3000
Picture	22	hit	1	3629	2	179160	1	3167	2	0	3000
Picture	22	hit	1	3494	2	213826	1	3167	2	0	3000
Picture	22	hit	1	4453	2	243492	1	3166	2	0	3000
Picture	22	hit	1	4652	2	272824	1	3167	2	0	3000
Picture	33	miss				306990	1	3166	2	0	3000
Picture	22	hit	1	3385	2	343155	1	3167	2	0	3000
Picture	22	hit	1	5060	2	371321	1	3167	2	0	3000
Picture	22	hit	1	4220	2	402320	1	3167	2	0	3000
Picture	22	hit	1	3812	2	436319	1	3167	2	0	3000
Picture	22	hit	1	4343	2	472818	1	3167	2	0	3000
Picture	33	hit	1	4614	2	508484	1	3166	2	0	3000
Picture	22	hit	1	8324	3	539149	2	3167	3	0	3000
Picture	22	hit	1	5971	2	574315	1	3167	2	0	3000
Picture	22	hit	1	6252	2	604814	1	3167	2	0	3000
Picture	22	hit	1	3576	3	640146	2	3167	3	0	3000
Picture	22	hit	1	4482	2	670646	1	3166	2	0	3000
Picture	33	hit	1	3910	2	707311	1	3167	2	0	3000
Picture	22	hit	1	5609	4	740143	2	3167	3	0	3000
Picture	22	hit	1	4725	2	769309	1	3167	2	0	3000
Picture	22	hit	1	5359	2	801642	1	3166	2	0	3000
Picture	22	hit	1	3882	2	835307	1	3167	2	0	3000
Picture	22	hit	1	5705	2	863640	1	3166	2	0	3000
Picture	33	miss				900472	1	3167	2	0	3000
Picture	22	hit	1	3040	2	931304	1	3167	2	0	3000
Picture	22	hit	1	4666	3	960303	2	3167	3	0	3000
Picture	22	hit	1	4249	2	994469	1	3167	2	0	3000
Picture	33	hit	1	3719	2	1025468	1	3167	2	0	3000
Picture	22	hit	1	6407	2	1062467	1	3167	2	0	3000
Picture	22	hit	1	4053	2	1097633	1	3166	2	0	3000
Picture	22	hit	1	3241	3	1133132	1	3166	2	0	3000
Picture	22	hit	1	5118	3	1170630	2	3167	3	0	3000
Picture	22	hit	1	5858	2	1208796	1	3167	2	0	3000
Picture	33	hit	1	6400	2	1242628	1	3167	2	0	3000
Picture	22	hit	1	4786	2	1273461	1	3166	2	0	3000
Picture	22	hit	1	4869	3	1302127	1	3166	2	0	3000
Picture	22	hit	1	3267	2	1332792	1	3167	2	0	3000
Picture	33	miss				1361625	1	3166	2	0	3000
Picture	22	hit	1	3434	3	1400124	1	3166	2	0	3000
Picture	22	hit	1	4935	2	1431123	1	3166	2	0	3000
Picture	22	hit	1	4790	2	1470955	1	3166	2	0	3000
Picture	33	miss				1510620	1	3167	2	0	3000
Picture	22	hit	1	3833	2	1538786	1	3167	2	0	3000
Picture	22	hit	1	3709	2	1575785	1	3167	2	0	3000
Picture	22	hit	1	3626	3	1612117	1	3167	2	0	3000
Picture	33	miss				1647116	1	3167	2	0	3000
Picture	22	hit	1	4149	2	1683782	1	3166	2	0	3000
Picture	22	hit	1	4336	2	1723281	1	3166	2	0	3000
Picture	22	hit	1	5285	3	1755613	1	3167	2	0	3000
Picture	33	miss				1794112	1	3166	2	0	3000
Picture	22	hit	1	4797	2	1825944	1	3167	2	0	3000
Picture	33	miss				1861776	2	3167	3	0	3000
Picture	22	hit	1	3486	3	1894442	1	3167	2	0	3000
Picture	22	hit	1	4914	2	1926608	1	3166	2	0	3000
Picture	22	hit	1	4155	2	1966273	1	3167	2	0	3000
Picture	22	hit	1	4311	2	2003772	1	3167	2	0	3000
Picture	22	hit	1	4083	2	2034938	1	3166	2	0	3000
Picture	22	hit	1	4105	2	2074603	1	3167	2	0	3000
Picture	22	hit	1	4303	2	2103936	1	3166	2	0	3000
Picture	33	miss				2135935	1	3166	2	0	3000
Picture	22	hit	1	3971	2	2174267	1	3167	2	0	3000
Picture	22	hit	1	4242	2	2209933	1	3166	2	0	3000
Picture	22	hit	1	3462	2	2239932	1	3166	2	0	3000
Picture	33	miss				2277097	1	3167	2	0	3000
Picture	22	hit	1	3880	2	2310763	1	3166	3	0	3000
Picture	33	miss				2345595	1	3167	2	0	3000
Picture	22	hit	1	3777	3	2384927	1	3167	2	0	3000
Picture	22	hit	1	3944	2	2419760	1	3166	2	0	3000
Picture	22	hit	1	4695	2	2450259	1	3166	2	0	3000
Picture	22	hit	1	4092	2	2484924	1	3167	2	0	3000
Picture	22	hit	1	5457	2	2520590	1	3167	2	0	3000
Picture	33	miss				2549756	1	3166	2	0	3000
Picture	22	hit	1	3375	3	2588921	1	3167	2	0	3000
Picture	22	hit	1	4314	2	2621420	1	3167	2	0	3000
Picture	22	hit	1	3850	2	2656419	1	3167	2	0	3000
Picture	22	hit	1	4638	2	2693751	1	3167	2	0	3000
Picture	22	hit	1	4516	3	2725750	2	3167	3	0	3000
Picture	33	hit	1	5077	2	2761749	1	3167	2	0	3000
Picture	22	hit	1	6404	2	2795582	1	3166	2	0	3000
Picture	22	hit	1	3557	2	2831081	1	3166	2	0	3000
Picture	22	hit	1	4277	3	2869579	2	3167	3	0	3000
Picture	22	hit	1	4548	3	2902745	1	3167	2	0	3000
Picture	22	hit	1	4288	2	2934411	1	3166	2	0	3000
Picture	33	miss				2973910	1	3166	2	0	3000
Picture	22	hit	1	3342	3	3002075	2	3167	3	0	3000
Picture	22	hit	1	4134	2	3031908	1	3166	3	0	3000
Picture	22	hit	1	3749	2	3063074	1	3166	2	0	3000
Picture	22	hit	1	5094	2	3091573	1	3166	2	0	3000
Picture	22	hit	1	4250	2	3125072	1	3166	2	0	3000
Picture	33	miss				3161904	1	3167	2	0	3000
Picture	22	hit	1	5075	2	3199403	1	3166	2	0	3000
Picture	22	hit	1	5336	3	3230235	1	3167	2	0	3000
Picture	22	hit	1	3556	2	3263734	1	3167	2	0	3000
Picture	22	hit	1	4285	2	3299567	1	3166	2	0	3000
Picture	22	hit	1	3849	2	3339065	1	3167	2	0	3000
Picture	33	hit	1	3881	2	3376064	1	3167	2	0	3000
Picture	22	hit	1	3902	2	3415730	1	3166	2	0	3000
Picture	33	miss				3453229	1	3166	2	0	3000
Picture	22	hit	1	4070	2	3488061	1	3166	2	0	3000
Picture	33	miss				3523893	1	3167	2	0	3000
Picture	22	hit	1	4574	2	3560059	1	3166	2	0	3000
Picture	33	miss				3598391	1	3166	3	0	3000
Picture	22	hit	1	4147	2	3629390	1	3167	2	0	3000
Picture	22	hit	1	4490	2	3668889	1	3166	2	0	3000
Picture	22	hit	1	6241	2	3700888	1	3166	2	0	3000
Picture	33	miss				3729220	1	3167	2	0	3000
Picture	22	hit	1	3513	2	3762053	1	3166	2	0	3000
Picture	22	hit	1	4723	2	3792718	1	3167	2	0	3000
Picture	22	hit	1	4639	3	3821551	1	3166	2	0	3000
Picture	22	hit	1	3706	2	3851550	1	3167	2	0	3000
Picture	22	hit	1	3683	2	3884382	1	3167	2	0	3000
Picture	22	hit	1	4631	2	3914215	1	3166	2	0	3000
Picture	22	hit	1	3778	2	3950380	1	3167	2	0	3000
Picture	33	miss				3988879	1	3167	2	0	3000
Picture	22	hit	1	4685	3	4028378	1	3167	2	0	3000
Picture	22	hit	1	3717	2	4066377	1	3166	2	0	3000
Picture	22	hit	1	4489	2	4104042	1	3167	2	0	3000
Picture	22	hit	1	4396	3	4143041	1	3167	2	0	3000
Picture	22	hit	1	3365	3	4182040	1	3167	2	0	3000
Picture	33	miss				4210706	1	3166	2	0	3000
Picture	22	hit	1	3971	4	4244871	2	3167	3	0	3000
Picture	33	hit	1	3316	2	4282870	1	3167	2	0	3000
Picture	22	hit	1	4899	3	4317536	1	3167	2	0	3000
Picture	22	hit	1	2817	3	4353368	1	3167	2	0	3000
Picture	22	hit	1	4213	2	4383534	1	3167	2	0	3000
Picture	33	miss				4417200	1	3166	2	0	3000
Picture	22	hit	1	5110	2	4449199	1	3166	2	0	3000
Picture	22	hit	1	4465	2	4487031	1	3166	2	0	3000
Picture	22	hit	1	3685	2	4527030	1	3166	2	0	3000
Picture	22	hit	1	6582	2	4563195	1	3167	2	0	3000
Picture	22	hit	1	4811	2	4596528	1	3166	2	0	3000
Picture	22	hit	1	4083	2	4635693	1	3167	2	0	3000
Picture	22	hit	1	3854	2	4674359	1	3166	2	0	3000
Picture	33	miss				4704858	1	3166	2	0	3000
Picture	22	hit	1	4304	2	4734690	1	3167	2	0	3000
Picture	33	miss				4770022	1	3167	2	0	3000
Picture	22	hit	1	4982	2	4803855	1	3166	2	0	3000
Picture	22	hit	1	3952	3	4842853	2	3167	3	0	3000
Picture	22	hit	1	3869	2	4874186	1	3166	2	0	3000
Picture	22	hit	1	4068	2	4903518	1	3167	2	0	3000
Picture	22	hit	1	4016	2	4936851	1	3166	2	0	3000
Picture	33	miss				4973016	1	3167	2	0	3000
Picture	22	hit	1	3351	2	5007515	1	3167	2	0	3000
Picture	22	hit	1	5393	2	5042348	1	3166	2	0	3000
Picture	22	hit	1	5008	3	5071013	1	3167	2	0	3000
Picture	33	miss				5101012	1	3167	2	0	3000
Picture	22	hit	1	9279	2	7168284	1	3166	2	0	3000
Picture	22	hit	1	4052	2	7199449	1	3167	2	0	3000
Picture	22	hit	1	3334	3	7228448	2	3167	3	0	3000
Picture	22	hit	1	3292	3	7256614	1	3167	2	0	3000
Picture	22	hit	1	3543	2	7287613	1	3167	2	0	3000
Picture	22	hit	1	3762	4	7316612	2	3167	3	0	3000
Picture	22	hit	1	2951	3	7352111	2	3167	3	0	3000
Picture	33	hit	1	3732	3	7387110	1	3167	2	0	3000
Picture	22	hit	1	3858	3	7417609	2	3167	3	0	3000
Picture	22	hit	1	3170	3	7446109	1	3166	2	0	3000
Picture	22	hit	1	3526	2	7485441	1	3166	2	0	3000
Picture	22	hit	1	4433	2	7515940	1	3166	2	0	3000
Picture	22	hit	1	4100	2	7546272	1	3167	2	0	3000
Picture	33	miss				7580438	1	3166	3	0	3000
Picture	22	hit	1	4560	2	7608937	1	3167	2	0	3000
Picture	22	hit	1	5685	2	7638436	1	3167	2	0	3000
Picture	22	hit	1	4782	2	7670435	1	3167	2	0	3000
Picture	22	hit	1	4625	2	7700434	1	3167	2	0	3000
Picture	22	hit	1	3978	3	7730767	1	3166	2	0	3000
Picture	22	hit	1	3354	2	7768266	1	3166	2	0	3000
Picture	22	hit	1	3460	2	7806598	1	3166	2	0	3000
Picture	33	hit	1	4460	2	7838097	1	3166	2	0	3000
Picture	22	hit	1	4512	2	7867263	1	3166	2	0	3000
Picture	22	hit	1	3243	2	7902595	1	3166	3	0	3000
Picture	22	hit	1	6087	2	7932094	1	3167	2	0	3000
Picture	33	miss				7969593	1	3166	3	0	3000
Picture	22	hit	1	3546	2	7997759	1	3166	2	0	3000
Picture	22	hit	1	4859	3	8029258	1	3166	2	0	3000
Picture	22	hit	1	3850	3	8067923	1	3167	2	0	3000
Picture	22	hit	1	3237	3	8105255	2	3167	3	0	3000
Picture	22	hit	1	3872	2	8140088	1	3166	2	0	3000
Picture	33	hit	1	3852	2	8177920	1	3167	2	0	3000
Picture	22	hit	1	3395	2	8215252	1	3167	2	0	3000
Picture	33	miss				8250418	1	3166	2	0	3000
Picture	22	hit	1	3376	2	8290583	1	3167	2	0	3000
Picture	22	hit	1	4897	2	8323749	1	3166	3	0	3000
Picture	22	hit	1	3971	2	8363581	1	3167	2	0	3000
Picture	22	hit	1	4034	2	8400080	1	3166	3	0	3000
Picture	22	hit	1	4399	2	8434246	1	3166	2	0	3000
Picture	33	miss				8470911	1	3167	2	0	3000
Picture	22	hit	1	4995	3	8504743	2	3167	3	0	3000
Picture	22	hit	1	3953	2	8541409	1	3167	2	0	3000
Picture	22	hit	1	6016	3	8580908	1	3166	2	0	3000
Picture	22	hit	1	4528	2	8614740	1	3167	2	0	3000
Picture	22	hit	1	4768	2	8650906	1	3166	2	0	3000
Picture	33	miss				8689405	1	3166	2	0	3000
Picture	22	hit	1	4207	2	8722404	1	3166	2	0	3000
Picture	22	hit	1	4645	2	8757903	1	3166	2	0	3000
Picture	22	hit	1	4562	2	8796735	1	3166	2	0	3000
Picture	33	hit	1	3542	2	8833067	1	3166	3	0	3000
Picture	22	hit	1	5648	2	8871899	1	3167	2	0	3000
Picture	22	hit	1	6899	2	8904398	1	3167	2	0	3000
Picture	22	hit	1	5118	2	8937897	1	3167	2	0	3000
Picture	33	hit	1	3576	2	8972563	1	3166	2	0	3000
Picture	22	hit	1	4306	3	9008395	1	3167	2	0	3000
Picture	22	hit	1	3995	2	9043394	1	3167	2	0	3000
Picture	22	hit	1	4672	2	9072560	1	3166	2	0	3000
Picture	33	miss				9102892	1	3167	2	0	3000
Picture	22	hit	1	4320	2	9140724	1	3167	2	0	3000
Picture	22	hit	1	5372	2	9171390	1	3167	2	0	3000
Picture	22	hit	1	4862	2	9204556	1	3166	2	0	3000
Picture	22	hit	1	5397	2	9241055	1	3166	2	0	3000
Picture	22	hit	1	5844	2	9278887	1	3166	2	0	3000
Picture	33	miss				9312219	1	3167	2	0	3000
Picture	22	hit	1	3563	2	9350385	1	3166	2	0	3000
Picture	22	hit	1	5324	3	9387217	1	3166	3	0	3000
Picture	22	hit	1	4388	2	9419716	1	3167	2	0	3000
Picture	22	hit	1	6377	3	9450382	1	3166	2	0	3000
Picture	22	hit	1	4608	2	9486214	1	3167	2	0	3000
Picture	33	miss				9517880	1	3166	2	0	3000
Picture	22	hit	1	3192	2	9546379	1	3166	2	0	3000
Picture	22	hit	1	4401	2	9574545	1	3166	2	0	3000
Picture	22	hit	1	4214	2	9610044	1	3166	2	0	3000
Picture	22	hit	1	5194	2	9646876	1	3166	2	0	3000
Picture	22	hit	1	5549	2	9678708	1	3167	2	0	3000
Picture	22	hit	1	5121	3	9715540	1	3167	2	0	3000
Picture	22	hit	1	6571	2	9747373	1	3166	2	0	3000
Picture	33	miss				9787205	1	3166	3	0	3000
Picture	22	hit	1	3666	2	9816371	1	3166	2	0	3000
Picture	22	hit	1	5220	2	9849036	1	3167	2	0	3000
Picture	22	hit	1	5689	3	9879035	2	3167	3	0	3000
Picture	22	hit	1	5699	3	9908868	1	3166	3	0	3000
Picture	22	hit	1	3669	2	9943867	1	3166	2	0	3000
Picture	33	miss				9983532	1	3167	2	0	3000
Picture	22	hit	1	3889	2	10017865	1	3166	2	0	3000
Picture	22	hit	1	4546	2	10049864	1	3166	2	0	3000
Picture	22	hit	1	4328	2	10083363	1	3166	2	0	3000
Picture	22	hit	1	3111	3	10122861	2	3167	3	0	3000
Picture	22	hit	1	3924	2	10159860	1	3167	2	0	3000
Picture	33	miss				10191193	1	3166	2	0	3000
Picture	22	hit	1	3946	2	10219525	1	3167	2	0	3000
Picture	22	hit	1	6759	2	10254524	1	3167	2	0	3000
Picture	22	hit	1	4103	3	10289523	1	3167	2	0	3000
Picture	33	miss				10329355	1	3167	2	0	3000
Picture	22	hit	1	4605	2	10366521	1	3166	2	0	3000
Picture	22	hit	1	4647	3	10398353	1	3167	2	0	3000
Picture	22	hit	1	4762	2	10434019	1	3166	2	0	3000
Picture	33	miss				10468184	2	3167	3	0	3000
Picture	22	hit	1	5076	2	10504017	1	3166	2	0	3000
Picture	22	hit	1	5317	2	10540182	1	3167	2	0	3000
Picture	22	hit	1	3369	2	10578848	1	3166	2	0	3000
Picture	33	miss				10608680	1	3167	2	0	3000
Picture	22	hit	1	10964	2	10639846	1	3167	2	0	3000
Picture	33	miss				10674512	1	3166	2	0	3000
Picture	22	hit	1	5299	2	10703011	1	3166	2	0	3000
Picture	22	hit	1	5674	2	10732010	1	3166	2	0	3000
Picture	22	hit	1	3717	2	10768342	1	3167	2	0	3000
Picture	33	hit	1	3885	2	10805674	1	3167	2	0	3000
Picture	22	hit	1	5041	3	10837173	1	3167	2	0	3000
Picture	22	hit	1	7563	2	10866839	1	3167	2	0	3000
Picture	22	hit	1	4521	3	10903005	1	3166	2	0	3000
Picture	22	hit	1	3627	2	10942337	1	3166	2	0	3000
Picture	22	hit	1	4982	2	10970669	1	3167	2	0	3000
Picture	33	miss				10998835	1	3167	2	0	3000
Picture	22	hit	1	3993	2	11034001	1	3166	2	0	3000
Picture	33	miss				11065000	1	3166	2	0	3000
Picture	22	hit	1	3817	3	11094332	1	3167	2	0	3000
Picture	22	hit	1	4297	2	11124165	1	3166	2	0	3000
Picture	22	hit	1	4058	2	11155497	1	3167	2	0	3000
Picture	22	hit	1	4392	2	11190163	1	3166	2	0	3000
Picture	22	hit	1	4892	3	11222162	1	3166	2	0	3000
Picture	33	miss				11257661	1	3166	2	0	3000
Picture	22	hit	1	3697	2	11293826	1	3167	2	0	3000
Picture	33	miss				11327825	1	3167	2	0	3000
Picture	22	hit	1	4801	2	11361158	1	3166	2	0	3000
Picture	22	hit	1	4365	4	11400656	2	3167	3	0	3000
Picture	22	hit	1	4532	2	11440489	1	3166	2	0	3000
Picture	22	hit	1	5190	3	11474988	1	3166	2	0	3000
Picture	22	hit	1	4575	2	11514820	1	3166	2	0	3000
Picture	33	miss				11544652	1	3167	2	0	3000
Picture	22	hit	1	7025	2	11580651	1	3167	2	0	3000
Picture	22	hit	1	5401	2	11616650	1	3166	3	0	3000
Picture	22	hit	1	3360	2	11649316	1	3166	2	0	3000
Picture	22	hit	1	3746	2	11683148	1	3166	3	0	3000
Picture	22	hit	1	3643	3	11722313	2	3167	3	0	3000
Picture	33	miss				11753812	2	3167	3	0	3000
Picture	22	hit	1	7071	2	11784978	1	3167	2	0	3000
Picture	22	hit	1	3426	3	11820810	2	3167	3	0	3000
Picture	22	hit	1	3988	2	11849310	1	3166	2	0	3000
Picture	22	hit	1	4021	4	11886308	2	3167	3	0	3000
Picture	22	hit	1	3928	2	11922807	1	3167	2	0	3000
Picture	33	miss				11960640	1	3166	2	0	3000
Picture	22	hit	1	4347	3	11998638	2	3167	3	0	3000
Picture	22	hit	1	3534	2	12029138	1	3166	2	0	3000
Picture	22	hit	1	4869	2	12065303	1	3167	2	0	3000
Picture	22	hit	1	4723	2	12105135	1	3167	2	0	3000
Picture	22	hit	1	3454	3	12140467	2	3167	3	0	3000
Picture	33	miss				12177466	1	3167	2	0	3000
Picture	22	hit	1	3923	2	12212965	1	3167	2	0	3000
Picture	22	hit	1	4737	2	12244964	1	3167	2	0	3000
Picture	22	hit	1	4429	2	12277463	1	3167	2	0	3000
Picture	33	miss				12306796	1	3166	2	0	3000
