Scenario - GO/NO-GO
Logfile written - 09/07/2012 13:41:10

Subject	Trial	Event Type	Code	Time	TTime	Uncertainty	Duration	Uncertainty	ReqTime	ReqDur	Stim Type	Pair Index

FM	2	Picture	22	332	0	1	3167	2	0	3000	miss	0
FM	3	Picture	22	9165	0	2	3167	3	0	3000	hit	3
FM	3	Response	1	9543	378	1
FM	3	Response	1	17668	8503	1
FM	4	Picture	22	19665	0	1	3167	2	0	3000	hit	6
FM	4	Response	1	24699	5034	1
FM	5	Picture	22	29665	0	1	3166	2	0	3000	hit	8
FM	5	Response	1	32980	3315	1
FM	6	Picture	22	40164	0	2	3167	3	0	3000	hit	10
FM	6	Response	1	43292	3128	1
FM	7	Picture	33	49664	0	1	3167	2	0	3000	miss	0
FM	8	Picture	22	58164	0	1	3167	2	0	3000	hit	13
FM	8	Response	1	61417	3253	1
FM	9	Picture	22	66664	0	1	3166	2	0	3000	hit	15
FM	9	Response	1	71730	5066	1
FM	10	Picture	22	74997	0	1	3166	2	0	3000	hit	17
FM	10	Response	1	78606	3609	1
FM	11	Picture	33	83996	0	2	3167	3	0	3000	miss	0
FM	12	Picture	22	93996	0	1	3167	2	0	3000	hit	20
FM	12	Response	1	96261	2265	1
FM	13	Picture	33	102163	0	1	3166	2	0	3000	miss	0
FM	14	Picture	22	110329	0	1	3167	2	0	3000	hit	23
FM	14	Response	1	113448	3119	1
FM	15	Picture	22	120329	0	1	3166	2	0	3000	hit	25
FM	15	Response	1	125010	4681	1
FM	16	Picture	22	129828	0	2	3167	3	0	3000	hit	27
FM	16	Response	1	133760	3932	1
FM	17	Picture	22	140161	0	2	3167	3	0	3000	hit	29
FM	17	Response	1	143608	3447	1
FM	18	Picture	22	149828	0	1	3166	2	0	3000	hit	31
FM	18	Response	1	153291	3463	2
FM	19	Picture	22	158661	0	1	3166	3	0	3000	hit	33
FM	19	Response	1	162197	3536	1
FM	20	Picture	22	167494	0	1	3167	2	0	3000	hit	35
FM	20	Response	1	171416	3922	1
FM	21	Picture	33	176327	0	1	3167	2	0	3000	hit	37
FM	21	Response	1	185166	8839	1
FM	22	Picture	22	185660	0	1	3167	2	0	3000	miss	0
FM	23	Picture	22	194993	0	1	3167	2	0	3000	hit	40
FM	23	Response	1	198760	3767	1
FM	24	Picture	22	205326	0	1	3167	2	0	3000	hit	42
FM	24	Response	1	208916	3590	1
FM	25	Picture	22	215826	0	1	3166	2	0	3000	hit	44
FM	25	Response	1	221259	5433	2
FM	26	Picture	22	224659	0	1	3166	3	0	3000	hit	46
FM	26	Response	1	231259	6600	1
FM	27	Picture	33	234159	0	1	3166	2	0	3000	hit	48
FM	27	Response	1	242197	8038	1
FM	28	Picture	22	244825	0	1	3167	2	0	3000	miss	0
FM	29	Picture	22	255491	0	1	3167	2	0	3000	hit	51
FM	29	Response	1	258290	2799	1
FM	30	Picture	22	265991	0	1	3167	2	0	3000	hit	53
FM	30	Response	1	269071	3080	1
FM	31	Picture	33	275657	0	1	3167	2	0	3000	miss	0
FM	32	Picture	22	283990	0	2	3167	3	0	3000	hit	56
FM	32	Response	1	286728	2738	1
FM	33	Picture	22	293657	0	1	3166	2	0	3000	hit	58
FM	33	Response	1	297665	4008	1
FM	34	Picture	22	303490	0	1	3166	3	0	3000	hit	60
FM	34	Response	1	307196	3706	1
FM	35	Picture	22	312490	0	1	3166	2	0	3000	hit	62
FM	35	Response	1	316727	4237	2
FM	36	Picture	22	320656	0	1	3167	2	0	3000	hit	64
FM	36	Response	1	325477	4821	1
FM	37	Picture	22	329322	0	2	3167	3	0	3000	hit	66
FM	37	Response	1	334227	4905	1
FM	38	Picture	22	338655	0	2	3167	3	0	3000	hit	68
FM	38	Response	1	343604	4949	1
FM	39	Picture	33	349155	0	1	3167	2	0	3000	hit	70
FM	39	Response	1	356727	7572	1
FM	40	Picture	22	359322	0	1	3166	2	0	3000	hit	72
FM	40	Response	1	368605	9283	1
FM	41	Picture	22	369988	0	1	3166	3	0	3000	hit	74
FM	41	Response	1	378133	8145	1
FM	42	Picture	22	379154	0	1	3167	2	0	3000	miss	0
FM	43	Picture	22	390154	0	1	3167	2	0	3000	hit	77
FM	43	Response	1	393744	3590	1
FM	44	Picture	22	398820	0	1	3167	2	0	3000	hit	79
FM	44	Response	1	402351	3531	1
FM	45	Picture	33	409487	0	1	3166	2	0	3000	miss	0
FM	46	Picture	22	417820	0	1	3166	2	0	3000	hit	82
FM	46	Response	1	422820	5000	1
FM	47	Picture	22	427653	0	1	3166	2	0	3000	hit	84
FM	47	Response	1	432351	4698	1
FM	48	Picture	22	437986	0	1	3166	2	0	3000	hit	86
FM	48	Response	1	442351	4365	1
FM	49	Picture	22	448152	0	1	3167	2	0	3000	hit	88
FM	49	Response	1	451726	3574	1
FM	50	Picture	22	458819	0	1	3166	2	0	3000	hit	90
FM	50	Response	1	462195	3376	1
FM	51	Picture	33	468652	0	1	3166	2	0	3000	hit	92
FM	51	Response	1	471882	3230	1
FM	52	Picture	22	479485	0	1	3166	2	0	3000	hit	94
FM	52	Response	1	484382	4897	1
FM	53	Picture	22	488151	0	1	3167	2	0	3000	hit	96
FM	53	Response	1	492819	4668	1
FM	54	Picture	22	496651	0	1	3166	2	0	3000	hit	98
FM	54	Response	1	500163	3512	1
FM	55	Picture	22	506984	0	1	3166	2	0	3000	hit	100
FM	55	Response	1	510944	3960	1
FM	56	Picture	22	515817	0	1	3166	2	0	3000	hit	102
FM	56	Response	1	519851	4034	1
FM	57	Picture	22	525650	0	1	3166	2	0	3000	hit	104
FM	57	Response	1	529538	3888	1
FM	58	Picture	22	533816	0	1	3167	2	0	3000	hit	106
FM	58	Response	1	539069	5253	1
FM	59	Picture	33	543983	0	1	3166	2	0	3000	miss	0
FM	60	Picture	22	554982	0	1	3167	2	0	3000	hit	109
FM	60	Response	1	557819	2837	1
FM	61	Picture	22	563149	0	1	3166	2	0	3000	hit	111
FM	61	Response	1	568131	4982	1
FM	62	Picture	22	572648	0	2	3167	3	0	3000	hit	113
FM	62	Response	1	577819	5171	1
FM	63	Picture	22	582981	0	2	3167	3	0	3000	hit	115
FM	63	Response	1	587506	4525	1
FM	64	Picture	22	591315	0	1	3166	2	0	3000	hit	117
FM	64	Response	1	596569	5254	1
FM	65	Picture	22	599648	0	1	3166	2	0	3000	hit	119
FM	65	Response	1	603912	4264	1
FM	66	Picture	22	609647	0	1	3167	2	0	3000	hit	121
FM	66	Response	1	614224	4577	2
FM	67	Picture	33	620314	0	1	3166	2	0	3000	miss	0
FM	68	Picture	22	628813	0	2	3167	3	0	3000	hit	124
FM	68	Response	1	631880	3067	1
FM	69	Picture	22	637480	0	1	3166	2	0	3000	hit	126
FM	69	Response	1	642818	5338	1
FM	70	Picture	22	645980	0	1	3166	2	0	3000	hit	128
FM	70	Response	1	651411	5431	1
FM	71	Picture	22	654313	0	1	3166	2	0	3000	hit	130
FM	71	Response	1	658443	4130	1
FM	72	Picture	22	663479	0	1	3167	2	0	3000	hit	132
FM	72	Response	1	668442	4963	2
FM	73	Picture	33	674479	0	1	3166	2	0	3000	miss	0
FM	74	Picture	22	684978	0	1	3167	2	0	3000	hit	135
FM	74	Response	1	688130	3152	1
FM	75	Picture	33	693478	0	1	3167	2	0	3000	miss	0
FM	76	Picture	22	701811	0	1	3167	2	0	3000	hit	138
FM	76	Response	1	706567	4756	1
FM	77	Picture	22	710311	0	1	3167	2	0	3000	hit	140
FM	77	Response	1	715161	4850	1
FM	78	Picture	22	719977	0	1	3167	2	0	3000	hit	142
FM	78	Response	1	723754	3777	2
FM	79	Picture	33	728310	0	2	3167	3	0	3000	miss	0
FM	80	Picture	22	738977	0	1	3166	2	0	3000	hit	145
FM	80	Response	1	741897	2920	1
FM	81	Picture	22	748310	0	1	3166	2	0	3000	hit	147
FM	81	Response	1	752035	3725	2
FM	82	Picture	22	757143	0	1	3166	2	0	3000	hit	149
FM	82	Response	1	761566	4423	2
FM	83	Picture	33	766476	0	1	3166	3	0	3000	miss	0
FM	84	Picture	22	776809	0	1	3167	2	0	3000	hit	152
FM	84	Response	1	779691	2882	2
FM	85	Picture	22	785309	0	1	3166	2	0	3000	hit	154
FM	85	Response	1	790160	4851	1
FM	86	Picture	22	795642	0	1	3166	2	0	3000	hit	156
FM	86	Response	1	799847	4205	2
FM	87	Picture	22	805475	0	1	3166	2	0	3000	hit	158
FM	87	Response	1	810003	4528	2
FM	88	Picture	22	815308	0	1	3166	2	0	3000	hit	160
FM	88	Response	1	819066	3758	1
FM	89	Picture	33	824808	0	1	3166	2	0	3000	miss	0
FM	90	Picture	22	833307	0	1	3167	2	0	3000	hit	163
FM	90	Response	1	835472	2165	1
FM	91	Picture	33	842140	0	1	3167	2	0	3000	miss	0
FM	92	Picture	22	852640	0	1	3167	2	0	3000	hit	166
FM	92	Response	1	856410	3770	1
FM	93	Picture	22	863140	0	1	3166	2	0	3000	hit	168
FM	93	Response	1	867034	3894	2
FM	94	Picture	22	871973	0	1	3166	2	0	3000	hit	170
FM	94	Response	1	876253	4280	1
FM	95	Picture	22	880472	0	2	3167	3	0	3000	hit	172
FM	95	Response	1	884690	4218	1
FM	96	Picture	22	888972	0	1	3167	2	0	3000	hit	174
FM	96	Response	1	894534	5562	1
FM	97	Picture	33	899805	0	1	3167	2	0	3000	miss	0
FM	98	Picture	22	907972	0	1	3166	2	0	3000	hit	177
FM	98	Response	1	911097	3125	1
FM	99	Picture	22	917305	0	1	3166	2	0	3000	hit	179
FM	99	Response	1	921565	4260	1
FM	100	Picture	22	928304	0	1	3167	2	0	3000	hit	181
FM	100	Response	1	932346	4042	1
FM	101	Picture	22	938971	0	1	3166	2	0	3000	hit	183
FM	101	Response	1	943283	4312	2
FM	102	Picture	22	948637	0	1	3167	2	0	3000	hit	185
FM	102	Response	1	952034	3397	1
FM	103	Picture	33	956970	0	1	3167	2	0	3000	miss	0
FM	104	Picture	22	965303	0	1	3167	2	0	3000	hit	188
FM	104	Response	1	968752	3449	1
FM	105	Picture	22	975470	0	1	3166	2	0	3000	hit	190
FM	105	Response	1	979533	4063	1
FM	106	Picture	22	986469	0	1	3167	2	0	3000	hit	192
FM	106	Response	1	990314	3845	2
FM	107	Picture	22	997469	0	1	3167	2	0	3000	hit	194
FM	107	Response	1	1001721	4252	1
FM	108	Picture	22	1006135	0	1	3167	2	0	3000	hit	196
FM	108	Response	1	1008908	2773	1
FM	109	Picture	22	1015635	0	1	3167	2	0	3000	hit	198
FM	109	Response	1	1018908	3273	1
FM	110	Picture	22	1026635	0	1	3166	2	0	3000	hit	200
FM	110	Response	1	1030001	3366	2
FM	111	Picture	33	1034801	0	1	3167	2	0	3000	miss	0
FM	112	Picture	22	1045134	0	1	3167	2	0	3000	hit	203
FM	112	Response	1	1045157	23	2
FM	113	Picture	22	1054967	0	1	3167	2	0	3000	hit	205
FM	113	Response	1	1059845	4878	1
FM	114	Picture	22	1064467	0	1	3167	2	0	3000	hit	207
FM	114	Response	1	1068751	4284	1
FM	115	Picture	22	1074800	0	1	3167	2	0	3000	hit	209
FM	115	Response	1	1077970	3170	1
FM	116	Picture	22	1085133	0	1	3167	2	0	3000	hit	211
FM	116	Response	1	1088751	3618	1
FM	117	Picture	33	1093799	0	2	3167	3	0	3000	hit	213
FM	117	Response	1	1103595	9796	1
FM	118	Picture	22	1104132	0	2	3167	3	0	3000	hit	215
FM	118	Response	1	1109376	5244	1
FM	119	Picture	22	1112299	0	1	3166	2	0	3000	hit	217
FM	119	Response	1	1117969	5670	2
FM	120	Picture	22	1122299	0	1	3166	2	0	3000	hit	219
FM	120	Response	1	1127032	4733	1
FM	121	Picture	33	1133298	0	1	3167	2	0	3000	miss	0
FM	122	Picture	22	1142131	0	1	3167	2	0	3000	hit	222
FM	122	Response	1	1143750	1619	1
FM	123	Picture	22	1150798	0	1	3166	2	0	3000	hit	224
FM	123	Response	1	1155781	4983	1
FM	124	Picture	22	1159631	0	1	3166	2	0	3000	hit	226
FM	124	Response	1	1164531	4900	1
FM	125	Picture	33	1168797	0	1	3167	2	0	3000	hit	228
FM	125	Response	1	1177344	8547	1
FM	126	Picture	22	1178797	0	1	3166	2	0	3000	miss	0
FM	127	Picture	33	1188297	0	1	3166	2	0	3000	hit	231
FM	127	Response	1	1191406	3109	1
FM	128	Picture	22	1198630	0	1	3166	2	0	3000	hit	233
FM	128	Response	1	1204063	5433	1
FM	129	Picture	22	1206963	0	1	3166	2	0	3000	hit	235
FM	129	Response	1	1212187	5224	1
FM	130	Picture	22	1215796	0	1	3166	2	0	3000	hit	237
FM	130	Response	1	1222187	6391	1
FM	131	Picture	22	1224462	0	1	3167	2	0	3000	hit	239
FM	131	Response	1	1232499	8037	2
FM	132	Picture	22	1234795	0	1	3167	2	0	3000	hit	241
FM	132	Response	1	1240156	5361	1
FM	133	Picture	22	1245295	0	1	3166	2	0	3000	hit	243
FM	133	Response	1	1250468	5173	1
FM	134	Picture	22	1255961	0	1	3167	2	0	3000	hit	245
FM	134	Response	1	1260155	4194	1
FM	135	Picture	33	1264794	0	1	3167	2	0	3000	miss	0
FM	136	Picture	22	1273794	0	1	3167	2	0	3000	hit	248
FM	136	Response	1	1274367	573	1
FM	137	Picture	22	1283960	0	1	3167	2	0	3000	hit	250
FM	137	Response	1	1287968	4008	1
FM	138	Picture	22	1294627	0	1	3166	2	0	3000	hit	252
FM	138	Response	1	1298905	4278	1
FM	139	Picture	22	1303793	0	1	3167	2	0	3000	hit	254
FM	139	Response	1	1308124	4331	1
FM	140	Picture	22	1313626	0	1	3167	2	0	3000	hit	256
FM	140	Response	1	1317499	3873	1
FM	141	Picture	33	1323626	0	1	3166	2	0	3000	hit	258
FM	141	Response	1	1332342	8716	1
FM	142	Picture	22	1334625	0	2	3167	3	0	3000	miss	0
FM	143	Picture	22	1345459	0	1	3166	2	0	3000	hit	261
FM	143	Response	1	1351248	5789	1
FM	144	Picture	22	1353625	0	1	3166	3	0	3000	hit	263
FM	144	Response	1	1357967	4342	1
FM	145	Picture	22	1364291	0	1	3167	2	0	3000	hit	265
FM	145	Response	1	1367654	3363	1
FM	146	Picture	22	1372791	0	1	3167	2	0	3000	hit	267
FM	146	Response	1	1376765	3974	1
FM	147	Picture	33	1383291	0	1	3166	2	0	3000	hit	269
FM	147	Response	1	1385936	2645	1
FM	148	Picture	22	1392790	0	2	3167	3	0	3000	hit	271
FM	148	Response	1	1398748	5958	1
FM	149	Picture	33	1402123	0	2	3167	3	0	3000	miss	0
FM	150	Picture	22	1411290	0	1	3166	3	0	3000	hit	274
FM	150	Response	1	1414685	3395	1
FM	151	Picture	22	1422123	0	1	3166	2	0	3000	hit	276
FM	151	Response	1	1425779	3656	1
FM	152	Picture	22	1431456	0	1	3166	3	0	3000	hit	278
FM	152	Response	1	1435622	4166	2
FM	153	Picture	33	1441456	0	1	3166	2	0	3000	miss	0
FM	154	Picture	22	1449955	0	1	3167	2	0	3000	hit	281
FM	154	Response	1	1453278	3323	2
FM	155	Picture	22	1460622	0	1	3166	2	0	3000	hit	283
FM	155	Response	1	1465309	4687	2
FM	156	Picture	22	1470121	0	2	3167	3	0	3000	hit	285
FM	156	Response	1	1474840	4719	1
FM	157	Picture	22	1479454	0	2	3167	3	0	3000	hit	287
FM	157	Response	1	1484528	5074	1
FM	158	Picture	22	1488954	0	1	3167	2	0	3000	hit	289
FM	158	Response	1	1494059	5105	1
FM	159	Picture	33	1498954	0	1	3166	3	0	3000	miss	0
FM	160	Picture	22	1507620	0	1	3167	2	0	3000	hit	292
FM	160	Response	1	1510934	3314	1
FM	161	Picture	22	1516287	0	1	3166	2	0	3000	hit	294
FM	161	Response	1	1522341	6054	1
FM	162	Picture	22	1525953	0	1	3167	2	0	3000	hit	296
FM	162	Response	1	1529528	3575	1
FM	163	Picture	33	1535286	0	1	3167	2	0	3000	hit	298
FM	163	Response	1	1538903	3617	1
FM	164	Picture	22	1543619	0	1	3167	2	0	3000	hit	300
FM	164	Response	1	1549215	5596	1
FM	165	Picture	22	1553452	0	1	3167	2	0	3000	hit	302
FM	165	Response	1	1558277	4825	1
FM	166	Picture	22	1562452	0	1	3167	2	0	3000	hit	304
FM	166	Response	1	1567965	5513	1
FM	167	Picture	22	1571952	0	1	3166	2	0	3000	hit	306
FM	167	Response	1	1575621	3669	2
FM	168	Picture	22	1582618	0	1	3167	2	0	3000	hit	308
FM	168	Response	1	1586092	3474	1
FM	169	Picture	22	1593451	0	1	3167	2	0	3000	hit	310
FM	169	Response	1	1596871	3420	1
FM	170	Picture	22	1602284	0	1	3167	2	0	3000	hit	312
FM	170	Response	1	1605621	3337	1
FM	171	Picture	33	1611117	0	1	3167	2	0	3000	miss	0
FM	172	Picture	22	1620950	0	1	3167	2	0	3000	hit	315
FM	172	Response	1	1624058	3108	1
FM	173	Picture	22	1629617	0	1	3166	2	0	3000	hit	317
FM	173	Response	1	1634839	5222	2
FM	174	Picture	22	1639950	0	1	3166	2	0	3000	hit	319
FM	174	Response	1	1643277	3327	1
FM	175	Picture	22	1649783	0	1	3166	2	0	3000	hit	321
FM	175	Response	1	1653433	3650	1
FM	176	Picture	22	1659282	0	1	3167	2	0	3000	hit	323
FM	176	Response	1	1662964	3682	1
FM	177	Picture	33	1667615	0	2	3167	3	0	3000	miss	0
FM	178	Picture	22	1676115	0	1	3167	2	0	3000	hit	326
FM	178	Response	1	1678433	2318	1
FM	179	Picture	22	1685115	0	1	3167	2	0	3000	hit	328
FM	179	Response	1	1689526	4411	1
FM	180	Picture	22	1695281	0	1	3167	2	0	3000	hit	330
FM	180	Response	1	1700932	5651	2
FM	181	Picture	22	1706114	0	1	3167	2	0	3000	hit	332
FM	181	Response	1	1710151	4037	1
FM	182	Picture	22	1716947	0	1	3167	2	0	3000	hit	334
FM	182	Response	1	1720776	3829	1
FM	183	Picture	33	1726947	0	1	3167	2	0	3000	hit	336
FM	183	Response	1	1731245	4298	1
FM	184	Picture	22	1735947	0	1	3166	2	0	3000	hit	338
FM	184	Response	1	1745151	9204	1
FM	185	Picture	22	1745280	0	1	3166	2	0	3000	miss	0
FM	186	Picture	22	1753613	0	1	3166	3	0	3000	hit	341
FM	186	Response	1	1756090	2477	2
FM	187	Picture	33	1763279	0	1	3167	2	0	3000	hit	343
FM	187	Response	1	1765619	2340	1
FM	188	Picture	22	1773946	0	1	3166	2	0	3000	hit	345
FM	188	Response	1	1777650	3704	1
FM	189	Picture	22	1784612	0	1	3167	2	0	3000	hit	347
FM	189	Response	1	1788432	3820	1
FM	190	Picture	22	1793278	0	1	3167	2	0	3000	hit	349
FM	190	Response	1	1800151	6873	1
FM	191	Picture	22	1802611	0	2	3167	3	0	3000	hit	351
FM	191	Response	1	1810150	7539	1
FM	192	Picture	22	1811611	0	1	3167	2	0	3000	hit	353
FM	192	Response	1	1819212	7601	1
FM	193	Picture	22	1821111	0	1	3166	2	0	3000	hit	355
FM	193	Response	1	1828744	7633	1
FM	194	Picture	22	1830111	0	1	3166	2	0	3000	hit	357
FM	194	Response	1	1838743	8632	2
FM	195	Picture	33	1840110	0	1	3167	2	0	3000	miss	0
FM	196	Picture	22	1849110	0	1	3167	2	0	3000	hit	360
FM	196	Response	1	1853900	4790	1
FM	197	Picture	22	1857943	0	1	3167	2	0	3000	hit	362
FM	197	Response	1	1863431	5488	1
FM	198	Picture	22	1868443	0	1	3166	2	0	3000	hit	364
FM	198	Response	1	1873743	5300	1
FM	199	Picture	22	1877443	0	1	3166	2	0	3000	hit	366
FM	199	Response	1	1885305	7862	2
FM	200	Picture	22	1887942	0	1	3167	2	0	3000	miss	0
FM	201	Picture	33	1898109	0	1	3166	2	0	3000	hit	369
FM	201	Response	1	1898587	478	1
FM	202	Picture	22	1906275	0	1	3167	2	0	3000	hit	371
FM	202	Response	1	1912493	6218	1
FM	203	Picture	22	1916775	0	1	3166	2	0	3000	miss	0
FM	204	Picture	22	1925441	0	1	3167	2	0	3000	hit	374
FM	204	Response	1	1925461	20	1
FM	205	Picture	22	1934274	0	1	3167	2	0	3000	hit	376
FM	205	Response	1	1937336	3062	1
FM	206	Picture	22	1943941	0	1	3166	2	0	3000	hit	378
FM	206	Response	1	1947180	3239	1
FM	207	Picture	22	1954274	0	1	3166	2	0	3000	hit	380
FM	207	Response	1	1958273	3999	2
FM	208	Picture	22	1964773	0	1	3167	2	0	3000	hit	382
FM	208	Response	1	1970617	5844	2
FM	209	Picture	33	1975773	0	1	3166	2	0	3000	hit	384
FM	209	Response	1	1983899	8126	1
FM	210	Picture	22	1984439	0	1	3167	2	0	3000	miss	0
FM	211	Picture	22	1993606	0	1	3166	2	0	3000	hit	387
FM	211	Response	1	1998898	5292	1
FM	212	Picture	22	2002772	0	1	3167	2	0	3000	miss	0
FM	213	Picture	33	2012105	0	1	3167	2	0	3000	hit	390
FM	213	Response	1	2012493	388	1
FM	214	Picture	22	2022271	0	2	3167	3	0	3000	hit	392
FM	214	Response	1	2027804	5533	1
FM	215	Picture	33	2032938	0	1	3166	2	0	3000	miss	0
FM	216	Picture	22	2042438	0	1	3166	2	0	3000	hit	395
FM	216	Response	1	2043118	680	1
FM	217	Picture	33	2051604	0	1	3167	2	0	3000	miss	0
FM	218	Picture	22	2059937	0	1	3167	2	0	3000	hit	398
FM	218	Response	1	2062491	2554	2
FM	219	Picture	22	2068770	0	1	3167	2	0	3000	miss	0
FM	220	Picture	22	2079103	0	1	3167	2	0	3000	hit	401
FM	220	Response	1	2079991	888	1
FM	221	Picture	33	2088436	0	1	3167	2	0	3000	miss	0
FM	222	Picture	22	2097769	0	1	3167	2	0	3000	hit	404
FM	222	Response	1	2101397	3628	1
FM	223	Picture	22	2105936	0	1	3166	2	0	3000	hit	406
FM	223	Response	1	2110928	4992	2
FM	224	Picture	22	2116935	0	1	3167	2	0	3000	hit	408
FM	224	Response	1	2120772	3837	1
FM	225	Picture	22	2127435	0	1	3167	2	0	3000	hit	410
FM	225	Response	1	2131397	3962	1
FM	226	Picture	22	2137268	0	1	3167	2	0	3000	hit	412
FM	226	Response	1	2141553	4285	1
FM	227	Picture	22	2145934	0	2	3167	3	0	3000	hit	414
FM	227	Response	1	2151397	5463	1
FM	228	Picture	22	2156267	0	2	3167	3	0	3000	hit	416
FM	228	Response	1	2162646	6379	2
FM	229	Picture	33	2165934	0	1	3166	2	0	3000	miss	0
FM	230	Picture	22	2174600	0	1	3167	2	0	3000	hit	419
FM	230	Response	1	2175146	546	1
FM	231	Picture	22	2183267	0	1	3166	2	0	3000	hit	421
FM	231	Response	1	2186709	3442	1
FM	232	Picture	22	2193766	0	1	3167	2	0	3000	hit	423
FM	232	Response	1	2197021	3255	1
FM	233	Picture	22	2202933	0	1	3166	2	0	3000	hit	425
FM	233	Response	1	2207803	4870	1
FM	234	Picture	22	2211099	0	1	3167	2	0	3000	hit	427
FM	234	Response	1	2216708	5609	1
FM	235	Picture	22	2220766	0	1	3166	2	0	3000	hit	429
FM	235	Response	1	2224833	4067	2
FM	236	Picture	22	2231265	0	1	3167	2	0	3000	hit	431
FM	236	Response	1	2235459	4194	1
FM	237	Picture	33	2241432	0	1	3166	2	0	3000	miss	0
FM	238	Picture	22	2252598	0	1	3166	3	0	3000	hit	434
FM	238	Response	1	2253895	1297	2
FM	239	Picture	22	2263264	0	1	3167	2	0	3000	hit	436
FM	239	Response	1	2268739	5475	1
FM	240	Picture	22	2272431	0	1	3166	2	0	3000	hit	438
FM	240	Response	1	2276864	4433	2
FM	241	Picture	22	2281764	0	1	3166	2	0	3000	hit	440
FM	241	Response	1	2285927	4163	1
FM	242	Picture	22	2291430	0	1	3167	2	0	3000	hit	442
FM	242	Response	1	2295301	3871	2
FM	243	Picture	22	2300096	0	2	3167	3	0	3000	hit	444
FM	243	Response	1	2305145	5049	1
FM	244	Picture	22	2308596	0	1	3167	2	0	3000	hit	446
FM	244	Response	1	2314676	6080	1
FM	245	Picture	33	2317096	0	1	3167	2	0	3000	miss	0
FM	246	Picture	22	2326929	0	1	3167	2	0	3000	hit	449
FM	246	Response	1	2330770	3841	1
FM	247	Picture	22	2335762	0	1	3167	2	0	3000	hit	451
FM	247	Response	1	2339832	4070	1
FM	248	Picture	22	2345595	0	1	3167	2	0	3000	hit	453
FM	248	Response	1	2349207	3612	2
FM	249	Picture	22	2355095	0	1	3166	2	0	3000	hit	455
FM	249	Response	1	2360926	5831	1
FM	250	Picture	22	2363595	0	1	3166	2	0	3000	hit	457
FM	250	Response	1	2370026	6431	2
FM	251	Picture	33	2374428	0	1	3166	2	0	3000	miss	0
FM	252	Picture	22	2383427	0	1	3167	2	0	3000	hit	460
FM	252	Response	1	2384364	937	1
FM	253	Picture	22	2393260	0	1	3167	2	0	3000	hit	462
FM	253	Response	1	2397175	3915	2
FM	254	Picture	22	2403927	0	1	3166	2	0	3000	hit	464
FM	254	Response	1	2407800	3873	1
FM	255	Picture	22	2414426	0	1	3167	2	0	3000	hit	466
FM	255	Response	1	2418269	3843	1
FM	256	Picture	22	2423759	0	2	3167	3	0	3000	hit	468
FM	256	Response	1	2427800	4041	2
FM	257	Picture	33	2432926	0	1	3166	2	0	3000	miss	0
FM	258	Picture	22	2443925	0	2	3167	3	0	3000	hit	471
FM	258	Response	1	2447332	3407	1
FM	259	Picture	22	2452092	0	1	3166	3	0	3000	hit	473
FM	259	Response	1	2457800	5708	1
FM	260	Picture	22	2461425	0	1	3167	2	0	3000	hit	475
FM	260	Response	1	2466083	4658	2
FM	261	Picture	33	2471591	0	1	3167	2	0	3000	miss	0
FM	262	Picture	22	2481758	0	1	3166	2	0	3000	hit	478
FM	262	Response	1	2482800	1042	1
FM	263	Picture	22	2490257	0	2	3167	3	0	3000	hit	480
FM	263	Response	1	2494518	4261	1
FM	264	Picture	22	2500090	0	2	3167	3	0	3000	hit	482
FM	264	Response	1	2503893	3803	1
FM	265	Picture	22	2510257	0	1	3166	2	0	3000	hit	484
FM	265	Response	1	2513893	3636	1
FM	266	Picture	22	2519257	0	1	3166	2	0	3000	hit	486
FM	266	Response	1	2523581	4324	1
FM	267	Picture	33	2527756	0	1	3167	2	0	3000	hit	488
FM	267	Response	1	2533268	5512	1
FM	268	Picture	22	2536423	0	1	3166	2	0	3000	hit	490
FM	268	Response	1	2542330	5907	1
FM	269	Picture	33	2546756	0	1	3166	2	0	3000	miss	0
FM	270	Picture	22	2557089	0	1	3166	2	0	3000	hit	493
FM	270	Response	1	2560143	3054	1
FM	271	Picture	22	2567255	0	1	3167	2	0	3000	hit	495
FM	271	Response	1	2571705	4450	1
FM	272	Picture	22	2577255	0	1	3166	2	0	3000	hit	497
FM	272	Response	1	2583424	6169	1
FM	273	Picture	22	2586255	0	1	3166	2	0	3000	miss	0
FM	274	Picture	22	2595088	0	1	3166	2	0	3000	hit	500
FM	274	Response	1	2602017	6929	1
FM	275	Picture	22	2605421	0	1	3166	2	0	3000	hit	502
FM	275	Response	1	2614673	9252	2
FM	276	Picture	22	2615254	0	1	3166	2	0	3000	miss	0
FM	277	Picture	33	2625587	0	1	3166	2	0	3000	miss	0
FM	278	Picture	22	2634253	0	1	3167	2	0	3000	hit	506
FM	278	Response	1	2636861	2608	1
FM	279	Picture	22	2644253	0	1	3166	2	0	3000	hit	508
FM	279	Response	1	2648892	4639	1
FM	280	Picture	22	2654252	0	2	3167	3	0	3000	hit	510
FM	280	Response	1	2658267	4015	1
FM	281	Picture	33	2663752	0	1	3167	2	0	3000	miss	0
FM	282	Picture	22	2674419	0	1	3166	2	0	3000	hit	513
FM	282	Response	1	2677017	2598	1
FM	283	Picture	22	2685252	0	1	3166	2	0	3000	hit	515
FM	283	Response	1	2690610	5358	1
FM	284	Picture	22	2694751	0	1	3167	2	0	3000	hit	517
FM	284	Response	1	2700766	6015	1
FM	285	Picture	22	2705418	0	1	3166	2	0	3000	hit	519
FM	285	Response	1	2711860	6442	1
FM	286	Picture	22	2714084	0	1	3167	2	0	3000	hit	521
FM	286	Response	1	2721391	7307	1
FM	287	Picture	22	2723084	0	1	3166	2	0	3000	miss	0
FM	288	Picture	22	2733583	0	2	3167	3	0	3000	hit	524
FM	288	Response	1	2736704	3121	1
FM	289	Picture	33	2742416	0	2	3167	3	0	3000	miss	0
FM	290	Picture	22	2752750	0	1	3166	2	0	3000	hit	527
FM	290	Response	1	2756391	3641	1
FM	291	Picture	22	2761416	0	1	3166	3	0	3000	hit	529
FM	291	Response	1	2767328	5912	1
FM	292	Picture	22	2769916	0	1	3166	2	0	3000	hit	531
FM	292	Response	1	2776859	6943	2
FM	293	Picture	33	2780082	0	1	3167	2	0	3000	miss	0
FM	294	Picture	22	2790415	0	1	3167	2	0	3000	hit	534
FM	294	Response	1	2793421	3006	2
FM	295	Picture	33	2801248	0	1	3167	2	0	3000	miss	0
FM	296	Picture	22	2811914	0	1	3167	2	0	3000	hit	537
FM	296	Response	1	2814984	3070	1
FM	297	Picture	22	2820747	0	2	3167	3	0	3000	miss	0
FM	298	Picture	22	2830581	0	1	3166	2	0	3000	hit	540
FM	298	Response	1	2830609	28	1
FM	299	Picture	33	2841247	0	1	3166	2	0	3000	hit	542
FM	299	Response	1	2844515	3268	1
FM	300	Picture	22	2851913	0	1	3167	2	0	3000	hit	544
FM	300	Response	1	2859827	7914	1
FM	301	Picture	22	2861580	0	1	3166	2	0	3000	miss	0
FM	302	Picture	22	2870579	0	1	3167	2	0	3000	hit	547
FM	302	Response	1	2873733	3154	1
FM	303	Picture	22	2881579	0	1	3167	2	0	3000	hit	549
FM	303	Response	1	2885296	3717	1
FM	304	Picture	22	2892079	0	1	3166	2	0	3000	hit	551
FM	304	Response	1	2897327	5248	1
FM	305	Picture	33	2900745	0	1	3167	2	0	3000	miss	0


Event Type	Code	Type	Response	RT	RT Uncertainty	Time	Uncertainty	Duration	Uncertainty	ReqTime	ReqDur

Picture	22	miss				332	1	3167	2	0	3000
Picture	22	hit	1	378	3	9165	2	3167	3	0	3000
Picture	22	hit	1	5034	2	19665	1	3167	2	0	3000
Picture	22	hit	1	3315	2	29665	1	3166	2	0	3000
Picture	22	hit	1	3128	3	40164	2	3167	3	0	3000
Picture	33	miss				49664	1	3167	2	0	3000
Picture	22	hit	1	3253	2	58164	1	3167	2	0	3000
Picture	22	hit	1	5066	2	66664	1	3166	2	0	3000
Picture	22	hit	1	3609	2	74997	1	3166	2	0	3000
Picture	33	miss				83996	2	3167	3	0	3000
Picture	22	hit	1	2265	2	93996	1	3167	2	0	3000
Picture	33	miss				102163	1	3166	2	0	3000
Picture	22	hit	1	3119	2	110329	1	3167	2	0	3000
Picture	22	hit	1	4681	2	120329	1	3166	2	0	3000
Picture	22	hit	1	3932	3	129828	2	3167	3	0	3000
Picture	22	hit	1	3447	3	140161	2	3167	3	0	3000
Picture	22	hit	1	3463	3	149828	1	3166	2	0	3000
Picture	22	hit	1	3536	2	158661	1	3166	3	0	3000
Picture	22	hit	1	3922	2	167494	1	3167	2	0	3000
Picture	33	hit	1	8839	2	176327	1	3167	2	0	3000
Picture	22	miss				185660	1	3167	2	0	3000
Picture	22	hit	1	3767	2	194993	1	3167	2	0	3000
Picture	22	hit	1	3590	2	205326	1	3167	2	0	3000
Picture	22	hit	1	5433	3	215826	1	3166	2	0	3000
Picture	22	hit	1	6600	2	224659	1	3166	3	0	3000
Picture	33	hit	1	8038	2	234159	1	3166	2	0	3000
Picture	22	miss				244825	1	3167	2	0	3000
Picture	22	hit	1	2799	2	255491	1	3167	2	0	3000
Picture	22	hit	1	3080	2	265991	1	3167	2	0	3000
Picture	33	miss				275657	1	3167	2	0	3000
Picture	22	hit	1	2738	3	283990	2	3167	3	0	3000
Picture	22	hit	1	4008	2	293657	1	3166	2	0	3000
Picture	22	hit	1	3706	2	303490	1	3166	3	0	3000
Picture	22	hit	1	4237	3	312490	1	3166	2	0	3000
Picture	22	hit	1	4821	2	320656	1	3167	2	0	3000
Picture	22	hit	1	4905	3	329322	2	3167	3	0	3000
Picture	22	hit	1	4949	3	338655	2	3167	3	0	3000
Picture	33	hit	1	7572	2	349155	1	3167	2	0	3000
Picture	22	hit	1	9283	2	359322	1	3166	2	0	3000
Picture	22	hit	1	8145	2	369988	1	3166	3	0	3000
Picture	22	miss				379154	1	3167	2	0	3000
Picture	22	hit	1	3590	2	390154	1	3167	2	0	3000
Picture	22	hit	1	3531	2	398820	1	3167	2	0	3000
Picture	33	miss				409487	1	3166	2	0	3000
Picture	22	hit	1	5000	2	417820	1	3166	2	0	3000
Picture	22	hit	1	4698	2	427653	1	3166	2	0	3000
Picture	22	hit	1	4365	2	437986	1	3166	2	0	3000
Picture	22	hit	1	3574	2	448152	1	3167	2	0	3000
Picture	22	hit	1	3376	2	458819	1	3166	2	0	3000
Picture	33	hit	1	3230	2	468652	1	3166	2	0	3000
Picture	22	hit	1	4897	2	479485	1	3166	2	0	3000
Picture	22	hit	1	4668	2	488151	1	3167	2	0	3000
Picture	22	hit	1	3512	2	496651	1	3166	2	0	3000
Picture	22	hit	1	3960	2	506984	1	3166	2	0	3000
Picture	22	hit	1	4034	2	515817	1	3166	2	0	3000
Picture	22	hit	1	3888	2	525650	1	3166	2	0	3000
Picture	22	hit	1	5253	2	533816	1	3167	2	0	3000
Picture	33	miss				543983	1	3166	2	0	3000
Picture	22	hit	1	2837	2	554982	1	3167	2	0	3000
Picture	22	hit	1	4982	2	563149	1	3166	2	0	3000
Picture	22	hit	1	5171	3	572648	2	3167	3	0	3000
Picture	22	hit	1	4525	3	582981	2	3167	3	0	3000
Picture	22	hit	1	5254	2	591315	1	3166	2	0	3000
Picture	22	hit	1	4264	2	599648	1	3166	2	0	3000
Picture	22	hit	1	4577	3	609647	1	3167	2	0	3000
Picture	33	miss				620314	1	3166	2	0	3000
Picture	22	hit	1	3067	3	628813	2	3167	3	0	3000
Picture	22	hit	1	5338	2	637480	1	3166	2	0	3000
Picture	22	hit	1	5431	2	645980	1	3166	2	0	3000
Picture	22	hit	1	4130	2	654313	1	3166	2	0	3000
Picture	22	hit	1	4963	3	663479	1	3167	2	0	3000
Picture	33	miss				674479	1	3166	2	0	3000
Picture	22	hit	1	3152	2	684978	1	3167	2	0	3000
Picture	33	miss				693478	1	3167	2	0	3000
Picture	22	hit	1	4756	2	701811	1	3167	2	0	3000
Picture	22	hit	1	4850	2	710311	1	3167	2	0	3000
Picture	22	hit	1	3777	3	719977	1	3167	2	0	3000
Picture	33	miss				728310	2	3167	3	0	3000
Picture	22	hit	1	2920	2	738977	1	3166	2	0	3000
Picture	22	hit	1	3725	3	748310	1	3166	2	0	3000
Picture	22	hit	1	4423	3	757143	1	3166	2	0	3000
Picture	33	miss				766476	1	3166	3	0	3000
Picture	22	hit	1	2882	3	776809	1	3167	2	0	3000
Picture	22	hit	1	4851	2	785309	1	3166	2	0	3000
Picture	22	hit	1	4205	3	795642	1	3166	2	0	3000
Picture	22	hit	1	4528	3	805475	1	3166	2	0	3000
Picture	22	hit	1	3758	2	815308	1	3166	2	0	3000
Picture	33	miss				824808	1	3166	2	0	3000
Picture	22	hit	1	2165	2	833307	1	3167	2	0	3000
Picture	33	miss				842140	1	3167	2	0	3000
Picture	22	hit	1	3770	2	852640	1	3167	2	0	3000
Picture	22	hit	1	3894	3	863140	1	3166	2	0	3000
Picture	22	hit	1	4280	2	871973	1	3166	2	0	3000
Picture	22	hit	1	4218	3	880472	2	3167	3	0	3000
Picture	22	hit	1	5562	2	888972	1	3167	2	0	3000
Picture	33	miss				899805	1	3167	2	0	3000
Picture	22	hit	1	3125	2	907972	1	3166	2	0	3000
Picture	22	hit	1	4260	2	917305	1	3166	2	0	3000
Picture	22	hit	1	4042	2	928304	1	3167	2	0	3000
Picture	22	hit	1	4312	3	938971	1	3166	2	0	3000
Picture	22	hit	1	3397	2	948637	1	3167	2	0	3000
Picture	33	miss				956970	1	3167	2	0	3000
Picture	22	hit	1	3449	2	965303	1	3167	2	0	3000
Picture	22	hit	1	4063	2	975470	1	3166	2	0	3000
Picture	22	hit	1	3845	3	986469	1	3167	2	0	3000
Picture	22	hit	1	4252	2	997469	1	3167	2	0	3000
Picture	22	hit	1	2773	2	1006135	1	3167	2	0	3000
Picture	22	hit	1	3273	2	1015635	1	3167	2	0	3000
Picture	22	hit	1	3366	3	1026635	1	3166	2	0	3000
Picture	33	miss				1034801	1	3167	2	0	3000
Picture	22	hit	1	23	3	1045134	1	3167	2	0	3000
Picture	22	hit	1	4878	2	1054967	1	3167	2	0	3000
Picture	22	hit	1	4284	2	1064467	1	3167	2	0	3000
Picture	22	hit	1	3170	2	1074800	1	3167	2	0	3000
Picture	22	hit	1	3618	2	1085133	1	3167	2	0	3000
Picture	33	hit	1	9796	3	1093799	2	3167	3	0	3000
Picture	22	hit	1	5244	3	1104132	2	3167	3	0	3000
Picture	22	hit	1	5670	3	1112299	1	3166	2	0	3000
Picture	22	hit	1	4733	2	1122299	1	3166	2	0	3000
Picture	33	miss				1133298	1	3167	2	0	3000
Picture	22	hit	1	1619	2	1142131	1	3167	2	0	3000
Picture	22	hit	1	4983	2	1150798	1	3166	2	0	3000
Picture	22	hit	1	4900	2	1159631	1	3166	2	0	3000
Picture	33	hit	1	8547	2	1168797	1	3167	2	0	3000
Picture	22	miss				1178797	1	3166	2	0	3000
Picture	33	hit	1	3109	2	1188297	1	3166	2	0	3000
Picture	22	hit	1	5433	2	1198630	1	3166	2	0	3000
Picture	22	hit	1	5224	2	1206963	1	3166	2	0	3000
Picture	22	hit	1	6391	2	1215796	1	3166	2	0	3000
Picture	22	hit	1	8037	3	1224462	1	3167	2	0	3000
Picture	22	hit	1	5361	2	1234795	1	3167	2	0	3000
Picture	22	hit	1	5173	2	1245295	1	3166	2	0	3000
Picture	22	hit	1	4194	2	1255961	1	3167	2	0	3000
Picture	33	miss				1264794	1	3167	2	0	3000
Picture	22	hit	1	573	2	1273794	1	3167	2	0	3000
Picture	22	hit	1	4008	2	1283960	1	3167	2	0	3000
Picture	22	hit	1	4278	2	1294627	1	3166	2	0	3000
Picture	22	hit	1	4331	2	1303793	1	3167	2	0	3000
Picture	22	hit	1	3873	2	1313626	1	3167	2	0	3000
Picture	33	hit	1	8716	2	1323626	1	3166	2	0	3000
Picture	22	miss				1334625	2	3167	3	0	3000
Picture	22	hit	1	5789	2	1345459	1	3166	2	0	3000
Picture	22	hit	1	4342	2	1353625	1	3166	3	0	3000
Picture	22	hit	1	3363	2	1364291	1	3167	2	0	3000
Picture	22	hit	1	3974	2	1372791	1	3167	2	0	3000
Picture	33	hit	1	2645	2	1383291	1	3166	2	0	3000
Picture	22	hit	1	5958	3	1392790	2	3167	3	0	3000
Picture	33	miss				1402123	2	3167	3	0	3000
Picture	22	hit	1	3395	2	1411290	1	3166	3	0	3000
Picture	22	hit	1	3656	2	1422123	1	3166	2	0	3000
Picture	22	hit	1	4166	3	1431456	1	3166	3	0	3000
Picture	33	miss				1441456	1	3166	2	0	3000
Picture	22	hit	1	3323	3	1449955	1	3167	2	0	3000
Picture	22	hit	1	4687	3	1460622	1	3166	2	0	3000
Picture	22	hit	1	4719	3	1470121	2	3167	3	0	3000
Picture	22	hit	1	5074	3	1479454	2	3167	3	0	3000
Picture	22	hit	1	5105	2	1488954	1	3167	2	0	3000
Picture	33	miss				1498954	1	3166	3	0	3000
Picture	22	hit	1	3314	2	1507620	1	3167	2	0	3000
Picture	22	hit	1	6054	2	1516287	1	3166	2	0	3000
Picture	22	hit	1	3575	2	1525953	1	3167	2	0	3000
Picture	33	hit	1	3617	2	1535286	1	3167	2	0	3000
Picture	22	hit	1	5596	2	1543619	1	3167	2	0	3000
Picture	22	hit	1	4825	2	1553452	1	3167	2	0	3000
Picture	22	hit	1	5513	2	1562452	1	3167	2	0	3000
Picture	22	hit	1	3669	3	1571952	1	3166	2	0	3000
Picture	22	hit	1	3474	2	1582618	1	3167	2	0	3000
Picture	22	hit	1	3420	2	1593451	1	3167	2	0	3000
Picture	22	hit	1	3337	2	1602284	1	3167	2	0	3000
Picture	33	miss				1611117	1	3167	2	0	3000
Picture	22	hit	1	3108	2	1620950	1	3167	2	0	3000
Picture	22	hit	1	5222	3	1629617	1	3166	2	0	3000
Picture	22	hit	1	3327	2	1639950	1	3166	2	0	3000
Picture	22	hit	1	3650	2	1649783	1	3166	2	0	3000
Picture	22	hit	1	3682	2	1659282	1	3167	2	0	3000
Picture	33	miss				1667615	2	3167	3	0	3000
Picture	22	hit	1	2318	2	1676115	1	3167	2	0	3000
Picture	22	hit	1	4411	2	1685115	1	3167	2	0	3000
Picture	22	hit	1	5651	3	1695281	1	3167	2	0	3000
Picture	22	hit	1	4037	2	1706114	1	3167	2	0	3000
Picture	22	hit	1	3829	2	1716947	1	3167	2	0	3000
Picture	33	hit	1	4298	2	1726947	1	3167	2	0	3000
Picture	22	hit	1	9204	2	1735947	1	3166	2	0	3000
Picture	22	miss				1745280	1	3166	2	0	3000
Picture	22	hit	1	2477	3	1753613	1	3166	3	0	3000
Picture	33	hit	1	2340	2	1763279	1	3167	2	0	3000
Picture	22	hit	1	3704	2	1773946	1	3166	2	0	3000
Picture	22	hit	1	3820	2	1784612	1	3167	2	0	3000
Picture	22	hit	1	6873	2	1793278	1	3167	2	0	3000
Picture	22	hit	1	7539	3	1802611	2	3167	3	0	3000
Picture	22	hit	1	7601	2	1811611	1	3167	2	0	3000
Picture	22	hit	1	7633	2	1821111	1	3166	2	0	3000
Picture	22	hit	1	8632	3	1830111	1	3166	2	0	3000
Picture	33	miss				1840110	1	3167	2	0	3000
Picture	22	hit	1	4790	2	1849110	1	3167	2	0	3000
Picture	22	hit	1	5488	2	1857943	1	3167	2	0	3000
Picture	22	hit	1	5300	2	1868443	1	3166	2	0	3000
Picture	22	hit	1	7862	3	1877443	1	3166	2	0	3000
Picture	22	miss				1887942	1	3167	2	0	3000
Picture	33	hit	1	478	2	1898109	1	3166	2	0	3000
Picture	22	hit	1	6218	2	1906275	1	3167	2	0	3000
Picture	22	miss				1916775	1	3166	2	0	3000
Picture	22	hit	1	20	2	1925441	1	3167	2	0	3000
Picture	22	hit	1	3062	2	1934274	1	3167	2	0	3000
Picture	22	hit	1	3239	2	1943941	1	3166	2	0	3000
Picture	22	hit	1	3999	3	1954274	1	3166	2	0	3000
Picture	22	hit	1	5844	3	1964773	1	3167	2	0	3000
Picture	33	hit	1	8126	2	1975773	1	3166	2	0	3000
Picture	22	miss				1984439	1	3167	2	0	3000
Picture	22	hit	1	5292	2	1993606	1	3166	2	0	3000
Picture	22	miss				2002772	1	3167	2	0	3000
Picture	33	hit	1	388	2	2012105	1	3167	2	0	3000
Picture	22	hit	1	5533	3	2022271	2	3167	3	0	3000
Picture	33	miss				2032938	1	3166	2	0	3000
Picture	22	hit	1	680	2	2042438	1	3166	2	0	3000
Picture	33	miss				2051604	1	3167	2	0	3000
Picture	22	hit	1	2554	3	2059937	1	3167	2	0	3000
Picture	22	miss				2068770	1	3167	2	0	3000
Picture	22	hit	1	888	2	2079103	1	3167	2	0	3000
Picture	33	miss				2088436	1	3167	2	0	3000
Picture	22	hit	1	3628	2	2097769	1	3167	2	0	3000
Picture	22	hit	1	4992	3	2105936	1	3166	2	0	3000
Picture	22	hit	1	3837	2	2116935	1	3167	2	0	3000
Picture	22	hit	1	3962	2	2127435	1	3167	2	0	3000
Picture	22	hit	1	4285	2	2137268	1	3167	2	0	3000
Picture	22	hit	1	5463	3	2145934	2	3167	3	0	3000
Picture	22	hit	1	6379	4	2156267	2	3167	3	0	3000
Picture	33	miss				2165934	1	3166	2	0	3000
Picture	22	hit	1	546	2	2174600	1	3167	2	0	3000
Picture	22	hit	1	3442	2	2183267	1	3166	2	0	3000
Picture	22	hit	1	3255	2	2193766	1	3167	2	0	3000
Picture	22	hit	1	4870	2	2202933	1	3166	2	0	3000
Picture	22	hit	1	5609	2	2211099	1	3167	2	0	3000
Picture	22	hit	1	4067	3	2220766	1	3166	2	0	3000
Picture	22	hit	1	4194	2	2231265	1	3167	2	0	3000
Picture	33	miss				2241432	1	3166	2	0	3000
Picture	22	hit	1	1297	3	2252598	1	3166	3	0	3000
Picture	22	hit	1	5475	2	2263264	1	3167	2	0	3000
Picture	22	hit	1	4433	3	2272431	1	3166	2	0	3000
Picture	22	hit	1	4163	2	2281764	1	3166	2	0	3000
Picture	22	hit	1	3871	3	2291430	1	3167	2	0	3000
Picture	22	hit	1	5049	3	2300096	2	3167	3	0	3000
Picture	22	hit	1	6080	2	2308596	1	3167	2	0	3000
Picture	33	miss				2317096	1	3167	2	0	3000
Picture	22	hit	1	3841	2	2326929	1	3167	2	0	3000
Picture	22	hit	1	4070	2	2335762	1	3167	2	0	3000
Picture	22	hit	1	3612	3	2345595	1	3167	2	0	3000
Picture	22	hit	1	5831	2	2355095	1	3166	2	0	3000
Picture	22	hit	1	6431	3	2363595	1	3166	2	0	3000
Picture	33	miss				2374428	1	3166	2	0	3000
Picture	22	hit	1	937	2	2383427	1	3167	2	0	3000
Picture	22	hit	1	3915	3	2393260	1	3167	2	0	3000
Picture	22	hit	1	3873	2	2403927	1	3166	2	0	3000
Picture	22	hit	1	3843	2	2414426	1	3167	2	0	3000
Picture	22	hit	1	4041	4	2423759	2	3167	3	0	3000
Picture	33	miss				2432926	1	3166	2	0	3000
Picture	22	hit	1	3407	3	2443925	2	3167	3	0	3000
Picture	22	hit	1	5708	2	2452092	1	3166	3	0	3000
Picture	22	hit	1	4658	3	2461425	1	3167	2	0	3000
Picture	33	miss				2471591	1	3167	2	0	3000
Picture	22	hit	1	1042	2	2481758	1	3166	2	0	3000
Picture	22	hit	1	4261	3	2490257	2	3167	3	0	3000
Picture	22	hit	1	3803	3	2500090	2	3167	3	0	3000
Picture	22	hit	1	3636	2	2510257	1	3166	2	0	3000
Picture	22	hit	1	4324	2	2519257	1	3166	2	0	3000
Picture	33	hit	1	5512	2	2527756	1	3167	2	0	3000
Picture	22	hit	1	5907	2	2536423	1	3166	2	0	3000
Picture	33	miss				2546756	1	3166	2	0	3000
Picture	22	hit	1	3054	2	2557089	1	3166	2	0	3000
Picture	22	hit	1	4450	2	2567255	1	3167	2	0	3000
Picture	22	hit	1	6169	2	2577255	1	3166	2	0	3000
Picture	22	miss				2586255	1	3166	2	0	3000
Picture	22	hit	1	6929	2	2595088	1	3166	2	0	3000
Picture	22	hit	1	9252	3	2605421	1	3166	2	0	3000
Picture	22	miss				2615254	1	3166	2	0	3000
Picture	33	miss				2625587	1	3166	2	0	3000
Picture	22	hit	1	2608	2	2634253	1	3167	2	0	3000
Picture	22	hit	1	4639	2	2644253	1	3166	2	0	3000
Picture	22	hit	1	4015	3	2654252	2	3167	3	0	3000
Picture	33	miss				2663752	1	3167	2	0	3000
Picture	22	hit	1	2598	2	2674419	1	3166	2	0	3000
Picture	22	hit	1	5358	2	2685252	1	3166	2	0	3000
Picture	22	hit	1	6015	2	2694751	1	3167	2	0	3000
Picture	22	hit	1	6442	2	2705418	1	3166	2	0	3000
Picture	22	hit	1	7307	2	2714084	1	3167	2	0	3000
Picture	22	miss				2723084	1	3166	2	0	3000
Picture	22	hit	1	3121	3	2733583	2	3167	3	0	3000
Picture	33	miss				2742416	2	3167	3	0	3000
Picture	22	hit	1	3641	2	2752750	1	3166	2	0	3000
Picture	22	hit	1	5912	2	2761416	1	3166	3	0	3000
Picture	22	hit	1	6943	3	2769916	1	3166	2	0	3000
Picture	33	miss				2780082	1	3167	2	0	3000
Picture	22	hit	1	3006	3	2790415	1	3167	2	0	3000
Picture	33	miss				2801248	1	3167	2	0	3000
Picture	22	hit	1	3070	2	2811914	1	3167	2	0	3000
Picture	22	miss				2820747	2	3167	3	0	3000
Picture	22	hit	1	28	2	2830581	1	3166	2	0	3000
Picture	33	hit	1	3268	2	2841247	1	3166	2	0	3000
Picture	22	hit	1	7914	2	2851913	1	3167	2	0	3000
Picture	22	miss				2861580	1	3166	2	0	3000
Picture	22	hit	1	3154	2	2870579	1	3167	2	0	3000
Picture	22	hit	1	3717	2	2881579	1	3167	2	0	3000
Picture	22	hit	1	5248	2	2892079	1	3166	2	0	3000
Picture	33	miss				2900745	1	3167	2	0	3000

The following output port codes were not sent because of a conflict on the port.
Port	Code	Time(ms)
1	1	104516
1	2	174528
1	1	192546
1	1	283061
