Scenario - EFT lento Abril 2011
Logfile written - 11/17/2011 10:37:11

Subject	Trial	Event Type	Code	Time	TTime	Uncertainty	Duration	Uncertainty	ReqTime	ReqDur

bav	2	Picture	20	10414	0	1	3153	2	0	3000
bav	3	Response	2	18230	4497	2
bav	4	Picture	20	49582	0	2	3154	3	0	3000
bav	5	Response	1	54606	1704	1
bav	6	Picture	11	80121	0	1	3153	2	0	3000
bav	7	Response	1	84967	1527	2
bav	8	Picture	10	117630	0	1	3153	3	0	3000
bav	9	Response	2	122662	1713	2
bav	10	Picture	10	156965	0	1	3153	2	0	3000
bav	11	Response	1	165313	5029	1
bav	12	Picture	20	193644	0	1	3153	3	0	3000
bav	13	Response	2	201834	4871	1
bav	14	Picture	10	233975	0	1	3153	2	0	3000
bav	15	Response	2	240538	3244	1
bav	16	Picture	10	271484	0	1	3153	2	0	3000
bav	17	Response	1	277852	3049	20
bav	18	Picture	20	300860	0	2	3154	3	0	3000
bav	19	Response	1	307056	2876	1
bav	20	Picture	20	333224	0	2	3154	3	0	3000
bav	21	Response	2	341633	5089	1
bav	22	Picture	10	368078	0	1	3154	2	0	3000
bav	23	Response	1	376780	5383	1
bav	24	Picture	21	402932	0	1	3153	2	0	3000
bav	25	Response	2	412835	6584	1
bav	26	Picture	21	441105	0	1	3153	2	0	3000
bav	27	Response	2	448250	3826	1
bav	28	Picture	20	477286	0	1	3154	2	0	3000
bav	30	Picture	21	516787	0	1	3153	2	0	3000
bav	31	Response	2	522536	2430	1
bav	32	Picture	10	552470	0	2	3154	3	0	3000
bav	33	Response	2	557526	1736	1
bav	34	Picture	11	583839	0	1	3153	2	0	3000
bav	35	Response	1	599417	12259	1
bav	36	Picture	10	624169	0	2	3154	3	0	3000
bav	37	Response	1	628662	1173	2
bav	38	Picture	21	660351	0	1	3153	2	0	3000
bav	39	Response	2	668421	4751	1
bav	40	Picture	10	690059	0	2	3154	3	0	3000
bav	41	Response	1	697611	4232	1
bav	42	Picture	20	723585	0	1	3154	2	0	3000
bav	43	Response	2	734308	7404	1
bav	44	Picture	10	758605	0	1	3153	2	0	3000
bav	45	Response	1	766673	4749	1
bav	46	Picture	21	797774	0	1	3153	2	0	3000
bav	47	Response	2	816011	14918	2
bav	48	Picture	10	827814	0	1	3153	3	0	3000
bav	49	Response	1	834865	3732	1
bav	50	Picture	21	863829	0	2	3154	3	0	3000
bav	51	Response	2	879944	12795	1
bav	52	Picture	20	896857	0	2	3154	3	0	3000
bav	53	Response	2	921076	20899	1
bav	54	Picture	10	926898	0	1	3153	2	0	3000
bav	55	Response	1	931367	1150	1
bav	56	Picture	21	962249	0	2	3154	3	0	3000
bav	57	Response	2	974248	8679	1
bav	58	Picture	10	993784	0	1	3153	2	0	3000
bav	60	Picture	20	1033450	0	2	3154	3	0	3000
bav	61	Response	1	1040071	3301	1
bav	62	Picture	21	1067142	0	2	3154	3	0	3000
bav	63	Response	2	1074822	4360	1
bav	64	Picture	11	1102826	0	1	3153	2	0	3000
bav	65	Response	1	1114941	8796	2
bav	66	Picture	11	1132368	0	2	3154	3	0	3000
bav	67	Response	1	1138525	2837	1
bav	68	Picture	10	1163737	0	1	3153	2	0	3000
bav	70	Picture	20	1200250	0	1	3153	2	0	3000
bav	71	Response	2	1209206	5637	1
bav	72	Picture	21	1232116	0	1	3153	3	0	3000
bav	73	Response	2	1244377	8942	1
bav	74	Picture	20	1271783	0	1	3153	2	0	3000
bav	76	Picture	11	1309790	0	1	3153	2	0	3000
bav	77	Response	1	1320632	7523	1
bav	78	Picture	21	1342486	0	1	3153	2	0	3000
bav	80	Picture	21	1371863	0	1	3153	2	0	3000
bav	81	Response	2	1382404	7222	2
bav	82	Picture	11	1408044	0	1	3153	2	0	3000
bav	83	Response	1	1415568	4205	1
bav	84	Picture	11	1438748	0	2	3154	3	0	3000
bav	85	Response	1	1447551	5483	2
bav	86	Picture	10	1472772	0	1	3153	3	0	3000
bav	88	Picture	20	1511609	0	1	3153	2	0	3000
bav	89	Response	1	1519115	4187	2
bav	90	Picture	21	1545467	0	1	3153	2	0	3000
bav	91	Response	2	1554256	5470	1
bav	92	Picture	10	1585465	0	2	3154	3	0	3000
bav	94	Picture	10	1620485	0	1	3153	3	0	3000
bav	95	Response	1	1634077	10273	2
bav	96	Picture	21	1649198	0	1	3153	2	0	3000
bav	97	Response	2	1655832	3315	1
bav	98	Picture	10	1689362	0	2	3154	3	0	3000
bav	99	Response	1	1698431	5749	1
bav	100	Picture	20	1725378	0	1	3153	2	0	3000
bav	102	Picture	21	1763883	0	1	3153	2	0	3000
bav	104	Picture	20	1796579	0	1	3153	2	0	3000
bav	105	Response	2	1810186	10288	1
bav	106	Picture	10	1826287	0	2	3154	3	0	3000
bav	107	Response	1	1837272	7665	1
bav	108	Picture	21	1863299	0	1	3153	2	0	3000
bav	109	Response	2	1876214	9596	2
bav	110	Picture	20	1893007	0	1	3154	2	0	3000
bav	111	Response	2	1902239	5912	1
bav	112	Picture	20	1930184	0	2	3154	3	0	3000
bav	113	Response	2	1943373	9869	2
bav	114	Picture	20	1960225	0	1	3153	2	0	3000
bav	116	Picture	10	1991261	0	1	3154	2	0	3000
bav	118	Picture	10	2026281	0	1	3153	2	0	3000
bav	119	Response	1	2037494	7894	1
bav	120	Picture	10	2057483	0	1	3153	3	0	3000
bav	121	Response	1	2065298	4496	1
bav	122	Picture	20	2091175	0	1	3153	2	0	3000
bav	123	Response	1	2098037	3543	2
bav	124	Picture	21	2122709	0	1	3154	2	0	3000
bav	126	Picture	20	2154907	0	2	3154	3	0	3000
bav	127	Response	2	2163973	5746	2
bav	128	Picture	21	2192416	0	2	3154	3	0	3000
bav	129	Response	2	2198872	3136	1
bav	130	Picture	11	2225112	0	2	3154	3	0	3000
bav	131	Response	1	2233924	5492	1
bav	132	Picture	21	2256315	0	1	3153	2	0	3000
bav	134	Picture	10	2286189	0	2	3154	3	0	3000
bav	135	Response	1	2291989	2480	1
bav	136	Picture	21	2322039	0	1	3153	2	0	3000
bav	137	Response	2	2327428	2070	1
bav	138	Picture	10	2351913	0	2	3154	3	0	3000
bav	139	Response	1	2359385	4152	1
bav	140	Picture	11	2390916	0	1	3153	3	0	3000
bav	141	Response	1	2397761	3526	1
bav	142	Picture	11	2429089	0	1	3154	2	0	3000
bav	143	Response	1	2437029	4621	2
bav	144	Picture	21	2464939	0	1	3153	2	0	3000
bav	145	Response	2	2470609	2351	1
bav	146	Picture	21	2494149	0	1	3154	2	0	3000
bav	147	Response	2	2505035	7566	1
bav	148	Picture	21	2531658	0	2	3154	3	0	3000
bav	149	Response	2	2537484	2506	1
bav	150	Picture	11	2563027	0	1	3153	2	0	3000
bav	151	Response	1	2569641	3295	1
bav	152	Picture	11	2593897	0	1	3153	2	0	3000
bav	153	Response	1	2600238	3022	2
bav	154	Picture	10	2631904	0	1	3153	3	0	3000
bav	155	Response	2	2645221	9998	1
bav	156	Picture	10	2669081	0	1	3154	2	0	3000
bav	157	Response	1	2681117	8716	1
bav	158	Picture	11	2707420	0	2	3154	3	0	3000
bav	159	Response	1	2712424	1684	2
bav	160	Picture	21	2744431	0	2	3154	3	0	3000
bav	161	Response	2	2753808	6057	1
bav	162	Picture	10	2784596	0	1	3153	3	0	3000
bav	163	Response	2	2789652	1737	2
bav	164	Picture	11	2821939	0	2	3154	3	0	3000
bav	164	Response	1	2823056	1117	2
bav	166	Picture	21	2859780	0	2	3154	3	0	3000
bav	167	Response	2	2863555	455	1
bav	168	Picture	21	2892974	0	2	3154	3	0	3000
bav	169	Response	2	2898429	2135	1
bav	170	Picture	21	2929488	0	1	3153	2	0	3000
bav	171	Response	1	2933218	411	1
bav	171	Response	2	2964752	31945	2
bav	172	Picture	11	2966167	0	1	3153	2	0	3000
bav	174	Picture	10	3005170	0	1	3153	2	0	3000
bav	175	Response	2	3008815	326	1
bav	176	Picture	11	3043675	0	1	3153	2	0	3000
bav	178	Picture	21	3081018	0	1	3153	2	0	3000
bav	179	Response	2	3087489	3152	1
bav	180	Picture	10	3119689	0	1	3153	2	0	3000
bav	181	Response	1	3126753	3745	2
bav	182	Picture	21	3158526	0	1	3153	2	0	3000
bav	183	Response	1	3162638	793	1
bav	183	Response	1	3165744	3899	1
bav	184	Picture	21	3187072	0	2	3154	3	0	3000
bav	185	Response	2	3191381	989	1
bav	186	Picture	11	3217943	0	1	3153	2	0	3000
bav	187	Response	1	3223893	2631	2
bav	188	Picture	10	3256448	0	1	3153	2	0	3000
bav	189	Response	1	3263928	4161	2
bav	190	Picture	10	3285658	0	2	3154	3	0	3000
bav	192	Picture	21	3319350	0	2	3154	3	0	3000
bav	193	Response	2	3322975	305	1
bav	194	Picture	21	3359017	0	1	3153	3	0	3000
bav	195	Response	2	3364946	2610	1
bav	196	Picture	11	3393539	0	1	3153	2	0	3000
bav	197	Response	1	3397550	692	1
bav	198	Picture	11	3423247	0	2	3154	3	0	3000
bav	199	Response	1	3427556	989	1
bav	200	Picture	21	3457603	0	1	3153	3	0	3000
bav	201	Response	1	3463364	2442	1
bav	202	Picture	11	3497436	0	1	3153	2	0	3000
bav	203	Response	1	3502501	1746	1
bav	204	Picture	21	3536604	0	2	3154	3	0	3000
bav	205	Response	1	3543386	3462	1
bav	206	Picture	11	3576935	0	1	3154	2	0	3000
bav	207	Response	1	3584072	3817	1
bav	208	Picture	10	3615772	0	1	3153	3	0	3000
bav	209	Response	2	3633534	14443	2
bav	210	Picture	11	3649132	0	1	3153	2	0	3000
bav	211	Response	1	3654051	1600	1
bav	212	Picture	20	3680998	0	1	3153	3	0	3000
bav	213	Response	1	3688622	4305	1
bav	214	Picture	11	3720665	0	1	3153	2	0	3000
bav	216	Picture	10	3759668	0	1	3153	2	0	3000
bav	217	Response	1	3770674	7687	2
bav	218	Picture	11	3798173	0	1	3153	2	0	3000
bav	220	Picture	21	3827715	0	2	3154	3	0	3000
bav	222	Picture	20	3864561	0	1	3153	2	0	3000
bav	224	Picture	20	3900410	0	1	3153	2	0	3000
bav	226	Picture	21	3931446	0	2	3154	3	0	3000
bav	228	Picture	10	3969287	0	2	3154	3	0	3000
bav	230	Picture	10	4004307	0	1	3153	2	0	3000
bav	232	Picture	10	4034347	0	2	3154	3	0	3000
bav	234	Picture	20	4071359	0	1	3153	2	0	3000
bav	236	Picture	11	4103059	0	1	3153	2	0	3000
bav	238	Picture	10	4132933	0	2	3154	3	0	3000
bav	240	Picture	10	4171272	0	2	3154	3	0	3000
bav	241	Response	2	4178037	3445	2
bav	241	Response	1	4202323	27731	1
bav	242	Picture	21	4205462	0	1	3154	2	0	3000
bav	244	Picture	11	4239154	0	1	3153	3	0	3000
bav	245	Response	1	4244174	1701	1
bav	246	Picture	10	4272182	0	1	3153	2	0	3000
bav	247	Response	2	4278185	2684	1
bav	248	Picture	11	4307865	0	2	3154	3	0	3000
bav	250	Picture	20	4347366	0	2	3154	3	0	3000
bav	251	Response	2	4358328	7642	1
bav	252	Picture	10	4387531	0	1	3153	2	0	3000
bav	253	Response	2	4392943	2093	1
bav	254	Picture	21	4417073	0	2	3154	3	0	3000
bav	255	Response	1	4422243	1850	1
bav	256	Picture	21	4456242	0	2	3154	3	0	3000
bav	257	Response	2	4461766	2204	1
bav	258	Picture	20	4487611	0	1	3153	2	0	3000
bav	259	Response	2	4498844	7914	2
bav	260	Picture	11	4526447	0	2	3154	3	0	3000
bav	261	Response	1	4533953	4186	1
bav	262	Picture	10	4564288	0	2	3154	3	0	3000
bav	263	Response	1	4567987	379	1
bav	264	Picture	10	4597980	0	2	3154	3	0	3000
bav	265	Response	1	4609886	8586	1
bav	266	Picture	11	4629681	0	1	3153	2	0	3000
bav	267	Response	2	4635644	2644	1
bav	267	Response	2	4651302	18302	1
bav	268	Picture	11	4659555	0	1	3154	2	0	3000
bav	269	Response	1	4664139	1264	1
bav	270	Picture	20	4691255	0	2	3154	3	0	3000
bav	271	Response	1	4695821	1246	1
bav	272	Picture	10	4722126	0	1	3153	2	0	3000
bav	273	Response	1	4736519	11074	1
bav	274	Picture	10	4761294	0	2	3000	4	0	3000
bav	275	Response	1	4767195	2747	2
bav	276	Picture	10	4798306	0	1	3153	2	0	3000
bav	277	Response	1	4803587	1962	2
bav	278	Picture	11	4833491	0	2	3154	3	0	3000
bav	279	Response	1	4837837	1026	2
bav	280	Picture	21	4871830	0	2	3154	3	0	3000
bav	281	Response	1	4878630	3480	1
bav	282	Picture	11	4911497	0	1	3153	3	0	3000
bav	283	Response	1	4925166	10350	1
bav	284	Picture	11	4950334	0	1	3153	2	0	3000
bav	285	Response	1	4956753	3100	1
bav	286	Picture	10	4989171	0	1	3153	2	0	3000
bav	287	Response	1	4999491	7001	1
bav	288	Picture	20	5026514	0	1	3153	3	0	3000
bav	289	Response	1	5032365	2532	1
bav	290	Picture	20	5064189	0	1	3154	2	0	3000
bav	291	Response	1	5072620	5112	2
bav	292	Picture	20	5095557	0	2	3154	3	0	3000
bav	293	Response	1	5102151	3274	1
bav	294	Picture	11	5131241	0	1	3153	2	0	3000
bav	295	Response	1	5137281	2721	1
bav	296	Picture	20	5164767	0	1	3153	2	0	3000
bav	297	Response	1	5170290	2204	1
bav	298	Picture	11	5201612	0	1	3153	2	0	3000
bav	300	Picture	10	5240615	0	1	3153	2	0	3000
bav	301	Response	1	5251549	7615	1
bav	302	Response	1	7681590	2405956	1
bav	304	Picture	11	7701945	0	1	3153	2	0	3000
bav	305	Response	1	7706670	1406	1
bav	306	Picture	11	7740616	0	1	3153	2	0	3000
bav	307	Response	1	7745248	1313	2
bav	308	Picture	21	7779950	0	2	3154	3	0	3000
bav	309	Response	2	7784476	1206	1
bav	310	Picture	11	7812978	0	2	3154	3	0	3000
bav	311	Response	1	7816367	69	1
bav	312	Picture	20	7850985	0	2	3154	3	0	3000
bav	313	Response	1	7854383	78	1
bav	313	Response	2	7872095	17790	1
bav	314	Picture	11	7889656	0	2	3154	3	0	3000
bav	314	Response	1	7891992	2336	1
bav	316	Picture	11	7920527	0	1	3153	2	0	3000
bav	317	Response	1	7928369	4523	1
bav	318	Picture	21	7954218	0	2	3154	3	0	3000
bav	318	Response	1	7956588	2370	2
bav	320	Picture	11	7983761	0	1	3154	2	0	3000
bav	321	Response	2	7987884	803	2
bav	321	Response	1	7989853	2772	1
bav	322	Picture	10	8021270	0	2	3154	3	0	3000
bav	323	Response	1	8026700	2110	1
bav	324	Picture	10	8051643	0	1	3153	2	0	3000
bav	325	Response	1	8073339	18377	1
bav	326	Picture	21	8090646	0	1	3153	2	0	3000
bav	327	Response	1	8098446	4481	2
bav	328	Picture	21	8123176	0	1	3153	2	0	3000
bav	329	Response	2	8132524	6029	1
bav	330	Picture	20	8151888	0	2	3154	3	0	3000
bav	331	Response	1	8157873	2665	1
bav	332	Picture	10	8187074	0	1	3153	3	0	3000
bav	333	Response	2	8191003	610	1
bav	334	Picture	10	8222094	0	1	3153	2	0	3000
bav	334	Response	1	8224607	2513	1
bav	336	Picture	21	8259935	0	1	3153	2	0	3000
bav	337	Response	1	8266103	2849	1
bav	337	Response	2	8267535	4281	1
bav	338	Picture	20	8288813	0	2	3154	3	0	3000
bav	339	Response	1	8295280	3147	1
bav	340	Picture	21	8324829	0	1	3153	2	0	3000
bav	342	Picture	21	8361010	0	1	3154	2	0	3000
bav	343	Response	2	8366428	2098	1
bav	344	Picture	21	8392212	0	2	3154	3	0	3000
bav	346	Picture	11	8423249	0	1	3153	2	0	3000
bav	347	Response	1	8428530	1962	2
bav	348	Picture	11	8462418	0	1	3153	2	0	3000
bav	349	Response	1	8467723	1986	6
bav	350	Picture	11	8501421	0	1	3153	2	0	3000
bav	352	Picture	10	8538598	0	1	3153	2	0	3000
bav	353	Response	1	8547004	5087	2
bav	354	Picture	20	8573451	0	2	3154	3	0	3000
bav	355	Response	2	8584321	7550	2
bav	356	Picture	10	8608139	0	1	3153	3	0	3000
bav	357	Response	1	8618662	7204	1
bav	358	Picture	21	8647972	0	1	3153	2	0	3000
bav	359	Response	2	8659079	7788	1
bav	360	Picture	21	8679340	0	1	3153	2	0	3000
bav	361	Response	2	8686582	3923	2
bav	362	Picture	20	8710376	0	2	3154	3	0	3000
bav	363	Response	2	8722659	8963	1
bav	364	Picture	10	8744566	0	1	3153	3	0	3000
bav	366	Picture	20	8783569	0	1	3153	2	0	3000
bav	367	Response	2	8791571	4683	1
bav	368	Picture	10	8815269	0	1	3154	2	0	3000
bav	369	Response	2	8820196	1608	1
bav	370	Picture	10	8848961	0	1	3153	2	0	3000
bav	371	Response	2	8856431	4151	1
bav	372	Picture	20	8889126	0	1	3153	2	0	3000
bav	373	Response	1	8895800	3355	2
bav	374	Picture	21	8928792	0	2	3154	3	0	3000
bav	375	Response	2	8936386	4274	1
bav	376	Picture	21	8959331	0	1	3153	2	0	3000
bav	377	Response	2	8969188	6538	1
bav	378	Picture	20	8995678	0	1	3153	3	0	3000
bav	379	Response	2	9005183	6186	1
bav	380	Picture	10	9025553	0	1	3153	2	0	3000
bav	381	Response	1	9033156	4284	1
bav	382	Picture	10	9065883	0	2	3154	3	0	3000
bav	383	Response	2	9070769	1566	1
bav	384	Picture	21	9101069	0	1	3153	2	0	3000
bav	385	Response	2	9107814	3426	1
bav	386	Picture	20	9136918	0	2	3154	3	0	3000
bav	387	Response	2	9144930	4692	1
bav	388	Picture	20	9166461	0	1	3153	2	0	3000
bav	389	Response	2	9175528	5748	1
bav	390	Picture	11	9203306	0	1	3154	2	0	3000
bav	391	Response	1	9212256	5631	2
bav	392	Picture	21	9234840	0	2	3154	3	0	3000
bav	393	Response	2	9240527	2367	1
bav	394	Picture	10	9270856	0	1	3153	2	0	3000
bav	395	Response	1	9279500	5325	2
bav	396	Picture	11	9311186	0	2	3154	3	0	3000
bav	397	Response	2	9322640	8134	2
bav	398	Picture	20	9350521	0	2	3154	3	0	3000
bav	400	Picture	10	9387698	0	2	3154	3	0	3000
bav	402	Picture	20	9423216	0	1	3153	2	0	3000
bav	403	Response	1	9428687	2152	1
bav	403	Response	2	9430330	3795	1
bav	404	Picture	21	9458733	0	2	3154	3	0	3000
bav	406	Picture	11	9487280	0	2	3154	3	0	3000
bav	407	Response	1	9491622	1022	1
bav	408	Picture	11	9518648	0	2	3154	3	0	3000
bav	410	Picture	11	9553170	0	1	3154	2	0	3000
bav	412	Picture	20	9582547	0	1	3153	2	0	3000
bav	413	Response	2	9596742	10876	1
bav	414	Picture	21	9617068	0	2	3154	3	0	3000
bav	415	Response	2	9623512	3124	1
bav	416	Picture	11	9646611	0	1	3153	3	0	3000
bav	417	Response	1	9651223	1293	1
bav	418	Picture	10	9683124	0	2	3154	3	0	3000
bav	419	Response	2	9686447	3	1
bav	420	Picture	20	9712003	0	1	3154	2	0	3000
bav	422	Picture	10	9744699	0	1	3153	3	0	3000
bav	423	Response	2	9748367	349	1
bav	423	Response	1	9750240	2222	1
bav	424	Picture	11	9777561	0	1	3154	2	0	3000
bav	426	Picture	20	9814572	0	2	3154	3	0	3000
bav	427	Response	1	9818417	525	2
bav	428	Picture	11	9850920	0	1	3153	2	0	3000
bav	429	Response	1	9854531	292	2
bav	430	Picture	11	9882454	0	1	3153	2	0	3000
bav	431	Response	1	9887750	1977	1
bav	432	Picture	11	9921789	0	1	3153	2	0	3000
bav	433	Response	2	9925239	131	1
bav	433	Response	1	9928141	3033	1
bav	434	Picture	20	9954153	0	1	3153	2	0	3000
bav	436	Picture	21	9988343	0	1	3153	2	0	3000
bav	437	Response	2	9995627	3965	1
bav	438	Picture	20	10025520	0	1	3153	2	0	3000
bav	439	Response	1	10030758	1919	1
bav	439	Response	2	10032637	3798	1
bav	440	Picture	21	10055892	0	2	3154	3	0	3000
bav	441	Response	2	10067183	7971	1
bav	442	Picture	11	10091908	0	1	3153	2	0	3000
bav	443	Response	1	10097124	1897	1
bav	444	Picture	10	10123774	0	1	3153	2	0	3000
bav	445	Response	1	10139360	12267	1
bav	446	Picture	21	10157798	0	1	3153	2	0	3000
bav	447	Response	2	10163097	1980	1
bav	448	Picture	20	10187174	0	2	3154	3	0	3000
bav	450	Picture	10	10217049	0	1	3153	2	0	3000
bav	451	Response	1	10228301	7933	1
bav	452	Picture	21	10250575	0	1	3153	2	0	3000
bav	453	Response	2	10257343	3449	2
bav	454	Picture	20	10283271	0	1	3153	2	0	3000
bav	455	Response	1	10287383	793	1
bav	456	Picture	21	10312979	0	1	3154	2	0	3000
bav	457	Response	2	10319093	2794	1
bav	458	Picture	20	10343352	0	1	3153	2	0	3000
bav	459	Response	2	10351747	5076	1
bav	460	Picture	21	10383184	0	2	3154	3	0	3000
bav	461	Response	2	10386760	256	1
bav	462	Picture	11	10419200	0	1	3153	2	0	3000
bav	463	Response	1	10425641	3122	1
bav	464	Picture	21	10454551	0	2	3154	3	0	3000
bav	465	Response	2	10459560	1689	2
bav	466	Picture	21	10492558	0	2	3154	3	0	3000
bav	467	Response	2	10500262	4384	1
bav	468	Picture	21	10526416	0	1	3154	2	0	3000
bav	469	Response	2	10532651	2915	2
bav	470	Picture	20	10556125	0	1	3153	2	0	3000
bav	471	Response	1	10561303	1859	1
bav	472	Picture	21	10585999	0	2	3154	3	0	3000
bav	472	Response	2	10588992	2993	1
bav	474	Picture	21	10624504	0	2	3153	4	0	3000
bav	475	Response	2	10631299	3475	1
bav	476	Picture	10	10658362	0	1	3153	3	0	3000
bav	477	Response	2	10663840	2159	1
bav	478	Picture	11	10691058	0	1	3153	3	0	3000
bav	479	Response	1	10699027	4650	1
bav	480	Picture	11	10726742	0	1	3153	2	0	3000
bav	481	Response	1	10731087	1026	1
bav	482	Picture	11	10758110	0	1	3153	2	0	3000
bav	483	Response	1	10763913	2484	1
bav	484	Picture	20	10792963	0	2	3154	3	0	3000
bav	484	Response	1	10795977	3014	1
bav	486	Picture	10	10830639	0	1	3153	2	0	3000
bav	488	Picture	10	10862837	0	1	3153	2	0	3000
bav	490	Picture	10	10896031	0	1	3153	2	0	3000
bav	492	Picture	21	10934204	0	1	3153	2	0	3000
bav	493	Response	2	10940445	2922	2
bav	494	Picture	11	10973040	0	2	3154	3	0	3000
bav	495	Response	1	10983022	6662	1
bav	496	Picture	21	11007064	0	2	3154	3	0	3000
bav	497	Response	2	11012612	2228	1
bav	498	Picture	20	11044407	0	2	3154	3	0	3000
bav	499	Response	2	11057771	10044	1
bav	500	Picture	10	11076937	0	2	3154	3	0	3000
bav	501	Response	1	11085799	5542	1
bav	502	Picture	21	11109965	0	2	3154	3	0	3000
bav	503	Response	2	11119015	5730	1
bav	504	Picture	11	11147309	0	1	3153	2	0	3000
bav	505	Response	1	11152974	2346	1
bav	506	Picture	10	11183490	0	1	3153	3	0	3000
bav	507	Response	1	11190378	3569	1
bav	508	Picture	21	11223157	0	1	3153	2	0	3000
bav	509	Response	2	11227927	1451	2
bav	510	Picture	20	11261994	0	1	3153	2	0	3000
bav	511	Response	2	11272493	7180	2
bav	512	Picture	21	11302158	0	2	3154	3	0	3000
bav	513	Response	2	11309516	4038	1
bav	514	Picture	11	11338672	0	1	3153	2	0	3000
bav	515	Response	1	11344627	2636	1
bav	516	Picture	21	11374023	0	1	3154	2	0	3000
bav	517	Response	2	11380556	3213	1
bav	518	Picture	11	11402902	0	1	3153	2	0	3000
bav	519	Response	1	11407968	1747	1
bav	520	Picture	10	11436926	0	1	3153	2	0	3000
bav	522	Picture	11	11472941	0	1	3153	3	0	3000
bav	524	Picture	11	11505803	0	1	3153	3	0	3000
bav	526	Picture	21	11534682	0	1	3153	2	0	3000
bav	527	Response	1	11564674	26673	1
bav	528	Picture	20	11567212	0	1	3153	2	0	3000
bav	529	Response	2	11570583	52	1
bav	530	Picture	11	11606049	0	1	3153	2	0	3000
bav	532	Picture	21	11636421	0	1	3154	2	0	3000
bav	533	Response	2	11645995	6254	1
bav	534	Picture	20	11667789	0	2	3154	3	0	3000
bav	535	Response	1	11672307	1198	1
bav	536	Picture	21	11698328	0	1	3153	2	0	3000
bav	537	Response	2	11710332	8685	2
bav	538	Picture	20	11734177	0	2	3154	3	0	3000
bav	539	Response	2	11742885	5388	1
bav	540	Picture	20	11769695	0	1	3153	2	0	3000
bav	541	Response	1	11774629	1615	1
bav	541	Response	2	11776451	3437	1
bav	542	Picture	11	11801561	0	1	3153	2	0	3000
bav	543	Response	2	11807677	2797	1
bav	543	Response	1	11809231	4351	1
bav	543	Response	2	11811247	6367	2
bav	544	Picture	21	11841892	0	1	3153	2	0	3000
bav	546	Picture	10	11873094	0	1	3153	2	0	3000
bav	548	Picture	21	11908777	0	2	3154	3	0	3000
bav	549	Response	2	11913896	1799	1
bav	550	Picture	20	11948610	0	1	3154	2	0	3000
bav	551	Response	1	11954837	2908	1
bav	552	Picture	20	11983464	0	1	3153	2	0	3000
bav	553	Response	2	11990407	3624	1
bav	554	Picture	10	12013504	0	1	3154	2	0	3000
bav	555	Response	1	12022133	5309	1
bav	556	Picture	20	12045370	0	2	3154	3	0	3000
bav	557	Response	2	12051370	2680	1
bav	558	Picture	11	12077900	0	2	3154	3	0	3000
bav	559	Response	1	12083676	2456	1
bav	560	Picture	10	12108107	0	1	3153	2	0	3000
bav	561	Response	1	12115891	4465	2
bav	562	Picture	11	12137649	0	2	3154	3	0	3000
bav	563	Response	1	12143038	2069	1
bav	564	Picture	10	12171009	0	2	3154	3	0	3000
bav	566	Picture	11	12209182	0	2	3154	3	0	3000
bav	567	Response	1	12214826	2324	1
bav	568	Picture	10	12243206	0	1	3154	2	0	3000
bav	569	Response	2	12250666	4140	2
bav	570	Picture	10	12278890	0	1	3153	2	0	3000
bav	571	Response	1	12283447	1238	1
bav	572	Picture	10	12312250	0	1	3153	2	0	3000
bav	573	Response	2	12316927	1358	1
bav	574	Picture	10	12344780	0	1	3153	2	0	3000
bav	575	Response	1	12352013	3914	2
bav	576	Picture	20	12374156	0	2	3154	3	0	3000
bav	577	Response	1	12380571	3095	1
bav	578	Picture	20	12412827	0	1	3154	2	0	3000
bav	580	Picture	21	12450170	0	2	3154	3	0	3000
bav	581	Response	2	12456119	2629	1
bav	582	Picture	20	12486850	0	1	3153	2	0	3000
bav	583	Response	1	12491552	1383	1
bav	584	Picture	10	12523861	0	1	3153	2	0	3000
bav	586	Picture	10	12556225	0	1	3153	2	0	3000
bav	587	Response	2	12562099	2555	1
bav	588	Picture	20	12591576	0	2	3154	3	0	3000
bav	590	Picture	20	12626928	0	1	3153	3	0	3000
bav	591	Response	1	12630796	549	1
bav	592	Picture	11	12656139	0	1	3153	2	0	3000
bav	593	Response	1	12666635	7177	1
bav	594	Picture	10	12695639	0	2	3154	3	0	3000
bav	595	Response	1	12700916	1957	1
bav	596	Picture	10	12732651	0	1	3153	2	0	3000
bav	597	Response	1	12738652	2682	1
bav	598	Picture	10	12770160	0	1	3153	2	0	3000
bav	599	Response	1	12775999	2520	1
bav	600	Picture	11	12799204	0	2	3154	3	0	3000
bav	601	Response	1	12803891	1367	1
bav	602	Picture	11	12836050	0	1	3153	2	0	3000
bav	603	Response	1	12842092	2723	1
bav	604	Response	2	13033650	157436	1


Event Type	Code	Type	Response	RT	RT Uncertainty	Time	Uncertainty	Duration	Uncertainty	ReqTime	ReqDur

Picture	20	other				10414	1	3153	2	0	3000
Picture	20	other				49582	2	3154	3	0	3000
Picture	11	other				80121	1	3153	2	0	3000
Picture	10	other				117630	1	3153	3	0	3000
Picture	10	other				156965	1	3153	2	0	3000
Picture	20	other				193644	1	3153	3	0	3000
Picture	10	other				233975	1	3153	2	0	3000
Picture	10	other				271484	1	3153	2	0	3000
Picture	20	other				300860	2	3154	3	0	3000
Picture	20	other				333224	2	3154	3	0	3000
Picture	10	other				368078	1	3154	2	0	3000
Picture	21	other				402932	1	3153	2	0	3000
Picture	21	other				441105	1	3153	2	0	3000
Picture	20	other				477286	1	3154	2	0	3000
Picture	21	other				516787	1	3153	2	0	3000
Picture	10	other				552470	2	3154	3	0	3000
Picture	11	other				583839	1	3153	2	0	3000
Picture	10	other				624169	2	3154	3	0	3000
Picture	21	other				660351	1	3153	2	0	3000
Picture	10	other				690059	2	3154	3	0	3000
Picture	20	other				723585	1	3154	2	0	3000
Picture	10	other				758605	1	3153	2	0	3000
Picture	21	other				797774	1	3153	2	0	3000
Picture	10	other				827814	1	3153	3	0	3000
Picture	21	other				863829	2	3154	3	0	3000
Picture	20	other				896857	2	3154	3	0	3000
Picture	10	other				926898	1	3153	2	0	3000
Picture	21	other				962249	2	3154	3	0	3000
Picture	10	other				993784	1	3153	2	0	3000
Picture	20	other				1033450	2	3154	3	0	3000
Picture	21	other				1067142	2	3154	3	0	3000
Picture	11	other				1102826	1	3153	2	0	3000
Picture	11	other				1132368	2	3154	3	0	3000
Picture	10	other				1163737	1	3153	2	0	3000
Picture	20	other				1200250	1	3153	2	0	3000
Picture	21	other				1232116	1	3153	3	0	3000
Picture	20	other				1271783	1	3153	2	0	3000
Picture	11	other				1309790	1	3153	2	0	3000
Picture	21	other				1342486	1	3153	2	0	3000
Picture	21	other				1371863	1	3153	2	0	3000
Picture	11	other				1408044	1	3153	2	0	3000
Picture	11	other				1438748	2	3154	3	0	3000
Picture	10	other				1472772	1	3153	3	0	3000
Picture	20	other				1511609	1	3153	2	0	3000
Picture	21	other				1545467	1	3153	2	0	3000
Picture	10	other				1585465	2	3154	3	0	3000
Picture	10	other				1620485	1	3153	3	0	3000
Picture	21	other				1649198	1	3153	2	0	3000
Picture	10	other				1689362	2	3154	3	0	3000
Picture	20	other				1725378	1	3153	2	0	3000
Picture	21	other				1763883	1	3153	2	0	3000
Picture	20	other				1796579	1	3153	2	0	3000
Picture	10	other				1826287	2	3154	3	0	3000
Picture	21	other				1863299	1	3153	2	0	3000
Picture	20	other				1893007	1	3154	2	0	3000
Picture	20	other				1930184	2	3154	3	0	3000
Picture	20	other				1960225	1	3153	2	0	3000
Picture	10	other				1991261	1	3154	2	0	3000
Picture	10	other				2026281	1	3153	2	0	3000
Picture	10	other				2057483	1	3153	3	0	3000
Picture	20	other				2091175	1	3153	2	0	3000
Picture	21	other				2122709	1	3154	2	0	3000
Picture	20	other				2154907	2	3154	3	0	3000
Picture	21	other				2192416	2	3154	3	0	3000
Picture	11	other				2225112	2	3154	3	0	3000
Picture	21	other				2256315	1	3153	2	0	3000
Picture	10	other				2286189	2	3154	3	0	3000
Picture	21	other				2322039	1	3153	2	0	3000
Picture	10	other				2351913	2	3154	3	0	3000
Picture	11	other				2390916	1	3153	3	0	3000
Picture	11	other				2429089	1	3154	2	0	3000
Picture	21	other				2464939	1	3153	2	0	3000
Picture	21	other				2494149	1	3154	2	0	3000
Picture	21	other				2531658	2	3154	3	0	3000
Picture	11	other				2563027	1	3153	2	0	3000
Picture	11	other				2593897	1	3153	2	0	3000
Picture	10	other				2631904	1	3153	3	0	3000
Picture	10	other				2669081	1	3154	2	0	3000
Picture	11	other				2707420	2	3154	3	0	3000
Picture	21	other				2744431	2	3154	3	0	3000
Picture	10	other				2784596	1	3153	3	0	3000
Picture	11	other				2821939	2	3154	3	0	3000
Picture	21	other				2859780	2	3154	3	0	3000
Picture	21	other				2892974	2	3154	3	0	3000
Picture	21	other				2929488	1	3153	2	0	3000
Picture	11	other				2966167	1	3153	2	0	3000
Picture	10	other				3005170	1	3153	2	0	3000
Picture	11	other				3043675	1	3153	2	0	3000
Picture	21	other				3081018	1	3153	2	0	3000
Picture	10	other				3119689	1	3153	2	0	3000
Picture	21	other				3158526	1	3153	2	0	3000
Picture	21	other				3187072	2	3154	3	0	3000
Picture	11	other				3217943	1	3153	2	0	3000
Picture	10	other				3256448	1	3153	2	0	3000
Picture	10	other				3285658	2	3154	3	0	3000
Picture	21	other				3319350	2	3154	3	0	3000
Picture	21	other				3359017	1	3153	3	0	3000
Picture	11	other				3393539	1	3153	2	0	3000
Picture	11	other				3423247	2	3154	3	0	3000
Picture	21	other				3457603	1	3153	3	0	3000
Picture	11	other				3497436	1	3153	2	0	3000
Picture	21	other				3536604	2	3154	3	0	3000
Picture	11	other				3576935	1	3154	2	0	3000
Picture	10	other				3615772	1	3153	3	0	3000
Picture	11	other				3649132	1	3153	2	0	3000
Picture	20	other				3680998	1	3153	3	0	3000
Picture	11	other				3720665	1	3153	2	0	3000
Picture	10	other				3759668	1	3153	2	0	3000
Picture	11	other				3798173	1	3153	2	0	3000
Picture	21	other				3827715	2	3154	3	0	3000
Picture	20	other				3864561	1	3153	2	0	3000
Picture	20	other				3900410	1	3153	2	0	3000
Picture	21	other				3931446	2	3154	3	0	3000
Picture	10	other				3969287	2	3154	3	0	3000
Picture	10	other				4004307	1	3153	2	0	3000
Picture	10	other				4034347	2	3154	3	0	3000
Picture	20	other				4071359	1	3153	2	0	3000
Picture	11	other				4103059	1	3153	2	0	3000
Picture	10	other				4132933	2	3154	3	0	3000
Picture	10	other				4171272	2	3154	3	0	3000
Picture	21	other				4205462	1	3154	2	0	3000
Picture	11	other				4239154	1	3153	3	0	3000
Picture	10	other				4272182	1	3153	2	0	3000
Picture	11	other				4307865	2	3154	3	0	3000
Picture	20	other				4347366	2	3154	3	0	3000
Picture	10	other				4387531	1	3153	2	0	3000
Picture	21	other				4417073	2	3154	3	0	3000
Picture	21	other				4456242	2	3154	3	0	3000
Picture	20	other				4487611	1	3153	2	0	3000
Picture	11	other				4526447	2	3154	3	0	3000
Picture	10	other				4564288	2	3154	3	0	3000
Picture	10	other				4597980	2	3154	3	0	3000
Picture	11	other				4629681	1	3153	2	0	3000
Picture	11	other				4659555	1	3154	2	0	3000
Picture	20	other				4691255	2	3154	3	0	3000
Picture	10	other				4722126	1	3153	2	0	3000
Picture	10	other				4761294	2	3000	4	0	3000
Picture	10	other				4798306	1	3153	2	0	3000
Picture	11	other				4833491	2	3154	3	0	3000
Picture	21	other				4871830	2	3154	3	0	3000
Picture	11	other				4911497	1	3153	3	0	3000
Picture	11	other				4950334	1	3153	2	0	3000
Picture	10	other				4989171	1	3153	2	0	3000
Picture	20	other				5026514	1	3153	3	0	3000
Picture	20	other				5064189	1	3154	2	0	3000
Picture	20	other				5095557	2	3154	3	0	3000
Picture	11	other				5131241	1	3153	2	0	3000
Picture	20	other				5164767	1	3153	2	0	3000
Picture	11	other				5201612	1	3153	2	0	3000
Picture	10	other				5240615	1	3153	2	0	3000
Picture	11	other				7701945	1	3153	2	0	3000
Picture	11	other				7740616	1	3153	2	0	3000
Picture	21	other				7779950	2	3154	3	0	3000
Picture	11	other				7812978	2	3154	3	0	3000
Picture	20	other				7850985	2	3154	3	0	3000
Picture	11	other				7889656	2	3154	3	0	3000
Picture	11	other				7920527	1	3153	2	0	3000
Picture	21	other				7954218	2	3154	3	0	3000
Picture	11	other				7983761	1	3154	2	0	3000
Picture	10	other				8021270	2	3154	3	0	3000
Picture	10	other				8051643	1	3153	2	0	3000
Picture	21	other				8090646	1	3153	2	0	3000
Picture	21	other				8123176	1	3153	2	0	3000
Picture	20	other				8151888	2	3154	3	0	3000
Picture	10	other				8187074	1	3153	3	0	3000
Picture	10	other				8222094	1	3153	2	0	3000
Picture	21	other				8259935	1	3153	2	0	3000
Picture	20	other				8288813	2	3154	3	0	3000
Picture	21	other				8324829	1	3153	2	0	3000
Picture	21	other				8361010	1	3154	2	0	3000
Picture	21	other				8392212	2	3154	3	0	3000
Picture	11	other				8423249	1	3153	2	0	3000
Picture	11	other				8462418	1	3153	2	0	3000
Picture	11	other				8501421	1	3153	2	0	3000
Picture	10	other				8538598	1	3153	2	0	3000
Picture	20	other				8573451	2	3154	3	0	3000
Picture	10	other				8608139	1	3153	3	0	3000
Picture	21	other				8647972	1	3153	2	0	3000
Picture	21	other				8679340	1	3153	2	0	3000
Picture	20	other				8710376	2	3154	3	0	3000
Picture	10	other				8744566	1	3153	3	0	3000
Picture	20	other				8783569	1	3153	2	0	3000
Picture	10	other				8815269	1	3154	2	0	3000
Picture	10	other				8848961	1	3153	2	0	3000
Picture	20	other				8889126	1	3153	2	0	3000
Picture	21	other				8928792	2	3154	3	0	3000
Picture	21	other				8959331	1	3153	2	0	3000
Picture	20	other				8995678	1	3153	3	0	3000
Picture	10	other				9025553	1	3153	2	0	3000
Picture	10	other				9065883	2	3154	3	0	3000
Picture	21	other				9101069	1	3153	2	0	3000
Picture	20	other				9136918	2	3154	3	0	3000
Picture	20	other				9166461	1	3153	2	0	3000
Picture	11	other				9203306	1	3154	2	0	3000
Picture	21	other				9234840	2	3154	3	0	3000
Picture	10	other				9270856	1	3153	2	0	3000
Picture	11	other				9311186	2	3154	3	0	3000
Picture	20	other				9350521	2	3154	3	0	3000
Picture	10	other				9387698	2	3154	3	0	3000
Picture	20	other				9423216	1	3153	2	0	3000
Picture	21	other				9458733	2	3154	3	0	3000
Picture	11	other				9487280	2	3154	3	0	3000
Picture	11	other				9518648	2	3154	3	0	3000
Picture	11	other				9553170	1	3154	2	0	3000
Picture	20	other				9582547	1	3153	2	0	3000
Picture	21	other				9617068	2	3154	3	0	3000
Picture	11	other				9646611	1	3153	3	0	3000
Picture	10	other				9683124	2	3154	3	0	3000
Picture	20	other				9712003	1	3154	2	0	3000
Picture	10	other				9744699	1	3153	3	0	3000
Picture	11	other				9777561	1	3154	2	0	3000
Picture	20	other				9814572	2	3154	3	0	3000
Picture	11	other				9850920	1	3153	2	0	3000
Picture	11	other				9882454	1	3153	2	0	3000
Picture	11	other				9921789	1	3153	2	0	3000
Picture	20	other				9954153	1	3153	2	0	3000
Picture	21	other				9988343	1	3153	2	0	3000
Picture	20	other				10025520	1	3153	2	0	3000
Picture	21	other				10055892	2	3154	3	0	3000
Picture	11	other				10091908	1	3153	2	0	3000
Picture	10	other				10123774	1	3153	2	0	3000
Picture	21	other				10157798	1	3153	2	0	3000
Picture	20	other				10187174	2	3154	3	0	3000
Picture	10	other				10217049	1	3153	2	0	3000
Picture	21	other				10250575	1	3153	2	0	3000
Picture	20	other				10283271	1	3153	2	0	3000
Picture	21	other				10312979	1	3154	2	0	3000
Picture	20	other				10343352	1	3153	2	0	3000
Picture	21	other				10383184	2	3154	3	0	3000
Picture	11	other				10419200	1	3153	2	0	3000
Picture	21	other				10454551	2	3154	3	0	3000
Picture	21	other				10492558	2	3154	3	0	3000
Picture	21	other				10526416	1	3154	2	0	3000
Picture	20	other				10556125	1	3153	2	0	3000
Picture	21	other				10585999	2	3154	3	0	3000
Picture	21	other				10624504	2	3153	4	0	3000
Picture	10	other				10658362	1	3153	3	0	3000
Picture	11	other				10691058	1	3153	3	0	3000
Picture	11	other				10726742	1	3153	2	0	3000
Picture	11	other				10758110	1	3153	2	0	3000
Picture	20	other				10792963	2	3154	3	0	3000
Picture	10	other				10830639	1	3153	2	0	3000
Picture	10	other				10862837	1	3153	2	0	3000
Picture	10	other				10896031	1	3153	2	0	3000
Picture	21	other				10934204	1	3153	2	0	3000
Picture	11	other				10973040	2	3154	3	0	3000
Picture	21	other				11007064	2	3154	3	0	3000
Picture	20	other				11044407	2	3154	3	0	3000
Picture	10	other				11076937	2	3154	3	0	3000
Picture	21	other				11109965	2	3154	3	0	3000
Picture	11	other				11147309	1	3153	2	0	3000
Picture	10	other				11183490	1	3153	3	0	3000
Picture	21	other				11223157	1	3153	2	0	3000
Picture	20	other				11261994	1	3153	2	0	3000
Picture	21	other				11302158	2	3154	3	0	3000
Picture	11	other				11338672	1	3153	2	0	3000
Picture	21	other				11374023	1	3154	2	0	3000
Picture	11	other				11402902	1	3153	2	0	3000
Picture	10	other				11436926	1	3153	2	0	3000
Picture	11	other				11472941	1	3153	3	0	3000
Picture	11	other				11505803	1	3153	3	0	3000
Picture	21	other				11534682	1	3153	2	0	3000
Picture	20	other				11567212	1	3153	2	0	3000
Picture	11	other				11606049	1	3153	2	0	3000
Picture	21	other				11636421	1	3154	2	0	3000
Picture	20	other				11667789	2	3154	3	0	3000
Picture	21	other				11698328	1	3153	2	0	3000
Picture	20	other				11734177	2	3154	3	0	3000
Picture	20	other				11769695	1	3153	2	0	3000
Picture	11	other				11801561	1	3153	2	0	3000
Picture	21	other				11841892	1	3153	2	0	3000
Picture	10	other				11873094	1	3153	2	0	3000
Picture	21	other				11908777	2	3154	3	0	3000
Picture	20	other				11948610	1	3154	2	0	3000
Picture	20	other				11983464	1	3153	2	0	3000
Picture	10	other				12013504	1	3154	2	0	3000
Picture	20	other				12045370	2	3154	3	0	3000
Picture	11	other				12077900	2	3154	3	0	3000
Picture	10	other				12108107	1	3153	2	0	3000
Picture	11	other				12137649	2	3154	3	0	3000
Picture	10	other				12171009	2	3154	3	0	3000
Picture	11	other				12209182	2	3154	3	0	3000
Picture	10	other				12243206	1	3154	2	0	3000
Picture	10	other				12278890	1	3153	2	0	3000
Picture	10	other				12312250	1	3153	2	0	3000
Picture	10	other				12344780	1	3153	2	0	3000
Picture	20	other				12374156	2	3154	3	0	3000
Picture	20	other				12412827	1	3154	2	0	3000
Picture	21	other				12450170	2	3154	3	0	3000
Picture	20	other				12486850	1	3153	2	0	3000
Picture	10	other				12523861	1	3153	2	0	3000
Picture	10	other				12556225	1	3153	2	0	3000
Picture	20	other				12591576	2	3154	3	0	3000
Picture	20	other				12626928	1	3153	3	0	3000
Picture	11	other				12656139	1	3153	2	0	3000
Picture	10	other				12695639	2	3154	3	0	3000
Picture	10	other				12732651	1	3153	2	0	3000
Picture	10	other				12770160	1	3153	2	0	3000
Picture	11	other				12799204	2	3154	3	0	3000
Picture	11	other				12836050	1	3153	2	0	3000
