Scenario - EFT rapido Abril 2011
Logfile written - 11/17/2011 10:43:12

Subject	Trial	Event Type	Code	Time	TTime	Uncertainty	Duration	Uncertainty	ReqTime	ReqDur

bav	2	Picture	20	10414	0	1	3153	2	0	3000
bav	4	Picture	11	19376	0	1	3153	3	0	3000
bav	4	Response	2	19639	263	1
bav	4	Response	1	21402	2026	1
bav	6	Picture	10	28338	0	2	3154	3	0	3000
bav	6	Response	1	31331	2993	1
bav	7	Response	2	34569	2911	2
bav	8	Picture	10	37965	0	1	3153	2	0	3000
bav	8	Response	1	40843	2878	1
bav	10	Picture	10	46761	0	1	3153	3	0	3000
bav	10	Response	1	49471	2710	1
bav	12	Picture	20	55225	0	2	3154	3	0	3000
bav	12	Response	1	58039	2814	1
bav	14	Picture	21	65848	0	1	3153	2	0	3000
bav	14	Response	1	68668	2820	1
bav	16	Picture	10	75308	0	1	3153	2	0	3000
bav	16	Response	1	78096	2788	1
bav	18	Picture	10	85598	0	1	3153	2	0	3000
bav	18	Response	2	88490	2892	1
bav	20	Picture	10	96718	0	1	3153	2	0	3000
bav	20	Response	1	98837	2119	1
bav	22	Picture	21	106344	0	1	3153	3	0	3000
bav	23	Response	2	110269	606	1
bav	24	Picture	21	114975	0	1	3153	2	0	3000
bav	25	Response	2	119319	1025	1
bav	26	Picture	20	123439	0	1	3153	3	0	3000
bav	27	Response	2	127601	843	1
bav	28	Picture	20	132567	0	2	3154	3	0	3000
bav	29	Response	2	136671	784	1
bav	30	Picture	10	143189	0	2	3154	3	0	3000
bav	31	Response	2	147222	713	1
bav	31	Response	1	148800	2291	1
bav	32	Picture	21	153479	0	2	3154	3	0	3000
bav	33	Response	2	157462	663	2
bav	34	Picture	11	162276	0	1	3153	2	0	3000
bav	35	Response	1	165742	147	1
bav	36	Picture	10	171902	0	1	3154	2	0	3000
bav	37	Response	2	176227	1006	1
bav	38	Picture	21	182026	0	2	3154	3	0	3000
bav	39	Response	1	185747	401	1
bav	40	Picture	20	190989	0	1	3153	2	0	3000
bav	41	Response	2	196054	1746	1
bav	42	Picture	20	202274	0	2	3154	3	0	3000
bav	43	Response	2	206857	1263	1
bav	44	Picture	11	212067	0	1	3153	2	0	3000
bav	45	Response	1	217643	2257	1
bav	46	Picture	11	220531	0	1	3154	2	0	3000
bav	48	Picture	21	230987	0	2	3154	3	0	3000
bav	48	Response	1	234292	3305	1
bav	49	Response	2	236606	2299	2
bav	50	Picture	10	241775	0	2	3154	3	0	3000
bav	51	Response	2	245656	561	1
bav	51	Response	1	246903	1808	1
bav	52	Picture	21	250240	0	1	3153	2	0	3000
bav	53	Response	2	254003	444	2
bav	54	Picture	21	259368	0	1	3153	3	0	3000
bav	55	Response	1	263460	773	1
bav	56	Picture	20	269492	0	2	3154	3	0	3000
bav	57	Response	2	274534	1722	1
bav	58	Picture	11	278787	0	1	3153	2	0	3000
bav	60	Picture	11	289077	0	1	3153	2	0	3000
bav	61	Response	1	293762	1366	2
bav	62	Picture	10	299865	0	1	3153	2	0	3000
bav	62	Response	1	302658	2793	2
bav	64	Picture	11	310487	0	1	3153	2	0	3000
bav	64	Response	1	312770	2283	2
bav	66	Picture	10	319283	0	1	3154	2	0	3000
bav	66	Response	1	322111	2828	1
bav	68	Picture	11	329905	0	1	3154	2	0	3000
bav	68	Response	1	332334	2429	1
bav	70	Picture	11	339697	0	2	3154	3	0	3000
bav	70	Response	1	342651	2954	2
bav	72	Picture	20	350153	0	2	3154	3	0	3000
bav	72	Response	1	352996	2843	1
bav	74	Picture	10	358784	0	1	3153	2	0	3000
bav	75	Response	2	363080	977	1
bav	76	Picture	11	368742	0	1	3153	3	0	3000
bav	76	Response	1	371959	3217	1
bav	78	Picture	11	377704	0	2	3154	3	0	3000
bav	78	Response	1	380244	2540	1
bav	80	Picture	11	386999	0	1	3153	2	0	3000
bav	80	Response	1	390023	3024	2
bav	82	Picture	10	397123	0	1	3153	2	0	3000
bav	82	Response	1	397420	297	1
bav	83	Response	1	406009	5567	1
bav	84	Picture	21	408575	0	1	3153	2	0	3000
bav	86	Picture	10	418865	0	1	3153	2	0	3000
bav	86	Response	2	421326	2461	1
bav	87	Response	1	429439	7255	1
bav	88	Picture	10	430151	0	1	3153	2	0	3000
bav	90	Picture	21	440607	0	1	3153	2	0	3000
bav	90	Response	1	441847	1240	1
bav	92	Picture	21	450731	0	2	3153	4	0	3000
bav	93	Response	2	454832	782	1
bav	94	Picture	21	460025	0	2	3154	3	0	3000
bav	95	Response	2	466305	2960	1
bav	96	Picture	11	471145	0	2	3154	3	0	3000
bav	97	Response	1	476410	1945	1
bav	98	Picture	11	481435	0	2	3154	3	0	3000
bav	99	Response	1	486309	1554	2
bav	100	Picture	10	491726	0	1	3153	2	0	3000
bav	101	Response	1	496919	1874	2
bav	102	Picture	20	502182	0	1	3153	2	0	3000
bav	103	Response	1	506205	704	1
bav	104	Picture	20	510812	0	1	3153	3	0	3000
bav	105	Response	1	515933	1802	1
bav	106	Picture	20	520604	0	2	3154	3	0	3000
bav	108	Picture	20	531060	0	2	3154	3	0	3000
bav	110	Picture	11	542180	0	2	3154	3	0	3000
bav	112	Picture	21	550977	0	1	3153	2	0	3000
bav	114	Picture	21	560603	0	1	3153	3	0	3000
bav	115	Response	2	565301	1379	1
bav	115	Response	1	566347	2425	1
bav	116	Picture	21	571225	0	1	3154	2	0	3000
bav	117	Response	2	576314	1770	1
bav	118	Picture	11	582179	0	1	3153	3	0	3000
bav	119	Response	1	590346	4848	1
bav	120	Picture	10	591639	0	2	3154	3	0	3000
bav	121	Response	1	600634	5675	1
bav	122	Picture	11	601266	0	1	3153	2	0	3000
bav	123	Response	1	608504	3919	2
bav	124	Picture	21	612551	0	2	3154	3	0	3000
bav	126	Picture	10	621514	0	1	3153	2	0	3000
bav	126	Response	2	622555	1041	1
bav	127	Response	1	629212	4379	1
bav	128	Picture	20	630310	0	2	3154	3	0	3000
bav	129	Response	2	635551	1921	1
bav	130	Picture	21	641430	0	2	3154	3	0	3000
bav	132	Picture	21	652716	0	1	3154	2	0	3000
bav	133	Response	1	656299	263	1
bav	134	Picture	11	661347	0	1	3153	2	0	3000
bav	135	Response	1	666066	1400	2
bav	136	Picture	20	671471	0	1	3153	2	0	3000
bav	137	Response	1	674825	35	61
bav	138	Picture	10	680101	0	1	3154	2	0	3000
bav	139	Response	1	685192	1771	1
bav	140	Picture	21	689395	0	2	3154	3	0	3000
bav	141	Response	2	694919	2204	1
bav	142	Picture	10	698358	0	1	3153	2	0	3000
bav	143	Response	1	703584	1907	1
bav	144	Picture	21	707818	0	1	3153	3	0	3000
bav	145	Response	2	713068	1931	1
bav	146	Picture	20	718108	0	1	3154	2	0	3000
bav	147	Response	1	722998	1570	1
bav	148	Picture	10	728398	0	2	3154	3	0	3000
bav	149	Response	1	738734	7016	1
bav	150	Picture	21	739352	0	2	3154	3	0	3000
bav	151	Response	2	747048	4376	2
bav	152	Picture	20	750472	0	2	3154	3	0	3000
bav	154	Picture	10	760099	0	1	3153	2	0	3000
bav	154	Response	2	760190	91	2
bav	156	Picture	11	768563	0	1	3153	2	0	3000
bav	157	Response	1	773757	1875	1
bav	158	Picture	10	778853	0	1	3154	2	0	3000
bav	159	Response	2	783478	1306	2
bav	159	Response	1	784495	2323	1
bav	160	Picture	10	788313	0	2	3154	3	0	3000
bav	161	Response	1	795284	3651	2
bav	162	Picture	11	798769	0	2	3154	3	0	3000
bav	163	Response	1	803600	1511	1
bav	164	Picture	21	807565	0	3	3154	4	0	3000
bav	165	Response	2	813066	2181	1
bav	166	Picture	21	817524	0	1	3153	3	0	3000
bav	167	Response	2	821529	686	1
bav	168	Picture	20	828810	0	1	3153	2	0	3000
bav	170	Picture	21	837606	0	2	3154	3	0	3000
bav	171	Response	2	846172	5246	1
bav	172	Picture	10	847730	0	2	3154	3	0	3000
bav	173	Response	1	854814	3764	69
bav	174	Picture	21	858519	0	1	3153	2	0	3000
bav	175	Response	2	865000	3162	2
bav	176	Picture	10	867481	0	1	3153	2	0	3000
bav	178	Picture	20	876609	0	1	3154	2	0	3000
bav	180	Picture	21	887065	0	2	3154	3	0	3000
bav	182	Picture	10	898351	0	2	3154	3	0	3000
bav	184	Picture	10	908973	0	2	3154	3	0	3000
bav	186	Picture	10	918600	0	1	3153	2	0	3000
bav	186	Response	1	918612	12	2
bav	188	Picture	20	928890	0	1	3153	2	0	3000
bav	190	Picture	10	939346	0	1	3153	2	0	3000
bav	191	Response	1	948353	5688	1
bav	192	Picture	20	950134	0	1	3153	2	0	3000
bav	193	Response	2	957551	4098	1
bav	194	Picture	20	961586	0	1	3153	2	0	3000
bav	195	Response	2	967337	2432	1
bav	196	Picture	20	970216	0	1	3153	3	0	3000
bav	197	Response	2	977158	3623	1
bav	198	Picture	20	978846	0	2	3154	3	0	3000
bav	200	Picture	21	989137	0	1	3153	2	0	3000
bav	200	Response	2	992048	2911	1
bav	202	Picture	20	1000423	0	1	3153	2	0	3000
bav	203	Response	2	1005993	2251	1
bav	204	Picture	10	1011045	0	1	3153	2	0	3000
bav	205	Response	1	1017730	3366	1
bav	206	Picture	20	1019509	0	1	3153	3	0	3000
bav	207	Response	2	1024980	2152	1
bav	208	Picture	20	1030131	0	1	3154	2	0	3000
bav	209	Response	2	1036063	2612	2
bav	210	Picture	20	1041251	0	1	3153	3	0	3000
bav	211	Response	2	1046764	2194	1
bav	212	Picture	10	1050379	0	2	3154	3	0	3000
bav	213	Response	1	1056904	3205	2
bav	214	Picture	11	1060338	0	1	3153	2	0	3000
bav	215	Response	1	1066306	2649	1
bav	216	Picture	20	1068968	0	1	3153	3	0	3000
bav	218	Picture	11	1078096	0	2	3154	3	0	3000
bav	219	Response	2	1082016	600	1
bav	220	Picture	20	1089050	0	2	3154	3	0	3000
bav	221	Response	1	1097629	5259	1
bav	222	Picture	21	1100170	0	2	3154	3	0	3000
bav	222	Response	2	1102251	2081	1
bav	223	Response	1	1103804	314	1
bav	224	Picture	10	1110460	0	2	3154	3	0	3000
bav	226	Picture	20	1121248	0	2	3154	3	0	3000
bav	227	Response	2	1128732	4164	1
bav	228	Picture	21	1129713	0	1	3153	2	0	3000
bav	229	Response	2	1134274	1242	1
bav	230	Picture	20	1140667	0	1	3153	2	0	3000
bav	231	Response	1	1145909	1923	2
bav	231	Response	2	1147721	3735	2
bav	232	Picture	21	1149961	0	1	3154	2	0	3000
bav	233	Response	2	1154492	1211	1
bav	234	Picture	11	1160085	0	2	3154	3	0	3000
bav	235	Response	1	1164746	1341	1
bav	236	Picture	10	1170043	0	2	3154	3	0	3000
bav	236	Response	1	1173023	2980	1
bav	238	Picture	20	1180168	0	1	3153	2	0	3000
bav	238	Response	1	1182915	2747	1
bav	240	Picture	10	1189628	0	2	3153	3	0	3000
bav	241	Response	1	1194229	1282	2
bav	242	Picture	21	1201080	0	1	3153	2	0	3000
bav	243	Response	2	1205484	1085	1
bav	244	Picture	21	1210042	0	2	3154	3	0	3000
bav	245	Response	2	1213859	497	2
bav	246	Picture	11	1218673	0	1	3153	2	0	3000
bav	247	Response	1	1223302	1310	1
bav	248	Picture	10	1228963	0	1	3153	2	0	3000
bav	249	Response	2	1233795	1513	1
bav	250	Picture	20	1240083	0	1	3153	2	0	3000
bav	251	Response	1	1243529	127	2
bav	251	Response	2	1250835	7433	2
bav	252	Picture	11	1250871	0	1	3153	2	0	3000
bav	253	Response	1	1256261	2071	2
bav	254	Picture	20	1260995	0	1	3153	2	0	3000
bav	255	Response	2	1267281	2967	1
bav	256	Picture	20	1272115	0	1	3153	2	0	3000
bav	257	Response	1	1276533	1099	2
bav	258	Picture	21	1281741	0	1	3154	2	0	3000
bav	259	Response	1	1287493	2433	2
bav	260	Picture	20	1292363	0	1	3154	2	0	3000
bav	261	Response	1	1297912	2229	1
bav	262	Picture	10	1303649	0	1	3153	3	0	3000
bav	262	Response	1	1306269	2620	2
bav	264	Picture	11	1314437	0	1	3154	2	0	3000
bav	265	Response	1	1320255	2499	1
bav	266	Picture	21	1323234	0	1	3153	2	0	3000
bav	267	Response	2	1328913	2360	1
bav	268	Picture	20	1332860	0	1	3153	2	0	3000
bav	269	Response	2	1339459	3280	2
bav	270	Picture	11	1342154	0	1	3153	3	0	3000
bav	271	Response	1	1348149	2676	1
bav	272	Picture	11	1351448	0	2	3154	3	0	3000
bav	273	Response	1	1359666	4898	1
bav	274	Picture	21	1362236	0	2	3154	3	0	3000
bav	275	Response	2	1367561	2005	2
bav	276	Picture	20	1372029	0	1	3153	2	0	3000
bav	277	Response	2	1380851	5503	1
bav	278	Picture	21	1382485	0	1	3153	2	0	3000
bav	279	Response	2	1389040	3236	2
bav	280	Picture	10	1393605	0	1	3153	2	0	3000
bav	281	Response	1	1400321	3397	1
bav	282	Picture	11	1403729	0	1	3153	2	0	3000
bav	283	Response	1	1409456	2408	2
bav	284	Picture	20	1414185	0	1	3153	2	0	3000
bav	285	Response	2	1424275	6771	2
bav	286	Picture	10	1425471	0	1	3153	2	0	3000
bav	287	Response	1	1433170	4380	2
bav	288	Picture	11	1434101	0	2	3154	3	0	3000
bav	289	Response	1	1440744	3323	2
bav	290	Picture	21	1444391	0	2	3154	3	0	3000
bav	291	Response	2	1449935	2224	1
bav	292	Picture	20	1453354	0	1	3153	2	0	3000
bav	293	Response	2	1461368	4695	1
bav	294	Picture	20	1464806	0	1	3153	2	0	3000
bav	296	Picture	20	1473602	0	1	3153	3	0	3000
bav	297	Response	2	1480201	3280	1
bav	298	Picture	10	1482730	0	2	3154	3	0	3000
bav	299	Response	1	1489396	3346	1
bav	300	Picture	20	1492523	0	1	3153	2	0	3000
bav	301	Response	2	1498032	2190	1
bav	303	Picture	11	1522729	0	1	3153	3	0	3000
bav	304	Response	1	1528329	2281	2
bav	305	Picture	10	1531691	0	2	3154	3	0	3000
bav	306	Response	2	1536163	1152	1
bav	307	Picture	20	1540820	0	1	3153	2	0	3000
bav	308	Response	2	1547984	3845	1
bav	309	Picture	20	1550778	0	1	3153	2	0	3000
bav	310	Response	2	1556273	2176	1
bav	311	Picture	10	1561234	0	1	3153	3	0	3000
bav	312	Response	1	1566385	1832	2
bav	313	Picture	21	1572686	0	1	3153	2	0	3000
bav	314	Response	2	1576844	839	2
bav	315	Picture	11	1583142	0	1	3153	3	0	3000
bav	316	Response	1	1587400	939	2
bav	317	Picture	21	1593100	0	1	3154	2	0	3000
bav	318	Response	2	1598042	1622	2
bav	319	Picture	10	1602892	0	2	3154	3	0	3000
bav	320	Response	1	1609305	3093	1
bav	321	Picture	21	1614012	0	2	3154	3	0	3000
bav	322	Response	2	1619176	1844	1
bav	323	Picture	21	1625298	0	2	3154	3	0	3000
bav	324	Response	2	1630562	1944	1
bav	325	Picture	11	1636584	0	1	3154	2	0	3000
bav	326	Response	1	1641030	1126	1
bav	327	Picture	10	1645215	0	1	3153	2	0	3000
bav	328	Response	2	1649307	773	1
bav	329	Picture	10	1654177	0	1	3153	3	0	3000
bav	330	Response	1	1658533	1037	1
bav	331	Picture	20	1664135	0	1	3154	2	0	3000
bav	332	Response	2	1670131	2676	1
bav	333	Picture	11	1672932	0	1	3153	2	0	3000
bav	334	Response	1	1677972	1721	1
bav	335	Picture	10	1682392	0	1	3153	2	0	3000
bav	336	Response	1	1688545	2834	1
bav	337	Picture	10	1691188	0	1	3154	2	0	3000
bav	338	Response	1	1697086	2578	2
bav	339	Picture	10	1699819	0	1	3153	2	0	3000
bav	340	Response	1	1705689	2551	1
bav	341	Picture	10	1708947	0	1	3153	3	0	3000
bav	342	Response	1	1714348	2082	1
bav	343	Picture	10	1719569	0	1	3153	3	0	3000
bav	344	Response	1	1726063	3175	2
bav	345	Picture	10	1729527	0	1	3154	2	0	3000
bav	346	Response	1	1734130	1283	1
bav	347	Picture	10	1737992	0	1	3153	2	0	3000
bav	348	Response	1	1744791	3480	1
bav	349	Picture	20	1747784	0	1	3153	2	0	3000
bav	350	Response	2	1754657	3554	92
bav	351	Picture	20	1756580	0	2	3154	3	0	3000
bav	353	Picture	21	1765045	0	1	3153	2	0	3000
bav	353	Response	2	1765197	152	2
bav	355	Picture	10	1776331	0	1	3153	2	0	3000
bav	355	Response	2	1779289	2958	1
bav	357	Picture	20	1785625	0	1	3153	2	0	3000
bav	358	Response	1	1789339	395	2
bav	359	Picture	20	1794255	0	2	3154	3	0	3000
bav	360	Response	2	1800202	2627	1
bav	361	Picture	20	1804877	0	2	3154	3	0	3000
bav	362	Response	2	1810988	2791	2
bav	363	Picture	11	1814338	0	1	3153	2	0	3000
bav	364	Response	1	1824780	7123	2
bav	365	Picture	20	1824794	0	1	3153	2	0	3000
bav	366	Response	2	1833612	5499	1
bav	367	Picture	11	1834752	0	1	3153	3	0	3000
bav	368	Response	1	1842308	4237	1
bav	369	Picture	20	1843382	0	2	3154	3	0	3000
bav	370	Response	2	1849757	3055	1
bav	371	Picture	20	1853175	0	1	3153	2	0	3000
bav	372	Response	2	1859035	2541	1
bav	373	Picture	10	1861971	0	1	3153	3	0	3000
bav	375	Picture	10	1871099	0	2	3154	3	0	3000
bav	375	Response	2	1874005	2906	1
bav	376	Response	1	1875137	718	1
bav	377	Picture	20	1881721	0	2	3154	3	0	3000
bav	378	Response	2	1887279	2238	1
bav	379	Picture	10	1891182	0	1	3153	2	0	3000
bav	380	Response	1	1895264	763	1
bav	381	Picture	21	1901804	0	1	3153	2	0	3000
bav	382	Response	2	1905158	35	1
bav	383	Picture	10	1911098	0	1	3153	2	0	3000
bav	384	Response	2	1915797	1380	2
bav	384	Response	1	1918472	4055	2
bav	385	Picture	10	1919894	0	2	3154	3	0	3000
bav	387	Picture	20	1929355	0	1	3153	2	0	3000
bav	387	Response	1	1930048	693	1
bav	388	Response	2	1938114	5440	2
bav	389	Picture	21	1938483	0	1	3153	2	0	3000
bav	390	Response	2	1944974	3172	1
bav	391	Picture	11	1949769	0	1	3153	2	0	3000
bav	392	Response	1	1954753	1665	1
bav	393	Picture	21	1960557	0	1	3153	2	0	3000
bav	394	Response	2	1964676	800	2
bav	395	Picture	10	1969685	0	2	3154	3	0	3000
bav	396	Response	1	1974638	1633	1
bav	397	Picture	10	1980473	0	2	3154	3	0	3000
bav	398	Response	2	1984562	769	1
bav	399	Picture	11	1989934	0	1	3153	2	0	3000
bav	400	Response	1	1994224	971	1
bav	401	Picture	10	1999892	0	1	3153	2	0	3000
bav	402	Response	1	2004941	1730	1
bav	403	Picture	20	2008356	0	1	3154	2	0	3000
bav	404	Response	2	2014750	3074	1
bav	405	Picture	20	2017319	0	1	3153	2	0	3000
bav	406	Response	2	2023941	3303	1
bav	407	Picture	10	2027609	0	1	3153	2	0	3000
bav	408	Response	1	2034524	3596	1
bav	409	Picture	11	2038729	0	1	3153	2	0	3000
bav	411	Picture	20	2050181	0	1	3153	2	0	3000
bav	411	Response	1	2050527	346	2
bav	413	Picture	10	2060969	0	1	3153	2	0	3000
bav	414	Response	1	2068561	4273	1
bav	415	Picture	10	2070927	0	1	3153	2	0	3000
bav	417	Picture	10	2082379	0	1	3153	2	0	3000
bav	417	Response	2	2083177	798	2
bav	419	Picture	20	2093499	0	1	3153	2	0	3000
bav	420	Response	1	2098160	1342	1
bav	421	Picture	11	2104287	0	1	3153	2	0	3000
bav	422	Response	1	2108644	1038	1
bav	423	Picture	11	2112917	0	1	3153	3	0	3000
bav	424	Response	1	2118836	2600	2
bav	425	Picture	11	2123705	0	1	3153	3	0	3000
bav	426	Response	1	2128537	1513	1
bav	427	Picture	11	2135157	0	1	3153	3	0	3000
bav	428	Response	1	2139233	757	1
bav	429	Picture	10	2146111	0	1	3153	3	0	3000
bav	430	Response	1	2153610	4180	2
bav	431	Picture	20	2156733	0	1	3153	3	0	3000
bav	432	Response	2	2164045	3993	2
bav	433	Picture	11	2167853	0	1	3153	3	0	3000
bav	434	Response	1	2172245	1073	1
bav	435	Picture	21	2176981	0	2	3154	3	0	3000
bav	436	Response	2	2182912	2611	1
bav	437	Picture	21	2187271	0	2	3154	3	0	3000
bav	438	Response	2	2192609	2018	1
bav	439	Picture	20	2196234	0	1	3153	2	0	3000
bav	440	Response	1	2201665	2112	2
bav	441	Picture	11	2206192	0	1	3153	3	0	3000
bav	442	Response	1	2212069	2558	1
bav	443	Picture	10	2214988	0	2	3154	3	0	3000
bav	444	Response	2	2220584	2276	2
bav	445	Picture	11	2225610	0	2	3154	3	0	3000
bav	446	Response	1	2231076	2146	2
bav	447	Picture	21	2236730	0	2	3154	3	0	3000
bav	448	Response	1	2241713	1663	1
bav	449	Picture	21	2247518	0	2	3154	3	0	3000
bav	449	Response	2	2248021	503	1
bav	451	Picture	11	2256315	0	1	3153	2	0	3000
bav	451	Response	2	2258976	2661	1
bav	452	Response	1	2263012	3378	1
bav	453	Picture	21	2265941	0	1	3154	2	0	3000
bav	454	Response	2	2270879	1619	1
bav	455	Picture	20	2275567	0	2	3154	3	0	3000
bav	457	Picture	20	2284364	0	1	3153	2	0	3000
bav	457	Response	1	2284457	93	1
bav	459	Picture	21	2294156	0	1	3153	2	0	3000
bav	461	Picture	21	2303450	0	2	3154	3	0	3000
bav	463	Picture	11	2313076	0	2	3154	3	0	3000
bav	465	Picture	10	2322205	0	1	3153	2	0	3000
bav	467	Picture	11	2332329	0	1	3153	3	0	3000
bav	468	Response	1	2336440	792	1
bav	469	Picture	21	2343615	0	1	3153	2	0	3000
bav	470	Response	2	2347763	829	2
bav	471	Picture	20	2352909	0	1	3154	2	0	3000
bav	473	Picture	11	2361706	0	1	3153	2	0	3000
bav	473	Response	2	2362564	858	1
bav	474	Response	1	2367455	2430	1
bav	475	Picture	10	2371498	0	1	3153	2	0	3000
bav	476	Response	2	2376940	2123	1
bav	477	Picture	20	2380460	0	1	3154	2	0	3000
bav	478	Response	1	2384868	1088	2
bav	479	Picture	10	2390916	0	2	3154	3	0	3000
bav	480	Response	2	2396650	2414	1
bav	481	Picture	11	2400376	0	2	3154	3	0	3000
bav	482	Response	1	2407043	3347	1
bav	483	Picture	11	2410501	0	1	3153	2	0	3000
bav	484	Response	1	2415997	2177	1
bav	485	Picture	21	2419297	0	1	3153	3	0	3000
bav	486	Response	1	2425248	2632	1
bav	486	Response	2	2427481	4865	1
bav	487	Picture	21	2429255	0	2	3154	3	0	3000
bav	488	Response	1	2436513	3938	1
bav	489	Picture	20	2437886	0	1	3153	2	0	3000
bav	490	Response	2	2444796	3591	2
bav	491	Picture	11	2447014	0	1	3153	2	0	3000
bav	492	Response	1	2452317	1984	2
bav	493	Picture	21	2456640	0	1	3154	2	0	3000
bav	494	Response	2	2465222	5262	1
bav	495	Picture	10	2466266	0	2	3154	3	0	3000
bav	496	Response	1	2471594	2008	1
bav	497	Picture	20	2476557	0	1	3153	2	0	3000
bav	498	Response	2	2482766	2890	1
bav	499	Picture	20	2486681	0	1	3153	2	0	3000
bav	500	Response	2	2494497	4497	1
bav	501	Picture	10	2496473	0	1	3153	2	0	3000
bav	502	Response	1	2503250	3458	1
bav	503	Picture	20	2506265	0	1	3154	2	0	3000
bav	504	Response	2	2512796	3211	1
bav	505	Picture	20	2517717	0	1	3153	3	0	3000
bav	506	Response	2	2523850	2814	1
bav	507	Picture	11	2528837	0	1	3153	3	0	3000
bav	508	Response	1	2533518	1362	1
bav	509	Picture	20	2538795	0	1	3154	2	0	3000
bav	510	Response	1	2543153	1038	1
bav	511	Picture	21	2549417	0	2	3154	3	0	3000
bav	512	Response	2	2555788	3051	1
bav	513	Picture	11	2559707	0	2	3154	3	0	3000
bav	514	Response	1	2564770	1743	95
bav	515	Picture	21	2570993	0	2	3154	3	0	3000
bav	516	Response	2	2575028	715	1
bav	517	Picture	21	2581449	0	2	3154	3	0	3000
bav	518	Response	2	2586465	1696	1
bav	519	Picture	20	2590744	0	1	3153	2	0	3000
bav	520	Response	2	2597434	3371	1
bav	521	Picture	20	2600204	0	1	3153	2	0	3000
bav	522	Response	2	2606336	2813	1
bav	523	Picture	20	2609332	0	2	3154	3	0	3000
bav	524	Response	2	2614063	1411	1
bav	525	Picture	11	2620452	0	2	3154	3	0	3000
bav	526	Response	1	2626357	2585	2
bav	527	Picture	11	2629083	0	1	3153	2	0	3000
bav	528	Response	1	2635576	3174	2
bav	529	Picture	11	2639539	0	1	3153	2	0	3000
bav	530	Response	1	2644351	1493	1
bav	531	Picture	11	2649331	0	1	3153	3	0	3000
bav	532	Response	1	2654631	1981	7
bav	533	Picture	21	2658791	0	2	3154	3	0	3000
bav	534	Response	2	2664242	2132	1
bav	535	Picture	20	2669911	0	1	3154	2	0	3000
bav	536	Response	2	2676005	2774	1
bav	537	Picture	11	2681363	0	1	3153	3	0	3000
bav	538	Response	1	2686769	2087	1
bav	539	Picture	11	2691321	0	2	3154	3	0	3000
bav	540	Response	1	2696788	2147	1
bav	541	Picture	11	2700947	0	2	3154	3	0	3000
bav	542	Response	1	2704861	594	1
bav	543	Picture	10	2711902	0	1	3153	2	0	3000
bav	544	Response	1	2715332	111	1
bav	545	Picture	11	2721860	0	1	3153	2	0	3000
bav	546	Response	1	2725411	232	2
bav	547	Picture	11	2731984	0	1	3153	2	0	3000
bav	547	Response	1	2734842	2858	1
bav	549	Picture	20	2740448	0	2	3154	3	0	3000
bav	549	Response	1	2743420	2972	2
bav	551	Picture	20	2749743	0	1	3153	2	0	3000
bav	551	Response	2	2752495	2752	1
bav	553	Picture	11	2760199	0	1	3153	2	0	3000
bav	553	Response	1	2763345	3146	2
bav	555	Picture	21	2768995	0	1	3154	2	0	3000
bav	556	Response	2	2772794	480	1
bav	557	Picture	11	2778289	0	2	3154	3	0	3000
bav	558	Response	1	2782654	1045	1
bav	559	Picture	11	2787418	0	1	3153	2	0	3000
bav	560	Response	1	2796088	5351	1
bav	561	Picture	20	2797044	0	1	3153	2	0	3000
bav	563	Picture	20	2807998	0	1	3153	2	0	3000
bav	564	Response	2	2813883	2566	1
bav	565	Picture	21	2816628	0	2	3154	3	0	3000
bav	566	Response	2	2822103	2155	1
bav	567	Picture	11	2826089	0	1	3153	2	0	3000
bav	568	Response	1	2831176	1768	1
bav	569	Picture	10	2835383	0	1	3153	2	0	3000
bav	570	Response	2	2841250	2548	1
bav	571	Picture	11	2844511	0	2	3154	3	0	3000
bav	572	Response	1	2848819	988	1
bav	573	Picture	10	2853308	0	1	3153	2	0	3000
bav	574	Response	1	2859275	2648	1
bav	575	Picture	21	2864594	0	1	3153	2	0	3000
bav	576	Response	2	2871440	3527	1
bav	577	Picture	10	2873556	0	1	3153	3	0	3000
bav	578	Response	1	2879049	2174	1
bav	579	Picture	20	2884842	0	1	3153	2	0	3000
bav	580	Response	2	2889896	1735	1
bav	581	Picture	21	2893472	0	2	3154	3	0	3000
bav	582	Response	1	2897475	683	1
bav	583	Picture	21	2904924	0	2	3154	3	0	3000
bav	584	Response	2	2909439	1195	1
bav	585	Picture	21	2915214	0	2	3154	3	0	3000
bav	586	Response	2	2919340	806	2
bav	587	Picture	11	2925670	0	2	3154	3	0	3000
bav	588	Response	1	2931341	2351	1
bav	589	Picture	11	2936624	0	2	3154	3	0	3000
bav	590	Response	1	2941744	1800	1
bav	591	Picture	11	2945753	0	1	3153	2	0	3000
bav	592	Response	1	2950527	1455	1
bav	593	Picture	21	2955047	0	1	3153	3	0	3000
bav	594	Response	2	2959454	1088	1
bav	595	Picture	20	2963677	0	2	3154	3	0	3000
bav	596	Response	2	2970069	3072	2
bav	597	Picture	21	2973802	0	1	3153	2	0	3000
bav	598	Response	2	2981102	3981	1
bav	599	Picture	21	2984922	0	1	3153	2	0	3000
bav	600	Response	2	2994278	6037	1
bav	601	Picture	20	2995046	0	1	3153	2	0	3000
bav	603	Response	2	3006724	724	1


Event Type	Code	Type	Response	RT	RT Uncertainty	Time	Uncertainty	Duration	Uncertainty	ReqTime	ReqDur

Picture	20	other				10414	1	3153	2	0	3000
Picture	11	other				19376	1	3153	3	0	3000
Picture	10	other				28338	2	3154	3	0	3000
Picture	10	other				37965	1	3153	2	0	3000
Picture	10	other				46761	1	3153	3	0	3000
Picture	20	other				55225	2	3154	3	0	3000
Picture	21	other				65848	1	3153	2	0	3000
Picture	10	other				75308	1	3153	2	0	3000
Picture	10	other				85598	1	3153	2	0	3000
Picture	10	other				96718	1	3153	2	0	3000
Picture	21	other				106344	1	3153	3	0	3000
Picture	21	other				114975	1	3153	2	0	3000
Picture	20	other				123439	1	3153	3	0	3000
Picture	20	other				132567	2	3154	3	0	3000
Picture	10	other				143189	2	3154	3	0	3000
Picture	21	other				153479	2	3154	3	0	3000
Picture	11	other				162276	1	3153	2	0	3000
Picture	10	other				171902	1	3154	2	0	3000
Picture	21	other				182026	2	3154	3	0	3000
Picture	20	other				190989	1	3153	2	0	3000
Picture	20	other				202274	2	3154	3	0	3000
Picture	11	other				212067	1	3153	2	0	3000
Picture	11	other				220531	1	3154	2	0	3000
Picture	21	other				230987	2	3154	3	0	3000
Picture	10	other				241775	2	3154	3	0	3000
Picture	21	other				250240	1	3153	2	0	3000
Picture	21	other				259368	1	3153	3	0	3000
Picture	20	other				269492	2	3154	3	0	3000
Picture	11	other				278787	1	3153	2	0	3000
Picture	11	other				289077	1	3153	2	0	3000
Picture	10	other				299865	1	3153	2	0	3000
Picture	11	other				310487	1	3153	2	0	3000
Picture	10	other				319283	1	3154	2	0	3000
Picture	11	other				329905	1	3154	2	0	3000
Picture	11	other				339697	2	3154	3	0	3000
Picture	20	other				350153	2	3154	3	0	3000
Picture	10	other				358784	1	3153	2	0	3000
Picture	11	other				368742	1	3153	3	0	3000
Picture	11	other				377704	2	3154	3	0	3000
Picture	11	other				386999	1	3153	2	0	3000
Picture	10	other				397123	1	3153	2	0	3000
Picture	21	other				408575	1	3153	2	0	3000
Picture	10	other				418865	1	3153	2	0	3000
Picture	10	other				430151	1	3153	2	0	3000
Picture	21	other				440607	1	3153	2	0	3000
Picture	21	other				450731	2	3153	4	0	3000
Picture	21	other				460025	2	3154	3	0	3000
Picture	11	other				471145	2	3154	3	0	3000
Picture	11	other				481435	2	3154	3	0	3000
Picture	10	other				491726	1	3153	2	0	3000
Picture	20	other				502182	1	3153	2	0	3000
Picture	20	other				510812	1	3153	3	0	3000
Picture	20	other				520604	2	3154	3	0	3000
Picture	20	other				531060	2	3154	3	0	3000
Picture	11	other				542180	2	3154	3	0	3000
Picture	21	other				550977	1	3153	2	0	3000
Picture	21	other				560603	1	3153	3	0	3000
Picture	21	other				571225	1	3154	2	0	3000
Picture	11	other				582179	1	3153	3	0	3000
Picture	10	other				591639	2	3154	3	0	3000
Picture	11	other				601266	1	3153	2	0	3000
Picture	21	other				612551	2	3154	3	0	3000
Picture	10	other				621514	1	3153	2	0	3000
Picture	20	other				630310	2	3154	3	0	3000
Picture	21	other				641430	2	3154	3	0	3000
Picture	21	other				652716	1	3154	2	0	3000
Picture	11	other				661347	1	3153	2	0	3000
Picture	20	other				671471	1	3153	2	0	3000
Picture	10	other				680101	1	3154	2	0	3000
Picture	21	other				689395	2	3154	3	0	3000
Picture	10	other				698358	1	3153	2	0	3000
Picture	21	other				707818	1	3153	3	0	3000
Picture	20	other				718108	1	3154	2	0	3000
Picture	10	other				728398	2	3154	3	0	3000
Picture	21	other				739352	2	3154	3	0	3000
Picture	20	other				750472	2	3154	3	0	3000
Picture	10	other				760099	1	3153	2	0	3000
Picture	11	other				768563	1	3153	2	0	3000
Picture	10	other				778853	1	3154	2	0	3000
Picture	10	other				788313	2	3154	3	0	3000
Picture	11	other				798769	2	3154	3	0	3000
Picture	21	other				807565	3	3154	4	0	3000
Picture	21	other				817524	1	3153	3	0	3000
Picture	20	other				828810	1	3153	2	0	3000
Picture	21	other				837606	2	3154	3	0	3000
Picture	10	other				847730	2	3154	3	0	3000
Picture	21	other				858519	1	3153	2	0	3000
Picture	10	other				867481	1	3153	2	0	3000
Picture	20	other				876609	1	3154	2	0	3000
Picture	21	other				887065	2	3154	3	0	3000
Picture	10	other				898351	2	3154	3	0	3000
Picture	10	other				908973	2	3154	3	0	3000
Picture	10	other				918600	1	3153	2	0	3000
Picture	20	other				928890	1	3153	2	0	3000
Picture	10	other				939346	1	3153	2	0	3000
Picture	20	other				950134	1	3153	2	0	3000
Picture	20	other				961586	1	3153	2	0	3000
Picture	20	other				970216	1	3153	3	0	3000
Picture	20	other				978846	2	3154	3	0	3000
Picture	21	other				989137	1	3153	2	0	3000
Picture	20	other				1000423	1	3153	2	0	3000
Picture	10	other				1011045	1	3153	2	0	3000
Picture	20	other				1019509	1	3153	3	0	3000
Picture	20	other				1030131	1	3154	2	0	3000
Picture	20	other				1041251	1	3153	3	0	3000
Picture	10	other				1050379	2	3154	3	0	3000
Picture	11	other				1060338	1	3153	2	0	3000
Picture	20	other				1068968	1	3153	3	0	3000
Picture	11	other				1078096	2	3154	3	0	3000
Picture	20	other				1089050	2	3154	3	0	3000
Picture	21	other				1100170	2	3154	3	0	3000
Picture	10	other				1110460	2	3154	3	0	3000
Picture	20	other				1121248	2	3154	3	0	3000
Picture	21	other				1129713	1	3153	2	0	3000
Picture	20	other				1140667	1	3153	2	0	3000
Picture	21	other				1149961	1	3154	2	0	3000
Picture	11	other				1160085	2	3154	3	0	3000
Picture	10	other				1170043	2	3154	3	0	3000
Picture	20	other				1180168	1	3153	2	0	3000
Picture	10	other				1189628	2	3153	3	0	3000
Picture	21	other				1201080	1	3153	2	0	3000
Picture	21	other				1210042	2	3154	3	0	3000
Picture	11	other				1218673	1	3153	2	0	3000
Picture	10	other				1228963	1	3153	2	0	3000
Picture	20	other				1240083	1	3153	2	0	3000
Picture	11	other				1250871	1	3153	2	0	3000
Picture	20	other				1260995	1	3153	2	0	3000
Picture	20	other				1272115	1	3153	2	0	3000
Picture	21	other				1281741	1	3154	2	0	3000
Picture	20	other				1292363	1	3154	2	0	3000
Picture	10	other				1303649	1	3153	3	0	3000
Picture	11	other				1314437	1	3154	2	0	3000
Picture	21	other				1323234	1	3153	2	0	3000
Picture	20	other				1332860	1	3153	2	0	3000
Picture	11	other				1342154	1	3153	3	0	3000
Picture	11	other				1351448	2	3154	3	0	3000
Picture	21	other				1362236	2	3154	3	0	3000
Picture	20	other				1372029	1	3153	2	0	3000
Picture	21	other				1382485	1	3153	2	0	3000
Picture	10	other				1393605	1	3153	2	0	3000
Picture	11	other				1403729	1	3153	2	0	3000
Picture	20	other				1414185	1	3153	2	0	3000
Picture	10	other				1425471	1	3153	2	0	3000
Picture	11	other				1434101	2	3154	3	0	3000
Picture	21	other				1444391	2	3154	3	0	3000
Picture	20	other				1453354	1	3153	2	0	3000
Picture	20	other				1464806	1	3153	2	0	3000
Picture	20	other				1473602	1	3153	3	0	3000
Picture	10	other				1482730	2	3154	3	0	3000
Picture	20	other				1492523	1	3153	2	0	3000
Picture	11	other				1522729	1	3153	3	0	3000
Picture	10	other				1531691	2	3154	3	0	3000
Picture	20	other				1540820	1	3153	2	0	3000
Picture	20	other				1550778	1	3153	2	0	3000
Picture	10	other				1561234	1	3153	3	0	3000
Picture	21	other				1572686	1	3153	2	0	3000
Picture	11	other				1583142	1	3153	3	0	3000
Picture	21	other				1593100	1	3154	2	0	3000
Picture	10	other				1602892	2	3154	3	0	3000
Picture	21	other				1614012	2	3154	3	0	3000
Picture	21	other				1625298	2	3154	3	0	3000
Picture	11	other				1636584	1	3154	2	0	3000
Picture	10	other				1645215	1	3153	2	0	3000
Picture	10	other				1654177	1	3153	3	0	3000
Picture	20	other				1664135	1	3154	2	0	3000
Picture	11	other				1672932	1	3153	2	0	3000
Picture	10	other				1682392	1	3153	2	0	3000
Picture	10	other				1691188	1	3154	2	0	3000
Picture	10	other				1699819	1	3153	2	0	3000
Picture	10	other				1708947	1	3153	3	0	3000
Picture	10	other				1719569	1	3153	3	0	3000
Picture	10	other				1729527	1	3154	2	0	3000
Picture	10	other				1737992	1	3153	2	0	3000
Picture	20	other				1747784	1	3153	2	0	3000
Picture	20	other				1756580	2	3154	3	0	3000
Picture	21	other				1765045	1	3153	2	0	3000
Picture	10	other				1776331	1	3153	2	0	3000
Picture	20	other				1785625	1	3153	2	0	3000
Picture	20	other				1794255	2	3154	3	0	3000
Picture	20	other				1804877	2	3154	3	0	3000
Picture	11	other				1814338	1	3153	2	0	3000
Picture	20	other				1824794	1	3153	2	0	3000
Picture	11	other				1834752	1	3153	3	0	3000
Picture	20	other				1843382	2	3154	3	0	3000
Picture	20	other				1853175	1	3153	2	0	3000
Picture	10	other				1861971	1	3153	3	0	3000
Picture	10	other				1871099	2	3154	3	0	3000
Picture	20	other				1881721	2	3154	3	0	3000
Picture	10	other				1891182	1	3153	2	0	3000
Picture	21	other				1901804	1	3153	2	0	3000
Picture	10	other				1911098	1	3153	2	0	3000
Picture	10	other				1919894	2	3154	3	0	3000
Picture	20	other				1929355	1	3153	2	0	3000
Picture	21	other				1938483	1	3153	2	0	3000
Picture	11	other				1949769	1	3153	2	0	3000
Picture	21	other				1960557	1	3153	2	0	3000
Picture	10	other				1969685	2	3154	3	0	3000
Picture	10	other				1980473	2	3154	3	0	3000
Picture	11	other				1989934	1	3153	2	0	3000
Picture	10	other				1999892	1	3153	2	0	3000
Picture	20	other				2008356	1	3154	2	0	3000
Picture	20	other				2017319	1	3153	2	0	3000
Picture	10	other				2027609	1	3153	2	0	3000
Picture	11	other				2038729	1	3153	2	0	3000
Picture	20	other				2050181	1	3153	2	0	3000
Picture	10	other				2060969	1	3153	2	0	3000
Picture	10	other				2070927	1	3153	2	0	3000
Picture	10	other				2082379	1	3153	2	0	3000
Picture	20	other				2093499	1	3153	2	0	3000
Picture	11	other				2104287	1	3153	2	0	3000
Picture	11	other				2112917	1	3153	3	0	3000
Picture	11	other				2123705	1	3153	3	0	3000
Picture	11	other				2135157	1	3153	3	0	3000
Picture	10	other				2146111	1	3153	3	0	3000
Picture	20	other				2156733	1	3153	3	0	3000
Picture	11	other				2167853	1	3153	3	0	3000
Picture	21	other				2176981	2	3154	3	0	3000
Picture	21	other				2187271	2	3154	3	0	3000
Picture	20	other				2196234	1	3153	2	0	3000
Picture	11	other				2206192	1	3153	3	0	3000
Picture	10	other				2214988	2	3154	3	0	3000
Picture	11	other				2225610	2	3154	3	0	3000
Picture	21	other				2236730	2	3154	3	0	3000
Picture	21	other				2247518	2	3154	3	0	3000
Picture	11	other				2256315	1	3153	2	0	3000
Picture	21	other				2265941	1	3154	2	0	3000
Picture	20	other				2275567	2	3154	3	0	3000
Picture	20	other				2284364	1	3153	2	0	3000
Picture	21	other				2294156	1	3153	2	0	3000
Picture	21	other				2303450	2	3154	3	0	3000
Picture	11	other				2313076	2	3154	3	0	3000
Picture	10	other				2322205	1	3153	2	0	3000
Picture	11	other				2332329	1	3153	3	0	3000
Picture	21	other				2343615	1	3153	2	0	3000
Picture	20	other				2352909	1	3154	2	0	3000
Picture	11	other				2361706	1	3153	2	0	3000
Picture	10	other				2371498	1	3153	2	0	3000
Picture	20	other				2380460	1	3154	2	0	3000
Picture	10	other				2390916	2	3154	3	0	3000
Picture	11	other				2400376	2	3154	3	0	3000
Picture	11	other				2410501	1	3153	2	0	3000
Picture	21	other				2419297	1	3153	3	0	3000
Picture	21	other				2429255	2	3154	3	0	3000
Picture	20	other				2437886	1	3153	2	0	3000
Picture	11	other				2447014	1	3153	2	0	3000
Picture	21	other				2456640	1	3154	2	0	3000
Picture	10	other				2466266	2	3154	3	0	3000
Picture	20	other				2476557	1	3153	2	0	3000
Picture	20	other				2486681	1	3153	2	0	3000
Picture	10	other				2496473	1	3153	2	0	3000
Picture	20	other				2506265	1	3154	2	0	3000
Picture	20	other				2517717	1	3153	3	0	3000
Picture	11	other				2528837	1	3153	3	0	3000
Picture	20	other				2538795	1	3154	2	0	3000
Picture	21	other				2549417	2	3154	3	0	3000
Picture	11	other				2559707	2	3154	3	0	3000
Picture	21	other				2570993	2	3154	3	0	3000
Picture	21	other				2581449	2	3154	3	0	3000
Picture	20	other				2590744	1	3153	2	0	3000
Picture	20	other				2600204	1	3153	2	0	3000
Picture	20	other				2609332	2	3154	3	0	3000
Picture	11	other				2620452	2	3154	3	0	3000
Picture	11	other				2629083	1	3153	2	0	3000
Picture	11	other				2639539	1	3153	2	0	3000
Picture	11	other				2649331	1	3153	3	0	3000
Picture	21	other				2658791	2	3154	3	0	3000
Picture	20	other				2669911	1	3154	2	0	3000
Picture	11	other				2681363	1	3153	3	0	3000
Picture	11	other				2691321	2	3154	3	0	3000
Picture	11	other				2700947	2	3154	3	0	3000
Picture	10	other				2711902	1	3153	2	0	3000
Picture	11	other				2721860	1	3153	2	0	3000
Picture	11	other				2731984	1	3153	2	0	3000
Picture	20	other				2740448	2	3154	3	0	3000
Picture	20	other				2749743	1	3153	2	0	3000
Picture	11	other				2760199	1	3153	2	0	3000
Picture	21	other				2768995	1	3154	2	0	3000
Picture	11	other				2778289	2	3154	3	0	3000
Picture	11	other				2787418	1	3153	2	0	3000
Picture	20	other				2797044	1	3153	2	0	3000
Picture	20	other				2807998	1	3153	2	0	3000
Picture	21	other				2816628	2	3154	3	0	3000
Picture	11	other				2826089	1	3153	2	0	3000
Picture	10	other				2835383	1	3153	2	0	3000
Picture	11	other				2844511	2	3154	3	0	3000
Picture	10	other				2853308	1	3153	2	0	3000
Picture	21	other				2864594	1	3153	2	0	3000
Picture	10	other				2873556	1	3153	3	0	3000
Picture	20	other				2884842	1	3153	2	0	3000
Picture	21	other				2893472	2	3154	3	0	3000
Picture	21	other				2904924	2	3154	3	0	3000
Picture	21	other				2915214	2	3154	3	0	3000
Picture	11	other				2925670	2	3154	3	0	3000
Picture	11	other				2936624	2	3154	3	0	3000
Picture	11	other				2945753	1	3153	2	0	3000
Picture	21	other				2955047	1	3153	3	0	3000
Picture	20	other				2963677	2	3154	3	0	3000
Picture	21	other				2973802	1	3153	2	0	3000
Picture	21	other				2984922	1	3153	2	0	3000
Picture	20	other				2995046	1	3153	2	0	3000
