Scenario - GO/NO-GO
Logfile written - 11/17/2011 10:09:10

Subject	Trial	Event Type	Code	Time	TTime	Uncertainty	Duration	Uncertainty	ReqTime	ReqDur

bav	2	Picture	22	289	0	2	3154	3	0	3000
bav	2	Response	1	4868	4579	2
bav	3	Picture	22	9252	0	1	3153	2	0	3000
bav	3	Response	1	14129	4877	1
bav	4	Picture	22	18546	0	1	3154	2	0	3000
bav	4	Response	1	21797	3251	1
bav	5	Picture	22	29334	0	1	3154	2	0	3000
bav	5	Response	1	32321	2987	1
bav	6	Picture	22	38131	0	1	3153	2	0	3000
bav	6	Response	1	41252	3121	2
bav	7	Picture	22	46927	0	1	3153	2	0	3000
bav	7	Response	1	49863	2936	1
bav	8	Picture	22	57051	0	1	3154	2	0	3000
bav	8	Response	1	60034	2983	1
bav	9	Picture	33	66013	0	2	3154	3	0	3000
bav	10	Picture	22	75806	0	1	3153	2	0	3000
bav	10	Response	1	78490	2684	1
bav	11	Picture	22	85598	0	1	3153	2	0	3000
bav	11	Response	1	88250	2652	1
bav	12	Picture	22	94062	0	2	3154	3	0	3000
bav	12	Response	1	96950	2888	2
bav	13	Picture	22	104352	0	2	3154	3	0	3000
bav	13	Response	1	106889	2537	1
bav	14	Picture	22	112651	0	1	3153	2	0	3000
bav	14	Response	1	115411	2760	1
bav	15	Picture	33	122111	0	1	3154	2	0	3000
bav	16	Picture	22	131240	0	1	3153	2	0	3000
bav	16	Response	1	133841	2601	2
bav	17	Picture	22	139372	0	1	3153	3	0	3000
bav	17	Response	1	142015	2643	1
bav	18	Picture	22	148002	0	2	3154	3	0	3000
bav	18	Response	1	150333	2331	1
bav	19	Picture	22	156799	0	1	3153	2	0	3000
bav	19	Response	1	158976	2177	1
bav	20	Picture	22	166425	0	1	3154	2	0	3000
bav	20	Response	1	168915	2490	1
bav	21	Picture	33	176051	0	2	3154	3	0	3000
bav	21	Response	1	178972	2921	1
bav	22	Picture	22	184184	0	1	3153	2	0	3000
bav	22	Response	1	189408	5224	1
bav	23	Picture	22	192482	0	1	3154	2	0	3000
bav	23	Response	1	195689	3207	1
bav	23	Response	1	201616	9134	1
bav	24	Picture	22	201943	0	1	3153	2	0	3000
bav	25	Picture	22	211901	0	1	3153	2	0	3000
bav	25	Response	1	214626	2725	1
bav	26	Picture	22	220531	0	1	3154	2	0	3000
bav	26	Response	1	223710	3179	1
bav	27	Picture	33	231485	0	1	3154	2	0	3000
bav	28	Picture	22	239784	0	1	3153	2	0	3000
bav	28	Response	1	242814	3030	2
bav	29	Picture	22	250240	0	1	3153	2	0	3000
bav	29	Response	1	252285	2045	2
bav	30	Picture	22	260862	0	1	3153	2	0	3000
bav	30	Response	1	263288	2426	1
bav	31	Picture	33	269658	0	1	3154	2	0	3000
bav	32	Picture	22	280280	0	2	3154	3	0	3000
bav	32	Response	1	283217	2937	2
bav	33	Picture	33	289243	0	1	3153	2	0	3000
bav	33	Response	1	292127	2884	1
bav	34	Picture	22	299201	0	1	3153	2	0	3000
bav	34	Response	1	303923	4722	1
bav	35	Picture	22	308661	0	1	3153	3	0	3000
bav	35	Response	1	313036	4375	1
bav	36	Picture	22	318287	0	2	3154	3	0	3000
bav	36	Response	1	321380	3093	2
bav	37	Picture	33	327084	0	1	3153	2	0	3000
bav	38	Picture	22	338038	0	1	3153	2	0	3000
bav	38	Response	1	341960	3922	1
bav	39	Picture	22	347830	0	1	3153	2	0	3000
bav	39	Response	1	350924	3094	2
bav	40	Picture	22	356294	0	2	3154	3	0	3000
bav	40	Response	1	358861	2567	1
bav	41	Picture	22	366252	0	2	3154	3	0	3000
bav	41	Response	1	369011	2759	1
bav	42	Picture	22	376709	0	1	3153	2	0	3000
bav	42	Response	1	379394	2685	2
bav	43	Picture	33	386501	0	1	3153	2	0	3000
bav	44	Picture	22	395961	0	1	3153	3	0	3000
bav	44	Response	1	399564	3603	1
bav	45	Picture	33	404094	0	1	3153	2	0	3000
bav	46	Picture	22	413222	0	1	3153	2	0	3000
bav	46	Response	1	415342	2120	1
bav	47	Picture	22	424176	0	1	3153	3	0	3000
bav	47	Response	1	427848	3672	1
bav	48	Picture	22	433470	0	1	3154	2	0	3000
bav	48	Response	1	436051	2581	2
bav	49	Picture	22	441769	0	1	3153	2	0	3000
bav	49	Response	1	444560	2791	1
bav	50	Picture	22	452059	0	1	3153	2	0	3000
bav	50	Response	1	454680	2621	2
bav	51	Picture	33	462349	0	1	3153	2	0	3000
bav	52	Picture	22	471311	0	2	3154	3	0	3000
bav	52	Response	1	474267	2956	2
bav	53	Picture	22	482099	0	2	3154	3	0	3000
bav	53	Response	1	486536	4437	2
bav	54	Picture	22	490730	0	1	3153	2	0	3000
bav	54	Response	1	493589	2859	1
bav	55	Picture	22	500190	0	1	3153	3	0	3000
bav	55	Response	1	502885	2695	1
bav	56	Picture	22	510978	0	1	3153	3	0	3000
bav	56	Response	1	512740	1762	2
bav	57	Picture	33	520936	0	2	3154	3	0	3000
bav	57	Response	1	523747	2811	1
bav	58	Picture	22	529899	0	1	3153	2	0	3000
bav	58	Response	1	532922	3023	2
bav	59	Picture	33	538861	0	1	3153	3	0	3000
bav	60	Picture	22	548487	0	1	3154	2	0	3000
bav	60	Response	1	550912	2425	1
bav	61	Picture	22	558279	0	2	3154	3	0	3000
bav	61	Response	1	560656	2377	1
bav	62	Picture	22	568072	0	1	3153	2	0	3000
bav	62	Response	1	571015	2943	1
bav	63	Picture	22	576868	0	1	3153	3	0	3000
bav	63	Response	1	579959	3091	2
bav	64	Picture	22	587656	0	1	3153	3	0	3000
bav	64	Response	1	590702	3046	1
bav	65	Picture	33	597116	0	2	3154	3	0	3000
bav	65	Response	1	599795	2679	1
bav	66	Picture	22	607240	0	2	3154	3	0	3000
bav	66	Response	1	610274	3034	2
bav	67	Picture	22	616701	0	1	3153	2	0	3000
bav	67	Response	1	620019	3318	1
bav	68	Picture	22	625497	0	1	3153	3	0	3000
bav	68	Response	1	628847	3350	1
bav	69	Picture	22	634625	0	2	3154	3	0	3000
bav	69	Response	1	638172	3547	1
bav	70	Picture	22	645248	0	1	3153	2	0	3000
bav	70	Response	1	648939	3691	1
bav	71	Picture	22	655372	0	1	3153	2	0	3000
bav	71	Response	1	658822	3450	1
bav	72	Picture	22	663670	0	1	3154	2	0	3000
bav	72	Response	1	667735	4065	1
bav	73	Picture	33	672798	0	2	3154	3	0	3000
bav	73	Response	1	683339	10541	1
bav	74	Picture	22	683752	0	2	3154	3	0	3000
bav	75	Picture	22	693047	0	1	3153	2	0	3000
bav	75	Response	1	696645	3598	1
bav	76	Picture	22	702009	0	1	3154	2	0	3000
bav	76	Response	1	705232	3223	1
bav	77	Picture	33	711303	0	2	3154	3	0	3000
bav	77	Response	1	714439	3136	1
bav	78	Picture	22	721262	0	1	3153	2	0	3000
bav	78	Response	1	723994	2732	1
bav	79	Picture	22	730058	0	1	3153	2	0	3000
bav	79	Response	1	733791	3733	1
bav	80	Picture	22	740016	0	1	3154	2	0	3000
bav	80	Response	1	742730	2714	1
bav	81	Picture	33	749476	0	2	3154	3	0	3000
bav	81	Response	1	752268	2792	1
bav	82	Picture	22	760264	0	2	3154	3	0	3000
bav	82	Response	1	762765	2501	1
bav	83	Picture	22	771384	0	2	3154	3	0	3000
bav	83	Response	1	773713	2329	1
bav	84	Picture	22	782172	0	2	3154	3	0	3000
bav	84	Response	1	784891	2719	1
bav	85	Picture	22	791467	0	1	3153	2	0	3000
bav	85	Response	1	794394	2927	1
bav	86	Picture	22	800927	0	1	3153	3	0	3000
bav	86	Response	1	803750	2823	1
bav	87	Picture	33	811217	0	1	3154	2	0	3000
bav	88	Picture	22	819516	0	1	3153	2	0	3000
bav	88	Response	1	822488	2972	1
bav	89	Picture	22	830138	0	1	3153	2	0	3000
bav	89	Response	1	832676	2538	1
bav	90	Picture	22	839764	0	1	3153	2	0	3000
bav	90	Response	1	843308	3544	1
bav	91	Picture	22	850386	0	1	3153	3	0	3000
bav	91	Response	1	855228	4842	1
bav	92	Picture	22	860344	0	1	3154	2	0	3000
bav	92	Response	1	863664	3320	1
bav	93	Picture	22	869804	0	2	3154	3	0	3000
bav	93	Response	1	873522	3718	1
bav	94	Picture	22	879431	0	1	3153	2	0	3000
bav	94	Response	1	882348	2917	1
bav	95	Picture	33	889887	0	1	3153	2	0	3000
bav	95	Response	1	892796	2909	2
bav	96	Picture	22	898683	0	1	3153	3	0	3000
bav	96	Response	1	901550	2867	2
bav	97	Picture	22	908143	0	2	3154	3	0	3000
bav	97	Response	1	911166	3023	1
bav	98	Picture	22	916774	0	1	3153	2	0	3000
bav	98	Response	1	920252	3478	1
bav	99	Picture	33	927562	0	1	3153	2	0	3000
bav	99	Response	1	930229	2667	1
bav	100	Picture	22	936192	0	1	3154	2	0	3000
bav	100	Response	1	938756	2564	1
bav	101	Picture	22	944823	0	1	3153	2	0	3000
bav	101	Response	1	948734	3911	1
bav	102	Picture	22	953785	0	1	3153	3	0	3000
bav	102	Response	1	956965	3180	1
bav	103	Picture	22	962415	0	2	3154	3	0	3000
bav	103	Response	1	965387	2972	1
bav	104	Picture	22	973369	0	2	3154	3	0	3000
bav	104	Response	1	975875	2506	2
bav	105	Picture	33	983494	0	1	3153	2	0	3000
bav	106	Picture	22	993950	0	1	3153	2	0	3000
bav	106	Response	1	996553	2603	1
bav	107	Picture	22	1004904	0	1	3153	2	0	3000
bav	107	Response	1	1007887	2983	1
bav	108	Picture	22	1013866	0	1	3153	3	0	3000
bav	108	Response	1	1017810	3944	2
bav	109	Picture	33	1022164	0	2	3154	3	0	3000
bav	110	Picture	22	1032455	0	1	3153	2	0	3000
bav	110	Response	1	1036420	3965	1
bav	111	Picture	22	1042579	0	1	3153	2	0	3000
bav	111	Response	1	1045508	2929	1
bav	112	Picture	22	1052537	0	1	3153	3	0	3000
bav	112	Response	1	1057629	5092	1
bav	113	Picture	33	1060835	0	2	3154	3	0	3000
bav	114	Picture	22	1071623	0	2	3154	3	0	3000
bav	114	Response	1	1074320	2697	2
bav	115	Picture	22	1081250	0	1	3153	2	0	3000
bav	115	Response	1	1083948	2698	2
bav	116	Picture	22	1090710	0	1	3153	3	0	3000
bav	116	Response	1	1093659	2949	2
bav	117	Picture	22	1101332	0	1	3153	3	0	3000
bav	117	Response	1	1104198	2866	1
bav	118	Picture	22	1110792	0	2	3154	3	0	3000
bav	118	Response	1	1113822	3030	2
bav	119	Picture	33	1120916	0	2	3154	3	0	3000
bav	120	Picture	22	1131041	0	1	3153	2	0	3000
bav	120	Response	1	1134415	3374	1
bav	121	Picture	22	1139837	0	1	3153	3	0	3000
bav	121	Response	1	1143951	4114	1
bav	122	Picture	22	1148965	0	2	3154	3	0	3000
bav	122	Response	1	1153986	5021	1
bav	123	Picture	33	1157098	0	1	3153	2	0	3000
bav	124	Picture	22	1166890	0	1	3153	3	0	3000
bav	124	Response	1	1170210	3320	2
bav	125	Picture	22	1175686	0	2	3154	3	0	3000
bav	125	Response	1	1178774	3088	1
bav	126	Picture	22	1184981	0	1	3153	2	0	3000
bav	126	Response	1	1187867	2886	1
bav	127	Picture	22	1194773	0	1	3153	3	0	3000
bav	127	Response	1	1197400	2627	1
bav	128	Picture	22	1204067	0	1	3154	2	0	3000
bav	128	Response	1	1206945	2878	1
bav	129	Picture	33	1215021	0	2	3154	3	0	3000
bav	130	Picture	22	1223984	0	1	3153	2	0	3000
bav	130	Response	1	1228004	4020	1
bav	131	Picture	22	1233278	0	1	3153	2	0	3000
bav	131	Response	1	1236179	2901	1
bav	132	Picture	22	1242738	0	1	3154	2	0	3000
bav	132	Response	1	1245421	2683	1
bav	133	Picture	22	1253360	0	1	3154	2	0	3000
bav	133	Response	1	1256307	2947	1
bav	134	Picture	22	1263152	0	2	3154	3	0	3000
bav	134	Response	1	1266553	3401	1
bav	135	Picture	33	1271451	0	1	3153	2	0	3000
bav	136	Picture	22	1280413	0	1	3154	2	0	3000
bav	136	Response	1	1284041	3628	1
bav	137	Picture	22	1288712	0	1	3153	2	0	3000
bav	137	Response	1	1291594	2882	1
bav	138	Picture	22	1297342	0	1	3154	2	0	3000
bav	138	Response	1	1299823	2481	1
bav	139	Picture	33	1306470	0	2	3154	3	0	3000
bav	139	Response	1	1309114	2644	1
bav	140	Picture	22	1316429	0	1	3153	2	0	3000
bav	140	Response	1	1320019	3590	1
bav	141	Picture	22	1324727	0	1	3154	2	0	3000
bav	141	Response	1	1327812	3085	1
bav	142	Picture	22	1333192	0	1	3153	2	0	3000
bav	142	Response	1	1336221	3029	2
bav	143	Picture	33	1342984	0	1	3153	2	0	3000
bav	144	Picture	22	1352278	0	1	3154	2	0	3000
bav	144	Response	1	1355066	2788	1
bav	145	Picture	22	1363232	0	1	3154	2	0	3000
bav	145	Response	1	1366580	3348	2
bav	146	Picture	22	1371697	0	1	3153	2	0	3000
bav	146	Response	1	1374369	2672	2
bav	147	Picture	33	1381157	0	1	3153	2	0	3000
bav	147	Response	1	1383572	2415	1
bav	148	Picture	22	1390783	0	1	3153	3	0	3000
bav	148	Response	1	1394688	3905	1
bav	149	Picture	22	1401903	0	1	3153	3	0	3000
bav	149	Response	1	1404124	2221	1
bav	150	Picture	22	1412193	0	1	3154	2	0	3000
bav	150	Response	1	1415421	3228	1
bav	151	Picture	33	1420990	0	1	3153	2	0	3000
bav	152	Picture	22	1431114	0	1	3153	2	0	3000
bav	152	Response	1	1433702	2588	1
bav	153	Picture	33	1440242	0	1	3153	3	0	3000
bav	154	Picture	22	1449204	0	2	3154	3	0	3000
bav	154	Response	1	1452686	3482	1
bav	155	Picture	22	1460158	0	2	3154	3	0	3000
bav	155	Response	1	1460187	29	2
bav	156	Picture	22	1468291	0	1	3153	2	0	3000
bav	156	Response	1	1468552	261	1
bav	156	Response	1	1477857	9566	1
bav	157	Picture	22	1479079	0	1	3153	3	0	3000
bav	158	Picture	22	1489701	0	1	3153	3	0	3000
bav	158	Response	1	1492315	2614	1
bav	159	Picture	33	1498995	0	2	3154	3	0	3000
bav	160	Picture	22	1507128	0	1	3153	2	0	3000
bav	160	Response	1	1510300	3172	2
bav	161	Picture	22	1516754	0	1	3153	3	0	3000
bav	161	Response	1	1519185	2431	1
bav	162	Picture	22	1525219	0	1	3153	2	0	3000
bav	162	Response	1	1527509	2290	1
bav	163	Picture	22	1535509	0	1	3153	2	0	3000
bav	163	Response	1	1536216	707	1
bav	164	Picture	22	1545301	0	1	3153	2	0	3000
bav	164	Response	1	1545751	450	1
bav	165	Picture	33	1553765	0	2	3154	3	0	3000
bav	165	Response	1	1556054	2289	1
bav	166	Picture	22	1563889	0	2	3154	3	0	3000
bav	166	Response	1	1567237	3348	1
bav	167	Picture	22	1574843	0	2	3154	3	0	3000
bav	167	Response	1	1577031	2188	1
bav	168	Picture	22	1582976	0	1	3153	3	0	3000
bav	168	Response	1	1585736	2760	1
bav	169	Picture	33	1591108	0	2	3154	3	0	3000
bav	169	Response	1	1594144	3036	2
bav	170	Picture	22	1601896	0	2	3154	3	0	3000
bav	170	Response	1	1604528	2632	1
bav	171	Picture	22	1612021	0	1	3153	2	0	3000
bav	171	Response	1	1614586	2565	2
bav	172	Picture	22	1621481	0	1	3153	2	0	3000
bav	172	Response	1	1624232	2751	1
bav	173	Picture	22	1630775	0	1	3154	2	0	3000
bav	173	Response	1	1633940	3165	1
bav	174	Picture	22	1640235	0	2	3154	3	0	3000
bav	174	Response	1	1643820	3585	1
bav	175	Picture	33	1650692	0	1	3153	2	0	3000
bav	176	Picture	22	1661148	0	1	3153	2	0	3000
bav	176	Response	1	1661368	220	1
bav	177	Picture	22	1671272	0	1	3153	2	0	3000
bav	177	Response	1	1676277	5005	1
bav	178	Picture	22	1680566	0	1	3153	3	0	3000
bav	178	Response	1	1683565	2999	1
bav	179	Picture	22	1691188	0	1	3153	3	0	3000
bav	179	Response	1	1692978	1790	1
bav	180	Picture	22	1701644	0	1	3154	2	0	3000
bav	180	Response	1	1701715	71	1
bav	180	Response	1	1712109	10465	1
bav	181	Picture	33	1712432	0	1	3154	2	0	3000
bav	182	Picture	22	1721892	0	2	3154	3	0	3000
bav	182	Response	1	1730311	8419	1
bav	183	Picture	22	1730855	0	1	3153	2	0	3000
bav	183	Response	1	1735211	4356	1
bav	184	Picture	22	1740979	0	1	3153	3	0	3000
bav	184	Response	1	1744010	3031	1
bav	185	Picture	22	1750273	0	2	3154	3	0	3000
bav	185	Response	1	1753272	2999	1
bav	186	Picture	22	1761393	0	2	3154	3	0	3000
bav	186	Response	1	1764193	2800	1
bav	187	Picture	33	1771683	0	2	3154	3	0	3000
bav	188	Picture	22	1779982	0	1	3153	2	0	3000
bav	188	Response	1	1782654	2672	1
bav	189	Picture	33	1790438	0	1	3153	3	0	3000
bav	189	Response	1	1793749	3311	1
bav	190	Picture	22	1799234	0	2	3154	3	0	3000
bav	190	Response	1	1803694	4460	2
bav	191	Picture	22	1809358	0	2	3154	3	0	3000
bav	191	Response	1	1812784	3426	2
bav	192	Picture	22	1818487	0	1	3153	2	0	3000
bav	192	Response	1	1821164	2677	2
bav	193	Picture	22	1829275	0	1	3153	2	0	3000
bav	193	Response	1	1831550	2275	2
bav	194	Picture	22	1839233	0	1	3153	3	0	3000
bav	194	Response	1	1841460	2227	1
bav	195	Picture	33	1848029	0	2	3154	3	0	3000
bav	196	Picture	22	1858652	0	1	3153	2	0	3000
bav	196	Response	1	1861071	2419	1
bav	197	Picture	22	1869605	0	2	3154	3	0	3000
bav	197	Response	1	1872980	3375	1
bav	198	Picture	22	1879564	0	1	3152	6	0	3000
bav	198	Response	1	1882536	2972	1
bav	199	Picture	33	1888858	0	1	3153	3	0	3000
bav	199	Response	1	1891765	2907	1
bav	200	Picture	22	1898484	0	1	3154	2	0	3000
bav	200	Response	1	1900877	2393	2
bav	201	Picture	33	1907281	0	1	3153	2	0	3000
bav	202	Picture	22	1916575	0	1	3153	2	0	3000
bav	202	Response	1	1918714	2139	1
bav	203	Picture	22	1926367	0	1	3154	2	0	3000
bav	203	Response	1	1927596	1229	1
bav	204	Picture	22	1935827	0	2	3154	3	0	3000
bav	204	Response	1	1937782	1955	1
bav	205	Picture	33	1943960	0	1	3153	2	0	3000
bav	206	Picture	22	1954914	0	1	3153	2	0	3000
bav	206	Response	1	1955094	180	1
bav	207	Picture	33	1963046	0	2	3154	3	0	3000
bav	208	Picture	22	1971345	0	1	3153	2	0	3000
bav	208	Response	1	1974062	2717	1
bav	209	Picture	22	1980971	0	1	3153	3	0	3000
bav	209	Response	1	1984127	3156	1
bav	210	Picture	22	1989768	0	1	3153	2	0	3000
bav	210	Response	1	1992976	3208	1
bav	211	Picture	33	2000224	0	1	3153	2	0	3000
bav	211	Response	1	2003217	2993	1
bav	212	Picture	22	2010514	0	1	3153	2	0	3000
bav	212	Response	1	2013063	2549	2
bav	213	Picture	22	2020970	0	1	3153	2	0	3000
bav	213	Response	1	2024918	3948	1
bav	214	Picture	22	2030596	0	1	3153	3	0	3000
bav	214	Response	1	2033676	3080	1
bav	215	Picture	22	2040388	0	1	3154	2	0	3000
bav	215	Response	1	2043176	2788	1
bav	216	Picture	22	2050346	0	2	3154	3	0	3000
bav	216	Response	1	2054088	3742	1
bav	217	Picture	22	2058479	0	1	3153	3	0	3000
bav	217	Response	1	2062285	3806	2
bav	218	Picture	22	2068603	0	1	3154	2	0	3000
bav	218	Response	1	2072370	3767	1
bav	219	Picture	33	2077565	0	2	3154	3	0	3000
bav	220	Picture	22	2086860	0	1	3153	2	0	3000
bav	220	Response	1	2089322	2462	1
bav	221	Picture	22	2097316	0	1	3153	2	0	3000
bav	221	Response	1	2102269	4953	1
bav	222	Picture	22	2106776	0	1	3154	2	0	3000
bav	222	Response	1	2109938	3162	1
bav	223	Picture	22	2116900	0	2	3154	3	0	3000
bav	223	Response	1	2119764	2864	1
bav	224	Picture	22	2125863	0	1	3153	2	0	3000
bav	224	Response	1	2128530	2667	1
bav	225	Picture	33	2135489	0	1	3153	2	0	3000
bav	226	Picture	22	2145115	0	1	3153	3	0	3000
bav	226	Response	1	2148377	3262	1
bav	227	Picture	22	2154907	0	2	3154	3	0	3000
bav	227	Response	1	2162704	7797	1
bav	228	Picture	22	2164865	0	2	3154	3	0	3000
bav	228	Response	1	2169309	4444	1
bav	229	Picture	22	2174326	0	1	3153	2	0	3000
bav	229	Response	1	2183548	9222	2
bav	230	Picture	22	2184782	0	1	3153	2	0	3000
bav	230	Response	1	2189297	4515	2
bav	231	Picture	33	2193744	0	1	3154	2	0	3000
bav	231	Response	1	2196874	3130	2
bav	232	Picture	22	2203868	0	2	3154	3	0	3000
bav	232	Response	1	2206602	2734	2
bav	233	Picture	22	2212001	0	1	3153	2	0	3000
bav	233	Response	1	2214946	2945	1
bav	234	Picture	22	2221959	0	1	3153	3	0	3000
bav	234	Response	1	2224322	2363	1
bav	235	Picture	22	2230755	0	2	3154	3	0	3000
bav	235	Response	1	2233348	2593	1
bav	236	Picture	22	2239718	0	1	3153	2	0	3000
bav	236	Response	1	2242020	2302	1
bav	237	Picture	33	2250672	0	1	3153	2	0	3000
bav	238	Picture	22	2258970	0	2	3154	3	0	3000
bav	238	Response	1	2266255	7285	2
bav	239	Picture	22	2270090	0	1	3154	2	0	3000
bav	239	Response	1	2275401	5311	1
bav	240	Picture	22	2279053	0	1	3153	2	0	3000
bav	240	Response	1	2284256	5203	1
bav	241	Picture	22	2288679	0	1	3153	2	0	3000
bav	241	Response	1	2292012	3333	1
bav	242	Picture	22	2299135	0	1	3153	3	0	3000
bav	242	Response	1	2302163	3028	1
bav	243	Picture	22	2308595	0	1	3154	2	0	3000
bav	243	Response	1	2310985	2390	2
bav	244	Picture	22	2319549	0	1	3154	2	0	3000
bav	244	Response	1	2322256	2707	1
bav	245	Picture	33	2328013	0	2	3154	3	0	3000
bav	246	Picture	22	2336644	0	1	3153	3	0	3000
bav	246	Response	1	2340096	3452	2
bav	247	Picture	22	2346602	0	2	3154	3	0	3000
bav	248	Picture	22	2357058	0	2	3154	3	0	3000
bav	248	Response	1	2360916	3858	1
bav	249	Picture	33	2366685	0	1	3153	2	0	3000
bav	250	Picture	22	2376643	0	1	3153	2	0	3000
bav	250	Response	1	2379799	3156	1
bav	251	Picture	33	2387597	0	1	3153	2	0	3000
bav	252	Picture	22	2396227	0	1	3154	2	0	3000
bav	252	Response	1	2400177	3950	1
bav	253	Picture	22	2405355	0	2	3154	3	0	3000
bav	253	Response	1	2410153	4798	2
bav	254	Picture	22	2413820	0	1	3153	2	0	3000
bav	254	Response	1	2418165	4345	1
bav	255	Picture	22	2423446	0	1	3154	2	0	3000
bav	255	Response	1	2426219	2773	1
bav	256	Picture	22	2431745	0	1	3153	2	0	3000
bav	256	Response	1	2434510	2765	2
bav	257	Picture	33	2441703	0	1	3153	2	0	3000
bav	258	Picture	22	2451329	0	1	3154	2	0	3000
bav	258	Response	1	2454091	2762	1
bav	259	Picture	22	2459793	0	2	3154	3	0	3000
bav	259	Response	1	2463162	3369	1
bav	260	Picture	22	2468092	0	1	3153	3	0	3000
bav	260	Response	1	2471056	2964	2
bav	261	Picture	33	2476224	0	2	3154	3	0	3000
bav	262	Picture	22	2485187	0	1	3153	2	0	3000
bav	262	Response	1	2488109	2922	2
bav	263	Picture	22	2494149	0	1	3154	2	0	3000
bav	263	Response	1	2494576	427	1
bav	264	Picture	22	2502282	0	1	3153	2	0	3000
bav	264	Response	1	2502669	387	1
bav	264	Response	1	2510346	8064	1
bav	265	Picture	22	2511078	0	1	3154	2	0	3000
bav	265	Response	1	2517678	6600	1
bav	266	Picture	22	2519211	0	1	3153	2	0	3000
bav	266	Response	1	2525363	6152	1
bav	267	Picture	33	2530165	0	1	3153	2	0	3000
bav	268	Picture	22	2541119	0	1	3153	2	0	3000
bav	268	Response	1	2544597	3478	1
bav	269	Picture	22	2551907	0	1	3153	2	0	3000
bav	269	Response	1	2554830	2923	1
bav	270	Picture	22	2561865	0	1	3153	2	0	3000
bav	270	Response	1	2564597	2732	1
bav	271	Picture	22	2571159	0	1	3154	2	0	3000
bav	271	Response	1	2573831	2672	1
bav	272	Picture	22	2581615	0	1	3154	2	0	3000
bav	272	Response	1	2584213	2598	1
bav	273	Picture	22	2592071	0	2	3154	3	0	3000
bav	273	Response	1	2597133	5062	1
bav	274	Picture	22	2602029	0	2	3154	3	0	3000
bav	274	Response	1	2609404	7375	1
bav	275	Picture	33	2611158	0	1	3153	2	0	3000
bav	276	Picture	22	2619788	0	1	3154	2	0	3000
bav	276	Response	1	2622203	2415	1
bav	277	Picture	33	2630410	0	2	3154	3	0	3000
bav	278	Picture	22	2638875	0	1	3153	2	0	3000
bav	278	Response	1	2641842	2967	1
bav	279	Picture	22	2647671	0	1	3154	2	0	3000
bav	279	Response	1	2650758	3087	2
bav	280	Picture	22	2658293	0	1	3154	2	0	3000
bav	280	Response	1	2661472	3179	1
bav	281	Picture	33	2667919	0	2	3154	3	0	3000
bav	281	Response	1	2670202	2283	1
bav	282	Picture	22	2676384	0	1	3153	2	0	3000
bav	282	Response	1	2679082	2698	2
bav	283	Picture	22	2684848	0	2	3154	3	0	3000
bav	283	Response	1	2688638	3790	1
bav	284	Picture	22	2693479	0	1	3153	2	0	3000
bav	284	Response	1	2696217	2738	1
bav	285	Picture	22	2704433	0	1	3153	2	0	3000
bav	285	Response	1	2707158	2725	1
bav	286	Picture	22	2712565	0	2	3154	3	0	3000
bav	286	Response	1	2716160	3595	1
bav	287	Picture	33	2720864	0	1	3153	2	0	3000
bav	287	Response	1	2723478	2614	1
bav	288	Picture	22	2728996	0	2	3154	3	0	3000
bav	288	Response	1	2731470	2474	1
bav	289	Picture	22	2739120	0	2	3154	3	0	3000
bav	289	Response	1	2741731	2611	2
bav	290	Picture	22	2749742	0	2	3154	3	0	3000
bav	290	Response	1	2750281	539	1
bav	291	Picture	33	2760696	0	2	3154	3	0	3000
bav	292	Picture	22	2769493	0	1	3153	2	0	3000
bav	292	Response	1	2771487	1994	1
bav	293	Picture	22	2779949	0	1	3153	2	0	3000
bav	293	Response	1	2784640	4691	1
bav	294	Picture	22	2789907	0	1	3154	2	0	3000
bav	294	Response	1	2794196	4289	2
bav	295	Picture	22	2800363	0	2	3154	3	0	3000
bav	295	Response	1	2802931	2568	1
bav	296	Picture	22	2808994	0	1	3153	2	0	3000
bav	296	Response	1	2811810	2816	1
bav	297	Picture	33	2818454	0	1	3153	2	0	3000
bav	297	Response	1	2820960	2506	1
bav	298	Picture	22	2827084	0	2	3154	3	0	3000
bav	298	Response	1	2829640	2556	2
bav	299	Picture	22	2837706	0	2	3154	3	0	3000
bav	299	Response	1	2841705	3999	1
bav	300	Picture	22	2846835	0	1	3153	2	0	3000
bav	300	Response	1	2852940	6105	2
bav	301	Picture	22	2856461	0	1	3153	3	0	3000
bav	301	Response	1	2865799	9338	1
bav	302	Picture	22	2865921	0	1	3154	2	0	3000
bav	303	Picture	33	2874386	0	1	3153	2	0	3000
bav	303	Response	1	2874772	386	1


Event Type	Code	Type	Response	RT	RT Uncertainty	Time	Uncertainty	Duration	Uncertainty	ReqTime	ReqDur

Picture	22	hit	1	4579	4	289	2	3154	3	0	3000
Picture	22	hit	1	4877	2	9252	1	3153	2	0	3000
Picture	22	hit	1	3251	2	18546	1	3154	2	0	3000
Picture	22	hit	1	2987	2	29334	1	3154	2	0	3000
Picture	22	hit	1	3121	3	38131	1	3153	2	0	3000
Picture	22	hit	1	2936	2	46927	1	3153	2	0	3000
Picture	22	hit	1	2983	2	57051	1	3154	2	0	3000
Picture	33	miss				66013	2	3154	3	0	3000
Picture	22	hit	1	2684	2	75806	1	3153	2	0	3000
Picture	22	hit	1	2652	2	85598	1	3153	2	0	3000
Picture	22	hit	1	2888	4	94062	2	3154	3	0	3000
Picture	22	hit	1	2537	3	104352	2	3154	3	0	3000
Picture	22	hit	1	2760	2	112651	1	3153	2	0	3000
Picture	33	miss				122111	1	3154	2	0	3000
Picture	22	hit	1	2601	3	131240	1	3153	2	0	3000
Picture	22	hit	1	2643	2	139372	1	3153	3	0	3000
Picture	22	hit	1	2331	3	148002	2	3154	3	0	3000
Picture	22	hit	1	2177	2	156799	1	3153	2	0	3000
Picture	22	hit	1	2490	2	166425	1	3154	2	0	3000
Picture	33	hit	1	2921	3	176051	2	3154	3	0	3000
Picture	22	hit	1	5224	2	184184	1	3153	2	0	3000
Picture	22	hit	1	3207	2	192482	1	3154	2	0	3000
Picture	22	miss				201943	1	3153	2	0	3000
Picture	22	hit	1	2725	2	211901	1	3153	2	0	3000
Picture	22	hit	1	3179	2	220531	1	3154	2	0	3000
Picture	33	miss				231485	1	3154	2	0	3000
Picture	22	hit	1	3030	3	239784	1	3153	2	0	3000
Picture	22	hit	1	2045	3	250240	1	3153	2	0	3000
Picture	22	hit	1	2426	2	260862	1	3153	2	0	3000
Picture	33	miss				269658	1	3154	2	0	3000
Picture	22	hit	1	2937	4	280280	2	3154	3	0	3000
Picture	33	hit	1	2884	2	289243	1	3153	2	0	3000
Picture	22	hit	1	4722	2	299201	1	3153	2	0	3000
Picture	22	hit	1	4375	2	308661	1	3153	3	0	3000
Picture	22	hit	1	3093	4	318287	2	3154	3	0	3000
Picture	33	miss				327084	1	3153	2	0	3000
Picture	22	hit	1	3922	2	338038	1	3153	2	0	3000
Picture	22	hit	1	3094	3	347830	1	3153	2	0	3000
Picture	22	hit	1	2567	3	356294	2	3154	3	0	3000
Picture	22	hit	1	2759	3	366252	2	3154	3	0	3000
Picture	22	hit	1	2685	3	376709	1	3153	2	0	3000
Picture	33	miss				386501	1	3153	2	0	3000
Picture	22	hit	1	3603	2	395961	1	3153	3	0	3000
Picture	33	miss				404094	1	3153	2	0	3000
Picture	22	hit	1	2120	2	413222	1	3153	2	0	3000
Picture	22	hit	1	3672	2	424176	1	3153	3	0	3000
Picture	22	hit	1	2581	3	433470	1	3154	2	0	3000
Picture	22	hit	1	2791	2	441769	1	3153	2	0	3000
Picture	22	hit	1	2621	3	452059	1	3153	2	0	3000
Picture	33	miss				462349	1	3153	2	0	3000
Picture	22	hit	1	2956	4	471311	2	3154	3	0	3000
Picture	22	hit	1	4437	4	482099	2	3154	3	0	3000
Picture	22	hit	1	2859	2	490730	1	3153	2	0	3000
Picture	22	hit	1	2695	2	500190	1	3153	3	0	3000
Picture	22	hit	1	1762	3	510978	1	3153	3	0	3000
Picture	33	hit	1	2811	3	520936	2	3154	3	0	3000
Picture	22	hit	1	3023	3	529899	1	3153	2	0	3000
Picture	33	miss				538861	1	3153	3	0	3000
Picture	22	hit	1	2425	2	548487	1	3154	2	0	3000
Picture	22	hit	1	2377	3	558279	2	3154	3	0	3000
Picture	22	hit	1	2943	2	568072	1	3153	2	0	3000
Picture	22	hit	1	3091	3	576868	1	3153	3	0	3000
Picture	22	hit	1	3046	2	587656	1	3153	3	0	3000
Picture	33	hit	1	2679	3	597116	2	3154	3	0	3000
Picture	22	hit	1	3034	4	607240	2	3154	3	0	3000
Picture	22	hit	1	3318	2	616701	1	3153	2	0	3000
Picture	22	hit	1	3350	2	625497	1	3153	3	0	3000
Picture	22	hit	1	3547	3	634625	2	3154	3	0	3000
Picture	22	hit	1	3691	2	645248	1	3153	2	0	3000
Picture	22	hit	1	3450	2	655372	1	3153	2	0	3000
Picture	22	hit	1	4065	2	663670	1	3154	2	0	3000
Picture	33	hit	1	10541	3	672798	2	3154	3	0	3000
Picture	22	miss				683752	2	3154	3	0	3000
Picture	22	hit	1	3598	2	693047	1	3153	2	0	3000
Picture	22	hit	1	3223	2	702009	1	3154	2	0	3000
Picture	33	hit	1	3136	3	711303	2	3154	3	0	3000
Picture	22	hit	1	2732	2	721262	1	3153	2	0	3000
Picture	22	hit	1	3733	2	730058	1	3153	2	0	3000
Picture	22	hit	1	2714	2	740016	1	3154	2	0	3000
Picture	33	hit	1	2792	3	749476	2	3154	3	0	3000
Picture	22	hit	1	2501	3	760264	2	3154	3	0	3000
Picture	22	hit	1	2329	3	771384	2	3154	3	0	3000
Picture	22	hit	1	2719	3	782172	2	3154	3	0	3000
Picture	22	hit	1	2927	2	791467	1	3153	2	0	3000
Picture	22	hit	1	2823	2	800927	1	3153	3	0	3000
Picture	33	miss				811217	1	3154	2	0	3000
Picture	22	hit	1	2972	2	819516	1	3153	2	0	3000
Picture	22	hit	1	2538	2	830138	1	3153	2	0	3000
Picture	22	hit	1	3544	2	839764	1	3153	2	0	3000
Picture	22	hit	1	4842	2	850386	1	3153	3	0	3000
Picture	22	hit	1	3320	2	860344	1	3154	2	0	3000
Picture	22	hit	1	3718	3	869804	2	3154	3	0	3000
Picture	22	hit	1	2917	2	879431	1	3153	2	0	3000
Picture	33	hit	1	2909	3	889887	1	3153	2	0	3000
Picture	22	hit	1	2867	3	898683	1	3153	3	0	3000
Picture	22	hit	1	3023	3	908143	2	3154	3	0	3000
Picture	22	hit	1	3478	2	916774	1	3153	2	0	3000
Picture	33	hit	1	2667	2	927562	1	3153	2	0	3000
Picture	22	hit	1	2564	2	936192	1	3154	2	0	3000
Picture	22	hit	1	3911	2	944823	1	3153	2	0	3000
Picture	22	hit	1	3180	2	953785	1	3153	3	0	3000
Picture	22	hit	1	2972	3	962415	2	3154	3	0	3000
Picture	22	hit	1	2506	4	973369	2	3154	3	0	3000
Picture	33	miss				983494	1	3153	2	0	3000
Picture	22	hit	1	2603	2	993950	1	3153	2	0	3000
Picture	22	hit	1	2983	2	1004904	1	3153	2	0	3000
Picture	22	hit	1	3944	3	1013866	1	3153	3	0	3000
Picture	33	miss				1022164	2	3154	3	0	3000
Picture	22	hit	1	3965	2	1032455	1	3153	2	0	3000
Picture	22	hit	1	2929	2	1042579	1	3153	2	0	3000
Picture	22	hit	1	5092	2	1052537	1	3153	3	0	3000
Picture	33	miss				1060835	2	3154	3	0	3000
Picture	22	hit	1	2697	4	1071623	2	3154	3	0	3000
Picture	22	hit	1	2698	3	1081250	1	3153	2	0	3000
Picture	22	hit	1	2949	3	1090710	1	3153	3	0	3000
Picture	22	hit	1	2866	2	1101332	1	3153	3	0	3000
Picture	22	hit	1	3030	4	1110792	2	3154	3	0	3000
Picture	33	miss				1120916	2	3154	3	0	3000
Picture	22	hit	1	3374	2	1131041	1	3153	2	0	3000
Picture	22	hit	1	4114	2	1139837	1	3153	3	0	3000
Picture	22	hit	1	5021	3	1148965	2	3154	3	0	3000
Picture	33	miss				1157098	1	3153	2	0	3000
Picture	22	hit	1	3320	3	1166890	1	3153	3	0	3000
Picture	22	hit	1	3088	3	1175686	2	3154	3	0	3000
Picture	22	hit	1	2886	2	1184981	1	3153	2	0	3000
Picture	22	hit	1	2627	2	1194773	1	3153	3	0	3000
Picture	22	hit	1	2878	2	1204067	1	3154	2	0	3000
Picture	33	miss				1215021	2	3154	3	0	3000
Picture	22	hit	1	4020	2	1223984	1	3153	2	0	3000
Picture	22	hit	1	2901	2	1233278	1	3153	2	0	3000
Picture	22	hit	1	2683	2	1242738	1	3154	2	0	3000
Picture	22	hit	1	2947	2	1253360	1	3154	2	0	3000
Picture	22	hit	1	3401	3	1263152	2	3154	3	0	3000
Picture	33	miss				1271451	1	3153	2	0	3000
Picture	22	hit	1	3628	2	1280413	1	3154	2	0	3000
Picture	22	hit	1	2882	2	1288712	1	3153	2	0	3000
Picture	22	hit	1	2481	2	1297342	1	3154	2	0	3000
Picture	33	hit	1	2644	3	1306470	2	3154	3	0	3000
Picture	22	hit	1	3590	2	1316429	1	3153	2	0	3000
Picture	22	hit	1	3085	2	1324727	1	3154	2	0	3000
Picture	22	hit	1	3029	3	1333192	1	3153	2	0	3000
Picture	33	miss				1342984	1	3153	2	0	3000
Picture	22	hit	1	2788	2	1352278	1	3154	2	0	3000
Picture	22	hit	1	3348	3	1363232	1	3154	2	0	3000
Picture	22	hit	1	2672	3	1371697	1	3153	2	0	3000
Picture	33	hit	1	2415	2	1381157	1	3153	2	0	3000
Picture	22	hit	1	3905	2	1390783	1	3153	3	0	3000
Picture	22	hit	1	2221	2	1401903	1	3153	3	0	3000
Picture	22	hit	1	3228	2	1412193	1	3154	2	0	3000
Picture	33	miss				1420990	1	3153	2	0	3000
Picture	22	hit	1	2588	2	1431114	1	3153	2	0	3000
Picture	33	miss				1440242	1	3153	3	0	3000
Picture	22	hit	1	3482	3	1449204	2	3154	3	0	3000
Picture	22	hit	1	29	4	1460158	2	3154	3	0	3000
Picture	22	hit	1	261	2	1468291	1	3153	2	0	3000
Picture	22	miss				1479079	1	3153	3	0	3000
Picture	22	hit	1	2614	2	1489701	1	3153	3	0	3000
Picture	33	miss				1498995	2	3154	3	0	3000
Picture	22	hit	1	3172	3	1507128	1	3153	2	0	3000
Picture	22	hit	1	2431	2	1516754	1	3153	3	0	3000
Picture	22	hit	1	2290	2	1525219	1	3153	2	0	3000
Picture	22	hit	1	707	2	1535509	1	3153	2	0	3000
Picture	22	hit	1	450	2	1545301	1	3153	2	0	3000
Picture	33	hit	1	2289	3	1553765	2	3154	3	0	3000
Picture	22	hit	1	3348	3	1563889	2	3154	3	0	3000
Picture	22	hit	1	2188	3	1574843	2	3154	3	0	3000
Picture	22	hit	1	2760	2	1582976	1	3153	3	0	3000
Picture	33	hit	1	3036	4	1591108	2	3154	3	0	3000
Picture	22	hit	1	2632	3	1601896	2	3154	3	0	3000
Picture	22	hit	1	2565	3	1612021	1	3153	2	0	3000
Picture	22	hit	1	2751	2	1621481	1	3153	2	0	3000
Picture	22	hit	1	3165	2	1630775	1	3154	2	0	3000
Picture	22	hit	1	3585	3	1640235	2	3154	3	0	3000
Picture	33	miss				1650692	1	3153	2	0	3000
Picture	22	hit	1	220	2	1661148	1	3153	2	0	3000
Picture	22	hit	1	5005	2	1671272	1	3153	2	0	3000
Picture	22	hit	1	2999	2	1680566	1	3153	3	0	3000
Picture	22	hit	1	1790	2	1691188	1	3153	3	0	3000
Picture	22	hit	1	71	2	1701644	1	3154	2	0	3000
Picture	33	miss				1712432	1	3154	2	0	3000
Picture	22	hit	1	8419	3	1721892	2	3154	3	0	3000
Picture	22	hit	1	4356	2	1730855	1	3153	2	0	3000
Picture	22	hit	1	3031	2	1740979	1	3153	3	0	3000
Picture	22	hit	1	2999	3	1750273	2	3154	3	0	3000
Picture	22	hit	1	2800	3	1761393	2	3154	3	0	3000
Picture	33	miss				1771683	2	3154	3	0	3000
Picture	22	hit	1	2672	2	1779982	1	3153	2	0	3000
Picture	33	hit	1	3311	2	1790438	1	3153	3	0	3000
Picture	22	hit	1	4460	4	1799234	2	3154	3	0	3000
Picture	22	hit	1	3426	4	1809358	2	3154	3	0	3000
Picture	22	hit	1	2677	3	1818487	1	3153	2	0	3000
Picture	22	hit	1	2275	3	1829275	1	3153	2	0	3000
Picture	22	hit	1	2227	2	1839233	1	3153	3	0	3000
Picture	33	miss				1848029	2	3154	3	0	3000
Picture	22	hit	1	2419	2	1858652	1	3153	2	0	3000
Picture	22	hit	1	3375	3	1869605	2	3154	3	0	3000
Picture	22	hit	1	2972	2	1879564	1	3152	6	0	3000
Picture	33	hit	1	2907	2	1888858	1	3153	3	0	3000
Picture	22	hit	1	2393	3	1898484	1	3154	2	0	3000
Picture	33	miss				1907281	1	3153	2	0	3000
Picture	22	hit	1	2139	2	1916575	1	3153	2	0	3000
Picture	22	hit	1	1229	2	1926367	1	3154	2	0	3000
Picture	22	hit	1	1955	3	1935827	2	3154	3	0	3000
Picture	33	miss				1943960	1	3153	2	0	3000
Picture	22	hit	1	180	2	1954914	1	3153	2	0	3000
Picture	33	miss				1963046	2	3154	3	0	3000
Picture	22	hit	1	2717	2	1971345	1	3153	2	0	3000
Picture	22	hit	1	3156	2	1980971	1	3153	3	0	3000
Picture	22	hit	1	3208	2	1989768	1	3153	2	0	3000
Picture	33	hit	1	2993	2	2000224	1	3153	2	0	3000
Picture	22	hit	1	2549	3	2010514	1	3153	2	0	3000
Picture	22	hit	1	3948	2	2020970	1	3153	2	0	3000
Picture	22	hit	1	3080	2	2030596	1	3153	3	0	3000
Picture	22	hit	1	2788	2	2040388	1	3154	2	0	3000
Picture	22	hit	1	3742	3	2050346	2	3154	3	0	3000
Picture	22	hit	1	3806	3	2058479	1	3153	3	0	3000
Picture	22	hit	1	3767	2	2068603	1	3154	2	0	3000
Picture	33	miss				2077565	2	3154	3	0	3000
Picture	22	hit	1	2462	2	2086860	1	3153	2	0	3000
Picture	22	hit	1	4953	2	2097316	1	3153	2	0	3000
Picture	22	hit	1	3162	2	2106776	1	3154	2	0	3000
Picture	22	hit	1	2864	3	2116900	2	3154	3	0	3000
Picture	22	hit	1	2667	2	2125863	1	3153	2	0	3000
Picture	33	miss				2135489	1	3153	2	0	3000
Picture	22	hit	1	3262	2	2145115	1	3153	3	0	3000
Picture	22	hit	1	7797	3	2154907	2	3154	3	0	3000
Picture	22	hit	1	4444	3	2164865	2	3154	3	0	3000
Picture	22	hit	1	9222	3	2174326	1	3153	2	0	3000
Picture	22	hit	1	4515	3	2184782	1	3153	2	0	3000
Picture	33	hit	1	3130	3	2193744	1	3154	2	0	3000
Picture	22	hit	1	2734	4	2203868	2	3154	3	0	3000
Picture	22	hit	1	2945	2	2212001	1	3153	2	0	3000
Picture	22	hit	1	2363	2	2221959	1	3153	3	0	3000
Picture	22	hit	1	2593	3	2230755	2	3154	3	0	3000
Picture	22	hit	1	2302	2	2239718	1	3153	2	0	3000
Picture	33	miss				2250672	1	3153	2	0	3000
Picture	22	hit	1	7285	4	2258970	2	3154	3	0	3000
Picture	22	hit	1	5311	2	2270090	1	3154	2	0	3000
Picture	22	hit	1	5203	2	2279053	1	3153	2	0	3000
Picture	22	hit	1	3333	2	2288679	1	3153	2	0	3000
Picture	22	hit	1	3028	2	2299135	1	3153	3	0	3000
Picture	22	hit	1	2390	3	2308595	1	3154	2	0	3000
Picture	22	hit	1	2707	2	2319549	1	3154	2	0	3000
Picture	33	miss				2328013	2	3154	3	0	3000
Picture	22	hit	1	3452	3	2336644	1	3153	3	0	3000
Picture	22	miss				2346602	2	3154	3	0	3000
Picture	22	hit	1	3858	3	2357058	2	3154	3	0	3000
Picture	33	miss				2366685	1	3153	2	0	3000
Picture	22	hit	1	3156	2	2376643	1	3153	2	0	3000
Picture	33	miss				2387597	1	3153	2	0	3000
Picture	22	hit	1	3950	2	2396227	1	3154	2	0	3000
Picture	22	hit	1	4798	4	2405355	2	3154	3	0	3000
Picture	22	hit	1	4345	2	2413820	1	3153	2	0	3000
Picture	22	hit	1	2773	2	2423446	1	3154	2	0	3000
Picture	22	hit	1	2765	3	2431745	1	3153	2	0	3000
Picture	33	miss				2441703	1	3153	2	0	3000
Picture	22	hit	1	2762	2	2451329	1	3154	2	0	3000
Picture	22	hit	1	3369	3	2459793	2	3154	3	0	3000
Picture	22	hit	1	2964	3	2468092	1	3153	3	0	3000
Picture	33	miss				2476224	2	3154	3	0	3000
Picture	22	hit	1	2922	3	2485187	1	3153	2	0	3000
Picture	22	hit	1	427	2	2494149	1	3154	2	0	3000
Picture	22	hit	1	387	2	2502282	1	3153	2	0	3000
Picture	22	hit	1	6600	2	2511078	1	3154	2	0	3000
Picture	22	hit	1	6152	2	2519211	1	3153	2	0	3000
Picture	33	miss				2530165	1	3153	2	0	3000
Picture	22	hit	1	3478	2	2541119	1	3153	2	0	3000
Picture	22	hit	1	2923	2	2551907	1	3153	2	0	3000
Picture	22	hit	1	2732	2	2561865	1	3153	2	0	3000
Picture	22	hit	1	2672	2	2571159	1	3154	2	0	3000
Picture	22	hit	1	2598	2	2581615	1	3154	2	0	3000
Picture	22	hit	1	5062	3	2592071	2	3154	3	0	3000
Picture	22	hit	1	7375	3	2602029	2	3154	3	0	3000
Picture	33	miss				2611158	1	3153	2	0	3000
Picture	22	hit	1	2415	2	2619788	1	3154	2	0	3000
Picture	33	miss				2630410	2	3154	3	0	3000
Picture	22	hit	1	2967	2	2638875	1	3153	2	0	3000
Picture	22	hit	1	3087	3	2647671	1	3154	2	0	3000
Picture	22	hit	1	3179	2	2658293	1	3154	2	0	3000
Picture	33	hit	1	2283	3	2667919	2	3154	3	0	3000
Picture	22	hit	1	2698	3	2676384	1	3153	2	0	3000
Picture	22	hit	1	3790	3	2684848	2	3154	3	0	3000
Picture	22	hit	1	2738	2	2693479	1	3153	2	0	3000
Picture	22	hit	1	2725	2	2704433	1	3153	2	0	3000
Picture	22	hit	1	3595	3	2712565	2	3154	3	0	3000
Picture	33	hit	1	2614	2	2720864	1	3153	2	0	3000
Picture	22	hit	1	2474	3	2728996	2	3154	3	0	3000
Picture	22	hit	1	2611	4	2739120	2	3154	3	0	3000
Picture	22	hit	1	539	3	2749742	2	3154	3	0	3000
Picture	33	miss				2760696	2	3154	3	0	3000
Picture	22	hit	1	1994	2	2769493	1	3153	2	0	3000
Picture	22	hit	1	4691	2	2779949	1	3153	2	0	3000
Picture	22	hit	1	4289	3	2789907	1	3154	2	0	3000
Picture	22	hit	1	2568	3	2800363	2	3154	3	0	3000
Picture	22	hit	1	2816	2	2808994	1	3153	2	0	3000
Picture	33	hit	1	2506	2	2818454	1	3153	2	0	3000
Picture	22	hit	1	2556	4	2827084	2	3154	3	0	3000
Picture	22	hit	1	3999	3	2837706	2	3154	3	0	3000
Picture	22	hit	1	6105	3	2846835	1	3153	2	0	3000
Picture	22	hit	1	9338	2	2856461	1	3153	3	0	3000
Picture	22	miss				2865921	1	3154	2	0	3000
Picture	33	hit	1	386	2	2874386	1	3153	2	0	3000
