Scenario - GO/NO-GO
Logfile written - 11/17/2011 10:03:17

Subject	Trial	Event Type	Code	Time	TTime	Uncertainty	Duration	Uncertainty	ReqTime	ReqDur

bav	2	Picture	22	289	0	2	3154	3	0	3000
bav	3	Picture	33	28504	0	2	3154	3	0	3000
bav	3	Response	1	31379	2875	2
bav	4	Picture	22	66179	0	2	3154	3	0	3000
bav	4	Response	1	69030	2851	1
bav	5	Picture	22	100701	0	1	3153	3	0	3000
bav	5	Response	1	104054	3353	1
bav	6	Picture	22	130907	0	2	3154	3	0	3000
bav	6	Response	1	135099	4192	1
bav	7	Picture	33	164101	0	2	3154	3	0	3000
bav	8	Picture	22	193976	0	1	3153	3	0	3000
bav	8	Response	1	196629	2653	1
bav	9	Picture	22	222357	0	1	3153	2	0	3000
bav	9	Response	1	226492	4135	1
bav	10	Picture	22	254223	0	1	3153	3	0	3000
bav	10	Response	1	258747	4524	1
bav	11	Picture	22	286919	0	1	3153	3	0	3000
bav	11	Response	1	290147	3228	2
bav	12	Picture	22	325590	0	1	3153	2	0	3000
bav	12	Response	1	329715	4125	1
bav	13	Picture	33	358784	0	1	3153	2	0	3000
bav	14	Picture	22	388326	0	2	3154	3	0	3000
bav	14	Response	1	391252	2926	1
bav	15	Picture	22	417371	0	1	3154	2	0	3000
bav	15	Response	1	422389	5018	1
bav	16	Picture	22	454216	0	2	3154	3	0	3000
bav	16	Response	1	457921	3705	2
bav	17	Picture	33	493053	0	2	3154	3	0	3000
bav	17	Response	1	497076	4023	1
bav	18	Picture	22	522430	0	1	3153	2	0	3000
bav	18	Response	1	527033	4603	2
bav	19	Picture	22	558113	0	2	3154	3	0	3000
bav	19	Response	1	561356	3243	1
bav	20	Picture	22	593299	0	1	3153	2	0	3000
bav	20	Response	1	598129	4830	1
bav	21	Picture	22	625663	0	1	3153	3	0	3000
bav	21	Response	1	629475	3812	1
bav	22	Picture	22	656367	0	2	3154	3	0	3000
bav	22	Response	1	660235	3868	2
bav	23	Picture	33	695038	0	2	3154	3	0	3000
bav	24	Picture	22	726904	0	2	3154	3	0	3000
bav	24	Response	1	731800	4896	2
bav	25	Picture	22	765409	0	2	3154	3	0	3000
bav	25	Response	1	770753	5344	1
bav	26	Picture	22	795118	0	1	3153	2	0	3000
bav	26	Response	1	798776	3658	1
bav	27	Picture	22	829806	0	1	3153	2	0	3000
bav	27	Response	1	834551	4745	1
bav	28	Picture	22	860842	0	1	3153	3	0	3000
bav	28	Response	1	864280	3438	1
bav	29	Picture	22	898683	0	1	3153	3	0	3000
bav	29	Response	1	902707	4024	1
bav	30	Picture	22	935196	0	2	3154	3	0	3000
bav	30	Response	1	938450	3254	1
bav	31	Picture	33	966233	0	1	3153	2	0	3000
bav	32	Picture	22	1004240	0	1	3153	2	0	3000
bav	32	Response	1	1007574	3334	1
bav	33	Picture	33	1034446	0	1	3154	2	0	3000
bav	34	Picture	22	1062993	0	1	3153	2	0	3000
bav	34	Response	1	1068617	5624	2
bav	35	Picture	22	1102992	0	1	3153	2	0	3000
bav	35	Response	1	1107273	4281	1
bav	36	Picture	22	1138011	0	1	3154	2	0	3000
bav	36	Response	1	1142630	4619	1
bav	37	Picture	22	1174193	0	1	3153	2	0	3000
bav	37	Response	1	1181644	7451	1
bav	38	Picture	22	1213693	0	2	3154	3	0	3000
bav	38	Response	1	1217420	3727	1
bav	39	Picture	33	1251202	0	2	3154	3	0	3000
bav	40	Picture	22	1282571	0	1	3153	2	0	3000
bav	40	Response	1	1286218	3647	1
bav	41	Picture	33	1313773	0	1	3153	3	0	3000
bav	42	Picture	22	1344145	0	2	3154	3	0	3000
bav	42	Response	1	1348175	4030	1
bav	43	Picture	22	1376344	0	1	3153	2	0	3000
bav	43	Response	1	1380795	4451	1
bav	44	Picture	22	1412359	0	1	3153	3	0	3000
bav	44	Response	1	1416482	4123	2
bav	45	Picture	22	1448374	0	2	3154	3	0	3000
bav	45	Response	1	1451670	3296	1
bav	46	Picture	22	1482896	0	1	3153	3	0	3000
bav	46	Response	1	1486853	3957	1
bav	47	Picture	22	1515094	0	1	3154	2	0	3000
bav	47	Response	1	1520035	4941	1
bav	48	Picture	22	1552935	0	1	3154	2	0	3000
bav	48	Response	1	1556716	3781	1
bav	49	Picture	33	1587623	0	1	3153	2	0	3000
bav	50	Picture	22	1620817	0	1	3153	2	0	3000
bav	50	Response	1	1624712	3895	2
bav	51	Picture	22	1658326	0	1	3153	3	0	3000
bav	51	Response	1	1665204	6878	1
bav	52	Picture	22	1691852	0	1	3153	2	0	3000
bav	52	Response	1	1695165	3313	2
bav	53	Picture	33	1728033	0	1	3154	2	0	3000
bav	54	Picture	22	1756248	0	1	3153	3	0	3000
bav	54	Response	1	1758915	2667	7
bav	55	Picture	22	1789940	0	1	3153	2	0	3000
bav	55	Response	1	1794364	4424	1
bav	56	Picture	22	1818985	0	1	3153	2	0	3000
bav	56	Response	1	1823479	4494	2
bav	57	Picture	33	1856328	0	1	3153	2	0	3000
bav	58	Picture	22	1890020	0	1	3153	2	0	3000
bav	58	Response	1	1893577	3557	1
bav	59	Picture	22	1927197	0	1	3153	2	0	3000
bav	59	Response	1	1930767	3570	1
bav	60	Picture	22	1955909	0	2	3154	3	0	3000
bav	61	Picture	22	1991925	0	1	3153	3	0	3000
bav	61	Response	1	1994990	3065	2
bav	62	Picture	22	2021633	0	2	3154	3	0	3000
bav	62	Response	1	2026014	4381	1
bav	63	Picture	33	2054661	0	2	3154	3	0	3000
bav	64	Picture	22	2087357	0	2	3154	3	0	3000
bav	64	Response	1	2090855	3498	1
bav	65	Picture	33	2119721	0	2	3154	3	0	3000
bav	66	Picture	22	2152915	0	2	3154	3	0	3000
bav	66	Response	1	2157404	4489	1
bav	67	Picture	22	2192250	0	1	3154	2	0	3000
bav	67	Response	1	2197592	5342	1
bav	68	Picture	22	2232249	0	1	3153	2	0	3000
bav	68	Response	1	2238115	5866	1
bav	69	Picture	22	2261792	0	1	3153	2	0	3000
bav	69	Response	1	2267757	5965	2
bav	70	Picture	22	2297475	0	1	3153	3	0	3000
bav	70	Response	1	2302323	4848	1
bav	71	Picture	33	2332826	0	2	3154	3	0	3000
bav	72	Picture	22	2363863	0	1	3153	2	0	3000
bav	72	Response	1	2368203	4340	1
bav	73	Picture	22	2392907	0	2	3154	3	0	3000
bav	73	Response	1	2397821	4914	1
bav	74	Picture	22	2432906	0	1	3154	2	0	3000
bav	74	Response	1	2438312	5406	1
bav	75	Picture	33	2470913	0	2	3154	3	0	3000
bav	76	Picture	22	2508588	0	2	3154	3	0	3000
bav	76	Response	1	2512377	3789	1
bav	77	Picture	22	2545268	0	1	3153	2	0	3000
bav	77	Response	1	2553487	8219	1
bav	78	Picture	22	2577798	0	1	3153	2	0	3000
bav	78	Response	1	2581295	3497	2
bav	79	Picture	22	2615307	0	1	3153	2	0	3000
bav	79	Response	1	2619184	3877	1
bav	80	Picture	22	2643688	0	1	3153	2	0	3000
bav	80	Response	1	2648022	4334	1
bav	81	Picture	22	2673562	0	2	3154	3	0	3000
bav	81	Response	1	2677683	4121	1
bav	82	Picture	22	2704764	0	2	3154	3	0	3000
bav	82	Response	1	2708465	3701	1
bav	83	Picture	33	2742937	0	2	3154	3	0	3000
bav	84	Picture	22	2778787	0	1	3153	2	0	3000
bav	84	Response	1	2784392	5605	1
bav	85	Picture	22	2811815	0	1	3153	2	0	3000
bav	85	Response	1	2817595	5780	1
bav	86	Picture	22	2847166	0	2	3154	3	0	3000
bav	86	Response	1	2852891	5725	1
bav	87	Picture	22	2886169	0	1	3154	2	0	3000
bav	87	Response	1	2889374	3205	1
bav	88	Picture	22	2924342	0	2	3154	3	0	3000
bav	88	Response	1	2928215	3873	1
bav	89	Picture	33	2958698	0	1	3153	3	0	3000
bav	90	Picture	22	2995709	0	1	3154	2	0	3000
bav	90	Response	1	2999690	3981	1
bav	91	Picture	33	3030065	0	1	3153	2	0	3000
bav	92	Picture	22	3059607	0	2	3154	3	0	3000
bav	93	Picture	22	3088652	0	1	3154	2	0	3000
bav	93	Response	1	3092718	4066	1
bav	94	Picture	22	3120684	0	2	3154	3	0	3000
bav	94	Response	1	3125476	4792	1
bav	95	Picture	22	3155870	0	1	3153	2	0	3000
bav	95	Response	1	3160037	4167	1
bav	96	Picture	22	3189396	0	1	3153	2	0	3000
bav	96	Response	1	3196189	6793	1
bav	97	Picture	33	3225577	0	1	3154	2	0	3000
bav	98	Picture	22	3261592	0	2	3154	3	0	3000
bav	98	Response	1	3266279	4687	1
bav	99	Picture	22	3297110	0	1	3153	3	0	3000
bav	99	Response	1	3304344	7234	2
bav	100	Picture	22	3334951	0	1	3154	2	0	3000
bav	100	Response	1	3339698	4747	1
bav	101	Picture	22	3374452	0	1	3153	2	0	3000
bav	101	Response	1	3382389	7937	2
bav	102	Picture	22	3411961	0	1	3153	3	0	3000
bav	102	Response	1	3416925	4964	1
bav	103	Picture	33	3440508	0	1	3153	2	0	3000
bav	104	Picture	22	3475859	0	2	3154	3	0	3000
bav	104	Response	1	3479614	3755	1
bav	105	Picture	22	3511543	0	1	3153	2	0	3000
bav	105	Response	1	3516122	4579	1
bav	106	Picture	22	3542911	0	1	3153	3	0	3000
bav	106	Response	1	3548363	5452	2
bav	107	Picture	22	3579922	0	2	3154	3	0	3000
bav	107	Response	1	3583252	3330	1
bav	108	Picture	22	3609797	0	1	3153	2	0	3000
bav	108	Response	1	3614131	4334	1
bav	109	Picture	22	3641829	0	1	3153	3	0	3000
bav	109	Response	1	3645411	3582	1
bav	110	Picture	22	3675355	0	1	3153	2	0	3000
bav	110	Response	1	3680263	4908	1
bav	111	Picture	33	3703736	0	1	3153	2	0	3000
bav	111	Response	1	3708045	4309	1
bav	112	Picture	22	3741577	0	1	3153	2	0	3000
bav	112	Response	1	3749435	7858	1
bav	113	Picture	22	3779418	0	1	3153	2	0	3000
bav	113	Response	1	3781946	2528	1
bav	114	Picture	22	3813276	0	1	3153	2	0	3000
bav	114	Response	1	3816590	3314	1
bav	115	Picture	22	3851449	0	1	3153	2	0	3000
bav	115	Response	1	3854184	2735	1
bav	116	Picture	22	3884642	0	2	3154	3	0	3000
bav	116	Response	1	3888835	4193	1
bav	117	Picture	22	3919828	0	1	3153	3	0	3000
bav	117	Response	1	3922390	2562	1
bav	118	Picture	22	3953520	0	1	3153	3	0	3000
bav	118	Response	1	3957223	3703	1
bav	119	Picture	33	3989701	0	2	3154	3	0	3000
bav	120	Picture	22	4018082	0	1	3154	2	0	3000
bav	120	Response	1	4022300	4218	1
bav	121	Picture	33	4055757	0	1	3154	2	0	3000
bav	122	Picture	22	4095092	0	1	3153	3	0	3000
bav	122	Response	1	4098808	3716	3
bav	123	Picture	22	4127622	0	1	3153	3	0	3000
bav	123	Response	1	4132429	4807	1
bav	124	Picture	22	4157497	0	1	3153	2	0	3000
bav	124	Response	1	4160797	3300	1
bav	125	Picture	22	4195172	0	1	3153	2	0	3000
bav	125	Response	1	4199190	4018	1
bav	126	Picture	22	4225212	0	1	3154	2	0	3000
bav	126	Response	1	4228302	3090	1
bav	127	Picture	33	4262555	0	2	3154	3	0	3000
bav	127	Response	1	4266049	3494	1
bav	128	Picture	22	4293426	0	1	3153	2	0	3000
bav	128	Response	1	4296179	2753	1
bav	129	Picture	22	4327947	0	2	3154	3	0	3000
bav	129	Response	1	4331178	3231	1
bav	130	Picture	22	4364461	0	1	3153	2	0	3000
bav	130	Response	1	4370506	6045	1
bav	131	Picture	22	4397323	0	1	3153	2	0	3000
bav	131	Response	1	4401704	4381	1
bav	132	Picture	22	4428359	0	1	3153	3	0	3000
bav	132	Response	1	4432487	4128	1
bav	133	Picture	33	4468358	0	1	3153	2	0	3000
bav	134	Picture	22	4505867	0	1	3153	2	0	3000
bav	134	Response	1	4510654	4787	1
bav	135	Picture	22	4541550	0	2	3154	3	0	3000
bav	135	Response	1	4547214	5664	1
bav	136	Picture	22	4576238	0	1	3153	2	0	3000
bav	136	Response	1	4579676	3438	2
bav	137	Picture	33	4611589	0	2	3154	3	0	3000
bav	137	Response	1	4615591	4002	1
bav	138	Picture	22	4648103	0	1	3153	2	0	3000
bav	138	Response	1	4654081	5978	1
bav	139	Picture	22	4676484	0	1	3153	2	0	3000
bav	139	Response	1	4681591	5107	2
bav	140	Picture	22	4711503	0	2	3154	3	0	3000
bav	141	Picture	22	4747519	0	1	3153	2	0	3000
bav	141	Response	1	4753237	5718	1
bav	142	Picture	22	4787517	0	2	3154	3	0	3000
bav	143	Picture	33	4817226	0	1	3153	2	0	3000
bav	143	Response	1	4821224	3998	1
bav	144	Picture	22	4852079	0	2	3154	3	0	3000
bav	144	Response	1	4855993	3914	1
bav	145	Picture	22	4882120	0	1	3153	3	0	3000
bav	145	Response	1	4885069	2949	2
bav	146	Picture	22	4915480	0	1	3153	2	0	3000
bav	146	Response	1	4918392	2912	1
bav	147	Picture	33	4954649	0	1	3153	2	0	3000
bav	147	Response	1	4957579	2930	1
bav	148	Picture	22	4994315	0	2	3154	3	0	3000
bav	148	Response	1	4997604	3289	1
bav	149	Picture	22	5030165	0	1	3153	2	0	3000
bav	149	Response	1	5034289	4124	2
bav	150	Picture	22	5065848	0	2	3154	3	0	3000
bav	150	Response	1	5070981	5133	2
bav	151	Picture	22	5101034	0	1	3153	3	0	3000
bav	151	Response	1	5106665	5631	2
bav	152	Picture	22	5136717	0	2	3154	3	0	3000
bav	152	Response	1	5141963	5246	1
bav	153	Picture	33	5165098	0	1	3154	2	0	3000
bav	154	Response	1	5215796	16840	2
bav	156	Picture	22	5226009	0	1	3153	3	0	3000
bav	156	Response	1	5233759	7750	1
bav	157	Picture	22	5255220	0	1	3153	2	0	3000
bav	157	Response	1	5259828	4608	1
bav	158	Picture	22	5290239	0	2	3154	3	0	3000
bav	158	Response	1	5294359	4120	2
bav	159	Picture	22	5324927	0	1	3153	2	0	3000
bav	159	Resume		5335165	10238	
bav	159	Pause		5335165	10238		148984
bav	160	Picture	22	5358011	0	2	3154	3	0	3000
bav	160	Response	1	5362229	4218	1
bav	161	Picture	33	5392201	0	2	3154	3	0	3000
bav	162	Picture	22	5424233	0	2	3154	3	0	3000
bav	162	Response	1	5428473	4240	1
bav	163	Picture	22	5459253	0	1	3153	3	0	3000
bav	163	Response	1	5462498	3245	1
bav	164	Picture	22	5495932	0	2	3154	3	0	3000
bav	164	Response	1	5499034	3102	1
bav	165	Picture	22	5530288	0	1	3153	3	0	3000
bav	165	Response	1	5533296	3008	1
bav	166	Picture	22	5564810	0	1	3153	2	0	3000
bav	166	Response	1	5568149	3339	1
bav	167	Picture	33	5597506	0	1	3153	2	0	3000
bav	168	Picture	22	5627712	0	1	3154	2	0	3000
bav	168	Response	1	5631543	3831	1
bav	169	Picture	22	5659246	0	2	3154	3	0	3000
bav	169	Response	1	5665335	6089	1
bav	170	Picture	22	5695594	0	1	3153	2	0	3000
bav	170	Response	1	5698686	3092	1
bav	171	Picture	22	5728788	0	1	3153	2	0	3000
bav	171	Response	1	5732597	3809	2
bav	172	Picture	22	5759990	0	1	3153	3	0	3000
bav	172	Response	1	5763266	3276	2
bav	173	Picture	33	5794678	0	1	3153	2	0	3000
bav	174	Picture	22	5829863	0	1	3154	2	0	3000
bav	174	Response	1	5833710	3847	1
bav	175	Picture	22	5868202	0	1	3154	2	0	3000
bav	175	Response	1	5871524	3322	1
bav	176	Picture	22	5900234	0	2	3154	3	0	3000
bav	176	Response	1	5903497	3263	1
bav	177	Picture	33	5939735	0	1	3153	3	0	3000
bav	178	Picture	22	5970771	0	2	3154	3	0	3000
bav	178	Response	1	5974143	3372	1
bav	179	Picture	22	6003135	0	2	3154	3	0	3000
bav	179	Response	1	6007215	4080	1
bav	180	Picture	22	6037159	0	1	3154	2	0	3000
bav	180	Response	1	6039871	2712	1
bav	181	Picture	33	6069191	0	2	3154	3	0	3000
bav	182	Picture	22	6103713	0	1	3153	3	0	3000
bav	182	Response	1	6106591	2878	1
bav	183	Picture	22	6136741	0	1	3153	3	0	3000
bav	183	Response	1	6140109	3368	1
bav	184	Picture	22	6174416	0	1	3154	2	0	3000
bav	184	Response	1	6177329	2913	1
bav	185	Picture	33	6206946	0	1	3154	2	0	3000
bav	186	Picture	22	6238480	0	2	3154	3	0	3000
bav	186	Response	1	6243026	4546	1
bav	187	Picture	22	6273832	0	1	3153	3	0	3000
bav	187	Response	1	6278037	4205	2
bav	188	Picture	22	6310677	0	2	3154	3	0	3000
bav	188	Response	1	6313808	3131	1
bav	189	Picture	22	6350676	0	1	3153	3	0	3000
bav	189	Response	1	6354969	4293	1
bav	190	Picture	22	6379379	0	13	3163	14	0	3000
bav	190	Response	1	6384200	4821	1
bav	191	Picture	33	6418723	0	2	3154	3	0	3000
bav	192	Picture	22	6454573	0	1	3153	2	0	3000
bav	192	Response	1	6458220	3647	1
bav	193	Picture	22	6494738	0	1	3153	2	0	3000
bav	193	Response	1	6499816	5078	1
bav	194	Picture	22	6529259	0	2	3154	3	0	3000
bav	194	Response	1	6534799	5540	2
bav	195	Picture	33	6561291	0	2	3154	3	0	3000
bav	196	Picture	22	6600294	0	1	3154	2	0	3000
bav	196	Response	1	6603805	3511	1
bav	197	Picture	22	6629007	0	1	3153	3	0	3000
bav	197	Response	1	6635781	6774	1
bav	198	Picture	22	6657222	0	1	3153	2	0	3000
bav	198	Response	1	6661836	4614	1
bav	199	Picture	22	6688258	0	1	3153	3	0	3000
bav	199	Response	1	6691915	3657	1
bav	200	Picture	22	6724771	0	2	3154	3	0	3000
bav	200	Response	1	6732192	7421	1
bav	201	Picture	22	6762281	0	1	3153	2	0	3000
bav	201	Response	1	6766518	4237	1
bav	202	Picture	22	6794645	0	1	3153	2	0	3000
bav	202	Response	1	6799987	5342	2
bav	203	Picture	33	6831656	0	1	3153	2	0	3000
bav	204	Picture	22	6867173	0	2	3154	3	0	3000
bav	204	Response	1	6870398	3225	1
bav	205	Picture	22	6897712	0	1	3153	2	0	3000
bav	205	Response	1	6902921	5209	1
bav	206	Picture	22	6931072	0	1	3153	2	0	3000
bav	206	Response	1	6932182	1110	1
bav	207	Picture	22	6963104	0	1	3153	2	0	3000
bav	207	Response	1	6965638	2534	2
bav	208	Picture	22	6995136	0	1	3153	3	0	3000
bav	208	Response	1	6997604	2468	1
bav	209	Picture	33	7032811	0	1	3154	2	0	3000
bav	209	Response	1	7035232	2421	1
bav	210	Picture	22	7064345	0	2	3154	3	0	3000
bav	210	Response	1	7067780	3435	1
bav	211	Picture	22	7095382	0	1	3153	2	0	3000
bav	211	Response	1	7099082	3700	2
bav	212	Picture	22	7126086	0	1	3153	3	0	3000
bav	212	Response	1	7129049	2963	1
bav	213	Picture	22	7156624	0	2	3154	3	0	3000
bav	213	Response	1	7160991	4367	1
bav	214	Picture	22	7191644	0	1	3153	3	0	3000
bav	214	Response	1	7194993	3349	1
bav	215	Picture	33	7220025	0	1	3153	2	0	3000
bav	215	Response	1	7223422	3397	1
bav	216	Picture	22	7248240	0	1	3153	2	0	3000
bav	216	Response	1	7251848	3608	1
bav	217	Picture	33	7279276	0	2	3153	4	0	3000
bav	218	Picture	22	7311972	0	1	3153	3	0	3000
bav	218	Response	1	7315084	3112	1
bav	219	Picture	33	7343174	0	2	3154	3	0	3000
bav	220	Picture	22	7381347	0	2	3154	3	0	3000
bav	220	Response	1	7385156	3809	1
bav	221	Picture	22	7413048	0	1	3153	2	0	3000
bav	221	Response	1	7417385	4337	1
bav	222	Picture	22	7443752	0	1	3153	3	0	3000
bav	222	Response	1	7446957	3205	1
bav	223	Picture	22	7474456	0	2	3154	3	0	3000
bav	223	Response	1	7478273	3817	1
bav	224	Picture	22	7514455	0	1	3153	3	0	3000
bav	224	Response	1	7518408	3953	1
bav	225	Picture	22	7551134	0	2	3154	3	0	3000
bav	225	Response	1	7556060	4926	2
bav	226	Picture	22	7582669	0	1	3153	2	0	3000
bav	226	Response	1	7587941	5272	1
bav	227	Picture	33	7616526	0	2	3154	3	0	3000
bav	227	Response	1	7622089	5563	2
bav	228	Picture	22	7652376	0	1	3153	2	0	3000
bav	228	Response	1	7657258	4882	1
bav	229	Picture	22	7683412	0	1	3154	2	0	3000
bav	229	Response	1	7687277	3865	1
bav	230	Picture	22	7721419	0	1	3154	2	0	3000
bav	230	Response	1	7726813	5394	1
bav	231	Picture	33	7761252	0	1	3153	2	0	3000
bav	232	Picture	22	7797433	0	1	3154	2	0	3000
bav	232	Response	1	7800379	2946	1
bav	233	Picture	33	7835772	0	1	3154	2	0	3000
bav	234	Picture	22	7873613	0	2	3154	3	0	3000
bav	234	Response	1	7879716	6103	1
bav	235	Picture	22	7912948	0	1	3153	3	0	3000
bav	235	Response	1	7916076	3128	2
bav	236	Picture	22	7945146	0	1	3154	2	0	3000
bav	236	Response	1	7948102	2956	1
bav	237	Picture	33	7975519	0	1	3153	2	0	3000
bav	238	Picture	22	8010538	0	1	3154	2	0	3000
bav	238	Response	1	8013437	2899	1
bav	239	Picture	33	8047715	0	2	3154	3	0	3000
bav	239	Response	1	8050739	3024	2
bav	240	Picture	22	8086552	0	2	3154	3	0	3000
bav	240	Response	1	8088988	2436	1
bav	241	Picture	33	8123564	0	1	3153	2	0	3000
bav	241	Response	1	8126519	2955	2
bav	242	Picture	22	8163562	0	2	3154	3	0	3000
bav	242	Response	1	8167483	3921	2
bav	243	Picture	22	8198914	0	1	3153	2	0	3000
bav	243	Response	1	8204667	5753	1
bav	244	Picture	22	8236589	0	1	3153	2	0	3000
bav	244	Response	1	8239991	3402	1
bav	245	Picture	33	8275260	0	1	3153	2	0	3000
bav	246	Picture	22	8306130	0	1	3154	2	0	3000
bav	246	Response	1	8312463	6333	2
bav	247	Picture	22	8336005	0	1	3153	2	0	3000
bav	247	Response	1	8340831	4826	1
bav	248	Picture	22	8370526	0	2	3154	3	0	3000
bav	248	Response	1	8373591	3065	1
bav	249	Picture	33	8405214	0	1	3153	3	0	3000
bav	250	Picture	22	8444383	0	1	3153	2	0	3000
bav	250	Response	1	8448622	4239	2
bav	251	Picture	22	8477577	0	1	3153	2	0	3000
bav	251	Response	1	8482303	4726	2
bav	252	Picture	22	8511933	0	1	3153	2	0	3000
bav	252	Response	1	8516687	4754	2
bav	253	Picture	33	8550272	0	1	3153	2	0	3000
bav	254	Picture	22	8586287	0	1	3153	3	0	3000
bav	254	Response	1	8590542	4255	1
bav	255	Picture	22	8621804	0	2	3154	3	0	3000
bav	255	Response	1	8626164	4360	1
bav	256	Picture	22	8651015	0	1	3153	3	0	3000
bav	256	Response	1	8654914	3899	1
bav	257	Picture	33	8680890	0	1	3153	2	0	3000
bav	258	Picture	22	8714913	0	2	3154	3	0	3000
bav	258	Response	1	8721482	6569	2
bav	259	Picture	22	8752920	0	2	3154	3	0	3000
bav	259	Response	1	8756571	3651	1
bav	260	Picture	22	8786114	0	2	3154	3	0	3000
bav	260	Response	1	8790068	3954	1
bav	261	Picture	22	8814827	0	1	3154	2	0	3000
bav	261	Response	1	8821152	6325	1
bav	262	Picture	22	8843872	0	1	3153	2	0	3000
bav	262	Response	1	8849460	5588	1
bav	263	Picture	22	8877232	0	1	3153	2	0	3000
bav	263	Response	1	8881369	4137	2
bav	264	Picture	22	8907604	0	1	3154	2	0	3000
bav	264	Response	1	8912004	4400	1
bav	265	Picture	33	8945445	0	2	3154	3	0	3000
bav	265	Response	1	8948977	3532	1
bav	266	Picture	22	8973826	0	1	3153	3	0	3000
bav	266	Response	1	8980965	7139	2
bav	267	Picture	33	9010505	0	2	3154	3	0	3000
bav	267	Response	1	9013962	3457	1
bav	268	Picture	22	9040878	0	1	3153	2	0	3000
bav	268	Response	1	9051018	10140	2
bav	269	Picture	22	9069756	0	2	3154	3	0	3000
bav	269	Response	1	9072574	2818	2
bav	270	Picture	22	9109755	0	1	3154	2	0	3000
bav	270	Response	1	9113377	3622	1
bav	271	Picture	22	9137970	0	1	3153	3	0	3000
bav	272	Picture	22	9177305	0	1	3153	2	0	3000
bav	272	Response	1	9180596	3291	1
bav	273	Picture	33	9211329	0	1	3153	2	0	3000
bav	274	Picture	22	9244356	0	2	3154	3	0	3000
bav	274	Response	1	9247961	3605	1
bav	275	Picture	22	9272737	0	2	3154	3	0	3000
bav	275	Response	1	9280253	7516	1
bav	276	Picture	22	9302280	0	1	3153	3	0	3000
bav	276	Response	1	9307821	5541	2
bav	277	Picture	22	9332154	0	2	3154	3	0	3000
bav	277	Response	1	9335242	3088	1
bav	278	Picture	22	9364187	0	1	3153	2	0	3000
bav	278	Response	1	9367457	3270	2
bav	279	Picture	33	9397215	0	1	3153	2	0	3000
bav	280	Picture	22	9435056	0	1	3153	2	0	3000
bav	280	Response	1	9439146	4090	1
bav	280	Response	1	9448919	13863	2
bav	281	Picture	22	9470573	0	1	3154	2	0	3000
bav	281	Response	1	9475451	4878	1
bav	282	Picture	22	9502107	0	2	3154	3	0	3000
bav	282	Response	1	9509810	7703	2
bav	283	Picture	22	9537459	0	1	3153	2	0	3000
bav	283	Response	1	9541096	3637	1
bav	283	Response	1	9556288	18829	2
bav	284	Picture	22	9575798	0	1	3153	2	0	3000
bav	284	Response	1	9577492	1694	1
bav	285	Picture	33	9611813	0	2	3154	3	0	3000
bav	286	Picture	22	9650318	0	2	3154	3	0	3000
bav	286	Response	1	9653491	3173	2
bav	287	Picture	33	9678533	0	1	3153	3	0	3000
bav	287	Response	1	9682810	4277	2
bav	287	Response	1	9695253	16720	1
bav	288	Picture	22	9715544	0	2	3154	3	0	3000
bav	288	Response	1	9719450	3906	1
bav	289	Picture	22	9746083	0	1	3153	2	0	3000
bav	289	Response	1	9752323	6240	1
bav	290	Picture	22	9783094	0	1	3153	3	0	3000
bav	290	Response	1	9787412	4318	1
bav	291	Picture	33	9820437	0	1	3154	2	0	3000
bav	292	Picture	22	9855623	0	1	3153	2	0	3000
bav	292	Response	1	9858783	3160	2
bav	293	Picture	22	9891804	0	1	3153	3	0	3000
bav	293	Response	1	9896819	5015	1
bav	294	Picture	22	9930807	0	1	3153	3	0	3000
bav	294	Response	1	9934006	3199	1
bav	295	Picture	22	9967818	0	1	3154	2	0	3000
bav	295	Response	1	9972460	4642	2
bav	296	Picture	22	10006987	0	1	3153	3	0	3000
bav	296	Response	1	10011231	4244	1
bav	297	Picture	22	10046986	0	1	3153	2	0	3000
bav	297	Response	1	10050562	3576	1
bav	298	Picture	22	10078852	0	1	3153	2	0	3000
bav	299	Picture	33	10118187	0	1	3153	2	0	3000
bav	300	Picture	22	10151547	0	1	3153	2	0	3000
bav	300	Response	1	10156161	4614	1
bav	301	Picture	22	10182085	0	1	3153	3	0	3000
bav	302	Picture	22	10218598	0	2	3154	3	0	3000
bav	303	Picture	22	10249794	0	18	3160	19	0	3000
bav	304	Picture	22	10279343	0	1	3154	2	0	3000
bav	304	Response	1	10282779	3436	1
bav	305	Picture	33	10309052	0	1	3153	2	0	3000


Event Type	Code	Type	Response	RT	RT Uncertainty	Time	Uncertainty	Duration	Uncertainty	ReqTime	ReqDur

Picture	22	miss				289	2	3154	3	0	3000
Picture	33	hit	1	2875	4	28504	2	3154	3	0	3000
Picture	22	hit	1	2851	3	66179	2	3154	3	0	3000
Picture	22	hit	1	3353	2	100701	1	3153	3	0	3000
Picture	22	hit	1	4192	3	130907	2	3154	3	0	3000
Picture	33	miss				164101	2	3154	3	0	3000
Picture	22	hit	1	2653	2	193976	1	3153	3	0	3000
Picture	22	hit	1	4135	2	222357	1	3153	2	0	3000
Picture	22	hit	1	4524	2	254223	1	3153	3	0	3000
Picture	22	hit	1	3228	3	286919	1	3153	3	0	3000
Picture	22	hit	1	4125	2	325590	1	3153	2	0	3000
Picture	33	miss				358784	1	3153	2	0	3000
Picture	22	hit	1	2926	3	388326	2	3154	3	0	3000
Picture	22	hit	1	5018	2	417371	1	3154	2	0	3000
Picture	22	hit	1	3705	4	454216	2	3154	3	0	3000
Picture	33	hit	1	4023	3	493053	2	3154	3	0	3000
Picture	22	hit	1	4603	3	522430	1	3153	2	0	3000
Picture	22	hit	1	3243	3	558113	2	3154	3	0	3000
Picture	22	hit	1	4830	2	593299	1	3153	2	0	3000
Picture	22	hit	1	3812	2	625663	1	3153	3	0	3000
Picture	22	hit	1	3868	4	656367	2	3154	3	0	3000
Picture	33	miss				695038	2	3154	3	0	3000
Picture	22	hit	1	4896	4	726904	2	3154	3	0	3000
Picture	22	hit	1	5344	3	765409	2	3154	3	0	3000
Picture	22	hit	1	3658	2	795118	1	3153	2	0	3000
Picture	22	hit	1	4745	2	829806	1	3153	2	0	3000
Picture	22	hit	1	3438	2	860842	1	3153	3	0	3000
Picture	22	hit	1	4024	2	898683	1	3153	3	0	3000
Picture	22	hit	1	3254	3	935196	2	3154	3	0	3000
Picture	33	miss				966233	1	3153	2	0	3000
Picture	22	hit	1	3334	2	1004240	1	3153	2	0	3000
Picture	33	miss				1034446	1	3154	2	0	3000
Picture	22	hit	1	5624	3	1062993	1	3153	2	0	3000
Picture	22	hit	1	4281	2	1102992	1	3153	2	0	3000
Picture	22	hit	1	4619	2	1138011	1	3154	2	0	3000
Picture	22	hit	1	7451	2	1174193	1	3153	2	0	3000
Picture	22	hit	1	3727	3	1213693	2	3154	3	0	3000
Picture	33	miss				1251202	2	3154	3	0	3000
Picture	22	hit	1	3647	2	1282571	1	3153	2	0	3000
Picture	33	miss				1313773	1	3153	3	0	3000
Picture	22	hit	1	4030	3	1344145	2	3154	3	0	3000
Picture	22	hit	1	4451	2	1376344	1	3153	2	0	3000
Picture	22	hit	1	4123	3	1412359	1	3153	3	0	3000
Picture	22	hit	1	3296	3	1448374	2	3154	3	0	3000
Picture	22	hit	1	3957	2	1482896	1	3153	3	0	3000
Picture	22	hit	1	4941	2	1515094	1	3154	2	0	3000
Picture	22	hit	1	3781	2	1552935	1	3154	2	0	3000
Picture	33	miss				1587623	1	3153	2	0	3000
Picture	22	hit	1	3895	3	1620817	1	3153	2	0	3000
Picture	22	hit	1	6878	2	1658326	1	3153	3	0	3000
Picture	22	hit	1	3313	3	1691852	1	3153	2	0	3000
Picture	33	miss				1728033	1	3154	2	0	3000
Picture	22	hit	1	2667	8	1756248	1	3153	3	0	3000
Picture	22	hit	1	4424	2	1789940	1	3153	2	0	3000
Picture	22	hit	1	4494	3	1818985	1	3153	2	0	3000
Picture	33	miss				1856328	1	3153	2	0	3000
Picture	22	hit	1	3557	2	1890020	1	3153	2	0	3000
Picture	22	hit	1	3570	2	1927197	1	3153	2	0	3000
Picture	22	miss				1955909	2	3154	3	0	3000
Picture	22	hit	1	3065	3	1991925	1	3153	3	0	3000
Picture	22	hit	1	4381	3	2021633	2	3154	3	0	3000
Picture	33	miss				2054661	2	3154	3	0	3000
Picture	22	hit	1	3498	3	2087357	2	3154	3	0	3000
Picture	33	miss				2119721	2	3154	3	0	3000
Picture	22	hit	1	4489	3	2152915	2	3154	3	0	3000
Picture	22	hit	1	5342	2	2192250	1	3154	2	0	3000
Picture	22	hit	1	5866	2	2232249	1	3153	2	0	3000
Picture	22	hit	1	5965	3	2261792	1	3153	2	0	3000
Picture	22	hit	1	4848	2	2297475	1	3153	3	0	3000
Picture	33	miss				2332826	2	3154	3	0	3000
Picture	22	hit	1	4340	2	2363863	1	3153	2	0	3000
Picture	22	hit	1	4914	3	2392907	2	3154	3	0	3000
Picture	22	hit	1	5406	2	2432906	1	3154	2	0	3000
Picture	33	miss				2470913	2	3154	3	0	3000
Picture	22	hit	1	3789	3	2508588	2	3154	3	0	3000
Picture	22	hit	1	8219	2	2545268	1	3153	2	0	3000
Picture	22	hit	1	3497	3	2577798	1	3153	2	0	3000
Picture	22	hit	1	3877	2	2615307	1	3153	2	0	3000
Picture	22	hit	1	4334	2	2643688	1	3153	2	0	3000
Picture	22	hit	1	4121	3	2673562	2	3154	3	0	3000
Picture	22	hit	1	3701	3	2704764	2	3154	3	0	3000
Picture	33	miss				2742937	2	3154	3	0	3000
Picture	22	hit	1	5605	2	2778787	1	3153	2	0	3000
Picture	22	hit	1	5780	2	2811815	1	3153	2	0	3000
Picture	22	hit	1	5725	3	2847166	2	3154	3	0	3000
Picture	22	hit	1	3205	2	2886169	1	3154	2	0	3000
Picture	22	hit	1	3873	3	2924342	2	3154	3	0	3000
Picture	33	miss				2958698	1	3153	3	0	3000
Picture	22	hit	1	3981	2	2995709	1	3154	2	0	3000
Picture	33	miss				3030065	1	3153	2	0	3000
Picture	22	miss				3059607	2	3154	3	0	3000
Picture	22	hit	1	4066	2	3088652	1	3154	2	0	3000
Picture	22	hit	1	4792	3	3120684	2	3154	3	0	3000
Picture	22	hit	1	4167	2	3155870	1	3153	2	0	3000
Picture	22	hit	1	6793	2	3189396	1	3153	2	0	3000
Picture	33	miss				3225577	1	3154	2	0	3000
Picture	22	hit	1	4687	3	3261592	2	3154	3	0	3000
Picture	22	hit	1	7234	3	3297110	1	3153	3	0	3000
Picture	22	hit	1	4747	2	3334951	1	3154	2	0	3000
Picture	22	hit	1	7937	3	3374452	1	3153	2	0	3000
Picture	22	hit	1	4964	2	3411961	1	3153	3	0	3000
Picture	33	miss				3440508	1	3153	2	0	3000
Picture	22	hit	1	3755	3	3475859	2	3154	3	0	3000
Picture	22	hit	1	4579	2	3511543	1	3153	2	0	3000
Picture	22	hit	1	5452	3	3542911	1	3153	3	0	3000
Picture	22	hit	1	3330	3	3579922	2	3154	3	0	3000
Picture	22	hit	1	4334	2	3609797	1	3153	2	0	3000
Picture	22	hit	1	3582	2	3641829	1	3153	3	0	3000
Picture	22	hit	1	4908	2	3675355	1	3153	2	0	3000
Picture	33	hit	1	4309	2	3703736	1	3153	2	0	3000
Picture	22	hit	1	7858	2	3741577	1	3153	2	0	3000
Picture	22	hit	1	2528	2	3779418	1	3153	2	0	3000
Picture	22	hit	1	3314	2	3813276	1	3153	2	0	3000
Picture	22	hit	1	2735	2	3851449	1	3153	2	0	3000
Picture	22	hit	1	4193	3	3884642	2	3154	3	0	3000
Picture	22	hit	1	2562	2	3919828	1	3153	3	0	3000
Picture	22	hit	1	3703	2	3953520	1	3153	3	0	3000
Picture	33	miss				3989701	2	3154	3	0	3000
Picture	22	hit	1	4218	2	4018082	1	3154	2	0	3000
Picture	33	miss				4055757	1	3154	2	0	3000
Picture	22	hit	1	3716	4	4095092	1	3153	3	0	3000
Picture	22	hit	1	4807	2	4127622	1	3153	3	0	3000
Picture	22	hit	1	3300	2	4157497	1	3153	2	0	3000
Picture	22	hit	1	4018	2	4195172	1	3153	2	0	3000
Picture	22	hit	1	3090	2	4225212	1	3154	2	0	3000
Picture	33	hit	1	3494	3	4262555	2	3154	3	0	3000
Picture	22	hit	1	2753	2	4293426	1	3153	2	0	3000
Picture	22	hit	1	3231	3	4327947	2	3154	3	0	3000
Picture	22	hit	1	6045	2	4364461	1	3153	2	0	3000
Picture	22	hit	1	4381	2	4397323	1	3153	2	0	3000
Picture	22	hit	1	4128	2	4428359	1	3153	3	0	3000
Picture	33	miss				4468358	1	3153	2	0	3000
Picture	22	hit	1	4787	2	4505867	1	3153	2	0	3000
Picture	22	hit	1	5664	3	4541550	2	3154	3	0	3000
Picture	22	hit	1	3438	3	4576238	1	3153	2	0	3000
Picture	33	hit	1	4002	3	4611589	2	3154	3	0	3000
Picture	22	hit	1	5978	2	4648103	1	3153	2	0	3000
Picture	22	hit	1	5107	3	4676484	1	3153	2	0	3000
Picture	22	miss				4711503	2	3154	3	0	3000
Picture	22	hit	1	5718	2	4747519	1	3153	2	0	3000
Picture	22	miss				4787517	2	3154	3	0	3000
Picture	33	hit	1	3998	2	4817226	1	3153	2	0	3000
Picture	22	hit	1	3914	3	4852079	2	3154	3	0	3000
Picture	22	hit	1	2949	3	4882120	1	3153	3	0	3000
Picture	22	hit	1	2912	2	4915480	1	3153	2	0	3000
Picture	33	hit	1	2930	2	4954649	1	3153	2	0	3000
Picture	22	hit	1	3289	3	4994315	2	3154	3	0	3000
Picture	22	hit	1	4124	3	5030165	1	3153	2	0	3000
Picture	22	hit	1	5133	4	5065848	2	3154	3	0	3000
Picture	22	hit	1	5631	3	5101034	1	3153	3	0	3000
Picture	22	hit	1	5246	3	5136717	2	3154	3	0	3000
Picture	33	miss				5165098	1	3154	2	0	3000
Picture	22	hit	1	7750	2	5226009	1	3153	3	0	3000
Picture	22	hit	1	4608	2	5255220	1	3153	2	0	3000
Picture	22	hit	1	4120	4	5290239	2	3154	3	0	3000
Picture	22	miss				5324927	1	3153	2	0	3000
Picture	22	hit	1	4218	3	5358011	2	3154	3	0	3000
Picture	33	miss				5392201	2	3154	3	0	3000
Picture	22	hit	1	4240	3	5424233	2	3154	3	0	3000
Picture	22	hit	1	3245	2	5459253	1	3153	3	0	3000
Picture	22	hit	1	3102	3	5495932	2	3154	3	0	3000
Picture	22	hit	1	3008	2	5530288	1	3153	3	0	3000
Picture	22	hit	1	3339	2	5564810	1	3153	2	0	3000
Picture	33	miss				5597506	1	3153	2	0	3000
Picture	22	hit	1	3831	2	5627712	1	3154	2	0	3000
Picture	22	hit	1	6089	3	5659246	2	3154	3	0	3000
Picture	22	hit	1	3092	2	5695594	1	3153	2	0	3000
Picture	22	hit	1	3809	3	5728788	1	3153	2	0	3000
Picture	22	hit	1	3276	3	5759990	1	3153	3	0	3000
Picture	33	miss				5794678	1	3153	2	0	3000
Picture	22	hit	1	3847	2	5829863	1	3154	2	0	3000
Picture	22	hit	1	3322	2	5868202	1	3154	2	0	3000
Picture	22	hit	1	3263	3	5900234	2	3154	3	0	3000
Picture	33	miss				5939735	1	3153	3	0	3000
Picture	22	hit	1	3372	3	5970771	2	3154	3	0	3000
Picture	22	hit	1	4080	3	6003135	2	3154	3	0	3000
Picture	22	hit	1	2712	2	6037159	1	3154	2	0	3000
Picture	33	miss				6069191	2	3154	3	0	3000
Picture	22	hit	1	2878	2	6103713	1	3153	3	0	3000
Picture	22	hit	1	3368	2	6136741	1	3153	3	0	3000
Picture	22	hit	1	2913	2	6174416	1	3154	2	0	3000
Picture	33	miss				6206946	1	3154	2	0	3000
Picture	22	hit	1	4546	3	6238480	2	3154	3	0	3000
Picture	22	hit	1	4205	3	6273832	1	3153	3	0	3000
Picture	22	hit	1	3131	3	6310677	2	3154	3	0	3000
Picture	22	hit	1	4293	2	6350676	1	3153	3	0	3000
Picture	22	hit	1	4821	14	6379379	13	3163	14	0	3000
Picture	33	miss				6418723	2	3154	3	0	3000
Picture	22	hit	1	3647	2	6454573	1	3153	2	0	3000
Picture	22	hit	1	5078	2	6494738	1	3153	2	0	3000
Picture	22	hit	1	5540	4	6529259	2	3154	3	0	3000
Picture	33	miss				6561291	2	3154	3	0	3000
Picture	22	hit	1	3511	2	6600294	1	3154	2	0	3000
Picture	22	hit	1	6774	2	6629007	1	3153	3	0	3000
Picture	22	hit	1	4614	2	6657222	1	3153	2	0	3000
Picture	22	hit	1	3657	2	6688258	1	3153	3	0	3000
Picture	22	hit	1	7421	3	6724771	2	3154	3	0	3000
Picture	22	hit	1	4237	2	6762281	1	3153	2	0	3000
Picture	22	hit	1	5342	3	6794645	1	3153	2	0	3000
Picture	33	miss				6831656	1	3153	2	0	3000
Picture	22	hit	1	3225	3	6867173	2	3154	3	0	3000
Picture	22	hit	1	5209	2	6897712	1	3153	2	0	3000
Picture	22	hit	1	1110	2	6931072	1	3153	2	0	3000
Picture	22	hit	1	2534	3	6963104	1	3153	2	0	3000
Picture	22	hit	1	2468	2	6995136	1	3153	3	0	3000
Picture	33	hit	1	2421	2	7032811	1	3154	2	0	3000
Picture	22	hit	1	3435	3	7064345	2	3154	3	0	3000
Picture	22	hit	1	3700	3	7095382	1	3153	2	0	3000
Picture	22	hit	1	2963	2	7126086	1	3153	3	0	3000
Picture	22	hit	1	4367	3	7156624	2	3154	3	0	3000
Picture	22	hit	1	3349	2	7191644	1	3153	3	0	3000
Picture	33	hit	1	3397	2	7220025	1	3153	2	0	3000
Picture	22	hit	1	3608	2	7248240	1	3153	2	0	3000
Picture	33	miss				7279276	2	3153	4	0	3000
Picture	22	hit	1	3112	2	7311972	1	3153	3	0	3000
Picture	33	miss				7343174	2	3154	3	0	3000
Picture	22	hit	1	3809	3	7381347	2	3154	3	0	3000
Picture	22	hit	1	4337	2	7413048	1	3153	2	0	3000
Picture	22	hit	1	3205	2	7443752	1	3153	3	0	3000
Picture	22	hit	1	3817	3	7474456	2	3154	3	0	3000
Picture	22	hit	1	3953	2	7514455	1	3153	3	0	3000
Picture	22	hit	1	4926	4	7551134	2	3154	3	0	3000
Picture	22	hit	1	5272	2	7582669	1	3153	2	0	3000
Picture	33	hit	1	5563	4	7616526	2	3154	3	0	3000
Picture	22	hit	1	4882	2	7652376	1	3153	2	0	3000
Picture	22	hit	1	3865	2	7683412	1	3154	2	0	3000
Picture	22	hit	1	5394	2	7721419	1	3154	2	0	3000
Picture	33	miss				7761252	1	3153	2	0	3000
Picture	22	hit	1	2946	2	7797433	1	3154	2	0	3000
Picture	33	miss				7835772	1	3154	2	0	3000
Picture	22	hit	1	6103	3	7873613	2	3154	3	0	3000
Picture	22	hit	1	3128	3	7912948	1	3153	3	0	3000
Picture	22	hit	1	2956	2	7945146	1	3154	2	0	3000
Picture	33	miss				7975519	1	3153	2	0	3000
Picture	22	hit	1	2899	2	8010538	1	3154	2	0	3000
Picture	33	hit	1	3024	4	8047715	2	3154	3	0	3000
Picture	22	hit	1	2436	3	8086552	2	3154	3	0	3000
Picture	33	hit	1	2955	3	8123564	1	3153	2	0	3000
Picture	22	hit	1	3921	4	8163562	2	3154	3	0	3000
Picture	22	hit	1	5753	2	8198914	1	3153	2	0	3000
Picture	22	hit	1	3402	2	8236589	1	3153	2	0	3000
Picture	33	miss				8275260	1	3153	2	0	3000
Picture	22	hit	1	6333	3	8306130	1	3154	2	0	3000
Picture	22	hit	1	4826	2	8336005	1	3153	2	0	3000
Picture	22	hit	1	3065	3	8370526	2	3154	3	0	3000
Picture	33	miss				8405214	1	3153	3	0	3000
Picture	22	hit	1	4239	3	8444383	1	3153	2	0	3000
Picture	22	hit	1	4726	3	8477577	1	3153	2	0	3000
Picture	22	hit	1	4754	3	8511933	1	3153	2	0	3000
Picture	33	miss				8550272	1	3153	2	0	3000
Picture	22	hit	1	4255	2	8586287	1	3153	3	0	3000
Picture	22	hit	1	4360	3	8621804	2	3154	3	0	3000
Picture	22	hit	1	3899	2	8651015	1	3153	3	0	3000
Picture	33	miss				8680890	1	3153	2	0	3000
Picture	22	hit	1	6569	4	8714913	2	3154	3	0	3000
Picture	22	hit	1	3651	3	8752920	2	3154	3	0	3000
Picture	22	hit	1	3954	3	8786114	2	3154	3	0	3000
Picture	22	hit	1	6325	2	8814827	1	3154	2	0	3000
Picture	22	hit	1	5588	2	8843872	1	3153	2	0	3000
Picture	22	hit	1	4137	3	8877232	1	3153	2	0	3000
Picture	22	hit	1	4400	2	8907604	1	3154	2	0	3000
Picture	33	hit	1	3532	3	8945445	2	3154	3	0	3000
Picture	22	hit	1	7139	3	8973826	1	3153	3	0	3000
Picture	33	hit	1	3457	3	9010505	2	3154	3	0	3000
Picture	22	hit	1	10140	3	9040878	1	3153	2	0	3000
Picture	22	hit	1	2818	4	9069756	2	3154	3	0	3000
Picture	22	hit	1	3622	2	9109755	1	3154	2	0	3000
Picture	22	miss				9137970	1	3153	3	0	3000
Picture	22	hit	1	3291	2	9177305	1	3153	2	0	3000
Picture	33	miss				9211329	1	3153	2	0	3000
Picture	22	hit	1	3605	3	9244356	2	3154	3	0	3000
Picture	22	hit	1	7516	3	9272737	2	3154	3	0	3000
Picture	22	hit	1	5541	3	9302280	1	3153	3	0	3000
Picture	22	hit	1	3088	3	9332154	2	3154	3	0	3000
Picture	22	hit	1	3270	3	9364187	1	3153	2	0	3000
Picture	33	miss				9397215	1	3153	2	0	3000
Picture	22	hit	1	4090	2	9435056	1	3153	2	0	3000
Picture	22	hit	1	4878	2	9470573	1	3154	2	0	3000
Picture	22	hit	1	7703	4	9502107	2	3154	3	0	3000
Picture	22	hit	1	3637	2	9537459	1	3153	2	0	3000
Picture	22	hit	1	1694	2	9575798	1	3153	2	0	3000
Picture	33	miss				9611813	2	3154	3	0	3000
Picture	22	hit	1	3173	4	9650318	2	3154	3	0	3000
Picture	33	hit	1	4277	3	9678533	1	3153	3	0	3000
Picture	22	hit	1	3906	3	9715544	2	3154	3	0	3000
Picture	22	hit	1	6240	2	9746083	1	3153	2	0	3000
Picture	22	hit	1	4318	2	9783094	1	3153	3	0	3000
Picture	33	miss				9820437	1	3154	2	0	3000
Picture	22	hit	1	3160	3	9855623	1	3153	2	0	3000
Picture	22	hit	1	5015	2	9891804	1	3153	3	0	3000
Picture	22	hit	1	3199	2	9930807	1	3153	3	0	3000
Picture	22	hit	1	4642	3	9967818	1	3154	2	0	3000
Picture	22	hit	1	4244	2	10006987	1	3153	3	0	3000
Picture	22	hit	1	3576	2	10046986	1	3153	2	0	3000
Picture	22	miss				10078852	1	3153	2	0	3000
Picture	33	miss				10118187	1	3153	2	0	3000
Picture	22	hit	1	4614	2	10151547	1	3153	2	0	3000
Picture	22	miss				10182085	1	3153	3	0	3000
Picture	22	miss				10218598	2	3154	3	0	3000
Picture	22	miss				10249794	18	3160	19	0	3000
Picture	22	hit	1	3436	2	10279343	1	3154	2	0	3000
Picture	33	miss				10309052	1	3153	2	0	3000
