Scenario - EFT rapido Abril 2011
Logfile written - 05/06/2011 09:31:21

Subject	Trial	Event Type	Code	Time	TTime	Uncertainty	Duration	Uncertainty	ReqTime	ReqDur

HV	2	Picture	20	10414	0	1	3153	2	0	3000
HV	4	Picture	21	21036	0	1	3153	2	0	3000
HV	6	Picture	10	31326	0	1	3153	2	0	3000
HV	6	Response	2	33231	1905	2
HV	7	Response	1	38424	3779	2
HV	8	Picture	11	42778	0	1	3153	2	0	3000
HV	9	Response	2	46863	766	2
HV	9	Response	1	51817	5720	2
HV	10	Picture	21	52902	0	1	3153	2	0	3000
HV	11	Response	2	57748	1527	2
HV	12	Picture	20	61864	0	1	3154	2	0	3000
HV	13	Response	1	66455	1271	1
HV	14	Picture	11	70495	0	1	3153	2	0	3000
HV	15	Response	2	75985	2171	1
HV	16	Picture	20	80951	0	1	3153	2	0	3000
HV	16	Response	2	83125	2174	1
HV	17	Response	1	86841	2571	1
HV	18	Picture	21	90743	0	1	3153	2	0	3000
HV	18	Response	2	94040	3297	1
HV	20	Picture	10	101365	0	1	3153	2	0	3000
HV	20	Response	1	103779	2414	1
HV	22	Picture	20	111323	0	1	3153	3	0	3000
HV	22	Response	2	113900	2577	1
HV	24	Picture	11	120285	0	2	3154	3	0	3000
HV	24	Response	1	123549	3264	2
HV	26	Picture	20	130244	0	1	3153	2	0	3000
HV	26	Response	2	132903	2659	2
HV	28	Picture	11	139870	0	1	3151	5	0	3000
HV	28	Response	1	142524	2654	1
HV	30	Picture	20	148500	0	2	3154	3	0	3000
HV	31	Response	1	156365	4545	1
HV	32	Picture	11	158956	0	2	3154	3	0	3000
HV	33	Response	2	166809	4533	1
HV	34	Picture	20	169412	0	2	3154	3	0	3000
HV	35	Response	1	179379	6647	1
HV	36	Picture	11	179868	0	2	3154	3	0	3000
HV	38	Picture	11	189661	0	1	3153	2	0	3000
HV	39	Response	1	192982	2	1
HV	40	Picture	21	199785	0	1	3153	2	0	3000
HV	41	Response	1	203902	798	1
HV	41	Response	2	205183	2079	1
HV	42	Picture	20	210075	0	1	3153	2	0	3000
HV	43	Response	1	215074	1680	2
HV	44	Picture	21	219369	0	2	3154	3	0	3000
HV	45	Response	2	225491	2802	1
HV	46	Picture	11	229991	0	2	3154	3	0	3000
HV	47	Response	1	234169	858	1
HV	48	Picture	11	241277	0	2	3154	3	0	3000
HV	49	Response	2	245831	1234	2
HV	50	Picture	21	250240	0	1	3153	2	0	3000
HV	51	Response	1	256600	3041	1
HV	52	Picture	21	260032	0	1	3153	2	0	3000
HV	54	Picture	11	269824	0	1	3153	2	0	3000
HV	54	Response	1	272003	2179	2
HV	56	Picture	21	278620	0	2	3154	3	0	3000
HV	56	Response	2	280526	1906	1
HV	58	Picture	20	287085	0	1	3153	2	0	3000
HV	59	Response	2	296055	5651	2
HV	60	Picture	21	297873	0	1	3153	2	0	3000
HV	61	Response	1	307515	6323	1
HV	62	Picture	21	307831	0	1	3153	3	0	3000
HV	63	Response	2	318240	7090	1
HV	64	Picture	10	318951	0	1	3153	3	0	3000
HV	66	Picture	10	330237	0	1	3153	2	0	3000
HV	67	Response	1	334222	666	1
HV	67	Response	2	334400	844	1
HV	68	Picture	11	341523	0	1	3153	2	0	3000
HV	69	Response	2	345821	979	2
HV	70	Picture	20	352145	0	1	3153	2	0	3000
HV	72	Picture	20	361107	0	1	3154	2	0	3000
HV	72	Response	2	364335	3228	1
HV	74	Picture	10	372227	0	1	3154	2	0	3000
HV	75	Response	1	379951	4404	2
HV	76	Picture	21	381853	0	2	3154	3	0	3000
HV	78	Picture	10	391646	0	1	3153	2	0	3000
HV	79	Response	1	399731	4766	1
HV	80	Picture	10	400442	0	1	3153	3	0	3000
HV	82	Picture	10	411562	0	1	3153	2	0	3000
HV	84	Picture	21	421188	0	1	3154	2	0	3000
HV	84	Response	1	423727	2539	2
HV	86	Picture	11	431810	0	2	3154	3	0	3000
HV	87	Response	1	439250	4120	1
HV	88	Picture	20	443096	0	1	3154	2	0	3000
HV	89	Response	2	451944	5528	1
HV	90	Picture	11	452722	0	2	3154	3	0	3000
HV	92	Picture	11	462349	0	1	3153	2	0	3000
HV	93	Response	1	466265	597	2
HV	94	Picture	21	471643	0	1	3153	2	0	3000
HV	95	Response	1	476506	1544	1
HV	96	Picture	10	481103	0	1	3154	2	0	3000
HV	96	Response	2	482433	1330	1
HV	97	Response	1	490140	5717	1
HV	98	Picture	11	490563	0	2	3154	3	0	3000
HV	100	Picture	20	500024	0	1	3153	2	0	3000
HV	100	Response	1	500145	121	1
HV	102	Picture	21	508654	0	1	3153	3	0	3000
HV	102	Response	2	510653	1999	1
HV	104	Picture	20	518944	0	1	3154	2	0	3000
HV	104	Response	1	519253	309	1
HV	105	Response	2	528681	6417	2
HV	106	Picture	20	530396	0	1	3154	2	0	3000
HV	107	Response	1	537493	3778	1
HV	108	Picture	21	539026	0	2	3154	3	0	3000
HV	109	Response	2	545836	3490	1
HV	110	Picture	20	548819	0	1	3153	2	0	3000
HV	111	Response	1	554548	2410	1
HV	112	Picture	11	558279	0	1	3153	3	0	3000
HV	113	Response	2	563336	1738	1
HV	114	Picture	21	569067	0	1	3153	3	0	3000
HV	115	Response	2	573932	1546	1
HV	116	Picture	10	579689	0	1	3153	3	0	3000
HV	116	Response	1	582166	2477	1
HV	118	Picture	21	590975	0	1	3153	3	0	3000
HV	119	Response	2	596012	1718	1
HV	120	Picture	11	600933	0	1	3154	2	0	3000
HV	121	Response	1	607889	3637	1
HV	122	Picture	10	610061	0	2	3154	3	0	3000
HV	123	Response	2	617394	4013	2
HV	124	Picture	10	621015	0	2	3154	3	0	3000
HV	125	Response	1	629036	4701	2
HV	126	Picture	21	631306	0	1	3153	2	0	3000
HV	127	Response	2	638046	3421	1
HV	128	Picture	21	641430	0	1	3153	2	0	3000
HV	129	Response	2	647092	2343	1
HV	130	Picture	20	651554	0	1	3153	2	0	3000
HV	131	Response	1	660672	5799	1
HV	132	Picture	20	662176	0	1	3153	2	0	3000
HV	133	Response	2	671946	6451	1
HV	134	Picture	11	673296	0	1	3153	2	0	3000
HV	135	Response	1	682052	5437	2
HV	136	Picture	10	684416	0	1	3153	2	0	3000
HV	138	Picture	21	694872	0	1	3153	2	0	3000
HV	138	Response	2	697399	2527	1
HV	140	Picture	11	703502	0	2	3154	3	0	3000
HV	141	Response	1	709358	2536	1
HV	142	Picture	10	714622	0	2	3154	3	0	3000
HV	143	Response	2	718008	66	1
HV	144	Picture	21	725410	0	2	3154	3	0	3000
HV	145	Response	2	730209	1479	1
HV	145	Response	1	732392	3662	1
HV	146	Picture	11	734207	0	1	3153	2	0	3000
HV	146	Response	2	736885	2678	1
HV	147	Response	1	741443	3917	1
HV	148	Picture	10	743335	0	1	3153	3	0	3000
HV	149	Response	2	750214	3560	1
HV	150	Picture	20	752297	0	2	3154	3	0	3000
HV	151	Response	2	756505	888	1
HV	151	Response	1	762403	6786	1
HV	152	Picture	21	763085	0	2	3154	3	0	3000
HV	154	Picture	10	772712	0	1	3153	2	0	3000
HV	155	Response	1	776215	184	1
HV	156	Picture	10	782670	0	1	3153	2	0	3000
HV	157	Response	1	786509	520	1
HV	158	Picture	20	791466	0	1	3154	2	0	3000
HV	159	Response	2	795776	990	1
HV	160	Picture	20	800760	0	2	3154	3	0	3000
HV	161	Response	1	808161	4081	1
HV	162	Picture	11	809889	0	1	3153	2	0	3000
HV	163	Response	1	819137	5929	1
HV	164	Picture	10	820013	0	1	3153	2	0	3000
HV	165	Response	2	824975	1643	1
HV	166	Picture	21	829141	0	2	3154	3	0	3000
HV	167	Response	2	835021	2560	1
HV	168	Picture	11	838933	0	2	3154	3	0	3000
HV	169	Response	2	846391	4138	1
HV	170	Picture	10	848228	0	1	3153	2	0	3000
HV	172	Picture	21	856858	0	1	3154	2	0	3000
HV	172	Response	2	857137	279	1
HV	173	Response	1	863131	2953	1
HV	174	Picture	10	867646	0	1	3154	2	0	3000
HV	176	Picture	21	876608	0	2	3154	3	0	3000
HV	177	Response	1	885387	5459	1
HV	178	Picture	11	886401	0	1	3153	2	0	3000
HV	179	Response	2	893407	3687	1
HV	180	Picture	20	896193	0	1	3153	2	0	3000
HV	182	Picture	11	905819	0	1	3154	2	0	3000
HV	183	Response	2	910294	1155	2
HV	184	Picture	11	915279	0	2	3154	3	0	3000
HV	184	Response	1	917236	1957	1
HV	186	Picture	11	925072	0	1	3153	2	0	3000
HV	188	Picture	20	936192	0	1	3153	2	0	3000
HV	188	Response	1	939044	2852	1
HV	190	Picture	11	945486	0	1	3153	2	0	3000
HV	191	Response	2	950634	1829	2
HV	192	Picture	10	954614	0	1	3154	2	0	3000
HV	193	Response	1	960352	2418	1
HV	194	Picture	21	965070	0	2	3154	3	0	3000
HV	195	Response	2	970411	2021	1
HV	196	Picture	20	974033	0	1	3153	2	0	3000
HV	197	Response	1	979920	2568	1
HV	198	Picture	20	983161	0	1	3153	3	0	3000
HV	199	Response	2	990070	3590	1
HV	200	Picture	21	992289	0	2	3154	3	0	3000
HV	202	Picture	20	1002247	0	2	3154	3	0	3000
HV	202	Response	1	1003393	1146	2
HV	204	Picture	11	1012372	0	1	3153	2	0	3000
HV	205	Response	1	1016711	1020	1
HV	206	Picture	21	1021998	0	1	3153	2	0	3000
HV	207	Response	1	1032058	6741	1
HV	208	Picture	10	1032454	0	1	3153	2	0	3000
HV	210	Picture	20	1043242	0	1	3153	2	0	3000
HV	211	Response	2	1047930	1369	2
HV	212	Picture	20	1051872	0	2	3154	3	0	3000
HV	214	Picture	11	1062328	0	2	3154	3	0	3000
HV	216	Picture	21	1073116	0	2	3154	3	0	3000
HV	217	Response	2	1080542	4106	2
HV	218	Picture	21	1083241	0	1	3153	2	0	3000
HV	220	Picture	21	1091871	0	1	3153	3	0	3000
HV	222	Picture	20	1102825	0	1	3153	3	0	3000
HV	224	Picture	11	1112949	0	1	3154	2	0	3000
HV	226	Picture	21	1122409	0	2	3154	3	0	3000
HV	228	Picture	11	1131040	0	1	3153	2	0	3000
HV	230	Picture	11	1142160	0	1	3153	2	0	3000
HV	232	Picture	11	1153114	0	1	3153	2	0	3000
HV	234	Picture	10	1161910	0	1	3154	2	0	3000
HV	236	Picture	10	1173030	0	1	3154	2	0	3000
HV	237	Response	2	1178448	2098	2
HV	238	Picture	10	1184150	0	1	3153	3	0	3000
HV	239	Response	2	1187637	168	2
HV	239	Response	1	1190618	3149	1
HV	240	Picture	10	1195270	0	1	3153	3	0	3000
HV	240	Response	2	1198471	3201	2
HV	242	Picture	21	1205726	0	1	3154	2	0	3000
HV	243	Response	1	1209458	413	1
HV	244	Picture	21	1214357	0	1	3153	2	0	3000
HV	244	Response	2	1216187	1830	1
HV	246	Picture	11	1225145	0	1	3153	2	0	3000
HV	246	Response	1	1228026	2881	1
HV	248	Picture	11	1236264	0	2	3154	3	0	3000
HV	249	Response	1	1241778	2194	1
HV	250	Picture	10	1245061	0	1	3153	2	0	3000
HV	252	Picture	11	1256347	0	1	3153	2	0	3000
HV	253	Response	1	1260488	822	1
HV	254	Picture	20	1266139	0	1	3153	3	0	3000
HV	256	Picture	11	1275267	0	2	3154	3	0	3000
HV	256	Response	1	1275597	330	1
HV	258	Picture	10	1285391	0	2	3154	3	0	3000
HV	259	Response	2	1291417	2706	1
HV	260	Picture	20	1296179	0	2	3154	3	0	3000
HV	261	Response	2	1300597	1098	1
HV	262	Picture	20	1305640	0	1	3153	2	0	3000
HV	262	Response	1	1308454	2814	1
HV	264	Picture	20	1316428	0	1	3153	2	0	3000
HV	265	Response	1	1321405	1658	1
HV	266	Picture	21	1325722	0	1	3153	3	0	3000
HV	268	Picture	21	1335514	0	2	3154	3	0	3000
HV	269	Response	1	1338842	8	1
HV	270	Picture	11	1345306	0	2	3154	3	0	3000
HV	271	Response	1	1351946	3320	1
HV	272	Picture	20	1354767	0	1	3153	2	0	3000
HV	273	Response	2	1361534	3448	2
HV	274	Picture	20	1365389	0	1	3153	2	0	3000
HV	276	Picture	10	1374185	0	1	3154	2	0	3000
HV	276	Response	2	1376915	2730	1
HV	277	Response	1	1377810	305	1
HV	278	Picture	10	1383147	0	2	3154	3	0	3000
HV	280	Picture	10	1393106	0	1	3153	2	0	3000
HV	280	Response	1	1395653	2547	2
HV	281	Response	2	1398801	2376	1
HV	282	Picture	10	1403396	0	1	3153	2	0	3000
HV	283	Response	2	1410204	3489	1
HV	284	Picture	10	1414516	0	1	3153	2	0	3000
HV	286	Picture	10	1425636	0	1	3153	2	0	3000
HV	287	Response	2	1429550	595	1
HV	288	Picture	10	1435760	0	1	3153	2	0	3000
HV	288	Response	2	1438878	3118	2
HV	289	Response	1	1442908	3829	2
HV	290	Picture	11	1444888	0	1	3154	2	0	3000
HV	292	Picture	11	1455178	0	2	3154	3	0	3000
HV	292	Response	2	1455692	514	2
HV	294	Picture	11	1464639	0	1	3153	2	0	3000
HV	294	Response	1	1467895	3256	2
HV	296	Picture	21	1474099	0	1	3153	2	0	3000
HV	296	Response	2	1475835	1736	1
HV	298	Picture	20	1484223	0	1	3153	3	0	3000
HV	299	Response	1	1488000	458	1
HV	300	Picture	21	1494845	0	1	3153	3	0	3000
HV	301	Response	2	1498394	230	1
HV	303	Picture	21	1523890	0	1	3153	2	0	3000
HV	304	Response	2	1531138	3929	1
HV	305	Picture	11	1533184	0	1	3153	2	0	3000
HV	306	Response	1	1539870	3367	2
HV	307	Picture	10	1544138	0	1	3153	3	0	3000
HV	308	Response	2	1549489	2032	1
HV	309	Picture	10	1554760	0	1	3153	3	0	3000
HV	310	Response	1	1560264	2185	1
HV	311	Picture	21	1563888	0	2	3154	3	0	3000
HV	313	Picture	21	1575340	0	2	3154	3	0	3000
HV	313	Response	1	1577064	1724	1
HV	314	Response	2	1583321	4661	1
HV	315	Picture	20	1586128	0	2	3154	3	0	3000
HV	316	Response	1	1590049	601	1
HV	317	Picture	20	1595257	0	1	3153	2	0	3000
HV	318	Response	2	1600826	2250	1
HV	319	Picture	10	1605215	0	1	3153	2	0	3000
HV	320	Response	1	1611965	3431	1
HV	321	Picture	10	1614011	0	1	3154	2	0	3000
HV	322	Response	2	1621981	4651	1
HV	323	Picture	11	1623471	0	2	3154	3	0	3000
HV	324	Response	1	1633299	6508	1
HV	325	Picture	21	1634757	0	2	3154	3	0	3000
HV	327	Picture	20	1644218	0	1	3153	2	0	3000
HV	327	Response	1	1645872	1654	1
HV	329	Picture	11	1655172	0	1	3153	2	0	3000
HV	330	Response	2	1658653	162	1
HV	331	Picture	21	1664300	0	1	3153	2	0	3000
HV	332	Response	2	1667921	302	1
HV	333	Picture	11	1675254	0	1	3153	2	0	3000
HV	333	Response	1	1678547	3293	2
HV	335	Picture	10	1683884	0	2	3154	3	0	3000
HV	336	Response	2	1687342	138	1
HV	337	Picture	21	1693842	0	2	3154	3	0	3000
HV	338	Response	1	1697705	543	1
HV	339	Picture	10	1704796	0	2	3154	3	0	3000
HV	340	Response	2	1708652	536	1
HV	341	Picture	11	1715087	0	1	3153	2	0	3000
HV	342	Response	1	1720874	2468	1
HV	343	Picture	21	1724713	0	1	3153	2	0	3000
HV	344	Response	2	1729341	1309	1
HV	345	Picture	20	1735003	0	1	3153	2	0	3000
HV	345	Response	2	1737049	2046	1
HV	346	Response	1	1745026	6704	2
HV	347	Picture	20	1746289	0	1	3153	2	0	3000
HV	349	Picture	21	1755251	0	2	3154	3	0	3000
HV	349	Response	1	1758164	2913	2
HV	351	Picture	11	1764379	0	2	3154	3	0	3000
HV	351	Response	2	1764624	245	1
HV	353	Picture	20	1773176	0	1	3153	2	0	3000
HV	353	Response	1	1776302	3126	1
HV	355	Picture	10	1783632	0	1	3153	3	0	3000
HV	355	Response	2	1786132	2500	1
HV	357	Picture	10	1794088	0	1	3153	3	0	3000
HV	358	Response	2	1798504	1097	1
HV	358	Response	1	1803468	6061	1
HV	359	Picture	21	1805042	0	1	3153	3	0	3000
HV	360	Response	2	1811614	3253	2
HV	361	Picture	20	1813672	0	2	3154	3	0	3000
HV	362	Response	2	1820956	3964	1
HV	363	Picture	21	1823133	0	1	3153	2	0	3000
HV	365	Picture	11	1834419	0	1	3153	2	0	3000
HV	366	Response	2	1838730	992	2
HV	367	Picture	11	1845041	0	1	3153	2	0	3000
HV	367	Response	1	1845639	598	1
HV	369	Picture	11	1855497	0	1	3153	2	0	3000
HV	369	Response	2	1857562	2065	1
HV	371	Picture	11	1864791	0	1	3153	3	0	3000
HV	371	Response	1	1867515	2724	2
HV	373	Picture	11	1873256	0	1	3153	2	0	3000
HV	374	Response	1	1877254	679	2
HV	375	Picture	11	1883546	0	1	3153	2	0	3000
HV	376	Response	1	1888245	1380	1
HV	377	Picture	20	1894500	0	1	3153	2	0	3000
HV	378	Response	2	1902329	4510	1
HV	379	Picture	20	1904458	0	1	3153	2	0	3000
HV	381	Picture	21	1915412	0	1	3153	2	0	3000
HV	382	Response	2	1919719	988	2
HV	383	Picture	20	1926200	0	1	3153	2	0	3000
HV	384	Response	1	1933863	4344	1
HV	385	Picture	11	1935660	0	1	3153	3	0	3000
HV	386	Response	2	1943396	4417	1
HV	386	Response	2	1944825	5846	1
HV	387	Picture	10	1946780	0	1	3153	3	0	3000
HV	389	Picture	20	1956738	0	2	3154	3	0	3000
HV	389	Response	2	1957257	519	1
HV	390	Response	1	1963278	3220	1
HV	391	Picture	10	1966862	0	2	3154	3	0	3000
HV	393	Picture	11	1975493	0	1	3153	2	0	3000
HV	393	Response	1	1977265	1772	1
HV	395	Picture	10	1985119	0	1	3153	3	0	3000
HV	396	Response	1	1989507	1069	2
HV	397	Picture	20	1995575	0	1	3153	3	0	3000
HV	399	Picture	20	2005035	0	2	3154	3	0	3000
HV	399	Response	1	2005106	71	1
HV	401	Picture	11	2014330	0	1	3153	2	0	3000
HV	402	Response	2	2020504	2855	2
HV	403	Picture	21	2025450	0	1	3153	2	0	3000
HV	405	Picture	20	2034910	0	1	3153	2	0	3000
HV	405	Response	2	2035077	167	1
HV	406	Response	1	2038835	606	1
HV	407	Picture	10	2045864	0	1	3153	2	0	3000
HV	408	Response	1	2049988	805	1
HV	409	Picture	21	2056818	0	1	3153	2	0	3000
HV	410	Response	1	2062967	2830	1
HV	411	Picture	20	2067772	0	1	3153	2	0	3000
HV	413	Picture	20	2077398	0	1	3153	3	0	3000
HV	413	Response	1	2078575	1177	1
HV	415	Picture	20	2087688	0	2	3154	3	0	3000
HV	416	Response	1	2091174	166	2
HV	417	Picture	20	2098476	0	1	3154	2	0	3000
HV	418	Response	1	2101801	5	1
HV	419	Picture	10	2108600	0	2	3154	3	0	3000
HV	419	Response	1	2111840	3240	2
HV	421	Picture	10	2118392	0	2	3154	3	0	3000
HV	421	Response	2	2121324	2932	1
HV	423	Picture	10	2128849	0	1	3153	2	0	3000
HV	424	Response	1	2134456	2288	2
HV	425	Picture	20	2138143	0	1	3153	2	0	3000
HV	426	Response	1	2148062	6600	1
HV	427	Picture	21	2148101	0	1	3153	3	0	3000
HV	428	Response	2	2156659	5239	1
HV	429	Picture	21	2157395	0	2	3154	3	0	3000
HV	431	Picture	21	2168183	0	2	3154	3	0	3000
HV	432	Response	1	2175928	4425	1
HV	432	Response	2	2176912	5409	2
HV	433	Picture	21	2176980	0	1	3153	2	0	3000
HV	435	Picture	21	2186772	0	1	3153	3	0	3000
HV	436	Response	2	2191489	1398	1
HV	437	Picture	21	2197394	0	1	3153	3	0	3000
HV	438	Response	2	2201496	783	1
HV	439	Picture	20	2208514	0	1	3153	3	0	3000
HV	440	Response	1	2212363	530	1
HV	441	Picture	20	2218140	0	1	3154	2	0	3000
HV	442	Response	2	2224989	3529	1
HV	443	Picture	11	2227600	0	2	3154	3	0	3000
HV	444	Response	1	2234016	3096	2
HV	445	Picture	21	2237227	0	1	3153	2	0	3000
HV	446	Response	2	2243493	2947	1
HV	447	Picture	11	2247517	0	1	3153	2	0	3000
HV	448	Response	1	2253624	2788	1
HV	449	Picture	10	2257143	0	1	3153	3	0	3000
HV	450	Response	2	2262163	1701	1
HV	451	Picture	21	2267101	0	2	3154	3	0	3000
HV	451	Response	1	2269902	2801	1
HV	453	Picture	21	2277059	0	2	3154	3	0	3000
HV	453	Response	2	2279742	2683	1
HV	455	Picture	21	2285690	0	1	3153	2	0	3000
HV	456	Response	2	2289214	205	2
HV	457	Picture	10	2294818	0	1	3154	2	0	3000
HV	457	Response	2	2297893	3075	1
HV	459	Picture	20	2305108	0	2	3154	3	0	3000
HV	459	Response	1	2307039	1931	1
HV	461	Picture	21	2314237	0	1	3153	2	0	3000
HV	461	Response	2	2317427	3190	1
HV	463	Picture	20	2324693	0	1	3153	2	0	3000
HV	464	Response	1	2329564	1552	1
HV	465	Picture	10	2334485	0	1	3153	2	0	3000
HV	467	Picture	11	2343613	0	1	3154	2	0	3000
HV	467	Response	1	2343909	296	1
HV	468	Response	2	2350211	3278	1
HV	469	Picture	21	2353073	0	2	3154	3	0	3000
HV	470	Response	2	2357367	974	1
HV	471	Picture	11	2361704	0	1	3153	2	0	3000
HV	472	Response	1	2367606	2583	1
HV	473	Picture	20	2371994	0	1	3153	2	0	3000
HV	474	Response	2	2378228	2915	1
HV	475	Picture	11	2381122	0	2	3154	3	0	3000
HV	476	Response	1	2389199	4757	1
HV	477	Picture	20	2390914	0	2	3154	3	0	3000
HV	479	Picture	11	2401702	0	2	3154	3	0	3000
HV	480	Response	2	2406608	1586	1
HV	481	Picture	21	2411495	0	1	3153	2	0	3000
HV	481	Response	1	2413127	1632	1
HV	483	Picture	10	2421619	0	1	3153	2	0	3000
HV	484	Response	2	2427177	2239	1
HV	485	Picture	11	2431577	0	1	3153	3	0	3000
HV	486	Response	1	2434970	74	2
HV	487	Picture	10	2440871	0	2	3154	3	0	3000
HV	488	Response	2	2444270	79	1
HV	489	Picture	20	2449668	0	1	3153	2	0	3000
HV	490	Response	2	2453928	941	2
HV	491	Picture	11	2459460	0	1	3153	2	0	3000
HV	492	Response	2	2464378	1599	1
HV	493	Picture	11	2469252	0	1	3154	2	0	3000
HV	494	Response	2	2473435	864	1
HV	495	Picture	10	2479874	0	1	3154	2	0	3000
HV	496	Response	2	2484805	1611	2
HV	497	Picture	10	2490994	0	1	3154	2	0	3000
HV	498	Response	2	2496380	2066	1
HV	499	Picture	11	2501782	0	1	3154	2	0	3000
HV	499	Response	1	2504877	3095	1
HV	501	Picture	20	2512072	0	2	3154	3	0	3000
HV	501	Response	1	2513936	1864	2
HV	502	Response	2	2519162	3770	1
HV	503	Picture	11	2522528	0	2	3154	3	0	3000
HV	504	Response	2	2528337	2489	2
HV	505	Picture	11	2533482	0	2	3154	3	0	3000
HV	505	Response	1	2534296	814	1
HV	507	Picture	20	2543109	0	1	3153	2	0	3000
HV	508	Response	2	2548817	2389	1
HV	509	Picture	10	2554228	0	2	3154	3	0	3000
HV	510	Response	1	2560499	2951	1
HV	511	Picture	11	2563855	0	1	3153	2	0	3000
HV	512	Response	2	2568406	1232	1
HV	513	Picture	21	2573149	0	1	3153	3	0	3000
HV	513	Response	1	2576224	3075	1
HV	515	Picture	10	2582609	0	2	3154	3	0	3000
HV	516	Response	1	2587615	1686	1
HV	517	Picture	10	2592070	0	1	3153	2	0	3000
HV	518	Response	1	2598800	3411	1
HV	519	Picture	10	2603190	0	1	3153	2	0	3000
HV	520	Response	1	2608005	1496	1
HV	521	Picture	20	2612816	0	1	3153	2	0	3000
HV	523	Picture	20	2621944	0	1	3153	3	0	3000
HV	523	Response	1	2622086	142	1
HV	525	Picture	11	2631902	0	2	3154	3	0	3000
HV	526	Response	2	2635867	645	1
HV	526	Response	1	2642063	6841	2
HV	527	Picture	11	2642524	0	2	3154	3	0	3000
HV	529	Picture	11	2651321	0	1	3153	2	0	3000
HV	530	Response	1	2655697	1057	1
HV	531	Picture	10	2662441	0	1	3153	2	0	3000
HV	532	Response	2	2668529	2769	2
HV	532	Response	1	2671234	5474	1
HV	533	Picture	10	2672067	0	1	3153	2	0	3000
HV	535	Picture	10	2683353	0	1	3153	2	0	3000
HV	536	Response	1	2693372	6700	2
HV	537	Picture	10	2694473	0	1	3153	2	0	3000
HV	539	Picture	20	2703933	0	1	3153	3	0	3000
HV	539	Response	1	2705206	1273	1
HV	541	Picture	11	2713227	0	2	3154	3	0	3000
HV	541	Response	2	2716391	3164	2
HV	543	Picture	20	2723185	0	2	3154	3	0	3000
HV	543	Response	1	2723402	217	2
HV	545	Picture	10	2732480	0	1	3153	2	0	3000
HV	545	Response	1	2734888	2408	1
HV	546	Response	2	2742055	6256	1
HV	547	Picture	11	2742438	0	1	3153	2	0	3000
HV	549	Picture	20	2753392	0	1	3153	2	0	3000
HV	551	Picture	20	2764180	0	1	3153	2	0	3000
HV	552	Response	1	2775295	7796	1
HV	553	Picture	20	2775632	0	1	3153	2	0	3000
HV	555	Picture	11	2785756	0	1	3153	3	0	3000
HV	556	Response	1	2791109	2034	1
HV	557	Picture	20	2796212	0	1	3153	3	0	3000
HV	558	Response	2	2802438	2907	1
HV	559	Picture	10	2806502	0	1	3154	2	0	3000
HV	561	Picture	11	2817622	0	1	3154	2	0	3000
HV	562	Response	1	2821654	712	1
HV	563	Picture	20	2827414	0	2	3154	3	0	3000
HV	564	Response	2	2833195	2461	2
HV	565	Picture	10	2836211	0	1	3153	2	0	3000
HV	566	Response	1	2845396	5866	1
HV	567	Picture	10	2847165	0	1	3153	2	0	3000
HV	569	Picture	21	2857455	0	1	3153	2	0	3000
HV	569	Response	1	2859533	2078	2
HV	571	Picture	11	2867413	0	1	3153	3	0	3000
HV	572	Response	1	2873053	2321	1
HV	573	Picture	10	2876707	0	2	3154	3	0	3000
HV	575	Picture	10	2887329	0	2	3154	3	0	3000
HV	575	Response	2	2889963	2634	1
HV	577	Picture	20	2898283	0	2	3154	3	0	3000
HV	579	Picture	21	2907246	0	1	3153	2	0	3000
HV	581	Picture	20	2918366	0	1	3153	2	0	3000
HV	581	Response	1	2921422	3056	1
HV	583	Picture	21	2929652	0	1	3153	2	0	3000
HV	583	Response	2	2932723	3071	2
HV	585	Picture	11	2939942	0	1	3153	2	0	3000
HV	586	Response	1	2945096	1835	1
HV	587	Picture	20	2949070	0	1	3153	3	0	3000
HV	589	Picture	21	2957700	0	2	3154	3	0	3000
HV	590	Response	2	2963896	2876	1
HV	591	Picture	11	2967991	0	1	3153	2	0	3000
HV	592	Response	1	2972698	1388	1
HV	593	Picture	10	2977949	0	1	3153	2	0	3000
HV	593	Response	2	2980898	2949	1
HV	595	Picture	20	2986911	0	1	3153	3	0	3000
HV	596	Response	1	2991377	1147	2
HV	597	Picture	20	2995707	0	2	3154	3	0	3000
HV	598	Response	2	3002681	3654	1
HV	599	Picture	10	3005500	0	1	3153	2	0	3000
HV	600	Response	1	3011097	2278	1
HV	601	Picture	21	3016288	0	1	3153	2	0	3000
HV	602	Response	2	3021365	1758	2


Event Type	Code	Type	Response	RT	RT Uncertainty	Time	Uncertainty	Duration	Uncertainty	ReqTime	ReqDur

Picture	20	other				10414	1	3153	2	0	3000
Picture	21	other				21036	1	3153	2	0	3000
Picture	10	other				31326	1	3153	2	0	3000
Picture	11	other				42778	1	3153	2	0	3000
Picture	21	other				52902	1	3153	2	0	3000
Picture	20	other				61864	1	3154	2	0	3000
Picture	11	other				70495	1	3153	2	0	3000
Picture	20	other				80951	1	3153	2	0	3000
Picture	21	other				90743	1	3153	2	0	3000
Picture	10	other				101365	1	3153	2	0	3000
Picture	20	other				111323	1	3153	3	0	3000
Picture	11	other				120285	2	3154	3	0	3000
Picture	20	other				130244	1	3153	2	0	3000
Picture	11	other				139870	1	3151	5	0	3000
Picture	20	other				148500	2	3154	3	0	3000
Picture	11	other				158956	2	3154	3	0	3000
Picture	20	other				169412	2	3154	3	0	3000
Picture	11	other				179868	2	3154	3	0	3000
Picture	11	other				189661	1	3153	2	0	3000
Picture	21	other				199785	1	3153	2	0	3000
Picture	20	other				210075	1	3153	2	0	3000
Picture	21	other				219369	2	3154	3	0	3000
Picture	11	other				229991	2	3154	3	0	3000
Picture	11	other				241277	2	3154	3	0	3000
Picture	21	other				250240	1	3153	2	0	3000
Picture	21	other				260032	1	3153	2	0	3000
Picture	11	other				269824	1	3153	2	0	3000
Picture	21	other				278620	2	3154	3	0	3000
Picture	20	other				287085	1	3153	2	0	3000
Picture	21	other				297873	1	3153	2	0	3000
Picture	21	other				307831	1	3153	3	0	3000
Picture	10	other				318951	1	3153	3	0	3000
Picture	10	other				330237	1	3153	2	0	3000
Picture	11	other				341523	1	3153	2	0	3000
Picture	20	other				352145	1	3153	2	0	3000
Picture	20	other				361107	1	3154	2	0	3000
Picture	10	other				372227	1	3154	2	0	3000
Picture	21	other				381853	2	3154	3	0	3000
Picture	10	other				391646	1	3153	2	0	3000
Picture	10	other				400442	1	3153	3	0	3000
Picture	10	other				411562	1	3153	2	0	3000
Picture	21	other				421188	1	3154	2	0	3000
Picture	11	other				431810	2	3154	3	0	3000
Picture	20	other				443096	1	3154	2	0	3000
Picture	11	other				452722	2	3154	3	0	3000
Picture	11	other				462349	1	3153	2	0	3000
Picture	21	other				471643	1	3153	2	0	3000
Picture	10	other				481103	1	3154	2	0	3000
Picture	11	other				490563	2	3154	3	0	3000
Picture	20	other				500024	1	3153	2	0	3000
Picture	21	other				508654	1	3153	3	0	3000
Picture	20	other				518944	1	3154	2	0	3000
Picture	20	other				530396	1	3154	2	0	3000
Picture	21	other				539026	2	3154	3	0	3000
Picture	20	other				548819	1	3153	2	0	3000
Picture	11	other				558279	1	3153	3	0	3000
Picture	21	other				569067	1	3153	3	0	3000
Picture	10	other				579689	1	3153	3	0	3000
Picture	21	other				590975	1	3153	3	0	3000
Picture	11	other				600933	1	3154	2	0	3000
Picture	10	other				610061	2	3154	3	0	3000
Picture	10	other				621015	2	3154	3	0	3000
Picture	21	other				631306	1	3153	2	0	3000
Picture	21	other				641430	1	3153	2	0	3000
Picture	20	other				651554	1	3153	2	0	3000
Picture	20	other				662176	1	3153	2	0	3000
Picture	11	other				673296	1	3153	2	0	3000
Picture	10	other				684416	1	3153	2	0	3000
Picture	21	other				694872	1	3153	2	0	3000
Picture	11	other				703502	2	3154	3	0	3000
Picture	10	other				714622	2	3154	3	0	3000
Picture	21	other				725410	2	3154	3	0	3000
Picture	11	other				734207	1	3153	2	0	3000
Picture	10	other				743335	1	3153	3	0	3000
Picture	20	other				752297	2	3154	3	0	3000
Picture	21	other				763085	2	3154	3	0	3000
Picture	10	other				772712	1	3153	2	0	3000
Picture	10	other				782670	1	3153	2	0	3000
Picture	20	other				791466	1	3154	2	0	3000
Picture	20	other				800760	2	3154	3	0	3000
Picture	11	other				809889	1	3153	2	0	3000
Picture	10	other				820013	1	3153	2	0	3000
Picture	21	other				829141	2	3154	3	0	3000
Picture	11	other				838933	2	3154	3	0	3000
Picture	10	other				848228	1	3153	2	0	3000
Picture	21	other				856858	1	3154	2	0	3000
Picture	10	other				867646	1	3154	2	0	3000
Picture	21	other				876608	2	3154	3	0	3000
Picture	11	other				886401	1	3153	2	0	3000
Picture	20	other				896193	1	3153	2	0	3000
Picture	11	other				905819	1	3154	2	0	3000
Picture	11	other				915279	2	3154	3	0	3000
Picture	11	other				925072	1	3153	2	0	3000
Picture	20	other				936192	1	3153	2	0	3000
Picture	11	other				945486	1	3153	2	0	3000
Picture	10	other				954614	1	3154	2	0	3000
Picture	21	other				965070	2	3154	3	0	3000
Picture	20	other				974033	1	3153	2	0	3000
Picture	20	other				983161	1	3153	3	0	3000
Picture	21	other				992289	2	3154	3	0	3000
Picture	20	other				1002247	2	3154	3	0	3000
Picture	11	other				1012372	1	3153	2	0	3000
Picture	21	other				1021998	1	3153	2	0	3000
Picture	10	other				1032454	1	3153	2	0	3000
Picture	20	other				1043242	1	3153	2	0	3000
Picture	20	other				1051872	2	3154	3	0	3000
Picture	11	other				1062328	2	3154	3	0	3000
Picture	21	other				1073116	2	3154	3	0	3000
Picture	21	other				1083241	1	3153	2	0	3000
Picture	21	other				1091871	1	3153	3	0	3000
Picture	20	other				1102825	1	3153	3	0	3000
Picture	11	other				1112949	1	3154	2	0	3000
Picture	21	other				1122409	2	3154	3	0	3000
Picture	11	other				1131040	1	3153	2	0	3000
Picture	11	other				1142160	1	3153	2	0	3000
Picture	11	other				1153114	1	3153	2	0	3000
Picture	10	other				1161910	1	3154	2	0	3000
Picture	10	other				1173030	1	3154	2	0	3000
Picture	10	other				1184150	1	3153	3	0	3000
Picture	10	other				1195270	1	3153	3	0	3000
Picture	21	other				1205726	1	3154	2	0	3000
Picture	21	other				1214357	1	3153	2	0	3000
Picture	11	other				1225145	1	3153	2	0	3000
Picture	11	other				1236264	2	3154	3	0	3000
Picture	10	other				1245061	1	3153	2	0	3000
Picture	11	other				1256347	1	3153	2	0	3000
Picture	20	other				1266139	1	3153	3	0	3000
Picture	11	other				1275267	2	3154	3	0	3000
Picture	10	other				1285391	2	3154	3	0	3000
Picture	20	other				1296179	2	3154	3	0	3000
Picture	20	other				1305640	1	3153	2	0	3000
Picture	20	other				1316428	1	3153	2	0	3000
Picture	21	other				1325722	1	3153	3	0	3000
Picture	21	other				1335514	2	3154	3	0	3000
Picture	11	other				1345306	2	3154	3	0	3000
Picture	20	other				1354767	1	3153	2	0	3000
Picture	20	other				1365389	1	3153	2	0	3000
Picture	10	other				1374185	1	3154	2	0	3000
Picture	10	other				1383147	2	3154	3	0	3000
Picture	10	other				1393106	1	3153	2	0	3000
Picture	10	other				1403396	1	3153	2	0	3000
Picture	10	other				1414516	1	3153	2	0	3000
Picture	10	other				1425636	1	3153	2	0	3000
Picture	10	other				1435760	1	3153	2	0	3000
Picture	11	other				1444888	1	3154	2	0	3000
Picture	11	other				1455178	2	3154	3	0	3000
Picture	11	other				1464639	1	3153	2	0	3000
Picture	21	other				1474099	1	3153	2	0	3000
Picture	20	other				1484223	1	3153	3	0	3000
Picture	21	other				1494845	1	3153	3	0	3000
Picture	21	other				1523890	1	3153	2	0	3000
Picture	11	other				1533184	1	3153	2	0	3000
Picture	10	other				1544138	1	3153	3	0	3000
Picture	10	other				1554760	1	3153	3	0	3000
Picture	21	other				1563888	2	3154	3	0	3000
Picture	21	other				1575340	2	3154	3	0	3000
Picture	20	other				1586128	2	3154	3	0	3000
Picture	20	other				1595257	1	3153	2	0	3000
Picture	10	other				1605215	1	3153	2	0	3000
Picture	10	other				1614011	1	3154	2	0	3000
Picture	11	other				1623471	2	3154	3	0	3000
Picture	21	other				1634757	2	3154	3	0	3000
Picture	20	other				1644218	1	3153	2	0	3000
Picture	11	other				1655172	1	3153	2	0	3000
Picture	21	other				1664300	1	3153	2	0	3000
Picture	11	other				1675254	1	3153	2	0	3000
Picture	10	other				1683884	2	3154	3	0	3000
Picture	21	other				1693842	2	3154	3	0	3000
Picture	10	other				1704796	2	3154	3	0	3000
Picture	11	other				1715087	1	3153	2	0	3000
Picture	21	other				1724713	1	3153	2	0	3000
Picture	20	other				1735003	1	3153	2	0	3000
Picture	20	other				1746289	1	3153	2	0	3000
Picture	21	other				1755251	2	3154	3	0	3000
Picture	11	other				1764379	2	3154	3	0	3000
Picture	20	other				1773176	1	3153	2	0	3000
Picture	10	other				1783632	1	3153	3	0	3000
Picture	10	other				1794088	1	3153	3	0	3000
Picture	21	other				1805042	1	3153	3	0	3000
Picture	20	other				1813672	2	3154	3	0	3000
Picture	21	other				1823133	1	3153	2	0	3000
Picture	11	other				1834419	1	3153	2	0	3000
Picture	11	other				1845041	1	3153	2	0	3000
Picture	11	other				1855497	1	3153	2	0	3000
Picture	11	other				1864791	1	3153	3	0	3000
Picture	11	other				1873256	1	3153	2	0	3000
Picture	11	other				1883546	1	3153	2	0	3000
Picture	20	other				1894500	1	3153	2	0	3000
Picture	20	other				1904458	1	3153	2	0	3000
Picture	21	other				1915412	1	3153	2	0	3000
Picture	20	other				1926200	1	3153	2	0	3000
Picture	11	other				1935660	1	3153	3	0	3000
Picture	10	other				1946780	1	3153	3	0	3000
Picture	20	other				1956738	2	3154	3	0	3000
Picture	10	other				1966862	2	3154	3	0	3000
Picture	11	other				1975493	1	3153	2	0	3000
Picture	10	other				1985119	1	3153	3	0	3000
Picture	20	other				1995575	1	3153	3	0	3000
Picture	20	other				2005035	2	3154	3	0	3000
Picture	11	other				2014330	1	3153	2	0	3000
Picture	21	other				2025450	1	3153	2	0	3000
Picture	20	other				2034910	1	3153	2	0	3000
Picture	10	other				2045864	1	3153	2	0	3000
Picture	21	other				2056818	1	3153	2	0	3000
Picture	20	other				2067772	1	3153	2	0	3000
Picture	20	other				2077398	1	3153	3	0	3000
Picture	20	other				2087688	2	3154	3	0	3000
Picture	20	other				2098476	1	3154	2	0	3000
Picture	10	other				2108600	2	3154	3	0	3000
Picture	10	other				2118392	2	3154	3	0	3000
Picture	10	other				2128849	1	3153	2	0	3000
Picture	20	other				2138143	1	3153	2	0	3000
Picture	21	other				2148101	1	3153	3	0	3000
Picture	21	other				2157395	2	3154	3	0	3000
Picture	21	other				2168183	2	3154	3	0	3000
Picture	21	other				2176980	1	3153	2	0	3000
Picture	21	other				2186772	1	3153	3	0	3000
Picture	21	other				2197394	1	3153	3	0	3000
Picture	20	other				2208514	1	3153	3	0	3000
Picture	20	other				2218140	1	3154	2	0	3000
Picture	11	other				2227600	2	3154	3	0	3000
Picture	21	other				2237227	1	3153	2	0	3000
Picture	11	other				2247517	1	3153	2	0	3000
Picture	10	other				2257143	1	3153	3	0	3000
Picture	21	other				2267101	2	3154	3	0	3000
Picture	21	other				2277059	2	3154	3	0	3000
Picture	21	other				2285690	1	3153	2	0	3000
Picture	10	other				2294818	1	3154	2	0	3000
Picture	20	other				2305108	2	3154	3	0	3000
Picture	21	other				2314237	1	3153	2	0	3000
Picture	20	other				2324693	1	3153	2	0	3000
Picture	10	other				2334485	1	3153	2	0	3000
Picture	11	other				2343613	1	3154	2	0	3000
Picture	21	other				2353073	2	3154	3	0	3000
Picture	11	other				2361704	1	3153	2	0	3000
Picture	20	other				2371994	1	3153	2	0	3000
Picture	11	other				2381122	2	3154	3	0	3000
Picture	20	other				2390914	2	3154	3	0	3000
Picture	11	other				2401702	2	3154	3	0	3000
Picture	21	other				2411495	1	3153	2	0	3000
Picture	10	other				2421619	1	3153	2	0	3000
Picture	11	other				2431577	1	3153	3	0	3000
Picture	10	other				2440871	2	3154	3	0	3000
Picture	20	other				2449668	1	3153	2	0	3000
Picture	11	other				2459460	1	3153	2	0	3000
Picture	11	other				2469252	1	3154	2	0	3000
Picture	10	other				2479874	1	3154	2	0	3000
Picture	10	other				2490994	1	3154	2	0	3000
Picture	11	other				2501782	1	3154	2	0	3000
Picture	20	other				2512072	2	3154	3	0	3000
Picture	11	other				2522528	2	3154	3	0	3000
Picture	11	other				2533482	2	3154	3	0	3000
Picture	20	other				2543109	1	3153	2	0	3000
Picture	10	other				2554228	2	3154	3	0	3000
Picture	11	other				2563855	1	3153	2	0	3000
Picture	21	other				2573149	1	3153	3	0	3000
Picture	10	other				2582609	2	3154	3	0	3000
Picture	10	other				2592070	1	3153	2	0	3000
Picture	10	other				2603190	1	3153	2	0	3000
Picture	20	other				2612816	1	3153	2	0	3000
Picture	20	other				2621944	1	3153	3	0	3000
Picture	11	other				2631902	2	3154	3	0	3000
Picture	11	other				2642524	2	3154	3	0	3000
Picture	11	other				2651321	1	3153	2	0	3000
Picture	10	other				2662441	1	3153	2	0	3000
Picture	10	other				2672067	1	3153	2	0	3000
Picture	10	other				2683353	1	3153	2	0	3000
Picture	10	other				2694473	1	3153	2	0	3000
Picture	20	other				2703933	1	3153	3	0	3000
Picture	11	other				2713227	2	3154	3	0	3000
Picture	20	other				2723185	2	3154	3	0	3000
Picture	10	other				2732480	1	3153	2	0	3000
Picture	11	other				2742438	1	3153	2	0	3000
Picture	20	other				2753392	1	3153	2	0	3000
Picture	20	other				2764180	1	3153	2	0	3000
Picture	20	other				2775632	1	3153	2	0	3000
Picture	11	other				2785756	1	3153	3	0	3000
Picture	20	other				2796212	1	3153	3	0	3000
Picture	10	other				2806502	1	3154	2	0	3000
Picture	11	other				2817622	1	3154	2	0	3000
Picture	20	other				2827414	2	3154	3	0	3000
Picture	10	other				2836211	1	3153	2	0	3000
Picture	10	other				2847165	1	3153	2	0	3000
Picture	21	other				2857455	1	3153	2	0	3000
Picture	11	other				2867413	1	3153	3	0	3000
Picture	10	other				2876707	2	3154	3	0	3000
Picture	10	other				2887329	2	3154	3	0	3000
Picture	20	other				2898283	2	3154	3	0	3000
Picture	21	other				2907246	1	3153	2	0	3000
Picture	20	other				2918366	1	3153	2	0	3000
Picture	21	other				2929652	1	3153	2	0	3000
Picture	11	other				2939942	1	3153	2	0	3000
Picture	20	other				2949070	1	3153	3	0	3000
Picture	21	other				2957700	2	3154	3	0	3000
Picture	11	other				2967991	1	3153	2	0	3000
Picture	10	other				2977949	1	3153	2	0	3000
Picture	20	other				2986911	1	3153	3	0	3000
Picture	20	other				2995707	2	3154	3	0	3000
Picture	10	other				3005500	1	3153	2	0	3000
Picture	21	other				3016288	1	3153	2	0	3000
