Scenario - EFT lento Abril 2011
Logfile written - 05/06/2011 09:21:21

Subject	Trial	Event Type	Code	Time	TTime	Uncertainty	Duration	Uncertainty	ReqTime	ReqDur

HV	2	Picture	10	10414	0	1	3153	2	0	3000
HV	3	Response	1	15826	2093	1
HV	4	Picture	20	49748	0	2	3154	3	0	3000
HV	5	Response	1	54350	1282	1
HV	5	Response	2	62049	8981	1
HV	6	Picture	10	87589	0	2	3154	3	0	3000
HV	7	Response	1	93779	2870	2
HV	8	Picture	10	126260	0	2	3154	3	0	3000
HV	8	Response	1	129143	2883	1
HV	10	Picture	21	156467	0	1	3153	2	0	3000
HV	11	Response	2	162317	2531	1
HV	12	Picture	10	193146	0	1	3153	3	0	3000
HV	12	Response	1	196022	2876	1
HV	14	Picture	21	232979	0	1	3153	2	0	3000
HV	14	Response	2	235725	2746	1
HV	16	Picture	10	265841	0	1	3153	2	0	3000
HV	17	Response	1	270766	1606	2
HV	18	Picture	10	295881	0	1	3154	2	0	3000
HV	19	Response	2	303261	4060	1
HV	20	Picture	11	335880	0	1	3153	2	0	3000
HV	20	Response	1	339066	3186	1
HV	22	Picture	20	368908	0	1	3153	2	0	3000
HV	24	Picture	20	408409	0	1	3153	2	0	3000
HV	24	Response	2	411389	2980	1
HV	26	Picture	10	448407	0	1	3154	2	0	3000
HV	26	Response	1	451383	2976	2
HV	28	Picture	20	482431	0	1	3153	2	0	3000
HV	29	Response	1	487070	1320	1
HV	30	Picture	21	516455	0	1	3153	2	0	3000
HV	31	Response	1	525147	5373	2
HV	32	Picture	11	550312	0	2	3154	3	0	3000
HV	33	Response	1	556781	3149	2
HV	34	Picture	21	578693	0	2	3154	3	0	3000
HV	35	Response	2	585385	3372	2
HV	36	Picture	10	612551	0	1	3153	3	0	3000
HV	36	Response	1	615735	3184	1
HV	38	Picture	20	642591	0	2	3154	3	0	3000
HV	38	Response	2	645540	2949	2
HV	40	Picture	11	681594	0	2	3154	3	0	3000
HV	40	Response	1	684621	3027	1
HV	42	Picture	11	713958	0	2	3154	3	0	3000
HV	42	Response	2	717266	3308	2
HV	44	Picture	11	746156	0	2	3154	3	0	3000
HV	45	Response	1	750680	1204	1
HV	46	Picture	20	785491	0	2	3154	3	0	3000
HV	47	Response	2	790528	1717	1
HV	48	Picture	21	824826	0	1	3153	3	0	3000
HV	49	Response	1	831146	3001	1
HV	50	Picture	10	853705	0	1	3153	2	0	3000
HV	51	Response	2	860926	3902	1
HV	52	Picture	11	888392	0	2	3154	3	0	3000
HV	53	Response	1	891913	201	1
HV	54	Picture	20	924740	0	1	3153	2	0	3000
HV	54	Response	1	927741	3001	2
HV	56	Picture	10	955610	0	1	3153	3	0	3000
HV	58	Picture	10	989136	0	1	3153	2	0	3000
HV	59	Response	2	992503	48	1
HV	60	Picture	20	1020338	0	1	3154	2	0	3000
HV	62	Picture	20	1054860	0	1	3153	2	0	3000
HV	63	Response	1	1060250	2071	2
HV	64	Picture	20	1093199	0	1	3153	2	0	3000
HV	65	Response	2	1097531	1013	2
HV	66	Picture	21	1127223	0	1	3153	2	0	3000
HV	67	Response	2	1131685	1143	1
HV	68	Picture	10	1161080	0	2	3154	3	0	3000
HV	69	Response	2	1166135	1735	1
HV	70	Picture	21	1191785	0	1	3153	2	0	3000
HV	71	Response	2	1197307	2203	1
HV	72	Picture	11	1228962	0	1	3153	2	0	3000
HV	72	Response	1	1231907	2945	2
HV	74	Picture	10	1261824	0	1	3153	2	0	3000
HV	74	Response	2	1264667	2843	1
HV	76	Picture	20	1299001	0	1	3153	3	0	3000
HV	76	Response	1	1302065	3064	2
HV	78	Picture	10	1327880	0	1	3153	2	0	3000
HV	79	Response	2	1335386	4187	1
HV	80	Picture	10	1365223	0	1	3153	2	0	3000
HV	82	Picture	21	1396923	0	1	3153	3	0	3000
HV	83	Response	2	1401801	1559	1
HV	84	Picture	21	1430283	0	1	3153	2	0	3000
HV	85	Response	2	1443800	10198	1
HV	86	Picture	11	1469618	0	1	3153	2	0	3000
HV	87	Response	1	1475557	2620	2
HV	88	Picture	10	1509782	0	2	3154	3	0	3000
HV	89	Response	2	1514551	1449	1
HV	90	Picture	10	1546628	0	1	3153	2	0	3000
HV	91	Response	1	1550090	143	1
HV	92	Picture	10	1582477	0	1	3153	2	0	3000
HV	93	Response	2	1588103	2307	1
HV	94	Picture	20	1618824	0	2	3154	3	0	3000
HV	95	Response	1	1622761	617	2
HV	96	Picture	11	1654342	0	1	3153	2	0	3000
HV	97	Response	2	1658856	1195	1
HV	98	Picture	11	1691851	0	1	3153	2	0	3000
HV	98	Response	1	1694896	3045	1
HV	100	Picture	10	1721393	0	2	3154	3	0	3000
HV	101	Response	2	1724854	141	2
HV	102	Picture	20	1752596	0	1	3153	2	0	3000
HV	103	Response	1	1756351	436	1
HV	104	Picture	10	1790603	0	1	3153	2	0	3000
HV	105	Response	2	1796757	2835	1
HV	106	Picture	21	1820311	0	2	3154	3	0	3000
HV	107	Response	2	1824772	1141	1
HV	108	Picture	20	1854501	0	1	3153	3	0	3000
HV	109	Response	1	1857858	38	1
HV	109	Response	2	1893451	35631	2
HV	110	Picture	20	1894334	0	1	3153	2	0	3000
HV	112	Picture	10	1927528	0	1	3153	2	0	3000
HV	113	Response	1	1938554	7707	2
HV	114	Picture	10	1964041	0	1	3153	2	0	3000
HV	114	Response	2	1967356	3315	2
HV	116	Picture	20	1997733	0	1	3153	2	0	3000
HV	117	Response	1	2001422	370	1
HV	118	Picture	11	2026777	0	2	3154	3	0	3000
HV	120	Picture	11	2065282	0	2	3154	3	0	3000
HV	121	Response	1	2068983	381	1
HV	122	Picture	21	2100468	0	1	3153	2	0	3000
HV	124	Picture	11	2136815	0	1	3154	2	0	3000
HV	124	Response	2	2139442	2627	1
HV	126	Picture	11	2173826	0	2	3154	3	0	3000
HV	126	Response	1	2176869	3043	2
HV	128	Picture	11	2209178	0	1	3153	2	0	3000
HV	128	Response	2	2212403	3225	2
HV	130	Picture	11	2240380	0	1	3154	2	0	3000
HV	131	Response	1	2245077	1377	1
HV	132	Picture	11	2275400	0	1	3153	2	0	3000
HV	133	Response	1	2280521	1802	1
HV	134	Picture	21	2306104	0	1	3153	3	0	3000
HV	135	Response	1	2310653	1230	1
HV	135	Response	2	2316375	6952	1
HV	136	Picture	11	2342949	0	2	3154	3	0	3000
HV	137	Response	1	2346754	485	2
HV	138	Picture	20	2372658	0	1	3153	2	0	3000
HV	138	Response	2	2375650	2992	1
HV	140	Picture	10	2405022	0	1	3153	2	0	3000
HV	141	Response	1	2408977	636	1
HV	142	Picture	21	2444855	0	1	3153	2	0	3000
HV	142	Response	2	2447613	2758	1
HV	144	Picture	21	2476887	0	1	3153	2	0	3000
HV	145	Response	1	2480701	495	2
HV	146	Picture	21	2509251	0	1	3153	2	0	3000
HV	147	Response	1	2512899	329	1
HV	148	Picture	10	2549249	0	2	3154	3	0	3000
HV	148	Response	2	2552568	3319	1
HV	150	Picture	20	2586593	0	1	3153	2	0	3000
HV	151	Response	2	2590002	90	1
HV	152	Picture	10	2622442	0	1	3153	3	0	3000
HV	153	Response	2	2627490	1729	1
HV	154	Picture	10	2660947	0	1	3153	2	0	3000
HV	154	Response	1	2662887	1940	1
HV	156	Picture	21	2694307	0	1	3153	2	0	3000
HV	157	Response	1	2698392	766	2
HV	157	Response	2	2720822	23196	1
HV	158	Picture	10	2726007	0	1	3153	3	0	3000
HV	160	Picture	20	2755052	0	1	3153	2	0	3000
HV	161	Response	1	2758548	177	2
HV	161	Response	2	2764656	6285	2
HV	162	Picture	20	2794386	0	2	3154	3	0	3000
HV	164	Picture	10	2831730	0	1	3153	2	0	3000
HV	165	Response	2	2838832	3783	2
HV	166	Picture	10	2860442	0	2	3154	3	0	3000
HV	167	Response	1	2865517	1755	1
HV	168	Picture	20	2896956	0	1	3153	2	0	3000
HV	169	Response	1	2902645	2370	1
HV	170	Picture	21	2927328	0	1	3153	3	0	3000
HV	171	Response	2	2932596	1949	1
HV	172	Picture	20	2965833	0	1	3153	3	0	3000
HV	173	Response	1	2970290	1138	1
HV	174	Picture	20	2997201	0	1	3154	2	0	3000
HV	175	Response	2	3003405	2884	1
HV	176	Picture	10	3030727	0	1	3153	3	0	3000
HV	177	Response	2	3036314	2268	2
HV	177	Response	1	3047906	13860	1
HV	178	Picture	11	3065249	0	1	3153	2	0	3000
HV	180	Picture	21	3096285	0	1	3153	3	0	3000
HV	181	Response	1	3103160	3556	1
HV	181	Response	2	3104676	5072	2
HV	182	Picture	20	3127321	0	2	3154	3	0	3000
HV	183	Response	1	3133247	2606	1
HV	184	Picture	20	3160349	0	2	3154	3	0	3000
HV	185	Response	2	3163789	120	1
HV	186	Picture	20	3191552	0	1	3153	2	0	3000
HV	186	Response	2	3194810	3258	1
HV	188	Picture	21	3221592	0	1	3153	3	0	3000
HV	189	Response	2	3224947	36	1
HV	190	Picture	21	3255450	0	1	3153	2	0	3000
HV	190	Response	2	3258709	3259	2
HV	192	Picture	11	3289142	0	1	3153	2	0	3000
HV	192	Response	2	3292322	3180	1
HV	194	Picture	11	3326651	0	1	3153	2	0	3000
HV	195	Response	2	3334026	4056	2
HV	196	Picture	20	3362002	0	2	3154	3	0	3000
HV	197	Response	1	3366239	917	1
HV	197	Response	2	3371166	5844	1
HV	198	Picture	21	3392375	0	1	3153	2	0	3000
HV	199	Response	2	3398180	2486	1
HV	200	Picture	10	3430382	0	1	3153	2	0	3000
HV	200	Response	2	3433186	2804	1
HV	202	Picture	21	3468555	0	1	3153	2	0	3000
HV	203	Response	2	3475960	4086	1
HV	204	Picture	11	3499757	0	1	3153	3	0	3000
HV	206	Picture	11	3533947	0	1	3153	2	0	3000
HV	207	Response	2	3541820	4554	1
HV	207	Response	1	3547453	10187	1
HV	208	Picture	20	3572618	0	1	3153	2	0	3000
HV	209	Response	2	3578830	2893	1
HV	210	Picture	10	3601828	0	1	3154	2	0	3000
HV	211	Response	2	3609350	4202	1
HV	211	Response	1	3617322	12174	2
HV	212	Picture	11	3634524	0	1	3154	2	0	3000
HV	213	Response	2	3640905	3061	1
HV	213	Response	1	3645510	7666	1
HV	214	Picture	20	3673361	0	1	3153	3	0	3000
HV	215	Response	2	3679070	2390	1
HV	216	Picture	21	3705891	0	1	3154	2	0	3000
HV	217	Response	2	3712562	3352	1
HV	218	Picture	11	3738919	0	1	3153	3	0	3000
HV	218	Response	2	3742080	3161	2
HV	219	Response	1	3745999	3761	1
HV	220	Picture	10	3773607	0	1	3153	2	0	3000
HV	221	Response	2	3779028	2102	2
HV	221	Response	1	3789416	12490	1
HV	222	Picture	11	3805473	0	1	3153	2	0	3000
HV	223	Response	2	3811458	2666	2
HV	224	Picture	11	3834683	0	2	3154	3	0	3000
HV	225	Response	1	3838176	173	1
HV	226	Picture	20	3864558	0	1	3153	3	0	3000
HV	226	Response	2	3867599	3041	1
HV	228	Picture	21	3901569	0	1	3154	2	0	3000
HV	229	Response	2	3905374	485	1
HV	230	Picture	20	3938580	0	2	3154	3	0	3000
HV	231	Response	2	3943361	1461	1
HV	232	Picture	10	3978745	0	1	3153	3	0	3000
HV	233	Response	2	3984361	2297	1
HV	233	Response	1	3989142	7078	1
HV	234	Picture	21	4012603	0	1	3153	2	0	3000
HV	235	Response	2	4017978	2056	1
HV	236	Picture	21	4043141	0	1	3154	2	0	3000
HV	237	Response	2	4047995	1534	1
HV	238	Picture	21	4080484	0	2	3154	3	0	3000
HV	239	Response	2	4085775	1971	2
HV	240	Picture	11	4114508	0	1	3153	3	0	3000
HV	241	Response	2	4117886	59	1
HV	241	Response	1	4122872	5045	1
HV	242	Picture	20	4143719	0	1	3153	2	0	3000
HV	243	Response	2	4148164	1126	2
HV	244	Picture	20	4174257	0	1	3154	2	0	3000
HV	245	Response	2	4179508	1932	1
HV	246	Picture	11	4211766	0	1	3154	2	0	3000
HV	246	Response	2	4214899	3133	1
HV	247	Response	1	4221805	6719	2
HV	248	Picture	11	4242636	0	2	3154	3	0	3000
HV	249	Response	2	4250903	4947	1
HV	249	Response	1	4254714	8758	2
HV	250	Picture	21	4273673	0	1	3153	2	0	3000
HV	252	Picture	21	4310684	0	1	3153	3	0	3000
HV	253	Response	2	4316524	2521	2
HV	254	Picture	11	4346865	0	2	3154	3	0	3000
HV	255	Response	1	4351560	1375	1
HV	256	Picture	20	4387362	0	1	3153	3	0	3000
HV	257	Response	2	4397511	6830	2
HV	258	Picture	21	4420556	0	1	3153	2	0	3000
HV	259	Response	1	4424906	1031	1
HV	259	Response	2	4429388	5513	2
HV	260	Picture	20	4457567	0	1	3153	3	0	3000
HV	261	Response	2	4464548	3662	1
HV	262	Picture	21	4489931	0	2	3154	3	0	3000
HV	263	Response	2	4495694	2443	1
HV	264	Picture	21	4527440	0	2	3154	3	0	3000
HV	265	Response	2	4530815	55	1
HV	266	Picture	11	4559472	0	2	3154	3	0	3000
HV	266	Response	2	4562750	3278	1
HV	268	Picture	10	4596650	0	1	3153	2	0	3000
HV	269	Response	1	4601829	1860	1
HV	270	Picture	10	4628018	0	1	3153	2	0	3000
HV	271	Response	2	4632487	1150	1
HV	271	Response	1	4637005	5668	1
HV	272	Picture	11	4660880	0	1	3153	2	0	3000
HV	272	Response	1	4664071	3191	2
HV	274	Picture	10	4696065	0	2	3154	3	0	3000
HV	274	Response	2	4699223	3158	1
HV	276	Picture	11	4728429	0	2	3154	3	0	3000
HV	277	Response	1	4733047	1298	1
HV	278	Picture	11	4768760	0	1	3153	2	0	3000
HV	279	Response	1	4772448	369	1
HV	280	Picture	11	4806933	0	1	3153	2	0	3000
HV	280	Response	1	4809631	2698	2
HV	282	Picture	11	4836144	0	1	3153	2	0	3000
HV	283	Response	1	4841477	2014	1
HV	284	Picture	10	4876142	0	2	3154	3	0	3000
HV	285	Response	1	4883063	3601	1
HV	286	Picture	21	4916141	0	1	3153	2	0	3000
HV	287	Response	1	4921930	2470	1
HV	287	Response	2	4927145	7685	1
HV	288	Picture	21	4944854	0	1	3153	2	0	3000
HV	290	Picture	11	4980371	0	1	3154	2	0	3000
HV	291	Response	2	4985836	2145	1
HV	292	Picture	21	5013731	0	1	3153	3	0	3000
HV	294	Picture	11	5047921	0	1	3153	2	0	3000
HV	296	Picture	20	5079123	0	1	3153	3	0	3000
HV	297	Response	1	5085421	2979	1
HV	298	Picture	10	5117130	0	1	3153	3	0	3000
HV	299	Response	1	5120658	209	1
HV	300	Picture	10	5154141	0	2	3154	3	0	3000
HV	300	Response	1	5157336	3195	1
HV	302	Response	1	6887643	1695495	1
HV	304	Picture	10	6907941	0	2	3154	3	0	3000
HV	305	Response	1	6913994	2733	1
HV	306	Picture	10	6938978	0	1	3153	2	0	3000
HV	307	Response	2	6944245	1948	1
HV	307	Response	1	6945084	2787	1
HV	307	Response	1	6950631	8334	1
HV	308	Picture	11	6968188	0	1	3154	2	0	3000
HV	309	Response	1	6972472	964	1
HV	310	Picture	11	7000884	0	1	3154	2	0	3000
HV	310	Response	1	7003607	2723	2
HV	312	Picture	20	7030593	0	1	3153	2	0	3000
HV	312	Response	1	7033650	3057	2
HV	313	Response	2	7038987	5075	1
HV	314	Picture	11	7061795	0	1	3153	3	0	3000
HV	314	Response	1	7064872	3077	1
HV	316	Picture	11	7093495	0	1	3154	2	0	3000
HV	317	Response	1	7097658	843	1
HV	318	Picture	10	7133494	0	1	3153	2	0	3000
HV	319	Response	1	7137889	1076	1
HV	320	Picture	10	7173990	0	2	3154	3	0	3000
HV	320	Response	1	7176843	2853	1
HV	322	Picture	21	7211168	0	1	3153	2	0	3000
HV	322	Response	1	7214267	3099	1
HV	323	Response	2	7221314	6827	1
HV	324	Picture	20	7242536	0	1	3153	2	0	3000
HV	325	Response	1	7246699	844	2
HV	325	Response	2	7254519	8664	1
HV	326	Picture	20	7282369	0	1	3153	2	0	3000
HV	326	Response	1	7285513	3144	2
HV	328	Picture	20	7321537	0	2	3154	3	0	3000
HV	329	Response	2	7326771	1914	1
HV	330	Picture	21	7356723	0	1	3153	2	0	3000
HV	331	Response	2	7361570	1528	1
HV	332	Picture	10	7392074	0	2	3154	3	0	3000
HV	333	Response	2	7397697	2303	2
HV	334	Picture	20	7427094	0	1	3153	2	0	3000
HV	335	Response	1	7431656	1243	1
HV	336	Picture	11	7466761	0	1	3153	2	0	3000
HV	337	Response	2	7470844	764	1
HV	338	Picture	11	7496635	0	1	3154	2	0	3000
HV	339	Response	1	7500948	993	1
HV	340	Picture	20	7526510	0	1	3153	2	0	3000
HV	341	Response	2	7536952	7123	1
HV	342	Picture	10	7566840	0	2	3154	3	0	3000
HV	342	Response	1	7570147	3307	1
HV	344	Picture	11	7601860	0	1	3153	2	0	3000
HV	344	Response	2	7605147	3287	2
HV	346	Picture	21	7631734	0	2	3154	3	0	3000
HV	347	Response	1	7635274	220	1
HV	347	Response	2	7637860	2806	1
HV	348	Picture	11	7666256	0	1	3153	3	0	3000
HV	348	Response	2	7669069	2813	2
HV	350	Picture	10	7703101	0	2	3154	3	0	3000
HV	351	Response	2	7709675	3254	1
HV	352	Picture	20	7742934	0	1	3153	3	0	3000
HV	353	Response	1	7748867	2614	1
HV	354	Picture	10	7779447	0	2	3154	3	0	3000
HV	355	Response	2	7784459	1692	2
HV	356	Picture	10	7819778	0	1	3153	2	0	3000
HV	357	Response	1	7823338	241	1
HV	358	Picture	21	7849984	0	2	3154	3	0	3000
HV	359	Response	1	7854441	1137	1
HV	359	Response	2	7856084	2780	2
HV	359	Response	2	7867817	14513	1
HV	359	Response	2	7870619	17315	1
HV	360	Picture	11	7880523	0	1	3153	2	0	3000
HV	361	Response	1	7884632	790	1
HV	362	Picture	21	7916538	0	1	3154	2	0	3000
HV	363	Response	2	7920458	601	2
HV	364	Picture	21	7949566	0	1	3153	3	0	3000
HV	365	Response	2	7954816	1931	2
HV	366	Picture	21	7981266	0	2	3154	3	0	3000
HV	367	Response	2	7987880	3294	1
HV	368	Picture	21	8016950	0	1	3153	2	0	3000
HV	369	Response	2	8020501	232	1
HV	370	Picture	10	8048484	0	1	3153	2	0	3000
HV	371	Response	2	8052914	1111	1
HV	371	Response	1	8085440	33637	2
HV	372	Picture	10	8085661	0	1	3153	3	0	3000
HV	373	Response	2	8093784	4804	2
HV	373	Response	1	8103263	14283	2
HV	373	Response	1	8106576	17596	1
HV	374	Picture	21	8116199	0	2	3154	3	0	3000
HV	375	Response	2	8119629	110	2
HV	376	Picture	10	8144912	0	2	3154	3	0	3000
HV	378	Picture	10	8185409	0	1	3153	2	0	3000
HV	378	Response	2	8188702	3293	1
HV	380	Picture	10	8223084	0	1	3153	2	0	3000
HV	381	Response	1	8226987	584	1
HV	382	Picture	11	8262419	0	1	3153	2	0	3000
HV	383	Response	2	8266861	1123	1
HV	383	Response	1	8275412	9674	1
HV	383	Response	1	8287278	21540	1
HV	384	Picture	20	8296608	0	2	3154	3	0	3000
HV	385	Response	2	8303152	3224	1
HV	386	Picture	21	8336275	0	1	3153	3	0	3000
HV	387	Response	1	8345186	5592	1
HV	387	Response	2	8348015	8421	1
HV	388	Picture	11	8365984	0	1	3153	2	0	3000
HV	389	Response	2	8370989	1686	1
HV	389	Response	1	8373814	4511	1
HV	390	Picture	10	8406314	0	1	3154	2	0	3000
HV	390	Response	2	8409384	3070	1
HV	392	Picture	21	8439176	0	1	3154	2	0	3000
HV	393	Response	2	8444717	2221	2
HV	394	Picture	10	8469715	0	1	3153	2	0	3000
HV	395	Response	1	8476389	3355	1
HV	396	Picture	20	8504402	0	2	3154	3	0	3000
HV	397	Response	2	8509060	1338	2
HV	398	Picture	20	8537596	0	1	3154	2	0	3000
HV	399	Response	2	8542716	1801	1
HV	400	Picture	11	8575603	0	1	3154	2	0	3000
HV	401	Response	1	8581408	2485	1
HV	402	Picture	11	8613942	0	1	3153	3	0	3000
HV	403	Response	1	8620156	2895	2
HV	404	Picture	11	8649792	0	1	3153	2	0	3000
HV	405	Response	1	8654453	1342	1
HV	406	Picture	10	8686637	0	1	3153	2	0	3000
HV	407	Response	1	8690842	886	1
HV	408	Picture	21	8725474	0	1	3153	2	0	3000
HV	409	Response	2	8731306	2513	1
HV	410	Picture	10	8764974	0	2	3154	3	0	3000
HV	411	Response	2	8771249	2955	1
HV	412	Picture	10	8795181	0	1	3153	2	0	3000
HV	412	Response	1	8798191	3010	1
HV	413	Response	2	8824011	25511	1
HV	414	Picture	10	8830532	0	2	3154	3	0	3000
HV	415	Response	1	8837291	3439	1
HV	416	Picture	21	8870199	0	1	3153	3	0	3000
HV	417	Response	2	8875449	1931	2
HV	418	Picture	21	8900737	0	2	3154	3	0	3000
HV	419	Response	1	8905745	1688	1
HV	420	Picture	10	8940570	0	1	3154	2	0	3000
HV	422	Picture	20	8969947	0	1	3153	2	0	3000
HV	423	Response	1	8980481	7215	1
HV	424	Picture	21	9002975	0	1	3153	2	0	3000
HV	425	Response	2	9011317	5023	2
HV	426	Picture	20	9036832	0	2	3154	3	0	3000
HV	427	Response	1	9043515	3363	1
HV	428	Picture	20	9073678	0	1	3153	2	0	3000
HV	429	Response	2	9080053	3056	1
HV	430	Picture	11	9111851	0	1	3153	2	0	3000
HV	431	Response	1	9116718	1548	1
HV	432	Picture	20	9150024	0	1	3153	2	0	3000
HV	433	Response	1	9154354	1011	1
HV	434	Picture	21	9184213	0	2	3154	3	0	3000
HV	435	Response	1	9188414	881	2
HV	435	Response	2	9195323	7790	1
HV	436	Picture	21	9213258	0	1	3153	3	0	3000
HV	437	Response	1	9220161	3584	1
HV	437	Response	2	9223431	6854	1
HV	438	Picture	21	9251763	0	1	3153	2	0	3000
HV	439	Response	2	9257918	2836	1
HV	440	Picture	21	9288774	0	2	3154	3	0	3000
HV	441	Response	2	9292979	885	1
HV	442	Picture	20	9320806	0	2	3154	3	0	3000
HV	443	Response	1	9325832	1706	1
HV	444	Picture	11	9355494	0	1	3153	2	0	3000
HV	445	Response	2	9361753	2940	2
HV	445	Response	1	9366304	7491	1
HV	446	Picture	11	9389684	0	1	3153	2	0	3000
HV	447	Response	2	9395825	2822	1
HV	447	Response	1	9396485	3482	2
HV	448	Picture	20	9420554	0	1	3153	3	0	3000
HV	449	Response	2	9426415	2542	1
HV	450	Picture	10	9454412	0	1	3153	2	0	3000
HV	451	Response	1	9462084	4353	2
HV	452	Picture	11	9491921	0	1	3153	2	0	3000
HV	452	Response	1	9495105	3184	1
HV	454	Picture	21	9529430	0	1	3153	3	0	3000
HV	455	Response	2	9534359	1610	1
HV	456	Picture	20	9562458	0	1	3153	3	0	3000
HV	457	Response	2	9567950	2173	2
HV	458	Picture	20	9598141	0	2	3154	3	0	3000
HV	459	Response	2	9604220	2759	1
HV	460	Picture	10	9630174	0	1	3153	2	0	3000
HV	462	Picture	10	9668844	0	2	3154	3	0	3000
HV	463	Response	2	9676035	3871	1
HV	463	Response	1	9682853	10689	1
HV	464	Picture	20	9701374	0	2	3154	3	0	3000
HV	465	Response	2	9711245	6551	1
HV	466	Picture	21	9733241	0	1	3153	2	0	3000
HV	467	Response	2	9740876	4316	1
HV	468	Picture	21	9766600	0	2	3154	3	0	3000
HV	469	Response	2	9789663	19743	1
HV	470	Picture	21	9795977	0	1	3153	3	0	3000
HV	471	Response	2	9801672	2376	1
HV	472	Picture	20	9833818	0	1	3154	2	0	3000
HV	473	Response	2	9837298	160	2
HV	474	Picture	10	9867178	0	1	3153	3	0	3000
HV	475	Response	2	9872827	2330	1
HV	476	Picture	10	9907177	0	1	3153	2	0	3000
HV	477	Response	2	9911726	1230	1
HV	478	Picture	20	9947507	0	2	3154	3	0	3000
HV	479	Response	2	9952775	1948	2
HV	480	Picture	10	9976718	0	1	3153	3	0	3000
HV	482	Picture	10	10014559	0	1	3153	2	0	3000
HV	483	Response	2	10020220	2342	1
HV	484	Picture	21	10045761	0	2	3154	3	0	3000
HV	485	Response	2	10050712	1631	1
HV	486	Picture	21	10085428	0	1	3153	3	0	3000
HV	487	Response	2	10090881	2134	1
HV	488	Picture	20	10116630	0	2	3154	3	0	3000
HV	489	Response	2	10121069	1119	1
HV	490	Picture	11	10150156	0	1	3153	3	0	3000
HV	491	Response	2	10154685	1210	1
HV	492	Picture	21	10185342	0	1	3153	2	0	3000
HV	493	Response	2	10190544	1883	1
HV	494	Picture	20	10222187	0	1	3153	2	0	3000
HV	495	Response	2	10226879	1373	1
HV	496	Picture	21	10253389	0	1	3153	3	0	3000
HV	497	Response	2	10256802	94	1
HV	498	Picture	21	10293554	0	1	3153	2	0	3000
HV	499	Response	2	10297111	238	1
HV	500	Picture	11	10326250	0	1	3153	2	0	3000
HV	501	Response	2	10331433	1864	1
HV	501	Response	1	10335028	5459	1
HV	502	Picture	20	10363759	0	1	3153	2	0	3000
HV	503	Response	1	10367845	767	1
HV	504	Picture	11	10400936	0	1	3153	3	0	3000
HV	505	Response	2	10406885	2630	2
HV	505	Response	1	10412596	8341	2
HV	506	Picture	10	10436785	0	2	3154	3	0	3000
HV	508	Picture	10	10465498	0	1	3154	2	0	3000
HV	509	Response	1	10472184	3366	1
HV	510	Picture	21	10505663	0	1	3153	2	0	3000
HV	511	Response	2	10510216	1234	1
HV	512	Picture	21	10539853	0	1	3153	2	0	3000
HV	513	Response	2	10546165	2993	1
HV	514	Picture	11	10575204	0	1	3153	3	0	3000
HV	515	Response	1	10583177	4654	1
HV	516	Picture	21	10613211	0	1	3153	3	0	3000
HV	517	Response	2	10619919	3389	2
HV	518	Picture	10	10641924	0	1	3153	2	0	3000
HV	519	Response	1	10646929	1686	1
HV	520	Picture	21	10675118	0	1	3153	2	0	3000
HV	521	Response	2	10684525	6088	1
HV	522	Picture	11	10707316	0	1	3153	2	0	3000
HV	524	Picture	10	10742003	0	2	3154	3	0	3000
HV	524	Response	2	10745232	3229	2
HV	526	Picture	20	10771712	0	1	3153	2	0	3000
HV	527	Response	2	10778088	3057	1
HV	528	Picture	20	10804740	0	1	3153	2	0	3000
HV	529	Response	2	10809967	1908	1
HV	530	Picture	10	10843909	0	1	3153	2	0	3000
HV	531	Response	2	10848308	1080	1
HV	532	Picture	10	10880422	0	1	3153	3	0	3000
HV	533	Response	1	10885549	1808	1
HV	534	Picture	11	10918429	0	1	3153	3	0	3000
HV	535	Response	1	10924301	2553	1
HV	535	Response	2	10925946	4198	2
HV	536	Picture	21	10950461	0	1	3154	2	0	3000
HV	537	Response	2	10954959	1178	1
HV	538	Picture	11	10981165	0	2	3154	3	0	3000
HV	539	Response	1	10986393	1963	1
HV	540	Picture	10	11014691	0	2	3154	3	0	3000
HV	541	Response	1	11019803	1792	1
HV	542	Picture	21	11046557	0	2	3154	3	0	3000
HV	543	Response	2	11054063	4186	2
HV	544	Picture	21	11081577	0	1	3153	3	0	3000
HV	545	Response	2	11085054	158	1
HV	546	Picture	21	11116929	0	1	3153	2	0	3000
HV	547	Response	2	11122148	1900	2
HV	548	Picture	20	11156097	0	2	3154	3	0	3000
HV	549	Response	2	11161373	1956	1
HV	550	Picture	21	11190287	0	1	3154	2	0	3000
HV	551	Response	2	11195370	1763	1
HV	552	Picture	10	11219664	0	1	3153	2	0	3000
HV	552	Response	2	11222339	2675	1
HV	554	Picture	21	11258833	0	1	3153	2	0	3000
HV	555	Response	2	11262533	381	1
HV	556	Picture	20	11291197	0	1	3153	2	0	3000
HV	557	Response	2	11301817	7301	1
HV	558	Picture	20	11327876	0	1	3153	2	0	3000
HV	560	Picture	20	11359576	0	1	3153	3	0	3000
HV	561	Response	2	11365131	2236	1
HV	562	Picture	20	11394430	0	1	3153	2	0	3000
HV	563	Response	2	11399278	1529	1
HV	564	Picture	21	11433764	0	2	3154	3	0	3000
HV	565	Response	2	11442043	4959	1
HV	566	Picture	21	11462809	0	1	3153	3	0	3000
HV	567	Response	2	11467921	1793	2
HV	568	Picture	11	11492518	0	1	3153	2	0	3000
HV	569	Response	2	11500744	4907	1
HV	569	Response	1	11505322	9485	1
HV	570	Picture	10	11532848	0	2	3154	3	0	3000
HV	572	Picture	11	11561727	0	1	3153	2	0	3000
HV	574	Picture	11	11597576	0	2	3154	3	0	3000
HV	575	Response	1	11605076	4180	1
HV	576	Picture	10	11631268	0	1	3154	2	0	3000
HV	577	Response	2	11640755	6168	1
HV	578	Picture	11	11670603	0	1	3153	3	0	3000
HV	579	Response	1	11676733	2811	2
HV	580	Picture	21	11701307	0	2	3154	3	0	3000
HV	582	Picture	10	11740476	0	1	3153	3	0	3000
HV	583	Response	2	11745469	1674	1
HV	584	Picture	20	11774998	0	1	3153	2	0	3000
HV	586	Picture	20	11804374	0	2	3154	3	0	3000
HV	587	Response	2	11808567	873	1
HV	588	Picture	20	11838730	0	1	3153	3	0	3000
HV	588	Response	2	11841943	3213	1
HV	590	Picture	11	11876405	0	1	3154	2	0	3000
HV	590	Response	2	11879665	3260	1
HV	592	Picture	10	11912586	0	2	3154	3	0	3000
HV	593	Response	1	11917210	1304	2
HV	594	Picture	21	11941133	0	2	3154	3	0	3000
HV	594	Response	2	11944299	3166	2
HV	596	Picture	10	11971173	0	3	3154	4	0	3000
HV	597	Response	1	11974444	0	66
HV	598	Picture	10	12001048	0	2	3154	3	0	3000
HV	599	Response	2	12005934	1566	1
HV	600	Picture	10	12041047	0	1	3153	2	0	3000
HV	601	Response	2	12044661	295	1
HV	602	Picture	21	12078722	0	1	3153	3	0	3000
HV	603	Response	2	12087755	5714	1
HV	604	Response	2	12165027	57260	6


Event Type	Code	Type	Response	RT	RT Uncertainty	Time	Uncertainty	Duration	Uncertainty	ReqTime	ReqDur

Picture	10	other				10414	1	3153	2	0	3000
Picture	20	other				49748	2	3154	3	0	3000
Picture	10	other				87589	2	3154	3	0	3000
Picture	10	other				126260	2	3154	3	0	3000
Picture	21	other				156467	1	3153	2	0	3000
Picture	10	other				193146	1	3153	3	0	3000
Picture	21	other				232979	1	3153	2	0	3000
Picture	10	other				265841	1	3153	2	0	3000
Picture	10	other				295881	1	3154	2	0	3000
Picture	11	other				335880	1	3153	2	0	3000
Picture	20	other				368908	1	3153	2	0	3000
Picture	20	other				408409	1	3153	2	0	3000
Picture	10	other				448407	1	3154	2	0	3000
Picture	20	other				482431	1	3153	2	0	3000
Picture	21	other				516455	1	3153	2	0	3000
Picture	11	other				550312	2	3154	3	0	3000
Picture	21	other				578693	2	3154	3	0	3000
Picture	10	other				612551	1	3153	3	0	3000
Picture	20	other				642591	2	3154	3	0	3000
Picture	11	other				681594	2	3154	3	0	3000
Picture	11	other				713958	2	3154	3	0	3000
Picture	11	other				746156	2	3154	3	0	3000
Picture	20	other				785491	2	3154	3	0	3000
Picture	21	other				824826	1	3153	3	0	3000
Picture	10	other				853705	1	3153	2	0	3000
Picture	11	other				888392	2	3154	3	0	3000
Picture	20	other				924740	1	3153	2	0	3000
Picture	10	other				955610	1	3153	3	0	3000
Picture	10	other				989136	1	3153	2	0	3000
Picture	20	other				1020338	1	3154	2	0	3000
Picture	20	other				1054860	1	3153	2	0	3000
Picture	20	other				1093199	1	3153	2	0	3000
Picture	21	other				1127223	1	3153	2	0	3000
Picture	10	other				1161080	2	3154	3	0	3000
Picture	21	other				1191785	1	3153	2	0	3000
Picture	11	other				1228962	1	3153	2	0	3000
Picture	10	other				1261824	1	3153	2	0	3000
Picture	20	other				1299001	1	3153	3	0	3000
Picture	10	other				1327880	1	3153	2	0	3000
Picture	10	other				1365223	1	3153	2	0	3000
Picture	21	other				1396923	1	3153	3	0	3000
Picture	21	other				1430283	1	3153	2	0	3000
Picture	11	other				1469618	1	3153	2	0	3000
Picture	10	other				1509782	2	3154	3	0	3000
Picture	10	other				1546628	1	3153	2	0	3000
Picture	10	other				1582477	1	3153	2	0	3000
Picture	20	other				1618824	2	3154	3	0	3000
Picture	11	other				1654342	1	3153	2	0	3000
Picture	11	other				1691851	1	3153	2	0	3000
Picture	10	other				1721393	2	3154	3	0	3000
Picture	20	other				1752596	1	3153	2	0	3000
Picture	10	other				1790603	1	3153	2	0	3000
Picture	21	other				1820311	2	3154	3	0	3000
Picture	20	other				1854501	1	3153	3	0	3000
Picture	20	other				1894334	1	3153	2	0	3000
Picture	10	other				1927528	1	3153	2	0	3000
Picture	10	other				1964041	1	3153	2	0	3000
Picture	20	other				1997733	1	3153	2	0	3000
Picture	11	other				2026777	2	3154	3	0	3000
Picture	11	other				2065282	2	3154	3	0	3000
Picture	21	other				2100468	1	3153	2	0	3000
Picture	11	other				2136815	1	3154	2	0	3000
Picture	11	other				2173826	2	3154	3	0	3000
Picture	11	other				2209178	1	3153	2	0	3000
Picture	11	other				2240380	1	3154	2	0	3000
Picture	11	other				2275400	1	3153	2	0	3000
Picture	21	other				2306104	1	3153	3	0	3000
Picture	11	other				2342949	2	3154	3	0	3000
Picture	20	other				2372658	1	3153	2	0	3000
Picture	10	other				2405022	1	3153	2	0	3000
Picture	21	other				2444855	1	3153	2	0	3000
Picture	21	other				2476887	1	3153	2	0	3000
Picture	21	other				2509251	1	3153	2	0	3000
Picture	10	other				2549249	2	3154	3	0	3000
Picture	20	other				2586593	1	3153	2	0	3000
Picture	10	other				2622442	1	3153	3	0	3000
Picture	10	other				2660947	1	3153	2	0	3000
Picture	21	other				2694307	1	3153	2	0	3000
Picture	10	other				2726007	1	3153	3	0	3000
Picture	20	other				2755052	1	3153	2	0	3000
Picture	20	other				2794386	2	3154	3	0	3000
Picture	10	other				2831730	1	3153	2	0	3000
Picture	10	other				2860442	2	3154	3	0	3000
Picture	20	other				2896956	1	3153	2	0	3000
Picture	21	other				2927328	1	3153	3	0	3000
Picture	20	other				2965833	1	3153	3	0	3000
Picture	20	other				2997201	1	3154	2	0	3000
Picture	10	other				3030727	1	3153	3	0	3000
Picture	11	other				3065249	1	3153	2	0	3000
Picture	21	other				3096285	1	3153	3	0	3000
Picture	20	other				3127321	2	3154	3	0	3000
Picture	20	other				3160349	2	3154	3	0	3000
Picture	20	other				3191552	1	3153	2	0	3000
Picture	21	other				3221592	1	3153	3	0	3000
Picture	21	other				3255450	1	3153	2	0	3000
Picture	11	other				3289142	1	3153	2	0	3000
Picture	11	other				3326651	1	3153	2	0	3000
Picture	20	other				3362002	2	3154	3	0	3000
Picture	21	other				3392375	1	3153	2	0	3000
Picture	10	other				3430382	1	3153	2	0	3000
Picture	21	other				3468555	1	3153	2	0	3000
Picture	11	other				3499757	1	3153	3	0	3000
Picture	11	other				3533947	1	3153	2	0	3000
Picture	20	other				3572618	1	3153	2	0	3000
Picture	10	other				3601828	1	3154	2	0	3000
Picture	11	other				3634524	1	3154	2	0	3000
Picture	20	other				3673361	1	3153	3	0	3000
Picture	21	other				3705891	1	3154	2	0	3000
Picture	11	other				3738919	1	3153	3	0	3000
Picture	10	other				3773607	1	3153	2	0	3000
Picture	11	other				3805473	1	3153	2	0	3000
Picture	11	other				3834683	2	3154	3	0	3000
Picture	20	other				3864558	1	3153	3	0	3000
Picture	21	other				3901569	1	3154	2	0	3000
Picture	20	other				3938580	2	3154	3	0	3000
Picture	10	other				3978745	1	3153	3	0	3000
Picture	21	other				4012603	1	3153	2	0	3000
Picture	21	other				4043141	1	3154	2	0	3000
Picture	21	other				4080484	2	3154	3	0	3000
Picture	11	other				4114508	1	3153	3	0	3000
Picture	20	other				4143719	1	3153	2	0	3000
Picture	20	other				4174257	1	3154	2	0	3000
Picture	11	other				4211766	1	3154	2	0	3000
Picture	11	other				4242636	2	3154	3	0	3000
Picture	21	other				4273673	1	3153	2	0	3000
Picture	21	other				4310684	1	3153	3	0	3000
Picture	11	other				4346865	2	3154	3	0	3000
Picture	20	other				4387362	1	3153	3	0	3000
Picture	21	other				4420556	1	3153	2	0	3000
Picture	20	other				4457567	1	3153	3	0	3000
Picture	21	other				4489931	2	3154	3	0	3000
Picture	21	other				4527440	2	3154	3	0	3000
Picture	11	other				4559472	2	3154	3	0	3000
Picture	10	other				4596650	1	3153	2	0	3000
Picture	10	other				4628018	1	3153	2	0	3000
Picture	11	other				4660880	1	3153	2	0	3000
Picture	10	other				4696065	2	3154	3	0	3000
Picture	11	other				4728429	2	3154	3	0	3000
Picture	11	other				4768760	1	3153	2	0	3000
Picture	11	other				4806933	1	3153	2	0	3000
Picture	11	other				4836144	1	3153	2	0	3000
Picture	10	other				4876142	2	3154	3	0	3000
Picture	21	other				4916141	1	3153	2	0	3000
Picture	21	other				4944854	1	3153	2	0	3000
Picture	11	other				4980371	1	3154	2	0	3000
Picture	21	other				5013731	1	3153	3	0	3000
Picture	11	other				5047921	1	3153	2	0	3000
Picture	20	other				5079123	1	3153	3	0	3000
Picture	10	other				5117130	1	3153	3	0	3000
Picture	10	other				5154141	2	3154	3	0	3000
Picture	10	other				6907941	2	3154	3	0	3000
Picture	10	other				6938978	1	3153	2	0	3000
Picture	11	other				6968188	1	3154	2	0	3000
Picture	11	other				7000884	1	3154	2	0	3000
Picture	20	other				7030593	1	3153	2	0	3000
Picture	11	other				7061795	1	3153	3	0	3000
Picture	11	other				7093495	1	3154	2	0	3000
Picture	10	other				7133494	1	3153	2	0	3000
Picture	10	other				7173990	2	3154	3	0	3000
Picture	21	other				7211168	1	3153	2	0	3000
Picture	20	other				7242536	1	3153	2	0	3000
Picture	20	other				7282369	1	3153	2	0	3000
Picture	20	other				7321537	2	3154	3	0	3000
Picture	21	other				7356723	1	3153	2	0	3000
Picture	10	other				7392074	2	3154	3	0	3000
Picture	20	other				7427094	1	3153	2	0	3000
Picture	11	other				7466761	1	3153	2	0	3000
Picture	11	other				7496635	1	3154	2	0	3000
Picture	20	other				7526510	1	3153	2	0	3000
Picture	10	other				7566840	2	3154	3	0	3000
Picture	11	other				7601860	1	3153	2	0	3000
Picture	21	other				7631734	2	3154	3	0	3000
Picture	11	other				7666256	1	3153	3	0	3000
Picture	10	other				7703101	2	3154	3	0	3000
Picture	20	other				7742934	1	3153	3	0	3000
Picture	10	other				7779447	2	3154	3	0	3000
Picture	10	other				7819778	1	3153	2	0	3000
Picture	21	other				7849984	2	3154	3	0	3000
Picture	11	other				7880523	1	3153	2	0	3000
Picture	21	other				7916538	1	3154	2	0	3000
Picture	21	other				7949566	1	3153	3	0	3000
Picture	21	other				7981266	2	3154	3	0	3000
Picture	21	other				8016950	1	3153	2	0	3000
Picture	10	other				8048484	1	3153	2	0	3000
Picture	10	other				8085661	1	3153	3	0	3000
Picture	21	other				8116199	2	3154	3	0	3000
Picture	10	other				8144912	2	3154	3	0	3000
Picture	10	other				8185409	1	3153	2	0	3000
Picture	10	other				8223084	1	3153	2	0	3000
Picture	11	other				8262419	1	3153	2	0	3000
Picture	20	other				8296608	2	3154	3	0	3000
Picture	21	other				8336275	1	3153	3	0	3000
Picture	11	other				8365984	1	3153	2	0	3000
Picture	10	other				8406314	1	3154	2	0	3000
Picture	21	other				8439176	1	3154	2	0	3000
Picture	10	other				8469715	1	3153	2	0	3000
Picture	20	other				8504402	2	3154	3	0	3000
Picture	20	other				8537596	1	3154	2	0	3000
Picture	11	other				8575603	1	3154	2	0	3000
Picture	11	other				8613942	1	3153	3	0	3000
Picture	11	other				8649792	1	3153	2	0	3000
Picture	10	other				8686637	1	3153	2	0	3000
Picture	21	other				8725474	1	3153	2	0	3000
Picture	10	other				8764974	2	3154	3	0	3000
Picture	10	other				8795181	1	3153	2	0	3000
Picture	10	other				8830532	2	3154	3	0	3000
Picture	21	other				8870199	1	3153	3	0	3000
Picture	21	other				8900737	2	3154	3	0	3000
Picture	10	other				8940570	1	3154	2	0	3000
Picture	20	other				8969947	1	3153	2	0	3000
Picture	21	other				9002975	1	3153	2	0	3000
Picture	20	other				9036832	2	3154	3	0	3000
Picture	20	other				9073678	1	3153	2	0	3000
Picture	11	other				9111851	1	3153	2	0	3000
Picture	20	other				9150024	1	3153	2	0	3000
Picture	21	other				9184213	2	3154	3	0	3000
Picture	21	other				9213258	1	3153	3	0	3000
Picture	21	other				9251763	1	3153	2	0	3000
Picture	21	other				9288774	2	3154	3	0	3000
Picture	20	other				9320806	2	3154	3	0	3000
Picture	11	other				9355494	1	3153	2	0	3000
Picture	11	other				9389684	1	3153	2	0	3000
Picture	20	other				9420554	1	3153	3	0	3000
Picture	10	other				9454412	1	3153	2	0	3000
Picture	11	other				9491921	1	3153	2	0	3000
Picture	21	other				9529430	1	3153	3	0	3000
Picture	20	other				9562458	1	3153	3	0	3000
Picture	20	other				9598141	2	3154	3	0	3000
Picture	10	other				9630174	1	3153	2	0	3000
Picture	10	other				9668844	2	3154	3	0	3000
Picture	20	other				9701374	2	3154	3	0	3000
Picture	21	other				9733241	1	3153	2	0	3000
Picture	21	other				9766600	2	3154	3	0	3000
Picture	21	other				9795977	1	3153	3	0	3000
Picture	20	other				9833818	1	3154	2	0	3000
Picture	10	other				9867178	1	3153	3	0	3000
Picture	10	other				9907177	1	3153	2	0	3000
Picture	20	other				9947507	2	3154	3	0	3000
Picture	10	other				9976718	1	3153	3	0	3000
Picture	10	other				10014559	1	3153	2	0	3000
Picture	21	other				10045761	2	3154	3	0	3000
Picture	21	other				10085428	1	3153	3	0	3000
Picture	20	other				10116630	2	3154	3	0	3000
Picture	11	other				10150156	1	3153	3	0	3000
Picture	21	other				10185342	1	3153	2	0	3000
Picture	20	other				10222187	1	3153	2	0	3000
Picture	21	other				10253389	1	3153	3	0	3000
Picture	21	other				10293554	1	3153	2	0	3000
Picture	11	other				10326250	1	3153	2	0	3000
Picture	20	other				10363759	1	3153	2	0	3000
Picture	11	other				10400936	1	3153	3	0	3000
Picture	10	other				10436785	2	3154	3	0	3000
Picture	10	other				10465498	1	3154	2	0	3000
Picture	21	other				10505663	1	3153	2	0	3000
Picture	21	other				10539853	1	3153	2	0	3000
Picture	11	other				10575204	1	3153	3	0	3000
Picture	21	other				10613211	1	3153	3	0	3000
Picture	10	other				10641924	1	3153	2	0	3000
Picture	21	other				10675118	1	3153	2	0	3000
Picture	11	other				10707316	1	3153	2	0	3000
Picture	10	other				10742003	2	3154	3	0	3000
Picture	20	other				10771712	1	3153	2	0	3000
Picture	20	other				10804740	1	3153	2	0	3000
Picture	10	other				10843909	1	3153	2	0	3000
Picture	10	other				10880422	1	3153	3	0	3000
Picture	11	other				10918429	1	3153	3	0	3000
Picture	21	other				10950461	1	3154	2	0	3000
Picture	11	other				10981165	2	3154	3	0	3000
Picture	10	other				11014691	2	3154	3	0	3000
Picture	21	other				11046557	2	3154	3	0	3000
Picture	21	other				11081577	1	3153	3	0	3000
Picture	21	other				11116929	1	3153	2	0	3000
Picture	20	other				11156097	2	3154	3	0	3000
Picture	21	other				11190287	1	3154	2	0	3000
Picture	10	other				11219664	1	3153	2	0	3000
Picture	21	other				11258833	1	3153	2	0	3000
Picture	20	other				11291197	1	3153	2	0	3000
Picture	20	other				11327876	1	3153	2	0	3000
Picture	20	other				11359576	1	3153	3	0	3000
Picture	20	other				11394430	1	3153	2	0	3000
Picture	21	other				11433764	2	3154	3	0	3000
Picture	21	other				11462809	1	3153	3	0	3000
Picture	11	other				11492518	1	3153	2	0	3000
Picture	10	other				11532848	2	3154	3	0	3000
Picture	11	other				11561727	1	3153	2	0	3000
Picture	11	other				11597576	2	3154	3	0	3000
Picture	10	other				11631268	1	3154	2	0	3000
Picture	11	other				11670603	1	3153	3	0	3000
Picture	21	other				11701307	2	3154	3	0	3000
Picture	10	other				11740476	1	3153	3	0	3000
Picture	20	other				11774998	1	3153	2	0	3000
Picture	20	other				11804374	2	3154	3	0	3000
Picture	20	other				11838730	1	3153	3	0	3000
Picture	11	other				11876405	1	3154	2	0	3000
Picture	10	other				11912586	2	3154	3	0	3000
Picture	21	other				11941133	2	3154	3	0	3000
Picture	10	other				11971173	3	3154	4	0	3000
Picture	10	other				12001048	2	3154	3	0	3000
Picture	10	other				12041047	1	3153	2	0	3000
Picture	21	other				12078722	1	3153	3	0	3000
