Scenario - GO/NO-GO
Logfile written - 05/06/2011 08:45:18

Subject	Trial	Event Type	Code	Time	TTime	Uncertainty	Duration	Uncertainty	ReqTime	ReqDur

HV	2	Picture	22	289	0	2	3154	3	0	3000
HV	2	Response	1	7038	6749	1
HV	3	Picture	22	38960	0	2	3154	3	0	3000
HV	3	Response	1	43553	4593	1
HV	4	Picture	22	71324	0	2	3154	3	0	3000
HV	4	Response	1	75223	3899	1
HV	5	Picture	22	107672	0	1	3153	2	0	3000
HV	5	Response	1	111234	3562	1
HV	6	Picture	22	140534	0	1	3153	2	0	3000
HV	6	Response	1	143738	3204	2
HV	7	Picture	33	175553	0	2	3154	3	0	3000
HV	8	Picture	22	214224	0	1	3154	2	0	3000
HV	8	Response	1	217128	2904	1
HV	9	Picture	22	254057	0	1	3153	2	0	3000
HV	9	Response	1	257760	3703	2
HV	10	Picture	22	291732	0	1	3153	3	0	3000
HV	10	Response	1	297000	5268	1
HV	11	Picture	22	319947	0	1	3153	2	0	3000
HV	11	Response	1	323800	3853	1
HV	12	Picture	22	357124	0	1	3153	2	0	3000
HV	12	Response	1	361027	3903	2
HV	13	Picture	22	395629	0	1	3153	2	0	3000
HV	13	Response	1	399378	3749	1
HV	14	Picture	22	427495	0	1	3153	3	0	3000
HV	14	Response	1	430879	3384	1
HV	15	Picture	33	466664	0	1	3153	2	0	3000
HV	16	Picture	22	505169	0	1	3153	2	0	3000
HV	16	Response	1	508225	3056	1
HV	17	Picture	22	536703	0	1	3153	3	0	3000
HV	17	Response	1	540279	3576	1
HV	18	Picture	22	573880	0	1	3154	2	0	3000
HV	18	Response	1	577799	3919	1
HV	19	Picture	22	605082	0	2	3154	3	0	3000
HV	19	Response	1	608024	2942	1
HV	20	Picture	22	633629	0	1	3154	2	0	3000
HV	20	Response	1	637012	3383	1
HV	21	Picture	33	663172	0	1	3153	2	0	3000
HV	22	Picture	22	700183	0	1	3153	2	0	3000
HV	22	Response	1	703278	3095	1
HV	23	Picture	22	729560	0	1	3153	2	0	3000
HV	23	Response	1	736050	6490	1
HV	24	Picture	22	761758	0	1	3153	2	0	3000
HV	24	Response	1	765833	4075	1
HV	25	Picture	22	800263	0	1	3152	3	0	3000
HV	25	Response	1	803416	3153	1
HV	26	Picture	22	828809	0	2	3154	3	0	3000
HV	26	Response	1	832279	3470	1
HV	27	Picture	22	857024	0	1	3153	3	0	3000
HV	27	Response	1	860172	3148	2
HV	28	Picture	22	894699	0	1	3154	2	0	3000
HV	28	Response	1	899649	4950	1
HV	29	Picture	33	929387	0	1	3153	2	0	3000
HV	29	Response	1	933267	3880	1
HV	30	Picture	22	962913	0	1	3153	2	0	3000
HV	30	Response	1	967360	4447	1
HV	31	Picture	22	997268	0	2	3154	3	0	3000
HV	31	Response	1	1001339	4071	1
HV	32	Picture	22	1035607	0	2	3154	3	0	3000
HV	32	Response	1	1040309	4702	1
HV	33	Picture	22	1071623	0	1	3153	2	0	3000
HV	33	Response	1	1074852	3229	1
HV	34	Picture	22	1109132	0	1	3153	2	0	3000
HV	34	Response	1	1112435	3303	1
HV	35	Picture	33	1147471	0	1	3153	2	0	3000
HV	35	Response	1	1151318	3847	1
HV	36	Picture	22	1183320	0	1	3154	2	0	3000
HV	36	Response	1	1187534	4214	2
HV	37	Picture	22	1218174	0	1	3153	2	0	3000
HV	37	Response	1	1221541	3367	1
HV	38	Picture	22	1249376	0	1	3153	3	0	3000
HV	38	Response	1	1255517	6141	1
HV	39	Picture	33	1282736	0	1	3153	2	0	3000
HV	39	Response	1	1288189	5453	2
HV	40	Picture	22	1314104	0	1	3153	4	0	3000
HV	40	Response	1	1319884	5780	2
HV	41	Picture	22	1350617	0	2	3154	3	0	3000
HV	41	Response	1	1353414	2797	1
HV	42	Picture	22	1380326	0	1	3153	3	0	3000
HV	42	Response	1	1383842	3516	1
HV	43	Picture	33	1420325	0	1	3153	2	0	3000
HV	44	Picture	22	1448539	0	2	3154	3	0	3000
HV	44	Response	1	1452261	3722	1
HV	45	Picture	22	1483559	0	1	3153	3	0	3000
HV	45	Response	1	1486474	2915	1
HV	46	Picture	22	1520238	0	2	3154	3	0	3000
HV	46	Response	1	1526627	6389	1
HV	47	Picture	22	1558079	0	2	3154	3	0	3000
HV	47	Response	1	1562076	3997	2
HV	48	Picture	22	1593265	0	1	3153	2	0	3000
HV	48	Response	1	1596703	3438	1
HV	49	Picture	22	1621978	0	1	3153	2	0	3000
HV	49	Response	1	1627818	5840	1
HV	50	Picture	22	1653014	0	1	3153	2	0	3000
HV	50	Response	1	1658246	5232	1
HV	51	Picture	33	1688697	0	2	3154	3	0	3000
HV	52	Picture	22	1721891	0	2	3154	3	0	3000
HV	52	Response	1	1725509	3618	1
HV	53	Picture	22	1756247	0	1	3153	3	0	3000
HV	53	Response	1	1760957	4710	2
HV	54	Picture	22	1794752	0	1	3153	2	0	3000
HV	54	Response	1	1798858	4106	2
HV	55	Picture	22	1828610	0	1	3153	2	0	3000
HV	55	Response	1	1833307	4697	1
HV	56	Picture	22	1863629	0	1	3154	2	0	3000
HV	56	Response	1	1867403	3774	1
HV	57	Picture	33	1901968	0	1	3154	2	0	3000
HV	58	Picture	22	1930847	0	1	3153	2	0	3000
HV	58	Response	1	1934022	3175	1
HV	59	Picture	22	1968356	0	1	3153	3	0	3000
HV	59	Response	1	1972402	4046	1
HV	60	Picture	22	1996903	0	1	3153	2	0	3000
HV	60	Response	1	2000825	3922	1
HV	61	Picture	22	2030595	0	1	3153	2	0	3000
HV	61	Response	1	2034299	3704	1
HV	62	Picture	22	2067938	0	1	3153	2	0	3000
HV	62	Response	1	2071676	3738	1
HV	63	Picture	22	2099804	0	1	3153	2	0	3000
HV	63	Response	1	2104262	4458	1
HV	64	Picture	22	2132998	0	1	3153	2	0	3000
HV	64	Response	1	2137324	4326	1
HV	65	Picture	33	2162706	0	2	3154	3	0	3000
HV	66	Picture	22	2202373	0	1	3153	3	0	3000
HV	66	Response	1	2204826	2453	1
HV	67	Picture	22	2231750	0	1	3153	2	0	3000
HV	67	Response	1	2234988	3238	1
HV	68	Picture	22	2264612	0	1	3153	2	0	3000
HV	68	Response	1	2268018	3406	1
HV	69	Picture	33	2295150	0	1	3153	2	0	3000
HV	70	Picture	22	2329672	0	1	3153	2	0	3000
HV	70	Response	1	2333536	3864	2
HV	71	Picture	22	2358052	0	2	3154	3	0	3000
HV	71	Response	1	2362367	4315	2
HV	72	Picture	22	2390582	0	2	3154	3	0	3000
HV	72	Response	1	2393650	3068	1
HV	73	Picture	33	2419129	0	1	3154	2	0	3000
HV	74	Picture	22	2456804	0	2	3154	3	0	3000
HV	74	Response	1	2460149	3345	1
HV	75	Picture	22	2490496	0	1	3154	2	0	3000
HV	75	Response	1	2493798	3302	2
HV	76	Picture	22	2519707	0	1	3153	2	0	3000
HV	76	Response	1	2522840	3133	2
HV	77	Picture	22	2551573	0	1	3153	2	0	3000
HV	77	Response	1	2558116	6543	1
HV	78	Picture	22	2585929	0	1	3153	2	0	3000
HV	78	Response	1	2590370	4441	1
HV	79	Picture	33	2616633	0	1	3153	3	0	3000
HV	80	Picture	22	2645678	0	1	3153	2	0	3000
HV	80	Response	1	2649455	3777	2
HV	81	Picture	22	2683851	0	1	3153	2	0	3000
HV	81	Response	1	2687861	4010	2
HV	82	Picture	22	2717210	0	2	3154	3	0	3000
HV	82	Response	1	2721126	3916	1
HV	83	Picture	33	2745757	0	2	3154	3	0	3000
HV	84	Picture	22	2781773	0	1	3153	2	0	3000
HV	84	Response	1	2785697	3924	1
HV	85	Picture	33	2819282	0	1	3153	2	0	3000
HV	86	Picture	22	2850152	0	1	3153	3	0	3000
HV	86	Response	1	2853607	3455	3
HV	87	Picture	22	2883512	0	1	3153	2	0	3000
HV	87	Response	1	2887998	4486	1
HV	88	Picture	22	2920357	0	1	3154	2	0	3000
HV	88	Response	1	2923923	3566	1
HV	89	Picture	33	2949402	0	1	3153	2	0	3000
HV	89	Response	1	2953349	3947	1
HV	90	Picture	22	2982762	0	1	3153	2	0	3000
HV	90	Response	1	2985663	2901	2
HV	91	Picture	22	3015292	0	1	3153	2	0	3000
HV	91	Response	1	3018220	2928	1
HV	92	Picture	22	3051307	0	1	3154	2	0	3000
HV	92	Response	1	3055621	4314	1
HV	93	Picture	33	3089978	0	1	3153	3	0	3000
HV	93	Response	1	3095828	5850	1
HV	94	Picture	22	3122840	0	1	3153	3	0	3000
HV	94	Response	1	3128911	6071	1
HV	95	Picture	22	3157860	0	1	3153	2	0	3000
HV	95	Response	1	3161550	3690	2
HV	96	Picture	22	3190722	0	1	3153	2	0	3000
HV	96	Response	1	3193838	3116	1
HV	97	Picture	22	3226405	0	1	3153	3	0	3000
HV	97	Response	1	3232446	6041	2
HV	98	Picture	22	3254952	0	1	3153	2	0	3000
HV	98	Response	1	3260512	5560	1
HV	99	Picture	33	3288644	0	1	3153	2	0	3000
HV	99	Response	1	3310522	21878	1
HV	100	Picture	22	3320344	0	1	3153	2	0	3000
HV	100	Response	1	3324259	3915	1
HV	101	Picture	22	3356857	0	1	3153	3	0	3000
HV	101	Response	1	3360748	3891	1
HV	102	Picture	22	3391711	0	1	3153	2	0	3000
HV	102	Response	1	3396437	4726	1
HV	103	Picture	22	3421087	0	1	3154	2	0	3000
HV	103	Response	1	3425511	4424	1
HV	104	Picture	22	3452289	0	2	3154	3	0	3000
HV	104	Response	1	3455857	3568	1
HV	105	Picture	33	3483326	0	1	3153	2	0	3000
HV	106	Picture	22	3516188	0	1	3153	2	0	3000
HV	106	Response	1	3520489	4301	1
HV	107	Picture	22	3544403	0	1	3153	2	0	3000
HV	107	Response	1	3549765	5362	1
HV	108	Picture	22	3573945	0	1	3154	2	0	3000
HV	108	Response	1	3577475	3530	1
HV	109	Picture	22	3611454	0	2	3154	3	0	3000
HV	109	Response	1	3616352	4898	1
HV	110	Picture	22	3641495	0	1	3153	2	0	3000
HV	110	Response	1	3645715	4220	1
HV	111	Picture	22	3670705	0	2	3154	3	0	3000
HV	111	Response	1	3674664	3959	1
HV	112	Picture	22	3703401	0	2	3154	3	0	3000
HV	112	Response	1	3707334	3933	1
HV	113	Picture	33	3733940	0	1	3153	2	0	3000
HV	114	Picture	22	3762155	0	1	3153	2	0	3000
HV	114	Response	1	3764992	2837	1
HV	115	Picture	22	3798170	0	1	3153	3	0	3000
HV	115	Response	1	3801741	3571	1
HV	116	Picture	22	3832028	0	1	3153	2	0	3000
HV	116	Response	1	3836335	4307	1
HV	117	Picture	22	3862234	0	1	3154	2	0	3000
HV	117	Response	1	3868122	5888	2
HV	118	Picture	22	3892939	0	1	3153	2	0	3000
HV	118	Response	1	3897451	4512	1
HV	119	Picture	33	3924307	0	1	3153	2	0	3000
HV	120	Picture	22	3956007	0	1	3153	3	0	3000
HV	120	Response	1	3959446	3439	1
HV	121	Picture	22	3994346	0	1	3153	3	0	3000
HV	121	Response	1	3999099	4753	1
HV	122	Picture	22	4032187	0	1	3153	3	0	3000
HV	122	Response	1	4037292	5105	1
HV	123	Picture	22	4072186	0	1	3153	2	0	3000
HV	123	Response	1	4076640	4454	2
HV	124	Picture	22	4106707	0	2	3154	3	0	3000
HV	124	Response	1	4111639	4932	1
HV	125	Picture	33	4145876	0	1	3154	2	0	3000
HV	126	Picture	22	4185709	0	1	3153	2	0	3000
HV	126	Response	1	4192860	7151	1
HV	127	Picture	22	4219733	0	1	3153	2	0	3000
HV	127	Response	1	4224820	5087	1
HV	128	Picture	22	4259067	0	2	3154	3	0	3000
HV	128	Response	1	4262774	3707	1
HV	129	Picture	22	4291929	0	2	3154	3	0	3000
HV	129	Response	1	4296688	4759	1
HV	130	Picture	22	4330766	0	1	3154	2	0	3000
HV	130	Response	1	4335559	4793	1
HV	131	Picture	22	4367943	0	2	3154	3	0	3000
HV	131	Response	1	4372661	4718	1
HV	132	Picture	22	4397984	0	1	3153	2	0	3000
HV	132	Response	1	4401372	3388	2
HV	133	Picture	33	4427526	0	2	3154	3	0	3000
HV	134	Picture	22	4456239	0	1	3154	2	0	3000
HV	134	Response	1	4459650	3411	2
HV	135	Picture	22	4492089	0	1	3153	2	0	3000
HV	135	Response	1	4496839	4750	1
HV	136	Picture	22	4523955	0	1	3153	2	0	3000
HV	136	Response	1	4527856	3901	1
HV	137	Picture	33	4560136	0	1	3154	2	0	3000
HV	137	Response	1	4564747	4611	1
HV	138	Picture	22	4595819	0	2	3154	3	0	3000
HV	138	Response	1	4600104	4285	1
HV	139	Picture	22	4633329	0	1	3153	2	0	3000
HV	139	Response	1	4637237	3908	2
HV	140	Picture	22	4662705	0	1	3154	2	0	3000
HV	140	Response	1	4666837	4132	1
HV	141	Picture	33	4696729	0	1	3153	3	0	3000
HV	142	Picture	22	4727599	0	2	3154	3	0	3000
HV	142	Response	1	4730753	3154	2
HV	143	Picture	22	4763947	0	1	3153	2	0	3000
HV	143	Response	1	4767381	3434	2
HV	144	Picture	22	4803945	0	2	3154	3	0	3000
HV	144	Response	1	4807346	3401	2
HV	145	Picture	22	4832326	0	1	3154	2	0	3000
HV	145	Response	1	4836413	4087	1
HV	146	Picture	22	4861869	0	1	3153	2	0	3000
HV	146	Response	1	4865301	3432	1
HV	147	Picture	33	4893071	0	1	3153	3	0	3000
HV	147	Response	1	4897063	3992	1
HV	148	Picture	22	4930248	0	1	3154	2	0	3000
HV	148	Response	1	4934844	4596	1
HV	149	Picture	22	4966098	0	1	3153	2	0	3000
HV	149	Response	1	4970411	4313	1
HV	150	Picture	22	4995806	0	1	3153	3	0	3000
HV	150	Response	1	4999687	3881	1
HV	151	Picture	22	5033315	0	1	3154	2	0	3000
HV	151	Response	1	5037168	3853	1
HV	152	Picture	22	5064683	0	2	3154	3	0	3000
HV	152	Response	1	5070344	5661	1
HV	153	Picture	33	5100533	0	1	3153	2	0	3000
HV	154	Response	1	5134698	3793	1
HV	156	Picture	22	5144847	0	1	3153	2	0	3000
HV	157	Picture	22	5178538	0	2	3154	3	0	3000
HV	157	Response	1	5184470	5932	1
HV	158	Picture	22	5215716	0	1	3153	2	0	3000
HV	158	Response	1	5219588	3872	1
HV	159	Picture	22	5252063	0	1	3153	3	0	3000
HV	159	Response	1	5255950	3887	1
HV	160	Picture	22	5285921	0	1	3153	2	0	3000
HV	160	Response	1	5290155	4234	1
HV	161	Picture	33	5316127	0	2	3154	3	0	3000
HV	162	Picture	22	5348989	0	1	3154	2	0	3000
HV	162	Response	1	5352622	3633	1
HV	163	Picture	22	5379362	0	1	3153	2	0	3000
HV	163	Response	1	5383461	4099	2
HV	164	Picture	22	5416041	0	1	3153	2	0	3000
HV	164	Response	1	5420235	4194	1
HV	165	Picture	22	5454380	0	1	3153	2	0	3000
HV	165	Response	1	5458187	3807	2
HV	166	Picture	22	5486412	0	1	3153	3	0	3000
HV	166	Response	1	5490916	4504	1
HV	167	Picture	33	5514959	0	1	3153	2	0	3000
HV	168	Picture	22	5553630	0	1	3153	2	0	3000
HV	168	Response	1	5556808	3178	1
HV	169	Picture	22	5582508	0	2	3154	3	0	3000
HV	169	Response	1	5588973	6465	1
HV	170	Picture	22	5613711	0	1	3153	2	0	3000
HV	170	Response	1	5617533	3822	1
HV	171	Picture	22	5651552	0	1	3153	2	0	3000
HV	171	Response	1	5655692	4140	2
HV	172	Picture	22	5689891	0	1	3153	2	0	3000
HV	172	Response	1	5694590	4699	2
HV	173	Picture	33	5719931	0	1	3154	2	0	3000
HV	174	Picture	22	5754785	0	1	3153	2	0	3000
HV	174	Response	1	5757650	2865	1
HV	175	Picture	22	5791796	0	1	3153	3	0	3000
HV	175	Response	1	5796078	4282	2
HV	176	Picture	22	5824160	0	1	3153	3	0	3000
HV	176	Response	1	5829663	5503	1
HV	177	Picture	22	5861337	0	1	3154	2	0	3000
HV	177	Response	1	5865399	4062	2
HV	178	Picture	22	5897684	0	2	3154	3	0	3000
HV	178	Response	1	5902287	4603	1
HV	179	Picture	22	5928389	0	1	3153	3	0	3000
HV	179	Response	1	5932002	3613	1
HV	180	Picture	22	5960919	0	1	3153	2	0	3000
HV	180	Response	1	5965287	4368	2
HV	181	Picture	33	5998428	0	1	3153	3	0	3000
HV	182	Picture	22	6026809	0	1	3153	2	0	3000
HV	182	Response	1	6029642	2833	1
HV	183	Picture	22	6056683	0	2	3154	3	0	3000
HV	183	Response	1	6061044	4361	1
HV	184	Picture	22	6093695	0	1	3153	2	0	3000
HV	184	Response	1	6097024	3329	2
HV	185	Picture	33	6126225	0	1	3153	2	0	3000
HV	186	Picture	22	6164066	0	1	3153	2	0	3000
HV	186	Response	1	6167022	2956	1
HV	187	Picture	22	6202405	0	1	3153	2	0	3000
HV	187	Response	1	6207488	5083	1
HV	188	Picture	22	6231947	0	1	3154	2	0	3000
HV	188	Response	1	6235521	3574	1
HV	189	Picture	22	6269124	0	2	3154	3	0	3000
HV	189	Response	1	6273006	3882	1
HV	190	Picture	22	6301322	0	2	3154	3	0	3000
HV	190	Response	1	6304614	3292	1
HV	191	Picture	33	6330367	0	1	3153	3	0	3000
HV	191	Response	1	6345055	14688	1
HV	192	Picture	22	6364225	0	1	3153	2	0	3000
HV	192	Response	1	6367540	3315	1
HV	193	Picture	22	6402232	0	1	3153	2	0	3000
HV	193	Response	1	6406675	4443	1
HV	194	Picture	22	6437085	0	2	3154	3	0	3000
HV	194	Response	1	6440764	3679	1
HV	195	Picture	22	6469118	0	1	3153	2	0	3000
HV	195	Response	1	6472845	3727	1
HV	196	Picture	22	6506129	0	1	3153	2	0	3000
HV	196	Response	1	6511359	5230	2
HV	197	Picture	33	6541148	0	2	3154	3	0	3000
HV	198	Picture	22	6574840	0	1	3154	2	0	3000
HV	198	Response	1	6578164	3324	1
HV	199	Picture	22	6604217	0	1	3153	2	0	3000
HV	199	Response	1	6608821	4604	2
HV	200	Picture	22	6641726	0	1	3153	2	0	3000
HV	200	Response	1	6645592	3866	1
HV	201	Picture	22	6670605	0	1	3153	2	0	3000
HV	201	Response	1	6674544	3939	2
HV	202	Picture	22	6701143	0	3	3153	5	0	3000
HV	202	Response	1	6705149	4006	1
HV	203	Picture	33	6736826	0	2	3154	3	0	3000
HV	204	Picture	22	6772012	0	1	3153	2	0	3000
HV	204	Response	1	6775320	3308	1
HV	205	Picture	22	6811347	0	1	3153	2	0	3000
HV	205	Response	1	6815195	3848	2
HV	206	Picture	22	6843379	0	1	3153	2	0	3000
HV	206	Response	1	6847331	3952	1
HV	207	Picture	22	6871760	0	1	3153	2	0	3000
HV	207	Response	1	6875215	3455	1
HV	208	Picture	22	6901136	0	1	3154	2	0	3000
HV	208	Response	1	6904249	3113	2
HV	209	Picture	33	6931343	0	1	3153	2	0	3000
HV	209	Response	1	6934412	3069	1
HV	210	Picture	22	6967690	0	1	3153	3	0	3000
HV	210	Response	1	6971246	3556	1
HV	211	Picture	22	6996237	0	1	3153	2	0	3000
HV	211	Response	1	7000105	3868	1
HV	211	Response	1	7031620	35383	1
HV	212	Picture	22	7034908	0	1	3153	2	0	3000
HV	213	Picture	22	7067770	0	1	3153	2	0	3000
HV	213	Response	1	7071890	4120	2
HV	214	Picture	22	7096482	0	2	3154	3	0	3000
HV	214	Response	1	7099952	3470	1
HV	215	Picture	22	7135485	0	1	3154	2	0	3000
HV	215	Response	1	7139254	3769	1
HV	216	Picture	22	7167185	0	3	3154	4	0	3000
HV	216	Response	1	7172952	5767	1
HV	217	Picture	33	7198222	0	1	3153	2	0	3000
HV	217	Response	1	7201576	3354	1
HV	218	Picture	22	7236561	0	1	3153	2	0	3000
HV	218	Response	1	7240173	3612	1
HV	219	Picture	22	7270750	0	2	3154	3	0	3000
HV	219	Response	1	7274198	3448	1
HV	220	Picture	22	7309587	0	2	3154	3	0	3000
HV	220	Response	1	7315431	5844	1
HV	221	Picture	22	7343777	0	1	3153	3	0	3000
HV	221	Response	1	7347919	4142	2
HV	222	Picture	22	7372158	0	1	3153	2	0	3000
HV	222	Response	1	7375533	3375	1
HV	223	Picture	22	7402198	0	2	3154	3	0	3000
HV	223	Response	1	7405360	3162	1
HV	224	Picture	22	7439043	0	2	3154	3	0	3000
HV	224	Response	1	7442540	3497	1
HV	225	Picture	33	7477051	0	1	3153	2	0	3000
HV	226	Picture	22	7514228	0	1	3153	2	0	3000
HV	226	Response	1	7517287	3059	2
HV	227	Picture	22	7546758	0	1	3153	2	0	3000
HV	227	Response	1	7551158	4400	2
HV	228	Picture	22	7580284	0	1	3153	2	0	3000
HV	228	Response	1	7584443	4159	1
HV	229	Picture	22	7611486	0	1	3153	2	0	3000
HV	229	Response	1	7615749	4263	2
HV	230	Picture	22	7649991	0	1	3153	2	0	3000
HV	230	Response	1	7653199	3208	1
HV	231	Picture	33	7683517	0	1	3153	2	0	3000
HV	231	Response	1	7687634	4117	2
HV	232	Picture	22	7717540	0	2	3154	3	0	3000
HV	232	Response	1	7721589	4049	1
HV	233	Picture	22	7753722	0	1	3153	2	0	3000
HV	233	Response	1	7757295	3573	2
HV	234	Picture	22	7787745	0	2	3154	3	0	3000
HV	234	Response	1	7790847	3102	1
HV	235	Picture	22	7825752	0	2	3154	3	0	3000
HV	235	Response	1	7830033	4281	2
HV	236	Picture	22	7856955	0	1	3153	2	0	3000
HV	236	Response	1	7862764	5809	1
HV	237	Picture	33	7891974	0	2	3154	3	0	3000
HV	237	Response	1	7895369	3395	1
HV	238	Picture	22	7931143	0	1	3153	3	0	3000
HV	238	Response	1	7934225	3082	1
HV	239	Picture	22	7964835	0	1	3153	3	0	3000
HV	239	Response	1	7970404	5569	1
HV	240	Picture	22	8001846	0	1	3154	2	0	3000
HV	240	Response	1	8005788	3942	1
HV	241	Picture	33	8041845	0	1	3153	2	0	3000
HV	242	Picture	22	8073047	0	1	3153	3	0	3000
HV	242	Response	1	8075930	2883	1
HV	243	Picture	22	8109560	0	2	3154	3	0	3000
HV	243	Response	1	8114087	4527	1
HV	244	Picture	22	8139269	0	1	3153	2	0	3000
HV	244	Response	1	8143087	3818	1
HV	245	Picture	22	8171301	0	1	3153	3	0	3000
HV	245	Response	1	8175634	4333	2
HV	246	Picture	22	8211300	0	1	3153	2	0	3000
HV	246	Response	1	8215473	4173	1
HV	247	Picture	22	8244991	0	2	3154	3	0	3000
HV	247	Response	1	8248994	4003	1
HV	248	Picture	22	8275364	0	1	3153	3	0	3000
HV	248	Response	1	8279444	4080	2
HV	249	Picture	33	8307562	0	1	3153	3	0	3000
HV	249	Response	1	8311136	3574	1
HV	250	Picture	22	8337602	0	2	3154	3	0	3000
HV	250	Response	1	8341879	4277	1
HV	251	Picture	22	8366315	0	2	3154	3	0	3000
HV	251	Response	1	8369793	3478	2
HV	252	Picture	22	8394862	0	1	3153	2	0	3000
HV	252	Response	1	8398183	3321	1
HV	253	Picture	22	8423409	0	1	3153	2	0	3000
HV	253	Response	1	8427245	3836	1
HV	254	Picture	22	8459756	0	1	3153	3	0	3000
HV	254	Response	1	8464017	4261	2
HV	255	Picture	33	8498427	0	1	3153	2	0	3000
HV	256	Picture	22	8527970	0	1	3153	2	0	3000
HV	256	Response	1	8530936	2966	1
HV	257	Picture	22	8559836	0	1	3153	2	0	3000
HV	257	Response	1	8562532	2696	1
HV	258	Picture	22	8593030	0	1	3153	2	0	3000
HV	258	Response	1	8595339	2309	1
HV	259	Picture	22	8633194	0	1	3154	2	0	3000
HV	259	Response	1	8636708	3514	1
HV	260	Picture	22	8665890	0	1	3154	2	0	3000
HV	260	Response	1	8669758	3868	1
HV	261	Picture	33	8696263	0	1	3153	2	0	3000
HV	262	Picture	22	8731282	0	1	3154	2	0	3000
HV	262	Response	1	8734905	3623	2
HV	263	Picture	22	8761821	0	1	3153	2	0	3000
HV	263	Response	1	8766266	4445	1
HV	264	Picture	22	8792359	0	1	3153	3	0	3000
HV	264	Response	1	8796683	4324	1
HV	265	Picture	22	8826383	0	1	3153	2	0	3000
HV	265	Response	1	8831147	4764	1
HV	266	Picture	22	8858913	0	1	3153	2	0	3000
HV	266	Response	1	8863014	4101	1
HV	267	Picture	22	8894098	0	2	3154	3	0	3000
HV	267	Response	1	8898394	4296	1
HV	268	Picture	22	8927624	0	1	3154	2	0	3000
HV	268	Response	1	8932651	5027	1
HV	269	Picture	33	8966295	0	1	3153	3	0	3000
HV	270	Picture	22	8996170	0	1	3153	2	0	3000
HV	270	Response	1	8999476	3306	1
HV	271	Picture	22	9033513	0	1	3153	2	0	3000
HV	271	Response	1	9037330	3817	2
HV	272	Picture	22	9062225	0	2	3154	3	0	3000
HV	272	Response	1	9065741	3516	1
HV	273	Picture	33	9096913	0	1	3153	3	0	3000
HV	273	Response	1	9100085	3172	1
HV	274	Picture	22	9127949	0	2	3154	3	0	3000
HV	274	Response	1	9132800	4851	2
HV	275	Picture	33	9163965	0	1	3153	2	0	3000
HV	276	Picture	22	9195333	0	1	3153	3	0	3000
HV	276	Response	1	9198326	2993	1
HV	277	Picture	33	9227863	0	1	3153	3	0	3000
HV	278	Picture	22	9265040	0	1	3154	2	0	3000
HV	278	Response	1	9267989	2949	2
HV	279	Picture	22	9296408	0	2	3154	3	0	3000
HV	279	Response	1	9307295	10887	1
HV	280	Picture	22	9333420	0	1	3153	2	0	3000
HV	280	Response	1	9340988	7568	1
HV	281	Picture	22	9366116	0	1	3153	2	0	3000
HV	281	Response	1	9372649	6533	1
HV	282	Picture	22	9394828	0	2	3154	3	0	3000
HV	282	Response	1	9399379	4551	1
HV	283	Picture	33	9426860	0	2	3154	3	0	3000
HV	283	Response	1	9430829	3969	1
HV	284	Picture	22	9460884	0	2	3154	3	0	3000
HV	284	Response	1	9464167	3283	2
HV	285	Picture	22	9491589	0	1	3153	2	0	3000
HV	285	Response	1	9494730	3141	1
HV	286	Picture	22	9526442	0	1	3154	2	0	3000
HV	286	Response	1	9530349	3907	1
HV	287	Picture	33	9565777	0	1	3153	2	0	3000
HV	288	Picture	22	9605112	0	1	3153	2	0	3000
HV	288	Response	1	9609461	4349	1
HV	289	Picture	22	9640297	0	1	3154	2	0	3000
HV	289	Response	1	9645494	5197	1
HV	290	Picture	22	9671168	0	1	3153	2	0	3000
HV	290	Response	1	9676154	4986	1
HV	291	Picture	33	9704195	0	2	3154	3	0	3000
HV	292	Picture	22	9740543	0	1	3153	2	0	3000
HV	292	Response	1	9746174	5631	2
HV	293	Picture	22	9778218	0	1	3153	2	0	3000
HV	293	Response	1	9782085	3867	1
HV	294	Picture	22	9815229	0	1	3153	3	0	3000
HV	294	Response	1	9818289	3060	1
HV	295	Picture	22	9854232	0	1	3153	3	0	3000
HV	295	Response	1	9857774	3542	1
HV	296	Picture	22	9887758	0	1	3153	2	0	3000
HV	296	Response	1	9893122	5364	1
HV	297	Picture	33	9923773	0	1	3154	2	0	3000
HV	298	Picture	22	9962278	0	2	3154	3	0	3000
HV	298	Response	1	9968309	6031	1
HV	299	Picture	33	9996302	0	1	3153	2	0	3000
HV	300	Picture	22	10026342	0	2	3154	3	0	3000
HV	300	Response	1	10029082	2740	1
HV	301	Picture	22	10061030	0	1	3153	3	0	3000
HV	301	Response	1	10065174	4144	1
HV	302	Picture	22	10096050	0	1	3153	2	0	3000
HV	302	Response	1	10099666	3616	1
HV	303	Picture	22	10127086	0	1	3153	2	0	3000
HV	303	Response	1	10130674	3588	1
HV	304	Picture	22	10158288	0	1	3154	2	0	3000
HV	304	Response	1	10160944	2656	1
HV	305	Picture	33	10188329	0	1	3153	2	0	3000
HV	305	Response	1	10192014	3685	1


Event Type	Code	Type	Response	RT	RT Uncertainty	Time	Uncertainty	Duration	Uncertainty	ReqTime	ReqDur

Picture	22	hit	1	6749	3	289	2	3154	3	0	3000
Picture	22	hit	1	4593	3	38960	2	3154	3	0	3000
Picture	22	hit	1	3899	3	71324	2	3154	3	0	3000
Picture	22	hit	1	3562	2	107672	1	3153	2	0	3000
Picture	22	hit	1	3204	3	140534	1	3153	2	0	3000
Picture	33	miss				175553	2	3154	3	0	3000
Picture	22	hit	1	2904	2	214224	1	3154	2	0	3000
Picture	22	hit	1	3703	3	254057	1	3153	2	0	3000
Picture	22	hit	1	5268	2	291732	1	3153	3	0	3000
Picture	22	hit	1	3853	2	319947	1	3153	2	0	3000
Picture	22	hit	1	3903	3	357124	1	3153	2	0	3000
Picture	22	hit	1	3749	2	395629	1	3153	2	0	3000
Picture	22	hit	1	3384	2	427495	1	3153	3	0	3000
Picture	33	miss				466664	1	3153	2	0	3000
Picture	22	hit	1	3056	2	505169	1	3153	2	0	3000
Picture	22	hit	1	3576	2	536703	1	3153	3	0	3000
Picture	22	hit	1	3919	2	573880	1	3154	2	0	3000
Picture	22	hit	1	2942	3	605082	2	3154	3	0	3000
Picture	22	hit	1	3383	2	633629	1	3154	2	0	3000
Picture	33	miss				663172	1	3153	2	0	3000
Picture	22	hit	1	3095	2	700183	1	3153	2	0	3000
Picture	22	hit	1	6490	2	729560	1	3153	2	0	3000
Picture	22	hit	1	4075	2	761758	1	3153	2	0	3000
Picture	22	hit	1	3153	2	800263	1	3152	3	0	3000
Picture	22	hit	1	3470	3	828809	2	3154	3	0	3000
Picture	22	hit	1	3148	3	857024	1	3153	3	0	3000
Picture	22	hit	1	4950	2	894699	1	3154	2	0	3000
Picture	33	hit	1	3880	2	929387	1	3153	2	0	3000
Picture	22	hit	1	4447	2	962913	1	3153	2	0	3000
Picture	22	hit	1	4071	3	997268	2	3154	3	0	3000
Picture	22	hit	1	4702	3	1035607	2	3154	3	0	3000
Picture	22	hit	1	3229	2	1071623	1	3153	2	0	3000
Picture	22	hit	1	3303	2	1109132	1	3153	2	0	3000
Picture	33	hit	1	3847	2	1147471	1	3153	2	0	3000
Picture	22	hit	1	4214	3	1183320	1	3154	2	0	3000
Picture	22	hit	1	3367	2	1218174	1	3153	2	0	3000
Picture	22	hit	1	6141	2	1249376	1	3153	3	0	3000
Picture	33	hit	1	5453	3	1282736	1	3153	2	0	3000
Picture	22	hit	1	5780	3	1314104	1	3153	4	0	3000
Picture	22	hit	1	2797	3	1350617	2	3154	3	0	3000
Picture	22	hit	1	3516	2	1380326	1	3153	3	0	3000
Picture	33	miss				1420325	1	3153	2	0	3000
Picture	22	hit	1	3722	3	1448539	2	3154	3	0	3000
Picture	22	hit	1	2915	2	1483559	1	3153	3	0	3000
Picture	22	hit	1	6389	3	1520238	2	3154	3	0	3000
Picture	22	hit	1	3997	4	1558079	2	3154	3	0	3000
Picture	22	hit	1	3438	2	1593265	1	3153	2	0	3000
Picture	22	hit	1	5840	2	1621978	1	3153	2	0	3000
Picture	22	hit	1	5232	2	1653014	1	3153	2	0	3000
Picture	33	miss				1688697	2	3154	3	0	3000
Picture	22	hit	1	3618	3	1721891	2	3154	3	0	3000
Picture	22	hit	1	4710	3	1756247	1	3153	3	0	3000
Picture	22	hit	1	4106	3	1794752	1	3153	2	0	3000
Picture	22	hit	1	4697	2	1828610	1	3153	2	0	3000
Picture	22	hit	1	3774	2	1863629	1	3154	2	0	3000
Picture	33	miss				1901968	1	3154	2	0	3000
Picture	22	hit	1	3175	2	1930847	1	3153	2	0	3000
Picture	22	hit	1	4046	2	1968356	1	3153	3	0	3000
Picture	22	hit	1	3922	2	1996903	1	3153	2	0	3000
Picture	22	hit	1	3704	2	2030595	1	3153	2	0	3000
Picture	22	hit	1	3738	2	2067938	1	3153	2	0	3000
Picture	22	hit	1	4458	2	2099804	1	3153	2	0	3000
Picture	22	hit	1	4326	2	2132998	1	3153	2	0	3000
Picture	33	miss				2162706	2	3154	3	0	3000
Picture	22	hit	1	2453	2	2202373	1	3153	3	0	3000
Picture	22	hit	1	3238	2	2231750	1	3153	2	0	3000
Picture	22	hit	1	3406	2	2264612	1	3153	2	0	3000
Picture	33	miss				2295150	1	3153	2	0	3000
Picture	22	hit	1	3864	3	2329672	1	3153	2	0	3000
Picture	22	hit	1	4315	4	2358052	2	3154	3	0	3000
Picture	22	hit	1	3068	3	2390582	2	3154	3	0	3000
Picture	33	miss				2419129	1	3154	2	0	3000
Picture	22	hit	1	3345	3	2456804	2	3154	3	0	3000
Picture	22	hit	1	3302	3	2490496	1	3154	2	0	3000
Picture	22	hit	1	3133	3	2519707	1	3153	2	0	3000
Picture	22	hit	1	6543	2	2551573	1	3153	2	0	3000
Picture	22	hit	1	4441	2	2585929	1	3153	2	0	3000
Picture	33	miss				2616633	1	3153	3	0	3000
Picture	22	hit	1	3777	3	2645678	1	3153	2	0	3000
Picture	22	hit	1	4010	3	2683851	1	3153	2	0	3000
Picture	22	hit	1	3916	3	2717210	2	3154	3	0	3000
Picture	33	miss				2745757	2	3154	3	0	3000
Picture	22	hit	1	3924	2	2781773	1	3153	2	0	3000
Picture	33	miss				2819282	1	3153	2	0	3000
Picture	22	hit	1	3455	4	2850152	1	3153	3	0	3000
Picture	22	hit	1	4486	2	2883512	1	3153	2	0	3000
Picture	22	hit	1	3566	2	2920357	1	3154	2	0	3000
Picture	33	hit	1	3947	2	2949402	1	3153	2	0	3000
Picture	22	hit	1	2901	3	2982762	1	3153	2	0	3000
Picture	22	hit	1	2928	2	3015292	1	3153	2	0	3000
Picture	22	hit	1	4314	2	3051307	1	3154	2	0	3000
Picture	33	hit	1	5850	2	3089978	1	3153	3	0	3000
Picture	22	hit	1	6071	2	3122840	1	3153	3	0	3000
Picture	22	hit	1	3690	3	3157860	1	3153	2	0	3000
Picture	22	hit	1	3116	2	3190722	1	3153	2	0	3000
Picture	22	hit	1	6041	3	3226405	1	3153	3	0	3000
Picture	22	hit	1	5560	2	3254952	1	3153	2	0	3000
Picture	33	hit	1	21878	2	3288644	1	3153	2	0	3000
Picture	22	hit	1	3915	2	3320344	1	3153	2	0	3000
Picture	22	hit	1	3891	2	3356857	1	3153	3	0	3000
Picture	22	hit	1	4726	2	3391711	1	3153	2	0	3000
Picture	22	hit	1	4424	2	3421087	1	3154	2	0	3000
Picture	22	hit	1	3568	3	3452289	2	3154	3	0	3000
Picture	33	miss				3483326	1	3153	2	0	3000
Picture	22	hit	1	4301	2	3516188	1	3153	2	0	3000
Picture	22	hit	1	5362	2	3544403	1	3153	2	0	3000
Picture	22	hit	1	3530	2	3573945	1	3154	2	0	3000
Picture	22	hit	1	4898	3	3611454	2	3154	3	0	3000
Picture	22	hit	1	4220	2	3641495	1	3153	2	0	3000
Picture	22	hit	1	3959	3	3670705	2	3154	3	0	3000
Picture	22	hit	1	3933	3	3703401	2	3154	3	0	3000
Picture	33	miss				3733940	1	3153	2	0	3000
Picture	22	hit	1	2837	2	3762155	1	3153	2	0	3000
Picture	22	hit	1	3571	2	3798170	1	3153	3	0	3000
Picture	22	hit	1	4307	2	3832028	1	3153	2	0	3000
Picture	22	hit	1	5888	3	3862234	1	3154	2	0	3000
Picture	22	hit	1	4512	2	3892939	1	3153	2	0	3000
Picture	33	miss				3924307	1	3153	2	0	3000
Picture	22	hit	1	3439	2	3956007	1	3153	3	0	3000
Picture	22	hit	1	4753	2	3994346	1	3153	3	0	3000
Picture	22	hit	1	5105	2	4032187	1	3153	3	0	3000
Picture	22	hit	1	4454	3	4072186	1	3153	2	0	3000
Picture	22	hit	1	4932	3	4106707	2	3154	3	0	3000
Picture	33	miss				4145876	1	3154	2	0	3000
Picture	22	hit	1	7151	2	4185709	1	3153	2	0	3000
Picture	22	hit	1	5087	2	4219733	1	3153	2	0	3000
Picture	22	hit	1	3707	3	4259067	2	3154	3	0	3000
Picture	22	hit	1	4759	3	4291929	2	3154	3	0	3000
Picture	22	hit	1	4793	2	4330766	1	3154	2	0	3000
Picture	22	hit	1	4718	3	4367943	2	3154	3	0	3000
Picture	22	hit	1	3388	3	4397984	1	3153	2	0	3000
Picture	33	miss				4427526	2	3154	3	0	3000
Picture	22	hit	1	3411	3	4456239	1	3154	2	0	3000
Picture	22	hit	1	4750	2	4492089	1	3153	2	0	3000
Picture	22	hit	1	3901	2	4523955	1	3153	2	0	3000
Picture	33	hit	1	4611	2	4560136	1	3154	2	0	3000
Picture	22	hit	1	4285	3	4595819	2	3154	3	0	3000
Picture	22	hit	1	3908	3	4633329	1	3153	2	0	3000
Picture	22	hit	1	4132	2	4662705	1	3154	2	0	3000
Picture	33	miss				4696729	1	3153	3	0	3000
Picture	22	hit	1	3154	4	4727599	2	3154	3	0	3000
Picture	22	hit	1	3434	3	4763947	1	3153	2	0	3000
Picture	22	hit	1	3401	4	4803945	2	3154	3	0	3000
Picture	22	hit	1	4087	2	4832326	1	3154	2	0	3000
Picture	22	hit	1	3432	2	4861869	1	3153	2	0	3000
Picture	33	hit	1	3992	2	4893071	1	3153	3	0	3000
Picture	22	hit	1	4596	2	4930248	1	3154	2	0	3000
Picture	22	hit	1	4313	2	4966098	1	3153	2	0	3000
Picture	22	hit	1	3881	2	4995806	1	3153	3	0	3000
Picture	22	hit	1	3853	2	5033315	1	3154	2	0	3000
Picture	22	hit	1	5661	3	5064683	2	3154	3	0	3000
Picture	33	miss				5100533	1	3153	2	0	3000
Picture	22	miss				5144847	1	3153	2	0	3000
Picture	22	hit	1	5932	3	5178538	2	3154	3	0	3000
Picture	22	hit	1	3872	2	5215716	1	3153	2	0	3000
Picture	22	hit	1	3887	2	5252063	1	3153	3	0	3000
Picture	22	hit	1	4234	2	5285921	1	3153	2	0	3000
Picture	33	miss				5316127	2	3154	3	0	3000
Picture	22	hit	1	3633	2	5348989	1	3154	2	0	3000
Picture	22	hit	1	4099	3	5379362	1	3153	2	0	3000
Picture	22	hit	1	4194	2	5416041	1	3153	2	0	3000
Picture	22	hit	1	3807	3	5454380	1	3153	2	0	3000
Picture	22	hit	1	4504	2	5486412	1	3153	3	0	3000
Picture	33	miss				5514959	1	3153	2	0	3000
Picture	22	hit	1	3178	2	5553630	1	3153	2	0	3000
Picture	22	hit	1	6465	3	5582508	2	3154	3	0	3000
Picture	22	hit	1	3822	2	5613711	1	3153	2	0	3000
Picture	22	hit	1	4140	3	5651552	1	3153	2	0	3000
Picture	22	hit	1	4699	3	5689891	1	3153	2	0	3000
Picture	33	miss				5719931	1	3154	2	0	3000
Picture	22	hit	1	2865	2	5754785	1	3153	2	0	3000
Picture	22	hit	1	4282	3	5791796	1	3153	3	0	3000
Picture	22	hit	1	5503	2	5824160	1	3153	3	0	3000
Picture	22	hit	1	4062	3	5861337	1	3154	2	0	3000
Picture	22	hit	1	4603	3	5897684	2	3154	3	0	3000
Picture	22	hit	1	3613	2	5928389	1	3153	3	0	3000
Picture	22	hit	1	4368	3	5960919	1	3153	2	0	3000
Picture	33	miss				5998428	1	3153	3	0	3000
Picture	22	hit	1	2833	2	6026809	1	3153	2	0	3000
Picture	22	hit	1	4361	3	6056683	2	3154	3	0	3000
Picture	22	hit	1	3329	3	6093695	1	3153	2	0	3000
Picture	33	miss				6126225	1	3153	2	0	3000
Picture	22	hit	1	2956	2	6164066	1	3153	2	0	3000
Picture	22	hit	1	5083	2	6202405	1	3153	2	0	3000
Picture	22	hit	1	3574	2	6231947	1	3154	2	0	3000
Picture	22	hit	1	3882	3	6269124	2	3154	3	0	3000
Picture	22	hit	1	3292	3	6301322	2	3154	3	0	3000
Picture	33	hit	1	14688	2	6330367	1	3153	3	0	3000
Picture	22	hit	1	3315	2	6364225	1	3153	2	0	3000
Picture	22	hit	1	4443	2	6402232	1	3153	2	0	3000
Picture	22	hit	1	3679	3	6437085	2	3154	3	0	3000
Picture	22	hit	1	3727	2	6469118	1	3153	2	0	3000
Picture	22	hit	1	5230	3	6506129	1	3153	2	0	3000
Picture	33	miss				6541148	2	3154	3	0	3000
Picture	22	hit	1	3324	2	6574840	1	3154	2	0	3000
Picture	22	hit	1	4604	3	6604217	1	3153	2	0	3000
Picture	22	hit	1	3866	2	6641726	1	3153	2	0	3000
Picture	22	hit	1	3939	3	6670605	1	3153	2	0	3000
Picture	22	hit	1	4006	4	6701143	3	3153	5	0	3000
Picture	33	miss				6736826	2	3154	3	0	3000
Picture	22	hit	1	3308	2	6772012	1	3153	2	0	3000
Picture	22	hit	1	3848	3	6811347	1	3153	2	0	3000
Picture	22	hit	1	3952	2	6843379	1	3153	2	0	3000
Picture	22	hit	1	3455	2	6871760	1	3153	2	0	3000
Picture	22	hit	1	3113	3	6901136	1	3154	2	0	3000
Picture	33	hit	1	3069	2	6931343	1	3153	2	0	3000
Picture	22	hit	1	3556	2	6967690	1	3153	3	0	3000
Picture	22	hit	1	3868	2	6996237	1	3153	2	0	3000
Picture	22	miss				7034908	1	3153	2	0	3000
Picture	22	hit	1	4120	3	7067770	1	3153	2	0	3000
Picture	22	hit	1	3470	3	7096482	2	3154	3	0	3000
Picture	22	hit	1	3769	2	7135485	1	3154	2	0	3000
Picture	22	hit	1	5767	4	7167185	3	3154	4	0	3000
Picture	33	hit	1	3354	2	7198222	1	3153	2	0	3000
Picture	22	hit	1	3612	2	7236561	1	3153	2	0	3000
Picture	22	hit	1	3448	3	7270750	2	3154	3	0	3000
Picture	22	hit	1	5844	3	7309587	2	3154	3	0	3000
Picture	22	hit	1	4142	3	7343777	1	3153	3	0	3000
Picture	22	hit	1	3375	2	7372158	1	3153	2	0	3000
Picture	22	hit	1	3162	3	7402198	2	3154	3	0	3000
Picture	22	hit	1	3497	3	7439043	2	3154	3	0	3000
Picture	33	miss				7477051	1	3153	2	0	3000
Picture	22	hit	1	3059	3	7514228	1	3153	2	0	3000
Picture	22	hit	1	4400	3	7546758	1	3153	2	0	3000
Picture	22	hit	1	4159	2	7580284	1	3153	2	0	3000
Picture	22	hit	1	4263	3	7611486	1	3153	2	0	3000
Picture	22	hit	1	3208	2	7649991	1	3153	2	0	3000
Picture	33	hit	1	4117	3	7683517	1	3153	2	0	3000
Picture	22	hit	1	4049	3	7717540	2	3154	3	0	3000
Picture	22	hit	1	3573	3	7753722	1	3153	2	0	3000
Picture	22	hit	1	3102	3	7787745	2	3154	3	0	3000
Picture	22	hit	1	4281	4	7825752	2	3154	3	0	3000
Picture	22	hit	1	5809	2	7856955	1	3153	2	0	3000
Picture	33	hit	1	3395	3	7891974	2	3154	3	0	3000
Picture	22	hit	1	3082	2	7931143	1	3153	3	0	3000
Picture	22	hit	1	5569	2	7964835	1	3153	3	0	3000
Picture	22	hit	1	3942	2	8001846	1	3154	2	0	3000
Picture	33	miss				8041845	1	3153	2	0	3000
Picture	22	hit	1	2883	2	8073047	1	3153	3	0	3000
Picture	22	hit	1	4527	3	8109560	2	3154	3	0	3000
Picture	22	hit	1	3818	2	8139269	1	3153	2	0	3000
Picture	22	hit	1	4333	3	8171301	1	3153	3	0	3000
Picture	22	hit	1	4173	2	8211300	1	3153	2	0	3000
Picture	22	hit	1	4003	3	8244991	2	3154	3	0	3000
Picture	22	hit	1	4080	3	8275364	1	3153	3	0	3000
Picture	33	hit	1	3574	2	8307562	1	3153	3	0	3000
Picture	22	hit	1	4277	3	8337602	2	3154	3	0	3000
Picture	22	hit	1	3478	4	8366315	2	3154	3	0	3000
Picture	22	hit	1	3321	2	8394862	1	3153	2	0	3000
Picture	22	hit	1	3836	2	8423409	1	3153	2	0	3000
Picture	22	hit	1	4261	3	8459756	1	3153	3	0	3000
Picture	33	miss				8498427	1	3153	2	0	3000
Picture	22	hit	1	2966	2	8527970	1	3153	2	0	3000
Picture	22	hit	1	2696	2	8559836	1	3153	2	0	3000
Picture	22	hit	1	2309	2	8593030	1	3153	2	0	3000
Picture	22	hit	1	3514	2	8633194	1	3154	2	0	3000
Picture	22	hit	1	3868	2	8665890	1	3154	2	0	3000
Picture	33	miss				8696263	1	3153	2	0	3000
Picture	22	hit	1	3623	3	8731282	1	3154	2	0	3000
Picture	22	hit	1	4445	2	8761821	1	3153	2	0	3000
Picture	22	hit	1	4324	2	8792359	1	3153	3	0	3000
Picture	22	hit	1	4764	2	8826383	1	3153	2	0	3000
Picture	22	hit	1	4101	2	8858913	1	3153	2	0	3000
Picture	22	hit	1	4296	3	8894098	2	3154	3	0	3000
Picture	22	hit	1	5027	2	8927624	1	3154	2	0	3000
Picture	33	miss				8966295	1	3153	3	0	3000
Picture	22	hit	1	3306	2	8996170	1	3153	2	0	3000
Picture	22	hit	1	3817	3	9033513	1	3153	2	0	3000
Picture	22	hit	1	3516	3	9062225	2	3154	3	0	3000
Picture	33	hit	1	3172	2	9096913	1	3153	3	0	3000
Picture	22	hit	1	4851	4	9127949	2	3154	3	0	3000
Picture	33	miss				9163965	1	3153	2	0	3000
Picture	22	hit	1	2993	2	9195333	1	3153	3	0	3000
Picture	33	miss				9227863	1	3153	3	0	3000
Picture	22	hit	1	2949	3	9265040	1	3154	2	0	3000
Picture	22	hit	1	10887	3	9296408	2	3154	3	0	3000
Picture	22	hit	1	7568	2	9333420	1	3153	2	0	3000
Picture	22	hit	1	6533	2	9366116	1	3153	2	0	3000
Picture	22	hit	1	4551	3	9394828	2	3154	3	0	3000
Picture	33	hit	1	3969	3	9426860	2	3154	3	0	3000
Picture	22	hit	1	3283	4	9460884	2	3154	3	0	3000
Picture	22	hit	1	3141	2	9491589	1	3153	2	0	3000
Picture	22	hit	1	3907	2	9526442	1	3154	2	0	3000
Picture	33	miss				9565777	1	3153	2	0	3000
Picture	22	hit	1	4349	2	9605112	1	3153	2	0	3000
Picture	22	hit	1	5197	2	9640297	1	3154	2	0	3000
Picture	22	hit	1	4986	2	9671168	1	3153	2	0	3000
Picture	33	miss				9704195	2	3154	3	0	3000
Picture	22	hit	1	5631	3	9740543	1	3153	2	0	3000
Picture	22	hit	1	3867	2	9778218	1	3153	2	0	3000
Picture	22	hit	1	3060	2	9815229	1	3153	3	0	3000
Picture	22	hit	1	3542	2	9854232	1	3153	3	0	3000
Picture	22	hit	1	5364	2	9887758	1	3153	2	0	3000
Picture	33	miss				9923773	1	3154	2	0	3000
Picture	22	hit	1	6031	3	9962278	2	3154	3	0	3000
Picture	33	miss				9996302	1	3153	2	0	3000
Picture	22	hit	1	2740	3	10026342	2	3154	3	0	3000
Picture	22	hit	1	4144	2	10061030	1	3153	3	0	3000
Picture	22	hit	1	3616	2	10096050	1	3153	2	0	3000
Picture	22	hit	1	3588	2	10127086	1	3153	2	0	3000
Picture	22	hit	1	2656	2	10158288	1	3154	2	0	3000
Picture	33	hit	1	3685	2	10188329	1	3153	2	0	3000
