Scenario - GO/NO-GO
Logfile written - 05/06/2011 08:53:34

Subject	Trial	Event Type	Code	Time	TTime	Uncertainty	Duration	Uncertainty	ReqTime	ReqDur

HV	2	Picture	22	289	0	2	3154	3	0	3000
HV	2	Response	1	5847	5558	1
HV	3	Picture	22	8422	0	1	3153	2	0	3000
HV	3	Response	1	15388	6966	2
HV	4	Picture	22	19376	0	1	3153	3	0	3000
HV	4	Response	1	23843	4467	1
HV	5	Picture	22	27508	0	2	3154	3	0	3000
HV	5	Response	1	31854	4346	1
HV	6	Picture	22	36471	0	1	3153	2	0	3000
HV	6	Response	1	39893	3422	1
HV	7	Picture	33	44603	0	2	3154	3	0	3000
HV	8	Picture	22	53898	0	1	3153	2	0	3000
HV	8	Response	1	56318	2420	1
HV	9	Picture	22	63026	0	1	3153	2	0	3000
HV	9	Response	1	65475	2449	1
HV	10	Picture	22	73814	0	1	3153	3	0	3000
HV	10	Response	1	76202	2388	1
HV	11	Picture	33	83772	0	1	3154	2	0	3000
HV	12	Picture	22	93564	0	2	3154	3	0	3000
HV	12	Response	1	95994	2430	1
HV	13	Picture	33	103191	0	1	3153	2	0	3000
HV	14	Picture	22	111655	0	1	3153	3	0	3000
HV	14	Response	1	116550	4895	1
HV	15	Picture	22	121945	0	1	3154	2	0	3000
HV	15	Response	1	128340	6395	2
HV	16	Picture	22	130742	0	1	3153	2	0	3000
HV	16	Response	1	135490	4748	1
HV	17	Picture	33	141695	0	2	3154	3	0	3000
HV	18	Picture	22	151488	0	1	3153	2	0	3000
HV	18	Response	1	152030	542	1
HV	19	Picture	33	160450	0	1	3153	3	0	3000
HV	20	Picture	22	168749	0	1	3153	2	0	3000
HV	20	Response	1	174227	5478	2
HV	21	Picture	33	177545	0	1	3153	2	0	3000
HV	22	Picture	22	188665	0	1	3153	2	0	3000
HV	22	Response	1	192093	3428	1
HV	23	Picture	33	197295	0	2	3154	3	0	3000
HV	24	Picture	22	208249	0	2	3154	3	0	3000
HV	24	Response	1	211001	2752	1
HV	25	Picture	22	217378	0	1	3153	2	0	3000
HV	25	Response	1	222078	4700	1
HV	26	Picture	22	226174	0	1	3153	3	0	3000
HV	26	Response	1	232716	6542	1
HV	27	Picture	22	236132	0	1	3154	2	0	3000
HV	27	Response	1	242201	6069	1
HV	28	Picture	22	244265	0	1	3153	2	0	3000
HV	28	Response	1	251602	7337	1
HV	29	Picture	22	255053	0	1	3153	2	0	3000
HV	29	Response	1	261529	6476	2
HV	30	Picture	22	264679	0	1	3153	2	0	3000
HV	30	Response	1	271407	6728	1
HV	31	Picture	33	273807	0	1	3154	2	0	3000
HV	32	Picture	22	282770	0	1	3153	2	0	3000
HV	32	Response	1	287684	4914	2
HV	33	Picture	22	292396	0	1	3153	2	0	3000
HV	33	Response	1	300328	7932	1
HV	34	Picture	22	302188	0	1	3153	3	0	3000
HV	35	Picture	22	310486	0	2	3154	3	0	3000
HV	35	Response	1	313450	2964	1
HV	36	Picture	22	319117	0	1	3153	2	0	3000
HV	36	Response	1	325360	6243	1
HV	37	Picture	22	327581	0	2	3154	3	0	3000
HV	38	Picture	22	338535	0	2	3154	3	0	3000
HV	38	Response	1	341962	3427	1
HV	39	Picture	33	347498	0	1	3153	2	0	3000
HV	40	Picture	22	356128	0	1	3153	3	0	3000
HV	40	Response	1	358916	2788	2
HV	41	Picture	22	367248	0	1	3153	3	0	3000
HV	41	Response	1	371562	4314	1
HV	42	Picture	22	376542	0	2	3154	3	0	3000
HV	42	Response	1	381376	4834	1
HV	43	Picture	22	386998	0	2	3154	3	0	3000
HV	43	Response	1	394796	7798	1
HV	44	Picture	22	397123	0	1	3153	2	0	3000
HV	45	Picture	33	405919	0	1	3153	2	0	3000
HV	46	Picture	22	414217	0	2	3154	3	0	3000
HV	46	Response	1	416630	2413	1
HV	47	Picture	22	424507	0	2	3154	3	0	3000
HV	47	Response	1	427623	3116	1
HV	48	Picture	22	432640	0	1	3153	3	0	3000
HV	48	Response	1	438883	6243	1
HV	49	Picture	33	443262	0	1	3153	3	0	3000
HV	50	Picture	22	451395	0	1	3153	2	0	3000
HV	50	Response	1	454722	3327	1
HV	51	Picture	22	461685	0	1	3153	2	0	3000
HV	51	Response	1	466663	4978	1
HV	52	Picture	22	470979	0	1	3153	3	0	3000
HV	52	Response	1	477391	6412	1
HV	53	Picture	22	479443	0	2	3154	3	0	3000
HV	53	Response	1	488335	8892	1
HV	54	Picture	22	489236	0	1	3153	2	0	3000
HV	55	Picture	22	499858	0	1	3153	2	0	3000
HV	55	Response	1	503227	3369	2
HV	56	Picture	22	510148	0	1	3153	2	0	3000
HV	56	Response	1	515846	5698	1
HV	57	Picture	33	518612	0	1	3154	2	0	3000
HV	58	Picture	22	528073	0	1	3153	2	0	3000
HV	58	Response	1	533155	5082	1
HV	59	Picture	22	538031	0	1	3153	2	0	3000
HV	59	Response	1	544852	6821	2
HV	60	Picture	22	547657	0	1	3153	3	0	3000
HV	60	Response	1	553897	6240	1
HV	61	Picture	22	557449	0	1	3154	2	0	3000
HV	61	Response	1	562947	5498	1
HV	62	Picture	22	565914	0	1	3153	2	0	3000
HV	62	Response	1	572082	6168	1
HV	63	Picture	22	574876	0	1	3153	2	0	3000
HV	63	Response	1	582578	7702	1
HV	64	Picture	22	583340	0	2	3154	3	0	3000
HV	64	Response	1	591657	8317	2
HV	65	Picture	33	594294	0	2	3154	3	0	3000
HV	66	Picture	22	603755	0	1	3153	2	0	3000
HV	66	Response	1	606493	2738	1
HV	67	Picture	22	613381	0	1	3153	2	0	3000
HV	67	Response	1	618786	5405	2
HV	68	Picture	22	623173	0	1	3153	3	0	3000
HV	68	Response	1	628188	5015	1
HV	69	Picture	33	632301	0	2	3154	3	0	3000
HV	70	Picture	22	643255	0	2	3154	3	0	3000
HV	70	Response	1	645626	2371	2
HV	71	Picture	22	652218	0	1	3153	2	0	3000
HV	71	Response	1	657769	5551	1
HV	72	Picture	22	661512	0	1	3153	3	0	3000
HV	72	Response	1	667606	6094	1
HV	73	Picture	33	671138	0	1	3154	2	0	3000
HV	74	Picture	22	679603	0	1	3153	2	0	3000
HV	74	Response	1	682354	2751	1
HV	75	Picture	22	688565	0	1	3153	3	0	3000
HV	75	Response	1	692787	4222	1
HV	76	Picture	22	697859	0	2	3154	3	0	3000
HV	76	Response	1	702810	4951	1
HV	77	Picture	22	706656	0	1	3153	2	0	3000
HV	77	Response	1	712687	6031	2
HV	78	Picture	22	715784	0	1	3153	3	0	3000
HV	78	Response	1	723538	7754	1
HV	79	Picture	33	725576	0	1	3154	2	0	3000
HV	80	Picture	22	736198	0	2	3154	3	0	3000
HV	80	Response	1	738315	2117	1
HV	81	Picture	22	744663	0	1	3153	2	0	3000
HV	81	Response	1	749484	4821	2
HV	82	Picture	22	754621	0	1	3153	2	0	3000
HV	82	Response	1	762082	7461	1
HV	83	Picture	33	765575	0	1	3153	2	0	3000
HV	84	Picture	22	774537	0	2	3154	3	0	3000
HV	84	Response	1	778683	4146	2
HV	85	Picture	22	784661	0	2	3154	3	0	3000
HV	85	Response	1	788110	3449	1
HV	86	Picture	22	795283	0	2	3153	4	0	3000
HV	86	Response	1	798519	3236	1
HV	87	Picture	22	806403	0	2	3154	3	0	3000
HV	87	Response	1	808812	2409	1
HV	88	Picture	22	816196	0	1	3153	2	0	3000
HV	88	Response	1	820372	4176	1
HV	89	Picture	22	827150	0	1	3153	2	0	3000
HV	89	Response	1	832168	5018	1
HV	90	Picture	22	837938	0	1	3153	2	0	3000
HV	90	Response	1	842634	4696	1
HV	91	Picture	33	848892	0	1	3153	2	0	3000
HV	91	Response	1	857738	8846	1
HV	92	Picture	22	858518	0	1	3153	2	0	3000
HV	93	Picture	22	869306	0	1	3153	2	0	3000
HV	93	Response	1	871888	2582	2
HV	94	Picture	22	879596	0	1	3153	2	0	3000
HV	94	Response	1	882941	3345	2
HV	95	Picture	33	888890	0	2	3154	3	0	3000
HV	96	Picture	22	899512	0	2	3154	3	0	3000
HV	96	Response	1	901048	1536	1
HV	97	Picture	22	909802	0	2	3154	3	0	3000
HV	97	Response	1	913929	4127	1
HV	98	Picture	22	919263	0	1	3153	2	0	3000
HV	98	Response	1	926252	6989	1
HV	99	Picture	22	929221	0	1	3153	2	0	3000
HV	99	Response	1	937272	8051	1
HV	100	Picture	22	937685	0	1	3154	2	0	3000
HV	100	Response	1	946344	8659	1
HV	101	Picture	22	948473	0	2	3154	3	0	3000
HV	101	Response	1	954976	6503	1
HV	102	Picture	22	959095	0	2	3154	3	0	3000
HV	102	Response	1	965141	6046	1
HV	103	Picture	33	967892	0	1	3153	2	0	3000
HV	104	Picture	22	976356	0	1	3154	2	0	3000
HV	104	Response	1	978790	2434	1
HV	105	Picture	33	985650	0	2	3154	3	0	3000
HV	106	Picture	22	993783	0	1	3153	3	0	3000
HV	106	Response	1	995004	1221	2
HV	107	Picture	33	1002579	0	2	3154	3	0	3000
HV	107	Response	1	1007794	5215	1
HV	108	Picture	22	1013367	0	2	3154	3	0	3000
HV	108	Response	1	1018933	5566	1
HV	109	Picture	22	1024321	0	2	3154	3	0	3000
HV	109	Response	1	1029271	4950	2
HV	110	Picture	22	1034114	0	1	3153	2	0	3000
HV	110	Response	1	1037990	3876	1
HV	111	Picture	33	1044238	0	1	3153	2	0	3000
HV	111	Response	1	1047741	3503	1
HV	112	Picture	22	1054196	0	1	3153	2	0	3000
HV	112	Response	1	1057158	2962	2
HV	113	Picture	22	1063988	0	1	3153	3	0	3000
HV	113	Response	1	1067031	3043	2
HV	114	Picture	22	1072784	0	2	3154	3	0	3000
HV	114	Response	1	1077193	4409	2
HV	115	Picture	22	1082577	0	1	3153	2	0	3000
HV	115	Response	1	1087333	4756	1
HV	116	Picture	22	1091705	0	1	3153	3	0	3000
HV	116	Response	1	1096321	4616	1
HV	117	Picture	22	1102327	0	1	3153	3	0	3000
HV	117	Response	1	1105338	3011	2
HV	118	Picture	22	1112783	0	1	3153	3	0	3000
HV	118	Response	1	1115774	2991	1
HV	119	Picture	33	1121579	0	2	3154	3	0	3000
HV	119	Response	1	1130338	8759	1
HV	120	Picture	22	1130542	0	1	3153	2	0	3000
HV	121	Picture	22	1138674	0	2	3154	3	0	3000
HV	121	Response	1	1143220	4546	1
HV	122	Picture	22	1147305	0	1	3153	2	0	3000
HV	122	Response	1	1152734	5429	2
HV	123	Picture	22	1155769	0	1	3154	2	0	3000
HV	123	Response	1	1162190	6421	2
HV	124	Picture	22	1165893	0	2	3154	3	0	3000
HV	124	Response	1	1172550	6657	1
HV	125	Picture	33	1176681	0	2	3154	3	0	3000
HV	126	Picture	22	1185976	0	1	3153	2	0	3000
HV	126	Response	1	1187925	1949	2
HV	127	Picture	22	1195602	0	1	3153	3	0	3000
HV	127	Response	1	1198624	3022	1
HV	128	Picture	22	1206058	0	1	3153	3	0	3000
HV	128	Response	1	1208676	2618	1
HV	129	Picture	22	1216514	0	1	3153	3	0	3000
HV	129	Response	1	1220407	3893	2
HV	130	Picture	22	1226970	0	1	3154	2	0	3000
HV	130	Response	1	1230484	3514	2
HV	131	Picture	22	1235932	0	2	3154	3	0	3000
HV	131	Response	1	1241125	5193	1
HV	132	Picture	22	1246555	0	1	3153	2	0	3000
HV	132	Response	1	1251712	5157	1
HV	133	Picture	33	1254687	0	1	3153	3	0	3000
HV	134	Picture	22	1264811	0	1	3154	2	0	3000
HV	134	Response	1	1266607	1796	1
HV	135	Picture	22	1275267	0	2	3154	3	0	3000
HV	135	Response	1	1278605	3338	1
HV	136	Picture	22	1284562	0	1	3153	2	0	3000
HV	136	Response	1	1288420	3858	1
HV	137	Picture	22	1292860	0	1	3153	3	0	3000
HV	137	Response	1	1299412	6552	1
HV	138	Picture	22	1301822	0	2	3154	3	0	3000
HV	139	Picture	33	1310951	0	1	3153	2	0	3000
HV	139	Response	1	1311351	400	1
HV	140	Picture	22	1321573	0	1	3153	2	0	3000
HV	140	Response	1	1326184	4611	1
HV	141	Picture	22	1330867	0	1	3153	3	0	3000
HV	141	Response	1	1338889	8022	1
HV	142	Picture	22	1339000	0	1	3153	2	0	3000
HV	143	Picture	33	1347961	0	3	3154	4	0	3000
HV	143	Response	1	1350653	2692	2
HV	144	Picture	22	1357588	0	1	3154	2	0	3000
HV	144	Response	1	1360500	2912	1
HV	145	Picture	22	1366551	0	1	3153	2	0	3000
HV	145	Response	1	1369960	3409	1
HV	146	Picture	22	1374683	0	1	3153	3	0	3000
HV	146	Response	1	1379838	5155	1
HV	147	Picture	22	1384309	0	2	3154	3	0	3000
HV	147	Response	1	1388733	4424	1
HV	148	Picture	22	1392442	0	1	3153	2	0	3000
HV	148	Response	1	1401206	8764	1
HV	149	Picture	33	1401902	0	1	3153	3	0	3000
HV	150	Picture	22	1412192	0	1	3154	2	0	3000
HV	150	Response	1	1415413	3221	1
HV	151	Picture	22	1422648	0	2	3154	3	0	3000
HV	151	Response	1	1425486	2838	1
HV	152	Picture	22	1432108	0	2	3154	3	0	3000
HV	152	Response	1	1435915	3807	1
HV	153	Picture	33	1441901	0	1	3153	2	0	3000
HV	153	Response	1	1447528	5627	1
HV	154	Picture	22	1450531	0	1	3153	3	0	3000
HV	154	Response	1	1455988	5457	1
HV	155	Picture	22	1460821	0	1	3154	2	0	3000
HV	155	Response	1	1469815	8994	1
HV	156	Picture	22	1471277	0	2	3154	3	0	3000
HV	157	Picture	22	1480903	0	2	3154	3	0	3000
HV	157	Response	1	1483345	2442	1
HV	158	Picture	22	1491526	0	1	3153	2	0	3000
HV	158	Response	1	1495398	3872	1
HV	159	Picture	33	1501650	0	1	3153	2	0	3000
HV	160	Picture	22	1511774	0	1	3153	2	0	3000
HV	160	Response	1	1514654	2880	2
HV	161	Picture	33	1521068	0	1	3154	2	0	3000
HV	162	Picture	22	1532022	0	1	3154	2	0	3000
HV	162	Response	1	1535352	3330	1
HV	163	Picture	22	1540819	0	1	3153	2	0	3000
HV	163	Response	1	1547642	6823	2
HV	164	Picture	22	1550611	0	1	3153	2	0	3000
HV	164	Response	1	1556894	6283	1
HV	165	Picture	33	1558743	0	1	3154	2	0	3000
HV	166	Picture	22	1568037	0	2	3154	3	0	3000
HV	166	Response	1	1572384	4347	1
HV	167	Picture	22	1577664	0	1	3153	2	0	3000
HV	167	Response	1	1586211	8547	1
HV	168	Picture	22	1588120	0	1	3153	2	0	3000
HV	169	Picture	33	1599074	0	1	3153	2	0	3000
HV	170	Picture	22	1607538	0	2	3154	3	0	3000
HV	170	Response	1	1610515	2977	2
HV	171	Picture	22	1618160	0	2	3154	3	0	3000
HV	172	Picture	22	1626957	0	1	3153	2	0	3000
HV	172	Response	1	1630068	3111	1
HV	173	Picture	22	1635255	0	1	3154	2	0	3000
HV	173	Response	1	1641354	6099	1
HV	174	Picture	22	1646209	0	1	3154	2	0	3000
HV	174	Response	1	1652850	6641	1
HV	175	Picture	22	1656001	0	2	3154	3	0	3000
HV	176	Picture	22	1666955	0	2	3154	3	0	3000
HV	176	Response	1	1669977	3022	2
HV	177	Picture	33	1675254	0	1	3153	2	0	3000
HV	178	Picture	22	1685544	0	1	3153	3	0	3000
HV	178	Response	1	1685954	410	1
HV	179	Picture	22	1694672	0	2	3154	3	0	3000
HV	180	Picture	22	1703469	0	1	3153	2	0	3000
HV	180	Response	1	1709555	6086	1
HV	181	Picture	22	1711933	0	1	3154	2	0	3000
HV	182	Picture	22	1720563	0	2	3154	3	0	3000
HV	182	Response	1	1723495	2932	1
HV	183	Picture	33	1730688	0	1	3153	2	0	3000
HV	183	Response	1	1731447	759	2
HV	184	Picture	22	1740480	0	1	3153	2	0	3000
HV	184	Response	1	1743711	3231	1
HV	185	Picture	33	1751434	0	1	3153	2	0	3000
HV	186	Picture	22	1762222	0	1	3153	2	0	3000
HV	186	Response	1	1765304	3082	1
HV	187	Picture	22	1773010	0	1	3153	2	0	3000
HV	188	Picture	22	1781142	0	2	3154	3	0	3000
HV	188	Response	1	1781757	615	1
HV	189	Picture	33	1791930	0	2	3154	3	0	3000
HV	189	Response	1	1794633	2703	2
HV	190	Picture	22	1800063	0	1	3153	2	0	3000
HV	190	Response	1	1806010	5947	1
HV	191	Picture	22	1808195	0	2	3154	3	0	3000
HV	191	Response	1	1816823	8628	1
HV	192	Picture	22	1817490	0	1	3153	2	0	3000
HV	193	Picture	33	1826120	0	1	3154	2	0	3000
HV	193	Response	1	1828670	2550	2
HV	194	Picture	22	1835912	0	2	3154	3	0	3000
HV	194	Response	1	1839282	3370	1
HV	195	Picture	22	1846036	0	2	3154	3	0	3000
HV	195	Response	1	1853563	7527	1
HV	196	Picture	22	1856990	0	2	3154	3	0	3000
HV	196	Response	1	1862868	5878	2
HV	197	Picture	22	1866783	0	1	3153	2	0	3000
HV	198	Picture	22	1874915	0	1	3154	2	0	3000
HV	198	Response	1	1875424	509	1
HV	199	Picture	33	1884209	0	2	3154	3	0	3000
HV	199	Response	1	1891287	7078	2
HV	200	Picture	22	1893670	0	1	3153	2	0	3000
HV	201	Picture	22	1902300	0	1	3154	2	0	3000
HV	201	Response	1	1904942	2642	1
HV	202	Picture	22	1911428	0	2	3154	3	0	3000
HV	202	Response	1	1917173	5745	1
HV	203	Picture	22	1920391	0	1	3153	2	0	3000
HV	203	Response	1	1929411	9020	1
HV	204	Picture	22	1930681	0	1	3153	3	0	3000
HV	205	Picture	33	1940971	0	1	3153	3	0	3000
HV	205	Response	1	1946660	5689	2
HV	206	Picture	22	1950265	0	2	3154	3	0	3000
HV	207	Picture	22	1958730	0	1	3153	2	0	3000
HV	208	Picture	22	1966862	0	2	3154	3	0	3000
HV	208	Response	1	1967564	702	1
HV	209	Picture	22	1977484	0	2	3154	3	0	3000
HV	209	Response	1	1982874	5390	1
HV	210	Picture	22	1988438	0	2	3154	3	0	3000
HV	210	Response	1	1994897	6459	2
HV	211	Picture	33	1996571	0	1	3153	2	0	3000
HV	212	Picture	22	2007525	0	1	3153	2	0	3000
HV	212	Response	1	2009730	2205	1
HV	213	Picture	22	2017151	0	1	3153	3	0	3000
HV	213	Response	1	2023643	6492	1
HV	214	Picture	22	2026943	0	1	3154	2	0	3000
HV	215	Picture	22	2035076	0	1	3153	2	0	3000
HV	215	Response	1	2037702	2626	1
HV	216	Picture	22	2044038	0	1	3154	2	0	3000
HV	216	Response	1	2047900	3862	1
HV	217	Picture	22	2054494	0	1	3154	2	0	3000
HV	217	Response	1	2059342	4848	2
HV	218	Picture	22	2062793	0	1	3153	2	0	3000
HV	219	Picture	33	2072751	0	1	3153	2	0	3000
HV	220	Picture	22	2083539	0	1	3153	2	0	3000
HV	220	Response	1	2086129	2590	1
HV	221	Picture	22	2092003	0	2	3154	3	0	3000
HV	221	Response	1	2098123	6120	1
HV	222	Picture	22	2100966	0	1	3153	2	0	3000
HV	222	Response	1	2110767	9801	1
HV	223	Picture	22	2111754	0	1	3153	2	0	3000
HV	224	Picture	22	2121712	0	1	3153	2	0	3000
HV	224	Response	1	2124918	3206	1
HV	225	Picture	33	2131670	0	1	3153	3	0	3000
HV	226	Picture	22	2140798	0	2	3154	3	0	3000
HV	226	Response	1	2143740	2942	2
HV	227	Picture	22	2151420	0	2	3154	3	0	3000
HV	227	Response	1	2155647	4227	2
HV	228	Picture	22	2162208	0	2	3154	3	0	3000
HV	228	Response	1	2169830	7622	1
HV	229	Picture	33	2172996	0	2	3154	3	0	3000
HV	230	Picture	22	2183287	0	1	3153	2	0	3000
HV	230	Response	1	2186340	3053	1
HV	231	Picture	22	2193577	0	1	3153	2	0	3000
HV	231	Response	1	2199040	5463	1
HV	232	Picture	22	2202207	0	1	3153	3	0	3000
HV	233	Picture	22	2212331	0	1	3154	2	0	3000
HV	233	Response	1	2216997	4666	2
HV	234	Picture	22	2220796	0	1	3153	2	0	3000
HV	234	Response	1	2225004	4208	1
HV	235	Picture	33	2230422	0	1	3153	2	0	3000
HV	236	Picture	22	2240048	0	1	3154	2	0	3000
HV	236	Response	1	2242583	2535	2
HV	237	Picture	33	2250338	0	2	3154	3	0	3000
HV	238	Picture	22	2259964	0	2	3154	3	0	3000
HV	238	Response	1	2262570	2606	2
HV	239	Picture	22	2269757	0	1	3153	2	0	3000
HV	239	Response	1	2275629	5872	1
HV	240	Picture	22	2280379	0	1	3153	2	0	3000
HV	240	Response	1	2285617	5238	1
HV	241	Picture	22	2289673	0	1	3153	3	0	3000
HV	241	Response	1	2294866	5193	1
HV	242	Picture	22	2297971	0	2	3154	3	0	3000
HV	242	Response	1	2302578	4607	1
HV	243	Picture	22	2307930	0	1	3153	2	0	3000
HV	243	Response	1	2315663	7733	1
HV	244	Picture	22	2318054	0	1	3153	2	0	3000
HV	244	Response	1	2325947	7893	1
HV	245	Picture	33	2328510	0	1	3153	2	0	3000
HV	246	Picture	22	2337638	0	2	3154	3	0	3000
HV	246	Response	1	2341488	3850	2
HV	247	Picture	22	2346435	0	1	3153	2	0	3000
HV	248	Picture	22	2356393	0	1	3153	2	0	3000
HV	248	Response	1	2360630	4237	1
HV	249	Picture	33	2366517	0	1	3153	2	0	3000
HV	250	Picture	22	2376475	0	1	3153	3	0	3000
HV	250	Response	1	2384786	8311	1
HV	251	Picture	22	2386101	0	2	3154	3	0	3000
HV	252	Picture	22	2395562	0	1	3153	2	0	3000
HV	252	Response	1	2400765	5203	2
HV	253	Picture	22	2404358	0	1	3153	2	0	3000
HV	254	Picture	22	2413652	0	1	3154	2	0	3000
HV	255	Picture	22	2424108	0	2	3154	3	0	3000
HV	255	Response	1	2432398	8290	1
HV	256	Picture	22	2434730	0	2	3154	3	0	3000
HV	256	Response	1	2441088	6358	2
HV	257	Picture	33	2444025	0	1	3153	2	0	3000
HV	258	Picture	22	2454979	0	1	3153	2	0	3000
HV	258	Response	1	2455473	494	1
HV	259	Picture	22	2463111	0	1	3154	2	0	3000
HV	259	Response	1	2466262	3151	1
HV	260	Picture	22	2473733	0	1	3154	2	0	3000
HV	260	Response	1	2475689	1956	2
HV	261	Picture	33	2483857	0	2	3154	3	0	3000
HV	261	Response	1	2485445	1588	1
HV	262	Picture	22	2493318	0	1	3153	2	0	3000
HV	262	Response	1	2495943	2625	1
HV	263	Picture	22	2504272	0	1	3153	2	0	3000
HV	263	Response	1	2506938	2666	1
HV	264	Picture	22	2513732	0	1	3153	2	0	3000
HV	264	Response	1	2517573	3841	2
HV	265	Picture	33	2522860	0	1	3154	2	0	3000
HV	265	Response	1	2532052	9192	2
HV	266	Picture	22	2533814	0	1	3154	2	0	3000
HV	267	Picture	22	2543274	0	2	3154	3	0	3000
HV	267	Response	1	2548866	5592	2
HV	268	Picture	22	2554062	0	2	3154	3	0	3000
HV	268	Response	1	2561159	7097	1
HV	269	Picture	22	2563357	0	1	3153	2	0	3000
HV	270	Picture	22	2573149	0	1	3153	3	0	3000
HV	270	Response	1	2573994	845	1
HV	271	Picture	33	2581447	0	2	3154	3	0	3000
HV	272	Picture	22	2590576	0	1	3153	3	0	3000
HV	272	Response	1	2592662	2086	1
HV	273	Picture	22	2599206	0	1	3154	2	0	3000
HV	274	Picture	22	2608998	0	2	3154	3	0	3000
HV	274	Response	1	2610914	1916	1
HV	275	Picture	33	2617961	0	1	3153	2	0	3000
HV	275	Response	1	2627925	9964	2
HV	276	Picture	22	2629081	0	1	3153	2	0	3000
HV	277	Picture	33	2639039	0	1	3153	2	0	3000
HV	277	Response	1	2647808	8769	1
HV	278	Picture	22	2648001	0	1	3154	2	0	3000
HV	279	Picture	33	2657627	0	2	3154	3	0	3000
HV	280	Picture	22	2666756	0	1	3153	2	0	3000
HV	280	Response	1	2670669	3913	1
HV	281	Picture	22	2675884	0	1	3153	3	0	3000
HV	282	Picture	22	2684182	0	2	3154	3	0	3000
HV	282	Response	1	2684407	225	1
HV	283	Picture	33	2694473	0	1	3153	2	0	3000
HV	284	Picture	22	2702937	0	1	3154	2	0	3000
HV	284	Response	1	2706351	3414	1
HV	285	Picture	22	2712231	0	2	3154	3	0	3000
HV	285	Response	1	2717362	5131	1
HV	286	Picture	22	2721526	0	1	3153	2	0	3000
HV	287	Picture	33	2731982	0	1	3153	2	0	3000
HV	288	Picture	22	2742936	0	1	3153	2	0	3000
HV	288	Response	1	2745875	2939	1
HV	289	Picture	22	2751068	0	2	3154	3	0	3000
HV	289	Response	1	2754915	3847	1
HV	290	Picture	22	2759865	0	1	3153	2	0	3000
HV	290	Response	1	2763723	3858	1
HV	291	Picture	22	2768993	0	1	3153	3	0	3000
HV	291	Response	1	2772086	3093	1
HV	292	Picture	22	2778951	0	1	3154	2	0	3000
HV	292	Response	1	2781753	2802	1
HV	293	Picture	22	2787416	0	1	3153	2	0	3000
HV	293	Response	1	2790236	2820	1
HV	294	Picture	22	2797208	0	1	3153	2	0	3000
HV	294	Response	1	2800508	3300	1
HV	295	Picture	33	2807332	0	1	3153	2	0	3000
HV	295	Response	1	2810274	2942	1
HV	296	Picture	22	2817622	0	1	3153	3	0	3000
HV	296	Response	1	2818554	932	1
HV	297	Picture	33	2827746	0	1	3154	2	0	3000
HV	297	Response	1	2828458	712	1
HV	298	Picture	22	2837704	0	2	3154	3	0	3000
HV	298	Response	1	2840691	2987	2
HV	299	Picture	22	2847828	0	2	3154	3	0	3000
HV	299	Response	1	2851449	3621	1
HV	300	Picture	22	2856459	0	1	3153	2	0	3000
HV	300	Response	1	2864364	7905	1
HV	301	Picture	33	2866085	0	1	3154	2	0	3000


Event Type	Code	Type	Response	RT	RT Uncertainty	Time	Uncertainty	Duration	Uncertainty	ReqTime	ReqDur

Picture	22	hit	1	5558	3	289	2	3154	3	0	3000
Picture	22	hit	1	6966	3	8422	1	3153	2	0	3000
Picture	22	hit	1	4467	2	19376	1	3153	3	0	3000
Picture	22	hit	1	4346	3	27508	2	3154	3	0	3000
Picture	22	hit	1	3422	2	36471	1	3153	2	0	3000
Picture	33	miss				44603	2	3154	3	0	3000
Picture	22	hit	1	2420	2	53898	1	3153	2	0	3000
Picture	22	hit	1	2449	2	63026	1	3153	2	0	3000
Picture	22	hit	1	2388	2	73814	1	3153	3	0	3000
Picture	33	miss				83772	1	3154	2	0	3000
Picture	22	hit	1	2430	3	93564	2	3154	3	0	3000
Picture	33	miss				103191	1	3153	2	0	3000
Picture	22	hit	1	4895	2	111655	1	3153	3	0	3000
Picture	22	hit	1	6395	3	121945	1	3154	2	0	3000
Picture	22	hit	1	4748	2	130742	1	3153	2	0	3000
Picture	33	miss				141695	2	3154	3	0	3000
Picture	22	hit	1	542	2	151488	1	3153	2	0	3000
Picture	33	miss				160450	1	3153	3	0	3000
Picture	22	hit	1	5478	3	168749	1	3153	2	0	3000
Picture	33	miss				177545	1	3153	2	0	3000
Picture	22	hit	1	3428	2	188665	1	3153	2	0	3000
Picture	33	miss				197295	2	3154	3	0	3000
Picture	22	hit	1	2752	3	208249	2	3154	3	0	3000
Picture	22	hit	1	4700	2	217378	1	3153	2	0	3000
Picture	22	hit	1	6542	2	226174	1	3153	3	0	3000
Picture	22	hit	1	6069	2	236132	1	3154	2	0	3000
Picture	22	hit	1	7337	2	244265	1	3153	2	0	3000
Picture	22	hit	1	6476	3	255053	1	3153	2	0	3000
Picture	22	hit	1	6728	2	264679	1	3153	2	0	3000
Picture	33	miss				273807	1	3154	2	0	3000
Picture	22	hit	1	4914	3	282770	1	3153	2	0	3000
Picture	22	hit	1	7932	2	292396	1	3153	2	0	3000
Picture	22	miss				302188	1	3153	3	0	3000
Picture	22	hit	1	2964	3	310486	2	3154	3	0	3000
Picture	22	hit	1	6243	2	319117	1	3153	2	0	3000
Picture	22	miss				327581	2	3154	3	0	3000
Picture	22	hit	1	3427	3	338535	2	3154	3	0	3000
Picture	33	miss				347498	1	3153	2	0	3000
Picture	22	hit	1	2788	3	356128	1	3153	3	0	3000
Picture	22	hit	1	4314	2	367248	1	3153	3	0	3000
Picture	22	hit	1	4834	3	376542	2	3154	3	0	3000
Picture	22	hit	1	7798	3	386998	2	3154	3	0	3000
Picture	22	miss				397123	1	3153	2	0	3000
Picture	33	miss				405919	1	3153	2	0	3000
Picture	22	hit	1	2413	3	414217	2	3154	3	0	3000
Picture	22	hit	1	3116	3	424507	2	3154	3	0	3000
Picture	22	hit	1	6243	2	432640	1	3153	3	0	3000
Picture	33	miss				443262	1	3153	3	0	3000
Picture	22	hit	1	3327	2	451395	1	3153	2	0	3000
Picture	22	hit	1	4978	2	461685	1	3153	2	0	3000
Picture	22	hit	1	6412	2	470979	1	3153	3	0	3000
Picture	22	hit	1	8892	3	479443	2	3154	3	0	3000
Picture	22	miss				489236	1	3153	2	0	3000
Picture	22	hit	1	3369	3	499858	1	3153	2	0	3000
Picture	22	hit	1	5698	2	510148	1	3153	2	0	3000
Picture	33	miss				518612	1	3154	2	0	3000
Picture	22	hit	1	5082	2	528073	1	3153	2	0	3000
Picture	22	hit	1	6821	3	538031	1	3153	2	0	3000
Picture	22	hit	1	6240	2	547657	1	3153	3	0	3000
Picture	22	hit	1	5498	2	557449	1	3154	2	0	3000
Picture	22	hit	1	6168	2	565914	1	3153	2	0	3000
Picture	22	hit	1	7702	2	574876	1	3153	2	0	3000
Picture	22	hit	1	8317	4	583340	2	3154	3	0	3000
Picture	33	miss				594294	2	3154	3	0	3000
Picture	22	hit	1	2738	2	603755	1	3153	2	0	3000
Picture	22	hit	1	5405	3	613381	1	3153	2	0	3000
Picture	22	hit	1	5015	2	623173	1	3153	3	0	3000
Picture	33	miss				632301	2	3154	3	0	3000
Picture	22	hit	1	2371	4	643255	2	3154	3	0	3000
Picture	22	hit	1	5551	2	652218	1	3153	2	0	3000
Picture	22	hit	1	6094	2	661512	1	3153	3	0	3000
Picture	33	miss				671138	1	3154	2	0	3000
Picture	22	hit	1	2751	2	679603	1	3153	2	0	3000
Picture	22	hit	1	4222	2	688565	1	3153	3	0	3000
Picture	22	hit	1	4951	3	697859	2	3154	3	0	3000
Picture	22	hit	1	6031	3	706656	1	3153	2	0	3000
Picture	22	hit	1	7754	2	715784	1	3153	3	0	3000
Picture	33	miss				725576	1	3154	2	0	3000
Picture	22	hit	1	2117	3	736198	2	3154	3	0	3000
Picture	22	hit	1	4821	3	744663	1	3153	2	0	3000
Picture	22	hit	1	7461	2	754621	1	3153	2	0	3000
Picture	33	miss				765575	1	3153	2	0	3000
Picture	22	hit	1	4146	4	774537	2	3154	3	0	3000
Picture	22	hit	1	3449	3	784661	2	3154	3	0	3000
Picture	22	hit	1	3236	3	795283	2	3153	4	0	3000
Picture	22	hit	1	2409	3	806403	2	3154	3	0	3000
Picture	22	hit	1	4176	2	816196	1	3153	2	0	3000
Picture	22	hit	1	5018	2	827150	1	3153	2	0	3000
Picture	22	hit	1	4696	2	837938	1	3153	2	0	3000
Picture	33	hit	1	8846	2	848892	1	3153	2	0	3000
Picture	22	miss				858518	1	3153	2	0	3000
Picture	22	hit	1	2582	3	869306	1	3153	2	0	3000
Picture	22	hit	1	3345	3	879596	1	3153	2	0	3000
Picture	33	miss				888890	2	3154	3	0	3000
Picture	22	hit	1	1536	3	899512	2	3154	3	0	3000
Picture	22	hit	1	4127	3	909802	2	3154	3	0	3000
Picture	22	hit	1	6989	2	919263	1	3153	2	0	3000
Picture	22	hit	1	8051	2	929221	1	3153	2	0	3000
Picture	22	hit	1	8659	2	937685	1	3154	2	0	3000
Picture	22	hit	1	6503	3	948473	2	3154	3	0	3000
Picture	22	hit	1	6046	3	959095	2	3154	3	0	3000
Picture	33	miss				967892	1	3153	2	0	3000
Picture	22	hit	1	2434	2	976356	1	3154	2	0	3000
Picture	33	miss				985650	2	3154	3	0	3000
Picture	22	hit	1	1221	3	993783	1	3153	3	0	3000
Picture	33	hit	1	5215	3	1002579	2	3154	3	0	3000
Picture	22	hit	1	5566	3	1013367	2	3154	3	0	3000
Picture	22	hit	1	4950	4	1024321	2	3154	3	0	3000
Picture	22	hit	1	3876	2	1034114	1	3153	2	0	3000
Picture	33	hit	1	3503	2	1044238	1	3153	2	0	3000
Picture	22	hit	1	2962	3	1054196	1	3153	2	0	3000
Picture	22	hit	1	3043	3	1063988	1	3153	3	0	3000
Picture	22	hit	1	4409	4	1072784	2	3154	3	0	3000
Picture	22	hit	1	4756	2	1082577	1	3153	2	0	3000
Picture	22	hit	1	4616	2	1091705	1	3153	3	0	3000
Picture	22	hit	1	3011	3	1102327	1	3153	3	0	3000
Picture	22	hit	1	2991	2	1112783	1	3153	3	0	3000
Picture	33	hit	1	8759	3	1121579	2	3154	3	0	3000
Picture	22	miss				1130542	1	3153	2	0	3000
Picture	22	hit	1	4546	3	1138674	2	3154	3	0	3000
Picture	22	hit	1	5429	3	1147305	1	3153	2	0	3000
Picture	22	hit	1	6421	3	1155769	1	3154	2	0	3000
Picture	22	hit	1	6657	3	1165893	2	3154	3	0	3000
Picture	33	miss				1176681	2	3154	3	0	3000
Picture	22	hit	1	1949	3	1185976	1	3153	2	0	3000
Picture	22	hit	1	3022	2	1195602	1	3153	3	0	3000
Picture	22	hit	1	2618	2	1206058	1	3153	3	0	3000
Picture	22	hit	1	3893	3	1216514	1	3153	3	0	3000
Picture	22	hit	1	3514	3	1226970	1	3154	2	0	3000
Picture	22	hit	1	5193	3	1235932	2	3154	3	0	3000
Picture	22	hit	1	5157	2	1246555	1	3153	2	0	3000
Picture	33	miss				1254687	1	3153	3	0	3000
Picture	22	hit	1	1796	2	1264811	1	3154	2	0	3000
Picture	22	hit	1	3338	3	1275267	2	3154	3	0	3000
Picture	22	hit	1	3858	2	1284562	1	3153	2	0	3000
Picture	22	hit	1	6552	2	1292860	1	3153	3	0	3000
Picture	22	miss				1301822	2	3154	3	0	3000
Picture	33	hit	1	400	2	1310951	1	3153	2	0	3000
Picture	22	hit	1	4611	2	1321573	1	3153	2	0	3000
Picture	22	hit	1	8022	2	1330867	1	3153	3	0	3000
Picture	22	miss				1339000	1	3153	2	0	3000
Picture	33	hit	1	2692	5	1347961	3	3154	4	0	3000
Picture	22	hit	1	2912	2	1357588	1	3154	2	0	3000
Picture	22	hit	1	3409	2	1366551	1	3153	2	0	3000
Picture	22	hit	1	5155	2	1374683	1	3153	3	0	3000
Picture	22	hit	1	4424	3	1384309	2	3154	3	0	3000
Picture	22	hit	1	8764	2	1392442	1	3153	2	0	3000
Picture	33	miss				1401902	1	3153	3	0	3000
Picture	22	hit	1	3221	2	1412192	1	3154	2	0	3000
Picture	22	hit	1	2838	3	1422648	2	3154	3	0	3000
Picture	22	hit	1	3807	3	1432108	2	3154	3	0	3000
Picture	33	hit	1	5627	2	1441901	1	3153	2	0	3000
Picture	22	hit	1	5457	2	1450531	1	3153	3	0	3000
Picture	22	hit	1	8994	2	1460821	1	3154	2	0	3000
Picture	22	miss				1471277	2	3154	3	0	3000
Picture	22	hit	1	2442	3	1480903	2	3154	3	0	3000
Picture	22	hit	1	3872	2	1491526	1	3153	2	0	3000
Picture	33	miss				1501650	1	3153	2	0	3000
Picture	22	hit	1	2880	3	1511774	1	3153	2	0	3000
Picture	33	miss				1521068	1	3154	2	0	3000
Picture	22	hit	1	3330	2	1532022	1	3154	2	0	3000
Picture	22	hit	1	6823	3	1540819	1	3153	2	0	3000
Picture	22	hit	1	6283	2	1550611	1	3153	2	0	3000
Picture	33	miss				1558743	1	3154	2	0	3000
Picture	22	hit	1	4347	3	1568037	2	3154	3	0	3000
Picture	22	hit	1	8547	2	1577664	1	3153	2	0	3000
Picture	22	miss				1588120	1	3153	2	0	3000
Picture	33	miss				1599074	1	3153	2	0	3000
Picture	22	hit	1	2977	4	1607538	2	3154	3	0	3000
Picture	22	miss				1618160	2	3154	3	0	3000
Picture	22	hit	1	3111	2	1626957	1	3153	2	0	3000
Picture	22	hit	1	6099	2	1635255	1	3154	2	0	3000
Picture	22	hit	1	6641	2	1646209	1	3154	2	0	3000
Picture	22	miss				1656001	2	3154	3	0	3000
Picture	22	hit	1	3022	4	1666955	2	3154	3	0	3000
Picture	33	miss				1675254	1	3153	2	0	3000
Picture	22	hit	1	410	2	1685544	1	3153	3	0	3000
Picture	22	miss				1694672	2	3154	3	0	3000
Picture	22	hit	1	6086	2	1703469	1	3153	2	0	3000
Picture	22	miss				1711933	1	3154	2	0	3000
Picture	22	hit	1	2932	3	1720563	2	3154	3	0	3000
Picture	33	hit	1	759	3	1730688	1	3153	2	0	3000
Picture	22	hit	1	3231	2	1740480	1	3153	2	0	3000
Picture	33	miss				1751434	1	3153	2	0	3000
Picture	22	hit	1	3082	2	1762222	1	3153	2	0	3000
Picture	22	miss				1773010	1	3153	2	0	3000
Picture	22	hit	1	615	3	1781142	2	3154	3	0	3000
Picture	33	hit	1	2703	4	1791930	2	3154	3	0	3000
Picture	22	hit	1	5947	2	1800063	1	3153	2	0	3000
Picture	22	hit	1	8628	3	1808195	2	3154	3	0	3000
Picture	22	miss				1817490	1	3153	2	0	3000
Picture	33	hit	1	2550	3	1826120	1	3154	2	0	3000
Picture	22	hit	1	3370	3	1835912	2	3154	3	0	3000
Picture	22	hit	1	7527	3	1846036	2	3154	3	0	3000
Picture	22	hit	1	5878	4	1856990	2	3154	3	0	3000
Picture	22	miss				1866783	1	3153	2	0	3000
Picture	22	hit	1	509	2	1874915	1	3154	2	0	3000
Picture	33	hit	1	7078	4	1884209	2	3154	3	0	3000
Picture	22	miss				1893670	1	3153	2	0	3000
Picture	22	hit	1	2642	2	1902300	1	3154	2	0	3000
Picture	22	hit	1	5745	3	1911428	2	3154	3	0	3000
Picture	22	hit	1	9020	2	1920391	1	3153	2	0	3000
Picture	22	miss				1930681	1	3153	3	0	3000
Picture	33	hit	1	5689	3	1940971	1	3153	3	0	3000
Picture	22	miss				1950265	2	3154	3	0	3000
Picture	22	miss				1958730	1	3153	2	0	3000
Picture	22	hit	1	702	3	1966862	2	3154	3	0	3000
Picture	22	hit	1	5390	3	1977484	2	3154	3	0	3000
Picture	22	hit	1	6459	4	1988438	2	3154	3	0	3000
Picture	33	miss				1996571	1	3153	2	0	3000
Picture	22	hit	1	2205	2	2007525	1	3153	2	0	3000
Picture	22	hit	1	6492	2	2017151	1	3153	3	0	3000
Picture	22	miss				2026943	1	3154	2	0	3000
Picture	22	hit	1	2626	2	2035076	1	3153	2	0	3000
Picture	22	hit	1	3862	2	2044038	1	3154	2	0	3000
Picture	22	hit	1	4848	3	2054494	1	3154	2	0	3000
Picture	22	miss				2062793	1	3153	2	0	3000
Picture	33	miss				2072751	1	3153	2	0	3000
Picture	22	hit	1	2590	2	2083539	1	3153	2	0	3000
Picture	22	hit	1	6120	3	2092003	2	3154	3	0	3000
Picture	22	hit	1	9801	2	2100966	1	3153	2	0	3000
Picture	22	miss				2111754	1	3153	2	0	3000
Picture	22	hit	1	3206	2	2121712	1	3153	2	0	3000
Picture	33	miss				2131670	1	3153	3	0	3000
Picture	22	hit	1	2942	4	2140798	2	3154	3	0	3000
Picture	22	hit	1	4227	4	2151420	2	3154	3	0	3000
Picture	22	hit	1	7622	3	2162208	2	3154	3	0	3000
Picture	33	miss				2172996	2	3154	3	0	3000
Picture	22	hit	1	3053	2	2183287	1	3153	2	0	3000
Picture	22	hit	1	5463	2	2193577	1	3153	2	0	3000
Picture	22	miss				2202207	1	3153	3	0	3000
Picture	22	hit	1	4666	3	2212331	1	3154	2	0	3000
Picture	22	hit	1	4208	2	2220796	1	3153	2	0	3000
Picture	33	miss				2230422	1	3153	2	0	3000
Picture	22	hit	1	2535	3	2240048	1	3154	2	0	3000
Picture	33	miss				2250338	2	3154	3	0	3000
Picture	22	hit	1	2606	4	2259964	2	3154	3	0	3000
Picture	22	hit	1	5872	2	2269757	1	3153	2	0	3000
Picture	22	hit	1	5238	2	2280379	1	3153	2	0	3000
Picture	22	hit	1	5193	2	2289673	1	3153	3	0	3000
Picture	22	hit	1	4607	3	2297971	2	3154	3	0	3000
Picture	22	hit	1	7733	2	2307930	1	3153	2	0	3000
Picture	22	hit	1	7893	2	2318054	1	3153	2	0	3000
Picture	33	miss				2328510	1	3153	2	0	3000
Picture	22	hit	1	3850	4	2337638	2	3154	3	0	3000
Picture	22	miss				2346435	1	3153	2	0	3000
Picture	22	hit	1	4237	2	2356393	1	3153	2	0	3000
Picture	33	miss				2366517	1	3153	2	0	3000
Picture	22	hit	1	8311	2	2376475	1	3153	3	0	3000
Picture	22	miss				2386101	2	3154	3	0	3000
Picture	22	hit	1	5203	3	2395562	1	3153	2	0	3000
Picture	22	miss				2404358	1	3153	2	0	3000
Picture	22	miss				2413652	1	3154	2	0	3000
Picture	22	hit	1	8290	3	2424108	2	3154	3	0	3000
Picture	22	hit	1	6358	4	2434730	2	3154	3	0	3000
Picture	33	miss				2444025	1	3153	2	0	3000
Picture	22	hit	1	494	2	2454979	1	3153	2	0	3000
Picture	22	hit	1	3151	2	2463111	1	3154	2	0	3000
Picture	22	hit	1	1956	3	2473733	1	3154	2	0	3000
Picture	33	hit	1	1588	3	2483857	2	3154	3	0	3000
Picture	22	hit	1	2625	2	2493318	1	3153	2	0	3000
Picture	22	hit	1	2666	2	2504272	1	3153	2	0	3000
Picture	22	hit	1	3841	3	2513732	1	3153	2	0	3000
Picture	33	hit	1	9192	3	2522860	1	3154	2	0	3000
Picture	22	miss				2533814	1	3154	2	0	3000
Picture	22	hit	1	5592	4	2543274	2	3154	3	0	3000
Picture	22	hit	1	7097	3	2554062	2	3154	3	0	3000
Picture	22	miss				2563357	1	3153	2	0	3000
Picture	22	hit	1	845	2	2573149	1	3153	3	0	3000
Picture	33	miss				2581447	2	3154	3	0	3000
Picture	22	hit	1	2086	2	2590576	1	3153	3	0	3000
Picture	22	miss				2599206	1	3154	2	0	3000
Picture	22	hit	1	1916	3	2608998	2	3154	3	0	3000
Picture	33	hit	1	9964	3	2617961	1	3153	2	0	3000
Picture	22	miss				2629081	1	3153	2	0	3000
Picture	33	hit	1	8769	2	2639039	1	3153	2	0	3000
Picture	22	miss				2648001	1	3154	2	0	3000
Picture	33	miss				2657627	2	3154	3	0	3000
Picture	22	hit	1	3913	2	2666756	1	3153	2	0	3000
Picture	22	miss				2675884	1	3153	3	0	3000
Picture	22	hit	1	225	3	2684182	2	3154	3	0	3000
Picture	33	miss				2694473	1	3153	2	0	3000
Picture	22	hit	1	3414	2	2702937	1	3154	2	0	3000
Picture	22	hit	1	5131	3	2712231	2	3154	3	0	3000
Picture	22	miss				2721526	1	3153	2	0	3000
Picture	33	miss				2731982	1	3153	2	0	3000
Picture	22	hit	1	2939	2	2742936	1	3153	2	0	3000
Picture	22	hit	1	3847	3	2751068	2	3154	3	0	3000
Picture	22	hit	1	3858	2	2759865	1	3153	2	0	3000
Picture	22	hit	1	3093	2	2768993	1	3153	3	0	3000
Picture	22	hit	1	2802	2	2778951	1	3154	2	0	3000
Picture	22	hit	1	2820	2	2787416	1	3153	2	0	3000
Picture	22	hit	1	3300	2	2797208	1	3153	2	0	3000
Picture	33	hit	1	2942	2	2807332	1	3153	2	0	3000
Picture	22	hit	1	932	2	2817622	1	3153	3	0	3000
Picture	33	hit	1	712	2	2827746	1	3154	2	0	3000
Picture	22	hit	1	2987	4	2837704	2	3154	3	0	3000
Picture	22	hit	1	3621	3	2847828	2	3154	3	0	3000
Picture	22	hit	1	7905	2	2856459	1	3153	2	0	3000
Picture	33	miss				2866085	1	3154	2	0	3000
