Scenario - EFT rapido Abril 2011
Logfile written - 12/22/2011 13:30:01

Subject	Trial	Event Type	Code	Time	TTime	Uncertainty	Duration	Uncertainty	ReqTime	ReqDur

cab	2	Picture	21	10414	0	1	3153	2	0	3000
cab	3	Response	2	15975	2242	1
cab	4	Picture	11	21368	0	1	3153	2	0	3000
cab	5	Response	1	26481	1794	1
cab	6	Picture	21	31824	0	1	3153	2	0	3000
cab	7	Response	2	35511	368	2
cab	8	Picture	11	42944	0	1	3153	2	0	3000
cab	9	Response	1	46427	164	1
cab	10	Picture	10	51408	0	1	3154	2	0	3000
cab	11	Response	2	58079	3351	1
cab	12	Picture	21	61366	0	2	3154	3	0	3000
cab	13	Response	2	65813	1127	1
cab	14	Picture	20	71656	0	2	3154	3	0	3000
cab	14	Response	1	74963	3307	1
cab	16	Picture	21	82112	0	2	3154	3	0	3000
cab	17	Response	2	86051	619	1
cab	18	Picture	21	93066	0	2	3154	3	0	3000
cab	19	Response	2	97205	819	1
cab	20	Picture	20	102859	0	1	3153	2	0	3000
cab	21	Response	1	107417	1239	1
cab	22	Picture	20	112153	0	1	3153	3	0	3000
cab	23	Response	2	116350	878	1
cab	24	Picture	11	123107	0	1	3153	2	0	3000
cab	25	Response	1	128031	1605	2
cab	26	Picture	21	132733	0	2	3154	3	0	3000
cab	27	Response	2	136359	306	2
cab	28	Picture	20	143521	0	2	3154	3	0	3000
cab	29	Response	1	147308	467	1
cab	30	Picture	11	153147	0	2	3154	3	0	3000
cab	32	Picture	10	162774	0	1	3153	2	0	3000
cab	33	Response	2	166523	430	1
cab	34	Picture	10	171570	0	1	3154	2	0	3000
cab	36	Picture	11	182690	0	1	3154	2	0	3000
cab	37	Response	1	186476	466	1
cab	38	Picture	21	193810	0	1	3153	3	0	3000
cab	39	Response	2	198602	1473	1
cab	40	Picture	20	203934	0	1	3154	2	0	3000
cab	41	Response	2	211842	4588	2
cab	42	Picture	11	213726	0	2	3154	3	0	3000
cab	43	Response	1	217815	769	1
cab	44	Picture	21	223353	0	1	3153	2	0	3000
cab	45	Response	2	226937	265	2
cab	46	Picture	11	234639	0	1	3153	2	0	3000
cab	47	Response	2	238416	458	1
cab	48	Picture	21	244597	0	1	3153	2	0	3000
cab	50	Picture	21	253725	0	1	3154	2	0	3000
cab	51	Response	2	258546	1502	1
cab	52	Picture	20	264845	0	1	3153	3	0	3000
cab	54	Picture	11	273310	0	1	3153	2	0	3000
cab	55	Response	1	277649	1020	1
cab	56	Picture	21	283102	0	1	3153	2	0	3000
cab	56	Response	2	286330	3228	2
cab	58	Picture	20	294388	0	1	3153	2	0	3000
cab	58	Response	1	297367	2979	1
cab	60	Picture	20	304014	0	1	3153	2	0	3000
cab	62	Picture	20	314138	0	1	3153	3	0	3000
cab	64	Picture	11	325092	0	1	3153	3	0	3000
cab	66	Picture	21	335548	0	1	3154	2	0	3000
cab	66	Response	2	338131	2583	1
cab	68	Picture	20	346834	0	1	3153	3	0	3000
cab	69	Response	2	350580	427	2
cab	70	Picture	21	355796	0	2	3154	3	0	3000
cab	71	Response	2	363971	4855	1
cab	72	Picture	11	367248	0	2	3154	3	0	3000
cab	73	Response	1	371744	1176	2
cab	74	Picture	20	377207	0	1	3153	2	0	3000
cab	74	Response	2	380248	3041	2
cab	76	Picture	21	388326	0	2	3154	3	0	3000
cab	77	Response	2	393376	1730	1
cab	78	Picture	11	397455	0	1	3153	2	0	3000
cab	79	Response	1	401559	785	1
cab	80	Picture	21	407247	0	1	3153	3	0	3000
cab	81	Response	2	411125	559	1
cab	82	Picture	20	417039	0	2	3154	3	0	3000
cab	83	Response	2	421159	800	1
cab	84	Picture	21	426002	0	1	3153	2	0	3000
cab	85	Response	2	430458	1137	1
cab	86	Picture	20	437122	0	1	3153	2	0	3000
cab	87	Response	1	441847	1406	1
cab	88	Picture	11	447578	0	1	3153	2	0	3000
cab	90	Picture	20	457370	0	1	3153	2	0	3000
cab	90	Response	2	459799	2429	1
cab	92	Picture	21	467162	0	1	3153	3	0	3000
cab	93	Response	2	470865	384	1
cab	94	Picture	20	476124	0	2	3154	3	0	3000
cab	95	Response	2	480667	1223	1
cab	96	Picture	10	486249	0	1	3153	2	0	3000
cab	97	Response	1	490588	1020	1
cab	98	Picture	21	497037	0	1	3153	2	0	3000
cab	99	Response	2	500503	147	1
cab	100	Picture	10	506829	0	1	3153	2	0	3000
cab	101	Response	1	513396	3248	2
cab	102	Picture	11	518281	0	1	3153	2	0	3000
cab	103	Response	1	523724	2124	1
cab	104	Picture	10	529567	0	1	3153	2	0	3000
cab	105	Response	2	535263	2377	1
cab	106	Picture	20	539857	0	1	3153	2	0	3000
cab	108	Picture	11	548985	0	1	3154	2	0	3000
cab	108	Response	1	551237	2252	1
cab	110	Picture	21	559275	0	2	3154	3	0	3000
cab	111	Response	2	562862	267	1
cab	112	Picture	21	568901	0	2	3154	3	0	3000
cab	113	Response	2	573426	1205	1
cab	114	Picture	20	578860	0	1	3153	2	0	3000
cab	115	Response	2	583930	1751	1
cab	116	Picture	21	589980	0	1	3153	2	0	3000
cab	117	Response	2	595585	2286	2
cab	118	Picture	11	600602	0	1	3153	2	0	3000
cab	119	Response	1	605299	1378	1
cab	120	Picture	21	609730	0	1	3153	3	0	3000
cab	121	Response	2	613244	195	1
cab	122	Picture	10	618360	0	2	3154	3	0	3000
cab	123	Response	1	621988	308	1
cab	124	Picture	21	627323	0	2	3153	3	0	3000
cab	125	Response	2	630910	268	1
cab	126	Picture	10	636617	0	1	3153	3	0	3000
cab	127	Response	1	640008	72	2
cab	128	Picture	10	646907	0	1	3154	2	0	3000
cab	129	Response	2	650281	55	1
cab	130	Picture	10	656201	0	2	3154	3	0	3000
cab	131	Response	1	663319	3798	1
cab	132	Picture	10	666824	0	1	3153	2	0	3000
cab	133	Response	1	672765	2622	1
cab	134	Picture	21	677280	0	1	3153	2	0	3000
cab	135	Response	2	682154	1555	1
cab	136	Picture	20	685910	0	1	3153	3	0	3000
cab	137	Response	2	691301	2072	1
cab	138	Picture	10	695702	0	2	3154	3	0	3000
cab	139	Response	1	701869	2847	1
cab	140	Picture	21	707154	0	1	3154	2	0	3000
cab	141	Response	2	711873	1399	2
cab	142	Picture	21	717610	0	2	3154	3	0	3000
cab	143	Response	2	722706	1776	1
cab	144	Picture	10	728564	0	2	3154	3	0	3000
cab	145	Response	1	734011	2127	1
cab	146	Picture	10	738190	0	2	3154	3	0	3000
cab	147	Response	1	745018	3508	1
cab	148	Picture	20	748978	0	2	3154	3	0	3000
cab	149	Response	2	755466	3168	2
cab	150	Picture	21	759103	0	1	3153	2	0	3000
cab	151	Response	2	765649	3227	1
cab	152	Picture	20	769393	0	1	3153	2	0	3000
cab	153	Response	2	776422	3710	1
cab	154	Picture	20	779019	0	1	3153	3	0	3000
cab	155	Response	2	787493	5155	1
cab	156	Picture	20	789143	0	1	3154	2	0	3000
cab	158	Picture	21	800263	0	1	3154	2	0	3000
cab	159	Response	2	804654	1071	3
cab	160	Picture	20	808894	0	1	3153	2	0	3000
cab	161	Response	2	814286	2073	1
cab	162	Picture	20	820179	0	2	3154	3	0	3000
cab	163	Response	2	826213	2714	1
cab	164	Picture	20	831133	0	2	3154	3	0	3000
cab	165	Response	2	838518	4065	2
cab	166	Picture	20	840926	0	1	3153	2	0	3000
cab	168	Picture	21	850552	0	1	3153	2	0	3000
cab	168	Response	2	852471	1919	1
cab	170	Picture	11	860344	0	1	3154	2	0	3000
cab	171	Response	1	865249	1585	1
cab	172	Picture	11	868975	0	1	3153	2	0	3000
cab	173	Response	1	876347	4053	1
cab	174	Picture	11	880095	0	1	3153	2	0	3000
cab	175	Response	1	887445	4031	1
cab	176	Picture	11	890385	0	1	3153	2	0	3000
cab	177	Response	1	900428	6724	1
cab	178	Picture	21	901339	0	1	3153	2	0	3000
cab	180	Picture	11	912625	0	1	3153	2	0	3000
cab	180	Response	2	914998	2373	1
cab	182	Picture	11	921421	0	1	3153	2	0	3000
cab	183	Response	1	926352	1612	2
cab	184	Picture	20	930051	0	2	3154	3	0	3000
cab	186	Picture	20	939844	0	1	3153	2	0	3000
cab	186	Response	1	943045	3201	2
cab	188	Picture	10	948806	0	1	3153	2	0	3000
cab	190	Picture	11	959926	0	1	3153	2	0	3000
cab	191	Response	1	964763	1518	2
cab	192	Picture	10	969884	0	1	3154	2	0	3000
cab	193	Response	1	974154	951	1
cab	194	Picture	21	980506	0	1	3154	2	0	3000
cab	195	Response	2	985131	1306	1
cab	196	Picture	11	989468	0	2	3154	3	0	3000
cab	197	Response	1	993749	961	2
cab	198	Picture	10	999427	0	1	3153	2	0	3000
cab	199	Response	1	1004842	2096	2
cab	200	Picture	20	1008389	0	1	3153	3	0	3000
cab	201	Response	2	1013612	1904	1
cab	202	Picture	11	1017019	0	2	3154	3	0	3000
cab	202	Response	1	1020170	3151	1
cab	204	Picture	11	1026148	0	1	3153	2	0	3000
cab	205	Response	2	1030117	650	2
cab	206	Picture	10	1035940	0	1	3153	3	0	3000
cab	207	Response	1	1043523	4264	1
cab	208	Picture	10	1045566	0	2	3154	3	0	3000
cab	209	Response	1	1052260	3374	2
cab	210	Picture	10	1055192	0	2	3154	3	0	3000
cab	211	Response	1	1060822	2310	2
cab	212	Picture	21	1066478	0	2	3154	3	0	3000
cab	213	Response	2	1071860	2062	1
cab	214	Picture	10	1076934	0	2	3154	3	0	3000
cab	214	Response	1	1080248	3314	2
cab	216	Picture	10	1085897	0	1	3153	2	0	3000
cab	217	Response	1	1092199	2983	1
cab	218	Picture	21	1094693	0	2	3154	3	0	3000
cab	219	Response	2	1100497	2484	2
cab	220	Picture	20	1106145	0	1	3154	2	0	3000
cab	220	Response	1	1108766	2621	1
cab	222	Picture	11	1114942	0	1	3153	2	0	3000
cab	223	Response	1	1119711	1450	1
cab	224	Picture	11	1126061	0	2	3154	3	0	3000
cab	225	Response	1	1131156	1775	2
cab	226	Picture	21	1137181	0	2	3154	3	0	3000
cab	227	Response	2	1142223	1722	1
cab	228	Picture	11	1145978	0	1	3153	2	0	3000
cab	229	Response	1	1150989	1692	1
cab	230	Picture	21	1154774	0	2	3154	3	0	3000
cab	231	Response	2	1160082	1988	1
cab	232	Picture	11	1163405	0	1	3153	2	0	3000
cab	233	Response	1	1167850	1126	1
cab	234	Picture	20	1173529	0	1	3153	2	0	3000
cab	235	Response	2	1177941	1093	2
cab	236	Picture	20	1183487	0	1	3153	3	0	3000
cab	237	Response	2	1189687	2881	1
cab	238	Picture	11	1192781	0	2	3154	3	0	3000
cab	239	Response	1	1198018	1917	1
cab	240	Picture	10	1203735	0	2	3154	3	0	3000
cab	240	Response	2	1206874	3139	2
cab	242	Picture	21	1214523	0	2	3061	100	0	3000
cab	243	Response	2	1220319	2477	1
cab	244	Picture	20	1224315	0	2	3154	3	0	3000
cab	245	Response	2	1231858	4223	1
cab	246	Picture	20	1235601	0	2	3154	3	0	3000
cab	247	Response	2	1242717	3796	1
cab	248	Picture	11	1246058	0	1	3153	2	0	3000
cab	249	Response	1	1250957	1580	1
cab	250	Picture	20	1257177	0	2	3154	3	0	3000
cab	251	Response	2	1261729	1232	1
cab	252	Picture	10	1265642	0	1	3153	3	0	3000
cab	253	Response	1	1269436	475	1
cab	254	Picture	20	1274438	0	2	3154	3	0	3000
cab	255	Response	2	1278557	799	1
cab	256	Picture	11	1285060	0	2	3154	3	0	3000
cab	257	Response	1	1288741	361	1
cab	258	Picture	20	1296346	0	2	3154	3	0	3000
cab	258	Response	2	1299629	3283	1
cab	260	Picture	21	1307300	0	2	3154	3	0	3000
cab	261	Response	2	1312516	1896	1
cab	262	Picture	21	1318254	0	2	3154	3	0	3000
cab	263	Response	2	1322696	1122	1
cab	264	Picture	20	1328876	0	2	3154	3	0	3000
cab	265	Response	2	1334501	2305	1
cab	266	Picture	10	1339001	0	1	3153	2	0	3000
cab	267	Response	1	1344479	2159	1
cab	268	Picture	10	1349125	0	1	3153	2	0	3000
cab	269	Response	2	1353720	1276	1
cab	270	Picture	11	1358751	0	1	3153	3	0	3000
cab	271	Response	1	1363811	1741	2
cab	272	Picture	20	1368709	0	1	3154	2	0	3000
cab	273	Response	2	1374048	2020	1
cab	274	Picture	20	1378667	0	2	3154	3	0	3000
cab	275	Response	2	1384054	2067	1
cab	276	Picture	20	1389953	0	2	3154	3	0	3000
cab	277	Response	2	1394117	844	1
cab	278	Picture	20	1398418	0	1	3153	2	0	3000
cab	279	Response	2	1403978	2241	1
cab	280	Picture	21	1408376	0	1	3153	2	0	3000
cab	281	Response	2	1415727	4032	1
cab	282	Picture	10	1418168	0	1	3153	3	0	3000
cab	283	Response	1	1425089	3602	1
cab	284	Picture	10	1429454	0	1	3153	3	0	3000
cab	285	Response	1	1436003	3230	2
cab	286	Picture	21	1438084	0	2	3154	3	0	3000
cab	287	Response	2	1443240	1836	1
cab	288	Picture	21	1448541	0	1	3153	2	0	3000
cab	289	Response	1	1452573	713	1
cab	290	Picture	20	1457337	0	1	3153	2	0	3000
cab	290	Response	2	1458740	1403	1
cab	292	Picture	20	1468457	0	1	3153	2	0	3000
cab	292	Response	2	1470626	2169	2
cab	294	Picture	20	1479245	0	1	3153	2	0	3000
cab	295	Response	2	1482664	100	1
cab	296	Picture	10	1490365	0	1	3153	2	0	3000
cab	296	Response	2	1493611	3246	2
cab	298	Picture	10	1498995	0	2	3154	3	0	3000
cab	299	Response	1	1503778	1463	1
cab	300	Picture	10	1507626	0	1	3153	2	0	3000
cab	301	Response	1	1512515	1570	1
cab	303	Picture	10	1537998	0	1	3154	2	0	3000
cab	305	Picture	10	1547126	0	2	3154	3	0	3000
cab	306	Response	2	1552727	2281	1
cab	307	Picture	11	1558412	0	2	3154	3	0	3000
cab	308	Response	1	1562837	1105	2
cab	309	Picture	21	1568371	0	1	3153	2	0	3000
cab	310	Response	2	1573663	1973	1
cab	311	Picture	10	1579325	0	1	3153	2	0	3000
cab	312	Response	1	1584372	1728	2
cab	313	Picture	11	1588121	0	1	3153	3	0	3000
cab	314	Response	1	1595377	3937	1
cab	315	Picture	20	1598411	0	1	3154	2	0	3000
cab	316	Response	2	1604911	3181	2
cab	317	Picture	20	1608369	0	2	3154	3	0	3000
cab	318	Response	2	1615447	3758	2
cab	319	Picture	20	1618493	0	2	3154	3	0	3000
cab	321	Picture	20	1628286	0	1	3153	2	0	3000
cab	321	Response	2	1631108	2822	1
cab	323	Picture	20	1638576	0	1	3153	2	0	3000
cab	323	Response	2	1641349	2773	1
cab	325	Picture	10	1650028	0	1	3153	2	0	3000
cab	326	Response	2	1653627	280	1
cab	326	Response	1	1656618	3271	1
cab	327	Picture	20	1659820	0	1	3153	2	0	3000
cab	328	Response	2	1663940	801	1
cab	329	Picture	20	1669612	0	1	3153	3	0	3000
cab	330	Response	2	1675973	3042	1
cab	331	Picture	10	1680234	0	1	3154	2	0	3000
cab	332	Response	1	1685479	1926	1
cab	333	Picture	11	1691354	0	1	3153	3	0	3000
cab	334	Response	1	1698071	3398	1
cab	335	Picture	20	1702806	0	1	3153	3	0	3000
cab	336	Response	2	1707074	949	1
cab	337	Picture	21	1713096	0	1	3154	2	0	3000
cab	338	Response	2	1718409	1994	2
cab	339	Picture	10	1722556	0	2	3154	3	0	3000
cab	340	Response	1	1729331	3455	1
cab	341	Picture	20	1731187	0	1	3153	2	0	3000
cab	342	Response	2	1736746	2240	1
cab	343	Picture	11	1741975	0	1	3153	2	0	3000
cab	344	Response	1	1745752	458	1
cab	345	Picture	20	1751103	0	1	3154	2	0	3000
cab	346	Response	2	1754639	216	1
cab	347	Picture	11	1760397	0	2	3154	3	0	3000
cab	347	Response	1	1763555	3158	2
cab	349	Picture	11	1771517	0	2	3154	3	0	3000
cab	350	Response	1	1776536	1699	2
cab	351	Picture	10	1781974	0	1	3153	2	0	3000
cab	352	Response	1	1786394	1101	2
cab	353	Picture	20	1792264	0	1	3153	2	0	3000
cab	354	Response	2	1798579	2996	1
cab	355	Picture	20	1803550	0	1	3153	2	0	3000
cab	356	Response	2	1808997	2128	2
cab	357	Picture	11	1813176	0	1	3153	2	0	3000
cab	358	Response	1	1818059	1564	1
cab	359	Picture	11	1821972	0	1	3154	2	0	3000
cab	360	Response	1	1827240	1948	1
cab	361	Picture	21	1831432	0	2	3154	3	0	3000
cab	362	Response	2	1835951	1199	1
cab	363	Picture	11	1839897	0	1	3153	2	0	3000
cab	364	Response	1	1844515	1299	2
cab	365	Picture	10	1849689	0	1	3154	2	0	3000
cab	366	Response	1	1855405	2397	1
cab	367	Picture	20	1860311	0	1	3154	2	0	3000
cab	368	Response	2	1866149	2518	1
cab	369	Picture	20	1871099	0	2	3154	3	0	3000
cab	370	Response	2	1876481	2062	1
cab	371	Picture	11	1879730	0	1	3153	2	0	3000
cab	372	Response	1	1884361	1312	1
cab	373	Picture	20	1888360	0	1	3153	3	0	3000
cab	374	Response	2	1892479	800	2
cab	375	Picture	20	1897156	0	2	3154	3	0	3000
cab	376	Response	2	1902539	2063	1
cab	377	Picture	11	1906285	0	1	3153	2	0	3000
cab	378	Response	1	1910655	1051	1
cab	379	Picture	21	1916409	0	1	3153	2	0	3000
cab	380	Response	2	1919835	107	1
cab	381	Picture	10	1925869	0	1	3154	2	0	3000
cab	382	Response	1	1929754	565	1
cab	383	Picture	10	1935163	0	2	3154	3	0	3000
cab	384	Response	1	1940669	2186	2
cab	385	Picture	11	1945288	0	1	3153	2	0	3000
cab	386	Response	1	1950382	1775	2
cab	387	Picture	20	1953918	0	1	3153	3	0	3000
cab	388	Response	2	1959534	2297	1
cab	389	Picture	11	1964208	0	1	3154	2	0	3000
cab	389	Response	1	1967358	3150	2
cab	391	Picture	21	1974000	0	2	3154	3	0	3000
cab	391	Response	2	1977249	3249	2
cab	393	Picture	20	1985452	0	2	3154	3	0	3000
cab	394	Response	2	1991674	2902	2
cab	395	Picture	10	1994912	0	2	3154	3	0	3000
cab	396	Response	1	1999152	920	1
cab	397	Picture	10	2006364	0	2	3154	3	0	3000
cab	397	Response	2	2009332	2968	1
cab	399	Picture	10	2017816	0	2	3154	3	0	3000
cab	400	Response	1	2021718	582	2
cab	401	Picture	10	2026447	0	1	3153	2	0	3000
cab	402	Response	1	2031546	1780	1
cab	403	Picture	20	2034911	0	2	3154	3	0	3000
cab	404	Response	2	2039228	997	1
cab	405	Picture	20	2045865	0	1	3154	2	0	3000
cab	405	Response	1	2048647	2782	1
cab	407	Picture	10	2055325	0	2	3154	3	0	3000
cab	408	Response	1	2061268	2623	1
cab	409	Picture	11	2065284	0	1	3153	2	0	3000
cab	410	Response	1	2070565	1962	1
cab	411	Picture	10	2074578	0	1	3153	3	0	3000
cab	412	Response	1	2081513	3616	1
cab	413	Picture	20	2085200	0	1	3153	3	0	3000
cab	414	Response	2	2090989	2470	1
cab	415	Picture	21	2094992	0	1	3154	2	0	3000
cab	416	Response	2	2100643	2331	1
cab	417	Picture	20	2105116	0	2	3154	3	0	3000
cab	418	Response	2	2109796	1360	1
cab	419	Picture	10	2116070	0	2	3154	3	0	3000
cab	420	Response	1	2121925	2535	1
cab	421	Picture	21	2125199	0	1	3153	2	0	3000
cab	422	Response	2	2130191	1673	1
cab	423	Picture	10	2133663	0	1	3154	2	0	3000
cab	424	Response	1	2138662	1679	1
cab	425	Picture	10	2144949	0	1	3154	2	0	3000
cab	426	Response	1	2151135	2867	2
cab	427	Picture	11	2153580	0	1	3153	2	0	3000
cab	428	Response	1	2162168	5269	1
cab	429	Picture	11	2163538	0	1	3153	2	0	3000
cab	431	Picture	20	2174160	0	1	3153	2	0	3000
cab	431	Response	1	2177119	2959	1
cab	433	Picture	11	2182790	0	1	3154	2	0	3000
cab	434	Response	1	2187791	1681	1
cab	435	Picture	21	2192084	0	2	3154	3	0	3000
cab	436	Response	2	2196469	1065	1
cab	437	Picture	21	2202707	0	1	3153	2	0	3000
cab	438	Response	2	2206591	565	2
cab	439	Picture	20	2211669	0	1	3153	2	0	3000
cab	440	Response	2	2216332	1344	1
cab	441	Picture	11	2221295	0	1	3153	3	0	3000
cab	442	Response	1	2228248	3634	2
cab	443	Picture	11	2230091	0	2	3154	3	0	3000
cab	444	Response	1	2236868	3457	1
cab	445	Picture	21	2238888	0	1	3153	2	0	3000
cab	446	Response	2	2244840	2633	1
cab	447	Picture	20	2249012	0	1	3153	3	0	3000
cab	448	Response	2	2256113	3782	1
cab	449	Picture	10	2260132	0	1	3153	3	0	3000
cab	450	Response	1	2265266	1815	2
cab	451	Picture	21	2269260	0	2	3154	3	0	3000
cab	452	Response	2	2275182	2602	1
cab	453	Picture	20	2280546	0	2	3154	3	0	3000
cab	454	Response	2	2285981	2115	1
cab	455	Picture	11	2289841	0	1	3153	2	0	3000
cab	456	Response	1	2297455	4295	94
cab	457	Picture	10	2298471	0	1	3153	3	0	3000
cab	459	Picture	21	2307267	0	2	3154	3	0	3000
cab	459	Response	1	2309494	2227	1
cab	461	Picture	21	2317889	0	2	3154	3	0	3000
cab	462	Response	2	2321641	432	1
cab	463	Picture	20	2328677	0	2	3154	3	0	3000
cab	464	Response	1	2332261	264	1
cab	465	Picture	21	2338636	0	1	3153	2	0	3000
cab	466	Response	2	2342910	955	1
cab	467	Picture	10	2348760	0	1	3153	2	0	3000
cab	468	Response	1	2354152	2073	1
cab	469	Picture	21	2357390	0	2	3154	3	0	3000
cab	470	Response	2	2362657	1947	1
cab	471	Picture	11	2366353	0	1	3153	2	0	3000
cab	472	Response	1	2371868	2196	1
cab	473	Picture	20	2375315	0	1	3153	2	0	3000
cab	474	Response	2	2381138	2504	1
cab	475	Picture	11	2384443	0	2	3154	3	0	3000
cab	476	Response	1	2389497	1734	2
cab	477	Picture	21	2394070	0	1	3153	2	0	3000
cab	478	Response	2	2399001	1612	2
cab	479	Picture	20	2402534	0	1	3153	3	0	3000
cab	481	Picture	11	2412326	0	1	3154	2	0	3000
cab	481	Response	1	2414543	2217	1
cab	483	Picture	20	2422450	0	2	3154	3	0	3000
cab	483	Response	2	2425576	3126	1
cab	485	Picture	11	2433736	0	2	3154	3	0	3000
cab	486	Response	1	2437138	82	1
cab	487	Picture	21	2444524	0	2	3154	3	0	3000
cab	487	Response	2	2447407	2883	1
cab	489	Picture	10	2453819	0	1	3153	2	0	3000
cab	490	Response	1	2457382	244	2
cab	491	Picture	10	2464939	0	1	3153	2	0	3000
cab	492	Response	1	2471597	3339	1
cab	493	Picture	10	2474067	0	1	3153	2	0	3000
cab	494	Response	1	2479895	2509	2
cab	495	Picture	11	2484689	0	1	3153	2	0	3000
cab	496	Response	1	2489756	1748	1
cab	497	Picture	10	2494813	0	1	3153	3	0	3000
cab	498	Response	1	2503383	5251	2
cab	499	Picture	10	2503941	0	2	3154	3	0	3000
cab	501	Picture	10	2514398	0	1	3153	2	0	3000
cab	502	Response	1	2519655	1938	1
cab	503	Picture	10	2523526	0	1	3153	2	0	3000
cab	504	Response	1	2528804	1959	1
cab	505	Picture	10	2534480	0	1	3153	2	0	3000
cab	506	Response	1	2539838	2039	1
cab	507	Picture	10	2543442	0	1	3154	2	0	3000
cab	508	Response	1	2549702	2940	1
cab	509	Picture	20	2554728	0	1	3154	2	0	3000
cab	510	Response	2	2560274	2227	1
cab	511	Picture	21	2565184	0	2	3154	3	0	3000
cab	512	Response	2	2569896	1392	1
cab	513	Picture	11	2576636	0	1	3153	3	0	3000
cab	514	Response	1	2581960	2005	1
cab	515	Picture	11	2586594	0	2	3154	3	0	3000
cab	516	Response	1	2592876	2962	1
cab	517	Picture	20	2595059	0	1	3153	2	0	3000
cab	518	Response	2	2602351	3973	1
cab	519	Picture	11	2605681	0	1	3153	2	0	3000
cab	519	Response	1	2608851	3170	1
cab	521	Picture	21	2614975	0	1	3154	2	0	3000
cab	522	Response	2	2618563	269	1
cab	523	Picture	20	2626427	0	1	3153	3	0	3000
cab	524	Response	2	2631981	2235	2
cab	525	Picture	10	2637547	0	1	3153	2	0	3000
cab	526	Response	1	2644633	3767	2
cab	527	Picture	11	2647505	0	1	3154	2	0	3000
cab	528	Response	1	2653045	2221	1
cab	529	Picture	20	2657297	0	2	3154	3	0	3000
cab	530	Response	2	2662520	1903	2
cab	531	Picture	10	2667256	0	1	3153	2	0	3000
cab	532	Response	1	2670992	417	1
cab	533	Picture	11	2678375	0	2	3154	3	0	3000
cab	534	Response	1	2683555	1860	1
cab	535	Picture	11	2688832	0	1	3153	2	0	3000
cab	536	Response	1	2696886	4735	1
cab	537	Picture	21	2699454	0	1	3153	2	0	3000
cab	538	Response	2	2705565	2792	1
cab	539	Picture	21	2710076	0	1	3153	2	0	3000
cab	540	Response	1	2713864	469	1
cab	541	Picture	20	2719868	0	1	3153	2	0	3000
cab	542	Response	2	2728840	5653	62
cab	543	Picture	10	2728996	0	1	3154	2	0	3000
cab	544	Response	1	2735098	2782	2
cab	545	Picture	21	2737959	0	1	3153	2	0	3000
cab	546	Response	2	2741568	290	1
cab	547	Picture	11	2746589	0	1	3153	3	0	3000
cab	548	Response	1	2749981	73	1
cab	549	Picture	20	2756215	0	2	3154	3	0	3000
cab	550	Response	2	2759864	329	1
cab	551	Picture	20	2765178	0	1	3153	2	0	3000
cab	551	Response	1	2768250	3072	2
cab	553	Picture	21	2773808	0	1	3153	3	0	3000
cab	554	Response	2	2778576	1449	1
cab	555	Picture	20	2784762	0	1	3153	3	0	3000
cab	556	Response	2	2790496	2415	1
cab	557	Picture	21	2794886	0	2	3154	3	0	3000
cab	558	Response	2	2798786	580	2
cab	559	Picture	10	2805342	0	2	3154	3	0	3000
cab	560	Response	1	2810235	1573	1
cab	561	Picture	20	2816462	0	2	3154	3	0	3000
cab	561	Response	2	2819742	3280	2
cab	563	Picture	21	2827416	0	2	3154	3	0	3000
cab	563	Response	2	2830308	2892	1
cab	565	Picture	20	2838370	0	2	3154	3	0	3000
cab	566	Response	2	2842580	890	2
cab	567	Picture	11	2847830	0	2	3154	3	0	3000
cab	568	Response	2	2851290	140	1
cab	569	Picture	21	2856461	0	1	3153	2	0	3000
cab	570	Response	2	2861019	1239	1
cab	571	Picture	10	2866751	0	1	3153	3	0	3000
cab	572	Response	1	2870492	422	1
cab	573	Picture	21	2876709	0	2	3154	3	0	3000
cab	574	Response	2	2880053	24	1
cab	575	Picture	11	2886169	0	2	3154	3	0	3000
cab	575	Response	1	2889466	3297	2
cab	577	Picture	21	2896626	0	1	3153	2	0	3000
cab	578	Response	2	2900029	84	1
cab	579	Picture	10	2905422	0	1	3153	3	0	3000
cab	580	Response	1	2909384	643	1
cab	581	Picture	21	2914550	0	2	3154	3	0	3000
cab	582	Response	2	2918150	280	2
cab	583	Picture	20	2923679	0	1	3153	2	0	3000
cab	584	Response	2	2929452	2454	2
cab	585	Picture	11	2933803	0	1	3153	2	0	3000
cab	586	Response	1	2939048	1926	1
cab	587	Picture	10	2944093	0	1	3153	2	0	3000
cab	588	Response	2	2947844	432	1
cab	589	Picture	11	2952889	0	2	3154	3	0	3000
cab	591	Picture	11	2962847	0	2	3154	3	0	3000
cab	592	Response	1	2966996	829	1
cab	593	Picture	20	2974299	0	2	3154	3	0	3000
cab	594	Response	2	2978708	1089	1
cab	595	Picture	11	2984755	0	2	3154	3	0	3000
cab	596	Response	1	2988266	191	1
cab	597	Picture	21	2995543	0	2	3154	3	0	3000
cab	598	Response	2	2999240	377	2
cab	599	Picture	20	3005170	0	1	3153	2	0	3000
cab	599	Response	1	3008211	3041	2
cab	601	Picture	20	3014630	0	1	3153	2	0	3000
cab	602	Response	2	3021530	3581	1


Event Type	Code	Type	Response	RT	RT Uncertainty	Time	Uncertainty	Duration	Uncertainty	ReqTime	ReqDur

Picture	21	other				10414	1	3153	2	0	3000
Picture	11	other				21368	1	3153	2	0	3000
Picture	21	other				31824	1	3153	2	0	3000
Picture	11	other				42944	1	3153	2	0	3000
Picture	10	other				51408	1	3154	2	0	3000
Picture	21	other				61366	2	3154	3	0	3000
Picture	20	other				71656	2	3154	3	0	3000
Picture	21	other				82112	2	3154	3	0	3000
Picture	21	other				93066	2	3154	3	0	3000
Picture	20	other				102859	1	3153	2	0	3000
Picture	20	other				112153	1	3153	3	0	3000
Picture	11	other				123107	1	3153	2	0	3000
Picture	21	other				132733	2	3154	3	0	3000
Picture	20	other				143521	2	3154	3	0	3000
Picture	11	other				153147	2	3154	3	0	3000
Picture	10	other				162774	1	3153	2	0	3000
Picture	10	other				171570	1	3154	2	0	3000
Picture	11	other				182690	1	3154	2	0	3000
Picture	21	other				193810	1	3153	3	0	3000
Picture	20	other				203934	1	3154	2	0	3000
Picture	11	other				213726	2	3154	3	0	3000
Picture	21	other				223353	1	3153	2	0	3000
Picture	11	other				234639	1	3153	2	0	3000
Picture	21	other				244597	1	3153	2	0	3000
Picture	21	other				253725	1	3154	2	0	3000
Picture	20	other				264845	1	3153	3	0	3000
Picture	11	other				273310	1	3153	2	0	3000
Picture	21	other				283102	1	3153	2	0	3000
Picture	20	other				294388	1	3153	2	0	3000
Picture	20	other				304014	1	3153	2	0	3000
Picture	20	other				314138	1	3153	3	0	3000
Picture	11	other				325092	1	3153	3	0	3000
Picture	21	other				335548	1	3154	2	0	3000
Picture	20	other				346834	1	3153	3	0	3000
Picture	21	other				355796	2	3154	3	0	3000
Picture	11	other				367248	2	3154	3	0	3000
Picture	20	other				377207	1	3153	2	0	3000
Picture	21	other				388326	2	3154	3	0	3000
Picture	11	other				397455	1	3153	2	0	3000
Picture	21	other				407247	1	3153	3	0	3000
Picture	20	other				417039	2	3154	3	0	3000
Picture	21	other				426002	1	3153	2	0	3000
Picture	20	other				437122	1	3153	2	0	3000
Picture	11	other				447578	1	3153	2	0	3000
Picture	20	other				457370	1	3153	2	0	3000
Picture	21	other				467162	1	3153	3	0	3000
Picture	20	other				476124	2	3154	3	0	3000
Picture	10	other				486249	1	3153	2	0	3000
Picture	21	other				497037	1	3153	2	0	3000
Picture	10	other				506829	1	3153	2	0	3000
Picture	11	other				518281	1	3153	2	0	3000
Picture	10	other				529567	1	3153	2	0	3000
Picture	20	other				539857	1	3153	2	0	3000
Picture	11	other				548985	1	3154	2	0	3000
Picture	21	other				559275	2	3154	3	0	3000
Picture	21	other				568901	2	3154	3	0	3000
Picture	20	other				578860	1	3153	2	0	3000
Picture	21	other				589980	1	3153	2	0	3000
Picture	11	other				600602	1	3153	2	0	3000
Picture	21	other				609730	1	3153	3	0	3000
Picture	10	other				618360	2	3154	3	0	3000
Picture	21	other				627323	2	3153	3	0	3000
Picture	10	other				636617	1	3153	3	0	3000
Picture	10	other				646907	1	3154	2	0	3000
Picture	10	other				656201	2	3154	3	0	3000
Picture	10	other				666824	1	3153	2	0	3000
Picture	21	other				677280	1	3153	2	0	3000
Picture	20	other				685910	1	3153	3	0	3000
Picture	10	other				695702	2	3154	3	0	3000
Picture	21	other				707154	1	3154	2	0	3000
Picture	21	other				717610	2	3154	3	0	3000
Picture	10	other				728564	2	3154	3	0	3000
Picture	10	other				738190	2	3154	3	0	3000
Picture	20	other				748978	2	3154	3	0	3000
Picture	21	other				759103	1	3153	2	0	3000
Picture	20	other				769393	1	3153	2	0	3000
Picture	20	other				779019	1	3153	3	0	3000
Picture	20	other				789143	1	3154	2	0	3000
Picture	21	other				800263	1	3154	2	0	3000
Picture	20	other				808894	1	3153	2	0	3000
Picture	20	other				820179	2	3154	3	0	3000
Picture	20	other				831133	2	3154	3	0	3000
Picture	20	other				840926	1	3153	2	0	3000
Picture	21	other				850552	1	3153	2	0	3000
Picture	11	other				860344	1	3154	2	0	3000
Picture	11	other				868975	1	3153	2	0	3000
Picture	11	other				880095	1	3153	2	0	3000
Picture	11	other				890385	1	3153	2	0	3000
Picture	21	other				901339	1	3153	2	0	3000
Picture	11	other				912625	1	3153	2	0	3000
Picture	11	other				921421	1	3153	2	0	3000
Picture	20	other				930051	2	3154	3	0	3000
Picture	20	other				939844	1	3153	2	0	3000
Picture	10	other				948806	1	3153	2	0	3000
Picture	11	other				959926	1	3153	2	0	3000
Picture	10	other				969884	1	3154	2	0	3000
Picture	21	other				980506	1	3154	2	0	3000
Picture	11	other				989468	2	3154	3	0	3000
Picture	10	other				999427	1	3153	2	0	3000
Picture	20	other				1008389	1	3153	3	0	3000
Picture	11	other				1017019	2	3154	3	0	3000
Picture	11	other				1026148	1	3153	2	0	3000
Picture	10	other				1035940	1	3153	3	0	3000
Picture	10	other				1045566	2	3154	3	0	3000
Picture	10	other				1055192	2	3154	3	0	3000
Picture	21	other				1066478	2	3154	3	0	3000
Picture	10	other				1076934	2	3154	3	0	3000
Picture	10	other				1085897	1	3153	2	0	3000
Picture	21	other				1094693	2	3154	3	0	3000
Picture	20	other				1106145	1	3154	2	0	3000
Picture	11	other				1114942	1	3153	2	0	3000
Picture	11	other				1126061	2	3154	3	0	3000
Picture	21	other				1137181	2	3154	3	0	3000
Picture	11	other				1145978	1	3153	2	0	3000
Picture	21	other				1154774	2	3154	3	0	3000
Picture	11	other				1163405	1	3153	2	0	3000
Picture	20	other				1173529	1	3153	2	0	3000
Picture	20	other				1183487	1	3153	3	0	3000
Picture	11	other				1192781	2	3154	3	0	3000
Picture	10	other				1203735	2	3154	3	0	3000
Picture	21	other				1214523	2	3061	100	0	3000
Picture	20	other				1224315	2	3154	3	0	3000
Picture	20	other				1235601	2	3154	3	0	3000
Picture	11	other				1246058	1	3153	2	0	3000
Picture	20	other				1257177	2	3154	3	0	3000
Picture	10	other				1265642	1	3153	3	0	3000
Picture	20	other				1274438	2	3154	3	0	3000
Picture	11	other				1285060	2	3154	3	0	3000
Picture	20	other				1296346	2	3154	3	0	3000
Picture	21	other				1307300	2	3154	3	0	3000
Picture	21	other				1318254	2	3154	3	0	3000
Picture	20	other				1328876	2	3154	3	0	3000
Picture	10	other				1339001	1	3153	2	0	3000
Picture	10	other				1349125	1	3153	2	0	3000
Picture	11	other				1358751	1	3153	3	0	3000
Picture	20	other				1368709	1	3154	2	0	3000
Picture	20	other				1378667	2	3154	3	0	3000
Picture	20	other				1389953	2	3154	3	0	3000
Picture	20	other				1398418	1	3153	2	0	3000
Picture	21	other				1408376	1	3153	2	0	3000
Picture	10	other				1418168	1	3153	3	0	3000
Picture	10	other				1429454	1	3153	3	0	3000
Picture	21	other				1438084	2	3154	3	0	3000
Picture	21	other				1448541	1	3153	2	0	3000
Picture	20	other				1457337	1	3153	2	0	3000
Picture	20	other				1468457	1	3153	2	0	3000
Picture	20	other				1479245	1	3153	2	0	3000
Picture	10	other				1490365	1	3153	2	0	3000
Picture	10	other				1498995	2	3154	3	0	3000
Picture	10	other				1507626	1	3153	2	0	3000
Picture	10	other				1537998	1	3154	2	0	3000
Picture	10	other				1547126	2	3154	3	0	3000
Picture	11	other				1558412	2	3154	3	0	3000
Picture	21	other				1568371	1	3153	2	0	3000
Picture	10	other				1579325	1	3153	2	0	3000
Picture	11	other				1588121	1	3153	3	0	3000
Picture	20	other				1598411	1	3154	2	0	3000
Picture	20	other				1608369	2	3154	3	0	3000
Picture	20	other				1618493	2	3154	3	0	3000
Picture	20	other				1628286	1	3153	2	0	3000
Picture	20	other				1638576	1	3153	2	0	3000
Picture	10	other				1650028	1	3153	2	0	3000
Picture	20	other				1659820	1	3153	2	0	3000
Picture	20	other				1669612	1	3153	3	0	3000
Picture	10	other				1680234	1	3154	2	0	3000
Picture	11	other				1691354	1	3153	3	0	3000
Picture	20	other				1702806	1	3153	3	0	3000
Picture	21	other				1713096	1	3154	2	0	3000
Picture	10	other				1722556	2	3154	3	0	3000
Picture	20	other				1731187	1	3153	2	0	3000
Picture	11	other				1741975	1	3153	2	0	3000
Picture	20	other				1751103	1	3154	2	0	3000
Picture	11	other				1760397	2	3154	3	0	3000
Picture	11	other				1771517	2	3154	3	0	3000
Picture	10	other				1781974	1	3153	2	0	3000
Picture	20	other				1792264	1	3153	2	0	3000
Picture	20	other				1803550	1	3153	2	0	3000
Picture	11	other				1813176	1	3153	2	0	3000
Picture	11	other				1821972	1	3154	2	0	3000
Picture	21	other				1831432	2	3154	3	0	3000
Picture	11	other				1839897	1	3153	2	0	3000
Picture	10	other				1849689	1	3154	2	0	3000
Picture	20	other				1860311	1	3154	2	0	3000
Picture	20	other				1871099	2	3154	3	0	3000
Picture	11	other				1879730	1	3153	2	0	3000
Picture	20	other				1888360	1	3153	3	0	3000
Picture	20	other				1897156	2	3154	3	0	3000
Picture	11	other				1906285	1	3153	2	0	3000
Picture	21	other				1916409	1	3153	2	0	3000
Picture	10	other				1925869	1	3154	2	0	3000
Picture	10	other				1935163	2	3154	3	0	3000
Picture	11	other				1945288	1	3153	2	0	3000
Picture	20	other				1953918	1	3153	3	0	3000
Picture	11	other				1964208	1	3154	2	0	3000
Picture	21	other				1974000	2	3154	3	0	3000
Picture	20	other				1985452	2	3154	3	0	3000
Picture	10	other				1994912	2	3154	3	0	3000
Picture	10	other				2006364	2	3154	3	0	3000
Picture	10	other				2017816	2	3154	3	0	3000
Picture	10	other				2026447	1	3153	2	0	3000
Picture	20	other				2034911	2	3154	3	0	3000
Picture	20	other				2045865	1	3154	2	0	3000
Picture	10	other				2055325	2	3154	3	0	3000
Picture	11	other				2065284	1	3153	2	0	3000
Picture	10	other				2074578	1	3153	3	0	3000
Picture	20	other				2085200	1	3153	3	0	3000
Picture	21	other				2094992	1	3154	2	0	3000
Picture	20	other				2105116	2	3154	3	0	3000
Picture	10	other				2116070	2	3154	3	0	3000
Picture	21	other				2125199	1	3153	2	0	3000
Picture	10	other				2133663	1	3154	2	0	3000
Picture	10	other				2144949	1	3154	2	0	3000
Picture	11	other				2153580	1	3153	2	0	3000
Picture	11	other				2163538	1	3153	2	0	3000
Picture	20	other				2174160	1	3153	2	0	3000
Picture	11	other				2182790	1	3154	2	0	3000
Picture	21	other				2192084	2	3154	3	0	3000
Picture	21	other				2202707	1	3153	2	0	3000
Picture	20	other				2211669	1	3153	2	0	3000
Picture	11	other				2221295	1	3153	3	0	3000
Picture	11	other				2230091	2	3154	3	0	3000
Picture	21	other				2238888	1	3153	2	0	3000
Picture	20	other				2249012	1	3153	3	0	3000
Picture	10	other				2260132	1	3153	3	0	3000
Picture	21	other				2269260	2	3154	3	0	3000
Picture	20	other				2280546	2	3154	3	0	3000
Picture	11	other				2289841	1	3153	2	0	3000
Picture	10	other				2298471	1	3153	3	0	3000
Picture	21	other				2307267	2	3154	3	0	3000
Picture	21	other				2317889	2	3154	3	0	3000
Picture	20	other				2328677	2	3154	3	0	3000
Picture	21	other				2338636	1	3153	2	0	3000
Picture	10	other				2348760	1	3153	2	0	3000
Picture	21	other				2357390	2	3154	3	0	3000
Picture	11	other				2366353	1	3153	2	0	3000
Picture	20	other				2375315	1	3153	2	0	3000
Picture	11	other				2384443	2	3154	3	0	3000
Picture	21	other				2394070	1	3153	2	0	3000
Picture	20	other				2402534	1	3153	3	0	3000
Picture	11	other				2412326	1	3154	2	0	3000
Picture	20	other				2422450	2	3154	3	0	3000
Picture	11	other				2433736	2	3154	3	0	3000
Picture	21	other				2444524	2	3154	3	0	3000
Picture	10	other				2453819	1	3153	2	0	3000
Picture	10	other				2464939	1	3153	2	0	3000
Picture	10	other				2474067	1	3153	2	0	3000
Picture	11	other				2484689	1	3153	2	0	3000
Picture	10	other				2494813	1	3153	3	0	3000
Picture	10	other				2503941	2	3154	3	0	3000
Picture	10	other				2514398	1	3153	2	0	3000
Picture	10	other				2523526	1	3153	2	0	3000
Picture	10	other				2534480	1	3153	2	0	3000
Picture	10	other				2543442	1	3154	2	0	3000
Picture	20	other				2554728	1	3154	2	0	3000
Picture	21	other				2565184	2	3154	3	0	3000
Picture	11	other				2576636	1	3153	3	0	3000
Picture	11	other				2586594	2	3154	3	0	3000
Picture	20	other				2595059	1	3153	2	0	3000
Picture	11	other				2605681	1	3153	2	0	3000
Picture	21	other				2614975	1	3154	2	0	3000
Picture	20	other				2626427	1	3153	3	0	3000
Picture	10	other				2637547	1	3153	2	0	3000
Picture	11	other				2647505	1	3154	2	0	3000
Picture	20	other				2657297	2	3154	3	0	3000
Picture	10	other				2667256	1	3153	2	0	3000
Picture	11	other				2678375	2	3154	3	0	3000
Picture	11	other				2688832	1	3153	2	0	3000
Picture	21	other				2699454	1	3153	2	0	3000
Picture	21	other				2710076	1	3153	2	0	3000
Picture	20	other				2719868	1	3153	2	0	3000
Picture	10	other				2728996	1	3154	2	0	3000
Picture	21	other				2737959	1	3153	2	0	3000
Picture	11	other				2746589	1	3153	3	0	3000
Picture	20	other				2756215	2	3154	3	0	3000
Picture	20	other				2765178	1	3153	2	0	3000
Picture	21	other				2773808	1	3153	3	0	3000
Picture	20	other				2784762	1	3153	3	0	3000
Picture	21	other				2794886	2	3154	3	0	3000
Picture	10	other				2805342	2	3154	3	0	3000
Picture	20	other				2816462	2	3154	3	0	3000
Picture	21	other				2827416	2	3154	3	0	3000
Picture	20	other				2838370	2	3154	3	0	3000
Picture	11	other				2847830	2	3154	3	0	3000
Picture	21	other				2856461	1	3153	2	0	3000
Picture	10	other				2866751	1	3153	3	0	3000
Picture	21	other				2876709	2	3154	3	0	3000
Picture	11	other				2886169	2	3154	3	0	3000
Picture	21	other				2896626	1	3153	2	0	3000
Picture	10	other				2905422	1	3153	3	0	3000
Picture	21	other				2914550	2	3154	3	0	3000
Picture	20	other				2923679	1	3153	2	0	3000
Picture	11	other				2933803	1	3153	2	0	3000
Picture	10	other				2944093	1	3153	2	0	3000
Picture	11	other				2952889	2	3154	3	0	3000
Picture	11	other				2962847	2	3154	3	0	3000
Picture	20	other				2974299	2	3154	3	0	3000
Picture	11	other				2984755	2	3154	3	0	3000
Picture	21	other				2995543	2	3154	3	0	3000
Picture	20	other				3005170	1	3153	2	0	3000
Picture	20	other				3014630	1	3153	2	0	3000
