Scenario - EFT lento Abril 2011
Logfile written - 12/22/2011 13:24:00

Subject	Trial	Event Type	Code	Time	TTime	Uncertainty	Duration	Uncertainty	ReqTime	ReqDur

cab	2	Picture	10	10414	0	1	3153	2	0	3000
cab	4	Picture	21	49748	0	2	3154	3	0	3000
cab	5	Response	2	54961	1893	1
cab	6	Picture	10	78793	0	1	3154	2	0	3000
cab	7	Response	2	83665	1553	1
cab	8	Picture	21	114643	0	1	3153	2	0	3000
cab	9	Response	2	120842	2880	2
cab	10	Picture	20	153313	0	2	3154	3	0	3000
cab	12	Picture	20	187171	0	2	3154	3	0	3000
cab	14	Picture	21	222523	0	1	3153	2	0	3000
cab	15	Response	2	226624	782	2
cab	16	Picture	11	251402	0	1	3153	2	0	3000
cab	18	Picture	10	289077	0	1	3153	2	0	3000
cab	20	Picture	21	322271	0	1	3153	2	0	3000
cab	21	Response	2	326225	635	1
cab	22	Picture	11	351315	0	2	3154	3	0	3000
cab	23	Response	1	355429	794	2
cab	24	Picture	20	386833	0	1	3153	2	0	3000
cab	25	Response	2	391905	1753	1
cab	26	Picture	20	422682	0	1	3154	2	0	3000
cab	27	Response	1	426908	906	2
cab	28	Picture	11	453718	0	2	3154	3	0	3000
cab	29	Response	1	460497	3459	1
cab	30	Picture	21	484423	0	1	3153	2	0	3000
cab	31	Response	2	489670	1928	1
cab	32	Picture	20	521268	0	1	3154	2	0	3000
cab	33	Response	2	527528	2940	1
cab	34	Picture	21	558279	0	2	3154	3	0	3000
cab	35	Response	2	562560	961	1
cab	36	Picture	11	589648	0	1	3153	2	0	3000
cab	37	Response	2	593059	92	1
cab	38	Picture	20	622178	0	1	3153	2	0	3000
cab	39	Response	2	628648	3151	1
cab	40	Picture	11	651720	0	2	3154	3	0	3000
cab	41	Response	1	655791	751	1
cab	42	Picture	11	680599	0	1	3153	3	0	3000
cab	43	Response	1	684728	810	1
cab	44	Picture	20	718606	0	1	3153	3	0	3000
cab	45	Response	2	723058	1133	1
cab	46	Picture	20	756281	0	2	3154	3	0	3000
cab	47	Response	2	763064	3463	2
cab	48	Picture	11	791467	0	1	3153	2	0	3000
cab	49	Response	1	796478	1692	1
cab	50	Picture	11	825325	0	1	3153	2	0	3000
cab	51	Response	1	830361	1717	1
cab	52	Picture	20	858352	0	2	3154	3	0	3000
cab	53	Response	2	864892	3220	1
cab	54	Picture	20	897355	0	2	3154	3	0	3000
cab	55	Response	2	901163	488	1
cab	56	Picture	11	926234	0	1	3153	3	0	3000
cab	58	Picture	11	963079	0	2	3154	3	0	3000
cab	59	Response	1	967613	1214	1
cab	60	Picture	21	1002082	0	1	3154	2	0	3000
cab	61	Response	2	1005856	454	1
cab	62	Picture	11	1039093	0	2	3154	3	0	3000
cab	63	Response	1	1042595	182	1
cab	64	Picture	21	1076437	0	1	3153	2	0	3000
cab	65	Response	2	1080338	582	1
cab	66	Picture	10	1116269	0	2	3154	3	0	3000
cab	66	Response	2	1119371	3102	1
cab	68	Picture	21	1148135	0	2	3154	3	0	3000
cab	69	Response	2	1152933	1478	1
cab	70	Picture	21	1177512	0	1	3154	2	0	3000
cab	71	Response	2	1181840	1009	1
cab	72	Picture	20	1208051	0	1	3153	2	0	3000
cab	73	Response	1	1211929	559	2
cab	74	Picture	21	1239917	0	1	3153	2	0	3000
cab	75	Response	2	1244154	918	1
cab	76	Picture	11	1272447	0	1	3153	2	0	3000
cab	77	Response	1	1277389	1623	1
cab	78	Picture	11	1303815	0	1	3153	3	0	3000
cab	79	Response	1	1308358	1224	1
cab	80	Picture	21	1338337	0	1	3153	2	0	3000
cab	81	Response	2	1342831	1175	1
cab	82	Picture	20	1368709	0	1	3154	2	0	3000
cab	83	Response	2	1373299	1270	2
cab	84	Picture	11	1398916	0	1	3153	2	0	3000
cab	85	Response	1	1402650	415	1
cab	86	Picture	21	1428126	0	2	3154	3	0	3000
cab	87	Response	2	1431763	317	1
cab	88	Picture	20	1462316	0	1	3153	2	0	3000
cab	89	Response	2	1468387	2752	1
cab	90	Picture	11	1501319	0	1	3153	2	0	3000
cab	91	Response	2	1504687	49	1
cab	92	Picture	10	1538330	0	1	3153	3	0	3000
cab	94	Picture	11	1577499	0	1	3153	2	0	3000
cab	95	Response	1	1581836	1018	1
cab	96	Picture	21	1616668	0	1	3153	2	0	3000
cab	97	Response	2	1620903	916	1
cab	98	Picture	21	1653347	0	1	3153	3	0	3000
cab	99	Response	2	1658287	1621	1
cab	100	Picture	10	1692184	0	1	3153	2	0	3000
cab	101	Response	2	1695824	321	1
cab	102	Picture	10	1732017	0	1	3153	2	0	3000
cab	104	Picture	21	1765045	0	1	3153	2	0	3000
cab	105	Response	2	1769543	1179	1
cab	106	Picture	21	1797243	0	1	3153	2	0	3000
cab	107	Response	2	1801539	977	2
cab	108	Picture	10	1831432	0	2	3154	3	0	3000
cab	109	Response	1	1836421	1669	1
cab	110	Picture	11	1865456	0	1	3154	2	0	3000
cab	111	Response	1	1869126	350	1
cab	112	Picture	20	1897654	0	2	3154	3	0	3000
cab	112	Response	1	1900857	3203	1
cab	114	Picture	21	1926699	0	1	3153	3	0	3000
cab	114	Response	2	1930000	3301	1
cab	116	Picture	10	1963046	0	2	3154	3	0	3000
cab	117	Response	1	1968125	1759	1
cab	118	Picture	21	1994913	0	1	3153	2	0	3000
cab	119	Response	2	1999686	1454	1
cab	120	Picture	11	2033749	0	2	3154	3	0	3000
cab	120	Response	1	2037041	3292	2
cab	122	Picture	20	2069433	0	1	3153	2	0	3000
cab	123	Response	2	2073129	377	1
cab	124	Picture	21	2102295	0	1	3153	2	0	3000
cab	125	Response	2	2107628	2014	1
cab	126	Picture	10	2131671	0	2	3154	3	0	3000
cab	127	Response	2	2136213	1222	2
cab	128	Picture	21	2167355	0	1	3153	3	0	3000
cab	129	Response	2	2171085	411	1
cab	130	Picture	21	2207188	0	1	3153	2	0	3000
cab	131	Response	2	2210915	408	2
cab	132	Picture	10	2244033	0	1	3153	2	0	3000
cab	133	Response	2	2248244	892	1
cab	134	Picture	21	2276563	0	1	3153	3	0	3000
cab	135	Response	2	2281406	1524	1
cab	136	Picture	10	2305940	0	1	3153	2	0	3000
cab	137	Response	2	2310780	1521	2
cab	138	Picture	11	2346270	0	2	3154	3	0	3000
cab	139	Response	1	2350371	781	2
cab	140	Picture	21	2379796	0	1	3153	3	0	3000
cab	141	Response	2	2383783	668	1
cab	142	Picture	21	2419131	0	1	3153	2	0	3000
cab	143	Response	2	2423874	1496	2
cab	144	Picture	20	2452159	0	1	3153	2	0	3000
cab	145	Response	1	2456699	1221	1
cab	146	Picture	21	2484357	0	1	3153	2	0	3000
cab	147	Response	2	2488287	611	1
cab	148	Picture	20	2524356	0	1	3153	2	0	3000
cab	150	Picture	10	2563856	0	2	3154	3	0	3000
cab	151	Response	2	2568126	950	1
cab	152	Picture	11	2593731	0	1	3153	3	0	3000
cab	153	Response	1	2598587	1537	1
cab	154	Picture	10	2627091	0	1	3153	2	0	3000
cab	156	Picture	11	2662442	0	2	3154	3	0	3000
cab	157	Response	1	2667117	1355	1
cab	158	Picture	21	2699786	0	1	3153	2	0	3000
cab	159	Response	2	2704445	1340	2
cab	160	Picture	11	2732482	0	1	3153	2	0	3000
cab	161	Response	1	2736200	399	1
cab	162	Picture	11	2767833	0	1	3154	2	0	3000
cab	163	Response	2	2771552	399	1
cab	164	Picture	11	2805674	0	2	3154	3	0	3000
cab	165	Response	1	2810399	1405	2
cab	166	Picture	20	2843349	0	2	3154	3	0	3000
cab	167	Response	2	2849230	2561	1
cab	168	Picture	10	2878535	0	1	3153	2	0	3000
cab	169	Response	1	2882523	669	1
cab	170	Picture	10	2908243	0	2	3154	3	0	3000
cab	172	Picture	20	2948242	0	1	3154	2	0	3000
cab	173	Response	2	2954854	3292	1
cab	174	Picture	11	2983760	0	1	3153	2	0	3000
cab	175	Response	1	2988143	1064	2
cab	176	Picture	10	3018447	0	2	3154	3	0	3000
cab	177	Response	2	3022528	761	1
cab	178	Picture	11	3051475	0	2	3154	3	0	3000
cab	179	Response	1	3057089	2294	1
cab	180	Picture	20	3084171	0	2	3154	3	0	3000
cab	181	Response	2	3089795	2304	1
cab	182	Picture	10	3121514	0	2	3154	3	0	3000
cab	183	Response	1	3125030	196	1
cab	184	Picture	21	3153381	0	1	3153	2	0	3000
cab	185	Response	2	3157265	565	2
cab	186	Picture	10	3188400	0	1	3154	2	0	3000
cab	187	Response	1	3193709	1989	1
cab	188	Picture	21	3219768	0	2	3154	3	0	3000
cab	189	Response	2	3223152	64	1
cab	190	Picture	20	3258605	0	2	3154	3	0	3000
cab	191	Response	1	3262124	199	2
cab	192	Picture	20	3292131	0	2	3154	3	0	3000
cab	193	Response	2	3295920	469	1
cab	194	Picture	20	3326653	0	1	3153	2	0	3000
cab	195	Response	2	3330774	802	1
cab	196	Picture	20	3366818	0	1	3153	2	0	3000
cab	197	Response	2	3370398	261	1
cab	198	Picture	11	3396526	0	1	3154	2	0	3000
cab	199	Response	1	3401677	1831	1
cab	200	Picture	10	3432874	0	1	3153	2	0	3000
cab	201	Response	2	3436795	602	1
cab	202	Picture	11	3463744	0	1	3153	2	0	3000
cab	202	Response	1	3467059	3315	1
cab	204	Picture	11	3503411	0	1	3153	2	0	3000
cab	205	Response	1	3508156	1426	1
cab	206	Picture	21	3534779	0	1	3153	2	0	3000
cab	207	Response	2	3539537	1439	1
cab	208	Picture	20	3574114	0	1	3153	2	0	3000
cab	209	Response	2	3581106	3673	1
cab	210	Picture	21	3610627	0	1	3153	2	0	3000
cab	211	Response	2	3615225	1279	1
cab	212	Picture	10	3641829	0	2	3154	3	0	3000
cab	213	Response	1	3647515	2366	2
cab	214	Picture	21	3674193	0	2	3154	3	0	3000
cab	215	Response	2	3678098	585	1
cab	216	Picture	20	3709047	0	1	3153	3	0	3000
cab	217	Response	1	3713774	1408	2
cab	218	Picture	11	3749212	0	1	3153	2	0	3000
cab	219	Response	1	3754089	1558	1
cab	220	Picture	20	3789542	0	2	3154	3	0	3000
cab	221	Response	2	3793916	1054	1
cab	222	Picture	10	3819417	0	1	3153	2	0	3000
cab	224	Picture	10	3855266	0	2	3154	3	0	3000
cab	225	Response	2	3859857	1271	1
cab	226	Picture	21	3891946	0	1	3153	2	0	3000
cab	227	Response	2	3897946	2681	1
cab	228	Picture	11	3920658	0	2	3154	3	0	3000
cab	229	Response	1	3925969	1991	1
cab	230	Picture	10	3959495	0	1	3154	2	0	3000
cab	231	Response	1	3965713	2899	2
cab	232	Picture	20	3989038	0	1	3153	2	0	3000
cab	233	Response	2	3995945	3588	1
cab	234	Picture	10	4020904	0	1	3153	2	0	3000
cab	235	Response	1	4025823	1600	1
cab	236	Picture	11	4055758	0	1	3153	2	0	3000
cab	237	Response	1	4060058	981	1
cab	238	Picture	11	4091109	0	1	3153	3	0	3000
cab	239	Response	1	4095117	689	1
cab	240	Picture	20	4125797	0	1	3153	2	0	3000
cab	241	Response	2	4132325	3209	1
cab	242	Picture	10	4161978	0	1	3154	2	0	3000
cab	243	Response	1	4167234	1936	1
cab	244	Picture	11	4201645	0	1	3153	2	0	3000
cab	245	Response	1	4206236	1272	2
cab	246	Picture	10	4238988	0	1	3153	3	0	3000
cab	247	Response	1	4244240	1933	1
cab	248	Picture	20	4278655	0	1	3153	2	0	3000
cab	249	Response	2	4284806	2832	1
cab	250	Picture	10	4310687	0	1	3153	2	0	3000
cab	251	Response	1	4317981	3975	1
cab	252	Picture	11	4341225	0	2	3154	3	0	3000
cab	253	Response	1	4345003	458	2
cab	254	Picture	11	4380062	0	1	3154	2	0	3000
cab	255	Response	1	4384802	1420	1
cab	256	Picture	10	4412426	0	2	3154	3	0	3000
cab	257	Response	1	4417183	1437	1
cab	258	Picture	11	4448276	0	1	3153	2	0	3000
cab	259	Response	1	4452211	616	1
cab	260	Picture	20	4482134	0	1	3153	2	0	3000
cab	261	Response	1	4485531	78	1
cab	262	Picture	11	4520638	0	2	3154	3	0	3000
cab	263	Response	1	4525592	1634	1
cab	264	Picture	21	4551841	0	1	3153	2	0	3000
cab	265	Response	2	4556502	1342	2
cab	266	Picture	21	4588022	0	2	3154	3	0	3000
cab	267	Response	2	4593298	1956	1
cab	268	Picture	21	4622710	0	8	3153	9	0	3000
cab	269	Response	2	4626800	771	2
cab	270	Picture	20	4653082	0	2	3154	3	0	3000
cab	271	Response	1	4657801	1399	1
cab	272	Picture	10	4689596	0	1	3153	2	0	3000
cab	274	Picture	20	4722624	0	1	3153	2	0	3000
cab	275	Response	2	4728091	2148	1
cab	276	Picture	21	4759303	0	1	3089	100	0	3000
cab	277	Response	2	4765505	2883	1
cab	278	Picture	21	4799467	0	2	3154	3	0	3000
cab	279	Response	2	4804188	1401	1
cab	280	Picture	20	4835317	0	1	3153	2	0	3000
cab	281	Response	2	4839394	758	1
cab	282	Picture	20	4871498	0	2	3154	3	0	3000
cab	283	Response	2	4875956	1138	1
cab	284	Picture	20	4902203	0	1	3153	2	0	3000
cab	285	Response	2	4905656	134	1
cab	286	Picture	10	4930915	0	2	3154	3	0	3000
cab	287	Response	2	4934356	121	1
cab	288	Picture	11	4960956	0	1	3153	3	0	3000
cab	289	Response	1	4964879	604	1
cab	290	Picture	21	4995478	0	1	3153	2	0	3000
cab	291	Response	2	5000054	1257	2
cab	292	Picture	20	5027842	0	1	3153	2	0	3000
cab	293	Response	2	5033084	1923	1
cab	294	Picture	20	5065517	0	1	3153	2	0	3000
cab	295	Response	2	5070560	1724	1
cab	296	Picture	11	5098711	0	1	3153	2	0	3000
cab	297	Response	1	5103527	1497	2
cab	298	Picture	20	5135390	0	1	3153	3	0	3000
cab	299	Response	2	5140293	1584	2
cab	300	Picture	20	5169580	0	1	3153	2	0	3000
cab	301	Response	2	5174940	2041	2
cab	302	Response	1	6246723	1038970	2
cab	304	Picture	10	6267137	0	1	3153	3	0	3000
cab	306	Picture	10	6300995	0	1	3153	2	0	3000
cab	307	Response	2	6304688	374	1
cab	308	Picture	11	6335516	0	2	3154	3	0	3000
cab	309	Response	1	6339866	1030	1
cab	310	Picture	21	6371034	0	1	3153	3	0	3000
cab	311	Response	2	6374866	513	1
cab	312	Picture	11	6400743	0	1	3153	2	0	3000
cab	313	Response	1	6404390	328	1
cab	314	Picture	20	6436758	0	1	3153	3	0	3000
cab	315	Response	2	6440950	873	2
cab	316	Picture	21	6473437	0	2	3154	3	0	3000
cab	317	Response	2	6478335	1578	1
cab	318	Picture	11	6509287	0	1	3153	2	0	3000
cab	319	Response	1	6513013	407	1
cab	320	Picture	10	6537999	0	2	3154	3	0	3000
cab	321	Response	1	6542243	924	2
cab	322	Picture	20	6570198	0	1	3153	2	0	3000
cab	323	Response	2	6575384	1867	2
cab	324	Picture	20	6606047	0	1	3153	3	0	3000
cab	325	Response	2	6610766	1400	1
cab	326	Picture	20	6635590	0	1	3153	2	0	3000
cab	327	Response	2	6639644	735	1
cab	328	Picture	10	6666958	0	1	3153	2	0	3000
cab	329	Response	1	6672172	1895	1
cab	330	Picture	20	6703471	0	2	3154	3	0	3000
cab	331	Response	2	6706967	176	1
cab	332	Picture	21	6742640	0	2	3153	4	0	3000
cab	333	Response	2	6747174	1215	1
cab	334	Picture	20	6776996	0	1	3153	2	0	3000
cab	335	Response	2	6782999	2684	1
cab	336	Picture	10	6806040	0	2	3154	3	0	3000
cab	337	Response	2	6811286	1926	2
cab	338	Picture	10	6842388	0	1	3153	2	0	3000
cab	339	Response	2	6847138	1431	2
cab	340	Picture	20	6879897	0	1	3153	2	0	3000
cab	341	Response	1	6883334	118	2
cab	342	Picture	11	6915912	0	2	3154	3	0	3000
cab	343	Response	1	6920957	1725	1
cab	344	Picture	10	6948276	0	2	3154	3	0	3000
cab	345	Response	2	6952543	947	2
cab	346	Picture	21	6980143	0	1	3153	2	0	3000
cab	348	Picture	20	7016490	0	1	3153	2	0	3000
cab	350	Picture	10	7047858	0	2	3154	3	0	3000
cab	351	Response	1	7052652	1474	1
cab	352	Picture	21	7084040	0	1	3153	2	0	3000
cab	353	Response	2	7087711	352	1
cab	354	Picture	11	7112586	0	2	3154	3	0	3000
cab	355	Response	1	7116584	678	2
cab	356	Picture	21	7151091	0	2	3154	3	0	3000
cab	357	Response	2	7154527	119	1
cab	358	Picture	10	7183289	0	2	3154	3	0	3000
cab	359	Response	1	7187848	1239	2
cab	360	Picture	20	7214990	0	1	3153	2	0	3000
cab	361	Response	2	7219846	1537	1
cab	362	Picture	20	7249345	0	2	3154	3	0	3000
cab	363	Response	1	7253457	792	1
cab	364	Picture	20	7281211	0	2	3154	3	0	3000
cab	365	Response	2	7286247	1716	1
cab	366	Picture	21	7318887	0	1	3153	2	0	3000
cab	367	Response	2	7323157	951	2
cab	368	Picture	11	7348761	0	1	3154	2	0	3000
cab	369	Response	1	7354240	2159	1
cab	370	Picture	11	7387266	0	1	3154	2	0	3000
cab	371	Response	1	7391975	1390	1
cab	372	Picture	20	7420792	0	1	3153	3	0	3000
cab	373	Response	2	7425534	1423	1
cab	374	Picture	11	7461289	0	1	3153	2	0	3000
cab	375	Response	1	7465388	780	1
cab	376	Picture	11	7499960	0	1	3153	2	0	3000
cab	377	Response	1	7504037	758	2
cab	378	Picture	21	7532490	0	1	3153	2	0	3000
cab	379	Response	2	7536357	548	1
cab	380	Picture	10	7569999	0	1	3153	2	0	3000
cab	381	Response	1	7573798	480	1
cab	382	Picture	20	7599873	0	2	3154	3	0	3000
cab	383	Response	2	7604706	1513	1
cab	384	Picture	11	7629250	0	1	3153	2	0	3000
cab	385	Response	1	7632935	366	1
cab	386	Picture	10	7665597	0	2	3154	3	0	3000
cab	387	Response	2	7670055	1138	1
cab	388	Picture	21	7695306	0	1	3153	2	0	3000
cab	389	Response	2	7699803	1178	1
cab	390	Picture	20	7735636	0	2	3154	3	0	3000
cab	391	Response	1	7739454	498	1
cab	392	Picture	20	7770822	0	1	3153	3	0	3000
cab	393	Response	2	7775718	1577	1
cab	394	Picture	21	7806505	0	2	3154	3	0	3000
cab	395	Response	2	7810399	574	1
cab	396	Picture	21	7840031	0	2	3154	3	0	3000
cab	397	Response	2	7843928	577	2
cab	398	Picture	11	7880030	0	1	3153	3	0	3000
cab	399	Response	1	7884499	1150	1
cab	400	Picture	20	7914054	0	1	3153	2	0	3000
cab	401	Response	2	7920118	2745	1
cab	402	Picture	11	7945920	0	1	3153	2	0	3000
cab	403	Response	1	7950616	1377	1
cab	404	Picture	21	7981105	0	2	3154	3	0	3000
cab	405	Response	2	7984499	74	1
cab	406	Picture	21	8020274	0	2	3154	3	0	3000
cab	407	Response	2	8025359	1765	1
cab	408	Picture	11	8059941	0	1	3154	2	0	3000
cab	409	Response	1	8067160	3900	1
cab	410	Picture	10	8100438	0	1	3153	2	0	3000
cab	411	Response	2	8104665	908	2
cab	412	Picture	20	8138777	0	1	3153	2	0	3000
cab	413	Response	1	8143780	1684	2
cab	414	Picture	20	8170477	0	1	3153	2	0	3000
cab	415	Response	2	8175161	1365	2
cab	416	Picture	20	8206160	0	2	3154	3	0	3000
cab	417	Response	2	8211193	1713	1
cab	418	Picture	10	8243669	0	2	3154	3	0	3000
cab	419	Response	2	8247018	29	1
cab	420	Picture	20	8279353	0	1	3153	3	0	3000
cab	421	Response	1	8283603	931	1
cab	422	Picture	11	8310555	0	2	3154	3	0	3000
cab	424	Picture	10	8346571	0	1	3153	2	0	3000
cab	425	Response	2	8350741	851	1
cab	426	Picture	20	8377939	0	1	3153	2	0	3000
cab	428	Picture	20	8410801	0	1	3153	2	0	3000
cab	429	Response	2	8414415	295	1
cab	430	Picture	10	8447812	0	1	3154	2	0	3000
cab	431	Response	1	8452831	1699	3
cab	432	Picture	21	8479512	0	2	3154	3	0	3000
cab	433	Response	2	8483482	650	1
cab	434	Picture	20	8515860	0	1	3153	2	0	3000
cab	435	Response	1	8519251	72	1
cab	436	Picture	11	8546730	0	1	3153	3	0	3000
cab	437	Response	1	8553275	3226	1
cab	438	Picture	11	8579094	0	1	3154	2	0	3000
cab	439	Response	1	8584151	1738	1
cab	440	Picture	11	8618097	0	1	3153	3	0	3000
cab	441	Response	1	8622509	1093	1
cab	442	Picture	20	8649133	0	2	3154	3	0	3000
cab	443	Response	2	8655951	3498	1
cab	444	Picture	11	8678344	0	1	3153	3	0	3000
cab	445	Response	1	8682004	341	1
cab	446	Picture	21	8710874	0	1	3153	3	0	3000
cab	447	Response	2	8714677	484	1
cab	448	Picture	10	8740085	0	1	3153	2	0	3000
cab	449	Response	1	8744998	1594	1
cab	450	Picture	20	8771453	0	1	3153	2	0	3000
cab	451	Response	2	8776672	1900	1
cab	452	Picture	11	8810622	0	1	3153	2	0	3000
cab	453	Response	1	8814912	971	1
cab	454	Picture	11	8845641	0	2	3154	3	0	3000
cab	455	Response	1	8849590	629	2
cab	456	Picture	21	8880827	0	1	3153	2	0	3000
cab	457	Response	2	8885150	1004	1
cab	458	Picture	11	8917838	0	1	3154	2	0	3000
cab	459	Response	1	8921447	289	2
cab	460	Picture	11	8950202	0	2	3154	3	0	3000
cab	461	Response	2	8954151	629	1
cab	462	Picture	21	8984060	0	1	3154	2	0	3000
cab	463	Response	2	8988873	1494	1
cab	464	Picture	20	9024391	0	1	3153	2	0	3000
cab	465	Response	1	9028611	901	2
cab	466	Picture	21	9064389	0	2	3154	3	0	3000
cab	467	Response	2	9068410	701	1
cab	468	Picture	11	9093268	0	1	3154	2	0	3000
cab	469	Response	1	9097550	963	2
cab	470	Picture	10	9124802	0	2	3154	3	0	3000
cab	472	Picture	10	9162311	0	2	3154	3	0	3000
cab	474	Picture	21	9197165	0	1	3154	2	0	3000
cab	475	Response	2	9201524	1040	1
cab	476	Picture	21	9229363	0	1	3154	2	0	3000
cab	477	Response	2	9234401	1718	1
cab	478	Picture	20	9269694	0	1	3153	2	0	3000
cab	479	Response	1	9273813	800	1
cab	480	Picture	11	9309527	0	1	3153	2	0	3000
cab	481	Response	1	9314520	1674	2
cab	482	Picture	20	9340729	0	1	3153	2	0	3000
cab	483	Response	2	9346307	2259	1
cab	484	Picture	21	9379400	0	1	3153	2	0	3000
cab	485	Response	2	9384045	1326	1
cab	486	Picture	10	9409274	0	2	3154	3	0	3000
cab	487	Response	2	9414547	1953	1
cab	488	Picture	10	9441970	0	2	3154	3	0	3000
cab	489	Response	1	9448299	3009	1
cab	490	Picture	10	9471181	0	1	3153	2	0	3000
cab	491	Response	2	9475496	996	1
cab	492	Picture	11	9500226	0	1	3153	2	0	3000
cab	493	Response	1	9504722	1177	1
cab	494	Picture	21	9539892	0	2	3154	3	0	3000
cab	495	Response	2	9544695	1483	1
cab	496	Picture	21	9574082	0	1	3154	2	0	3000
cab	497	Response	2	9578309	907	2
cab	498	Picture	21	9610761	0	2	3154	3	0	3000
cab	499	Response	2	9616017	1936	1
cab	500	Picture	10	9649764	0	2	3154	3	0	3000
cab	501	Response	1	9655547	2463	1
cab	502	Picture	21	9679639	0	1	3153	2	0	3000
cab	503	Response	2	9683743	785	1
cab	504	Picture	10	9710343	0	2	3154	3	0	3000
cab	505	Response	1	9714237	574	1
cab	506	Picture	10	9742375	0	2	3154	3	0	3000
cab	508	Picture	21	9771088	0	1	3153	3	0	3000
cab	509	Response	2	9774611	203	2
cab	510	Picture	11	9810589	0	1	3153	2	0	3000
cab	511	Response	1	9814614	706	1
cab	512	Picture	21	9839468	0	1	3153	2	0	3000
cab	513	Response	2	9844580	1793	1
cab	514	Picture	21	9870338	0	1	3153	3	0	3000
cab	515	Response	2	9875103	1446	1
cab	516	Picture	21	9901872	0	2	3154	3	0	3000
cab	517	Response	2	9906364	1172	1
cab	518	Picture	11	9933074	0	2	3154	3	0	3000
cab	519	Response	1	9937096	702	1
cab	520	Picture	20	9968260	0	1	3153	3	0	3000
cab	521	Response	2	9973418	1839	1
cab	522	Picture	10	10008591	0	1	3153	2	0	3000
cab	523	Response	1	10013481	1571	1
cab	524	Picture	11	10042780	0	2	3154	3	0	3000
cab	525	Response	1	10047363	1263	1
cab	526	Picture	20	10078298	0	1	3153	2	0	3000
cab	527	Response	2	10083130	1513	1
cab	528	Picture	10	10107509	0	1	3153	2	0	3000
cab	529	Response	1	10112362	1534	1
cab	530	Picture	21	10138877	0	1	3153	2	0	3000
cab	531	Response	2	10142242	46	1
cab	532	Picture	10	10169083	0	2	3154	3	0	3000
cab	533	Response	1	10172975	572	1
cab	534	Picture	20	10203273	0	1	3154	2	0	3000
cab	535	Response	2	10206999	407	1
cab	536	Picture	11	10237961	0	1	3153	2	0	3000
cab	537	Response	1	10241732	452	2
cab	538	Picture	20	10268665	0	1	3153	3	0	3000
cab	539	Response	2	10272373	388	1
cab	540	Picture	21	10299203	0	2	3154	3	0	3000
cab	541	Response	2	10303633	1110	1
cab	542	Picture	21	10330904	0	1	3153	2	0	3000
cab	542	Response	2	10334185	3281	1
cab	544	Picture	11	10362438	0	1	3153	2	0	3000
cab	545	Response	1	10366684	927	1
cab	546	Picture	20	10397126	0	1	3153	2	0	3000
cab	547	Response	2	10400886	441	2
cab	548	Picture	10	10430154	0	1	3153	2	0	3000
cab	549	Response	1	10434555	1082	1
cab	550	Picture	11	10466833	0	1	3153	2	0	3000
cab	551	Response	2	10470256	104	1
cab	552	Picture	10	10505670	0	1	3153	2	0	3000
cab	553	Response	1	10509693	704	1
cab	554	Picture	10	10536540	0	1	3153	3	0	3000
cab	555	Response	1	10541278	1418	2
cab	556	Picture	10	10570398	0	1	3153	2	0	3000
cab	557	Response	1	10575040	1323	2
cab	558	Picture	11	10607575	0	1	3154	2	0	3000
cab	559	Response	1	10612160	1266	1
cab	560	Picture	11	10645914	0	1	3154	2	0	3000
cab	561	Response	1	10649485	252	1
cab	562	Picture	11	10675125	0	1	3153	2	0	3000
cab	563	Response	1	10679098	654	1
cab	564	Picture	21	10707489	0	1	3153	2	0	3000
cab	565	Response	2	10711537	729	1
cab	566	Picture	11	10737197	0	2	3154	3	0	3000
cab	567	Response	1	10742362	1845	1
cab	568	Picture	20	10776864	0	1	3154	2	0	3000
cab	569	Response	2	10781508	1324	1
cab	570	Picture	21	10808730	0	2	3154	3	0	3000
cab	571	Response	2	10813029	979	1
cab	572	Picture	21	10839933	0	1	3153	2	0	3000
cab	573	Response	2	10844082	830	2
cab	574	Picture	10	10871467	0	1	3153	2	0	3000
cab	575	Response	2	10876638	1852	1
cab	576	Picture	10	10901175	0	2	3154	3	0	3000
cab	577	Response	2	10905249	754	2
cab	578	Picture	10	10934203	0	2	3154	3	0	3000
cab	580	Picture	11	10971547	0	1	3153	2	0	3000
cab	581	Response	1	10975326	460	1
cab	582	Picture	20	11001753	0	1	3153	3	0	3000
cab	584	Picture	11	11034615	0	1	3153	3	0	3000
cab	585	Response	1	11038703	769	1
cab	586	Picture	20	11068141	0	1	3153	2	0	3000
cab	587	Response	2	11073143	1683	1
cab	588	Picture	10	11102165	0	1	3153	2	0	3000
cab	589	Response	2	11106726	1242	1
cab	590	Picture	20	11135359	0	1	3153	2	0	3000
cab	591	Response	1	11139866	1188	1
cab	592	Picture	10	11166063	0	1	3153	2	0	3000
cab	594	Picture	11	11196933	0	2	3154	3	0	3000
cab	595	Response	1	11201149	896	1
cab	596	Picture	11	11235603	0	3	3155	4	0	3000
cab	597	Response	1	11239944	1020	1
cab	598	Picture	10	11266973	0	1	3153	2	0	3000
cab	599	Response	1	11271999	1707	1
cab	600	Picture	20	11302988	0	1	3153	2	0	3000
cab	601	Response	2	11308467	2160	1
cab	602	Picture	10	11339501	0	2	3154	3	0	3000
cab	603	Response	1	11344022	1201	1
cab	604	Response	1	11425820	56112	1


Event Type	Code	Type	Response	RT	RT Uncertainty	Time	Uncertainty	Duration	Uncertainty	ReqTime	ReqDur

Picture	10	other				10414	1	3153	2	0	3000
Picture	21	other				49748	2	3154	3	0	3000
Picture	10	other				78793	1	3154	2	0	3000
Picture	21	other				114643	1	3153	2	0	3000
Picture	20	other				153313	2	3154	3	0	3000
Picture	20	other				187171	2	3154	3	0	3000
Picture	21	other				222523	1	3153	2	0	3000
Picture	11	other				251402	1	3153	2	0	3000
Picture	10	other				289077	1	3153	2	0	3000
Picture	21	other				322271	1	3153	2	0	3000
Picture	11	other				351315	2	3154	3	0	3000
Picture	20	other				386833	1	3153	2	0	3000
Picture	20	other				422682	1	3154	2	0	3000
Picture	11	other				453718	2	3154	3	0	3000
Picture	21	other				484423	1	3153	2	0	3000
Picture	20	other				521268	1	3154	2	0	3000
Picture	21	other				558279	2	3154	3	0	3000
Picture	11	other				589648	1	3153	2	0	3000
Picture	20	other				622178	1	3153	2	0	3000
Picture	11	other				651720	2	3154	3	0	3000
Picture	11	other				680599	1	3153	3	0	3000
Picture	20	other				718606	1	3153	3	0	3000
Picture	20	other				756281	2	3154	3	0	3000
Picture	11	other				791467	1	3153	2	0	3000
Picture	11	other				825325	1	3153	2	0	3000
Picture	20	other				858352	2	3154	3	0	3000
Picture	20	other				897355	2	3154	3	0	3000
Picture	11	other				926234	1	3153	3	0	3000
Picture	11	other				963079	2	3154	3	0	3000
Picture	21	other				1002082	1	3154	2	0	3000
Picture	11	other				1039093	2	3154	3	0	3000
Picture	21	other				1076437	1	3153	2	0	3000
Picture	10	other				1116269	2	3154	3	0	3000
Picture	21	other				1148135	2	3154	3	0	3000
Picture	21	other				1177512	1	3154	2	0	3000
Picture	20	other				1208051	1	3153	2	0	3000
Picture	21	other				1239917	1	3153	2	0	3000
Picture	11	other				1272447	1	3153	2	0	3000
Picture	11	other				1303815	1	3153	3	0	3000
Picture	21	other				1338337	1	3153	2	0	3000
Picture	20	other				1368709	1	3154	2	0	3000
Picture	11	other				1398916	1	3153	2	0	3000
Picture	21	other				1428126	2	3154	3	0	3000
Picture	20	other				1462316	1	3153	2	0	3000
Picture	11	other				1501319	1	3153	2	0	3000
Picture	10	other				1538330	1	3153	3	0	3000
Picture	11	other				1577499	1	3153	2	0	3000
Picture	21	other				1616668	1	3153	2	0	3000
Picture	21	other				1653347	1	3153	3	0	3000
Picture	10	other				1692184	1	3153	2	0	3000
Picture	10	other				1732017	1	3153	2	0	3000
Picture	21	other				1765045	1	3153	2	0	3000
Picture	21	other				1797243	1	3153	2	0	3000
Picture	10	other				1831432	2	3154	3	0	3000
Picture	11	other				1865456	1	3154	2	0	3000
Picture	20	other				1897654	2	3154	3	0	3000
Picture	21	other				1926699	1	3153	3	0	3000
Picture	10	other				1963046	2	3154	3	0	3000
Picture	21	other				1994913	1	3153	2	0	3000
Picture	11	other				2033749	2	3154	3	0	3000
Picture	20	other				2069433	1	3153	2	0	3000
Picture	21	other				2102295	1	3153	2	0	3000
Picture	10	other				2131671	2	3154	3	0	3000
Picture	21	other				2167355	1	3153	3	0	3000
Picture	21	other				2207188	1	3153	2	0	3000
Picture	10	other				2244033	1	3153	2	0	3000
Picture	21	other				2276563	1	3153	3	0	3000
Picture	10	other				2305940	1	3153	2	0	3000
Picture	11	other				2346270	2	3154	3	0	3000
Picture	21	other				2379796	1	3153	3	0	3000
Picture	21	other				2419131	1	3153	2	0	3000
Picture	20	other				2452159	1	3153	2	0	3000
Picture	21	other				2484357	1	3153	2	0	3000
Picture	20	other				2524356	1	3153	2	0	3000
Picture	10	other				2563856	2	3154	3	0	3000
Picture	11	other				2593731	1	3153	3	0	3000
Picture	10	other				2627091	1	3153	2	0	3000
Picture	11	other				2662442	2	3154	3	0	3000
Picture	21	other				2699786	1	3153	2	0	3000
Picture	11	other				2732482	1	3153	2	0	3000
Picture	11	other				2767833	1	3154	2	0	3000
Picture	11	other				2805674	2	3154	3	0	3000
Picture	20	other				2843349	2	3154	3	0	3000
Picture	10	other				2878535	1	3153	2	0	3000
Picture	10	other				2908243	2	3154	3	0	3000
Picture	20	other				2948242	1	3154	2	0	3000
Picture	11	other				2983760	1	3153	2	0	3000
Picture	10	other				3018447	2	3154	3	0	3000
Picture	11	other				3051475	2	3154	3	0	3000
Picture	20	other				3084171	2	3154	3	0	3000
Picture	10	other				3121514	2	3154	3	0	3000
Picture	21	other				3153381	1	3153	2	0	3000
Picture	10	other				3188400	1	3154	2	0	3000
Picture	21	other				3219768	2	3154	3	0	3000
Picture	20	other				3258605	2	3154	3	0	3000
Picture	20	other				3292131	2	3154	3	0	3000
Picture	20	other				3326653	1	3153	2	0	3000
Picture	20	other				3366818	1	3153	2	0	3000
Picture	11	other				3396526	1	3154	2	0	3000
Picture	10	other				3432874	1	3153	2	0	3000
Picture	11	other				3463744	1	3153	2	0	3000
Picture	11	other				3503411	1	3153	2	0	3000
Picture	21	other				3534779	1	3153	2	0	3000
Picture	20	other				3574114	1	3153	2	0	3000
Picture	21	other				3610627	1	3153	2	0	3000
Picture	10	other				3641829	2	3154	3	0	3000
Picture	21	other				3674193	2	3154	3	0	3000
Picture	20	other				3709047	1	3153	3	0	3000
Picture	11	other				3749212	1	3153	2	0	3000
Picture	20	other				3789542	2	3154	3	0	3000
Picture	10	other				3819417	1	3153	2	0	3000
Picture	10	other				3855266	2	3154	3	0	3000
Picture	21	other				3891946	1	3153	2	0	3000
Picture	11	other				3920658	2	3154	3	0	3000
Picture	10	other				3959495	1	3154	2	0	3000
Picture	20	other				3989038	1	3153	2	0	3000
Picture	10	other				4020904	1	3153	2	0	3000
Picture	11	other				4055758	1	3153	2	0	3000
Picture	11	other				4091109	1	3153	3	0	3000
Picture	20	other				4125797	1	3153	2	0	3000
Picture	10	other				4161978	1	3154	2	0	3000
Picture	11	other				4201645	1	3153	2	0	3000
Picture	10	other				4238988	1	3153	3	0	3000
Picture	20	other				4278655	1	3153	2	0	3000
Picture	10	other				4310687	1	3153	2	0	3000
Picture	11	other				4341225	2	3154	3	0	3000
Picture	11	other				4380062	1	3154	2	0	3000
Picture	10	other				4412426	2	3154	3	0	3000
Picture	11	other				4448276	1	3153	2	0	3000
Picture	20	other				4482134	1	3153	2	0	3000
Picture	11	other				4520638	2	3154	3	0	3000
Picture	21	other				4551841	1	3153	2	0	3000
Picture	21	other				4588022	2	3154	3	0	3000
Picture	21	other				4622710	8	3153	9	0	3000
Picture	20	other				4653082	2	3154	3	0	3000
Picture	10	other				4689596	1	3153	2	0	3000
Picture	20	other				4722624	1	3153	2	0	3000
Picture	21	other				4759303	1	3089	100	0	3000
Picture	21	other				4799467	2	3154	3	0	3000
Picture	20	other				4835317	1	3153	2	0	3000
Picture	20	other				4871498	2	3154	3	0	3000
Picture	20	other				4902203	1	3153	2	0	3000
Picture	10	other				4930915	2	3154	3	0	3000
Picture	11	other				4960956	1	3153	3	0	3000
Picture	21	other				4995478	1	3153	2	0	3000
Picture	20	other				5027842	1	3153	2	0	3000
Picture	20	other				5065517	1	3153	2	0	3000
Picture	11	other				5098711	1	3153	2	0	3000
Picture	20	other				5135390	1	3153	3	0	3000
Picture	20	other				5169580	1	3153	2	0	3000
Picture	10	other				6267137	1	3153	3	0	3000
Picture	10	other				6300995	1	3153	2	0	3000
Picture	11	other				6335516	2	3154	3	0	3000
Picture	21	other				6371034	1	3153	3	0	3000
Picture	11	other				6400743	1	3153	2	0	3000
Picture	20	other				6436758	1	3153	3	0	3000
Picture	21	other				6473437	2	3154	3	0	3000
Picture	11	other				6509287	1	3153	2	0	3000
Picture	10	other				6537999	2	3154	3	0	3000
Picture	20	other				6570198	1	3153	2	0	3000
Picture	20	other				6606047	1	3153	3	0	3000
Picture	20	other				6635590	1	3153	2	0	3000
Picture	10	other				6666958	1	3153	2	0	3000
Picture	20	other				6703471	2	3154	3	0	3000
Picture	21	other				6742640	2	3153	4	0	3000
Picture	20	other				6776996	1	3153	2	0	3000
Picture	10	other				6806040	2	3154	3	0	3000
Picture	10	other				6842388	1	3153	2	0	3000
Picture	20	other				6879897	1	3153	2	0	3000
Picture	11	other				6915912	2	3154	3	0	3000
Picture	10	other				6948276	2	3154	3	0	3000
Picture	21	other				6980143	1	3153	2	0	3000
Picture	20	other				7016490	1	3153	2	0	3000
Picture	10	other				7047858	2	3154	3	0	3000
Picture	21	other				7084040	1	3153	2	0	3000
Picture	11	other				7112586	2	3154	3	0	3000
Picture	21	other				7151091	2	3154	3	0	3000
Picture	10	other				7183289	2	3154	3	0	3000
Picture	20	other				7214990	1	3153	2	0	3000
Picture	20	other				7249345	2	3154	3	0	3000
Picture	20	other				7281211	2	3154	3	0	3000
Picture	21	other				7318887	1	3153	2	0	3000
Picture	11	other				7348761	1	3154	2	0	3000
Picture	11	other				7387266	1	3154	2	0	3000
Picture	20	other				7420792	1	3153	3	0	3000
Picture	11	other				7461289	1	3153	2	0	3000
Picture	11	other				7499960	1	3153	2	0	3000
Picture	21	other				7532490	1	3153	2	0	3000
Picture	10	other				7569999	1	3153	2	0	3000
Picture	20	other				7599873	2	3154	3	0	3000
Picture	11	other				7629250	1	3153	2	0	3000
Picture	10	other				7665597	2	3154	3	0	3000
Picture	21	other				7695306	1	3153	2	0	3000
Picture	20	other				7735636	2	3154	3	0	3000
Picture	20	other				7770822	1	3153	3	0	3000
Picture	21	other				7806505	2	3154	3	0	3000
Picture	21	other				7840031	2	3154	3	0	3000
Picture	11	other				7880030	1	3153	3	0	3000
Picture	20	other				7914054	1	3153	2	0	3000
Picture	11	other				7945920	1	3153	2	0	3000
Picture	21	other				7981105	2	3154	3	0	3000
Picture	21	other				8020274	2	3154	3	0	3000
Picture	11	other				8059941	1	3154	2	0	3000
Picture	10	other				8100438	1	3153	2	0	3000
Picture	20	other				8138777	1	3153	2	0	3000
Picture	20	other				8170477	1	3153	2	0	3000
Picture	20	other				8206160	2	3154	3	0	3000
Picture	10	other				8243669	2	3154	3	0	3000
Picture	20	other				8279353	1	3153	3	0	3000
Picture	11	other				8310555	2	3154	3	0	3000
Picture	10	other				8346571	1	3153	2	0	3000
Picture	20	other				8377939	1	3153	2	0	3000
Picture	20	other				8410801	1	3153	2	0	3000
Picture	10	other				8447812	1	3154	2	0	3000
Picture	21	other				8479512	2	3154	3	0	3000
Picture	20	other				8515860	1	3153	2	0	3000
Picture	11	other				8546730	1	3153	3	0	3000
Picture	11	other				8579094	1	3154	2	0	3000
Picture	11	other				8618097	1	3153	3	0	3000
Picture	20	other				8649133	2	3154	3	0	3000
Picture	11	other				8678344	1	3153	3	0	3000
Picture	21	other				8710874	1	3153	3	0	3000
Picture	10	other				8740085	1	3153	2	0	3000
Picture	20	other				8771453	1	3153	2	0	3000
Picture	11	other				8810622	1	3153	2	0	3000
Picture	11	other				8845641	2	3154	3	0	3000
Picture	21	other				8880827	1	3153	2	0	3000
Picture	11	other				8917838	1	3154	2	0	3000
Picture	11	other				8950202	2	3154	3	0	3000
Picture	21	other				8984060	1	3154	2	0	3000
Picture	20	other				9024391	1	3153	2	0	3000
Picture	21	other				9064389	2	3154	3	0	3000
Picture	11	other				9093268	1	3154	2	0	3000
Picture	10	other				9124802	2	3154	3	0	3000
Picture	10	other				9162311	2	3154	3	0	3000
Picture	21	other				9197165	1	3154	2	0	3000
Picture	21	other				9229363	1	3154	2	0	3000
Picture	20	other				9269694	1	3153	2	0	3000
Picture	11	other				9309527	1	3153	2	0	3000
Picture	20	other				9340729	1	3153	2	0	3000
Picture	21	other				9379400	1	3153	2	0	3000
Picture	10	other				9409274	2	3154	3	0	3000
Picture	10	other				9441970	2	3154	3	0	3000
Picture	10	other				9471181	1	3153	2	0	3000
Picture	11	other				9500226	1	3153	2	0	3000
Picture	21	other				9539892	2	3154	3	0	3000
Picture	21	other				9574082	1	3154	2	0	3000
Picture	21	other				9610761	2	3154	3	0	3000
Picture	10	other				9649764	2	3154	3	0	3000
Picture	21	other				9679639	1	3153	2	0	3000
Picture	10	other				9710343	2	3154	3	0	3000
Picture	10	other				9742375	2	3154	3	0	3000
Picture	21	other				9771088	1	3153	3	0	3000
Picture	11	other				9810589	1	3153	2	0	3000
Picture	21	other				9839468	1	3153	2	0	3000
Picture	21	other				9870338	1	3153	3	0	3000
Picture	21	other				9901872	2	3154	3	0	3000
Picture	11	other				9933074	2	3154	3	0	3000
Picture	20	other				9968260	1	3153	3	0	3000
Picture	10	other				10008591	1	3153	2	0	3000
Picture	11	other				10042780	2	3154	3	0	3000
Picture	20	other				10078298	1	3153	2	0	3000
Picture	10	other				10107509	1	3153	2	0	3000
Picture	21	other				10138877	1	3153	2	0	3000
Picture	10	other				10169083	2	3154	3	0	3000
Picture	20	other				10203273	1	3154	2	0	3000
Picture	11	other				10237961	1	3153	2	0	3000
Picture	20	other				10268665	1	3153	3	0	3000
Picture	21	other				10299203	2	3154	3	0	3000
Picture	21	other				10330904	1	3153	2	0	3000
Picture	11	other				10362438	1	3153	2	0	3000
Picture	20	other				10397126	1	3153	2	0	3000
Picture	10	other				10430154	1	3153	2	0	3000
Picture	11	other				10466833	1	3153	2	0	3000
Picture	10	other				10505670	1	3153	2	0	3000
Picture	10	other				10536540	1	3153	3	0	3000
Picture	10	other				10570398	1	3153	2	0	3000
Picture	11	other				10607575	1	3154	2	0	3000
Picture	11	other				10645914	1	3154	2	0	3000
Picture	11	other				10675125	1	3153	2	0	3000
Picture	21	other				10707489	1	3153	2	0	3000
Picture	11	other				10737197	2	3154	3	0	3000
Picture	20	other				10776864	1	3154	2	0	3000
Picture	21	other				10808730	2	3154	3	0	3000
Picture	21	other				10839933	1	3153	2	0	3000
Picture	10	other				10871467	1	3153	2	0	3000
Picture	10	other				10901175	2	3154	3	0	3000
Picture	10	other				10934203	2	3154	3	0	3000
Picture	11	other				10971547	1	3153	2	0	3000
Picture	20	other				11001753	1	3153	3	0	3000
Picture	11	other				11034615	1	3153	3	0	3000
Picture	20	other				11068141	1	3153	2	0	3000
Picture	10	other				11102165	1	3153	2	0	3000
Picture	20	other				11135359	1	3153	2	0	3000
Picture	10	other				11166063	1	3153	2	0	3000
Picture	11	other				11196933	2	3154	3	0	3000
Picture	11	other				11235603	3	3155	4	0	3000
Picture	10	other				11266973	1	3153	2	0	3000
Picture	20	other				11302988	1	3153	2	0	3000
Picture	10	other				11339501	2	3154	3	0	3000
