Scenario - GO/NO-GO
Logfile written - 12/22/2011 12:55:07

Subject	Trial	Event Type	Code	Time	TTime	Uncertainty	Duration	Uncertainty	ReqTime	ReqDur

cib	2	Picture	22	289	0	2	3154	3	0	3000
cib	3	Picture	22	34147	0	2	3154	3	0	3000
cib	3	Response	1	37616	3469	1
cib	4	Picture	22	72652	0	1	3154	2	0	3000
cib	4	Response	1	77399	4747	1
cib	5	Picture	22	111323	0	2	3154	3	0	3000
cib	5	Response	1	114619	3296	2
cib	6	Picture	22	148002	0	2	3154	3	0	3000
cib	6	Response	1	151080	3078	1
cib	7	Picture	33	180201	0	1	3153	2	0	3000
cib	8	Picture	22	216548	0	1	3153	2	0	3000
cib	8	Response	1	219637	3089	1
cib	9	Picture	22	254057	0	1	3153	3	0	3000
cib	9	Response	1	257252	3195	2
cib	10	Picture	22	283102	0	1	3153	2	0	3000
cib	10	Response	1	286530	3428	1
cib	11	Picture	22	317789	0	2	3154	3	0	3000
cib	11	Response	1	320693	2904	2
cib	12	Picture	22	353307	0	1	3153	2	0	3000
cib	12	Response	1	357098	3791	1
cib	13	Picture	33	382020	0	1	3153	2	0	3000
cib	14	Picture	22	420193	0	1	3153	2	0	3000
cib	14	Response	1	423037	2844	1
cib	15	Picture	22	459029	0	2	3154	3	0	3000
cib	15	Response	1	462475	3446	1
cib	16	Picture	22	496705	0	1	3153	2	0	3000
cib	16	Response	1	500320	3615	1
cib	17	Picture	33	533716	0	1	3153	2	0	3000
cib	18	Picture	22	570395	0	1	3154	2	0	3000
cib	18	Response	1	573675	3280	1
cib	19	Picture	22	600934	0	1	3153	2	0	3000
cib	19	Response	1	604306	3372	1
cib	20	Picture	22	632800	0	1	3153	2	0	3000
cib	20	Response	1	637647	4847	1
cib	21	Picture	22	661512	0	2	3154	3	0	3000
cib	21	Response	1	664487	2975	2
cib	22	Picture	22	693711	0	1	3153	2	0	3000
cib	22	Response	1	696741	3030	1
cib	23	Picture	33	725079	0	1	3153	2	0	3000
cib	24	Picture	22	760596	0	2	3154	3	0	3000
cib	24	Response	1	764592	3996	1
cib	25	Picture	22	793790	0	1	3154	2	0	3000
cib	25	Response	1	797166	3376	2
cib	26	Picture	22	831797	0	1	3154	2	0	3000
cib	26	Response	1	835693	3896	1
cib	27	Picture	22	864161	0	2	3154	3	0	3000
cib	27	Response	1	867710	3549	1
cib	28	Picture	22	898517	0	1	3154	2	0	3000
cib	28	Response	1	901849	3332	1
cib	29	Picture	22	937022	0	1	3153	3	0	3000
cib	29	Response	1	939958	2936	1
cib	30	Picture	22	965735	0	1	3153	2	0	3000
cib	30	Response	1	968911	3176	2
cib	31	Picture	33	999759	0	1	3153	2	0	3000
cib	32	Picture	22	1028305	0	2	3154	3	0	3000
cib	32	Response	1	1031285	2980	1
cib	33	Picture	22	1066644	0	2	3154	3	0	3000
cib	33	Response	1	1070515	3871	1
cib	34	Picture	22	1095689	0	1	3153	3	0	3000
cib	34	Response	1	1099352	3663	1
cib	35	Picture	22	1135024	0	2	3153	3	0	3000
cib	35	Response	1	1138585	3561	2
cib	36	Picture	22	1170541	0	2	3154	3	0	3000
cib	36	Response	1	1173374	2833	1
cib	37	Picture	22	1209378	0	1	3154	2	0	3000
cib	37	Response	1	1212548	3170	1
cib	38	Picture	22	1244232	0	1	3153	2	0	3000
cib	38	Response	1	1247478	3246	1
cib	39	Picture	33	1282405	0	1	3153	2	0	3000
cib	40	Picture	22	1313109	0	1	3154	2	0	3000
cib	40	Response	1	1316034	2925	1
cib	41	Picture	22	1345971	0	1	3154	2	0	3000
cib	41	Response	1	1350139	4168	2
cib	42	Picture	22	1385472	0	1	3153	3	0	3000
cib	42	Response	1	1389984	4512	2
cib	43	Picture	33	1416010	0	2	3154	3	0	3000
cib	44	Picture	22	1447213	0	1	3153	2	0	3000
cib	44	Response	1	1450062	2849	1
cib	45	Picture	22	1475759	0	2	3154	3	0	3000
cib	45	Response	1	1479934	4175	2
cib	46	Picture	22	1503974	0	2	3154	3	0	3000
cib	46	Response	1	1507215	3241	1
cib	47	Picture	33	1542977	0	1	3154	2	0	3000
cib	48	Picture	22	1575009	0	2	3154	3	0	3000
cib	48	Response	1	1577805	2796	1
cib	49	Picture	22	1612850	0	2	3154	3	0	3000
cib	49	Response	1	1616627	3777	2
cib	50	Picture	22	1642061	0	1	3153	3	0	3000
cib	50	Response	1	1646084	4023	1
cib	51	Picture	22	1673927	0	1	3154	2	0	3000
cib	51	Response	1	1677838	3911	1
cib	52	Picture	22	1707287	0	1	3154	2	0	3000
cib	52	Response	1	1710708	3421	2
cib	53	Picture	33	1743966	0	2	3154	3	0	3000
cib	54	Picture	22	1776496	0	2	3154	3	0	3000
cib	54	Response	1	1780122	3626	1
cib	55	Picture	22	1810354	0	1	3154	2	0	3000
cib	55	Response	1	1814731	4377	1
cib	56	Picture	22	1847531	0	2	3154	3	0	3000
cib	56	Response	1	1852812	5281	2
cib	57	Picture	22	1886534	0	2	3154	3	0	3000
cib	57	Response	1	1890068	3534	2
cib	58	Picture	22	1926367	0	1	3153	3	0	3000
cib	58	Response	1	1929945	3578	1
cib	59	Picture	33	1959561	0	1	3153	3	0	3000
cib	60	Picture	22	1994249	0	1	3153	2	0	3000
cib	60	Response	1	1997643	3394	1
cib	61	Picture	22	2032919	0	2	3154	3	0	3000
cib	61	Response	1	2036812	3893	2
cib	62	Picture	22	2072586	0	2	3154	3	0	3000
cib	62	Response	1	2076981	4395	1
cib	63	Picture	22	2109597	0	2	3154	3	0	3000
cib	63	Response	1	2113820	4223	2
cib	64	Picture	22	2142128	0	1	3153	2	0	3000
cib	64	Response	1	2146485	4357	1
cib	65	Picture	33	2172334	0	1	3153	3	0	3000
cib	66	Picture	22	2204200	0	1	3154	2	0	3000
cib	66	Response	1	2208148	3948	2
cib	67	Picture	22	2238556	0	1	3153	2	0	3000
cib	67	Response	1	2243784	5228	1
cib	68	Picture	22	2276065	0	1	3153	3	0	3000
cib	68	Response	1	2279335	3270	1
cib	69	Picture	22	2314238	0	1	3153	3	0	3000
cib	69	Response	1	2317592	3354	1
cib	70	Picture	22	2348926	0	1	3153	2	0	3000
cib	70	Response	1	2352139	3213	1
cib	71	Picture	33	2382452	0	1	3153	2	0	3000
cib	72	Picture	22	2416143	0	2	3154	3	0	3000
cib	72	Response	1	2419516	3373	2
cib	73	Picture	33	2446184	0	1	3153	2	0	3000
cib	74	Picture	22	2476224	0	2	3154	3	0	3000
cib	74	Response	1	2479089	2865	2
cib	75	Picture	22	2507925	0	1	3153	2	0	3000
cib	75	Response	1	2512845	4920	1
cib	76	Picture	22	2540621	0	1	3153	2	0	3000
cib	76	Response	1	2545452	4831	2
cib	77	Picture	22	2579292	0	1	3153	2	0	3000
cib	77	Response	1	2583913	4621	1
cib	78	Picture	22	2610328	0	1	3153	2	0	3000
cib	78	Response	1	2613955	3627	1
cib	79	Picture	22	2643854	0	1	3153	2	0	3000
cib	79	Response	1	2647531	3677	1
cib	80	Picture	22	2676716	0	1	3153	2	0	3000
cib	80	Response	1	2680319	3603	2
cib	81	Picture	33	2706258	0	2	3154	3	0	3000
cib	82	Picture	22	2743104	0	1	3153	2	0	3000
cib	82	Response	1	2746945	3841	2
cib	83	Picture	22	2776795	0	2	3154	3	0	3000
cib	83	Response	1	2781085	4290	1
cib	84	Picture	22	2815798	0	2	3154	3	0	3000
cib	84	Response	1	2819671	3873	1
cib	85	Picture	22	2844013	0	1	3154	2	0	3000
cib	85	Response	1	2848091	4078	1
cib	86	Picture	22	2875713	0	2	3154	3	0	3000
cib	86	Response	1	2880018	4305	1
cib	87	Picture	33	2904260	0	1	3153	3	0	3000
cib	88	Picture	22	2943429	0	1	3153	2	0	3000
cib	88	Response	1	2946424	2995	1
cib	89	Picture	22	2977619	0	1	3153	2	0	3000
cib	89	Response	1	2981528	3909	1
cib	90	Picture	22	3011808	0	2	3154	3	0	3000
cib	90	Response	1	3015013	3205	1
cib	91	Picture	22	3049484	0	1	3153	2	0	3000
cib	91	Response	1	3052445	2961	1
cib	92	Picture	22	3084005	0	2	3154	3	0	3000
cib	92	Response	1	3086842	2837	1
cib	93	Picture	33	3114710	0	1	3153	2	0	3000
cib	94	Picture	22	3148899	0	2	3154	3	0	3000
cib	94	Response	1	3151716	2817	1
cib	95	Picture	22	3186906	0	2	3154	3	0	3000
cib	95	Response	1	3189911	3005	1
cib	96	Picture	22	3222424	0	1	3153	2	0	3000
cib	96	Response	1	3226136	3712	1
cib	97	Picture	33	3258937	0	2	3154	3	0	3000
cib	97	Response	1	3261833	2896	1
cib	98	Picture	22	3294787	0	1	3153	2	0	3000
cib	98	Response	1	3298842	4055	2
cib	99	Picture	22	3334453	0	2	3154	3	0	3000
cib	99	Response	1	3337691	3238	1
cib	100	Picture	22	3365158	0	1	3153	2	0	3000
cib	100	Response	1	3368557	3399	1
cib	101	Picture	22	3399016	0	1	3153	2	0	3000
cib	101	Response	1	3402277	3261	2
cib	102	Picture	22	3430882	0	1	3153	2	0	3000
cib	102	Response	1	3434264	3382	1
cib	103	Picture	22	3469055	0	1	3153	2	0	3000
cib	103	Response	1	3473492	4437	1
cib	104	Picture	22	3499759	0	1	3154	2	0	3000
cib	104	Response	1	3503445	3686	1
cib	105	Picture	33	3531293	0	2	3154	3	0	3000
cib	106	Picture	22	3569134	0	2	3154	3	0	3000
cib	106	Response	1	3572030	2896	2
cib	107	Picture	22	3601167	0	1	3153	2	0	3000
cib	107	Response	1	3605014	3847	1
cib	108	Picture	22	3640501	0	2	3154	3	0	3000
cib	108	Response	1	3644482	3981	1
cib	109	Picture	22	3669546	0	1	3154	2	0	3000
cib	109	Response	1	3672610	3064	2
cib	110	Picture	22	3707387	0	2	3154	3	0	3000
cib	110	Response	1	3710488	3101	1
cib	111	Picture	33	3738755	0	2	3154	3	0	3000
cib	112	Picture	22	3777260	0	2	3154	3	0	3000
cib	112	Response	1	3780422	3162	2
cib	113	Picture	22	3805475	0	2	3154	3	0	3000
cib	113	Response	1	3809230	3755	2
cib	114	Picture	22	3840827	0	1	3153	2	0	3000
cib	114	Response	1	3844394	3567	2
cib	115	Picture	33	3873025	0	1	3153	2	0	3000
cib	116	Picture	22	3907215	0	1	3153	2	0	3000
cib	116	Response	1	3910387	3172	1
cib	117	Picture	22	3939081	0	1	3153	2	0	3000
cib	117	Response	1	3942635	3554	2
cib	118	Picture	22	3968457	0	2	3154	3	0	3000
cib	118	Response	1	3972938	4481	1
cib	119	Picture	22	3996838	0	2	3154	3	0	3000
cib	119	Response	1	4001738	4900	1
cib	120	Picture	22	4032356	0	1	3153	2	0	3000
cib	120	Response	1	4036427	4071	2
cib	121	Picture	22	4068537	0	1	3154	2	0	3000
cib	121	Response	1	4072705	4168	1
cib	122	Picture	22	4097914	0	1	3153	2	0	3000
cib	122	Response	1	4102246	4332	1
cib	123	Picture	33	4130278	0	1	3153	2	0	3000
cib	124	Picture	22	4166127	0	2	3154	3	0	3000
cib	124	Response	1	4169292	3165	1
cib	125	Picture	22	4196500	0	1	3153	2	0	3000
cib	125	Response	1	4200181	3681	1
cib	126	Picture	22	4232515	0	1	3154	2	0	3000
cib	126	Response	1	4235902	3387	1
cib	127	Picture	22	4261560	0	1	3153	2	0	3000
cib	127	Response	1	4265762	4202	1
cib	128	Picture	22	4291434	0	2	3154	3	0	3000
cib	128	Response	1	4294767	3333	1
cib	129	Picture	33	4329773	0	2	3154	3	0	3000
cib	130	Picture	22	4361640	0	1	3153	2	0	3000
cib	130	Response	1	4364732	3092	2
cib	131	Picture	22	4396327	0	1	3154	2	0	3000
cib	131	Response	1	4400872	4545	1
cib	132	Picture	22	4435828	0	1	3153	3	0	3000
cib	132	Response	1	4438890	3062	1
cib	133	Picture	33	4465703	0	1	3153	2	0	3000
cib	134	Picture	22	4495909	0	1	3153	3	0	3000
cib	134	Response	1	4498872	2963	1
cib	135	Picture	22	4533750	0	1	3153	3	0	3000
cib	135	Response	1	4537330	3580	2
cib	136	Picture	22	4570429	0	2	3154	3	0	3000
cib	136	Response	1	4574580	4151	1
cib	137	Picture	22	4604287	0	1	3154	2	0	3000
cib	137	Response	1	4608329	4042	2
cib	138	Picture	22	4636983	0	1	3154	2	0	3000
cib	138	Response	1	4640666	3683	1
cib	139	Picture	22	4674658	0	2	3154	3	0	3000
cib	139	Response	1	4679006	4348	1
cib	140	Picture	22	4712167	0	2	3154	3	0	3000
cib	140	Response	1	4715852	3685	1
cib	141	Picture	33	4741710	0	1	3153	3	0	3000
cib	142	Picture	22	4774240	0	1	3154	2	0	3000
cib	142	Response	1	4777423	3183	2
cib	143	Picture	33	4805276	0	2	3154	3	0	3000
cib	144	Picture	22	4840462	0	1	3153	3	0	3000
cib	144	Response	1	4843529	3067	1
cib	145	Picture	22	4872162	0	1	3154	2	0	3000
cib	145	Response	1	4877015	4853	1
cib	146	Picture	22	4908675	0	2	3154	3	0	3000
cib	146	Response	1	4912178	3503	2
cib	147	Picture	22	4941040	0	1	3153	2	0	3000
cib	147	Response	1	4944750	3710	1
cib	148	Picture	22	4980374	0	2	3154	3	0	3000
cib	148	Response	1	4984914	4540	1
cib	149	Picture	33	5009917	0	1	3153	2	0	3000
cib	150	Picture	22	5044937	0	1	3153	2	0	3000
cib	150	Response	1	5048072	3135	2
cib	151	Picture	22	5079292	0	2	3154	3	0	3000
cib	151	Response	1	5083559	4267	1
cib	152	Picture	22	5108005	0	1	3153	3	0	3000
cib	152	Response	1	5111772	3767	1
cib	153	Picture	33	5136054	0	1	3153	2	0	3000
cib	154	Response	1	5433938	262533	1
cib	156	Picture	22	5444094	0	1	3153	2	0	3000
cib	157	Picture	22	5473470	0	1	3154	2	0	3000
cib	157	Response	1	5476648	3178	1
cib	158	Picture	22	5512141	0	1	3154	2	0	3000
cib	158	Response	1	5515460	3319	1
cib	159	Picture	22	5540522	0	1	3153	2	0	3000
cib	159	Response	1	5543468	2946	2
cib	160	Picture	22	5580355	0	1	3153	2	0	3000
cib	160	Response	1	5583225	2870	2
cib	161	Picture	22	5618196	0	1	3153	2	0	3000
cib	161	Response	1	5621130	2934	1
cib	162	Picture	22	5651556	0	1	3153	2	0	3000
cib	162	Response	1	5655054	3498	1
cib	163	Picture	33	5680434	0	2	3154	3	0	3000
cib	164	Picture	22	5715122	0	1	3153	3	0	3000
cib	164	Response	1	5717921	2799	1
cib	165	Picture	33	5748150	0	1	3153	2	0	3000
cib	166	Picture	22	5779850	0	1	3154	2	0	3000
cib	166	Response	1	5782877	3027	2
cib	167	Picture	22	5817857	0	1	3154	2	0	3000
cib	167	Response	1	5821128	3271	1
cib	168	Picture	22	5857192	0	1	3153	3	0	3000
cib	168	Response	1	5860765	3573	1
cib	169	Picture	22	5886901	0	1	3153	2	0	3000
cib	169	Response	1	5890302	3401	1
cib	170	Picture	22	5922584	0	1	3153	3	0	3000
cib	170	Response	1	5925524	2940	1
cib	171	Picture	22	5953786	0	2	3154	3	0	3000
cib	171	Response	1	5957268	3482	2
cib	172	Picture	22	5989304	0	1	3153	2	0	3000
cib	172	Response	1	5992463	3159	1
cib	173	Picture	33	6024821	0	2	3154	3	0	3000
cib	174	Picture	22	6053036	0	1	3154	2	0	3000
cib	174	Response	1	6056186	3150	1
cib	175	Picture	22	6082911	0	1	3153	2	0	3000
cib	175	Response	1	6086698	3787	1
cib	176	Picture	22	6119424	0	1	3153	3	0	3000
cib	176	Response	1	6123361	3937	1
cib	177	Picture	22	6155107	0	2	3154	3	0	3000
cib	177	Response	1	6159553	4446	1
cib	178	Picture	22	6191621	0	1	3153	2	0	3000
cib	178	Response	1	6194743	3122	1
cib	179	Picture	33	6228632	0	1	3153	3	0	3000
cib	180	Picture	22	6261328	0	1	3153	3	0	3000
cib	180	Response	1	6265116	3788	3
cib	181	Picture	22	6299667	0	1	3153	3	0	3000
cib	181	Response	1	6302639	2972	1
cib	182	Picture	22	6330703	0	2	3154	3	0	3000
cib	182	Response	1	6334681	3978	2
cib	183	Picture	33	6369872	0	1	3154	2	0	3000
cib	184	Picture	22	6405390	0	1	3153	2	0	3000
cib	184	Response	1	6408709	3319	1
cib	185	Picture	33	6434268	0	2	3154	3	0	3000
cib	186	Picture	22	6462815	0	1	3154	2	0	3000
cib	186	Response	1	6465955	3140	2
cib	187	Picture	22	6496341	0	1	3153	3	0	3000
cib	187	Response	1	6500415	4074	1
cib	188	Picture	22	6528871	0	1	3154	2	0	3000
cib	188	Response	1	6533251	4380	2
cib	189	Picture	22	6567542	0	1	3154	2	0	3000
cib	189	Response	1	6571036	3494	1
cib	190	Picture	22	6605881	0	1	3154	2	0	3000
cib	190	Response	1	6609819	3938	1
cib	191	Picture	22	6643556	0	1	3154	2	0	3000
cib	191	Response	1	6646659	3103	2
cib	192	Picture	22	6682393	0	1	3153	3	0	3000
cib	192	Response	1	6685501	3108	1
cib	193	Picture	33	6719072	0	2	3154	3	0	3000
cib	194	Picture	22	6751105	0	1	3153	2	0	3000
cib	194	Response	1	6754346	3241	1
cib	195	Picture	22	6786456	0	1	3153	3	0	3000
cib	195	Response	1	6789805	3349	1
cib	196	Picture	22	6821310	0	1	3153	2	0	3000
cib	196	Response	1	6824169	2859	1
cib	197	Picture	33	6851516	0	1	3154	2	0	3000
cib	198	Picture	22	6882884	0	2	3154	3	0	3000
cib	198	Response	1	6886123	3239	1
cib	199	Picture	22	6915912	0	2	3154	3	0	3000
cib	199	Response	1	6919873	3961	1
cib	200	Picture	22	6951098	0	1	3153	2	0	3000
cib	200	Response	1	6954448	3350	1
cib	201	Picture	22	6985620	0	1	3153	2	0	3000
cib	201	Response	1	6988842	3222	1
cib	202	Picture	22	7016158	0	1	3153	3	0	3000
cib	202	Response	1	7020239	4081	2
cib	203	Picture	33	7045701	0	1	3153	2	0	3000
cib	204	Picture	22	7080222	0	2	3154	3	0	3000
cib	204	Response	1	7083309	3087	1
cib	205	Picture	22	7119225	0	1	3154	2	0	3000
cib	205	Response	1	7122679	3454	1
cib	206	Picture	22	7153415	0	1	3153	3	0	3000
cib	206	Response	1	7157081	3666	2
cib	207	Picture	22	7181630	0	1	3153	2	0	3000
cib	207	Response	1	7184530	2900	1
cib	208	Picture	22	7212334	0	1	3154	2	0	3000
cib	208	Response	1	7215600	3266	2
cib	209	Picture	22	7244864	0	1	3154	2	0	3000
cib	209	Response	1	7248055	3191	1
cib	210	Picture	22	7273079	0	1	3153	3	0	3000
cib	210	Response	1	7277451	4372	1
cib	211	Picture	33	7310090	0	2	3154	3	0	3000
cib	212	Picture	22	7341790	0	2	3154	3	0	3000
cib	212	Response	1	7345087	3297	2
cib	213	Picture	22	7373657	0	1	3153	2	0	3000
cib	213	Response	1	7377277	3620	1
cib	214	Picture	22	7403033	0	2	3154	3	0	3000
cib	214	Response	1	7406317	3284	2
cib	215	Picture	22	7437057	0	1	3153	3	0	3000
cib	215	Response	1	7440417	3360	2
cib	216	Picture	22	7476558	0	1	3153	2	0	3000
cib	216	Response	1	7479909	3351	2
cib	217	Picture	22	7509088	0	1	3153	2	0	3000
cib	217	Response	1	7512747	3659	1
cib	218	Picture	22	7542780	0	1	3153	2	0	3000
cib	218	Response	1	7546614	3834	1
cib	219	Picture	33	7578131	0	2	3154	3	0	3000
cib	220	Picture	22	7607840	0	1	3153	2	0	3000
cib	220	Response	1	7610775	2935	2
cib	221	Picture	22	7638876	0	1	3154	2	0	3000
cib	221	Response	1	7642464	3588	1
cib	222	Picture	22	7672734	0	1	3153	2	0	3000
cib	222	Response	1	7675711	2977	1
cib	223	Picture	22	7710077	0	1	3154	2	0	3000
cib	223	Response	1	7713258	3181	1
cib	224	Picture	22	7739122	0	1	3153	2	0	3000
cib	224	Response	1	7742355	3233	1
cib	225	Picture	33	7774473	0	2	3154	3	0	3000
cib	226	Picture	22	7805842	0	1	3153	2	0	3000
cib	226	Response	1	7808989	3147	1
cib	227	Picture	33	7839202	0	1	3153	2	0	3000
cib	228	Picture	22	7871400	0	1	3153	2	0	3000
cib	228	Response	1	7874565	3165	2
cib	229	Picture	22	7899946	0	2	3154	3	0	3000
cib	229	Response	1	7904279	4333	2
cib	230	Picture	22	7932145	0	1	3153	2	0	3000
cib	230	Response	1	7935349	3204	1
cib	231	Picture	33	7966002	0	2	3154	3	0	3000
cib	232	Picture	22	8005337	0	1	3154	2	0	3000
cib	232	Response	1	8008934	3597	1
cib	233	Picture	22	8033718	0	1	3153	3	0	3000
cib	233	Response	1	8038211	4493	2
cib	234	Picture	22	8061933	0	1	3153	2	0	3000
cib	234	Response	1	8066401	4468	1
cib	235	Picture	33	8100770	0	1	3153	2	0	3000
cib	236	Picture	22	8136951	0	1	3154	2	0	3000
cib	236	Response	1	8140025	3074	2
cib	237	Picture	22	8165332	0	1	3153	2	0	3000
cib	237	Response	1	8168892	3560	1
cib	238	Picture	22	8194045	0	1	3153	2	0	3000
cib	238	Response	1	8198993	4948	2
cib	239	Picture	33	8233379	0	2	3154	3	0	3000
cib	240	Picture	22	8261428	0	2	3154	3	0	3000
cib	240	Response	1	8264517	3089	1
cib	241	Picture	22	8289643	0	1	3154	2	0	3000
cib	241	Response	1	8293853	4210	2
cib	242	Picture	22	8325161	0	1	3153	2	0	3000
cib	242	Response	1	8328903	3742	1
cib	243	Picture	33	8354869	0	2	3154	3	0	3000
cib	244	Picture	22	8383416	0	1	3153	3	0	3000
cib	244	Response	1	8387181	3765	1
cib	245	Picture	22	8414452	0	2	3154	3	0	3000
cib	245	Response	1	8418399	3947	1
cib	246	Picture	22	8451464	0	1	3153	2	0	3000
cib	246	Response	1	8454914	3450	1
cib	247	Picture	33	8487977	0	1	3153	2	0	3000
cib	248	Picture	22	8518847	0	2	3154	3	0	3000
cib	248	Response	1	8522193	3346	2
cib	249	Picture	22	8550713	0	2	3154	3	0	3000
cib	249	Response	1	8555557	4844	2
cib	250	Picture	22	8584073	0	2	3154	3	0	3000
cib	250	Response	1	8587655	3582	1
cib	251	Picture	33	8622246	0	2	3154	3	0	3000
cib	252	Picture	22	8660419	0	2	3154	3	0	3000
cib	252	Response	1	8664511	4092	1
cib	253	Picture	33	8692617	0	2	3154	3	0	3000
cib	254	Picture	22	8728799	0	1	3153	2	0	3000
cib	254	Response	1	8732320	3521	2
cib	255	Picture	22	8767636	0	1	3153	2	0	3000
cib	255	Response	1	8771014	3378	1
cib	256	Picture	22	8802489	0	2	3154	3	0	3000
cib	256	Response	1	8805816	3327	1
cib	257	Picture	33	8835849	0	2	3154	3	0	3000
cib	258	Picture	22	8871201	0	1	3153	2	0	3000
cib	258	Response	1	8874157	2956	1
cib	259	Picture	33	8904229	0	1	3153	2	0	3000
cib	260	Picture	22	8933273	0	2	3154	3	0	3000
cib	260	Response	1	8936284	3011	1
cib	261	Picture	22	8966965	0	2	3154	3	0	3000
cib	261	Response	1	8970411	3446	1
cib	262	Picture	22	9003479	0	1	3153	2	0	3000
cib	262	Response	1	9006833	3354	9
cib	263	Picture	22	9033353	0	1	3154	2	0	3000
cib	263	Response	1	9037167	3814	1
cib	264	Picture	22	9066049	0	1	3154	2	0	3000
cib	264	Response	1	9069526	3477	1
cib	265	Picture	22	9099077	0	1	3154	2	0	3000
cib	265	Response	1	9102657	3580	2
cib	266	Picture	22	9138744	0	1	3153	2	0	3000
cib	266	Response	1	9142174	3430	1
cib	267	Picture	33	9178411	0	1	3153	2	0	3000
cib	268	Picture	22	9214260	0	1	3154	2	0	3000
cib	268	Response	1	9217469	3209	1
cib	269	Picture	22	9248118	0	1	3153	2	0	3000
cib	269	Response	1	9251983	3865	1
cib	270	Picture	22	9276333	0	1	3153	2	0	3000
cib	270	Response	1	9280107	3774	1
cib	271	Picture	33	9315004	0	1	3153	2	0	3000
cib	272	Picture	22	9347534	0	1	3153	2	0	3000
cib	272	Response	1	9350801	3267	1
cib	273	Picture	33	9380562	0	1	3153	2	0	3000
cib	274	Picture	22	9420394	0	2	3154	3	0	3000
cib	274	Response	1	9424381	3987	1
cib	275	Picture	22	9448775	0	1	3154	2	0	3000
cib	275	Response	1	9452213	3438	2
cib	276	Picture	22	9487612	0	1	3154	2	0	3000
cib	276	Response	1	9491200	3588	2
cib	277	Picture	22	9524789	0	2	3154	3	0	3000
cib	277	Response	1	9528716	3927	1
cib	278	Picture	22	9557983	0	2	3154	3	0	3000
cib	278	Response	1	9561726	3743	1
cib	279	Picture	33	9593169	0	1	3153	2	0	3000
cib	280	Picture	22	9625699	0	1	3153	2	0	3000
cib	280	Response	1	9629213	3514	2
cib	281	Picture	22	9661714	0	2	3154	3	0	3000
cib	281	Response	1	9665850	4136	2
cib	282	Picture	22	9692585	0	1	3153	2	0	3000
cib	282	Response	1	9695477	2892	1
cib	283	Picture	22	9726608	0	2	3154	3	0	3000
cib	283	Response	1	9729786	3178	1
cib	284	Picture	22	9755985	0	1	3153	3	0	3000
cib	284	Response	1	9759324	3339	1
cib	285	Picture	33	9790507	0	1	3153	2	0	3000
cib	286	Picture	22	9824531	0	1	3153	2	0	3000
cib	286	Response	1	9828050	3519	1
cib	287	Picture	22	9862206	0	1	3153	2	0	3000
cib	287	Response	1	9866423	4217	1
cib	288	Picture	22	9897889	0	1	3153	3	0	3000
cib	288	Response	1	9901731	3842	1
cib	289	Picture	22	9936394	0	1	3153	3	0	3000
cib	289	Response	1	9939837	3443	1
cib	290	Picture	22	9970750	0	1	3153	2	0	3000
cib	290	Response	1	9974672	3922	1
cib	291	Picture	33	10000624	0	2	3154	3	0	3000
cib	292	Picture	22	10039627	0	1	3154	2	0	3000
cib	292	Response	1	10043103	3476	1
cib	293	Picture	22	10071659	0	2	3154	3	0	3000
cib	293	Response	1	10075440	3781	2
cib	294	Picture	22	10103360	0	1	3153	2	0	3000
cib	294	Response	1	10107040	3680	1
cib	295	Picture	22	10143524	0	1	3154	2	0	3000
cib	295	Response	1	10147058	3534	1
cib	296	Picture	22	10181199	0	2	3154	3	0	3000
cib	296	Response	1	10184928	3729	1
cib	297	Picture	33	10209414	0	1	3154	2	0	3000
cib	298	Picture	22	10246093	0	2	3154	3	0	3000
cib	298	Response	1	10249060	2967	1
cib	299	Picture	22	10285096	0	2	3154	3	0	3000
cib	299	Response	1	10288671	3575	1
cib	300	Picture	22	10323103	0	2	3154	3	0	3000
cib	300	Response	1	10326954	3851	1
cib	301	Picture	33	10352480	0	1	3153	3	0	3000
cib	302	Picture	22	10387002	0	1	3153	2	0	3000
cib	302	Response	1	10390056	3054	1
cib	303	Picture	33	10421523	0	2	3154	3	0	3000


Event Type	Code	Type	Response	RT	RT Uncertainty	Time	Uncertainty	Duration	Uncertainty	ReqTime	ReqDur

Picture	22	miss				289	2	3154	3	0	3000
Picture	22	hit	1	3469	3	34147	2	3154	3	0	3000
Picture	22	hit	1	4747	2	72652	1	3154	2	0	3000
Picture	22	hit	1	3296	4	111323	2	3154	3	0	3000
Picture	22	hit	1	3078	3	148002	2	3154	3	0	3000
Picture	33	miss				180201	1	3153	2	0	3000
Picture	22	hit	1	3089	2	216548	1	3153	2	0	3000
Picture	22	hit	1	3195	3	254057	1	3153	3	0	3000
Picture	22	hit	1	3428	2	283102	1	3153	2	0	3000
Picture	22	hit	1	2904	4	317789	2	3154	3	0	3000
Picture	22	hit	1	3791	2	353307	1	3153	2	0	3000
Picture	33	miss				382020	1	3153	2	0	3000
Picture	22	hit	1	2844	2	420193	1	3153	2	0	3000
Picture	22	hit	1	3446	3	459029	2	3154	3	0	3000
Picture	22	hit	1	3615	2	496705	1	3153	2	0	3000
Picture	33	miss				533716	1	3153	2	0	3000
Picture	22	hit	1	3280	2	570395	1	3154	2	0	3000
Picture	22	hit	1	3372	2	600934	1	3153	2	0	3000
Picture	22	hit	1	4847	2	632800	1	3153	2	0	3000
Picture	22	hit	1	2975	4	661512	2	3154	3	0	3000
Picture	22	hit	1	3030	2	693711	1	3153	2	0	3000
Picture	33	miss				725079	1	3153	2	0	3000
Picture	22	hit	1	3996	3	760596	2	3154	3	0	3000
Picture	22	hit	1	3376	3	793790	1	3154	2	0	3000
Picture	22	hit	1	3896	2	831797	1	3154	2	0	3000
Picture	22	hit	1	3549	3	864161	2	3154	3	0	3000
Picture	22	hit	1	3332	2	898517	1	3154	2	0	3000
Picture	22	hit	1	2936	2	937022	1	3153	3	0	3000
Picture	22	hit	1	3176	3	965735	1	3153	2	0	3000
Picture	33	miss				999759	1	3153	2	0	3000
Picture	22	hit	1	2980	3	1028305	2	3154	3	0	3000
Picture	22	hit	1	3871	3	1066644	2	3154	3	0	3000
Picture	22	hit	1	3663	2	1095689	1	3153	3	0	3000
Picture	22	hit	1	3561	4	1135024	2	3153	3	0	3000
Picture	22	hit	1	2833	3	1170541	2	3154	3	0	3000
Picture	22	hit	1	3170	2	1209378	1	3154	2	0	3000
Picture	22	hit	1	3246	2	1244232	1	3153	2	0	3000
Picture	33	miss				1282405	1	3153	2	0	3000
Picture	22	hit	1	2925	2	1313109	1	3154	2	0	3000
Picture	22	hit	1	4168	3	1345971	1	3154	2	0	3000
Picture	22	hit	1	4512	3	1385472	1	3153	3	0	3000
Picture	33	miss				1416010	2	3154	3	0	3000
Picture	22	hit	1	2849	2	1447213	1	3153	2	0	3000
Picture	22	hit	1	4175	4	1475759	2	3154	3	0	3000
Picture	22	hit	1	3241	3	1503974	2	3154	3	0	3000
Picture	33	miss				1542977	1	3154	2	0	3000
Picture	22	hit	1	2796	3	1575009	2	3154	3	0	3000
Picture	22	hit	1	3777	4	1612850	2	3154	3	0	3000
Picture	22	hit	1	4023	2	1642061	1	3153	3	0	3000
Picture	22	hit	1	3911	2	1673927	1	3154	2	0	3000
Picture	22	hit	1	3421	3	1707287	1	3154	2	0	3000
Picture	33	miss				1743966	2	3154	3	0	3000
Picture	22	hit	1	3626	3	1776496	2	3154	3	0	3000
Picture	22	hit	1	4377	2	1810354	1	3154	2	0	3000
Picture	22	hit	1	5281	4	1847531	2	3154	3	0	3000
Picture	22	hit	1	3534	4	1886534	2	3154	3	0	3000
Picture	22	hit	1	3578	2	1926367	1	3153	3	0	3000
Picture	33	miss				1959561	1	3153	3	0	3000
Picture	22	hit	1	3394	2	1994249	1	3153	2	0	3000
Picture	22	hit	1	3893	4	2032919	2	3154	3	0	3000
Picture	22	hit	1	4395	3	2072586	2	3154	3	0	3000
Picture	22	hit	1	4223	4	2109597	2	3154	3	0	3000
Picture	22	hit	1	4357	2	2142128	1	3153	2	0	3000
Picture	33	miss				2172334	1	3153	3	0	3000
Picture	22	hit	1	3948	3	2204200	1	3154	2	0	3000
Picture	22	hit	1	5228	2	2238556	1	3153	2	0	3000
Picture	22	hit	1	3270	2	2276065	1	3153	3	0	3000
Picture	22	hit	1	3354	2	2314238	1	3153	3	0	3000
Picture	22	hit	1	3213	2	2348926	1	3153	2	0	3000
Picture	33	miss				2382452	1	3153	2	0	3000
Picture	22	hit	1	3373	4	2416143	2	3154	3	0	3000
Picture	33	miss				2446184	1	3153	2	0	3000
Picture	22	hit	1	2865	4	2476224	2	3154	3	0	3000
Picture	22	hit	1	4920	2	2507925	1	3153	2	0	3000
Picture	22	hit	1	4831	3	2540621	1	3153	2	0	3000
Picture	22	hit	1	4621	2	2579292	1	3153	2	0	3000
Picture	22	hit	1	3627	2	2610328	1	3153	2	0	3000
Picture	22	hit	1	3677	2	2643854	1	3153	2	0	3000
Picture	22	hit	1	3603	3	2676716	1	3153	2	0	3000
Picture	33	miss				2706258	2	3154	3	0	3000
Picture	22	hit	1	3841	3	2743104	1	3153	2	0	3000
Picture	22	hit	1	4290	3	2776795	2	3154	3	0	3000
Picture	22	hit	1	3873	3	2815798	2	3154	3	0	3000
Picture	22	hit	1	4078	2	2844013	1	3154	2	0	3000
Picture	22	hit	1	4305	3	2875713	2	3154	3	0	3000
Picture	33	miss				2904260	1	3153	3	0	3000
Picture	22	hit	1	2995	2	2943429	1	3153	2	0	3000
Picture	22	hit	1	3909	2	2977619	1	3153	2	0	3000
Picture	22	hit	1	3205	3	3011808	2	3154	3	0	3000
Picture	22	hit	1	2961	2	3049484	1	3153	2	0	3000
Picture	22	hit	1	2837	3	3084005	2	3154	3	0	3000
Picture	33	miss				3114710	1	3153	2	0	3000
Picture	22	hit	1	2817	3	3148899	2	3154	3	0	3000
Picture	22	hit	1	3005	3	3186906	2	3154	3	0	3000
Picture	22	hit	1	3712	2	3222424	1	3153	2	0	3000
Picture	33	hit	1	2896	3	3258937	2	3154	3	0	3000
Picture	22	hit	1	4055	3	3294787	1	3153	2	0	3000
Picture	22	hit	1	3238	3	3334453	2	3154	3	0	3000
Picture	22	hit	1	3399	2	3365158	1	3153	2	0	3000
Picture	22	hit	1	3261	3	3399016	1	3153	2	0	3000
Picture	22	hit	1	3382	2	3430882	1	3153	2	0	3000
Picture	22	hit	1	4437	2	3469055	1	3153	2	0	3000
Picture	22	hit	1	3686	2	3499759	1	3154	2	0	3000
Picture	33	miss				3531293	2	3154	3	0	3000
Picture	22	hit	1	2896	4	3569134	2	3154	3	0	3000
Picture	22	hit	1	3847	2	3601167	1	3153	2	0	3000
Picture	22	hit	1	3981	3	3640501	2	3154	3	0	3000
Picture	22	hit	1	3064	3	3669546	1	3154	2	0	3000
Picture	22	hit	1	3101	3	3707387	2	3154	3	0	3000
Picture	33	miss				3738755	2	3154	3	0	3000
Picture	22	hit	1	3162	4	3777260	2	3154	3	0	3000
Picture	22	hit	1	3755	4	3805475	2	3154	3	0	3000
Picture	22	hit	1	3567	3	3840827	1	3153	2	0	3000
Picture	33	miss				3873025	1	3153	2	0	3000
Picture	22	hit	1	3172	2	3907215	1	3153	2	0	3000
Picture	22	hit	1	3554	3	3939081	1	3153	2	0	3000
Picture	22	hit	1	4481	3	3968457	2	3154	3	0	3000
Picture	22	hit	1	4900	3	3996838	2	3154	3	0	3000
Picture	22	hit	1	4071	3	4032356	1	3153	2	0	3000
Picture	22	hit	1	4168	2	4068537	1	3154	2	0	3000
Picture	22	hit	1	4332	2	4097914	1	3153	2	0	3000
Picture	33	miss				4130278	1	3153	2	0	3000
Picture	22	hit	1	3165	3	4166127	2	3154	3	0	3000
Picture	22	hit	1	3681	2	4196500	1	3153	2	0	3000
Picture	22	hit	1	3387	2	4232515	1	3154	2	0	3000
Picture	22	hit	1	4202	2	4261560	1	3153	2	0	3000
Picture	22	hit	1	3333	3	4291434	2	3154	3	0	3000
Picture	33	miss				4329773	2	3154	3	0	3000
Picture	22	hit	1	3092	3	4361640	1	3153	2	0	3000
Picture	22	hit	1	4545	2	4396327	1	3154	2	0	3000
Picture	22	hit	1	3062	2	4435828	1	3153	3	0	3000
Picture	33	miss				4465703	1	3153	2	0	3000
Picture	22	hit	1	2963	2	4495909	1	3153	3	0	3000
Picture	22	hit	1	3580	3	4533750	1	3153	3	0	3000
Picture	22	hit	1	4151	3	4570429	2	3154	3	0	3000
Picture	22	hit	1	4042	3	4604287	1	3154	2	0	3000
Picture	22	hit	1	3683	2	4636983	1	3154	2	0	3000
Picture	22	hit	1	4348	3	4674658	2	3154	3	0	3000
Picture	22	hit	1	3685	3	4712167	2	3154	3	0	3000
Picture	33	miss				4741710	1	3153	3	0	3000
Picture	22	hit	1	3183	3	4774240	1	3154	2	0	3000
Picture	33	miss				4805276	2	3154	3	0	3000
Picture	22	hit	1	3067	2	4840462	1	3153	3	0	3000
Picture	22	hit	1	4853	2	4872162	1	3154	2	0	3000
Picture	22	hit	1	3503	4	4908675	2	3154	3	0	3000
Picture	22	hit	1	3710	2	4941040	1	3153	2	0	3000
Picture	22	hit	1	4540	3	4980374	2	3154	3	0	3000
Picture	33	miss				5009917	1	3153	2	0	3000
Picture	22	hit	1	3135	3	5044937	1	3153	2	0	3000
Picture	22	hit	1	4267	3	5079292	2	3154	3	0	3000
Picture	22	hit	1	3767	2	5108005	1	3153	3	0	3000
Picture	33	miss				5136054	1	3153	2	0	3000
Picture	22	miss				5444094	1	3153	2	0	3000
Picture	22	hit	1	3178	2	5473470	1	3154	2	0	3000
Picture	22	hit	1	3319	2	5512141	1	3154	2	0	3000
Picture	22	hit	1	2946	3	5540522	1	3153	2	0	3000
Picture	22	hit	1	2870	3	5580355	1	3153	2	0	3000
Picture	22	hit	1	2934	2	5618196	1	3153	2	0	3000
Picture	22	hit	1	3498	2	5651556	1	3153	2	0	3000
Picture	33	miss				5680434	2	3154	3	0	3000
Picture	22	hit	1	2799	2	5715122	1	3153	3	0	3000
Picture	33	miss				5748150	1	3153	2	0	3000
Picture	22	hit	1	3027	3	5779850	1	3154	2	0	3000
Picture	22	hit	1	3271	2	5817857	1	3154	2	0	3000
Picture	22	hit	1	3573	2	5857192	1	3153	3	0	3000
Picture	22	hit	1	3401	2	5886901	1	3153	2	0	3000
Picture	22	hit	1	2940	2	5922584	1	3153	3	0	3000
Picture	22	hit	1	3482	4	5953786	2	3154	3	0	3000
Picture	22	hit	1	3159	2	5989304	1	3153	2	0	3000
Picture	33	miss				6024821	2	3154	3	0	3000
Picture	22	hit	1	3150	2	6053036	1	3154	2	0	3000
Picture	22	hit	1	3787	2	6082911	1	3153	2	0	3000
Picture	22	hit	1	3937	2	6119424	1	3153	3	0	3000
Picture	22	hit	1	4446	3	6155107	2	3154	3	0	3000
Picture	22	hit	1	3122	2	6191621	1	3153	2	0	3000
Picture	33	miss				6228632	1	3153	3	0	3000
Picture	22	hit	1	3788	4	6261328	1	3153	3	0	3000
Picture	22	hit	1	2972	2	6299667	1	3153	3	0	3000
Picture	22	hit	1	3978	4	6330703	2	3154	3	0	3000
Picture	33	miss				6369872	1	3154	2	0	3000
Picture	22	hit	1	3319	2	6405390	1	3153	2	0	3000
Picture	33	miss				6434268	2	3154	3	0	3000
Picture	22	hit	1	3140	3	6462815	1	3154	2	0	3000
Picture	22	hit	1	4074	2	6496341	1	3153	3	0	3000
Picture	22	hit	1	4380	3	6528871	1	3154	2	0	3000
Picture	22	hit	1	3494	2	6567542	1	3154	2	0	3000
Picture	22	hit	1	3938	2	6605881	1	3154	2	0	3000
Picture	22	hit	1	3103	3	6643556	1	3154	2	0	3000
Picture	22	hit	1	3108	2	6682393	1	3153	3	0	3000
Picture	33	miss				6719072	2	3154	3	0	3000
Picture	22	hit	1	3241	2	6751105	1	3153	2	0	3000
Picture	22	hit	1	3349	2	6786456	1	3153	3	0	3000
Picture	22	hit	1	2859	2	6821310	1	3153	2	0	3000
Picture	33	miss				6851516	1	3154	2	0	3000
Picture	22	hit	1	3239	3	6882884	2	3154	3	0	3000
Picture	22	hit	1	3961	3	6915912	2	3154	3	0	3000
Picture	22	hit	1	3350	2	6951098	1	3153	2	0	3000
Picture	22	hit	1	3222	2	6985620	1	3153	2	0	3000
Picture	22	hit	1	4081	3	7016158	1	3153	3	0	3000
Picture	33	miss				7045701	1	3153	2	0	3000
Picture	22	hit	1	3087	3	7080222	2	3154	3	0	3000
Picture	22	hit	1	3454	2	7119225	1	3154	2	0	3000
Picture	22	hit	1	3666	3	7153415	1	3153	3	0	3000
Picture	22	hit	1	2900	2	7181630	1	3153	2	0	3000
Picture	22	hit	1	3266	3	7212334	1	3154	2	0	3000
Picture	22	hit	1	3191	2	7244864	1	3154	2	0	3000
Picture	22	hit	1	4372	2	7273079	1	3153	3	0	3000
Picture	33	miss				7310090	2	3154	3	0	3000
Picture	22	hit	1	3297	4	7341790	2	3154	3	0	3000
Picture	22	hit	1	3620	2	7373657	1	3153	2	0	3000
Picture	22	hit	1	3284	4	7403033	2	3154	3	0	3000
Picture	22	hit	1	3360	3	7437057	1	3153	3	0	3000
Picture	22	hit	1	3351	3	7476558	1	3153	2	0	3000
Picture	22	hit	1	3659	2	7509088	1	3153	2	0	3000
Picture	22	hit	1	3834	2	7542780	1	3153	2	0	3000
Picture	33	miss				7578131	2	3154	3	0	3000
Picture	22	hit	1	2935	3	7607840	1	3153	2	0	3000
Picture	22	hit	1	3588	2	7638876	1	3154	2	0	3000
Picture	22	hit	1	2977	2	7672734	1	3153	2	0	3000
Picture	22	hit	1	3181	2	7710077	1	3154	2	0	3000
Picture	22	hit	1	3233	2	7739122	1	3153	2	0	3000
Picture	33	miss				7774473	2	3154	3	0	3000
Picture	22	hit	1	3147	2	7805842	1	3153	2	0	3000
Picture	33	miss				7839202	1	3153	2	0	3000
Picture	22	hit	1	3165	3	7871400	1	3153	2	0	3000
Picture	22	hit	1	4333	4	7899946	2	3154	3	0	3000
Picture	22	hit	1	3204	2	7932145	1	3153	2	0	3000
Picture	33	miss				7966002	2	3154	3	0	3000
Picture	22	hit	1	3597	2	8005337	1	3154	2	0	3000
Picture	22	hit	1	4493	3	8033718	1	3153	3	0	3000
Picture	22	hit	1	4468	2	8061933	1	3153	2	0	3000
Picture	33	miss				8100770	1	3153	2	0	3000
Picture	22	hit	1	3074	3	8136951	1	3154	2	0	3000
Picture	22	hit	1	3560	2	8165332	1	3153	2	0	3000
Picture	22	hit	1	4948	3	8194045	1	3153	2	0	3000
Picture	33	miss				8233379	2	3154	3	0	3000
Picture	22	hit	1	3089	3	8261428	2	3154	3	0	3000
Picture	22	hit	1	4210	3	8289643	1	3154	2	0	3000
Picture	22	hit	1	3742	2	8325161	1	3153	2	0	3000
Picture	33	miss				8354869	2	3154	3	0	3000
Picture	22	hit	1	3765	2	8383416	1	3153	3	0	3000
Picture	22	hit	1	3947	3	8414452	2	3154	3	0	3000
Picture	22	hit	1	3450	2	8451464	1	3153	2	0	3000
Picture	33	miss				8487977	1	3153	2	0	3000
Picture	22	hit	1	3346	4	8518847	2	3154	3	0	3000
Picture	22	hit	1	4844	4	8550713	2	3154	3	0	3000
Picture	22	hit	1	3582	3	8584073	2	3154	3	0	3000
Picture	33	miss				8622246	2	3154	3	0	3000
Picture	22	hit	1	4092	3	8660419	2	3154	3	0	3000
Picture	33	miss				8692617	2	3154	3	0	3000
Picture	22	hit	1	3521	3	8728799	1	3153	2	0	3000
Picture	22	hit	1	3378	2	8767636	1	3153	2	0	3000
Picture	22	hit	1	3327	3	8802489	2	3154	3	0	3000
Picture	33	miss				8835849	2	3154	3	0	3000
Picture	22	hit	1	2956	2	8871201	1	3153	2	0	3000
Picture	33	miss				8904229	1	3153	2	0	3000
Picture	22	hit	1	3011	3	8933273	2	3154	3	0	3000
Picture	22	hit	1	3446	3	8966965	2	3154	3	0	3000
Picture	22	hit	1	3354	10	9003479	1	3153	2	0	3000
Picture	22	hit	1	3814	2	9033353	1	3154	2	0	3000
Picture	22	hit	1	3477	2	9066049	1	3154	2	0	3000
Picture	22	hit	1	3580	3	9099077	1	3154	2	0	3000
Picture	22	hit	1	3430	2	9138744	1	3153	2	0	3000
Picture	33	miss				9178411	1	3153	2	0	3000
Picture	22	hit	1	3209	2	9214260	1	3154	2	0	3000
Picture	22	hit	1	3865	2	9248118	1	3153	2	0	3000
Picture	22	hit	1	3774	2	9276333	1	3153	2	0	3000
Picture	33	miss				9315004	1	3153	2	0	3000
Picture	22	hit	1	3267	2	9347534	1	3153	2	0	3000
Picture	33	miss				9380562	1	3153	2	0	3000
Picture	22	hit	1	3987	3	9420394	2	3154	3	0	3000
Picture	22	hit	1	3438	3	9448775	1	3154	2	0	3000
Picture	22	hit	1	3588	3	9487612	1	3154	2	0	3000
Picture	22	hit	1	3927	3	9524789	2	3154	3	0	3000
Picture	22	hit	1	3743	3	9557983	2	3154	3	0	3000
Picture	33	miss				9593169	1	3153	2	0	3000
Picture	22	hit	1	3514	3	9625699	1	3153	2	0	3000
Picture	22	hit	1	4136	4	9661714	2	3154	3	0	3000
Picture	22	hit	1	2892	2	9692585	1	3153	2	0	3000
Picture	22	hit	1	3178	3	9726608	2	3154	3	0	3000
Picture	22	hit	1	3339	2	9755985	1	3153	3	0	3000
Picture	33	miss				9790507	1	3153	2	0	3000
Picture	22	hit	1	3519	2	9824531	1	3153	2	0	3000
Picture	22	hit	1	4217	2	9862206	1	3153	2	0	3000
Picture	22	hit	1	3842	2	9897889	1	3153	3	0	3000
Picture	22	hit	1	3443	2	9936394	1	3153	3	0	3000
Picture	22	hit	1	3922	2	9970750	1	3153	2	0	3000
Picture	33	miss				10000624	2	3154	3	0	3000
Picture	22	hit	1	3476	2	10039627	1	3154	2	0	3000
Picture	22	hit	1	3781	4	10071659	2	3154	3	0	3000
Picture	22	hit	1	3680	2	10103360	1	3153	2	0	3000
Picture	22	hit	1	3534	2	10143524	1	3154	2	0	3000
Picture	22	hit	1	3729	3	10181199	2	3154	3	0	3000
Picture	33	miss				10209414	1	3154	2	0	3000
Picture	22	hit	1	2967	3	10246093	2	3154	3	0	3000
Picture	22	hit	1	3575	3	10285096	2	3154	3	0	3000
Picture	22	hit	1	3851	3	10323103	2	3154	3	0	3000
Picture	33	miss				10352480	1	3153	3	0	3000
Picture	22	hit	1	3054	2	10387002	1	3153	2	0	3000
Picture	33	miss				10421523	2	3154	3	0	3000
