Scenario - GO/NO-GO
Logfile written - 12/22/2011 13:02:19

Subject	Trial	Event Type	Code	Time	TTime	Uncertainty	Duration	Uncertainty	ReqTime	ReqDur

cib	2	Picture	22	289	0	2	3154	3	0	3000
cib	2	Response	1	3344	3055	1
cib	3	Picture	22	8920	0	1	3153	2	0	3000
cib	3	Response	1	14835	5915	1
cib	4	Picture	22	18048	0	1	3154	2	0	3000
cib	4	Response	1	21318	3270	1
cib	5	Picture	22	28172	0	2	3154	3	0	3000
cib	5	Response	1	30684	2512	1
cib	6	Picture	22	38628	0	2	3154	3	0	3000
cib	6	Response	1	41051	2423	1
cib	7	Picture	33	46927	0	1	3153	3	0	3000
cib	8	Picture	22	56553	0	1	3154	2	0	3000
cib	8	Response	1	58898	2345	1
cib	9	Picture	33	66345	0	2	3154	3	0	3000
cib	10	Picture	22	75640	0	1	3153	2	0	3000
cib	10	Response	1	78305	2665	1
cib	11	Picture	22	83938	0	1	3154	2	0	3000
cib	11	Response	1	88291	4353	1
cib	12	Picture	22	94394	0	2	3154	3	0	3000
cib	12	Response	1	97599	3205	1
cib	13	Picture	22	102859	0	1	3153	2	0	3000
cib	13	Response	1	106168	3309	2
cib	14	Picture	22	111821	0	1	3154	2	0	3000
cib	14	Response	1	114829	3008	1
cib	15	Picture	33	120286	0	1	3153	2	0	3000
cib	16	Picture	22	128418	0	1	3153	3	0	3000
cib	16	Response	1	131501	3083	1
cib	17	Picture	22	137878	0	2	3154	3	0	3000
cib	17	Response	1	141014	3136	2
cib	18	Picture	22	148168	0	2	3154	3	0	3000
cib	18	Response	1	151153	2985	1
cib	19	Picture	22	159122	0	2	3154	3	0	3000
cib	19	Response	1	162109	2987	1
cib	20	Picture	22	168251	0	1	3153	2	0	3000
cib	20	Response	1	171563	3312	1
cib	21	Picture	22	178873	0	1	3153	2	0	3000
cib	21	Response	1	181993	3120	1
cib	22	Picture	22	189163	0	1	3153	2	0	3000
cib	22	Response	1	191854	2691	1
cib	23	Picture	33	198955	0	1	3154	2	0	3000
cib	24	Picture	22	207420	0	1	3153	2	0	3000
cib	24	Response	1	210140	2720	1
cib	25	Picture	22	215884	0	1	3153	3	0	3000
cib	25	Response	1	218975	3091	2
cib	26	Picture	22	225676	0	2	3154	3	0	3000
cib	26	Response	1	228138	2462	1
cib	27	Picture	22	236630	0	1	3154	2	0	3000
cib	27	Response	1	239095	2465	1
cib	28	Picture	22	246754	0	2	3154	3	0	3000
cib	28	Response	1	249963	3209	1
cib	29	Picture	22	257542	0	2	3154	3	0	3000
cib	29	Response	1	259948	2406	1
cib	30	Picture	22	267003	0	1	3153	2	0	3000
cib	30	Response	1	271901	4898	2
cib	31	Picture	33	277293	0	1	3153	2	0	3000
cib	32	Picture	22	287749	0	1	3153	2	0	3000
cib	32	Response	1	290371	2622	1
cib	33	Picture	22	298703	0	1	3153	2	0	3000
cib	33	Response	1	301270	2567	1
cib	34	Picture	22	308827	0	1	3153	3	0	3000
cib	34	Response	1	311401	2574	1
cib	35	Picture	22	317955	0	2	3154	3	0	3000
cib	35	Response	1	320769	2814	1
cib	36	Picture	22	328080	0	1	3153	2	0	3000
cib	36	Response	1	330697	2617	1
cib	37	Picture	33	337706	0	1	3153	2	0	3000
cib	37	Response	1	340210	2504	1
cib	38	Picture	22	346502	0	1	3154	2	0	3000
cib	38	Response	1	350435	3933	1
cib	39	Picture	22	356626	0	1	3154	2	0	3000
cib	39	Response	1	359717	3091	1
cib	40	Picture	22	365423	0	1	3153	2	0	3000
cib	40	Response	1	368672	3249	1
cib	41	Picture	33	374219	0	1	3153	3	0	3000
cib	42	Picture	22	382850	0	1	3153	2	0	3000
cib	42	Response	1	385756	2906	1
cib	43	Picture	22	391646	0	1	3153	2	0	3000
cib	43	Response	1	394449	2803	1
cib	44	Picture	22	402434	0	1	3153	2	0	3000
cib	44	Response	1	404967	2533	2
cib	45	Picture	22	412724	0	1	3153	3	0	3000
cib	45	Response	1	415097	2373	1
cib	46	Picture	22	422350	0	2	3154	3	0	3000
cib	46	Response	1	425881	3531	1
cib	47	Picture	33	430649	0	1	3153	2	0	3000
cib	48	Picture	22	439777	0	1	3153	3	0	3000
cib	48	Response	1	442316	2539	1
cib	49	Picture	22	449735	0	2	3154	3	0	3000
cib	49	Response	1	452507	2772	1
cib	50	Picture	22	457868	0	1	3153	2	0	3000
cib	50	Response	1	463143	5275	1
cib	51	Picture	22	467162	0	1	3153	3	0	3000
cib	51	Response	1	472039	4877	1
cib	52	Picture	22	478116	0	1	3153	3	0	3000
cib	52	Response	1	482121	4005	1
cib	53	Picture	33	487078	0	2	3154	3	0	3000
cib	53	Response	1	495525	8447	1
cib	54	Picture	22	496705	0	1	3153	2	0	3000
cib	55	Picture	22	505335	0	1	3153	3	0	3000
cib	55	Response	1	507412	2077	2
cib	56	Picture	22	516123	0	1	3154	2	0	3000
cib	56	Response	1	518723	2600	1
cib	57	Picture	22	527077	0	1	3153	3	0	3000
cib	57	Response	1	529852	2775	2
cib	58	Picture	22	535542	0	1	3153	2	0	3000
cib	58	Response	1	538392	2850	1
cib	59	Picture	33	546496	0	1	3153	2	0	3000
cib	60	Picture	22	556952	0	1	3153	2	0	3000
cib	60	Response	1	559624	2672	1
cib	61	Picture	22	565582	0	1	3153	3	0	3000
cib	61	Response	1	568403	2821	1
cib	62	Picture	22	575540	0	1	3154	2	0	3000
cib	62	Response	1	578104	2564	1
cib	63	Picture	33	585332	0	2	3154	3	0	3000
cib	64	Picture	22	596120	0	2	3154	3	0	3000
cib	64	Response	1	598783	2663	1
cib	65	Picture	22	605415	0	1	3153	2	0	3000
cib	65	Response	1	608094	2679	1
cib	66	Picture	22	613879	0	1	3154	2	0	3000
cib	66	Response	1	616820	2941	1
cib	67	Picture	33	623671	0	2	3154	3	0	3000
cib	68	Picture	22	634128	0	1	3153	2	0	3000
cib	68	Response	1	636410	2282	1
cib	69	Picture	22	642592	0	1	3153	3	0	3000
cib	69	Response	1	645100	2508	2
cib	70	Picture	22	651720	0	2	3154	3	0	3000
cib	70	Response	1	654151	2431	1
cib	71	Picture	22	661015	0	1	3153	2	0	3000
cib	71	Response	1	665024	4009	1
cib	72	Picture	22	671803	0	1	3153	2	0	3000
cib	72	Response	1	674691	2888	1
cib	73	Picture	22	682591	0	1	3153	2	0	3000
cib	73	Response	1	685540	2949	1
cib	74	Picture	22	693047	0	1	3153	2	0	3000
cib	74	Response	1	696179	3132	1
cib	75	Picture	33	703337	0	1	3153	2	0	3000
cib	76	Picture	22	713129	0	1	3154	2	0	3000
cib	76	Response	1	716474	3345	1
cib	77	Picture	22	721428	0	1	3153	2	0	3000
cib	77	Response	1	725756	4328	1
cib	78	Picture	22	729560	0	1	3154	2	0	3000
cib	78	Response	1	733830	4270	2
cib	79	Picture	22	739850	0	1	3154	2	0	3000
cib	79	Response	1	743525	3675	1
cib	80	Picture	22	749642	0	2	3154	3	0	3000
cib	80	Response	1	753222	3580	2
cib	81	Picture	33	757941	0	1	3153	2	0	3000
cib	82	Picture	22	767235	0	1	3154	2	0	3000
cib	82	Response	1	770610	3375	1
cib	83	Picture	22	776695	0	2	3154	3	0	3000
cib	83	Response	1	780895	4200	2
cib	84	Picture	22	786986	0	1	3153	2	0	3000
cib	84	Response	1	791294	4308	1
cib	85	Picture	22	797110	0	1	3153	2	0	3000
cib	85	Response	1	800373	3263	1
cib	86	Picture	22	807068	0	1	3153	2	0	3000
cib	86	Response	1	810305	3237	1
cib	87	Picture	33	816860	0	1	3154	2	0	3000
cib	88	Picture	22	827814	0	1	3153	3	0	3000
cib	88	Response	1	830837	3023	1
cib	89	Picture	22	836776	0	2	3154	3	0	3000
cib	89	Response	1	840059	3283	1
cib	90	Picture	22	846901	0	1	3153	2	0	3000
cib	90	Response	1	850199	3298	1
cib	91	Picture	22	855531	0	1	3153	3	0	3000
cib	91	Response	1	860428	4897	1
cib	92	Picture	22	864659	0	2	3154	3	0	3000
cib	92	Response	1	870744	6085	2
cib	93	Picture	22	872792	0	1	3153	2	0	3000
cib	94	Picture	22	882750	0	1	3153	3	0	3000
cib	94	Response	1	885179	2429	1
cib	95	Picture	33	892044	0	2	3154	3	0	3000
cib	96	Picture	22	901007	0	1	3153	2	0	3000
cib	96	Response	1	903702	2695	1
cib	97	Picture	22	909471	0	1	3154	2	0	3000
cib	97	Response	1	911981	2510	1
cib	98	Picture	22	918102	0	1	3153	2	0	3000
cib	98	Response	1	920147	2045	1
cib	99	Picture	33	928890	0	1	3153	2	0	3000
cib	99	Response	1	930873	1983	1
cib	100	Picture	22	937354	0	1	3153	3	0	3000
cib	100	Response	1	945453	8099	1
cib	101	Picture	33	946814	0	2	3154	3	0	3000
cib	102	Picture	22	955943	0	1	3153	2	0	3000
cib	102	Response	1	958770	2827	1
cib	103	Picture	33	964739	0	1	3153	3	0	3000
cib	104	Picture	22	974863	0	1	3154	2	0	3000
cib	104	Response	1	977266	2403	1
cib	105	Picture	33	985651	0	1	3154	2	0	3000
cib	105	Response	1	988693	3042	1
cib	106	Picture	22	995111	0	2	3154	3	0	3000
cib	106	Response	1	1000080	4969	1
cib	107	Picture	22	1005070	0	1	3153	2	0	3000
cib	107	Response	1	1010241	5171	2
cib	108	Picture	22	1014032	0	1	3153	3	0	3000
cib	108	Response	1	1018229	4197	1
cib	109	Picture	33	1024488	0	1	3153	3	0	3000
cib	110	Picture	22	1034778	0	1	3154	2	0	3000
cib	110	Response	1	1037754	2976	1
cib	111	Picture	33	1044239	0	1	3153	2	0	3000
cib	112	Picture	22	1053865	0	1	3153	2	0	3000
cib	112	Response	1	1057222	3357	1
cib	113	Picture	22	1062827	0	1	3153	3	0	3000
cib	113	Response	1	1067033	4206	1
cib	114	Picture	22	1071457	0	2	3154	3	0	3000
cib	114	Response	1	1076196	4739	1
cib	115	Picture	33	1081084	0	1	3153	2	0	3000
cib	116	Picture	22	1090876	0	1	3153	3	0	3000
cib	116	Response	1	1093462	2586	1
cib	117	Picture	22	1099340	0	2	3154	3	0	3000
cib	117	Response	1	1104243	4903	1
cib	118	Picture	22	1110294	0	2	3154	3	0	3000
cib	118	Response	1	1113730	3436	2
cib	119	Picture	33	1121082	0	2	3154	3	0	3000
cib	120	Picture	22	1130875	0	1	3153	2	0	3000
cib	120	Response	1	1134202	3327	1
cib	121	Picture	22	1141497	0	1	3153	2	0	3000
cib	121	Response	1	1144658	3161	2
cib	122	Picture	22	1151787	0	1	3153	2	0	3000
cib	122	Response	1	1155853	4066	1
cib	123	Picture	22	1162741	0	1	3153	2	0	3000
cib	123	Response	1	1168020	5279	1
cib	124	Picture	22	1173363	0	1	3153	2	0	3000
cib	124	Response	1	1177978	4615	1
cib	125	Picture	33	1181495	0	2	3154	3	0	3000
cib	126	Picture	22	1191288	0	1	3153	2	0	3000
cib	126	Response	1	1193914	2626	1
cib	127	Picture	22	1201080	0	1	3153	2	0	3000
cib	127	Response	1	1204015	2935	1
cib	128	Picture	22	1211370	0	1	3153	2	0	3000
cib	128	Response	1	1214237	2867	1
cib	129	Picture	22	1221328	0	1	3154	2	0	3000
cib	129	Response	1	1224430	3102	1
cib	130	Picture	22	1229793	0	1	3153	2	0	3000
cib	130	Response	1	1233773	3980	1
cib	131	Picture	33	1238755	0	1	3153	2	0	3000
cib	132	Picture	22	1248049	0	1	3154	2	0	3000
cib	132	Response	1	1250538	2489	1
cib	133	Picture	22	1257675	0	2	3154	3	0	3000
cib	133	Response	1	1260055	2380	1
cib	134	Picture	22	1268132	0	1	3153	2	0	3000
cib	134	Response	1	1270813	2681	1
cib	135	Picture	22	1277924	0	1	3153	2	0	3000
cib	135	Response	1	1281452	3528	1
cib	136	Picture	22	1286222	0	1	3154	2	0	3000
cib	136	Response	1	1289972	3750	1
cib	137	Picture	33	1294687	0	1	3153	2	0	3000
cib	138	Picture	22	1303649	0	1	3153	3	0	3000
cib	138	Response	1	1306356	2707	2
cib	139	Picture	22	1312279	0	2	3154	3	0	3000
cib	139	Response	1	1315319	3040	1
cib	140	Picture	22	1320578	0	1	3153	2	0	3000
cib	140	Response	1	1324201	3623	1
cib	141	Picture	22	1331532	0	1	3153	2	0	3000
cib	141	Response	1	1334339	2807	2
cib	142	Picture	22	1339830	0	2	3154	3	0	3000
cib	142	Response	1	1344220	4390	1
cib	143	Picture	22	1349623	0	1	3153	2	0	3000
cib	143	Response	1	1353123	3500	1
cib	144	Picture	22	1359249	0	1	3153	2	0	3000
cib	144	Response	1	1362823	3574	1
cib	145	Picture	33	1369207	0	1	3153	3	0	3000
cib	146	Picture	22	1378667	0	2	3154	3	0	3000
cib	146	Response	1	1381358	2691	1
cib	147	Picture	22	1387298	0	1	3153	2	0	3000
cib	147	Response	1	1390382	3084	1
cib	148	Picture	22	1398418	0	1	3153	2	0	3000
cib	148	Response	1	1401618	3200	1
cib	149	Picture	33	1406716	0	1	3154	2	0	3000
cib	150	Picture	22	1417670	0	1	3154	2	0	3000
cib	150	Response	1	1419999	2329	2
cib	151	Picture	22	1426798	0	2	3154	3	0	3000
cib	151	Response	1	1429345	2547	1
cib	152	Picture	22	1436093	0	1	3153	2	0	3000
cib	152	Response	1	1440191	4098	1
cib	153	Picture	22	1446217	0	1	3153	3	0	3000
cib	153	Response	1	1449158	2941	2
cib	154	Picture	22	1455677	0	2	3154	3	0	3000
cib	154	Response	1	1459301	3624	1
cib	155	Picture	33	1465469	0	2	3154	3	0	3000
cib	156	Picture	22	1476423	0	2	3154	3	0	3000
cib	156	Response	1	1479189	2766	1
cib	157	Picture	22	1485220	0	1	3153	2	0	3000
cib	157	Response	1	1488502	3282	1
cib	158	Picture	22	1494514	0	1	3153	3	0	3000
cib	158	Response	1	1498054	3540	1
cib	159	Picture	22	1504804	0	2	3154	3	0	3000
cib	159	Response	1	1508463	3659	1
cib	160	Picture	22	1514264	0	2	3154	3	0	3000
cib	160	Response	1	1518073	3809	4
cib	161	Picture	33	1523393	0	1	3153	2	0	3000
cib	162	Picture	22	1532023	0	2	3154	3	0	3000
cib	162	Response	1	1535192	3169	1
cib	163	Picture	22	1541981	0	2	3154	3	0	3000
cib	163	Response	1	1545420	3439	1
cib	164	Picture	22	1550114	0	1	3153	2	0	3000
cib	164	Response	1	1554591	4477	1
cib	165	Picture	22	1561234	0	1	3153	2	0	3000
cib	165	Response	1	1564831	3597	1
cib	166	Picture	22	1572188	0	1	3153	2	0	3000
cib	166	Response	1	1574827	2639	1
cib	167	Picture	33	1581482	0	1	3153	3	0	3000
cib	167	Response	1	1584441	2959	1
cib	168	Picture	22	1589947	0	1	3153	2	0	3000
cib	168	Response	1	1594001	4054	1
cib	169	Picture	22	1600403	0	1	3153	2	0	3000
cib	169	Response	1	1603824	3421	1
cib	170	Picture	22	1611025	0	1	3153	2	0	3000
cib	170	Response	1	1614203	3178	1
cib	171	Picture	22	1620485	0	1	3153	3	0	3000
cib	171	Response	1	1623727	3242	2
cib	172	Picture	22	1629447	0	2	3154	3	0	3000
cib	172	Response	1	1632924	3477	1
cib	173	Picture	33	1638576	0	1	3153	2	0	3000
cib	174	Picture	22	1648368	0	1	3153	3	0	3000
cib	174	Response	1	1651339	2971	1
cib	175	Picture	22	1658326	0	1	3154	2	0	3000
cib	175	Response	1	1661065	2739	1
cib	176	Picture	22	1668948	0	1	3154	2	0	3000
cib	176	Response	1	1671737	2789	2
cib	177	Picture	33	1679072	0	2	3154	3	0	3000
cib	177	Response	1	1682502	3430	2
cib	178	Picture	22	1689694	0	2	3154	3	0	3000
cib	178	Response	1	1692967	3273	1
cib	179	Picture	22	1698989	0	1	3153	2	0	3000
cib	179	Response	1	1702994	4005	1
cib	180	Picture	22	1707785	0	1	3154	2	0	3000
cib	180	Response	1	1713722	5937	1
cib	181	Picture	33	1716084	0	1	3153	2	0	3000
cib	182	Picture	22	1724714	0	1	3153	3	0	3000
cib	182	Response	1	1727714	3000	2
cib	183	Picture	22	1734174	0	2	3154	3	0	3000
cib	183	Response	1	1737144	2970	2
cib	184	Picture	22	1744796	0	2	3154	3	0	3000
cib	184	Response	1	1747191	2395	1
cib	185	Picture	22	1754423	0	1	3153	2	0	3000
cib	185	Response	1	1757627	3204	1
cib	186	Picture	22	1763385	0	1	3153	2	0	3000
cib	186	Response	1	1766496	3111	2
cib	187	Picture	33	1772015	0	2	3154	3	0	3000
cib	188	Picture	22	1780148	0	1	3153	2	0	3000
cib	188	Response	1	1782877	2729	2
cib	189	Picture	33	1790272	0	1	3153	3	0	3000
cib	189	Response	1	1792783	2511	2
cib	190	Picture	22	1801060	0	1	3153	3	0	3000
cib	190	Response	1	1808679	7619	1
cib	191	Picture	22	1810520	0	2	3154	3	0	3000
cib	191	Response	1	1815812	5292	2
cib	192	Picture	22	1820313	0	1	3153	2	0	3000
cib	192	Response	1	1823657	3344	1
cib	193	Picture	33	1830105	0	1	3153	2	0	3000
cib	194	Picture	22	1838237	0	2	3154	3	0	3000
cib	194	Response	1	1840922	2685	1
cib	195	Picture	22	1848527	0	2	3154	3	0	3000
cib	195	Response	1	1851792	3265	1
cib	196	Picture	22	1859315	0	2	3154	3	0	3000
cib	196	Response	1	1861840	2525	1
cib	197	Picture	22	1869937	0	2	3154	3	0	3000
cib	197	Response	1	1873211	3274	1
cib	198	Picture	22	1879232	0	1	3153	2	0	3000
cib	198	Response	1	1882346	3114	1
cib	199	Picture	22	1889024	0	1	3153	2	0	3000
cib	199	Response	1	1891776	2752	2
cib	200	Picture	22	1898816	0	1	3154	2	0	3000
cib	200	Response	1	1901440	2624	1
cib	201	Picture	33	1907281	0	1	3153	2	0	3000
cib	202	Picture	22	1916907	0	1	3153	2	0	3000
cib	202	Response	1	1918935	2028	1
cib	203	Picture	22	1927031	0	1	3153	3	0	3000
cib	203	Response	1	1929426	2395	2
cib	204	Picture	22	1936491	0	2	3154	3	0	3000
cib	204	Response	1	1938823	2332	1
cib	205	Picture	22	1946117	0	2	3154	3	0	3000
cib	205	Response	1	1948106	1989	1
cib	206	Picture	22	1954416	0	1	3153	3	0	3000
cib	206	Response	1	1957420	3004	1
cib	207	Picture	22	1964374	0	1	3154	2	0	3000
cib	207	Response	1	1966910	2536	2
cib	208	Picture	22	1972673	0	1	3153	2	0	3000
cib	208	Response	1	1975811	3138	1
cib	209	Picture	33	1980971	0	1	3153	3	0	3000
cib	210	Picture	22	1990431	0	2	3154	3	0	3000
cib	210	Response	1	1991423	992	1
cib	211	Picture	22	2000887	0	2	3154	3	0	3000
cib	211	Response	1	2002893	2006	1
cib	212	Picture	22	2011012	0	1	3153	2	0	3000
cib	212	Response	1	2012942	1930	2
cib	213	Picture	33	2020306	0	1	3153	2	0	3000
cib	214	Picture	22	2028770	0	2	3154	3	0	3000
cib	214	Response	1	2031647	2877	1
cib	215	Picture	22	2039392	0	2	3154	3	0	3000
cib	215	Response	1	2042105	2713	1
cib	216	Picture	22	2049849	0	1	3153	2	0	3000
cib	216	Response	1	2052535	2686	1
cib	217	Picture	33	2059475	0	1	3153	2	0	3000
cib	217	Response	1	2061760	2285	1
cib	218	Picture	22	2068769	0	1	3153	3	0	3000
cib	218	Response	1	2072283	3514	1
cib	219	Picture	22	2077233	0	2	3154	3	0	3000
cib	219	Response	1	2081016	3783	1
cib	220	Picture	22	2085864	0	1	3153	3	0	3000
cib	220	Response	1	2089770	3906	1
cib	221	Picture	22	2095324	0	1	3154	2	0	3000
cib	221	Response	1	2099259	3935	1
cib	222	Picture	22	2106112	0	1	3154	2	0	3000
cib	222	Response	1	2108748	2636	1
cib	223	Picture	33	2116070	0	2	3154	3	0	3000
cib	223	Response	1	2118477	2407	1
cib	224	Picture	22	2125697	0	1	3153	2	0	3000
cib	224	Response	1	2128846	3149	2
cib	225	Picture	33	2135821	0	1	3153	2	0	3000
cib	226	Picture	22	2146443	0	1	3153	2	0	3000
cib	226	Response	1	2147644	1201	1
cib	227	Picture	22	2155073	0	2	3154	3	0	3000
cib	227	Response	1	2157518	2445	1
cib	228	Picture	22	2164865	0	2	3154	3	0	3000
cib	228	Response	1	2167626	2761	1
cib	229	Picture	22	2173330	0	1	3153	3	0	3000
cib	229	Response	1	2176528	3198	2
cib	230	Picture	22	2183122	0	1	3154	2	0	3000
cib	230	Response	1	2186408	3286	1
cib	231	Picture	33	2191919	0	1	3153	2	0	3000
cib	232	Picture	22	2200715	0	1	3153	2	0	3000
cib	232	Response	1	2203322	2607	1
cib	233	Picture	22	2211337	0	1	3153	2	0	3000
cib	233	Response	1	2214195	2858	1
cib	234	Picture	22	2220299	0	2	3154	3	0	3000
cib	234	Response	1	2223744	3445	1
cib	235	Picture	33	2229096	0	1	3153	2	0	3000
cib	236	Picture	22	2240050	0	1	3153	2	0	3000
cib	236	Response	1	2241073	1023	1
cib	237	Picture	22	2250838	0	1	3153	2	0	3000
cib	237	Response	1	2253841	3003	2
cib	238	Picture	22	2261294	0	1	3153	2	0	3000
cib	238	Response	1	2264391	3097	1
cib	239	Picture	22	2272248	0	1	3153	2	0	3000
cib	239	Response	1	2275355	3107	1
cib	240	Picture	22	2282040	0	1	3153	3	0	3000
cib	240	Response	1	2285996	3956	1
cib	241	Picture	33	2290504	0	2	3154	3	0	3000
cib	242	Picture	22	2299301	0	1	3153	2	0	3000
cib	242	Response	1	2301843	2542	1
cib	243	Picture	22	2309923	0	1	3153	2	0	3000
cib	243	Response	1	2312362	2439	2
cib	244	Picture	22	2318221	0	2	3154	3	0	3000
cib	244	Response	1	2322063	3842	1
cib	245	Picture	22	2327848	0	1	3153	2	0	3000
cib	245	Response	1	2332651	4803	1
cib	246	Picture	22	2336478	0	1	3154	2	0	3000
cib	246	Response	1	2341909	5431	2
cib	247	Picture	33	2346104	0	2	3154	3	0	3000
cib	248	Picture	22	2355731	0	1	3153	2	0	3000
cib	248	Response	1	2357949	2218	1
cib	249	Picture	22	2365357	0	1	3153	2	0	3000
cib	249	Response	1	2367557	2200	1
cib	250	Picture	22	2373655	0	2	3154	3	0	3000
cib	250	Response	1	2377169	3514	1
cib	251	Picture	22	2383115	0	2	3154	3	0	3000
cib	251	Response	1	2387339	4224	1
cib	252	Picture	22	2392410	0	1	3153	2	0	3000
cib	252	Response	1	2396303	3893	1
cib	253	Picture	22	2403364	0	1	3153	2	0	3000
cib	253	Response	1	2406797	3433	2
cib	254	Picture	22	2412492	0	1	3154	2	0	3000
cib	254	Response	1	2416318	3826	1
cib	255	Picture	33	2422948	0	2	3154	3	0	3000
cib	255	Response	1	2426283	3335	2
cib	256	Picture	22	2431745	0	1	3153	2	0	3000
cib	256	Response	1	2435342	3597	2
cib	257	Picture	22	2440043	0	1	3154	2	0	3000
cib	257	Response	1	2443741	3698	2
cib	258	Picture	22	2449006	0	1	3153	2	0	3000
cib	258	Response	1	2453116	4110	1
cib	259	Picture	22	2459296	0	1	3153	2	0	3000
cib	259	Response	1	2463018	3722	1
cib	260	Picture	22	2468756	0	1	3153	2	0	3000
cib	260	Response	1	2472984	4228	2
cib	261	Picture	22	2477220	0	2	3154	3	0	3000
cib	261	Response	1	2483390	6170	1
cib	262	Picture	22	2487676	0	2	3154	3	0	3000
cib	262	Response	1	2492680	5004	1
cib	263	Picture	33	2495809	0	1	3153	2	0	3000
cib	264	Picture	22	2504273	0	2	3154	3	0	3000
cib	264	Response	1	2506883	2610	1
cib	265	Picture	22	2514563	0	2	3154	3	0	3000
cib	265	Response	1	2517463	2900	1
cib	266	Picture	22	2523858	0	1	3153	2	0	3000
cib	266	Response	1	2527252	3394	1
cib	267	Picture	33	2534148	0	1	3153	2	0	3000
cib	267	Response	1	2538663	4515	1
cib	268	Picture	22	2543442	0	1	3154	2	0	3000
cib	268	Response	1	2548456	5014	2
cib	269	Picture	22	2552903	0	1	3153	2	0	3000
cib	269	Response	1	2558074	5171	1
cib	270	Picture	22	2562861	0	1	3153	2	0	3000
cib	270	Response	1	2568542	5681	1
cib	271	Picture	22	2572985	0	1	3153	2	0	3000
cib	271	Response	1	2576738	3753	2
cib	272	Picture	22	2581283	0	2	3154	3	0	3000
cib	272	Response	1	2586531	5248	2
cib	273	Picture	33	2589416	0	1	3153	2	0	3000
cib	274	Picture	22	2597548	0	2	3154	3	0	3000
cib	274	Response	1	2600413	2865	1
cib	275	Picture	22	2607341	0	1	3153	2	0	3000
cib	275	Response	1	2610348	3007	1
cib	276	Picture	22	2617797	0	1	3153	2	0	3000
cib	276	Response	1	2620841	3044	1
cib	277	Picture	22	2628751	0	1	3153	2	0	3000
cib	277	Response	1	2631573	2822	1
cib	278	Picture	22	2638709	0	1	3153	2	0	3000
cib	278	Response	1	2641774	3065	1
cib	279	Picture	33	2648169	0	1	3153	3	0	3000
cib	280	Picture	22	2658625	0	1	3154	2	0	3000
cib	280	Response	1	2661276	2651	2
cib	281	Picture	22	2668085	0	2	3154	3	0	3000
cib	281	Response	1	2671123	3038	1
cib	282	Picture	22	2678873	0	2	3154	3	0	3000
cib	282	Response	1	2682058	3185	1
cib	283	Picture	33	2688500	0	1	3153	2	0	3000
cib	283	Response	1	2691406	2906	1
cib	284	Picture	22	2696632	0	1	3154	2	0	3000
cib	284	Response	1	2700926	4294	2
cib	285	Picture	33	2707420	0	1	3154	2	0	3000
cib	286	Picture	22	2715719	0	1	3153	2	0	3000
cib	286	Response	1	2718576	2857	1
cib	287	Picture	22	2725179	0	1	3153	3	0	3000
cib	287	Response	1	2729245	4066	1
cib	288	Picture	22	2735801	0	1	3153	3	0	3000
cib	288	Response	1	2739035	3234	1
cib	289	Picture	22	2745593	0	2	3154	3	0	3000
cib	289	Response	1	2749734	4141	1
cib	290	Picture	22	2755054	0	1	3153	2	0	3000
cib	290	Response	1	2758516	3462	1
cib	291	Picture	22	2763352	0	1	3153	3	0	3000
cib	291	Response	1	2767984	4632	1
cib	292	Picture	22	2771484	0	2	3154	3	0	3000
cib	292	Response	1	2777070	5586	1
cib	293	Picture	33	2782107	0	1	3153	2	0	3000
cib	294	Picture	22	2792231	0	1	3153	2	0	3000
cib	294	Response	1	2794871	2640	1
cib	295	Picture	22	2802189	0	1	3153	2	0	3000
cib	295	Response	1	2804802	2613	1
cib	296	Picture	22	2812977	0	1	3153	2	0	3000
cib	296	Response	1	2815388	2411	1
cib	297	Picture	22	2823433	0	1	3153	3	0	3000
cib	297	Response	1	2825967	2534	1
cib	298	Picture	22	2832893	0	2	3154	3	0	3000
cib	298	Response	1	2835872	2979	1
cib	299	Picture	33	2841192	0	1	3153	2	0	3000
cib	299	Response	1	2844776	3584	1
cib	300	Picture	22	2852146	0	1	3153	2	0	3000
cib	300	Response	1	2854957	2811	2
cib	301	Picture	22	2862768	0	1	3153	2	0	3000
cib	301	Response	1	2866450	3682	1
cib	302	Picture	22	2871232	0	2	3154	3	0	3000
cib	302	Response	1	2874994	3762	2
cib	303	Picture	22	2881522	0	2	3154	3	0	3000
cib	303	Response	1	2885043	3521	2
cib	304	Picture	22	2891481	0	1	3145	21	0	3000
cib	304	Response	1	2894684	3203	2
cib	305	Picture	33	2900941	0	1	3153	2	0	3000


Event Type	Code	Type	Response	RT	RT Uncertainty	Time	Uncertainty	Duration	Uncertainty	ReqTime	ReqDur

Picture	22	hit	1	3055	3	289	2	3154	3	0	3000
Picture	22	hit	1	5915	2	8920	1	3153	2	0	3000
Picture	22	hit	1	3270	2	18048	1	3154	2	0	3000
Picture	22	hit	1	2512	3	28172	2	3154	3	0	3000
Picture	22	hit	1	2423	3	38628	2	3154	3	0	3000
Picture	33	miss				46927	1	3153	3	0	3000
Picture	22	hit	1	2345	2	56553	1	3154	2	0	3000
Picture	33	miss				66345	2	3154	3	0	3000
Picture	22	hit	1	2665	2	75640	1	3153	2	0	3000
Picture	22	hit	1	4353	2	83938	1	3154	2	0	3000
Picture	22	hit	1	3205	3	94394	2	3154	3	0	3000
Picture	22	hit	1	3309	3	102859	1	3153	2	0	3000
Picture	22	hit	1	3008	2	111821	1	3154	2	0	3000
Picture	33	miss				120286	1	3153	2	0	3000
Picture	22	hit	1	3083	2	128418	1	3153	3	0	3000
Picture	22	hit	1	3136	4	137878	2	3154	3	0	3000
Picture	22	hit	1	2985	3	148168	2	3154	3	0	3000
Picture	22	hit	1	2987	3	159122	2	3154	3	0	3000
Picture	22	hit	1	3312	2	168251	1	3153	2	0	3000
Picture	22	hit	1	3120	2	178873	1	3153	2	0	3000
Picture	22	hit	1	2691	2	189163	1	3153	2	0	3000
Picture	33	miss				198955	1	3154	2	0	3000
Picture	22	hit	1	2720	2	207420	1	3153	2	0	3000
Picture	22	hit	1	3091	3	215884	1	3153	3	0	3000
Picture	22	hit	1	2462	3	225676	2	3154	3	0	3000
Picture	22	hit	1	2465	2	236630	1	3154	2	0	3000
Picture	22	hit	1	3209	3	246754	2	3154	3	0	3000
Picture	22	hit	1	2406	3	257542	2	3154	3	0	3000
Picture	22	hit	1	4898	3	267003	1	3153	2	0	3000
Picture	33	miss				277293	1	3153	2	0	3000
Picture	22	hit	1	2622	2	287749	1	3153	2	0	3000
Picture	22	hit	1	2567	2	298703	1	3153	2	0	3000
Picture	22	hit	1	2574	2	308827	1	3153	3	0	3000
Picture	22	hit	1	2814	3	317955	2	3154	3	0	3000
Picture	22	hit	1	2617	2	328080	1	3153	2	0	3000
Picture	33	hit	1	2504	2	337706	1	3153	2	0	3000
Picture	22	hit	1	3933	2	346502	1	3154	2	0	3000
Picture	22	hit	1	3091	2	356626	1	3154	2	0	3000
Picture	22	hit	1	3249	2	365423	1	3153	2	0	3000
Picture	33	miss				374219	1	3153	3	0	3000
Picture	22	hit	1	2906	2	382850	1	3153	2	0	3000
Picture	22	hit	1	2803	2	391646	1	3153	2	0	3000
Picture	22	hit	1	2533	3	402434	1	3153	2	0	3000
Picture	22	hit	1	2373	2	412724	1	3153	3	0	3000
Picture	22	hit	1	3531	3	422350	2	3154	3	0	3000
Picture	33	miss				430649	1	3153	2	0	3000
Picture	22	hit	1	2539	2	439777	1	3153	3	0	3000
Picture	22	hit	1	2772	3	449735	2	3154	3	0	3000
Picture	22	hit	1	5275	2	457868	1	3153	2	0	3000
Picture	22	hit	1	4877	2	467162	1	3153	3	0	3000
Picture	22	hit	1	4005	2	478116	1	3153	3	0	3000
Picture	33	hit	1	8447	3	487078	2	3154	3	0	3000
Picture	22	miss				496705	1	3153	2	0	3000
Picture	22	hit	1	2077	3	505335	1	3153	3	0	3000
Picture	22	hit	1	2600	2	516123	1	3154	2	0	3000
Picture	22	hit	1	2775	3	527077	1	3153	3	0	3000
Picture	22	hit	1	2850	2	535542	1	3153	2	0	3000
Picture	33	miss				546496	1	3153	2	0	3000
Picture	22	hit	1	2672	2	556952	1	3153	2	0	3000
Picture	22	hit	1	2821	2	565582	1	3153	3	0	3000
Picture	22	hit	1	2564	2	575540	1	3154	2	0	3000
Picture	33	miss				585332	2	3154	3	0	3000
Picture	22	hit	1	2663	3	596120	2	3154	3	0	3000
Picture	22	hit	1	2679	2	605415	1	3153	2	0	3000
Picture	22	hit	1	2941	2	613879	1	3154	2	0	3000
Picture	33	miss				623671	2	3154	3	0	3000
Picture	22	hit	1	2282	2	634128	1	3153	2	0	3000
Picture	22	hit	1	2508	3	642592	1	3153	3	0	3000
Picture	22	hit	1	2431	3	651720	2	3154	3	0	3000
Picture	22	hit	1	4009	2	661015	1	3153	2	0	3000
Picture	22	hit	1	2888	2	671803	1	3153	2	0	3000
Picture	22	hit	1	2949	2	682591	1	3153	2	0	3000
Picture	22	hit	1	3132	2	693047	1	3153	2	0	3000
Picture	33	miss				703337	1	3153	2	0	3000
Picture	22	hit	1	3345	2	713129	1	3154	2	0	3000
Picture	22	hit	1	4328	2	721428	1	3153	2	0	3000
Picture	22	hit	1	4270	3	729560	1	3154	2	0	3000
Picture	22	hit	1	3675	2	739850	1	3154	2	0	3000
Picture	22	hit	1	3580	4	749642	2	3154	3	0	3000
Picture	33	miss				757941	1	3153	2	0	3000
Picture	22	hit	1	3375	2	767235	1	3154	2	0	3000
Picture	22	hit	1	4200	4	776695	2	3154	3	0	3000
Picture	22	hit	1	4308	2	786986	1	3153	2	0	3000
Picture	22	hit	1	3263	2	797110	1	3153	2	0	3000
Picture	22	hit	1	3237	2	807068	1	3153	2	0	3000
Picture	33	miss				816860	1	3154	2	0	3000
Picture	22	hit	1	3023	2	827814	1	3153	3	0	3000
Picture	22	hit	1	3283	3	836776	2	3154	3	0	3000
Picture	22	hit	1	3298	2	846901	1	3153	2	0	3000
Picture	22	hit	1	4897	2	855531	1	3153	3	0	3000
Picture	22	hit	1	6085	4	864659	2	3154	3	0	3000
Picture	22	miss				872792	1	3153	2	0	3000
Picture	22	hit	1	2429	2	882750	1	3153	3	0	3000
Picture	33	miss				892044	2	3154	3	0	3000
Picture	22	hit	1	2695	2	901007	1	3153	2	0	3000
Picture	22	hit	1	2510	2	909471	1	3154	2	0	3000
Picture	22	hit	1	2045	2	918102	1	3153	2	0	3000
Picture	33	hit	1	1983	2	928890	1	3153	2	0	3000
Picture	22	hit	1	8099	2	937354	1	3153	3	0	3000
Picture	33	miss				946814	2	3154	3	0	3000
Picture	22	hit	1	2827	2	955943	1	3153	2	0	3000
Picture	33	miss				964739	1	3153	3	0	3000
Picture	22	hit	1	2403	2	974863	1	3154	2	0	3000
Picture	33	hit	1	3042	2	985651	1	3154	2	0	3000
Picture	22	hit	1	4969	3	995111	2	3154	3	0	3000
Picture	22	hit	1	5171	3	1005070	1	3153	2	0	3000
Picture	22	hit	1	4197	2	1014032	1	3153	3	0	3000
Picture	33	miss				1024488	1	3153	3	0	3000
Picture	22	hit	1	2976	2	1034778	1	3154	2	0	3000
Picture	33	miss				1044239	1	3153	2	0	3000
Picture	22	hit	1	3357	2	1053865	1	3153	2	0	3000
Picture	22	hit	1	4206	2	1062827	1	3153	3	0	3000
Picture	22	hit	1	4739	3	1071457	2	3154	3	0	3000
Picture	33	miss				1081084	1	3153	2	0	3000
Picture	22	hit	1	2586	2	1090876	1	3153	3	0	3000
Picture	22	hit	1	4903	3	1099340	2	3154	3	0	3000
Picture	22	hit	1	3436	4	1110294	2	3154	3	0	3000
Picture	33	miss				1121082	2	3154	3	0	3000
Picture	22	hit	1	3327	2	1130875	1	3153	2	0	3000
Picture	22	hit	1	3161	3	1141497	1	3153	2	0	3000
Picture	22	hit	1	4066	2	1151787	1	3153	2	0	3000
Picture	22	hit	1	5279	2	1162741	1	3153	2	0	3000
Picture	22	hit	1	4615	2	1173363	1	3153	2	0	3000
Picture	33	miss				1181495	2	3154	3	0	3000
Picture	22	hit	1	2626	2	1191288	1	3153	2	0	3000
Picture	22	hit	1	2935	2	1201080	1	3153	2	0	3000
Picture	22	hit	1	2867	2	1211370	1	3153	2	0	3000
Picture	22	hit	1	3102	2	1221328	1	3154	2	0	3000
Picture	22	hit	1	3980	2	1229793	1	3153	2	0	3000
Picture	33	miss				1238755	1	3153	2	0	3000
Picture	22	hit	1	2489	2	1248049	1	3154	2	0	3000
Picture	22	hit	1	2380	3	1257675	2	3154	3	0	3000
Picture	22	hit	1	2681	2	1268132	1	3153	2	0	3000
Picture	22	hit	1	3528	2	1277924	1	3153	2	0	3000
Picture	22	hit	1	3750	2	1286222	1	3154	2	0	3000
Picture	33	miss				1294687	1	3153	2	0	3000
Picture	22	hit	1	2707	3	1303649	1	3153	3	0	3000
Picture	22	hit	1	3040	3	1312279	2	3154	3	0	3000
Picture	22	hit	1	3623	2	1320578	1	3153	2	0	3000
Picture	22	hit	1	2807	3	1331532	1	3153	2	0	3000
Picture	22	hit	1	4390	3	1339830	2	3154	3	0	3000
Picture	22	hit	1	3500	2	1349623	1	3153	2	0	3000
Picture	22	hit	1	3574	2	1359249	1	3153	2	0	3000
Picture	33	miss				1369207	1	3153	3	0	3000
Picture	22	hit	1	2691	3	1378667	2	3154	3	0	3000
Picture	22	hit	1	3084	2	1387298	1	3153	2	0	3000
Picture	22	hit	1	3200	2	1398418	1	3153	2	0	3000
Picture	33	miss				1406716	1	3154	2	0	3000
Picture	22	hit	1	2329	3	1417670	1	3154	2	0	3000
Picture	22	hit	1	2547	3	1426798	2	3154	3	0	3000
Picture	22	hit	1	4098	2	1436093	1	3153	2	0	3000
Picture	22	hit	1	2941	3	1446217	1	3153	3	0	3000
Picture	22	hit	1	3624	3	1455677	2	3154	3	0	3000
Picture	33	miss				1465469	2	3154	3	0	3000
Picture	22	hit	1	2766	3	1476423	2	3154	3	0	3000
Picture	22	hit	1	3282	2	1485220	1	3153	2	0	3000
Picture	22	hit	1	3540	2	1494514	1	3153	3	0	3000
Picture	22	hit	1	3659	3	1504804	2	3154	3	0	3000
Picture	22	hit	1	3809	6	1514264	2	3154	3	0	3000
Picture	33	miss				1523393	1	3153	2	0	3000
Picture	22	hit	1	3169	3	1532023	2	3154	3	0	3000
Picture	22	hit	1	3439	3	1541981	2	3154	3	0	3000
Picture	22	hit	1	4477	2	1550114	1	3153	2	0	3000
Picture	22	hit	1	3597	2	1561234	1	3153	2	0	3000
Picture	22	hit	1	2639	2	1572188	1	3153	2	0	3000
Picture	33	hit	1	2959	2	1581482	1	3153	3	0	3000
Picture	22	hit	1	4054	2	1589947	1	3153	2	0	3000
Picture	22	hit	1	3421	2	1600403	1	3153	2	0	3000
Picture	22	hit	1	3178	2	1611025	1	3153	2	0	3000
Picture	22	hit	1	3242	3	1620485	1	3153	3	0	3000
Picture	22	hit	1	3477	3	1629447	2	3154	3	0	3000
Picture	33	miss				1638576	1	3153	2	0	3000
Picture	22	hit	1	2971	2	1648368	1	3153	3	0	3000
Picture	22	hit	1	2739	2	1658326	1	3154	2	0	3000
Picture	22	hit	1	2789	3	1668948	1	3154	2	0	3000
Picture	33	hit	1	3430	4	1679072	2	3154	3	0	3000
Picture	22	hit	1	3273	3	1689694	2	3154	3	0	3000
Picture	22	hit	1	4005	2	1698989	1	3153	2	0	3000
Picture	22	hit	1	5937	2	1707785	1	3154	2	0	3000
Picture	33	miss				1716084	1	3153	2	0	3000
Picture	22	hit	1	3000	3	1724714	1	3153	3	0	3000
Picture	22	hit	1	2970	4	1734174	2	3154	3	0	3000
Picture	22	hit	1	2395	3	1744796	2	3154	3	0	3000
Picture	22	hit	1	3204	2	1754423	1	3153	2	0	3000
Picture	22	hit	1	3111	3	1763385	1	3153	2	0	3000
Picture	33	miss				1772015	2	3154	3	0	3000
Picture	22	hit	1	2729	3	1780148	1	3153	2	0	3000
Picture	33	hit	1	2511	3	1790272	1	3153	3	0	3000
Picture	22	hit	1	7619	2	1801060	1	3153	3	0	3000
Picture	22	hit	1	5292	4	1810520	2	3154	3	0	3000
Picture	22	hit	1	3344	2	1820313	1	3153	2	0	3000
Picture	33	miss				1830105	1	3153	2	0	3000
Picture	22	hit	1	2685	3	1838237	2	3154	3	0	3000
Picture	22	hit	1	3265	3	1848527	2	3154	3	0	3000
Picture	22	hit	1	2525	3	1859315	2	3154	3	0	3000
Picture	22	hit	1	3274	3	1869937	2	3154	3	0	3000
Picture	22	hit	1	3114	2	1879232	1	3153	2	0	3000
Picture	22	hit	1	2752	3	1889024	1	3153	2	0	3000
Picture	22	hit	1	2624	2	1898816	1	3154	2	0	3000
Picture	33	miss				1907281	1	3153	2	0	3000
Picture	22	hit	1	2028	2	1916907	1	3153	2	0	3000
Picture	22	hit	1	2395	3	1927031	1	3153	3	0	3000
Picture	22	hit	1	2332	3	1936491	2	3154	3	0	3000
Picture	22	hit	1	1989	3	1946117	2	3154	3	0	3000
Picture	22	hit	1	3004	2	1954416	1	3153	3	0	3000
Picture	22	hit	1	2536	3	1964374	1	3154	2	0	3000
Picture	22	hit	1	3138	2	1972673	1	3153	2	0	3000
Picture	33	miss				1980971	1	3153	3	0	3000
Picture	22	hit	1	992	3	1990431	2	3154	3	0	3000
Picture	22	hit	1	2006	3	2000887	2	3154	3	0	3000
Picture	22	hit	1	1930	3	2011012	1	3153	2	0	3000
Picture	33	miss				2020306	1	3153	2	0	3000
Picture	22	hit	1	2877	3	2028770	2	3154	3	0	3000
Picture	22	hit	1	2713	3	2039392	2	3154	3	0	3000
Picture	22	hit	1	2686	2	2049849	1	3153	2	0	3000
Picture	33	hit	1	2285	2	2059475	1	3153	2	0	3000
Picture	22	hit	1	3514	2	2068769	1	3153	3	0	3000
Picture	22	hit	1	3783	3	2077233	2	3154	3	0	3000
Picture	22	hit	1	3906	2	2085864	1	3153	3	0	3000
Picture	22	hit	1	3935	2	2095324	1	3154	2	0	3000
Picture	22	hit	1	2636	2	2106112	1	3154	2	0	3000
Picture	33	hit	1	2407	3	2116070	2	3154	3	0	3000
Picture	22	hit	1	3149	3	2125697	1	3153	2	0	3000
Picture	33	miss				2135821	1	3153	2	0	3000
Picture	22	hit	1	1201	2	2146443	1	3153	2	0	3000
Picture	22	hit	1	2445	3	2155073	2	3154	3	0	3000
Picture	22	hit	1	2761	3	2164865	2	3154	3	0	3000
Picture	22	hit	1	3198	3	2173330	1	3153	3	0	3000
Picture	22	hit	1	3286	2	2183122	1	3154	2	0	3000
Picture	33	miss				2191919	1	3153	2	0	3000
Picture	22	hit	1	2607	2	2200715	1	3153	2	0	3000
Picture	22	hit	1	2858	2	2211337	1	3153	2	0	3000
Picture	22	hit	1	3445	3	2220299	2	3154	3	0	3000
Picture	33	miss				2229096	1	3153	2	0	3000
Picture	22	hit	1	1023	2	2240050	1	3153	2	0	3000
Picture	22	hit	1	3003	3	2250838	1	3153	2	0	3000
Picture	22	hit	1	3097	2	2261294	1	3153	2	0	3000
Picture	22	hit	1	3107	2	2272248	1	3153	2	0	3000
Picture	22	hit	1	3956	2	2282040	1	3153	3	0	3000
Picture	33	miss				2290504	2	3154	3	0	3000
Picture	22	hit	1	2542	2	2299301	1	3153	2	0	3000
Picture	22	hit	1	2439	3	2309923	1	3153	2	0	3000
Picture	22	hit	1	3842	3	2318221	2	3154	3	0	3000
Picture	22	hit	1	4803	2	2327848	1	3153	2	0	3000
Picture	22	hit	1	5431	3	2336478	1	3154	2	0	3000
Picture	33	miss				2346104	2	3154	3	0	3000
Picture	22	hit	1	2218	2	2355731	1	3153	2	0	3000
Picture	22	hit	1	2200	2	2365357	1	3153	2	0	3000
Picture	22	hit	1	3514	3	2373655	2	3154	3	0	3000
Picture	22	hit	1	4224	3	2383115	2	3154	3	0	3000
Picture	22	hit	1	3893	2	2392410	1	3153	2	0	3000
Picture	22	hit	1	3433	3	2403364	1	3153	2	0	3000
Picture	22	hit	1	3826	2	2412492	1	3154	2	0	3000
Picture	33	hit	1	3335	4	2422948	2	3154	3	0	3000
Picture	22	hit	1	3597	3	2431745	1	3153	2	0	3000
Picture	22	hit	1	3698	3	2440043	1	3154	2	0	3000
Picture	22	hit	1	4110	2	2449006	1	3153	2	0	3000
Picture	22	hit	1	3722	2	2459296	1	3153	2	0	3000
Picture	22	hit	1	4228	3	2468756	1	3153	2	0	3000
Picture	22	hit	1	6170	3	2477220	2	3154	3	0	3000
Picture	22	hit	1	5004	3	2487676	2	3154	3	0	3000
Picture	33	miss				2495809	1	3153	2	0	3000
Picture	22	hit	1	2610	3	2504273	2	3154	3	0	3000
Picture	22	hit	1	2900	3	2514563	2	3154	3	0	3000
Picture	22	hit	1	3394	2	2523858	1	3153	2	0	3000
Picture	33	hit	1	4515	2	2534148	1	3153	2	0	3000
Picture	22	hit	1	5014	3	2543442	1	3154	2	0	3000
Picture	22	hit	1	5171	2	2552903	1	3153	2	0	3000
Picture	22	hit	1	5681	2	2562861	1	3153	2	0	3000
Picture	22	hit	1	3753	3	2572985	1	3153	2	0	3000
Picture	22	hit	1	5248	4	2581283	2	3154	3	0	3000
Picture	33	miss				2589416	1	3153	2	0	3000
Picture	22	hit	1	2865	3	2597548	2	3154	3	0	3000
Picture	22	hit	1	3007	2	2607341	1	3153	2	0	3000
Picture	22	hit	1	3044	2	2617797	1	3153	2	0	3000
Picture	22	hit	1	2822	2	2628751	1	3153	2	0	3000
Picture	22	hit	1	3065	2	2638709	1	3153	2	0	3000
Picture	33	miss				2648169	1	3153	3	0	3000
Picture	22	hit	1	2651	3	2658625	1	3154	2	0	3000
Picture	22	hit	1	3038	3	2668085	2	3154	3	0	3000
Picture	22	hit	1	3185	3	2678873	2	3154	3	0	3000
Picture	33	hit	1	2906	2	2688500	1	3153	2	0	3000
Picture	22	hit	1	4294	3	2696632	1	3154	2	0	3000
Picture	33	miss				2707420	1	3154	2	0	3000
Picture	22	hit	1	2857	2	2715719	1	3153	2	0	3000
Picture	22	hit	1	4066	2	2725179	1	3153	3	0	3000
Picture	22	hit	1	3234	2	2735801	1	3153	3	0	3000
Picture	22	hit	1	4141	3	2745593	2	3154	3	0	3000
Picture	22	hit	1	3462	2	2755054	1	3153	2	0	3000
Picture	22	hit	1	4632	2	2763352	1	3153	3	0	3000
Picture	22	hit	1	5586	3	2771484	2	3154	3	0	3000
Picture	33	miss				2782107	1	3153	2	0	3000
Picture	22	hit	1	2640	2	2792231	1	3153	2	0	3000
Picture	22	hit	1	2613	2	2802189	1	3153	2	0	3000
Picture	22	hit	1	2411	2	2812977	1	3153	2	0	3000
Picture	22	hit	1	2534	2	2823433	1	3153	3	0	3000
Picture	22	hit	1	2979	3	2832893	2	3154	3	0	3000
Picture	33	hit	1	3584	2	2841192	1	3153	2	0	3000
Picture	22	hit	1	2811	3	2852146	1	3153	2	0	3000
Picture	22	hit	1	3682	2	2862768	1	3153	2	0	3000
Picture	22	hit	1	3762	4	2871232	2	3154	3	0	3000
Picture	22	hit	1	3521	4	2881522	2	3154	3	0	3000
Picture	22	hit	1	3203	3	2891481	1	3145	21	0	3000
Picture	33	miss				2900941	1	3153	2	0	3000
