Scenario - EFT rapido Abril 2011
Logfile written - 07/14/2011 14:53:22

Subject	Trial	Event Type	Code	Time	TTime	Uncertainty	Duration	Uncertainty	ReqTime	ReqDur

mjm	2	Picture	11	10414	0	1	3153	2	0	3000
mjm	3	Response	1	17151	3418	1
mjm	4	Picture	20	20372	0	1	3153	2	0	3000
mjm	5	Response	2	26973	3282	1
mjm	6	Picture	10	31160	0	1	3153	2	0	3000
mjm	7	Response	1	36203	1724	1
mjm	8	Picture	21	40454	0	1	3154	2	0	3000
mjm	9	Response	2	44434	660	1
mjm	10	Picture	11	51076	0	1	3154	2	0	3000
mjm	11	Response	1	55548	1152	1
mjm	12	Picture	21	62196	0	1	3154	2	0	3000
mjm	13	Response	2	65784	268	2
mjm	14	Picture	10	72984	0	1	3154	2	0	3000
mjm	14	Response	1	76103	3119	2
mjm	16	Picture	10	84104	0	1	3154	2	0	3000
mjm	17	Response	1	89905	2482	2
mjm	18	Picture	20	95390	0	1	3153	3	0	3000
mjm	19	Response	2	101526	2817	1
mjm	20	Picture	20	104020	0	2	3154	3	0	3000
mjm	21	Response	2	107836	496	1
mjm	22	Picture	10	115140	0	2	3154	3	0	3000
mjm	23	Response	1	120895	2435	2
mjm	24	Picture	20	125265	0	1	3153	2	0	3000
mjm	25	Response	1	129359	775	1
mjm	26	Picture	11	135057	0	1	3153	2	0	3000
mjm	27	Response	1	142187	3813	1
mjm	28	Picture	21	143853	0	2	3154	3	0	3000
mjm	29	Response	2	148174	1001	2
mjm	30	Picture	20	154973	0	1	3154	2	0	3000
mjm	30	Response	1	158052	3079	1
mjm	32	Picture	11	165097	0	2	3154	3	0	3000
mjm	32	Response	1	168369	3272	2
mjm	34	Picture	20	173894	0	1	3153	2	0	3000
mjm	34	Response	2	176745	2851	1
mjm	36	Picture	20	185014	0	1	3153	2	0	3000
mjm	37	Response	2	189509	1176	2
mjm	38	Picture	20	195304	0	1	3153	2	0	3000
mjm	38	Response	1	198031	2727	1
mjm	40	Picture	21	203934	0	2	3154	3	0	3000
mjm	42	Picture	11	213726	0	2	3154	3	0	3000
mjm	42	Response	2	216753	3027	1
mjm	44	Picture	11	224680	0	2	3154	3	0	3000
mjm	45	Response	1	231613	3613	1
mjm	46	Picture	21	235966	0	2	3154	3	0	3000
mjm	46	Response	2	238367	2401	1
mjm	48	Picture	11	246588	0	2	3154	3	0	3000
mjm	48	Response	2	249779	3191	2
mjm	49	Response	1	255395	5487	1
mjm	50	Picture	21	256381	0	1	3153	2	0	3000
mjm	51	Response	2	262113	2413	2
mjm	52	Picture	10	265343	0	1	3153	3	0	3000
mjm	53	Response	1	269693	1031	1
mjm	54	Picture	21	276463	0	1	3153	3	0	3000
mjm	55	Response	2	280045	263	1
mjm	56	Picture	20	287749	0	1	3153	2	0	3000
mjm	57	Response	2	294968	3900	1
mjm	58	Picture	20	296379	0	2	3154	3	0	3000
mjm	60	Picture	21	307167	0	2	3154	3	0	3000
mjm	61	Response	2	310655	168	1
mjm	62	Picture	10	317126	0	1	3153	2	0	3000
mjm	63	Response	1	323546	3101	1
mjm	64	Picture	21	325590	0	1	3153	3	0	3000
mjm	65	Response	2	331512	2603	2
mjm	66	Picture	20	335382	0	1	3152	5	0	3000
mjm	67	Response	2	343840	5138	1
mjm	68	Picture	10	344345	0	1	3153	2	0	3000
mjm	69	Response	1	353543	5879	1
mjm	70	Picture	20	355630	0	2	3154	3	0	3000
mjm	71	Response	2	364577	5627	1
mjm	72	Picture	11	365423	0	1	3153	2	0	3000
mjm	74	Picture	21	373887	0	1	3154	2	0	3000
mjm	74	Response	1	375723	1836	2
mjm	76	Picture	11	383845	0	2	3154	3	0	3000
mjm	77	Response	1	389595	2430	1
mjm	78	Picture	21	395131	0	2	3154	3	0	3000
mjm	78	Response	2	397916	2785	1
mjm	80	Picture	10	406417	0	2	3154	3	0	3000
mjm	80	Response	1	409206	2789	1
mjm	82	Picture	21	417205	0	2	3154	3	0	3000
mjm	82	Response	2	418083	878	1
mjm	84	Picture	11	426997	0	2	3154	3	0	3000
mjm	84	Response	1	429597	2600	1
mjm	86	Picture	21	436790	0	1	3153	2	0	3000
mjm	86	Response	2	439655	2865	1
mjm	88	Picture	21	446582	0	1	3152	5	0	3000
mjm	88	Response	1	449064	2482	2
mjm	90	Picture	10	456706	0	1	3153	3	0	3000
mjm	92	Picture	11	466000	0	2	3154	3	0	3000
mjm	94	Picture	10	476124	0	2	3154	3	0	3000
mjm	95	Response	1	485622	6178	1
mjm	96	Picture	20	485917	0	1	3153	2	0	3000
mjm	97	Response	2	490668	1432	2
mjm	98	Picture	20	495875	0	1	3153	2	0	3000
mjm	99	Response	1	500547	1353	1
mjm	100	Picture	10	504671	0	2	3154	3	0	3000
mjm	101	Response	1	510689	2698	1
mjm	102	Picture	10	513800	0	1	3153	2	0	3000
mjm	102	Response	2	516327	2527	1
mjm	104	Picture	10	525086	0	1	3153	2	0	3000
mjm	105	Response	2	528419	14	1
mjm	106	Picture	20	534048	0	1	3153	2	0	3000
mjm	107	Response	2	539104	1737	2
mjm	108	Picture	21	544172	0	1	3153	3	0	3000
mjm	109	Response	2	551493	4002	1
mjm	110	Picture	21	552636	0	2	3154	3	0	3000
mjm	112	Picture	10	562761	0	1	3153	2	0	3000
mjm	112	Response	1	565647	2886	1
mjm	114	Picture	10	571889	0	1	3153	3	0	3000
mjm	114	Response	1	575142	3253	1
mjm	116	Picture	21	580519	0	2	3154	3	0	3000
mjm	117	Response	2	585628	1789	1
mjm	118	Picture	10	590478	0	1	3153	2	0	3000
mjm	118	Response	2	593652	3174	1
mjm	120	Picture	10	599938	0	1	3153	2	0	3000
mjm	121	Response	1	609418	6161	1
mjm	122	Picture	20	609564	0	1	3154	2	0	3000
mjm	123	Response	2	615552	2669	1
mjm	124	Picture	11	621014	0	4	3155	6	0	3000
mjm	124	Response	1	623808	2794	1
mjm	126	Picture	20	632134	0	4	3155	6	0	3000
mjm	126	Response	2	635098	2964	1
mjm	128	Picture	21	641596	0	2	3154	3	0	3000
mjm	129	Response	1	645625	709	1
mjm	130	Picture	20	652550	0	1	3154	2	0	3000
mjm	131	Response	2	660469	4599	1
mjm	132	Picture	11	662342	0	2	3154	3	0	3000
mjm	133	Response	1	666751	1089	1
mjm	134	Picture	21	671969	0	1	3153	2	0	3000
mjm	135	Response	2	675864	576	1
mjm	136	Picture	11	680599	0	1	3154	2	0	3000
mjm	136	Response	1	682530	1931	1
mjm	138	Picture	20	689395	0	2	3154	3	0	3000
mjm	138	Response	2	690938	1543	1
mjm	140	Picture	20	698026	0	1	3153	2	0	3000
mjm	140	Response	1	698932	906	1
mjm	142	Picture	21	707652	0	1	3154	2	0	3000
mjm	142	Response	2	708658	1006	2
mjm	143	Response	1	713493	2521	1
mjm	144	Picture	10	717942	0	2	3154	3	0	3000
mjm	146	Picture	20	728730	0	2	3154	3	0	3000
mjm	148	Picture	10	739684	0	2	3154	3	0	3000
mjm	148	Response	2	741022	1338	1
mjm	149	Response	1	745181	2177	1
mjm	150	Picture	11	748315	0	1	3153	2	0	3000
mjm	152	Picture	10	757277	0	1	3154	2	0	3000
mjm	152	Response	2	757329	52	1
mjm	154	Picture	10	767567	0	2	3154	3	0	3000
mjm	154	Response	1	769799	2232	1
mjm	156	Picture	10	777027	0	2	3154	3	0	3000
mjm	157	Response	1	781623	1276	1
mjm	158	Picture	20	786322	0	1	3153	2	0	3000
mjm	159	Response	2	793978	4337	1
mjm	160	Picture	11	796280	0	1	3153	2	0	3000
mjm	161	Response	1	802502	2903	1
mjm	162	Picture	10	804910	0	2	3154	3	0	3000
mjm	163	Response	2	809728	1498	1
mjm	164	Picture	10	813873	0	1	3153	2	0	3000
mjm	166	Picture	21	823831	0	1	3153	2	0	3000
mjm	168	Picture	10	832959	0	2	3154	3	0	3000
mjm	170	Picture	10	841756	0	1	3153	2	0	3000
mjm	170	Response	2	844132	2376	1
mjm	172	Picture	20	851382	0	1	3153	2	0	3000
mjm	173	Response	2	855594	893	1
mjm	174	Picture	21	862336	0	1	3153	2	0	3000
mjm	175	Response	2	869248	3593	1
mjm	176	Picture	11	871298	0	2	3154	3	0	3000
mjm	177	Response	1	875000	382	1
mjm	178	Picture	10	880759	0	1	3153	2	0	3000
mjm	179	Response	2	885233	1155	1
mjm	180	Picture	10	890717	0	1	3153	2	0	3000
mjm	181	Response	2	897792	3756	1
mjm	182	Picture	10	901505	0	1	3153	2	0	3000
mjm	183	Response	1	911647	6823	1
mjm	184	Picture	10	912625	0	1	3153	2	0	3000
mjm	185	Response	2	918548	2604	1
mjm	186	Picture	21	923247	0	1	3153	2	0	3000
mjm	186	Response	2	924069	822	2
mjm	186	Response	1	924248	1001	1
mjm	187	Response	1	932090	5524	1
mjm	187	Response	2	932268	5702	1
mjm	188	Picture	11	934365	0	3	3155	4	0	3000
mjm	189	Response	1	938876	1190	1
mjm	189	Response	2	939054	1368	1
mjm	190	Picture	10	942997	0	1	3154	2	0	3000
mjm	191	Response	1	946606	289	1
mjm	191	Response	2	946784	467	2
mjm	192	Picture	20	954117	0	1	3154	2	0	3000
mjm	192	Response	1	956734	2617	1
mjm	192	Response	2	956943	2826	2
mjm	194	Picture	10	963245	0	2	3154	3	0	3000
mjm	195	Response	2	968454	1889	1
mjm	196	Picture	10	974199	0	2	3154	3	0	3000
mjm	196	Response	1	977211	3012	1
mjm	198	Picture	21	985319	0	2	3154	3	0	3000
mjm	199	Response	2	990445	1806	1
mjm	200	Picture	21	996107	0	2	3154	3	0	3000
mjm	201	Response	2	1000380	953	1
mjm	202	Picture	21	1006729	0	2	3154	3	0	3000
mjm	204	Picture	21	1017352	0	1	3153	2	0	3000
mjm	204	Response	2	1020607	3255	1
mjm	206	Picture	11	1025982	0	1	3153	3	0	3000
mjm	207	Response	1	1032662	3361	2
mjm	208	Picture	11	1037102	0	1	3153	2	0	3000
mjm	209	Response	1	1041157	736	2
mjm	210	Picture	10	1047392	0	1	3153	3	0	3000
mjm	211	Response	1	1053753	3042	1
mjm	212	Picture	20	1058014	0	1	3154	2	0	3000
mjm	213	Response	2	1065254	3921	4
mjm	214	Picture	11	1068802	0	1	3154	2	0	3000
mjm	215	Response	1	1074540	2418	1
mjm	216	Picture	21	1078760	0	2	3154	3	0	3000
mjm	217	Response	2	1082833	753	1
mjm	218	Picture	20	1089880	0	2	3154	3	0	3000
mjm	218	Response	1	1092330	2450	1
mjm	220	Picture	11	1098843	0	2	3153	3	0	3000
mjm	221	Response	1	1107192	5030	1
mjm	222	Picture	10	1110129	0	1	3153	2	0	3000
mjm	223	Response	1	1114530	1082	1
mjm	224	Picture	11	1120917	0	1	3153	2	0	3000
mjm	224	Response	1	1123970	3053	2
mjm	226	Picture	21	1132368	0	2	3154	3	0	3000
mjm	227	Response	1	1135708	20	1
mjm	227	Response	2	1140074	4386	1
mjm	228	Picture	20	1141497	0	1	3153	2	0	3000
mjm	230	Picture	21	1152949	0	1	3153	2	0	3000
mjm	230	Response	2	1156086	3137	2
mjm	232	Picture	20	1164069	0	1	3153	2	0	3000
mjm	232	Response	2	1167177	3108	1
mjm	234	Picture	21	1175355	0	1	3153	2	0	3000
mjm	235	Response	2	1179678	1004	1
mjm	236	Picture	20	1184316	0	2	3154	4	0	3000
mjm	237	Response	2	1191499	3863	2
mjm	238	Picture	20	1195105	0	1	3153	3	0	3000
mjm	239	Response	2	1203649	5225	1
mjm	240	Picture	21	1205561	0	3	3154	4	0	3000
mjm	241	Response	2	1215267	6386	1
mjm	242	Picture	20	1216847	0	1	3154	2	0	3000
mjm	244	Picture	20	1225809	0	2	3154	3	0	3000
mjm	244	Response	2	1226381	572	1
mjm	245	Response	2	1235759	6630	2
mjm	246	Picture	21	1236265	0	2	3154	3	0	3000
mjm	248	Picture	11	1246888	0	1	3153	2	0	3000
mjm	248	Response	2	1248146	1258	1
mjm	249	Response	1	1253931	3724	1
mjm	250	Picture	21	1256348	0	1	3153	2	0	3000
mjm	250	Response	2	1259126	2778	2
mjm	252	Picture	11	1265974	0	1	3154	2	0	3000
mjm	252	Response	1	1268713	2739	1
mjm	253	Response	2	1277178	7885	2
mjm	254	Picture	20	1277426	0	1	3153	3	0	3000
mjm	256	Picture	11	1288380	0	1	3153	3	0	3000
mjm	256	Response	1	1288532	152	1
mjm	258	Picture	20	1299002	0	2	3153	4	0	3000
mjm	258	Response	2	1299238	236	1
mjm	260	Picture	20	1309292	0	1	3154	2	0	3000
mjm	260	Response	2	1312300	3008	2
mjm	262	Picture	10	1318752	0	2	3154	3	0	3000
mjm	263	Response	1	1325125	3053	1
mjm	264	Picture	10	1329208	0	2	3154	3	0	3000
mjm	265	Response	1	1332620	92	1
mjm	266	Picture	20	1340494	0	2	3154	3	0	3000
mjm	267	Response	2	1346363	2549	1
mjm	268	Picture	21	1351116	0	2	3154	3	0	3000
mjm	268	Response	2	1353973	2857	1
mjm	270	Picture	10	1360245	0	1	3153	2	0	3000
mjm	271	Response	1	1365741	2177	1
mjm	272	Picture	21	1370534	0	4	3154	5	0	3000
mjm	272	Response	1	1372850	2316	1
mjm	274	Picture	10	1381489	0	1	3153	3	0	3000
mjm	274	Response	2	1384613	3124	1
mjm	275	Response	1	1389036	4228	1
mjm	276	Picture	10	1390949	0	2	3154	3	0	3000
mjm	277	Response	1	1398915	4646	1
mjm	278	Picture	10	1400244	0	1	3153	2	0	3000
mjm	279	Response	1	1408331	4768	1
mjm	280	Picture	20	1410368	0	1	3153	2	0	3000
mjm	281	Response	2	1417375	3688	1
mjm	282	Picture	10	1418998	0	1	3154	2	0	3000
mjm	283	Response	1	1426365	4047	7
mjm	284	Picture	11	1427794	0	2	3154	3	0	3000
mjm	286	Picture	10	1438417	0	1	3153	2	0	3000
mjm	286	Response	1	1438543	126	1
mjm	287	Response	2	1443824	2088	1
mjm	288	Picture	10	1448707	0	1	3153	2	0	3000
mjm	289	Response	1	1458269	6243	2
mjm	290	Picture	11	1458831	0	1	3153	2	0	3000
mjm	292	Picture	11	1468955	0	1	3153	2	0	3000
mjm	293	Response	2	1473368	1094	1
mjm	294	Picture	10	1480241	0	1	3153	2	0	3000
mjm	294	Response	1	1480713	472	2
mjm	296	Picture	21	1489701	0	1	3153	5	0	3000
mjm	296	Response	1	1492304	2603	1
mjm	297	Response	2	1496374	3353	4
mjm	298	Picture	11	1499493	0	2	3154	3	0	3000
mjm	299	Response	1	1505783	2970	1
mjm	300	Picture	21	1508290	0	1	3153	2	0	3000
mjm	301	Response	2	1511980	371	1
mjm	303	Picture	10	1538828	0	2	3154	3	0	3000
mjm	304	Response	1	1547680	5532	1
mjm	305	Picture	20	1549118	0	2	3154	3	0	3000
mjm	306	Response	2	1557185	4747	2
mjm	307	Picture	21	1560072	0	2	3154	3	0	3000
mjm	307	Response	1	1563110	3038	1
mjm	309	Picture	21	1571524	0	2	3154	3	0	3000
mjm	310	Response	2	1576024	1180	1
mjm	311	Picture	11	1580321	0	1	3153	2	0	3000
mjm	312	Response	1	1586346	2706	2
mjm	313	Picture	11	1590279	0	1	3153	2	0	3000
mjm	314	Response	1	1596815	3217	1
mjm	315	Picture	21	1601233	0	1	3153	2	0	3000
mjm	316	Response	2	1605484	932	1
mjm	317	Picture	11	1610527	0	1	3154	2	0	3000
mjm	318	Response	1	1615804	1958	2
mjm	319	Picture	11	1619655	0	2	3154	3	0	3000
mjm	320	Response	1	1626777	3802	1
mjm	321	Picture	20	1629946	0	1	3153	2	0	3000
mjm	322	Response	2	1635420	2155	1
mjm	323	Picture	20	1639572	0	1	3153	2	0	3000
mjm	324	Response	2	1646484	3593	1
mjm	325	Picture	21	1648036	0	2	3154	3	0	3000
mjm	327	Picture	11	1656667	0	1	3153	2	0	3000
mjm	327	Response	2	1659252	2585	1
mjm	328	Response	1	1662729	2743	2
mjm	329	Picture	10	1666293	0	1	3153	2	0	3000
mjm	330	Response	1	1674911	5299	1
mjm	331	Picture	10	1677247	0	1	3153	2	0	3000
mjm	332	Response	2	1681670	1104	2
mjm	332	Response	1	1686000	5434	1
mjm	333	Picture	21	1688035	0	1	3153	2	0	3000
mjm	334	Response	2	1693201	1847	1
mjm	335	Picture	21	1697661	0	1	3154	2	0	3000
mjm	336	Response	2	1701808	827	1
mjm	337	Picture	11	1706624	0	1	3153	2	0	3000
mjm	338	Response	1	1711835	1892	1
mjm	339	Picture	11	1717909	0	2	3154	3	0	3000
mjm	339	Response	1	1720508	2599	1
mjm	341	Picture	21	1728863	0	2	3154	3	0	3000
mjm	341	Response	2	1731218	2355	1
mjm	343	Picture	10	1737494	0	1	3153	2	0	3000
mjm	344	Response	1	1743603	2790	1
mjm	345	Picture	10	1748780	0	1	3153	2	0	3000
mjm	346	Response	2	1752450	351	1
mjm	347	Picture	21	1759900	0	1	3153	2	0	3000
mjm	347	Response	1	1761739	1839	2
mjm	349	Picture	21	1769028	0	1	3154	2	0	3000
mjm	349	Response	2	1771740	2712	1
mjm	351	Picture	20	1778322	0	2	3154	3	0	3000
mjm	353	Picture	20	1787451	0	1	3153	2	0	3000
mjm	353	Response	2	1789003	1552	1
mjm	355	Picture	21	1797904	0	5	3156	6	0	3000
mjm	356	Response	2	1804040	2814	1
mjm	357	Picture	11	1808363	0	1	3153	2	0	3000
mjm	358	Response	1	1815276	3594	1
mjm	359	Picture	20	1817989	0	1	3154	2	0	3000
mjm	360	Response	2	1823596	2287	2
mjm	361	Picture	11	1827117	0	2	3154	3	0	3000
mjm	362	Response	1	1833261	2824	1
mjm	363	Picture	10	1836412	0	1	3153	2	0	3000
mjm	364	Response	1	1844439	4708	1
mjm	365	Picture	11	1847532	0	1	3153	2	0	3000
mjm	366	Response	1	1851520	669	1
mjm	367	Picture	21	1857324	0	1	3153	2	0	3000
mjm	368	Response	2	1861485	842	1
mjm	369	Picture	10	1866784	0	2	3154	3	0	3000
mjm	370	Response	1	1873688	3584	2
mjm	371	Picture	11	1875581	0	1	3153	2	0	3000
mjm	372	Response	1	1883565	4665	1
mjm	373	Picture	20	1886867	0	1	3153	2	0	3000
mjm	374	Response	2	1891380	1194	1
mjm	375	Picture	21	1895829	0	1	3153	2	0	3000
mjm	375	Response	1	1898833	3004	1
mjm	377	Picture	21	1906783	0	1	3153	3	0	3000
mjm	378	Response	2	1911337	1235	1
mjm	379	Picture	20	1916409	0	2	3154	3	0	3000
mjm	380	Response	1	1922159	2430	2
mjm	381	Picture	11	1925372	0	1	3153	2	0	3000
mjm	382	Response	1	1932252	3561	1
mjm	383	Picture	10	1935662	0	1	3153	2	0	3000
mjm	385	Picture	20	1944125	0	3	3155	4	0	3000
mjm	385	Response	2	1944427	302	2
mjm	387	Picture	21	1953254	0	2	3154	3	0	3000
mjm	388	Response	2	1963887	7313	55
mjm	389	Picture	21	1964042	0	2	3154	3	0	3000
mjm	391	Picture	20	1972839	0	1	3153	2	0	3000
mjm	392	Response	1	1981815	5657	1
mjm	393	Picture	11	1983627	0	1	3153	2	0	3000
mjm	394	Response	2	1991165	4219	2
mjm	395	Picture	21	1992423	0	2	3154	3	0	3000
mjm	396	Response	2	2001339	5596	1
mjm	397	Picture	10	2002547	0	2	3154	3	0	3000
mjm	399	Picture	20	2011676	0	1	3153	2	0	3000
mjm	401	Picture	10	2022132	0	1	3153	2	0	3000
mjm	403	Picture	10	2033418	0	1	3153	2	0	3000
mjm	405	Picture	20	2044704	0	1	3153	2	0	3000
mjm	406	Response	1	2050983	2960	1
mjm	407	Picture	11	2055824	0	1	3153	2	0	3000
mjm	408	Response	1	2061988	2845	2
mjm	409	Picture	21	2066612	0	1	3153	2	0	3000
mjm	409	Response	2	2069721	3109	1
mjm	411	Picture	10	2076902	0	1	3152	5	0	3000
mjm	412	Response	2	2083290	3069	1
mjm	413	Picture	20	2087026	0	1	3153	3	0	3000
mjm	413	Response	1	2089150	2124	2
mjm	414	Response	2	2095937	5592	1
mjm	415	Picture	20	2098146	0	1	3153	3	0	3000
mjm	416	Response	1	2102042	577	2
mjm	417	Picture	21	2109432	0	1	3153	2	0	3000
mjm	418	Response	2	2112867	116	1
mjm	419	Picture	20	2120884	0	1	3153	2	0	3000
mjm	420	Response	2	2125047	844	2
mjm	421	Picture	20	2129680	0	1	3154	2	0	3000
mjm	422	Response	2	2134160	1160	1
mjm	423	Picture	20	2138809	0	1	3153	2	0	3000
mjm	425	Picture	21	2149265	0	1	3153	2	0	3000
mjm	426	Response	2	2155653	3069	1
mjm	427	Picture	11	2160717	0	1	3153	2	0	3000
mjm	428	Response	2	2168307	4271	1
mjm	429	Picture	21	2169845	0	1	3153	2	0	3000
mjm	430	Response	2	2177864	4700	1
mjm	431	Picture	21	2180965	0	1	3153	2	0	3000
mjm	431	Response	1	2184148	3183	2
mjm	433	Picture	10	2191919	0	1	3153	2	0	3000
mjm	434	Response	1	2196741	1503	2
mjm	435	Picture	10	2202541	0	1	3153	2	0	3000
mjm	435	Response	2	2205413	2872	1
mjm	437	Picture	21	2211337	0	2	3154	3	0	3000
mjm	438	Response	2	2217553	2896	1
mjm	439	Picture	10	2221793	0	2	3154	3	0	3000
mjm	440	Response	1	2225342	229	1
mjm	441	Picture	20	2230922	0	1	3153	2	0	3000
mjm	442	Response	2	2236021	1780	3
mjm	443	Picture	20	2240714	0	1	3153	2	0	3000
mjm	445	Picture	21	2250340	0	1	3154	2	0	3000
mjm	445	Response	2	2253585	3245	1
mjm	446	Response	2	2261160	7501	1
mjm	447	Picture	21	2261792	0	1	3154	2	0	3000
mjm	449	Picture	21	2270422	0	2	3154	3	0	3000
mjm	449	Response	2	2272524	2102	1
mjm	451	Picture	10	2280547	0	1	3153	2	0	3000
mjm	451	Response	2	2283586	3039	1
mjm	452	Response	1	2287272	3406	2
mjm	453	Picture	11	2291501	0	1	3153	2	0	3000
mjm	454	Response	1	2297005	2185	1
mjm	455	Picture	21	2300795	0	1	3153	2	0	3000
mjm	456	Response	2	2306063	1949	1
mjm	457	Picture	11	2310587	0	1	3154	2	0	3000
mjm	458	Response	2	2319537	5630	1
mjm	459	Picture	10	2321707	0	1	3154	2	0	3000
mjm	459	Response	1	2324463	2756	1
mjm	461	Picture	20	2330504	0	1	3153	2	0	3000
mjm	461	Response	2	2333017	2513	1
mjm	463	Picture	10	2340462	0	1	3153	2	0	3000
mjm	463	Response	1	2342868	2406	1
mjm	465	Picture	11	2349424	0	1	3153	3	0	3000
mjm	465	Response	2	2351660	2236	2
mjm	467	Picture	21	2360876	0	1	3153	3	0	3000
mjm	467	Response	2	2363990	3114	2
mjm	469	Picture	20	2371000	0	1	3153	3	0	3000
mjm	471	Picture	21	2379631	0	1	3153	2	0	3000
mjm	471	Response	1	2380566	935	1
mjm	473	Picture	11	2390087	0	1	3153	2	0	3000
mjm	474	Response	2	2394310	904	1
mjm	475	Picture	21	2401539	0	1	3153	2	0	3000
mjm	476	Response	1	2404899	41	1
mjm	477	Picture	20	2411829	0	1	3153	2	0	3000
mjm	477	Response	2	2415107	3278	2
mjm	478	Response	1	2420633	5485	2
mjm	479	Picture	21	2423115	0	1	3153	2	0	3000
mjm	480	Response	1	2427770	1336	2
mjm	481	Picture	20	2434401	0	1	3153	2	0	3000
mjm	482	Response	1	2438178	458	2
mjm	483	Picture	20	2443529	0	1	3153	2	0	3000
mjm	484	Response	1	2449125	2277	1
mjm	485	Picture	21	2452325	0	2	3154	3	0	3000
mjm	486	Response	1	2458836	3191	1
mjm	487	Picture	11	2462781	0	2	3154	3	0	3000
mjm	488	Response	2	2467011	910	1
mjm	489	Picture	11	2472905	0	2	3154	3	0	3000
mjm	489	Response	2	2475714	2809	1
mjm	491	Picture	21	2484025	0	2	3154	3	0	3000
mjm	492	Response	1	2489964	2619	1
mjm	493	Picture	21	2493320	0	1	3153	2	0	3000
mjm	494	Response	1	2499642	3003	1
mjm	495	Picture	20	2503444	0	1	3153	2	0	3000
mjm	496	Response	2	2511179	4416	1
mjm	497	Picture	20	2512406	0	2	3154	3	0	3000
mjm	498	Response	2	2520027	4301	2
mjm	499	Picture	20	2521037	0	1	3153	2	0	3000
mjm	501	Picture	20	2531161	0	1	3153	2	0	3000
mjm	502	Response	1	2535037	557	2
mjm	503	Picture	21	2540455	0	1	3154	2	0	3000
mjm	504	Response	1	2548174	4399	1
mjm	505	Picture	10	2551243	0	1	3154	2	0	3000
mjm	506	Response	1	2557410	2847	1
mjm	507	Picture	21	2561533	0	2	3154	3	0	3000
mjm	508	Response	2	2566525	1672	1
mjm	509	Picture	21	2572487	0	2	3154	3	0	3000
mjm	509	Response	2	2575469	2982	1
mjm	511	Picture	10	2583773	0	2	3154	3	0	3000
mjm	512	Response	1	2588265	1172	2
mjm	513	Picture	20	2593233	0	2	3154	3	0	3000
mjm	513	Response	1	2595908	2675	83
mjm	515	Picture	11	2602528	0	1	3153	2	0	3000
mjm	515	Response	2	2605379	2851	1
mjm	517	Picture	10	2613980	0	1	3153	2	0	3000
mjm	517	Response	1	2616408	2428	2
mjm	519	Picture	21	2625432	0	1	3153	2	0	3000
mjm	520	Response	2	2629972	1221	1
mjm	521	Picture	21	2636718	0	1	3153	2	0	3000
mjm	521	Response	2	2639262	2544	2
mjm	523	Picture	10	2646178	0	1	3153	2	0	3000
mjm	524	Response	1	2649612	115	1
mjm	525	Picture	21	2654974	0	1	3154	2	0	3000
mjm	525	Response	1	2657818	2844	1
mjm	527	Picture	10	2666094	0	2	3154	3	0	3000
mjm	528	Response	1	2673393	3979	1
mjm	529	Picture	21	2675388	0	2	3154	3	0	3000
mjm	530	Response	2	2680389	1681	1
mjm	531	Picture	10	2685845	0	1	3153	2	0	3000
mjm	532	Response	1	2689290	126	1
mjm	533	Picture	21	2696799	0	1	3153	2	0	3000
mjm	533	Response	2	2699523	2724	1
mjm	535	Picture	21	2706757	0	1	3153	2	0	3000
mjm	535	Response	1	2709195	2438	2
mjm	537	Picture	21	2717213	0	1	3153	2	0	3000
mjm	539	Picture	21	2728001	0	1	3153	2	0	3000
mjm	541	Picture	10	2736631	0	2	3154	3	0	3000
mjm	543	Picture	11	2745926	0	1	3153	2	0	3000
mjm	543	Response	1	2747111	1185	1
mjm	544	Response	2	2752246	3001	1
mjm	545	Picture	10	2755220	0	1	3153	2	0	3000
mjm	546	Response	1	2760174	1635	1
mjm	547	Picture	10	2764514	0	1	3154	2	0	3000
mjm	548	Response	1	2768142	308	1
mjm	549	Picture	11	2773145	0	1	3153	2	0	3000
mjm	550	Response	1	2778558	2094	1
mjm	551	Picture	21	2783269	0	1	3153	2	0	3000
mjm	552	Response	2	2793007	6419	2
mjm	553	Picture	21	2794223	0	1	3153	2	0	3000
mjm	555	Picture	11	2802853	0	2	3154	3	0	3000
mjm	556	Response	1	2812782	6609	1
mjm	557	Picture	21	2814305	0	1	3154	2	0	3000
mjm	558	Response	2	2818973	1349	2
mjm	559	Picture	20	2825259	0	1	3154	2	0	3000
mjm	559	Response	1	2828111	2852	2
mjm	561	Picture	11	2834387	0	2	3154	3	0	3000
mjm	562	Response	1	2840878	3171	1
mjm	563	Picture	10	2845010	0	1	3153	2	0	3000
mjm	564	Response	2	2851526	3197	2
mjm	565	Picture	21	2853806	0	1	3153	2	0	3000
mjm	566	Response	2	2861407	4282	1
mjm	567	Picture	10	2863598	0	1	3154	2	0	3000
mjm	568	Response	1	2869487	2570	1
mjm	569	Picture	20	2874054	0	2	3154	3	0	3000
mjm	570	Response	2	2880340	2966	1
mjm	571	Picture	10	2883514	0	2	3154	3	0	3000
mjm	572	Response	1	2888597	1763	1
mjm	573	Picture	20	2893307	0	1	3153	2	0	3000
mjm	574	Response	2	2897355	729	1
mjm	575	Picture	11	2903431	0	1	3153	2	0	3000
mjm	575	Response	1	2906322	2891	1
mjm	576	Response	2	2913788	7038	1
mjm	577	Picture	21	2913887	0	1	3153	2	0	3000
mjm	578	Response	1	2921988	4782	1
mjm	579	Picture	20	2924011	0	1	3154	2	0	3000
mjm	580	Response	2	2934520	7190	2
mjm	581	Picture	21	2934799	0	1	3154	2	0	3000
mjm	583	Picture	21	2945255	0	2	3154	3	0	3000
mjm	584	Response	2	2948700	125	1
mjm	585	Picture	11	2954550	0	1	3153	2	0	3000
mjm	586	Response	1	2959754	1885	1
mjm	587	Picture	10	2964176	0	1	3153	2	0	3000
mjm	588	Response	1	2968811	1316	2
mjm	589	Picture	20	2974134	0	1	3153	2	0	3000
mjm	590	Response	2	2979638	2185	1
mjm	591	Picture	20	2984424	0	1	3153	3	0	3000
mjm	592	Response	2	2992313	4570	1
mjm	593	Picture	21	2992888	0	3	3154	4	0	3000
mjm	595	Picture	10	3002515	0	1	3153	2	0	3000
mjm	595	Response	2	3004575	2060	1
mjm	596	Response	1	3012329	6495	1
mjm	597	Picture	21	3013137	0	1	3153	2	0	3000
mjm	598	Response	2	3019905	3451	1
mjm	599	Picture	20	3022597	0	1	3153	3	0	3000
mjm	600	Response	2	3028690	2774	2
mjm	601	Picture	10	3031725	0	2	3154	3	0	3000
mjm	602	Response	1	3037921	2876	1


Event Type	Code	Type	Response	RT	RT Uncertainty	Time	Uncertainty	Duration	Uncertainty	ReqTime	ReqDur

Picture	11	other				10414	1	3153	2	0	3000
Picture	20	other				20372	1	3153	2	0	3000
Picture	10	other				31160	1	3153	2	0	3000
Picture	21	other				40454	1	3154	2	0	3000
Picture	11	other				51076	1	3154	2	0	3000
Picture	21	other				62196	1	3154	2	0	3000
Picture	10	other				72984	1	3154	2	0	3000
Picture	10	other				84104	1	3154	2	0	3000
Picture	20	other				95390	1	3153	3	0	3000
Picture	20	other				104020	2	3154	3	0	3000
Picture	10	other				115140	2	3154	3	0	3000
Picture	20	other				125265	1	3153	2	0	3000
Picture	11	other				135057	1	3153	2	0	3000
Picture	21	other				143853	2	3154	3	0	3000
Picture	20	other				154973	1	3154	2	0	3000
Picture	11	other				165097	2	3154	3	0	3000
Picture	20	other				173894	1	3153	2	0	3000
Picture	20	other				185014	1	3153	2	0	3000
Picture	20	other				195304	1	3153	2	0	3000
Picture	21	other				203934	2	3154	3	0	3000
Picture	11	other				213726	2	3154	3	0	3000
Picture	11	other				224680	2	3154	3	0	3000
Picture	21	other				235966	2	3154	3	0	3000
Picture	11	other				246588	2	3154	3	0	3000
Picture	21	other				256381	1	3153	2	0	3000
Picture	10	other				265343	1	3153	3	0	3000
Picture	21	other				276463	1	3153	3	0	3000
Picture	20	other				287749	1	3153	2	0	3000
Picture	20	other				296379	2	3154	3	0	3000
Picture	21	other				307167	2	3154	3	0	3000
Picture	10	other				317126	1	3153	2	0	3000
Picture	21	other				325590	1	3153	3	0	3000
Picture	20	other				335382	1	3152	5	0	3000
Picture	10	other				344345	1	3153	2	0	3000
Picture	20	other				355630	2	3154	3	0	3000
Picture	11	other				365423	1	3153	2	0	3000
Picture	21	other				373887	1	3154	2	0	3000
Picture	11	other				383845	2	3154	3	0	3000
Picture	21	other				395131	2	3154	3	0	3000
Picture	10	other				406417	2	3154	3	0	3000
Picture	21	other				417205	2	3154	3	0	3000
Picture	11	other				426997	2	3154	3	0	3000
Picture	21	other				436790	1	3153	2	0	3000
Picture	21	other				446582	1	3152	5	0	3000
Picture	10	other				456706	1	3153	3	0	3000
Picture	11	other				466000	2	3154	3	0	3000
Picture	10	other				476124	2	3154	3	0	3000
Picture	20	other				485917	1	3153	2	0	3000
Picture	20	other				495875	1	3153	2	0	3000
Picture	10	other				504671	2	3154	3	0	3000
Picture	10	other				513800	1	3153	2	0	3000
Picture	10	other				525086	1	3153	2	0	3000
Picture	20	other				534048	1	3153	2	0	3000
Picture	21	other				544172	1	3153	3	0	3000
Picture	21	other				552636	2	3154	3	0	3000
Picture	10	other				562761	1	3153	2	0	3000
Picture	10	other				571889	1	3153	3	0	3000
Picture	21	other				580519	2	3154	3	0	3000
Picture	10	other				590478	1	3153	2	0	3000
Picture	10	other				599938	1	3153	2	0	3000
Picture	20	other				609564	1	3154	2	0	3000
Picture	11	other				621014	4	3155	6	0	3000
Picture	20	other				632134	4	3155	6	0	3000
Picture	21	other				641596	2	3154	3	0	3000
Picture	20	other				652550	1	3154	2	0	3000
Picture	11	other				662342	2	3154	3	0	3000
Picture	21	other				671969	1	3153	2	0	3000
Picture	11	other				680599	1	3154	2	0	3000
Picture	20	other				689395	2	3154	3	0	3000
Picture	20	other				698026	1	3153	2	0	3000
Picture	21	other				707652	1	3154	2	0	3000
Picture	10	other				717942	2	3154	3	0	3000
Picture	20	other				728730	2	3154	3	0	3000
Picture	10	other				739684	2	3154	3	0	3000
Picture	11	other				748315	1	3153	2	0	3000
Picture	10	other				757277	1	3154	2	0	3000
Picture	10	other				767567	2	3154	3	0	3000
Picture	10	other				777027	2	3154	3	0	3000
Picture	20	other				786322	1	3153	2	0	3000
Picture	11	other				796280	1	3153	2	0	3000
Picture	10	other				804910	2	3154	3	0	3000
Picture	10	other				813873	1	3153	2	0	3000
Picture	21	other				823831	1	3153	2	0	3000
Picture	10	other				832959	2	3154	3	0	3000
Picture	10	other				841756	1	3153	2	0	3000
Picture	20	other				851382	1	3153	2	0	3000
Picture	21	other				862336	1	3153	2	0	3000
Picture	11	other				871298	2	3154	3	0	3000
Picture	10	other				880759	1	3153	2	0	3000
Picture	10	other				890717	1	3153	2	0	3000
Picture	10	other				901505	1	3153	2	0	3000
Picture	10	other				912625	1	3153	2	0	3000
Picture	21	other				923247	1	3153	2	0	3000
Picture	11	other				934365	3	3155	4	0	3000
Picture	10	other				942997	1	3154	2	0	3000
Picture	20	other				954117	1	3154	2	0	3000
Picture	10	other				963245	2	3154	3	0	3000
Picture	10	other				974199	2	3154	3	0	3000
Picture	21	other				985319	2	3154	3	0	3000
Picture	21	other				996107	2	3154	3	0	3000
Picture	21	other				1006729	2	3154	3	0	3000
Picture	21	other				1017352	1	3153	2	0	3000
Picture	11	other				1025982	1	3153	3	0	3000
Picture	11	other				1037102	1	3153	2	0	3000
Picture	10	other				1047392	1	3153	3	0	3000
Picture	20	other				1058014	1	3154	2	0	3000
Picture	11	other				1068802	1	3154	2	0	3000
Picture	21	other				1078760	2	3154	3	0	3000
Picture	20	other				1089880	2	3154	3	0	3000
Picture	11	other				1098843	2	3153	3	0	3000
Picture	10	other				1110129	1	3153	2	0	3000
Picture	11	other				1120917	1	3153	2	0	3000
Picture	21	other				1132368	2	3154	3	0	3000
Picture	20	other				1141497	1	3153	2	0	3000
Picture	21	other				1152949	1	3153	2	0	3000
Picture	20	other				1164069	1	3153	2	0	3000
Picture	21	other				1175355	1	3153	2	0	3000
Picture	20	other				1184316	2	3154	4	0	3000
Picture	20	other				1195105	1	3153	3	0	3000
Picture	21	other				1205561	3	3154	4	0	3000
Picture	20	other				1216847	1	3154	2	0	3000
Picture	20	other				1225809	2	3154	3	0	3000
Picture	21	other				1236265	2	3154	3	0	3000
Picture	11	other				1246888	1	3153	2	0	3000
Picture	21	other				1256348	1	3153	2	0	3000
Picture	11	other				1265974	1	3154	2	0	3000
Picture	20	other				1277426	1	3153	3	0	3000
Picture	11	other				1288380	1	3153	3	0	3000
Picture	20	other				1299002	2	3153	4	0	3000
Picture	20	other				1309292	1	3154	2	0	3000
Picture	10	other				1318752	2	3154	3	0	3000
Picture	10	other				1329208	2	3154	3	0	3000
Picture	20	other				1340494	2	3154	3	0	3000
Picture	21	other				1351116	2	3154	3	0	3000
Picture	10	other				1360245	1	3153	2	0	3000
Picture	21	other				1370534	4	3154	5	0	3000
Picture	10	other				1381489	1	3153	3	0	3000
Picture	10	other				1390949	2	3154	3	0	3000
Picture	10	other				1400244	1	3153	2	0	3000
Picture	20	other				1410368	1	3153	2	0	3000
Picture	10	other				1418998	1	3154	2	0	3000
Picture	11	other				1427794	2	3154	3	0	3000
Picture	10	other				1438417	1	3153	2	0	3000
Picture	10	other				1448707	1	3153	2	0	3000
Picture	11	other				1458831	1	3153	2	0	3000
Picture	11	other				1468955	1	3153	2	0	3000
Picture	10	other				1480241	1	3153	2	0	3000
Picture	21	other				1489701	1	3153	5	0	3000
Picture	11	other				1499493	2	3154	3	0	3000
Picture	21	other				1508290	1	3153	2	0	3000
Picture	10	other				1538828	2	3154	3	0	3000
Picture	20	other				1549118	2	3154	3	0	3000
Picture	21	other				1560072	2	3154	3	0	3000
Picture	21	other				1571524	2	3154	3	0	3000
Picture	11	other				1580321	1	3153	2	0	3000
Picture	11	other				1590279	1	3153	2	0	3000
Picture	21	other				1601233	1	3153	2	0	3000
Picture	11	other				1610527	1	3154	2	0	3000
Picture	11	other				1619655	2	3154	3	0	3000
Picture	20	other				1629946	1	3153	2	0	3000
Picture	20	other				1639572	1	3153	2	0	3000
Picture	21	other				1648036	2	3154	3	0	3000
Picture	11	other				1656667	1	3153	2	0	3000
Picture	10	other				1666293	1	3153	2	0	3000
Picture	10	other				1677247	1	3153	2	0	3000
Picture	21	other				1688035	1	3153	2	0	3000
Picture	21	other				1697661	1	3154	2	0	3000
Picture	11	other				1706624	1	3153	2	0	3000
Picture	11	other				1717909	2	3154	3	0	3000
Picture	21	other				1728863	2	3154	3	0	3000
Picture	10	other				1737494	1	3153	2	0	3000
Picture	10	other				1748780	1	3153	2	0	3000
Picture	21	other				1759900	1	3153	2	0	3000
Picture	21	other				1769028	1	3154	2	0	3000
Picture	20	other				1778322	2	3154	3	0	3000
Picture	20	other				1787451	1	3153	2	0	3000
Picture	21	other				1797904	5	3156	6	0	3000
Picture	11	other				1808363	1	3153	2	0	3000
Picture	20	other				1817989	1	3154	2	0	3000
Picture	11	other				1827117	2	3154	3	0	3000
Picture	10	other				1836412	1	3153	2	0	3000
Picture	11	other				1847532	1	3153	2	0	3000
Picture	21	other				1857324	1	3153	2	0	3000
Picture	10	other				1866784	2	3154	3	0	3000
Picture	11	other				1875581	1	3153	2	0	3000
Picture	20	other				1886867	1	3153	2	0	3000
Picture	21	other				1895829	1	3153	2	0	3000
Picture	21	other				1906783	1	3153	3	0	3000
Picture	20	other				1916409	2	3154	3	0	3000
Picture	11	other				1925372	1	3153	2	0	3000
Picture	10	other				1935662	1	3153	2	0	3000
Picture	20	other				1944125	3	3155	4	0	3000
Picture	21	other				1953254	2	3154	3	0	3000
Picture	21	other				1964042	2	3154	3	0	3000
Picture	20	other				1972839	1	3153	2	0	3000
Picture	11	other				1983627	1	3153	2	0	3000
Picture	21	other				1992423	2	3154	3	0	3000
Picture	10	other				2002547	2	3154	3	0	3000
Picture	20	other				2011676	1	3153	2	0	3000
Picture	10	other				2022132	1	3153	2	0	3000
Picture	10	other				2033418	1	3153	2	0	3000
Picture	20	other				2044704	1	3153	2	0	3000
Picture	11	other				2055824	1	3153	2	0	3000
Picture	21	other				2066612	1	3153	2	0	3000
Picture	10	other				2076902	1	3152	5	0	3000
Picture	20	other				2087026	1	3153	3	0	3000
Picture	20	other				2098146	1	3153	3	0	3000
Picture	21	other				2109432	1	3153	2	0	3000
Picture	20	other				2120884	1	3153	2	0	3000
Picture	20	other				2129680	1	3154	2	0	3000
Picture	20	other				2138809	1	3153	2	0	3000
Picture	21	other				2149265	1	3153	2	0	3000
Picture	11	other				2160717	1	3153	2	0	3000
Picture	21	other				2169845	1	3153	2	0	3000
Picture	21	other				2180965	1	3153	2	0	3000
Picture	10	other				2191919	1	3153	2	0	3000
Picture	10	other				2202541	1	3153	2	0	3000
Picture	21	other				2211337	2	3154	3	0	3000
Picture	10	other				2221793	2	3154	3	0	3000
Picture	20	other				2230922	1	3153	2	0	3000
Picture	20	other				2240714	1	3153	2	0	3000
Picture	21	other				2250340	1	3154	2	0	3000
Picture	21	other				2261792	1	3154	2	0	3000
Picture	21	other				2270422	2	3154	3	0	3000
Picture	10	other				2280547	1	3153	2	0	3000
Picture	11	other				2291501	1	3153	2	0	3000
Picture	21	other				2300795	1	3153	2	0	3000
Picture	11	other				2310587	1	3154	2	0	3000
Picture	10	other				2321707	1	3154	2	0	3000
Picture	20	other				2330504	1	3153	2	0	3000
Picture	10	other				2340462	1	3153	2	0	3000
Picture	11	other				2349424	1	3153	3	0	3000
Picture	21	other				2360876	1	3153	3	0	3000
Picture	20	other				2371000	1	3153	3	0	3000
Picture	21	other				2379631	1	3153	2	0	3000
Picture	11	other				2390087	1	3153	2	0	3000
Picture	21	other				2401539	1	3153	2	0	3000
Picture	20	other				2411829	1	3153	2	0	3000
Picture	21	other				2423115	1	3153	2	0	3000
Picture	20	other				2434401	1	3153	2	0	3000
Picture	20	other				2443529	1	3153	2	0	3000
Picture	21	other				2452325	2	3154	3	0	3000
Picture	11	other				2462781	2	3154	3	0	3000
Picture	11	other				2472905	2	3154	3	0	3000
Picture	21	other				2484025	2	3154	3	0	3000
Picture	21	other				2493320	1	3153	2	0	3000
Picture	20	other				2503444	1	3153	2	0	3000
Picture	20	other				2512406	2	3154	3	0	3000
Picture	20	other				2521037	1	3153	2	0	3000
Picture	20	other				2531161	1	3153	2	0	3000
Picture	21	other				2540455	1	3154	2	0	3000
Picture	10	other				2551243	1	3154	2	0	3000
Picture	21	other				2561533	2	3154	3	0	3000
Picture	21	other				2572487	2	3154	3	0	3000
Picture	10	other				2583773	2	3154	3	0	3000
Picture	20	other				2593233	2	3154	3	0	3000
Picture	11	other				2602528	1	3153	2	0	3000
Picture	10	other				2613980	1	3153	2	0	3000
Picture	21	other				2625432	1	3153	2	0	3000
Picture	21	other				2636718	1	3153	2	0	3000
Picture	10	other				2646178	1	3153	2	0	3000
Picture	21	other				2654974	1	3154	2	0	3000
Picture	10	other				2666094	2	3154	3	0	3000
Picture	21	other				2675388	2	3154	3	0	3000
Picture	10	other				2685845	1	3153	2	0	3000
Picture	21	other				2696799	1	3153	2	0	3000
Picture	21	other				2706757	1	3153	2	0	3000
Picture	21	other				2717213	1	3153	2	0	3000
Picture	21	other				2728001	1	3153	2	0	3000
Picture	10	other				2736631	2	3154	3	0	3000
Picture	11	other				2745926	1	3153	2	0	3000
Picture	10	other				2755220	1	3153	2	0	3000
Picture	10	other				2764514	1	3154	2	0	3000
Picture	11	other				2773145	1	3153	2	0	3000
Picture	21	other				2783269	1	3153	2	0	3000
Picture	21	other				2794223	1	3153	2	0	3000
Picture	11	other				2802853	2	3154	3	0	3000
Picture	21	other				2814305	1	3154	2	0	3000
Picture	20	other				2825259	1	3154	2	0	3000
Picture	11	other				2834387	2	3154	3	0	3000
Picture	10	other				2845010	1	3153	2	0	3000
Picture	21	other				2853806	1	3153	2	0	3000
Picture	10	other				2863598	1	3154	2	0	3000
Picture	20	other				2874054	2	3154	3	0	3000
Picture	10	other				2883514	2	3154	3	0	3000
Picture	20	other				2893307	1	3153	2	0	3000
Picture	11	other				2903431	1	3153	2	0	3000
Picture	21	other				2913887	1	3153	2	0	3000
Picture	20	other				2924011	1	3154	2	0	3000
Picture	21	other				2934799	1	3154	2	0	3000
Picture	21	other				2945255	2	3154	3	0	3000
Picture	11	other				2954550	1	3153	2	0	3000
Picture	10	other				2964176	1	3153	2	0	3000
Picture	20	other				2974134	1	3153	2	0	3000
Picture	20	other				2984424	1	3153	3	0	3000
Picture	21	other				2992888	3	3154	4	0	3000
Picture	10	other				3002515	1	3153	2	0	3000
Picture	21	other				3013137	1	3153	2	0	3000
Picture	20	other				3022597	1	3153	3	0	3000
Picture	10	other				3031725	2	3154	3	0	3000
