Scenario - EFT lento Abril 2011
Logfile written - 07/14/2011 14:47:42

Subject	Trial	Event Type	Code	Time	TTime	Uncertainty	Duration	Uncertainty	ReqTime	ReqDur

mjm	2	Picture	21	10414	0	1	3153	2	0	3000
mjm	3	Response	2	21009	7276	1
mjm	4	Picture	10	48089	0	1	3153	2	0	3000
mjm	5	Response	1	55058	3650	1
mjm	6	Picture	11	78793	0	1	3153	3	0	3000
mjm	7	Response	2	82918	806	1
mjm	8	Picture	10	114643	0	1	3153	2	0	3000
mjm	9	Response	1	121403	3441	1
mjm	10	Picture	11	145513	0	1	3153	2	0	3000
mjm	11	Response	1	153860	5028	1
mjm	12	Picture	20	178707	0	1	3153	2	0	3000
mjm	13	Response	2	185758	3732	1
mjm	14	Picture	20	212897	0	1	3153	2	0	3000
mjm	15	Response	2	219777	3561	1
mjm	16	Picture	11	252065	0	2	3154	3	0	3000
mjm	17	Response	1	258132	2747	1
mjm	18	Picture	10	292064	0	1	3154	2	0	3000
mjm	19	Response	1	298668	3285	1
mjm	20	Picture	21	323266	0	2	3154	3	0	3000
mjm	21	Response	2	331919	5333	1
mjm	22	Picture	11	354137	0	1	3153	2	0	3000
mjm	23	Response	1	360897	3441	1
mjm	24	Picture	11	383513	0	2	3154	3	0	3000
mjm	25	Response	1	389316	2483	1
mjm	26	Picture	21	415877	0	2	3154	3	0	3000
mjm	27	Response	2	422419	3222	1
mjm	28	Picture	21	444590	0	2	3154	3	0	3000
mjm	29	Response	2	448749	839	1
mjm	30	Picture	11	484091	0	1	3153	3	0	3000
mjm	31	Response	1	488225	815	1
mjm	32	Picture	21	521932	0	1	3154	2	0	3000
mjm	33	Response	1	525898	647	1
mjm	34	Picture	20	554794	0	1	3153	3	0	3000
mjm	35	Response	2	560826	2713	1
mjm	36	Picture	10	586162	0	2	3154	3	0	3000
mjm	37	Response	1	593844	4362	1
mjm	38	Picture	21	621846	0	1	3153	2	0	3000
mjm	39	Response	2	633233	8068	1
mjm	40	Picture	21	653878	0	1	3153	3	0	3000
mjm	41	Response	2	662775	5578	1
mjm	42	Picture	21	688234	0	1	3153	2	0	3000
mjm	43	Response	2	694320	2767	1
mjm	44	Picture	20	719436	0	1	3153	3	0	3000
mjm	45	Response	2	726277	3522	1
mjm	46	Picture	10	749808	0	2	3154	3	0	3000
mjm	47	Response	1	756339	3211	1
mjm	48	Picture	21	786820	0	1	3153	2	0	3000
mjm	49	Response	2	795284	5145	1
mjm	50	Picture	10	826984	0	2	3154	3	0	3000
mjm	51	Response	1	833141	2837	2
mjm	52	Picture	20	856693	0	1	3153	2	0	3000
mjm	53	Response	2	863277	3265	1
mjm	54	Picture	11	891712	0	2	3154	3	0	3000
mjm	55	Response	1	897744	2712	1
mjm	56	Picture	20	923911	0	1	3153	2	0	3000
mjm	57	Response	2	931619	4389	1
mjm	58	Picture	20	963907	0	4	3156	5	0	3000
mjm	59	Response	1	968351	1122	1
mjm	60	Picture	21	1002082	0	2	3154	3	0	3000
mjm	61	Response	2	1009530	4128	1
mjm	62	Picture	20	1034612	0	2	3154	3	0	3000
mjm	63	Response	2	1048298	10366	1
mjm	64	Picture	20	1074279	0	1	3154	2	0	3000
mjm	65	Response	2	1082198	4599	1
mjm	65	Response	1	1082588	4989	1
mjm	66	Picture	10	1103656	0	1	3153	2	0	3000
mjm	67	Response	1	1115024	8049	2
mjm	68	Picture	20	1136186	0	1	3153	2	0	3000
mjm	69	Response	2	1143092	3587	1
mjm	70	Picture	11	1167720	0	1	3153	3	0	3000
mjm	71	Response	1	1174492	3453	1
mjm	72	Picture	20	1203238	0	1	3153	2	0	3000
mjm	73	Response	2	1210871	4314	1
mjm	74	Picture	21	1239917	0	1	3153	2	0	3000
mjm	75	Response	2	1245745	2509	1
mjm	76	Picture	20	1271119	0	1	3154	2	0	3000
mjm	77	Response	1	1277197	2758	1
mjm	78	Picture	10	1309624	0	1	3153	3	0	3000
mjm	79	Response	1	1318939	5996	1
mjm	80	Picture	11	1349125	0	1	3153	2	0	3000
mjm	81	Response	1	1358592	6148	2
mjm	82	Picture	20	1383978	0	2	3154	3	0	3000
mjm	83	Response	2	1393055	5757	1
mjm	84	Picture	21	1414351	0	1	3153	2	0	3000
mjm	85	Response	2	1421090	3420	2
mjm	86	Picture	11	1442898	0	1	3153	2	0	3000
mjm	87	Response	1	1449717	3500	1
mjm	88	Picture	20	1473934	0	1	3153	3	0	3000
mjm	89	Response	2	1480614	3361	1
mjm	90	Picture	21	1510281	0	2	3154	3	0	3000
mjm	91	Response	2	1518378	4777	1
mjm	92	Picture	21	1543309	0	2	3154	3	0	3000
mjm	93	Response	2	1549361	2732	1
mjm	94	Picture	21	1580155	0	1	3153	2	0	3000
mjm	95	Response	2	1585062	1588	2
mjm	96	Picture	11	1611855	0	1	3153	2	0	3000
mjm	97	Response	1	1618552	3378	2
mjm	98	Picture	20	1647040	0	2	3154	3	0	3000
mjm	99	Response	2	1650598	238	1
mjm	100	Picture	11	1675587	0	1	3154	2	0	3000
mjm	101	Response	1	1682132	3225	1
mjm	102	Picture	10	1712432	0	2	3154	3	0	3000
mjm	103	Response	2	1715766	14	1
mjm	104	Picture	21	1742307	0	1	3153	3	0	3000
mjm	105	Response	2	1750756	5130	2
mjm	106	Picture	21	1775003	0	1	3153	3	0	3000
mjm	107	Response	2	1781624	3302	1
mjm	108	Picture	10	1809027	0	1	3153	2	0	3000
mjm	109	Response	1	1815789	3443	1
mjm	110	Picture	11	1846702	0	1	3153	2	0	3000
mjm	111	Response	1	1853112	3091	1
mjm	112	Picture	11	1880394	0	1	3153	2	0	3000
mjm	113	Response	2	1885217	1504	1
mjm	114	Picture	20	1916077	0	2	3154	3	0	3000
mjm	115	Response	2	1923550	4153	1
mjm	116	Picture	21	1947279	0	2	3154	3	0	3000
mjm	117	Response	2	1953203	2604	1
mjm	118	Picture	10	1977486	0	1	3153	3	0	3000
mjm	119	Response	1	1983686	2881	1
mjm	120	Picture	11	2011510	0	1	3153	2	0	3000
mjm	121	Response	1	2017822	2993	2
mjm	122	Picture	11	2044868	0	4	3155	5	0	3000
mjm	123	Response	1	2050842	2653	1
mjm	124	Picture	21	2081549	0	1	3153	2	0	3000
mjm	125	Response	2	2088606	3738	1
mjm	126	Picture	21	2119722	0	1	3153	2	0	3000
mjm	127	Response	2	2127310	4269	1
mjm	128	Picture	10	2153082	0	1	3153	2	0	3000
mjm	129	Response	1	2163451	7050	1
mjm	130	Picture	11	2193081	0	1	3153	2	0	3000
mjm	131	Response	1	2198177	1777	1
mjm	132	Picture	20	2232083	0	2	3154	3	0	3000
mjm	133	Response	2	2242283	6880	1
mjm	134	Picture	21	2261958	0	1	3153	2	0	3000
mjm	135	Response	2	2267284	2007	1
mjm	136	Picture	20	2296646	0	1	3153	2	0	3000
mjm	137	Response	1	2301304	1339	2
mjm	138	Picture	10	2330503	0	2	3154	3	0	3000
mjm	139	Response	1	2338108	4285	1
mjm	140	Picture	21	2361872	0	1	3153	2	0	3000
mjm	141	Response	2	2370507	5316	2
mjm	142	Picture	11	2390916	0	2	3152	5	0	3000
mjm	143	Response	2	2399426	5190	2
mjm	144	Picture	20	2428592	0	1	3153	2	0	3000
mjm	145	Response	1	2441054	9143	1
mjm	146	Picture	10	2464773	0	1	3153	2	0	3000
mjm	147	Response	1	2481739	13647	1
mjm	148	Picture	21	2500788	0	4	3154	5	0	3000
mjm	149	Response	2	2507916	3808	1
mjm	150	Picture	10	2531327	0	1	3153	2	0	3000
mjm	151	Response	1	2539759	5113	1
mjm	152	Picture	11	2566844	0	2	3154	3	0	3000
mjm	153	Response	1	2572632	2468	2
mjm	154	Picture	20	2606179	0	1	3153	3	0	3000
mjm	155	Response	2	2618034	8536	1
mjm	156	Picture	10	2635224	0	1	3153	2	0	3000
mjm	157	Response	1	2646604	8061	1
mjm	158	Picture	21	2668086	0	1	3153	2	0	3000
mjm	159	Response	2	2680036	8631	2
mjm	160	Picture	20	2698956	0	1	3154	2	0	3000
mjm	161	Response	2	2712199	9924	1
mjm	162	Picture	21	2732980	0	1	3153	2	0	3000
mjm	163	Response	2	2743660	7361	2
mjm	164	Picture	10	2769825	0	1	3154	2	0	3000
mjm	165	Response	2	2785669	12525	1
mjm	166	Picture	20	2807666	0	2	3154	3	0	3000
mjm	167	Response	2	2819014	8029	1
mjm	168	Picture	11	2839532	0	2	3154	3	0	3000
mjm	169	Response	2	2848939	6087	1
mjm	169	Response	1	2853952	11100	1
mjm	170	Picture	10	2876710	0	1	3153	2	0	3000
mjm	171	Response	1	2890151	10122	1
mjm	172	Picture	20	2912891	0	1	3153	2	0	3000
mjm	173	Response	2	2926022	9812	1
mjm	174	Picture	21	2943927	0	2	3154	3	0	3000
mjm	175	Response	2	2953381	6134	1
mjm	176	Picture	11	2972806	0	1	3153	3	0	3000
mjm	177	Response	1	2980417	4292	2
mjm	178	Picture	11	3012307	0	1	3153	2	0	3000
mjm	179	Response	1	3019655	4029	1
mjm	180	Picture	21	3042347	0	2	3154	3	0	3000
mjm	181	Response	1	3051234	5567	1
mjm	182	Picture	21	3077367	0	1	3153	2	0	3000
mjm	183	Response	2	3084659	3973	2
mjm	184	Picture	11	3111723	0	1	3153	2	0	3000
mjm	185	Response	1	3118003	2961	1
mjm	186	Picture	20	3143423	0	1	3153	2	0	3000
mjm	187	Response	2	3155947	9205	1
mjm	188	Picture	20	3172301	0	2	3154	3	0	3000
mjm	189	Response	2	3189082	13461	1
mjm	190	Picture	10	3207155	0	1	3153	4	0	3000
mjm	191	Response	1	3220483	10008	1
mjm	192	Picture	11	3246988	0	1	3153	2	0	3000
mjm	193	Response	1	3255037	4730	1
mjm	194	Picture	21	3279684	0	1	3153	2	0	3000
mjm	195	Response	2	3289331	6328	2
mjm	196	Picture	11	3312712	0	1	3153	2	0	3000
mjm	197	Response	1	3317961	1930	1
mjm	198	Picture	10	3345076	0	1	3153	2	0	3000
mjm	199	Response	1	3353168	4773	1
mjm	200	Picture	20	3384909	0	1	3153	2	0	3000
mjm	201	Response	2	3391462	3234	1
mjm	202	Picture	21	3422750	0	1	3153	2	0	3000
mjm	203	Response	2	3430821	4753	1
mjm	204	Picture	20	3459761	0	1	3153	2	0	3000
mjm	205	Response	2	3467845	4765	2
mjm	206	Picture	11	3497602	0	1	3153	3	0	3000
mjm	207	Response	1	3502426	1505	2
mjm	208	Picture	21	3528970	0	2	3154	3	0	3000
mjm	209	Response	2	3537834	5544	1
mjm	210	Picture	21	3563492	0	1	3153	3	0	3000
mjm	211	Response	2	3571676	4865	1
mjm	212	Picture	20	3599341	0	2	3154	3	0	3000
mjm	213	Response	2	3608759	6098	1
mjm	214	Picture	20	3633365	0	2	3154	3	0	3000
mjm	215	Response	2	3641775	5090	2
mjm	216	Picture	20	3673032	0	1	3153	2	0	3000
mjm	217	Response	2	3680892	4541	1
mjm	218	Picture	11	3710873	0	1	3153	3	0	3000
mjm	219	Response	1	3714997	805	1
mjm	220	Picture	10	3750042	0	1	3153	2	0	3000
mjm	221	Response	2	3757418	4057	1
mjm	222	Picture	20	3784730	0	1	3153	2	0	3000
mjm	223	Response	2	3792940	4891	1
mjm	224	Picture	10	3816928	0	1	3153	2	0	3000
mjm	225	Response	1	3823952	3705	1
mjm	226	Picture	21	3850454	0	1	3153	2	0	3000
mjm	227	Response	2	3861981	8208	1
mjm	228	Picture	21	3879996	0	1	3154	2	0	3000
mjm	229	Response	2	3889663	6348	1
mjm	230	Picture	20	3910203	0	1	3153	2	0	3000
mjm	231	Response	2	3916255	2733	1
mjm	232	Picture	10	3944890	0	1	3154	2	0	3000
mjm	233	Response	1	3953756	5546	1
mjm	234	Picture	11	3976093	0	1	3153	2	0	3000
mjm	235	Response	1	3984118	4706	1
mjm	236	Picture	21	4007959	0	1	3153	2	0	3000
mjm	237	Response	2	4017573	6295	1
mjm	238	Picture	21	4036837	0	2	3154	3	0	3000
mjm	239	Response	2	4044670	4513	1
mjm	240	Picture	11	4071193	0	1	3154	2	0	3000
mjm	241	Response	1	4077717	3204	1
mjm	242	Picture	21	4102727	0	2	3154	3	0	3000
mjm	243	Response	2	4111143	5096	1
mjm	244	Picture	10	4139739	0	1	3153	2	0	3000
mjm	245	Response	2	4146927	3869	1
mjm	246	Picture	21	4176418	0	1	3153	2	0	3000
mjm	247	Response	1	4185633	5896	1
mjm	248	Picture	21	4212599	0	2	3154	3	0	3000
mjm	249	Response	2	4220355	4436	2
mjm	250	Picture	20	4242474	0	1	3153	2	0	3000
mjm	251	Response	2	4255258	9465	1
mjm	252	Picture	20	4274174	0	1	3153	3	0	3000
mjm	253	Response	2	4281291	3798	1
mjm	254	Picture	10	4305376	0	2	3154	3	0	3000
mjm	255	Response	1	4312154	3458	2
mjm	256	Picture	21	4336413	0	1	3153	2	0	3000
mjm	257	Response	2	4344113	4381	1
mjm	258	Picture	21	4368943	0	1	3153	2	0	3000
mjm	259	Response	2	4375187	2925	2
mjm	260	Picture	10	4408278	0	1	3153	2	0	3000
mjm	261	Response	1	4414780	3183	2
mjm	262	Picture	10	4441471	0	2	3154	3	0	3000
mjm	263	Response	1	4451871	7080	1
mjm	264	Picture	20	4475661	0	2	3154	3	0	3000
mjm	265	Response	2	4486163	7182	2
mjm	266	Picture	20	4506366	0	1	3153	2	0	3000
mjm	267	Response	2	4523313	13628	2
mjm	268	Picture	21	4536074	0	1	3154	2	0	3000
mjm	269	Response	2	4549671	10277	1
mjm	270	Picture	10	4575243	0	1	3153	3	0	3000
mjm	271	Response	1	4589707	11145	1
mjm	272	Picture	21	4613084	0	1	3153	3	0	3000
mjm	273	Response	2	4628004	11601	1
mjm	274	Picture	20	4644784	0	1	3154	2	0	3000
mjm	275	Response	2	4661903	13799	1
mjm	276	Picture	10	4676816	0	2	3154	3	0	3000
mjm	277	Response	1	4687906	7770	1
mjm	278	Picture	10	4712832	0	1	3153	2	0	3000
mjm	279	Response	1	4725965	9814	2
mjm	280	Picture	21	4746358	0	1	3153	2	0	3000
mjm	281	Response	2	4760522	10845	1
mjm	282	Picture	10	4783701	0	1	3153	2	0	3000
mjm	283	Response	1	4798584	11564	2
mjm	284	Picture	20	4823036	0	1	3153	2	0	3000
mjm	285	Response	2	4832520	6165	2
mjm	286	Picture	11	4853076	0	2	3152	6	0	3000
mjm	287	Response	1	4868985	12589	1
mjm	288	Picture	20	4887598	0	1	3153	2	0	3000
mjm	289	Response	2	4899913	8996	2
mjm	290	Picture	20	4925273	0	1	3153	3	0	3000
mjm	291	Response	2	4936644	8052	1
mjm	292	Picture	11	4961122	0	2	3154	3	0	3000
mjm	293	Response	1	4968250	3808	1
mjm	294	Picture	21	4998466	0	1	3153	2	0	3000
mjm	295	Response	2	5012804	11019	1
mjm	296	Picture	10	5031162	0	1	3153	2	0	3000
mjm	297	Response	1	5038925	4444	1
mjm	298	Picture	10	5061368	0	1	3154	2	0	3000
mjm	299	Response	1	5066703	2016	1
mjm	300	Picture	20	5093566	0	2	3154	3	0	3000
mjm	301	Response	2	5102081	5195	1
mjm	302	Response	2	5420176	292752	1
mjm	303	Response	1	5420354	160	2
mjm	304	Picture	21	5440443	0	1	3153	2	0	3000
mjm	305	Response	2	5450670	6908	1
mjm	306	Picture	20	5477122	0	1	3154	2	0	3000
mjm	307	Response	2	5484899	4458	1
mjm	308	Picture	11	5509652	0	1	3154	2	0	3000
mjm	309	Response	1	5514085	1113	1
mjm	310	Picture	20	5538365	0	1	3153	2	0	3000
mjm	311	Response	2	5544036	2352	1
mjm	312	Picture	11	5578032	0	1	3153	2	0	3000
mjm	313	Response	1	5582326	975	1
mjm	314	Picture	20	5610396	0	1	3153	2	0	3000
mjm	315	Response	2	5618585	4870	2
mjm	316	Picture	20	5646079	0	1	3154	2	0	3000
mjm	317	Response	2	5661096	11697	1
mjm	318	Picture	21	5677116	0	1	3153	2	0	3000
mjm	319	Response	2	5690252	9817	2
mjm	320	Picture	21	5717114	0	2	3154	3	0	3000
mjm	321	Response	2	5725420	4986	1
mjm	322	Picture	10	5746159	0	1	3153	2	0	3000
mjm	323	Response	1	5762237	12759	2
mjm	324	Picture	20	5779851	0	1	3153	2	0	3000
mjm	325	Response	2	5786590	3420	2
mjm	326	Picture	20	5815036	0	2	3154	3	0	3000
mjm	327	Response	2	5822526	4170	2
mjm	328	Picture	21	5855201	0	1	3153	3	0	3000
mjm	329	Response	2	5861446	2926	1
mjm	330	Picture	11	5891880	0	2	3154	3	0	3000
mjm	331	Response	1	5897975	2775	1
mjm	332	Picture	21	5929721	0	2	3154	3	0	3000
mjm	333	Response	2	5935005	1964	1
mjm	334	Picture	10	5958268	0	1	3154	2	0	3000
mjm	335	Response	1	5963428	1840	4
mjm	336	Picture	20	5988807	0	1	3153	2	0	3000
mjm	337	Response	2	5992321	195	1
mjm	338	Picture	11	6023660	0	1	3154	2	0	3000
mjm	339	Response	1	6028114	1134	2
mjm	340	Picture	11	6062331	0	1	3153	3	0	3000
mjm	341	Response	2	6066025	375	1
mjm	342	Picture	21	6093367	0	2	3154	3	0	3000
mjm	343	Response	2	6100072	3385	1
mjm	344	Picture	10	6130047	0	1	3153	2	0	3000
mjm	345	Response	1	6141377	8011	1
mjm	346	Picture	10	6166892	0	1	3153	3	0	3000
mjm	347	Response	1	6175912	5701	2
mjm	348	Picture	11	6202244	0	1	3153	2	0	3000
mjm	349	Response	1	6218952	13389	2
mjm	350	Picture	10	6236599	0	2	3154	3	0	3000
mjm	351	Response	1	6244104	4185	1
mjm	352	Picture	21	6269461	0	2	3154	3	0	3000
mjm	353	Response	1	6286559	13778	1
mjm	354	Picture	20	6304979	0	1	3153	2	0	3000
mjm	355	Response	2	6321026	12728	1
mjm	356	Picture	11	6334189	0	2	3154	3	0	3000
mjm	357	Response	1	6342199	4690	1
mjm	358	Picture	10	6374022	0	1	3154	2	0	3000
mjm	359	Response	1	6389729	12387	1
mjm	360	Picture	10	6408046	0	1	3153	2	0	3000
mjm	361	Response	1	6416768	5403	1
mjm	362	Picture	20	6439912	0	1	3153	3	0	3000
mjm	363	Response	1	6445107	1876	1
mjm	364	Picture	20	6470948	0	2	3154	3	0	3000
mjm	365	Response	2	6476006	1738	1
mjm	366	Picture	10	6510449	0	1	3154	2	0	3000
mjm	367	Response	1	6523710	9941	1
mjm	368	Picture	11	6541651	0	2	3154	3	0	3000
mjm	369	Response	1	6548476	3505	2
mjm	370	Picture	10	6578829	0	1	3153	2	0	3000
mjm	371	Response	1	6587397	5249	1
mjm	372	Picture	21	6615508	0	2	3153	4	0	3000
mjm	373	Response	2	6624073	5246	2
mjm	374	Picture	11	6649698	0	1	3153	2	0	3000
mjm	375	Response	1	6656473	3456	1
mjm	376	Picture	11	6679406	0	2	3154	3	0	3000
mjm	377	Response	1	6686133	3407	1
mjm	378	Picture	11	6708783	0	1	3153	2	0	3000
mjm	379	Response	1	6716293	4191	2
mjm	380	Picture	21	6743471	0	1	3153	2	0	3000
mjm	381	Response	1	6750080	3292	1
mjm	382	Picture	20	6779320	0	1	3153	3	0	3000
mjm	383	Response	2	6785099	2460	2
mjm	384	Picture	21	6810024	0	2	3154	3	0	3000
mjm	385	Response	2	6817321	3977	1
mjm	386	Picture	11	6848197	0	2	3151	6	0	3000
mjm	387	Response	1	6852108	591	1
mjm	388	Picture	21	6882553	0	1	3154	2	0	3000
mjm	389	Response	2	6889638	3766	1
mjm	390	Picture	10	6913258	0	1	3153	2	0	3000
mjm	391	Response	1	6930384	13807	2
mjm	392	Picture	21	6944294	0	1	3153	2	0	3000
mjm	393	Response	2	6953495	5882	2
mjm	394	Picture	11	6984127	0	1	3153	2	0	3000
mjm	395	Response	1	6990469	3023	2
mjm	396	Picture	21	7023959	0	2	3154	3	0	3000
mjm	397	Response	2	7037025	9746	1
mjm	398	Picture	10	7054996	0	1	3153	2	0	3000
mjm	399	Response	1	7070312	11997	2
mjm	400	Picture	10	7093833	0	1	3153	2	0	3000
mjm	401	Response	1	7111913	14761	2
mjm	402	Picture	21	7132503	0	2	3154	3	0	3000
mjm	403	Response	2	7140192	4369	1
mjm	404	Picture	21	7164370	0	1	3153	2	0	3000
mjm	405	Response	2	7176483	8794	1
mjm	406	Picture	20	7195904	0	1	3153	2	0	3000
mjm	407	Response	2	7210598	11375	1
mjm	408	Picture	21	7236235	0	1	3153	2	0	3000
mjm	409	Response	2	7244268	4714	2
mjm	410	Picture	21	7266939	0	1	3153	2	0	3000
mjm	411	Response	2	7274194	3936	1
mjm	412	Picture	21	7301627	0	1	3153	2	0	3000
mjm	413	Response	2	7308036	3090	2
mjm	414	Picture	21	7341957	0	1	3151	5	0	3000
mjm	415	Response	2	7347167	1890	1
mjm	416	Picture	11	7381790	0	1	3153	2	0	3000
mjm	417	Response	1	7386763	1655	2
mjm	418	Picture	21	7416809	0	2	3154	3	0	3000
mjm	419	Response	2	7422910	2781	2
mjm	420	Picture	21	7455978	0	2	3154	3	0	3000
mjm	421	Response	2	7461416	2118	1
mjm	422	Picture	10	7489836	0	1	3154	2	0	3000
mjm	423	Response	2	7493469	314	1
mjm	424	Picture	20	7530001	0	1	3153	2	0	3000
mjm	425	Response	1	7534393	1073	1
mjm	426	Picture	20	7565850	0	2	3154	3	0	3000
mjm	427	Response	2	7578089	8919	1
mjm	428	Picture	11	7598380	0	2	3154	3	0	3000
mjm	429	Response	1	7604329	2629	1
mjm	430	Picture	21	7637051	0	2	3154	3	0	3000
mjm	431	Response	2	7641365	994	1
mjm	432	Picture	20	7666428	0	1	3153	2	0	3000
mjm	433	Response	2	7675594	5847	1
mjm	434	Picture	21	7702111	0	2	3154	3	0	3000
mjm	435	Response	2	7708408	2980	2
mjm	436	Picture	20	7733314	0	1	3153	2	0	3000
mjm	437	Response	2	7741137	4504	1
mjm	438	Picture	11	7766508	0	1	3153	2	0	3000
mjm	439	Response	1	7774661	4834	1
mjm	440	Picture	11	7803851	0	1	3153	2	0	3000
mjm	441	Response	1	7812639	5469	1
mjm	442	Picture	21	7842688	0	1	3153	2	0	3000
mjm	443	Response	2	7853204	7197	1
mjm	444	Picture	11	7878703	0	1	3153	3	0	3000
mjm	445	Response	1	7888586	6564	1
mjm	446	Picture	11	7916544	0	1	3154	2	0	3000
mjm	447	Response	1	7930979	11115	1
mjm	448	Picture	11	7945588	0	5	3154	6	0	3000
mjm	449	Response	1	7953712	4804	2
mjm	450	Picture	10	7983098	0	1	3153	3	0	3000
mjm	451	Response	1	7991041	4624	1
mjm	452	Picture	21	8019445	0	2	3154	3	0	3000
mjm	453	Response	2	8026357	3592	2
mjm	454	Picture	10	8057950	0	2	3154	3	0	3000
mjm	455	Response	1	8064441	3171	1
mjm	456	Picture	20	8091476	0	1	3152	5	0	3000
mjm	457	Response	2	8100497	5701	1
mjm	458	Picture	11	8122181	0	1	3153	2	0	3000
mjm	459	Response	1	8129508	4008	2
mjm	460	Picture	21	8154047	0	1	3153	2	0	3000
mjm	461	Response	2	8160228	2862	1
mjm	462	Picture	11	8188402	0	2	3154	3	0	3000
mjm	463	Response	1	8195104	3382	1
mjm	464	Picture	20	8223256	0	1	3153	3	0	3000
mjm	465	Response	2	8231043	4468	2
mjm	466	Picture	21	8254458	0	2	3154	3	0	3000
mjm	467	Response	1	8260379	2601	1
mjm	468	Picture	11	8290806	0	1	3153	2	0	3000
mjm	469	Response	1	8299173	5048	1
mjm	470	Picture	21	8324830	0	1	3153	2	0	3000
mjm	471	Response	2	8335673	7524	1
mjm	472	Picture	20	8363832	0	2	3154	3	0	3000
mjm	473	Response	2	8374142	6990	2
mjm	474	Picture	21	8392545	0	1	3154	2	0	3000
mjm	475	Response	2	8402556	6691	2
mjm	476	Picture	10	8424245	0	2	3154	3	0	3000
mjm	477	Response	1	8433370	5805	1
mjm	478	Picture	20	8461920	0	2	3154	3	0	3000
mjm	479	Response	2	8468721	3481	2
mjm	480	Picture	11	8498600	0	1	3153	2	0	3000
mjm	481	Response	1	8507229	5310	1
mjm	482	Picture	11	8531130	0	1	3153	2	0	3000
mjm	483	Response	1	8539777	5328	1
mjm	484	Picture	21	8565320	0	1	3153	2	0	3000
mjm	485	Response	2	8571879	3240	2
mjm	486	Picture	21	8594530	0	2	3154	3	0	3000
mjm	487	Response	2	8599649	1799	1
mjm	488	Picture	11	8627392	0	1	3154	2	0	3000
mjm	489	Response	1	8634174	3462	1
mjm	490	Picture	21	8665731	0	2	3154	3	0	3000
mjm	491	Response	2	8672539	3488	1
mjm	492	Picture	10	8698593	0	1	3154	2	0	3000
mjm	493	Response	1	8706956	5043	1
mjm	494	Picture	20	8730791	0	2	3154	3	0	3000
mjm	495	Response	2	8738060	3949	2
mjm	496	Picture	20	8770126	0	1	3154	2	0	3000
mjm	497	Response	2	8780778	7332	1
mjm	498	Picture	20	8800664	0	2	3154	3	0	3000
mjm	499	Response	2	8809939	5955	1
mjm	500	Picture	10	8835352	0	2	3154	3	0	3000
mjm	501	Response	1	8847529	8857	1
mjm	502	Picture	21	8866886	0	2	3154	3	0	3000
mjm	503	Response	2	8877072	6866	1
mjm	504	Picture	21	8903068	0	1	3153	2	0	3000
mjm	506	Picture	20	8933772	0	2	3154	3	0	3000
mjm	507	Response	2	8941102	4010	2
mjm	508	Picture	10	8970949	0	2	3154	3	0	3000
mjm	509	Response	1	8978517	4248	1
mjm	510	Picture	20	9008293	0	1	3153	2	0	3000
mjm	511	Response	2	9015545	3933	2
mjm	512	Picture	20	9041818	0	2	3154	3	0	3000
mjm	513	Response	2	9051785	6647	1
mjm	514	Picture	21	9081651	0	1	3154	2	0	3000
mjm	515	Response	2	9086488	1517	1
mjm	516	Picture	20	9112687	0	2	3154	3	0	3000
mjm	517	Response	2	9126202	10195	1
mjm	518	Picture	11	9143060	0	1	3153	2	0	3000
mjm	519	Response	1	9151411	5032	2
mjm	520	Picture	21	9176420	0	1	3153	2	0	3000
mjm	521	Response	2	9181042	1303	1
mjm	522	Picture	11	9213265	0	1	3154	2	0	3000
mjm	523	Response	1	9217278	693	1
mjm	524	Picture	10	9251106	0	1	3154	2	0	3000
mjm	525	Response	2	9258699	4273	1
mjm	526	Picture	11	9284466	0	1	3154	2	0	3000
mjm	527	Response	1	9289656	1871	2
mjm	528	Picture	20	9323303	0	1	3153	3	0	3000
mjm	529	Response	2	9332996	6374	1
mjm	530	Picture	20	9360978	0	1	3154	2	0	3000
mjm	531	Response	1	9366812	2515	1
mjm	532	Picture	20	9399815	0	1	3153	3	0	3000
mjm	533	Response	2	9414573	11439	1
mjm	534	Picture	21	9437158	0	2	3154	3	0	3000
mjm	535	Response	2	9445461	4983	1
mjm	536	Picture	20	9472012	0	1	3153	2	0	3000
mjm	537	Response	2	9482751	7420	1
mjm	538	Picture	11	9504708	0	1	3153	2	0	3000
mjm	539	Response	1	9513355	5328	1
mjm	540	Picture	10	9536408	0	1	3154	2	0	3000
mjm	541	Response	1	9547763	8036	1
mjm	542	Picture	20	9572423	0	2	3154	3	0	3000
mjm	543	Response	2	9586536	10793	2
mjm	544	Picture	20	9607941	0	1	3153	3	0	3000
mjm	545	Response	2	9617316	6056	1
mjm	545	Response	2	9625751	14491	1
mjm	546	Picture	11	9638977	0	2	3154	3	0	3000
mjm	547	Response	1	9647967	5670	1
mjm	548	Picture	10	9674827	0	1	3153	2	0	3000
mjm	549	Response	2	9686971	8825	1
mjm	550	Picture	11	9708021	0	1	3153	2	0	3000
mjm	551	Response	1	9716692	5352	1
mjm	552	Picture	20	9737397	0	2	3152	5	0	3000
mjm	553	Response	2	9751689	10972	1
mjm	554	Picture	20	9767438	0	1	3153	2	0	3000
mjm	555	Response	2	9793671	22914	2
mjm	556	Picture	20	9803785	0	1	3154	2	0	3000
mjm	557	Response	2	9818235	11130	2
mjm	558	Picture	21	9843286	0	1	3153	3	0	3000
mjm	559	Response	2	9851609	5004	1
mjm	560	Picture	20	9878803	0	2	3154	3	0	3000
mjm	561	Response	2	9890145	8022	1
mjm	562	Picture	21	9917474	0	2	3154	3	0	3000
mjm	563	Response	2	9932098	11304	1
mjm	564	Picture	21	9950170	0	2	3154	3	0	3000
mjm	565	Response	2	9966564	13074	1
mjm	566	Picture	11	9984360	0	1	3154	2	0	3000
mjm	567	Response	1	9993960	6280	2
mjm	568	Picture	21	10021039	0	2	3154	3	0	3000
mjm	569	Response	2	10025625	1266	1
mjm	570	Picture	20	10056557	0	1	3153	2	0	3000
mjm	571	Response	2	10068195	8319	1
mjm	572	Picture	11	10096058	0	1	3153	2	0	3000
mjm	573	Response	1	10105202	5825	1
mjm	574	Picture	20	10134563	0	1	3153	2	0	3000
mjm	575	Response	2	10141966	4084	1
mjm	576	Picture	21	10167757	0	1	3153	2	0	3000
mjm	577	Response	2	10174279	3203	1
mjm	578	Picture	11	10198627	0	1	3153	3	0	3000
mjm	579	Response	1	10210604	8658	1
mjm	580	Picture	11	10233813	0	1	3153	2	0	3000
mjm	581	Response	1	10239413	2281	2
mjm	582	Picture	10	10266177	0	1	3153	2	0	3000
mjm	583	Response	1	10287586	18090	2
mjm	584	Picture	11	10298873	0	1	3153	2	0	3000
mjm	585	Response	1	10302596	404	1
mjm	586	Picture	21	10336714	0	1	3153	2	0	3000
mjm	587	Response	2	10345818	5785	1
mjm	588	Picture	10	10377044	0	2	3154	3	0	3000
mjm	589	Response	1	10384349	3985	1
mjm	590	Picture	20	10415051	0	2	3154	3	0	3000
mjm	591	Response	2	10424240	5869	1
mjm	592	Picture	11	10454054	0	2	3154	3	0	3000
mjm	593	Response	1	10461653	4279	1
mjm	594	Picture	21	10492559	0	2	3154	3	0	3000
mjm	595	Response	2	10499630	3751	1
mjm	596	Picture	20	10523098	0	1	3153	2	0	3000
mjm	597	Response	2	10539817	13400	2
mjm	598	Picture	21	10561935	0	1	3153	2	0	3000
mjm	599	Response	2	10576290	11036	2
mjm	600	Picture	20	10600771	0	2	3154	3	0	3000
mjm	601	Response	2	10612644	8553	1
mjm	602	Picture	11	10641102	0	1	3154	2	0	3000
mjm	603	Response	1	10648995	4574	1
mjm	604	Response	1	10733984	57696	2


Event Type	Code	Type	Response	RT	RT Uncertainty	Time	Uncertainty	Duration	Uncertainty	ReqTime	ReqDur

Picture	21	other				10414	1	3153	2	0	3000
Picture	10	other				48089	1	3153	2	0	3000
Picture	11	other				78793	1	3153	3	0	3000
Picture	10	other				114643	1	3153	2	0	3000
Picture	11	other				145513	1	3153	2	0	3000
Picture	20	other				178707	1	3153	2	0	3000
Picture	20	other				212897	1	3153	2	0	3000
Picture	11	other				252065	2	3154	3	0	3000
Picture	10	other				292064	1	3154	2	0	3000
Picture	21	other				323266	2	3154	3	0	3000
Picture	11	other				354137	1	3153	2	0	3000
Picture	11	other				383513	2	3154	3	0	3000
Picture	21	other				415877	2	3154	3	0	3000
Picture	21	other				444590	2	3154	3	0	3000
Picture	11	other				484091	1	3153	3	0	3000
Picture	21	other				521932	1	3154	2	0	3000
Picture	20	other				554794	1	3153	3	0	3000
Picture	10	other				586162	2	3154	3	0	3000
Picture	21	other				621846	1	3153	2	0	3000
Picture	21	other				653878	1	3153	3	0	3000
Picture	21	other				688234	1	3153	2	0	3000
Picture	20	other				719436	1	3153	3	0	3000
Picture	10	other				749808	2	3154	3	0	3000
Picture	21	other				786820	1	3153	2	0	3000
Picture	10	other				826984	2	3154	3	0	3000
Picture	20	other				856693	1	3153	2	0	3000
Picture	11	other				891712	2	3154	3	0	3000
Picture	20	other				923911	1	3153	2	0	3000
Picture	20	other				963907	4	3156	5	0	3000
Picture	21	other				1002082	2	3154	3	0	3000
Picture	20	other				1034612	2	3154	3	0	3000
Picture	20	other				1074279	1	3154	2	0	3000
Picture	10	other				1103656	1	3153	2	0	3000
Picture	20	other				1136186	1	3153	2	0	3000
Picture	11	other				1167720	1	3153	3	0	3000
Picture	20	other				1203238	1	3153	2	0	3000
Picture	21	other				1239917	1	3153	2	0	3000
Picture	20	other				1271119	1	3154	2	0	3000
Picture	10	other				1309624	1	3153	3	0	3000
Picture	11	other				1349125	1	3153	2	0	3000
Picture	20	other				1383978	2	3154	3	0	3000
Picture	21	other				1414351	1	3153	2	0	3000
Picture	11	other				1442898	1	3153	2	0	3000
Picture	20	other				1473934	1	3153	3	0	3000
Picture	21	other				1510281	2	3154	3	0	3000
Picture	21	other				1543309	2	3154	3	0	3000
Picture	21	other				1580155	1	3153	2	0	3000
Picture	11	other				1611855	1	3153	2	0	3000
Picture	20	other				1647040	2	3154	3	0	3000
Picture	11	other				1675587	1	3154	2	0	3000
Picture	10	other				1712432	2	3154	3	0	3000
Picture	21	other				1742307	1	3153	3	0	3000
Picture	21	other				1775003	1	3153	3	0	3000
Picture	10	other				1809027	1	3153	2	0	3000
Picture	11	other				1846702	1	3153	2	0	3000
Picture	11	other				1880394	1	3153	2	0	3000
Picture	20	other				1916077	2	3154	3	0	3000
Picture	21	other				1947279	2	3154	3	0	3000
Picture	10	other				1977486	1	3153	3	0	3000
Picture	11	other				2011510	1	3153	2	0	3000
Picture	11	other				2044868	4	3155	5	0	3000
Picture	21	other				2081549	1	3153	2	0	3000
Picture	21	other				2119722	1	3153	2	0	3000
Picture	10	other				2153082	1	3153	2	0	3000
Picture	11	other				2193081	1	3153	2	0	3000
Picture	20	other				2232083	2	3154	3	0	3000
Picture	21	other				2261958	1	3153	2	0	3000
Picture	20	other				2296646	1	3153	2	0	3000
Picture	10	other				2330503	2	3154	3	0	3000
Picture	21	other				2361872	1	3153	2	0	3000
Picture	11	other				2390916	2	3152	5	0	3000
Picture	20	other				2428592	1	3153	2	0	3000
Picture	10	other				2464773	1	3153	2	0	3000
Picture	21	other				2500788	4	3154	5	0	3000
Picture	10	other				2531327	1	3153	2	0	3000
Picture	11	other				2566844	2	3154	3	0	3000
Picture	20	other				2606179	1	3153	3	0	3000
Picture	10	other				2635224	1	3153	2	0	3000
Picture	21	other				2668086	1	3153	2	0	3000
Picture	20	other				2698956	1	3154	2	0	3000
Picture	21	other				2732980	1	3153	2	0	3000
Picture	10	other				2769825	1	3154	2	0	3000
Picture	20	other				2807666	2	3154	3	0	3000
Picture	11	other				2839532	2	3154	3	0	3000
Picture	10	other				2876710	1	3153	2	0	3000
Picture	20	other				2912891	1	3153	2	0	3000
Picture	21	other				2943927	2	3154	3	0	3000
Picture	11	other				2972806	1	3153	3	0	3000
Picture	11	other				3012307	1	3153	2	0	3000
Picture	21	other				3042347	2	3154	3	0	3000
Picture	21	other				3077367	1	3153	2	0	3000
Picture	11	other				3111723	1	3153	2	0	3000
Picture	20	other				3143423	1	3153	2	0	3000
Picture	20	other				3172301	2	3154	3	0	3000
Picture	10	other				3207155	1	3153	4	0	3000
Picture	11	other				3246988	1	3153	2	0	3000
Picture	21	other				3279684	1	3153	2	0	3000
Picture	11	other				3312712	1	3153	2	0	3000
Picture	10	other				3345076	1	3153	2	0	3000
Picture	20	other				3384909	1	3153	2	0	3000
Picture	21	other				3422750	1	3153	2	0	3000
Picture	20	other				3459761	1	3153	2	0	3000
Picture	11	other				3497602	1	3153	3	0	3000
Picture	21	other				3528970	2	3154	3	0	3000
Picture	21	other				3563492	1	3153	3	0	3000
Picture	20	other				3599341	2	3154	3	0	3000
Picture	20	other				3633365	2	3154	3	0	3000
Picture	20	other				3673032	1	3153	2	0	3000
Picture	11	other				3710873	1	3153	3	0	3000
Picture	10	other				3750042	1	3153	2	0	3000
Picture	20	other				3784730	1	3153	2	0	3000
Picture	10	other				3816928	1	3153	2	0	3000
Picture	21	other				3850454	1	3153	2	0	3000
Picture	21	other				3879996	1	3154	2	0	3000
Picture	20	other				3910203	1	3153	2	0	3000
Picture	10	other				3944890	1	3154	2	0	3000
Picture	11	other				3976093	1	3153	2	0	3000
Picture	21	other				4007959	1	3153	2	0	3000
Picture	21	other				4036837	2	3154	3	0	3000
Picture	11	other				4071193	1	3154	2	0	3000
Picture	21	other				4102727	2	3154	3	0	3000
Picture	10	other				4139739	1	3153	2	0	3000
Picture	21	other				4176418	1	3153	2	0	3000
Picture	21	other				4212599	2	3154	3	0	3000
Picture	20	other				4242474	1	3153	2	0	3000
Picture	20	other				4274174	1	3153	3	0	3000
Picture	10	other				4305376	2	3154	3	0	3000
Picture	21	other				4336413	1	3153	2	0	3000
Picture	21	other				4368943	1	3153	2	0	3000
Picture	10	other				4408278	1	3153	2	0	3000
Picture	10	other				4441471	2	3154	3	0	3000
Picture	20	other				4475661	2	3154	3	0	3000
Picture	20	other				4506366	1	3153	2	0	3000
Picture	21	other				4536074	1	3154	2	0	3000
Picture	10	other				4575243	1	3153	3	0	3000
Picture	21	other				4613084	1	3153	3	0	3000
Picture	20	other				4644784	1	3154	2	0	3000
Picture	10	other				4676816	2	3154	3	0	3000
Picture	10	other				4712832	1	3153	2	0	3000
Picture	21	other				4746358	1	3153	2	0	3000
Picture	10	other				4783701	1	3153	2	0	3000
Picture	20	other				4823036	1	3153	2	0	3000
Picture	11	other				4853076	2	3152	6	0	3000
Picture	20	other				4887598	1	3153	2	0	3000
Picture	20	other				4925273	1	3153	3	0	3000
Picture	11	other				4961122	2	3154	3	0	3000
Picture	21	other				4998466	1	3153	2	0	3000
Picture	10	other				5031162	1	3153	2	0	3000
Picture	10	other				5061368	1	3154	2	0	3000
Picture	20	other				5093566	2	3154	3	0	3000
Picture	21	other				5440443	1	3153	2	0	3000
Picture	20	other				5477122	1	3154	2	0	3000
Picture	11	other				5509652	1	3154	2	0	3000
Picture	20	other				5538365	1	3153	2	0	3000
Picture	11	other				5578032	1	3153	2	0	3000
Picture	20	other				5610396	1	3153	2	0	3000
Picture	20	other				5646079	1	3154	2	0	3000
Picture	21	other				5677116	1	3153	2	0	3000
Picture	21	other				5717114	2	3154	3	0	3000
Picture	10	other				5746159	1	3153	2	0	3000
Picture	20	other				5779851	1	3153	2	0	3000
Picture	20	other				5815036	2	3154	3	0	3000
Picture	21	other				5855201	1	3153	3	0	3000
Picture	11	other				5891880	2	3154	3	0	3000
Picture	21	other				5929721	2	3154	3	0	3000
Picture	10	other				5958268	1	3154	2	0	3000
Picture	20	other				5988807	1	3153	2	0	3000
Picture	11	other				6023660	1	3154	2	0	3000
Picture	11	other				6062331	1	3153	3	0	3000
Picture	21	other				6093367	2	3154	3	0	3000
Picture	10	other				6130047	1	3153	2	0	3000
Picture	10	other				6166892	1	3153	3	0	3000
Picture	11	other				6202244	1	3153	2	0	3000
Picture	10	other				6236599	2	3154	3	0	3000
Picture	21	other				6269461	2	3154	3	0	3000
Picture	20	other				6304979	1	3153	2	0	3000
Picture	11	other				6334189	2	3154	3	0	3000
Picture	10	other				6374022	1	3154	2	0	3000
Picture	10	other				6408046	1	3153	2	0	3000
Picture	20	other				6439912	1	3153	3	0	3000
Picture	20	other				6470948	2	3154	3	0	3000
Picture	10	other				6510449	1	3154	2	0	3000
Picture	11	other				6541651	2	3154	3	0	3000
Picture	10	other				6578829	1	3153	2	0	3000
Picture	21	other				6615508	2	3153	4	0	3000
Picture	11	other				6649698	1	3153	2	0	3000
Picture	11	other				6679406	2	3154	3	0	3000
Picture	11	other				6708783	1	3153	2	0	3000
Picture	21	other				6743471	1	3153	2	0	3000
Picture	20	other				6779320	1	3153	3	0	3000
Picture	21	other				6810024	2	3154	3	0	3000
Picture	11	other				6848197	2	3151	6	0	3000
Picture	21	other				6882553	1	3154	2	0	3000
Picture	10	other				6913258	1	3153	2	0	3000
Picture	21	other				6944294	1	3153	2	0	3000
Picture	11	other				6984127	1	3153	2	0	3000
Picture	21	other				7023959	2	3154	3	0	3000
Picture	10	other				7054996	1	3153	2	0	3000
Picture	10	other				7093833	1	3153	2	0	3000
Picture	21	other				7132503	2	3154	3	0	3000
Picture	21	other				7164370	1	3153	2	0	3000
Picture	20	other				7195904	1	3153	2	0	3000
Picture	21	other				7236235	1	3153	2	0	3000
Picture	21	other				7266939	1	3153	2	0	3000
Picture	21	other				7301627	1	3153	2	0	3000
Picture	21	other				7341957	1	3151	5	0	3000
Picture	11	other				7381790	1	3153	2	0	3000
Picture	21	other				7416809	2	3154	3	0	3000
Picture	21	other				7455978	2	3154	3	0	3000
Picture	10	other				7489836	1	3154	2	0	3000
Picture	20	other				7530001	1	3153	2	0	3000
Picture	20	other				7565850	2	3154	3	0	3000
Picture	11	other				7598380	2	3154	3	0	3000
Picture	21	other				7637051	2	3154	3	0	3000
Picture	20	other				7666428	1	3153	2	0	3000
Picture	21	other				7702111	2	3154	3	0	3000
Picture	20	other				7733314	1	3153	2	0	3000
Picture	11	other				7766508	1	3153	2	0	3000
Picture	11	other				7803851	1	3153	2	0	3000
Picture	21	other				7842688	1	3153	2	0	3000
Picture	11	other				7878703	1	3153	3	0	3000
Picture	11	other				7916544	1	3154	2	0	3000
Picture	11	other				7945588	5	3154	6	0	3000
Picture	10	other				7983098	1	3153	3	0	3000
Picture	21	other				8019445	2	3154	3	0	3000
Picture	10	other				8057950	2	3154	3	0	3000
Picture	20	other				8091476	1	3152	5	0	3000
Picture	11	other				8122181	1	3153	2	0	3000
Picture	21	other				8154047	1	3153	2	0	3000
Picture	11	other				8188402	2	3154	3	0	3000
Picture	20	other				8223256	1	3153	3	0	3000
Picture	21	other				8254458	2	3154	3	0	3000
Picture	11	other				8290806	1	3153	2	0	3000
Picture	21	other				8324830	1	3153	2	0	3000
Picture	20	other				8363832	2	3154	3	0	3000
Picture	21	other				8392545	1	3154	2	0	3000
Picture	10	other				8424245	2	3154	3	0	3000
Picture	20	other				8461920	2	3154	3	0	3000
Picture	11	other				8498600	1	3153	2	0	3000
Picture	11	other				8531130	1	3153	2	0	3000
Picture	21	other				8565320	1	3153	2	0	3000
Picture	21	other				8594530	2	3154	3	0	3000
Picture	11	other				8627392	1	3154	2	0	3000
Picture	21	other				8665731	2	3154	3	0	3000
Picture	10	other				8698593	1	3154	2	0	3000
Picture	20	other				8730791	2	3154	3	0	3000
Picture	20	other				8770126	1	3154	2	0	3000
Picture	20	other				8800664	2	3154	3	0	3000
Picture	10	other				8835352	2	3154	3	0	3000
Picture	21	other				8866886	2	3154	3	0	3000
Picture	21	other				8903068	1	3153	2	0	3000
Picture	20	other				8933772	2	3154	3	0	3000
Picture	10	other				8970949	2	3154	3	0	3000
Picture	20	other				9008293	1	3153	2	0	3000
Picture	20	other				9041818	2	3154	3	0	3000
Picture	21	other				9081651	1	3154	2	0	3000
Picture	20	other				9112687	2	3154	3	0	3000
Picture	11	other				9143060	1	3153	2	0	3000
Picture	21	other				9176420	1	3153	2	0	3000
Picture	11	other				9213265	1	3154	2	0	3000
Picture	10	other				9251106	1	3154	2	0	3000
Picture	11	other				9284466	1	3154	2	0	3000
Picture	20	other				9323303	1	3153	3	0	3000
Picture	20	other				9360978	1	3154	2	0	3000
Picture	20	other				9399815	1	3153	3	0	3000
Picture	21	other				9437158	2	3154	3	0	3000
Picture	20	other				9472012	1	3153	2	0	3000
Picture	11	other				9504708	1	3153	2	0	3000
Picture	10	other				9536408	1	3154	2	0	3000
Picture	20	other				9572423	2	3154	3	0	3000
Picture	20	other				9607941	1	3153	3	0	3000
Picture	11	other				9638977	2	3154	3	0	3000
Picture	10	other				9674827	1	3153	2	0	3000
Picture	11	other				9708021	1	3153	2	0	3000
Picture	20	other				9737397	2	3152	5	0	3000
Picture	20	other				9767438	1	3153	2	0	3000
Picture	20	other				9803785	1	3154	2	0	3000
Picture	21	other				9843286	1	3153	3	0	3000
Picture	20	other				9878803	2	3154	3	0	3000
Picture	21	other				9917474	2	3154	3	0	3000
Picture	21	other				9950170	2	3154	3	0	3000
Picture	11	other				9984360	1	3154	2	0	3000
Picture	21	other				10021039	2	3154	3	0	3000
Picture	20	other				10056557	1	3153	2	0	3000
Picture	11	other				10096058	1	3153	2	0	3000
Picture	20	other				10134563	1	3153	2	0	3000
Picture	21	other				10167757	1	3153	2	0	3000
Picture	11	other				10198627	1	3153	3	0	3000
Picture	11	other				10233813	1	3153	2	0	3000
Picture	10	other				10266177	1	3153	2	0	3000
Picture	11	other				10298873	1	3153	2	0	3000
Picture	21	other				10336714	1	3153	2	0	3000
Picture	10	other				10377044	2	3154	3	0	3000
Picture	20	other				10415051	2	3154	3	0	3000
Picture	11	other				10454054	2	3154	3	0	3000
Picture	21	other				10492559	2	3154	3	0	3000
Picture	20	other				10523098	1	3153	2	0	3000
Picture	21	other				10561935	1	3153	2	0	3000
Picture	20	other				10600771	2	3154	3	0	3000
Picture	11	other				10641102	1	3154	2	0	3000
