Scenario - GO/NO-GO
Logfile written - 07/14/2011 14:27:37

Subject	Trial	Event Type	Code	Time	TTime	Uncertainty	Duration	Uncertainty	ReqTime	ReqDur

mjm	2	Picture	22	289	0	2	3154	3	0	3000
mjm	2	Response	1	5272	4983	1
mjm	3	Picture	22	10911	0	2	3154	3	0	3000
mjm	3	Response	1	15629	4718	1
mjm	4	Picture	22	19708	0	1	3153	3	0	3000
mjm	4	Response	1	24251	4543	1
mjm	5	Picture	22	29500	0	1	3154	2	0	3000
mjm	5	Response	1	32753	3253	1
mjm	6	Picture	22	38463	0	1	3153	2	0	3000
mjm	6	Response	1	41491	3028	1
mjm	7	Picture	33	48919	0	1	3153	2	0	3000
mjm	8	Picture	22	57549	0	1	3153	3	0	3000
mjm	8	Response	1	60044	2495	2
mjm	9	Picture	22	68171	0	1	3153	3	0	3000
mjm	9	Response	1	70847	2676	1
mjm	10	Picture	22	76967	0	2	3154	3	0	3000
mjm	10	Response	1	79906	2939	1
mjm	11	Picture	22	87424	0	1	3153	2	0	3000
mjm	11	Response	1	92387	4963	1
mjm	12	Picture	22	97548	0	1	3153	2	0	3000
mjm	12	Response	1	102449	4901	1
mjm	13	Picture	22	107506	0	1	3153	2	0	3000
mjm	13	Response	1	112005	4499	1
mjm	14	Picture	22	117962	0	1	3153	3	0	3000
mjm	14	Response	1	122359	4397	1
mjm	15	Picture	33	127256	0	1	3154	2	0	3000
mjm	16	Picture	22	135389	0	1	3153	2	0	3000
mjm	16	Response	1	137903	2514	1
mjm	17	Picture	22	143687	0	2	3154	3	0	3000
mjm	17	Response	1	146462	2775	1
mjm	18	Picture	22	152816	0	1	3153	2	0	3000
mjm	18	Response	1	155372	2556	2
mjm	19	Picture	22	161280	0	1	3153	3	0	3000
mjm	19	Response	1	165314	4034	1
mjm	20	Picture	22	171238	0	1	3154	2	0	3000
mjm	20	Response	1	174192	2954	2
mjm	21	Picture	22	181694	0	2	3154	3	0	3000
mjm	21	Response	1	184489	2795	2
mjm	22	Picture	22	191155	0	1	3153	2	0	3000
mjm	22	Response	1	195642	4487	1
mjm	23	Picture	33	200283	0	1	3153	2	0	3000
mjm	24	Picture	22	210075	0	1	3154	2	0	3000
mjm	24	Response	1	212483	2408	1
mjm	25	Picture	22	218538	0	94	3155	95	0	3000
mjm	25	Response	1	221399	2861	1
mjm	26	Picture	22	227004	0	1	3153	3	0	3000
mjm	26	Response	1	230133	3129	1
mjm	27	Picture	33	236464	0	2	3154	3	0	3000
mjm	27	Response	1	244498	8034	1
mjm	28	Picture	22	247086	0	2	3154	3	0	3000
mjm	29	Picture	22	255219	0	1	3153	2	0	3000
mjm	30	Picture	22	265011	0	1	3154	2	0	3000
mjm	30	Response	1	265850	839	1
mjm	31	Picture	33	274969	0	2	3154	3	0	3000
mjm	31	Response	1	277716	2747	2
mjm	32	Picture	22	286089	0	1	3154	2	0	3000
mjm	32	Response	1	289858	3769	2
mjm	33	Picture	33	297043	0	1	3154	2	0	3000
mjm	34	Picture	22	307499	0	2	3154	3	0	3000
mjm	34	Response	1	310590	3091	1
mjm	35	Picture	33	316960	0	1	3153	2	0	3000
mjm	36	Picture	22	327084	0	1	3153	2	0	3000
mjm	36	Response	1	328966	1882	1
mjm	37	Picture	33	335548	0	1	3154	2	0	3000
mjm	38	Picture	22	343847	0	1	3153	2	0	3000
mjm	38	Response	1	346781	2934	1
mjm	39	Picture	22	352643	0	1	3153	3	0	3000
mjm	39	Response	1	358346	5703	1
mjm	40	Picture	22	361937	0	2	3154	3	0	3000
mjm	40	Response	1	366675	4738	1
mjm	41	Picture	33	372891	0	2	3154	3	0	3000
mjm	42	Picture	22	383845	0	2	3154	3	0	3000
mjm	42	Response	1	388120	4275	2
mjm	43	Picture	22	392144	0	1	3153	2	0	3000
mjm	43	Response	1	397066	4922	1
mjm	44	Picture	22	402434	0	1	3153	3	0	3000
mjm	44	Response	1	408604	6170	2
mjm	45	Picture	22	412060	0	2	3154	3	0	3000
mjm	45	Response	1	416666	4606	1
mjm	46	Picture	22	420525	0	1	3153	2	0	3000
mjm	47	Picture	33	430151	0	1	3153	2	0	3000
mjm	48	Picture	22	439943	0	1	3153	3	0	3000
mjm	48	Response	1	440291	348	1
mjm	49	Picture	22	450731	0	1	3154	2	0	3000
mjm	49	Response	1	454074	3343	1
mjm	50	Picture	22	459030	0	1	3153	2	0	3000
mjm	50	Response	1	464990	5960	1
mjm	51	Picture	22	467992	0	1	3153	3	0	3000
mjm	51	Response	1	475377	7385	2
mjm	52	Picture	22	477950	0	1	3154	2	0	3000
mjm	53	Picture	33	487742	0	2	3154	3	0	3000
mjm	53	Response	1	497115	9373	1
mjm	54	Picture	22	498032	0	2	3154	3	0	3000
mjm	55	Picture	22	506829	0	1	3153	2	0	3000
mjm	55	Response	1	511279	4450	1
mjm	56	Picture	22	517617	0	1	3153	2	0	3000
mjm	57	Picture	33	527243	0	1	3154	2	0	3000
mjm	57	Response	1	529632	2389	1
mjm	58	Picture	22	538363	0	1	3154	2	0	3000
mjm	58	Response	1	541759	3396	1
mjm	59	Picture	33	548985	0	1	3154	2	0	3000
mjm	60	Picture	22	558611	0	2	3154	3	0	3000
mjm	60	Response	1	562232	3621	1
mjm	61	Picture	22	569399	0	2	3154	3	0	3000
mjm	61	Response	1	574182	4783	1
mjm	62	Picture	22	580187	0	2	3154	3	0	3000
mjm	62	Response	1	585222	5035	1
mjm	63	Picture	33	589482	0	1	3153	2	0	3000
mjm	64	Picture	22	598776	0	4	3154	5	0	3000
mjm	64	Response	1	601265	2489	1
mjm	65	Picture	22	607407	0	1	3153	2	0	3000
mjm	65	Response	1	612157	4750	2
mjm	66	Picture	22	617365	0	1	3153	2	0	3000
mjm	66	Response	1	621925	4560	1
mjm	67	Picture	22	625663	0	1	3153	3	0	3000
mjm	67	Response	1	629867	4204	1
mjm	68	Picture	22	635455	0	2	3154	3	0	3000
mjm	68	Response	1	638663	3208	2
mjm	69	Picture	33	646409	0	2	3154	3	0	3000
mjm	70	Picture	22	655538	0	1	3153	2	0	3000
mjm	70	Response	1	657807	2269	2
mjm	71	Picture	33	665662	0	1	3153	2	0	3000
mjm	71	Response	1	668076	2414	1
mjm	72	Picture	22	673960	0	2	3154	3	0	3000
mjm	72	Response	1	678554	4594	1
mjm	73	Picture	22	684085	0	1	3153	2	0	3000
mjm	74	Picture	22	693213	0	1	3153	2	0	3000
mjm	74	Response	1	695335	2122	1
mjm	75	Picture	33	702341	0	1	3154	2	0	3000
mjm	76	Picture	22	710640	0	1	3153	2	0	3000
mjm	76	Response	1	715659	5019	1
mjm	77	Picture	22	721760	0	1	3153	2	0	3000
mjm	77	Response	1	724779	3019	2
mjm	78	Picture	22	730058	0	1	3153	3	0	3000
mjm	78	Response	1	737051	6993	2
mjm	79	Picture	22	740846	0	1	3154	2	0	3000
mjm	80	Picture	22	750140	0	2	3154	3	0	3000
mjm	80	Response	1	752894	2754	1
mjm	81	Picture	33	759435	0	1	3153	2	0	3000
mjm	82	Picture	22	767733	0	1	3154	2	0	3000
mjm	82	Response	1	772242	4509	2
mjm	83	Picture	22	778687	0	1	3154	2	0	3000
mjm	83	Response	1	783048	4361	1
mjm	84	Picture	22	787816	0	1	3153	2	0	3000
mjm	84	Response	1	791174	3358	1
mjm	85	Picture	22	796280	0	1	3153	3	0	3000
mjm	85	Response	1	802034	5754	1
mjm	86	Picture	22	804578	0	2	3154	3	0	3000
mjm	86	Response	1	813606	9028	2
mjm	87	Picture	33	814703	0	1	3153	2	0	3000
mjm	88	Picture	22	825325	0	1	3153	2	0	3000
mjm	88	Response	1	827890	2565	1
mjm	89	Picture	22	835117	0	1	3153	2	0	3000
mjm	89	Response	1	837311	2194	1
mjm	90	Picture	22	844245	0	1	3154	2	0	3000
mjm	90	Response	1	847557	3312	2
mjm	91	Picture	22	854867	0	2	3154	3	0	3000
mjm	91	Response	1	857597	2730	1
mjm	92	Picture	22	863664	0	1	3153	2	0	3000
mjm	92	Response	1	869230	5566	1
mjm	93	Picture	33	872958	0	1	3153	3	0	3000
mjm	94	Picture	22	882086	0	2	3154	3	0	3000
mjm	95	Picture	22	890219	0	1	3153	2	0	3000
mjm	96	Picture	22	898849	0	2	3154	3	0	3000
mjm	96	Response	1	901232	2383	2
mjm	97	Picture	33	908973	0	2	3154	3	0	3000
mjm	98	Picture	22	918268	0	1	3153	2	0	3000
mjm	98	Response	1	923681	5413	2
mjm	99	Picture	22	928392	0	1	3153	2	0	3000
mjm	100	Picture	22	938184	0	1	3153	3	0	3000
mjm	100	Response	1	940708	2524	2
mjm	101	Picture	33	946814	0	2	3154	3	0	3000
mjm	101	Response	1	949420	2606	1
mjm	102	Picture	22	955113	0	1	3153	2	0	3000
mjm	102	Response	1	959808	4695	1
mjm	103	Picture	22	963909	0	2	3154	3	0	3000
mjm	104	Picture	22	973702	0	1	3153	2	0	3000
mjm	104	Response	1	976121	2419	2
mjm	105	Picture	22	983826	0	1	3153	2	0	3000
mjm	105	Response	1	987161	3335	1
mjm	106	Picture	22	993120	0	1	3153	3	0	3000
mjm	106	Response	1	995923	2803	1
mjm	107	Picture	33	1002580	0	2	3154	3	0	3000
mjm	107	Response	1	1011174	8594	2
mjm	108	Picture	22	1012040	0	2	3154	3	0	3000
mjm	109	Picture	22	1021335	0	1	3153	2	0	3000
mjm	109	Response	1	1022448	1113	1
mjm	110	Picture	22	1030463	0	1	3154	2	0	3000
mjm	110	Response	1	1036729	6266	2
mjm	111	Picture	22	1039592	0	1	3153	2	0	3000
mjm	111	Response	1	1045609	6017	1
mjm	112	Picture	22	1048720	0	1	3153	2	0	3000
mjm	113	Picture	33	1058014	0	1	3154	2	0	3000
mjm	113	Response	1	1067189	9175	1
mjm	114	Picture	22	1067806	0	2	3154	3	0	3000
mjm	115	Picture	22	1076437	0	1	3153	2	0	3000
mjm	115	Response	1	1079409	2972	2
mjm	116	Picture	22	1084735	0	2	3154	3	0	3000
mjm	116	Response	1	1087061	2326	1
mjm	117	Picture	22	1094859	0	2	3154	3	0	3000
mjm	117	Response	1	1102284	7425	1
mjm	118	Picture	22	1103822	0	1	3153	2	0	3000
mjm	119	Picture	33	1112286	0	2	3154	3	0	3000
mjm	119	Response	1	1119834	7548	2
mjm	120	Picture	22	1121912	0	2	3154	3	0	3000
mjm	121	Picture	22	1130875	0	1	3153	2	0	3000
mjm	121	Response	1	1132321	1446	1
mjm	122	Picture	22	1141165	0	1	3153	2	0	3000
mjm	122	Response	1	1141328	163	1
mjm	123	Picture	33	1150625	0	1	3154	2	0	3000
mjm	123	Response	1	1152816	2191	1
mjm	124	Picture	22	1160583	0	2	3153	6	0	3000
mjm	124	Response	1	1164092	3509	1
mjm	125	Picture	22	1170376	0	1	3153	2	0	3000
mjm	125	Response	1	1174275	3899	2
mjm	126	Picture	22	1178674	0	1	3153	3	0	3000
mjm	126	Response	1	1184312	5638	1
mjm	127	Picture	22	1188300	0	2	3154	3	0	3000
mjm	127	Response	1	1195082	6782	1
mjm	128	Picture	22	1196599	0	1	3153	2	0	3000
mjm	129	Picture	33	1206557	0	1	3153	3	0	3000
mjm	129	Response	1	1206914	357	1
mjm	130	Picture	22	1214690	0	1	3153	2	0	3000
mjm	131	Picture	22	1223984	0	1	3153	2	0	3000
mjm	131	Response	1	1228823	4839	1
mjm	132	Picture	22	1233776	0	1	3153	3	0	3000
mjm	132	Response	1	1237001	3225	1
mjm	133	Picture	22	1243402	0	2	3154	3	0	3000
mjm	133	Response	1	1246302	2900	1
mjm	134	Picture	22	1251867	0	1	3153	2	0	3000
mjm	135	Picture	22	1260995	0	1	3153	3	0	3000
mjm	135	Response	1	1263912	2917	1
mjm	136	Picture	22	1270123	0	2	3154	3	0	3000
mjm	137	Picture	33	1278422	0	1	3153	2	0	3000
mjm	138	Picture	22	1287384	0	1	3154	2	0	3000
mjm	138	Response	1	1288658	1274	2
mjm	139	Picture	22	1298338	0	2	3154	3	0	3000
mjm	139	Response	1	1300232	1894	1
mjm	140	Picture	22	1308794	0	2	3154	3	0	3000
mjm	140	Response	1	1309008	214	2
mjm	140	Response	1	1318397	9603	1
mjm	141	Picture	22	1319748	0	2	3154	3	0	3000
mjm	142	Picture	22	1328379	0	1	3153	2	0	3000
mjm	142	Response	1	1331293	2914	1
mjm	143	Picture	33	1337673	0	1	3153	3	0	3000
mjm	144	Picture	22	1346967	0	2	3154	3	0	3000
mjm	144	Response	1	1350237	3270	1
mjm	145	Picture	22	1357091	0	2	3154	3	0	3000
mjm	145	Response	1	1360449	3358	2
mjm	146	Picture	22	1366884	0	1	3153	2	0	3000
mjm	146	Response	1	1369811	2927	1
mjm	147	Picture	22	1377506	0	1	3153	2	0	3000
mjm	147	Response	1	1378940	1434	2
mjm	148	Picture	22	1385804	0	2	3154	3	0	3000
mjm	148	Response	1	1388623	2819	2
mjm	149	Picture	33	1396592	0	2	3154	3	0	3000
mjm	149	Response	1	1399283	2691	1
mjm	150	Picture	22	1406218	0	2	3154	3	0	3000
mjm	150	Response	1	1408779	2561	1
mjm	151	Picture	22	1415347	0	1	3153	2	0	3000
mjm	151	Response	1	1417342	1995	1
mjm	152	Picture	22	1425637	0	1	3153	3	0	3000
mjm	152	Response	1	1428055	2418	1
mjm	153	Picture	22	1434433	0	2	3154	3	0	3000
mjm	154	Picture	22	1443562	0	1	3153	2	0	3000
mjm	155	Picture	33	1454184	0	1	3152	5	0	3000
mjm	155	Response	1	1456516	2332	1
mjm	156	Picture	22	1463644	0	1	3153	3	0	3000
mjm	156	Response	1	1471070	7426	1
mjm	157	Picture	22	1473436	0	2	3154	3	0	3000
mjm	158	Picture	22	1481901	0	1	3153	2	0	3000
mjm	158	Response	1	1482492	591	1
mjm	159	Picture	22	1492855	0	1	3153	2	0	3000
mjm	160	Picture	22	1501651	0	1	3153	3	0	3000
mjm	160	Response	1	1502853	1202	1
mjm	161	Picture	33	1511111	0	2	3154	3	0	3000
mjm	162	Picture	22	1520240	0	1	3153	2	0	3000
mjm	162	Response	1	1521023	783	1
mjm	163	Picture	22	1528870	0	1	3153	3	0	3000
mjm	163	Response	1	1531382	2512	2
mjm	164	Picture	22	1537832	0	2	3154	3	0	3000
mjm	164	Response	1	1540741	2909	1
mjm	165	Picture	22	1546131	0	1	3153	2	0	3000
mjm	165	Response	1	1554139	8008	1
mjm	166	Picture	22	1557085	0	1	3153	3	0	3000
mjm	167	Picture	33	1566711	0	1	3154	2	0	3000
mjm	168	Picture	22	1575176	0	1	3153	2	0	3000
mjm	168	Response	1	1577179	2003	1
mjm	169	Picture	22	1585632	0	1	3153	2	0	3000
mjm	169	Response	1	1587097	1465	1
mjm	170	Picture	22	1595258	0	1	3153	2	0	3000
mjm	170	Response	1	1595864	606	1
mjm	170	Response	1	1604779	9521	2
mjm	171	Picture	33	1605050	0	1	3154	2	0	3000
mjm	172	Picture	22	1614344	0	2	3152	6	0	3000
mjm	172	Response	1	1616673	2329	2
mjm	173	Picture	22	1624801	0	1	3153	2	0	3000
mjm	173	Response	1	1627447	2646	1
mjm	174	Picture	22	1634593	0	1	3153	2	0	3000
mjm	174	Response	1	1637360	2767	1
mjm	175	Picture	22	1644219	0	1	3153	3	0	3000
mjm	176	Picture	22	1654509	0	1	3153	3	0	3000
mjm	176	Response	1	1656296	1787	2
mjm	177	Picture	33	1664301	0	2	3154	3	0	3000
mjm	178	Picture	22	1675255	0	2	3154	3	0	3000
mjm	178	Response	1	1676093	838	1
mjm	179	Picture	33	1683720	0	1	3153	2	0	3000
mjm	179	Response	1	1686011	2291	2
mjm	180	Picture	22	1692184	0	2	3152	6	0	3000
mjm	181	Picture	22	1701645	0	1	3153	2	0	3000
mjm	181	Response	1	1704332	2687	1
mjm	182	Picture	22	1709943	0	1	3153	5	0	3000
mjm	182	Response	1	1713663	3720	1
mjm	183	Picture	22	1719735	0	1	3154	2	0	3000
mjm	183	Response	1	1722578	2843	1
mjm	184	Picture	22	1728200	0	1	3153	2	0	3000
mjm	184	Response	1	1733673	5473	2
mjm	185	Picture	33	1736996	0	1	3153	3	0	3000
mjm	186	Picture	22	1746788	0	2	3154	3	0	3000
mjm	186	Response	1	1747510	722	1
mjm	187	Picture	22	1755087	0	1	3153	2	0	3000
mjm	187	Response	1	1757538	2451	1
mjm	188	Picture	22	1765045	0	1	3153	2	0	3000
mjm	188	Response	1	1768247	3202	1
mjm	189	Picture	22	1773509	0	2	3154	3	0	3000
mjm	189	Response	1	1778363	4854	2
mjm	190	Picture	22	1782140	0	1	3153	2	0	3000
mjm	190	Response	1	1786364	4224	1
mjm	191	Picture	33	1792762	0	1	3153	2	0	3000
mjm	192	Picture	22	1802222	0	1	3154	2	0	3000
mjm	192	Response	1	1803351	1129	2
mjm	193	Picture	22	1812512	0	2	3154	3	0	3000
mjm	193	Response	1	1815455	2943	1
mjm	194	Picture	22	1821641	0	1	3153	2	0	3000
mjm	194	Response	1	1823662	2021	1
mjm	195	Picture	22	1829939	0	1	3153	3	0	3000
mjm	195	Response	1	1830867	928	2
mjm	196	Picture	22	1838403	0	2	3154	3	0	3000
mjm	196	Response	1	1841964	3561	1
mjm	197	Picture	22	1848030	0	1	3153	2	0	3000
mjm	197	Response	1	1850646	2616	2
mjm	198	Picture	22	1856328	0	2	3154	3	0	3000
mjm	198	Response	1	1859385	3057	2
mjm	199	Picture	33	1865789	0	1	3153	2	0	3000
mjm	199	Response	1	1868980	3191	1
mjm	200	Picture	22	1875581	0	1	3153	2	0	3000
mjm	200	Response	1	1880215	4634	1
mjm	201	Picture	33	1883713	0	2	3154	3	0	3000
mjm	202	Picture	22	1893339	0	2	3154	3	0	3000
mjm	202	Response	1	1897148	3809	2
mjm	203	Picture	22	1903464	0	1	3153	2	0	3000
mjm	203	Response	1	1906361	2897	1
mjm	204	Picture	22	1912924	0	1	3153	2	0	3000
mjm	204	Response	1	1914837	1913	1
mjm	205	Picture	22	1922882	0	1	3153	3	0	3000
mjm	205	Response	1	1927227	4345	1
mjm	206	Picture	22	1932342	0	2	3154	3	0	3000
mjm	207	Picture	33	1940973	0	1	3153	2	0	3000
mjm	207	Response	1	1949438	8465	1
mjm	208	Picture	22	1951595	0	1	3153	2	0	3000
mjm	208	Response	1	1960601	9006	1
mjm	209	Picture	22	1961387	0	1	3153	3	0	3000
mjm	209	Response	1	1970611	9224	1
mjm	210	Picture	22	1970681	0	2	3154	3	0	3000
mjm	211	Picture	22	1979644	0	1	3153	2	0	3000
mjm	211	Response	1	1983864	4220	2
mjm	212	Picture	22	1987776	0	1	3154	2	0	3000
mjm	212	Response	1	1997115	9339	1
mjm	213	Picture	22	1997236	0	2	3154	3	0	3000
mjm	214	Picture	22	2008191	0	1	3153	2	0	3000
mjm	214	Response	1	2011690	3499	1
mjm	215	Picture	33	2016489	0	1	3153	3	0	3000
mjm	216	Picture	22	2026281	0	1	3154	2	0	3000
mjm	216	Response	1	2027443	1162	1
mjm	217	Picture	33	2034746	0	1	3153	2	0	3000
mjm	218	Picture	22	2044870	0	1	3153	2	0	3000
mjm	218	Response	1	2044943	73	1
mjm	219	Picture	22	2053334	0	2	3154	3	0	3000
mjm	219	Response	1	2057252	3918	1
mjm	220	Picture	22	2063624	0	2	3154	3	0	3000
mjm	220	Response	1	2066700	3076	1
mjm	221	Picture	22	2071923	0	1	3153	2	0	3000
mjm	221	Response	1	2076662	4739	1
mjm	222	Picture	22	2080387	0	1	3154	2	0	3000
mjm	222	Response	1	2085612	5225	1
mjm	223	Picture	33	2088520	0	1	3153	2	0	3000
mjm	224	Picture	22	2097316	0	1	3154	2	0	3000
mjm	224	Response	1	2102059	4743	1
mjm	225	Picture	22	2107108	0	2	3154	3	0	3000
mjm	225	Response	1	2110855	3747	1
mjm	226	Picture	22	2115241	0	1	3153	2	0	3000
mjm	227	Picture	22	2124535	0	2	3154	3	0	3000
mjm	227	Response	1	2127759	3224	1
mjm	228	Picture	22	2133664	0	1	3153	2	0	3000
mjm	229	Picture	33	2142294	0	1	3153	3	0	3000
mjm	230	Picture	22	2152750	0	1	3153	3	0	3000
mjm	230	Response	1	2154924	2174	1
mjm	231	Picture	22	2162044	0	2	3154	3	0	3000
mjm	231	Response	1	2165641	3597	1
mjm	232	Picture	22	2171007	0	1	3153	2	0	3000
mjm	232	Response	1	2174620	3613	1
mjm	233	Picture	33	2180799	0	1	3153	3	0	3000
mjm	234	Picture	22	2189429	0	2	3154	3	0	3000
mjm	234	Response	1	2191646	2217	1
mjm	235	Picture	22	2197728	0	1	3153	2	0	3000
mjm	235	Response	1	2200504	2776	1
mjm	236	Picture	22	2205860	0	2	3154	3	0	3000
mjm	236	Response	1	2210540	4680	2
mjm	237	Picture	22	2216648	0	2	3154	3	0	3000
mjm	237	Response	1	2220722	4074	2
mjm	238	Picture	22	2224947	0	1	3153	2	0	3000
mjm	238	Response	1	2229699	4752	1
mjm	239	Picture	33	2233743	0	1	3154	2	0	3000
mjm	240	Picture	22	2244863	0	1	3154	2	0	3000
mjm	240	Response	1	2247371	2508	1
mjm	241	Picture	22	2254157	0	2	3154	3	0	3000
mjm	241	Response	1	2258082	3925	1
mjm	242	Picture	22	2263286	0	1	3153	2	0	3000
mjm	242	Response	1	2266142	2856	1
mjm	243	Picture	33	2273576	0	4	3153	6	0	3000
mjm	244	Picture	22	2283700	0	1	3153	3	0	3000
mjm	244	Response	1	2284699	999	1
mjm	245	Picture	22	2292497	0	1	3153	2	0	3000
mjm	245	Response	1	2295887	3390	2
mjm	246	Picture	22	2300795	0	1	3153	3	0	3000
mjm	246	Response	1	2306604	5809	2
mjm	247	Picture	33	2310919	0	1	3154	2	0	3000
mjm	247	Response	1	2319592	8673	1
mjm	248	Picture	22	2320877	0	2	3154	3	0	3000
mjm	249	Picture	22	2329342	0	1	3153	2	0	3000
mjm	249	Response	1	2331846	2504	1
mjm	250	Picture	22	2338636	0	1	3154	2	0	3000
mjm	250	Response	1	2341295	2659	1
mjm	251	Picture	22	2347930	0	2	3154	3	0	3000
mjm	251	Response	1	2350830	2900	2
mjm	252	Picture	22	2358386	0	2	3154	3	0	3000
mjm	252	Response	1	2361489	3103	1
mjm	253	Picture	22	2367515	0	1	3153	2	0	3000
mjm	253	Response	1	2371645	4130	1
mjm	254	Picture	22	2378303	0	1	3153	2	0	3000
mjm	254	Response	1	2381179	2876	1
mjm	255	Picture	33	2388095	0	1	3153	3	0	3000
mjm	255	Response	1	2398583	10488	1
mjm	256	Picture	22	2399049	0	1	3153	3	0	3000
mjm	257	Picture	22	2409339	0	1	3154	2	0	3000
mjm	257	Response	1	2412186	2847	2
mjm	258	Picture	22	2418965	0	2	3154	3	0	3000
mjm	258	Response	1	2421810	2845	1
mjm	259	Picture	33	2427430	0	1	3153	2	0	3000
mjm	259	Response	1	2436122	8692	1
mjm	260	Picture	22	2436724	0	1	3154	2	0	3000
mjm	261	Picture	33	2445023	0	1	3153	2	0	3000
mjm	261	Response	1	2447784	2761	1
mjm	262	Picture	22	2455977	0	1	3153	2	0	3000
mjm	262	Response	1	2458309	2332	1
mjm	263	Picture	33	2464109	0	1	3154	2	0	3000
mjm	263	Response	1	2468195	4086	2
mjm	264	Picture	22	2475229	0	1	3153	3	0	3000
mjm	264	Response	1	2478266	3037	1
mjm	265	Picture	22	2485187	0	2	3154	3	0	3000
mjm	265	Response	1	2489746	4559	1
mjm	266	Picture	22	2494814	0	1	3153	2	0	3000
mjm	266	Response	1	2500962	6148	1
mjm	267	Picture	33	2504938	0	1	3153	2	0	3000
mjm	268	Picture	22	2513236	0	1	3154	2	0	3000
mjm	268	Response	1	2517428	4192	1
mjm	269	Picture	22	2521535	0	1	3153	2	0	3000
mjm	269	Response	1	2528824	7289	1
mjm	270	Picture	22	2531659	0	1	3153	2	0	3000
mjm	271	Picture	22	2540621	0	1	3154	2	0	3000
mjm	271	Response	1	2546785	6164	1
mjm	272	Picture	22	2551575	0	1	3153	3	0	3000
mjm	273	Picture	33	2561699	0	2	3154	3	0	3000
mjm	273	Response	1	2564661	2962	2
mjm	274	Picture	22	2572321	0	2	3154	3	0	3000
mjm	275	Picture	22	2581284	0	1	3153	2	0	3000
mjm	275	Response	1	2584211	2927	1
mjm	276	Picture	22	2589748	0	1	3154	2	0	3000
mjm	276	Response	1	2592915	3167	1
mjm	277	Picture	33	2598213	0	1	3153	2	0	3000
mjm	278	Picture	22	2607175	0	1	3153	3	0	3000
mjm	278	Response	1	2608987	1812	1
mjm	279	Picture	22	2615805	0	2	3154	3	0	3000
mjm	279	Response	1	2620818	5013	2
mjm	280	Picture	22	2624270	0	1	3153	2	0	3000
mjm	280	Response	1	2628823	4553	1
mjm	281	Picture	22	2632734	0	2	3154	3	0	3000
mjm	281	Response	1	2637712	4978	1
mjm	282	Picture	22	2642527	0	1	3153	2	0	3000
mjm	283	Picture	33	2650825	0	1	3153	3	0	3000
mjm	283	Response	1	2651992	1167	2
mjm	284	Picture	22	2660451	0	2	3154	3	0	3000
mjm	284	Response	1	2664059	3608	1
mjm	285	Picture	22	2670243	0	2	3154	3	0	3000
mjm	285	Response	1	2673673	3430	1
mjm	286	Picture	22	2678874	0	1	3153	2	0	3000
mjm	286	Response	1	2682969	4095	1
mjm	287	Picture	22	2687836	0	1	3154	2	0	3000
mjm	287	Response	1	2691349	3513	1
mjm	288	Picture	22	2698126	0	2	3154	3	0	3000
mjm	288	Response	1	2700998	2872	1
mjm	289	Picture	22	2708748	0	2	3154	3	0	3000
mjm	289	Response	1	2711917	3169	1
mjm	290	Picture	22	2719370	0	2	3154	3	0	3000
mjm	290	Response	1	2723778	4408	2
mjm	291	Picture	33	2729827	0	1	3153	2	0	3000
mjm	291	Response	1	2737172	7345	1
mjm	292	Picture	22	2738456	0	4	3154	6	0	3000
mjm	293	Picture	22	2748747	0	1	3154	2	0	3000
mjm	293	Response	1	2750687	1940	1
mjm	294	Picture	22	2757709	0	2	3154	3	0	3000
mjm	294	Response	1	2759571	1862	1
mjm	295	Picture	22	2766838	0	1	3153	2	0	3000
mjm	295	Response	1	2769785	2947	1
mjm	296	Picture	22	2775468	0	2	3154	3	0	3000
mjm	296	Response	1	2776989	1521	2
mjm	297	Picture	33	2786422	0	1	3154	2	0	3000
mjm	298	Picture	22	2794721	0	1	3153	2	0	3000
mjm	298	Response	1	2798663	3942	2
mjm	298	Response	1	2805283	10562	1
mjm	299	Picture	22	2805675	0	1	3153	2	0	3000
mjm	299	Response	1	2815144	9469	2
mjm	300	Picture	22	2816629	0	1	3153	2	0	3000
mjm	300	Response	1	2826305	9676	1
mjm	301	Picture	22	2827085	0	1	3153	2	0	3000
mjm	302	Picture	22	2836545	0	1	3154	2	0	3000
mjm	302	Response	1	2839435	2890	1
mjm	303	Picture	22	2845341	0	2	3154	3	0	3000
mjm	303	Response	1	2851008	5667	1
mjm	304	Picture	22	2854968	0	1	3153	2	0	3000
mjm	304	Response	1	2860313	5345	1
mjm	305	Picture	33	2863930	0	1	3153	3	0	3000
mjm	305	Response	1	2871854	7924	1


Event Type	Code	Type	Response	RT	RT Uncertainty	Time	Uncertainty	Duration	Uncertainty	ReqTime	ReqDur

Picture	22	hit	1	4983	3	289	2	3154	3	0	3000
Picture	22	hit	1	4718	3	10911	2	3154	3	0	3000
Picture	22	hit	1	4543	2	19708	1	3153	3	0	3000
Picture	22	hit	1	3253	2	29500	1	3154	2	0	3000
Picture	22	hit	1	3028	2	38463	1	3153	2	0	3000
Picture	33	miss				48919	1	3153	2	0	3000
Picture	22	hit	1	2495	3	57549	1	3153	3	0	3000
Picture	22	hit	1	2676	2	68171	1	3153	3	0	3000
Picture	22	hit	1	2939	3	76967	2	3154	3	0	3000
Picture	22	hit	1	4963	2	87424	1	3153	2	0	3000
Picture	22	hit	1	4901	2	97548	1	3153	2	0	3000
Picture	22	hit	1	4499	2	107506	1	3153	2	0	3000
Picture	22	hit	1	4397	2	117962	1	3153	3	0	3000
Picture	33	miss				127256	1	3154	2	0	3000
Picture	22	hit	1	2514	2	135389	1	3153	2	0	3000
Picture	22	hit	1	2775	3	143687	2	3154	3	0	3000
Picture	22	hit	1	2556	3	152816	1	3153	2	0	3000
Picture	22	hit	1	4034	2	161280	1	3153	3	0	3000
Picture	22	hit	1	2954	3	171238	1	3154	2	0	3000
Picture	22	hit	1	2795	4	181694	2	3154	3	0	3000
Picture	22	hit	1	4487	2	191155	1	3153	2	0	3000
Picture	33	miss				200283	1	3153	2	0	3000
Picture	22	hit	1	2408	2	210075	1	3154	2	0	3000
Picture	22	hit	1	2861	95	218538	94	3155	95	0	3000
Picture	22	hit	1	3129	2	227004	1	3153	3	0	3000
Picture	33	hit	1	8034	3	236464	2	3154	3	0	3000
Picture	22	miss				247086	2	3154	3	0	3000
Picture	22	miss				255219	1	3153	2	0	3000
Picture	22	hit	1	839	2	265011	1	3154	2	0	3000
Picture	33	hit	1	2747	4	274969	2	3154	3	0	3000
Picture	22	hit	1	3769	3	286089	1	3154	2	0	3000
Picture	33	miss				297043	1	3154	2	0	3000
Picture	22	hit	1	3091	3	307499	2	3154	3	0	3000
Picture	33	miss				316960	1	3153	2	0	3000
Picture	22	hit	1	1882	2	327084	1	3153	2	0	3000
Picture	33	miss				335548	1	3154	2	0	3000
Picture	22	hit	1	2934	2	343847	1	3153	2	0	3000
Picture	22	hit	1	5703	2	352643	1	3153	3	0	3000
Picture	22	hit	1	4738	3	361937	2	3154	3	0	3000
Picture	33	miss				372891	2	3154	3	0	3000
Picture	22	hit	1	4275	4	383845	2	3154	3	0	3000
Picture	22	hit	1	4922	2	392144	1	3153	2	0	3000
Picture	22	hit	1	6170	3	402434	1	3153	3	0	3000
Picture	22	hit	1	4606	3	412060	2	3154	3	0	3000
Picture	22	miss				420525	1	3153	2	0	3000
Picture	33	miss				430151	1	3153	2	0	3000
Picture	22	hit	1	348	2	439943	1	3153	3	0	3000
Picture	22	hit	1	3343	2	450731	1	3154	2	0	3000
Picture	22	hit	1	5960	2	459030	1	3153	2	0	3000
Picture	22	hit	1	7385	3	467992	1	3153	3	0	3000
Picture	22	miss				477950	1	3154	2	0	3000
Picture	33	hit	1	9373	3	487742	2	3154	3	0	3000
Picture	22	miss				498032	2	3154	3	0	3000
Picture	22	hit	1	4450	2	506829	1	3153	2	0	3000
Picture	22	miss				517617	1	3153	2	0	3000
Picture	33	hit	1	2389	2	527243	1	3154	2	0	3000
Picture	22	hit	1	3396	2	538363	1	3154	2	0	3000
Picture	33	miss				548985	1	3154	2	0	3000
Picture	22	hit	1	3621	3	558611	2	3154	3	0	3000
Picture	22	hit	1	4783	3	569399	2	3154	3	0	3000
Picture	22	hit	1	5035	3	580187	2	3154	3	0	3000
Picture	33	miss				589482	1	3153	2	0	3000
Picture	22	hit	1	2489	5	598776	4	3154	5	0	3000
Picture	22	hit	1	4750	3	607407	1	3153	2	0	3000
Picture	22	hit	1	4560	2	617365	1	3153	2	0	3000
Picture	22	hit	1	4204	2	625663	1	3153	3	0	3000
Picture	22	hit	1	3208	4	635455	2	3154	3	0	3000
Picture	33	miss				646409	2	3154	3	0	3000
Picture	22	hit	1	2269	3	655538	1	3153	2	0	3000
Picture	33	hit	1	2414	2	665662	1	3153	2	0	3000
Picture	22	hit	1	4594	3	673960	2	3154	3	0	3000
Picture	22	miss				684085	1	3153	2	0	3000
Picture	22	hit	1	2122	2	693213	1	3153	2	0	3000
Picture	33	miss				702341	1	3154	2	0	3000
Picture	22	hit	1	5019	2	710640	1	3153	2	0	3000
Picture	22	hit	1	3019	3	721760	1	3153	2	0	3000
Picture	22	hit	1	6993	3	730058	1	3153	3	0	3000
Picture	22	miss				740846	1	3154	2	0	3000
Picture	22	hit	1	2754	3	750140	2	3154	3	0	3000
Picture	33	miss				759435	1	3153	2	0	3000
Picture	22	hit	1	4509	3	767733	1	3154	2	0	3000
Picture	22	hit	1	4361	2	778687	1	3154	2	0	3000
Picture	22	hit	1	3358	2	787816	1	3153	2	0	3000
Picture	22	hit	1	5754	2	796280	1	3153	3	0	3000
Picture	22	hit	1	9028	4	804578	2	3154	3	0	3000
Picture	33	miss				814703	1	3153	2	0	3000
Picture	22	hit	1	2565	2	825325	1	3153	2	0	3000
Picture	22	hit	1	2194	2	835117	1	3153	2	0	3000
Picture	22	hit	1	3312	3	844245	1	3154	2	0	3000
Picture	22	hit	1	2730	3	854867	2	3154	3	0	3000
Picture	22	hit	1	5566	2	863664	1	3153	2	0	3000
Picture	33	miss				872958	1	3153	3	0	3000
Picture	22	miss				882086	2	3154	3	0	3000
Picture	22	miss				890219	1	3153	2	0	3000
Picture	22	hit	1	2383	4	898849	2	3154	3	0	3000
Picture	33	miss				908973	2	3154	3	0	3000
Picture	22	hit	1	5413	3	918268	1	3153	2	0	3000
Picture	22	miss				928392	1	3153	2	0	3000
Picture	22	hit	1	2524	3	938184	1	3153	3	0	3000
Picture	33	hit	1	2606	3	946814	2	3154	3	0	3000
Picture	22	hit	1	4695	2	955113	1	3153	2	0	3000
Picture	22	miss				963909	2	3154	3	0	3000
Picture	22	hit	1	2419	3	973702	1	3153	2	0	3000
Picture	22	hit	1	3335	2	983826	1	3153	2	0	3000
Picture	22	hit	1	2803	2	993120	1	3153	3	0	3000
Picture	33	hit	1	8594	4	1002580	2	3154	3	0	3000
Picture	22	miss				1012040	2	3154	3	0	3000
Picture	22	hit	1	1113	2	1021335	1	3153	2	0	3000
Picture	22	hit	1	6266	3	1030463	1	3154	2	0	3000
Picture	22	hit	1	6017	2	1039592	1	3153	2	0	3000
Picture	22	miss				1048720	1	3153	2	0	3000
Picture	33	hit	1	9175	2	1058014	1	3154	2	0	3000
Picture	22	miss				1067806	2	3154	3	0	3000
Picture	22	hit	1	2972	3	1076437	1	3153	2	0	3000
Picture	22	hit	1	2326	3	1084735	2	3154	3	0	3000
Picture	22	hit	1	7425	3	1094859	2	3154	3	0	3000
Picture	22	miss				1103822	1	3153	2	0	3000
Picture	33	hit	1	7548	4	1112286	2	3154	3	0	3000
Picture	22	miss				1121912	2	3154	3	0	3000
Picture	22	hit	1	1446	2	1130875	1	3153	2	0	3000
Picture	22	hit	1	163	2	1141165	1	3153	2	0	3000
Picture	33	hit	1	2191	2	1150625	1	3154	2	0	3000
Picture	22	hit	1	3509	3	1160583	2	3153	6	0	3000
Picture	22	hit	1	3899	3	1170376	1	3153	2	0	3000
Picture	22	hit	1	5638	2	1178674	1	3153	3	0	3000
Picture	22	hit	1	6782	3	1188300	2	3154	3	0	3000
Picture	22	miss				1196599	1	3153	2	0	3000
Picture	33	hit	1	357	2	1206557	1	3153	3	0	3000
Picture	22	miss				1214690	1	3153	2	0	3000
Picture	22	hit	1	4839	2	1223984	1	3153	2	0	3000
Picture	22	hit	1	3225	2	1233776	1	3153	3	0	3000
Picture	22	hit	1	2900	3	1243402	2	3154	3	0	3000
Picture	22	miss				1251867	1	3153	2	0	3000
Picture	22	hit	1	2917	2	1260995	1	3153	3	0	3000
Picture	22	miss				1270123	2	3154	3	0	3000
Picture	33	miss				1278422	1	3153	2	0	3000
Picture	22	hit	1	1274	3	1287384	1	3154	2	0	3000
Picture	22	hit	1	1894	3	1298338	2	3154	3	0	3000
Picture	22	hit	1	214	4	1308794	2	3154	3	0	3000
Picture	22	miss				1319748	2	3154	3	0	3000
Picture	22	hit	1	2914	2	1328379	1	3153	2	0	3000
Picture	33	miss				1337673	1	3153	3	0	3000
Picture	22	hit	1	3270	3	1346967	2	3154	3	0	3000
Picture	22	hit	1	3358	4	1357091	2	3154	3	0	3000
Picture	22	hit	1	2927	2	1366884	1	3153	2	0	3000
Picture	22	hit	1	1434	3	1377506	1	3153	2	0	3000
Picture	22	hit	1	2819	4	1385804	2	3154	3	0	3000
Picture	33	hit	1	2691	3	1396592	2	3154	3	0	3000
Picture	22	hit	1	2561	3	1406218	2	3154	3	0	3000
Picture	22	hit	1	1995	2	1415347	1	3153	2	0	3000
Picture	22	hit	1	2418	2	1425637	1	3153	3	0	3000
Picture	22	miss				1434433	2	3154	3	0	3000
Picture	22	miss				1443562	1	3153	2	0	3000
Picture	33	hit	1	2332	2	1454184	1	3152	5	0	3000
Picture	22	hit	1	7426	2	1463644	1	3153	3	0	3000
Picture	22	miss				1473436	2	3154	3	0	3000
Picture	22	hit	1	591	2	1481901	1	3153	2	0	3000
Picture	22	miss				1492855	1	3153	2	0	3000
Picture	22	hit	1	1202	2	1501651	1	3153	3	0	3000
Picture	33	miss				1511111	2	3154	3	0	3000
Picture	22	hit	1	783	2	1520240	1	3153	2	0	3000
Picture	22	hit	1	2512	3	1528870	1	3153	3	0	3000
Picture	22	hit	1	2909	3	1537832	2	3154	3	0	3000
Picture	22	hit	1	8008	2	1546131	1	3153	2	0	3000
Picture	22	miss				1557085	1	3153	3	0	3000
Picture	33	miss				1566711	1	3154	2	0	3000
Picture	22	hit	1	2003	2	1575176	1	3153	2	0	3000
Picture	22	hit	1	1465	2	1585632	1	3153	2	0	3000
Picture	22	hit	1	606	2	1595258	1	3153	2	0	3000
Picture	33	miss				1605050	1	3154	2	0	3000
Picture	22	hit	1	2329	4	1614344	2	3152	6	0	3000
Picture	22	hit	1	2646	2	1624801	1	3153	2	0	3000
Picture	22	hit	1	2767	2	1634593	1	3153	2	0	3000
Picture	22	miss				1644219	1	3153	3	0	3000
Picture	22	hit	1	1787	3	1654509	1	3153	3	0	3000
Picture	33	miss				1664301	2	3154	3	0	3000
Picture	22	hit	1	838	3	1675255	2	3154	3	0	3000
Picture	33	hit	1	2291	3	1683720	1	3153	2	0	3000
Picture	22	miss				1692184	2	3152	6	0	3000
Picture	22	hit	1	2687	2	1701645	1	3153	2	0	3000
Picture	22	hit	1	3720	2	1709943	1	3153	5	0	3000
Picture	22	hit	1	2843	2	1719735	1	3154	2	0	3000
Picture	22	hit	1	5473	3	1728200	1	3153	2	0	3000
Picture	33	miss				1736996	1	3153	3	0	3000
Picture	22	hit	1	722	3	1746788	2	3154	3	0	3000
Picture	22	hit	1	2451	2	1755087	1	3153	2	0	3000
Picture	22	hit	1	3202	2	1765045	1	3153	2	0	3000
Picture	22	hit	1	4854	4	1773509	2	3154	3	0	3000
Picture	22	hit	1	4224	2	1782140	1	3153	2	0	3000
Picture	33	miss				1792762	1	3153	2	0	3000
Picture	22	hit	1	1129	3	1802222	1	3154	2	0	3000
Picture	22	hit	1	2943	3	1812512	2	3154	3	0	3000
Picture	22	hit	1	2021	2	1821641	1	3153	2	0	3000
Picture	22	hit	1	928	3	1829939	1	3153	3	0	3000
Picture	22	hit	1	3561	3	1838403	2	3154	3	0	3000
Picture	22	hit	1	2616	3	1848030	1	3153	2	0	3000
Picture	22	hit	1	3057	4	1856328	2	3154	3	0	3000
Picture	33	hit	1	3191	2	1865789	1	3153	2	0	3000
Picture	22	hit	1	4634	2	1875581	1	3153	2	0	3000
Picture	33	miss				1883713	2	3154	3	0	3000
Picture	22	hit	1	3809	4	1893339	2	3154	3	0	3000
Picture	22	hit	1	2897	2	1903464	1	3153	2	0	3000
Picture	22	hit	1	1913	2	1912924	1	3153	2	0	3000
Picture	22	hit	1	4345	2	1922882	1	3153	3	0	3000
Picture	22	miss				1932342	2	3154	3	0	3000
Picture	33	hit	1	8465	2	1940973	1	3153	2	0	3000
Picture	22	hit	1	9006	2	1951595	1	3153	2	0	3000
Picture	22	miss				1961387	1	3153	3	0	3000
Picture	22	miss				1970681	2	3154	3	0	3000
Picture	22	hit	1	4220	3	1979644	1	3153	2	0	3000
Picture	22	miss				1987776	1	3154	2	0	3000
Picture	22	miss				1997236	2	3154	3	0	3000
Picture	22	hit	1	3499	2	2008191	1	3153	2	0	3000
Picture	33	miss				2016489	1	3153	3	0	3000
Picture	22	hit	1	1162	2	2026281	1	3154	2	0	3000
Picture	33	miss				2034746	1	3153	2	0	3000
Picture	22	hit	1	73	2	2044870	1	3153	2	0	3000
Picture	22	hit	1	3918	3	2053334	2	3154	3	0	3000
Picture	22	hit	1	3076	3	2063624	2	3154	3	0	3000
Picture	22	hit	1	4739	2	2071923	1	3153	2	0	3000
Picture	22	hit	1	5225	2	2080387	1	3154	2	0	3000
Picture	33	miss				2088520	1	3153	2	0	3000
Picture	22	hit	1	4743	2	2097316	1	3154	2	0	3000
Picture	22	hit	1	3747	3	2107108	2	3154	3	0	3000
Picture	22	miss				2115241	1	3153	2	0	3000
Picture	22	hit	1	3224	3	2124535	2	3154	3	0	3000
Picture	22	miss				2133664	1	3153	2	0	3000
Picture	33	miss				2142294	1	3153	3	0	3000
Picture	22	hit	1	2174	2	2152750	1	3153	3	0	3000
Picture	22	hit	1	3597	3	2162044	2	3154	3	0	3000
Picture	22	hit	1	3613	2	2171007	1	3153	2	0	3000
Picture	33	miss				2180799	1	3153	3	0	3000
Picture	22	hit	1	2217	3	2189429	2	3154	3	0	3000
Picture	22	hit	1	2776	2	2197728	1	3153	2	0	3000
Picture	22	hit	1	4680	4	2205860	2	3154	3	0	3000
Picture	22	hit	1	4074	4	2216648	2	3154	3	0	3000
Picture	22	hit	1	4752	2	2224947	1	3153	2	0	3000
Picture	33	miss				2233743	1	3154	2	0	3000
Picture	22	hit	1	2508	2	2244863	1	3154	2	0	3000
Picture	22	hit	1	3925	3	2254157	2	3154	3	0	3000
Picture	22	hit	1	2856	2	2263286	1	3153	2	0	3000
Picture	33	miss				2273576	4	3153	6	0	3000
Picture	22	hit	1	999	2	2283700	1	3153	3	0	3000
Picture	22	hit	1	3390	3	2292497	1	3153	2	0	3000
Picture	22	hit	1	5809	3	2300795	1	3153	3	0	3000
Picture	33	hit	1	8673	2	2310919	1	3154	2	0	3000
Picture	22	miss				2320877	2	3154	3	0	3000
Picture	22	hit	1	2504	2	2329342	1	3153	2	0	3000
Picture	22	hit	1	2659	2	2338636	1	3154	2	0	3000
Picture	22	hit	1	2900	4	2347930	2	3154	3	0	3000
Picture	22	hit	1	3103	3	2358386	2	3154	3	0	3000
Picture	22	hit	1	4130	2	2367515	1	3153	2	0	3000
Picture	22	hit	1	2876	2	2378303	1	3153	2	0	3000
Picture	33	hit	1	10488	2	2388095	1	3153	3	0	3000
Picture	22	miss				2399049	1	3153	3	0	3000
Picture	22	hit	1	2847	3	2409339	1	3154	2	0	3000
Picture	22	hit	1	2845	3	2418965	2	3154	3	0	3000
Picture	33	hit	1	8692	2	2427430	1	3153	2	0	3000
Picture	22	miss				2436724	1	3154	2	0	3000
Picture	33	hit	1	2761	2	2445023	1	3153	2	0	3000
Picture	22	hit	1	2332	2	2455977	1	3153	2	0	3000
Picture	33	hit	1	4086	3	2464109	1	3154	2	0	3000
Picture	22	hit	1	3037	2	2475229	1	3153	3	0	3000
Picture	22	hit	1	4559	3	2485187	2	3154	3	0	3000
Picture	22	hit	1	6148	2	2494814	1	3153	2	0	3000
Picture	33	miss				2504938	1	3153	2	0	3000
Picture	22	hit	1	4192	2	2513236	1	3154	2	0	3000
Picture	22	hit	1	7289	2	2521535	1	3153	2	0	3000
Picture	22	miss				2531659	1	3153	2	0	3000
Picture	22	hit	1	6164	2	2540621	1	3154	2	0	3000
Picture	22	miss				2551575	1	3153	3	0	3000
Picture	33	hit	1	2962	4	2561699	2	3154	3	0	3000
Picture	22	miss				2572321	2	3154	3	0	3000
Picture	22	hit	1	2927	2	2581284	1	3153	2	0	3000
Picture	22	hit	1	3167	2	2589748	1	3154	2	0	3000
Picture	33	miss				2598213	1	3153	2	0	3000
Picture	22	hit	1	1812	2	2607175	1	3153	3	0	3000
Picture	22	hit	1	5013	4	2615805	2	3154	3	0	3000
Picture	22	hit	1	4553	2	2624270	1	3153	2	0	3000
Picture	22	hit	1	4978	3	2632734	2	3154	3	0	3000
Picture	22	miss				2642527	1	3153	2	0	3000
Picture	33	hit	1	1167	3	2650825	1	3153	3	0	3000
Picture	22	hit	1	3608	3	2660451	2	3154	3	0	3000
Picture	22	hit	1	3430	3	2670243	2	3154	3	0	3000
Picture	22	hit	1	4095	2	2678874	1	3153	2	0	3000
Picture	22	hit	1	3513	2	2687836	1	3154	2	0	3000
Picture	22	hit	1	2872	3	2698126	2	3154	3	0	3000
Picture	22	hit	1	3169	3	2708748	2	3154	3	0	3000
Picture	22	hit	1	4408	4	2719370	2	3154	3	0	3000
Picture	33	hit	1	7345	2	2729827	1	3153	2	0	3000
Picture	22	miss				2738456	4	3154	6	0	3000
Picture	22	hit	1	1940	2	2748747	1	3154	2	0	3000
Picture	22	hit	1	1862	3	2757709	2	3154	3	0	3000
Picture	22	hit	1	2947	2	2766838	1	3153	2	0	3000
Picture	22	hit	1	1521	4	2775468	2	3154	3	0	3000
Picture	33	miss				2786422	1	3154	2	0	3000
Picture	22	hit	1	3942	3	2794721	1	3153	2	0	3000
Picture	22	hit	1	9469	3	2805675	1	3153	2	0	3000
Picture	22	hit	1	9676	2	2816629	1	3153	2	0	3000
Picture	22	miss				2827085	1	3153	2	0	3000
Picture	22	hit	1	2890	2	2836545	1	3154	2	0	3000
Picture	22	hit	1	5667	3	2845341	2	3154	3	0	3000
Picture	22	hit	1	5345	2	2854968	1	3153	2	0	3000
Picture	33	hit	1	7924	2	2863930	1	3153	3	0	3000
