Scenario - GO/NO-GO
Logfile written - 07/14/2011 14:12:30

Subject	Trial	Event Type	Code	Time	TTime	Uncertainty	Duration	Uncertainty	ReqTime	ReqDur

mjm	2	Picture	22	289	0	2	3154	3	0	3000
mjm	3	Picture	22	29832	0	1	3153	3	0	3000
mjm	3	Response	1	33368	3536	1
mjm	4	Picture	22	58711	0	1	3153	2	0	3000
mjm	4	Response	1	66095	7384	1
mjm	5	Picture	22	95722	0	1	3153	3	0	3000
mjm	5	Response	1	100412	4690	2
mjm	6	Picture	22	130576	0	1	3153	2	0	3000
mjm	6	Response	1	134349	3773	1
mjm	7	Picture	33	168915	0	1	3153	2	0	3000
mjm	8	Picture	22	203104	0	2	3154	3	0	3000
mjm	8	Response	1	206199	3095	1
mjm	9	Picture	33	242439	0	1	3154	2	0	3000
mjm	10	Picture	22	281442	0	1	3153	3	0	3000
mjm	10	Response	1	284736	3294	2
mjm	11	Picture	22	318452	0	4	3155	5	0	3000
mjm	11	Response	1	323245	4793	1
mjm	12	Picture	22	350319	0	2	3154	3	0	3000
mjm	12	Response	1	356199	5880	2
mjm	13	Picture	33	381688	0	1	3153	2	0	3000
mjm	14	Picture	22	416043	0	2	3154	3	0	3000
mjm	14	Response	1	419876	3833	1
mjm	15	Picture	22	450233	0	1	3154	2	0	3000
mjm	15	Response	1	457087	6854	2
mjm	16	Picture	22	485917	0	1	3153	2	0	3000
mjm	16	Response	1	496421	10504	1
mjm	17	Picture	33	518447	0	1	3153	2	0	3000
mjm	18	Picture	22	556786	0	1	3153	2	0	3000
mjm	18	Response	1	560897	4111	1
mjm	19	Picture	22	590478	0	1	3153	2	0	3000
mjm	19	Response	1	596233	5755	2
mjm	20	Picture	22	628319	0	1	3153	2	0	3000
mjm	20	Response	1	633278	4959	2
mjm	21	Picture	22	668151	0	2	3154	3	0	3000
mjm	21	Response	1	675069	6918	1
mjm	22	Picture	22	706490	0	2	3154	3	0	3000
mjm	22	Response	1	711788	5298	1
mjm	23	Picture	22	743667	0	2	3154	3	0	3000
mjm	23	Response	1	748707	5040	1
mjm	24	Picture	22	781509	0	1	3153	2	0	3000
mjm	24	Response	1	786184	4675	1
mjm	25	Picture	33	815864	0	2	3154	3	0	3000
mjm	25	Response	1	820124	4260	1
mjm	26	Picture	22	852875	0	2	3154	3	0	3000
mjm	26	Response	1	858119	5244	1
mjm	27	Picture	22	892210	0	2	3154	3	0	3000
mjm	27	Response	1	895361	3151	1
mjm	28	Picture	22	921089	0	1	3153	3	0	3000
mjm	29	Picture	22	956772	0	2	3154	3	0	3000
mjm	29	Response	1	960024	3252	2
mjm	30	Picture	22	987972	0	4	3156	5	0	3000
mjm	30	Response	1	991393	3421	1
mjm	31	Picture	22	1024156	0	1	3154	2	0	3000
mjm	31	Response	1	1029431	5275	1
mjm	32	Picture	22	1062495	0	1	3154	2	0	3000
mjm	32	Response	1	1067558	5063	1
mjm	33	Picture	33	1096851	0	1	3153	3	0	3000
mjm	34	Picture	22	1135688	0	1	3153	2	0	3000
mjm	34	Response	1	1140216	4528	2
mjm	35	Picture	22	1166558	0	1	3154	2	0	3000
mjm	35	Response	1	1174801	8243	1
mjm	36	Picture	22	1202574	0	1	3153	2	0	3000
mjm	36	Response	1	1207940	5366	1
mjm	37	Picture	22	1238423	0	1	3153	3	0	3000
mjm	37	Response	1	1249033	10610	1
mjm	38	Picture	22	1277924	0	1	3153	2	0	3000
mjm	38	Response	1	1281059	3135	1
mjm	39	Picture	22	1316927	0	1	3153	2	0	3000
mjm	39	Response	1	1322866	5939	2
mjm	40	Picture	22	1345473	0	2	3154	3	0	3000
mjm	40	Response	1	1350257	4784	2
mjm	41	Picture	33	1381323	0	1	3153	2	0	3000
mjm	42	Picture	22	1410865	0	2	3154	3	0	3000
mjm	42	Response	1	1415786	4921	1
mjm	43	Picture	22	1447711	0	1	3153	2	0	3000
mjm	43	Response	1	1452170	4459	1
mjm	44	Picture	22	1478415	0	1	3154	2	0	3000
mjm	44	Response	1	1482300	3885	2
mjm	45	Picture	33	1509949	0	2	3154	3	0	3000
mjm	46	Picture	22	1549782	0	1	3153	3	0	3000
mjm	46	Response	1	1553407	3625	2
mjm	47	Picture	22	1579989	0	1	3153	2	0	3000
mjm	47	Response	1	1586376	6387	1
mjm	48	Picture	22	1614344	0	1	3154	2	0	3000
mjm	48	Response	1	1623025	8681	2
mjm	49	Picture	33	1653845	0	1	3153	3	0	3000
mjm	50	Picture	22	1690856	0	2	3154	3	0	3000
mjm	50	Response	1	1694362	3506	1
mjm	51	Picture	22	1728863	0	2	3154	3	0	3000
mjm	51	Response	1	1731372	2509	1
mjm	52	Picture	22	1760232	0	1	3153	2	0	3000
mjm	52	Response	1	1765106	4874	1
mjm	53	Picture	22	1798903	0	1	3153	2	0	3000
mjm	53	Response	1	1802616	3713	1
mjm	54	Picture	22	1835250	0	1	3153	2	0	3000
mjm	54	Response	1	1843370	8120	2
mjm	55	Picture	22	1866286	0	1	3154	2	0	3000
mjm	55	Response	1	1870144	3858	1
mjm	56	Picture	22	1904293	0	2	3154	3	0	3000
mjm	56	Response	1	1909269	4976	1
mjm	57	Picture	33	1934168	0	1	3153	2	0	3000
mjm	58	Picture	22	1973503	0	1	3153	2	0	3000
mjm	58	Response	1	1977310	3807	2
mjm	59	Picture	33	2007194	0	2	3154	3	0	3000
mjm	60	Picture	22	2039061	0	1	3153	2	0	3000
mjm	60	Response	1	2042231	3170	1
mjm	60	Response	1	2065010	25949	1
mjm	61	Picture	22	2078229	0	2	3154	3	0	3000
mjm	62	Picture	22	2114411	0	1	3153	2	0	3000
mjm	62	Response	1	2117922	3511	1
mjm	63	Picture	22	2144783	0	2	3154	3	0	3000
mjm	63	Response	1	2148290	3507	1
mjm	64	Picture	22	2176483	0	2	3154	3	0	3000
mjm	64	Response	1	2179957	3474	1
mjm	65	Picture	33	2210673	0	1	3154	2	0	3000
mjm	65	Response	1	2213969	3296	1
mjm	66	Picture	22	2248846	0	1	3154	2	0	3000
mjm	66	Response	1	2253832	4986	1
mjm	67	Picture	22	2282372	0	1	3153	3	0	3000
mjm	67	Response	1	2289336	6964	1
mjm	68	Picture	22	2311417	0	1	3153	2	0	3000
mjm	68	Response	1	2321597	10180	1
mjm	69	Picture	22	2350420	0	1	3153	4	0	3000
mjm	69	Response	1	2355864	5444	1
mjm	70	Picture	22	2379796	0	2	3154	3	0	3000
mjm	70	Response	1	2391492	11696	1
mjm	71	Picture	22	2411828	0	2	3154	3	0	3000
mjm	71	Response	1	2417387	5559	1
mjm	72	Picture	22	2443861	0	1	3152	4	0	3000
mjm	72	Response	1	2447918	4057	1
mjm	73	Picture	33	2479710	0	1	3153	3	0	3000
mjm	74	Picture	22	2511742	0	1	3154	2	0	3000
mjm	74	Response	1	2512190	448	1
mjm	75	Picture	22	2544936	0	1	3154	2	0	3000
mjm	75	Response	1	2550288	5352	1
mjm	76	Picture	22	2581283	0	2	3154	3	0	3000
mjm	76	Response	1	2584109	2826	1
mjm	77	Picture	22	2616967	0	1	3153	2	0	3000
mjm	77	Response	1	2620671	3704	2
mjm	78	Picture	22	2651157	0	1	3153	2	0	3000
mjm	78	Response	1	2653815	2658	1
mjm	79	Picture	33	2684185	0	1	3153	2	0	3000
mjm	79	Response	1	2688352	4167	1
mjm	80	Picture	22	2718872	0	2	3154	3	0	3000
mjm	80	Response	1	2722442	3570	2
mjm	81	Picture	22	2754722	0	1	3153	2	0	3000
mjm	81	Response	1	2758714	3992	1
mjm	82	Picture	22	2790073	0	2	3154	3	0	3000
mjm	82	Response	1	2794217	4144	1
mjm	83	Picture	22	2818952	0	1	3153	3	0	3000
mjm	83	Response	1	2822531	3579	2
mjm	84	Picture	22	2858287	0	1	3153	2	0	3000
mjm	84	Response	1	2862136	3849	1
mjm	85	Picture	22	2896460	0	1	3153	2	0	3000
mjm	85	Response	1	2899820	3360	2
mjm	86	Picture	22	2927662	0	1	3154	2	0	3000
mjm	86	Response	1	2932527	4865	2
mjm	87	Picture	33	2965171	0	2	3154	3	0	3000
mjm	87	Response	1	2990468	25297	1
mjm	88	Picture	22	2996706	0	1	3153	2	0	3000
mjm	89	Picture	22	3028738	0	1	3153	2	0	3000
mjm	89	Response	1	3033430	4692	1
mjm	90	Picture	22	3067575	0	1	3153	2	0	3000
mjm	90	Response	1	3072031	4456	1
mjm	91	Picture	33	3106079	0	2	3154	3	0	3000
mjm	92	Picture	22	3140435	0	2	3154	3	0	3000
mjm	92	Response	1	3143374	2939	1
mjm	93	Picture	22	3176285	0	1	3153	2	0	3000
mjm	93	Response	1	3178906	2621	1
mjm	94	Picture	22	3212632	0	1	3153	3	0	3000
mjm	94	Response	1	3215117	2485	1
mjm	95	Picture	22	3247486	0	1	3153	2	0	3000
mjm	95	Response	1	3250717	3231	1
mjm	96	Picture	22	3277360	0	1	3154	2	0	3000
mjm	96	Response	1	3280659	3299	2
mjm	97	Picture	33	3313542	0	1	3151	4	0	3000
mjm	97	Response	1	3316966	3424	2
mjm	98	Picture	22	3343582	0	1	3153	3	0	3000
mjm	98	Response	1	3346289	2707	1
mjm	99	Picture	22	3380925	0	1	3154	2	0	3000
mjm	99	Response	1	3383887	2962	1
mjm	100	Picture	22	3410800	0	1	3153	2	0	3000
mjm	100	Response	1	3413884	3084	1
mjm	101	Picture	22	3442334	0	1	3153	3	0	3000
mjm	101	Response	1	3445344	3010	2
mjm	102	Picture	22	3478183	0	2	3154	3	0	3000
mjm	102	Response	1	3481032	2849	2
mjm	103	Picture	33	3514531	0	1	3153	2	0	3000
mjm	104	Picture	22	3549384	0	2	3154	3	0	3000
mjm	104	Response	1	3552702	3318	1
mjm	105	Picture	22	3584238	0	1	3153	3	0	3000
mjm	105	Response	1	3587027	2789	1
mjm	106	Picture	22	3614444	0	2	3154	3	0	3000
mjm	106	Response	1	3616990	2546	1
mjm	107	Picture	22	3643655	0	1	3154	2	0	3000
mjm	107	Response	1	3645984	2329	1
mjm	107	Response	1	3672001	28346	1
mjm	108	Picture	22	3676683	0	1	3154	2	0	3000
mjm	109	Picture	33	3711371	0	1	3153	2	0	3000
mjm	110	Picture	22	3744897	0	1	3153	2	0	3000
mjm	110	Response	1	3746709	1812	1
mjm	111	Picture	22	3779584	0	2	3154	3	0	3000
mjm	111	Response	1	3782335	2751	1
mjm	112	Picture	22	3817591	0	2	3154	3	0	3000
mjm	112	Response	1	3819931	2340	2
mjm	113	Picture	33	3848960	0	1	3153	2	0	3000
mjm	113	Response	1	3851318	2358	2
mjm	113	Response	1	3855813	6853	2
mjm	114	Picture	22	3880328	0	1	3153	2	0	3000
mjm	114	Response	1	3887715	7387	1
mjm	115	Picture	22	3909539	0	1	3153	2	0	3000
mjm	115	Response	1	3913286	3747	1
mjm	116	Picture	22	3947214	0	1	3153	2	0	3000
mjm	116	Response	1	3950963	3749	1
mjm	117	Picture	22	3986548	0	2	3154	3	0	3000
mjm	117	Response	1	3989794	3246	1
mjm	118	Picture	22	4019576	0	2	3154	3	0	3000
mjm	118	Response	1	4024406	4830	1
mjm	119	Picture	33	4052936	0	2	3154	3	0	3000
mjm	120	Picture	22	4082147	0	1	3153	3	0	3000
mjm	120	Response	1	4085520	3373	1
mjm	121	Picture	22	4119656	0	1	3154	2	0	3000
mjm	121	Response	1	4122900	3244	1
mjm	122	Picture	22	4156169	0	2	3154	3	0	3000
mjm	122	Response	1	4159052	2883	1
mjm	123	Picture	22	4195836	0	1	3154	2	0	3000
mjm	123	Response	1	4198679	2843	2
mjm	124	Picture	22	4235669	0	1	3153	2	0	3000
mjm	124	Response	1	4238980	3311	1
mjm	125	Picture	22	4271684	0	2	3154	3	0	3000
mjm	125	Response	1	4280200	8516	1
mjm	126	Picture	22	4310521	0	2	3154	3	0	3000
mjm	126	Response	1	4316233	5712	1
mjm	127	Picture	33	4344711	0	1	3153	3	0	3000
mjm	127	Response	1	4349082	4371	2
mjm	128	Picture	22	4381722	0	2	3154	3	0	3000
mjm	128	Response	1	4384610	2888	1
mjm	129	Picture	33	4410435	0	1	3153	3	0	3000
mjm	130	Picture	22	4448608	0	1	3153	3	0	3000
mjm	130	Response	1	4453159	4551	1
mjm	131	Picture	22	4487943	0	1	3153	2	0	3000
mjm	131	Response	1	4491310	3367	1
mjm	132	Picture	22	4517153	0	2	3154	3	0	3000
mjm	132	Response	1	4521184	4031	2
mjm	133	Picture	22	4551509	0	1	3154	2	0	3000
mjm	133	Response	1	4555122	3613	2
mjm	134	Picture	22	4582214	0	1	3153	2	0	3000
mjm	134	Response	1	4586788	4574	2
mjm	135	Picture	22	4612752	0	1	3153	3	0	3000
mjm	135	Response	1	4617368	4616	1
mjm	136	Picture	22	4647606	0	1	3153	2	0	3000
mjm	136	Response	1	4651279	3673	1
mjm	137	Picture	33	4679804	0	1	3153	2	0	3000
mjm	137	Response	1	4684333	4529	1
mjm	138	Picture	22	4719802	0	2	3154	3	0	3000
mjm	138	Response	1	4726784	6982	1
mjm	139	Picture	33	4754324	0	1	3154	2	0	3000
mjm	140	Picture	22	4791833	0	2	3154	3	0	3000
mjm	140	Response	1	4795888	4055	1
mjm	141	Picture	22	4829010	0	2	3154	3	0	3000
mjm	141	Response	1	4833804	4794	2
mjm	142	Picture	22	4866852	0	1	3153	2	0	3000
mjm	142	Response	1	4870393	3541	2
mjm	143	Picture	33	4897722	0	1	3153	2	0	3000
mjm	143	Response	1	4901644	3922	1
mjm	144	Picture	22	4928592	0	2	3154	3	0	3000
mjm	144	Response	1	4933895	5303	1
mjm	145	Picture	22	4957305	0	1	3153	3	0	3000
mjm	145	Response	1	4962975	5670	1
mjm	146	Picture	22	4993984	0	2	3154	3	0	3000
mjm	146	Response	1	4998503	4519	2
mjm	147	Picture	22	5022365	0	1	3154	2	0	3000
mjm	147	Response	1	5028787	6422	2
mjm	148	Picture	22	5055227	0	1	3153	3	0	3000
mjm	148	Response	1	5059484	4257	1
mjm	149	Picture	33	5093898	0	1	3153	3	0	3000
mjm	150	Picture	22	5132403	0	1	3153	3	0	3000
mjm	150	Response	1	5135694	3291	1
mjm	151	Picture	22	5160784	0	1	3153	2	0	3000
mjm	151	Response	1	5167302	6518	1
mjm	152	Picture	22	5197297	0	1	3154	2	0	3000
mjm	152	Response	1	5203301	6004	2
mjm	153	Picture	33	5225512	0	1	3153	3	0	3000
mjm	154	Response	1	5421952	163080	2
mjm	156	Picture	22	5432144	0	1	3154	2	0	3000
mjm	156	Response	1	5436669	4525	1
mjm	157	Picture	33	5467330	0	1	3153	2	0	3000
mjm	158	Picture	22	5504507	0	1	3153	3	0	3000
mjm	158	Response	1	5508919	4412	2
mjm	159	Picture	22	5540853	0	4	3155	5	0	3000
mjm	159	Response	1	5546069	5216	1
mjm	160	Picture	22	5576704	0	1	3153	2	0	3000
mjm	160	Response	1	5582688	5984	1
mjm	161	Picture	33	5613881	0	1	3153	3	0	3000
mjm	162	Picture	22	5643921	0	2	3154	3	0	3000
mjm	162	Response	1	5647427	3506	2
mjm	163	Picture	22	5680601	0	1	3153	2	0	3000
mjm	163	Response	1	5684604	4003	1
mjm	164	Picture	22	5708650	0	1	3153	2	0	3000
mjm	164	Response	1	5713790	5140	1
mjm	165	Picture	22	5739354	0	1	3153	3	0	3000
mjm	165	Response	1	5743158	3804	1
mjm	166	Picture	22	5772714	0	1	3153	2	0	3000
mjm	166	Response	1	5776679	3965	2
mjm	167	Picture	22	5802588	0	2	3154	3	0	3000
mjm	167	Response	1	5807641	5053	2
mjm	168	Picture	22	5831965	0	1	3153	3	0	3000
mjm	168	Response	1	5837509	5544	2
mjm	169	Picture	33	5862503	0	2	3154	3	0	3000
mjm	170	Picture	22	5898519	0	1	3153	2	0	3000
mjm	170	Response	1	5901717	3198	1
mjm	171	Picture	22	5935530	0	1	3154	2	0	3000
mjm	171	Response	1	5941049	5519	1
mjm	172	Picture	22	5965903	0	1	3153	2	0	3000
mjm	172	Response	1	5971123	5220	57
mjm	173	Picture	33	5998267	0	1	3153	2	0	3000
mjm	174	Picture	22	6034946	0	1	3153	3	0	3000
mjm	174	Response	1	6038955	4009	1
mjm	175	Picture	22	6065318	0	2	3154	3	0	3000
mjm	175	Response	1	6074360	9042	1
mjm	176	Picture	22	6096687	0	1	3153	2	0	3000
mjm	176	Response	1	6102905	6218	2
mjm	177	Picture	22	6133200	0	1	3153	3	0	3000
mjm	177	Response	1	6137199	3999	1
mjm	178	Picture	22	6164070	0	2	3154	3	0	3000
mjm	178	Response	1	6171133	7063	2
mjm	179	Picture	22	6196932	0	2	3154	3	0	3000
mjm	179	Response	1	6202682	5750	1
mjm	180	Picture	22	6230458	0	2	3154	3	0	3000
mjm	180	Response	1	6237500	7042	1
mjm	181	Picture	33	6258839	0	1	3154	2	0	3000
mjm	182	Picture	22	6288050	0	1	3153	2	0	3000
mjm	182	Response	1	6291892	3842	1
mjm	183	Picture	22	6321742	0	1	3153	2	0	3000
mjm	183	Response	1	6326828	5086	1
mjm	184	Picture	22	6353774	0	1	3153	2	0	3000
mjm	184	Response	1	6357993	4219	1
mjm	185	Picture	22	6385806	0	1	3153	2	0	3000
mjm	185	Response	1	6390687	4881	2
mjm	186	Picture	22	6415348	0	2	3154	3	0	3000
mjm	186	Response	1	6420142	4794	2
mjm	187	Picture	33	6451862	0	1	3153	2	0	3000
mjm	188	Picture	22	6491529	0	1	3153	2	0	3000
mjm	188	Response	1	6496818	5289	1
mjm	189	Picture	22	6528872	0	1	3153	2	0	3000
mjm	189	Response	1	6534438	5566	1
mjm	190	Picture	22	6567543	0	1	3153	2	0	3000
mjm	190	Response	1	6575589	8046	2
mjm	191	Picture	22	6605882	0	1	3153	2	0	3000
mjm	191	Response	1	6610820	4938	2
mjm	192	Picture	22	6640901	0	2	3154	3	0	3000
mjm	192	Response	1	6647705	6804	1
mjm	193	Picture	33	6674925	0	1	3153	3	0	3000
mjm	194	Picture	22	6711438	0	2	3154	3	0	3000
mjm	194	Response	1	6715330	3892	2
mjm	195	Picture	22	6740317	0	1	3153	3	0	3000
mjm	195	Response	1	6750710	10393	1
mjm	196	Picture	22	6778822	0	1	3151	5	0	3000
mjm	196	Response	1	6784939	6117	1
mjm	197	Picture	33	6812846	0	1	3153	2	0	3000
mjm	198	Picture	22	6845708	0	1	3153	2	0	3000
mjm	198	Response	1	6850058	4350	2
mjm	199	Picture	22	6882553	0	1	3154	2	0	3000
mjm	199	Response	1	6887590	5037	1
mjm	200	Picture	22	6919730	0	2	3154	3	0	3000
mjm	200	Response	1	6923447	3717	1
mjm	201	Picture	22	6959065	0	1	3154	2	0	3000
mjm	201	Response	1	6962610	3545	1
mjm	202	Picture	22	6994417	0	1	3153	2	0	3000
mjm	202	Response	1	6998416	3999	1
mjm	203	Picture	33	7029934	0	1	3154	2	0	3000
mjm	204	Picture	22	7061302	0	2	3154	3	0	3000
mjm	204	Response	1	7064369	3067	1
mjm	205	Picture	22	7092505	0	1	3153	2	0	3000
mjm	205	Response	1	7100579	8074	1
mjm	206	Picture	22	7128520	0	1	3154	2	0	3000
mjm	206	Response	1	7132577	4057	2
mjm	207	Picture	22	7163374	0	1	3153	2	0	3000
mjm	207	Response	1	7168435	5061	1
mjm	208	Picture	22	7199721	0	1	3154	2	0	3000
mjm	208	Response	1	7203022	3301	1
mjm	209	Picture	33	7230758	0	1	3153	2	0	3000
mjm	210	Picture	22	7267271	0	1	3153	2	0	3000
mjm	210	Response	1	7271125	3854	1
mjm	211	Picture	22	7304613	0	4	3154	6	0	3000
mjm	211	Response	1	7308928	4315	1
mjm	212	Picture	22	7339302	0	1	3153	2	0	3000
mjm	212	Response	1	7343070	3768	1
mjm	213	Picture	33	7375151	0	1	3154	2	0	3000
mjm	214	Picture	22	7408677	0	1	3153	3	0	3000
mjm	214	Response	1	7412994	4317	1
mjm	215	Picture	33	7441207	0	1	3153	3	0	3000
mjm	215	Response	1	7450293	9086	1
mjm	216	Picture	22	7478384	0	2	3154	3	0	3000
mjm	216	Response	1	7483669	5285	1
mjm	217	Picture	22	7507429	0	1	3153	3	0	3000
mjm	217	Response	1	7514812	7383	2
mjm	218	Picture	22	7544440	0	1	3154	2	0	3000
mjm	218	Response	1	7553027	8587	1
mjm	219	Picture	22	7575477	0	1	3153	2	0	3000
mjm	219	Response	1	7579833	4356	1
mjm	220	Picture	22	7605019	0	1	3154	2	0	3000
mjm	220	Response	1	7613536	8517	2
mjm	221	Picture	22	7634562	0	1	3153	2	0	3000
mjm	221	Response	1	7638956	4394	1
mjm	222	Picture	22	7663772	0	2	3154	3	0	3000
mjm	222	Response	1	7669093	5321	1
mjm	223	Picture	33	7702111	0	2	3154	3	0	3000
mjm	224	Picture	22	7733978	0	1	3153	2	0	3000
mjm	224	Response	1	7737809	3831	1
mjm	225	Picture	22	7765678	0	1	3153	2	0	3000
mjm	225	Response	1	7770982	5304	1
mjm	226	Picture	22	7800697	0	2	3154	3	0	3000
mjm	226	Response	1	7803450	2753	1
mjm	227	Picture	22	7836713	0	1	3153	2	0	3000
mjm	227	Response	1	7839929	3216	1
mjm	228	Picture	22	7872562	0	2	3154	3	0	3000
mjm	228	Response	1	7877197	4635	1
mjm	229	Picture	33	7911565	0	2	3154	3	0	3000
mjm	230	Picture	22	7950568	0	1	3154	2	0	3000
mjm	230	Response	1	7953816	3248	2
mjm	231	Picture	22	7979115	0	1	3153	2	0	3000
mjm	231	Response	1	7984803	5688	1
mjm	232	Picture	22	8018450	0	1	3153	2	0	3000
mjm	232	Response	1	8021896	3446	2
mjm	233	Picture	33	8057619	0	1	3153	2	0	3000
mjm	234	Picture	22	8087161	0	1	3154	2	0	3000
mjm	234	Response	1	8093677	6516	2
mjm	235	Picture	22	8121351	0	1	3153	2	0	3000
mjm	235	Response	1	8129118	7767	1
mjm	236	Picture	22	8151557	0	2	3154	3	0	3000
mjm	236	Response	1	8162456	10899	1
mjm	237	Picture	22	8186245	0	1	3154	2	0	3000
mjm	237	Response	1	8190998	4753	1
mjm	238	Picture	22	8214626	0	1	3153	2	0	3000
mjm	238	Response	1	8221220	6594	2
mjm	239	Picture	33	8245496	0	2	3154	3	0	3000
mjm	240	Picture	22	8273711	0	1	3153	3	0	3000
mjm	240	Response	1	8277611	3900	2
mjm	241	Picture	22	8309395	0	1	3153	2	0	3000
mjm	241	Response	1	8321717	12322	1
mjm	242	Picture	22	8340763	0	1	3153	2	0	3000
mjm	242	Response	1	8347515	6752	2
mjm	243	Picture	22	8369144	0	1	3153	2	0	3000
mjm	243	Response	1	8374145	5001	1
mjm	244	Picture	22	8401342	0	1	3153	2	0	3000
mjm	244	Response	1	8405428	4086	2
mjm	245	Picture	33	8432544	0	1	3154	2	0	3000
mjm	246	Picture	22	8467398	0	1	3153	2	0	3000
mjm	246	Response	1	8470639	3241	2
mjm	247	Picture	22	8501256	0	1	3153	2	0	3000
mjm	247	Response	1	8504924	3668	2
mjm	248	Picture	22	8538101	0	1	3153	2	0	3000
mjm	248	Response	1	8545756	7655	1
mjm	249	Picture	22	8572457	0	1	3153	2	0	3000
mjm	249	Response	1	8580075	7618	1
mjm	250	Picture	22	8601003	0	2	3154	3	0	3000
mjm	250	Response	1	8607498	6495	2
mjm	251	Picture	33	8633699	0	2	3154	3	0	3000
mjm	252	Picture	22	8663242	0	1	3153	3	0	3000
mjm	252	Response	1	8674880	11638	1
mjm	253	Picture	22	8696602	0	1	3153	2	0	3000
mjm	253	Response	1	8701659	5057	1
mjm	254	Picture	22	8736601	0	1	3153	2	0	3000
mjm	254	Response	1	8740697	4096	2
mjm	255	Picture	22	8772284	0	1	3153	3	0	3000
mjm	255	Response	1	8775411	3127	2
mjm	256	Picture	22	8806308	0	1	3153	2	0	3000
mjm	256	Response	1	8810086	3778	1
mjm	257	Picture	22	8835187	0	1	3153	2	0	3000
mjm	257	Response	1	8838571	3384	2
mjm	258	Picture	22	8869044	0	2	3154	3	0	3000
mjm	258	Response	1	8873395	4351	1
mjm	259	Picture	33	8908213	0	2	3154	3	0	3000
mjm	260	Picture	22	8948212	0	1	3153	2	0	3000
mjm	260	Response	1	8951369	3157	1
mjm	261	Picture	22	8979746	0	2	3154	3	0	3000
mjm	261	Response	1	8989225	9479	1
mjm	262	Picture	22	9017421	0	2	3154	3	0	3000
mjm	262	Response	1	9022968	5547	1
mjm	263	Picture	22	9046632	0	1	3153	3	0	3000
mjm	263	Response	1	9053166	6534	1
mjm	264	Picture	22	9085469	0	1	3153	2	0	3000
mjm	264	Response	1	9088843	3374	1
mjm	265	Picture	22	9125468	0	1	3153	2	0	3000
mjm	265	Response	1	9129355	3887	1
mjm	266	Picture	22	9160653	0	1	3154	2	0	3000
mjm	266	Response	1	9165120	4467	1
mjm	267	Picture	33	9191524	0	1	3153	2	0	3000
mjm	268	Picture	22	9227373	0	1	3153	3	0	3000
mjm	268	Response	1	9232244	4871	1
mjm	269	Picture	22	9255920	0	1	3153	2	0	3000
mjm	269	Response	1	9261674	5754	1
mjm	270	Picture	22	9287122	0	1	3154	2	0	3000
mjm	270	Response	1	9291074	3952	2
mjm	271	Picture	33	9322640	0	1	3153	2	0	3000
mjm	272	Picture	22	9355333	0	4	3156	5	0	3000
mjm	272	Response	1	9358433	3100	1
mjm	273	Picture	22	9390521	0	2	3154	3	0	3000
mjm	274	Picture	22	9419732	0	1	3153	2	0	3000
mjm	274	Response	1	9423583	3851	2
mjm	275	Picture	22	9457407	0	1	3153	3	0	3000
mjm	275	Response	1	9461649	4242	1
mjm	276	Picture	22	9486452	0	1	3153	2	0	3000
mjm	276	Response	1	9491257	4805	1
mjm	277	Picture	33	9518816	0	1	3153	2	0	3000
mjm	277	Response	1	9522188	3372	2
mjm	278	Picture	22	9552010	0	1	3153	2	0	3000
mjm	278	Response	1	9561033	9023	2
mjm	279	Picture	22	9589353	0	1	3153	3	0	3000
mjm	279	Response	1	9593172	3819	1
mjm	280	Picture	22	9627858	0	1	3153	2	0	3000
mjm	280	Response	1	9635777	7919	1
mjm	281	Picture	22	9661218	0	1	3153	2	0	3000
mjm	281	Response	1	9664527	3309	1
mjm	282	Picture	22	9698561	0	1	3153	3	0	3000
mjm	282	Response	1	9702001	3440	1
mjm	283	Picture	33	9737896	0	1	3153	2	0	3000
mjm	283	Response	1	9742660	4764	1
mjm	284	Picture	22	9774741	0	1	3153	3	0	3000
mjm	284	Response	1	9778486	3745	1
mjm	285	Picture	22	9813578	0	1	3153	3	0	3000
mjm	285	Response	1	9817404	3826	2
mjm	286	Picture	22	9848100	0	1	3153	2	0	3000
mjm	286	Response	1	9851873	3773	1
mjm	287	Picture	22	9881626	0	1	3153	2	0	3000
mjm	287	Response	1	9891650	10024	1
mjm	288	Picture	22	9912994	0	1	3153	2	0	3000
mjm	288	Response	1	9920781	7787	1
mjm	289	Picture	22	9944196	0	1	3154	2	0	3000
mjm	289	Response	1	9948471	4275	2
mjm	290	Picture	22	9980543	0	2	3154	3	0	3000
mjm	290	Response	1	9985209	4666	2
mjm	291	Picture	33	10015065	0	1	3154	2	0	3000
mjm	292	Picture	22	10050915	0	1	3153	2	0	3000
mjm	292	Response	1	10055520	4605	1
mjm	293	Picture	22	10090747	0	2	3154	3	0	3000
mjm	293	Response	1	10098774	8027	1
mjm	294	Picture	22	10125933	0	1	3153	2	0	3000
mjm	294	Response	1	10129357	3424	1
mjm	295	Picture	33	10160787	0	1	3153	2	0	3000
mjm	296	Picture	22	10191325	0	1	3153	3	0	3000
mjm	296	Response	1	10194069	2744	1
mjm	297	Picture	22	10220370	0	1	3153	2	0	3000
mjm	297	Response	1	10224911	4541	1
mjm	298	Picture	22	10259870	0	2	3154	3	0	3000
mjm	298	Response	1	10265421	5551	1
mjm	299	Picture	33	10295554	0	1	3153	3	0	3000
mjm	299	Response	1	10299658	4104	1
mjm	300	Picture	22	10335387	0	1	3153	2	0	3000
mjm	300	Response	1	10339074	3687	2
mjm	301	Picture	22	10370240	0	2	3154	3	0	3000
mjm	301	Response	1	10375253	5013	1
mjm	302	Picture	22	10407252	0	1	3153	2	0	3000
mjm	302	Response	1	10411229	3977	1
mjm	303	Picture	22	10443599	0	1	3153	2	0	3000
mjm	303	Response	1	10447348	3749	1
mjm	304	Picture	22	10471814	0	4	3153	5	0	3000
mjm	304	Response	1	10478251	6437	1
mjm	305	Picture	33	10501190	0	2	3154	3	0	3000
mjm	305	Response	1	10529253	28063	1


Event Type	Code	Type	Response	RT	RT Uncertainty	Time	Uncertainty	Duration	Uncertainty	ReqTime	ReqDur

Picture	22	miss				289	2	3154	3	0	3000
Picture	22	hit	1	3536	2	29832	1	3153	3	0	3000
Picture	22	hit	1	7384	2	58711	1	3153	2	0	3000
Picture	22	hit	1	4690	3	95722	1	3153	3	0	3000
Picture	22	hit	1	3773	2	130576	1	3153	2	0	3000
Picture	33	miss				168915	1	3153	2	0	3000
Picture	22	hit	1	3095	3	203104	2	3154	3	0	3000
Picture	33	miss				242439	1	3154	2	0	3000
Picture	22	hit	1	3294	3	281442	1	3153	3	0	3000
Picture	22	hit	1	4793	5	318452	4	3155	5	0	3000
Picture	22	hit	1	5880	4	350319	2	3154	3	0	3000
Picture	33	miss				381688	1	3153	2	0	3000
Picture	22	hit	1	3833	3	416043	2	3154	3	0	3000
Picture	22	hit	1	6854	3	450233	1	3154	2	0	3000
Picture	22	hit	1	10504	2	485917	1	3153	2	0	3000
Picture	33	miss				518447	1	3153	2	0	3000
Picture	22	hit	1	4111	2	556786	1	3153	2	0	3000
Picture	22	hit	1	5755	3	590478	1	3153	2	0	3000
Picture	22	hit	1	4959	3	628319	1	3153	2	0	3000
Picture	22	hit	1	6918	3	668151	2	3154	3	0	3000
Picture	22	hit	1	5298	3	706490	2	3154	3	0	3000
Picture	22	hit	1	5040	3	743667	2	3154	3	0	3000
Picture	22	hit	1	4675	2	781509	1	3153	2	0	3000
Picture	33	hit	1	4260	3	815864	2	3154	3	0	3000
Picture	22	hit	1	5244	3	852875	2	3154	3	0	3000
Picture	22	hit	1	3151	3	892210	2	3154	3	0	3000
Picture	22	miss				921089	1	3153	3	0	3000
Picture	22	hit	1	3252	4	956772	2	3154	3	0	3000
Picture	22	hit	1	3421	5	987972	4	3156	5	0	3000
Picture	22	hit	1	5275	2	1024156	1	3154	2	0	3000
Picture	22	hit	1	5063	2	1062495	1	3154	2	0	3000
Picture	33	miss				1096851	1	3153	3	0	3000
Picture	22	hit	1	4528	3	1135688	1	3153	2	0	3000
Picture	22	hit	1	8243	2	1166558	1	3154	2	0	3000
Picture	22	hit	1	5366	2	1202574	1	3153	2	0	3000
Picture	22	hit	1	10610	2	1238423	1	3153	3	0	3000
Picture	22	hit	1	3135	2	1277924	1	3153	2	0	3000
Picture	22	hit	1	5939	3	1316927	1	3153	2	0	3000
Picture	22	hit	1	4784	4	1345473	2	3154	3	0	3000
Picture	33	miss				1381323	1	3153	2	0	3000
Picture	22	hit	1	4921	3	1410865	2	3154	3	0	3000
Picture	22	hit	1	4459	2	1447711	1	3153	2	0	3000
Picture	22	hit	1	3885	3	1478415	1	3154	2	0	3000
Picture	33	miss				1509949	2	3154	3	0	3000
Picture	22	hit	1	3625	3	1549782	1	3153	3	0	3000
Picture	22	hit	1	6387	2	1579989	1	3153	2	0	3000
Picture	22	hit	1	8681	3	1614344	1	3154	2	0	3000
Picture	33	miss				1653845	1	3153	3	0	3000
Picture	22	hit	1	3506	3	1690856	2	3154	3	0	3000
Picture	22	hit	1	2509	3	1728863	2	3154	3	0	3000
Picture	22	hit	1	4874	2	1760232	1	3153	2	0	3000
Picture	22	hit	1	3713	2	1798903	1	3153	2	0	3000
Picture	22	hit	1	8120	3	1835250	1	3153	2	0	3000
Picture	22	hit	1	3858	2	1866286	1	3154	2	0	3000
Picture	22	hit	1	4976	3	1904293	2	3154	3	0	3000
Picture	33	miss				1934168	1	3153	2	0	3000
Picture	22	hit	1	3807	3	1973503	1	3153	2	0	3000
Picture	33	miss				2007194	2	3154	3	0	3000
Picture	22	hit	1	3170	2	2039061	1	3153	2	0	3000
Picture	22	miss				2078229	2	3154	3	0	3000
Picture	22	hit	1	3511	2	2114411	1	3153	2	0	3000
Picture	22	hit	1	3507	3	2144783	2	3154	3	0	3000
Picture	22	hit	1	3474	3	2176483	2	3154	3	0	3000
Picture	33	hit	1	3296	2	2210673	1	3154	2	0	3000
Picture	22	hit	1	4986	2	2248846	1	3154	2	0	3000
Picture	22	hit	1	6964	2	2282372	1	3153	3	0	3000
Picture	22	hit	1	10180	2	2311417	1	3153	2	0	3000
Picture	22	hit	1	5444	2	2350420	1	3153	4	0	3000
Picture	22	hit	1	11696	3	2379796	2	3154	3	0	3000
Picture	22	hit	1	5559	3	2411828	2	3154	3	0	3000
Picture	22	hit	1	4057	2	2443861	1	3152	4	0	3000
Picture	33	miss				2479710	1	3153	3	0	3000
Picture	22	hit	1	448	2	2511742	1	3154	2	0	3000
Picture	22	hit	1	5352	2	2544936	1	3154	2	0	3000
Picture	22	hit	1	2826	3	2581283	2	3154	3	0	3000
Picture	22	hit	1	3704	3	2616967	1	3153	2	0	3000
Picture	22	hit	1	2658	2	2651157	1	3153	2	0	3000
Picture	33	hit	1	4167	2	2684185	1	3153	2	0	3000
Picture	22	hit	1	3570	4	2718872	2	3154	3	0	3000
Picture	22	hit	1	3992	2	2754722	1	3153	2	0	3000
Picture	22	hit	1	4144	3	2790073	2	3154	3	0	3000
Picture	22	hit	1	3579	3	2818952	1	3153	3	0	3000
Picture	22	hit	1	3849	2	2858287	1	3153	2	0	3000
Picture	22	hit	1	3360	3	2896460	1	3153	2	0	3000
Picture	22	hit	1	4865	3	2927662	1	3154	2	0	3000
Picture	33	hit	1	25297	3	2965171	2	3154	3	0	3000
Picture	22	miss				2996706	1	3153	2	0	3000
Picture	22	hit	1	4692	2	3028738	1	3153	2	0	3000
Picture	22	hit	1	4456	2	3067575	1	3153	2	0	3000
Picture	33	miss				3106079	2	3154	3	0	3000
Picture	22	hit	1	2939	3	3140435	2	3154	3	0	3000
Picture	22	hit	1	2621	2	3176285	1	3153	2	0	3000
Picture	22	hit	1	2485	2	3212632	1	3153	3	0	3000
Picture	22	hit	1	3231	2	3247486	1	3153	2	0	3000
Picture	22	hit	1	3299	3	3277360	1	3154	2	0	3000
Picture	33	hit	1	3424	3	3313542	1	3151	4	0	3000
Picture	22	hit	1	2707	2	3343582	1	3153	3	0	3000
Picture	22	hit	1	2962	2	3380925	1	3154	2	0	3000
Picture	22	hit	1	3084	2	3410800	1	3153	2	0	3000
Picture	22	hit	1	3010	3	3442334	1	3153	3	0	3000
Picture	22	hit	1	2849	4	3478183	2	3154	3	0	3000
Picture	33	miss				3514531	1	3153	2	0	3000
Picture	22	hit	1	3318	3	3549384	2	3154	3	0	3000
Picture	22	hit	1	2789	2	3584238	1	3153	3	0	3000
Picture	22	hit	1	2546	3	3614444	2	3154	3	0	3000
Picture	22	hit	1	2329	2	3643655	1	3154	2	0	3000
Picture	22	miss				3676683	1	3154	2	0	3000
Picture	33	miss				3711371	1	3153	2	0	3000
Picture	22	hit	1	1812	2	3744897	1	3153	2	0	3000
Picture	22	hit	1	2751	3	3779584	2	3154	3	0	3000
Picture	22	hit	1	2340	4	3817591	2	3154	3	0	3000
Picture	33	hit	1	2358	3	3848960	1	3153	2	0	3000
Picture	22	hit	1	7387	2	3880328	1	3153	2	0	3000
Picture	22	hit	1	3747	2	3909539	1	3153	2	0	3000
Picture	22	hit	1	3749	2	3947214	1	3153	2	0	3000
Picture	22	hit	1	3246	3	3986548	2	3154	3	0	3000
Picture	22	hit	1	4830	3	4019576	2	3154	3	0	3000
Picture	33	miss				4052936	2	3154	3	0	3000
Picture	22	hit	1	3373	2	4082147	1	3153	3	0	3000
Picture	22	hit	1	3244	2	4119656	1	3154	2	0	3000
Picture	22	hit	1	2883	3	4156169	2	3154	3	0	3000
Picture	22	hit	1	2843	3	4195836	1	3154	2	0	3000
Picture	22	hit	1	3311	2	4235669	1	3153	2	0	3000
Picture	22	hit	1	8516	3	4271684	2	3154	3	0	3000
Picture	22	hit	1	5712	3	4310521	2	3154	3	0	3000
Picture	33	hit	1	4371	3	4344711	1	3153	3	0	3000
Picture	22	hit	1	2888	3	4381722	2	3154	3	0	3000
Picture	33	miss				4410435	1	3153	3	0	3000
Picture	22	hit	1	4551	2	4448608	1	3153	3	0	3000
Picture	22	hit	1	3367	2	4487943	1	3153	2	0	3000
Picture	22	hit	1	4031	4	4517153	2	3154	3	0	3000
Picture	22	hit	1	3613	3	4551509	1	3154	2	0	3000
Picture	22	hit	1	4574	3	4582214	1	3153	2	0	3000
Picture	22	hit	1	4616	2	4612752	1	3153	3	0	3000
Picture	22	hit	1	3673	2	4647606	1	3153	2	0	3000
Picture	33	hit	1	4529	2	4679804	1	3153	2	0	3000
Picture	22	hit	1	6982	3	4719802	2	3154	3	0	3000
Picture	33	miss				4754324	1	3154	2	0	3000
Picture	22	hit	1	4055	3	4791833	2	3154	3	0	3000
Picture	22	hit	1	4794	4	4829010	2	3154	3	0	3000
Picture	22	hit	1	3541	3	4866852	1	3153	2	0	3000
Picture	33	hit	1	3922	2	4897722	1	3153	2	0	3000
Picture	22	hit	1	5303	3	4928592	2	3154	3	0	3000
Picture	22	hit	1	5670	2	4957305	1	3153	3	0	3000
Picture	22	hit	1	4519	4	4993984	2	3154	3	0	3000
Picture	22	hit	1	6422	3	5022365	1	3154	2	0	3000
Picture	22	hit	1	4257	2	5055227	1	3153	3	0	3000
Picture	33	miss				5093898	1	3153	3	0	3000
Picture	22	hit	1	3291	2	5132403	1	3153	3	0	3000
Picture	22	hit	1	6518	2	5160784	1	3153	2	0	3000
Picture	22	hit	1	6004	3	5197297	1	3154	2	0	3000
Picture	33	miss				5225512	1	3153	3	0	3000
Picture	22	hit	1	4525	2	5432144	1	3154	2	0	3000
Picture	33	miss				5467330	1	3153	2	0	3000
Picture	22	hit	1	4412	3	5504507	1	3153	3	0	3000
Picture	22	hit	1	5216	5	5540853	4	3155	5	0	3000
Picture	22	hit	1	5984	2	5576704	1	3153	2	0	3000
Picture	33	miss				5613881	1	3153	3	0	3000
Picture	22	hit	1	3506	4	5643921	2	3154	3	0	3000
Picture	22	hit	1	4003	2	5680601	1	3153	2	0	3000
Picture	22	hit	1	5140	2	5708650	1	3153	2	0	3000
Picture	22	hit	1	3804	2	5739354	1	3153	3	0	3000
Picture	22	hit	1	3965	3	5772714	1	3153	2	0	3000
Picture	22	hit	1	5053	4	5802588	2	3154	3	0	3000
Picture	22	hit	1	5544	3	5831965	1	3153	3	0	3000
Picture	33	miss				5862503	2	3154	3	0	3000
Picture	22	hit	1	3198	2	5898519	1	3153	2	0	3000
Picture	22	hit	1	5519	2	5935530	1	3154	2	0	3000
Picture	22	hit	1	5220	58	5965903	1	3153	2	0	3000
Picture	33	miss				5998267	1	3153	2	0	3000
Picture	22	hit	1	4009	2	6034946	1	3153	3	0	3000
Picture	22	hit	1	9042	3	6065318	2	3154	3	0	3000
Picture	22	hit	1	6218	3	6096687	1	3153	2	0	3000
Picture	22	hit	1	3999	2	6133200	1	3153	3	0	3000
Picture	22	hit	1	7063	4	6164070	2	3154	3	0	3000
Picture	22	hit	1	5750	3	6196932	2	3154	3	0	3000
Picture	22	hit	1	7042	3	6230458	2	3154	3	0	3000
Picture	33	miss				6258839	1	3154	2	0	3000
Picture	22	hit	1	3842	2	6288050	1	3153	2	0	3000
Picture	22	hit	1	5086	2	6321742	1	3153	2	0	3000
Picture	22	hit	1	4219	2	6353774	1	3153	2	0	3000
Picture	22	hit	1	4881	3	6385806	1	3153	2	0	3000
Picture	22	hit	1	4794	4	6415348	2	3154	3	0	3000
Picture	33	miss				6451862	1	3153	2	0	3000
Picture	22	hit	1	5289	2	6491529	1	3153	2	0	3000
Picture	22	hit	1	5566	2	6528872	1	3153	2	0	3000
Picture	22	hit	1	8046	3	6567543	1	3153	2	0	3000
Picture	22	hit	1	4938	3	6605882	1	3153	2	0	3000
Picture	22	hit	1	6804	3	6640901	2	3154	3	0	3000
Picture	33	miss				6674925	1	3153	3	0	3000
Picture	22	hit	1	3892	4	6711438	2	3154	3	0	3000
Picture	22	hit	1	10393	2	6740317	1	3153	3	0	3000
Picture	22	hit	1	6117	2	6778822	1	3151	5	0	3000
Picture	33	miss				6812846	1	3153	2	0	3000
Picture	22	hit	1	4350	3	6845708	1	3153	2	0	3000
Picture	22	hit	1	5037	2	6882553	1	3154	2	0	3000
Picture	22	hit	1	3717	3	6919730	2	3154	3	0	3000
Picture	22	hit	1	3545	2	6959065	1	3154	2	0	3000
Picture	22	hit	1	3999	2	6994417	1	3153	2	0	3000
Picture	33	miss				7029934	1	3154	2	0	3000
Picture	22	hit	1	3067	3	7061302	2	3154	3	0	3000
Picture	22	hit	1	8074	2	7092505	1	3153	2	0	3000
Picture	22	hit	1	4057	3	7128520	1	3154	2	0	3000
Picture	22	hit	1	5061	2	7163374	1	3153	2	0	3000
Picture	22	hit	1	3301	2	7199721	1	3154	2	0	3000
Picture	33	miss				7230758	1	3153	2	0	3000
Picture	22	hit	1	3854	2	7267271	1	3153	2	0	3000
Picture	22	hit	1	4315	5	7304613	4	3154	6	0	3000
Picture	22	hit	1	3768	2	7339302	1	3153	2	0	3000
Picture	33	miss				7375151	1	3154	2	0	3000
Picture	22	hit	1	4317	2	7408677	1	3153	3	0	3000
Picture	33	hit	1	9086	2	7441207	1	3153	3	0	3000
Picture	22	hit	1	5285	3	7478384	2	3154	3	0	3000
Picture	22	hit	1	7383	3	7507429	1	3153	3	0	3000
Picture	22	hit	1	8587	2	7544440	1	3154	2	0	3000
Picture	22	hit	1	4356	2	7575477	1	3153	2	0	3000
Picture	22	hit	1	8517	3	7605019	1	3154	2	0	3000
Picture	22	hit	1	4394	2	7634562	1	3153	2	0	3000
Picture	22	hit	1	5321	3	7663772	2	3154	3	0	3000
Picture	33	miss				7702111	2	3154	3	0	3000
Picture	22	hit	1	3831	2	7733978	1	3153	2	0	3000
Picture	22	hit	1	5304	2	7765678	1	3153	2	0	3000
Picture	22	hit	1	2753	3	7800697	2	3154	3	0	3000
Picture	22	hit	1	3216	2	7836713	1	3153	2	0	3000
Picture	22	hit	1	4635	3	7872562	2	3154	3	0	3000
Picture	33	miss				7911565	2	3154	3	0	3000
Picture	22	hit	1	3248	3	7950568	1	3154	2	0	3000
Picture	22	hit	1	5688	2	7979115	1	3153	2	0	3000
Picture	22	hit	1	3446	3	8018450	1	3153	2	0	3000
Picture	33	miss				8057619	1	3153	2	0	3000
Picture	22	hit	1	6516	3	8087161	1	3154	2	0	3000
Picture	22	hit	1	7767	2	8121351	1	3153	2	0	3000
Picture	22	hit	1	10899	3	8151557	2	3154	3	0	3000
Picture	22	hit	1	4753	2	8186245	1	3154	2	0	3000
Picture	22	hit	1	6594	3	8214626	1	3153	2	0	3000
Picture	33	miss				8245496	2	3154	3	0	3000
Picture	22	hit	1	3900	3	8273711	1	3153	3	0	3000
Picture	22	hit	1	12322	2	8309395	1	3153	2	0	3000
Picture	22	hit	1	6752	3	8340763	1	3153	2	0	3000
Picture	22	hit	1	5001	2	8369144	1	3153	2	0	3000
Picture	22	hit	1	4086	3	8401342	1	3153	2	0	3000
Picture	33	miss				8432544	1	3154	2	0	3000
Picture	22	hit	1	3241	3	8467398	1	3153	2	0	3000
Picture	22	hit	1	3668	3	8501256	1	3153	2	0	3000
Picture	22	hit	1	7655	2	8538101	1	3153	2	0	3000
Picture	22	hit	1	7618	2	8572457	1	3153	2	0	3000
Picture	22	hit	1	6495	4	8601003	2	3154	3	0	3000
Picture	33	miss				8633699	2	3154	3	0	3000
Picture	22	hit	1	11638	2	8663242	1	3153	3	0	3000
Picture	22	hit	1	5057	2	8696602	1	3153	2	0	3000
Picture	22	hit	1	4096	3	8736601	1	3153	2	0	3000
Picture	22	hit	1	3127	3	8772284	1	3153	3	0	3000
Picture	22	hit	1	3778	2	8806308	1	3153	2	0	3000
Picture	22	hit	1	3384	3	8835187	1	3153	2	0	3000
Picture	22	hit	1	4351	3	8869044	2	3154	3	0	3000
Picture	33	miss				8908213	2	3154	3	0	3000
Picture	22	hit	1	3157	2	8948212	1	3153	2	0	3000
Picture	22	hit	1	9479	3	8979746	2	3154	3	0	3000
Picture	22	hit	1	5547	3	9017421	2	3154	3	0	3000
Picture	22	hit	1	6534	2	9046632	1	3153	3	0	3000
Picture	22	hit	1	3374	2	9085469	1	3153	2	0	3000
Picture	22	hit	1	3887	2	9125468	1	3153	2	0	3000
Picture	22	hit	1	4467	2	9160653	1	3154	2	0	3000
Picture	33	miss				9191524	1	3153	2	0	3000
Picture	22	hit	1	4871	2	9227373	1	3153	3	0	3000
Picture	22	hit	1	5754	2	9255920	1	3153	2	0	3000
Picture	22	hit	1	3952	3	9287122	1	3154	2	0	3000
Picture	33	miss				9322640	1	3153	2	0	3000
Picture	22	hit	1	3100	5	9355333	4	3156	5	0	3000
Picture	22	miss				9390521	2	3154	3	0	3000
Picture	22	hit	1	3851	3	9419732	1	3153	2	0	3000
Picture	22	hit	1	4242	2	9457407	1	3153	3	0	3000
Picture	22	hit	1	4805	2	9486452	1	3153	2	0	3000
Picture	33	hit	1	3372	3	9518816	1	3153	2	0	3000
Picture	22	hit	1	9023	3	9552010	1	3153	2	0	3000
Picture	22	hit	1	3819	2	9589353	1	3153	3	0	3000
Picture	22	hit	1	7919	2	9627858	1	3153	2	0	3000
Picture	22	hit	1	3309	2	9661218	1	3153	2	0	3000
Picture	22	hit	1	3440	2	9698561	1	3153	3	0	3000
Picture	33	hit	1	4764	2	9737896	1	3153	2	0	3000
Picture	22	hit	1	3745	2	9774741	1	3153	3	0	3000
Picture	22	hit	1	3826	3	9813578	1	3153	3	0	3000
Picture	22	hit	1	3773	2	9848100	1	3153	2	0	3000
Picture	22	hit	1	10024	2	9881626	1	3153	2	0	3000
Picture	22	hit	1	7787	2	9912994	1	3153	2	0	3000
Picture	22	hit	1	4275	3	9944196	1	3154	2	0	3000
Picture	22	hit	1	4666	4	9980543	2	3154	3	0	3000
Picture	33	miss				10015065	1	3154	2	0	3000
Picture	22	hit	1	4605	2	10050915	1	3153	2	0	3000
Picture	22	hit	1	8027	3	10090747	2	3154	3	0	3000
Picture	22	hit	1	3424	2	10125933	1	3153	2	0	3000
Picture	33	miss				10160787	1	3153	2	0	3000
Picture	22	hit	1	2744	2	10191325	1	3153	3	0	3000
Picture	22	hit	1	4541	2	10220370	1	3153	2	0	3000
Picture	22	hit	1	5551	3	10259870	2	3154	3	0	3000
Picture	33	hit	1	4104	2	10295554	1	3153	3	0	3000
Picture	22	hit	1	3687	3	10335387	1	3153	2	0	3000
Picture	22	hit	1	5013	3	10370240	2	3154	3	0	3000
Picture	22	hit	1	3977	2	10407252	1	3153	2	0	3000
Picture	22	hit	1	3749	2	10443599	1	3153	2	0	3000
Picture	22	hit	1	6437	5	10471814	4	3153	5	0	3000
Picture	33	hit	1	28063	3	10501190	2	3154	3	0	3000
