Scenario - EFT rapido Abril 2011
Logfile written - 08/28/2012 11:24:57

Subject	Trial	Event Type	Code	Time	TTime	Uncertainty	Duration	Uncertainty	ReqTime	ReqDur	Stim Type	Pair Index

DG	2	Picture	10	10419	0	1	3083	2	0	3000	other	0
DG	4	Picture	20	18836	0	1	3084	2	0	3000	other	0
DG	5	Response	1	22892	889	2
DG	6	Picture	11	29754	0	1	3084	2	0	3000	other	0
DG	7	Response	1	35236	2315	1
DG	8	Picture	10	38255	0	1	3084	2	0	3000	other	0
DG	9	Response	2	43986	2564	1
DG	10	Picture	20	48090	0	1	3084	2	0	3000	other	0
DG	11	Response	1	52580	1323	1
DG	12	Picture	11	57258	0	1	3083	2	0	3000	other	0
DG	13	Response	1	62736	2311	1
DG	14	Picture	10	67426	0	1	3083	2	0	3000	other	0
DG	15	Response	2	72271	1678	1
DG	16	Picture	11	75677	0	1	3083	2	0	3000	other	0
DG	17	Response	1	83674	4830	1
DG	18	Picture	10	85428	0	1	3084	2	0	3000	other	0
DG	19	Response	2	90861	2266	1
DG	20	Picture	21	94012	0	1	3084	2	0	3000	other	0
DG	21	Response	2	101642	4463	1
DG	22	Picture	11	103513	0	2	3084	3	0	3000	other	0
DG	23	Response	1	109611	2930	1
DG	24	Picture	20	113765	0	1	3083	3	0	3000	other	0
DG	25	Response	1	119611	2679	1
DG	26	Picture	20	122766	0	1	3084	2	0	3000	other	0
DG	27	Response	1	132423	6490	2
DG	28	Picture	10	133434	0	1	3084	2	0	3000	other	0
DG	29	Response	1	138204	1603	2
DG	29	Response	2	141485	4884	2
DG	30	Picture	20	143102	0	1	3083	2	0	3000	other	0
DG	31	Response	1	149142	2873	1
DG	32	Picture	20	152020	0	1	3083	2	0	3000	other	0
DG	33	Response	1	158360	3173	2
DG	34	Picture	10	160937	0	1	3084	2	0	3000	other	0
DG	35	Response	2	167423	3319	1
DG	36	Picture	20	169188	0	1	3084	2	0	3000	other	0
DG	38	Picture	10	179940	0	1	3083	2	0	3000	other	0
DG	40	Picture	20	188524	0	1	3084	2	0	3000	other	0
DG	41	Response	2	193048	1357	1
DG	42	Picture	11	196775	0	1	3084	2	0	3000	other	0
DG	43	Response	1	201485	1543	1
DG	44	Picture	10	207276	0	1	3084	2	0	3000	other	0
DG	45	Response	2	210704	261	1
DG	46	Picture	21	216611	0	1	3084	2	0	3000	other	0
DG	47	Response	2	221955	2177	2
DG	48	Picture	11	227529	0	1	3084	2	0	3000	other	0
DG	49	Response	1	232271	1575	1
DG	50	Picture	10	236447	0	1	3083	2	0	3000	other	0
DG	51	Response	2	241016	1402	2
DG	52	Picture	11	246365	0	1	3083	2	0	3000	other	0
DG	53	Response	1	251641	2109	2
DG	54	Picture	20	257616	0	1	3084	2	0	3000	other	0
DG	55	Response	1	265079	4296	1
DG	56	Picture	11	266284	0	1	3083	3	0	3000	other	0
DG	57	Response	2	270860	1409	1
DG	58	Picture	21	274535	0	1	3083	3	0	3000	other	0
DG	58	Response	1	275548	1013	1
DG	59	Response	2	279923	2221	1
DG	60	Picture	11	285369	0	2	3084	3	0	3000	other	0
DG	61	Response	1	289298	761	1
DG	62	Picture	21	293871	0	1	3083	2	0	3000	other	0
DG	63	Response	2	299454	2416	1
DG	64	Picture	20	303872	0	1	3083	3	0	3000	other	0
DG	65	Response	1	308985	1946	1
DG	66	Picture	11	313706	0	1	3084	2	0	3000	other	0
DG	67	Response	2	318516	1643	1
DG	68	Picture	21	323374	0	1	3084	2	0	3000	other	0
DG	69	Response	2	329453	2912	2
DG	70	Picture	20	334292	0	1	3084	2	0	3000	other	0
DG	71	Response	1	340547	3088	1
DG	72	Picture	21	342627	0	1	3083	2	0	3000	other	0
DG	73	Response	2	349297	3503	1
DG	74	Picture	11	353461	0	1	3084	2	0	3000	other	0
DG	75	Response	1	359297	2669	1
DG	76	Picture	10	363546	0	1	3084	2	0	3000	other	0
DG	77	Response	2	367735	1022	1
DG	78	Picture	20	373714	0	1	3084	2	0	3000	other	0
DG	79	Response	1	378047	1166	1
DG	80	Picture	21	383548	0	1	3084	2	0	3000	other	0
DG	81	Response	2	389297	2582	1
DG	82	Picture	11	391799	0	1	3084	2	0	3000	other	0
DG	83	Response	1	397422	2456	1
DG	84	Picture	10	400467	0	1	3084	2	0	3000	other	0
DG	85	Response	2	407735	4101	1
DG	86	Picture	10	408885	0	1	3084	2	0	3000	other	0
DG	88	Picture	10	420053	0	1	3084	2	0	3000	other	0
DG	88	Response	1	423203	3150	2
DG	89	Response	2	427578	4358	1
DG	90	Picture	11	430471	0	1	3084	2	0	3000	other	0
DG	91	Response	1	435859	2221	1
DG	92	Picture	11	441472	0	1	3084	2	0	3000	other	0
DG	93	Response	1	449609	4970	2
DG	94	Picture	21	450723	0	2	3084	3	0	3000	other	0
DG	95	Response	1	454922	1032	1
DG	95	Response	2	457890	4000	1
DG	96	Picture	10	459391	0	1	3084	2	0	3000	other	0
DG	97	Response	2	466016	3458	1
DG	98	Picture	10	470309	0	1	3084	2	0	3000	other	0
DG	99	Response	2	476484	3008	1
DG	100	Picture	10	480144	0	1	3083	3	0	3000	other	0
DG	101	Response	2	484921	1610	1
DG	102	Picture	10	490645	0	1	3084	2	0	3000	other	0
DG	103	Response	2	495078	1266	1
DG	104	Picture	21	500230	0	1	3083	2	0	3000	other	0
DG	105	Response	2	504921	1524	2
DG	106	Picture	10	509064	0	1	3084	2	0	3000	other	0
DG	107	Response	2	513828	1597	1
DG	108	Picture	10	518565	0	1	3084	2	0	3000	other	0
DG	109	Response	2	522578	846	1
DG	110	Picture	10	527733	0	1	3084	2	0	3000	other	0
DG	111	Response	2	533046	2146	1
DG	112	Picture	11	537818	0	1	3083	2	0	3000	other	0
DG	113	Response	1	543984	2999	1
DG	114	Picture	11	548569	0	1	3084	2	0	3000	other	0
DG	115	Response	1	553359	1623	1
DG	116	Picture	10	558737	0	1	3084	2	0	3000	other	0
DG	117	Response	2	565234	3330	1
DG	118	Picture	20	569572	0	1	3083	2	0	3000	other	0
DG	119	Response	2	577578	4839	1
DG	119	Response	1	578673	5934	1
DG	120	Picture	20	578823	0	1	3083	2	0	3000	other	0
DG	122	Picture	21	587490	0	2	3084	3	0	3000	other	0
DG	122	Response	1	589765	2275	1
DG	123	Response	2	592734	2076	1
DG	124	Picture	20	596492	0	1	3083	2	0	3000	other	0
DG	125	Response	1	604140	4481	1
DG	126	Picture	20	606409	0	2	3084	3	0	3000	other	0
DG	128	Picture	11	614994	0	1	3084	2	0	3000	other	0
DG	128	Response	1	617421	2427	1
DG	129	Response	1	623358	5197	2
DG	130	Picture	11	623578	0	1	3084	2	0	3000	other	0
DG	131	Response	1	629609	2864	1
DG	132	Picture	11	632746	0	1	3084	2	0	3000	other	0
DG	134	Picture	21	643831	0	1	3084	2	0	3000	other	0
DG	135	Response	1	647577	579	2
DG	135	Response	2	649609	2611	1
DG	136	Picture	21	653415	0	1	3084	2	0	3000	other	0
DG	137	Response	2	658983	2401	2
DG	138	Picture	21	663333	0	1	3084	2	0	3000	other	0
DG	139	Response	2	667734	1234	1
DG	140	Picture	20	673918	0	1	3084	2	0	3000	other	0
DG	141	Response	2	678202	1117	1
DG	141	Response	1	681483	4398	2
DG	142	Picture	21	683669	0	1	3084	2	0	3000	other	0
DG	143	Response	2	690859	4023	1
DG	144	Picture	11	693920	0	1	3084	2	0	3000	other	0
DG	145	Response	1	699296	2209	1
DG	146	Picture	20	703005	0	1	3084	2	0	3000	other	0
DG	147	Response	1	711015	4843	1
DG	148	Picture	11	711589	0	1	3084	2	0	3000	other	0
DG	150	Picture	10	720174	0	1	3083	2	0	3000	other	0
DG	151	Response	1	723671	330	1
DG	151	Response	2	726483	3142	1
DG	152	Picture	21	729341	0	2	3084	3	0	3000	other	0
DG	153	Response	2	738671	6162	1
DG	154	Picture	10	740009	0	2	3084	3	0	3000	other	0
DG	155	Response	2	744295	1118	2
DG	156	Picture	10	749094	0	1	3084	2	0	3000	other	0
DG	157	Response	2	753983	1722	2
DG	158	Picture	20	759012	0	1	3084	2	0	3000	other	0
DG	159	Response	1	767264	5085	1
DG	160	Picture	21	770013	0	1	3084	2	0	3000	other	0
DG	161	Response	2	774764	1584	1
DG	162	Picture	20	778681	0	1	3084	2	0	3000	other	0
DG	163	Response	1	783046	1198	1
DG	164	Picture	20	787182	0	1	3084	2	0	3000	other	0
DG	165	Response	1	794296	3947	1
DG	166	Picture	21	797183	0	1	3084	2	0	3000	other	0
DG	167	Response	2	802421	2071	1
DG	168	Picture	11	805768	0	1	3083	2	0	3000	other	0
DG	170	Picture	20	814602	0	1	3084	2	0	3000	other	0
DG	172	Picture	21	825187	0	1	3083	3	0	3000	other	0
DG	173	Response	2	829452	1098	1
DG	174	Picture	21	834438	0	1	3084	2	0	3000	other	0
DG	175	Response	2	839608	2003	1
DG	176	Picture	10	844606	0	1	3084	2	0	3000	other	0
DG	177	Response	2	848826	1053	2
DG	178	Picture	20	852857	0	1	3084	2	0	3000	other	0
DG	179	Response	2	857576	1552	2
DG	179	Response	1	860702	4678	1
DG	180	Picture	11	863025	0	1	3083	3	0	3000	other	0
DG	182	Picture	10	873443	0	1	3083	3	0	3000	other	0
DG	183	Response	2	878358	1748	1
DG	184	Picture	10	882527	0	1	3084	2	0	3000	other	0
DG	185	Response	2	887732	2038	1
DG	186	Picture	11	892612	0	1	3084	2	0	3000	other	0
DG	187	Response	1	897107	1328	1
DG	188	Picture	21	903030	0	1	3083	3	0	3000	other	0
DG	189	Response	2	909451	3254	1
DG	190	Picture	11	912281	0	1	3084	2	0	3000	other	0
DG	191	Response	1	918045	2597	1
DG	192	Picture	11	922032	0	1	3084	2	0	3000	other	0
DG	193	Response	1	926639	1440	1
DG	194	Picture	11	930617	0	1	3083	2	0	3000	other	0
DG	195	Response	1	935389	1605	1
DG	196	Picture	20	939701	0	1	3084	2	0	3000	other	0
DG	197	Response	1	946953	4085	1
DG	198	Picture	21	949786	0	1	3083	2	0	3000	other	0
DG	199	Response	2	954451	1498	1
DG	200	Picture	20	958537	0	1	3083	2	0	3000	other	0
DG	201	Response	1	964295	2591	1
DG	202	Picture	10	966954	0	2	3084	3	0	3000	other	0
DG	203	Response	2	972107	1986	2
DG	204	Picture	11	975539	0	1	3084	2	0	3000	other	0
DG	205	Response	1	980701	1995	1
DG	206	Picture	20	985957	0	1	3083	3	0	3000	other	0
DG	207	Response	1	991639	2515	1
DG	208	Picture	20	996208	0	1	3084	2	0	3000	other	0
DG	209	Response	1	1001170	1795	1
DG	210	Picture	21	1004876	0	1	3083	3	0	3000	other	0
DG	211	Response	1	1009139	1096	1
DG	211	Response	2	1012576	4533	1
DG	212	Picture	11	1013460	0	1	3084	2	0	3000	other	0
DG	213	Response	1	1018513	1886	1
DG	214	Picture	21	1024295	0	1	3084	2	0	3000	other	0
DG	215	Response	2	1030076	2614	1
DG	216	Picture	21	1034546	0	1	3084	2	0	3000	other	0
DG	217	Response	2	1040857	3144	1
DG	218	Picture	11	1044214	0	1	3084	2	0	3000	other	0
DG	219	Response	1	1047575	194	2
DG	220	Picture	21	1055382	0	1	3084	2	0	3000	other	0
DG	221	Response	2	1059763	1214	1
DG	222	Picture	20	1065217	0	1	3083	2	0	3000	other	0
DG	223	Response	1	1068669	285	2
DG	224	Picture	10	1076301	0	1	3084	2	0	3000	other	0
DG	225	Response	2	1081013	1545	1
DG	226	Picture	11	1085136	0	1	3084	2	0	3000	other	0
DG	227	Response	1	1091638	3335	1
DG	228	Picture	21	1094970	0	1	3084	2	0	3000	other	0
DG	229	Response	2	1101013	2876	1
DG	230	Picture	11	1103971	0	2	3084	3	0	3000	other	0
DG	231	Response	1	1110388	3249	1
DG	232	Picture	21	1114139	0	1	3084	2	0	3000	other	0
DG	233	Response	2	1119450	2144	2
DG	234	Picture	11	1124974	0	1	3084	2	0	3000	other	0
DG	235	Response	1	1131013	2872	1
DG	236	Picture	20	1134809	0	1	3083	2	0	3000	other	0
DG	237	Response	1	1140857	2881	1
DG	238	Picture	21	1143643	0	1	3084	2	0	3000	other	0
DG	239	Response	2	1149607	2797	1
DG	240	Picture	21	1153144	0	1	3084	2	0	3000	other	0
DG	241	Response	2	1159763	3452	1
DG	242	Picture	20	1162979	0	1	3084	2	0	3000	other	0
DG	242	Response	1	1165856	2877	2
DG	244	Picture	20	1173230	0	1	3084	2	0	3000	other	0
DG	245	Response	2	1176481	84	2
DG	245	Response	1	1180856	4459	1
DG	246	Picture	11	1183315	0	1	3083	2	0	3000	other	0
DG	247	Response	1	1189762	3280	2
DG	248	Picture	20	1191899	0	1	3084	2	0	3000	other	0
DG	249	Response	1	1196794	1728	1
DG	250	Picture	11	1201567	0	1	3084	2	0	3000	other	0
DG	251	Response	1	1206012	1278	1
DG	252	Picture	20	1212402	0	1	3083	2	0	3000	other	0
DG	253	Response	1	1216325	756	1
DG	254	Picture	11	1222486	0	1	3084	2	0	3000	other	0
DG	255	Response	1	1227887	2234	2
DG	256	Picture	20	1232154	0	1	3084	2	0	3000	other	0
DG	257	Response	1	1236954	1633	1
DG	258	Picture	21	1242489	0	1	3083	3	0	3000	other	0
DG	259	Response	2	1248669	3013	1
DG	260	Picture	11	1251323	0	1	3084	2	0	3000	other	0
DG	261	Response	2	1259918	5428	1
DG	262	Picture	11	1260991	0	1	3084	2	0	3000	other	0
DG	264	Picture	10	1270159	0	1	3084	2	0	3000	other	0
DG	266	Picture	11	1280493	0	2	3084	3	0	3000	other	0
DG	267	Response	1	1288200	4539	1
DG	268	Picture	11	1291495	0	1	3084	2	0	3000	other	0
DG	269	Response	1	1296481	1819	1
DG	270	Picture	21	1301913	0	1	3084	2	0	3000	other	0
DG	271	Response	1	1305387	307	2
DG	271	Response	2	1310856	5776	1
DG	272	Picture	10	1312164	0	1	3084	2	0	3000	other	0
DG	273	Response	2	1316793	1462	1
DG	274	Picture	21	1322249	0	1	3083	2	0	3000	other	0
DG	275	Response	2	1326954	1538	1
DG	276	Picture	21	1332667	0	1	3083	2	0	3000	other	0
DG	277	Response	2	1337574	1740	1
DG	278	Picture	10	1343085	0	1	3083	2	0	3000	other	0
DG	279	Response	2	1347574	1322	1
DG	280	Picture	11	1351669	0	1	3084	2	0	3000	other	0
DG	282	Picture	20	1362420	0	1	3084	2	0	3000	other	0
DG	283	Response	1	1368199	2612	2
DG	284	Picture	11	1373005	0	1	3084	2	0	3000	other	0
DG	285	Response	1	1379293	3121	1
DG	286	Picture	20	1383756	0	1	3084	2	0	3000	other	0
DG	287	Response	1	1389449	2526	2
DG	288	Picture	21	1392924	0	1	3084	2	0	3000	other	0
DG	289	Response	2	1398824	2733	1
DG	290	Picture	20	1402842	0	1	3084	2	0	3000	other	0
DG	291	Response	1	1411168	5159	1
DG	292	Picture	20	1411260	0	1	3084	2	0	3000	other	0
DG	294	Picture	20	1421011	0	1	3084	2	0	3000	other	0
DG	294	Response	1	1423980	2969	1
DG	296	Picture	11	1430345	0	2	3084	3	0	3000	other	0
DG	297	Response	1	1433668	155	1
DG	298	Picture	11	1441180	0	1	3084	2	0	3000	other	0
DG	299	Response	1	1444918	571	1
DG	300	Picture	10	1450098	0	1	3084	2	0	3000	other	0
DG	301	Response	2	1458199	4934	1
DG	303	Picture	20	1479935	0	1	3084	2	0	3000	other	0
DG	305	Picture	10	1489269	0	2	3084	3	0	3000	other	0
DG	307	Picture	20	1499021	0	1	3083	2	0	3000	other	0
DG	309	Picture	21	1508439	0	1	3083	2	0	3000	other	0
DG	309	Response	1	1511324	2885	1
DG	310	Response	2	1512265	659	1
DG	310	Response	2	1516480	4874	1
DG	311	Picture	11	1518356	0	2	3084	3	0	3000	other	0
DG	313	Picture	20	1528024	0	1	3084	2	0	3000	other	0
DG	315	Picture	20	1537692	0	1	3084	2	0	3000	other	0
DG	315	Response	1	1540855	3163	1
DG	317	Picture	21	1547527	0	1	3083	3	0	3000	other	0
DG	318	Response	2	1553355	2661	1
DG	319	Picture	21	1556861	0	1	3084	2	0	3000	other	0
DG	320	Response	2	1561167	1139	2
DG	321	Picture	20	1566946	0	1	3084	2	0	3000	other	0
DG	322	Response	2	1571324	1211	1
DG	322	Response	1	1575699	5586	1
DG	323	Picture	21	1577864	0	1	3084	2	0	3000	other	0
DG	324	Response	2	1582104	1073	2
DG	325	Picture	10	1587532	0	1	3083	3	0	3000	other	0
DG	326	Response	2	1592417	1718	1
DG	327	Picture	20	1597866	0	1	3084	2	0	3000	other	0
DG	328	Response	1	1601636	603	2
DG	329	Picture	11	1607701	0	1	3084	2	0	3000	other	0
DG	330	Response	2	1611167	299	1
DG	331	Picture	10	1616369	0	1	3083	2	0	3000	other	0
DG	332	Response	2	1621011	1475	1
DG	333	Picture	20	1627370	0	1	3084	2	0	3000	other	0
DG	334	Response	1	1631167	630	1
DG	335	Picture	10	1636955	0	1	3083	2	0	3000	other	0
DG	336	Response	2	1641636	1514	1
DG	337	Picture	21	1647539	0	1	3084	2	0	3000	other	0
DG	338	Response	1	1652265	1559	1
DG	339	Picture	11	1657457	0	1	3084	2	0	3000	other	0
DG	340	Response	1	1663198	2574	1
DG	341	Picture	21	1666292	0	1	3083	2	0	3000	other	0
DG	342	Response	2	1671011	1552	1
DG	343	Picture	10	1675793	0	1	3083	3	0	3000	other	0
DG	344	Response	2	1680698	1738	1
DG	345	Picture	20	1686711	0	1	3083	3	0	3000	other	0
DG	346	Response	1	1691950	2072	1
DG	347	Picture	21	1696045	0	1	3084	2	0	3000	other	0
DG	348	Response	2	1703042	3830	1
DG	349	Picture	11	1705463	0	1	3084	2	0	3000	other	0
DG	350	Response	1	1711950	3320	2
DG	351	Picture	20	1716214	0	2	3084	3	0	3000	other	0
DG	352	Response	1	1723510	4128	1
DG	353	Picture	20	1726049	0	1	3084	2	0	3000	other	0
DG	354	Response	1	1732104	2888	1
DG	355	Picture	11	1735800	0	1	3084	2	0	3000	other	0
DG	356	Response	1	1742104	3137	1
DG	357	Picture	10	1746218	0	1	3084	2	0	3000	other	0
DG	358	Response	2	1751791	2406	1
DG	359	Picture	10	1756553	0	1	3084	2	0	3000	other	0
DG	360	Response	2	1761479	1759	1
DG	361	Picture	11	1767221	0	1	3084	2	0	3000	other	0
DG	363	Picture	11	1775555	0	1	3084	2	0	3000	other	0
DG	363	Response	1	1776167	612	1
DG	364	Response	1	1781479	2757	1
DG	365	Picture	11	1785806	0	2	3084	3	0	3000	other	0
DG	366	Response	1	1794760	5786	1
DG	367	Picture	20	1795558	0	1	3083	2	0	3000	other	0
DG	368	Response	1	1802104	3379	1
DG	369	Picture	10	1804309	0	1	3083	3	0	3000	other	0
DG	370	Response	2	1810229	2753	1
DG	371	Picture	20	1815477	0	1	3084	2	0	3000	other	0
DG	372	Response	1	1821479	2835	1
DG	373	Picture	21	1824395	0	1	3083	2	0	3000	other	0
DG	374	Response	1	1833666	6104	2
DG	375	Picture	11	1834312	0	2	3084	3	0	3000	other	0
DG	377	Picture	11	1842647	0	1	3084	2	0	3000	other	0
DG	378	Response	1	1849135	3321	1
DG	379	Picture	20	1851898	0	1	3084	2	0	3000	other	0
DG	380	Response	1	1856010	945	1
DG	381	Picture	21	1861233	0	1	3083	2	0	3000	other	0
DG	382	Response	2	1866635	2235	1
DG	383	Picture	11	1869817	0	1	3084	2	0	3000	other	0
DG	384	Response	1	1876950	3966	1
DG	385	Picture	10	1878568	0	1	3084	2	0	3000	other	0
DG	386	Response	2	1884603	2868	1
DG	387	Picture	21	1887486	0	1	3084	2	0	3000	other	0
DG	388	Response	1	1891323	670	1
DG	389	Picture	10	1896654	0	1	3083	2	0	3000	other	0
DG	390	Response	2	1902103	2282	1
DG	391	Picture	10	1906321	0	2	3084	3	0	3000	other	0
DG	392	Response	2	1910853	1364	1
DG	393	Picture	21	1916656	0	1	3084	2	0	3000	other	0
DG	394	Response	2	1921009	1186	2
DG	395	Picture	11	1926074	0	1	3084	2	0	3000	other	0
DG	396	Response	1	1932264	3023	1
DG	397	Picture	10	1935825	0	1	3084	2	0	3000	other	0
DG	398	Response	2	1941166	2174	1
DG	399	Picture	21	1946160	0	1	3084	2	0	3000	other	0
DG	400	Response	2	1951478	2151	2
DG	401	Picture	10	1954411	0	1	3084	2	0	3000	other	0
DG	402	Response	2	1961634	4056	2
DG	403	Picture	20	1964995	0	2	3084	3	0	3000	other	0
DG	404	Response	1	1970853	2690	1
DG	405	Picture	10	1973747	0	1	3083	2	0	3000	other	0
DG	406	Response	2	1980540	3626	2
DG	407	Picture	21	1984665	0	1	3083	2	0	3000	other	0
DG	408	Response	2	1991165	3333	2
DG	409	Picture	10	1993916	0	1	3083	3	0	3000	other	0
DG	410	Response	2	2000853	3770	1
DG	411	Picture	11	2003417	0	1	3084	2	0	3000	other	0
DG	412	Response	1	2008822	2238	1
DG	413	Picture	11	2013918	0	1	3084	2	0	3000	other	0
DG	414	Response	1	2019291	2206	1
DG	415	Picture	20	2023253	0	1	3083	2	0	3000	other	0
DG	416	Response	1	2028978	2558	1
DG	417	Picture	20	2033921	0	1	3083	2	0	3000	other	0
DG	418	Response	1	2039603	2515	1
DG	419	Picture	11	2044422	0	1	3084	2	0	3000	other	0
DG	420	Response	1	2049603	2014	1
DG	421	Picture	20	2054423	0	1	3084	2	0	3000	other	0
DG	422	Response	1	2059134	1544	1
DG	423	Picture	21	2063008	0	1	3083	2	0	3000	other	0
DG	424	Response	2	2068665	2490	2
DG	425	Picture	21	2073092	0	1	3084	2	0	3000	other	0
DG	426	Response	2	2078238	1979	2
DG	427	Picture	11	2083594	0	1	3083	2	0	3000	other	0
DG	428	Response	1	2089759	2998	1
DG	429	Picture	21	2094345	0	1	3084	2	0	3000	other	0
DG	430	Response	2	2100227	2715	2
DG	431	Picture	10	2102846	0	1	3084	2	0	3000	other	0
DG	432	Response	2	2110384	4371	1
DG	433	Picture	10	2111347	0	1	3084	2	0	3000	other	0
DG	434	Response	2	2117102	2588	1
DG	435	Picture	10	2120181	0	2	3084	3	0	3000	other	0
DG	436	Response	2	2124759	1410	1
DG	437	Picture	10	2129099	0	1	3084	2	0	3000	other	0
DG	438	Response	2	2135540	3274	1
DG	439	Picture	11	2137684	0	1	3083	2	0	3000	other	0
DG	440	Response	1	2144758	3907	2
DG	441	Picture	10	2146435	0	1	3083	3	0	3000	other	0
DG	442	Response	2	2152727	3125	1
DG	443	Picture	21	2156269	0	1	3084	2	0	3000	other	0
DG	444	Response	2	2164446	5010	1
DG	445	Picture	10	2164604	0	1	3083	2	0	3000	other	0
DG	446	Response	2	2173040	5269	1
DG	447	Picture	11	2174355	0	1	3084	2	0	3000	other	0
DG	448	Response	1	2179602	2080	1
DG	449	Picture	21	2182689	0	1	3084	2	0	3000	other	0
DG	450	Response	2	2186789	933	2
DG	451	Picture	20	2192107	0	1	3084	2	0	3000	other	0
DG	452	Response	1	2196321	1047	1
DG	453	Picture	10	2202358	0	1	3084	2	0	3000	other	0
DG	454	Response	2	2206477	952	1
DG	455	Picture	11	2212610	0	1	3083	2	0	3000	other	0
DG	456	Response	1	2217102	1325	1
DG	457	Picture	10	2221944	0	1	3084	2	0	3000	other	0
DG	458	Response	2	2225696	585	1
DG	459	Picture	21	2232029	0	1	3083	3	0	3000	other	0
DG	460	Response	2	2237102	1906	1
DG	461	Picture	11	2241197	0	1	3083	2	0	3000	other	0
DG	462	Response	2	2244759	395	1
DG	462	Response	1	2248039	3675	1
DG	463	Picture	20	2250614	0	1	3084	2	0	3000	other	0
DG	464	Response	1	2257727	3946	1
DG	465	Picture	20	2259449	0	1	3084	2	0	3000	other	0
DG	466	Response	1	2265071	2455	1
DG	467	Picture	21	2269117	0	1	3083	2	0	3000	other	0
DG	468	Response	2	2277414	5130	1
DG	469	Picture	21	2279618	0	1	3084	2	0	3000	other	0
DG	470	Response	2	2285383	2598	1
DG	471	Picture	21	2289119	0	1	3084	2	0	3000	other	0
DG	472	Response	2	2295695	3409	1
DG	473	Picture	10	2298954	0	1	3083	3	0	3000	other	0
DG	474	Response	2	2302570	449	2
DG	475	Picture	21	2309038	0	1	3084	2	0	3000	other	0
DG	476	Response	1	2312883	678	1
DG	477	Picture	10	2319706	0	1	3084	2	0	3000	other	0
DG	478	Response	2	2326164	3291	1
DG	479	Picture	20	2329041	0	1	3084	2	0	3000	other	0
DG	480	Response	1	2335226	3018	2
DG	481	Picture	11	2339876	0	1	3083	2	0	3000	other	0
DG	482	Response	1	2345383	2340	1
DG	483	Picture	10	2350377	0	1	3084	2	0	3000	other	0
DG	484	Response	2	2356321	2777	1
DG	485	Picture	21	2360711	0	2	3084	3	0	3000	other	0
DG	486	Response	2	2365851	1973	2
DG	487	Picture	11	2369963	0	1	3083	2	0	3000	other	0
DG	488	Response	1	2378195	5065	2
DG	489	Picture	10	2380631	0	1	3083	2	0	3000	other	0
DG	490	Response	2	2388507	4709	1
DG	491	Picture	11	2391465	0	1	3084	2	0	3000	other	0
DG	492	Response	1	2396789	2157	1
DG	493	Picture	11	2401550	0	1	3084	2	0	3000	other	0
DG	494	Response	2	2405914	1197	1
DG	495	Picture	11	2412301	0	1	3084	2	0	3000	other	0
DG	496	Response	1	2417570	2102	1
DG	497	Picture	20	2422136	0	1	3083	3	0	3000	other	0
DG	498	Response	1	2426320	1017	1
DG	499	Picture	11	2430720	0	1	3084	2	0	3000	other	0
DG	500	Response	1	2437413	3526	2
DG	501	Picture	10	2439305	0	1	3083	2	0	3000	other	0
DG	502	Response	2	2445539	3067	1
DG	503	Picture	21	2448389	0	1	3084	2	0	3000	other	0
DG	504	Response	2	2455695	4139	1
DG	505	Picture	21	2458057	0	1	3084	2	0	3000	other	0
DG	506	Response	2	2465070	3846	2
DG	507	Picture	11	2467225	0	1	3083	2	0	3000	other	0
DG	508	Response	1	2475070	4678	1
DG	509	Picture	21	2477726	0	1	3084	2	0	3000	other	0
DG	510	Response	2	2481946	1053	1
DG	511	Picture	10	2486811	0	1	3083	2	0	3000	other	0
DG	512	Response	1	2490070	92	1
DG	513	Picture	11	2495895	0	1	3084	2	0	3000	other	0
DG	514	Response	1	2501007	1945	1
DG	515	Picture	20	2505063	0	1	3083	3	0	3000	other	0
DG	516	Response	1	2512261	4031	1
DG	517	Picture	10	2513397	0	1	3084	2	0	3000	other	0
DG	518	Response	2	2520538	3974	2
DG	519	Picture	11	2522315	0	1	3084	2	0	3000	other	0
DG	520	Response	1	2528792	3310	2
DG	521	Picture	21	2530899	0	1	3084	2	0	3000	other	0
DG	522	Response	2	2538663	4597	1
DG	523	Picture	11	2540484	0	1	3084	2	0	3000	other	0
DG	524	Response	1	2545694	2043	1
DG	525	Picture	21	2549652	0	1	3083	2	0	3000	other	0
DG	526	Response	2	2555694	2875	1
DG	527	Picture	21	2560403	0	1	3084	2	0	3000	other	0
DG	529	Picture	20	2569904	0	1	3084	2	0	3000	other	0
DG	530	Response	2	2576007	2936	1
DG	530	Response	1	2578663	5592	1
DG	531	Picture	20	2580989	0	1	3084	2	0	3000	other	0
DG	533	Picture	10	2590657	0	1	3083	3	0	3000	other	0
DG	533	Response	1	2591007	350	1
DG	534	Response	2	2596788	2964	1
DG	535	Picture	10	2601075	0	1	3083	2	0	3000	other	0
DG	536	Response	2	2606948	2706	1
DG	537	Picture	21	2611659	0	1	3084	2	0	3000	other	0
DG	538	Response	2	2616475	1649	1
DG	539	Picture	21	2622161	0	1	3083	2	0	3000	other	0
DG	540	Response	2	2627881	2553	2
DG	541	Picture	11	2631912	0	1	3084	2	0	3000	other	0
DG	542	Response	1	2638976	3897	1
DG	543	Picture	21	2642413	0	1	3084	2	0	3000	other	0
DG	544	Response	2	2648975	3395	1
DG	545	Picture	10	2653498	0	1	3084	2	0	3000	other	0
DG	546	Response	1	2658194	1529	1
DG	547	Picture	11	2664166	0	1	3084	2	0	3000	other	0
DG	548	Response	1	2671788	4455	1
DG	549	Picture	11	2675417	0	1	3084	2	0	3000	other	0
DG	550	Response	1	2681475	2891	2
DG	551	Picture	11	2684252	0	1	3083	3	0	3000	other	0
DG	552	Response	1	2689288	1869	1
DG	553	Picture	21	2692836	0	1	3084	2	0	3000	other	0
DG	554	Response	2	2699288	3285	1
DG	555	Picture	10	2703587	0	2	3084	3	0	3000	other	0
DG	556	Response	2	2708038	1283	1
DG	557	Picture	20	2714506	0	1	3083	2	0	3000	other	0
DG	558	Response	1	2720694	3021	1
DG	559	Picture	21	2725674	0	1	3083	2	0	3000	other	0
DG	560	Response	2	2731631	2790	2
DG	561	Picture	21	2735675	0	1	3084	2	0	3000	other	0
DG	562	Response	2	2741319	2477	1
DG	563	Picture	11	2746176	0	1	3084	2	0	3000	other	0
DG	564	Response	1	2751788	2445	1
DG	565	Picture	21	2755594	0	1	3084	2	0	3000	other	0
DG	566	Response	2	2761631	2870	1
DG	567	Picture	21	2765512	0	1	3084	2	0	3000	other	0
DG	568	Response	1	2771945	3266	1
DG	569	Picture	11	2776347	0	1	3083	2	0	3000	other	0
DG	570	Response	1	2781475	1961	1
DG	571	Picture	10	2785848	0	1	3083	3	0	3000	other	0
DG	572	Response	2	2790849	1834	2
DG	573	Picture	21	2795849	0	1	3084	2	0	3000	other	0
DG	574	Response	2	2801631	2615	1
DG	575	Picture	21	2805100	0	1	3084	2	0	3000	other	0
DG	576	Response	2	2810693	2426	1
DG	577	Picture	10	2815601	0	2	3084	3	0	3000	other	0
DG	578	Response	2	2821006	2237	1
DG	579	Picture	10	2825936	0	1	3084	2	0	3000	other	0
DG	580	Response	2	2830850	1747	1
DG	581	Picture	11	2835437	0	1	3084	2	0	3000	other	0
DG	582	Response	1	2841318	2714	1
DG	583	Picture	21	2843772	0	1	3083	2	0	3000	other	0
DG	584	Response	2	2851946	5007	1
DG	585	Picture	10	2854106	0	1	3084	2	0	3000	other	0
DG	586	Response	2	2859912	2639	1
DG	587	Picture	10	2864274	0	1	3084	2	0	3000	other	0
DG	588	Response	2	2871162	3721	1
DG	589	Picture	11	2874275	0	2	3084	3	0	3000	other	0
DG	590	Response	1	2880537	3094	1
DG	591	Picture	20	2884110	0	1	3084	2	0	3000	other	0
DG	592	Response	1	2891005	3728	2
DG	593	Picture	21	2894778	0	1	3084	2	0	3000	other	0
DG	594	Response	2	2900849	2904	1
DG	595	Picture	21	2905779	0	1	3084	2	0	3000	other	0
DG	596	Response	2	2911161	2215	2
DG	597	Picture	11	2916031	0	1	3083	2	0	3000	other	0
DG	598	Response	1	2923193	3995	1
DG	599	Picture	10	2926032	0	1	3084	2	0	3000	other	0
DG	600	Response	2	2932412	3213	1
DG	601	Picture	20	2936367	0	1	3083	2	0	3000	other	0
DG	602	Response	1	2941162	1628	1


Event Type	Code	Type	Response	RT	RT Uncertainty	Time	Uncertainty	Duration	Uncertainty	ReqTime	ReqDur

Picture	10	other				10419	1	3083	2	0	3000
Picture	20	other				18836	1	3084	2	0	3000
Picture	11	other				29754	1	3084	2	0	3000
Picture	10	other				38255	1	3084	2	0	3000
Picture	20	other				48090	1	3084	2	0	3000
Picture	11	other				57258	1	3083	2	0	3000
Picture	10	other				67426	1	3083	2	0	3000
Picture	11	other				75677	1	3083	2	0	3000
Picture	10	other				85428	1	3084	2	0	3000
Picture	21	other				94012	1	3084	2	0	3000
Picture	11	other				103513	2	3084	3	0	3000
Picture	20	other				113765	1	3083	3	0	3000
Picture	20	other				122766	1	3084	2	0	3000
Picture	10	other				133434	1	3084	2	0	3000
Picture	20	other				143102	1	3083	2	0	3000
Picture	20	other				152020	1	3083	2	0	3000
Picture	10	other				160937	1	3084	2	0	3000
Picture	20	other				169188	1	3084	2	0	3000
Picture	10	other				179940	1	3083	2	0	3000
Picture	20	other				188524	1	3084	2	0	3000
Picture	11	other				196775	1	3084	2	0	3000
Picture	10	other				207276	1	3084	2	0	3000
Picture	21	other				216611	1	3084	2	0	3000
Picture	11	other				227529	1	3084	2	0	3000
Picture	10	other				236447	1	3083	2	0	3000
Picture	11	other				246365	1	3083	2	0	3000
Picture	20	other				257616	1	3084	2	0	3000
Picture	11	other				266284	1	3083	3	0	3000
Picture	21	other				274535	1	3083	3	0	3000
Picture	11	other				285369	2	3084	3	0	3000
Picture	21	other				293871	1	3083	2	0	3000
Picture	20	other				303872	1	3083	3	0	3000
Picture	11	other				313706	1	3084	2	0	3000
Picture	21	other				323374	1	3084	2	0	3000
Picture	20	other				334292	1	3084	2	0	3000
Picture	21	other				342627	1	3083	2	0	3000
Picture	11	other				353461	1	3084	2	0	3000
Picture	10	other				363546	1	3084	2	0	3000
Picture	20	other				373714	1	3084	2	0	3000
Picture	21	other				383548	1	3084	2	0	3000
Picture	11	other				391799	1	3084	2	0	3000
Picture	10	other				400467	1	3084	2	0	3000
Picture	10	other				408885	1	3084	2	0	3000
Picture	10	other				420053	1	3084	2	0	3000
Picture	11	other				430471	1	3084	2	0	3000
Picture	11	other				441472	1	3084	2	0	3000
Picture	21	other				450723	2	3084	3	0	3000
Picture	10	other				459391	1	3084	2	0	3000
Picture	10	other				470309	1	3084	2	0	3000
Picture	10	other				480144	1	3083	3	0	3000
Picture	10	other				490645	1	3084	2	0	3000
Picture	21	other				500230	1	3083	2	0	3000
Picture	10	other				509064	1	3084	2	0	3000
Picture	10	other				518565	1	3084	2	0	3000
Picture	10	other				527733	1	3084	2	0	3000
Picture	11	other				537818	1	3083	2	0	3000
Picture	11	other				548569	1	3084	2	0	3000
Picture	10	other				558737	1	3084	2	0	3000
Picture	20	other				569572	1	3083	2	0	3000
Picture	20	other				578823	1	3083	2	0	3000
Picture	21	other				587490	2	3084	3	0	3000
Picture	20	other				596492	1	3083	2	0	3000
Picture	20	other				606409	2	3084	3	0	3000
Picture	11	other				614994	1	3084	2	0	3000
Picture	11	other				623578	1	3084	2	0	3000
Picture	11	other				632746	1	3084	2	0	3000
Picture	21	other				643831	1	3084	2	0	3000
Picture	21	other				653415	1	3084	2	0	3000
Picture	21	other				663333	1	3084	2	0	3000
Picture	20	other				673918	1	3084	2	0	3000
Picture	21	other				683669	1	3084	2	0	3000
Picture	11	other				693920	1	3084	2	0	3000
Picture	20	other				703005	1	3084	2	0	3000
Picture	11	other				711589	1	3084	2	0	3000
Picture	10	other				720174	1	3083	2	0	3000
Picture	21	other				729341	2	3084	3	0	3000
Picture	10	other				740009	2	3084	3	0	3000
Picture	10	other				749094	1	3084	2	0	3000
Picture	20	other				759012	1	3084	2	0	3000
Picture	21	other				770013	1	3084	2	0	3000
Picture	20	other				778681	1	3084	2	0	3000
Picture	20	other				787182	1	3084	2	0	3000
Picture	21	other				797183	1	3084	2	0	3000
Picture	11	other				805768	1	3083	2	0	3000
Picture	20	other				814602	1	3084	2	0	3000
Picture	21	other				825187	1	3083	3	0	3000
Picture	21	other				834438	1	3084	2	0	3000
Picture	10	other				844606	1	3084	2	0	3000
Picture	20	other				852857	1	3084	2	0	3000
Picture	11	other				863025	1	3083	3	0	3000
Picture	10	other				873443	1	3083	3	0	3000
Picture	10	other				882527	1	3084	2	0	3000
Picture	11	other				892612	1	3084	2	0	3000
Picture	21	other				903030	1	3083	3	0	3000
Picture	11	other				912281	1	3084	2	0	3000
Picture	11	other				922032	1	3084	2	0	3000
Picture	11	other				930617	1	3083	2	0	3000
Picture	20	other				939701	1	3084	2	0	3000
Picture	21	other				949786	1	3083	2	0	3000
Picture	20	other				958537	1	3083	2	0	3000
Picture	10	other				966954	2	3084	3	0	3000
Picture	11	other				975539	1	3084	2	0	3000
Picture	20	other				985957	1	3083	3	0	3000
Picture	20	other				996208	1	3084	2	0	3000
Picture	21	other				1004876	1	3083	3	0	3000
Picture	11	other				1013460	1	3084	2	0	3000
Picture	21	other				1024295	1	3084	2	0	3000
Picture	21	other				1034546	1	3084	2	0	3000
Picture	11	other				1044214	1	3084	2	0	3000
Picture	21	other				1055382	1	3084	2	0	3000
Picture	20	other				1065217	1	3083	2	0	3000
Picture	10	other				1076301	1	3084	2	0	3000
Picture	11	other				1085136	1	3084	2	0	3000
Picture	21	other				1094970	1	3084	2	0	3000
Picture	11	other				1103971	2	3084	3	0	3000
Picture	21	other				1114139	1	3084	2	0	3000
Picture	11	other				1124974	1	3084	2	0	3000
Picture	20	other				1134809	1	3083	2	0	3000
Picture	21	other				1143643	1	3084	2	0	3000
Picture	21	other				1153144	1	3084	2	0	3000
Picture	20	other				1162979	1	3084	2	0	3000
Picture	20	other				1173230	1	3084	2	0	3000
Picture	11	other				1183315	1	3083	2	0	3000
Picture	20	other				1191899	1	3084	2	0	3000
Picture	11	other				1201567	1	3084	2	0	3000
Picture	20	other				1212402	1	3083	2	0	3000
Picture	11	other				1222486	1	3084	2	0	3000
Picture	20	other				1232154	1	3084	2	0	3000
Picture	21	other				1242489	1	3083	3	0	3000
Picture	11	other				1251323	1	3084	2	0	3000
Picture	11	other				1260991	1	3084	2	0	3000
Picture	10	other				1270159	1	3084	2	0	3000
Picture	11	other				1280493	2	3084	3	0	3000
Picture	11	other				1291495	1	3084	2	0	3000
Picture	21	other				1301913	1	3084	2	0	3000
Picture	10	other				1312164	1	3084	2	0	3000
Picture	21	other				1322249	1	3083	2	0	3000
Picture	21	other				1332667	1	3083	2	0	3000
Picture	10	other				1343085	1	3083	2	0	3000
Picture	11	other				1351669	1	3084	2	0	3000
Picture	20	other				1362420	1	3084	2	0	3000
Picture	11	other				1373005	1	3084	2	0	3000
Picture	20	other				1383756	1	3084	2	0	3000
Picture	21	other				1392924	1	3084	2	0	3000
Picture	20	other				1402842	1	3084	2	0	3000
Picture	20	other				1411260	1	3084	2	0	3000
Picture	20	other				1421011	1	3084	2	0	3000
Picture	11	other				1430345	2	3084	3	0	3000
Picture	11	other				1441180	1	3084	2	0	3000
Picture	10	other				1450098	1	3084	2	0	3000
Picture	20	other				1479935	1	3084	2	0	3000
Picture	10	other				1489269	2	3084	3	0	3000
Picture	20	other				1499021	1	3083	2	0	3000
Picture	21	other				1508439	1	3083	2	0	3000
Picture	11	other				1518356	2	3084	3	0	3000
Picture	20	other				1528024	1	3084	2	0	3000
Picture	20	other				1537692	1	3084	2	0	3000
Picture	21	other				1547527	1	3083	3	0	3000
Picture	21	other				1556861	1	3084	2	0	3000
Picture	20	other				1566946	1	3084	2	0	3000
Picture	21	other				1577864	1	3084	2	0	3000
Picture	10	other				1587532	1	3083	3	0	3000
Picture	20	other				1597866	1	3084	2	0	3000
Picture	11	other				1607701	1	3084	2	0	3000
Picture	10	other				1616369	1	3083	2	0	3000
Picture	20	other				1627370	1	3084	2	0	3000
Picture	10	other				1636955	1	3083	2	0	3000
Picture	21	other				1647539	1	3084	2	0	3000
Picture	11	other				1657457	1	3084	2	0	3000
Picture	21	other				1666292	1	3083	2	0	3000
Picture	10	other				1675793	1	3083	3	0	3000
Picture	20	other				1686711	1	3083	3	0	3000
Picture	21	other				1696045	1	3084	2	0	3000
Picture	11	other				1705463	1	3084	2	0	3000
Picture	20	other				1716214	2	3084	3	0	3000
Picture	20	other				1726049	1	3084	2	0	3000
Picture	11	other				1735800	1	3084	2	0	3000
Picture	10	other				1746218	1	3084	2	0	3000
Picture	10	other				1756553	1	3084	2	0	3000
Picture	11	other				1767221	1	3084	2	0	3000
Picture	11	other				1775555	1	3084	2	0	3000
Picture	11	other				1785806	2	3084	3	0	3000
Picture	20	other				1795558	1	3083	2	0	3000
Picture	10	other				1804309	1	3083	3	0	3000
Picture	20	other				1815477	1	3084	2	0	3000
Picture	21	other				1824395	1	3083	2	0	3000
Picture	11	other				1834312	2	3084	3	0	3000
Picture	11	other				1842647	1	3084	2	0	3000
Picture	20	other				1851898	1	3084	2	0	3000
Picture	21	other				1861233	1	3083	2	0	3000
Picture	11	other				1869817	1	3084	2	0	3000
Picture	10	other				1878568	1	3084	2	0	3000
Picture	21	other				1887486	1	3084	2	0	3000
Picture	10	other				1896654	1	3083	2	0	3000
Picture	10	other				1906321	2	3084	3	0	3000
Picture	21	other				1916656	1	3084	2	0	3000
Picture	11	other				1926074	1	3084	2	0	3000
Picture	10	other				1935825	1	3084	2	0	3000
Picture	21	other				1946160	1	3084	2	0	3000
Picture	10	other				1954411	1	3084	2	0	3000
Picture	20	other				1964995	2	3084	3	0	3000
Picture	10	other				1973747	1	3083	2	0	3000
Picture	21	other				1984665	1	3083	2	0	3000
Picture	10	other				1993916	1	3083	3	0	3000
Picture	11	other				2003417	1	3084	2	0	3000
Picture	11	other				2013918	1	3084	2	0	3000
Picture	20	other				2023253	1	3083	2	0	3000
Picture	20	other				2033921	1	3083	2	0	3000
Picture	11	other				2044422	1	3084	2	0	3000
Picture	20	other				2054423	1	3084	2	0	3000
Picture	21	other				2063008	1	3083	2	0	3000
Picture	21	other				2073092	1	3084	2	0	3000
Picture	11	other				2083594	1	3083	2	0	3000
Picture	21	other				2094345	1	3084	2	0	3000
Picture	10	other				2102846	1	3084	2	0	3000
Picture	10	other				2111347	1	3084	2	0	3000
Picture	10	other				2120181	2	3084	3	0	3000
Picture	10	other				2129099	1	3084	2	0	3000
Picture	11	other				2137684	1	3083	2	0	3000
Picture	10	other				2146435	1	3083	3	0	3000
Picture	21	other				2156269	1	3084	2	0	3000
Picture	10	other				2164604	1	3083	2	0	3000
Picture	11	other				2174355	1	3084	2	0	3000
Picture	21	other				2182689	1	3084	2	0	3000
Picture	20	other				2192107	1	3084	2	0	3000
Picture	10	other				2202358	1	3084	2	0	3000
Picture	11	other				2212610	1	3083	2	0	3000
Picture	10	other				2221944	1	3084	2	0	3000
Picture	21	other				2232029	1	3083	3	0	3000
Picture	11	other				2241197	1	3083	2	0	3000
Picture	20	other				2250614	1	3084	2	0	3000
Picture	20	other				2259449	1	3084	2	0	3000
Picture	21	other				2269117	1	3083	2	0	3000
Picture	21	other				2279618	1	3084	2	0	3000
Picture	21	other				2289119	1	3084	2	0	3000
Picture	10	other				2298954	1	3083	3	0	3000
Picture	21	other				2309038	1	3084	2	0	3000
Picture	10	other				2319706	1	3084	2	0	3000
Picture	20	other				2329041	1	3084	2	0	3000
Picture	11	other				2339876	1	3083	2	0	3000
Picture	10	other				2350377	1	3084	2	0	3000
Picture	21	other				2360711	2	3084	3	0	3000
Picture	11	other				2369963	1	3083	2	0	3000
Picture	10	other				2380631	1	3083	2	0	3000
Picture	11	other				2391465	1	3084	2	0	3000
Picture	11	other				2401550	1	3084	2	0	3000
Picture	11	other				2412301	1	3084	2	0	3000
Picture	20	other				2422136	1	3083	3	0	3000
Picture	11	other				2430720	1	3084	2	0	3000
Picture	10	other				2439305	1	3083	2	0	3000
Picture	21	other				2448389	1	3084	2	0	3000
Picture	21	other				2458057	1	3084	2	0	3000
Picture	11	other				2467225	1	3083	2	0	3000
Picture	21	other				2477726	1	3084	2	0	3000
Picture	10	other				2486811	1	3083	2	0	3000
Picture	11	other				2495895	1	3084	2	0	3000
Picture	20	other				2505063	1	3083	3	0	3000
Picture	10	other				2513397	1	3084	2	0	3000
Picture	11	other				2522315	1	3084	2	0	3000
Picture	21	other				2530899	1	3084	2	0	3000
Picture	11	other				2540484	1	3084	2	0	3000
Picture	21	other				2549652	1	3083	2	0	3000
Picture	21	other				2560403	1	3084	2	0	3000
Picture	20	other				2569904	1	3084	2	0	3000
Picture	20	other				2580989	1	3084	2	0	3000
Picture	10	other				2590657	1	3083	3	0	3000
Picture	10	other				2601075	1	3083	2	0	3000
Picture	21	other				2611659	1	3084	2	0	3000
Picture	21	other				2622161	1	3083	2	0	3000
Picture	11	other				2631912	1	3084	2	0	3000
Picture	21	other				2642413	1	3084	2	0	3000
Picture	10	other				2653498	1	3084	2	0	3000
Picture	11	other				2664166	1	3084	2	0	3000
Picture	11	other				2675417	1	3084	2	0	3000
Picture	11	other				2684252	1	3083	3	0	3000
Picture	21	other				2692836	1	3084	2	0	3000
Picture	10	other				2703587	2	3084	3	0	3000
Picture	20	other				2714506	1	3083	2	0	3000
Picture	21	other				2725674	1	3083	2	0	3000
Picture	21	other				2735675	1	3084	2	0	3000
Picture	11	other				2746176	1	3084	2	0	3000
Picture	21	other				2755594	1	3084	2	0	3000
Picture	21	other				2765512	1	3084	2	0	3000
Picture	11	other				2776347	1	3083	2	0	3000
Picture	10	other				2785848	1	3083	3	0	3000
Picture	21	other				2795849	1	3084	2	0	3000
Picture	21	other				2805100	1	3084	2	0	3000
Picture	10	other				2815601	2	3084	3	0	3000
Picture	10	other				2825936	1	3084	2	0	3000
Picture	11	other				2835437	1	3084	2	0	3000
Picture	21	other				2843772	1	3083	2	0	3000
Picture	10	other				2854106	1	3084	2	0	3000
Picture	10	other				2864274	1	3084	2	0	3000
Picture	11	other				2874275	2	3084	3	0	3000
Picture	20	other				2884110	1	3084	2	0	3000
Picture	21	other				2894778	1	3084	2	0	3000
Picture	21	other				2905779	1	3084	2	0	3000
Picture	11	other				2916031	1	3083	2	0	3000
Picture	10	other				2926032	1	3084	2	0	3000
Picture	20	other				2936367	1	3083	2	0	3000
