Scenario - EFT lento Abril 2011
Logfile written - 08/28/2012 11:19:22

Subject	Trial	Event Type	Code	Time	TTime	Uncertainty	Duration	Uncertainty	ReqTime	ReqDur	Stim Type	Pair Index

DG	2	Picture	20	10252	0	1	3084	2	0	3000	other	0
DG	3	Response	2	20267	6848	2
DG	4	Picture	21	46590	0	1	3083	2	0	3000	other	0
DG	5	Response	2	51049	1292	1
DG	6	Picture	10	86428	0	1	3084	2	0	3000	other	0
DG	7	Response	2	95580	5985	1
DG	8	Picture	20	122933	0	1	3083	2	0	3000	other	0
DG	9	Response	2	134017	7917	1
DG	9	Response	1	138236	12136	1
DG	10	Picture	20	162021	0	1	3083	3	0	3000	other	0
DG	11	Response	2	170892	5704	1
DG	12	Picture	10	192441	0	1	3084	2	0	3000	other	0
DG	13	Response	2	203548	7940	1
DG	14	Picture	10	230863	0	1	3083	2	0	3000	other	0
DG	15	Response	1	240892	6862	1
DG	16	Picture	21	260200	0	1	3083	2	0	3000	other	0
DG	17	Response	1	272144	8777	1
DG	18	Picture	20	292870	0	1	3084	2	0	3000	other	0
DG	19	Response	2	306672	10635	2
DG	20	Picture	20	324208	0	1	3083	2	0	3000	other	0
DG	21	Response	2	331359	3984	2
DG	22	Picture	11	359212	0	1	3084	2	0	3000	other	0
DG	23	Response	1	367922	5543	1
DG	24	Picture	10	394550	0	1	3083	2	0	3000	other	0
DG	25	Response	1	407766	10049	1
DG	26	Picture	21	430388	0	1	3083	2	0	3000	other	0
DG	27	Response	1	439015	5460	2
DG	28	Picture	21	466559	0	1	3083	2	0	3000	other	0
DG	29	Response	1	472922	3196	1
DG	30	Picture	11	500646	0	1	3084	2	0	3000	other	0
DG	31	Response	1	507457	3644	1
DG	32	Picture	11	539734	0	2	3084	3	0	3000	other	0
DG	33	Response	2	549640	6738	1
DG	34	Picture	21	573405	0	1	3084	2	0	3000	other	0
DG	35	Response	1	583546	6974	1
DG	36	Picture	20	607743	0	1	3084	2	0	3000	other	0
DG	37	Response	2	615890	4980	1
DG	38	Picture	20	639664	0	1	3083	2	0	3000	other	0
DG	39	Response	2	648077	5246	2
DG	40	Picture	21	672918	0	1	3083	2	0	3000	other	0
DG	41	Response	1	681202	5117	2
DG	42	Picture	11	703422	0	1	3083	2	0	3000	other	0
DG	43	Response	2	712764	6175	1
DG	44	Picture	11	741093	0	1	3084	2	0	3000	other	0
DG	45	Response	2	748389	4129	1
DG	46	Picture	11	778764	0	1	3084	2	0	3000	other	0
DG	47	Response	2	786670	4739	1
DG	48	Picture	11	809268	0	1	3084	2	0	3000	other	0
DG	49	Response	1	815577	3142	1
DG	50	Picture	11	838772	0	1	3083	3	0	3000	other	0
DG	51	Response	1	845264	3325	1
DG	52	Picture	10	873276	0	1	3084	2	0	3000	other	0
DG	53	Response	1	881983	5540	1
DG	54	Picture	21	907030	0	1	3084	2	0	3000	other	0
DG	55	Response	2	916982	6785	2
DG	56	Picture	21	935367	0	1	3084	2	0	3000	other	0
DG	57	Response	2	941045	2511	1
DG	58	Picture	20	963871	0	1	3083	2	0	3000	other	0
DG	59	Response	2	975263	8225	2
DG	59	Response	1	991670	24632	1
DG	60	Picture	10	1002876	0	1	3083	2	0	3000	other	0
DG	61	Response	2	1018701	12658	1
DG	62	Picture	11	1042464	0	1	3083	3	0	3000	other	0
DG	63	Response	1	1053700	8069	1
DG	64	Picture	20	1076051	0	1	3084	2	0	3000	other	0
DG	65	Response	2	1085263	6045	1
DG	66	Picture	10	1110389	0	1	3084	2	0	3000	other	0
DG	67	Response	1	1118856	5300	1
DG	68	Picture	10	1140559	0	1	3084	2	0	3000	other	0
DG	69	Response	1	1147294	3568	1
DG	70	Picture	20	1175230	0	1	3084	2	0	3000	other	0
DG	71	Response	2	1183388	4991	1
DG	72	Picture	20	1205734	0	1	3084	2	0	3000	other	0
DG	73	Response	2	1213231	4330	1
DG	74	Picture	11	1238572	0	1	3083	2	0	3000	other	0
DG	75	Response	2	1246981	5242	1
DG	76	Picture	10	1278243	0	1	3084	2	0	3000	other	0
DG	77	Response	1	1286668	5258	1
DG	77	Response	2	1304012	22602	1
DG	78	Picture	21	1314164	0	1	3084	2	0	3000	other	0
DG	79	Response	2	1324325	6994	1
DG	80	Picture	21	1348085	0	1	3084	2	0	3000	other	0
DG	81	Response	2	1358856	7604	1
DG	82	Picture	20	1387590	0	1	3084	2	0	3000	other	0
DG	83	Response	1	1401043	10286	1
DG	84	Picture	11	1423178	0	1	3084	2	0	3000	other	0
DG	85	Response	1	1430574	4229	1
DG	86	Picture	21	1454515	0	1	3084	2	0	3000	other	0
DG	87	Response	1	1464480	6798	1
DG	87	Response	2	1467917	10235	1
DG	88	Picture	20	1488019	0	1	3084	2	0	3000	other	0
DG	89	Response	1	1498542	7356	2
DG	90	Picture	20	1522524	0	1	3083	2	0	3000	other	0
DG	91	Response	1	1532448	6757	1
DG	92	Picture	21	1554194	0	1	3084	2	0	3000	other	0
DG	93	Response	2	1567137	9776	1
DG	94	Picture	10	1584781	0	1	3084	2	0	3000	other	0
DG	95	Response	1	1596042	8094	1
DG	96	Picture	11	1621119	0	1	3084	2	0	3000	other	0
DG	97	Response	1	1629167	4881	1
DG	98	Picture	11	1651290	0	1	3083	2	0	3000	other	0
DG	99	Response	1	1659167	4710	1
DG	100	Picture	20	1684794	0	1	3084	2	0	3000	other	0
DG	101	Response	1	1697448	9487	1
DG	102	Picture	10	1719131	0	2	3084	3	0	3000	other	0
DG	103	Response	2	1731198	8900	1
DG	104	Picture	20	1753969	0	1	3084	2	0	3000	other	0
DG	105	Response	1	1763854	6718	1
DG	106	Picture	20	1791890	0	2	3084	3	0	3000	other	0
DG	107	Response	1	1802603	7545	1
DG	108	Picture	11	1820894	0	1	3084	2	0	3000	other	0
DG	109	Response	1	1828541	4480	1
DG	110	Picture	11	1849731	0	1	3084	2	0	3000	other	0
DG	111	Response	1	1857447	4549	1
DG	112	Picture	21	1888569	0	1	3084	2	0	3000	other	0
DG	113	Response	2	1894947	3211	1
DG	114	Picture	20	1924240	0	1	3084	2	0	3000	other	0
DG	115	Response	1	1936509	9102	2
DG	116	Picture	10	1960411	0	2	3084	3	0	3000	other	0
DG	117	Response	2	1968541	4962	1
DG	118	Picture	21	1991749	0	1	3083	2	0	3000	other	0
DG	119	Response	2	1999946	5030	1
DG	120	Picture	20	2020336	0	1	3083	2	0	3000	other	0
DG	121	Response	1	2028228	4725	1
DG	122	Picture	10	2049839	0	1	3084	2	0	3000	other	0
DG	123	Response	2	2058227	5221	1
DG	124	Picture	10	2089094	0	1	3084	2	0	3000	other	0
DG	125	Response	2	2098696	6435	1
DG	126	Picture	11	2128682	0	2	3084	3	0	3000	other	0
DG	127	Response	1	2136196	4346	1
DG	128	Picture	10	2164104	0	1	3083	2	0	3000	other	0
DG	129	Response	2	2173383	6112	2
DG	130	Picture	21	2201108	0	1	3084	2	0	3000	other	0
DG	131	Response	2	2207450	3175	1
DG	132	Picture	11	2232612	0	1	3084	2	0	3000	other	0
DG	133	Response	1	2241351	5572	2
DG	134	Picture	21	2262282	0	2	3084	3	0	3000	other	0
DG	135	Response	2	2270883	5434	1
DG	136	Picture	20	2291036	0	1	3084	2	0	3000	other	0
DG	137	Response	1	2304008	9805	1
DG	138	Picture	11	2330124	0	1	3084	2	0	3000	other	0
DG	139	Response	1	2337136	3845	1
DG	140	Picture	11	2364212	0	1	3084	2	0	3000	other	0
DG	141	Response	1	2370414	3035	1
DG	142	Picture	21	2397466	0	1	3084	2	0	3000	other	0
DG	143	Response	2	2404320	3687	1
DG	144	Picture	20	2436471	0	1	3084	2	0	3000	other	0
DG	145	Response	1	2446038	6400	2
DG	146	Picture	20	2475642	0	1	3084	2	0	3000	other	0
DG	147	Response	1	2487288	8479	1
DG	148	Picture	20	2508063	0	1	3084	2	0	3000	other	0
DG	149	Response	1	2524788	13558	1
DG	150	Picture	11	2545734	0	2	3084	3	0	3000	other	0
DG	151	Response	1	2552729	3828	1
DG	152	Picture	20	2577322	0	1	3083	2	0	3000	other	0
DG	153	Response	2	2585725	5236	2
DG	154	Picture	21	2608076	0	1	3083	2	0	3000	other	0
DG	155	Response	2	2616350	5107	2
DG	156	Picture	10	2639496	0	1	3084	2	0	3000	other	0
DG	157	Response	2	2654163	11500	1
DG	158	Picture	20	2672250	0	1	3084	2	0	3000	other	0
DG	159	Response	1	2682443	7026	2
DG	160	Picture	11	2707755	0	1	3083	2	0	3000	other	0
DG	161	Response	1	2714162	3240	2
DG	162	Picture	21	2738258	0	2	3084	3	0	3000	other	0
DG	163	Response	2	2747286	5861	1
DG	164	Picture	10	2767262	0	1	3084	2	0	3000	other	0
DG	165	Response	2	2778224	7795	1
DG	166	Picture	10	2807184	0	1	3083	2	0	3000	other	0
DG	167	Response	2	2815256	4905	1
DG	168	Picture	11	2841188	0	1	3084	2	0	3000	other	0
DG	169	Response	1	2851505	7150	2
DG	170	Picture	21	2874275	0	1	3084	2	0	3000	other	0
DG	171	Response	2	2885724	8282	1
DG	172	Picture	10	2908446	0	1	3084	2	0	3000	other	0
DG	173	Response	2	2917755	6142	1
DG	174	Picture	10	2937283	0	1	3084	2	0	3000	other	0
DG	175	Response	2	2946192	5742	2
DG	176	Picture	10	2969121	0	1	3083	2	0	3000	other	0
DG	177	Response	2	2975880	3592	1
DG	178	Picture	11	3004958	0	1	3084	2	0	3000	other	0
DG	179	Response	1	3011505	3380	1
DG	179	Response	2	3024630	16505	1
DG	180	Picture	11	3037629	0	1	3084	2	0	3000	other	0
DG	181	Response	1	3043380	2584	1
DG	182	Picture	21	3075384	0	1	3083	3	0	3000	other	0
DG	183	Response	2	3083536	4985	1
DG	184	Picture	21	3106471	0	1	3084	2	0	3000	other	0
DG	185	Response	2	3112285	2647	1
DG	186	Picture	21	3144059	0	1	3084	2	0	3000	other	0
DG	187	Response	2	3150879	3653	1
DG	188	Picture	21	3180314	0	1	3083	2	0	3000	other	0
DG	189	Response	2	3187910	4429	2
DG	190	Picture	10	3217985	0	1	3084	2	0	3000	other	0
DG	191	Response	2	3227285	6133	1
DG	192	Picture	10	3257990	0	1	3084	2	0	3000	other	0
DG	193	Response	2	3268691	7534	2
DG	194	Picture	21	3296245	0	1	3083	2	0	3000	other	0
DG	195	Response	2	3302441	3029	1
DG	196	Picture	11	3330916	0	1	3083	2	0	3000	other	0
DG	197	Response	1	3338691	4608	1
DG	198	Picture	11	3366837	0	1	3083	3	0	3000	other	0
DG	199	Response	1	3373222	3218	1
DG	200	Picture	21	3405258	0	1	3084	2	0	3000	other	0
DG	201	Response	2	3411972	3547	1
DG	202	Picture	20	3436679	0	1	3084	2	0	3000	other	0
DG	203	Response	1	3452284	12438	2
DG	204	Picture	11	3471016	0	2	3084	3	0	3000	other	0
DG	205	Response	1	3479315	5132	1
DG	206	Picture	10	3502604	0	1	3083	2	0	3000	other	0
DG	207	Response	2	3512909	7138	1
DG	208	Picture	21	3541859	0	1	3083	2	0	3000	other	0
DG	209	Response	2	3548690	3664	1
DG	210	Picture	10	3574779	0	1	3084	2	0	3000	other	0
DG	211	Response	2	3588690	10744	1
DG	212	Picture	20	3605867	0	1	3083	2	0	3000	other	0
DG	213	Response	1	3617129	8095	1
DG	214	Picture	10	3642371	0	1	3084	2	0	3000	other	0
DG	215	Response	2	3651346	5808	1
DG	216	Picture	21	3674042	0	1	3083	3	0	3000	other	0
DG	217	Response	2	3682439	5230	1
DG	218	Picture	20	3706296	0	1	3083	2	0	3000	other	0
DG	219	Response	1	3717752	8289	1
DG	220	Picture	11	3739633	0	1	3084	2	0	3000	other	0
DG	221	Response	1	3747596	4796	1
DG	222	Picture	21	3768970	0	1	3084	2	0	3000	other	0
DG	223	Response	2	3775877	3740	1
DG	224	Picture	11	3804641	0	1	3084	2	0	3000	other	0
DG	225	Response	1	3815564	7756	1
DG	226	Picture	10	3844730	0	1	3083	2	0	3000	other	0
DG	227	Response	2	3852595	4698	1
DG	228	Picture	21	3880151	0	1	3083	2	0	3000	other	0
DG	229	Response	2	3886657	3339	1
DG	230	Picture	10	3916822	0	1	3084	2	0	3000	other	0
DG	231	Response	2	3925251	5262	1
DG	232	Picture	11	3951493	0	1	3084	2	0	3000	other	0
DG	233	Response	1	3961501	6841	1
DG	234	Picture	20	3983247	0	1	3084	2	0	3000	other	0
DG	235	Response	1	3995563	9149	1
DG	236	Picture	20	4019918	0	1	3084	2	0	3000	other	0
DG	237	Response	1	4028219	5134	1
DG	238	Picture	11	4056923	0	1	3083	3	0	3000	other	0
DG	239	Response	1	4065719	5629	1
DG	240	Picture	11	4091927	0	1	3084	2	0	3000	other	0
DG	241	Response	1	4098531	3437	2
DG	242	Picture	20	4126348	0	1	3084	2	0	3000	other	0
DG	243	Response	1	4132281	2766	1
DG	244	Picture	11	4164353	0	1	3082	7	0	3000	other	0
DG	245	Response	1	4170562	3042	2
DG	246	Picture	10	4200774	0	1	3084	2	0	3000	other	0
DG	247	Response	2	4209937	5996	1
DG	248	Picture	11	4240529	0	1	3084	2	0	3000	other	0
DG	249	Response	1	4246812	3116	1
DG	250	Picture	20	4276950	0	1	3084	2	0	3000	other	0
DG	251	Response	1	4289625	9508	1
DG	252	Picture	10	4307121	0	1	3083	2	0	3000	other	0
DG	253	Response	2	4317437	7149	1
DG	254	Picture	20	4337458	0	1	3083	2	0	3000	other	0
DG	255	Response	1	4350562	9937	1
DG	256	Picture	11	4374212	0	1	3084	2	0	3000	other	0
DG	257	Response	1	4382905	5526	1
DG	258	Picture	20	4409300	0	1	3084	2	0	3000	other	0
DG	259	Response	1	4427592	15125	1
DG	260	Picture	20	4441387	0	1	3084	2	0	3000	other	0
DG	261	Response	1	4452436	7882	1
DG	262	Picture	10	4480142	0	1	3084	2	0	3000	other	0
DG	263	Response	2	4489155	5846	1
DG	264	Picture	20	4514813	0	1	3084	2	0	3000	other	0
DG	265	Response	1	4523686	5706	1
DG	266	Picture	11	4553985	0	1	3083	2	0	3000	other	0
DG	267	Response	1	4560561	3409	1
DG	268	Picture	20	4590656	0	1	3084	2	0	3000	other	0
DG	269	Response	1	4602748	8925	2
DG	270	Picture	20	4630494	0	1	3084	2	0	3000	other	0
DG	271	Response	1	4638841	5180	2
DG	272	Picture	21	4664248	0	2	3084	3	0	3000	other	0
DG	273	Response	2	4675092	7676	1
DG	274	Picture	11	4702337	0	1	3083	2	0	3000	other	0
DG	275	Response	1	4709623	4119	1
DG	276	Picture	11	4739925	0	1	3083	2	0	3000	other	0
DG	277	Response	1	4745248	2156	1
DG	278	Picture	21	4775846	0	1	3083	2	0	3000	other	0
DG	279	Response	2	4783528	4515	1
DG	280	Picture	21	4811683	0	2	3084	3	0	3000	other	0
DG	281	Response	2	4818372	3521	1
DG	282	Picture	21	4851022	0	1	3083	2	0	3000	other	0
DG	283	Response	2	4856966	2777	1
DG	284	Picture	20	4889360	0	1	3084	2	0	3000	other	0
DG	285	Response	2	4899778	7251	1
DG	286	Picture	20	4920364	0	1	3083	2	0	3000	other	0
DG	287	Response	1	4927903	4372	1
DG	288	Picture	11	4954451	0	1	3084	2	0	3000	other	0
DG	289	Response	1	4961653	4035	1
DG	290	Picture	21	4988289	0	1	3084	2	0	3000	other	0
DG	291	Response	2	4995559	4103	1
DG	292	Picture	21	5019209	0	1	3084	2	0	3000	other	0
DG	293	Response	2	5026340	3964	1
DG	294	Picture	21	5052880	0	1	3084	2	0	3000	other	0
DG	295	Response	2	5058371	2324	1
DG	296	Picture	10	5091552	0	1	3083	2	0	3000	other	0
DG	297	Response	2	5101496	6777	1
DG	298	Picture	10	5126056	0	1	3084	2	0	3000	other	0
DG	299	Response	2	5140558	11335	1
DG	300	Picture	10	5154976	0	1	3084	2	0	3000	other	0
DG	301	Response	2	5163058	4915	1
DG	302	Response	1	6885239	1691841	1
DG	304	Picture	11	6905444	0	2	3084	3	0	3000	other	0
DG	305	Response	1	6912117	3506	1
DG	306	Picture	10	6942782	0	2	3084	3	0	3000	other	0
DG	307	Response	2	6948988	3039	2
DG	308	Picture	11	6971369	0	1	3084	2	0	3000	other	0
DG	309	Response	1	6976488	1952	1
DG	310	Picture	21	7007707	0	1	3084	2	0	3000	other	0
DG	311	Response	2	7012738	1864	1
DG	312	Picture	11	7047295	0	2	3084	3	0	3000	other	0
DG	313	Response	1	7052738	2276	1
DG	314	Picture	20	7082133	0	1	3084	2	0	3000	other	0
DG	315	Response	1	7093988	8688	1
DG	316	Picture	11	7112470	0	1	3084	2	0	3000	other	0
DG	317	Response	1	7117581	1944	1
DG	318	Picture	10	7141724	0	1	3084	2	0	3000	other	0
DG	319	Response	2	7152115	7224	1
DG	320	Picture	10	7180895	0	2	3084	3	0	3000	other	0
DG	321	Response	2	7189144	5082	1
DG	322	Picture	20	7220067	0	1	3084	2	0	3000	other	0
DG	323	Response	1	7230237	7003	1
DG	324	Picture	20	7259905	0	1	3084	2	0	3000	other	0
DG	325	Response	1	7267428	4356	2
DG	326	Picture	10	7290326	0	1	3083	3	0	3000	other	0
DG	327	Response	2	7300706	7213	1
DG	328	Picture	10	7327914	0	1	3083	3	0	3000	other	0
DG	329	Response	2	7335706	4625	1
DG	330	Picture	20	7356834	0	1	3084	2	0	3000	other	0
DG	331	Response	1	7367268	7267	1
DG	332	Picture	20	7386504	0	1	3084	2	0	3000	other	0
DG	333	Response	1	7397580	7909	1
DG	334	Picture	21	7421675	0	2	3084	3	0	3000	other	0
DG	335	Response	2	7431017	6175	2
DG	336	Picture	21	7459930	0	1	3084	2	0	3000	other	0
DG	337	Response	2	7467114	4017	1
DG	338	Picture	10	7499435	0	1	3084	2	0	3000	other	0
DG	339	Response	2	7506955	4353	1
DG	340	Picture	10	7528939	0	1	3084	2	0	3000	other	0
DG	341	Response	2	7539142	7036	1
DG	342	Picture	10	7567777	0	1	3084	2	0	3000	other	0
DG	343	Response	2	7576017	5073	1
DG	344	Picture	11	7596281	0	1	3083	2	0	3000	other	0
DG	345	Response	1	7602735	3287	2
DG	346	Picture	21	7635785	0	2	3084	3	0	3000	other	0
DG	347	Response	2	7644923	5971	1
DG	348	Picture	20	7672790	0	1	3084	2	0	3000	other	0
DG	349	Response	1	7682892	6935	1
DG	350	Picture	20	7708628	0	1	3084	2	0	3000	other	0
DG	351	Response	1	7717112	5317	1
DG	352	Picture	10	7744966	0	1	3083	2	0	3000	other	0
DG	353	Response	2	7752735	4602	1
DG	354	Picture	10	7775053	0	1	3084	2	0	3000	other	0
DG	355	Response	2	7785235	7015	1
DG	356	Picture	20	7812391	0	1	3084	2	0	3000	other	0
DG	357	Response	1	7821641	6083	1
DG	358	Picture	11	7852146	0	1	3083	3	0	3000	other	0
DG	359	Response	1	7860078	4765	1
DG	360	Picture	11	7890150	0	2	3084	3	0	3000	other	0
DG	361	Response	1	7896797	3479	1
DG	362	Picture	11	7928739	0	1	3083	2	0	3000	other	0
DG	363	Response	1	7936015	4109	2
DG	364	Picture	21	7966993	0	1	3084	2	0	3000	other	0
DG	365	Response	2	7983672	13512	1
DG	366	Picture	21	7998331	0	1	3083	2	0	3000	other	0
DG	367	Response	2	8006484	4986	1
DG	368	Picture	10	8027251	0	1	3084	2	0	3000	other	0
DG	369	Response	2	8033827	3409	1
DG	370	Picture	11	8066256	0	1	3083	3	0	3000	other	0
DG	371	Response	1	8071327	1904	2
DG	372	Picture	21	8095176	0	1	3084	2	0	3000	other	0
DG	373	Response	2	8103359	5016	1
DG	374	Picture	10	8126430	0	1	3084	2	0	3000	other	0
DG	375	Response	2	8135233	5636	2
DG	376	Picture	20	8165018	0	1	3084	2	0	3000	other	0
DG	377	Response	1	8171171	2986	1
DG	378	Picture	20	8195439	0	1	3083	2	0	3000	other	0
DG	379	Response	1	8204608	6002	1
DG	380	Picture	21	8230443	0	1	3084	2	0	3000	other	0
DG	381	Response	2	8236952	3342	1
DG	382	Picture	11	8264030	0	2	3084	3	0	3000	other	0
DG	383	Response	1	8270858	3661	1
DG	384	Picture	11	8297535	0	1	3083	2	0	3000	other	0
DG	385	Response	1	8305389	4687	1
DG	386	Picture	20	8331122	0	1	3084	2	0	3000	other	0
DG	387	Response	1	8337111	2822	1
DG	388	Picture	21	8364293	0	1	3084	2	0	3000	other	0
DG	389	Response	2	8373826	6366	1
DG	390	Picture	20	8392880	0	1	3084	2	0	3000	other	0
DG	391	Response	1	8402888	6841	2
DG	392	Picture	21	8428134	0	1	3084	2	0	3000	other	0
DG	393	Response	2	8434763	3462	2
DG	394	Picture	10	8456804	0	2	3084	3	0	3000	other	0
DG	395	Response	2	8464451	4479	1
DG	396	Picture	11	8494642	0	2	3084	3	0	3000	other	0
DG	397	Response	1	8502263	4453	1
DG	398	Picture	11	8527480	0	1	3084	2	0	3000	other	0
DG	399	Response	1	8533669	3022	1
DG	400	Picture	10	8566818	0	1	3084	2	0	3000	other	0
DG	401	Response	2	8576482	6497	1
DG	402	Picture	21	8598572	0	1	3084	2	0	3000	other	0
DG	403	Response	2	8606169	4430	1
DG	404	Picture	20	8630159	0	1	3084	2	0	3000	other	0
DG	405	Response	1	8640231	6905	2
DG	405	Response	2	8640822	7496	4
DG	406	Picture	10	8669248	0	1	3083	2	0	3000	other	0
DG	407	Response	2	8678044	5629	1
DG	408	Picture	21	8704919	0	1	3083	2	0	3000	other	0
DG	409	Response	2	8718669	10583	1
DG	410	Picture	20	8733422	0	1	3084	2	0	3000	other	0
DG	411	Response	1	8743668	7079	2
DG	412	Picture	10	8772177	0	1	3084	2	0	3000	other	0
DG	413	Response	2	8780074	4730	2
DG	414	Picture	10	8802264	0	1	3084	2	0	3000	other	0
DG	415	Response	2	8811012	5581	1
DG	416	Picture	20	8835185	0	1	3084	2	0	3000	other	0
DG	417	Response	1	8842110	3758	1
DG	418	Picture	11	8868856	0	1	3084	2	0	3000	other	0
DG	419	Response	1	8875699	3676	1
DG	420	Picture	21	8900526	0	2	3084	3	0	3000	other	0
DG	421	Response	2	8906949	3256	1
DG	422	Picture	21	8938948	0	1	3084	2	0	3000	other	0
DG	423	Response	2	8944761	2646	1
DG	424	Picture	21	8969368	0	1	3084	2	0	3000	other	0
DG	425	Response	2	8978199	5664	1
DG	426	Picture	10	9006456	0	1	3084	2	0	3000	other	0
DG	427	Response	2	9012261	2638	1
DG	428	Picture	11	9036210	0	1	3084	2	0	3000	other	0
DG	429	Response	1	9044605	5228	1
DG	430	Picture	21	9066380	0	2	3084	3	0	3000	other	0
DG	431	Response	2	9075385	5838	2
DG	432	Picture	21	9103052	0	1	3083	2	0	3000	other	0
DG	433	Response	2	9109761	3542	1
DG	434	Picture	11	9141140	0	1	3083	2	0	3000	other	0
DG	435	Response	1	9148042	3735	1
DG	436	Picture	10	9175644	0	1	3084	2	0	3000	other	0
DG	437	Response	2	9186791	7980	2
DG	438	Picture	21	9204981	0	1	3084	2	0	3000	other	0
DG	439	Response	2	9209604	1456	1
DG	440	Picture	20	9238152	0	1	3084	2	0	3000	other	0
DG	441	Response	1	9246478	5159	2
DG	442	Picture	20	9276823	0	1	3084	2	0	3000	other	0
DG	443	Response	1	9284135	4145	1
DG	444	Picture	20	9310994	0	1	3084	2	0	3000	other	0
DG	445	Response	1	9317259	3098	2
DG	446	Picture	10	9344082	0	1	3083	2	0	3000	other	0
DG	447	Response	2	9351009	3760	2
DG	448	Picture	11	9372419	0	1	3083	2	0	3000	other	0
DG	449	Response	1	9378978	3392	2
DG	450	Picture	10	9411507	0	1	3083	3	0	3000	other	0
DG	451	Response	2	9422259	7585	1
DG	452	Picture	10	9451262	0	1	3083	2	0	3000	other	0
DG	453	Response	2	9457105	2676	2
DG	454	Picture	11	9483932	0	2	3084	3	0	3000	other	0
DG	455	Response	1	9491478	4378	1
DG	456	Picture	20	9513269	0	2	3084	3	0	3000	other	0
DG	457	Response	1	9520853	4417	1
DG	458	Picture	21	9549524	0	1	3084	2	0	3000	other	0
DG	459	Response	2	9558665	5974	1
DG	460	Picture	20	9579778	0	1	3083	2	0	3000	other	0
DG	461	Response	1	9586321	3376	1
DG	462	Picture	10	9609031	0	1	3084	2	0	3000	other	0
DG	463	Response	2	9617258	5060	1
DG	464	Picture	20	9644869	0	1	3084	2	0	3000	other	0
DG	465	Response	1	9652883	4847	1
DG	466	Picture	21	9680624	0	1	3083	2	0	3000	other	0
DG	467	Response	2	9686477	2686	1
DG	467	Response	2	9707727	23936	1
DG	468	Picture	20	9715711	0	1	3084	2	0	3000	other	0
DG	469	Response	1	9721477	2599	1
DG	470	Picture	11	9749716	0	1	3083	2	0	3000	other	0
DG	471	Response	1	9755383	2500	1
DG	472	Picture	10	9782803	0	1	3084	2	0	3000	other	0
DG	473	Response	2	9789602	3632	1
DG	474	Picture	20	9822308	0	1	3084	2	0	3000	other	0
DG	475	Response	1	9827882	2407	2
DG	476	Picture	10	9858062	0	2	3084	3	0	3000	other	0
DG	477	Response	2	9866945	5716	1
DG	478	Picture	21	9886649	0	1	3084	2	0	3000	other	0
DG	479	Response	2	9898195	8379	1
DG	480	Picture	21	9922987	0	1	3084	2	0	3000	other	0
DG	481	Response	2	9929445	3291	1
DG	482	Picture	11	9962659	0	1	3084	2	0	3000	other	0
DG	483	Response	1	9970226	4400	1
DG	484	Picture	20	9997830	0	1	3084	2	0	3000	other	0
DG	485	Response	1	10006788	5791	1
DG	486	Picture	20	10034418	0	1	3083	2	0	3000	other	0
DG	487	Response	1	10042413	4828	1
DG	488	Picture	20	10063588	0	1	3084	2	0	3000	other	0
DG	489	Response	1	10072413	5658	1
DG	490	Picture	21	10093675	0	1	3084	2	0	3000	other	0
DG	491	Response	2	10101006	4164	1
DG	492	Picture	11	10131180	0	1	3083	3	0	3000	other	0
DG	493	Response	1	10137881	3534	2
DG	494	Picture	11	10162350	0	1	3084	2	0	3000	other	0
DG	495	Response	1	10168663	3146	1
DG	496	Picture	21	10201855	0	1	3084	2	0	3000	other	0
DG	497	Response	2	10208037	3015	1
DG	498	Picture	20	10233109	0	1	3084	2	0	3000	other	0
DG	499	Response	1	10243193	6917	2
DG	500	Picture	10	10264446	0	1	3084	2	0	3000	other	0
DG	501	Response	2	10275225	7612	1
DG	502	Picture	10	10304201	0	1	3084	2	0	3000	other	0
DG	503	Response	2	10312568	5200	1
DG	504	Picture	10	10333705	0	1	3084	2	0	3000	other	0
DG	505	Response	2	10340849	3977	2
DG	506	Picture	21	10366459	0	1	3084	2	0	3000	other	0
DG	507	Response	2	10373349	3723	1
DG	508	Picture	20	10397213	0	1	3084	2	0	3000	other	0
DG	509	Response	1	10403505	3125	2
DG	510	Picture	21	10434218	0	1	3083	2	0	3000	other	0
DG	511	Response	2	10440067	2682	1
DG	512	Picture	10	10464805	0	1	3083	2	0	3000	other	0
DG	513	Response	2	10473193	5221	1
DG	514	Picture	10	10495809	0	1	3083	2	0	3000	other	0
DG	515	Response	2	10504130	5154	1
DG	516	Picture	11	10527979	0	1	3084	2	0	3000	other	0
DG	517	Response	1	10533973	2827	1
DG	518	Picture	11	10556399	0	2	3084	3	0	3000	other	0
DG	519	Response	1	10562880	3314	1
DG	520	Picture	20	10588070	0	1	3084	2	0	3000	other	0
DG	521	Response	1	10594599	3362	1
DG	522	Picture	20	10616824	0	1	3083	2	0	3000	other	0
DG	523	Response	1	10625848	5857	1
DG	524	Picture	10	10653995	0	1	3084	2	0	3000	other	0
DG	525	Response	2	10663191	6029	2
DG	526	Picture	21	10693250	0	1	3084	2	0	3000	other	0
DG	527	Response	2	10699285	2868	1
DG	528	Picture	20	10726171	0	1	3083	2	0	3000	other	0
DG	529	Response	1	10737722	8384	2
DG	530	Picture	20	10754674	0	1	3084	2	0	3000	other	0
DG	531	Response	1	10764129	6288	1
DG	532	Picture	21	10783678	0	1	3083	3	0	3000	other	0
DG	533	Response	2	10791472	4627	1
DG	534	Picture	21	10820016	0	1	3083	2	0	3000	other	0
DG	535	Response	2	10825379	2196	1
DG	536	Picture	20	10848436	0	1	3084	2	0	3000	other	0
DG	537	Response	1	10863503	11900	2
DG	538	Picture	20	10879023	0	1	3084	2	0	3000	other	0
DG	539	Response	1	10890847	8657	1
DG	540	Picture	20	10916361	0	1	3084	2	0	3000	other	0
DG	541	Response	1	10923347	3819	1
DG	542	Picture	10	10944614	0	2	3084	3	0	3000	other	0
DG	543	Response	2	10955378	7596	1
DG	544	Picture	10	10974868	0	1	3084	2	0	3000	other	0
DG	545	Response	2	10983346	5311	1
DG	546	Picture	20	11007372	0	1	3084	2	0	3000	other	0
DG	547	Response	1	11018659	8120	1
DG	547	Response	1	11024440	13901	1
DG	548	Picture	11	11047127	0	1	3084	2	0	3000	other	0
DG	549	Response	1	11054128	3834	1
DG	549	Response	1	11068815	18521	1
DG	550	Picture	11	11080715	0	1	3083	3	0	3000	other	0
DG	551	Response	1	11087098	3216	2
DG	552	Picture	11	11109635	0	1	3084	2	0	3000	other	0
DG	553	Response	1	11115377	2575	2
DG	554	Picture	11	11141389	0	1	3084	2	0	3000	other	0
DG	555	Response	1	11150065	5509	1
DG	556	Picture	11	11179144	0	1	3083	2	0	3000	other	0
DG	557	Response	1	11183814	1503	1
DG	558	Picture	10	11211231	0	1	3084	2	0	3000	other	0
DG	559	Response	2	11222877	8479	1
DG	560	Picture	20	11245152	0	1	3084	2	0	3000	other	0
DG	561	Response	1	11253189	4870	2
DG	562	Picture	20	11274239	0	1	3084	2	0	3000	other	0
DG	563	Response	1	11281158	3752	1
DG	564	Picture	11	11303326	0	1	3084	2	0	3000	other	0
DG	565	Response	1	11310376	3883	2
DG	566	Picture	10	11341247	0	1	3084	2	0	3000	other	0
DG	568	Picture	11	11374751	0	2	3084	3	0	3000	other	0
DG	569	Response	1	11382098	4180	1
DG	570	Picture	10	11411339	0	1	3084	2	0	3000	other	0
DG	572	Picture	10	11451011	0	1	3084	2	0	3000	other	0
DG	573	Response	2	11462563	8385	1
DG	574	Picture	21	11480681	0	1	3084	2	0	3000	other	0
DG	575	Response	2	11488188	4340	2
DG	576	Picture	21	11511685	0	1	3084	2	0	3000	other	0
DG	577	Response	2	11518969	4117	2
DG	578	Picture	20	11548190	0	1	3083	2	0	3000	other	0
DG	579	Response	1	11560063	8706	1
DG	580	Picture	10	11577777	0	1	3083	3	0	3000	other	0
DG	581	Response	2	11586782	5838	1
DG	582	Picture	10	11608531	0	1	3083	2	0	3000	other	0
DG	583	Response	2	11616625	4927	1
DG	584	Picture	11	11645118	0	2	3084	3	0	3000	other	0
DG	585	Response	1	11651782	3496	1
DG	586	Picture	10	11683373	0	1	3084	2	0	3000	other	0
DG	587	Response	2	11692563	6023	1
DG	588	Picture	20	11719794	0	2	3084	3	0	3000	other	0
DG	589	Response	1	11729906	6945	1
DG	590	Picture	10	11758633	0	1	3083	2	0	3000	other	0
DG	591	Response	2	11767874	6074	2
DG	592	Picture	20	11798138	0	1	3083	2	0	3000	other	0
DG	593	Response	1	11814125	12820	1
DG	594	Picture	11	11827891	0	1	3084	2	0	3000	other	0
DG	595	Response	1	11835062	4004	1
DG	596	Picture	11	11867063	0	1	3083	3	0	3000	other	0
DG	597	Response	1	11873499	3269	1
DG	598	Picture	11	11902567	0	1	3084	2	0	3000	other	0
DG	599	Response	1	11908811	3077	2
DG	600	Picture	11	11938488	0	1	3084	2	0	3000	other	0
DG	601	Response	1	11945687	4032	1
DG	602	Picture	10	11969409	0	1	3084	2	0	3000	other	0
DG	603	Response	2	11977873	5297	2
DG	604	Response	1	12049905	41075	1


Event Type	Code	Type	Response	RT	RT Uncertainty	Time	Uncertainty	Duration	Uncertainty	ReqTime	ReqDur

Picture	20	other				10252	1	3084	2	0	3000
Picture	21	other				46590	1	3083	2	0	3000
Picture	10	other				86428	1	3084	2	0	3000
Picture	20	other				122933	1	3083	2	0	3000
Picture	20	other				162021	1	3083	3	0	3000
Picture	10	other				192441	1	3084	2	0	3000
Picture	10	other				230863	1	3083	2	0	3000
Picture	21	other				260200	1	3083	2	0	3000
Picture	20	other				292870	1	3084	2	0	3000
Picture	20	other				324208	1	3083	2	0	3000
Picture	11	other				359212	1	3084	2	0	3000
Picture	10	other				394550	1	3083	2	0	3000
Picture	21	other				430388	1	3083	2	0	3000
Picture	21	other				466559	1	3083	2	0	3000
Picture	11	other				500646	1	3084	2	0	3000
Picture	11	other				539734	2	3084	3	0	3000
Picture	21	other				573405	1	3084	2	0	3000
Picture	20	other				607743	1	3084	2	0	3000
Picture	20	other				639664	1	3083	2	0	3000
Picture	21	other				672918	1	3083	2	0	3000
Picture	11	other				703422	1	3083	2	0	3000
Picture	11	other				741093	1	3084	2	0	3000
Picture	11	other				778764	1	3084	2	0	3000
Picture	11	other				809268	1	3084	2	0	3000
Picture	11	other				838772	1	3083	3	0	3000
Picture	10	other				873276	1	3084	2	0	3000
Picture	21	other				907030	1	3084	2	0	3000
Picture	21	other				935367	1	3084	2	0	3000
Picture	20	other				963871	1	3083	2	0	3000
Picture	10	other				1002876	1	3083	2	0	3000
Picture	11	other				1042464	1	3083	3	0	3000
Picture	20	other				1076051	1	3084	2	0	3000
Picture	10	other				1110389	1	3084	2	0	3000
Picture	10	other				1140559	1	3084	2	0	3000
Picture	20	other				1175230	1	3084	2	0	3000
Picture	20	other				1205734	1	3084	2	0	3000
Picture	11	other				1238572	1	3083	2	0	3000
Picture	10	other				1278243	1	3084	2	0	3000
Picture	21	other				1314164	1	3084	2	0	3000
Picture	21	other				1348085	1	3084	2	0	3000
Picture	20	other				1387590	1	3084	2	0	3000
Picture	11	other				1423178	1	3084	2	0	3000
Picture	21	other				1454515	1	3084	2	0	3000
Picture	20	other				1488019	1	3084	2	0	3000
Picture	20	other				1522524	1	3083	2	0	3000
Picture	21	other				1554194	1	3084	2	0	3000
Picture	10	other				1584781	1	3084	2	0	3000
Picture	11	other				1621119	1	3084	2	0	3000
Picture	11	other				1651290	1	3083	2	0	3000
Picture	20	other				1684794	1	3084	2	0	3000
Picture	10	other				1719131	2	3084	3	0	3000
Picture	20	other				1753969	1	3084	2	0	3000
Picture	20	other				1791890	2	3084	3	0	3000
Picture	11	other				1820894	1	3084	2	0	3000
Picture	11	other				1849731	1	3084	2	0	3000
Picture	21	other				1888569	1	3084	2	0	3000
Picture	20	other				1924240	1	3084	2	0	3000
Picture	10	other				1960411	2	3084	3	0	3000
Picture	21	other				1991749	1	3083	2	0	3000
Picture	20	other				2020336	1	3083	2	0	3000
Picture	10	other				2049839	1	3084	2	0	3000
Picture	10	other				2089094	1	3084	2	0	3000
Picture	11	other				2128682	2	3084	3	0	3000
Picture	10	other				2164104	1	3083	2	0	3000
Picture	21	other				2201108	1	3084	2	0	3000
Picture	11	other				2232612	1	3084	2	0	3000
Picture	21	other				2262282	2	3084	3	0	3000
Picture	20	other				2291036	1	3084	2	0	3000
Picture	11	other				2330124	1	3084	2	0	3000
Picture	11	other				2364212	1	3084	2	0	3000
Picture	21	other				2397466	1	3084	2	0	3000
Picture	20	other				2436471	1	3084	2	0	3000
Picture	20	other				2475642	1	3084	2	0	3000
Picture	20	other				2508063	1	3084	2	0	3000
Picture	11	other				2545734	2	3084	3	0	3000
Picture	20	other				2577322	1	3083	2	0	3000
Picture	21	other				2608076	1	3083	2	0	3000
Picture	10	other				2639496	1	3084	2	0	3000
Picture	20	other				2672250	1	3084	2	0	3000
Picture	11	other				2707755	1	3083	2	0	3000
Picture	21	other				2738258	2	3084	3	0	3000
Picture	10	other				2767262	1	3084	2	0	3000
Picture	10	other				2807184	1	3083	2	0	3000
Picture	11	other				2841188	1	3084	2	0	3000
Picture	21	other				2874275	1	3084	2	0	3000
Picture	10	other				2908446	1	3084	2	0	3000
Picture	10	other				2937283	1	3084	2	0	3000
Picture	10	other				2969121	1	3083	2	0	3000
Picture	11	other				3004958	1	3084	2	0	3000
Picture	11	other				3037629	1	3084	2	0	3000
Picture	21	other				3075384	1	3083	3	0	3000
Picture	21	other				3106471	1	3084	2	0	3000
Picture	21	other				3144059	1	3084	2	0	3000
Picture	21	other				3180314	1	3083	2	0	3000
Picture	10	other				3217985	1	3084	2	0	3000
Picture	10	other				3257990	1	3084	2	0	3000
Picture	21	other				3296245	1	3083	2	0	3000
Picture	11	other				3330916	1	3083	2	0	3000
Picture	11	other				3366837	1	3083	3	0	3000
Picture	21	other				3405258	1	3084	2	0	3000
Picture	20	other				3436679	1	3084	2	0	3000
Picture	11	other				3471016	2	3084	3	0	3000
Picture	10	other				3502604	1	3083	2	0	3000
Picture	21	other				3541859	1	3083	2	0	3000
Picture	10	other				3574779	1	3084	2	0	3000
Picture	20	other				3605867	1	3083	2	0	3000
Picture	10	other				3642371	1	3084	2	0	3000
Picture	21	other				3674042	1	3083	3	0	3000
Picture	20	other				3706296	1	3083	2	0	3000
Picture	11	other				3739633	1	3084	2	0	3000
Picture	21	other				3768970	1	3084	2	0	3000
Picture	11	other				3804641	1	3084	2	0	3000
Picture	10	other				3844730	1	3083	2	0	3000
Picture	21	other				3880151	1	3083	2	0	3000
Picture	10	other				3916822	1	3084	2	0	3000
Picture	11	other				3951493	1	3084	2	0	3000
Picture	20	other				3983247	1	3084	2	0	3000
Picture	20	other				4019918	1	3084	2	0	3000
Picture	11	other				4056923	1	3083	3	0	3000
Picture	11	other				4091927	1	3084	2	0	3000
Picture	20	other				4126348	1	3084	2	0	3000
Picture	11	other				4164353	1	3082	7	0	3000
Picture	10	other				4200774	1	3084	2	0	3000
Picture	11	other				4240529	1	3084	2	0	3000
Picture	20	other				4276950	1	3084	2	0	3000
Picture	10	other				4307121	1	3083	2	0	3000
Picture	20	other				4337458	1	3083	2	0	3000
Picture	11	other				4374212	1	3084	2	0	3000
Picture	20	other				4409300	1	3084	2	0	3000
Picture	20	other				4441387	1	3084	2	0	3000
Picture	10	other				4480142	1	3084	2	0	3000
Picture	20	other				4514813	1	3084	2	0	3000
Picture	11	other				4553985	1	3083	2	0	3000
Picture	20	other				4590656	1	3084	2	0	3000
Picture	20	other				4630494	1	3084	2	0	3000
Picture	21	other				4664248	2	3084	3	0	3000
Picture	11	other				4702337	1	3083	2	0	3000
Picture	11	other				4739925	1	3083	2	0	3000
Picture	21	other				4775846	1	3083	2	0	3000
Picture	21	other				4811683	2	3084	3	0	3000
Picture	21	other				4851022	1	3083	2	0	3000
Picture	20	other				4889360	1	3084	2	0	3000
Picture	20	other				4920364	1	3083	2	0	3000
Picture	11	other				4954451	1	3084	2	0	3000
Picture	21	other				4988289	1	3084	2	0	3000
Picture	21	other				5019209	1	3084	2	0	3000
Picture	21	other				5052880	1	3084	2	0	3000
Picture	10	other				5091552	1	3083	2	0	3000
Picture	10	other				5126056	1	3084	2	0	3000
Picture	10	other				5154976	1	3084	2	0	3000
Picture	11	other				6905444	2	3084	3	0	3000
Picture	10	other				6942782	2	3084	3	0	3000
Picture	11	other				6971369	1	3084	2	0	3000
Picture	21	other				7007707	1	3084	2	0	3000
Picture	11	other				7047295	2	3084	3	0	3000
Picture	20	other				7082133	1	3084	2	0	3000
Picture	11	other				7112470	1	3084	2	0	3000
Picture	10	other				7141724	1	3084	2	0	3000
Picture	10	other				7180895	2	3084	3	0	3000
Picture	20	other				7220067	1	3084	2	0	3000
Picture	20	other				7259905	1	3084	2	0	3000
Picture	10	other				7290326	1	3083	3	0	3000
Picture	10	other				7327914	1	3083	3	0	3000
Picture	20	other				7356834	1	3084	2	0	3000
Picture	20	other				7386504	1	3084	2	0	3000
Picture	21	other				7421675	2	3084	3	0	3000
Picture	21	other				7459930	1	3084	2	0	3000
Picture	10	other				7499435	1	3084	2	0	3000
Picture	10	other				7528939	1	3084	2	0	3000
Picture	10	other				7567777	1	3084	2	0	3000
Picture	11	other				7596281	1	3083	2	0	3000
Picture	21	other				7635785	2	3084	3	0	3000
Picture	20	other				7672790	1	3084	2	0	3000
Picture	20	other				7708628	1	3084	2	0	3000
Picture	10	other				7744966	1	3083	2	0	3000
Picture	10	other				7775053	1	3084	2	0	3000
Picture	20	other				7812391	1	3084	2	0	3000
Picture	11	other				7852146	1	3083	3	0	3000
Picture	11	other				7890150	2	3084	3	0	3000
Picture	11	other				7928739	1	3083	2	0	3000
Picture	21	other				7966993	1	3084	2	0	3000
Picture	21	other				7998331	1	3083	2	0	3000
Picture	10	other				8027251	1	3084	2	0	3000
Picture	11	other				8066256	1	3083	3	0	3000
Picture	21	other				8095176	1	3084	2	0	3000
Picture	10	other				8126430	1	3084	2	0	3000
Picture	20	other				8165018	1	3084	2	0	3000
Picture	20	other				8195439	1	3083	2	0	3000
Picture	21	other				8230443	1	3084	2	0	3000
Picture	11	other				8264030	2	3084	3	0	3000
Picture	11	other				8297535	1	3083	2	0	3000
Picture	20	other				8331122	1	3084	2	0	3000
Picture	21	other				8364293	1	3084	2	0	3000
Picture	20	other				8392880	1	3084	2	0	3000
Picture	21	other				8428134	1	3084	2	0	3000
Picture	10	other				8456804	2	3084	3	0	3000
Picture	11	other				8494642	2	3084	3	0	3000
Picture	11	other				8527480	1	3084	2	0	3000
Picture	10	other				8566818	1	3084	2	0	3000
Picture	21	other				8598572	1	3084	2	0	3000
Picture	20	other				8630159	1	3084	2	0	3000
Picture	10	other				8669248	1	3083	2	0	3000
Picture	21	other				8704919	1	3083	2	0	3000
Picture	20	other				8733422	1	3084	2	0	3000
Picture	10	other				8772177	1	3084	2	0	3000
Picture	10	other				8802264	1	3084	2	0	3000
Picture	20	other				8835185	1	3084	2	0	3000
Picture	11	other				8868856	1	3084	2	0	3000
Picture	21	other				8900526	2	3084	3	0	3000
Picture	21	other				8938948	1	3084	2	0	3000
Picture	21	other				8969368	1	3084	2	0	3000
Picture	10	other				9006456	1	3084	2	0	3000
Picture	11	other				9036210	1	3084	2	0	3000
Picture	21	other				9066380	2	3084	3	0	3000
Picture	21	other				9103052	1	3083	2	0	3000
Picture	11	other				9141140	1	3083	2	0	3000
Picture	10	other				9175644	1	3084	2	0	3000
Picture	21	other				9204981	1	3084	2	0	3000
Picture	20	other				9238152	1	3084	2	0	3000
Picture	20	other				9276823	1	3084	2	0	3000
Picture	20	other				9310994	1	3084	2	0	3000
Picture	10	other				9344082	1	3083	2	0	3000
Picture	11	other				9372419	1	3083	2	0	3000
Picture	10	other				9411507	1	3083	3	0	3000
Picture	10	other				9451262	1	3083	2	0	3000
Picture	11	other				9483932	2	3084	3	0	3000
Picture	20	other				9513269	2	3084	3	0	3000
Picture	21	other				9549524	1	3084	2	0	3000
Picture	20	other				9579778	1	3083	2	0	3000
Picture	10	other				9609031	1	3084	2	0	3000
Picture	20	other				9644869	1	3084	2	0	3000
Picture	21	other				9680624	1	3083	2	0	3000
Picture	20	other				9715711	1	3084	2	0	3000
Picture	11	other				9749716	1	3083	2	0	3000
Picture	10	other				9782803	1	3084	2	0	3000
Picture	20	other				9822308	1	3084	2	0	3000
Picture	10	other				9858062	2	3084	3	0	3000
Picture	21	other				9886649	1	3084	2	0	3000
Picture	21	other				9922987	1	3084	2	0	3000
Picture	11	other				9962659	1	3084	2	0	3000
Picture	20	other				9997830	1	3084	2	0	3000
Picture	20	other				10034418	1	3083	2	0	3000
Picture	20	other				10063588	1	3084	2	0	3000
Picture	21	other				10093675	1	3084	2	0	3000
Picture	11	other				10131180	1	3083	3	0	3000
Picture	11	other				10162350	1	3084	2	0	3000
Picture	21	other				10201855	1	3084	2	0	3000
Picture	20	other				10233109	1	3084	2	0	3000
Picture	10	other				10264446	1	3084	2	0	3000
Picture	10	other				10304201	1	3084	2	0	3000
Picture	10	other				10333705	1	3084	2	0	3000
Picture	21	other				10366459	1	3084	2	0	3000
Picture	20	other				10397213	1	3084	2	0	3000
Picture	21	other				10434218	1	3083	2	0	3000
Picture	10	other				10464805	1	3083	2	0	3000
Picture	10	other				10495809	1	3083	2	0	3000
Picture	11	other				10527979	1	3084	2	0	3000
Picture	11	other				10556399	2	3084	3	0	3000
Picture	20	other				10588070	1	3084	2	0	3000
Picture	20	other				10616824	1	3083	2	0	3000
Picture	10	other				10653995	1	3084	2	0	3000
Picture	21	other				10693250	1	3084	2	0	3000
Picture	20	other				10726171	1	3083	2	0	3000
Picture	20	other				10754674	1	3084	2	0	3000
Picture	21	other				10783678	1	3083	3	0	3000
Picture	21	other				10820016	1	3083	2	0	3000
Picture	20	other				10848436	1	3084	2	0	3000
Picture	20	other				10879023	1	3084	2	0	3000
Picture	20	other				10916361	1	3084	2	0	3000
Picture	10	other				10944614	2	3084	3	0	3000
Picture	10	other				10974868	1	3084	2	0	3000
Picture	20	other				11007372	1	3084	2	0	3000
Picture	11	other				11047127	1	3084	2	0	3000
Picture	11	other				11080715	1	3083	3	0	3000
Picture	11	other				11109635	1	3084	2	0	3000
Picture	11	other				11141389	1	3084	2	0	3000
Picture	11	other				11179144	1	3083	2	0	3000
Picture	10	other				11211231	1	3084	2	0	3000
Picture	20	other				11245152	1	3084	2	0	3000
Picture	20	other				11274239	1	3084	2	0	3000
Picture	11	other				11303326	1	3084	2	0	3000
Picture	10	other				11341247	1	3084	2	0	3000
Picture	11	other				11374751	2	3084	3	0	3000
Picture	10	other				11411339	1	3084	2	0	3000
Picture	10	other				11451011	1	3084	2	0	3000
Picture	21	other				11480681	1	3084	2	0	3000
Picture	21	other				11511685	1	3084	2	0	3000
Picture	20	other				11548190	1	3083	2	0	3000
Picture	10	other				11577777	1	3083	3	0	3000
Picture	10	other				11608531	1	3083	2	0	3000
Picture	11	other				11645118	2	3084	3	0	3000
Picture	10	other				11683373	1	3084	2	0	3000
Picture	20	other				11719794	2	3084	3	0	3000
Picture	10	other				11758633	1	3083	2	0	3000
Picture	20	other				11798138	1	3083	2	0	3000
Picture	11	other				11827891	1	3084	2	0	3000
Picture	11	other				11867063	1	3083	3	0	3000
Picture	11	other				11902567	1	3084	2	0	3000
Picture	11	other				11938488	1	3084	2	0	3000
Picture	10	other				11969409	1	3084	2	0	3000
