Scenario - GO/NO-GO
Logfile written - 08/28/2012 10:52:19

Subject	Trial	Event Type	Code	Time	TTime	Uncertainty	Duration	Uncertainty	ReqTime	ReqDur	Stim Type	Pair Index

DG	2	Picture	22	167	0	1	3084	2	0	3000	hit	2
DG	2	Response	1	6192	6025	1
DG	3	Picture	22	8502	0	1	3083	2	0	3000	hit	4
DG	3	Response	1	16661	8159	1
DG	4	Picture	22	17836	0	1	3084	2	0	3000	hit	6
DG	4	Response	1	23536	5700	1
DG	5	Picture	33	26837	0	1	3084	2	0	3000	miss	0
DG	6	Picture	22	35088	0	1	3084	2	0	3000	hit	9
DG	6	Response	1	39786	4698	1
DG	7	Picture	22	43839	0	1	3084	2	0	3000	hit	11
DG	7	Response	1	48380	4541	1
DG	8	Picture	22	52757	0	1	3084	2	0	3000	hit	13
DG	8	Response	1	59786	7029	1
DG	9	Picture	22	63425	0	1	3084	2	0	3000	hit	15
DG	9	Response	1	69317	5892	1
DG	10	Picture	22	71593	0	1	3084	2	0	3000	hit	17
DG	10	Response	1	76661	5068	1
DG	11	Picture	33	80844	0	1	3084	2	0	3000	miss	0
DG	12	Picture	22	89345	0	1	3084	2	0	3000	hit	20
DG	12	Response	1	92754	3409	2
DG	13	Picture	22	98763	0	1	3084	2	0	3000	hit	22
DG	13	Response	1	102286	3523	1
DG	14	Picture	22	107514	0	1	3084	2	0	3000	hit	24
DG	14	Response	1	111036	3522	1
DG	15	Picture	22	116182	0	1	3083	2	0	3000	hit	26
DG	15	Response	1	120411	4229	1
DG	16	Picture	22	124599	0	2	3084	3	0	3000	hit	28
DG	16	Response	1	129004	4405	1
DG	17	Picture	33	134184	0	1	3084	2	0	3000	miss	0
DG	18	Picture	22	145019	0	1	3083	2	0	3000	hit	31
DG	18	Response	1	148535	3516	2
DG	19	Picture	22	154020	0	1	3083	3	0	3000	hit	33
DG	19	Response	1	157441	3421	2
DG	20	Picture	22	162187	0	2	3084	3	0	3000	hit	35
DG	20	Response	1	165725	3538	1
DG	21	Picture	22	171855	0	1	3084	2	0	3000	hit	37
DG	21	Response	1	175566	3711	2
DG	22	Picture	22	182773	0	1	3084	2	0	3000	hit	39
DG	22	Response	1	187285	4512	2
DG	23	Picture	22	190941	0	1	3084	2	0	3000	hit	41
DG	23	Response	1	195879	4938	1
DG	24	Picture	22	201942	0	1	3084	2	0	3000	hit	43
DG	24	Response	1	206504	4562	1
DG	25	Picture	33	212860	0	2	3084	3	0	3000	miss	0
DG	26	Picture	22	223778	0	2	3084	3	0	3000	hit	46
DG	26	Response	1	226817	3039	1
DG	27	Picture	22	234363	0	1	3084	2	0	3000	hit	48
DG	27	Response	1	237129	2766	1
DG	28	Picture	22	244198	0	1	3083	2	0	3000	hit	50
DG	28	Response	1	247129	2931	1
DG	29	Picture	22	252365	0	1	3084	2	0	3000	hit	52
DG	29	Response	1	257285	4920	1
DG	30	Picture	22	263283	0	1	3084	2	0	3000	hit	54
DG	30	Response	1	268847	5564	2
DG	31	Picture	22	273035	0	1	3083	2	0	3000	hit	56
DG	31	Response	1	277285	4250	1
DG	32	Picture	22	283036	0	1	3084	2	0	3000	hit	58
DG	32	Response	1	286973	3937	1
DG	33	Picture	33	292620	0	1	3084	2	0	3000	hit	60
DG	33	Response	1	296191	3571	1
DG	34	Picture	22	301121	0	2	3084	3	0	3000	hit	62
DG	34	Response	1	305254	4133	1
DG	35	Picture	22	311539	0	1	3084	2	0	3000	hit	64
DG	35	Response	1	315097	3558	1
DG	36	Picture	22	322624	0	1	3084	2	0	3000	hit	66
DG	36	Response	1	326347	3723	1
DG	37	Picture	33	333375	0	2	3084	3	0	3000	miss	0
DG	38	Picture	22	344127	0	1	3083	3	0	3000	hit	69
DG	38	Response	1	347597	3470	1
DG	39	Picture	22	353378	0	1	3084	2	0	3000	hit	71
DG	39	Response	1	357441	4063	1
DG	40	Picture	22	363212	0	2	3084	3	0	3000	hit	73
DG	40	Response	1	366816	3604	1
DG	41	Picture	22	371880	0	1	3084	2	0	3000	hit	75
DG	41	Response	1	377597	5717	1
DG	42	Picture	22	382048	0	1	3084	2	0	3000	hit	77
DG	42	Response	1	386347	4299	1
DG	43	Picture	33	392966	0	1	3084	2	0	3000	miss	0
DG	44	Picture	22	403884	0	1	3084	2	0	3000	hit	80
DG	44	Response	1	407597	3713	1
DG	45	Picture	22	413052	0	1	3084	2	0	3000	hit	82
DG	45	Response	1	416660	3608	1
DG	46	Picture	22	422053	0	1	3084	2	0	3000	hit	84
DG	46	Response	1	425726	3673	1
DG	47	Picture	22	430137	0	2	3084	3	0	3000	hit	86
DG	47	Response	1	434785	4648	1
DG	48	Picture	22	440805	0	2	3084	3	0	3000	hit	88
DG	48	Response	1	445878	5073	1
DG	49	Picture	33	451723	0	2	3084	3	0	3000	miss	0
DG	50	Picture	22	461391	0	1	3084	2	0	3000	hit	91
DG	50	Response	1	464784	3393	1
DG	51	Picture	22	471143	0	1	3083	2	0	3000	hit	93
DG	51	Response	1	475878	4735	1
DG	52	Picture	22	480227	0	1	3084	2	0	3000	hit	95
DG	52	Response	1	485097	4870	1
DG	53	Picture	22	488478	0	1	3084	2	0	3000	miss	0
DG	54	Picture	22	498563	0	1	3083	2	0	3000	hit	98
DG	54	Response	1	500877	2314	2
DG	55	Picture	22	508314	0	1	3084	2	0	3000	hit	100
DG	55	Response	1	511346	3032	2
DG	56	Picture	22	517398	0	1	3084	2	0	3000	hit	102
DG	56	Response	1	521815	4417	1
DG	57	Picture	33	528066	0	1	3084	2	0	3000	miss	0
DG	58	Picture	22	538568	0	1	3083	2	0	3000	hit	105
DG	58	Response	1	541815	3247	1
DG	59	Picture	22	546985	0	1	3084	2	0	3000	hit	107
DG	59	Response	1	550877	3892	1
DG	60	Picture	22	557987	0	1	3083	3	0	3000	hit	109
DG	60	Response	1	561659	3672	1
DG	61	Picture	22	566738	0	1	3084	2	0	3000	hit	111
DG	61	Response	1	572440	5702	1
DG	62	Picture	22	576156	0	1	3083	2	0	3000	hit	113
DG	62	Response	1	582596	6440	1
DG	63	Picture	22	584573	0	1	3084	2	0	3000	miss	0
DG	64	Picture	22	593158	0	1	3083	3	0	3000	hit	116
DG	64	Response	1	593846	688	1
DG	65	Picture	33	602409	0	1	3084	2	0	3000	miss	0
DG	66	Picture	22	612410	0	1	3084	2	0	3000	hit	119
DG	66	Response	1	615723	3313	1
DG	67	Picture	22	622911	0	2	3084	3	0	3000	hit	121
DG	67	Response	1	625564	2653	2
DG	68	Picture	22	633413	0	1	3084	2	0	3000	hit	123
DG	68	Response	1	636346	2933	1
DG	69	Picture	22	644164	0	1	3084	2	0	3000	hit	125
DG	69	Response	1	647127	2963	1
DG	70	Picture	22	652915	0	1	3084	2	0	3000	hit	127
DG	70	Response	1	657283	4368	1
DG	71	Picture	33	661250	0	1	3083	2	0	3000	miss	0
DG	72	Picture	22	669417	0	1	3084	2	0	3000	hit	130
DG	72	Response	1	674627	5210	1
DG	73	Picture	33	679252	0	1	3084	2	0	3000	hit	132
DG	73	Response	1	682908	3656	1
DG	74	Picture	22	688170	0	1	3083	2	0	3000	hit	134
DG	74	Response	1	695252	7082	1
DG	75	Picture	33	698588	0	1	3083	2	0	3000	miss	0
DG	76	Picture	22	708089	0	1	3083	3	0	3000	hit	137
DG	76	Response	1	711658	3569	1
DG	77	Picture	22	717423	0	1	3084	2	0	3000	hit	139
DG	77	Response	1	722908	5485	1
DG	78	Picture	22	726924	0	2	3084	3	0	3000	hit	141
DG	78	Response	1	731189	4265	1
DG	79	Picture	33	737842	0	2	3084	3	0	3000	miss	0
DG	80	Picture	22	747510	0	1	3084	2	0	3000	hit	144
DG	80	Response	1	749939	2429	1
DG	81	Picture	33	757512	0	1	3083	2	0	3000	hit	146
DG	81	Response	1	760564	3052	1
DG	82	Picture	22	766013	0	1	3083	2	0	3000	miss	0
DG	83	Picture	33	775097	0	1	3084	2	0	3000	hit	149
DG	83	Response	1	776345	1248	1
DG	84	Picture	22	784098	0	1	3084	2	0	3000	hit	151
DG	84	Response	1	788845	4747	1
DG	85	Picture	22	792433	0	1	3083	2	0	3000	hit	153
DG	85	Response	1	801033	8600	1
DG	86	Picture	22	802517	0	1	3084	2	0	3000	miss	0
DG	87	Picture	22	813185	0	1	3084	2	0	3000	hit	156
DG	87	Response	1	817283	4098	1
DG	88	Picture	22	824187	0	1	3083	2	0	3000	hit	158
DG	88	Response	1	829314	5127	1
DG	89	Picture	33	834855	0	1	3083	2	0	3000	miss	0
DG	90	Picture	22	844022	0	1	3084	2	0	3000	hit	161
DG	90	Response	1	847595	3573	1
DG	91	Picture	22	854774	0	1	3083	2	0	3000	hit	163
DG	91	Response	1	861813	7039	2
DG	92	Picture	22	864858	0	1	3084	2	0	3000	hit	165
DG	92	Response	1	869782	4924	1
DG	93	Picture	22	875026	0	1	3084	2	0	3000	hit	167
DG	93	Response	1	881188	6162	2
DG	94	Picture	22	885361	0	1	3084	2	0	3000	hit	169
DG	94	Response	1	890095	4734	1
DG	95	Picture	33	893612	0	1	3084	2	0	3000	miss	0
DG	96	Picture	22	903280	0	1	3083	3	0	3000	hit	172
DG	96	Response	1	907126	3846	1
DG	97	Picture	22	913698	0	1	3083	2	0	3000	hit	174
DG	97	Response	1	918064	4366	1
DG	98	Picture	22	923616	0	1	3083	2	0	3000	hit	176
DG	98	Response	1	929157	5541	1
DG	99	Picture	22	934034	0	1	3083	2	0	3000	hit	178
DG	99	Response	1	939001	4967	2
DG	100	Picture	22	943118	0	1	3084	2	0	3000	hit	180
DG	100	Response	1	951188	8070	1
DG	101	Picture	22	953703	0	1	3083	2	0	3000	miss	0
DG	102	Picture	22	962370	0	2	3084	3	0	3000	hit	183
DG	102	Response	1	965875	3505	2
DG	103	Picture	33	971205	0	1	3084	2	0	3000	hit	185
DG	103	Response	1	980251	9046	1
DG	104	Picture	22	980873	0	1	3083	3	0	3000	miss	0
DG	105	Picture	22	989540	0	2	3084	3	0	3000	hit	188
DG	105	Response	1	995563	6023	1
DG	106	Picture	22	998708	0	1	3084	2	0	3000	hit	190
DG	106	Response	1	1005563	6855	1
DG	107	Picture	22	1009710	0	1	3083	2	0	3000	hit	192
DG	107	Response	1	1014313	4603	1
DG	108	Picture	22	1018877	0	2	3084	3	0	3000	hit	194
DG	108	Response	1	1027594	8717	1
DG	109	Picture	33	1029462	0	1	3084	2	0	3000	miss	0
DG	110	Picture	22	1039463	0	1	3084	2	0	3000	hit	197
DG	110	Response	1	1043375	3912	1
DG	111	Picture	22	1050381	0	1	3084	2	0	3000	hit	199
DG	111	Response	1	1055407	5026	1
DG	112	Picture	22	1059633	0	1	3083	2	0	3000	hit	201
DG	112	Response	1	1064156	4523	2
DG	113	Picture	33	1068884	0	1	3083	2	0	3000	miss	0
DG	114	Picture	22	1079302	0	1	3083	2	0	3000	hit	204
DG	114	Response	1	1083063	3761	1
DG	115	Picture	22	1089886	0	1	3084	2	0	3000	hit	206
DG	115	Response	1	1094000	4114	2
DG	116	Picture	22	1098137	0	1	3084	2	0	3000	miss	0
DG	117	Picture	22	1109139	0	1	3083	2	0	3000	hit	209
DG	117	Response	1	1110722	1583	1
DG	117	Response	1	1114938	5799	1
DG	118	Picture	22	1117973	0	1	3084	2	0	3000	hit	212
DG	118	Response	1	1121969	3996	1
DG	119	Picture	33	1127641	0	1	3084	2	0	3000	miss	0
DG	120	Picture	22	1136392	0	1	3084	2	0	3000	hit	215
DG	120	Response	1	1142906	6514	1
DG	121	Picture	22	1147227	0	1	3084	2	0	3000	hit	217
DG	121	Response	1	1154000	6773	1
DG	122	Picture	22	1156061	0	1	3084	2	0	3000	hit	219
DG	122	Response	1	1162125	6064	1
DG	123	Picture	22	1164312	0	1	3084	2	0	3000	hit	221
DG	123	Response	1	1169469	5157	1
DG	124	Picture	22	1175314	0	1	3083	2	0	3000	hit	223
DG	124	Response	1	1180250	4936	1
DG	125	Picture	22	1184315	0	1	3083	3	0	3000	hit	225
DG	125	Response	1	1189000	4685	1
DG	126	Picture	22	1194899	0	2	3084	3	0	3000	hit	227
DG	126	Response	1	1198843	3944	2
DG	127	Picture	33	1204234	0	1	3084	2	0	3000	miss	0
DG	128	Picture	22	1214235	0	1	3084	2	0	3000	hit	230
DG	128	Response	1	1217594	3359	1
DG	129	Picture	22	1224153	0	1	3084	2	0	3000	hit	232
DG	129	Response	1	1227750	3597	1
DG	130	Picture	22	1234571	0	1	3084	2	0	3000	hit	234
DG	130	Response	1	1238530	3959	2
DG	131	Picture	33	1245072	0	1	3084	2	0	3000	miss	0
DG	132	Picture	22	1254574	0	1	3083	2	0	3000	hit	237
DG	132	Response	1	1257437	2863	1
DG	133	Picture	22	1263491	0	1	3084	2	0	3000	hit	239
DG	133	Response	1	1268687	5196	1
DG	134	Picture	22	1273076	0	1	3084	2	0	3000	hit	241
DG	134	Response	1	1278218	5142	1
DG	135	Picture	33	1282494	0	1	3083	2	0	3000	miss	0
DG	136	Picture	22	1292495	0	1	3084	2	0	3000	hit	244
DG	136	Response	1	1297437	4942	1
DG	137	Picture	22	1300746	0	1	3084	2	0	3000	hit	246
DG	137	Response	1	1306500	5754	1
DG	138	Picture	22	1310164	0	1	3083	3	0	3000	hit	248
DG	138	Response	1	1314156	3992	1
DG	139	Picture	22	1318498	0	1	3084	2	0	3000	hit	250
DG	139	Response	1	1322437	3939	1
DG	140	Picture	22	1326833	0	1	3083	2	0	3000	hit	252
DG	140	Response	1	1330874	4041	1
DG	141	Picture	22	1337084	0	1	3083	3	0	3000	hit	254
DG	141	Response	1	1341343	4259	1
DG	142	Picture	22	1348002	0	1	3084	2	0	3000	hit	256
DG	142	Response	1	1352593	4591	1
DG	143	Picture	33	1356670	0	1	3083	2	0	3000	miss	0
DG	144	Picture	22	1367588	0	1	3083	2	0	3000	hit	259
DG	144	Response	1	1371499	3911	1
DG	145	Picture	22	1377589	0	1	3084	2	0	3000	hit	261
DG	145	Response	1	1381343	3754	1
DG	146	Picture	22	1387673	0	2	3084	3	0	3000	hit	263
DG	146	Response	1	1389311	1638	1
DG	147	Picture	22	1398508	0	1	3084	2	0	3000	hit	265
DG	147	Response	1	1401655	3147	1
DG	148	Picture	22	1408843	0	1	3083	3	0	3000	hit	267
DG	148	Response	1	1411811	2968	1
DG	149	Picture	33	1418927	0	1	3084	2	0	3000	hit	269
DG	149	Response	1	1421499	2572	1
DG	150	Picture	22	1429429	0	1	3083	2	0	3000	hit	271
DG	150	Response	1	1436186	6757	1
DG	151	Picture	22	1440430	0	1	3084	2	0	3000	hit	273
DG	151	Response	1	1444468	4038	1
DG	152	Picture	22	1450931	0	1	3084	2	0	3000	hit	275
DG	152	Response	1	1456030	5099	1
DG	153	Picture	22	1459266	0	1	3083	2	0	3000	hit	277
DG	153	Response	1	1465720	6454	1
DG	154	Picture	22	1468433	0	2	3084	3	0	3000	hit	279
DG	154	Response	1	1473061	4628	1
DG	155	Picture	22	1478185	0	1	3083	2	0	3000	hit	281
DG	155	Response	1	1486342	8157	1
DG	156	Picture	22	1488853	0	1	3083	2	0	3000	hit	283
DG	156	Response	1	1493373	4520	2
DG	157	Picture	33	1499937	0	2	3084	3	0	3000	miss	0
DG	158	Picture	22	1510105	0	1	3084	2	0	3000	hit	286
DG	158	Response	1	1514155	4050	1
DG	159	Picture	33	1519190	0	1	3084	2	0	3000	hit	288
DG	159	Response	1	1522436	3246	1
DG	160	Picture	22	1527274	0	1	3084	2	0	3000	hit	290
DG	160	Response	1	1532905	5631	1
DG	161	Picture	33	1535942	0	1	3084	2	0	3000	miss	0
DG	162	Picture	22	1544776	0	1	3084	2	0	3000	hit	293
DG	162	Response	1	1547592	2816	1
DG	163	Picture	22	1555694	0	1	3084	2	0	3000	hit	295
DG	163	Response	1	1560719	5025	1
DG	164	Picture	22	1564279	0	1	3083	3	0	3000	hit	297
DG	164	Response	1	1569154	4875	1
DG	165	Picture	22	1572696	0	2	3084	3	0	3000	hit	299
DG	165	Response	1	1576967	4271	1
DG	166	Picture	22	1580781	0	1	3084	2	0	3000	hit	301
DG	166	Response	1	1584779	3998	1
DG	167	Picture	33	1590449	0	1	3083	2	0	3000	miss	0
DG	168	Picture	22	1601283	0	1	3084	2	0	3000	hit	304
DG	168	Response	1	1604467	3184	1
DG	169	Picture	22	1610951	0	1	3084	2	0	3000	hit	306
DG	169	Response	1	1615248	4297	1
DG	170	Picture	22	1621203	0	1	3083	2	0	3000	hit	308
DG	170	Response	1	1624310	3107	1
DG	171	Picture	22	1630537	0	1	3084	2	0	3000	hit	310
DG	171	Response	1	1635560	5023	2
DG	172	Picture	22	1641205	0	1	3084	2	0	3000	hit	312
DG	172	Response	1	1645721	4516	1
DG	173	Picture	33	1650956	0	1	3084	2	0	3000	miss	0
DG	174	Picture	22	1659707	0	1	3084	2	0	3000	hit	315
DG	174	Response	1	1663060	3353	1
DG	175	Picture	22	1667958	0	1	3084	2	0	3000	hit	317
DG	175	Response	1	1672748	4790	1
DG	176	Picture	22	1677793	0	1	3084	2	0	3000	hit	319
DG	176	Response	1	1683373	5580	1
DG	177	Picture	33	1688294	0	1	3084	2	0	3000	miss	0
DG	178	Picture	22	1698212	0	1	3084	2	0	3000	hit	322
DG	178	Response	1	1701342	3130	1
DG	179	Picture	33	1706380	0	1	3084	2	0	3000	hit	324
DG	179	Response	1	1710404	4024	1
DG	180	Picture	22	1717214	0	2	3084	3	0	3000	hit	326
DG	180	Response	1	1723216	6002	1
DG	181	Picture	33	1725716	0	1	3083	2	0	3000	miss	0
DG	182	Picture	22	1735633	0	2	3084	3	0	3000	hit	329
DG	182	Response	1	1739622	3989	1
DG	183	Picture	22	1745218	0	1	3084	2	0	3000	hit	331
DG	183	Response	1	1752122	6904	1
DG	184	Picture	22	1754552	0	2	3084	3	0	3000	miss	0
DG	185	Picture	22	1762637	0	1	3084	2	0	3000	hit	334
DG	185	Response	1	1763372	735	2
DG	186	Picture	22	1773138	0	1	3084	2	0	3000	hit	336
DG	186	Response	1	1776810	3672	1
DG	187	Picture	22	1784056	0	1	3084	2	0	3000	hit	338
DG	187	Response	1	1789622	5566	2
DG	188	Picture	22	1792641	0	1	3083	2	0	3000	hit	340
DG	188	Response	1	1797591	4950	1
DG	189	Picture	33	1802808	0	2	3084	3	0	3000	miss	0
DG	190	Picture	22	1813310	0	1	3084	2	0	3000	hit	343
DG	190	Response	1	1816810	3500	1
DG	191	Picture	22	1821728	0	1	3083	2	0	3000	hit	345
DG	191	Response	1	1825717	3989	1
DG	192	Picture	22	1832646	0	1	3083	2	0	3000	hit	347
DG	192	Response	1	1837278	4632	1
DG	193	Picture	33	1843480	0	1	3084	2	0	3000	miss	0
DG	194	Picture	22	1851565	0	1	3083	2	0	3000	hit	350
DG	194	Response	1	1854778	3213	1
DG	195	Picture	22	1861566	0	1	3084	2	0	3000	hit	352
DG	195	Response	1	1867278	5712	1
DG	196	Picture	22	1870234	0	1	3083	2	0	3000	hit	354
DG	196	Response	1	1877122	6888	1
DG	197	Picture	33	1878318	0	1	3084	2	0	3000	miss	0
DG	198	Picture	22	1888903	0	1	3083	2	0	3000	hit	357
DG	198	Response	1	1893528	4625	1
DG	199	Picture	22	1897987	0	1	3084	2	0	3000	hit	359
DG	199	Response	1	1903216	5229	1
DG	200	Picture	22	1907655	0	1	3084	2	0	3000	miss	0
DG	201	Picture	22	1916156	0	1	3084	2	0	3000	hit	362
DG	201	Response	1	1919778	3622	1
DG	202	Picture	22	1926407	0	1	3084	2	0	3000	hit	364
DG	202	Response	1	1930419	4012	1
DG	203	Picture	33	1936658	0	2	3084	3	0	3000	miss	0
DG	204	Picture	22	1946160	0	1	3083	2	0	3000	hit	367
DG	204	Response	1	1949153	2993	1
DG	205	Picture	22	1955744	0	1	3084	2	0	3000	hit	369
DG	205	Response	1	1960403	4659	1
DG	206	Picture	22	1964412	0	1	3084	2	0	3000	hit	371
DG	206	Response	1	1969621	5209	1
DG	207	Picture	33	1975330	0	1	3084	2	0	3000	miss	0
DG	208	Picture	22	1983664	0	1	3084	2	0	3000	hit	374
DG	208	Response	1	1986809	3145	1
DG	209	Picture	22	1994416	0	1	3083	2	0	3000	hit	376
DG	209	Response	1	1997121	2705	1
DG	210	Picture	22	2004917	0	1	3084	2	0	3000	hit	378
DG	210	Response	1	2007902	2985	2
DG	211	Picture	22	2013751	0	2	3084	3	0	3000	hit	380
DG	211	Response	1	2017902	4151	2
DG	212	Picture	22	2024753	0	1	3084	2	0	3000	hit	382
DG	212	Response	1	2028996	4243	2
DG	213	Picture	22	2033421	0	1	3083	2	0	3000	hit	384
DG	213	Response	1	2037590	4169	1
DG	214	Picture	22	2042338	0	1	3084	2	0	3000	hit	386
DG	214	Response	1	2046652	4314	1
DG	215	Picture	33	2051173	0	1	3083	3	0	3000	miss	0
DG	216	Picture	22	2060257	0	1	3084	2	0	3000	hit	389
DG	216	Response	1	2063537	3280	1
DG	217	Picture	22	2070425	0	1	3084	2	0	3000	hit	391
DG	217	Response	1	2075402	4977	2
DG	218	Picture	22	2078926	0	1	3084	2	0	3000	hit	393
DG	218	Response	1	2083683	4757	2
DG	219	Picture	22	2087344	0	1	3084	2	0	3000	hit	395
DG	219	Response	1	2093840	6496	1
DG	220	Picture	22	2096595	0	1	3084	2	0	3000	hit	397
DG	220	Response	1	2103683	7088	1
DG	221	Picture	33	2107013	0	1	3084	2	0	3000	miss	0
DG	222	Picture	22	2117181	0	1	3084	2	0	3000	hit	400
DG	222	Response	1	2121496	4315	1
DG	223	Picture	22	2126182	0	1	3084	2	0	3000	hit	402
DG	223	Response	1	2131652	5470	1
DG	224	Picture	22	2134850	0	1	3084	2	0	3000	miss	0
DG	225	Picture	22	2143101	0	1	3084	2	0	3000	hit	405
DG	225	Response	1	2144621	1520	1
DG	225	Response	1	2149308	6207	1
DG	226	Picture	22	2154102	0	1	3084	2	0	3000	hit	408
DG	226	Response	1	2158683	4581	1
DG	227	Picture	33	2164604	0	1	3083	2	0	3000	miss	0
DG	228	Picture	22	2174855	0	1	3084	2	0	3000	hit	411
DG	228	Response	1	2181808	6953	1
DG	229	Picture	22	2185690	0	1	3083	2	0	3000	hit	413
DG	229	Response	1	2189776	4086	2
DG	230	Picture	22	2195691	0	1	3083	3	0	3000	hit	415
DG	230	Response	1	2198839	3148	1
DG	231	Picture	33	2204859	0	1	3083	2	0	3000	miss	0
DG	232	Picture	22	2213610	0	1	3083	2	0	3000	hit	418
DG	232	Response	1	2218370	4760	1
DG	233	Picture	22	2222861	0	1	3084	2	0	3000	hit	420
DG	233	Response	1	2227120	4259	1
DG	234	Picture	22	2231445	0	1	3084	2	0	3000	hit	422
DG	234	Response	1	2236339	4894	1
DG	235	Picture	22	2241280	0	1	3083	3	0	3000	hit	424
DG	235	Response	1	2246808	5528	1
DG	236	Picture	22	2251364	0	1	3084	2	0	3000	hit	426
DG	236	Response	1	2255245	3881	2
DG	237	Picture	22	2259782	0	1	3084	2	0	3000	hit	428
DG	237	Response	1	2265718	5936	1
DG	238	Picture	22	2268200	0	1	3084	2	0	3000	hit	430
DG	238	Response	1	2272589	4389	1
DG	239	Picture	33	2276451	0	1	3084	2	0	3000	miss	0
DG	240	Picture	22	2286952	0	1	3084	2	0	3000	hit	433
DG	240	Response	1	2290557	3605	2
DG	241	Picture	22	2295120	0	1	3084	2	0	3000	hit	435
DG	241	Response	1	2299932	4812	2
DG	242	Picture	22	2303454	0	1	3084	2	0	3000	hit	437
DG	242	Response	1	2308839	5385	1
DG	243	Picture	22	2312122	0	1	3084	2	0	3000	miss	0
DG	244	Picture	22	2320540	0	1	3083	2	0	3000	hit	440
DG	244	Response	1	2323214	2674	1
DG	245	Picture	33	2329541	0	1	3083	3	0	3000	hit	442
DG	245	Response	1	2332745	3204	1
DG	246	Picture	22	2340542	0	1	3084	2	0	3000	hit	444
DG	246	Response	1	2346031	5489	1
DG	247	Picture	22	2350710	0	1	3084	2	0	3000	hit	446
DG	247	Response	1	2354932	4222	1
DG	248	Picture	22	2360961	0	1	3084	2	0	3000	hit	448
DG	248	Response	1	2366030	5069	1
DG	249	Picture	33	2369962	0	2	3084	3	0	3000	miss	0
DG	250	Picture	22	2378297	0	1	3084	2	0	3000	hit	451
DG	250	Response	1	2383370	5073	1
DG	251	Picture	22	2386881	0	1	3084	2	0	3000	miss	0
DG	252	Picture	22	2396632	0	2	3084	3	0	3000	hit	454
DG	252	Response	1	2400089	3457	1
DG	253	Picture	33	2405134	0	1	3083	2	0	3000	miss	0
DG	254	Picture	22	2414385	0	1	3083	2	0	3000	hit	457
DG	254	Response	1	2416963	2578	1
DG	255	Picture	22	2425136	0	1	3084	2	0	3000	hit	459
DG	255	Response	1	2428994	3858	1
DG	256	Picture	22	2434387	0	1	3084	2	0	3000	hit	461
DG	256	Response	1	2438838	4451	1
DG	257	Picture	22	2442972	0	1	3083	2	0	3000	hit	463
DG	257	Response	1	2446807	3835	1
DG	258	Picture	22	2453723	0	1	3084	2	0	3000	hit	465
DG	258	Response	1	2458682	4959	1
DG	259	Picture	22	2462807	0	1	3084	2	0	3000	hit	467
DG	259	Response	1	2468525	5718	2
DG	260	Picture	22	2473059	0	1	3083	2	0	3000	hit	469
DG	260	Response	1	2477119	4060	2
DG	261	Picture	33	2484060	0	1	3084	2	0	3000	miss	0
DG	262	Picture	22	2494478	0	1	3084	2	0	3000	hit	472
DG	262	Response	1	2497900	3422	1
DG	263	Picture	22	2504646	0	1	3084	2	0	3000	hit	474
DG	263	Response	1	2510400	5754	2
DG	264	Picture	22	2513147	0	1	3084	2	0	3000	hit	476
DG	264	Response	1	2519776	6629	1
DG	265	Picture	22	2521981	0	2	3084	3	0	3000	hit	478
DG	265	Response	1	2528994	7013	1
DG	266	Picture	22	2532566	0	1	3084	2	0	3000	hit	480
DG	266	Response	1	2537588	5022	1
DG	267	Picture	33	2543234	0	1	3084	2	0	3000	miss	0
DG	268	Picture	22	2553569	0	1	3083	2	0	3000	hit	483
DG	268	Response	1	2558213	4644	1
DG	269	Picture	22	2563820	0	1	3084	2	0	3000	hit	485
DG	269	Response	1	2567275	3455	1
DG	270	Picture	22	2573488	0	1	3084	2	0	3000	hit	487
DG	270	Response	1	2576181	2693	1
DG	271	Picture	22	2584489	0	1	3084	2	0	3000	hit	489
DG	271	Response	1	2588682	4193	1
DG	272	Picture	22	2593824	0	1	3083	2	0	3000	hit	491
DG	272	Response	1	2599775	5951	1
DG	273	Picture	33	2603658	0	1	3084	2	0	3000	miss	0
DG	274	Picture	22	2612076	0	1	3084	2	0	3000	hit	494
DG	274	Response	1	2616025	3949	1
DG	275	Picture	22	2621744	0	1	3084	2	0	3000	hit	496
DG	275	Response	1	2624775	3031	1
DG	276	Picture	22	2630328	0	1	3084	2	0	3000	hit	498
DG	276	Response	1	2634619	4291	1
DG	277	Picture	33	2640913	0	1	3084	2	0	3000	miss	0
DG	278	Picture	22	2649664	0	1	3084	2	0	3000	hit	501
DG	278	Response	1	2652119	2455	1
DG	279	Picture	22	2660749	0	1	3083	2	0	3000	hit	503
DG	279	Response	1	2664462	3713	2
DG	280	Picture	22	2671000	0	1	3084	2	0	3000	hit	505
DG	280	Response	1	2675713	4713	1
DG	281	Picture	22	2680835	0	1	3083	2	0	3000	hit	507
DG	281	Response	1	2685243	4408	1
DG	282	Picture	22	2688919	0	1	3084	2	0	3000	hit	509
DG	282	Response	1	2693681	4762	1
DG	283	Picture	33	2697170	0	1	3084	2	0	3000	miss	0
DG	284	Picture	22	2707755	0	1	3083	2	0	3000	hit	512
DG	284	Response	1	2712274	4519	2
DG	285	Picture	22	2718089	0	1	3084	2	0	3000	hit	514
DG	285	Response	1	2723368	5279	1
DG	286	Picture	22	2728507	0	1	3084	2	0	3000	hit	516
DG	286	Response	1	2732274	3767	1
DG	287	Picture	22	2737258	0	1	3084	2	0	3000	hit	518
DG	287	Response	1	2741180	3922	2
DG	288	Picture	22	2746676	0	1	3084	2	0	3000	hit	520
DG	288	Response	1	2750556	3880	1
DG	289	Picture	33	2757011	0	1	3083	2	0	3000	hit	522
DG	289	Response	1	2760087	3076	1
DG	290	Picture	22	2766429	0	1	3083	2	0	3000	hit	524
DG	290	Response	1	2770555	4126	1
DG	291	Picture	22	2776763	0	1	3084	2	0	3000	hit	526
DG	291	Response	1	2780087	3324	1
DG	292	Picture	22	2787681	0	1	3084	2	0	3000	hit	528
DG	292	Response	1	2791805	4124	1
DG	293	Picture	22	2797849	0	1	3084	2	0	3000	hit	530
DG	293	Response	1	2802274	4425	1
DG	294	Picture	22	2807767	0	1	3084	2	0	3000	hit	532
DG	294	Response	1	2813211	5444	2
DG	295	Picture	22	2816435	0	1	3083	3	0	3000	hit	534
DG	295	Response	1	2822743	6308	1
DG	296	Picture	22	2825103	0	1	3083	2	0	3000	hit	536
DG	296	Response	1	2831337	6234	1
DG	297	Picture	33	2836187	0	1	3084	2	0	3000	miss	0
DG	298	Picture	22	2845355	0	1	3084	2	0	3000	hit	539
DG	298	Response	1	2850555	5200	1
DG	299	Picture	33	2855690	0	1	3083	2	0	3000	miss	0
DG	300	Picture	22	2864941	0	1	3084	2	0	3000	hit	542
DG	300	Response	1	2868992	4051	2
DG	301	Picture	22	2875109	0	1	3083	3	0	3000	hit	544
DG	301	Response	1	2879930	4821	1
DG	302	Picture	22	2883360	0	1	3083	3	0	3000	hit	546
DG	302	Response	1	2888524	5164	1
DG	303	Picture	22	2892694	0	1	3084	2	0	3000	hit	548
DG	303	Response	1	2896648	3954	2
DG	304	Picture	22	2903362	0	1	3084	2	0	3000	hit	550
DG	304	Response	1	2906961	3599	1
DG	305	Picture	22	2912113	0	1	3084	2	0	3000	hit	552
DG	305	Response	1	2917430	5317	1
DG	306	Picture	22	2920781	0	1	3084	2	0	3000	hit	554
DG	306	Response	1	2926805	6024	1
DG	307	Picture	33	2930866	0	1	3083	2	0	3000	miss	0


Event Type	Code	Type	Response	RT	RT Uncertainty	Time	Uncertainty	Duration	Uncertainty	ReqTime	ReqDur

Picture	22	hit	1	6025	2	167	1	3084	2	0	3000
Picture	22	hit	1	8159	2	8502	1	3083	2	0	3000
Picture	22	hit	1	5700	2	17836	1	3084	2	0	3000
Picture	33	miss				26837	1	3084	2	0	3000
Picture	22	hit	1	4698	2	35088	1	3084	2	0	3000
Picture	22	hit	1	4541	2	43839	1	3084	2	0	3000
Picture	22	hit	1	7029	2	52757	1	3084	2	0	3000
Picture	22	hit	1	5892	2	63425	1	3084	2	0	3000
Picture	22	hit	1	5068	2	71593	1	3084	2	0	3000
Picture	33	miss				80844	1	3084	2	0	3000
Picture	22	hit	1	3409	3	89345	1	3084	2	0	3000
Picture	22	hit	1	3523	2	98763	1	3084	2	0	3000
Picture	22	hit	1	3522	2	107514	1	3084	2	0	3000
Picture	22	hit	1	4229	2	116182	1	3083	2	0	3000
Picture	22	hit	1	4405	3	124599	2	3084	3	0	3000
Picture	33	miss				134184	1	3084	2	0	3000
Picture	22	hit	1	3516	3	145019	1	3083	2	0	3000
Picture	22	hit	1	3421	3	154020	1	3083	3	0	3000
Picture	22	hit	1	3538	3	162187	2	3084	3	0	3000
Picture	22	hit	1	3711	3	171855	1	3084	2	0	3000
Picture	22	hit	1	4512	3	182773	1	3084	2	0	3000
Picture	22	hit	1	4938	2	190941	1	3084	2	0	3000
Picture	22	hit	1	4562	2	201942	1	3084	2	0	3000
Picture	33	miss				212860	2	3084	3	0	3000
Picture	22	hit	1	3039	3	223778	2	3084	3	0	3000
Picture	22	hit	1	2766	2	234363	1	3084	2	0	3000
Picture	22	hit	1	2931	2	244198	1	3083	2	0	3000
Picture	22	hit	1	4920	2	252365	1	3084	2	0	3000
Picture	22	hit	1	5564	3	263283	1	3084	2	0	3000
Picture	22	hit	1	4250	2	273035	1	3083	2	0	3000
Picture	22	hit	1	3937	2	283036	1	3084	2	0	3000
Picture	33	hit	1	3571	2	292620	1	3084	2	0	3000
Picture	22	hit	1	4133	3	301121	2	3084	3	0	3000
Picture	22	hit	1	3558	2	311539	1	3084	2	0	3000
Picture	22	hit	1	3723	2	322624	1	3084	2	0	3000
Picture	33	miss				333375	2	3084	3	0	3000
Picture	22	hit	1	3470	2	344127	1	3083	3	0	3000
Picture	22	hit	1	4063	2	353378	1	3084	2	0	3000
Picture	22	hit	1	3604	3	363212	2	3084	3	0	3000
Picture	22	hit	1	5717	2	371880	1	3084	2	0	3000
Picture	22	hit	1	4299	2	382048	1	3084	2	0	3000
Picture	33	miss				392966	1	3084	2	0	3000
Picture	22	hit	1	3713	2	403884	1	3084	2	0	3000
Picture	22	hit	1	3608	2	413052	1	3084	2	0	3000
Picture	22	hit	1	3673	2	422053	1	3084	2	0	3000
Picture	22	hit	1	4648	3	430137	2	3084	3	0	3000
Picture	22	hit	1	5073	3	440805	2	3084	3	0	3000
Picture	33	miss				451723	2	3084	3	0	3000
Picture	22	hit	1	3393	2	461391	1	3084	2	0	3000
Picture	22	hit	1	4735	2	471143	1	3083	2	0	3000
Picture	22	hit	1	4870	2	480227	1	3084	2	0	3000
Picture	22	miss				488478	1	3084	2	0	3000
Picture	22	hit	1	2314	3	498563	1	3083	2	0	3000
Picture	22	hit	1	3032	3	508314	1	3084	2	0	3000
Picture	22	hit	1	4417	2	517398	1	3084	2	0	3000
Picture	33	miss				528066	1	3084	2	0	3000
Picture	22	hit	1	3247	2	538568	1	3083	2	0	3000
Picture	22	hit	1	3892	2	546985	1	3084	2	0	3000
Picture	22	hit	1	3672	2	557987	1	3083	3	0	3000
Picture	22	hit	1	5702	2	566738	1	3084	2	0	3000
Picture	22	hit	1	6440	2	576156	1	3083	2	0	3000
Picture	22	miss				584573	1	3084	2	0	3000
Picture	22	hit	1	688	2	593158	1	3083	3	0	3000
Picture	33	miss				602409	1	3084	2	0	3000
Picture	22	hit	1	3313	2	612410	1	3084	2	0	3000
Picture	22	hit	1	2653	4	622911	2	3084	3	0	3000
Picture	22	hit	1	2933	2	633413	1	3084	2	0	3000
Picture	22	hit	1	2963	2	644164	1	3084	2	0	3000
Picture	22	hit	1	4368	2	652915	1	3084	2	0	3000
Picture	33	miss				661250	1	3083	2	0	3000
Picture	22	hit	1	5210	2	669417	1	3084	2	0	3000
Picture	33	hit	1	3656	2	679252	1	3084	2	0	3000
Picture	22	hit	1	7082	2	688170	1	3083	2	0	3000
Picture	33	miss				698588	1	3083	2	0	3000
Picture	22	hit	1	3569	2	708089	1	3083	3	0	3000
Picture	22	hit	1	5485	2	717423	1	3084	2	0	3000
Picture	22	hit	1	4265	3	726924	2	3084	3	0	3000
Picture	33	miss				737842	2	3084	3	0	3000
Picture	22	hit	1	2429	2	747510	1	3084	2	0	3000
Picture	33	hit	1	3052	2	757512	1	3083	2	0	3000
Picture	22	miss				766013	1	3083	2	0	3000
Picture	33	hit	1	1248	2	775097	1	3084	2	0	3000
Picture	22	hit	1	4747	2	784098	1	3084	2	0	3000
Picture	22	hit	1	8600	2	792433	1	3083	2	0	3000
Picture	22	miss				802517	1	3084	2	0	3000
Picture	22	hit	1	4098	2	813185	1	3084	2	0	3000
Picture	22	hit	1	5127	2	824187	1	3083	2	0	3000
Picture	33	miss				834855	1	3083	2	0	3000
Picture	22	hit	1	3573	2	844022	1	3084	2	0	3000
Picture	22	hit	1	7039	3	854774	1	3083	2	0	3000
Picture	22	hit	1	4924	2	864858	1	3084	2	0	3000
Picture	22	hit	1	6162	3	875026	1	3084	2	0	3000
Picture	22	hit	1	4734	2	885361	1	3084	2	0	3000
Picture	33	miss				893612	1	3084	2	0	3000
Picture	22	hit	1	3846	2	903280	1	3083	3	0	3000
Picture	22	hit	1	4366	2	913698	1	3083	2	0	3000
Picture	22	hit	1	5541	2	923616	1	3083	2	0	3000
Picture	22	hit	1	4967	3	934034	1	3083	2	0	3000
Picture	22	hit	1	8070	2	943118	1	3084	2	0	3000
Picture	22	miss				953703	1	3083	2	0	3000
Picture	22	hit	1	3505	4	962370	2	3084	3	0	3000
Picture	33	hit	1	9046	2	971205	1	3084	2	0	3000
Picture	22	miss				980873	1	3083	3	0	3000
Picture	22	hit	1	6023	3	989540	2	3084	3	0	3000
Picture	22	hit	1	6855	2	998708	1	3084	2	0	3000
Picture	22	hit	1	4603	2	1009710	1	3083	2	0	3000
Picture	22	hit	1	8717	3	1018877	2	3084	3	0	3000
Picture	33	miss				1029462	1	3084	2	0	3000
Picture	22	hit	1	3912	2	1039463	1	3084	2	0	3000
Picture	22	hit	1	5026	2	1050381	1	3084	2	0	3000
Picture	22	hit	1	4523	3	1059633	1	3083	2	0	3000
Picture	33	miss				1068884	1	3083	2	0	3000
Picture	22	hit	1	3761	2	1079302	1	3083	2	0	3000
Picture	22	hit	1	4114	3	1089886	1	3084	2	0	3000
Picture	22	miss				1098137	1	3084	2	0	3000
Picture	22	hit	1	1583	2	1109139	1	3083	2	0	3000
Picture	22	hit	1	3996	2	1117973	1	3084	2	0	3000
Picture	33	miss				1127641	1	3084	2	0	3000
Picture	22	hit	1	6514	2	1136392	1	3084	2	0	3000
Picture	22	hit	1	6773	2	1147227	1	3084	2	0	3000
Picture	22	hit	1	6064	2	1156061	1	3084	2	0	3000
Picture	22	hit	1	5157	2	1164312	1	3084	2	0	3000
Picture	22	hit	1	4936	2	1175314	1	3083	2	0	3000
Picture	22	hit	1	4685	2	1184315	1	3083	3	0	3000
Picture	22	hit	1	3944	4	1194899	2	3084	3	0	3000
Picture	33	miss				1204234	1	3084	2	0	3000
Picture	22	hit	1	3359	2	1214235	1	3084	2	0	3000
Picture	22	hit	1	3597	2	1224153	1	3084	2	0	3000
Picture	22	hit	1	3959	3	1234571	1	3084	2	0	3000
Picture	33	miss				1245072	1	3084	2	0	3000
Picture	22	hit	1	2863	2	1254574	1	3083	2	0	3000
Picture	22	hit	1	5196	2	1263491	1	3084	2	0	3000
Picture	22	hit	1	5142	2	1273076	1	3084	2	0	3000
Picture	33	miss				1282494	1	3083	2	0	3000
Picture	22	hit	1	4942	2	1292495	1	3084	2	0	3000
Picture	22	hit	1	5754	2	1300746	1	3084	2	0	3000
Picture	22	hit	1	3992	2	1310164	1	3083	3	0	3000
Picture	22	hit	1	3939	2	1318498	1	3084	2	0	3000
Picture	22	hit	1	4041	2	1326833	1	3083	2	0	3000
Picture	22	hit	1	4259	2	1337084	1	3083	3	0	3000
Picture	22	hit	1	4591	2	1348002	1	3084	2	0	3000
Picture	33	miss				1356670	1	3083	2	0	3000
Picture	22	hit	1	3911	2	1367588	1	3083	2	0	3000
Picture	22	hit	1	3754	2	1377589	1	3084	2	0	3000
Picture	22	hit	1	1638	3	1387673	2	3084	3	0	3000
Picture	22	hit	1	3147	2	1398508	1	3084	2	0	3000
Picture	22	hit	1	2968	2	1408843	1	3083	3	0	3000
Picture	33	hit	1	2572	2	1418927	1	3084	2	0	3000
Picture	22	hit	1	6757	2	1429429	1	3083	2	0	3000
Picture	22	hit	1	4038	2	1440430	1	3084	2	0	3000
Picture	22	hit	1	5099	2	1450931	1	3084	2	0	3000
Picture	22	hit	1	6454	2	1459266	1	3083	2	0	3000
Picture	22	hit	1	4628	3	1468433	2	3084	3	0	3000
Picture	22	hit	1	8157	2	1478185	1	3083	2	0	3000
Picture	22	hit	1	4520	3	1488853	1	3083	2	0	3000
Picture	33	miss				1499937	2	3084	3	0	3000
Picture	22	hit	1	4050	2	1510105	1	3084	2	0	3000
Picture	33	hit	1	3246	2	1519190	1	3084	2	0	3000
Picture	22	hit	1	5631	2	1527274	1	3084	2	0	3000
Picture	33	miss				1535942	1	3084	2	0	3000
Picture	22	hit	1	2816	2	1544776	1	3084	2	0	3000
Picture	22	hit	1	5025	2	1555694	1	3084	2	0	3000
Picture	22	hit	1	4875	2	1564279	1	3083	3	0	3000
Picture	22	hit	1	4271	3	1572696	2	3084	3	0	3000
Picture	22	hit	1	3998	2	1580781	1	3084	2	0	3000
Picture	33	miss				1590449	1	3083	2	0	3000
Picture	22	hit	1	3184	2	1601283	1	3084	2	0	3000
Picture	22	hit	1	4297	2	1610951	1	3084	2	0	3000
Picture	22	hit	1	3107	2	1621203	1	3083	2	0	3000
Picture	22	hit	1	5023	3	1630537	1	3084	2	0	3000
Picture	22	hit	1	4516	2	1641205	1	3084	2	0	3000
Picture	33	miss				1650956	1	3084	2	0	3000
Picture	22	hit	1	3353	2	1659707	1	3084	2	0	3000
Picture	22	hit	1	4790	2	1667958	1	3084	2	0	3000
Picture	22	hit	1	5580	2	1677793	1	3084	2	0	3000
Picture	33	miss				1688294	1	3084	2	0	3000
Picture	22	hit	1	3130	2	1698212	1	3084	2	0	3000
Picture	33	hit	1	4024	2	1706380	1	3084	2	0	3000
Picture	22	hit	1	6002	3	1717214	2	3084	3	0	3000
Picture	33	miss				1725716	1	3083	2	0	3000
Picture	22	hit	1	3989	3	1735633	2	3084	3	0	3000
Picture	22	hit	1	6904	2	1745218	1	3084	2	0	3000
Picture	22	miss				1754552	2	3084	3	0	3000
Picture	22	hit	1	735	3	1762637	1	3084	2	0	3000
Picture	22	hit	1	3672	2	1773138	1	3084	2	0	3000
Picture	22	hit	1	5566	3	1784056	1	3084	2	0	3000
Picture	22	hit	1	4950	2	1792641	1	3083	2	0	3000
Picture	33	miss				1802808	2	3084	3	0	3000
Picture	22	hit	1	3500	2	1813310	1	3084	2	0	3000
Picture	22	hit	1	3989	2	1821728	1	3083	2	0	3000
Picture	22	hit	1	4632	2	1832646	1	3083	2	0	3000
Picture	33	miss				1843480	1	3084	2	0	3000
Picture	22	hit	1	3213	2	1851565	1	3083	2	0	3000
Picture	22	hit	1	5712	2	1861566	1	3084	2	0	3000
Picture	22	hit	1	6888	2	1870234	1	3083	2	0	3000
Picture	33	miss				1878318	1	3084	2	0	3000
Picture	22	hit	1	4625	2	1888903	1	3083	2	0	3000
Picture	22	hit	1	5229	2	1897987	1	3084	2	0	3000
Picture	22	miss				1907655	1	3084	2	0	3000
Picture	22	hit	1	3622	2	1916156	1	3084	2	0	3000
Picture	22	hit	1	4012	2	1926407	1	3084	2	0	3000
Picture	33	miss				1936658	2	3084	3	0	3000
Picture	22	hit	1	2993	2	1946160	1	3083	2	0	3000
Picture	22	hit	1	4659	2	1955744	1	3084	2	0	3000
Picture	22	hit	1	5209	2	1964412	1	3084	2	0	3000
Picture	33	miss				1975330	1	3084	2	0	3000
Picture	22	hit	1	3145	2	1983664	1	3084	2	0	3000
Picture	22	hit	1	2705	2	1994416	1	3083	2	0	3000
Picture	22	hit	1	2985	3	2004917	1	3084	2	0	3000
Picture	22	hit	1	4151	4	2013751	2	3084	3	0	3000
Picture	22	hit	1	4243	3	2024753	1	3084	2	0	3000
Picture	22	hit	1	4169	2	2033421	1	3083	2	0	3000
Picture	22	hit	1	4314	2	2042338	1	3084	2	0	3000
Picture	33	miss				2051173	1	3083	3	0	3000
Picture	22	hit	1	3280	2	2060257	1	3084	2	0	3000
Picture	22	hit	1	4977	3	2070425	1	3084	2	0	3000
Picture	22	hit	1	4757	3	2078926	1	3084	2	0	3000
Picture	22	hit	1	6496	2	2087344	1	3084	2	0	3000
Picture	22	hit	1	7088	2	2096595	1	3084	2	0	3000
Picture	33	miss				2107013	1	3084	2	0	3000
Picture	22	hit	1	4315	2	2117181	1	3084	2	0	3000
Picture	22	hit	1	5470	2	2126182	1	3084	2	0	3000
Picture	22	miss				2134850	1	3084	2	0	3000
Picture	22	hit	1	1520	2	2143101	1	3084	2	0	3000
Picture	22	hit	1	4581	2	2154102	1	3084	2	0	3000
Picture	33	miss				2164604	1	3083	2	0	3000
Picture	22	hit	1	6953	2	2174855	1	3084	2	0	3000
Picture	22	hit	1	4086	3	2185690	1	3083	2	0	3000
Picture	22	hit	1	3148	2	2195691	1	3083	3	0	3000
Picture	33	miss				2204859	1	3083	2	0	3000
Picture	22	hit	1	4760	2	2213610	1	3083	2	0	3000
Picture	22	hit	1	4259	2	2222861	1	3084	2	0	3000
Picture	22	hit	1	4894	2	2231445	1	3084	2	0	3000
Picture	22	hit	1	5528	2	2241280	1	3083	3	0	3000
Picture	22	hit	1	3881	3	2251364	1	3084	2	0	3000
Picture	22	hit	1	5936	2	2259782	1	3084	2	0	3000
Picture	22	hit	1	4389	2	2268200	1	3084	2	0	3000
Picture	33	miss				2276451	1	3084	2	0	3000
Picture	22	hit	1	3605	3	2286952	1	3084	2	0	3000
Picture	22	hit	1	4812	3	2295120	1	3084	2	0	3000
Picture	22	hit	1	5385	2	2303454	1	3084	2	0	3000
Picture	22	miss				2312122	1	3084	2	0	3000
Picture	22	hit	1	2674	2	2320540	1	3083	2	0	3000
Picture	33	hit	1	3204	2	2329541	1	3083	3	0	3000
Picture	22	hit	1	5489	2	2340542	1	3084	2	0	3000
Picture	22	hit	1	4222	2	2350710	1	3084	2	0	3000
Picture	22	hit	1	5069	2	2360961	1	3084	2	0	3000
Picture	33	miss				2369962	2	3084	3	0	3000
Picture	22	hit	1	5073	2	2378297	1	3084	2	0	3000
Picture	22	miss				2386881	1	3084	2	0	3000
Picture	22	hit	1	3457	3	2396632	2	3084	3	0	3000
Picture	33	miss				2405134	1	3083	2	0	3000
Picture	22	hit	1	2578	2	2414385	1	3083	2	0	3000
Picture	22	hit	1	3858	2	2425136	1	3084	2	0	3000
Picture	22	hit	1	4451	2	2434387	1	3084	2	0	3000
Picture	22	hit	1	3835	2	2442972	1	3083	2	0	3000
Picture	22	hit	1	4959	2	2453723	1	3084	2	0	3000
Picture	22	hit	1	5718	3	2462807	1	3084	2	0	3000
Picture	22	hit	1	4060	3	2473059	1	3083	2	0	3000
Picture	33	miss				2484060	1	3084	2	0	3000
Picture	22	hit	1	3422	2	2494478	1	3084	2	0	3000
Picture	22	hit	1	5754	3	2504646	1	3084	2	0	3000
Picture	22	hit	1	6629	2	2513147	1	3084	2	0	3000
Picture	22	hit	1	7013	3	2521981	2	3084	3	0	3000
Picture	22	hit	1	5022	2	2532566	1	3084	2	0	3000
Picture	33	miss				2543234	1	3084	2	0	3000
Picture	22	hit	1	4644	2	2553569	1	3083	2	0	3000
Picture	22	hit	1	3455	2	2563820	1	3084	2	0	3000
Picture	22	hit	1	2693	2	2573488	1	3084	2	0	3000
Picture	22	hit	1	4193	2	2584489	1	3084	2	0	3000
Picture	22	hit	1	5951	2	2593824	1	3083	2	0	3000
Picture	33	miss				2603658	1	3084	2	0	3000
Picture	22	hit	1	3949	2	2612076	1	3084	2	0	3000
Picture	22	hit	1	3031	2	2621744	1	3084	2	0	3000
Picture	22	hit	1	4291	2	2630328	1	3084	2	0	3000
Picture	33	miss				2640913	1	3084	2	0	3000
Picture	22	hit	1	2455	2	2649664	1	3084	2	0	3000
Picture	22	hit	1	3713	3	2660749	1	3083	2	0	3000
Picture	22	hit	1	4713	2	2671000	1	3084	2	0	3000
Picture	22	hit	1	4408	2	2680835	1	3083	2	0	3000
Picture	22	hit	1	4762	2	2688919	1	3084	2	0	3000
Picture	33	miss				2697170	1	3084	2	0	3000
Picture	22	hit	1	4519	3	2707755	1	3083	2	0	3000
Picture	22	hit	1	5279	2	2718089	1	3084	2	0	3000
Picture	22	hit	1	3767	2	2728507	1	3084	2	0	3000
Picture	22	hit	1	3922	3	2737258	1	3084	2	0	3000
Picture	22	hit	1	3880	2	2746676	1	3084	2	0	3000
Picture	33	hit	1	3076	2	2757011	1	3083	2	0	3000
Picture	22	hit	1	4126	2	2766429	1	3083	2	0	3000
Picture	22	hit	1	3324	2	2776763	1	3084	2	0	3000
Picture	22	hit	1	4124	2	2787681	1	3084	2	0	3000
Picture	22	hit	1	4425	2	2797849	1	3084	2	0	3000
Picture	22	hit	1	5444	3	2807767	1	3084	2	0	3000
Picture	22	hit	1	6308	2	2816435	1	3083	3	0	3000
Picture	22	hit	1	6234	2	2825103	1	3083	2	0	3000
Picture	33	miss				2836187	1	3084	2	0	3000
Picture	22	hit	1	5200	2	2845355	1	3084	2	0	3000
Picture	33	miss				2855690	1	3083	2	0	3000
Picture	22	hit	1	4051	3	2864941	1	3084	2	0	3000
Picture	22	hit	1	4821	2	2875109	1	3083	3	0	3000
Picture	22	hit	1	5164	2	2883360	1	3083	3	0	3000
Picture	22	hit	1	3954	3	2892694	1	3084	2	0	3000
Picture	22	hit	1	3599	2	2903362	1	3084	2	0	3000
Picture	22	hit	1	5317	2	2912113	1	3084	2	0	3000
Picture	22	hit	1	6024	2	2920781	1	3084	2	0	3000
Picture	33	miss				2930866	1	3083	2	0	3000
