Scenario - GO/NO-GO
Logfile written - 08/28/2012 10:46:15

Subject	Trial	Event Type	Code	Time	TTime	Uncertainty	Duration	Uncertainty	ReqTime	ReqDur	Stim Type	Pair Index

DG	2	Picture	22	167	0	1	3084	2	0	3000	hit	2
DG	2	Response	1	5533	5366	1
DG	3	Picture	22	36672	0	1	3084	2	0	3000	hit	4
DG	3	Response	1	41939	5267	1
DG	4	Picture	22	65675	0	2	3084	3	0	3000	hit	6
DG	4	Response	1	71002	5327	1
DG	5	Picture	22	99263	0	1	3084	2	0	3000	hit	8
DG	5	Response	1	104283	5020	1
DG	6	Picture	22	127600	0	1	3084	2	0	3000	hit	10
DG	6	Response	1	132251	4651	1
DG	7	Picture	33	159687	0	1	3084	2	0	3000	hit	12
DG	7	Response	1	164439	4752	1
DG	8	Picture	22	188774	0	1	3084	2	0	3000	hit	14
DG	8	Response	1	192720	3946	1
DG	9	Picture	33	219278	0	1	3084	2	0	3000	miss	0
DG	10	Picture	22	249115	0	1	3084	2	0	3000	hit	17
DG	10	Response	1	253818	4703	1
DG	11	Picture	33	286620	0	1	3083	2	0	3000	miss	0
DG	12	Picture	22	323624	0	1	3084	2	0	3000	hit	20
DG	12	Response	1	327720	4096	1
DG	13	Picture	22	359545	0	1	3084	2	0	3000	hit	22
DG	13	Response	1	365375	5830	1
DG	14	Picture	22	389216	0	1	3083	2	0	3000	hit	24
DG	14	Response	1	395531	6315	1
DG	15	Picture	33	422220	0	1	3084	2	0	3000	miss	0
DG	16	Picture	22	452390	0	1	3084	2	0	3000	hit	27
DG	16	Response	1	456156	3766	1
DG	17	Picture	33	491145	0	1	3084	2	0	3000	miss	0
DG	18	Picture	22	527400	0	1	3083	2	0	3000	hit	30
DG	18	Response	1	531156	3756	1
DG	19	Picture	33	558570	0	1	3084	2	0	3000	miss	0
DG	20	Picture	22	589491	0	1	3083	2	0	3000	hit	33
DG	20	Response	1	593343	3852	1
DG	21	Picture	33	620411	0	1	3084	2	0	3000	miss	0
DG	22	Picture	22	650165	0	1	3084	2	0	3000	hit	36
DG	22	Response	1	654593	4428	1
DG	23	Picture	22	678835	0	1	3084	2	0	3000	hit	38
DG	23	Response	1	686155	7320	1
DG	24	Picture	22	717507	0	1	3083	2	0	3000	hit	40
DG	24	Response	1	722718	5211	1
DG	25	Picture	22	747177	0	1	3084	2	0	3000	hit	42
DG	25	Response	1	751937	4760	1
DG	26	Picture	22	785098	0	1	3084	2	0	3000	hit	44
DG	26	Response	1	790218	5120	1
DG	27	Picture	22	825020	0	1	3084	2	0	3000	hit	46
DG	27	Response	1	830217	5197	1
DG	28	Picture	22	853440	0	1	3084	2	0	3000	hit	48
DG	28	Response	1	858342	4902	1
DG	29	Picture	33	890278	0	1	3084	2	0	3000	miss	0
DG	30	Picture	22	919615	0	1	3084	2	0	3000	hit	51
DG	30	Response	1	925217	5602	1
DG	31	Picture	22	952369	0	1	3084	2	0	3000	hit	53
DG	31	Response	1	957404	5035	1
DG	32	Picture	22	991124	0	1	3084	2	0	3000	hit	55
DG	32	Response	1	996154	5030	1
DG	33	Picture	33	1020878	0	1	3083	2	0	3000	miss	0
DG	34	Picture	22	1053632	0	1	3083	3	0	3000	hit	58
DG	34	Response	1	1057403	3771	2
DG	35	Picture	22	1092720	0	1	3084	2	0	3000	hit	60
DG	35	Response	1	1096310	3590	1
DG	36	Picture	22	1130725	0	1	3082	7	0	3000	hit	62
DG	36	Response	1	1133966	3241	1
DG	37	Picture	33	1163229	0	1	3083	3	0	3000	miss	0
DG	38	Picture	22	1203234	0	1	3083	2	0	3000	hit	65
DG	38	Response	1	1206778	3544	1
DG	39	Picture	33	1234488	0	1	3083	2	0	3000	hit	67
DG	39	Response	1	1239434	4946	1
DG	40	Picture	22	1267242	0	1	3083	2	0	3000	hit	69
DG	40	Response	1	1272403	5161	1
DG	41	Picture	22	1307163	0	1	3084	2	0	3000	hit	71
DG	41	Response	1	1312246	5083	2
DG	42	Picture	22	1345835	0	1	3084	2	0	3000	hit	73
DG	42	Response	1	1350840	5005	1
DG	43	Picture	22	1379756	0	1	3083	2	0	3000	hit	75
DG	43	Response	1	1386777	7021	1
DG	44	Picture	22	1415677	0	1	3084	2	0	3000	hit	77
DG	44	Response	1	1420371	4694	1
DG	45	Picture	22	1446764	0	1	3084	2	0	3000	hit	79
DG	45	Response	1	1454746	7982	1
DG	46	Picture	22	1477435	0	1	3083	2	0	3000	hit	81
DG	46	Response	1	1482714	5279	2
DG	47	Picture	33	1509355	0	1	3084	2	0	3000	miss	0
DG	48	Picture	22	1541609	0	1	3084	2	0	3000	hit	84
DG	48	Response	1	1545058	3449	1
DG	49	Picture	33	1579031	0	1	3083	2	0	3000	miss	0
DG	50	Picture	22	1608451	0	1	3084	2	0	3000	hit	87
DG	50	Response	1	1614433	5982	1
DG	51	Picture	22	1638788	0	1	3084	2	0	3000	hit	89
DG	51	Response	1	1648339	9551	1
DG	52	Picture	22	1676876	0	1	3084	2	0	3000	hit	91
DG	52	Response	1	1683807	6931	1
DG	53	Picture	22	1706213	0	1	3084	2	0	3000	hit	93
DG	53	Response	1	1710213	4000	1
DG	54	Picture	22	1744801	0	1	3084	2	0	3000	hit	95
DG	54	Response	1	1748807	4006	1
DG	55	Picture	33	1774888	0	1	3084	2	0	3000	miss	0
DG	56	Picture	22	1806476	0	1	3083	2	0	3000	hit	98
DG	56	Response	1	1811307	4831	1
DG	57	Picture	22	1839896	0	1	3084	2	0	3000	hit	100
DG	57	Response	1	1847244	7348	1
DG	58	Picture	22	1874317	0	1	3084	2	0	3000	hit	102
DG	58	Response	1	1880525	6208	1
DG	59	Picture	33	1903904	0	1	3084	2	0	3000	miss	0
DG	60	Picture	22	1940826	0	1	3083	2	0	3000	hit	105
DG	60	Response	1	1944744	3918	1
DG	61	Picture	22	1975163	0	1	3084	2	0	3000	hit	107
DG	61	Response	1	1980993	5830	1
DG	62	Picture	22	2003417	0	1	3083	2	0	3000	hit	109
DG	62	Response	1	2011306	7889	1
DG	63	Picture	33	2036921	0	1	3084	2	0	3000	miss	0
DG	64	Picture	22	2066758	0	1	3084	2	0	3000	hit	112
DG	64	Response	1	2072087	5329	1
DG	65	Picture	22	2101679	0	1	3084	2	0	3000	hit	114
DG	65	Response	1	2107868	6189	1
DG	66	Picture	22	2134850	0	1	3083	2	0	3000	hit	116
DG	66	Response	1	2138961	4111	1
DG	67	Picture	33	2166187	0	1	3084	2	0	3000	miss	0
DG	68	Picture	22	2202858	0	1	3084	2	0	3000	hit	119
DG	68	Response	1	2207555	4697	1
DG	69	Picture	22	2235196	0	1	3083	2	0	3000	hit	121
DG	69	Response	1	2240055	4859	1
DG	70	Picture	22	2264283	0	1	3083	2	0	3000	hit	123
DG	70	Response	1	2270054	5771	2
DG	71	Picture	22	2295953	0	1	3084	2	0	3000	hit	125
DG	71	Response	1	2301617	5664	1
DG	72	Picture	22	2327040	0	1	3084	2	0	3000	hit	127
DG	72	Response	1	2332710	5670	2
DG	73	Picture	33	2366629	0	1	3083	2	0	3000	miss	0
DG	74	Picture	22	2396132	0	1	3084	2	0	3000	hit	130
DG	74	Response	1	2402554	6422	1
DG	75	Picture	22	2430053	0	1	3084	2	0	3000	hit	132
DG	75	Response	1	2435835	5782	2
DG	76	Picture	22	2467891	0	1	3084	2	0	3000	hit	134
DG	76	Response	1	2474741	6850	1
DG	77	Picture	33	2501729	0	1	3083	3	0	3000	miss	0
DG	78	Picture	22	2538567	0	1	3083	2	0	3000	hit	137
DG	78	Response	1	2545053	6486	1
DG	79	Picture	22	2569321	0	1	3083	2	0	3000	hit	139
DG	79	Response	1	2575053	5732	1
DG	80	Picture	22	2599908	0	1	3083	2	0	3000	hit	141
DG	80	Response	1	2606772	6864	1
DG	81	Picture	22	2629995	0	1	3083	3	0	3000	hit	143
DG	81	Response	1	2637241	7246	1
DG	82	Picture	22	2668583	0	1	3084	2	0	3000	hit	145
DG	82	Response	1	2672866	4283	1
DG	83	Picture	33	2699253	0	1	3084	2	0	3000	miss	0
DG	84	Picture	22	2737341	0	2	3084	3	0	3000	hit	148
DG	84	Response	1	2742553	5212	1
DG	85	Picture	22	2770262	0	1	3084	2	0	3000	hit	150
DG	85	Response	1	2775990	5728	1
DG	86	Picture	22	2800849	0	1	3084	2	0	3000	hit	152
DG	86	Response	1	2807552	6703	1
DG	87	Picture	33	2838771	0	1	3083	3	0	3000	miss	0
DG	88	Picture	22	2876442	0	1	3084	2	0	3000	hit	155
DG	88	Response	1	2880677	4235	1
DG	89	Picture	33	2908196	0	1	3084	2	0	3000	miss	0
DG	90	Picture	22	2944284	0	1	3084	2	0	3000	hit	158
DG	90	Response	1	2950520	6236	2
DG	91	Picture	22	2981455	0	1	3084	2	0	3000	hit	160
DG	91	Response	1	2988958	7503	1
DG	92	Picture	22	3015209	0	1	3084	2	0	3000	hit	162
DG	92	Response	1	3020989	5780	1
DG	93	Picture	22	3046547	0	1	3083	2	0	3000	hit	164
DG	93	Response	1	3051614	5067	1
DG	94	Picture	22	3077967	0	1	3084	2	0	3000	hit	166
DG	94	Response	1	3083801	5834	1
DG	95	Picture	22	3107888	0	1	3083	2	0	3000	hit	168
DG	95	Response	1	3113176	5288	2
DG	96	Picture	22	3146559	0	1	3084	2	0	3000	hit	170
DG	96	Response	1	3150832	4273	1
DG	97	Picture	33	3179397	0	1	3083	2	0	3000	miss	0
DG	98	Picture	22	3215984	0	1	3084	2	0	3000	hit	173
DG	98	Response	1	3221925	5941	2
DG	99	Picture	22	3254072	0	2	3084	3	0	3000	hit	175
DG	99	Response	1	3258956	4884	2
DG	100	Picture	22	3293577	0	1	3084	2	0	3000	hit	177
DG	100	Response	1	3300519	6942	1
DG	101	Picture	22	3324081	0	1	3084	2	0	3000	hit	179
DG	101	Response	1	3329425	5344	2
DG	102	Picture	22	3353252	0	1	3083	2	0	3000	hit	181
DG	102	Response	1	3358331	5079	1
DG	103	Picture	33	3382922	0	1	3084	2	0	3000	miss	0
DG	104	Picture	22	3414759	0	1	3084	2	0	3000	hit	184
DG	104	Response	1	3417862	3103	1
DG	105	Picture	22	3446430	0	1	3083	3	0	3000	hit	186
DG	105	Response	1	3450362	3932	1
DG	106	Picture	22	3475267	0	1	3083	2	0	3000	hit	188
DG	106	Response	1	3479425	4158	1
DG	107	Picture	33	3510771	0	1	3084	2	0	3000	hit	190
DG	107	Response	1	3514737	3966	1
DG	108	Picture	22	3544442	0	1	3084	2	0	3000	hit	192
DG	108	Response	1	3549581	5139	1
DG	109	Picture	22	3582030	0	1	3084	2	0	3000	hit	194
DG	109	Response	1	3587393	5363	1
DG	110	Picture	22	3618451	0	1	3084	2	0	3000	hit	196
DG	110	Response	1	3623643	5192	1
DG	111	Picture	22	3651205	0	1	3084	2	0	3000	hit	198
DG	111	Response	1	3656142	4937	1
DG	112	Picture	22	3685210	0	1	3083	2	0	3000	hit	200
DG	112	Response	1	3690674	5464	1
DG	113	Picture	33	3713463	0	1	3084	2	0	3000	miss	0
DG	114	Picture	22	3750634	0	1	3084	2	0	3000	hit	203
DG	114	Response	1	3756454	5820	2
DG	115	Picture	33	3781805	0	1	3084	2	0	3000	miss	0
DG	116	Picture	22	3809892	0	1	3083	2	0	3000	hit	206
DG	116	Response	1	3815986	6094	1
DG	117	Picture	33	3846730	0	1	3083	2	0	3000	miss	0
DG	118	Picture	22	3879984	0	1	3083	3	0	3000	hit	209
DG	118	Response	1	3885360	5376	2
DG	119	Picture	22	3911904	0	2	3084	3	0	3000	hit	211
DG	119	Response	1	3915829	3925	1
DG	120	Picture	22	3943908	0	2	3084	3	0	3000	hit	213
DG	120	Response	1	3949579	5671	1
DG	121	Picture	22	3979746	0	1	3084	2	0	3000	hit	215
DG	121	Response	1	3985203	5457	2
DG	122	Picture	22	4011000	0	1	3084	2	0	3000	hit	217
DG	122	Response	1	4016453	5453	2
DG	123	Picture	33	4044838	0	1	3083	2	0	3000	miss	0
DG	124	Picture	22	4077258	0	1	3084	2	0	3000	hit	220
DG	124	Response	1	4081141	3883	2
DG	125	Picture	22	4108429	0	1	3084	2	0	3000	hit	222
DG	125	Response	1	4113172	4743	1
DG	126	Picture	22	4144767	0	1	3083	3	0	3000	hit	224
DG	126	Response	1	4150047	5280	1
DG	127	Picture	33	4174437	0	1	3084	2	0	3000	miss	0
DG	128	Picture	22	4208191	0	1	3084	2	0	3000	hit	227
DG	128	Response	1	4212077	3886	2
DG	129	Picture	22	4246196	0	1	3084	2	0	3000	hit	229
DG	129	Response	1	4250359	4163	1
DG	130	Picture	22	4282117	0	1	3084	2	0	3000	hit	231
DG	130	Response	1	4287234	5117	1
DG	131	Picture	33	4320455	0	1	3084	2	0	3000	miss	0
DG	132	Picture	22	4355543	0	1	3084	2	0	3000	hit	234
DG	132	Response	1	4360358	4815	1
DG	133	Picture	33	4392548	0	1	3083	2	0	3000	miss	0
DG	134	Picture	22	4421135	0	1	3083	2	0	3000	hit	237
DG	134	Response	1	4425202	4067	1
DG	135	Picture	22	4453055	0	1	3084	2	0	3000	hit	239
DG	135	Response	1	4461139	8084	1
DG	136	Picture	22	4493060	0	1	3084	2	0	3000	hit	241
DG	136	Response	1	4497701	4641	1
DG	137	Picture	22	4522981	0	1	3083	2	0	3000	hit	243
DG	137	Response	1	4528170	5189	1
DG	138	Picture	22	4560985	0	1	3084	2	0	3000	hit	245
DG	138	Response	1	4566763	5778	2
DG	139	Picture	33	4598073	0	1	3084	2	0	3000	miss	0
DG	140	Picture	22	4633161	0	1	3084	2	0	3000	hit	248
DG	140	Response	1	4636763	3602	1
DG	141	Picture	22	4669665	0	2	3084	3	0	3000	hit	250
DG	141	Response	1	4673798	4133	2
DG	142	Picture	22	4709170	0	1	3084	2	0	3000	hit	252
DG	142	Response	1	4714419	5249	2
DG	143	Picture	33	4745342	0	1	3083	2	0	3000	miss	0
DG	144	Picture	22	4775762	0	1	3084	2	0	3000	hit	255
DG	144	Response	1	4781138	5376	1
DG	145	Picture	22	4809183	0	1	3084	2	0	3000	hit	257
DG	145	Response	1	4814419	5236	1
DG	146	Picture	22	4842937	0	1	3084	2	0	3000	hit	259
DG	146	Response	1	4848637	5700	1
DG	147	Picture	33	4873274	0	1	3084	2	0	3000	miss	0
DG	148	Picture	22	4912696	0	1	3083	3	0	3000	hit	262
DG	148	Response	1	4917387	4691	2
DG	149	Picture	22	4941783	0	1	3083	2	0	3000	hit	264
DG	149	Response	1	4947856	6073	1
DG	150	Picture	22	4972370	0	1	3084	2	0	3000	hit	266
DG	150	Response	1	4977699	5329	1
DG	151	Picture	33	5003790	0	2	3084	3	0	3000	miss	0
DG	152	Response	1	8539872	3502161	1
DG	154	Picture	22	8549982	0	1	3084	2	0	3000	hit	270
DG	154	Response	1	8555653	5671	1
DG	155	Picture	33	8580319	0	1	3084	2	0	3000	miss	0
DG	156	Picture	22	8620158	0	1	3083	2	0	3000	hit	273
DG	156	Response	1	8624715	4557	1
DG	157	Picture	22	8655162	0	1	3084	2	0	3000	hit	275
DG	157	Response	1	8660808	5646	2
DG	158	Picture	22	8691667	0	1	3083	2	0	3000	hit	277
DG	158	Response	1	8700340	8673	1
DG	159	Picture	33	8728421	0	1	3084	2	0	3000	miss	0
DG	160	Picture	22	8762759	0	1	3083	2	0	3000	hit	280
DG	160	Response	1	8769402	6643	1
DG	161	Picture	22	8793012	0	2	3084	3	0	3000	hit	282
DG	161	Response	1	8797839	4827	2
DG	162	Picture	22	8832517	0	1	3084	2	0	3000	hit	284
DG	162	Response	1	8837214	4697	1
DG	163	Picture	22	8870772	0	1	3084	2	0	3000	hit	286
DG	163	Response	1	8875339	4567	1
DG	164	Picture	22	8907277	0	1	3083	2	0	3000	hit	288
DG	164	Response	1	8914089	6812	1
DG	165	Picture	33	8941364	0	1	3084	2	0	3000	miss	0
DG	166	Picture	22	8973035	0	1	3084	2	0	3000	hit	291
DG	166	Response	1	8979714	6679	1
DG	167	Picture	22	9008623	0	1	3083	2	0	3000	hit	293
DG	167	Response	1	9026588	17965	2
DG	168	Picture	22	9038960	0	1	3083	3	0	3000	hit	295
DG	168	Response	1	9047994	9034	2
DG	169	Picture	22	9072381	0	1	3083	2	0	3000	hit	297
DG	169	Response	1	9078307	5926	1
DG	170	Picture	22	9110302	0	1	3084	2	0	3000	hit	299
DG	170	Response	1	9114088	3786	1
DG	171	Picture	33	9144056	0	1	3084	2	0	3000	miss	0
DG	172	Picture	22	9182144	0	1	3084	2	0	3000	hit	302
DG	172	Response	1	9188775	6631	1
DG	173	Picture	22	9217149	0	1	3083	2	0	3000	hit	304
DG	173	Response	1	9222525	5376	1
DG	174	Picture	22	9255320	0	1	3084	2	0	3000	hit	306
DG	174	Response	1	9261743	6423	1
DG	175	Picture	22	9294658	0	1	3084	2	0	3000	hit	308
DG	175	Response	1	9298775	4117	1
DG	176	Picture	22	9324329	0	1	3083	2	0	3000	hit	310
DG	176	Response	1	9329868	5539	1
DG	177	Picture	22	9358833	0	1	3084	2	0	3000	hit	312
DG	177	Response	1	9363618	4785	1
DG	178	Picture	22	9391254	0	1	3083	2	0	3000	hit	314
DG	178	Response	1	9396274	5020	1
DG	179	Picture	33	9425008	0	1	3084	2	0	3000	miss	0
DG	180	Picture	22	9464013	0	1	3083	2	0	3000	hit	317
DG	180	Response	1	9469555	5542	1
DG	181	Picture	22	9499267	0	1	3084	2	0	3000	hit	319
DG	181	Response	1	9507523	8256	2
DG	182	Picture	22	9538855	0	1	3084	2	0	3000	hit	321
DG	182	Response	1	9544242	5387	1
DG	183	Picture	22	9577694	0	1	3083	2	0	3000	hit	323
DG	183	Response	1	9584086	6392	1
DG	184	Picture	22	9606280	0	2	3084	3	0	3000	hit	325
DG	184	Response	1	9612055	5775	1
DG	185	Picture	22	9644952	0	1	3084	2	0	3000	hit	327
DG	185	Response	1	9649867	4915	1
DG	186	Picture	22	9680123	0	1	3084	2	0	3000	hit	329
DG	186	Response	1	9684086	3963	1
DG	187	Picture	33	9708960	0	1	3084	2	0	3000	miss	0
DG	188	Picture	22	9743131	0	1	3084	2	0	3000	hit	332
DG	188	Response	1	9746741	3610	1
DG	189	Picture	22	9781552	0	1	3084	2	0	3000	hit	334
DG	189	Response	1	9785491	3939	2
DG	190	Picture	22	9817140	0	1	3084	2	0	3000	hit	336
DG	190	Response	1	9821585	4445	1
DG	191	Picture	22	9854811	0	2	3084	3	0	3000	hit	338
DG	191	Response	1	9858928	4117	1
DG	192	Picture	22	9889566	0	1	3083	2	0	3000	hit	340
DG	192	Response	1	9893928	4362	2
DG	193	Picture	22	9927821	0	1	3083	2	0	3000	hit	342
DG	193	Response	1	9932990	5169	1
DG	194	Picture	22	9963075	0	1	3084	2	0	3000	hit	344
DG	194	Response	1	9969084	6009	1
DG	195	Picture	33	9998496	0	1	3084	2	0	3000	miss	0
DG	196	Picture	22	10028083	0	1	3084	2	0	3000	hit	347
DG	196	Response	1	10032365	4282	1
DG	197	Picture	22	10058920	0	1	3084	2	0	3000	hit	349
DG	197	Response	1	10070959	12039	1
DG	198	Picture	22	10089924	0	1	3084	2	0	3000	hit	351
DG	198	Response	1	10097209	7285	1
DG	199	Picture	22	10120344	0	2	3084	3	0	3000	hit	353
DG	199	Response	1	10127990	7646	1
DG	200	Picture	22	10157766	0	1	3084	2	0	3000	hit	355
DG	200	Response	1	10163771	6005	1
DG	201	Picture	33	10190020	0	1	3084	2	0	3000	miss	0
DG	202	Picture	22	10229275	0	1	3083	2	0	3000	hit	358
DG	202	Response	1	10235177	5902	1
DG	203	Picture	22	10269113	0	1	3084	2	0	3000	hit	360
DG	203	Response	1	10273145	4032	2
DG	204	Picture	22	10302784	0	1	3084	2	0	3000	hit	362
DG	204	Response	1	10306895	4111	1
DG	205	Picture	33	10339872	0	1	3084	2	0	3000	hit	364
DG	205	Response	1	10343613	3741	2
DG	206	Picture	22	10378793	0	1	3084	2	0	3000	hit	366
DG	206	Response	1	10384082	5289	2
DG	207	Picture	22	10414381	0	1	3084	2	0	3000	hit	368
DG	207	Response	1	10419863	5482	1
DG	208	Picture	22	10449052	0	1	3084	2	0	3000	hit	370
DG	208	Response	1	10460019	10967	1
DG	209	Picture	33	10485473	0	1	3084	2	0	3000	miss	0
DG	210	Picture	22	10515394	0	1	3083	2	0	3000	hit	373
DG	210	Response	1	10521113	5719	1
DG	211	Picture	22	10548815	0	1	3083	2	0	3000	hit	375
DG	211	Response	1	10554081	5266	2
DG	212	Picture	22	10577735	0	1	3084	2	0	3000	hit	377
DG	212	Response	1	10583769	6034	1
DG	213	Picture	22	10614073	0	1	3083	2	0	3000	hit	379
DG	213	Response	1	10618458	4385	1
DG	214	Picture	22	10648410	0	1	3084	2	0	3000	hit	381
DG	214	Response	1	10655175	6765	1
DG	215	Picture	33	10681748	0	1	3083	3	0	3000	miss	0
DG	216	Picture	22	10721336	0	1	3084	2	0	3000	hit	384
DG	216	Response	1	10726112	4776	1
DG	217	Picture	22	10760258	0	1	3083	2	0	3000	hit	386
DG	217	Response	1	10765018	4760	1
DG	218	Picture	22	10794095	0	1	3084	2	0	3000	hit	388
DG	218	Response	1	10802049	7954	2
DG	219	Picture	22	10833517	0	1	3083	2	0	3000	hit	390
DG	219	Response	1	10838612	5095	1
DG	220	Picture	22	10862770	0	1	3084	2	0	3000	hit	392
DG	220	Response	1	10867518	4748	1
DG	221	Picture	33	10897858	0	1	3084	2	0	3000	hit	394
DG	221	Response	1	10902361	4503	1
DG	222	Picture	22	10931862	0	1	3084	2	0	3000	hit	396
DG	222	Response	1	10936580	4718	1
DG	223	Picture	22	10962616	0	1	3084	2	0	3000	hit	398
DG	223	Response	1	10968611	5995	1
DG	224	Picture	22	10993453	0	1	3084	2	0	3000	hit	400
DG	224	Response	1	10998611	5158	1
DG	225	Picture	33	11024374	0	1	3083	3	0	3000	miss	0
DG	226	Picture	22	11059461	0	2	3084	3	0	3000	hit	403
DG	226	Response	1	11064861	5400	1
DG	227	Picture	22	11098216	0	1	3084	2	0	3000	hit	405
DG	227	Response	1	11102673	4457	1
DG	228	Picture	22	11134554	0	1	3084	2	0	3000	hit	407
DG	228	Response	1	11138458	3904	1
DG	229	Picture	22	11173059	0	1	3084	2	0	3000	hit	409
DG	229	Response	1	11177673	4614	1
DG	230	Picture	22	11212397	0	1	3084	2	0	3000	hit	411
DG	230	Response	1	11218297	5900	1
DG	231	Picture	33	11246901	0	2	3084	3	0	3000	miss	0
DG	232	Picture	22	11281489	0	1	3084	2	0	3000	hit	414
DG	232	Response	1	11288297	6808	1
DG	233	Picture	22	11312326	0	1	3084	2	0	3000	hit	416
DG	233	Response	1	11318456	6130	1
DG	234	Picture	22	11346581	0	1	3083	2	0	3000	hit	418
DG	234	Response	1	11359547	12966	1
DG	235	Picture	33	11383752	0	1	3084	2	0	3000	miss	0
DG	236	Picture	22	11422923	0	2	3084	3	0	3000	hit	421
DG	236	Response	1	11428765	5842	1
DG	237	Picture	22	11453844	0	1	3084	2	0	3000	hit	423
DG	237	Response	1	11462984	9140	1
DG	238	Picture	22	11489765	0	1	3084	2	0	3000	hit	425
DG	238	Response	1	11493609	3844	1
DG	239	Picture	22	11520602	0	1	3084	2	0	3000	hit	427
DG	239	Response	1	11525484	4882	1
DG	240	Picture	22	11549106	0	1	3084	2	0	3000	hit	429
DG	240	Response	1	11554546	5440	1
DG	241	Picture	22	11578359	0	2	3084	3	0	3000	hit	431
DG	241	Response	1	11582827	4468	1
DG	242	Picture	22	11613364	0	1	3084	2	0	3000	hit	433
DG	242	Response	1	11616597	3233	1
DG	243	Picture	33	11651369	0	1	3083	2	0	3000	hit	435
DG	243	Response	1	11654546	3177	1
DG	244	Picture	22	11682539	0	1	3084	2	0	3000	hit	437
DG	244	Response	1	11687671	5132	1
DG	245	Picture	33	11713460	0	1	3083	2	0	3000	miss	0
DG	246	Picture	22	11744630	0	1	3084	2	0	3000	hit	440
DG	246	Response	1	11748608	3978	1
DG	247	Picture	22	11777218	0	1	3083	2	0	3000	hit	442
DG	247	Response	1	11782357	5139	2
DG	248	Picture	22	11808388	0	1	3084	2	0	3000	hit	444
DG	248	Response	1	11812982	4594	1
DG	249	Picture	22	11837558	0	2	3084	3	0	3000	hit	446
DG	249	Response	1	11843764	6206	1
DG	250	Picture	22	11877647	0	1	3083	2	0	3000	hit	448
DG	250	Response	1	11883294	5647	2
DG	251	Picture	33	11909234	0	1	3084	2	0	3000	miss	0
DG	252	Picture	22	11945739	0	1	3083	2	0	3000	hit	451
DG	252	Response	1	11950638	4899	1
DG	253	Picture	22	11985577	0	1	3084	2	0	3000	hit	453
DG	253	Response	1	11990169	4592	2
DG	254	Picture	22	12024582	0	1	3083	2	0	3000	hit	455
DG	254	Response	1	12032356	7774	2
DG	255	Picture	22	12061253	0	1	3084	2	0	3000	hit	457
DG	255	Response	1	12067513	6260	1
DG	256	Picture	22	12094840	0	2	3084	3	0	3000	hit	459
DG	256	Response	1	12099856	5016	2
DG	257	Picture	33	12129261	0	2	3084	3	0	3000	miss	0
DG	258	Picture	22	12162932	0	1	3084	2	0	3000	hit	462
DG	258	Response	1	12166419	3487	1
DG	259	Picture	22	12195853	0	1	3084	2	0	3000	hit	464
DG	259	Response	1	12200637	4784	1
DG	260	Picture	22	12225357	0	1	3083	2	0	3000	hit	466
DG	260	Response	1	12229387	4030	1
DG	261	Picture	33	12260528	0	1	3083	3	0	3000	miss	0
DG	262	Picture	22	12299283	0	1	3083	2	0	3000	hit	469
DG	262	Response	1	12303453	4170	1
DG	263	Picture	22	12328203	0	1	3084	2	0	3000	hit	471
DG	263	Response	1	12335949	7746	1
DG	264	Picture	22	12358540	0	1	3084	2	0	3000	hit	473
DG	264	Response	1	12364386	5846	2
DG	265	Picture	22	12388294	0	1	3083	2	0	3000	hit	475
DG	265	Response	1	12391417	3123	1
DG	266	Picture	22	12423131	0	1	3084	2	0	3000	hit	477
DG	266	Response	1	12427980	4849	1
DG	267	Picture	33	12454219	0	1	3083	2	0	3000	hit	479
DG	267	Response	1	12459699	5480	1
DG	268	Picture	22	12491140	0	1	3084	2	0	3000	hit	481
DG	268	Response	1	12495167	4027	1
DG	269	Picture	33	12523144	0	1	3084	2	0	3000	hit	483
DG	269	Response	1	12527042	3898	1
DG	270	Picture	22	12558732	0	1	3083	2	0	3000	hit	485
DG	270	Response	1	12562511	3779	1
DG	271	Picture	33	12593986	0	1	3084	2	0	3000	miss	0
DG	272	Picture	22	12625573	0	1	3084	2	0	3000	hit	488
DG	272	Response	1	12634073	8500	1
DG	273	Picture	33	12656160	0	1	3084	2	0	3000	miss	0
DG	274	Picture	22	12693582	0	1	3083	2	0	3000	hit	491
DG	274	Response	1	12700166	6584	2
DG	275	Picture	22	12723085	0	1	3084	2	0	3000	hit	493
DG	275	Response	1	12730166	7081	1
DG	276	Picture	22	12760673	0	2	3084	3	0	3000	hit	495
DG	276	Response	1	12766416	5743	1
DG	277	Picture	33	12788927	0	1	3084	2	0	3000	miss	0
DG	278	Picture	22	12818681	0	1	3083	2	0	3000	hit	498
DG	278	Response	1	12826259	7578	1
DG	279	Picture	22	12848268	0	1	3083	2	0	3000	hit	500
DG	279	Response	1	12857510	9242	1
DG	280	Picture	22	12876688	0	1	3084	2	0	3000	hit	502
DG	280	Response	1	12883290	6602	1
DG	281	Picture	22	12906525	0	1	3084	2	0	3000	hit	504
DG	281	Response	1	12914853	8328	1
DG	282	Picture	22	12942613	0	1	3083	3	0	3000	hit	506
DG	282	Response	1	12950634	8021	1
DG	283	Picture	33	12971116	0	1	3084	2	0	3000	miss	0
DG	284	Picture	22	13010538	0	1	3084	2	0	3000	hit	509
DG	284	Response	1	13017196	6658	1
DG	285	Picture	22	13048543	0	1	3083	2	0	3000	hit	511
DG	285	Response	1	13054540	5997	1
DG	286	Picture	22	13082130	0	1	3084	2	0	3000	hit	513
DG	286	Response	1	13096883	14753	1
DG	287	Picture	33	13110384	0	1	3083	2	0	3000	miss	0
DG	288	Picture	22	13141554	0	1	3084	2	0	3000	hit	516
DG	288	Response	1	13148289	6735	1
DG	289	Picture	33	13177642	0	1	3084	2	0	3000	miss	0
DG	290	Picture	22	13209979	0	2	3084	3	0	3000	hit	519
DG	290	Response	1	13215164	5185	1
DG	291	Picture	33	13249984	0	1	3084	2	0	3000	miss	0
DG	292	Picture	22	13284155	0	1	3084	2	0	3000	hit	522
DG	292	Response	1	13288601	4446	1
DG	293	Picture	22	13321160	0	1	3084	2	0	3000	hit	524
DG	293	Response	1	13330788	9628	2
DG	294	Picture	22	13353997	0	1	3084	2	0	3000	hit	526
DG	294	Response	1	13357820	3823	1
DG	295	Picture	22	13390669	0	1	3083	2	0	3000	hit	528
DG	295	Response	1	13395319	4650	1
DG	296	Picture	22	13421672	0	2	3084	3	0	3000	hit	530
DG	296	Response	1	13426882	5210	1
DG	297	Picture	22	13451509	0	2	3084	3	0	3000	hit	532
DG	297	Response	1	13457038	5529	1
DG	298	Picture	22	13484180	0	1	3084	2	0	3000	hit	534
DG	298	Response	1	13493448	9268	2
DG	299	Picture	33	13519268	0	1	3084	2	0	3000	miss	0
DG	300	Picture	22	13548855	0	1	3084	2	0	3000	hit	537
DG	300	Response	1	13555631	6776	2
DG	301	Picture	22	13586276	0	1	3084	2	0	3000	hit	539
DG	301	Response	1	13593447	7171	1
DG	302	Picture	22	13619530	0	2	3084	3	0	3000	hit	541
DG	302	Response	1	13625319	5789	1
DG	303	Picture	22	13647617	0	1	3084	2	0	3000	hit	543
DG	303	Response	1	13653912	6295	1
DG	304	Picture	22	13676037	0	2	3084	3	0	3000	hit	545
DG	304	Response	1	13681724	5687	2
DG	305	Picture	33	13713875	0	2	3084	3	0	3000	miss	0


Event Type	Code	Type	Response	RT	RT Uncertainty	Time	Uncertainty	Duration	Uncertainty	ReqTime	ReqDur

Picture	22	hit	1	5366	2	167	1	3084	2	0	3000
Picture	22	hit	1	5267	2	36672	1	3084	2	0	3000
Picture	22	hit	1	5327	3	65675	2	3084	3	0	3000
Picture	22	hit	1	5020	2	99263	1	3084	2	0	3000
Picture	22	hit	1	4651	2	127600	1	3084	2	0	3000
Picture	33	hit	1	4752	2	159687	1	3084	2	0	3000
Picture	22	hit	1	3946	2	188774	1	3084	2	0	3000
Picture	33	miss				219278	1	3084	2	0	3000
Picture	22	hit	1	4703	2	249115	1	3084	2	0	3000
Picture	33	miss				286620	1	3083	2	0	3000
Picture	22	hit	1	4096	2	323624	1	3084	2	0	3000
Picture	22	hit	1	5830	2	359545	1	3084	2	0	3000
Picture	22	hit	1	6315	2	389216	1	3083	2	0	3000
Picture	33	miss				422220	1	3084	2	0	3000
Picture	22	hit	1	3766	2	452390	1	3084	2	0	3000
Picture	33	miss				491145	1	3084	2	0	3000
Picture	22	hit	1	3756	2	527400	1	3083	2	0	3000
Picture	33	miss				558570	1	3084	2	0	3000
Picture	22	hit	1	3852	2	589491	1	3083	2	0	3000
Picture	33	miss				620411	1	3084	2	0	3000
Picture	22	hit	1	4428	2	650165	1	3084	2	0	3000
Picture	22	hit	1	7320	2	678835	1	3084	2	0	3000
Picture	22	hit	1	5211	2	717507	1	3083	2	0	3000
Picture	22	hit	1	4760	2	747177	1	3084	2	0	3000
Picture	22	hit	1	5120	2	785098	1	3084	2	0	3000
Picture	22	hit	1	5197	2	825020	1	3084	2	0	3000
Picture	22	hit	1	4902	2	853440	1	3084	2	0	3000
Picture	33	miss				890278	1	3084	2	0	3000
Picture	22	hit	1	5602	2	919615	1	3084	2	0	3000
Picture	22	hit	1	5035	2	952369	1	3084	2	0	3000
Picture	22	hit	1	5030	2	991124	1	3084	2	0	3000
Picture	33	miss				1020878	1	3083	2	0	3000
Picture	22	hit	1	3771	3	1053632	1	3083	3	0	3000
Picture	22	hit	1	3590	2	1092720	1	3084	2	0	3000
Picture	22	hit	1	3241	2	1130725	1	3082	7	0	3000
Picture	33	miss				1163229	1	3083	3	0	3000
Picture	22	hit	1	3544	2	1203234	1	3083	2	0	3000
Picture	33	hit	1	4946	2	1234488	1	3083	2	0	3000
Picture	22	hit	1	5161	2	1267242	1	3083	2	0	3000
Picture	22	hit	1	5083	3	1307163	1	3084	2	0	3000
Picture	22	hit	1	5005	2	1345835	1	3084	2	0	3000
Picture	22	hit	1	7021	2	1379756	1	3083	2	0	3000
Picture	22	hit	1	4694	2	1415677	1	3084	2	0	3000
Picture	22	hit	1	7982	2	1446764	1	3084	2	0	3000
Picture	22	hit	1	5279	3	1477435	1	3083	2	0	3000
Picture	33	miss				1509355	1	3084	2	0	3000
Picture	22	hit	1	3449	2	1541609	1	3084	2	0	3000
Picture	33	miss				1579031	1	3083	2	0	3000
Picture	22	hit	1	5982	2	1608451	1	3084	2	0	3000
Picture	22	hit	1	9551	2	1638788	1	3084	2	0	3000
Picture	22	hit	1	6931	2	1676876	1	3084	2	0	3000
Picture	22	hit	1	4000	2	1706213	1	3084	2	0	3000
Picture	22	hit	1	4006	2	1744801	1	3084	2	0	3000
Picture	33	miss				1774888	1	3084	2	0	3000
Picture	22	hit	1	4831	2	1806476	1	3083	2	0	3000
Picture	22	hit	1	7348	2	1839896	1	3084	2	0	3000
Picture	22	hit	1	6208	2	1874317	1	3084	2	0	3000
Picture	33	miss				1903904	1	3084	2	0	3000
Picture	22	hit	1	3918	2	1940826	1	3083	2	0	3000
Picture	22	hit	1	5830	2	1975163	1	3084	2	0	3000
Picture	22	hit	1	7889	2	2003417	1	3083	2	0	3000
Picture	33	miss				2036921	1	3084	2	0	3000
Picture	22	hit	1	5329	2	2066758	1	3084	2	0	3000
Picture	22	hit	1	6189	2	2101679	1	3084	2	0	3000
Picture	22	hit	1	4111	2	2134850	1	3083	2	0	3000
Picture	33	miss				2166187	1	3084	2	0	3000
Picture	22	hit	1	4697	2	2202858	1	3084	2	0	3000
Picture	22	hit	1	4859	2	2235196	1	3083	2	0	3000
Picture	22	hit	1	5771	3	2264283	1	3083	2	0	3000
Picture	22	hit	1	5664	2	2295953	1	3084	2	0	3000
Picture	22	hit	1	5670	3	2327040	1	3084	2	0	3000
Picture	33	miss				2366629	1	3083	2	0	3000
Picture	22	hit	1	6422	2	2396132	1	3084	2	0	3000
Picture	22	hit	1	5782	3	2430053	1	3084	2	0	3000
Picture	22	hit	1	6850	2	2467891	1	3084	2	0	3000
Picture	33	miss				2501729	1	3083	3	0	3000
Picture	22	hit	1	6486	2	2538567	1	3083	2	0	3000
Picture	22	hit	1	5732	2	2569321	1	3083	2	0	3000
Picture	22	hit	1	6864	2	2599908	1	3083	2	0	3000
Picture	22	hit	1	7246	2	2629995	1	3083	3	0	3000
Picture	22	hit	1	4283	2	2668583	1	3084	2	0	3000
Picture	33	miss				2699253	1	3084	2	0	3000
Picture	22	hit	1	5212	3	2737341	2	3084	3	0	3000
Picture	22	hit	1	5728	2	2770262	1	3084	2	0	3000
Picture	22	hit	1	6703	2	2800849	1	3084	2	0	3000
Picture	33	miss				2838771	1	3083	3	0	3000
Picture	22	hit	1	4235	2	2876442	1	3084	2	0	3000
Picture	33	miss				2908196	1	3084	2	0	3000
Picture	22	hit	1	6236	3	2944284	1	3084	2	0	3000
Picture	22	hit	1	7503	2	2981455	1	3084	2	0	3000
Picture	22	hit	1	5780	2	3015209	1	3084	2	0	3000
Picture	22	hit	1	5067	2	3046547	1	3083	2	0	3000
Picture	22	hit	1	5834	2	3077967	1	3084	2	0	3000
Picture	22	hit	1	5288	3	3107888	1	3083	2	0	3000
Picture	22	hit	1	4273	2	3146559	1	3084	2	0	3000
Picture	33	miss				3179397	1	3083	2	0	3000
Picture	22	hit	1	5941	3	3215984	1	3084	2	0	3000
Picture	22	hit	1	4884	4	3254072	2	3084	3	0	3000
Picture	22	hit	1	6942	2	3293577	1	3084	2	0	3000
Picture	22	hit	1	5344	3	3324081	1	3084	2	0	3000
Picture	22	hit	1	5079	2	3353252	1	3083	2	0	3000
Picture	33	miss				3382922	1	3084	2	0	3000
Picture	22	hit	1	3103	2	3414759	1	3084	2	0	3000
Picture	22	hit	1	3932	2	3446430	1	3083	3	0	3000
Picture	22	hit	1	4158	2	3475267	1	3083	2	0	3000
Picture	33	hit	1	3966	2	3510771	1	3084	2	0	3000
Picture	22	hit	1	5139	2	3544442	1	3084	2	0	3000
Picture	22	hit	1	5363	2	3582030	1	3084	2	0	3000
Picture	22	hit	1	5192	2	3618451	1	3084	2	0	3000
Picture	22	hit	1	4937	2	3651205	1	3084	2	0	3000
Picture	22	hit	1	5464	2	3685210	1	3083	2	0	3000
Picture	33	miss				3713463	1	3084	2	0	3000
Picture	22	hit	1	5820	3	3750634	1	3084	2	0	3000
Picture	33	miss				3781805	1	3084	2	0	3000
Picture	22	hit	1	6094	2	3809892	1	3083	2	0	3000
Picture	33	miss				3846730	1	3083	2	0	3000
Picture	22	hit	1	5376	3	3879984	1	3083	3	0	3000
Picture	22	hit	1	3925	3	3911904	2	3084	3	0	3000
Picture	22	hit	1	5671	3	3943908	2	3084	3	0	3000
Picture	22	hit	1	5457	3	3979746	1	3084	2	0	3000
Picture	22	hit	1	5453	3	4011000	1	3084	2	0	3000
Picture	33	miss				4044838	1	3083	2	0	3000
Picture	22	hit	1	3883	3	4077258	1	3084	2	0	3000
Picture	22	hit	1	4743	2	4108429	1	3084	2	0	3000
Picture	22	hit	1	5280	2	4144767	1	3083	3	0	3000
Picture	33	miss				4174437	1	3084	2	0	3000
Picture	22	hit	1	3886	3	4208191	1	3084	2	0	3000
Picture	22	hit	1	4163	2	4246196	1	3084	2	0	3000
Picture	22	hit	1	5117	2	4282117	1	3084	2	0	3000
Picture	33	miss				4320455	1	3084	2	0	3000
Picture	22	hit	1	4815	2	4355543	1	3084	2	0	3000
Picture	33	miss				4392548	1	3083	2	0	3000
Picture	22	hit	1	4067	2	4421135	1	3083	2	0	3000
Picture	22	hit	1	8084	2	4453055	1	3084	2	0	3000
Picture	22	hit	1	4641	2	4493060	1	3084	2	0	3000
Picture	22	hit	1	5189	2	4522981	1	3083	2	0	3000
Picture	22	hit	1	5778	3	4560985	1	3084	2	0	3000
Picture	33	miss				4598073	1	3084	2	0	3000
Picture	22	hit	1	3602	2	4633161	1	3084	2	0	3000
Picture	22	hit	1	4133	4	4669665	2	3084	3	0	3000
Picture	22	hit	1	5249	3	4709170	1	3084	2	0	3000
Picture	33	miss				4745342	1	3083	2	0	3000
Picture	22	hit	1	5376	2	4775762	1	3084	2	0	3000
Picture	22	hit	1	5236	2	4809183	1	3084	2	0	3000
Picture	22	hit	1	5700	2	4842937	1	3084	2	0	3000
Picture	33	miss				4873274	1	3084	2	0	3000
Picture	22	hit	1	4691	3	4912696	1	3083	3	0	3000
Picture	22	hit	1	6073	2	4941783	1	3083	2	0	3000
Picture	22	hit	1	5329	2	4972370	1	3084	2	0	3000
Picture	33	miss				5003790	2	3084	3	0	3000
Picture	22	hit	1	5671	2	8549982	1	3084	2	0	3000
Picture	33	miss				8580319	1	3084	2	0	3000
Picture	22	hit	1	4557	2	8620158	1	3083	2	0	3000
Picture	22	hit	1	5646	3	8655162	1	3084	2	0	3000
Picture	22	hit	1	8673	2	8691667	1	3083	2	0	3000
Picture	33	miss				8728421	1	3084	2	0	3000
Picture	22	hit	1	6643	2	8762759	1	3083	2	0	3000
Picture	22	hit	1	4827	4	8793012	2	3084	3	0	3000
Picture	22	hit	1	4697	2	8832517	1	3084	2	0	3000
Picture	22	hit	1	4567	2	8870772	1	3084	2	0	3000
Picture	22	hit	1	6812	2	8907277	1	3083	2	0	3000
Picture	33	miss				8941364	1	3084	2	0	3000
Picture	22	hit	1	6679	2	8973035	1	3084	2	0	3000
Picture	22	hit	1	17965	3	9008623	1	3083	2	0	3000
Picture	22	hit	1	9034	3	9038960	1	3083	3	0	3000
Picture	22	hit	1	5926	2	9072381	1	3083	2	0	3000
Picture	22	hit	1	3786	2	9110302	1	3084	2	0	3000
Picture	33	miss				9144056	1	3084	2	0	3000
Picture	22	hit	1	6631	2	9182144	1	3084	2	0	3000
Picture	22	hit	1	5376	2	9217149	1	3083	2	0	3000
Picture	22	hit	1	6423	2	9255320	1	3084	2	0	3000
Picture	22	hit	1	4117	2	9294658	1	3084	2	0	3000
Picture	22	hit	1	5539	2	9324329	1	3083	2	0	3000
Picture	22	hit	1	4785	2	9358833	1	3084	2	0	3000
Picture	22	hit	1	5020	2	9391254	1	3083	2	0	3000
Picture	33	miss				9425008	1	3084	2	0	3000
Picture	22	hit	1	5542	2	9464013	1	3083	2	0	3000
Picture	22	hit	1	8256	3	9499267	1	3084	2	0	3000
Picture	22	hit	1	5387	2	9538855	1	3084	2	0	3000
Picture	22	hit	1	6392	2	9577694	1	3083	2	0	3000
Picture	22	hit	1	5775	3	9606280	2	3084	3	0	3000
Picture	22	hit	1	4915	2	9644952	1	3084	2	0	3000
Picture	22	hit	1	3963	2	9680123	1	3084	2	0	3000
Picture	33	miss				9708960	1	3084	2	0	3000
Picture	22	hit	1	3610	2	9743131	1	3084	2	0	3000
Picture	22	hit	1	3939	3	9781552	1	3084	2	0	3000
Picture	22	hit	1	4445	2	9817140	1	3084	2	0	3000
Picture	22	hit	1	4117	3	9854811	2	3084	3	0	3000
Picture	22	hit	1	4362	3	9889566	1	3083	2	0	3000
Picture	22	hit	1	5169	2	9927821	1	3083	2	0	3000
Picture	22	hit	1	6009	2	9963075	1	3084	2	0	3000
Picture	33	miss				9998496	1	3084	2	0	3000
Picture	22	hit	1	4282	2	10028083	1	3084	2	0	3000
Picture	22	hit	1	12039	2	10058920	1	3084	2	0	3000
Picture	22	hit	1	7285	2	10089924	1	3084	2	0	3000
Picture	22	hit	1	7646	3	10120344	2	3084	3	0	3000
Picture	22	hit	1	6005	2	10157766	1	3084	2	0	3000
Picture	33	miss				10190020	1	3084	2	0	3000
Picture	22	hit	1	5902	2	10229275	1	3083	2	0	3000
Picture	22	hit	1	4032	3	10269113	1	3084	2	0	3000
Picture	22	hit	1	4111	2	10302784	1	3084	2	0	3000
Picture	33	hit	1	3741	3	10339872	1	3084	2	0	3000
Picture	22	hit	1	5289	3	10378793	1	3084	2	0	3000
Picture	22	hit	1	5482	2	10414381	1	3084	2	0	3000
Picture	22	hit	1	10967	2	10449052	1	3084	2	0	3000
Picture	33	miss				10485473	1	3084	2	0	3000
Picture	22	hit	1	5719	2	10515394	1	3083	2	0	3000
Picture	22	hit	1	5266	3	10548815	1	3083	2	0	3000
Picture	22	hit	1	6034	2	10577735	1	3084	2	0	3000
Picture	22	hit	1	4385	2	10614073	1	3083	2	0	3000
Picture	22	hit	1	6765	2	10648410	1	3084	2	0	3000
Picture	33	miss				10681748	1	3083	3	0	3000
Picture	22	hit	1	4776	2	10721336	1	3084	2	0	3000
Picture	22	hit	1	4760	2	10760258	1	3083	2	0	3000
Picture	22	hit	1	7954	3	10794095	1	3084	2	0	3000
Picture	22	hit	1	5095	2	10833517	1	3083	2	0	3000
Picture	22	hit	1	4748	2	10862770	1	3084	2	0	3000
Picture	33	hit	1	4503	2	10897858	1	3084	2	0	3000
Picture	22	hit	1	4718	2	10931862	1	3084	2	0	3000
Picture	22	hit	1	5995	2	10962616	1	3084	2	0	3000
Picture	22	hit	1	5158	2	10993453	1	3084	2	0	3000
Picture	33	miss				11024374	1	3083	3	0	3000
Picture	22	hit	1	5400	3	11059461	2	3084	3	0	3000
Picture	22	hit	1	4457	2	11098216	1	3084	2	0	3000
Picture	22	hit	1	3904	2	11134554	1	3084	2	0	3000
Picture	22	hit	1	4614	2	11173059	1	3084	2	0	3000
Picture	22	hit	1	5900	2	11212397	1	3084	2	0	3000
Picture	33	miss				11246901	2	3084	3	0	3000
Picture	22	hit	1	6808	2	11281489	1	3084	2	0	3000
Picture	22	hit	1	6130	2	11312326	1	3084	2	0	3000
Picture	22	hit	1	12966	2	11346581	1	3083	2	0	3000
Picture	33	miss				11383752	1	3084	2	0	3000
Picture	22	hit	1	5842	3	11422923	2	3084	3	0	3000
Picture	22	hit	1	9140	2	11453844	1	3084	2	0	3000
Picture	22	hit	1	3844	2	11489765	1	3084	2	0	3000
Picture	22	hit	1	4882	2	11520602	1	3084	2	0	3000
Picture	22	hit	1	5440	2	11549106	1	3084	2	0	3000
Picture	22	hit	1	4468	3	11578359	2	3084	3	0	3000
Picture	22	hit	1	3233	2	11613364	1	3084	2	0	3000
Picture	33	hit	1	3177	2	11651369	1	3083	2	0	3000
Picture	22	hit	1	5132	2	11682539	1	3084	2	0	3000
Picture	33	miss				11713460	1	3083	2	0	3000
Picture	22	hit	1	3978	2	11744630	1	3084	2	0	3000
Picture	22	hit	1	5139	3	11777218	1	3083	2	0	3000
Picture	22	hit	1	4594	2	11808388	1	3084	2	0	3000
Picture	22	hit	1	6206	3	11837558	2	3084	3	0	3000
Picture	22	hit	1	5647	3	11877647	1	3083	2	0	3000
Picture	33	miss				11909234	1	3084	2	0	3000
Picture	22	hit	1	4899	2	11945739	1	3083	2	0	3000
Picture	22	hit	1	4592	3	11985577	1	3084	2	0	3000
Picture	22	hit	1	7774	3	12024582	1	3083	2	0	3000
Picture	22	hit	1	6260	2	12061253	1	3084	2	0	3000
Picture	22	hit	1	5016	4	12094840	2	3084	3	0	3000
Picture	33	miss				12129261	2	3084	3	0	3000
Picture	22	hit	1	3487	2	12162932	1	3084	2	0	3000
Picture	22	hit	1	4784	2	12195853	1	3084	2	0	3000
Picture	22	hit	1	4030	2	12225357	1	3083	2	0	3000
Picture	33	miss				12260528	1	3083	3	0	3000
Picture	22	hit	1	4170	2	12299283	1	3083	2	0	3000
Picture	22	hit	1	7746	2	12328203	1	3084	2	0	3000
Picture	22	hit	1	5846	3	12358540	1	3084	2	0	3000
Picture	22	hit	1	3123	2	12388294	1	3083	2	0	3000
Picture	22	hit	1	4849	2	12423131	1	3084	2	0	3000
Picture	33	hit	1	5480	2	12454219	1	3083	2	0	3000
Picture	22	hit	1	4027	2	12491140	1	3084	2	0	3000
Picture	33	hit	1	3898	2	12523144	1	3084	2	0	3000
Picture	22	hit	1	3779	2	12558732	1	3083	2	0	3000
Picture	33	miss				12593986	1	3084	2	0	3000
Picture	22	hit	1	8500	2	12625573	1	3084	2	0	3000
Picture	33	miss				12656160	1	3084	2	0	3000
Picture	22	hit	1	6584	3	12693582	1	3083	2	0	3000
Picture	22	hit	1	7081	2	12723085	1	3084	2	0	3000
Picture	22	hit	1	5743	3	12760673	2	3084	3	0	3000
Picture	33	miss				12788927	1	3084	2	0	3000
Picture	22	hit	1	7578	2	12818681	1	3083	2	0	3000
Picture	22	hit	1	9242	2	12848268	1	3083	2	0	3000
Picture	22	hit	1	6602	2	12876688	1	3084	2	0	3000
Picture	22	hit	1	8328	2	12906525	1	3084	2	0	3000
Picture	22	hit	1	8021	2	12942613	1	3083	3	0	3000
Picture	33	miss				12971116	1	3084	2	0	3000
Picture	22	hit	1	6658	2	13010538	1	3084	2	0	3000
Picture	22	hit	1	5997	2	13048543	1	3083	2	0	3000
Picture	22	hit	1	14753	2	13082130	1	3084	2	0	3000
Picture	33	miss				13110384	1	3083	2	0	3000
Picture	22	hit	1	6735	2	13141554	1	3084	2	0	3000
Picture	33	miss				13177642	1	3084	2	0	3000
Picture	22	hit	1	5185	3	13209979	2	3084	3	0	3000
Picture	33	miss				13249984	1	3084	2	0	3000
Picture	22	hit	1	4446	2	13284155	1	3084	2	0	3000
Picture	22	hit	1	9628	3	13321160	1	3084	2	0	3000
Picture	22	hit	1	3823	2	13353997	1	3084	2	0	3000
Picture	22	hit	1	4650	2	13390669	1	3083	2	0	3000
Picture	22	hit	1	5210	3	13421672	2	3084	3	0	3000
Picture	22	hit	1	5529	3	13451509	2	3084	3	0	3000
Picture	22	hit	1	9268	3	13484180	1	3084	2	0	3000
Picture	33	miss				13519268	1	3084	2	0	3000
Picture	22	hit	1	6776	3	13548855	1	3084	2	0	3000
Picture	22	hit	1	7171	2	13586276	1	3084	2	0	3000
Picture	22	hit	1	5789	3	13619530	2	3084	3	0	3000
Picture	22	hit	1	6295	2	13647617	1	3084	2	0	3000
Picture	22	hit	1	5687	4	13676037	2	3084	3	0	3000
Picture	33	miss				13713875	2	3084	3	0	3000
