Scenario - EFT lento Abril 2011
Logfile written - 12/22/2011 12:06:32

Subject	Trial	Event Type	Code	Time	TTime	Uncertainty	Duration	Uncertainty	ReqTime	ReqDur

cib	2	Picture	10	10414	0	1	3153	2	0	3000
cib	3	Response	2	15944	2211	1
cib	4	Picture	11	44437	0	2	3154	3	0	3000
cib	5	Response	1	48989	1232	1
cib	6	Picture	11	82112	0	2	3154	3	0	3000
cib	7	Response	1	86217	785	1
cib	8	Picture	21	110659	0	2	3154	3	0	3000
cib	9	Response	2	115932	1953	1
cib	10	Picture	21	149828	0	1	3154	2	0	3000
cib	11	Response	2	154277	1130	2
cib	12	Picture	11	186507	0	2	3154	3	0	3000
cib	13	Response	1	190416	589	1
cib	14	Picture	21	216216	0	1	3153	2	0	3000
cib	15	Response	2	219954	419	1
cib	16	Picture	11	251899	0	2	3154	3	0	3000
cib	17	Response	1	255355	136	1
cib	18	Picture	20	292064	0	1	3154	2	0	3000
cib	19	Response	2	297943	2560	1
cib	20	Picture	20	324428	0	2	3154	3	0	3000
cib	21	Response	2	329132	1384	1
cib	22	Picture	11	361273	0	2	3154	3	0	3000
cib	23	Response	1	365180	587	2
cib	24	Picture	11	400110	0	2	3154	3	0	3000
cib	25	Response	1	403905	475	1
cib	26	Picture	20	433802	0	1	3154	2	0	3000
cib	27	Response	2	438863	1741	1
cib	28	Picture	20	466000	0	2	3154	3	0	3000
cib	29	Response	2	471525	2205	1
cib	30	Picture	11	496871	0	1	3153	2	0	3000
cib	31	Response	1	500537	347	1
cib	32	Picture	10	533052	0	1	3153	3	0	3000
cib	32	Response	2	535645	2593	1
cib	34	Picture	21	570395	0	2	3154	3	0	3000
cib	35	Response	2	574399	684	1
cib	36	Picture	10	606577	0	1	3153	2	0	3000
cib	37	Response	1	611944	2048	1
cib	38	Picture	11	644418	0	1	3153	2	0	3000
cib	39	Response	1	648284	547	1
cib	40	Picture	11	674790	0	1	3154	2	0	3000
cib	41	Response	1	680151	2042	1
cib	42	Picture	10	704997	0	1	3153	2	0	3000
cib	43	Response	1	712369	4053	1
cib	44	Picture	11	735369	0	1	3153	3	0	3000
cib	45	Response	1	739194	506	1
cib	46	Picture	20	766903	0	2	3154	3	0	3000
cib	47	Response	2	773390	3167	1
cib	48	Picture	21	804744	0	2	3154	3	0	3000
cib	49	Response	2	809108	1044	1
cib	50	Picture	11	843913	0	1	3154	2	0	3000
cib	51	Response	1	848100	867	1
cib	52	Picture	11	883580	0	1	3153	2	0	3000
cib	53	Response	1	887766	867	1
cib	54	Picture	11	920259	0	1	3154	2	0	3000
cib	55	Response	1	924020	441	2
cib	56	Picture	10	956939	0	1	3153	2	0	3000
cib	57	Response	1	962688	2430	2
cib	58	Picture	11	996771	0	1	3154	2	0	3000
cib	59	Response	1	1000678	587	2
cib	60	Picture	11	1032953	0	1	3153	2	0	3000
cib	61	Response	1	1036875	603	1
cib	62	Picture	11	1068138	0	1	3154	2	0	3000
cib	63	Response	1	1072066	608	1
cib	64	Picture	10	1103324	0	1	3153	2	0	3000
cib	65	Response	1	1110234	3591	1
cib	66	Picture	20	1135687	0	2	3154	3	0	3000
cib	67	Response	2	1142101	3094	1
cib	68	Picture	11	1165396	0	2	3154	3	0	3000
cib	69	Response	1	1168899	183	1
cib	70	Picture	21	1202906	0	1	3153	2	0	3000
cib	71	Response	2	1207390	1165	1
cib	72	Picture	11	1238589	0	1	3153	3	0	3000
cib	73	Response	1	1242990	1082	2
cib	74	Picture	11	1277758	0	1	3153	2	0	3000
cib	75	Response	1	1281690	613	1
cib	76	Picture	21	1311118	0	1	3153	2	0	3000
cib	77	Response	2	1315440	1003	95
cib	78	Picture	21	1344810	0	1	3153	2	0	3000
cib	79	Response	2	1349601	1472	1
cib	80	Picture	21	1374684	0	1	3154	2	0	3000
cib	81	Response	2	1378228	225	1
cib	82	Picture	10	1410368	0	1	3153	2	0	3000
cib	83	Response	1	1415397	1710	1
cib	84	Picture	21	1444225	0	2	3154	3	0	3000
cib	85	Response	2	1448090	545	1
cib	86	Picture	11	1481569	0	1	3153	2	0	3000
cib	87	Response	1	1486847	1959	1
cib	88	Picture	21	1511277	0	1	3154	2	0	3000
cib	89	Response	2	1515300	704	1
cib	90	Picture	11	1542977	0	2	3154	3	0	3000
cib	91	Response	1	1547167	870	2
cib	92	Picture	11	1575839	0	2	3154	3	0	3000
cib	93	Response	1	1579249	90	2
cib	94	Picture	10	1604552	0	1	3153	3	0	3000
cib	95	Response	1	1611089	3218	1
cib	96	Picture	21	1636418	0	2	3154	3	0	3000
cib	97	Response	2	1641925	2187	2
cib	98	Picture	11	1670276	0	1	3153	3	0	3000
cib	99	Response	1	1674094	499	1
cib	100	Picture	11	1700648	0	2	3154	3	0	3000
cib	101	Response	1	1704846	878	1
cib	102	Picture	21	1737162	0	1	3153	2	0	3000
cib	103	Response	2	1741458	977	1
cib	104	Picture	11	1770356	0	1	3153	2	0	3000
cib	104	Response	1	1773180	2824	1
cib	106	Picture	20	1809525	0	1	3153	2	0	3000
cib	107	Response	2	1815916	3072	1
cib	108	Picture	20	1838901	0	2	3154	3	0	3000
cib	109	Response	1	1842917	696	1
cib	110	Picture	20	1875249	0	1	3153	2	0	3000
cib	111	Response	2	1880075	1507	1
cib	112	Picture	10	1909770	0	2	3154	3	0	3000
cib	113	Response	1	1917182	4092	2
cib	114	Picture	10	1949769	0	1	3153	2	0	3000
cib	115	Response	1	1955030	1942	1
cib	116	Picture	20	1983793	0	1	3153	2	0	3000
cib	117	Response	1	1987901	789	1
cib	118	Picture	11	2015327	0	1	3153	2	0	3000
cib	119	Response	1	2019437	791	1
cib	120	Picture	21	2054330	0	1	3153	2	0	3000
cib	121	Response	2	2058460	811	1
cib	122	Picture	11	2085864	0	1	3153	3	0	3000
cib	123	Response	1	2089853	670	2
cib	124	Picture	20	2118726	0	1	3153	3	0	3000
cib	125	Response	2	2124401	2356	1
cib	126	Picture	20	2155737	0	2	3154	3	0	3000
cib	127	Response	2	2160686	1629	1
cib	128	Picture	10	2185446	0	1	3153	2	0	3000
cib	129	Response	1	2192203	3438	2
cib	130	Picture	11	2215652	0	2	3154	3	0	3000
cib	131	Response	1	2219685	713	1
cib	132	Picture	11	2253659	0	2	3154	3	0	3000
cib	133	Response	1	2258032	1053	1
cib	134	Picture	21	2292496	0	2	3154	3	0	3000
cib	135	Response	2	2297615	1799	2
cib	136	Picture	21	2331997	0	1	3153	3	0	3000
cib	137	Response	2	2336931	1615	1
cib	138	Picture	10	2363199	0	2	3154	3	0	3000
cib	139	Response	1	2368500	1981	2
cib	140	Picture	21	2400542	0	2	3154	3	0	3000
cib	141	Response	2	2404754	892	2
cib	142	Picture	20	2430085	0	1	3153	3	0	3000
cib	143	Response	2	2435353	1949	1
cib	144	Picture	10	2465105	0	1	3153	2	0	3000
cib	145	Response	1	2470612	2188	1
cib	146	Picture	21	2493983	0	2	3154	3	0	3000
cib	147	Response	2	2498207	904	2
cib	148	Picture	20	2529335	0	1	3153	2	0	3000
cib	149	Response	1	2533309	655	1
cib	150	Picture	20	2564520	0	2	3154	3	0	3000
cib	151	Response	2	2569343	1503	1
cib	152	Picture	20	2603523	0	2	3154	3	0	3000
cib	153	Response	2	2608336	1493	2
cib	154	Picture	10	2633398	0	1	3153	2	0	3000
cib	155	Response	1	2638200	1483	1
cib	156	Picture	11	2664600	0	2	3154	3	0	3000
cib	157	Response	1	2668712	792	1
cib	158	Picture	20	2693977	0	1	3153	2	0	3000
cib	159	Response	2	2698635	1339	1
cib	160	Picture	11	2732482	0	1	3153	2	0	3000
cib	160	Response	1	2735622	3140	1
cib	162	Picture	11	2764348	0	1	3153	2	0	3000
cib	163	Response	1	2769281	1614	1
cib	164	Picture	10	2799699	0	2	3154	3	0	3000
cib	165	Response	1	2805658	2639	1
cib	166	Picture	20	2831234	0	1	3153	2	0	3000
cib	167	Response	2	2837023	2470	1
cib	168	Picture	11	2861606	0	1	3154	2	0	3000
cib	169	Response	1	2865379	454	1
cib	170	Picture	11	2896958	0	1	3153	2	0	3000
cib	171	Response	1	2900661	384	2
cib	172	Picture	11	2935131	0	1	3153	2	0	3000
cib	173	Response	1	2939514	1064	1
cib	174	Picture	11	2971478	0	1	3153	3	0	3000
cib	175	Response	1	2975062	265	1
cib	176	Picture	21	3008489	0	2	3154	3	0	3000
cib	177	Response	2	3012170	361	1
cib	178	Picture	11	3045666	0	2	3154	3	0	3000
cib	179	Response	1	3049930	944	1
cib	180	Picture	21	3083010	0	1	3153	2	0	3000
cib	181	Response	2	3086834	505	1
cib	182	Picture	11	3112552	0	2	3154	3	0	3000
cib	183	Response	1	3116517	661	2
cib	184	Picture	10	3150393	0	2	3154	3	0	3000
cib	185	Response	1	3157896	4183	2
cib	186	Picture	11	3184085	0	1	3154	2	0	3000
cib	187	Response	1	3188174	769	1
cib	188	Picture	11	3224084	0	1	3153	2	0	3000
cib	189	Response	1	3227877	474	1
cib	190	Picture	10	3260597	0	1	3154	2	0	3000
cib	191	Response	1	3267427	3510	1
cib	192	Picture	10	3292629	0	2	3152	6	0	3000
cib	193	Response	1	3297341	1392	2
cib	194	Picture	20	3321840	0	1	3153	3	0	3000
cib	195	Response	2	3328878	3719	1
cib	196	Picture	21	3359349	0	1	3154	2	0	3000
cib	197	Response	2	3363301	633	1
cib	198	Picture	21	3396360	0	2	3154	3	0	3000
cib	199	Response	2	3400819	1139	1
cib	200	Picture	10	3432708	0	1	3153	2	0	3000
cib	201	Response	1	3439130	3103	1
cib	202	Picture	11	3462748	0	2	3154	3	0	3000
cib	203	Response	1	3467754	1686	2
cib	204	Picture	21	3491627	0	1	3153	2	0	3000
cib	205	Response	2	3497558	2612	1
cib	206	Picture	21	3522165	0	2	3154	3	0	3000
cib	207	Response	2	3526454	969	1
cib	208	Picture	21	3553368	0	1	3153	2	0	3000
cib	209	Response	2	3557585	898	1
cib	210	Picture	11	3590379	0	1	3153	2	0	3000
cib	210	Response	1	3593429	3050	1
cib	212	Picture	11	3619756	0	1	3153	2	0	3000
cib	213	Response	1	3623444	369	1
cib	214	Picture	20	3654111	0	2	3154	3	0	3000
cib	215	Response	2	3659908	2477	2
cib	216	Picture	20	3693280	0	1	3153	3	0	3000
cib	217	Response	2	3698806	2206	2
cib	218	Picture	20	3723155	0	1	3153	2	0	3000
cib	219	Response	2	3727727	1253	1
cib	220	Picture	11	3760000	0	1	3153	2	0	3000
cib	221	Response	1	3764304	985	1
cib	222	Picture	10	3789211	0	1	3153	2	0	3000
cib	223	Response	2	3797173	4643	1
cib	224	Picture	20	3824064	0	1	3154	2	0	3000
cib	225	Response	2	3828920	1536	1
cib	226	Picture	20	3861739	0	2	3154	3	0	3000
cib	227	Response	2	3867203	2144	1
cib	228	Picture	20	3895763	0	1	3153	3	0	3000
cib	229	Response	2	3899306	224	2
cib	230	Picture	11	3934766	0	1	3153	3	0	3000
cib	231	Response	1	3939100	1015	1
cib	232	Picture	21	3964640	0	2	3154	3	0	3000
cib	233	Response	2	3969167	1207	1
cib	234	Picture	10	3996341	0	1	3153	2	0	3000
cib	235	Response	1	4002327	2667	2
cib	236	Picture	11	4033186	0	1	3153	3	0	3000
cib	237	Response	1	4036820	315	1
cib	238	Picture	10	4071525	0	1	3153	2	0	3000
cib	239	Response	1	4076254	1410	2
cib	240	Picture	20	4102063	0	2	3154	3	0	3000
cib	241	Response	2	4107417	2034	1
cib	242	Picture	11	4139241	0	1	3153	2	0	3000
cib	243	Response	1	4142907	347	1
cib	244	Picture	20	4170941	0	1	3153	2	0	3000
cib	245	Response	2	4176184	1924	1
cib	246	Picture	11	4205960	0	2	3154	3	0	3000
cib	247	Response	1	4210112	832	1
cib	248	Picture	20	4240648	0	1	3153	3	0	3000
cib	249	Response	2	4245394	1427	1
cib	250	Picture	21	4278323	0	1	3154	2	0	3000
cib	251	Response	2	4281861	219	1
cib	252	Picture	10	4315334	0	2	3154	3	0	3000
cib	253	Response	1	4320060	1406	1
cib	254	Picture	11	4351184	0	1	3153	2	0	3000
cib	255	Response	1	4355686	1183	1
cib	256	Picture	21	4390187	0	1	3153	2	0	3000
cib	257	Response	2	4393676	170	1
cib	258	Picture	20	4427696	0	1	3153	2	0	3000
cib	259	Response	1	4431522	507	1
cib	260	Picture	20	4456906	0	2	3154	3	0	3000
cib	261	Response	2	4461258	1032	1
cib	262	Picture	21	4485619	0	2	3154	3	0	3000
cib	263	Response	2	4489912	973	1
cib	264	Picture	20	4522465	0	1	3153	2	0	3000
cib	265	Response	2	4527783	1999	2
cib	266	Picture	10	4560803	0	2	3154	3	0	3000
cib	267	Response	1	4566357	2234	1
cib	268	Picture	20	4591342	0	1	3153	2	0	3000
cib	269	Response	2	4596421	1760	1
cib	270	Picture	10	4624038	0	1	3153	2	0	3000
cib	271	Response	1	4628139	782	1
cib	272	Picture	20	4656070	0	1	3153	3	0	3000
cib	273	Response	2	4661503	2114	1
cib	274	Picture	20	4688766	0	1	3154	2	0	3000
cib	275	Response	2	4692692	606	1
cib	276	Picture	20	4726275	0	2	3154	3	0	3000
cib	277	Response	2	4732047	2452	2
cib	278	Picture	10	4764780	0	2	3154	3	0	3000
cib	279	Response	1	4770929	2829	1
cib	280	Picture	21	4805111	0	1	3153	2	0	3000
cib	281	Response	2	4809298	868	2
cib	282	Picture	11	4837309	0	1	3153	2	0	3000
cib	283	Response	1	4842517	1889	1
cib	284	Picture	20	4877142	0	1	3153	2	0	3000
cib	285	Response	2	4882684	2223	2
cib	286	Picture	21	4913489	0	1	3153	3	0	3000
cib	287	Response	2	4918201	1393	1
cib	288	Picture	20	4942866	0	1	3153	2	0	3000
cib	289	Response	2	4947744	1559	2
cib	290	Picture	20	4972408	0	2	3154	3	0	3000
cib	290	Response	2	4975373	2965	1
cib	292	Picture	20	5006100	0	1	3154	2	0	3000
cib	293	Response	2	5009565	146	2
cib	294	Picture	20	5044937	0	1	3153	3	0	3000
cib	295	Response	2	5050061	1805	1
cib	296	Picture	20	5075641	0	2	3154	3	0	3000
cib	297	Response	2	5079932	971	1
cib	298	Picture	21	5109001	0	2	3154	3	0	3000
cib	299	Response	2	5113272	951	2
cib	300	Picture	10	5139374	0	1	3153	2	0	3000
cib	301	Response	2	5143957	1264	1
cib	302	Response	1	5549343	378103	1
cib	304	Picture	10	5569733	0	1	3153	3	0	3000
cib	306	Picture	11	5607740	0	2	3154	3	0	3000
cib	307	Response	1	5611862	803	1
cib	308	Picture	20	5646909	0	1	3153	2	0	3000
cib	309	Response	2	5652061	1833	1
cib	310	Picture	11	5679936	0	3	3154	4	0	3000
cib	311	Response	1	5684604	1348	1
cib	312	Picture	20	5719106	0	1	3153	2	0	3000
cib	313	Response	2	5724386	1961	1
cib	314	Picture	11	5759104	0	2	3154	3	0	3000
cib	315	Response	1	5762461	37	1
cib	316	Picture	11	5797941	0	2	3154	3	0	3000
cib	317	Response	1	5802305	1044	1
cib	318	Picture	20	5828480	0	1	3153	2	0	3000
cib	319	Response	2	5833638	1839	1
cib	320	Picture	21	5862669	0	2	3154	3	0	3000
cib	321	Response	2	5867244	1255	2
cib	322	Picture	11	5896693	0	2	3154	3	0	3000
cib	323	Response	1	5900612	599	1
cib	324	Picture	20	5934866	0	2	3154	3	0	3000
cib	325	Response	2	5941636	3450	2
cib	326	Picture	20	5970716	0	1	3153	2	0	3000
cib	327	Response	2	5974653	618	1
cib	328	Picture	20	6002914	0	1	3153	2	0	3000
cib	329	Response	2	6007235	1002	1
cib	330	Picture	10	6033120	0	2	3154	3	0	3000
cib	331	Response	1	6039786	3346	2
cib	332	Picture	11	6063991	0	1	3153	2	0	3000
cib	333	Response	1	6068025	715	1
cib	334	Picture	11	6102496	0	1	3153	2	0	3000
cib	335	Response	1	6106982	1167	1
cib	336	Picture	11	6136354	0	1	3153	2	0	3000
cib	337	Response	1	6140668	995	2
cib	338	Picture	21	6173365	0	1	3153	2	0	3000
cib	339	Response	2	6177770	1086	1
cib	340	Picture	10	6210708	0	1	3153	2	0	3000
cib	341	Response	1	6216142	2115	2
cib	342	Picture	20	6242076	0	1	3154	2	0	3000
cib	343	Response	2	6247794	2398	1
cib	344	Picture	11	6277926	0	1	3153	2	0	3000
cib	345	Response	1	6281893	648	2
cib	346	Picture	11	6309958	0	1	3153	2	0	3000
cib	347	Response	1	6313871	594	1
cib	348	Picture	11	6348463	0	1	3153	2	0	3000
cib	349	Response	1	6352184	402	1
cib	350	Picture	10	6380661	0	1	3153	2	0	3000
cib	351	Response	1	6387493	3513	1
cib	352	Picture	20	6416510	0	2	3154	3	0	3000
cib	353	Response	2	6421151	1321	2
cib	354	Picture	10	6456177	0	1	3153	3	0	3000
cib	355	Response	1	6461317	1821	2
cib	356	Picture	11	6486881	0	2	3154	3	0	3000
cib	357	Response	1	6491029	828	1
cib	358	Picture	21	6517088	0	1	3153	2	0	3000
cib	359	Response	2	6521771	1364	2
cib	360	Picture	21	6550614	0	1	3153	2	0	3000
cib	361	Response	2	6554995	1062	1
cib	362	Picture	11	6579990	0	2	3154	3	0	3000
cib	363	Response	1	6584389	1079	1
cib	364	Picture	21	6613184	0	2	3154	3	0	3000
cib	365	Response	2	6617430	926	1
cib	366	Picture	10	6651357	0	2	3154	3	0	3000
cib	367	Response	1	6656332	1655	1
cib	368	Picture	10	6689862	0	2	3154	3	0	3000
cib	369	Response	1	6695207	2025	1
cib	370	Picture	21	6724052	0	1	3153	3	0	3000
cib	371	Response	2	6727953	582	1
cib	372	Picture	10	6757246	0	1	3153	3	0	3000
cib	373	Response	1	6763617	3052	1
cib	374	Picture	21	6795585	0	1	3153	3	0	3000
cib	375	Response	2	6799632	728	2
cib	376	Picture	20	6831434	0	2	3154	3	0	3000
cib	377	Response	1	6834967	213	1
cib	378	Picture	11	6867284	0	1	3153	2	0	3000
cib	379	Response	1	6871718	1115	1
cib	380	Picture	20	6901474	0	1	3153	2	0	3000
cib	381	Response	2	6907672	2879	1
cib	382	Picture	10	6937655	0	1	3153	3	0	3000
cib	383	Response	1	6943069	2095	1
cib	384	Picture	11	6971513	0	1	3153	2	0	3000
cib	385	Response	1	6975582	750	1
cib	386	Picture	20	7000558	0	1	3153	2	0	3000
cib	387	Response	2	7005975	2098	1
cib	388	Picture	20	7036075	0	1	3153	3	0	3000
cib	389	Response	2	7039925	531	2
cib	390	Picture	21	7065618	0	1	3153	2	0	3000
cib	391	Response	2	7070202	1265	1
cib	392	Picture	20	7100969	0	1	3154	2	0	3000
cib	393	Response	2	7105001	712	1
cib	394	Picture	10	7129848	0	1	3153	2	0	3000
cib	395	Response	2	7133626	459	1
cib	396	Picture	11	7170178	0	2	3154	3	0	3000
cib	397	Response	1	7174670	1172	2
cib	398	Picture	10	7207024	0	1	3153	2	0	3000
cib	400	Picture	11	7239056	0	1	3153	2	0	3000
cib	401	Response	1	7243169	794	1
cib	402	Picture	20	7274407	0	2	3154	3	0	3000
cib	403	Response	2	7279069	1342	1
cib	404	Picture	10	7304614	0	1	3153	2	0	3000
cib	405	Response	1	7308672	739	2
cib	406	Picture	21	7341625	0	1	3154	2	0	3000
cib	407	Response	2	7345951	1006	7
cib	408	Picture	10	7372661	0	2	3154	3	0	3000
cib	409	Response	1	7377259	1278	2
cib	410	Picture	21	7403034	0	1	3153	2	0	3000
cib	411	Response	2	7407532	1179	1
cib	412	Picture	11	7442535	0	1	3153	2	0	3000
cib	413	Response	1	7446523	669	2
cib	414	Picture	10	7478218	0	1	3154	2	0	3000
cib	415	Response	1	7485691	4153	1
cib	416	Picture	20	7516557	0	1	3154	2	0	3000
cib	417	Response	1	7520347	470	1
cib	418	Picture	21	7546266	0	1	3153	2	0	3000
cib	419	Response	2	7550544	959	1
cib	420	Picture	11	7586264	0	2	3154	3	0	3000
cib	421	Response	1	7590566	982	2
cib	422	Picture	20	7620620	0	1	3154	2	0	3000
cib	423	Response	2	7625872	1933	1
cib	424	Picture	20	7649831	0	1	3153	2	0	3000
cib	425	Response	2	7654938	1788	1
cib	426	Picture	11	7687838	0	1	3153	2	0	3000
cib	427	Response	1	7691521	364	1
cib	428	Picture	21	7716717	0	1	3153	2	0	3000
cib	429	Response	2	7720674	638	1
cib	430	Picture	20	7749910	0	2	3154	3	0	3000
cib	431	Response	2	7754632	1402	2
cib	432	Picture	20	7785926	0	1	3153	2	0	3000
cib	433	Response	2	7790354	1109	2
cib	434	Picture	10	7822439	0	2	3154	3	0	3000
cib	435	Response	2	7826337	578	1
cib	436	Picture	11	7851816	0	1	3153	2	0	3000
cib	437	Response	1	7856251	1116	1
cib	438	Picture	10	7884678	0	1	3153	2	0	3000
cib	440	Picture	21	7914054	0	2	3154	3	0	3000
cib	441	Response	2	7917651	277	2
cib	442	Picture	20	7944261	0	1	3153	3	0	3000
cib	443	Response	2	7949341	1761	2
cib	444	Picture	21	7983264	0	1	3153	2	0	3000
cib	445	Response	2	7987366	783	1
cib	446	Picture	10	8013802	0	2	3154	3	0	3000
cib	447	Response	1	8020734	3612	1
cib	448	Picture	21	8048656	0	1	3153	2	0	3000
cib	449	Response	2	8052887	912	2
cib	450	Picture	20	8082514	0	1	3153	2	0	3000
cib	451	Response	2	8088346	2513	1
cib	452	Picture	10	8116040	0	1	3153	2	0	3000
cib	453	Response	1	8121472	2113	1
cib	454	Picture	20	8145582	0	1	3154	2	0	3000
cib	455	Response	2	8153129	4227	1
cib	456	Picture	21	8174793	0	1	3153	2	0	3000
cib	457	Response	2	8178963	851	1
cib	458	Picture	10	8213298	0	1	3153	2	0	3000
cib	459	Response	1	8218045	1428	1
cib	460	Picture	11	8250309	0	1	3153	3	0	3000
cib	461	Response	1	8254737	1109	1
cib	462	Picture	10	8288980	0	1	3153	2	0	3000
cib	463	Response	1	8293844	1545	1
cib	464	Picture	10	8329145	0	1	3153	2	0	3000
cib	465	Response	1	8334924	2460	1
cib	466	Picture	10	8364994	0	1	3153	3	0	3000
cib	467	Response	1	8369906	1593	1
cib	468	Picture	21	8405325	0	1	3153	2	0	3000
cib	469	Response	2	8409099	455	1
cib	470	Picture	10	8444162	0	1	3153	2	0	3000
cib	471	Response	1	8448066	585	1
cib	472	Picture	11	8480675	0	1	3153	2	0	3000
cib	473	Response	1	8485614	1620	1
cib	474	Picture	20	8514035	0	1	3153	2	0	3000
cib	475	Response	2	8519678	2324	1
cib	476	Picture	20	8546399	0	1	3153	2	0	3000
cib	477	Response	1	8550216	498	1
cib	478	Picture	11	8582580	0	2	3154	3	0	3000
cib	479	Response	1	8586780	880	1
cib	480	Picture	11	8621251	0	2	3154	3	0	3000
cib	481	Response	1	8625564	993	2
cib	482	Picture	11	8657433	0	1	3153	2	0	3000
cib	483	Response	1	8661225	473	1
cib	484	Picture	11	8689465	0	1	3153	2	0	3000
cib	484	Response	1	8692557	3092	1
cib	486	Picture	10	8726310	0	1	3153	3	0	3000
cib	487	Response	1	8731370	1741	1
cib	488	Picture	11	8764483	0	1	3153	2	0	3000
cib	489	Response	1	8768298	496	1
cib	490	Picture	21	8800996	0	2	3154	3	0	3000
cib	491	Response	2	8805847	1531	2
cib	492	Picture	10	8837344	0	1	3153	2	0	3000
cib	493	Response	1	8842337	1674	2
cib	494	Picture	20	8874023	0	1	3153	3	0	3000
cib	495	Response	2	8882500	5158	2
cib	496	Picture	10	8906719	0	1	3153	3	0	3000
cib	497	Response	1	8912537	2499	1
cib	498	Picture	21	8942734	0	2	3154	3	0	3000
cib	499	Response	2	8946905	851	1
cib	500	Picture	10	8976260	0	2	3154	3	0	3000
cib	501	Response	1	8981271	1691	1
cib	502	Picture	21	9010782	0	1	3153	2	0	3000
cib	503	Response	2	9014256	155	2
cib	504	Picture	20	9050283	0	1	3153	2	0	3000
cib	505	Response	2	9056369	2767	1
cib	506	Picture	10	9083643	0	1	3153	2	0	3000
cib	507	Response	1	9089590	2628	2
cib	508	Picture	10	9121152	0	1	3153	2	0	3000
cib	509	Response	1	9126343	1872	1
cib	510	Picture	11	9149699	0	1	3153	2	0	3000
cib	511	Response	1	9153429	411	1
cib	512	Picture	10	9181067	0	1	3153	2	0	3000
cib	513	Response	1	9185828	1442	1
cib	514	Picture	20	9210277	0	2	3154	3	0	3000
cib	515	Response	2	9215248	1651	1
cib	516	Picture	10	9241314	0	2	3153	3	0	3000
cib	517	Response	1	9246055	1422	1
cib	518	Picture	20	9275835	0	2	3154	3	0	3000
cib	519	Response	2	9280714	1559	1
cib	520	Picture	10	9313013	0	1	3153	2	0	3000
cib	521	Response	1	9317850	1518	2
cib	522	Picture	21	9351518	0	1	3153	2	0	3000
cib	523	Response	2	9355070	233	1
cib	524	Picture	21	9391018	0	2	3154	3	0	3000
cib	525	Response	2	9395688	1350	1
cib	526	Picture	10	9424876	0	2	3154	3	0	3000
cib	527	Response	1	9430117	1921	2
cib	528	Picture	21	9462717	0	2	3154	3	0	3000
cib	529	Response	2	9466661	624	1
cib	530	Picture	10	9496409	0	1	3154	2	0	3000
cib	531	Response	1	9501153	1424	1
cib	532	Picture	20	9535744	0	1	3153	2	0	3000
cib	533	Response	2	9540084	1021	2
cib	534	Picture	21	9567776	0	1	3153	3	0	3000
cib	535	Response	2	9571453	358	2
cib	536	Picture	10	9603958	0	1	3153	2	0	3000
cib	536	Response	2	9606799	2841	1
cib	538	Picture	10	9636156	0	1	3153	2	0	3000
cib	539	Response	1	9641691	2216	1
cib	540	Picture	21	9671673	0	1	3154	2	0	3000
cib	541	Response	2	9675852	860	1
cib	542	Picture	11	9700884	0	1	3153	2	0	3000
cib	543	Response	1	9705463	1260	1
cib	544	Picture	11	9731920	0	1	3153	3	0	3000
cib	545	Response	1	9735673	434	2
cib	546	Picture	11	9763786	0	2	3154	3	0	3000
cib	547	Response	1	9767916	810	1
cib	548	Picture	10	9800134	0	1	3153	2	0	3000
cib	549	Response	1	9805051	1598	2
cib	550	Picture	21	9831502	0	1	3153	2	0	3000
cib	551	Response	2	9835824	1003	1
cib	552	Picture	10	9869509	0	1	3153	3	0	3000
cib	553	Response	1	9874872	2044	1
cib	554	Picture	10	9900877	0	1	3154	2	0	3000
cib	555	Response	1	9906791	2594	1
cib	556	Picture	10	9936561	0	1	3153	2	0	3000
cib	557	Response	1	9941774	1894	1
cib	558	Picture	20	9972576	0	1	3153	3	0	3000
cib	559	Response	2	9978225	2330	2
cib	560	Picture	10	10003612	0	2	3154	3	0	3000
cib	561	Response	1	10008910	1978	1
cib	562	Picture	21	10032823	0	1	3153	3	0	3000
cib	563	Response	2	10040472	4330	1
cib	564	Picture	10	10064191	0	2	3154	3	0	3000
cib	565	Response	1	10069951	2440	2
cib	566	Picture	20	10094730	0	1	3153	2	0	3000
cib	567	Response	2	10100161	2112	1
cib	568	Picture	10	10133069	0	1	3153	2	0	3000
cib	569	Response	1	10137882	1494	1
cib	570	Picture	11	10169748	0	1	3153	3	0	3000
cib	571	Response	1	10174310	1243	1
cib	572	Picture	21	10210079	0	1	3153	2	0	3000
cib	573	Response	2	10214599	1201	1
cib	574	Picture	21	10249579	0	2	3154	3	0	3000
cib	575	Response	2	10254215	1316	1
cib	576	Picture	20	10283769	0	1	3154	2	0	3000
cib	577	Response	2	10289908	2819	1
cib	578	Picture	11	10318125	0	1	3153	2	0	3000
cib	579	Response	1	10322098	654	1
cib	580	Picture	10	10347668	0	1	3153	2	0	3000
cib	582	Picture	20	10387998	0	1	3154	2	0	3000
cib	583	Response	2	10393278	1960	2
cib	584	Picture	21	10423350	0	1	3153	2	0	3000
cib	585	Response	2	10427938	1269	2
cib	586	Picture	20	10461689	0	1	3153	2	0	3000
cib	587	Response	2	10466161	1153	1
cib	588	Picture	21	10490733	0	2	3154	3	0	3000
cib	589	Response	2	10494344	291	1
cib	590	Picture	20	10529902	0	2	3154	3	0	3000
cib	591	Response	2	10534041	819	1
cib	592	Picture	20	10562266	0	2	3154	3	0	3000
cib	593	Response	2	10566996	1410	1
cib	594	Picture	21	10598780	0	1	3153	2	0	3000
cib	595	Response	2	10603128	1029	1
cib	596	Picture	21	10634795	0	1	3153	3	0	3000
cib	597	Response	2	10639024	910	1
cib	598	Picture	10	10671308	0	2	3154	3	0	3000
cib	599	Response	1	10676395	1767	1
cib	600	Picture	20	10709315	0	2	3154	3	0	3000
cib	601	Response	2	10714468	1833	1
cib	602	Picture	20	10742509	0	2	3154	3	0	3000
cib	603	Response	2	10746950	1121	1
cib	604	Response	1	10814250	35061	1


Event Type	Code	Type	Response	RT	RT Uncertainty	Time	Uncertainty	Duration	Uncertainty	ReqTime	ReqDur

Picture	10	other				10414	1	3153	2	0	3000
Picture	11	other				44437	2	3154	3	0	3000
Picture	11	other				82112	2	3154	3	0	3000
Picture	21	other				110659	2	3154	3	0	3000
Picture	21	other				149828	1	3154	2	0	3000
Picture	11	other				186507	2	3154	3	0	3000
Picture	21	other				216216	1	3153	2	0	3000
Picture	11	other				251899	2	3154	3	0	3000
Picture	20	other				292064	1	3154	2	0	3000
Picture	20	other				324428	2	3154	3	0	3000
Picture	11	other				361273	2	3154	3	0	3000
Picture	11	other				400110	2	3154	3	0	3000
Picture	20	other				433802	1	3154	2	0	3000
Picture	20	other				466000	2	3154	3	0	3000
Picture	11	other				496871	1	3153	2	0	3000
Picture	10	other				533052	1	3153	3	0	3000
Picture	21	other				570395	2	3154	3	0	3000
Picture	10	other				606577	1	3153	2	0	3000
Picture	11	other				644418	1	3153	2	0	3000
Picture	11	other				674790	1	3154	2	0	3000
Picture	10	other				704997	1	3153	2	0	3000
Picture	11	other				735369	1	3153	3	0	3000
Picture	20	other				766903	2	3154	3	0	3000
Picture	21	other				804744	2	3154	3	0	3000
Picture	11	other				843913	1	3154	2	0	3000
Picture	11	other				883580	1	3153	2	0	3000
Picture	11	other				920259	1	3154	2	0	3000
Picture	10	other				956939	1	3153	2	0	3000
Picture	11	other				996771	1	3154	2	0	3000
Picture	11	other				1032953	1	3153	2	0	3000
Picture	11	other				1068138	1	3154	2	0	3000
Picture	10	other				1103324	1	3153	2	0	3000
Picture	20	other				1135687	2	3154	3	0	3000
Picture	11	other				1165396	2	3154	3	0	3000
Picture	21	other				1202906	1	3153	2	0	3000
Picture	11	other				1238589	1	3153	3	0	3000
Picture	11	other				1277758	1	3153	2	0	3000
Picture	21	other				1311118	1	3153	2	0	3000
Picture	21	other				1344810	1	3153	2	0	3000
Picture	21	other				1374684	1	3154	2	0	3000
Picture	10	other				1410368	1	3153	2	0	3000
Picture	21	other				1444225	2	3154	3	0	3000
Picture	11	other				1481569	1	3153	2	0	3000
Picture	21	other				1511277	1	3154	2	0	3000
Picture	11	other				1542977	2	3154	3	0	3000
Picture	11	other				1575839	2	3154	3	0	3000
Picture	10	other				1604552	1	3153	3	0	3000
Picture	21	other				1636418	2	3154	3	0	3000
Picture	11	other				1670276	1	3153	3	0	3000
Picture	11	other				1700648	2	3154	3	0	3000
Picture	21	other				1737162	1	3153	2	0	3000
Picture	11	other				1770356	1	3153	2	0	3000
Picture	20	other				1809525	1	3153	2	0	3000
Picture	20	other				1838901	2	3154	3	0	3000
Picture	20	other				1875249	1	3153	2	0	3000
Picture	10	other				1909770	2	3154	3	0	3000
Picture	10	other				1949769	1	3153	2	0	3000
Picture	20	other				1983793	1	3153	2	0	3000
Picture	11	other				2015327	1	3153	2	0	3000
Picture	21	other				2054330	1	3153	2	0	3000
Picture	11	other				2085864	1	3153	3	0	3000
Picture	20	other				2118726	1	3153	3	0	3000
Picture	20	other				2155737	2	3154	3	0	3000
Picture	10	other				2185446	1	3153	2	0	3000
Picture	11	other				2215652	2	3154	3	0	3000
Picture	11	other				2253659	2	3154	3	0	3000
Picture	21	other				2292496	2	3154	3	0	3000
Picture	21	other				2331997	1	3153	3	0	3000
Picture	10	other				2363199	2	3154	3	0	3000
Picture	21	other				2400542	2	3154	3	0	3000
Picture	20	other				2430085	1	3153	3	0	3000
Picture	10	other				2465105	1	3153	2	0	3000
Picture	21	other				2493983	2	3154	3	0	3000
Picture	20	other				2529335	1	3153	2	0	3000
Picture	20	other				2564520	2	3154	3	0	3000
Picture	20	other				2603523	2	3154	3	0	3000
Picture	10	other				2633398	1	3153	2	0	3000
Picture	11	other				2664600	2	3154	3	0	3000
Picture	20	other				2693977	1	3153	2	0	3000
Picture	11	other				2732482	1	3153	2	0	3000
Picture	11	other				2764348	1	3153	2	0	3000
Picture	10	other				2799699	2	3154	3	0	3000
Picture	20	other				2831234	1	3153	2	0	3000
Picture	11	other				2861606	1	3154	2	0	3000
Picture	11	other				2896958	1	3153	2	0	3000
Picture	11	other				2935131	1	3153	2	0	3000
Picture	11	other				2971478	1	3153	3	0	3000
Picture	21	other				3008489	2	3154	3	0	3000
Picture	11	other				3045666	2	3154	3	0	3000
Picture	21	other				3083010	1	3153	2	0	3000
Picture	11	other				3112552	2	3154	3	0	3000
Picture	10	other				3150393	2	3154	3	0	3000
Picture	11	other				3184085	1	3154	2	0	3000
Picture	11	other				3224084	1	3153	2	0	3000
Picture	10	other				3260597	1	3154	2	0	3000
Picture	10	other				3292629	2	3152	6	0	3000
Picture	20	other				3321840	1	3153	3	0	3000
Picture	21	other				3359349	1	3154	2	0	3000
Picture	21	other				3396360	2	3154	3	0	3000
Picture	10	other				3432708	1	3153	2	0	3000
Picture	11	other				3462748	2	3154	3	0	3000
Picture	21	other				3491627	1	3153	2	0	3000
Picture	21	other				3522165	2	3154	3	0	3000
Picture	21	other				3553368	1	3153	2	0	3000
Picture	11	other				3590379	1	3153	2	0	3000
Picture	11	other				3619756	1	3153	2	0	3000
Picture	20	other				3654111	2	3154	3	0	3000
Picture	20	other				3693280	1	3153	3	0	3000
Picture	20	other				3723155	1	3153	2	0	3000
Picture	11	other				3760000	1	3153	2	0	3000
Picture	10	other				3789211	1	3153	2	0	3000
Picture	20	other				3824064	1	3154	2	0	3000
Picture	20	other				3861739	2	3154	3	0	3000
Picture	20	other				3895763	1	3153	3	0	3000
Picture	11	other				3934766	1	3153	3	0	3000
Picture	21	other				3964640	2	3154	3	0	3000
Picture	10	other				3996341	1	3153	2	0	3000
Picture	11	other				4033186	1	3153	3	0	3000
Picture	10	other				4071525	1	3153	2	0	3000
Picture	20	other				4102063	2	3154	3	0	3000
Picture	11	other				4139241	1	3153	2	0	3000
Picture	20	other				4170941	1	3153	2	0	3000
Picture	11	other				4205960	2	3154	3	0	3000
Picture	20	other				4240648	1	3153	3	0	3000
Picture	21	other				4278323	1	3154	2	0	3000
Picture	10	other				4315334	2	3154	3	0	3000
Picture	11	other				4351184	1	3153	2	0	3000
Picture	21	other				4390187	1	3153	2	0	3000
Picture	20	other				4427696	1	3153	2	0	3000
Picture	20	other				4456906	2	3154	3	0	3000
Picture	21	other				4485619	2	3154	3	0	3000
Picture	20	other				4522465	1	3153	2	0	3000
Picture	10	other				4560803	2	3154	3	0	3000
Picture	20	other				4591342	1	3153	2	0	3000
Picture	10	other				4624038	1	3153	2	0	3000
Picture	20	other				4656070	1	3153	3	0	3000
Picture	20	other				4688766	1	3154	2	0	3000
Picture	20	other				4726275	2	3154	3	0	3000
Picture	10	other				4764780	2	3154	3	0	3000
Picture	21	other				4805111	1	3153	2	0	3000
Picture	11	other				4837309	1	3153	2	0	3000
Picture	20	other				4877142	1	3153	2	0	3000
Picture	21	other				4913489	1	3153	3	0	3000
Picture	20	other				4942866	1	3153	2	0	3000
Picture	20	other				4972408	2	3154	3	0	3000
Picture	20	other				5006100	1	3154	2	0	3000
Picture	20	other				5044937	1	3153	3	0	3000
Picture	20	other				5075641	2	3154	3	0	3000
Picture	21	other				5109001	2	3154	3	0	3000
Picture	10	other				5139374	1	3153	2	0	3000
Picture	10	other				5569733	1	3153	3	0	3000
Picture	11	other				5607740	2	3154	3	0	3000
Picture	20	other				5646909	1	3153	2	0	3000
Picture	11	other				5679936	3	3154	4	0	3000
Picture	20	other				5719106	1	3153	2	0	3000
Picture	11	other				5759104	2	3154	3	0	3000
Picture	11	other				5797941	2	3154	3	0	3000
Picture	20	other				5828480	1	3153	2	0	3000
Picture	21	other				5862669	2	3154	3	0	3000
Picture	11	other				5896693	2	3154	3	0	3000
Picture	20	other				5934866	2	3154	3	0	3000
Picture	20	other				5970716	1	3153	2	0	3000
Picture	20	other				6002914	1	3153	2	0	3000
Picture	10	other				6033120	2	3154	3	0	3000
Picture	11	other				6063991	1	3153	2	0	3000
Picture	11	other				6102496	1	3153	2	0	3000
Picture	11	other				6136354	1	3153	2	0	3000
Picture	21	other				6173365	1	3153	2	0	3000
Picture	10	other				6210708	1	3153	2	0	3000
Picture	20	other				6242076	1	3154	2	0	3000
Picture	11	other				6277926	1	3153	2	0	3000
Picture	11	other				6309958	1	3153	2	0	3000
Picture	11	other				6348463	1	3153	2	0	3000
Picture	10	other				6380661	1	3153	2	0	3000
Picture	20	other				6416510	2	3154	3	0	3000
Picture	10	other				6456177	1	3153	3	0	3000
Picture	11	other				6486881	2	3154	3	0	3000
Picture	21	other				6517088	1	3153	2	0	3000
Picture	21	other				6550614	1	3153	2	0	3000
Picture	11	other				6579990	2	3154	3	0	3000
Picture	21	other				6613184	2	3154	3	0	3000
Picture	10	other				6651357	2	3154	3	0	3000
Picture	10	other				6689862	2	3154	3	0	3000
Picture	21	other				6724052	1	3153	3	0	3000
Picture	10	other				6757246	1	3153	3	0	3000
Picture	21	other				6795585	1	3153	3	0	3000
Picture	20	other				6831434	2	3154	3	0	3000
Picture	11	other				6867284	1	3153	2	0	3000
Picture	20	other				6901474	1	3153	2	0	3000
Picture	10	other				6937655	1	3153	3	0	3000
Picture	11	other				6971513	1	3153	2	0	3000
Picture	20	other				7000558	1	3153	2	0	3000
Picture	20	other				7036075	1	3153	3	0	3000
Picture	21	other				7065618	1	3153	2	0	3000
Picture	20	other				7100969	1	3154	2	0	3000
Picture	10	other				7129848	1	3153	2	0	3000
Picture	11	other				7170178	2	3154	3	0	3000
Picture	10	other				7207024	1	3153	2	0	3000
Picture	11	other				7239056	1	3153	2	0	3000
Picture	20	other				7274407	2	3154	3	0	3000
Picture	10	other				7304614	1	3153	2	0	3000
Picture	21	other				7341625	1	3154	2	0	3000
Picture	10	other				7372661	2	3154	3	0	3000
Picture	21	other				7403034	1	3153	2	0	3000
Picture	11	other				7442535	1	3153	2	0	3000
Picture	10	other				7478218	1	3154	2	0	3000
Picture	20	other				7516557	1	3154	2	0	3000
Picture	21	other				7546266	1	3153	2	0	3000
Picture	11	other				7586264	2	3154	3	0	3000
Picture	20	other				7620620	1	3154	2	0	3000
Picture	20	other				7649831	1	3153	2	0	3000
Picture	11	other				7687838	1	3153	2	0	3000
Picture	21	other				7716717	1	3153	2	0	3000
Picture	20	other				7749910	2	3154	3	0	3000
Picture	20	other				7785926	1	3153	2	0	3000
Picture	10	other				7822439	2	3154	3	0	3000
Picture	11	other				7851816	1	3153	2	0	3000
Picture	10	other				7884678	1	3153	2	0	3000
Picture	21	other				7914054	2	3154	3	0	3000
Picture	20	other				7944261	1	3153	3	0	3000
Picture	21	other				7983264	1	3153	2	0	3000
Picture	10	other				8013802	2	3154	3	0	3000
Picture	21	other				8048656	1	3153	2	0	3000
Picture	20	other				8082514	1	3153	2	0	3000
Picture	10	other				8116040	1	3153	2	0	3000
Picture	20	other				8145582	1	3154	2	0	3000
Picture	21	other				8174793	1	3153	2	0	3000
Picture	10	other				8213298	1	3153	2	0	3000
Picture	11	other				8250309	1	3153	3	0	3000
Picture	10	other				8288980	1	3153	2	0	3000
Picture	10	other				8329145	1	3153	2	0	3000
Picture	10	other				8364994	1	3153	3	0	3000
Picture	21	other				8405325	1	3153	2	0	3000
Picture	10	other				8444162	1	3153	2	0	3000
Picture	11	other				8480675	1	3153	2	0	3000
Picture	20	other				8514035	1	3153	2	0	3000
Picture	20	other				8546399	1	3153	2	0	3000
Picture	11	other				8582580	2	3154	3	0	3000
Picture	11	other				8621251	2	3154	3	0	3000
Picture	11	other				8657433	1	3153	2	0	3000
Picture	11	other				8689465	1	3153	2	0	3000
Picture	10	other				8726310	1	3153	3	0	3000
Picture	11	other				8764483	1	3153	2	0	3000
Picture	21	other				8800996	2	3154	3	0	3000
Picture	10	other				8837344	1	3153	2	0	3000
Picture	20	other				8874023	1	3153	3	0	3000
Picture	10	other				8906719	1	3153	3	0	3000
Picture	21	other				8942734	2	3154	3	0	3000
Picture	10	other				8976260	2	3154	3	0	3000
Picture	21	other				9010782	1	3153	2	0	3000
Picture	20	other				9050283	1	3153	2	0	3000
Picture	10	other				9083643	1	3153	2	0	3000
Picture	10	other				9121152	1	3153	2	0	3000
Picture	11	other				9149699	1	3153	2	0	3000
Picture	10	other				9181067	1	3153	2	0	3000
Picture	20	other				9210277	2	3154	3	0	3000
Picture	10	other				9241314	2	3153	3	0	3000
Picture	20	other				9275835	2	3154	3	0	3000
Picture	10	other				9313013	1	3153	2	0	3000
Picture	21	other				9351518	1	3153	2	0	3000
Picture	21	other				9391018	2	3154	3	0	3000
Picture	10	other				9424876	2	3154	3	0	3000
Picture	21	other				9462717	2	3154	3	0	3000
Picture	10	other				9496409	1	3154	2	0	3000
Picture	20	other				9535744	1	3153	2	0	3000
Picture	21	other				9567776	1	3153	3	0	3000
Picture	10	other				9603958	1	3153	2	0	3000
Picture	10	other				9636156	1	3153	2	0	3000
Picture	21	other				9671673	1	3154	2	0	3000
Picture	11	other				9700884	1	3153	2	0	3000
Picture	11	other				9731920	1	3153	3	0	3000
Picture	11	other				9763786	2	3154	3	0	3000
Picture	10	other				9800134	1	3153	2	0	3000
Picture	21	other				9831502	1	3153	2	0	3000
Picture	10	other				9869509	1	3153	3	0	3000
Picture	10	other				9900877	1	3154	2	0	3000
Picture	10	other				9936561	1	3153	2	0	3000
Picture	20	other				9972576	1	3153	3	0	3000
Picture	10	other				10003612	2	3154	3	0	3000
Picture	21	other				10032823	1	3153	3	0	3000
Picture	10	other				10064191	2	3154	3	0	3000
Picture	20	other				10094730	1	3153	2	0	3000
Picture	10	other				10133069	1	3153	2	0	3000
Picture	11	other				10169748	1	3153	3	0	3000
Picture	21	other				10210079	1	3153	2	0	3000
Picture	21	other				10249579	2	3154	3	0	3000
Picture	20	other				10283769	1	3154	2	0	3000
Picture	11	other				10318125	1	3153	2	0	3000
Picture	10	other				10347668	1	3153	2	0	3000
Picture	20	other				10387998	1	3154	2	0	3000
Picture	21	other				10423350	1	3153	2	0	3000
Picture	20	other				10461689	1	3153	2	0	3000
Picture	21	other				10490733	2	3154	3	0	3000
Picture	20	other				10529902	2	3154	3	0	3000
Picture	20	other				10562266	2	3154	3	0	3000
Picture	21	other				10598780	1	3153	2	0	3000
Picture	21	other				10634795	1	3153	3	0	3000
Picture	10	other				10671308	2	3154	3	0	3000
Picture	20	other				10709315	2	3154	3	0	3000
Picture	20	other				10742509	2	3154	3	0	3000
