Scenario - EFT rapido Abril 2011
Logfile written - 12/22/2011 12:12:29

Subject	Trial	Event Type	Code	Time	TTime	Uncertainty	Duration	Uncertainty	ReqTime	ReqDur

cib	2	Picture	20	10414	0	1	3153	2	0	3000
cib	3	Response	2	16526	2793	2
cib	4	Picture	11	19044	0	1	3153	3	0	3000
cib	5	Response	1	23182	819	2
cib	6	Picture	10	28836	0	2	3154	3	0	3000
cib	7	Response	2	32282	126	1
cib	8	Picture	11	38463	0	1	3153	2	0	3000
cib	9	Response	1	42522	740	2
cib	10	Picture	21	49748	0	2	3154	3	0	3000
cib	11	Response	2	53182	114	1
cib	12	Picture	21	58711	0	1	3153	2	0	3000
cib	13	Response	2	62840	810	2
cib	14	Picture	10	68835	0	1	3153	2	0	3000
cib	15	Response	1	73262	1108	1
cib	16	Picture	10	79955	0	1	3153	2	0	3000
cib	17	Response	1	84544	1270	1
cib	18	Picture	21	89249	0	1	3154	2	0	3000
cib	19	Response	2	93141	572	1
cib	20	Picture	20	98046	0	1	3153	2	0	3000
cib	21	Response	2	102211	846	1
cib	22	Picture	20	106676	0	1	3153	3	0	3000
cib	23	Response	2	110658	663	1
cib	24	Picture	21	115472	0	2	3154	3	0	3000
cib	25	Response	2	119604	812	1
cib	26	Picture	20	126924	0	2	3154	3	0	3000
cib	27	Response	2	130912	668	1
cib	28	Picture	20	136053	0	1	3153	2	0	3000
cib	29	Response	2	140921	1549	1
cib	30	Picture	11	146509	0	1	3153	2	0	3000
cib	30	Response	1	149575	3066	1
cib	32	Picture	21	157131	0	1	3153	2	0	3000
cib	33	Response	2	160967	517	2
cib	34	Picture	20	168251	0	1	3153	2	0	3000
cib	35	Response	2	173307	1737	1
cib	36	Picture	11	177213	0	1	3154	2	0	3000
cib	37	Response	1	180933	401	1
cib	38	Picture	10	186010	0	1	3153	2	0	3000
cib	39	Response	1	190326	997	1
cib	40	Picture	21	194806	0	1	3153	2	0	3000
cib	40	Response	2	197861	3055	1
cib	42	Picture	20	205428	0	1	3153	2	0	3000
cib	43	Response	2	209549	802	1
cib	44	Picture	11	214888	0	2	3154	3	0	3000
cib	45	Response	1	218382	174	1
cib	46	Picture	10	223519	0	1	3153	2	0	3000
cib	47	Response	1	227922	1084	1
cib	48	Picture	20	233311	0	1	3153	2	0	3000
cib	49	Response	2	238434	1804	1
cib	50	Picture	20	243103	0	1	3153	3	0	3000
cib	50	Response	1	246294	3191	1
cib	52	Picture	21	252231	0	2	3154	3	0	3000
cib	53	Response	2	257119	1568	1
cib	54	Picture	21	261526	0	1	3153	2	0	3000
cib	55	Response	2	265242	397	1
cib	56	Picture	11	271152	0	1	3153	2	0	3000
cib	57	Response	1	275102	631	1
cib	58	Picture	20	279948	0	2	3154	3	0	3000
cib	59	Response	2	284256	988	1
cib	60	Picture	21	289077	0	1	3153	2	0	3000
cib	61	Response	2	293415	1019	2
cib	62	Picture	11	298703	0	1	3153	2	0	3000
cib	63	Response	1	302306	284	1
cib	64	Picture	11	309989	0	1	3153	2	0	3000
cib	65	Response	1	313581	273	1
cib	66	Picture	10	320113	0	1	3153	3	0	3000
cib	67	Response	1	324207	775	1
cib	68	Picture	21	331565	0	1	3153	2	0	3000
cib	68	Response	2	334509	2944	1
cib	70	Picture	21	342187	0	1	3153	2	0	3000
cib	71	Response	2	345780	274	1
cib	72	Picture	11	353473	0	1	3153	2	0	3000
cib	73	Response	1	356938	146	2
cib	74	Picture	10	364759	0	1	3153	2	0	3000
cib	75	Response	1	369124	1046	1
cib	76	Picture	20	375381	0	1	3153	2	0	3000
cib	76	Response	2	378161	2780	2
cib	78	Picture	20	385505	0	1	3153	3	0	3000
cib	79	Response	2	390086	1262	1
cib	80	Picture	21	394467	0	2	3154	3	0	3000
cib	81	Response	2	398096	309	1
cib	82	Picture	20	403264	0	1	3153	2	0	3000
cib	83	Response	2	406781	198	1
cib	84	Picture	21	414218	0	1	3153	2	0	3000
cib	85	Response	2	417854	317	1
cib	86	Picture	20	424508	0	1	3153	2	0	3000
cib	86	Response	2	426804	2296	1
cib	88	Picture	10	435628	0	1	3153	2	0	3000
cib	89	Response	2	439024	77	1
cib	90	Picture	20	445918	0	1	3153	3	0	3000
cib	91	Response	2	449995	758	1
cib	92	Picture	11	455046	0	2	3154	3	0	3000
cib	92	Response	2	458351	3305	1
cib	94	Picture	21	465170	0	2	3154	3	0	3000
cib	94	Response	2	468351	3181	1
cib	96	Picture	20	473967	0	1	3153	2	0	3000
cib	97	Response	2	478889	1603	1
cib	98	Picture	11	483427	0	1	3154	2	0	3000
cib	99	Response	1	487359	613	1
cib	100	Picture	11	494049	0	1	3154	2	0	3000
cib	101	Response	1	498486	1117	2
cib	102	Picture	20	503012	0	1	3153	2	0	3000
cib	103	Response	2	506933	602	1
cib	104	Picture	20	512472	0	1	3153	2	0	3000
cib	105	Response	2	516822	1031	2
cib	106	Picture	10	521268	0	1	3154	2	0	3000
cib	107	Response	1	525920	1332	1
cib	108	Picture	21	532056	0	2	3154	3	0	3000
cib	108	Response	2	535191	3135	1
cib	110	Picture	20	543508	0	1	3154	2	0	3000
cib	111	Response	2	548228	1401	1
cib	112	Picture	21	553964	0	1	3154	2	0	3000
cib	113	Response	2	557823	539	1
cib	114	Picture	21	563424	0	2	3154	3	0	3000
cib	115	Response	2	566827	83	1
cib	116	Picture	11	574378	0	2	3154	3	0	3000
cib	117	Response	1	578102	404	1
cib	118	Picture	10	583175	0	1	3153	2	0	3000
cib	119	Response	1	587870	1376	2
cib	120	Picture	21	594129	0	1	3153	2	0	3000
cib	120	Response	2	596610	2481	1
cib	122	Picture	21	604419	0	1	3153	3	0	3000
cib	122	Response	2	607120	2701	1
cib	124	Picture	10	615373	0	1	3153	3	0	3000
cib	125	Response	1	619191	499	2
cib	126	Picture	21	625995	0	1	3153	3	0	3000
cib	126	Response	2	628875	2880	1
cib	128	Picture	20	634625	0	2	3154	3	0	3000
cib	129	Response	2	639031	1086	1
cib	130	Picture	20	645911	0	2	3154	3	0	3000
cib	131	Response	2	649947	716	2
cib	132	Picture	10	654708	0	1	3153	2	0	3000
cib	133	Response	1	658040	13	1
cib	134	Picture	21	665828	0	1	3153	2	0	3000
cib	136	Picture	21	676948	0	1	3153	2	0	3000
cib	136	Response	2	680031	3083	1
cib	138	Picture	20	687570	0	1	3153	2	0	3000
cib	139	Response	1	691829	940	1
cib	140	Picture	10	698358	0	1	3153	2	0	3000
cib	140	Response	2	701214	2856	1
cib	142	Picture	10	708150	0	1	3153	3	0	3000
cib	144	Picture	20	718938	0	1	3153	3	0	3000
cib	145	Response	2	723181	924	1
cib	146	Picture	21	727734	0	2	3154	3	0	3000
cib	147	Response	2	732073	1019	1
cib	148	Picture	11	736199	0	1	3153	2	0	3000
cib	149	Response	1	739962	444	1
cib	150	Picture	21	746987	0	1	3153	2	0	3000
cib	150	Response	2	750262	3275	2
cib	152	Picture	21	755949	0	2	3154	3	0	3000
cib	153	Response	2	759823	554	2
cib	154	Picture	10	764912	0	1	3153	2	0	3000
cib	155	Response	1	768979	748	1
cib	156	Picture	21	773376	0	1	3154	2	0	3000
cib	156	Response	2	775955	2579	1
cib	158	Picture	11	783998	0	1	3154	2	0	3000
cib	159	Response	1	787969	651	1
cib	160	Picture	21	795118	0	1	3154	2	0	3000
cib	160	Response	2	797977	2859	2
cib	162	Picture	10	804246	0	2	3154	3	0	3000
cib	163	Response	1	808126	560	1
cib	164	Picture	11	814703	0	1	3153	2	0	3000
cib	165	Response	1	818838	816	1
cib	166	Picture	11	823997	0	1	3153	2	0	3000
cib	167	Response	1	827695	379	1
cib	168	Picture	21	833789	0	1	3153	3	0	3000
cib	169	Response	2	837170	62	1
cib	170	Picture	21	842419	0	2	3154	3	0	3000
cib	171	Response	2	847297	1558	1
cib	172	Picture	11	853705	0	2	3154	3	0	3000
cib	172	Response	1	856981	3276	2
cib	174	Picture	11	863830	0	1	3153	2	0	3000
cib	175	Response	1	867638	489	1
cib	176	Picture	10	872792	0	1	3153	2	0	3000
cib	177	Response	2	876467	356	1
cib	178	Picture	21	882584	0	1	3154	2	0	3000
cib	178	Response	2	885645	3061	1
cib	180	Picture	10	891381	0	1	3153	2	0	3000
cib	181	Response	1	895269	569	2
cib	182	Picture	10	902169	0	1	3153	2	0	3000
cib	183	Response	2	906072	584	2
cib	184	Picture	11	910799	0	1	3153	3	0	3000
cib	185	Response	2	914656	538	2
cib	186	Picture	21	920093	0	2	3153	4	0	3000
cib	187	Response	2	924396	983	1
cib	188	Picture	11	929056	0	1	3153	2	0	3000
cib	189	Response	1	932753	378	1
cib	190	Picture	20	939180	0	1	3153	2	0	3000
cib	191	Response	2	943645	1146	1
cib	192	Picture	11	948806	0	1	3153	3	0	3000
cib	192	Response	1	951740	2934	2
cib	194	Picture	20	959262	0	1	3153	3	0	3000
cib	194	Response	2	962156	2894	2
cib	196	Picture	11	970216	0	1	3154	2	0	3000
cib	197	Response	1	974165	630	1
cib	198	Picture	20	979344	0	2	3154	3	0	3000
cib	199	Response	2	983199	535	1
cib	200	Picture	20	989635	0	1	3153	2	0	3000
cib	201	Response	2	993885	931	1
cib	202	Picture	11	1000257	0	1	3153	2	0	3000
cib	203	Response	1	1006836	3260	1
cib	204	Picture	11	1009551	0	1	3153	2	0	3000
cib	205	Response	1	1014949	2079	1
cib	206	Picture	21	1018679	0	2	3154	3	0	3000
cib	207	Response	2	1022746	747	1
cib	208	Picture	10	1027808	0	1	3153	2	0	3000
cib	208	Response	1	1030987	3179	1
cib	210	Picture	10	1037932	0	1	3153	2	0	3000
cib	211	Response	1	1042142	891	1
cib	212	Picture	10	1047724	0	1	3153	2	0	3000
cib	213	Response	1	1052680	1637	1
cib	214	Picture	11	1059010	0	1	3153	2	0	3000
cib	214	Response	1	1061775	2765	1
cib	216	Picture	10	1068470	0	1	3154	2	0	3000
cib	217	Response	1	1073198	1408	1
cib	218	Picture	21	1077764	0	2	3154	3	0	3000
cib	219	Response	2	1082029	945	1
cib	220	Picture	20	1088884	0	2	3154	3	0	3000
cib	220	Response	1	1091448	2564	1
cib	222	Picture	10	1099009	0	1	3153	2	0	3000
cib	223	Response	1	1102471	143	1
cib	224	Picture	20	1110129	0	1	3153	2	0	3000
cib	224	Response	2	1113099	2970	1
cib	226	Picture	21	1119257	0	1	3153	2	0	3000
cib	227	Response	2	1123108	532	2
cib	228	Picture	11	1130045	0	1	3153	2	0	3000
cib	228	Response	1	1133265	3220	2
cib	230	Picture	20	1139837	0	1	3154	2	0	3000
cib	231	Response	1	1143656	500	1
cib	232	Picture	11	1151123	0	1	3153	3	0	3000
cib	233	Response	1	1154827	385	2
cib	234	Picture	10	1160085	0	2	3154	3	0	3000
cib	234	Response	2	1162566	2481	1
cib	236	Picture	11	1171039	0	2	3154	3	0	3000
cib	238	Picture	10	1181827	0	2	3154	3	0	3000
cib	239	Response	1	1185445	298	2
cib	240	Picture	11	1191288	0	1	3153	2	0	3000
cib	240	Response	1	1193714	2426	1
cib	242	Picture	21	1200582	0	1	3150	13	0	3000
cib	243	Response	2	1204843	944	1
cib	244	Picture	21	1212034	0	1	3153	2	0	3000
cib	245	Response	2	1216178	825	1
cib	246	Picture	10	1223320	0	1	3153	2	0	3000
cib	247	Response	1	1227662	1023	2
cib	248	Picture	20	1231950	0	2	3154	3	0	3000
cib	249	Response	2	1236141	871	1
cib	250	Picture	11	1243070	0	2	3154	3	0	3000
cib	251	Response	1	1246504	114	1
cib	252	Picture	11	1252696	0	2	3154	3	0	3000
cib	253	Response	1	1257485	1469	1
cib	254	Picture	20	1262489	0	1	3153	2	0	3000
cib	255	Response	2	1265903	95	1
cib	256	Picture	10	1271617	0	1	3153	3	0	3000
cib	257	Response	1	1275004	68	2
cib	258	Picture	21	1282073	0	1	3153	3	0	3000
cib	258	Response	2	1285041	2968	1
cib	260	Picture	11	1292529	0	1	3154	2	0	3000
cib	260	Response	1	1294875	2346	1
cib	262	Picture	20	1302155	0	2	3154	3	0	3000
cib	263	Response	2	1306883	1408	2
cib	264	Picture	10	1311450	0	1	3153	2	0	3000
cib	264	Response	1	1313739	2289	2
cib	266	Picture	10	1322072	0	1	3153	2	0	3000
cib	266	Response	2	1324602	2530	1
cib	268	Picture	10	1331864	0	1	3153	3	0	3000
cib	268	Response	1	1335142	3278	2
cib	270	Picture	10	1342320	0	1	3153	3	0	3000
cib	270	Response	1	1345561	3241	1
cib	272	Picture	10	1352112	0	2	3154	3	0	3000
cib	272	Response	1	1355036	2924	1
cib	274	Picture	21	1362734	0	2	3154	3	0	3000
cib	275	Response	2	1366388	334	1
cib	276	Picture	10	1371531	0	1	3153	2	0	3000
cib	277	Response	1	1375605	755	1
cib	278	Picture	20	1381987	0	1	3153	2	0	3000
cib	279	Response	2	1387525	2219	1
cib	280	Picture	11	1391945	0	1	3153	3	0	3000
cib	280	Response	1	1394939	2994	1
cib	282	Picture	20	1402401	0	1	3154	2	0	3000
cib	283	Response	2	1405945	225	1
cib	284	Picture	10	1413853	0	1	3153	3	0	3000
cib	285	Response	1	1417835	663	1
cib	286	Picture	11	1424309	0	1	3153	3	0	3000
cib	286	Response	2	1426666	2357	1
cib	288	Picture	10	1433437	0	2	3154	3	0	3000
cib	289	Response	1	1440854	4097	1
cib	290	Picture	20	1443230	0	1	3153	2	0	3000
cib	291	Response	2	1447526	977	1
cib	292	Picture	21	1454184	0	1	3153	2	0	3000
cib	292	Response	1	1456473	2289	1
cib	294	Picture	10	1464474	0	1	3153	2	0	3000
cib	295	Response	1	1467968	175	2
cib	296	Picture	20	1473436	0	1	3154	2	0	3000
cib	297	Response	2	1477650	895	1
cib	298	Picture	21	1482896	0	2	3154	3	0	3000
cib	299	Response	2	1487776	1560	1
cib	300	Picture	11	1493352	0	2	3154	3	0	3000
cib	301	Response	1	1497340	668	1
cib	303	Picture	11	1523227	0	1	3153	3	0	3000
cib	304	Response	1	1527753	1207	1
cib	305	Picture	10	1534181	0	1	3153	2	0	3000
cib	305	Response	2	1537407	3226	1
cib	307	Picture	10	1543309	0	2	3154	3	0	3000
cib	307	Response	1	1546175	2866	2
cib	309	Picture	10	1554595	0	2	3154	3	0	3000
cib	310	Response	1	1558211	296	1
cib	311	Picture	11	1564553	0	2	3154	3	0	3000
cib	311	Response	1	1567097	2544	2
cib	313	Picture	11	1573350	0	1	3153	2	0	3000
cib	313	Response	1	1575776	2426	1
cib	315	Picture	11	1583640	0	1	3153	2	0	3000
cib	315	Response	1	1586047	2407	1
cib	317	Picture	11	1592602	0	2	3154	3	0	3000
cib	317	Response	1	1595051	2449	1
cib	319	Picture	20	1601565	0	1	3153	2	0	3000
cib	319	Response	1	1603700	2135	1
cib	321	Picture	11	1610693	0	1	3153	3	0	3000
cib	321	Response	1	1613555	2862	1
cib	323	Picture	21	1621979	0	1	3153	2	0	3000
cib	324	Response	2	1625858	560	1
cib	325	Picture	11	1631273	0	1	3154	2	0	3000
cib	326	Response	1	1634775	182	1
cib	327	Picture	21	1640236	0	1	3153	2	0	3000
cib	328	Response	2	1644162	607	1
cib	329	Picture	21	1650526	0	1	3153	2	0	3000
cib	330	Response	2	1654755	910	1
cib	331	Picture	21	1660152	0	1	3153	2	0	3000
cib	331	Response	2	1663445	3293	2
cib	333	Picture	10	1670940	0	1	3153	3	0	3000
cib	334	Response	1	1676107	1848	1
cib	335	Picture	21	1682392	0	1	3153	2	0	3000
cib	335	Response	2	1684960	2568	2
cib	337	Picture	10	1693180	0	1	3153	2	0	3000
cib	337	Response	1	1695793	2613	1
cib	339	Picture	20	1703470	0	1	3153	3	0	3000
cib	339	Response	2	1706388	2918	1
cib	341	Picture	10	1714922	0	1	3153	2	0	3000
cib	341	Response	1	1717898	2976	1
cib	343	Picture	20	1724548	0	1	3154	2	0	3000
cib	344	Response	2	1728496	628	1
cib	345	Picture	20	1734174	0	2	3154	3	0	3000
cib	346	Response	2	1738972	1478	2
cib	347	Picture	10	1744133	0	1	3153	2	0	3000
cib	348	Response	1	1748213	761	1
cib	349	Picture	20	1754589	0	1	3153	2	0	3000
cib	350	Response	2	1758926	1018	1
cib	351	Picture	20	1763551	0	1	3153	3	0	3000
cib	352	Response	2	1767458	588	1
cib	353	Picture	10	1773343	0	2	3154	3	0	3000
cib	354	Response	1	1777113	450	1
cib	355	Picture	10	1784131	0	2	3154	3	0	3000
cib	356	Response	1	1788501	1050	1
cib	357	Picture	21	1794089	0	2	3154	3	0	3000
cib	358	Response	2	1798034	625	2
cib	359	Picture	11	1805541	0	2	3154	3	0	3000
cib	359	Response	1	1808542	3001	1
cib	361	Picture	20	1816329	0	2	3154	3	0	3000
cib	362	Response	2	1820109	460	1
cib	363	Picture	21	1827283	0	2	3154	3	0	3000
cib	363	Response	1	1829471	2188	1
cib	365	Picture	20	1837076	0	1	3153	2	0	3000
cib	366	Response	2	1842711	2316	1
cib	367	Picture	10	1846370	0	1	3153	2	0	3000
cib	368	Response	1	1850448	759	2
cib	369	Picture	11	1855996	0	1	3154	2	0	3000
cib	370	Response	1	1860572	1256	1
cib	371	Picture	10	1867116	0	1	3154	2	0	3000
cib	372	Response	1	1872315	1880	1
cib	373	Picture	11	1876244	0	2	3154	3	0	3000
cib	374	Response	1	1880821	1257	1
cib	375	Picture	10	1885207	0	1	3153	2	0	3000
cib	375	Response	1	1888295	3088	1
cib	377	Picture	21	1895497	0	1	3153	2	0	3000
cib	378	Response	2	1900686	1870	1
cib	379	Picture	20	1904459	0	2	3154	3	0	3000
cib	379	Response	1	1906895	2436	1
cib	381	Picture	11	1915413	0	2	3154	3	0	3000
cib	381	Response	1	1917872	2459	1
cib	383	Picture	10	1924708	0	1	3153	2	0	3000
cib	383	Response	2	1927140	2432	2
cib	385	Picture	21	1934666	0	1	3153	2	0	3000
cib	386	Response	2	1938118	133	2
cib	387	Picture	11	1944126	0	1	3153	3	0	3000
cib	387	Response	1	1947245	3119	1
cib	389	Picture	11	1952756	0	2	3154	3	0	3000
cib	390	Response	1	1956985	909	1
cib	391	Picture	20	1963213	0	1	3153	2	0	3000
cib	392	Response	2	1968406	1874	1
cib	393	Picture	10	1972507	0	1	3153	2	0	3000
cib	393	Response	1	1975411	2904	1
cib	395	Picture	11	1983793	0	1	3153	2	0	3000
cib	396	Response	1	1988217	1105	1
cib	397	Picture	11	1992755	0	1	3154	2	0	3000
cib	398	Response	1	1996751	676	1
cib	399	Picture	21	2001883	0	2	3154	3	0	3000
cib	400	Response	1	2005229	26	1
cib	401	Picture	11	2010347	0	3	3154	5	0	3000
cib	402	Response	1	2014164	497	2
cib	403	Picture	21	2020804	0	1	3153	3	0	3000
cib	403	Response	2	2023821	3017	1
cib	405	Picture	11	2030264	0	1	3154	2	0	3000
cib	405	Response	1	2033471	3207	1
cib	407	Picture	11	2041384	0	2	3154	3	0	3000
cib	408	Response	1	2046395	1691	1
cib	409	Picture	10	2052006	0	2	3154	3	0	3000
cib	410	Response	1	2057284	1958	2
cib	411	Picture	20	2062296	0	2	3154	3	0	3000
cib	412	Response	2	2067438	1822	1
cib	413	Picture	10	2070927	0	1	3153	2	0	3000
cib	413	Response	1	2073562	2635	1
cib	415	Picture	21	2080885	0	1	3153	3	0	3000
cib	415	Response	2	2083769	2884	1
cib	417	Picture	11	2090843	0	1	3154	2	0	3000
cib	417	Response	1	2093687	2844	1
cib	419	Picture	11	2101631	0	2	3154	3	0	3000
cib	419	Response	2	2104165	2534	1
cib	421	Picture	21	2110760	0	1	3153	2	0	3000
cib	422	Response	2	2115174	1095	1
cib	423	Picture	21	2120718	0	1	3153	2	0	3000
cib	423	Response	1	2123740	3022	2
cib	425	Picture	10	2131174	0	1	3153	2	0	3000
cib	426	Response	1	2135303	810	1
cib	427	Picture	20	2141962	0	1	3153	2	0	3000
cib	428	Response	2	2146396	1115	1
cib	429	Picture	10	2151754	0	1	3153	3	0	3000
cib	430	Response	1	2155521	448	2
cib	431	Picture	11	2160550	0	2	3154	3	0	3000
cib	432	Response	1	2166320	2450	1
cib	433	Picture	11	2169845	0	1	3153	2	0	3000
cib	434	Response	1	2173706	542	1
cib	435	Picture	11	2179139	0	1	3153	3	0	3000
cib	436	Response	1	2182540	82	1
cib	437	Picture	21	2189595	0	1	3154	2	0	3000
cib	438	Response	2	2193611	696	2
cib	439	Picture	11	2200383	0	1	3154	2	0	3000
cib	440	Response	1	2205236	1534	2
cib	441	Picture	20	2209843	0	2	3154	3	0	3000
cib	442	Response	2	2214154	991	1
cib	443	Picture	21	2220631	0	2	3154	3	0	3000
cib	444	Response	2	2225073	1122	1
cib	445	Picture	11	2230424	0	1	3153	2	0	3000
cib	446	Response	1	2234020	277	1
cib	447	Picture	20	2240880	0	1	3153	2	0	3000
cib	447	Response	2	2243969	3089	1
cib	449	Picture	10	2249510	0	1	3154	2	0	3000
cib	450	Response	1	2255601	2771	1
cib	451	Picture	10	2259468	0	2	3154	3	0	3000
cib	452	Response	1	2264332	1544	1
cib	453	Picture	10	2268597	0	1	3153	2	0	3000
cib	453	Response	1	2271892	3295	2
cib	455	Picture	20	2278721	0	1	3153	2	0	3000
cib	456	Response	2	2282138	98	1
cib	457	Picture	20	2288181	0	1	3153	3	0	3000
cib	458	Response	2	2292235	734	1
cib	459	Picture	20	2298969	0	1	3154	2	0	3000
cib	460	Response	2	2302480	192	1
cib	461	Picture	21	2310089	0	1	3154	2	0	3000
cib	462	Response	2	2316934	3526	1
cib	463	Picture	20	2320213	0	2	3154	3	0	3000
cib	464	Response	2	2323967	434	1
cib	465	Picture	20	2331665	0	1	3154	2	0	3000
cib	466	Response	2	2336244	1260	1
cib	467	Picture	11	2342619	0	1	3154	2	0	3000
cib	468	Response	1	2347554	1616	1
cib	469	Picture	10	2354071	0	1	3153	3	0	3000
cib	470	Response	1	2359916	2526	1
cib	471	Picture	11	2363365	0	2	3154	3	0	3000
cib	472	Response	1	2367626	941	1
cib	473	Picture	11	2372494	0	1	3153	2	0	3000
cib	474	Response	1	2375867	54	1
cib	475	Picture	10	2383614	0	1	3153	2	0	3000
cib	476	Response	1	2387111	178	1
cib	477	Picture	20	2392078	0	1	3153	3	0	3000
cib	478	Response	2	2396702	1305	1
cib	479	Picture	10	2401870	0	2	3154	3	0	3000
cib	480	Response	1	2405354	164	1
cib	481	Picture	11	2411828	0	2	3154	3	0	3000
cib	482	Response	1	2416272	1124	2
cib	483	Picture	10	2421123	0	1	3153	2	0	3000
cib	484	Response	1	2427279	2837	1
cib	485	Picture	11	2432409	0	1	3153	2	0	3000
cib	486	Response	1	2436044	316	1
cib	487	Picture	21	2443031	0	1	3153	2	0	3000
cib	487	Response	1	2445994	2963	1
cib	489	Picture	10	2452159	0	1	3154	2	0	3000
cib	489	Response	1	2455280	3121	2
cib	491	Picture	11	2462615	0	1	3154	2	0	3000
cib	492	Response	1	2466140	205	1
cib	493	Picture	21	2473403	0	1	3154	2	0	3000
cib	494	Response	2	2476907	184	2
cib	495	Picture	20	2483527	0	2	3154	3	0	3000
cib	496	Response	2	2487534	687	1
cib	497	Picture	21	2492324	0	1	3153	2	0	3000
cib	498	Response	2	2497133	1490	1
cib	499	Picture	21	2501784	0	1	3153	3	0	3000
cib	500	Response	2	2505195	92	1
cib	501	Picture	10	2513236	0	1	3153	2	0	3000
cib	501	Response	2	2515994	2758	2
cib	503	Picture	11	2524688	0	1	3153	2	0	3000
cib	504	Response	2	2528792	785	1
cib	505	Picture	20	2535642	0	1	3153	2	0	3000
cib	506	Response	2	2539622	661	1
cib	507	Picture	20	2545102	0	1	3154	2	0	3000
cib	508	Response	2	2549180	759	1
cib	509	Picture	21	2556056	0	1	3154	2	0	3000
cib	510	Response	2	2560542	1167	2
cib	511	Picture	10	2567176	0	1	3153	3	0	3000
cib	512	Response	1	2574290	3795	1
cib	513	Picture	21	2578296	0	1	3153	3	0	3000
cib	513	Response	2	2580967	2671	1
cib	515	Picture	21	2587092	0	2	3154	3	0	3000
cib	516	Response	2	2592719	2307	1
cib	517	Picture	10	2597051	0	1	3153	2	0	3000
cib	518	Response	1	2600371	1	1
cib	519	Picture	11	2607175	0	1	3153	2	0	3000
cib	520	Response	1	2611729	1235	1
cib	521	Picture	10	2617797	0	1	3153	2	0	3000
cib	522	Response	1	2622296	1180	1
cib	523	Picture	11	2627257	0	1	3153	3	0	3000
cib	524	Response	1	2631299	723	1
cib	525	Picture	21	2638377	0	1	3153	3	0	3000
cib	525	Response	2	2641393	3016	2
cib	527	Picture	11	2647173	0	2	3154	3	0	3000
cib	528	Response	1	2651138	645	2
cib	529	Picture	11	2657961	0	2	3154	3	0	3000
cib	530	Response	1	2662411	1130	1
cib	531	Picture	21	2667256	0	1	3153	2	0	3000
cib	532	Response	2	2671648	1073	1
cib	533	Picture	21	2677214	0	1	3153	2	0	3000
cib	534	Response	1	2680595	62	2
cib	535	Picture	21	2686010	0	2	3154	3	0	3000
cib	536	Response	2	2692713	3383	1
cib	537	Picture	20	2695969	0	1	3153	2	0	3000
cib	537	Response	2	2699156	3187	1
cib	539	Picture	10	2705263	0	1	3153	2	0	3000
cib	540	Response	1	2712278	3696	1
cib	541	Picture	20	2714391	0	1	3153	3	0	3000
cib	541	Response	2	2717596	3205	2
cib	543	Picture	20	2724847	0	2	3154	3	0	3000
cib	543	Response	1	2728055	3208	1
cib	545	Picture	11	2733976	0	1	3153	2	0	3000
cib	546	Response	1	2737464	169	1
cib	547	Picture	20	2742938	0	1	3153	2	0	3000
cib	548	Response	2	2746407	150	1
cib	549	Picture	20	2753062	0	1	3153	3	0	3000
cib	550	Response	2	2757295	914	1
cib	551	Picture	10	2764016	0	1	3154	2	0	3000
cib	552	Response	1	2771041	3706	1
cib	553	Picture	11	2774140	0	2	3154	3	0	3000
cib	554	Response	1	2779574	2114	2
cib	555	Picture	11	2784430	0	2	3154	3	0	3000
cib	556	Response	1	2788811	1061	2
cib	557	Picture	21	2794057	0	1	3153	2	0	3000
cib	558	Response	2	2798670	1294	1
cib	559	Picture	10	2805509	0	1	3153	2	0	3000
cib	560	Response	1	2809212	384	1
cib	561	Picture	11	2816296	0	2	3154	3	0	3000
cib	562	Response	1	2820249	633	1
cib	563	Picture	20	2825591	0	1	3153	2	0	3000
cib	564	Response	2	2832581	3671	1
cib	565	Picture	21	2836545	0	1	3153	2	0	3000
cib	566	Response	2	2840647	783	1
cib	567	Picture	11	2847001	0	1	3153	2	0	3000
cib	568	Response	1	2850421	101	1
cib	569	Picture	20	2856959	0	1	3153	3	0	3000
cib	570	Response	2	2860311	33	1
cib	571	Picture	20	2867415	0	1	3154	2	0	3000
cib	571	Response	2	2870116	2701	1
cib	573	Picture	10	2876544	0	1	3153	2	0	3000
cib	574	Response	1	2881275	1412	2
cib	575	Picture	21	2885506	0	1	3153	2	0	3000
cib	575	Response	2	2888571	3065	1
cib	577	Picture	11	2895132	0	1	3154	2	0	3000
cib	577	Response	1	2897967	2835	1
cib	579	Picture	11	2906418	0	1	3153	3	0	3000
cib	580	Response	1	2910712	975	1
cib	581	Picture	10	2916874	0	1	3154	2	0	3000
cib	582	Response	1	2920424	231	2
cib	583	Picture	10	2925505	0	1	3153	2	0	3000
cib	584	Response	2	2929666	842	1
cib	584	Response	1	2931037	2213	1
cib	585	Picture	11	2936127	0	1	3153	2	0	3000
cib	585	Response	1	2938988	2861	1
cib	587	Picture	21	2946251	0	1	3153	2	0	3000
cib	588	Response	2	2949909	339	1
cib	589	Picture	10	2956043	0	1	3153	3	0	3000
cib	590	Response	1	2959619	257	1
cib	591	Picture	10	2965503	0	2	3154	3	0	3000
cib	592	Response	1	2968921	98	1
cib	593	Picture	10	2975129	0	2	3154	3	0	3000
cib	594	Response	1	2979050	601	1
cib	595	Picture	20	2985088	0	1	3153	2	0	3000
cib	596	Response	1	2989509	1102	1
cib	597	Picture	21	2993718	0	1	3153	3	0	3000
cib	598	Response	1	2997187	150	2
cib	599	Picture	20	3005170	0	1	3153	3	0	3000
cib	600	Response	1	3008608	119	1
cib	601	Picture	20	3014464	0	2	3154	3	0	3000
cib	602	Response	2	3018880	1096	2


Event Type	Code	Type	Response	RT	RT Uncertainty	Time	Uncertainty	Duration	Uncertainty	ReqTime	ReqDur

Picture	20	other				10414	1	3153	2	0	3000
Picture	11	other				19044	1	3153	3	0	3000
Picture	10	other				28836	2	3154	3	0	3000
Picture	11	other				38463	1	3153	2	0	3000
Picture	21	other				49748	2	3154	3	0	3000
Picture	21	other				58711	1	3153	2	0	3000
Picture	10	other				68835	1	3153	2	0	3000
Picture	10	other				79955	1	3153	2	0	3000
Picture	21	other				89249	1	3154	2	0	3000
Picture	20	other				98046	1	3153	2	0	3000
Picture	20	other				106676	1	3153	3	0	3000
Picture	21	other				115472	2	3154	3	0	3000
Picture	20	other				126924	2	3154	3	0	3000
Picture	20	other				136053	1	3153	2	0	3000
Picture	11	other				146509	1	3153	2	0	3000
Picture	21	other				157131	1	3153	2	0	3000
Picture	20	other				168251	1	3153	2	0	3000
Picture	11	other				177213	1	3154	2	0	3000
Picture	10	other				186010	1	3153	2	0	3000
Picture	21	other				194806	1	3153	2	0	3000
Picture	20	other				205428	1	3153	2	0	3000
Picture	11	other				214888	2	3154	3	0	3000
Picture	10	other				223519	1	3153	2	0	3000
Picture	20	other				233311	1	3153	2	0	3000
Picture	20	other				243103	1	3153	3	0	3000
Picture	21	other				252231	2	3154	3	0	3000
Picture	21	other				261526	1	3153	2	0	3000
Picture	11	other				271152	1	3153	2	0	3000
Picture	20	other				279948	2	3154	3	0	3000
Picture	21	other				289077	1	3153	2	0	3000
Picture	11	other				298703	1	3153	2	0	3000
Picture	11	other				309989	1	3153	2	0	3000
Picture	10	other				320113	1	3153	3	0	3000
Picture	21	other				331565	1	3153	2	0	3000
Picture	21	other				342187	1	3153	2	0	3000
Picture	11	other				353473	1	3153	2	0	3000
Picture	10	other				364759	1	3153	2	0	3000
Picture	20	other				375381	1	3153	2	0	3000
Picture	20	other				385505	1	3153	3	0	3000
Picture	21	other				394467	2	3154	3	0	3000
Picture	20	other				403264	1	3153	2	0	3000
Picture	21	other				414218	1	3153	2	0	3000
Picture	20	other				424508	1	3153	2	0	3000
Picture	10	other				435628	1	3153	2	0	3000
Picture	20	other				445918	1	3153	3	0	3000
Picture	11	other				455046	2	3154	3	0	3000
Picture	21	other				465170	2	3154	3	0	3000
Picture	20	other				473967	1	3153	2	0	3000
Picture	11	other				483427	1	3154	2	0	3000
Picture	11	other				494049	1	3154	2	0	3000
Picture	20	other				503012	1	3153	2	0	3000
Picture	20	other				512472	1	3153	2	0	3000
Picture	10	other				521268	1	3154	2	0	3000
Picture	21	other				532056	2	3154	3	0	3000
Picture	20	other				543508	1	3154	2	0	3000
Picture	21	other				553964	1	3154	2	0	3000
Picture	21	other				563424	2	3154	3	0	3000
Picture	11	other				574378	2	3154	3	0	3000
Picture	10	other				583175	1	3153	2	0	3000
Picture	21	other				594129	1	3153	2	0	3000
Picture	21	other				604419	1	3153	3	0	3000
Picture	10	other				615373	1	3153	3	0	3000
Picture	21	other				625995	1	3153	3	0	3000
Picture	20	other				634625	2	3154	3	0	3000
Picture	20	other				645911	2	3154	3	0	3000
Picture	10	other				654708	1	3153	2	0	3000
Picture	21	other				665828	1	3153	2	0	3000
Picture	21	other				676948	1	3153	2	0	3000
Picture	20	other				687570	1	3153	2	0	3000
Picture	10	other				698358	1	3153	2	0	3000
Picture	10	other				708150	1	3153	3	0	3000
Picture	20	other				718938	1	3153	3	0	3000
Picture	21	other				727734	2	3154	3	0	3000
Picture	11	other				736199	1	3153	2	0	3000
Picture	21	other				746987	1	3153	2	0	3000
Picture	21	other				755949	2	3154	3	0	3000
Picture	10	other				764912	1	3153	2	0	3000
Picture	21	other				773376	1	3154	2	0	3000
Picture	11	other				783998	1	3154	2	0	3000
Picture	21	other				795118	1	3154	2	0	3000
Picture	10	other				804246	2	3154	3	0	3000
Picture	11	other				814703	1	3153	2	0	3000
Picture	11	other				823997	1	3153	2	0	3000
Picture	21	other				833789	1	3153	3	0	3000
Picture	21	other				842419	2	3154	3	0	3000
Picture	11	other				853705	2	3154	3	0	3000
Picture	11	other				863830	1	3153	2	0	3000
Picture	10	other				872792	1	3153	2	0	3000
Picture	21	other				882584	1	3154	2	0	3000
Picture	10	other				891381	1	3153	2	0	3000
Picture	10	other				902169	1	3153	2	0	3000
Picture	11	other				910799	1	3153	3	0	3000
Picture	21	other				920093	2	3153	4	0	3000
Picture	11	other				929056	1	3153	2	0	3000
Picture	20	other				939180	1	3153	2	0	3000
Picture	11	other				948806	1	3153	3	0	3000
Picture	20	other				959262	1	3153	3	0	3000
Picture	11	other				970216	1	3154	2	0	3000
Picture	20	other				979344	2	3154	3	0	3000
Picture	20	other				989635	1	3153	2	0	3000
Picture	11	other				1000257	1	3153	2	0	3000
Picture	11	other				1009551	1	3153	2	0	3000
Picture	21	other				1018679	2	3154	3	0	3000
Picture	10	other				1027808	1	3153	2	0	3000
Picture	10	other				1037932	1	3153	2	0	3000
Picture	10	other				1047724	1	3153	2	0	3000
Picture	11	other				1059010	1	3153	2	0	3000
Picture	10	other				1068470	1	3154	2	0	3000
Picture	21	other				1077764	2	3154	3	0	3000
Picture	20	other				1088884	2	3154	3	0	3000
Picture	10	other				1099009	1	3153	2	0	3000
Picture	20	other				1110129	1	3153	2	0	3000
Picture	21	other				1119257	1	3153	2	0	3000
Picture	11	other				1130045	1	3153	2	0	3000
Picture	20	other				1139837	1	3154	2	0	3000
Picture	11	other				1151123	1	3153	3	0	3000
Picture	10	other				1160085	2	3154	3	0	3000
Picture	11	other				1171039	2	3154	3	0	3000
Picture	10	other				1181827	2	3154	3	0	3000
Picture	11	other				1191288	1	3153	2	0	3000
Picture	21	other				1200582	1	3150	13	0	3000
Picture	21	other				1212034	1	3153	2	0	3000
Picture	10	other				1223320	1	3153	2	0	3000
Picture	20	other				1231950	2	3154	3	0	3000
Picture	11	other				1243070	2	3154	3	0	3000
Picture	11	other				1252696	2	3154	3	0	3000
Picture	20	other				1262489	1	3153	2	0	3000
Picture	10	other				1271617	1	3153	3	0	3000
Picture	21	other				1282073	1	3153	3	0	3000
Picture	11	other				1292529	1	3154	2	0	3000
Picture	20	other				1302155	2	3154	3	0	3000
Picture	10	other				1311450	1	3153	2	0	3000
Picture	10	other				1322072	1	3153	2	0	3000
Picture	10	other				1331864	1	3153	3	0	3000
Picture	10	other				1342320	1	3153	3	0	3000
Picture	10	other				1352112	2	3154	3	0	3000
Picture	21	other				1362734	2	3154	3	0	3000
Picture	10	other				1371531	1	3153	2	0	3000
Picture	20	other				1381987	1	3153	2	0	3000
Picture	11	other				1391945	1	3153	3	0	3000
Picture	20	other				1402401	1	3154	2	0	3000
Picture	10	other				1413853	1	3153	3	0	3000
Picture	11	other				1424309	1	3153	3	0	3000
Picture	10	other				1433437	2	3154	3	0	3000
Picture	20	other				1443230	1	3153	2	0	3000
Picture	21	other				1454184	1	3153	2	0	3000
Picture	10	other				1464474	1	3153	2	0	3000
Picture	20	other				1473436	1	3154	2	0	3000
Picture	21	other				1482896	2	3154	3	0	3000
Picture	11	other				1493352	2	3154	3	0	3000
Picture	11	other				1523227	1	3153	3	0	3000
Picture	10	other				1534181	1	3153	2	0	3000
Picture	10	other				1543309	2	3154	3	0	3000
Picture	10	other				1554595	2	3154	3	0	3000
Picture	11	other				1564553	2	3154	3	0	3000
Picture	11	other				1573350	1	3153	2	0	3000
Picture	11	other				1583640	1	3153	2	0	3000
Picture	11	other				1592602	2	3154	3	0	3000
Picture	20	other				1601565	1	3153	2	0	3000
Picture	11	other				1610693	1	3153	3	0	3000
Picture	21	other				1621979	1	3153	2	0	3000
Picture	11	other				1631273	1	3154	2	0	3000
Picture	21	other				1640236	1	3153	2	0	3000
Picture	21	other				1650526	1	3153	2	0	3000
Picture	21	other				1660152	1	3153	2	0	3000
Picture	10	other				1670940	1	3153	3	0	3000
Picture	21	other				1682392	1	3153	2	0	3000
Picture	10	other				1693180	1	3153	2	0	3000
Picture	20	other				1703470	1	3153	3	0	3000
Picture	10	other				1714922	1	3153	2	0	3000
Picture	20	other				1724548	1	3154	2	0	3000
Picture	20	other				1734174	2	3154	3	0	3000
Picture	10	other				1744133	1	3153	2	0	3000
Picture	20	other				1754589	1	3153	2	0	3000
Picture	20	other				1763551	1	3153	3	0	3000
Picture	10	other				1773343	2	3154	3	0	3000
Picture	10	other				1784131	2	3154	3	0	3000
Picture	21	other				1794089	2	3154	3	0	3000
Picture	11	other				1805541	2	3154	3	0	3000
Picture	20	other				1816329	2	3154	3	0	3000
Picture	21	other				1827283	2	3154	3	0	3000
Picture	20	other				1837076	1	3153	2	0	3000
Picture	10	other				1846370	1	3153	2	0	3000
Picture	11	other				1855996	1	3154	2	0	3000
Picture	10	other				1867116	1	3154	2	0	3000
Picture	11	other				1876244	2	3154	3	0	3000
Picture	10	other				1885207	1	3153	2	0	3000
Picture	21	other				1895497	1	3153	2	0	3000
Picture	20	other				1904459	2	3154	3	0	3000
Picture	11	other				1915413	2	3154	3	0	3000
Picture	10	other				1924708	1	3153	2	0	3000
Picture	21	other				1934666	1	3153	2	0	3000
Picture	11	other				1944126	1	3153	3	0	3000
Picture	11	other				1952756	2	3154	3	0	3000
Picture	20	other				1963213	1	3153	2	0	3000
Picture	10	other				1972507	1	3153	2	0	3000
Picture	11	other				1983793	1	3153	2	0	3000
Picture	11	other				1992755	1	3154	2	0	3000
Picture	21	other				2001883	2	3154	3	0	3000
Picture	11	other				2010347	3	3154	5	0	3000
Picture	21	other				2020804	1	3153	3	0	3000
Picture	11	other				2030264	1	3154	2	0	3000
Picture	11	other				2041384	2	3154	3	0	3000
Picture	10	other				2052006	2	3154	3	0	3000
Picture	20	other				2062296	2	3154	3	0	3000
Picture	10	other				2070927	1	3153	2	0	3000
Picture	21	other				2080885	1	3153	3	0	3000
Picture	11	other				2090843	1	3154	2	0	3000
Picture	11	other				2101631	2	3154	3	0	3000
Picture	21	other				2110760	1	3153	2	0	3000
Picture	21	other				2120718	1	3153	2	0	3000
Picture	10	other				2131174	1	3153	2	0	3000
Picture	20	other				2141962	1	3153	2	0	3000
Picture	10	other				2151754	1	3153	3	0	3000
Picture	11	other				2160550	2	3154	3	0	3000
Picture	11	other				2169845	1	3153	2	0	3000
Picture	11	other				2179139	1	3153	3	0	3000
Picture	21	other				2189595	1	3154	2	0	3000
Picture	11	other				2200383	1	3154	2	0	3000
Picture	20	other				2209843	2	3154	3	0	3000
Picture	21	other				2220631	2	3154	3	0	3000
Picture	11	other				2230424	1	3153	2	0	3000
Picture	20	other				2240880	1	3153	2	0	3000
Picture	10	other				2249510	1	3154	2	0	3000
Picture	10	other				2259468	2	3154	3	0	3000
Picture	10	other				2268597	1	3153	2	0	3000
Picture	20	other				2278721	1	3153	2	0	3000
Picture	20	other				2288181	1	3153	3	0	3000
Picture	20	other				2298969	1	3154	2	0	3000
Picture	21	other				2310089	1	3154	2	0	3000
Picture	20	other				2320213	2	3154	3	0	3000
Picture	20	other				2331665	1	3154	2	0	3000
Picture	11	other				2342619	1	3154	2	0	3000
Picture	10	other				2354071	1	3153	3	0	3000
Picture	11	other				2363365	2	3154	3	0	3000
Picture	11	other				2372494	1	3153	2	0	3000
Picture	10	other				2383614	1	3153	2	0	3000
Picture	20	other				2392078	1	3153	3	0	3000
Picture	10	other				2401870	2	3154	3	0	3000
Picture	11	other				2411828	2	3154	3	0	3000
Picture	10	other				2421123	1	3153	2	0	3000
Picture	11	other				2432409	1	3153	2	0	3000
Picture	21	other				2443031	1	3153	2	0	3000
Picture	10	other				2452159	1	3154	2	0	3000
Picture	11	other				2462615	1	3154	2	0	3000
Picture	21	other				2473403	1	3154	2	0	3000
Picture	20	other				2483527	2	3154	3	0	3000
Picture	21	other				2492324	1	3153	2	0	3000
Picture	21	other				2501784	1	3153	3	0	3000
Picture	10	other				2513236	1	3153	2	0	3000
Picture	11	other				2524688	1	3153	2	0	3000
Picture	20	other				2535642	1	3153	2	0	3000
Picture	20	other				2545102	1	3154	2	0	3000
Picture	21	other				2556056	1	3154	2	0	3000
Picture	10	other				2567176	1	3153	3	0	3000
Picture	21	other				2578296	1	3153	3	0	3000
Picture	21	other				2587092	2	3154	3	0	3000
Picture	10	other				2597051	1	3153	2	0	3000
Picture	11	other				2607175	1	3153	2	0	3000
Picture	10	other				2617797	1	3153	2	0	3000
Picture	11	other				2627257	1	3153	3	0	3000
Picture	21	other				2638377	1	3153	3	0	3000
Picture	11	other				2647173	2	3154	3	0	3000
Picture	11	other				2657961	2	3154	3	0	3000
Picture	21	other				2667256	1	3153	2	0	3000
Picture	21	other				2677214	1	3153	2	0	3000
Picture	21	other				2686010	2	3154	3	0	3000
Picture	20	other				2695969	1	3153	2	0	3000
Picture	10	other				2705263	1	3153	2	0	3000
Picture	20	other				2714391	1	3153	3	0	3000
Picture	20	other				2724847	2	3154	3	0	3000
Picture	11	other				2733976	1	3153	2	0	3000
Picture	20	other				2742938	1	3153	2	0	3000
Picture	20	other				2753062	1	3153	3	0	3000
Picture	10	other				2764016	1	3154	2	0	3000
Picture	11	other				2774140	2	3154	3	0	3000
Picture	11	other				2784430	2	3154	3	0	3000
Picture	21	other				2794057	1	3153	2	0	3000
Picture	10	other				2805509	1	3153	2	0	3000
Picture	11	other				2816296	2	3154	3	0	3000
Picture	20	other				2825591	1	3153	2	0	3000
Picture	21	other				2836545	1	3153	2	0	3000
Picture	11	other				2847001	1	3153	2	0	3000
Picture	20	other				2856959	1	3153	3	0	3000
Picture	20	other				2867415	1	3154	2	0	3000
Picture	10	other				2876544	1	3153	2	0	3000
Picture	21	other				2885506	1	3153	2	0	3000
Picture	11	other				2895132	1	3154	2	0	3000
Picture	11	other				2906418	1	3153	3	0	3000
Picture	10	other				2916874	1	3154	2	0	3000
Picture	10	other				2925505	1	3153	2	0	3000
Picture	11	other				2936127	1	3153	2	0	3000
Picture	21	other				2946251	1	3153	2	0	3000
Picture	10	other				2956043	1	3153	3	0	3000
Picture	10	other				2965503	2	3154	3	0	3000
Picture	10	other				2975129	2	3154	3	0	3000
Picture	20	other				2985088	1	3153	2	0	3000
Picture	21	other				2993718	1	3153	3	0	3000
Picture	20	other				3005170	1	3153	3	0	3000
Picture	20	other				3014464	2	3154	3	0	3000
