Scenario - GO/NO-GO
Logfile written - 12/22/2011 11:35:16

Subject	Trial	Event Type	Code	Time	TTime	Uncertainty	Duration	Uncertainty	ReqTime	ReqDur

cib	2	Picture	22	289	0	2	3154	3	0	3000
cib	2	Response	1	3981	3692	1
cib	3	Picture	22	36305	0	1	3153	2	0	3000
cib	3	Response	1	40880	4575	1
cib	4	Picture	22	70163	0	1	3153	2	0	3000
cib	4	Response	1	72823	2660	1
cib	5	Picture	22	107174	0	1	3153	2	0	3000
cib	5	Response	1	109955	2781	1
cib	6	Picture	22	146343	0	1	3153	2	0	3000
cib	6	Response	1	149770	3427	1
cib	7	Picture	33	177047	0	1	3153	3	0	3000
cib	7	Response	1	180683	3636	1
cib	8	Picture	22	205262	0	1	3153	3	0	3000
cib	8	Response	1	208492	3230	2
cib	9	Picture	22	243103	0	1	3153	3	0	3000
cib	9	Response	1	246951	3848	1
cib	10	Picture	22	279118	0	2	3154	3	0	3000
cib	10	Response	1	282728	3610	2
cib	11	Picture	22	314138	0	1	3153	3	0	3000
cib	11	Response	1	318862	4724	1
cib	12	Picture	22	353473	0	1	3153	2	0	3000
cib	12	Response	1	358267	4794	2
cib	13	Picture	33	387497	0	1	3153	2	0	3000
cib	14	Picture	22	416043	0	2	3154	3	0	3000
cib	14	Response	1	418652	2609	1
cib	15	Picture	33	450731	0	1	3153	3	0	3000
cib	16	Picture	22	484755	0	1	3153	2	0	3000
cib	16	Response	1	487935	3180	1
cib	17	Picture	33	520438	0	2	3154	3	0	3000
cib	18	Picture	22	549151	0	1	3153	3	0	3000
cib	18	Response	1	552355	3204	1
cib	19	Picture	22	582013	0	1	3153	3	0	3000
cib	19	Response	1	588774	6761	2
cib	20	Picture	22	616369	0	1	3153	2	0	3000
cib	20	Response	1	619747	3378	1
cib	21	Picture	22	654708	0	1	3153	2	0	3000
cib	21	Response	1	658229	3521	1
cib	22	Picture	22	684748	0	2	3154	3	0	3000
cib	22	Response	1	691024	6276	1
cib	23	Picture	33	718606	0	1	3153	3	0	3000
cib	23	Response	1	722110	3504	2
cib	24	Picture	22	754124	0	1	3153	2	0	3000
cib	24	Response	1	758373	4249	2
cib	25	Picture	22	791135	0	1	3153	2	0	3000
cib	25	Response	1	796127	4992	1
cib	26	Picture	22	820345	0	2	3154	3	0	3000
cib	26	Response	1	824771	4426	1
cib	27	Picture	22	854037	0	2	3154	3	0	3000
cib	27	Response	1	856920	2883	2
cib	28	Picture	22	892376	0	2	3154	3	0	3000
cib	28	Response	1	896111	3735	1
cib	29	Picture	22	931213	0	1	3154	2	0	3000
cib	29	Response	1	934533	3320	2
cib	30	Picture	22	960092	0	1	3153	3	0	3000
cib	30	Response	1	965944	5852	1
cib	31	Picture	33	993286	0	1	3153	2	0	3000
cib	32	Picture	22	1025816	0	1	3153	2	0	3000
cib	32	Response	1	1029329	3513	1
cib	33	Picture	22	1055193	0	1	3153	2	0	3000
cib	33	Response	1	1061273	6080	1
cib	34	Picture	22	1091042	0	1	3153	3	0	3000
cib	34	Response	1	1093630	2588	1
cib	35	Picture	22	1120585	0	1	3153	2	0	3000
cib	35	Response	1	1123980	3395	1
cib	36	Picture	22	1155936	0	1	3154	2	0	3000
cib	36	Response	1	1159960	4024	1
cib	37	Picture	22	1193279	0	2	3154	3	0	3000
cib	37	Response	1	1197565	4286	2
cib	38	Picture	22	1225643	0	2	3154	3	0	3000
cib	38	Response	1	1229539	3896	1
cib	39	Picture	33	1255020	0	1	3153	3	0	3000
cib	40	Picture	22	1285392	0	2	3154	3	0	3000
cib	40	Response	1	1288532	3140	1
cib	41	Picture	22	1324561	0	2	3154	3	0	3000
cib	41	Response	1	1330174	5613	2
cib	42	Picture	22	1356427	0	2	3154	3	0	3000
cib	42	Response	1	1360414	3987	2
cib	43	Picture	22	1384642	0	2	3154	3	0	3000
cib	43	Response	1	1387886	3244	2
cib	44	Picture	22	1414849	0	1	3153	2	0	3000
cib	44	Response	1	1418748	3899	1
cib	45	Picture	22	1446383	0	1	3153	3	0	3000
cib	45	Response	1	1451076	4693	1
cib	46	Picture	22	1477253	0	2	3154	3	0	3000
cib	46	Response	1	1480726	3473	1
cib	47	Picture	33	1511609	0	1	3153	3	0	3000
cib	48	Picture	22	1545467	0	1	3153	2	0	3000
cib	48	Response	1	1548912	3445	1
cib	49	Picture	22	1574014	0	1	3153	2	0	3000
cib	49	Response	1	1577203	3189	2
cib	50	Picture	22	1610859	0	1	3153	2	0	3000
cib	50	Response	1	1613952	3093	2
cib	51	Picture	22	1647870	0	1	3154	2	0	3000
cib	51	Response	1	1650261	2391	1
cib	52	Picture	22	1678409	0	1	3153	2	0	3000
cib	52	Response	1	1682063	3654	1
cib	53	Picture	33	1716250	0	1	3153	2	0	3000
cib	54	Picture	22	1746456	0	1	3153	3	0	3000
cib	54	Response	1	1749809	3353	1
cib	55	Picture	22	1776496	0	2	3154	3	0	3000
cib	55	Response	1	1779784	3288	1
cib	56	Picture	22	1816329	0	2	3154	3	0	3000
cib	56	Response	1	1820187	3858	1
cib	57	Picture	22	1853009	0	1	3153	2	0	3000
cib	57	Response	1	1856494	3485	1
cib	58	Picture	22	1882717	0	1	3154	2	0	3000
cib	58	Response	1	1886494	3777	1
cib	59	Picture	22	1917073	0	1	3153	3	0	3000
cib	59	Response	1	1920205	3132	2
cib	60	Picture	22	1946616	0	1	3153	2	0	3000
cib	60	Response	1	1950293	3677	1
cib	61	Picture	33	1986116	0	2	3154	3	0	3000
cib	62	Picture	22	2014663	0	1	3154	2	0	3000
cib	62	Response	1	2018537	3874	1
cib	63	Picture	22	2043044	0	1	3153	2	0	3000
cib	63	Response	1	2046887	3843	1
cib	64	Picture	22	2072255	0	1	3153	2	0	3000
cib	64	Response	1	2074856	2601	1
cib	65	Picture	33	2104951	0	1	3153	2	0	3000
cib	65	Response	1	2107914	2963	1
cib	66	Picture	22	2143455	0	2	3154	3	0	3000
cib	66	Response	1	2146924	3469	1
cib	67	Picture	22	2178807	0	1	3153	3	0	3000
cib	67	Response	1	2183053	4246	2
cib	68	Picture	22	2208184	0	1	3153	2	0	3000
cib	68	Response	1	2211545	3361	1
cib	69	Picture	33	2248182	0	2	3154	3	0	3000
cib	70	Picture	22	2278887	0	1	3153	2	0	3000
cib	70	Response	1	2282028	3141	1
cib	71	Picture	22	2318388	0	1	3153	2	0	3000
cib	71	Response	1	2321928	3540	2
cib	72	Picture	22	2351084	0	1	3153	2	0	3000
cib	72	Response	1	2355439	4355	1
cib	73	Picture	33	2379464	0	2	3154	3	0	3000
cib	74	Picture	22	2410833	0	1	3153	2	0	3000
cib	74	Response	1	2413935	3102	1
cib	75	Picture	33	2439213	0	2	3154	3	0	3000
cib	76	Picture	22	2468756	0	1	3154	2	0	3000
cib	76	Response	1	2472252	3496	2
cib	77	Picture	22	2498797	0	1	3153	2	0	3000
cib	77	Response	1	2502367	3570	1
cib	78	Picture	22	2537633	0	2	3154	3	0	3000
cib	78	Response	1	2541294	3661	1
cib	79	Picture	33	2576636	0	2	3154	3	0	3000
cib	80	Picture	22	2612320	0	1	3153	2	0	3000
cib	80	Response	1	2616578	4258	1
cib	81	Picture	22	2648833	0	1	3153	3	0	3000
cib	81	Response	1	2652617	3784	1
cib	82	Picture	22	2684185	0	1	3153	2	0	3000
cib	82	Response	1	2687269	3084	1
cib	83	Picture	33	2715387	0	1	3153	3	0	3000
cib	84	Picture	22	2750075	0	1	3153	2	0	3000
cib	84	Response	1	2753126	3051	1
cib	85	Picture	22	2780613	0	1	3153	3	0	3000
cib	85	Response	1	2785663	5050	2
cib	86	Picture	22	2815965	0	1	3153	2	0	3000
cib	86	Response	1	2820085	4120	1
cib	87	Picture	33	2844677	0	2	3154	3	0	3000
cib	88	Picture	22	2877705	0	2	3154	3	0	3000
cib	88	Response	1	2880176	2471	1
cib	89	Picture	33	2908576	0	1	3153	2	0	3000
cib	90	Picture	22	2944591	0	1	3154	2	0	3000
cib	90	Response	1	2947095	2504	1
cib	91	Picture	22	2976623	0	1	3154	2	0	3000
cib	91	Response	1	2980629	4006	1
cib	92	Picture	22	3012141	0	1	3153	2	0	3000
cib	92	Response	1	3015490	3349	1
cib	93	Picture	22	3050812	0	1	3153	2	0	3000
cib	93	Response	1	3054060	3248	1
cib	94	Picture	22	3084835	0	2	3154	3	0	3000
cib	94	Response	1	3089064	4229	1
cib	95	Picture	22	3119025	0	1	3154	2	0	3000
cib	95	Response	1	3122095	3070	2
cib	96	Picture	22	3151721	0	1	3154	2	0	3000
cib	96	Response	1	3154301	2580	1
cib	97	Picture	33	3179936	0	1	3153	3	0	3000
cib	98	Picture	22	3216615	0	2	3154	3	0	3000
cib	98	Response	1	3219331	2716	1
cib	99	Picture	22	3247984	0	1	3153	2	0	3000
cib	99	Response	1	3250947	2963	1
cib	100	Picture	22	3277194	0	2	3154	3	0	3000
cib	100	Response	1	3282007	4813	1
cib	101	Picture	33	3306571	0	1	3153	2	0	3000
cib	102	Picture	22	3344578	0	1	3153	3	0	3000
cib	102	Response	1	3347626	3048	1
cib	103	Picture	33	3382751	0	1	3153	3	0	3000
cib	103	Response	1	3386689	3938	1
cib	104	Picture	22	3417107	0	1	3153	2	0	3000
cib	104	Response	1	3421424	4317	1
cib	105	Picture	22	3450467	0	1	3153	2	0	3000
cib	105	Response	1	3453605	3138	1
cib	106	Picture	22	3481337	0	1	3153	3	0	3000
cib	106	Response	1	3486081	4744	1
cib	107	Picture	33	3514365	0	1	3153	2	0	3000
cib	108	Picture	22	3552206	0	1	3153	3	0	3000
cib	108	Response	1	3555799	3593	1
cib	109	Picture	22	3580255	0	1	3153	2	0	3000
cib	109	Response	1	3585059	4804	1
cib	110	Picture	22	3609631	0	2	3154	3	0	3000
cib	110	Response	1	3612585	2954	1
cib	111	Picture	22	3649630	0	1	3154	2	0	3000
cib	111	Response	1	3652538	2908	1
cib	112	Picture	22	3685812	0	1	3153	2	0	3000
cib	112	Response	1	3688101	2289	1
cib	113	Picture	22	3721495	0	1	3153	3	0	3000
cib	113	Response	1	3724228	2733	1
cib	114	Picture	22	3761494	0	1	3153	2	0	3000
cib	114	Response	1	3764215	2721	1
cib	115	Picture	33	3794854	0	1	3153	2	0	3000
cib	116	Picture	22	3825060	0	1	3154	2	0	3000
cib	116	Response	1	3829273	4213	1
cib	117	Picture	22	3857092	0	2	3154	3	0	3000
cib	117	Response	1	3860003	2911	1
cib	118	Picture	22	3896261	0	1	3153	3	0	3000
cib	118	Response	1	3899662	3401	1
cib	119	Picture	22	3927297	0	2	3154	3	0	3000
cib	119	Response	1	3930835	3538	1
cib	120	Picture	22	3961653	0	1	3154	2	0	3000
cib	120	Response	1	3964871	3218	1
cib	121	Picture	33	3993519	0	2	3154	3	0	3000
cib	122	Picture	22	4030696	0	2	3154	3	0	3000
cib	122	Response	1	4033464	2768	1
cib	123	Picture	22	4069036	0	1	3153	2	0	3000
cib	123	Response	1	4073536	4500	2
cib	124	Picture	22	4108536	0	2	3154	3	0	3000
cib	124	Response	1	4111281	2745	2
cib	125	Picture	33	4138909	0	1	3153	2	0	3000
cib	126	Picture	22	4171937	0	1	3153	2	0	3000
cib	126	Response	1	4174985	3048	1
cib	127	Picture	22	4207952	0	1	3154	2	0	3000
cib	127	Response	1	4211609	3657	1
cib	128	Picture	22	4247785	0	1	3153	2	0	3000
cib	128	Response	1	4251182	3397	1
cib	129	Picture	22	4287617	0	2	3154	3	0	3000
cib	129	Response	1	4289957	2340	1
cib	130	Picture	22	4327450	0	2	3154	3	0	3000
cib	130	Response	1	4330356	2906	1
cib	131	Picture	22	4363134	0	1	3153	2	0	3000
cib	131	Response	1	4366068	2934	1
cib	132	Picture	22	4399481	0	1	3154	2	0	3000
cib	132	Response	1	4402135	2654	1
cib	133	Picture	33	4436824	0	2	3154	3	0	3000
cib	134	Picture	22	4471678	0	1	3153	2	0	3000
cib	134	Response	1	4476093	4415	1
cib	135	Picture	33	4510017	0	1	3153	2	0	3000
cib	136	Picture	22	4545700	0	2	3154	3	0	3000
cib	136	Response	1	4549279	3579	1
cib	137	Picture	22	4581052	0	1	3153	2	0	3000
cib	137	Response	1	4584991	3939	1
cib	138	Picture	22	4620221	0	1	3153	2	0	3000
cib	138	Response	1	4622791	2570	1
cib	139	Picture	22	4653249	0	1	3153	2	0	3000
cib	139	Response	1	4657852	4603	1
cib	140	Picture	22	4687272	0	2	3154	3	0	3000
cib	140	Response	1	4690206	2934	1
cib	141	Picture	22	4725114	0	1	3153	2	0	3000
cib	141	Response	1	4728273	3159	1
cib	142	Picture	22	4754490	0	1	3154	2	0	3000
cib	142	Response	1	4757058	2568	1
cib	143	Picture	33	4788348	0	1	3153	3	0	3000
cib	143	Response	1	4790851	2503	1
cib	144	Picture	22	4817891	0	1	3153	2	0	3000
cib	144	Response	1	4821816	3925	1
cib	145	Picture	22	4857557	0	2	3154	3	0	3000
cib	145	Response	1	4860765	3208	1
cib	146	Picture	22	4895896	0	2	3154	3	0	3000
cib	146	Response	1	4899184	3288	1
cib	147	Picture	33	4927431	0	1	3153	2	0	3000
cib	148	Picture	22	4967263	0	2	3154	3	0	3000
cib	148	Response	1	4971047	3784	1
cib	149	Picture	22	4995810	0	1	3153	3	0	3000
cib	149	Response	1	4999572	3762	2
cib	150	Picture	22	5032655	0	2	3154	3	0	3000
cib	150	Response	1	5035462	2807	2
cib	151	Picture	22	5068837	0	1	3153	2	0	3000
cib	151	Response	1	5072677	3840	1
cib	152	Picture	22	5107342	0	1	3153	2	0	3000
cib	152	Response	1	5110776	3434	1
cib	153	Picture	22	5137050	0	1	3154	2	0	3000
cib	153	Response	1	5140264	3214	2
cib	154	Picture	22	5169082	0	2	3154	3	0	3000
cib	154	Response	1	5171320	2238	1
cib	155	Picture	33	5203604	0	1	3154	2	0	3000
cib	155	Response	1	5206149	2545	2
cib	156	Response	1	9287038	4050738	1
cib	158	Picture	22	9297246	0	1	3153	2	0	3000
cib	158	Response	1	9303096	5850	1
cib	159	Picture	22	9328946	0	1	3154	2	0	3000
cib	159	Response	1	9332143	3197	2
cib	160	Picture	22	9366289	0	2	3154	3	0	3000
cib	160	Response	1	9370528	4239	1
cib	161	Picture	22	9399649	0	2	3154	3	0	3000
cib	161	Response	1	9403642	3993	1
cib	162	Picture	22	9433009	0	1	3154	2	0	3000
cib	162	Response	1	9436402	3393	2
cib	163	Picture	33	9472676	0	1	3153	3	0	3000
cib	164	Picture	22	9506036	0	1	3153	2	0	3000
cib	164	Response	1	9509904	3868	1
cib	165	Picture	22	9543379	0	1	3153	3	0	3000
cib	165	Response	1	9547617	4238	1
cib	166	Picture	22	9581552	0	1	3153	3	0	3000
cib	166	Response	1	9585118	3566	1
cib	167	Picture	22	9614580	0	1	3153	2	0	3000
cib	167	Response	1	9617435	2855	1
cib	168	Picture	22	9643127	0	1	3153	2	0	3000
cib	168	Response	1	9647010	3883	1
cib	169	Picture	33	9679640	0	1	3154	2	0	3000
cib	170	Picture	22	9712834	0	1	3153	3	0	3000
cib	170	Response	1	9716562	3728	1
cib	171	Picture	22	9749347	0	2	3154	3	0	3000
cib	171	Response	1	9753474	4127	1
cib	172	Picture	22	9784201	0	1	3153	3	0	3000
cib	172	Response	1	9788414	4213	1
cib	173	Picture	22	9820050	0	2	3154	3	0	3000
cib	173	Response	1	9823535	3485	1
cib	174	Picture	22	9851917	0	1	3153	2	0	3000
cib	174	Response	1	9855848	3931	1
cib	175	Picture	22	9883451	0	1	3153	2	0	3000
cib	175	Response	1	9886929	3478	1
cib	176	Picture	22	9919134	0	2	3154	3	0	3000
cib	176	Response	1	9922045	2911	1
cib	177	Picture	33	9954486	0	1	3153	2	0	3000
cib	178	Picture	22	9991497	0	1	3154	2	0	3000
cib	178	Response	1	9995168	3671	1
cib	179	Picture	22	10022865	0	2	3154	3	0	3000
cib	179	Response	1	10026487	3622	1
cib	180	Picture	22	10057387	0	1	3153	3	0	3000
cib	180	Response	1	10060545	3158	1
cib	181	Picture	22	10087428	0	1	3153	2	0	3000
cib	181	Response	1	10090480	3052	1
cib	182	Picture	22	10122779	0	1	3153	3	0	3000
cib	182	Response	1	10126034	3255	1
cib	183	Picture	22	10152820	0	1	3153	2	0	3000
cib	183	Response	1	10156344	3524	1
cib	184	Picture	22	10186345	0	2	3154	3	0	3000
cib	184	Response	1	10188983	2638	2
cib	185	Picture	33	10216552	0	1	3153	3	0	3000
cib	186	Picture	22	10250908	0	1	3153	2	0	3000
cib	186	Response	1	10256209	5301	1
cib	187	Picture	22	10286425	0	1	3154	2	0	3000
cib	187	Response	1	10288732	2307	2
cib	188	Picture	22	10323768	0	2	3154	3	0	3000
cib	188	Response	1	10326942	3174	1
cib	189	Picture	22	10357128	0	1	3154	2	0	3000
cib	189	Response	1	10361733	4605	2
cib	190	Picture	22	10391982	0	1	3153	2	0	3000
cib	190	Response	1	10394902	2920	1
cib	191	Picture	33	10429657	0	1	3153	2	0	3000
cib	192	Picture	22	10462519	0	1	3153	3	0	3000
cib	192	Response	1	10466277	3758	1
cib	193	Picture	22	10492559	0	2	3154	3	0	3000
cib	193	Response	1	10496741	4182	1
cib	194	Picture	22	10528575	0	1	3153	2	0	3000
cib	194	Response	1	10532648	4073	2
cib	195	Picture	22	10563926	0	2	3154	3	0	3000
cib	195	Response	1	10567033	3107	1
cib	196	Picture	22	10597120	0	2	3154	3	0	3000
cib	196	Response	1	10601262	4142	2
cib	197	Picture	33	10631642	0	1	3153	3	0	3000
cib	198	Picture	22	10662014	0	2	3154	3	0	3000
cib	198	Response	1	10665986	3972	2
cib	199	Picture	22	10702179	0	1	3154	2	0	3000
cib	199	Response	1	10705881	3702	1
cib	200	Picture	22	10731722	0	1	3153	2	0	3000
cib	200	Response	1	10734961	3239	1
cib	201	Picture	33	10760766	0	2	3154	3	0	3000
cib	202	Picture	22	10791139	0	1	3153	2	0	3000
cib	202	Response	1	10794416	3277	1
cib	203	Picture	22	10826158	0	2	3154	3	0	3000
cib	203	Response	1	10829501	3343	2
cib	204	Picture	22	10864166	0	1	3153	2	0	3000
cib	204	Response	1	10867358	3192	1
cib	205	Picture	22	10899517	0	1	3153	3	0	3000
cib	205	Response	1	10903418	3901	1
cib	206	Picture	22	10935201	0	1	3153	2	0	3000
cib	206	Response	1	10939483	4282	1
cib	207	Picture	33	10975199	0	1	3154	2	0	3000
cib	208	Picture	22	11008061	0	1	3154	2	0	3000
cib	208	Response	1	11011543	3482	1
cib	209	Picture	22	11043745	0	1	3153	2	0	3000
cib	209	Response	1	11049099	5354	1
cib	210	Picture	22	11079428	0	1	3154	2	0	3000
cib	210	Response	1	11082297	2869	1
cib	211	Picture	33	11108473	0	1	3153	2	0	3000
cib	212	Picture	22	11140671	0	1	3153	3	0	3000
cib	212	Response	1	11143303	2632	1
cib	213	Picture	22	11169384	0	1	3153	2	0	3000
cib	213	Response	1	11173765	4381	1
cib	214	Picture	22	11201748	0	1	3153	2	0	3000
cib	214	Response	1	11205105	3357	2
cib	215	Picture	22	11240419	0	1	3153	2	0	3000
cib	215	Response	1	11243957	3538	1
cib	216	Picture	22	11274774	0	2	3154	3	0	3000
cib	216	Response	1	11278011	3237	1
cib	217	Picture	33	11308134	0	2	3154	3	0	3000
cib	218	Picture	22	11336847	0	1	3153	3	0	3000
cib	218	Response	1	11339551	2704	1
cib	219	Picture	22	11368713	0	2	3154	3	0	3000
cib	219	Response	1	11371778	3065	1
cib	220	Picture	22	11407716	0	1	3154	2	0	3000
cib	220	Response	1	11410425	2709	2
cib	221	Picture	33	11437591	0	1	3153	2	0	3000
cib	222	Picture	22	11473606	0	1	3153	3	0	3000
cib	222	Response	1	11476942	3336	2
cib	223	Picture	22	11504642	0	2	3154	3	0	3000
cib	223	Response	1	11508552	3910	2
cib	224	Picture	22	11540824	0	1	3153	2	0	3000
cib	224	Response	1	11544287	3463	1
cib	225	Picture	22	11579827	0	1	3153	2	0	3000
cib	225	Response	1	11583255	3428	1
cib	226	Picture	22	11615510	0	1	3154	2	0	3000
cib	226	Response	1	11619254	3744	1
cib	227	Picture	33	11643725	0	1	3153	3	0	3000
cib	228	Picture	22	11681566	0	1	3153	3	0	3000
cib	228	Response	1	11684090	2524	1
cib	229	Picture	22	11712104	0	2	3154	3	0	3000
cib	229	Response	1	11716880	4776	2
cib	230	Picture	22	11744635	0	1	3153	2	0	3000
cib	230	Response	1	11748345	3710	1
cib	231	Picture	33	11773181	0	2	3154	3	0	3000
cib	232	Picture	22	11810524	0	2	3154	3	0	3000
cib	232	Response	1	11814987	4463	1
cib	233	Picture	33	11844382	0	2	3154	3	0	3000
cib	234	Picture	22	11881891	0	2	3154	3	0	3000
cib	234	Response	1	11885042	3151	1
cib	235	Picture	22	11914090	0	1	3153	2	0	3000
cib	235	Response	1	11918272	4182	1
cib	236	Picture	22	11947118	0	1	3153	2	0	3000
cib	236	Response	1	11950795	3677	1
cib	237	Picture	33	11979316	0	1	3153	2	0	3000
cib	238	Picture	22	12008194	0	2	3154	3	0	3000
cib	238	Response	1	12012249	4055	1
cib	239	Picture	22	12036741	0	1	3154	2	0	3000
cib	239	Response	1	12040998	4257	2
cib	240	Picture	22	12069105	0	1	3154	2	0	3000
cib	240	Response	1	12072639	3534	1
cib	241	Picture	22	12104789	0	1	3153	2	0	3000
cib	242	Picture	22	12134497	0	2	3154	3	0	3000
cib	242	Response	1	12138182	3685	1
cib	243	Picture	33	12172504	0	2	3154	3	0	3000
cib	244	Picture	22	12211507	0	1	3154	2	0	3000
cib	244	Response	1	12215042	3535	1
cib	245	Picture	22	12246527	0	1	3153	2	0	3000
cib	245	Response	1	12250781	4254	2
cib	246	Picture	22	12276069	0	2	3154	3	0	3000
cib	246	Response	1	12283042	6973	1
cib	247	Picture	33	12306442	0	1	3153	2	0	3000
cib	248	Picture	22	12337478	0	1	3154	2	0	3000
cib	248	Response	1	12340835	3357	2
cib	249	Picture	33	12369842	0	2	3154	3	0	3000
cib	250	Picture	22	12403700	0	1	3154	2	0	3000
cib	250	Response	1	12407119	3419	1
cib	251	Picture	22	12443035	0	1	3153	3	0	3000
cib	251	Response	1	12446891	3856	2
cib	252	Picture	22	12474071	0	1	3154	2	0	3000
cib	252	Response	1	12477062	2991	1
cib	253	Picture	33	12509257	0	1	3153	2	0	3000
cib	254	Picture	22	12547264	0	1	3153	2	0	3000
cib	254	Response	1	12551741	4477	1
cib	255	Picture	22	12585437	0	1	3153	2	0	3000
cib	255	Response	1	12589417	3980	1
cib	256	Picture	22	12614647	0	2	3154	3	0	3000
cib	256	Response	1	12618667	4020	3
cib	257	Picture	22	12652157	0	1	3153	2	0	3000
cib	257	Response	1	12654670	2513	1
cib	258	Picture	22	12684687	0	1	3153	2	0	3000
cib	258	Response	1	12688485	3798	2
cib	259	Picture	33	12722860	0	1	3153	2	0	3000
cib	260	Picture	22	12757049	0	2	3154	3	0	3000
cib	260	Response	1	12760812	3763	1
cib	261	Picture	33	12787920	0	1	3153	2	0	3000
cib	262	Picture	22	12816301	0	1	3153	2	0	3000
cib	262	Response	1	12820617	4316	2
cib	263	Picture	22	12846009	0	1	3154	2	0	3000
cib	263	Response	1	12850283	4274	1
cib	264	Picture	22	12874722	0	1	3153	3	0	3000
cib	264	Response	1	12877918	3196	1
cib	265	Picture	22	12907086	0	1	3153	3	0	3000
cib	265	Response	1	12910145	3059	1
cib	266	Picture	22	12938786	0	2	3154	3	0	3000
cib	266	Response	1	12942047	3261	1
cib	267	Picture	33	12971980	0	1	3154	2	0	3000
cib	268	Picture	22	13005340	0	1	3154	2	0	3000
cib	268	Response	1	13008829	3489	1
cib	269	Picture	22	13044011	0	1	3153	3	0	3000
cib	269	Response	1	13047244	3233	1
cib	270	Picture	22	13076541	0	1	3153	3	0	3000
cib	270	Response	1	13079852	3311	1
cib	271	Picture	33	13111229	0	1	3153	2	0	3000
cib	272	Picture	22	13145916	0	2	3154	3	0	3000
cib	272	Response	1	13149635	3719	1
cib	273	Picture	22	13184919	0	2	3154	3	0	3000
cib	273	Response	1	13189485	4566	1
cib	274	Picture	22	13216122	0	1	3153	2	0	3000
cib	274	Response	1	13220186	4064	1
cib	275	Picture	33	13254295	0	1	3153	2	0	3000
cib	276	Picture	22	13283505	0	1	3154	2	0	3000
cib	276	Response	1	13287261	3756	1
cib	277	Picture	22	13315703	0	2	3154	3	0	3000
cib	277	Response	1	13319170	3467	1
cib	278	Picture	22	13350889	0	1	3153	2	0	3000
cib	278	Response	1	13354350	3461	1
cib	279	Picture	22	13380763	0	2	3154	3	0	3000
cib	279	Response	1	13384812	4049	2
cib	280	Picture	22	13415783	0	1	3153	3	0	3000
cib	280	Response	1	13419725	3942	1
cib	281	Picture	22	13446653	0	2	3154	3	0	3000
cib	281	Response	1	13450425	3772	1
cib	282	Picture	22	13483499	0	1	3153	2	0	3000
cib	282	Response	1	13487580	4081	1
cib	283	Picture	33	13521506	0	1	3153	2	0	3000
cib	284	Picture	22	13551380	0	1	3154	2	0	3000
cib	284	Response	1	13554606	3226	1
cib	285	Picture	22	13581421	0	1	3153	2	0	3000
cib	285	Response	1	13586044	4623	1
cib	286	Picture	22	13618266	0	1	3153	3	0	3000
cib	286	Response	1	13621133	2867	1
cib	287	Picture	22	13648804	0	2	3154	3	0	3000
cib	287	Response	1	13652502	3698	2
cib	288	Picture	22	13678845	0	1	3153	3	0	3000
cib	288	Response	1	13681939	3094	1
cib	289	Picture	33	13710877	0	1	3153	3	0	3000
cib	290	Picture	22	13743739	0	1	3153	3	0	3000
cib	290	Response	1	13746871	3132	1
cib	291	Picture	22	13772784	0	1	3153	2	0	3000
cib	291	Response	1	13777187	4403	1
cib	292	Picture	22	13807969	0	2	3154	3	0	3000
cib	292	Response	1	13811095	3126	2
cib	293	Picture	33	13842657	0	1	3153	3	0	3000
cib	294	Picture	22	13881992	0	1	3153	2	0	3000
cib	294	Response	1	13890282	8290	1
cib	295	Picture	22	13919003	0	1	3153	3	0	3000
cib	295	Response	1	13923192	4189	1
cib	296	Picture	22	13953027	0	1	3153	2	0	3000
cib	296	Response	1	13956012	2985	1
cib	297	Picture	33	13991034	0	1	3153	2	0	3000
cib	298	Picture	22	14026219	0	2	3154	3	0	3000
cib	298	Response	1	14029485	3266	1
cib	299	Picture	22	14055596	0	1	3153	3	0	3000
cib	299	Response	1	14060331	4735	1
cib	300	Picture	22	14089952	0	1	3153	2	0	3000
cib	300	Response	1	14092592	2640	1
cib	301	Picture	33	14125303	0	2	3154	3	0	3000
cib	302	Picture	22	14158829	0	1	3154	2	0	3000
cib	302	Response	1	14161995	3166	2
cib	303	Picture	22	14197168	0	1	3154	2	0	3000
cib	303	Response	1	14200527	3359	1
cib	304	Picture	22	14235175	0	1	3154	2	0	3000
cib	304	Response	1	14238561	3386	1
cib	305	Picture	22	14274510	0	1	3153	3	0	3000
cib	305	Response	1	14277775	3265	1
cib	306	Picture	22	14303555	0	1	3153	2	0	3000
cib	306	Response	1	14307212	3657	2
cib	307	Picture	33	14334923	0	1	3153	3	0	3000


Event Type	Code	Type	Response	RT	RT Uncertainty	Time	Uncertainty	Duration	Uncertainty	ReqTime	ReqDur

Picture	22	hit	1	3692	3	289	2	3154	3	0	3000
Picture	22	hit	1	4575	2	36305	1	3153	2	0	3000
Picture	22	hit	1	2660	2	70163	1	3153	2	0	3000
Picture	22	hit	1	2781	2	107174	1	3153	2	0	3000
Picture	22	hit	1	3427	2	146343	1	3153	2	0	3000
Picture	33	hit	1	3636	2	177047	1	3153	3	0	3000
Picture	22	hit	1	3230	3	205262	1	3153	3	0	3000
Picture	22	hit	1	3848	2	243103	1	3153	3	0	3000
Picture	22	hit	1	3610	4	279118	2	3154	3	0	3000
Picture	22	hit	1	4724	2	314138	1	3153	3	0	3000
Picture	22	hit	1	4794	3	353473	1	3153	2	0	3000
Picture	33	miss				387497	1	3153	2	0	3000
Picture	22	hit	1	2609	3	416043	2	3154	3	0	3000
Picture	33	miss				450731	1	3153	3	0	3000
Picture	22	hit	1	3180	2	484755	1	3153	2	0	3000
Picture	33	miss				520438	2	3154	3	0	3000
Picture	22	hit	1	3204	2	549151	1	3153	3	0	3000
Picture	22	hit	1	6761	3	582013	1	3153	3	0	3000
Picture	22	hit	1	3378	2	616369	1	3153	2	0	3000
Picture	22	hit	1	3521	2	654708	1	3153	2	0	3000
Picture	22	hit	1	6276	3	684748	2	3154	3	0	3000
Picture	33	hit	1	3504	3	718606	1	3153	3	0	3000
Picture	22	hit	1	4249	3	754124	1	3153	2	0	3000
Picture	22	hit	1	4992	2	791135	1	3153	2	0	3000
Picture	22	hit	1	4426	3	820345	2	3154	3	0	3000
Picture	22	hit	1	2883	4	854037	2	3154	3	0	3000
Picture	22	hit	1	3735	3	892376	2	3154	3	0	3000
Picture	22	hit	1	3320	3	931213	1	3154	2	0	3000
Picture	22	hit	1	5852	2	960092	1	3153	3	0	3000
Picture	33	miss				993286	1	3153	2	0	3000
Picture	22	hit	1	3513	2	1025816	1	3153	2	0	3000
Picture	22	hit	1	6080	2	1055193	1	3153	2	0	3000
Picture	22	hit	1	2588	2	1091042	1	3153	3	0	3000
Picture	22	hit	1	3395	2	1120585	1	3153	2	0	3000
Picture	22	hit	1	4024	2	1155936	1	3154	2	0	3000
Picture	22	hit	1	4286	4	1193279	2	3154	3	0	3000
Picture	22	hit	1	3896	3	1225643	2	3154	3	0	3000
Picture	33	miss				1255020	1	3153	3	0	3000
Picture	22	hit	1	3140	3	1285392	2	3154	3	0	3000
Picture	22	hit	1	5613	4	1324561	2	3154	3	0	3000
Picture	22	hit	1	3987	4	1356427	2	3154	3	0	3000
Picture	22	hit	1	3244	4	1384642	2	3154	3	0	3000
Picture	22	hit	1	3899	2	1414849	1	3153	2	0	3000
Picture	22	hit	1	4693	2	1446383	1	3153	3	0	3000
Picture	22	hit	1	3473	3	1477253	2	3154	3	0	3000
Picture	33	miss				1511609	1	3153	3	0	3000
Picture	22	hit	1	3445	2	1545467	1	3153	2	0	3000
Picture	22	hit	1	3189	3	1574014	1	3153	2	0	3000
Picture	22	hit	1	3093	3	1610859	1	3153	2	0	3000
Picture	22	hit	1	2391	2	1647870	1	3154	2	0	3000
Picture	22	hit	1	3654	2	1678409	1	3153	2	0	3000
Picture	33	miss				1716250	1	3153	2	0	3000
Picture	22	hit	1	3353	2	1746456	1	3153	3	0	3000
Picture	22	hit	1	3288	3	1776496	2	3154	3	0	3000
Picture	22	hit	1	3858	3	1816329	2	3154	3	0	3000
Picture	22	hit	1	3485	2	1853009	1	3153	2	0	3000
Picture	22	hit	1	3777	2	1882717	1	3154	2	0	3000
Picture	22	hit	1	3132	3	1917073	1	3153	3	0	3000
Picture	22	hit	1	3677	2	1946616	1	3153	2	0	3000
Picture	33	miss				1986116	2	3154	3	0	3000
Picture	22	hit	1	3874	2	2014663	1	3154	2	0	3000
Picture	22	hit	1	3843	2	2043044	1	3153	2	0	3000
Picture	22	hit	1	2601	2	2072255	1	3153	2	0	3000
Picture	33	hit	1	2963	2	2104951	1	3153	2	0	3000
Picture	22	hit	1	3469	3	2143455	2	3154	3	0	3000
Picture	22	hit	1	4246	3	2178807	1	3153	3	0	3000
Picture	22	hit	1	3361	2	2208184	1	3153	2	0	3000
Picture	33	miss				2248182	2	3154	3	0	3000
Picture	22	hit	1	3141	2	2278887	1	3153	2	0	3000
Picture	22	hit	1	3540	3	2318388	1	3153	2	0	3000
Picture	22	hit	1	4355	2	2351084	1	3153	2	0	3000
Picture	33	miss				2379464	2	3154	3	0	3000
Picture	22	hit	1	3102	2	2410833	1	3153	2	0	3000
Picture	33	miss				2439213	2	3154	3	0	3000
Picture	22	hit	1	3496	3	2468756	1	3154	2	0	3000
Picture	22	hit	1	3570	2	2498797	1	3153	2	0	3000
Picture	22	hit	1	3661	3	2537633	2	3154	3	0	3000
Picture	33	miss				2576636	2	3154	3	0	3000
Picture	22	hit	1	4258	2	2612320	1	3153	2	0	3000
Picture	22	hit	1	3784	2	2648833	1	3153	3	0	3000
Picture	22	hit	1	3084	2	2684185	1	3153	2	0	3000
Picture	33	miss				2715387	1	3153	3	0	3000
Picture	22	hit	1	3051	2	2750075	1	3153	2	0	3000
Picture	22	hit	1	5050	3	2780613	1	3153	3	0	3000
Picture	22	hit	1	4120	2	2815965	1	3153	2	0	3000
Picture	33	miss				2844677	2	3154	3	0	3000
Picture	22	hit	1	2471	3	2877705	2	3154	3	0	3000
Picture	33	miss				2908576	1	3153	2	0	3000
Picture	22	hit	1	2504	2	2944591	1	3154	2	0	3000
Picture	22	hit	1	4006	2	2976623	1	3154	2	0	3000
Picture	22	hit	1	3349	2	3012141	1	3153	2	0	3000
Picture	22	hit	1	3248	2	3050812	1	3153	2	0	3000
Picture	22	hit	1	4229	3	3084835	2	3154	3	0	3000
Picture	22	hit	1	3070	3	3119025	1	3154	2	0	3000
Picture	22	hit	1	2580	2	3151721	1	3154	2	0	3000
Picture	33	miss				3179936	1	3153	3	0	3000
Picture	22	hit	1	2716	3	3216615	2	3154	3	0	3000
Picture	22	hit	1	2963	2	3247984	1	3153	2	0	3000
Picture	22	hit	1	4813	3	3277194	2	3154	3	0	3000
Picture	33	miss				3306571	1	3153	2	0	3000
Picture	22	hit	1	3048	2	3344578	1	3153	3	0	3000
Picture	33	hit	1	3938	2	3382751	1	3153	3	0	3000
Picture	22	hit	1	4317	2	3417107	1	3153	2	0	3000
Picture	22	hit	1	3138	2	3450467	1	3153	2	0	3000
Picture	22	hit	1	4744	2	3481337	1	3153	3	0	3000
Picture	33	miss				3514365	1	3153	2	0	3000
Picture	22	hit	1	3593	2	3552206	1	3153	3	0	3000
Picture	22	hit	1	4804	2	3580255	1	3153	2	0	3000
Picture	22	hit	1	2954	3	3609631	2	3154	3	0	3000
Picture	22	hit	1	2908	2	3649630	1	3154	2	0	3000
Picture	22	hit	1	2289	2	3685812	1	3153	2	0	3000
Picture	22	hit	1	2733	2	3721495	1	3153	3	0	3000
Picture	22	hit	1	2721	2	3761494	1	3153	2	0	3000
Picture	33	miss				3794854	1	3153	2	0	3000
Picture	22	hit	1	4213	2	3825060	1	3154	2	0	3000
Picture	22	hit	1	2911	3	3857092	2	3154	3	0	3000
Picture	22	hit	1	3401	2	3896261	1	3153	3	0	3000
Picture	22	hit	1	3538	3	3927297	2	3154	3	0	3000
Picture	22	hit	1	3218	2	3961653	1	3154	2	0	3000
Picture	33	miss				3993519	2	3154	3	0	3000
Picture	22	hit	1	2768	3	4030696	2	3154	3	0	3000
Picture	22	hit	1	4500	3	4069036	1	3153	2	0	3000
Picture	22	hit	1	2745	4	4108536	2	3154	3	0	3000
Picture	33	miss				4138909	1	3153	2	0	3000
Picture	22	hit	1	3048	2	4171937	1	3153	2	0	3000
Picture	22	hit	1	3657	2	4207952	1	3154	2	0	3000
Picture	22	hit	1	3397	2	4247785	1	3153	2	0	3000
Picture	22	hit	1	2340	3	4287617	2	3154	3	0	3000
Picture	22	hit	1	2906	3	4327450	2	3154	3	0	3000
Picture	22	hit	1	2934	2	4363134	1	3153	2	0	3000
Picture	22	hit	1	2654	2	4399481	1	3154	2	0	3000
Picture	33	miss				4436824	2	3154	3	0	3000
Picture	22	hit	1	4415	2	4471678	1	3153	2	0	3000
Picture	33	miss				4510017	1	3153	2	0	3000
Picture	22	hit	1	3579	3	4545700	2	3154	3	0	3000
Picture	22	hit	1	3939	2	4581052	1	3153	2	0	3000
Picture	22	hit	1	2570	2	4620221	1	3153	2	0	3000
Picture	22	hit	1	4603	2	4653249	1	3153	2	0	3000
Picture	22	hit	1	2934	3	4687272	2	3154	3	0	3000
Picture	22	hit	1	3159	2	4725114	1	3153	2	0	3000
Picture	22	hit	1	2568	2	4754490	1	3154	2	0	3000
Picture	33	hit	1	2503	2	4788348	1	3153	3	0	3000
Picture	22	hit	1	3925	2	4817891	1	3153	2	0	3000
Picture	22	hit	1	3208	3	4857557	2	3154	3	0	3000
Picture	22	hit	1	3288	3	4895896	2	3154	3	0	3000
Picture	33	miss				4927431	1	3153	2	0	3000
Picture	22	hit	1	3784	3	4967263	2	3154	3	0	3000
Picture	22	hit	1	3762	3	4995810	1	3153	3	0	3000
Picture	22	hit	1	2807	4	5032655	2	3154	3	0	3000
Picture	22	hit	1	3840	2	5068837	1	3153	2	0	3000
Picture	22	hit	1	3434	2	5107342	1	3153	2	0	3000
Picture	22	hit	1	3214	3	5137050	1	3154	2	0	3000
Picture	22	hit	1	2238	3	5169082	2	3154	3	0	3000
Picture	33	hit	1	2545	3	5203604	1	3154	2	0	3000
Picture	22	hit	1	5850	2	9297246	1	3153	2	0	3000
Picture	22	hit	1	3197	3	9328946	1	3154	2	0	3000
Picture	22	hit	1	4239	3	9366289	2	3154	3	0	3000
Picture	22	hit	1	3993	3	9399649	2	3154	3	0	3000
Picture	22	hit	1	3393	3	9433009	1	3154	2	0	3000
Picture	33	miss				9472676	1	3153	3	0	3000
Picture	22	hit	1	3868	2	9506036	1	3153	2	0	3000
Picture	22	hit	1	4238	2	9543379	1	3153	3	0	3000
Picture	22	hit	1	3566	2	9581552	1	3153	3	0	3000
Picture	22	hit	1	2855	2	9614580	1	3153	2	0	3000
Picture	22	hit	1	3883	2	9643127	1	3153	2	0	3000
Picture	33	miss				9679640	1	3154	2	0	3000
Picture	22	hit	1	3728	2	9712834	1	3153	3	0	3000
Picture	22	hit	1	4127	3	9749347	2	3154	3	0	3000
Picture	22	hit	1	4213	2	9784201	1	3153	3	0	3000
Picture	22	hit	1	3485	3	9820050	2	3154	3	0	3000
Picture	22	hit	1	3931	2	9851917	1	3153	2	0	3000
Picture	22	hit	1	3478	2	9883451	1	3153	2	0	3000
Picture	22	hit	1	2911	3	9919134	2	3154	3	0	3000
Picture	33	miss				9954486	1	3153	2	0	3000
Picture	22	hit	1	3671	2	9991497	1	3154	2	0	3000
Picture	22	hit	1	3622	3	10022865	2	3154	3	0	3000
Picture	22	hit	1	3158	2	10057387	1	3153	3	0	3000
Picture	22	hit	1	3052	2	10087428	1	3153	2	0	3000
Picture	22	hit	1	3255	2	10122779	1	3153	3	0	3000
Picture	22	hit	1	3524	2	10152820	1	3153	2	0	3000
Picture	22	hit	1	2638	4	10186345	2	3154	3	0	3000
Picture	33	miss				10216552	1	3153	3	0	3000
Picture	22	hit	1	5301	2	10250908	1	3153	2	0	3000
Picture	22	hit	1	2307	3	10286425	1	3154	2	0	3000
Picture	22	hit	1	3174	3	10323768	2	3154	3	0	3000
Picture	22	hit	1	4605	3	10357128	1	3154	2	0	3000
Picture	22	hit	1	2920	2	10391982	1	3153	2	0	3000
Picture	33	miss				10429657	1	3153	2	0	3000
Picture	22	hit	1	3758	2	10462519	1	3153	3	0	3000
Picture	22	hit	1	4182	3	10492559	2	3154	3	0	3000
Picture	22	hit	1	4073	3	10528575	1	3153	2	0	3000
Picture	22	hit	1	3107	3	10563926	2	3154	3	0	3000
Picture	22	hit	1	4142	4	10597120	2	3154	3	0	3000
Picture	33	miss				10631642	1	3153	3	0	3000
Picture	22	hit	1	3972	4	10662014	2	3154	3	0	3000
Picture	22	hit	1	3702	2	10702179	1	3154	2	0	3000
Picture	22	hit	1	3239	2	10731722	1	3153	2	0	3000
Picture	33	miss				10760766	2	3154	3	0	3000
Picture	22	hit	1	3277	2	10791139	1	3153	2	0	3000
Picture	22	hit	1	3343	4	10826158	2	3154	3	0	3000
Picture	22	hit	1	3192	2	10864166	1	3153	2	0	3000
Picture	22	hit	1	3901	2	10899517	1	3153	3	0	3000
Picture	22	hit	1	4282	2	10935201	1	3153	2	0	3000
Picture	33	miss				10975199	1	3154	2	0	3000
Picture	22	hit	1	3482	2	11008061	1	3154	2	0	3000
Picture	22	hit	1	5354	2	11043745	1	3153	2	0	3000
Picture	22	hit	1	2869	2	11079428	1	3154	2	0	3000
Picture	33	miss				11108473	1	3153	2	0	3000
Picture	22	hit	1	2632	2	11140671	1	3153	3	0	3000
Picture	22	hit	1	4381	2	11169384	1	3153	2	0	3000
Picture	22	hit	1	3357	3	11201748	1	3153	2	0	3000
Picture	22	hit	1	3538	2	11240419	1	3153	2	0	3000
Picture	22	hit	1	3237	3	11274774	2	3154	3	0	3000
Picture	33	miss				11308134	2	3154	3	0	3000
Picture	22	hit	1	2704	2	11336847	1	3153	3	0	3000
Picture	22	hit	1	3065	3	11368713	2	3154	3	0	3000
Picture	22	hit	1	2709	3	11407716	1	3154	2	0	3000
Picture	33	miss				11437591	1	3153	2	0	3000
Picture	22	hit	1	3336	3	11473606	1	3153	3	0	3000
Picture	22	hit	1	3910	4	11504642	2	3154	3	0	3000
Picture	22	hit	1	3463	2	11540824	1	3153	2	0	3000
Picture	22	hit	1	3428	2	11579827	1	3153	2	0	3000
Picture	22	hit	1	3744	2	11615510	1	3154	2	0	3000
Picture	33	miss				11643725	1	3153	3	0	3000
Picture	22	hit	1	2524	2	11681566	1	3153	3	0	3000
Picture	22	hit	1	4776	4	11712104	2	3154	3	0	3000
Picture	22	hit	1	3710	2	11744635	1	3153	2	0	3000
Picture	33	miss				11773181	2	3154	3	0	3000
Picture	22	hit	1	4463	3	11810524	2	3154	3	0	3000
Picture	33	miss				11844382	2	3154	3	0	3000
Picture	22	hit	1	3151	3	11881891	2	3154	3	0	3000
Picture	22	hit	1	4182	2	11914090	1	3153	2	0	3000
Picture	22	hit	1	3677	2	11947118	1	3153	2	0	3000
Picture	33	miss				11979316	1	3153	2	0	3000
Picture	22	hit	1	4055	3	12008194	2	3154	3	0	3000
Picture	22	hit	1	4257	3	12036741	1	3154	2	0	3000
Picture	22	hit	1	3534	2	12069105	1	3154	2	0	3000
Picture	22	miss				12104789	1	3153	2	0	3000
Picture	22	hit	1	3685	3	12134497	2	3154	3	0	3000
Picture	33	miss				12172504	2	3154	3	0	3000
Picture	22	hit	1	3535	2	12211507	1	3154	2	0	3000
Picture	22	hit	1	4254	3	12246527	1	3153	2	0	3000
Picture	22	hit	1	6973	3	12276069	2	3154	3	0	3000
Picture	33	miss				12306442	1	3153	2	0	3000
Picture	22	hit	1	3357	3	12337478	1	3154	2	0	3000
Picture	33	miss				12369842	2	3154	3	0	3000
Picture	22	hit	1	3419	2	12403700	1	3154	2	0	3000
Picture	22	hit	1	3856	3	12443035	1	3153	3	0	3000
Picture	22	hit	1	2991	2	12474071	1	3154	2	0	3000
Picture	33	miss				12509257	1	3153	2	0	3000
Picture	22	hit	1	4477	2	12547264	1	3153	2	0	3000
Picture	22	hit	1	3980	2	12585437	1	3153	2	0	3000
Picture	22	hit	1	4020	5	12614647	2	3154	3	0	3000
Picture	22	hit	1	2513	2	12652157	1	3153	2	0	3000
Picture	22	hit	1	3798	3	12684687	1	3153	2	0	3000
Picture	33	miss				12722860	1	3153	2	0	3000
Picture	22	hit	1	3763	3	12757049	2	3154	3	0	3000
Picture	33	miss				12787920	1	3153	2	0	3000
Picture	22	hit	1	4316	3	12816301	1	3153	2	0	3000
Picture	22	hit	1	4274	2	12846009	1	3154	2	0	3000
Picture	22	hit	1	3196	2	12874722	1	3153	3	0	3000
Picture	22	hit	1	3059	2	12907086	1	3153	3	0	3000
Picture	22	hit	1	3261	3	12938786	2	3154	3	0	3000
Picture	33	miss				12971980	1	3154	2	0	3000
Picture	22	hit	1	3489	2	13005340	1	3154	2	0	3000
Picture	22	hit	1	3233	2	13044011	1	3153	3	0	3000
Picture	22	hit	1	3311	2	13076541	1	3153	3	0	3000
Picture	33	miss				13111229	1	3153	2	0	3000
Picture	22	hit	1	3719	3	13145916	2	3154	3	0	3000
Picture	22	hit	1	4566	3	13184919	2	3154	3	0	3000
Picture	22	hit	1	4064	2	13216122	1	3153	2	0	3000
Picture	33	miss				13254295	1	3153	2	0	3000
Picture	22	hit	1	3756	2	13283505	1	3154	2	0	3000
Picture	22	hit	1	3467	3	13315703	2	3154	3	0	3000
Picture	22	hit	1	3461	2	13350889	1	3153	2	0	3000
Picture	22	hit	1	4049	4	13380763	2	3154	3	0	3000
Picture	22	hit	1	3942	2	13415783	1	3153	3	0	3000
Picture	22	hit	1	3772	3	13446653	2	3154	3	0	3000
Picture	22	hit	1	4081	2	13483499	1	3153	2	0	3000
Picture	33	miss				13521506	1	3153	2	0	3000
Picture	22	hit	1	3226	2	13551380	1	3154	2	0	3000
Picture	22	hit	1	4623	2	13581421	1	3153	2	0	3000
Picture	22	hit	1	2867	2	13618266	1	3153	3	0	3000
Picture	22	hit	1	3698	4	13648804	2	3154	3	0	3000
Picture	22	hit	1	3094	2	13678845	1	3153	3	0	3000
Picture	33	miss				13710877	1	3153	3	0	3000
Picture	22	hit	1	3132	2	13743739	1	3153	3	0	3000
Picture	22	hit	1	4403	2	13772784	1	3153	2	0	3000
Picture	22	hit	1	3126	4	13807969	2	3154	3	0	3000
Picture	33	miss				13842657	1	3153	3	0	3000
Picture	22	hit	1	8290	2	13881992	1	3153	2	0	3000
Picture	22	hit	1	4189	2	13919003	1	3153	3	0	3000
Picture	22	hit	1	2985	2	13953027	1	3153	2	0	3000
Picture	33	miss				13991034	1	3153	2	0	3000
Picture	22	hit	1	3266	3	14026219	2	3154	3	0	3000
Picture	22	hit	1	4735	2	14055596	1	3153	3	0	3000
Picture	22	hit	1	2640	2	14089952	1	3153	2	0	3000
Picture	33	miss				14125303	2	3154	3	0	3000
Picture	22	hit	1	3166	3	14158829	1	3154	2	0	3000
Picture	22	hit	1	3359	2	14197168	1	3154	2	0	3000
Picture	22	hit	1	3386	2	14235175	1	3154	2	0	3000
Picture	22	hit	1	3265	2	14274510	1	3153	3	0	3000
Picture	22	hit	1	3657	3	14303555	1	3153	2	0	3000
Picture	33	miss				14334923	1	3153	3	0	3000
