Scenario - GO/NO-GO
Logfile written - 12/22/2011 11:43:54

Subject	Trial	Event Type	Code	Time	TTime	Uncertainty	Duration	Uncertainty	ReqTime	ReqDur

cib	2	Picture	22	289	0	2	3154	3	0	3000
cib	2	Response	1	3880	3591	1
cib	3	Picture	22	8588	0	1	3153	2	0	3000
cib	3	Response	1	12780	4192	1
cib	4	Picture	22	17384	0	2	3154	3	0	3000
cib	4	Response	1	19585	2201	1
cib	5	Picture	22	27508	0	2	3154	3	0	3000
cib	5	Response	1	29514	2006	1
cib	6	Picture	22	36803	0	1	3153	2	0	3000
cib	6	Response	1	39119	2316	1
cib	7	Picture	33	45267	0	2	3154	3	0	3000
cib	8	Picture	22	53566	0	1	3153	2	0	3000
cib	8	Response	1	55733	2167	2
cib	9	Picture	22	62196	0	1	3154	2	0	3000
cib	9	Response	1	64304	2108	2
cib	10	Picture	22	70993	0	1	3153	2	0	3000
cib	10	Response	1	73378	2385	1
cib	11	Picture	22	80287	0	1	3153	2	0	3000
cib	11	Response	1	83160	2873	2
cib	12	Picture	22	90079	0	1	3153	3	0	3000
cib	12	Response	1	93002	2923	2
cib	13	Picture	33	101199	0	1	3153	3	0	3000
cib	14	Picture	22	109332	0	1	3153	2	0	3000
cib	14	Response	1	112298	2966	2
cib	15	Picture	22	119290	0	1	3153	2	0	3000
cib	15	Response	1	121313	2023	1
cib	16	Picture	22	127920	0	1	3154	2	0	3000
cib	16	Response	1	130389	2469	2
cib	17	Picture	33	138376	0	1	3153	3	0	3000
cib	17	Response	1	140467	2091	1
cib	18	Picture	22	148666	0	2	3154	3	0	3000
cib	18	Response	1	151420	2754	1
cib	19	Picture	22	156965	0	1	3153	2	0	3000
cib	19	Response	1	161199	4234	1
cib	20	Picture	22	165927	0	1	3154	2	0	3000
cib	20	Response	1	168504	2577	1
cib	21	Picture	33	174890	0	1	3153	2	0	3000
cib	21	Response	1	177901	3011	1
cib	22	Picture	22	184350	0	1	3153	2	0	3000
cib	22	Response	1	187232	2882	1
cib	23	Picture	22	192482	0	2	3154	3	0	3000
cib	23	Response	1	194948	2466	2
cib	24	Picture	22	202606	0	2	3154	3	0	3000
cib	24	Response	1	205259	2653	1
cib	25	Picture	22	212233	0	1	3153	2	0	3000
cib	25	Response	1	215242	3009	1
cib	26	Picture	22	222689	0	1	3153	2	0	3000
cib	26	Response	1	225230	2541	1
cib	27	Picture	22	232481	0	1	3153	3	0	3000
cib	27	Response	1	234925	2444	1
cib	28	Picture	22	240614	0	1	3153	2	0	3000
cib	28	Response	1	243529	2915	1
cib	29	Picture	33	249410	0	1	3153	2	0	3000
cib	30	Picture	22	258704	0	1	3154	2	0	3000
cib	30	Response	1	261179	2475	1
cib	31	Picture	22	268662	0	2	3154	3	0	3000
cib	31	Response	1	271373	2711	2
cib	32	Picture	22	279284	0	2	3154	3	0	3000
cib	32	Response	1	281683	2399	1
cib	33	Picture	22	289741	0	1	3153	2	0	3000
cib	33	Response	1	289953	212	1
cib	34	Picture	22	299201	0	1	3153	2	0	3000
cib	34	Response	1	301999	2798	1
cib	35	Picture	33	307333	0	2	3154	3	0	3000
cib	36	Picture	22	315632	0	1	3153	2	0	3000
cib	36	Response	1	318286	2654	1
cib	37	Picture	22	325258	0	1	3153	3	0	3000
cib	37	Response	1	328072	2814	1
cib	38	Picture	22	336046	0	1	3153	3	0	3000
cib	38	Response	1	338504	2458	2
cib	39	Picture	33	345672	0	2	3154	3	0	3000
cib	40	Picture	22	355299	0	1	3153	2	0	3000
cib	40	Response	1	357945	2646	1
cib	41	Picture	22	365423	0	1	3153	2	0	3000
cib	41	Response	1	367523	2100	1
cib	42	Picture	22	374883	0	1	3153	2	0	3000
cib	42	Response	1	377101	2218	1
cib	43	Picture	33	383679	0	2	3154	3	0	3000
cib	44	Picture	22	393637	0	2	3154	3	0	3000
cib	44	Response	1	395779	2142	1
cib	45	Picture	22	404260	0	1	3153	2	0	3000
cib	45	Response	1	407507	3247	2
cib	46	Picture	22	413886	0	1	3153	2	0	3000
cib	46	Response	1	416170	2284	1
cib	47	Picture	22	424342	0	1	3153	2	0	3000
cib	47	Response	1	427307	2965	1
cib	48	Picture	22	434466	0	1	3153	3	0	3000
cib	48	Response	1	436791	2325	1
cib	49	Picture	22	443096	0	2	3154	3	0	3000
cib	49	Response	1	445339	2243	1
cib	50	Picture	22	453387	0	1	3153	2	0	3000
cib	50	Response	1	454296	909	1
cib	51	Picture	33	462017	0	1	3153	3	0	3000
cib	52	Picture	22	472141	0	1	3154	2	0	3000
cib	52	Response	1	474892	2751	1
cib	53	Picture	22	482763	0	1	3154	2	0	3000
cib	53	Response	1	485646	2883	1
cib	54	Picture	22	493385	0	2	3154	3	0	3000
cib	54	Response	1	495929	2544	1
cib	55	Picture	22	501684	0	1	3153	2	0	3000
cib	55	Response	1	504328	2644	1
cib	56	Picture	22	511808	0	1	3153	2	0	3000
cib	56	Response	1	514256	2448	2
cib	57	Picture	33	520936	0	2	3154	3	0	3000
cib	58	Picture	22	530894	0	2	3154	3	0	3000
cib	58	Response	1	533140	2246	1
cib	59	Picture	22	541350	0	2	3154	3	0	3000
cib	59	Response	1	544399	3049	2
cib	60	Picture	22	552304	0	2	3154	3	0	3000
cib	60	Response	1	555032	2728	2
cib	61	Picture	22	561433	0	1	3153	2	0	3000
cib	61	Response	1	564161	2728	1
cib	62	Picture	22	570893	0	1	3154	2	0	3000
cib	62	Response	1	573618	2725	1
cib	63	Picture	22	581847	0	1	3153	3	0	3000
cib	63	Response	1	585433	3586	1
cib	64	Picture	22	592303	0	1	3154	2	0	3000
cib	64	Response	1	595216	2913	1
cib	65	Picture	33	602095	0	2	3154	3	0	3000
cib	66	Picture	22	610560	0	2	3153	3	0	3000
cib	66	Response	1	612805	2245	1
cib	67	Picture	22	619522	0	1	3154	2	0	3000
cib	67	Response	1	622112	2590	1
cib	68	Picture	22	628982	0	2	3154	3	0	3000
cib	68	Response	1	631157	2175	1
cib	69	Picture	22	637447	0	1	3153	3	0	3000
cib	69	Response	1	641797	4350	2
cib	70	Picture	22	645745	0	2	3154	3	0	3000
cib	70	Response	1	649549	3804	2
cib	71	Picture	22	655206	0	1	3153	2	0	3000
cib	71	Response	1	658453	3247	1
cib	72	Picture	22	665662	0	1	3153	2	0	3000
cib	72	Response	1	669034	3372	1
cib	73	Picture	33	676284	0	1	3153	2	0	3000
cib	73	Response	1	683208	6924	2
cib	74	Picture	22	685246	0	1	3154	2	0	3000
cib	75	Picture	22	693545	0	1	3153	2	0	3000
cib	75	Response	1	696370	2825	1
cib	76	Picture	22	702341	0	1	3153	3	0	3000
cib	76	Response	1	704649	2308	2
cib	76	Response	1	712283	9942	1
cib	77	Picture	33	712299	0	1	3154	2	0	3000
cib	78	Picture	22	720764	0	1	3153	2	0	3000
cib	78	Response	1	723303	2539	1
cib	79	Picture	22	729892	0	1	3153	3	0	3000
cib	79	Response	1	730107	215	1
cib	80	Picture	22	738190	0	2	3154	3	0	3000
cib	80	Response	1	741333	3143	2
cib	81	Picture	22	748315	0	1	3153	2	0	3000
cib	81	Response	1	751057	2742	1
cib	82	Picture	22	757941	0	1	3153	2	0	3000
cib	82	Response	1	760690	2749	1
cib	83	Picture	22	767235	0	1	3154	2	0	3000
cib	83	Response	1	769708	2473	1
cib	84	Picture	22	776198	0	1	3153	2	0	3000
cib	84	Response	1	778752	2554	2
cib	85	Picture	33	787152	0	1	3153	2	0	3000
cib	86	Picture	22	796446	0	1	3153	2	0	3000
cib	86	Response	1	799084	2638	1
cib	87	Picture	22	807068	0	1	3153	2	0	3000
cib	87	Response	1	809045	1977	1
cib	88	Picture	22	815864	0	2	3154	3	0	3000
cib	88	Response	1	818391	2527	1
cib	89	Picture	33	824163	0	1	3153	2	0	3000
cib	89	Response	1	826527	2364	1
cib	90	Picture	22	834951	0	1	3153	2	0	3000
cib	90	Response	1	839171	4220	1
cib	91	Picture	33	843747	0	1	3154	2	0	3000
cib	92	Picture	22	854867	0	1	3154	2	0	3000
cib	92	Response	1	857675	2808	1
cib	93	Picture	22	865655	0	1	3154	2	0	3000
cib	93	Response	1	868605	2950	1
cib	94	Picture	22	874120	0	1	3153	2	0	3000
cib	94	Response	1	876945	2825	1
cib	95	Picture	33	884742	0	1	3153	2	0	3000
cib	95	Response	1	887173	2431	2
cib	96	Picture	22	893206	0	1	3154	2	0	3000
cib	96	Response	1	896422	3216	1
cib	97	Picture	22	902334	0	2	3154	3	0	3000
cib	97	Response	1	904319	1985	1
cib	98	Picture	22	911297	0	1	3153	2	0	3000
cib	98	Response	1	913546	2249	2
cib	99	Picture	33	919761	0	1	3154	2	0	3000
cib	99	Response	1	922447	2686	2
cib	100	Picture	22	929222	0	1	3153	2	0	3000
cib	100	Response	1	932161	2939	2
cib	101	Picture	33	938184	0	1	3153	2	0	3000
cib	101	Response	1	940264	2080	1
cib	102	Picture	22	947478	0	2	3154	3	0	3000
cib	102	Response	1	950577	3099	1
cib	103	Picture	22	958266	0	2	3154	3	0	3000
cib	103	Response	1	962331	4065	2
cib	104	Picture	22	969220	0	1	3154	2	0	3000
cib	104	Response	1	972113	2893	1
cib	105	Picture	22	980174	0	1	3154	2	0	3000
cib	105	Response	1	983044	2870	1
cib	106	Picture	22	990630	0	2	3154	3	0	3000
cib	106	Response	1	993829	3199	1
cib	107	Picture	22	1000091	0	1	3153	2	0	3000
cib	107	Response	1	1002966	2875	1
cib	108	Picture	22	1009551	0	1	3153	2	0	3000
cib	108	Response	1	1012341	2790	2
cib	109	Picture	33	1018845	0	1	3154	2	0	3000
cib	110	Picture	22	1028803	0	2	3154	3	0	3000
cib	110	Response	1	1029761	958	1
cib	111	Picture	33	1038264	0	1	3153	2	0	3000
cib	111	Response	1	1038482	218	1
cib	112	Picture	22	1046894	0	1	3153	3	0	3000
cib	112	Response	1	1050827	3933	2
cib	113	Picture	22	1057184	0	1	3154	2	0	3000
cib	113	Response	1	1060312	3128	1
cib	114	Picture	22	1065815	0	1	3153	2	0	3000
cib	114	Response	1	1069446	3631	1
cib	115	Picture	33	1074777	0	1	3153	2	0	3000
cib	115	Response	1	1077083	2306	1
cib	116	Picture	22	1084735	0	1	3154	2	0	3000
cib	116	Response	1	1087709	2974	1
cib	117	Picture	22	1095855	0	1	3154	2	0	3000
cib	117	Response	1	1099701	3846	1
cib	118	Picture	22	1106145	0	1	3154	2	0	3000
cib	118	Response	1	1109394	3249	1
cib	119	Picture	22	1117265	0	1	3154	2	0	3000
cib	119	Response	1	1121210	3945	1
cib	120	Picture	22	1126062	0	1	3153	2	0	3000
cib	120	Response	1	1134672	8610	1
cib	121	Picture	22	1136352	0	1	3153	2	0	3000
cib	121	Response	1	1139829	3477	1
cib	122	Picture	22	1144650	0	1	3154	2	0	3000
cib	122	Response	1	1148526	3876	1
cib	123	Picture	33	1155106	0	1	3154	2	0	3000
cib	124	Picture	22	1164898	0	2	3154	3	0	3000
cib	124	Response	1	1167589	2691	1
cib	125	Picture	22	1176018	0	2	3154	3	0	3000
cib	125	Response	1	1178999	2981	1
cib	126	Picture	22	1185479	0	1	3153	2	0	3000
cib	126	Response	1	1188458	2979	1
cib	127	Picture	22	1196267	0	1	3153	2	0	3000
cib	127	Response	1	1198863	2596	1
cib	128	Picture	22	1206391	0	1	3153	2	0	3000
cib	128	Response	1	1210740	4349	1
cib	129	Picture	33	1216515	0	1	3153	3	0	3000
cib	130	Picture	22	1227137	0	1	3153	3	0	3000
cib	130	Response	1	1230063	2926	1
cib	131	Picture	22	1236265	0	2	3154	3	0	3000
cib	131	Response	1	1239312	3047	2
cib	132	Picture	22	1244896	0	1	3153	2	0	3000
cib	132	Response	1	1247831	2935	1
cib	133	Picture	33	1253692	0	1	3154	2	0	3000
cib	134	Picture	22	1262489	0	1	3153	2	0	3000
cib	134	Response	1	1265540	3051	2
cib	135	Picture	22	1272945	0	1	3153	2	0	3000
cib	135	Response	1	1276678	3733	1
cib	136	Picture	22	1283401	0	1	3153	2	0	3000
cib	136	Response	1	1286285	2884	1
cib	137	Picture	22	1294355	0	1	3153	2	0	3000
cib	137	Response	1	1297484	3129	1
cib	138	Picture	22	1304479	0	1	3153	2	0	3000
cib	138	Response	1	1306977	2498	1
cib	139	Picture	22	1313939	0	1	3154	2	0	3000
cib	139	Response	1	1317147	3208	2
cib	140	Picture	22	1322570	0	1	3153	2	0	3000
cib	140	Response	1	1325667	3097	1
cib	141	Picture	33	1332030	0	1	3153	2	0	3000
cib	142	Picture	22	1340660	0	2	3154	3	0	3000
cib	142	Response	1	1343880	3220	1
cib	143	Picture	22	1348959	0	1	3153	2	0	3000
cib	143	Response	1	1351689	2730	1
cib	144	Picture	22	1359249	0	1	3153	2	0	3000
cib	144	Response	1	1362623	3374	2
cib	145	Picture	22	1368709	0	1	3154	2	0	3000
cib	145	Response	1	1371671	2962	1
cib	146	Picture	22	1377506	0	1	3153	2	0	3000
cib	146	Response	1	1380345	2839	1
cib	147	Picture	33	1386136	0	1	3153	3	0	3000
cib	148	Picture	22	1395928	0	1	3154	2	0	3000
cib	148	Response	1	1398410	2482	1
cib	149	Picture	33	1406550	0	2	3154	3	0	3000
cib	150	Picture	22	1414683	0	1	3153	2	0	3000
cib	150	Response	1	1416915	2232	1
cib	151	Picture	33	1425305	0	1	3153	2	0	3000
cib	151	Response	1	1427524	2219	1
cib	152	Picture	22	1435097	0	1	3153	3	0	3000
cib	152	Response	1	1437884	2787	1
cib	153	Picture	22	1444723	0	1	3154	2	0	3000
cib	153	Response	1	1447544	2821	1
cib	154	Picture	22	1455179	0	2	3154	3	0	3000
cib	154	Response	1	1457769	2590	2
cib	155	Picture	22	1464972	0	1	3153	2	0	3000
cib	155	Response	1	1467550	2578	1
cib	156	Picture	22	1475926	0	1	3153	2	0	3000
cib	156	Response	1	1477632	1706	1
cib	157	Picture	33	1484888	0	1	3153	3	0	3000
cib	157	Response	1	1487185	2297	1
cib	158	Picture	22	1495012	0	1	3154	2	0	3000
cib	158	Response	1	1497346	2334	1
cib	159	Picture	22	1504140	0	2	3154	3	0	3000
cib	159	Response	1	1506480	2340	1
cib	160	Picture	22	1513933	0	1	3153	2	0	3000
cib	160	Response	1	1516496	2563	2
cib	161	Picture	22	1524721	0	1	3153	2	0	3000
cib	161	Response	1	1527812	3091	1
cib	162	Picture	22	1535343	0	1	3153	2	0	3000
cib	162	Response	1	1538717	3374	1
cib	163	Picture	33	1543807	0	1	3154	2	0	3000
cib	164	Picture	22	1552936	0	1	3153	2	0	3000
cib	164	Response	1	1555185	2249	1
cib	165	Picture	22	1563226	0	1	3153	2	0	3000
cib	165	Response	1	1563559	333	1
cib	166	Picture	22	1571358	0	1	3154	2	0	3000
cib	166	Response	1	1574297	2939	1
cib	167	Picture	22	1581814	0	2	3154	3	0	3000
cib	167	Response	1	1584287	2473	1
cib	168	Picture	22	1592104	0	2	3154	3	0	3000
cib	168	Response	1	1595085	2981	1
cib	169	Picture	22	1601067	0	1	3153	2	0	3000
cib	169	Response	1	1603954	2887	1
cib	170	Picture	22	1609531	0	1	3154	2	0	3000
cib	170	Response	1	1612236	2705	2
cib	171	Picture	33	1619821	0	2	3154	3	0	3000
cib	172	Picture	22	1628120	0	1	3153	2	0	3000
cib	172	Response	1	1630563	2443	1
cib	173	Picture	22	1638410	0	1	3153	2	0	3000
cib	173	Response	1	1641493	3083	1
cib	174	Picture	22	1649032	0	1	3153	2	0	3000
cib	174	Response	1	1651747	2715	1
cib	175	Picture	33	1658160	0	1	3154	2	0	3000
cib	175	Response	1	1660294	2134	2
cib	176	Picture	22	1666791	0	1	3153	2	0	3000
cib	176	Response	1	1669309	2518	2
cib	177	Picture	22	1675255	0	1	3154	2	0	3000
cib	177	Response	1	1677321	2066	2
cib	177	Response	1	1685279	10024	1
cib	178	Picture	22	1685545	0	1	3154	2	0	3000
cib	179	Picture	22	1694674	0	1	3153	2	0	3000
cib	179	Response	1	1697360	2686	1
cib	180	Picture	22	1703636	0	1	3153	2	0	3000
cib	180	Response	1	1705811	2175	1
cib	181	Picture	33	1714092	0	1	3153	3	0	3000
cib	182	Picture	22	1724382	0	1	3154	2	0	3000
cib	182	Response	1	1727201	2819	1
cib	183	Picture	22	1734838	0	1	3154	2	0	3000
cib	183	Response	1	1739219	4381	1
cib	184	Picture	22	1743967	0	1	3153	2	0	3000
cib	184	Response	1	1747234	3267	1
cib	185	Picture	22	1752597	0	1	3153	3	0	3000
cib	185	Response	1	1754541	1944	1
cib	186	Picture	22	1760892	0	5	3157	6	0	3000
cib	186	Response	1	1763886	2994	1
cib	187	Picture	33	1771019	0	2	3154	3	0	3000
cib	188	Picture	22	1781808	0	1	3153	2	0	3000
cib	188	Response	1	1784155	2347	1
cib	189	Picture	22	1792098	0	1	3153	2	0	3000
cib	189	Response	1	1794091	1993	1
cib	190	Picture	22	1800230	0	2	3154	3	0	3000
cib	190	Response	1	1802761	2531	1
cib	191	Picture	22	1810520	0	2	3154	3	0	3000
cib	191	Response	1	1810841	321	1
cib	191	Response	1	1820935	10415	1
cib	192	Picture	22	1821308	0	2	3154	3	0	3000
cib	193	Picture	22	1829607	0	1	3153	2	0	3000
cib	193	Response	1	1832267	2660	2
cib	194	Picture	22	1839233	0	1	3154	2	0	3000
cib	194	Response	1	1842234	3001	1
cib	195	Picture	33	1848361	0	2	3154	3	0	3000
cib	195	Response	1	1851194	2833	2
cib	196	Picture	22	1856494	0	1	3153	3	0	3000
cib	196	Response	1	1859050	2556	1
cib	197	Picture	22	1866120	0	1	3154	2	0	3000
cib	197	Response	1	1869213	3093	2
cib	198	Picture	22	1877074	0	1	3154	2	0	3000
cib	198	Response	1	1879846	2772	2
cib	199	Picture	22	1886037	0	1	3153	2	0	3000
cib	199	Response	1	1888417	2380	2
cib	200	Picture	22	1894999	0	1	3153	3	0	3000
cib	200	Response	1	1898529	3530	1
cib	201	Picture	33	1903961	0	2	3154	3	0	3000
cib	201	Response	1	1913382	9421	1
cib	202	Picture	22	1913919	0	2	3154	3	0	3000
cib	203	Picture	22	1922716	0	1	3153	2	0	3000
cib	203	Response	1	1926321	3605	1
cib	204	Picture	22	1933670	0	1	3153	2	0	3000
cib	204	Response	1	1936753	3083	1
cib	205	Picture	33	1943130	0	1	3154	2	0	3000
cib	206	Picture	22	1953254	0	2	3154	3	0	3000
cib	206	Response	1	1955579	2325	1
cib	207	Picture	22	1963876	0	2	3154	3	0	3000
cib	207	Response	1	1968427	4551	1
cib	208	Picture	22	1973669	0	1	3153	2	0	3000
cib	208	Response	1	1976327	2658	1
cib	209	Picture	22	1983793	0	1	3153	2	0	3000
cib	209	Response	1	1986760	2967	1
cib	210	Picture	22	1992091	0	1	3154	2	0	3000
cib	210	Response	1	1995222	3131	1
cib	211	Picture	22	2002049	0	2	3154	3	0	3000
cib	211	Response	1	2004625	2576	1
cib	212	Picture	22	2012008	0	1	3153	2	0	3000
cib	212	Response	1	2014852	2844	1
cib	213	Picture	33	2021468	0	1	3153	2	0	3000
cib	214	Picture	22	2030264	0	1	3154	2	0	3000
cib	214	Response	1	2032327	2063	2
cib	215	Picture	22	2041052	0	1	3154	2	0	3000
cib	215	Response	1	2043788	2736	1
cib	216	Picture	22	2051342	0	2	3154	3	0	3000
cib	216	Response	1	2051544	202	1
cib	217	Picture	22	2061300	0	2	3154	3	0	3000
cib	217	Response	1	2063749	2449	1
cib	218	Picture	22	2071093	0	1	3153	2	0	3000
cib	218	Response	1	2072977	1884	1
cib	219	Picture	22	2080221	0	1	3153	3	0	3000
cib	219	Response	1	2082942	2721	1
cib	220	Picture	22	2091009	0	1	3153	3	0	3000
cib	220	Response	1	2092997	1988	1
cib	221	Picture	33	2099639	0	2	3154	3	0	3000
cib	222	Picture	22	2108934	0	1	3153	2	0	3000
cib	222	Response	1	2111057	2123	1
cib	223	Picture	33	2118560	0	1	3153	3	0	3000
cib	223	Response	1	2120551	1991	1
cib	224	Picture	22	2127688	0	2	3154	3	0	3000
cib	224	Response	1	2129888	2200	1
cib	225	Picture	22	2138642	0	2	3154	3	0	3000
cib	225	Response	1	2140639	1997	1
cib	226	Picture	22	2148269	0	1	3153	2	0	3000
cib	226	Response	1	2149419	1150	2
cib	227	Picture	33	2158725	0	1	3153	2	0	3000
cib	228	Picture	22	2169513	0	1	3153	2	0	3000
cib	228	Response	1	2172077	2564	1
cib	229	Picture	33	2178807	0	1	3153	3	0	3000
cib	229	Response	1	2181588	2781	2
cib	230	Picture	22	2188765	0	1	3154	2	0	3000
cib	230	Response	1	2191685	2920	1
cib	231	Picture	22	2197396	0	1	3153	2	0	3000
cib	231	Response	1	2200344	2948	2
cib	232	Picture	22	2207686	0	1	3153	2	0	3000
cib	232	Response	1	2210042	2356	1
cib	233	Picture	22	2217146	0	1	3153	3	0	3000
cib	233	Response	1	2221469	4323	1
cib	234	Picture	22	2226606	0	2	3154	3	0	3000
cib	234	Response	1	2228835	2229	2
cib	235	Picture	33	2237228	0	2	3154	3	0	3000
cib	236	Picture	22	2246191	0	1	3153	2	0	3000
cib	236	Response	1	2248191	2000	1
cib	236	Response	1	2257117	10926	1
cib	237	Picture	33	2257145	0	1	3153	2	0	3000
cib	238	Picture	22	2267269	0	1	3153	2	0	3000
cib	238	Response	1	2268640	1371	1
cib	239	Picture	22	2277725	0	1	3153	2	0	3000
cib	239	Response	1	2280637	2912	1
cib	240	Picture	22	2286853	0	1	3154	2	0	3000
cib	240	Response	1	2289563	2710	2
cib	241	Picture	22	2297641	0	2	3154	3	0	3000
cib	241	Response	1	2300297	2656	1
cib	242	Picture	22	2307102	0	1	3153	2	0	3000
cib	242	Response	1	2310348	3246	1
cib	243	Picture	33	2316562	0	1	3153	2	0	3000
cib	244	Picture	22	2326520	0	1	3153	3	0	3000
cib	244	Response	1	2327555	1035	1
cib	245	Picture	22	2335482	0	2	3154	3	0	3000
cib	245	Response	1	2337641	2159	1
cib	246	Picture	22	2346104	0	2	3154	3	0	3000
cib	246	Response	1	2346276	172	2
cib	247	Picture	22	2355897	0	1	3153	2	0	3000
cib	247	Response	1	2358214	2317	2
cib	248	Picture	22	2364693	0	1	3153	3	0	3000
cib	248	Response	1	2367852	3159	1
cib	249	Picture	22	2375315	0	1	3153	3	0	3000
cib	249	Response	1	2378202	2887	2
cib	250	Picture	22	2385605	0	1	3154	2	0	3000
cib	250	Response	1	2388306	2701	2
cib	251	Picture	33	2395231	0	2	3154	3	0	3000
cib	251	Response	1	2397083	1852	1
cib	252	Picture	22	2404360	0	1	3153	2	0	3000
cib	252	Response	1	2406209	1849	1
cib	253	Picture	22	2412492	0	2	3154	3	0	3000
cib	253	Response	1	2415958	3466	1
cib	254	Picture	22	2421123	0	1	3153	2	0	3000
cib	254	Response	1	2424408	3285	2
cib	255	Picture	22	2429587	0	1	3154	2	0	3000
cib	255	Response	1	2432718	3131	1
cib	256	Picture	22	2439877	0	2	3154	3	0	3000
cib	256	Response	1	2443734	3857	1
cib	257	Picture	22	2449835	0	2	3154	3	0	3000
cib	257	Response	1	2452895	3060	1
cib	258	Picture	22	2459462	0	1	3153	2	0	3000
cib	258	Response	1	2462703	3241	1
cib	259	Picture	33	2467760	0	1	3154	2	0	3000
cib	260	Picture	22	2478880	0	1	3154	2	0	3000
cib	260	Response	1	2481168	2288	2
cib	261	Picture	22	2488672	0	2	3154	3	0	3000
cib	261	Response	1	2491362	2690	4
cib	262	Picture	22	2498797	0	1	3153	2	0	3000
cib	262	Response	1	2501377	2580	1
cib	263	Picture	22	2507095	0	1	3153	3	0	3000
cib	263	Response	1	2509921	2826	1
cib	264	Picture	22	2516389	0	2	3154	3	0	3000
cib	264	Response	1	2519287	2898	1
cib	265	Picture	33	2526016	0	1	3153	2	0	3000
cib	266	Picture	22	2535476	0	1	3153	2	0	3000
cib	266	Response	1	2537552	2076	1
cib	267	Picture	22	2546264	0	1	3153	2	0	3000
cib	267	Response	1	2548981	2717	1
cib	268	Picture	22	2556388	0	1	3153	3	0	3000
cib	268	Response	1	2558527	2139	2
cib	269	Picture	22	2566844	0	1	3153	3	0	3000
cib	269	Response	1	2568599	1755	1
cib	270	Picture	22	2577466	0	1	3154	2	0	3000
cib	270	Response	1	2580002	2536	1
cib	271	Picture	22	2585765	0	1	3153	2	0	3000
cib	271	Response	1	2587954	2189	1
cib	272	Picture	22	2593897	0	1	3154	2	0	3000
cib	272	Response	1	2596499	2602	2
cib	273	Picture	33	2602362	0	1	3153	2	0	3000
cib	274	Picture	22	2611656	0	1	3153	2	0	3000
cib	274	Response	1	2614467	2811	1
cib	275	Picture	33	2622776	0	1	3153	2	0	3000
cib	275	Response	1	2625132	2356	1
cib	276	Picture	22	2633896	0	1	3153	2	0	3000
cib	276	Response	1	2636674	2778	2
cib	277	Picture	22	2643356	0	2	3153	4	0	3000
cib	277	Response	1	2646067	2711	1
cib	278	Picture	22	2652152	0	2	3154	3	0	3000
cib	278	Response	1	2656415	4263	1
cib	279	Picture	22	2660892	0	122	3044	123	0	3000
cib	279	Response	1	2665727	4835	1
cib	280	Picture	22	2669247	0	2	3154	3	0	3000
cib	280	Response	1	2672975	3728	1
cib	281	Picture	33	2679869	0	2	3154	3	0	3000
cib	282	Picture	22	2689496	0	1	3153	2	0	3000
cib	282	Response	1	2691681	2185	2
cib	283	Picture	22	2698458	0	1	3153	3	0	3000
cib	283	Response	1	2701169	2711	2
cib	284	Picture	22	2709246	0	1	3153	3	0	3000
cib	284	Response	1	2711925	2679	1
cib	285	Picture	22	2718872	0	2	3154	3	0	3000
cib	285	Response	1	2721448	2576	1
cib	286	Picture	22	2727337	0	1	3153	2	0	3000
cib	286	Response	1	2729964	2627	1
cib	287	Picture	33	2735801	0	1	3154	2	0	3000
cib	288	Picture	22	2746589	0	1	3154	2	0	3000
cib	288	Response	1	2747554	965	1
cib	289	Picture	22	2755718	0	1	3153	2	0	3000
cib	289	Response	1	2758197	2479	1
cib	290	Picture	22	2764846	0	1	3153	2	0	3000
cib	290	Response	1	2766423	1577	1
cib	291	Picture	33	2774804	0	1	3153	3	0	3000
cib	291	Response	1	2776503	1699	1
cib	291	Response	1	2785084	10280	1
cib	292	Picture	22	2785758	0	1	3153	3	0	3000
cib	292	Response	1	2795736	9978	1
cib	293	Picture	22	2795882	0	1	3154	2	0	3000
cib	294	Picture	22	2806504	0	1	3154	2	0	3000
cib	294	Response	1	2808733	2229	2
cib	295	Picture	22	2814637	0	1	3153	2	0	3000
cib	295	Response	1	2816544	1907	1
cib	295	Response	1	2824147	9510	1
cib	296	Picture	22	2824595	0	1	3153	2	0	3000
cib	297	Picture	33	2834387	0	1	3154	2	0	3000
cib	297	Response	1	2834762	375	1
cib	298	Picture	22	2843018	0	1	3153	2	0	3000
cib	298	Response	1	2844616	1598	1
cib	298	Response	1	2853343	10325	2
cib	299	Picture	22	2853640	0	1	3153	2	0	3000
cib	300	Picture	22	2861772	0	1	3154	2	0	3000
cib	300	Response	1	2863558	1786	2
cib	301	Picture	22	2870735	0	1	3153	2	0	3000
cib	301	Response	1	2873436	2701	1
cib	302	Picture	22	2879365	0	1	3153	3	0	3000
cib	302	Response	1	2882008	2643	1
cib	303	Picture	22	2890485	0	1	3153	2	0	3000
cib	303	Response	1	2893293	2808	1
cib	304	Picture	22	2900941	0	1	3153	3	0	3000
cib	304	Response	1	2904076	3135	2
cib	305	Picture	33	2909405	0	2	3154	3	0	3000


Event Type	Code	Type	Response	RT	RT Uncertainty	Time	Uncertainty	Duration	Uncertainty	ReqTime	ReqDur

Picture	22	hit	1	3591	3	289	2	3154	3	0	3000
Picture	22	hit	1	4192	2	8588	1	3153	2	0	3000
Picture	22	hit	1	2201	3	17384	2	3154	3	0	3000
Picture	22	hit	1	2006	3	27508	2	3154	3	0	3000
Picture	22	hit	1	2316	2	36803	1	3153	2	0	3000
Picture	33	miss				45267	2	3154	3	0	3000
Picture	22	hit	1	2167	3	53566	1	3153	2	0	3000
Picture	22	hit	1	2108	3	62196	1	3154	2	0	3000
Picture	22	hit	1	2385	2	70993	1	3153	2	0	3000
Picture	22	hit	1	2873	3	80287	1	3153	2	0	3000
Picture	22	hit	1	2923	3	90079	1	3153	3	0	3000
Picture	33	miss				101199	1	3153	3	0	3000
Picture	22	hit	1	2966	3	109332	1	3153	2	0	3000
Picture	22	hit	1	2023	2	119290	1	3153	2	0	3000
Picture	22	hit	1	2469	3	127920	1	3154	2	0	3000
Picture	33	hit	1	2091	2	138376	1	3153	3	0	3000
Picture	22	hit	1	2754	3	148666	2	3154	3	0	3000
Picture	22	hit	1	4234	2	156965	1	3153	2	0	3000
Picture	22	hit	1	2577	2	165927	1	3154	2	0	3000
Picture	33	hit	1	3011	2	174890	1	3153	2	0	3000
Picture	22	hit	1	2882	2	184350	1	3153	2	0	3000
Picture	22	hit	1	2466	4	192482	2	3154	3	0	3000
Picture	22	hit	1	2653	3	202606	2	3154	3	0	3000
Picture	22	hit	1	3009	2	212233	1	3153	2	0	3000
Picture	22	hit	1	2541	2	222689	1	3153	2	0	3000
Picture	22	hit	1	2444	2	232481	1	3153	3	0	3000
Picture	22	hit	1	2915	2	240614	1	3153	2	0	3000
Picture	33	miss				249410	1	3153	2	0	3000
Picture	22	hit	1	2475	2	258704	1	3154	2	0	3000
Picture	22	hit	1	2711	4	268662	2	3154	3	0	3000
Picture	22	hit	1	2399	3	279284	2	3154	3	0	3000
Picture	22	hit	1	212	2	289741	1	3153	2	0	3000
Picture	22	hit	1	2798	2	299201	1	3153	2	0	3000
Picture	33	miss				307333	2	3154	3	0	3000
Picture	22	hit	1	2654	2	315632	1	3153	2	0	3000
Picture	22	hit	1	2814	2	325258	1	3153	3	0	3000
Picture	22	hit	1	2458	3	336046	1	3153	3	0	3000
Picture	33	miss				345672	2	3154	3	0	3000
Picture	22	hit	1	2646	2	355299	1	3153	2	0	3000
Picture	22	hit	1	2100	2	365423	1	3153	2	0	3000
Picture	22	hit	1	2218	2	374883	1	3153	2	0	3000
Picture	33	miss				383679	2	3154	3	0	3000
Picture	22	hit	1	2142	3	393637	2	3154	3	0	3000
Picture	22	hit	1	3247	3	404260	1	3153	2	0	3000
Picture	22	hit	1	2284	2	413886	1	3153	2	0	3000
Picture	22	hit	1	2965	2	424342	1	3153	2	0	3000
Picture	22	hit	1	2325	2	434466	1	3153	3	0	3000
Picture	22	hit	1	2243	3	443096	2	3154	3	0	3000
Picture	22	hit	1	909	2	453387	1	3153	2	0	3000
Picture	33	miss				462017	1	3153	3	0	3000
Picture	22	hit	1	2751	2	472141	1	3154	2	0	3000
Picture	22	hit	1	2883	2	482763	1	3154	2	0	3000
Picture	22	hit	1	2544	3	493385	2	3154	3	0	3000
Picture	22	hit	1	2644	2	501684	1	3153	2	0	3000
Picture	22	hit	1	2448	3	511808	1	3153	2	0	3000
Picture	33	miss				520936	2	3154	3	0	3000
Picture	22	hit	1	2246	3	530894	2	3154	3	0	3000
Picture	22	hit	1	3049	4	541350	2	3154	3	0	3000
Picture	22	hit	1	2728	4	552304	2	3154	3	0	3000
Picture	22	hit	1	2728	2	561433	1	3153	2	0	3000
Picture	22	hit	1	2725	2	570893	1	3154	2	0	3000
Picture	22	hit	1	3586	2	581847	1	3153	3	0	3000
Picture	22	hit	1	2913	2	592303	1	3154	2	0	3000
Picture	33	miss				602095	2	3154	3	0	3000
Picture	22	hit	1	2245	3	610560	2	3153	3	0	3000
Picture	22	hit	1	2590	2	619522	1	3154	2	0	3000
Picture	22	hit	1	2175	3	628982	2	3154	3	0	3000
Picture	22	hit	1	4350	3	637447	1	3153	3	0	3000
Picture	22	hit	1	3804	4	645745	2	3154	3	0	3000
Picture	22	hit	1	3247	2	655206	1	3153	2	0	3000
Picture	22	hit	1	3372	2	665662	1	3153	2	0	3000
Picture	33	hit	1	6924	3	676284	1	3153	2	0	3000
Picture	22	miss				685246	1	3154	2	0	3000
Picture	22	hit	1	2825	2	693545	1	3153	2	0	3000
Picture	22	hit	1	2308	3	702341	1	3153	3	0	3000
Picture	33	miss				712299	1	3154	2	0	3000
Picture	22	hit	1	2539	2	720764	1	3153	2	0	3000
Picture	22	hit	1	215	2	729892	1	3153	3	0	3000
Picture	22	hit	1	3143	4	738190	2	3154	3	0	3000
Picture	22	hit	1	2742	2	748315	1	3153	2	0	3000
Picture	22	hit	1	2749	2	757941	1	3153	2	0	3000
Picture	22	hit	1	2473	2	767235	1	3154	2	0	3000
Picture	22	hit	1	2554	3	776198	1	3153	2	0	3000
Picture	33	miss				787152	1	3153	2	0	3000
Picture	22	hit	1	2638	2	796446	1	3153	2	0	3000
Picture	22	hit	1	1977	2	807068	1	3153	2	0	3000
Picture	22	hit	1	2527	3	815864	2	3154	3	0	3000
Picture	33	hit	1	2364	2	824163	1	3153	2	0	3000
Picture	22	hit	1	4220	2	834951	1	3153	2	0	3000
Picture	33	miss				843747	1	3154	2	0	3000
Picture	22	hit	1	2808	2	854867	1	3154	2	0	3000
Picture	22	hit	1	2950	2	865655	1	3154	2	0	3000
Picture	22	hit	1	2825	2	874120	1	3153	2	0	3000
Picture	33	hit	1	2431	3	884742	1	3153	2	0	3000
Picture	22	hit	1	3216	2	893206	1	3154	2	0	3000
Picture	22	hit	1	1985	3	902334	2	3154	3	0	3000
Picture	22	hit	1	2249	3	911297	1	3153	2	0	3000
Picture	33	hit	1	2686	3	919761	1	3154	2	0	3000
Picture	22	hit	1	2939	3	929222	1	3153	2	0	3000
Picture	33	hit	1	2080	2	938184	1	3153	2	0	3000
Picture	22	hit	1	3099	3	947478	2	3154	3	0	3000
Picture	22	hit	1	4065	4	958266	2	3154	3	0	3000
Picture	22	hit	1	2893	2	969220	1	3154	2	0	3000
Picture	22	hit	1	2870	2	980174	1	3154	2	0	3000
Picture	22	hit	1	3199	3	990630	2	3154	3	0	3000
Picture	22	hit	1	2875	2	1000091	1	3153	2	0	3000
Picture	22	hit	1	2790	3	1009551	1	3153	2	0	3000
Picture	33	miss				1018845	1	3154	2	0	3000
Picture	22	hit	1	958	3	1028803	2	3154	3	0	3000
Picture	33	hit	1	218	2	1038264	1	3153	2	0	3000
Picture	22	hit	1	3933	3	1046894	1	3153	3	0	3000
Picture	22	hit	1	3128	2	1057184	1	3154	2	0	3000
Picture	22	hit	1	3631	2	1065815	1	3153	2	0	3000
Picture	33	hit	1	2306	2	1074777	1	3153	2	0	3000
Picture	22	hit	1	2974	2	1084735	1	3154	2	0	3000
Picture	22	hit	1	3846	2	1095855	1	3154	2	0	3000
Picture	22	hit	1	3249	2	1106145	1	3154	2	0	3000
Picture	22	hit	1	3945	2	1117265	1	3154	2	0	3000
Picture	22	hit	1	8610	2	1126062	1	3153	2	0	3000
Picture	22	hit	1	3477	2	1136352	1	3153	2	0	3000
Picture	22	hit	1	3876	2	1144650	1	3154	2	0	3000
Picture	33	miss				1155106	1	3154	2	0	3000
Picture	22	hit	1	2691	3	1164898	2	3154	3	0	3000
Picture	22	hit	1	2981	3	1176018	2	3154	3	0	3000
Picture	22	hit	1	2979	2	1185479	1	3153	2	0	3000
Picture	22	hit	1	2596	2	1196267	1	3153	2	0	3000
Picture	22	hit	1	4349	2	1206391	1	3153	2	0	3000
Picture	33	miss				1216515	1	3153	3	0	3000
Picture	22	hit	1	2926	2	1227137	1	3153	3	0	3000
Picture	22	hit	1	3047	4	1236265	2	3154	3	0	3000
Picture	22	hit	1	2935	2	1244896	1	3153	2	0	3000
Picture	33	miss				1253692	1	3154	2	0	3000
Picture	22	hit	1	3051	3	1262489	1	3153	2	0	3000
Picture	22	hit	1	3733	2	1272945	1	3153	2	0	3000
Picture	22	hit	1	2884	2	1283401	1	3153	2	0	3000
Picture	22	hit	1	3129	2	1294355	1	3153	2	0	3000
Picture	22	hit	1	2498	2	1304479	1	3153	2	0	3000
Picture	22	hit	1	3208	3	1313939	1	3154	2	0	3000
Picture	22	hit	1	3097	2	1322570	1	3153	2	0	3000
Picture	33	miss				1332030	1	3153	2	0	3000
Picture	22	hit	1	3220	3	1340660	2	3154	3	0	3000
Picture	22	hit	1	2730	2	1348959	1	3153	2	0	3000
Picture	22	hit	1	3374	3	1359249	1	3153	2	0	3000
Picture	22	hit	1	2962	2	1368709	1	3154	2	0	3000
Picture	22	hit	1	2839	2	1377506	1	3153	2	0	3000
Picture	33	miss				1386136	1	3153	3	0	3000
Picture	22	hit	1	2482	2	1395928	1	3154	2	0	3000
Picture	33	miss				1406550	2	3154	3	0	3000
Picture	22	hit	1	2232	2	1414683	1	3153	2	0	3000
Picture	33	hit	1	2219	2	1425305	1	3153	2	0	3000
Picture	22	hit	1	2787	2	1435097	1	3153	3	0	3000
Picture	22	hit	1	2821	2	1444723	1	3154	2	0	3000
Picture	22	hit	1	2590	4	1455179	2	3154	3	0	3000
Picture	22	hit	1	2578	2	1464972	1	3153	2	0	3000
Picture	22	hit	1	1706	2	1475926	1	3153	2	0	3000
Picture	33	hit	1	2297	2	1484888	1	3153	3	0	3000
Picture	22	hit	1	2334	2	1495012	1	3154	2	0	3000
Picture	22	hit	1	2340	3	1504140	2	3154	3	0	3000
Picture	22	hit	1	2563	3	1513933	1	3153	2	0	3000
Picture	22	hit	1	3091	2	1524721	1	3153	2	0	3000
Picture	22	hit	1	3374	2	1535343	1	3153	2	0	3000
Picture	33	miss				1543807	1	3154	2	0	3000
Picture	22	hit	1	2249	2	1552936	1	3153	2	0	3000
Picture	22	hit	1	333	2	1563226	1	3153	2	0	3000
Picture	22	hit	1	2939	2	1571358	1	3154	2	0	3000
Picture	22	hit	1	2473	3	1581814	2	3154	3	0	3000
Picture	22	hit	1	2981	3	1592104	2	3154	3	0	3000
Picture	22	hit	1	2887	2	1601067	1	3153	2	0	3000
Picture	22	hit	1	2705	3	1609531	1	3154	2	0	3000
Picture	33	miss				1619821	2	3154	3	0	3000
Picture	22	hit	1	2443	2	1628120	1	3153	2	0	3000
Picture	22	hit	1	3083	2	1638410	1	3153	2	0	3000
Picture	22	hit	1	2715	2	1649032	1	3153	2	0	3000
Picture	33	hit	1	2134	3	1658160	1	3154	2	0	3000
Picture	22	hit	1	2518	3	1666791	1	3153	2	0	3000
Picture	22	hit	1	2066	3	1675255	1	3154	2	0	3000
Picture	22	miss				1685545	1	3154	2	0	3000
Picture	22	hit	1	2686	2	1694674	1	3153	2	0	3000
Picture	22	hit	1	2175	2	1703636	1	3153	2	0	3000
Picture	33	miss				1714092	1	3153	3	0	3000
Picture	22	hit	1	2819	2	1724382	1	3154	2	0	3000
Picture	22	hit	1	4381	2	1734838	1	3154	2	0	3000
Picture	22	hit	1	3267	2	1743967	1	3153	2	0	3000
Picture	22	hit	1	1944	2	1752597	1	3153	3	0	3000
Picture	22	hit	1	2994	6	1760892	5	3157	6	0	3000
Picture	33	miss				1771019	2	3154	3	0	3000
Picture	22	hit	1	2347	2	1781808	1	3153	2	0	3000
Picture	22	hit	1	1993	2	1792098	1	3153	2	0	3000
Picture	22	hit	1	2531	3	1800230	2	3154	3	0	3000
Picture	22	hit	1	321	3	1810520	2	3154	3	0	3000
Picture	22	miss				1821308	2	3154	3	0	3000
Picture	22	hit	1	2660	3	1829607	1	3153	2	0	3000
Picture	22	hit	1	3001	2	1839233	1	3154	2	0	3000
Picture	33	hit	1	2833	4	1848361	2	3154	3	0	3000
Picture	22	hit	1	2556	2	1856494	1	3153	3	0	3000
Picture	22	hit	1	3093	3	1866120	1	3154	2	0	3000
Picture	22	hit	1	2772	3	1877074	1	3154	2	0	3000
Picture	22	hit	1	2380	3	1886037	1	3153	2	0	3000
Picture	22	hit	1	3530	2	1894999	1	3153	3	0	3000
Picture	33	hit	1	9421	3	1903961	2	3154	3	0	3000
Picture	22	miss				1913919	2	3154	3	0	3000
Picture	22	hit	1	3605	2	1922716	1	3153	2	0	3000
Picture	22	hit	1	3083	2	1933670	1	3153	2	0	3000
Picture	33	miss				1943130	1	3154	2	0	3000
Picture	22	hit	1	2325	3	1953254	2	3154	3	0	3000
Picture	22	hit	1	4551	3	1963876	2	3154	3	0	3000
Picture	22	hit	1	2658	2	1973669	1	3153	2	0	3000
Picture	22	hit	1	2967	2	1983793	1	3153	2	0	3000
Picture	22	hit	1	3131	2	1992091	1	3154	2	0	3000
Picture	22	hit	1	2576	3	2002049	2	3154	3	0	3000
Picture	22	hit	1	2844	2	2012008	1	3153	2	0	3000
Picture	33	miss				2021468	1	3153	2	0	3000
Picture	22	hit	1	2063	3	2030264	1	3154	2	0	3000
Picture	22	hit	1	2736	2	2041052	1	3154	2	0	3000
Picture	22	hit	1	202	3	2051342	2	3154	3	0	3000
Picture	22	hit	1	2449	3	2061300	2	3154	3	0	3000
Picture	22	hit	1	1884	2	2071093	1	3153	2	0	3000
Picture	22	hit	1	2721	2	2080221	1	3153	3	0	3000
Picture	22	hit	1	1988	2	2091009	1	3153	3	0	3000
Picture	33	miss				2099639	2	3154	3	0	3000
Picture	22	hit	1	2123	2	2108934	1	3153	2	0	3000
Picture	33	hit	1	1991	2	2118560	1	3153	3	0	3000
Picture	22	hit	1	2200	3	2127688	2	3154	3	0	3000
Picture	22	hit	1	1997	3	2138642	2	3154	3	0	3000
Picture	22	hit	1	1150	3	2148269	1	3153	2	0	3000
Picture	33	miss				2158725	1	3153	2	0	3000
Picture	22	hit	1	2564	2	2169513	1	3153	2	0	3000
Picture	33	hit	1	2781	3	2178807	1	3153	3	0	3000
Picture	22	hit	1	2920	2	2188765	1	3154	2	0	3000
Picture	22	hit	1	2948	3	2197396	1	3153	2	0	3000
Picture	22	hit	1	2356	2	2207686	1	3153	2	0	3000
Picture	22	hit	1	4323	2	2217146	1	3153	3	0	3000
Picture	22	hit	1	2229	4	2226606	2	3154	3	0	3000
Picture	33	miss				2237228	2	3154	3	0	3000
Picture	22	hit	1	2000	2	2246191	1	3153	2	0	3000
Picture	33	miss				2257145	1	3153	2	0	3000
Picture	22	hit	1	1371	2	2267269	1	3153	2	0	3000
Picture	22	hit	1	2912	2	2277725	1	3153	2	0	3000
Picture	22	hit	1	2710	3	2286853	1	3154	2	0	3000
Picture	22	hit	1	2656	3	2297641	2	3154	3	0	3000
Picture	22	hit	1	3246	2	2307102	1	3153	2	0	3000
Picture	33	miss				2316562	1	3153	2	0	3000
Picture	22	hit	1	1035	2	2326520	1	3153	3	0	3000
Picture	22	hit	1	2159	3	2335482	2	3154	3	0	3000
Picture	22	hit	1	172	4	2346104	2	3154	3	0	3000
Picture	22	hit	1	2317	3	2355897	1	3153	2	0	3000
Picture	22	hit	1	3159	2	2364693	1	3153	3	0	3000
Picture	22	hit	1	2887	3	2375315	1	3153	3	0	3000
Picture	22	hit	1	2701	3	2385605	1	3154	2	0	3000
Picture	33	hit	1	1852	3	2395231	2	3154	3	0	3000
Picture	22	hit	1	1849	2	2404360	1	3153	2	0	3000
Picture	22	hit	1	3466	3	2412492	2	3154	3	0	3000
Picture	22	hit	1	3285	3	2421123	1	3153	2	0	3000
Picture	22	hit	1	3131	2	2429587	1	3154	2	0	3000
Picture	22	hit	1	3857	3	2439877	2	3154	3	0	3000
Picture	22	hit	1	3060	3	2449835	2	3154	3	0	3000
Picture	22	hit	1	3241	2	2459462	1	3153	2	0	3000
Picture	33	miss				2467760	1	3154	2	0	3000
Picture	22	hit	1	2288	3	2478880	1	3154	2	0	3000
Picture	22	hit	1	2690	6	2488672	2	3154	3	0	3000
Picture	22	hit	1	2580	2	2498797	1	3153	2	0	3000
Picture	22	hit	1	2826	2	2507095	1	3153	3	0	3000
Picture	22	hit	1	2898	3	2516389	2	3154	3	0	3000
Picture	33	miss				2526016	1	3153	2	0	3000
Picture	22	hit	1	2076	2	2535476	1	3153	2	0	3000
Picture	22	hit	1	2717	2	2546264	1	3153	2	0	3000
Picture	22	hit	1	2139	3	2556388	1	3153	3	0	3000
Picture	22	hit	1	1755	2	2566844	1	3153	3	0	3000
Picture	22	hit	1	2536	2	2577466	1	3154	2	0	3000
Picture	22	hit	1	2189	2	2585765	1	3153	2	0	3000
Picture	22	hit	1	2602	3	2593897	1	3154	2	0	3000
Picture	33	miss				2602362	1	3153	2	0	3000
Picture	22	hit	1	2811	2	2611656	1	3153	2	0	3000
Picture	33	hit	1	2356	2	2622776	1	3153	2	0	3000
Picture	22	hit	1	2778	3	2633896	1	3153	2	0	3000
Picture	22	hit	1	2711	3	2643356	2	3153	4	0	3000
Picture	22	hit	1	4263	3	2652152	2	3154	3	0	3000
Picture	22	hit	1	4835	123	2660892	122	3044	123	0	3000
Picture	22	hit	1	3728	3	2669247	2	3154	3	0	3000
Picture	33	miss				2679869	2	3154	3	0	3000
Picture	22	hit	1	2185	3	2689496	1	3153	2	0	3000
Picture	22	hit	1	2711	3	2698458	1	3153	3	0	3000
Picture	22	hit	1	2679	2	2709246	1	3153	3	0	3000
Picture	22	hit	1	2576	3	2718872	2	3154	3	0	3000
Picture	22	hit	1	2627	2	2727337	1	3153	2	0	3000
Picture	33	miss				2735801	1	3154	2	0	3000
Picture	22	hit	1	965	2	2746589	1	3154	2	0	3000
Picture	22	hit	1	2479	2	2755718	1	3153	2	0	3000
Picture	22	hit	1	1577	2	2764846	1	3153	2	0	3000
Picture	33	hit	1	1699	2	2774804	1	3153	3	0	3000
Picture	22	miss				2785758	1	3153	3	0	3000
Picture	22	miss				2795882	1	3154	2	0	3000
Picture	22	hit	1	2229	3	2806504	1	3154	2	0	3000
Picture	22	hit	1	1907	2	2814637	1	3153	2	0	3000
Picture	22	miss				2824595	1	3153	2	0	3000
Picture	33	hit	1	375	2	2834387	1	3154	2	0	3000
Picture	22	hit	1	1598	2	2843018	1	3153	2	0	3000
Picture	22	miss				2853640	1	3153	2	0	3000
Picture	22	hit	1	1786	3	2861772	1	3154	2	0	3000
Picture	22	hit	1	2701	2	2870735	1	3153	2	0	3000
Picture	22	hit	1	2643	2	2879365	1	3153	3	0	3000
Picture	22	hit	1	2808	2	2890485	1	3153	2	0	3000
Picture	22	hit	1	3135	3	2900941	1	3153	3	0	3000
Picture	33	miss				2909405	2	3154	3	0	3000
