Scenario - EFT lento Abril 2011
Logfile written - 04/26/2011 11:07:51

Subject	Trial	Event Type	Code	Time	TTime	Uncertainty	Duration	Uncertainty	ReqTime	ReqDur

BA	2	Picture	21	10414	0	1	3153	2	0	3000
BA	3	Response	2	15987	2254	1
BA	4	Picture	10	49416	0	2	3154	3	0	3000
BA	5	Response	1	57936	5200	1
BA	6	Picture	11	89747	0	1	3154	2	0	3000
BA	7	Response	1	95758	2692	2
BA	8	Picture	11	122941	0	1	3153	3	0	3000
BA	9	Response	1	132974	6714	2
BA	10	Picture	20	156467	0	1	3153	2	0	3000
BA	11	Response	2	165535	5749	1
BA	12	Picture	10	191652	0	2	3154	3	0	3000
BA	13	Response	1	204467	9495	1
BA	14	Picture	11	225178	0	2	3154	3	0	3000
BA	15	Response	1	231364	2866	2
BA	16	Picture	11	259866	0	1	3153	2	0	3000
BA	17	Response	1	265139	1954	1
BA	18	Picture	11	290902	0	2	3154	3	0	3000
BA	19	Response	1	302536	8314	1
BA	20	Picture	20	327914	0	1	3153	2	0	3000
BA	21	Response	2	339612	8379	1
BA	22	Picture	10	360609	0	2	3154	3	0	3000
BA	23	Response	1	371460	7531	1
BA	24	Picture	11	396625	0	1	3153	2	0	3000
BA	25	Response	1	403626	3682	1
BA	26	Picture	11	433802	0	1	3154	2	0	3000
BA	27	Response	1	440528	3406	1
BA	28	Picture	20	472307	0	1	3153	3	0	3000
BA	29	Response	1	482628	7002	1
BA	29	Response	2	485441	9815	1
BA	30	Picture	20	505169	0	1	3153	3	0	3000
BA	31	Response	2	513598	5110	2
BA	32	Picture	10	544172	0	1	3153	2	0	3000
BA	33	Response	1	559123	11632	2
BA	34	Picture	10	574710	0	2	3154	3	0	3000
BA	35	Response	1	582165	4135	1
BA	36	Picture	10	614875	0	1	3153	3	0	3000
BA	37	Response	1	625894	7700	1
BA	38	Picture	21	651056	0	2	3154	3	0	3000
BA	39	Response	2	660472	6096	1
BA	40	Picture	21	689063	0	2	3154	3	0	3000
BA	41	Response	2	700470	8087	1
BA	42	Picture	10	722423	0	2	3154	3	0	3000
BA	43	Response	1	731898	6155	1
BA	44	Picture	20	752464	0	1	3153	2	0	3000
BA	45	Response	2	768884	13101	1
BA	46	Picture	10	785160	0	1	3153	2	0	3000
BA	47	Response	1	801860	13381	1
BA	48	Picture	20	824826	0	2	3154	3	0	3000
BA	49	Response	2	837497	9351	1
BA	49	Response	2	842045	13899	2
BA	50	Picture	21	859514	0	1	3154	2	0	3000
BA	51	Response	2	866705	3871	1
BA	52	Picture	11	888061	0	1	3153	2	0	3000
BA	53	Response	1	897836	6456	1
BA	54	Picture	11	917106	0	1	3153	2	0	3000
BA	55	Response	1	923057	2632	1
BA	56	Picture	10	950963	0	2	3154	3	0	3000
BA	57	Response	2	969503	15220	1
BA	58	Picture	20	990464	0	2	3154	3	0	3000
BA	59	Response	2	1003257	9473	1
BA	60	Picture	21	1020173	0	1	3153	2	0	3000
BA	61	Response	2	1026763	3271	1
BA	62	Picture	20	1055026	0	2	3154	3	0	3000
BA	63	Response	2	1066791	8445	2
BA	64	Picture	10	1089880	0	1	3153	3	0	3000
BA	65	Response	2	1103641	10442	1
BA	66	Picture	11	1121082	0	2	3154	3	0	3000
BA	67	Response	1	1127455	3053	1
BA	68	Picture	10	1157928	0	1	3153	2	0	3000
BA	69	Response	1	1164985	3738	1
BA	70	Picture	11	1191453	0	2	3154	3	0	3000
BA	72	Picture	20	1224149	0	2	3154	3	0	3000
BA	73	Response	2	1232404	4935	1
BA	74	Picture	11	1258671	0	1	3154	2	0	3000
BA	75	Response	1	1267551	5561	2
BA	76	Picture	10	1292363	0	1	3153	3	0	3000
BA	77	Response	1	1314895	19213	1
BA	78	Picture	20	1328378	0	2	3154	3	0	3000
BA	79	Response	1	1342837	11139	1
BA	80	Picture	11	1365556	0	1	3153	2	0	3000
BA	82	Picture	11	1402401	0	1	3153	2	0	3000
BA	84	Picture	11	1431280	0	1	3153	2	0	3000
BA	85	Response	2	1439680	5081	2
BA	86	Picture	20	1468623	0	1	3153	2	0	3000
BA	87	Response	2	1474327	2385	1
BA	87	Response	2	1478814	6872	1
BA	88	Picture	10	1507626	0	1	3153	2	0	3000
BA	89	Response	2	1528229	17284	1
BA	90	Picture	11	1541483	0	2	3154	3	0	3000
BA	91	Response	1	1550426	5623	2
BA	92	Picture	11	1572022	0	1	3153	2	0	3000
BA	94	Picture	21	1603722	0	1	3153	3	0	3000
BA	95	Response	2	1617178	10137	1
BA	96	Picture	20	1633099	0	1	3153	2	0	3000
BA	97	Response	2	1643141	6723	1
BA	98	Picture	11	1666127	0	1	3153	2	0	3000
BA	99	Response	1	1677467	8021	1
BA	100	Picture	11	1704963	0	2	3154	3	0	3000
BA	101	Response	2	1713095	4812	1
BA	101	Response	1	1715992	7709	1
BA	102	Picture	10	1735004	0	1	3153	2	0	3000
BA	103	Response	1	1742621	4298	1
BA	104	Picture	20	1767036	0	1	3153	3	0	3000
BA	106	Picture	21	1801226	0	1	3153	2	0	3000
BA	107	Response	2	1810499	5954	1
BA	108	Picture	21	1832262	0	1	3154	2	0	3000
BA	109	Response	2	1843060	7478	2
BA	110	Picture	20	1866784	0	1	3153	2	0	3000
BA	111	Response	2	1876028	5925	1
BA	112	Picture	21	1900808	0	1	3153	2	0	3000
BA	113	Response	2	1911990	7863	1
BA	114	Picture	11	1932010	0	1	3153	2	0	3000
BA	116	Picture	11	1965370	0	1	3153	2	0	3000
BA	118	Picture	11	1996904	0	1	3153	3	0	3000
BA	119	Response	1	2002057	1834	2
BA	120	Picture	21	2029102	0	1	3153	3	0	3000
BA	121	Response	2	2034330	1909	2
BA	122	Picture	21	2059640	0	2	3154	3	0	3000
BA	123	Response	2	2066953	3993	1
BA	124	Picture	11	2088353	0	2	3154	3	0	3000
BA	125	Response	1	2094739	3066	1
BA	126	Picture	21	2123373	0	1	3153	2	0	3000
BA	127	Response	2	2127625	933	2
BA	128	Picture	21	2154409	0	1	3154	2	0	3000
BA	129	Response	2	2159816	2087	2
BA	130	Picture	21	2191918	0	2	3154	3	0	3000
BA	131	Response	2	2202912	7674	1
BA	132	Picture	10	2223287	0	1	3153	2	0	3000
BA	134	Picture	21	2257476	0	2	3154	3	0	3000
BA	135	Response	2	2266221	5425	2
BA	135	Response	1	2269064	8268	1
BA	135	Response	2	2272226	11430	1
BA	136	Picture	10	2294156	0	1	3153	2	0	3000
BA	137	Response	1	2305001	7526	2
BA	138	Picture	20	2326520	0	1	3153	2	0	3000
BA	139	Response	2	2339828	9989	2
BA	140	Picture	21	2360875	0	2	3154	3	0	3000
BA	142	Picture	21	2390086	0	1	3153	3	0	3000
BA	144	Picture	11	2428093	0	1	3154	2	0	3000
BA	146	Picture	20	2461785	0	1	3153	2	0	3000
BA	148	Picture	20	2501286	0	1	3153	2	0	3000
BA	149	Response	2	2506301	1696	1
BA	150	Picture	21	2540620	0	2	3154	3	0	3000
BA	151	Response	2	2546172	2232	1
BA	152	Picture	10	2571989	0	1	3153	2	0	3000
BA	153	Response	1	2578626	3318	1
BA	154	Picture	21	2610660	0	1	3153	2	0	3000
BA	155	Response	2	2616585	2606	2
BA	156	Picture	11	2644517	0	2	3154	3	0	3000
BA	157	Response	1	2650867	3030	1
BA	158	Picture	20	2674392	0	1	3153	3	0	3000
BA	159	Response	2	2681675	3964	314
BA	160	Picture	21	2709080	0	1	3153	2	0	3000
BA	161	Response	2	2716151	3752	1
BA	162	Picture	10	2745759	0	1	3153	2	0	3000
BA	163	Response	1	2755980	6902	7
BA	164	Picture	10	2781774	0	2	3154	3	0	3000
BA	165	Response	1	2790085	4991	1
BA	166	Picture	10	2821441	0	1	3153	3	0	3000
BA	167	Response	2	2826037	1277	1
BA	168	Picture	11	2853639	0	2	3154	3	0	3000
BA	170	Picture	11	2888825	0	1	3153	2	0	3000
BA	172	Picture	21	2924674	0	1	3154	2	0	3000
BA	174	Picture	10	2962847	0	2	3154	3	0	3000
BA	176	Picture	21	3000356	0	2	3154	3	0	3000
BA	178	Picture	21	3035708	0	1	3153	2	0	3000
BA	180	Picture	21	3065748	0	2	3154	3	0	3000
BA	182	Picture	20	3102594	0	1	3153	2	0	3000
BA	183	Response	1	3111581	5668	1
BA	184	Picture	11	3133962	0	1	3153	2	0	3000
BA	185	Response	1	3140525	3244	1
BA	186	Picture	10	3170807	0	1	3154	2	0	3000
BA	187	Response	1	3179158	5031	2
BA	188	Picture	11	3199686	0	1	3153	2	0	3000
BA	189	Response	1	3209025	6020	1
BA	190	Picture	11	3236365	0	1	3154	2	0	3000
BA	191	Response	2	3246337	6652	1
BA	192	Picture	10	3269393	0	1	3154	2	0	3000
BA	194	Picture	21	3302255	0	1	3154	2	0	3000
BA	195	Response	2	3309377	3803	1
BA	196	Picture	20	3338768	0	2	3154	3	0	3000
BA	197	Response	2	3360472	18384	2
BA	197	Response	2	3362525	20437	1
BA	198	Picture	20	3369141	0	1	3153	2	0	3000
BA	200	Picture	20	3404658	0	2	3154	3	0	3000
BA	201	Response	2	3411160	3182	1
BA	202	Picture	10	3435695	0	1	3153	2	0	3000
BA	203	Response	1	3457964	18950	1
BA	204	Picture	10	3471046	0	2	3154	3	0	3000
BA	205	Response	1	3480725	6359	1
BA	206	Picture	21	3501585	0	1	3153	2	0	3000
BA	207	Response	2	3513425	8521	1
BA	208	Picture	21	3540256	0	1	3153	2	0	3000
BA	209	Response	2	3545606	2031	1
BA	210	Picture	10	3576271	0	1	3153	3	0	3000
BA	211	Response	1	3587255	7665	1
BA	212	Picture	10	3605316	0	1	3153	2	0	3000
BA	213	Response	2	3617894	9259	1
BA	213	Response	1	3621872	13237	1
BA	214	Picture	20	3643821	0	1	3153	2	0	3000
BA	215	Response	2	3654821	7681	2
BA	216	Picture	20	3674857	0	1	3153	3	0	3000
BA	217	Response	2	3681976	3800	2
BA	218	Picture	11	3704897	0	2	3154	3	0	3000
BA	219	Response	1	3715611	7394	1
BA	220	Picture	20	3739751	0	1	3153	3	0	3000
BA	221	Response	2	3744559	1489	1
BA	222	Picture	21	3773111	0	1	3153	3	0	3000
BA	223	Response	2	3780030	3600	2
BA	224	Picture	11	3807633	0	1	3153	2	0	3000
BA	225	Response	2	3818133	7181	1
BA	225	Response	1	3818942	7990	1
BA	226	Picture	10	3845308	0	1	3153	2	0	3000
BA	227	Response	1	3857410	8783	1
BA	228	Picture	21	3876842	0	1	3153	3	0	3000
BA	229	Response	2	3885150	4989	1
BA	230	Picture	20	3910534	0	1	3153	2	0	3000
BA	231	Response	2	3921928	8075	1
BA	231	Response	2	3940831	26978	1
BA	232	Picture	11	3941902	0	1	3154	2	0	3000
BA	233	Response	1	3949792	4570	2
BA	234	Picture	10	3971777	0	1	3153	2	0	3000
BA	235	Response	2	3979743	4647	1
BA	236	Picture	10	4011443	0	2	3154	3	0	3000
BA	237	Response	1	4017236	2473	1
BA	238	Picture	20	4046961	0	1	3153	2	0	3000
BA	239	Response	2	4059599	9319	1
BA	240	Picture	21	4076504	0	1	3153	2	0	3000
BA	241	Response	2	4088542	8719	2
BA	242	Picture	11	4107042	0	1	3153	2	0	3000
BA	243	Response	1	4113802	3441	1
BA	244	Picture	21	4140568	0	1	3153	2	0	3000
BA	245	Response	2	4148369	4482	2
BA	246	Picture	20	4173264	0	1	3153	2	0	3000
BA	247	Response	1	4182935	6352	1
BA	248	Picture	21	4205794	0	1	3153	2	0	3000
BA	249	Response	2	4212063	2950	1
BA	250	Picture	10	4244797	0	1	3153	2	0	3000
BA	251	Response	2	4248985	869	1
BA	252	Picture	10	4283468	0	1	3153	2	0	3000
BA	253	Response	1	4291176	4389	1
BA	254	Picture	10	4314172	0	1	3153	3	0	3000
BA	256	Picture	21	4343051	0	1	3153	2	0	3000
BA	257	Response	2	4350924	4554	2
BA	258	Picture	21	4377572	0	2	3154	3	0	3000
BA	259	Response	2	4385434	4542	1
BA	260	Picture	10	4406617	0	1	3154	2	0	3000
BA	262	Picture	21	4437155	0	2	3154	3	0	3000
BA	264	Picture	10	4473171	0	1	3153	2	0	3000
BA	265	Response	2	4484073	7583	1
BA	265	Response	1	4489684	13194	1
BA	266	Picture	11	4507361	0	1	3153	2	0	3000
BA	267	Response	1	4521148	10468	1
BA	268	Picture	10	4542214	0	2	3154	3	0	3000
BA	269	Response	1	4551709	6175	1
BA	270	Picture	10	4573749	0	1	3153	2	0	3000
BA	271	Response	1	4581474	4406	2
BA	272	Picture	10	4614079	0	1	3154	2	0	3000
BA	273	Response	1	4620405	3006	2
BA	274	Picture	10	4650758	0	2	3154	3	0	3000
BA	275	Response	1	4662323	8245	1
BA	276	Picture	21	4688434	0	1	3153	2	0	3000
BA	278	Picture	21	4722125	0	2	3154	3	0	3000
BA	279	Response	2	4729335	3890	1
BA	280	Picture	10	4751834	0	1	3153	3	0	3000
BA	281	Response	1	4761989	6836	1
BA	282	Picture	20	4790837	0	1	3153	2	0	3000
BA	283	Response	1	4796417	2261	1
BA	283	Response	1	4822954	28798	2
BA	284	Picture	20	4824363	0	1	3153	2	0	3000
BA	286	Picture	20	4861374	0	1	3153	2	0	3000
BA	287	Response	2	4876567	11874	1
BA	287	Response	2	4887319	22626	1
BA	288	Picture	11	4895232	0	1	3153	2	0	3000
BA	289	Response	2	4903091	4540	1
BA	289	Response	1	4905736	7185	2
BA	290	Picture	21	4934235	0	1	3153	2	0	3000
BA	291	Response	2	4956378	18824	1
BA	291	Response	2	4961185	23631	1
BA	292	Picture	20	4968756	0	2	3154	3	0	3000
BA	293	Response	2	4981220	9144	1
BA	294	Picture	10	5001286	0	2	3154	3	0	3000
BA	295	Response	1	5005931	1325	73
BA	296	Picture	20	5036804	0	1	3153	2	0	3000
BA	297	Response	2	5050654	10531	2
BA	298	Picture	10	5066346	0	2	3154	3	0	3000
BA	299	Response	1	5077979	8313	2
BA	300	Picture	21	5103690	0	1	3153	2	0	3000
BA	301	Response	2	5113276	6267	1
BA	302	Response	2	5268914	127051	1
BA	304	Picture	21	5289244	0	1	3153	2	0	3000
BA	305	Response	2	5294536	1973	1
BA	306	Picture	11	5328081	0	1	3153	2	0	3000
BA	307	Response	1	5338160	6760	1
BA	308	Picture	10	5357623	0	1	3154	2	0	3000
BA	309	Response	2	5362989	2046	1
BA	310	Picture	20	5394634	0	2	3154	3	0	3000
BA	311	Response	2	5407033	9079	1
BA	312	Picture	20	5431314	0	1	3153	2	0	3000
BA	313	Response	2	5440823	6190	1
BA	314	Picture	21	5471146	0	2	3154	3	0	3000
BA	316	Picture	11	5500025	0	1	3153	3	0	3000
BA	317	Response	1	5515530	12186	1
BA	318	Picture	21	5539028	0	1	3153	2	0	3000
BA	319	Response	2	5546393	4046	1
BA	320	Picture	21	5577035	0	1	3153	2	0	3000
BA	322	Picture	11	5606910	0	1	3153	2	0	3000
BA	323	Response	1	5619119	8890	1
BA	324	Picture	11	5640103	0	2	3154	3	0	3000
BA	325	Response	1	5646029	2606	1
BA	326	Picture	21	5671140	0	1	3153	2	0	3000
BA	327	Response	2	5680102	5643	1
BA	328	Picture	10	5708317	0	1	3153	3	0	3000
BA	329	Response	1	5720180	8544	1
BA	330	Picture	10	5747320	0	1	3153	2	0	3000
BA	331	Response	1	5757869	7230	1
BA	332	Picture	20	5777858	0	2	3153	4	0	3000
BA	334	Picture	11	5809724	0	2	3154	3	0	3000
BA	336	Picture	11	5844910	0	1	3153	2	0	3000
BA	338	Picture	11	5873955	0	1	3153	2	0	3000
BA	340	Picture	20	5905489	0	1	3153	2	0	3000
BA	342	Picture	21	5943164	0	1	3153	2	0	3000
BA	343	Response	2	5956896	10413	1
BA	344	Picture	21	5979179	0	2	3154	3	0	3000
BA	345	Response	2	5989314	6815	1
BA	346	Picture	20	6010382	0	1	3153	2	0	3000
BA	348	Picture	21	6043244	0	1	3153	2	0	3000
BA	349	Response	2	6067184	20621	1
BA	350	Picture	11	6075110	0	1	3153	2	0	3000
BA	351	Response	1	6085023	6594	1
BA	352	Picture	10	6113947	0	1	3153	2	0	3000
BA	354	Picture	20	6152618	0	1	3153	2	0	3000
BA	355	Response	2	6164802	8865	1
BA	356	Picture	11	6183654	0	1	3153	2	0	3000
BA	357	Response	1	6193286	6313	1
BA	358	Picture	21	6213031	0	1	3153	2	0	3000
BA	359	Response	2	6219226	2876	2
BA	360	Picture	20	6243735	0	1	3153	2	0	3000
BA	362	Picture	20	6283734	0	1	3153	2	0	3000
BA	363	Response	2	6300351	13298	1
BA	363	Response	2	6301219	14166	1
BA	363	Response	2	6302355	15302	1
BA	364	Picture	20	6322239	0	1	3153	2	0	3000
BA	366	Picture	21	6362569	0	1	3154	2	0	3000
BA	368	Picture	11	6402900	0	1	3153	2	0	3000
BA	369	Response	1	6419101	12882	1
BA	370	Picture	11	6437587	0	2	3154	3	0	3000
BA	371	Response	2	6453143	12236	1
BA	372	Picture	11	6473603	0	1	3153	2	0	3000
BA	373	Response	1	6483843	6921	1
BA	374	Picture	20	6504307	0	2	3154	3	0	3000
BA	375	Response	1	6515655	8028	1
BA	376	Picture	11	6542646	0	2	3154	3	0	3000
BA	377	Response	2	6564420	18454	1
BA	378	Picture	21	6571193	0	1	3153	3	0	3000
BA	379	Response	2	6579288	4776	2
BA	380	Picture	10	6603059	0	1	3154	2	0	3000
BA	381	Response	1	6609431	3052	1
BA	381	Response	2	6610270	3891	1
BA	382	Picture	11	6643390	0	1	3153	2	0	3000
BA	383	Response	1	6650229	3520	1
BA	384	Picture	11	6678741	0	2	3154	3	0	3000
BA	385	Response	1	6684696	2635	1
BA	385	Response	2	6703780	21719	2
BA	386	Picture	10	6711437	0	2	3154	3	0	3000
BA	387	Response	1	6731374	16617	1
BA	388	Picture	21	6743138	0	1	3153	2	0	3000
BA	389	Response	1	6749688	3231	1
BA	389	Response	2	6750287	3830	2
BA	389	Response	2	6760977	14520	2
BA	390	Picture	20	6778655	0	2	3153	4	0	3000
BA	391	Response	1	6787126	5152	1
BA	392	Picture	11	6814007	0	1	3153	2	0	3000
BA	393	Response	1	6821327	4001	2
BA	393	Response	1	6831457	14131	1
BA	394	Picture	21	6852014	0	1	3153	2	0	3000
BA	395	Response	2	6857605	2272	2
BA	396	Picture	11	6887697	0	1	3153	3	0	3000
BA	397	Response	1	6895935	4919	47
BA	398	Picture	21	6923381	0	1	3153	2	0	3000
BA	399	Response	2	6929331	2631	1
BA	400	Picture	10	6958400	0	1	3154	2	0	3000
BA	401	Response	1	6969821	8101	2
BA	402	Picture	11	6990100	0	2	3154	3	0	3000
BA	403	Response	1	7004962	11542	1
BA	404	Picture	11	7024954	0	1	3153	3	0	3000
BA	405	Response	1	7035102	6829	2
BA	406	Picture	11	7060471	0	2	3154	3	0	3000
BA	408	Picture	10	7096155	0	1	3153	2	0	3000
BA	409	Response	1	7107332	7858	2
BA	409	Response	2	7109606	10132	1
BA	410	Picture	20	7132502	0	2	3154	3	0	3000
BA	411	Response	2	7148627	12805	1
BA	412	Picture	21	7172501	0	1	3153	3	0	3000
BA	414	Picture	11	7202044	0	1	3153	2	0	3000
BA	416	Picture	10	7239055	0	1	3153	2	0	3000
BA	418	Picture	11	7274406	0	2	3154	3	0	3000
BA	420	Picture	20	7311915	0	2	3154	3	0	3000
BA	420	Response	1	7314184	2269	1
BA	421	Response	2	7315561	326	2
BA	421	Response	1	7321372	6137	1
BA	422	Picture	20	7341458	0	1	3153	3	0	3000
BA	423	Response	2	7350279	5502	1
BA	423	Response	2	7355577	10800	1
BA	423	Response	2	7360252	15475	1
BA	424	Picture	10	7380295	0	1	3153	2	0	3000
BA	425	Response	2	7390469	6855	1
BA	426	Picture	11	7420128	0	1	3153	2	0	3000
BA	427	Response	1	7425656	2209	1
BA	427	Response	2	7427930	4483	1
BA	428	Picture	10	7454151	0	2	3154	3	0	3000
BA	429	Response	1	7461049	3578	1
BA	430	Picture	11	7493984	0	1	3154	2	0	3000
BA	431	Response	2	7503473	6170	1
BA	432	Picture	21	7526680	0	1	3154	2	0	3000
BA	433	Response	2	7538541	8542	2
BA	434	Picture	10	7563857	0	2	3154	3	0	3000
BA	436	Picture	11	7599209	0	1	3153	2	0	3000
BA	437	Response	1	7605822	3294	1
BA	438	Picture	21	7634892	0	2	3154	3	0	3000
BA	439	Response	2	7649195	10983	1
BA	440	Picture	11	7672899	0	2	3154	3	0	3000
BA	441	Response	1	7680073	3854	1
BA	442	Picture	21	7712898	0	1	3153	3	0	3000
BA	443	Response	2	7719057	2840	1
BA	444	Picture	11	7742109	0	1	3153	2	0	3000
BA	445	Response	1	7751846	6418	2
BA	445	Response	2	7769789	24361	1
BA	446	Picture	11	7778290	0	1	3154	2	0	3000
BA	447	Response	1	7793949	12340	1
BA	447	Response	2	7802196	20587	1
BA	448	Picture	20	7807169	0	1	3153	2	0	3000
BA	450	Picture	20	7837043	0	2	3154	3	0	3000
BA	451	Response	2	7846731	6368	1
BA	452	Picture	11	7873723	0	1	3153	2	0	3000
BA	453	Response	1	7880872	3830	1
BA	454	Picture	11	7913223	0	2	3154	3	0	3000
BA	455	Response	2	7917653	1110	1
BA	455	Response	1	7918313	1770	1
BA	455	Response	2	7923874	7331	1
BA	456	Picture	10	7951396	0	2	3154	3	0	3000
BA	457	Response	1	7960029	5313	1
BA	458	Picture	21	7987910	0	1	3153	2	0	3000
BA	459	Response	2	7993734	2505	2
BA	460	Picture	11	8027742	0	2	3154	3	0	3000
BA	461	Response	1	8033940	2878	2
BA	462	Picture	20	8064588	0	1	3153	2	0	3000
BA	463	Response	2	8069481	1574	1
BA	464	Picture	20	8093632	0	2	3154	3	0	3000
BA	465	Response	2	8104450	7498	1
BA	465	Response	2	8119789	22837	2
BA	466	Picture	10	8127324	0	2	3154	3	0	3000
BA	467	Response	1	8146705	16061	1
BA	468	Picture	10	8160850	0	1	3154	2	0	3000
BA	469	Response	2	8172198	8029	1
BA	469	Response	1	8179226	15057	1
BA	470	Picture	21	8198525	0	1	3154	2	0	3000
BA	471	Response	2	8206020	4175	1
BA	472	Picture	10	8232051	0	1	3153	3	0	3000
BA	473	Response	1	8240872	5502	1
BA	474	Picture	21	8266573	0	1	3153	2	0	3000
BA	475	Response	2	8274606	4714	1
BA	476	Picture	11	8305742	0	1	3153	2	0	3000
BA	477	Response	1	8330209	21148	1
BA	478	Picture	21	8334952	0	1	3154	2	0	3000
BA	479	Response	2	8340934	2662	2
BA	480	Picture	11	8372461	0	2	3154	3	0	3000
BA	481	Response	1	8379062	3281	1
BA	482	Picture	20	8406153	0	1	3154	2	0	3000
BA	483	Response	2	8419273	9800	2
BA	484	Picture	11	8441173	0	1	3153	2	0	3000
BA	485	Response	1	8450182	5690	1
BA	486	Picture	10	8471877	0	1	3154	2	0	3000
BA	487	Response	1	8481967	6770	1
BA	488	Picture	20	8506731	0	1	3153	2	0	3000
BA	489	Response	1	8516649	6599	1
BA	490	Picture	10	8537767	0	1	3154	2	0	3000
BA	491	Response	1	8557914	16827	2
BA	492	Picture	11	8571791	0	1	3153	2	0	3000
BA	493	Response	1	8578032	2922	1
BA	494	Picture	21	8608968	0	1	3154	2	0	3000
BA	495	Response	2	8625225	12938	1
BA	495	Response	2	8627695	15408	2
BA	496	Picture	11	8648469	0	1	3153	2	0	3000
BA	498	Picture	20	8679671	0	1	3154	2	0	3000
BA	499	Response	2	8697052	14062	1
BA	500	Picture	10	8717678	0	1	3154	2	0	3000
BA	501	Response	2	8726374	5376	1
BA	502	Picture	20	8748383	0	1	3153	2	0	3000
BA	502	Response	1	8748494	111	1
BA	503	Response	2	8762159	10457	1
BA	504	Picture	21	8780083	0	1	3153	2	0	3000
BA	506	Picture	21	8813277	0	1	3153	2	0	3000
BA	508	Picture	11	8843483	0	1	3154	2	0	3000
BA	510	Picture	11	8875847	0	2	3154	3	0	3000
BA	512	Picture	21	8912361	0	1	3153	2	0	3000
BA	513	Response	2	8934370	18690	2
BA	514	Picture	11	8946882	0	2	3154	3	0	3000
BA	515	Response	1	8951010	808	2
BA	516	Picture	20	8981404	0	1	3153	2	0	3000
BA	517	Response	2	8985240	517	2
BA	518	Picture	21	9017585	0	2	3154	3	0	3000
BA	519	Response	2	9023152	2247	1
BA	520	Picture	20	9048622	0	1	3153	2	0	3000
BA	522	Picture	21	9086463	0	1	3153	2	0	3000
BA	524	Picture	20	9122810	0	1	3153	3	0	3000
BA	525	Response	2	9141732	15603	1
BA	526	Picture	20	9161315	0	1	3153	3	0	3000
BA	527	Response	2	9176717	12083	1
BA	528	Picture	11	9196335	0	1	3153	2	0	3000
BA	530	Picture	21	9228699	0	1	3153	2	0	3000
BA	531	Response	2	9233641	1623	1
BA	532	Picture	21	9267204	0	1	3153	2	0	3000
BA	533	Response	2	9271851	1328	1
BA	534	Picture	10	9295750	0	2	3154	3	0	3000
BA	535	Response	1	9310939	11869	1
BA	536	Picture	10	9324795	0	1	3154	2	0	3000
BA	537	Response	1	9332208	4093	2
BA	538	Picture	21	9364130	0	1	3153	2	0	3000
BA	539	Response	1	9390815	23366	2
BA	540	Picture	21	9399149	0	2	3154	3	0	3000
BA	542	Picture	20	9434335	0	1	3153	3	0	3000
BA	543	Response	2	9439500	1846	1
BA	544	Picture	11	9463546	0	1	3153	2	0	3000
BA	546	Picture	11	9496408	0	1	3153	2	0	3000
BA	548	Picture	21	9532423	0	1	3154	2	0	3000
BA	549	Response	2	9545780	10037	1
BA	550	Picture	11	9563293	0	2	3154	3	0	3000
BA	551	Response	1	9574806	8193	2
BA	552	Picture	21	9599973	0	1	3153	2	0	3000
BA	553	Response	2	9604912	1620	1
BA	554	Picture	21	9630677	0	1	3154	2	0	3000
BA	555	Response	2	9636850	2853	1
BA	556	Picture	11	9668186	0	2	3154	3	0	3000
BA	557	Response	2	9674516	3010	1
BA	558	Picture	10	9700882	0	2	3154	3	0	3000
BA	559	Response	2	9712701	8499	1
BA	560	Picture	20	9731587	0	1	3153	2	0	3000
BA	561	Response	1	9746579	11673	1
BA	562	Picture	10	9766772	0	2	3154	3	0	3000
BA	563	Response	2	9777154	7062	1
BA	564	Picture	21	9800464	0	1	3153	3	0	3000
BA	565	Response	1	9809491	5708	1
BA	566	Picture	21	9840131	0	1	3153	2	0	3000
BA	567	Response	2	9846252	2802	1
BA	568	Picture	21	9868844	0	1	3153	2	0	3000
BA	569	Response	1	9877690	5527	1
BA	570	Picture	20	9899382	0	1	3153	3	0	3000
BA	571	Response	1	9907576	4875	1
BA	572	Picture	21	9935563	0	2	3154	3	0	3000
BA	573	Response	2	9947143	8260	2
BA	574	Picture	11	9970583	0	1	3153	2	0	3000
BA	575	Response	1	9988929	15027	1
BA	576	Picture	21	10010914	0	1	3153	2	0	3000
BA	577	Response	2	10023484	9251	2
BA	578	Picture	20	10039626	0	2	3154	3	0	3000
BA	579	Response	2	10054735	11789	1
BA	580	Picture	20	10068671	0	1	3153	3	0	3000
BA	581	Response	2	10079858	7868	1
BA	582	Picture	10	10108504	0	1	3153	2	0	3000
BA	583	Response	1	10121633	9810	1
BA	584	Picture	11	10143191	0	2	3154	3	0	3000
BA	585	Response	1	10159580	13069	1
BA	586	Picture	21	10172402	0	1	3153	3	0	3000
BA	587	Response	2	10183185	7464	1
BA	587	Response	2	10206233	30512	1
BA	588	Picture	20	10210741	0	1	3153	3	0	3000
BA	589	Response	2	10223208	9148	1
BA	589	Response	2	10241205	27145	1
BA	590	Picture	20	10251072	0	1	3153	2	0	3000
BA	592	Picture	20	10286091	0	2	3154	3	0	3000
BA	594	Picture	10	10324264	0	2	3154	3	0	3000
BA	595	Response	1	10335490	7906	1
BA	596	Picture	21	10358288	0	1	3153	3	0	3000
BA	597	Response	2	10363728	2121	2
BA	598	Picture	11	10397789	0	1	3153	2	0	3000
BA	599	Response	1	10416199	15091	2
BA	600	Picture	11	10433306	0	2	3154	3	0	3000
BA	601	Response	1	10442062	5436	1
BA	602	Picture	21	10473471	0	1	3153	2	0	3000
BA	603	Response	2	10478608	1818	1
BA	604	Response	1	10559088	55245	1


Event Type	Code	Type	Response	RT	RT Uncertainty	Time	Uncertainty	Duration	Uncertainty	ReqTime	ReqDur

Picture	21	other				10414	1	3153	2	0	3000
Picture	10	other				49416	2	3154	3	0	3000
Picture	11	other				89747	1	3154	2	0	3000
Picture	11	other				122941	1	3153	3	0	3000
Picture	20	other				156467	1	3153	2	0	3000
Picture	10	other				191652	2	3154	3	0	3000
Picture	11	other				225178	2	3154	3	0	3000
Picture	11	other				259866	1	3153	2	0	3000
Picture	11	other				290902	2	3154	3	0	3000
Picture	20	other				327914	1	3153	2	0	3000
Picture	10	other				360609	2	3154	3	0	3000
Picture	11	other				396625	1	3153	2	0	3000
Picture	11	other				433802	1	3154	2	0	3000
Picture	20	other				472307	1	3153	3	0	3000
Picture	20	other				505169	1	3153	3	0	3000
Picture	10	other				544172	1	3153	2	0	3000
Picture	10	other				574710	2	3154	3	0	3000
Picture	10	other				614875	1	3153	3	0	3000
Picture	21	other				651056	2	3154	3	0	3000
Picture	21	other				689063	2	3154	3	0	3000
Picture	10	other				722423	2	3154	3	0	3000
Picture	20	other				752464	1	3153	2	0	3000
Picture	10	other				785160	1	3153	2	0	3000
Picture	20	other				824826	2	3154	3	0	3000
Picture	21	other				859514	1	3154	2	0	3000
Picture	11	other				888061	1	3153	2	0	3000
Picture	11	other				917106	1	3153	2	0	3000
Picture	10	other				950963	2	3154	3	0	3000
Picture	20	other				990464	2	3154	3	0	3000
Picture	21	other				1020173	1	3153	2	0	3000
Picture	20	other				1055026	2	3154	3	0	3000
Picture	10	other				1089880	1	3153	3	0	3000
Picture	11	other				1121082	2	3154	3	0	3000
Picture	10	other				1157928	1	3153	2	0	3000
Picture	11	other				1191453	2	3154	3	0	3000
Picture	20	other				1224149	2	3154	3	0	3000
Picture	11	other				1258671	1	3154	2	0	3000
Picture	10	other				1292363	1	3153	3	0	3000
Picture	20	other				1328378	2	3154	3	0	3000
Picture	11	other				1365556	1	3153	2	0	3000
Picture	11	other				1402401	1	3153	2	0	3000
Picture	11	other				1431280	1	3153	2	0	3000
Picture	20	other				1468623	1	3153	2	0	3000
Picture	10	other				1507626	1	3153	2	0	3000
Picture	11	other				1541483	2	3154	3	0	3000
Picture	11	other				1572022	1	3153	2	0	3000
Picture	21	other				1603722	1	3153	3	0	3000
Picture	20	other				1633099	1	3153	2	0	3000
Picture	11	other				1666127	1	3153	2	0	3000
Picture	11	other				1704963	2	3154	3	0	3000
Picture	10	other				1735004	1	3153	2	0	3000
Picture	20	other				1767036	1	3153	3	0	3000
Picture	21	other				1801226	1	3153	2	0	3000
Picture	21	other				1832262	1	3154	2	0	3000
Picture	20	other				1866784	1	3153	2	0	3000
Picture	21	other				1900808	1	3153	2	0	3000
Picture	11	other				1932010	1	3153	2	0	3000
Picture	11	other				1965370	1	3153	2	0	3000
Picture	11	other				1996904	1	3153	3	0	3000
Picture	21	other				2029102	1	3153	3	0	3000
Picture	21	other				2059640	2	3154	3	0	3000
Picture	11	other				2088353	2	3154	3	0	3000
Picture	21	other				2123373	1	3153	2	0	3000
Picture	21	other				2154409	1	3154	2	0	3000
Picture	21	other				2191918	2	3154	3	0	3000
Picture	10	other				2223287	1	3153	2	0	3000
Picture	21	other				2257476	2	3154	3	0	3000
Picture	10	other				2294156	1	3153	2	0	3000
Picture	20	other				2326520	1	3153	2	0	3000
Picture	21	other				2360875	2	3154	3	0	3000
Picture	21	other				2390086	1	3153	3	0	3000
Picture	11	other				2428093	1	3154	2	0	3000
Picture	20	other				2461785	1	3153	2	0	3000
Picture	20	other				2501286	1	3153	2	0	3000
Picture	21	other				2540620	2	3154	3	0	3000
Picture	10	other				2571989	1	3153	2	0	3000
Picture	21	other				2610660	1	3153	2	0	3000
Picture	11	other				2644517	2	3154	3	0	3000
Picture	20	other				2674392	1	3153	3	0	3000
Picture	21	other				2709080	1	3153	2	0	3000
Picture	10	other				2745759	1	3153	2	0	3000
Picture	10	other				2781774	2	3154	3	0	3000
Picture	10	other				2821441	1	3153	3	0	3000
Picture	11	other				2853639	2	3154	3	0	3000
Picture	11	other				2888825	1	3153	2	0	3000
Picture	21	other				2924674	1	3154	2	0	3000
Picture	10	other				2962847	2	3154	3	0	3000
Picture	21	other				3000356	2	3154	3	0	3000
Picture	21	other				3035708	1	3153	2	0	3000
Picture	21	other				3065748	2	3154	3	0	3000
Picture	20	other				3102594	1	3153	2	0	3000
Picture	11	other				3133962	1	3153	2	0	3000
Picture	10	other				3170807	1	3154	2	0	3000
Picture	11	other				3199686	1	3153	2	0	3000
Picture	11	other				3236365	1	3154	2	0	3000
Picture	10	other				3269393	1	3154	2	0	3000
Picture	21	other				3302255	1	3154	2	0	3000
Picture	20	other				3338768	2	3154	3	0	3000
Picture	20	other				3369141	1	3153	2	0	3000
Picture	20	other				3404658	2	3154	3	0	3000
Picture	10	other				3435695	1	3153	2	0	3000
Picture	10	other				3471046	2	3154	3	0	3000
Picture	21	other				3501585	1	3153	2	0	3000
Picture	21	other				3540256	1	3153	2	0	3000
Picture	10	other				3576271	1	3153	3	0	3000
Picture	10	other				3605316	1	3153	2	0	3000
Picture	20	other				3643821	1	3153	2	0	3000
Picture	20	other				3674857	1	3153	3	0	3000
Picture	11	other				3704897	2	3154	3	0	3000
Picture	20	other				3739751	1	3153	3	0	3000
Picture	21	other				3773111	1	3153	3	0	3000
Picture	11	other				3807633	1	3153	2	0	3000
Picture	10	other				3845308	1	3153	2	0	3000
Picture	21	other				3876842	1	3153	3	0	3000
Picture	20	other				3910534	1	3153	2	0	3000
Picture	11	other				3941902	1	3154	2	0	3000
Picture	10	other				3971777	1	3153	2	0	3000
Picture	10	other				4011443	2	3154	3	0	3000
Picture	20	other				4046961	1	3153	2	0	3000
Picture	21	other				4076504	1	3153	2	0	3000
Picture	11	other				4107042	1	3153	2	0	3000
Picture	21	other				4140568	1	3153	2	0	3000
Picture	20	other				4173264	1	3153	2	0	3000
Picture	21	other				4205794	1	3153	2	0	3000
Picture	10	other				4244797	1	3153	2	0	3000
Picture	10	other				4283468	1	3153	2	0	3000
Picture	10	other				4314172	1	3153	3	0	3000
Picture	21	other				4343051	1	3153	2	0	3000
Picture	21	other				4377572	2	3154	3	0	3000
Picture	10	other				4406617	1	3154	2	0	3000
Picture	21	other				4437155	2	3154	3	0	3000
Picture	10	other				4473171	1	3153	2	0	3000
Picture	11	other				4507361	1	3153	2	0	3000
Picture	10	other				4542214	2	3154	3	0	3000
Picture	10	other				4573749	1	3153	2	0	3000
Picture	10	other				4614079	1	3154	2	0	3000
Picture	10	other				4650758	2	3154	3	0	3000
Picture	21	other				4688434	1	3153	2	0	3000
Picture	21	other				4722125	2	3154	3	0	3000
Picture	10	other				4751834	1	3153	3	0	3000
Picture	20	other				4790837	1	3153	2	0	3000
Picture	20	other				4824363	1	3153	2	0	3000
Picture	20	other				4861374	1	3153	2	0	3000
Picture	11	other				4895232	1	3153	2	0	3000
Picture	21	other				4934235	1	3153	2	0	3000
Picture	20	other				4968756	2	3154	3	0	3000
Picture	10	other				5001286	2	3154	3	0	3000
Picture	20	other				5036804	1	3153	2	0	3000
Picture	10	other				5066346	2	3154	3	0	3000
Picture	21	other				5103690	1	3153	2	0	3000
Picture	21	other				5289244	1	3153	2	0	3000
Picture	11	other				5328081	1	3153	2	0	3000
Picture	10	other				5357623	1	3154	2	0	3000
Picture	20	other				5394634	2	3154	3	0	3000
Picture	20	other				5431314	1	3153	2	0	3000
Picture	21	other				5471146	2	3154	3	0	3000
Picture	11	other				5500025	1	3153	3	0	3000
Picture	21	other				5539028	1	3153	2	0	3000
Picture	21	other				5577035	1	3153	2	0	3000
Picture	11	other				5606910	1	3153	2	0	3000
Picture	11	other				5640103	2	3154	3	0	3000
Picture	21	other				5671140	1	3153	2	0	3000
Picture	10	other				5708317	1	3153	3	0	3000
Picture	10	other				5747320	1	3153	2	0	3000
Picture	20	other				5777858	2	3153	4	0	3000
Picture	11	other				5809724	2	3154	3	0	3000
Picture	11	other				5844910	1	3153	2	0	3000
Picture	11	other				5873955	1	3153	2	0	3000
Picture	20	other				5905489	1	3153	2	0	3000
Picture	21	other				5943164	1	3153	2	0	3000
Picture	21	other				5979179	2	3154	3	0	3000
Picture	20	other				6010382	1	3153	2	0	3000
Picture	21	other				6043244	1	3153	2	0	3000
Picture	11	other				6075110	1	3153	2	0	3000
Picture	10	other				6113947	1	3153	2	0	3000
Picture	20	other				6152618	1	3153	2	0	3000
Picture	11	other				6183654	1	3153	2	0	3000
Picture	21	other				6213031	1	3153	2	0	3000
Picture	20	other				6243735	1	3153	2	0	3000
Picture	20	other				6283734	1	3153	2	0	3000
Picture	20	other				6322239	1	3153	2	0	3000
Picture	21	other				6362569	1	3154	2	0	3000
Picture	11	other				6402900	1	3153	2	0	3000
Picture	11	other				6437587	2	3154	3	0	3000
Picture	11	other				6473603	1	3153	2	0	3000
Picture	20	other				6504307	2	3154	3	0	3000
Picture	11	other				6542646	2	3154	3	0	3000
Picture	21	other				6571193	1	3153	3	0	3000
Picture	10	other				6603059	1	3154	2	0	3000
Picture	11	other				6643390	1	3153	2	0	3000
Picture	11	other				6678741	2	3154	3	0	3000
Picture	10	other				6711437	2	3154	3	0	3000
Picture	21	other				6743138	1	3153	2	0	3000
Picture	20	other				6778655	2	3153	4	0	3000
Picture	11	other				6814007	1	3153	2	0	3000
Picture	21	other				6852014	1	3153	2	0	3000
Picture	11	other				6887697	1	3153	3	0	3000
Picture	21	other				6923381	1	3153	2	0	3000
Picture	10	other				6958400	1	3154	2	0	3000
Picture	11	other				6990100	2	3154	3	0	3000
Picture	11	other				7024954	1	3153	3	0	3000
Picture	11	other				7060471	2	3154	3	0	3000
Picture	10	other				7096155	1	3153	2	0	3000
Picture	20	other				7132502	2	3154	3	0	3000
Picture	21	other				7172501	1	3153	3	0	3000
Picture	11	other				7202044	1	3153	2	0	3000
Picture	10	other				7239055	1	3153	2	0	3000
Picture	11	other				7274406	2	3154	3	0	3000
Picture	20	other				7311915	2	3154	3	0	3000
Picture	20	other				7341458	1	3153	3	0	3000
Picture	10	other				7380295	1	3153	2	0	3000
Picture	11	other				7420128	1	3153	2	0	3000
Picture	10	other				7454151	2	3154	3	0	3000
Picture	11	other				7493984	1	3154	2	0	3000
Picture	21	other				7526680	1	3154	2	0	3000
Picture	10	other				7563857	2	3154	3	0	3000
Picture	11	other				7599209	1	3153	2	0	3000
Picture	21	other				7634892	2	3154	3	0	3000
Picture	11	other				7672899	2	3154	3	0	3000
Picture	21	other				7712898	1	3153	3	0	3000
Picture	11	other				7742109	1	3153	2	0	3000
Picture	11	other				7778290	1	3154	2	0	3000
Picture	20	other				7807169	1	3153	2	0	3000
Picture	20	other				7837043	2	3154	3	0	3000
Picture	11	other				7873723	1	3153	2	0	3000
Picture	11	other				7913223	2	3154	3	0	3000
Picture	10	other				7951396	2	3154	3	0	3000
Picture	21	other				7987910	1	3153	2	0	3000
Picture	11	other				8027742	2	3154	3	0	3000
Picture	20	other				8064588	1	3153	2	0	3000
Picture	20	other				8093632	2	3154	3	0	3000
Picture	10	other				8127324	2	3154	3	0	3000
Picture	10	other				8160850	1	3154	2	0	3000
Picture	21	other				8198525	1	3154	2	0	3000
Picture	10	other				8232051	1	3153	3	0	3000
Picture	21	other				8266573	1	3153	2	0	3000
Picture	11	other				8305742	1	3153	2	0	3000
Picture	21	other				8334952	1	3154	2	0	3000
Picture	11	other				8372461	2	3154	3	0	3000
Picture	20	other				8406153	1	3154	2	0	3000
Picture	11	other				8441173	1	3153	2	0	3000
Picture	10	other				8471877	1	3154	2	0	3000
Picture	20	other				8506731	1	3153	2	0	3000
Picture	10	other				8537767	1	3154	2	0	3000
Picture	11	other				8571791	1	3153	2	0	3000
Picture	21	other				8608968	1	3154	2	0	3000
Picture	11	other				8648469	1	3153	2	0	3000
Picture	20	other				8679671	1	3154	2	0	3000
Picture	10	other				8717678	1	3154	2	0	3000
Picture	20	other				8748383	1	3153	2	0	3000
Picture	21	other				8780083	1	3153	2	0	3000
Picture	21	other				8813277	1	3153	2	0	3000
Picture	11	other				8843483	1	3154	2	0	3000
Picture	11	other				8875847	2	3154	3	0	3000
Picture	21	other				8912361	1	3153	2	0	3000
Picture	11	other				8946882	2	3154	3	0	3000
Picture	20	other				8981404	1	3153	2	0	3000
Picture	21	other				9017585	2	3154	3	0	3000
Picture	20	other				9048622	1	3153	2	0	3000
Picture	21	other				9086463	1	3153	2	0	3000
Picture	20	other				9122810	1	3153	3	0	3000
Picture	20	other				9161315	1	3153	3	0	3000
Picture	11	other				9196335	1	3153	2	0	3000
Picture	21	other				9228699	1	3153	2	0	3000
Picture	21	other				9267204	1	3153	2	0	3000
Picture	10	other				9295750	2	3154	3	0	3000
Picture	10	other				9324795	1	3154	2	0	3000
Picture	21	other				9364130	1	3153	2	0	3000
Picture	21	other				9399149	2	3154	3	0	3000
Picture	20	other				9434335	1	3153	3	0	3000
Picture	11	other				9463546	1	3153	2	0	3000
Picture	11	other				9496408	1	3153	2	0	3000
Picture	21	other				9532423	1	3154	2	0	3000
Picture	11	other				9563293	2	3154	3	0	3000
Picture	21	other				9599973	1	3153	2	0	3000
Picture	21	other				9630677	1	3154	2	0	3000
Picture	11	other				9668186	2	3154	3	0	3000
Picture	10	other				9700882	2	3154	3	0	3000
Picture	20	other				9731587	1	3153	2	0	3000
Picture	10	other				9766772	2	3154	3	0	3000
Picture	21	other				9800464	1	3153	3	0	3000
Picture	21	other				9840131	1	3153	2	0	3000
Picture	21	other				9868844	1	3153	2	0	3000
Picture	20	other				9899382	1	3153	3	0	3000
Picture	21	other				9935563	2	3154	3	0	3000
Picture	11	other				9970583	1	3153	2	0	3000
Picture	21	other				10010914	1	3153	2	0	3000
Picture	20	other				10039626	2	3154	3	0	3000
Picture	20	other				10068671	1	3153	3	0	3000
Picture	10	other				10108504	1	3153	2	0	3000
Picture	11	other				10143191	2	3154	3	0	3000
Picture	21	other				10172402	1	3153	3	0	3000
Picture	20	other				10210741	1	3153	3	0	3000
Picture	20	other				10251072	1	3153	2	0	3000
Picture	20	other				10286091	2	3154	3	0	3000
Picture	10	other				10324264	2	3154	3	0	3000
Picture	21	other				10358288	1	3153	3	0	3000
Picture	11	other				10397789	1	3153	2	0	3000
Picture	11	other				10433306	2	3154	3	0	3000
Picture	21	other				10473471	1	3153	2	0	3000
