Scenario - EFT rapido Abril 2011
Logfile written - 04/26/2011 11:13:32

Subject	Trial	Event Type	Code	Time	TTime	Uncertainty	Duration	Uncertainty	ReqTime	ReqDur

BA	2	Picture	20	10414	0	1	3153	2	0	3000
BA	4	Picture	10	19708	0	1	3153	2	0	3000
BA	4	Response	2	20677	969	2
BA	5	Response	1	27573	4546	1
BA	6	Picture	10	30164	0	1	3153	3	0	3000
BA	7	Response	1	34840	1357	1
BA	8	Picture	10	39956	0	1	3154	2	0	3000
BA	9	Response	1	45213	1937	1
BA	10	Picture	10	50578	0	2	3154	3	0	3000
BA	11	Response	1	54009	111	1
BA	12	Picture	21	59707	0	1	3153	2	0	3000
BA	12	Response	1	62608	2901	1
BA	13	Response	2	65093	2067	1
BA	13	Response	2	68109	5083	2
BA	14	Picture	11	69167	0	1	3153	2	0	3000
BA	15	Response	1	72947	461	2
BA	16	Picture	21	79457	0	1	3153	3	0	3000
BA	17	Response	2	83040	264	1
BA	18	Picture	21	90411	0	1	3153	3	0	3000
BA	19	Response	1	93812	82	1
BA	19	Response	2	95829	2099	1
BA	20	Picture	11	101033	0	1	3153	3	0	3000
BA	21	Response	1	105368	1016	1
BA	22	Picture	10	111323	0	1	3154	2	0	3000
BA	23	Response	2	114748	105	2
BA	23	Response	1	118791	4148	2
BA	24	Picture	20	122277	0	1	3154	2	0	3000
BA	25	Response	2	127848	2251	1
BA	26	Picture	11	131903	0	2	3154	3	0	3000
BA	27	Response	1	137713	2490	1
BA	28	Picture	20	140534	0	1	3153	2	0	3000
BA	29	Response	2	146307	2454	1
BA	30	Picture	20	150824	0	1	3153	2	0	3000
BA	31	Response	2	157329	3186	2
BA	32	Picture	10	162110	0	1	3153	2	0	3000
BA	33	Response	1	168049	2620	1
BA	34	Picture	10	170574	0	2	3154	3	0	3000
BA	35	Response	1	176482	2588	2
BA	36	Picture	11	180864	0	2	3154	3	0	3000
BA	37	Response	1	185160	976	1
BA	38	Picture	10	191818	0	2	3154	3	0	3000
BA	39	Response	2	195753	615	2
BA	40	Picture	21	201445	0	1	3153	2	0	3000
BA	41	Response	1	207147	2383	1
BA	42	Picture	10	212067	0	1	3153	2	0	3000
BA	43	Response	2	215820	434	2
BA	44	Picture	11	221361	0	1	3153	3	0	3000
BA	45	Response	1	226742	2062	1
BA	46	Picture	21	232315	0	1	3153	3	0	3000
BA	47	Response	2	237513	1879	1
BA	48	Picture	10	241775	0	2	3154	3	0	3000
BA	49	Response	1	247875	2780	1
BA	50	Picture	21	252065	0	2	3154	3	0	3000
BA	51	Response	2	258236	2851	1
BA	52	Picture	10	261194	0	1	3153	2	0	3000
BA	53	Response	1	268480	3967	1
BA	54	Picture	11	271816	0	1	3153	2	0	3000
BA	55	Response	1	278777	3642	1
BA	56	Picture	21	281110	0	1	3154	2	0	3000
BA	57	Response	2	285944	1515	1
BA	58	Picture	21	290404	0	2	3154	3	0	3000
BA	59	Response	2	293875	151	2
BA	60	Picture	11	301358	0	2	3154	3	0	3000
BA	60	Response	1	303757	2399	1
BA	61	Response	1	306191	1513	1
BA	62	Picture	21	312810	0	2	3154	3	0	3000
BA	62	Response	2	315368	2558	1
BA	64	Picture	10	322934	0	2	3154	3	0	3000
BA	64	Response	1	325466	2532	1
BA	66	Picture	10	334054	0	2	3154	3	0	3000
BA	66	Response	2	336703	2649	1
BA	67	Response	1	341342	3968	1
BA	68	Picture	20	344842	0	2	3154	3	0	3000
BA	70	Picture	20	355299	0	1	3153	2	0	3000
BA	71	Response	1	359341	723	1
BA	72	Picture	20	365921	0	1	3153	2	0	3000
BA	72	Response	2	368600	2679	1
BA	74	Picture	10	377207	0	1	3153	2	0	3000
BA	75	Response	1	387157	6631	2
BA	76	Picture	11	388658	0	2	3154	3	0	3000
BA	77	Response	1	394873	2895	1
BA	78	Picture	10	399778	0	2	3154	3	0	3000
BA	79	Response	1	409695	6597	1
BA	80	Picture	20	409737	0	1	3153	2	0	3000
BA	81	Response	2	418161	5105	1
BA	82	Picture	20	421022	0	2	3154	3	0	3000
BA	83	Response	2	430156	5814	1
BA	84	Picture	21	432308	0	2	3154	3	0	3000
BA	86	Picture	20	443428	0	2	3154	3	0	3000
BA	86	Response	2	443451	23	1
BA	88	Picture	11	452723	0	1	3153	2	0	3000
BA	88	Response	2	455358	2635	1
BA	89	Response	1	462560	6518	1
BA	90	Picture	10	462847	0	1	3153	2	0	3000
BA	91	Response	1	470353	4187	1
BA	92	Picture	20	473303	0	1	3153	2	0	3000
BA	93	Response	2	479719	3097	1
BA	94	Picture	20	481767	0	2	3154	3	0	3000
BA	95	Response	2	488457	3370	1
BA	96	Picture	20	491560	0	1	3153	2	0	3000
BA	97	Response	2	497490	2611	1
BA	98	Picture	10	501020	0	1	3153	2	0	3000
BA	99	Response	1	508171	3832	2
BA	100	Picture	20	511974	0	1	3153	2	0	3000
BA	101	Response	1	516696	1403	1
BA	101	Response	2	519524	4231	1
BA	102	Picture	11	523094	0	1	3153	2	0	3000
BA	102	Response	2	525113	2019	1
BA	103	Response	1	532363	5950	1
BA	104	Picture	21	533550	0	1	3153	2	0	3000
BA	105	Response	2	541510	4641	1
BA	106	Picture	21	544172	0	1	3153	2	0	3000
BA	107	Response	2	548174	683	1
BA	108	Picture	21	553964	0	1	3154	2	0	3000
BA	108	Response	2	557143	3179	1
BA	110	Picture	21	564420	0	2	3154	3	0	3000
BA	110	Response	2	567564	3144	1
BA	112	Picture	21	573880	0	2	3154	3	0	3000
BA	112	Response	2	577066	3186	1
BA	114	Picture	20	582345	0	1	3153	2	0	3000
BA	114	Response	2	585424	3079	2
BA	116	Picture	10	593465	0	1	3153	2	0	3000
BA	117	Response	1	597941	1157	1
BA	118	Picture	21	604917	0	1	3153	2	0	3000
BA	119	Response	2	612229	3993	1
BA	120	Picture	11	614543	0	1	3154	2	0	3000
BA	121	Response	2	618038	176	1
BA	121	Response	1	621082	3220	1
BA	122	Picture	11	625497	0	1	3153	3	0	3000
BA	122	Response	2	626417	920	1
BA	123	Response	1	633393	4577	1
BA	124	Picture	11	634127	0	2	3154	3	0	3000
BA	125	Response	1	641424	3977	1
BA	126	Picture	20	645579	0	2	3154	3	0	3000
BA	127	Response	2	650876	1977	1
BA	128	Picture	11	656367	0	2	3154	3	0	3000
BA	129	Response	1	660439	752	1
BA	130	Picture	10	666492	0	1	3153	2	0	3000
BA	131	Response	1	672509	2698	2
BA	132	Picture	21	677612	0	1	3153	2	0	3000
BA	133	Response	2	681919	988	2
BA	134	Picture	10	686906	0	1	3153	2	0	3000
BA	135	Response	1	690665	440	1
BA	136	Picture	21	697694	0	1	3153	2	0	3000
BA	137	Response	2	701266	253	2
BA	138	Picture	11	707486	0	1	3153	3	0	3000
BA	139	Response	1	711891	1086	1
BA	140	Picture	20	718108	0	1	3154	2	0	3000
BA	141	Response	2	722274	847	1
BA	142	Picture	10	727734	0	2	3154	3	0	3000
BA	143	Response	1	733085	2031	1
BA	144	Picture	21	737028	0	2	3154	3	0	3000
BA	145	Response	2	740608	260	1
BA	146	Picture	10	747153	0	1	3153	2	0	3000
BA	147	Response	1	750876	404	1
BA	148	Picture	20	757775	0	1	3153	2	0	3000
BA	148	Response	2	760404	2629	2
BA	150	Picture	10	766239	0	2	3154	3	0	3000
BA	150	Response	1	769521	3282	2
BA	152	Picture	11	777359	0	2	3154	3	0	3000
BA	152	Response	2	780405	3046	2
BA	154	Picture	21	787815	0	2	3154	3	0	3000
BA	155	Response	1	791972	837	1
BA	155	Response	1	796332	5197	1
BA	156	Picture	21	797110	0	1	3153	2	0	3000
BA	157	Response	1	801986	1557	1
BA	157	Response	2	805136	4707	1
BA	158	Picture	11	807234	0	1	3153	2	0	3000
BA	158	Response	2	809533	2299	1
BA	159	Response	1	813445	2892	1
BA	160	Picture	11	816528	0	1	3154	2	0	3000
BA	161	Response	1	821439	1591	2
BA	162	Picture	21	827150	0	1	3154	2	0	3000
BA	162	Response	1	830229	3079	1
BA	163	Response	2	833293	2823	1
BA	164	Picture	21	835947	0	1	3153	2	0	3000
BA	164	Response	1	839052	3105	1
BA	165	Response	2	841044	1778	1
BA	166	Picture	11	844411	0	1	3153	3	0	3000
BA	166	Response	1	846804	2393	1
BA	166	Response	2	847553	3142	2
BA	168	Picture	20	854701	0	1	3154	2	0	3000
BA	168	Response	1	857251	2550	1
BA	169	Response	2	861204	3184	2
BA	170	Picture	21	864493	0	2	3154	3	0	3000
BA	170	Response	2	864711	218	1
BA	171	Response	2	870784	2971	1
BA	172	Picture	21	874286	0	1	3153	2	0	3000
BA	173	Response	2	878928	1323	1
BA	174	Picture	10	885737	0	2	3154	3	0	3000
BA	175	Response	2	891057	2000	1
BA	175	Response	1	893320	4263	1
BA	176	Picture	10	896691	0	2	3154	3	0	3000
BA	177	Response	1	901280	1269	1
BA	178	Picture	21	906982	0	1	3153	2	0	3000
BA	179	Response	2	912992	2691	1
BA	180	Picture	11	917106	0	1	3153	2	0	3000
BA	181	Response	2	924936	4511	1
BA	182	Picture	21	927396	0	1	3153	2	0	3000
BA	182	Response	1	928799	1403	1
BA	183	Response	2	933581	2866	2
BA	184	Picture	21	936358	0	1	3154	2	0	3000
BA	185	Response	2	941287	1609	2
BA	186	Picture	21	947146	0	2	3154	3	0	3000
BA	187	Response	2	951002	536	2
BA	188	Picture	11	957602	0	2	3154	3	0	3000
BA	189	Response	1	963376	2454	1
BA	190	Picture	20	968390	0	2	3154	3	0	3000
BA	191	Response	1	975685	3975	2
BA	191	Response	2	978249	6539	1
BA	192	Picture	21	979842	0	2	3154	3	0	3000
BA	193	Response	2	985989	2827	2
BA	194	Picture	21	989303	0	1	3153	2	0	3000
BA	195	Response	2	993083	461	1
BA	196	Picture	20	998265	0	1	3153	2	0	3000
BA	197	Response	1	1003118	1534	2
BA	198	Picture	10	1008721	0	1	3153	2	0	3000
BA	199	Response	1	1015902	3862	1
BA	200	Picture	20	1017849	0	2	3154	3	0	3000
BA	202	Picture	11	1027807	0	2	3154	3	0	3000
BA	202	Response	2	1027862	55	2
BA	203	Response	1	1034674	3547	2
BA	204	Picture	21	1037766	0	1	3153	2	0	3000
BA	205	Response	2	1045745	4660	1
BA	206	Picture	20	1047392	0	1	3153	2	0	3000
BA	207	Response	2	1053043	2332	1
BA	208	Picture	20	1058678	0	1	3153	2	0	3000
BA	209	Response	2	1063684	1687	1
BA	210	Picture	11	1067142	0	2	3154	3	0	3000
BA	211	Response	1	1074624	4162	1
BA	212	Picture	11	1076603	0	1	3153	2	0	3000
BA	213	Response	1	1082404	2482	1
BA	214	Picture	11	1086561	0	1	3153	2	0	3000
BA	216	Picture	10	1095855	0	1	3153	3	0	3000
BA	216	Response	1	1096456	601	1
BA	218	Picture	10	1107307	0	1	3153	2	0	3000
BA	219	Response	2	1110976	350	1
BA	219	Response	1	1113600	2974	1
BA	220	Picture	21	1117929	0	1	3153	3	0	3000
BA	221	Response	1	1123642	2394	1
BA	222	Picture	21	1128053	0	1	3154	2	0	3000
BA	223	Response	2	1132780	1407	2
BA	224	Picture	21	1136684	0	1	3153	2	0	3000
BA	225	Response	2	1143181	3178	1
BA	226	Picture	20	1146310	0	1	3153	3	0	3000
BA	227	Response	2	1156490	6861	1
BA	228	Picture	10	1156932	0	1	3153	2	0	3000
BA	230	Picture	11	1165894	0	2	3154	3	0	3000
BA	230	Response	1	1166205	311	1
BA	231	Response	1	1172203	2989	1
BA	232	Picture	21	1174857	0	1	3153	2	0	3000
BA	233	Response	2	1181508	3332	1
BA	234	Picture	10	1184815	0	1	3153	2	0	3000
BA	235	Response	1	1191363	3229	1
BA	236	Picture	21	1194773	0	1	3153	2	0	3000
BA	237	Response	2	1201694	3602	2
BA	238	Picture	11	1203735	0	2	3154	3	0	3000
BA	239	Response	1	1208987	1932	1
BA	240	Picture	20	1213030	0	1	3153	2	0	3000
BA	241	Response	2	1219587	3238	2
BA	242	Picture	11	1223652	0	1	3153	2	0	3000
BA	242	Response	1	1225685	2033	1
BA	244	Picture	21	1232448	0	1	3153	3	0	3000
BA	245	Response	2	1237055	1288	1
BA	246	Picture	21	1241908	0	2	3154	3	0	3000
BA	246	Response	1	1244613	2705	1
BA	247	Response	2	1251538	6310	2
BA	248	Picture	11	1252032	0	2	3154	3	0	3000
BA	249	Response	1	1256474	1122	2
BA	250	Picture	21	1261825	0	1	3153	2	0	3000
BA	251	Response	2	1266160	1016	1
BA	252	Picture	11	1270455	0	1	3154	2	0	3000
BA	252	Response	1	1273719	3264	1
BA	254	Picture	20	1281575	0	1	3153	3	0	3000
BA	255	Response	2	1285592	698	1
BA	255	Response	2	1287432	2538	2
BA	256	Picture	11	1291533	0	2	3154	3	0	3000
BA	256	Response	1	1294160	2627	1
BA	258	Picture	21	1300662	0	1	3153	2	0	3000
BA	259	Response	2	1304407	426	1
BA	260	Picture	21	1311782	0	1	3153	2	0	3000
BA	260	Response	1	1314816	3034	1
BA	262	Picture	20	1320910	0	1	3153	2	0	3000
BA	263	Response	2	1330260	6031	1
BA	264	Picture	20	1330702	0	1	3153	3	0	3000
BA	265	Response	2	1335278	1257	1
BA	266	Picture	11	1339332	0	2	3154	3	0	3000
BA	267	Response	1	1347795	5143	1
BA	268	Picture	10	1349457	0	1	3153	2	0	3000
BA	269	Response	1	1355745	2969	1
BA	270	Picture	11	1359249	0	1	3153	2	0	3000
BA	271	Response	1	1364248	1680	2
BA	272	Picture	20	1369207	0	1	3153	3	0	3000
BA	273	Response	1	1373878	1352	1
BA	273	Response	2	1376530	4004	1
BA	274	Picture	20	1379663	0	1	3154	2	0	3000
BA	275	Response	2	1385360	2378	1
BA	276	Picture	20	1389289	0	2	3154	3	0	3000
BA	276	Response	2	1389567	278	1
BA	278	Picture	21	1400077	0	2	3154	3	0	3000
BA	278	Response	2	1401033	956	1
BA	280	Picture	20	1410036	0	1	3153	2	0	3000
BA	281	Response	1	1414963	1608	1
BA	282	Picture	21	1418832	0	1	3153	2	0	3000
BA	283	Response	2	1423200	1049	1
BA	284	Picture	11	1428790	0	1	3154	2	0	3000
BA	284	Response	2	1431582	2792	1
BA	285	Response	1	1434918	2808	1
BA	286	Picture	11	1437255	0	1	3153	2	0	3000
BA	286	Response	1	1440227	2972	2
BA	288	Picture	20	1447047	0	1	3153	2	0	3000
BA	289	Response	1	1450856	490	1
BA	289	Response	2	1453946	3580	2
BA	290	Picture	10	1457835	0	1	3153	2	0	3000
BA	291	Response	2	1462187	1033	1
BA	292	Picture	11	1468955	0	1	3153	2	0	3000
BA	293	Response	1	1472497	223	1
BA	294	Picture	10	1479245	0	1	3153	2	0	3000
BA	295	Response	1	1482772	208	2
BA	296	Picture	21	1489203	0	1	3154	2	0	3000
BA	297	Response	2	1497473	4951	2
BA	298	Picture	11	1499493	0	1	3154	2	0	3000
BA	299	Response	1	1505767	2954	1
BA	300	Picture	21	1509949	0	2	3154	3	0	3000
BA	301	Response	2	1513529	260	2
BA	303	Picture	20	1540986	0	1	3153	2	0	3000
BA	304	Response	1	1547126	2821	1
BA	305	Picture	10	1549616	0	1	3153	3	0	3000
BA	306	Response	2	1553902	967	1
BA	307	Picture	11	1560736	0	1	3153	3	0	3000
BA	307	Response	1	1562766	2030	1
BA	309	Picture	11	1569366	0	2	3154	3	0	3000
BA	309	Response	1	1572570	3204	2
BA	311	Picture	21	1578661	0	1	3153	2	0	3000
BA	312	Response	2	1583141	1161	1
BA	313	Picture	11	1587955	0	1	3153	3	0	3000
BA	313	Response	2	1591264	3309	2
BA	314	Response	1	1593909	2635	2
BA	315	Picture	10	1596751	0	2	3154	3	0	3000
BA	316	Response	2	1601376	1305	1
BA	317	Picture	21	1607705	0	2	3154	3	0	3000
BA	318	Response	1	1612311	1286	1
BA	318	Response	2	1615793	4768	2
BA	319	Picture	21	1617332	0	1	3153	2	0	3000
BA	320	Response	2	1625331	4680	1
BA	321	Picture	11	1627456	0	1	3153	2	0	3000
BA	322	Response	1	1635033	4258	2
BA	323	Picture	20	1638410	0	1	3153	2	0	3000
BA	325	Picture	10	1649530	0	1	3153	2	0	3000
BA	326	Response	2	1659836	6987	2
BA	327	Picture	11	1660650	0	1	3153	2	0	3000
BA	328	Response	1	1666580	2611	1
BA	329	Picture	11	1669446	0	1	3154	2	0	3000
BA	330	Response	1	1673281	516	1
BA	331	Picture	20	1678408	0	2	3154	3	0	3000
BA	332	Response	1	1681787	59	1
BA	333	Picture	21	1688533	0	1	3153	2	0	3000
BA	334	Response	2	1692332	480	1
BA	335	Picture	10	1699155	0	1	3153	2	0	3000
BA	336	Response	2	1704362	1888	1
BA	337	Picture	21	1707785	0	1	3154	2	0	3000
BA	338	Response	1	1717231	6126	2
BA	339	Picture	21	1718573	0	1	3154	2	0	3000
BA	340	Response	1	1723821	1928	2
BA	341	Picture	10	1727701	0	2	3154	3	0	3000
BA	343	Picture	10	1736996	0	1	3153	2	0	3000
BA	344	Response	1	1743596	3281	1
BA	344	Response	2	1744076	3761	1
BA	345	Picture	11	1746954	0	1	3153	2	0	3000
BA	346	Response	1	1753646	3373	1
BA	347	Picture	21	1758406	0	1	3153	2	0	3000
BA	348	Response	2	1763367	1642	1
BA	349	Picture	21	1769360	0	1	3153	2	0	3000
BA	350	Response	2	1773802	1123	1
BA	351	Picture	20	1780812	0	1	3153	2	0	3000
BA	352	Response	1	1787771	3640	2
BA	353	Picture	21	1790438	0	1	3153	3	0	3000
BA	355	Picture	11	1799068	0	2	3154	3	0	3000
BA	355	Response	1	1800852	1784	1
BA	357	Picture	21	1808031	0	1	3153	2	0	3000
BA	358	Response	2	1817598	6248	1
BA	359	Picture	11	1819483	0	1	3153	2	0	3000
BA	360	Response	1	1824197	1395	1
BA	361	Picture	11	1830603	0	1	3153	2	0	3000
BA	362	Response	1	1836414	2492	1
BA	363	Picture	10	1841225	0	1	3153	2	0	3000
BA	364	Response	2	1848067	3523	1
BA	365	Picture	10	1850021	0	1	3154	2	0	3000
BA	366	Response	1	1859349	6009	1
BA	367	Picture	20	1861307	0	1	3153	3	0	3000
BA	368	Response	1	1868119	3493	2
BA	369	Picture	11	1869937	0	2	3154	3	0	3000
BA	369	Response	2	1872105	2168	1
BA	370	Response	1	1878212	4955	2
BA	371	Picture	21	1878568	0	1	3153	2	0	3000
BA	372	Response	2	1883464	1577	1
BA	373	Picture	20	1889688	0	1	3153	2	0	3000
BA	373	Response	1	1892852	3164	1
BA	374	Response	2	1899491	6484	1
BA	375	Picture	11	1900144	0	1	3153	2	0	3000
BA	377	Picture	20	1910766	0	1	3153	3	0	3000
BA	377	Response	1	1910948	182	1
BA	379	Picture	20	1920226	0	2	3154	3	0	3000
BA	380	Response	2	1925038	1492	1
BA	381	Picture	21	1931014	0	2	3154	3	0	3000
BA	382	Response	2	1935104	770	1
BA	383	Picture	10	1941636	0	2	3154	3	0	3000
BA	384	Response	1	1948150	3194	2
BA	385	Picture	11	1952258	0	2	3154	3	0	3000
BA	386	Response	1	1958596	3018	1
BA	387	Picture	10	1961055	0	1	3153	2	0	3000
BA	388	Response	2	1970807	6433	2
BA	389	Picture	21	1972507	0	1	3153	2	0	3000
BA	391	Picture	11	1981469	0	1	3153	3	0	3000
BA	392	Response	1	1985604	816	1
BA	393	Picture	20	1992091	0	1	3154	2	0	3000
BA	394	Response	1	1999359	3948	1
BA	395	Picture	11	2002547	0	2	3154	3	0	3000
BA	395	Response	2	2003965	1418	2
BA	397	Picture	10	2013501	0	1	3154	2	0	3000
BA	398	Response	2	2020875	4054	2
BA	399	Picture	20	2024621	0	1	3154	2	0	3000
BA	400	Response	2	2028846	905	1
BA	401	Picture	20	2033418	0	1	3153	2	0	3000
BA	402	Response	2	2038882	2145	2
BA	403	Picture	20	2042048	0	1	3153	3	0	3000
BA	404	Response	2	2045469	102	1
BA	405	Picture	11	2051840	0	1	3154	2	0	3000
BA	406	Response	2	2057105	1945	1
BA	406	Response	1	2060323	5163	1
BA	407	Picture	21	2063126	0	1	3154	2	0	3000
BA	408	Response	2	2066523	77	1
BA	409	Picture	20	2072089	0	1	3153	2	0	3000
BA	410	Response	1	2075649	241	2
BA	410	Response	2	2080057	4649	1
BA	411	Picture	11	2082545	0	1	3153	2	0	3000
BA	412	Response	1	2089656	3792	1
BA	413	Picture	10	2091341	0	1	3153	2	0	3000
BA	413	Response	2	2094490	3149	1
BA	415	Picture	10	2099971	0	2	3154	3	0	3000
BA	416	Response	1	2108360	5069	1
BA	417	Picture	20	2111257	0	2	3154	3	0	3000
BA	418	Response	1	2114651	74	1
BA	419	Picture	20	2121049	0	2	3154	3	0	3000
BA	419	Response	2	2123329	2280	1
BA	421	Picture	20	2132003	0	2	3154	3	0	3000
BA	422	Response	2	2137499	2176	1
BA	423	Picture	21	2142957	0	2	3154	3	0	3000
BA	424	Response	2	2150335	4058	1
BA	425	Picture	21	2152750	0	1	3153	2	0	3000
BA	426	Response	2	2160347	4278	1
BA	427	Picture	21	2163704	0	1	3153	2	0	3000
BA	429	Picture	11	2173662	0	1	3153	2	0	3000
BA	429	Response	2	2175914	2252	2
BA	430	Response	1	2180059	3078	1
BA	431	Picture	11	2185114	0	1	3153	2	0	3000
BA	431	Response	1	2188173	3059	2
BA	433	Picture	20	2195902	0	1	3153	2	0	3000
BA	434	Response	2	2202968	3747	1
BA	435	Picture	11	2204532	0	2	3154	3	0	3000
BA	436	Response	1	2209391	1539	2
BA	437	Picture	11	2215486	0	2	3154	3	0	3000
BA	438	Response	1	2220341	1535	1
BA	439	Picture	20	2226606	0	2	3154	3	0	3000
BA	440	Response	2	2233533	3607	1
BA	441	Picture	21	2237228	0	2	3154	3	0	3000
BA	442	Response	2	2243923	3375	1
BA	443	Picture	21	2248514	0	1	3154	2	0	3000
BA	444	Response	2	2257501	5667	1
BA	445	Picture	11	2258638	0	2	3154	3	0	3000
BA	446	Response	1	2264869	2911	1
BA	447	Picture	10	2269758	0	2	3154	3	0	3000
BA	448	Response	1	2276400	3322	1
BA	449	Picture	21	2278389	0	1	3153	2	0	3000
BA	450	Response	2	2282506	798	1
BA	451	Picture	21	2287185	0	1	3154	2	0	3000
BA	452	Response	2	2292990	2485	1
BA	453	Picture	21	2296977	0	2	3154	3	0	3000
BA	454	Response	2	2303134	2837	1
BA	455	Picture	10	2307599	0	2	3154	3	0	3000
BA	456	Response	1	2314969	4050	1
BA	457	Picture	21	2317226	0	1	3153	2	0	3000
BA	458	Response	2	2322898	2353	2
BA	459	Picture	11	2328512	0	1	3153	2	0	3000
BA	460	Response	1	2333226	1395	1
BA	461	Picture	20	2337640	0	1	3153	2	0	3000
BA	462	Response	2	2341837	878	2
BA	463	Picture	21	2347432	0	1	3154	2	0	3000
BA	464	Response	1	2352287	1535	1
BA	464	Response	2	2356053	5301	1
BA	465	Picture	11	2356892	0	2	3154	3	0	3000
BA	466	Response	1	2361641	1429	2
BA	467	Picture	10	2367017	0	1	3153	2	0	3000
BA	468	Response	2	2371850	1514	1
BA	468	Response	1	2374730	4394	1
BA	469	Picture	10	2377639	0	1	3153	2	0	3000
BA	470	Response	1	2383815	2857	2
BA	471	Picture	20	2388261	0	1	3153	2	0	3000
BA	472	Response	2	2394584	3004	1
BA	473	Picture	10	2397721	0	1	3153	2	0	3000
BA	474	Response	1	2406419	5379	1
BA	475	Picture	11	2407015	0	2	3154	3	0	3000
BA	476	Response	1	2415498	5163	1
BA	477	Picture	10	2417305	0	2	3154	3	0	3000
BA	478	Response	1	2423550	2925	1
BA	479	Picture	20	2427595	0	2	3154	3	0	3000
BA	480	Response	2	2434320	3405	1
BA	481	Picture	11	2436890	0	1	3153	2	0	3000
BA	482	Response	1	2443848	3639	2
BA	483	Picture	20	2447014	0	1	3153	2	0	3000
BA	484	Response	1	2453085	2752	1
BA	485	Picture	20	2455644	0	2	3154	3	0	3000
BA	486	Response	2	2459851	887	1
BA	487	Picture	21	2466930	0	2	3154	3	0	3000
BA	488	Response	2	2473281	3031	1
BA	489	Picture	20	2478050	0	2	3154	3	0	3000
BA	490	Response	2	2483634	2264	1
BA	491	Picture	10	2486515	0	1	3153	2	0	3000
BA	492	Response	1	2494494	4660	1
BA	493	Picture	11	2497634	0	3	3154	4	0	3000
BA	494	Response	1	2503991	3037	1
BA	495	Picture	20	2508257	0	1	3153	2	0	3000
BA	496	Response	2	2515529	3953	2
BA	497	Picture	21	2517883	0	1	3153	3	0	3000
BA	498	Response	2	2524504	3302	1
BA	499	Picture	21	2528505	0	1	3153	3	0	3000
BA	499	Response	1	2531282	2777	1
BA	500	Response	2	2536547	4723	1
BA	501	Picture	11	2538131	0	2	3154	3	0	3000
BA	502	Response	1	2542930	1479	1
BA	503	Picture	10	2549417	0	1	3154	2	0	3000
BA	504	Response	1	2554998	2261	1
BA	505	Picture	21	2560371	0	2	3154	3	0	3000
BA	506	Response	2	2566180	2489	1
BA	507	Picture	11	2569831	0	2	3154	3	0	3000
BA	508	Response	1	2575734	2583	1
BA	509	Picture	11	2580785	0	2	3154	3	0	3000
BA	510	Response	1	2586593	2488	1
BA	511	Picture	11	2589416	0	1	3153	2	0	3000
BA	513	Picture	10	2599042	0	1	3154	2	0	3000
BA	513	Response	1	2600107	1065	1
BA	514	Response	2	2604579	2217	1
BA	514	Response	1	2608906	6544	1
BA	515	Picture	21	2609498	0	2	3154	3	0	3000
BA	516	Response	2	2613246	428	1
BA	517	Picture	21	2618461	0	1	3153	2	0	3000
BA	518	Response	2	2622775	995	1
BA	519	Picture	20	2627257	0	1	3153	3	0	3000
BA	520	Response	2	2632804	2228	1
BA	521	Picture	10	2637547	0	1	3154	2	0	3000
BA	522	Response	1	2644608	3741	2
BA	523	Picture	11	2647339	0	2	3154	3	0	3000
BA	524	Response	1	2653253	2594	1
BA	525	Picture	10	2656302	0	1	3153	2	0	3000
BA	526	Response	1	2663638	4017	1
BA	527	Picture	20	2667422	0	1	3153	2	0	3000
BA	528	Response	2	2673135	2394	1
BA	529	Picture	10	2676218	0	1	3153	3	0	3000
BA	530	Response	1	2682396	2859	1
BA	531	Picture	11	2687338	0	1	3153	3	0	3000
BA	532	Response	1	2692668	2011	2
BA	532	Response	1	2694816	4159	1
BA	533	Picture	21	2696798	0	2	3153	4	0	3000
BA	533	Response	2	2700003	3205	2
BA	535	Picture	20	2706093	0	1	3153	2	0	3000
BA	536	Response	2	2712044	2632	2
BA	537	Picture	11	2715553	0	1	3153	2	0	3000
BA	538	Response	1	2721048	2176	2
BA	539	Picture	10	2724183	0	2	3154	3	0	3000
BA	540	Response	2	2729810	2307	1
BA	541	Picture	21	2733312	0	1	3153	2	0	3000
BA	541	Response	1	2734019	707	1
BA	542	Response	2	2739382	2751	2
BA	543	Picture	20	2742938	0	1	3153	2	0	3000
BA	543	Response	1	2743742	804	2
BA	544	Response	2	2750877	4620	2
BA	545	Picture	11	2753560	0	1	3153	2	0	3000
BA	546	Response	2	2761612	4733	1
BA	547	Picture	21	2764182	0	1	3153	2	0	3000
BA	548	Response	2	2769672	2171	1
BA	549	Picture	11	2773974	0	1	3154	2	0	3000
BA	550	Response	2	2779333	2040	1
BA	551	Picture	21	2785094	0	1	3154	2	0	3000
BA	551	Response	1	2787127	2033	1
BA	553	Picture	21	2794886	0	2	3154	3	0	3000
BA	554	Response	2	2802092	3886	2
BA	555	Picture	21	2804844	0	2	3154	3	0	3000
BA	556	Response	2	2809137	973	1
BA	557	Picture	10	2813807	0	1	3153	2	0	3000
BA	558	Response	2	2817957	831	1
BA	559	Picture	21	2822437	0	2	3154	3	0	3000
BA	561	Picture	20	2833391	0	2	3154	3	0	3000
BA	562	Response	1	2839567	2856	1
BA	563	Picture	20	2842686	0	1	3153	2	0	3000
BA	564	Response	2	2846670	665	2
BA	565	Picture	10	2851814	0	1	3153	2	0	3000
BA	565	Response	2	2854933	3119	1
BA	566	Response	1	2859079	3946	2
BA	567	Picture	21	2862602	0	1	3153	2	0	3000
BA	568	Response	1	2869993	4072	2
BA	569	Picture	21	2872062	0	1	3154	2	0	3000
BA	569	Response	2	2873053	991	1
BA	571	Picture	21	2883182	0	1	3154	2	0	3000
BA	572	Response	2	2888868	2366	1
BA	573	Picture	10	2892145	0	1	3153	2	0	3000
BA	574	Response	2	2898992	3528	1
BA	575	Picture	10	2901937	0	1	3153	2	0	3000
BA	576	Response	2	2906898	1642	2
BA	577	Picture	20	2912725	0	1	3153	2	0	3000
BA	578	Response	1	2918186	2142	1
BA	579	Picture	10	2923679	0	1	3153	2	0	3000
BA	580	Response	1	2927866	868	1
BA	581	Picture	10	2932973	0	1	3154	2	0	3000
BA	582	Response	1	2937819	1527	1
BA	583	Picture	21	2941438	0	1	3153	2	0	3000
BA	584	Response	2	2946376	1619	2
BA	585	Picture	11	2950234	0	1	3153	2	0	3000
BA	586	Response	2	2955346	1793	1
BA	586	Response	2	2957486	3933	1
BA	587	Picture	20	2958864	0	2	3154	3	0	3000
BA	587	Response	1	2962052	3188	1
BA	589	Picture	10	2967827	0	1	3153	2	0	3000
BA	591	Picture	20	2976623	0	1	3154	2	0	3000
BA	591	Response	2	2977538	915	1
BA	592	Response	1	2982740	2798	1
BA	593	Picture	11	2985751	0	2	3154	3	0	3000
BA	595	Picture	11	2994382	0	1	3153	2	0	3000
BA	595	Response	1	2996260	1878	1
BA	596	Response	1	3004023	6322	1
BA	597	Picture	11	3005170	0	1	3153	3	0	3000
BA	599	Picture	21	3016290	0	1	3153	2	0	3000
BA	600	Response	2	3021062	1453	1
BA	601	Picture	21	3024920	0	2	3154	3	0	3000
BA	602	Response	2	3031103	2863	1


Event Type	Code	Type	Response	RT	RT Uncertainty	Time	Uncertainty	Duration	Uncertainty	ReqTime	ReqDur

Picture	20	other				10414	1	3153	2	0	3000
Picture	10	other				19708	1	3153	2	0	3000
Picture	10	other				30164	1	3153	3	0	3000
Picture	10	other				39956	1	3154	2	0	3000
Picture	10	other				50578	2	3154	3	0	3000
Picture	21	other				59707	1	3153	2	0	3000
Picture	11	other				69167	1	3153	2	0	3000
Picture	21	other				79457	1	3153	3	0	3000
Picture	21	other				90411	1	3153	3	0	3000
Picture	11	other				101033	1	3153	3	0	3000
Picture	10	other				111323	1	3154	2	0	3000
Picture	20	other				122277	1	3154	2	0	3000
Picture	11	other				131903	2	3154	3	0	3000
Picture	20	other				140534	1	3153	2	0	3000
Picture	20	other				150824	1	3153	2	0	3000
Picture	10	other				162110	1	3153	2	0	3000
Picture	10	other				170574	2	3154	3	0	3000
Picture	11	other				180864	2	3154	3	0	3000
Picture	10	other				191818	2	3154	3	0	3000
Picture	21	other				201445	1	3153	2	0	3000
Picture	10	other				212067	1	3153	2	0	3000
Picture	11	other				221361	1	3153	3	0	3000
Picture	21	other				232315	1	3153	3	0	3000
Picture	10	other				241775	2	3154	3	0	3000
Picture	21	other				252065	2	3154	3	0	3000
Picture	10	other				261194	1	3153	2	0	3000
Picture	11	other				271816	1	3153	2	0	3000
Picture	21	other				281110	1	3154	2	0	3000
Picture	21	other				290404	2	3154	3	0	3000
Picture	11	other				301358	2	3154	3	0	3000
Picture	21	other				312810	2	3154	3	0	3000
Picture	10	other				322934	2	3154	3	0	3000
Picture	10	other				334054	2	3154	3	0	3000
Picture	20	other				344842	2	3154	3	0	3000
Picture	20	other				355299	1	3153	2	0	3000
Picture	20	other				365921	1	3153	2	0	3000
Picture	10	other				377207	1	3153	2	0	3000
Picture	11	other				388658	2	3154	3	0	3000
Picture	10	other				399778	2	3154	3	0	3000
Picture	20	other				409737	1	3153	2	0	3000
Picture	20	other				421022	2	3154	3	0	3000
Picture	21	other				432308	2	3154	3	0	3000
Picture	20	other				443428	2	3154	3	0	3000
Picture	11	other				452723	1	3153	2	0	3000
Picture	10	other				462847	1	3153	2	0	3000
Picture	20	other				473303	1	3153	2	0	3000
Picture	20	other				481767	2	3154	3	0	3000
Picture	20	other				491560	1	3153	2	0	3000
Picture	10	other				501020	1	3153	2	0	3000
Picture	20	other				511974	1	3153	2	0	3000
Picture	11	other				523094	1	3153	2	0	3000
Picture	21	other				533550	1	3153	2	0	3000
Picture	21	other				544172	1	3153	2	0	3000
Picture	21	other				553964	1	3154	2	0	3000
Picture	21	other				564420	2	3154	3	0	3000
Picture	21	other				573880	2	3154	3	0	3000
Picture	20	other				582345	1	3153	2	0	3000
Picture	10	other				593465	1	3153	2	0	3000
Picture	21	other				604917	1	3153	2	0	3000
Picture	11	other				614543	1	3154	2	0	3000
Picture	11	other				625497	1	3153	3	0	3000
Picture	11	other				634127	2	3154	3	0	3000
Picture	20	other				645579	2	3154	3	0	3000
Picture	11	other				656367	2	3154	3	0	3000
Picture	10	other				666492	1	3153	2	0	3000
Picture	21	other				677612	1	3153	2	0	3000
Picture	10	other				686906	1	3153	2	0	3000
Picture	21	other				697694	1	3153	2	0	3000
Picture	11	other				707486	1	3153	3	0	3000
Picture	20	other				718108	1	3154	2	0	3000
Picture	10	other				727734	2	3154	3	0	3000
Picture	21	other				737028	2	3154	3	0	3000
Picture	10	other				747153	1	3153	2	0	3000
Picture	20	other				757775	1	3153	2	0	3000
Picture	10	other				766239	2	3154	3	0	3000
Picture	11	other				777359	2	3154	3	0	3000
Picture	21	other				787815	2	3154	3	0	3000
Picture	21	other				797110	1	3153	2	0	3000
Picture	11	other				807234	1	3153	2	0	3000
Picture	11	other				816528	1	3154	2	0	3000
Picture	21	other				827150	1	3154	2	0	3000
Picture	21	other				835947	1	3153	2	0	3000
Picture	11	other				844411	1	3153	3	0	3000
Picture	20	other				854701	1	3154	2	0	3000
Picture	21	other				864493	2	3154	3	0	3000
Picture	21	other				874286	1	3153	2	0	3000
Picture	10	other				885737	2	3154	3	0	3000
Picture	10	other				896691	2	3154	3	0	3000
Picture	21	other				906982	1	3153	2	0	3000
Picture	11	other				917106	1	3153	2	0	3000
Picture	21	other				927396	1	3153	2	0	3000
Picture	21	other				936358	1	3154	2	0	3000
Picture	21	other				947146	2	3154	3	0	3000
Picture	11	other				957602	2	3154	3	0	3000
Picture	20	other				968390	2	3154	3	0	3000
Picture	21	other				979842	2	3154	3	0	3000
Picture	21	other				989303	1	3153	2	0	3000
Picture	20	other				998265	1	3153	2	0	3000
Picture	10	other				1008721	1	3153	2	0	3000
Picture	20	other				1017849	2	3154	3	0	3000
Picture	11	other				1027807	2	3154	3	0	3000
Picture	21	other				1037766	1	3153	2	0	3000
Picture	20	other				1047392	1	3153	2	0	3000
Picture	20	other				1058678	1	3153	2	0	3000
Picture	11	other				1067142	2	3154	3	0	3000
Picture	11	other				1076603	1	3153	2	0	3000
Picture	11	other				1086561	1	3153	2	0	3000
Picture	10	other				1095855	1	3153	3	0	3000
Picture	10	other				1107307	1	3153	2	0	3000
Picture	21	other				1117929	1	3153	3	0	3000
Picture	21	other				1128053	1	3154	2	0	3000
Picture	21	other				1136684	1	3153	2	0	3000
Picture	20	other				1146310	1	3153	3	0	3000
Picture	10	other				1156932	1	3153	2	0	3000
Picture	11	other				1165894	2	3154	3	0	3000
Picture	21	other				1174857	1	3153	2	0	3000
Picture	10	other				1184815	1	3153	2	0	3000
Picture	21	other				1194773	1	3153	2	0	3000
Picture	11	other				1203735	2	3154	3	0	3000
Picture	20	other				1213030	1	3153	2	0	3000
Picture	11	other				1223652	1	3153	2	0	3000
Picture	21	other				1232448	1	3153	3	0	3000
Picture	21	other				1241908	2	3154	3	0	3000
Picture	11	other				1252032	2	3154	3	0	3000
Picture	21	other				1261825	1	3153	2	0	3000
Picture	11	other				1270455	1	3154	2	0	3000
Picture	20	other				1281575	1	3153	3	0	3000
Picture	11	other				1291533	2	3154	3	0	3000
Picture	21	other				1300662	1	3153	2	0	3000
Picture	21	other				1311782	1	3153	2	0	3000
Picture	20	other				1320910	1	3153	2	0	3000
Picture	20	other				1330702	1	3153	3	0	3000
Picture	11	other				1339332	2	3154	3	0	3000
Picture	10	other				1349457	1	3153	2	0	3000
Picture	11	other				1359249	1	3153	2	0	3000
Picture	20	other				1369207	1	3153	3	0	3000
Picture	20	other				1379663	1	3154	2	0	3000
Picture	20	other				1389289	2	3154	3	0	3000
Picture	21	other				1400077	2	3154	3	0	3000
Picture	20	other				1410036	1	3153	2	0	3000
Picture	21	other				1418832	1	3153	2	0	3000
Picture	11	other				1428790	1	3154	2	0	3000
Picture	11	other				1437255	1	3153	2	0	3000
Picture	20	other				1447047	1	3153	2	0	3000
Picture	10	other				1457835	1	3153	2	0	3000
Picture	11	other				1468955	1	3153	2	0	3000
Picture	10	other				1479245	1	3153	2	0	3000
Picture	21	other				1489203	1	3154	2	0	3000
Picture	11	other				1499493	1	3154	2	0	3000
Picture	21	other				1509949	2	3154	3	0	3000
Picture	20	other				1540986	1	3153	2	0	3000
Picture	10	other				1549616	1	3153	3	0	3000
Picture	11	other				1560736	1	3153	3	0	3000
Picture	11	other				1569366	2	3154	3	0	3000
Picture	21	other				1578661	1	3153	2	0	3000
Picture	11	other				1587955	1	3153	3	0	3000
Picture	10	other				1596751	2	3154	3	0	3000
Picture	21	other				1607705	2	3154	3	0	3000
Picture	21	other				1617332	1	3153	2	0	3000
Picture	11	other				1627456	1	3153	2	0	3000
Picture	20	other				1638410	1	3153	2	0	3000
Picture	10	other				1649530	1	3153	2	0	3000
Picture	11	other				1660650	1	3153	2	0	3000
Picture	11	other				1669446	1	3154	2	0	3000
Picture	20	other				1678408	2	3154	3	0	3000
Picture	21	other				1688533	1	3153	2	0	3000
Picture	10	other				1699155	1	3153	2	0	3000
Picture	21	other				1707785	1	3154	2	0	3000
Picture	21	other				1718573	1	3154	2	0	3000
Picture	10	other				1727701	2	3154	3	0	3000
Picture	10	other				1736996	1	3153	2	0	3000
Picture	11	other				1746954	1	3153	2	0	3000
Picture	21	other				1758406	1	3153	2	0	3000
Picture	21	other				1769360	1	3153	2	0	3000
Picture	20	other				1780812	1	3153	2	0	3000
Picture	21	other				1790438	1	3153	3	0	3000
Picture	11	other				1799068	2	3154	3	0	3000
Picture	21	other				1808031	1	3153	2	0	3000
Picture	11	other				1819483	1	3153	2	0	3000
Picture	11	other				1830603	1	3153	2	0	3000
Picture	10	other				1841225	1	3153	2	0	3000
Picture	10	other				1850021	1	3154	2	0	3000
Picture	20	other				1861307	1	3153	3	0	3000
Picture	11	other				1869937	2	3154	3	0	3000
Picture	21	other				1878568	1	3153	2	0	3000
Picture	20	other				1889688	1	3153	2	0	3000
Picture	11	other				1900144	1	3153	2	0	3000
Picture	20	other				1910766	1	3153	3	0	3000
Picture	20	other				1920226	2	3154	3	0	3000
Picture	21	other				1931014	2	3154	3	0	3000
Picture	10	other				1941636	2	3154	3	0	3000
Picture	11	other				1952258	2	3154	3	0	3000
Picture	10	other				1961055	1	3153	2	0	3000
Picture	21	other				1972507	1	3153	2	0	3000
Picture	11	other				1981469	1	3153	3	0	3000
Picture	20	other				1992091	1	3154	2	0	3000
Picture	11	other				2002547	2	3154	3	0	3000
Picture	10	other				2013501	1	3154	2	0	3000
Picture	20	other				2024621	1	3154	2	0	3000
Picture	20	other				2033418	1	3153	2	0	3000
Picture	20	other				2042048	1	3153	3	0	3000
Picture	11	other				2051840	1	3154	2	0	3000
Picture	21	other				2063126	1	3154	2	0	3000
Picture	20	other				2072089	1	3153	2	0	3000
Picture	11	other				2082545	1	3153	2	0	3000
Picture	10	other				2091341	1	3153	2	0	3000
Picture	10	other				2099971	2	3154	3	0	3000
Picture	20	other				2111257	2	3154	3	0	3000
Picture	20	other				2121049	2	3154	3	0	3000
Picture	20	other				2132003	2	3154	3	0	3000
Picture	21	other				2142957	2	3154	3	0	3000
Picture	21	other				2152750	1	3153	2	0	3000
Picture	21	other				2163704	1	3153	2	0	3000
Picture	11	other				2173662	1	3153	2	0	3000
Picture	11	other				2185114	1	3153	2	0	3000
Picture	20	other				2195902	1	3153	2	0	3000
Picture	11	other				2204532	2	3154	3	0	3000
Picture	11	other				2215486	2	3154	3	0	3000
Picture	20	other				2226606	2	3154	3	0	3000
Picture	21	other				2237228	2	3154	3	0	3000
Picture	21	other				2248514	1	3154	2	0	3000
Picture	11	other				2258638	2	3154	3	0	3000
Picture	10	other				2269758	2	3154	3	0	3000
Picture	21	other				2278389	1	3153	2	0	3000
Picture	21	other				2287185	1	3154	2	0	3000
Picture	21	other				2296977	2	3154	3	0	3000
Picture	10	other				2307599	2	3154	3	0	3000
Picture	21	other				2317226	1	3153	2	0	3000
Picture	11	other				2328512	1	3153	2	0	3000
Picture	20	other				2337640	1	3153	2	0	3000
Picture	21	other				2347432	1	3154	2	0	3000
Picture	11	other				2356892	2	3154	3	0	3000
Picture	10	other				2367017	1	3153	2	0	3000
Picture	10	other				2377639	1	3153	2	0	3000
Picture	20	other				2388261	1	3153	2	0	3000
Picture	10	other				2397721	1	3153	2	0	3000
Picture	11	other				2407015	2	3154	3	0	3000
Picture	10	other				2417305	2	3154	3	0	3000
Picture	20	other				2427595	2	3154	3	0	3000
Picture	11	other				2436890	1	3153	2	0	3000
Picture	20	other				2447014	1	3153	2	0	3000
Picture	20	other				2455644	2	3154	3	0	3000
Picture	21	other				2466930	2	3154	3	0	3000
Picture	20	other				2478050	2	3154	3	0	3000
Picture	10	other				2486515	1	3153	2	0	3000
Picture	11	other				2497634	3	3154	4	0	3000
Picture	20	other				2508257	1	3153	2	0	3000
Picture	21	other				2517883	1	3153	3	0	3000
Picture	21	other				2528505	1	3153	3	0	3000
Picture	11	other				2538131	2	3154	3	0	3000
Picture	10	other				2549417	1	3154	2	0	3000
Picture	21	other				2560371	2	3154	3	0	3000
Picture	11	other				2569831	2	3154	3	0	3000
Picture	11	other				2580785	2	3154	3	0	3000
Picture	11	other				2589416	1	3153	2	0	3000
Picture	10	other				2599042	1	3154	2	0	3000
Picture	21	other				2609498	2	3154	3	0	3000
Picture	21	other				2618461	1	3153	2	0	3000
Picture	20	other				2627257	1	3153	3	0	3000
Picture	10	other				2637547	1	3154	2	0	3000
Picture	11	other				2647339	2	3154	3	0	3000
Picture	10	other				2656302	1	3153	2	0	3000
Picture	20	other				2667422	1	3153	2	0	3000
Picture	10	other				2676218	1	3153	3	0	3000
Picture	11	other				2687338	1	3153	3	0	3000
Picture	21	other				2696798	2	3153	4	0	3000
Picture	20	other				2706093	1	3153	2	0	3000
Picture	11	other				2715553	1	3153	2	0	3000
Picture	10	other				2724183	2	3154	3	0	3000
Picture	21	other				2733312	1	3153	2	0	3000
Picture	20	other				2742938	1	3153	2	0	3000
Picture	11	other				2753560	1	3153	2	0	3000
Picture	21	other				2764182	1	3153	2	0	3000
Picture	11	other				2773974	1	3154	2	0	3000
Picture	21	other				2785094	1	3154	2	0	3000
Picture	21	other				2794886	2	3154	3	0	3000
Picture	21	other				2804844	2	3154	3	0	3000
Picture	10	other				2813807	1	3153	2	0	3000
Picture	21	other				2822437	2	3154	3	0	3000
Picture	20	other				2833391	2	3154	3	0	3000
Picture	20	other				2842686	1	3153	2	0	3000
Picture	10	other				2851814	1	3153	2	0	3000
Picture	21	other				2862602	1	3153	2	0	3000
Picture	21	other				2872062	1	3154	2	0	3000
Picture	21	other				2883182	1	3154	2	0	3000
Picture	10	other				2892145	1	3153	2	0	3000
Picture	10	other				2901937	1	3153	2	0	3000
Picture	20	other				2912725	1	3153	2	0	3000
Picture	10	other				2923679	1	3153	2	0	3000
Picture	10	other				2932973	1	3154	2	0	3000
Picture	21	other				2941438	1	3153	2	0	3000
Picture	11	other				2950234	1	3153	2	0	3000
Picture	20	other				2958864	2	3154	3	0	3000
Picture	10	other				2967827	1	3153	2	0	3000
Picture	20	other				2976623	1	3154	2	0	3000
Picture	11	other				2985751	2	3154	3	0	3000
Picture	11	other				2994382	1	3153	2	0	3000
Picture	11	other				3005170	1	3153	3	0	3000
Picture	21	other				3016290	1	3153	2	0	3000
Picture	21	other				3024920	2	3154	3	0	3000
