Scenario - GO/NO-GO
Logfile written - 04/26/2011 10:47:42

Subject	Trial	Event Type	Code	Time	TTime	Uncertainty	Duration	Uncertainty	ReqTime	ReqDur

BA	2	Picture	22	289	0	2	3154	3	0	3000
BA	2	Response	1	4010	3721	1
BA	3	Picture	22	10911	0	2	3154	3	0	3000
BA	3	Response	1	14178	3267	1
BA	4	Picture	22	21036	0	1	3153	2	0	3000
BA	4	Response	1	23941	2905	1
BA	5	Picture	22	30828	0	1	3153	2	0	3000
BA	5	Response	1	33349	2521	1
BA	6	Picture	22	40122	0	1	3154	2	0	3000
BA	6	Response	1	42696	2574	1
BA	7	Picture	33	48421	0	1	3153	2	0	3000
BA	7	Response	1	50707	2286	2
BA	8	Picture	22	59043	0	1	3153	2	0	3000
BA	8	Response	1	60946	1903	1
BA	9	Picture	22	69001	0	1	3153	2	0	3000
BA	9	Response	1	69312	311	1
BA	10	Picture	22	78295	0	1	3154	2	0	3000
BA	10	Response	1	81612	3317	1
BA	11	Picture	22	88751	0	2	3154	3	0	3000
BA	11	Response	1	89957	1206	2
BA	12	Picture	22	98543	0	2	3154	3	0	3000
BA	12	Response	1	104136	5593	2
BA	13	Picture	33	108502	0	1	3153	2	0	3000
BA	13	Response	1	117862	9360	1
BA	14	Picture	22	119456	0	1	3153	2	0	3000
BA	15	Picture	22	129082	0	1	3153	2	0	3000
BA	15	Response	1	131897	2815	1
BA	16	Picture	22	137214	0	2	3154	3	0	3000
BA	17	Picture	33	146841	0	1	3153	2	0	3000
BA	17	Response	1	149676	2835	1
BA	18	Picture	22	157961	0	1	3153	2	0	3000
BA	18	Response	1	164517	6556	1
BA	19	Picture	22	166425	0	1	3153	3	0	3000
BA	19	Response	1	170016	3591	1
BA	20	Picture	22	175885	0	2	3154	3	0	3000
BA	20	Response	1	178718	2833	1
BA	20	Response	1	185582	9697	1
BA	21	Picture	22	186341	0	2	3154	3	0	3000
BA	22	Picture	22	194806	0	1	3153	2	0	3000
BA	22	Response	1	195961	1155	1
BA	23	Picture	33	203602	0	1	3154	2	0	3000
BA	23	Response	1	205060	1458	1
BA	24	Picture	22	212896	0	2	3154	3	0	3000
BA	24	Response	1	216319	3423	1
BA	25	Picture	22	221527	0	1	3153	3	0	3000
BA	25	Response	1	224493	2966	1
BA	26	Picture	22	232149	0	1	3153	3	0	3000
BA	26	Response	1	234787	2638	1
BA	27	Picture	33	242273	0	1	3154	2	0	3000
BA	27	Response	1	245888	3615	1
BA	28	Picture	22	252065	0	2	3154	3	0	3000
BA	29	Picture	22	260862	0	1	3153	2	0	3000
BA	30	Picture	22	268994	0	2	3154	3	0	3000
BA	30	Response	1	274337	5343	1
BA	31	Picture	33	278786	0	2	3154	3	0	3000
BA	31	Response	1	281734	2948	2
BA	32	Picture	22	289077	0	1	3153	2	0	3000
BA	32	Response	1	297185	8108	2
BA	33	Picture	22	297873	0	1	3153	3	0	3000
BA	33	Response	1	306752	8879	1
BA	34	Picture	22	307997	0	1	3153	3	0	3000
BA	34	Response	1	312803	4806	1
BA	35	Picture	33	316628	0	1	3153	2	0	3000
BA	36	Picture	22	326420	0	1	3153	2	0	3000
BA	36	Response	1	333850	7430	1
BA	37	Picture	22	336378	0	1	3153	2	0	3000
BA	37	Response	1	340492	4114	1
BA	38	Picture	22	345174	0	2	3154	3	0	3000
BA	38	Response	1	350938	5764	1
BA	39	Picture	33	354137	0	1	3153	2	0	3000
BA	40	Picture	22	364593	0	1	3153	2	0	3000
BA	40	Response	1	368216	3623	1
BA	41	Picture	22	373223	0	1	3154	2	0	3000
BA	41	Response	1	376240	3017	2
BA	42	Picture	22	382020	0	1	3153	2	0	3000
BA	42	Response	1	386570	4550	1
BA	43	Picture	22	390650	0	1	3153	3	0	3000
BA	43	Response	1	394766	4116	1
BA	44	Picture	22	399280	0	2	3154	3	0	3000
BA	44	Response	1	402322	3042	1
BA	45	Picture	22	409405	0	1	3153	2	0	3000
BA	45	Response	1	412157	2752	1
BA	46	Picture	22	418035	0	1	3153	3	0	3000
BA	46	Response	1	420547	2512	1
BA	47	Picture	33	426665	0	2	3154	3	0	3000
BA	47	Response	1	428125	1460	1
BA	47	Response	1	435270	8605	1
BA	48	Picture	22	437785	0	2	3154	3	0	3000
BA	48	Response	1	441476	3691	1
BA	49	Picture	22	446250	0	1	3153	2	0	3000
BA	49	Response	1	449807	3557	1
BA	50	Picture	22	455710	0	1	3154	2	0	3000
BA	50	Response	1	458768	3058	2
BA	51	Picture	33	465170	0	2	3154	3	0	3000
BA	51	Response	1	465770	600	1
BA	52	Picture	22	475129	0	1	3153	2	0	3000
BA	52	Response	1	480431	5302	1
BA	53	Picture	22	484589	0	1	3153	2	0	3000
BA	53	Response	1	487736	3147	2
BA	54	Picture	22	494879	0	1	3153	3	0	3000
BA	54	Response	1	498150	3271	1
BA	55	Picture	22	505667	0	1	3153	2	0	3000
BA	55	Response	1	508668	3001	3
BA	56	Picture	22	516289	0	1	3153	3	0	3000
BA	56	Response	1	519248	2959	1
BA	57	Picture	33	526745	0	1	3154	2	0	3000
BA	57	Response	1	529209	2464	1
BA	58	Picture	22	537699	0	1	3154	2	0	3000
BA	58	Response	1	543514	5815	2
BA	59	Picture	33	547159	0	2	3154	3	0	3000
BA	60	Picture	22	557947	0	2	3154	3	0	3000
BA	60	Response	1	562634	4687	1
BA	61	Picture	22	567906	0	1	3153	2	0	3000
BA	61	Response	1	572069	4163	1
BA	62	Picture	22	578362	0	1	3153	2	0	3000
BA	62	Response	1	581090	2728	1
BA	63	Picture	22	588652	0	1	3153	2	0	3000
BA	63	Response	1	592065	3413	2
BA	64	Picture	22	597116	0	1	3154	2	0	3000
BA	64	Response	1	602034	4918	2
BA	65	Picture	33	608070	0	1	3154	2	0	3000
BA	65	Response	1	610527	2457	2
BA	66	Picture	22	618858	0	1	3154	2	0	3000
BA	66	Response	1	621945	3087	2
BA	67	Picture	22	629148	0	2	3154	3	0	3000
BA	67	Response	1	633990	4842	1
BA	68	Picture	22	638775	0	1	3153	2	0	3000
BA	68	Response	1	645857	7082	1
BA	69	Picture	22	648733	0	1	3153	2	0	3000
BA	69	Response	1	652439	3706	1
BA	70	Picture	22	658027	0	1	3153	3	0	3000
BA	70	Response	1	661891	3864	1
BA	71	Picture	33	668815	0	1	3154	2	0	3000
BA	71	Response	1	672336	3521	1
BA	72	Picture	22	677943	0	2	3154	3	0	3000
BA	72	Response	1	684675	6732	1
BA	73	Picture	22	688897	0	2	3154	3	0	3000
BA	73	Response	1	692230	3333	1
BA	74	Picture	22	698192	0	1	3153	2	0	3000
BA	74	Response	1	702733	4541	2
BA	75	Picture	33	708482	0	1	3153	2	0	3000
BA	75	Response	1	711373	2891	1
BA	76	Picture	22	717278	0	1	3154	2	0	3000
BA	76	Response	1	721620	4342	1
BA	77	Picture	22	725577	0	1	3153	2	0	3000
BA	77	Response	1	728423	2846	1
BA	78	Picture	22	736365	0	1	3153	2	0	3000
BA	78	Response	1	739129	2764	1
BA	79	Picture	22	744829	0	1	3154	2	0	3000
BA	79	Response	1	747319	2490	1
BA	80	Picture	22	754953	0	2	3154	3	0	3000
BA	80	Response	1	758398	3445	1
BA	81	Picture	22	763418	0	1	3153	2	0	3000
BA	81	Response	1	766588	3170	1
BA	82	Picture	22	774538	0	1	3153	2	0	3000
BA	82	Response	1	777699	3161	1
BA	83	Picture	33	783002	0	1	3154	2	0	3000
BA	83	Response	1	789933	6931	1
BA	84	Picture	22	791301	0	1	3153	2	0	3000
BA	85	Picture	22	799931	0	1	3154	2	0	3000
BA	85	Response	1	803088	3157	2
BA	86	Picture	22	809557	0	2	3154	3	0	3000
BA	86	Response	1	810102	545	1
BA	87	Picture	33	819681	0	2	3154	3	0	3000
BA	87	Response	1	822404	2723	1
BA	88	Picture	22	828312	0	1	3153	2	0	3000
BA	89	Picture	33	838934	0	1	3153	3	0	3000
BA	90	Picture	22	847398	0	2	3154	3	0	3000
BA	91	Picture	22	858352	0	2	3154	3	0	3000
BA	91	Response	1	867293	8941	2
BA	92	Picture	22	868145	0	1	3153	2	0	3000
BA	93	Picture	33	877439	0	1	3153	2	0	3000
BA	94	Picture	22	888061	0	1	3153	3	0	3000
BA	95	Picture	22	898019	0	1	3154	2	0	3000
BA	96	Picture	22	906981	0	2	3154	3	0	3000
BA	97	Picture	33	917604	0	1	3153	2	0	3000
BA	97	Response	1	924746	7142	1
BA	98	Picture	22	926566	0	1	3153	2	0	3000
BA	98	Response	1	930397	3831	1
BA	99	Picture	33	935362	0	1	3154	2	0	3000
BA	99	Response	1	938213	2851	1
BA	100	Picture	22	945486	0	2	3154	3	0	3000
BA	100	Response	1	949037	3551	1
BA	101	Picture	22	955279	0	1	3153	2	0	3000
BA	101	Response	1	958088	2809	2
BA	102	Picture	22	964905	0	1	3153	2	0	3000
BA	102	Response	1	967495	2590	2
BA	103	Picture	33	973701	0	2	3154	3	0	3000
BA	103	Response	1	976900	3199	1
BA	104	Picture	22	984655	0	1	3154	2	0	3000
BA	104	Response	1	987430	2775	1
BA	105	Picture	22	994116	0	1	3153	2	0	3000
BA	105	Response	1	996988	2872	1
BA	106	Picture	22	1002912	0	1	3153	2	0	3000
BA	106	Response	1	1005833	2921	1
BA	107	Picture	33	1013534	0	1	3153	3	0	3000
BA	107	Response	1	1015509	1975	1
BA	107	Response	1	1018332	4798	1
BA	108	Picture	22	1023160	0	1	3154	2	0	3000
BA	108	Response	1	1027369	4209	1
BA	109	Picture	22	1034114	0	1	3154	2	0	3000
BA	109	Response	1	1036513	2399	1
BA	110	Picture	22	1044570	0	2	3154	3	0	3000
BA	110	Response	1	1047542	2972	2
BA	111	Picture	22	1054860	0	2	3154	3	0	3000
BA	111	Response	1	1059507	4647	1
BA	112	Picture	22	1064984	0	2	3154	3	0	3000
BA	112	Response	1	1068380	3396	1
BA	113	Picture	33	1074611	0	1	3153	2	0	3000
BA	113	Response	1	1082447	7836	2
BA	114	Picture	22	1084071	0	1	3153	3	0	3000
BA	114	Response	1	1092855	8784	1
BA	115	Picture	22	1094195	0	1	3154	2	0	3000
BA	116	Picture	22	1102660	0	1	3153	2	0	3000
BA	116	Response	1	1105254	2594	1
BA	117	Picture	33	1111290	0	1	3153	3	0	3000
BA	117	Response	1	1112502	1212	1
BA	117	Response	1	1115922	4632	2
BA	118	Picture	22	1122244	0	1	3153	3	0	3000
BA	118	Response	1	1127683	5439	1
BA	119	Picture	22	1131372	0	2	3154	3	0	3000
BA	119	Response	1	1137382	6010	1
BA	120	Picture	22	1140003	0	1	3153	2	0	3000
BA	120	Response	1	1145715	5712	1
BA	121	Picture	33	1150625	0	1	3153	2	0	3000
BA	122	Picture	22	1159587	0	1	3154	2	0	3000
BA	122	Response	1	1163235	3648	1
BA	123	Picture	33	1170541	0	1	3154	2	0	3000
BA	123	Response	1	1173222	2681	2
BA	124	Picture	22	1179504	0	1	3153	2	0	3000
BA	124	Response	1	1185141	5637	1
BA	125	Picture	33	1189960	0	1	3153	2	0	3000
BA	126	Picture	22	1200416	0	1	3153	2	0	3000
BA	126	Response	1	1204357	3941	2
BA	127	Picture	22	1211038	0	1	3153	2	0	3000
BA	127	Response	1	1215916	4878	2
BA	128	Picture	22	1221992	0	1	3153	2	0	3000
BA	128	Response	1	1225440	3448	2
BA	129	Picture	33	1232448	0	1	3153	2	0	3000
BA	130	Picture	22	1242904	0	1	3153	3	0	3000
BA	130	Response	1	1246788	3884	1
BA	131	Picture	22	1252032	0	2	3154	3	0	3000
BA	131	Response	1	1255578	3546	1
BA	132	Picture	22	1260829	0	1	3153	2	0	3000
BA	132	Response	1	1264906	4077	1
BA	133	Picture	22	1269957	0	1	3153	3	0	3000
BA	133	Response	1	1274047	4090	1
BA	134	Picture	22	1279085	0	2	3154	3	0	3000
BA	134	Response	1	1282091	3006	1
BA	135	Picture	22	1289873	0	2	3154	3	0	3000
BA	135	Response	1	1293391	3518	2
BA	136	Picture	22	1298836	0	1	3153	2	0	3000
BA	136	Response	1	1299516	680	1
BA	137	Picture	33	1306968	0	2	3154	3	0	3000
BA	137	Response	1	1310407	3439	1
BA	138	Picture	22	1316760	0	2	3154	3	0	3000
BA	138	Response	1	1317313	553	1
BA	139	Picture	22	1325723	0	1	3153	2	0	3000
BA	139	Response	1	1330517	4794	2
BA	140	Picture	22	1333855	0	2	3154	3	0	3000
BA	140	Response	1	1338904	5049	2
BA	141	Picture	33	1344311	0	2	3154	3	0	3000
BA	142	Picture	22	1354436	0	1	3153	2	0	3000
BA	142	Response	1	1359755	5319	1
BA	143	Picture	22	1364228	0	1	3153	2	0	3000
BA	143	Response	1	1367566	3338	2
BA	144	Picture	22	1372858	0	1	3154	2	0	3000
BA	144	Response	1	1375675	2817	1
BA	145	Picture	22	1381323	0	1	3153	2	0	3000
BA	145	Response	1	1386085	4762	1
BA	146	Picture	22	1391945	0	1	3153	2	0	3000
BA	147	Picture	22	1402401	0	1	3153	2	0	3000
BA	147	Response	1	1404296	1895	1
BA	148	Picture	22	1411363	0	1	3154	2	0	3000
BA	148	Response	1	1414989	3626	1
BA	149	Picture	33	1422483	0	1	3153	3	0	3000
BA	150	Picture	22	1433603	0	1	3153	3	0	3000
BA	150	Response	1	1436678	3075	2
BA	151	Picture	22	1442897	0	2	3154	3	0	3000
BA	151	Response	1	1448479	5582	1
BA	152	Picture	22	1453021	0	2	3154	3	0	3000
BA	152	Response	1	1455817	2796	1
BA	153	Picture	22	1462316	0	1	3153	2	0	3000
BA	153	Response	1	1464967	2651	1
BA	154	Picture	22	1471112	0	1	3154	2	0	3000
BA	154	Response	1	1475143	4031	1
BA	155	Picture	33	1479743	0	1	3153	2	0	3000
BA	156	Picture	22	1490033	0	1	3153	2	0	3000
BA	156	Response	1	1494430	4397	1
BA	157	Picture	22	1498331	0	1	3154	2	0	3000
BA	157	Response	1	1503244	4913	1
BA	158	Picture	22	1508953	0	2	3154	3	0	3000
BA	158	Response	1	1513751	4798	1
BA	159	Picture	22	1519243	0	2	3154	3	0	3000
BA	159	Response	1	1523814	4571	1
BA	160	Picture	22	1530197	0	2	3154	3	0	3000
BA	160	Response	1	1537980	7783	1
BA	161	Picture	33	1540653	0	2	3154	3	0	3000
BA	162	Picture	22	1549118	0	1	3153	2	0	3000
BA	163	Picture	33	1557914	0	2	3154	3	0	3000
BA	163	Response	1	1561871	3957	2
BA	164	Picture	22	1566877	0	1	3153	2	0	3000
BA	165	Picture	22	1577167	0	1	3153	2	0	3000
BA	166	Picture	22	1587623	0	1	3153	2	0	3000
BA	166	Response	1	1594676	7053	1
BA	167	Picture	33	1596917	0	1	3154	2	0	3000
BA	167	Response	1	1601510	4593	1
BA	168	Picture	22	1607705	0	1	3154	2	0	3000
BA	168	Response	1	1613228	5523	1
BA	169	Picture	22	1616834	0	1	3153	2	0	3000
BA	169	Response	1	1621077	4243	1
BA	170	Picture	22	1626294	0	1	3153	2	0	3000
BA	170	Response	1	1629127	2833	1
BA	171	Picture	22	1636750	0	1	3153	2	0	3000
BA	171	Response	1	1639747	2997	2
BA	172	Picture	22	1645546	0	1	3154	2	0	3000
BA	172	Response	1	1648732	3186	1
BA	173	Picture	33	1654177	0	1	3153	2	0	3000
BA	173	Response	1	1656812	2635	1
BA	174	Picture	22	1662641	0	1	3154	2	0	3000
BA	174	Response	1	1667013	4372	1
BA	175	Picture	22	1672931	0	2	3154	3	0	3000
BA	175	Response	1	1675360	2429	1
BA	176	Picture	22	1682060	0	1	3153	2	0	3000
BA	176	Response	1	1684909	2849	2
BA	177	Picture	33	1690524	0	1	3153	3	0	3000
BA	178	Picture	22	1700316	0	2	3154	3	0	3000
BA	178	Response	1	1703779	3463	1
BA	179	Picture	22	1710772	0	2	3154	3	0	3000
BA	179	Response	1	1713969	3197	1
BA	180	Picture	22	1721062	0	2	3154	3	0	3000
BA	180	Response	1	1723955	2893	1
BA	181	Picture	33	1732016	0	2	3154	3	0	3000
BA	182	Picture	22	1740481	0	1	3153	2	0	3000
BA	182	Response	1	1744756	4275	1
BA	183	Picture	22	1750937	0	1	3153	3	0	3000
BA	183	Response	1	1754788	3851	2
BA	184	Picture	22	1760895	0	1	3154	2	0	3000
BA	184	Response	1	1764427	3532	1
BA	185	Picture	33	1771019	0	2	3154	3	0	3000
BA	185	Response	1	1773834	2815	1
BA	186	Picture	22	1780811	0	2	3154	3	0	3000
BA	186	Response	1	1783549	2738	9
BA	187	Picture	33	1791599	0	2	3154	3	0	3000
BA	188	Picture	22	1799898	0	1	3153	3	0	3000
BA	188	Response	1	1802751	2853	1
BA	189	Picture	22	1808362	0	2	3154	3	0	3000
BA	189	Response	1	1812836	4474	1
BA	190	Picture	22	1818155	0	1	3153	2	0	3000
BA	190	Response	1	1821237	3082	1
BA	191	Picture	22	1828943	0	1	3153	2	0	3000
BA	191	Response	1	1831327	2384	2
BA	192	Picture	22	1838569	0	1	3153	3	0	3000
BA	192	Response	1	1840961	2392	1
BA	193	Picture	33	1847531	0	2	3154	3	0	3000
BA	193	Response	1	1850128	2597	1
BA	194	Picture	22	1855830	0	1	3153	2	0	3000
BA	195	Picture	22	1864626	0	1	3154	2	0	3000
BA	195	Response	1	1866158	1532	1
BA	195	Response	1	1873620	8994	8
BA	196	Picture	22	1874916	0	1	3154	2	0	3000
BA	196	Response	1	1884254	9338	1
BA	197	Picture	22	1884376	0	2	3154	3	0	3000
BA	197	Response	1	1892635	8259	1
BA	198	Picture	22	1894999	0	1	3153	2	0	3000
BA	198	Response	1	1903272	8273	1
BA	199	Picture	22	1904459	0	2	3153	3	0	3000
BA	199	Response	1	1912568	8109	1
BA	200	Picture	22	1914749	0	1	3153	3	0	3000
BA	200	Response	1	1921327	6578	2
BA	201	Picture	33	1924707	0	1	3154	2	0	3000
BA	202	Picture	22	1933172	0	1	3153	2	0	3000
BA	202	Response	1	1936806	3634	1
BA	203	Picture	22	1941968	0	1	3153	3	0	3000
BA	203	Response	1	1945712	3744	1
BA	204	Picture	22	1951594	0	1	3154	2	0	3000
BA	204	Response	1	1955419	3825	1
BA	205	Picture	22	1961220	0	2	3154	3	0	3000
BA	205	Response	1	1965657	4437	1
BA	206	Picture	22	1970681	0	1	3153	2	0	3000
BA	206	Response	1	1973684	3003	1
BA	207	Picture	33	1979809	0	1	3154	2	0	3000
BA	208	Picture	22	1988439	0	2	3154	3	0	3000
BA	208	Response	1	1990647	2208	2
BA	209	Picture	22	1997734	0	1	3153	2	0	3000
BA	209	Response	1	2000909	3175	1
BA	210	Picture	22	2008190	0	1	3153	2	0	3000
BA	210	Response	1	2010578	2388	1
BA	211	Picture	33	2019144	0	1	3153	2	0	3000
BA	211	Response	1	2020986	1842	2
BA	212	Picture	22	2029434	0	1	3153	3	0	3000
BA	212	Response	1	2030597	1163	2
BA	213	Picture	22	2037898	0	2	3154	3	0	3000
BA	213	Response	1	2041642	3744	1
BA	214	Picture	22	2046197	0	1	3153	2	0	3000
BA	214	Response	1	2049634	3437	1
BA	215	Picture	22	2055823	0	1	3154	2	0	3000
BA	215	Response	1	2059069	3246	1
BA	216	Picture	22	2065449	0	2	3154	3	0	3000
BA	216	Response	1	2068830	3381	1
BA	217	Picture	33	2074578	0	1	3153	2	0	3000
BA	217	Response	1	2079540	4962	1
BA	218	Picture	22	2083042	0	1	3154	2	0	3000
BA	219	Picture	22	2093332	0	2	3154	3	0	3000
BA	219	Response	1	2098003	4671	1
BA	220	Picture	22	2102461	0	1	3153	2	0	3000
BA	220	Response	1	2105958	3497	1
BA	221	Picture	22	2110759	0	1	3154	2	0	3000
BA	221	Response	1	2114281	3522	1
BA	222	Picture	22	2119721	0	2	3154	3	0	3000
BA	222	Response	1	2123004	3283	1
BA	223	Picture	33	2129182	0	1	3153	2	0	3000
BA	224	Picture	22	2139140	0	1	3153	2	0	3000
BA	224	Response	1	2143191	4051	3
BA	225	Picture	22	2147272	0	2	3154	3	0	3000
BA	225	Response	1	2150443	3171	1
BA	226	Picture	22	2157728	0	2	3154	3	0	3000
BA	226	Response	1	2161716	3988	1
BA	227	Picture	33	2167355	0	1	3153	2	0	3000
BA	227	Response	1	2170888	3533	1
BA	228	Picture	22	2178309	0	1	3153	2	0	3000
BA	228	Response	1	2183091	4782	1
BA	229	Picture	22	2187437	0	1	3153	3	0	3000
BA	229	Response	1	2190452	3015	2
BA	230	Picture	22	2196565	0	2	3154	3	0	3000
BA	230	Response	1	2199177	2612	2
BA	231	Picture	33	2205196	0	1	3153	2	0	3000
BA	232	Picture	22	2213494	0	2	3154	3	0	3000
BA	232	Response	1	2216229	2735	1
BA	233	Picture	33	2224448	0	2	3154	3	0	3000
BA	234	Picture	22	2234572	0	2	3154	3	0	3000
BA	234	Response	1	2238554	3982	1
BA	235	Picture	22	2243535	0	1	3153	2	0	3000
BA	236	Picture	22	2251999	0	2	3154	3	0	3000
BA	236	Response	1	2258531	6532	1
BA	237	Picture	22	2261128	0	1	3153	2	0	3000
BA	238	Picture	22	2271086	0	1	3153	2	0	3000
BA	239	Picture	22	2281874	0	1	3153	2	0	3000
BA	239	Response	1	2287128	5254	1
BA	240	Picture	22	2292496	0	1	3153	2	0	3000
BA	240	Response	1	2295700	3204	1
BA	241	Picture	33	2302786	0	1	3153	2	0	3000
BA	242	Picture	22	2312246	0	1	3154	2	0	3000
BA	242	Response	1	2318899	6653	1
BA	243	Picture	22	2322868	0	2	3154	3	0	3000
BA	243	Response	1	2324997	2129	1
BA	244	Picture	22	2333822	0	2	3154	3	0	3000
BA	244	Response	1	2334466	644	1
BA	245	Picture	22	2343780	0	2	3154	3	0	3000
BA	245	Response	1	2345023	1243	1
BA	245	Response	1	2350468	6688	1
BA	246	Picture	22	2353905	0	1	3153	2	0	3000
BA	246	Response	1	2358942	5037	1
BA	247	Picture	33	2362701	0	1	3153	3	0	3000
BA	248	Picture	22	2372161	0	2	3154	3	0	3000
BA	248	Response	1	2378437	6276	2
BA	249	Picture	22	2382451	0	2	3154	3	0	3000
BA	249	Response	1	2388385	5934	1
BA	250	Picture	22	2392244	0	1	3153	2	0	3000
BA	250	Response	1	2401050	8806	1
BA	251	Picture	33	2401870	0	1	3153	2	0	3000
BA	252	Picture	22	2411994	0	1	3153	2	0	3000
BA	252	Response	1	2419314	7320	1
BA	253	Picture	22	2421952	0	2	3154	3	0	3000
BA	253	Response	1	2426368	4416	2
BA	254	Picture	22	2430251	0	1	3153	2	0	3000
BA	254	Response	1	2435211	4960	1
BA	255	Picture	33	2439711	0	1	3153	2	0	3000
BA	256	Picture	22	2449835	0	1	3153	3	0	3000
BA	256	Response	1	2454631	4796	2
BA	257	Picture	22	2460789	0	1	3153	3	0	3000
BA	257	Response	1	2465905	5116	1
BA	258	Picture	22	2469419	0	2	3154	3	0	3000
BA	259	Picture	22	2479212	0	1	3153	2	0	3000
BA	259	Response	1	2482188	2976	1
BA	260	Picture	22	2487510	0	1	3154	2	0	3000
BA	260	Response	1	2490761	3251	1
BA	261	Picture	22	2496141	0	1	3153	2	0	3000
BA	261	Response	1	2502499	6358	1
BA	262	Picture	22	2505269	0	1	3153	2	0	3000
BA	262	Response	1	2509731	4462	2
BA	263	Picture	33	2515393	0	1	3153	3	0	3000
BA	264	Picture	22	2523526	0	1	3153	2	0	3000
BA	264	Response	1	2526653	3127	1
BA	265	Picture	22	2534480	0	1	3153	2	0	3000
BA	265	Response	1	2537053	2573	1
BA	266	Picture	22	2543608	0	1	3153	2	0	3000
BA	266	Response	1	2546140	2532	1
BA	267	Picture	33	2551906	0	2	3154	3	0	3000
BA	268	Picture	22	2561367	0	1	3153	2	0	3000
BA	268	Response	1	2565618	4251	2
BA	269	Picture	33	2571823	0	1	3153	2	0	3000
BA	270	Picture	22	2580287	0	1	3154	2	0	3000
BA	270	Response	1	2587492	7205	1
BA	271	Picture	22	2590245	0	2	3154	3	0	3000
BA	271	Response	1	2598411	8166	2
BA	272	Picture	22	2601199	0	2	3154	3	0	3000
BA	272	Response	1	2604660	3461	1
BA	273	Picture	22	2609996	0	1	3153	2	0	3000
BA	273	Response	1	2616012	6016	1
BA	274	Picture	22	2618958	0	1	3154	2	0	3000
BA	274	Response	1	2623384	4426	2
BA	275	Picture	33	2629248	0	1	3154	2	0	3000
BA	276	Picture	22	2637381	0	1	3153	2	0	3000
BA	276	Response	1	2641746	4365	1
BA	277	Picture	33	2646177	0	1	3153	3	0	3000
BA	278	Picture	22	2656799	0	1	3154	2	0	3000
BA	278	Response	1	2661180	4381	1
BA	279	Picture	22	2667587	0	1	3154	2	0	3000
BA	279	Response	1	2676464	8877	1
BA	280	Picture	22	2676715	0	2	3154	3	0	3000
BA	280	Response	1	2682787	6072	1
BA	281	Picture	22	2686010	0	1	3153	2	0	3000
BA	281	Response	1	2690984	4974	1
BA	282	Picture	22	2694474	0	1	3154	2	0	3000
BA	282	Response	1	2698300	3826	1
BA	283	Picture	22	2703935	0	1	3153	2	0	3000
BA	283	Response	1	2708420	4485	1
BA	284	Picture	22	2713561	0	1	3153	2	0	3000
BA	284	Response	1	2717615	4054	1
BA	285	Picture	33	2723353	0	1	3153	3	0	3000
BA	285	Response	1	2725984	2631	1
BA	286	Picture	22	2733809	0	1	3153	3	0	3000
BA	287	Picture	22	2743767	0	1	3154	2	0	3000
BA	287	Response	1	2744107	340	2
BA	287	Response	1	2748585	4818	2
BA	288	Picture	22	2752896	0	1	3153	2	0	3000
BA	288	Response	1	2758319	5423	1
BA	289	Picture	22	2763352	0	1	3153	2	0	3000
BA	289	Response	1	2766069	2717	1
BA	290	Picture	22	2773476	0	1	3153	2	0	3000
BA	290	Response	1	2775479	2003	1
BA	291	Picture	22	2783600	0	1	3153	3	0	3000
BA	291	Response	1	2786807	3207	2
BA	292	Picture	22	2794056	0	1	3153	3	0	3000
BA	292	Response	1	2796452	2396	1
BA	292	Response	1	2804889	10833	1
BA	293	Picture	33	2805010	0	1	3153	3	0	3000
BA	294	Picture	22	2815798	0	1	3153	3	0	3000
BA	294	Response	1	2821089	5291	1
BA	295	Picture	22	2826752	0	1	3153	3	0	3000
BA	295	Response	1	2829767	3015	1
BA	296	Picture	22	2837706	0	1	3153	3	0	3000
BA	296	Response	1	2840774	3068	2
BA	297	Picture	33	2848328	0	1	3154	2	0	3000
BA	297	Response	1	2851601	3273	1
BA	298	Picture	22	2858452	0	1	3154	2	0	3000
BA	299	Picture	22	2866751	0	1	3153	2	0	3000
BA	300	Picture	22	2876875	0	1	3153	2	0	3000
BA	301	Picture	22	2886667	0	1	3153	3	0	3000
BA	302	Picture	22	2895795	0	2	3154	3	0	3000
BA	303	Picture	33	2904094	0	1	3153	2	0	3000
BA	303	Response	1	2910841	6747	2


Event Type	Code	Type	Response	RT	RT Uncertainty	Time	Uncertainty	Duration	Uncertainty	ReqTime	ReqDur

Picture	22	hit	1	3721	3	289	2	3154	3	0	3000
Picture	22	hit	1	3267	3	10911	2	3154	3	0	3000
Picture	22	hit	1	2905	2	21036	1	3153	2	0	3000
Picture	22	hit	1	2521	2	30828	1	3153	2	0	3000
Picture	22	hit	1	2574	2	40122	1	3154	2	0	3000
Picture	33	hit	1	2286	3	48421	1	3153	2	0	3000
Picture	22	hit	1	1903	2	59043	1	3153	2	0	3000
Picture	22	hit	1	311	2	69001	1	3153	2	0	3000
Picture	22	hit	1	3317	2	78295	1	3154	2	0	3000
Picture	22	hit	1	1206	4	88751	2	3154	3	0	3000
Picture	22	hit	1	5593	4	98543	2	3154	3	0	3000
Picture	33	hit	1	9360	2	108502	1	3153	2	0	3000
Picture	22	miss				119456	1	3153	2	0	3000
Picture	22	hit	1	2815	2	129082	1	3153	2	0	3000
Picture	22	miss				137214	2	3154	3	0	3000
Picture	33	hit	1	2835	2	146841	1	3153	2	0	3000
Picture	22	hit	1	6556	2	157961	1	3153	2	0	3000
Picture	22	hit	1	3591	2	166425	1	3153	3	0	3000
Picture	22	hit	1	2833	3	175885	2	3154	3	0	3000
Picture	22	miss				186341	2	3154	3	0	3000
Picture	22	hit	1	1155	2	194806	1	3153	2	0	3000
Picture	33	hit	1	1458	2	203602	1	3154	2	0	3000
Picture	22	hit	1	3423	3	212896	2	3154	3	0	3000
Picture	22	hit	1	2966	2	221527	1	3153	3	0	3000
Picture	22	hit	1	2638	2	232149	1	3153	3	0	3000
Picture	33	hit	1	3615	2	242273	1	3154	2	0	3000
Picture	22	miss				252065	2	3154	3	0	3000
Picture	22	miss				260862	1	3153	2	0	3000
Picture	22	hit	1	5343	3	268994	2	3154	3	0	3000
Picture	33	hit	1	2948	4	278786	2	3154	3	0	3000
Picture	22	hit	1	8108	3	289077	1	3153	2	0	3000
Picture	22	hit	1	8879	2	297873	1	3153	3	0	3000
Picture	22	hit	1	4806	2	307997	1	3153	3	0	3000
Picture	33	miss				316628	1	3153	2	0	3000
Picture	22	hit	1	7430	2	326420	1	3153	2	0	3000
Picture	22	hit	1	4114	2	336378	1	3153	2	0	3000
Picture	22	hit	1	5764	3	345174	2	3154	3	0	3000
Picture	33	miss				354137	1	3153	2	0	3000
Picture	22	hit	1	3623	2	364593	1	3153	2	0	3000
Picture	22	hit	1	3017	3	373223	1	3154	2	0	3000
Picture	22	hit	1	4550	2	382020	1	3153	2	0	3000
Picture	22	hit	1	4116	2	390650	1	3153	3	0	3000
Picture	22	hit	1	3042	3	399280	2	3154	3	0	3000
Picture	22	hit	1	2752	2	409405	1	3153	2	0	3000
Picture	22	hit	1	2512	2	418035	1	3153	3	0	3000
Picture	33	hit	1	1460	3	426665	2	3154	3	0	3000
Picture	22	hit	1	3691	3	437785	2	3154	3	0	3000
Picture	22	hit	1	3557	2	446250	1	3153	2	0	3000
Picture	22	hit	1	3058	3	455710	1	3154	2	0	3000
Picture	33	hit	1	600	3	465170	2	3154	3	0	3000
Picture	22	hit	1	5302	2	475129	1	3153	2	0	3000
Picture	22	hit	1	3147	3	484589	1	3153	2	0	3000
Picture	22	hit	1	3271	2	494879	1	3153	3	0	3000
Picture	22	hit	1	3001	4	505667	1	3153	2	0	3000
Picture	22	hit	1	2959	2	516289	1	3153	3	0	3000
Picture	33	hit	1	2464	2	526745	1	3154	2	0	3000
Picture	22	hit	1	5815	3	537699	1	3154	2	0	3000
Picture	33	miss				547159	2	3154	3	0	3000
Picture	22	hit	1	4687	3	557947	2	3154	3	0	3000
Picture	22	hit	1	4163	2	567906	1	3153	2	0	3000
Picture	22	hit	1	2728	2	578362	1	3153	2	0	3000
Picture	22	hit	1	3413	3	588652	1	3153	2	0	3000
Picture	22	hit	1	4918	3	597116	1	3154	2	0	3000
Picture	33	hit	1	2457	3	608070	1	3154	2	0	3000
Picture	22	hit	1	3087	3	618858	1	3154	2	0	3000
Picture	22	hit	1	4842	3	629148	2	3154	3	0	3000
Picture	22	hit	1	7082	2	638775	1	3153	2	0	3000
Picture	22	hit	1	3706	2	648733	1	3153	2	0	3000
Picture	22	hit	1	3864	2	658027	1	3153	3	0	3000
Picture	33	hit	1	3521	2	668815	1	3154	2	0	3000
Picture	22	hit	1	6732	3	677943	2	3154	3	0	3000
Picture	22	hit	1	3333	3	688897	2	3154	3	0	3000
Picture	22	hit	1	4541	3	698192	1	3153	2	0	3000
Picture	33	hit	1	2891	2	708482	1	3153	2	0	3000
Picture	22	hit	1	4342	2	717278	1	3154	2	0	3000
Picture	22	hit	1	2846	2	725577	1	3153	2	0	3000
Picture	22	hit	1	2764	2	736365	1	3153	2	0	3000
Picture	22	hit	1	2490	2	744829	1	3154	2	0	3000
Picture	22	hit	1	3445	3	754953	2	3154	3	0	3000
Picture	22	hit	1	3170	2	763418	1	3153	2	0	3000
Picture	22	hit	1	3161	2	774538	1	3153	2	0	3000
Picture	33	hit	1	6931	2	783002	1	3154	2	0	3000
Picture	22	miss				791301	1	3153	2	0	3000
Picture	22	hit	1	3157	3	799931	1	3154	2	0	3000
Picture	22	hit	1	545	3	809557	2	3154	3	0	3000
Picture	33	hit	1	2723	3	819681	2	3154	3	0	3000
Picture	22	miss				828312	1	3153	2	0	3000
Picture	33	miss				838934	1	3153	3	0	3000
Picture	22	miss				847398	2	3154	3	0	3000
Picture	22	hit	1	8941	4	858352	2	3154	3	0	3000
Picture	22	miss				868145	1	3153	2	0	3000
Picture	33	miss				877439	1	3153	2	0	3000
Picture	22	miss				888061	1	3153	3	0	3000
Picture	22	miss				898019	1	3154	2	0	3000
Picture	22	miss				906981	2	3154	3	0	3000
Picture	33	hit	1	7142	2	917604	1	3153	2	0	3000
Picture	22	hit	1	3831	2	926566	1	3153	2	0	3000
Picture	33	hit	1	2851	2	935362	1	3154	2	0	3000
Picture	22	hit	1	3551	3	945486	2	3154	3	0	3000
Picture	22	hit	1	2809	3	955279	1	3153	2	0	3000
Picture	22	hit	1	2590	3	964905	1	3153	2	0	3000
Picture	33	hit	1	3199	3	973701	2	3154	3	0	3000
Picture	22	hit	1	2775	2	984655	1	3154	2	0	3000
Picture	22	hit	1	2872	2	994116	1	3153	2	0	3000
Picture	22	hit	1	2921	2	1002912	1	3153	2	0	3000
Picture	33	hit	1	1975	2	1013534	1	3153	3	0	3000
Picture	22	hit	1	4209	2	1023160	1	3154	2	0	3000
Picture	22	hit	1	2399	2	1034114	1	3154	2	0	3000
Picture	22	hit	1	2972	4	1044570	2	3154	3	0	3000
Picture	22	hit	1	4647	3	1054860	2	3154	3	0	3000
Picture	22	hit	1	3396	3	1064984	2	3154	3	0	3000
Picture	33	hit	1	7836	3	1074611	1	3153	2	0	3000
Picture	22	hit	1	8784	2	1084071	1	3153	3	0	3000
Picture	22	miss				1094195	1	3154	2	0	3000
Picture	22	hit	1	2594	2	1102660	1	3153	2	0	3000
Picture	33	hit	1	1212	2	1111290	1	3153	3	0	3000
Picture	22	hit	1	5439	2	1122244	1	3153	3	0	3000
Picture	22	hit	1	6010	3	1131372	2	3154	3	0	3000
Picture	22	hit	1	5712	2	1140003	1	3153	2	0	3000
Picture	33	miss				1150625	1	3153	2	0	3000
Picture	22	hit	1	3648	2	1159587	1	3154	2	0	3000
Picture	33	hit	1	2681	3	1170541	1	3154	2	0	3000
Picture	22	hit	1	5637	2	1179504	1	3153	2	0	3000
Picture	33	miss				1189960	1	3153	2	0	3000
Picture	22	hit	1	3941	3	1200416	1	3153	2	0	3000
Picture	22	hit	1	4878	3	1211038	1	3153	2	0	3000
Picture	22	hit	1	3448	3	1221992	1	3153	2	0	3000
Picture	33	miss				1232448	1	3153	2	0	3000
Picture	22	hit	1	3884	2	1242904	1	3153	3	0	3000
Picture	22	hit	1	3546	3	1252032	2	3154	3	0	3000
Picture	22	hit	1	4077	2	1260829	1	3153	2	0	3000
Picture	22	hit	1	4090	2	1269957	1	3153	3	0	3000
Picture	22	hit	1	3006	3	1279085	2	3154	3	0	3000
Picture	22	hit	1	3518	4	1289873	2	3154	3	0	3000
Picture	22	hit	1	680	2	1298836	1	3153	2	0	3000
Picture	33	hit	1	3439	3	1306968	2	3154	3	0	3000
Picture	22	hit	1	553	3	1316760	2	3154	3	0	3000
Picture	22	hit	1	4794	3	1325723	1	3153	2	0	3000
Picture	22	hit	1	5049	4	1333855	2	3154	3	0	3000
Picture	33	miss				1344311	2	3154	3	0	3000
Picture	22	hit	1	5319	2	1354436	1	3153	2	0	3000
Picture	22	hit	1	3338	3	1364228	1	3153	2	0	3000
Picture	22	hit	1	2817	2	1372858	1	3154	2	0	3000
Picture	22	hit	1	4762	2	1381323	1	3153	2	0	3000
Picture	22	miss				1391945	1	3153	2	0	3000
Picture	22	hit	1	1895	2	1402401	1	3153	2	0	3000
Picture	22	hit	1	3626	2	1411363	1	3154	2	0	3000
Picture	33	miss				1422483	1	3153	3	0	3000
Picture	22	hit	1	3075	3	1433603	1	3153	3	0	3000
Picture	22	hit	1	5582	3	1442897	2	3154	3	0	3000
Picture	22	hit	1	2796	3	1453021	2	3154	3	0	3000
Picture	22	hit	1	2651	2	1462316	1	3153	2	0	3000
Picture	22	hit	1	4031	2	1471112	1	3154	2	0	3000
Picture	33	miss				1479743	1	3153	2	0	3000
Picture	22	hit	1	4397	2	1490033	1	3153	2	0	3000
Picture	22	hit	1	4913	2	1498331	1	3154	2	0	3000
Picture	22	hit	1	4798	3	1508953	2	3154	3	0	3000
Picture	22	hit	1	4571	3	1519243	2	3154	3	0	3000
Picture	22	hit	1	7783	3	1530197	2	3154	3	0	3000
Picture	33	miss				1540653	2	3154	3	0	3000
Picture	22	miss				1549118	1	3153	2	0	3000
Picture	33	hit	1	3957	4	1557914	2	3154	3	0	3000
Picture	22	miss				1566877	1	3153	2	0	3000
Picture	22	miss				1577167	1	3153	2	0	3000
Picture	22	hit	1	7053	2	1587623	1	3153	2	0	3000
Picture	33	hit	1	4593	2	1596917	1	3154	2	0	3000
Picture	22	hit	1	5523	2	1607705	1	3154	2	0	3000
Picture	22	hit	1	4243	2	1616834	1	3153	2	0	3000
Picture	22	hit	1	2833	2	1626294	1	3153	2	0	3000
Picture	22	hit	1	2997	3	1636750	1	3153	2	0	3000
Picture	22	hit	1	3186	2	1645546	1	3154	2	0	3000
Picture	33	hit	1	2635	2	1654177	1	3153	2	0	3000
Picture	22	hit	1	4372	2	1662641	1	3154	2	0	3000
Picture	22	hit	1	2429	3	1672931	2	3154	3	0	3000
Picture	22	hit	1	2849	3	1682060	1	3153	2	0	3000
Picture	33	miss				1690524	1	3153	3	0	3000
Picture	22	hit	1	3463	3	1700316	2	3154	3	0	3000
Picture	22	hit	1	3197	3	1710772	2	3154	3	0	3000
Picture	22	hit	1	2893	3	1721062	2	3154	3	0	3000
Picture	33	miss				1732016	2	3154	3	0	3000
Picture	22	hit	1	4275	2	1740481	1	3153	2	0	3000
Picture	22	hit	1	3851	3	1750937	1	3153	3	0	3000
Picture	22	hit	1	3532	2	1760895	1	3154	2	0	3000
Picture	33	hit	1	2815	3	1771019	2	3154	3	0	3000
Picture	22	hit	1	2738	11	1780811	2	3154	3	0	3000
Picture	33	miss				1791599	2	3154	3	0	3000
Picture	22	hit	1	2853	2	1799898	1	3153	3	0	3000
Picture	22	hit	1	4474	3	1808362	2	3154	3	0	3000
Picture	22	hit	1	3082	2	1818155	1	3153	2	0	3000
Picture	22	hit	1	2384	3	1828943	1	3153	2	0	3000
Picture	22	hit	1	2392	2	1838569	1	3153	3	0	3000
Picture	33	hit	1	2597	3	1847531	2	3154	3	0	3000
Picture	22	miss				1855830	1	3153	2	0	3000
Picture	22	hit	1	1532	2	1864626	1	3154	2	0	3000
Picture	22	hit	1	9338	2	1874916	1	3154	2	0	3000
Picture	22	hit	1	8259	3	1884376	2	3154	3	0	3000
Picture	22	hit	1	8273	2	1894999	1	3153	2	0	3000
Picture	22	hit	1	8109	3	1904459	2	3153	3	0	3000
Picture	22	hit	1	6578	3	1914749	1	3153	3	0	3000
Picture	33	miss				1924707	1	3154	2	0	3000
Picture	22	hit	1	3634	2	1933172	1	3153	2	0	3000
Picture	22	hit	1	3744	2	1941968	1	3153	3	0	3000
Picture	22	hit	1	3825	2	1951594	1	3154	2	0	3000
Picture	22	hit	1	4437	3	1961220	2	3154	3	0	3000
Picture	22	hit	1	3003	2	1970681	1	3153	2	0	3000
Picture	33	miss				1979809	1	3154	2	0	3000
Picture	22	hit	1	2208	4	1988439	2	3154	3	0	3000
Picture	22	hit	1	3175	2	1997734	1	3153	2	0	3000
Picture	22	hit	1	2388	2	2008190	1	3153	2	0	3000
Picture	33	hit	1	1842	3	2019144	1	3153	2	0	3000
Picture	22	hit	1	1163	3	2029434	1	3153	3	0	3000
Picture	22	hit	1	3744	3	2037898	2	3154	3	0	3000
Picture	22	hit	1	3437	2	2046197	1	3153	2	0	3000
Picture	22	hit	1	3246	2	2055823	1	3154	2	0	3000
Picture	22	hit	1	3381	3	2065449	2	3154	3	0	3000
Picture	33	hit	1	4962	2	2074578	1	3153	2	0	3000
Picture	22	miss				2083042	1	3154	2	0	3000
Picture	22	hit	1	4671	3	2093332	2	3154	3	0	3000
Picture	22	hit	1	3497	2	2102461	1	3153	2	0	3000
Picture	22	hit	1	3522	2	2110759	1	3154	2	0	3000
Picture	22	hit	1	3283	3	2119721	2	3154	3	0	3000
Picture	33	miss				2129182	1	3153	2	0	3000
Picture	22	hit	1	4051	4	2139140	1	3153	2	0	3000
Picture	22	hit	1	3171	3	2147272	2	3154	3	0	3000
Picture	22	hit	1	3988	3	2157728	2	3154	3	0	3000
Picture	33	hit	1	3533	2	2167355	1	3153	2	0	3000
Picture	22	hit	1	4782	2	2178309	1	3153	2	0	3000
Picture	22	hit	1	3015	3	2187437	1	3153	3	0	3000
Picture	22	hit	1	2612	4	2196565	2	3154	3	0	3000
Picture	33	miss				2205196	1	3153	2	0	3000
Picture	22	hit	1	2735	3	2213494	2	3154	3	0	3000
Picture	33	miss				2224448	2	3154	3	0	3000
Picture	22	hit	1	3982	3	2234572	2	3154	3	0	3000
Picture	22	miss				2243535	1	3153	2	0	3000
Picture	22	hit	1	6532	3	2251999	2	3154	3	0	3000
Picture	22	miss				2261128	1	3153	2	0	3000
Picture	22	miss				2271086	1	3153	2	0	3000
Picture	22	hit	1	5254	2	2281874	1	3153	2	0	3000
Picture	22	hit	1	3204	2	2292496	1	3153	2	0	3000
Picture	33	miss				2302786	1	3153	2	0	3000
Picture	22	hit	1	6653	2	2312246	1	3154	2	0	3000
Picture	22	hit	1	2129	3	2322868	2	3154	3	0	3000
Picture	22	hit	1	644	3	2333822	2	3154	3	0	3000
Picture	22	hit	1	1243	3	2343780	2	3154	3	0	3000
Picture	22	hit	1	5037	2	2353905	1	3153	2	0	3000
Picture	33	miss				2362701	1	3153	3	0	3000
Picture	22	hit	1	6276	4	2372161	2	3154	3	0	3000
Picture	22	hit	1	5934	3	2382451	2	3154	3	0	3000
Picture	22	hit	1	8806	2	2392244	1	3153	2	0	3000
Picture	33	miss				2401870	1	3153	2	0	3000
Picture	22	hit	1	7320	2	2411994	1	3153	2	0	3000
Picture	22	hit	1	4416	4	2421952	2	3154	3	0	3000
Picture	22	hit	1	4960	2	2430251	1	3153	2	0	3000
Picture	33	miss				2439711	1	3153	2	0	3000
Picture	22	hit	1	4796	3	2449835	1	3153	3	0	3000
Picture	22	hit	1	5116	2	2460789	1	3153	3	0	3000
Picture	22	miss				2469419	2	3154	3	0	3000
Picture	22	hit	1	2976	2	2479212	1	3153	2	0	3000
Picture	22	hit	1	3251	2	2487510	1	3154	2	0	3000
Picture	22	hit	1	6358	2	2496141	1	3153	2	0	3000
Picture	22	hit	1	4462	3	2505269	1	3153	2	0	3000
Picture	33	miss				2515393	1	3153	3	0	3000
Picture	22	hit	1	3127	2	2523526	1	3153	2	0	3000
Picture	22	hit	1	2573	2	2534480	1	3153	2	0	3000
Picture	22	hit	1	2532	2	2543608	1	3153	2	0	3000
Picture	33	miss				2551906	2	3154	3	0	3000
Picture	22	hit	1	4251	3	2561367	1	3153	2	0	3000
Picture	33	miss				2571823	1	3153	2	0	3000
Picture	22	hit	1	7205	2	2580287	1	3154	2	0	3000
Picture	22	hit	1	8166	4	2590245	2	3154	3	0	3000
Picture	22	hit	1	3461	3	2601199	2	3154	3	0	3000
Picture	22	hit	1	6016	2	2609996	1	3153	2	0	3000
Picture	22	hit	1	4426	3	2618958	1	3154	2	0	3000
Picture	33	miss				2629248	1	3154	2	0	3000
Picture	22	hit	1	4365	2	2637381	1	3153	2	0	3000
Picture	33	miss				2646177	1	3153	3	0	3000
Picture	22	hit	1	4381	2	2656799	1	3154	2	0	3000
Picture	22	hit	1	8877	2	2667587	1	3154	2	0	3000
Picture	22	hit	1	6072	3	2676715	2	3154	3	0	3000
Picture	22	hit	1	4974	2	2686010	1	3153	2	0	3000
Picture	22	hit	1	3826	2	2694474	1	3154	2	0	3000
Picture	22	hit	1	4485	2	2703935	1	3153	2	0	3000
Picture	22	hit	1	4054	2	2713561	1	3153	2	0	3000
Picture	33	hit	1	2631	2	2723353	1	3153	3	0	3000
Picture	22	miss				2733809	1	3153	3	0	3000
Picture	22	hit	1	340	3	2743767	1	3154	2	0	3000
Picture	22	hit	1	5423	2	2752896	1	3153	2	0	3000
Picture	22	hit	1	2717	2	2763352	1	3153	2	0	3000
Picture	22	hit	1	2003	2	2773476	1	3153	2	0	3000
Picture	22	hit	1	3207	3	2783600	1	3153	3	0	3000
Picture	22	hit	1	2396	2	2794056	1	3153	3	0	3000
Picture	33	miss				2805010	1	3153	3	0	3000
Picture	22	hit	1	5291	2	2815798	1	3153	3	0	3000
Picture	22	hit	1	3015	2	2826752	1	3153	3	0	3000
Picture	22	hit	1	3068	3	2837706	1	3153	3	0	3000
Picture	33	hit	1	3273	2	2848328	1	3154	2	0	3000
Picture	22	miss				2858452	1	3154	2	0	3000
Picture	22	miss				2866751	1	3153	2	0	3000
Picture	22	miss				2876875	1	3153	2	0	3000
Picture	22	miss				2886667	1	3153	3	0	3000
Picture	22	miss				2895795	2	3154	3	0	3000
Picture	33	hit	1	6747	3	2904094	1	3153	2	0	3000
