Scenario - GO/NO-GO
Logfile written - 04/26/2011 10:35:07

Subject	Trial	Event Type	Code	Time	TTime	Uncertainty	Duration	Uncertainty	ReqTime	ReqDur

WW	2	Picture	22	289	0	2	3154	3	0	3000
WW	2	Response	1	5501	5212	1
WW	3	Picture	22	29832	0	1	3153	3	0	3000
WW	3	Response	1	33779	3947	1
WW	4	Picture	22	65516	0	1	3153	2	0	3000
WW	4	Response	1	69052	3536	1
WW	5	Picture	22	94892	0	1	3154	2	0	3000
WW	5	Response	1	100021	5129	1
WW	6	Picture	22	131239	0	2	3154	3	0	3000
WW	6	Response	1	136546	5307	1
WW	7	Picture	33	165761	0	1	3154	2	0	3000
WW	8	Picture	22	201113	0	1	3153	2	0	3000
WW	8	Response	1	203859	2746	1
WW	8	Response	1	214413	13300	1
WW	8	Response	1	218849	17736	1
WW	8	Response	1	226702	25589	1
WW	9	Picture	22	229659	0	2	3154	3	0	3000
WW	9	Response	1	235470	5811	1
WW	10	Picture	22	265343	0	1	3153	3	0	3000
WW	10	Response	1	280571	15228	1
WW	11	Picture	22	302022	0	1	3154	2	0	3000
WW	11	Response	1	316410	14388	1
WW	12	Picture	22	332063	0	1	3153	2	0	3000
WW	12	Response	1	346327	14264	1
WW	13	Picture	33	369074	0	1	3153	2	0	3000
WW	14	Picture	22	407413	0	1	3153	2	0	3000
WW	14	Response	1	412902	5489	1
WW	15	Picture	22	438449	0	1	3154	2	0	3000
WW	15	Response	1	450779	12330	1
WW	16	Picture	22	476622	0	2	3154	3	0	3000
WW	17	Picture	22	507161	0	1	3153	2	0	3000
WW	18	Picture	22	535707	0	2	3154	3	0	3000
WW	18	Response	1	539896	4189	1
WW	19	Picture	33	567740	0	1	3153	2	0	3000
WW	20	Picture	22	607406	0	2	3154	3	0	3000
WW	20	Response	1	617137	9731	1
WW	21	Picture	33	645247	0	2	3154	3	0	3000
WW	22	Picture	22	681761	0	1	3153	2	0	3000
WW	22	Response	1	686098	4337	2
WW	23	Picture	33	719602	0	1	3153	2	0	3000
WW	24	Picture	22	755451	0	1	3154	2	0	3000
WW	24	Response	1	763055	7604	2
WW	25	Picture	22	790139	0	1	3153	2	0	3000
WW	25	Response	1	812237	22098	2
WW	26	Picture	22	823665	0	1	3153	2	0	3000
WW	26	Response	1	828646	4981	1
WW	27	Picture	33	859182	0	1	3153	3	0	3000
WW	28	Picture	22	888891	0	1	3153	2	0	3000
WW	28	Response	1	892772	3881	1
WW	29	Picture	22	926068	0	1	3153	2	0	3000
WW	29	Response	1	933701	7633	1
WW	30	Picture	22	964075	0	1	3153	3	0	3000
WW	30	Response	1	967639	3564	1
WW	31	Picture	33	1001086	0	1	3154	2	0	3000
WW	32	Picture	22	1029633	0	1	3153	3	0	3000
WW	33	Picture	22	1060669	0	2	3154	3	0	3000
WW	33	Response	1	1065009	4340	1
WW	34	Picture	22	1099008	0	2	3154	3	0	3000
WW	34	Response	1	1102777	3769	1
WW	35	Picture	22	1127887	0	1	3153	3	0	3000
WW	35	Response	1	1133100	5213	1
WW	36	Picture	22	1161247	0	1	3153	2	0	3000
WW	36	Response	1	1166372	5125	1
WW	37	Picture	33	1200084	0	1	3153	2	0	3000
WW	38	Picture	22	1239419	0	1	3153	2	0	3000
WW	38	Response	1	1243634	4215	2
WW	39	Picture	22	1275600	0	1	3153	2	0	3000
WW	39	Response	1	1279689	4089	1
WW	40	Picture	22	1304645	0	1	3153	2	0	3000
WW	40	Response	1	1308904	4259	2
WW	41	Picture	33	1339664	0	1	3154	2	0	3000
WW	42	Picture	22	1370535	0	1	3153	2	0	3000
WW	42	Response	1	1378519	7984	1
WW	43	Picture	22	1402561	0	9	3159	10	0	3000
WW	43	Response	1	1411816	9255	2
WW	44	Picture	22	1439578	0	1	3153	2	0	3000
WW	44	Response	1	1443378	3800	2
WW	45	Picture	33	1475759	0	2	3154	3	0	3000
WW	46	Picture	22	1513932	0	2	3154	3	0	3000
WW	46	Response	1	1519714	5782	2
WW	47	Picture	22	1547126	0	2	3154	3	0	3000
WW	47	Response	1	1556560	9434	1
WW	48	Picture	22	1583142	0	1	3153	2	0	3000
WW	48	Response	1	1588746	5604	1
WW	49	Picture	33	1620153	0	1	3153	2	0	3000
WW	49	Response	1	1624192	4039	1
WW	50	Picture	22	1652019	0	1	3153	3	0	3000
WW	50	Response	1	1656143	4124	1
WW	51	Picture	22	1682059	0	2	3154	3	0	3000
WW	51	Response	1	1694771	12712	1
WW	52	Picture	22	1719735	0	1	3153	2	0	3000
WW	53	Picture	22	1755418	0	1	3153	3	0	3000
WW	54	Picture	22	1787948	0	1	3154	2	0	3000
WW	54	Response	1	1792329	4381	2
WW	55	Picture	33	1825457	0	2	3154	3	0	3000
WW	56	Picture	22	1864128	0	1	3154	2	0	3000
WW	57	Picture	33	1902467	0	1	3154	2	0	3000
WW	58	Picture	22	1930682	0	1	3153	3	0	3000
WW	58	Response	1	1936370	5688	1
WW	59	Picture	22	1961884	0	2	3154	3	0	3000
WW	59	Response	1	1969667	7783	1
WW	60	Picture	22	1994580	0	2	3154	3	0	3000
WW	61	Picture	22	2027110	0	2	3154	3	0	3000
WW	62	Picture	22	2063126	0	1	3153	2	0	3000
WW	63	Picture	33	2095324	0	1	3153	2	0	3000
WW	63	Response	1	2099817	4493	1
WW	64	Picture	22	2124203	0	1	3153	2	0	3000
WW	65	Picture	22	2156235	0	1	3153	2	0	3000
WW	66	Picture	22	2184781	0	2	3154	3	0	3000
WW	67	Picture	33	2213826	0	1	3154	2	0	3000
WW	68	Picture	22	2245194	0	2	3154	3	0	3000
WW	69	Picture	22	2274737	0	1	3153	2	0	3000
WW	69	Response	1	2281199	6462	2
WW	70	Picture	22	2312246	0	1	3153	3	0	3000
WW	70	Response	1	2317355	5109	2
WW	71	Picture	22	2343780	0	2	3154	3	0	3000
WW	71	Response	1	2356775	12995	1
WW	72	Picture	22	2378800	0	1	3153	3	0	3000
WW	72	Response	1	2393470	14670	1
WW	73	Picture	33	2411994	0	1	3153	2	0	3000
WW	74	Picture	22	2443362	0	1	3153	3	0	3000
WW	74	Response	1	2450719	7357	1
WW	75	Picture	22	2473403	0	1	3153	2	0	3000
WW	75	Response	1	2478574	5171	1
WW	76	Picture	22	2506762	0	2	3154	3	0	3000
WW	76	Response	1	2512321	5559	1
WW	77	Picture	33	2536139	0	1	3154	2	0	3000
WW	78	Picture	22	2574976	0	1	3153	3	0	3000
WW	78	Response	1	2578488	3512	1
WW	79	Picture	22	2611323	0	2	3154	3	0	3000
WW	79	Response	1	2616187	4864	1
WW	80	Picture	22	2641364	0	1	3153	2	0	3000
WW	80	Response	1	2645445	4081	1
WW	81	Picture	33	2672566	0	1	3154	2	0	3000
WW	82	Picture	22	2709079	0	2	3154	3	0	3000
WW	82	Response	1	2714850	5771	1
WW	83	Picture	22	2747418	0	2	3154	3	0	3000
WW	83	Response	1	2752700	5282	2
WW	84	Picture	22	2785923	0	2	3154	3	0	3000
WW	84	Response	1	2790695	4772	1
WW	85	Picture	33	2816960	0	1	3153	2	0	3000
WW	86	Picture	22	2854137	0	1	3153	2	0	3000
WW	86	Response	1	2859387	5250	1
WW	87	Picture	33	2890982	0	1	3154	2	0	3000
WW	88	Picture	22	2930815	0	1	3153	2	0	3000
WW	88	Response	1	2935200	4385	1
WW	88	Response	1	2940779	9964	2
WW	89	Picture	22	2964009	0	1	3153	2	0	3000
WW	89	Response	1	2972531	8522	1
WW	90	Picture	22	2998696	0	2	3154	3	0	3000
WW	90	Response	1	3003413	4717	2
WW	91	Picture	22	3035376	0	1	3153	2	0	3000
WW	91	Response	1	3038603	3227	1
WW	92	Picture	22	3074711	0	1	3153	2	0	3000
WW	92	Response	1	3083569	8858	1
WW	93	Picture	22	3111556	0	1	3153	2	0	3000
WW	93	Response	1	3120324	8768	1
WW	94	Picture	22	3142924	0	1	3153	3	0	3000
WW	94	Response	1	3169957	27033	1
WW	95	Picture	33	3181927	0	1	3153	2	0	3000
WW	96	Picture	22	3216283	0	1	3153	2	0	3000
WW	96	Response	1	3221775	5492	1
WW	97	Picture	22	3245659	0	1	3154	2	0	3000
WW	97	Response	1	3249948	4289	1
WW	98	Picture	22	3285658	0	1	3153	2	0	3000
WW	98	Response	1	3290206	4548	2
WW	99	Picture	22	3319682	0	1	3153	2	0	3000
WW	99	Response	1	3323849	4167	1
WW	100	Picture	22	3353871	0	2	3154	3	0	3000
WW	100	Response	1	3359906	6035	1
WW	101	Picture	33	3391381	0	1	3153	2	0	3000
WW	102	Picture	22	3430881	0	2	3154	3	0	3000
WW	103	Picture	22	3461420	0	1	3153	2	0	3000
WW	103	Response	1	3469988	8568	1
WW	104	Picture	22	3500423	0	1	3153	2	0	3000
WW	104	Response	1	3505168	4745	1
WW	105	Picture	22	3538430	0	1	3153	2	0	3000
WW	105	Response	1	3544027	5597	1
WW	106	Picture	22	3577432	0	2	3154	3	0	3000
WW	106	Response	1	3581879	4447	1
WW	107	Picture	22	3610626	0	2	3154	3	0	3000
WW	107	Response	1	3620370	9744	2
WW	108	Picture	22	3648633	0	2	3154	3	0	3000
WW	108	Response	1	3653390	4757	1
WW	109	Picture	33	3687636	0	2	3154	3	0	3000
WW	109	Response	1	3699631	11995	1
WW	110	Picture	22	3724648	0	1	3153	2	0	3000
WW	110	Response	1	3729767	5119	1
WW	111	Picture	22	3758671	0	2	3154	3	0	3000
WW	111	Response	1	3764658	5987	1
WW	112	Picture	22	3793857	0	1	3153	2	0	3000
WW	112	Response	1	3798842	4985	1
WW	113	Picture	22	3832196	0	1	3153	3	0	3000
WW	113	Response	1	3836485	4289	1
WW	114	Picture	22	3866884	0	1	3153	2	0	3000
WW	114	Response	1	3872220	5336	2
WW	114	Response	1	3892876	25992	1
WW	115	Picture	22	3906882	0	2	3154	3	0	3000
WW	115	Response	1	3912861	5979	1
WW	116	Picture	22	3936259	0	1	3153	2	0	3000
WW	116	Response	1	3941932	5673	2
WW	117	Picture	33	3965635	0	2	3154	3	0	3000
WW	118	Picture	22	3999493	0	2	3154	3	0	3000
WW	118	Response	1	4004754	5261	1
WW	119	Picture	22	4036173	0	1	3153	2	0	3000
WW	120	Picture	22	4068371	0	1	3153	2	0	3000
WW	120	Response	1	4074896	6525	1
WW	121	Picture	33	4105216	0	1	3153	3	0	3000
WW	122	Picture	22	4135754	0	2	3154	3	0	3000
WW	122	Response	1	4143760	8006	1
WW	122	Response	1	4157616	21862	1
WW	123	Picture	22	4168118	0	2	3154	3	0	3000
WW	123	Response	1	4177249	9131	1
WW	123	Response	1	4193728	25610	1
WW	124	Picture	22	4196665	0	1	3154	2	0	3000
WW	124	Response	1	4201397	4732	1
WW	125	Picture	22	4224880	0	1	3153	3	0	3000
WW	125	Response	1	4234673	9793	1
WW	126	Picture	22	4256580	0	1	3154	2	0	3000
WW	126	Response	1	4262578	5998	1
WW	127	Picture	33	4292264	0	1	3153	2	0	3000
WW	128	Picture	22	4326453	0	2	3154	3	0	3000
WW	128	Response	1	4331099	4646	1
WW	129	Picture	22	4363133	0	1	3153	2	0	3000
WW	129	Response	1	4366684	3551	1
WW	130	Picture	22	4397986	0	2	3154	3	0	3000
WW	130	Response	1	4406133	8147	1
WW	131	Picture	22	4432010	0	1	3154	2	0	3000
WW	131	Response	1	4438732	6722	1
WW	132	Picture	22	4460225	0	1	3153	3	0	3000
WW	132	Response	1	4464542	4317	1
WW	132	Response	1	4480910	20685	1
WW	133	Picture	22	4499892	0	1	3153	2	0	3000
WW	133	Response	1	4502682	2790	2
WW	134	Picture	22	4538397	0	1	3153	2	0	3000
WW	134	Response	1	4545962	7565	2
WW	134	Response	1	4562838	24441	2
WW	135	Picture	33	4566612	0	1	3153	2	0	3000
WW	136	Picture	22	4597980	0	1	3153	2	0	3000
WW	136	Response	1	4617053	19073	1
WW	137	Picture	22	4630012	0	1	3153	2	0	3000
WW	137	Response	1	4639812	9800	1
WW	138	Picture	22	4660716	0	2	3154	3	0	3000
WW	138	Response	1	4670212	9496	2
WW	138	Response	1	4687837	27121	2
WW	139	Picture	33	4691255	0	1	3153	2	0	3000
WW	140	Picture	22	4723785	0	1	3153	2	0	3000
WW	140	Response	1	4731597	7812	1
WW	141	Picture	22	4762290	0	1	3153	2	0	3000
WW	141	Response	1	4768433	6143	1
WW	142	Picture	22	4798139	0	1	3154	2	0	3000
WW	142	Response	1	4801050	2911	1
WW	143	Picture	33	4836312	0	1	3154	2	0	3000
WW	143	Response	1	4840379	4067	1
WW	144	Picture	22	4870004	0	1	3153	3	0	3000
WW	144	Response	1	4875966	5962	1
WW	145	Picture	22	4906683	0	2	3154	3	0	3000
WW	145	Response	1	4914487	7804	1
WW	146	Picture	22	4942699	0	1	3153	2	0	3000
WW	146	Response	1	4952519	9820	1
WW	147	Picture	22	4981038	0	1	3153	2	0	3000
WW	147	Response	1	4992234	11196	1
WW	147	Response	1	4998873	17835	1
WW	148	Picture	22	5009750	0	2	3154	3	0	3000
WW	148	Response	1	5015701	5951	1
WW	148	Response	1	5029223	19473	1
WW	149	Picture	22	5038961	0	1	3153	3	0	3000
WW	149	Response	1	5040876	1915	1
WW	150	Picture	22	5073483	0	1	3153	2	0	3000
WW	150	Response	1	5079831	6348	1
WW	151	Picture	33	5103855	0	2	3154	3	0	3000
WW	151	Response	1	5131075	27220	1
WW	152	Response	1	6594269	1450747	1
WW	154	Picture	22	6604553	0	1	3153	2	0	3000
WW	154	Response	1	6618762	14209	1
WW	154	Response	1	6622565	18012	2
WW	155	Picture	33	6642726	0	1	3153	2	0	3000
WW	156	Picture	22	6675920	0	1	3153	2	0	3000
WW	156	Response	1	6679234	3314	1
WW	157	Picture	33	6714425	0	1	3153	2	0	3000
WW	158	Picture	22	6750606	0	1	3153	3	0	3000
WW	158	Response	1	6754219	3613	1
WW	159	Picture	22	6790439	0	1	3153	2	0	3000
WW	159	Response	1	6796426	5987	1
WW	159	Response	1	6820608	30169	1
WW	160	Picture	22	6827948	0	1	3153	2	0	3000
WW	160	Response	1	6829742	1794	2
WW	161	Picture	22	6859648	0	1	3153	3	0	3000
WW	161	Response	1	6865624	5976	1
WW	162	Picture	22	6892676	0	1	3153	3	0	3000
WW	162	Response	1	6898161	5485	1
WW	163	Picture	22	6925040	0	1	3153	3	0	3000
WW	163	Response	1	6928489	3449	1
WW	164	Picture	22	6954417	0	1	3153	2	0	3000
WW	164	Response	1	6961538	7121	2
WW	165	Picture	33	6988108	0	2	3154	3	0	3000
WW	166	Picture	22	7016987	0	2	3154	3	0	3000
WW	166	Response	1	7022337	5350	2
WW	167	Picture	22	7052505	0	1	3153	2	0	3000
WW	167	Response	1	7063277	10772	2
WW	168	Picture	22	7081052	0	1	3153	2	0	3000
WW	168	Response	1	7086045	4993	1
WW	169	Picture	33	7112752	0	1	3153	2	0	3000
WW	169	Response	1	7119627	6875	2
WW	170	Picture	22	7142294	0	2	3154	3	0	3000
WW	170	Response	1	7145669	3375	2
WW	171	Picture	22	7170841	0	1	3153	3	0	3000
WW	171	Response	1	7175932	5091	1
WW	172	Picture	22	7205529	0	1	3153	2	0	3000
WW	172	Response	1	7209652	4123	2
WW	173	Picture	33	7244864	0	1	3153	2	0	3000
WW	173	Response	1	7249935	5071	1
WW	174	Picture	22	7282207	0	1	3153	2	0	3000
WW	174	Response	1	7286004	3797	1
WW	175	Picture	33	7316562	0	2	3154	3	0	3000
WW	176	Picture	22	7346769	0	1	3153	2	0	3000
WW	176	Response	1	7350402	3633	1
WW	177	Picture	22	7384942	0	1	3153	3	0	3000
WW	177	Response	1	7390538	5596	1
WW	178	Picture	22	7415646	0	2	3154	3	0	3000
WW	178	Response	1	7420330	4684	2
WW	179	Picture	33	7445521	0	1	3153	2	0	3000
WW	179	Response	1	7460494	14973	1
WW	180	Picture	22	7484026	0	1	3153	2	0	3000
WW	180	Response	1	7489839	5813	1
WW	181	Picture	22	7516390	0	1	3153	2	0	3000
WW	181	Response	1	7521087	4697	1
WW	182	Picture	22	7547094	0	2	3154	3	0	3000
WW	182	Response	1	7553780	6686	1
WW	183	Picture	22	7577965	0	1	3153	2	0	3000
WW	183	Response	1	7582999	5034	1
WW	184	Picture	22	7615142	0	1	3153	2	0	3000
WW	184	Response	1	7621363	6221	2
WW	185	Picture	33	7651489	0	1	3154	2	0	3000
WW	186	Picture	22	7683355	0	2	3154	3	0	3000
WW	186	Response	1	7690146	6791	1
WW	187	Picture	22	7712566	0	1	3153	3	0	3000
WW	187	Response	1	7724987	12421	1
WW	188	Picture	22	7752565	0	1	3153	2	0	3000
WW	188	Response	1	7760062	7497	1
WW	189	Picture	33	7787916	0	1	3154	2	0	3000
WW	190	Picture	22	7818621	0	1	3153	2	0	3000
WW	190	Response	1	7823962	5341	1
WW	190	Response	1	7841060	22439	1
WW	191	Picture	22	7851483	0	1	3153	2	0	3000
WW	192	Picture	22	7883515	0	1	3153	2	0	3000
WW	192	Response	1	7903629	20114	1
WW	193	Picture	33	7915049	0	1	3153	2	0	3000
WW	194	Picture	22	7954052	0	1	3153	2	0	3000
WW	194	Response	1	7957741	3689	1
WW	195	Picture	22	7987246	0	1	3153	2	0	3000
WW	195	Response	1	7991763	4517	2
WW	196	Picture	22	8025087	0	1	3153	2	0	3000
WW	196	Response	1	8037608	12521	1
WW	196	Response	1	8046332	21245	1
WW	197	Picture	33	8056289	0	1	3154	2	0	3000
WW	197	Response	1	8077839	21550	2
WW	197	Response	1	8083353	27064	1
WW	198	Picture	22	8095458	0	1	3153	2	0	3000
WW	198	Response	1	8107935	12477	1
WW	199	Picture	22	8134627	0	1	3153	2	0	3000
WW	199	Response	1	8143575	8948	1
WW	200	Picture	22	8172800	0	1	3153	2	0	3000
WW	200	Response	1	8177021	4221	2
WW	201	Picture	33	8210807	0	1	3153	2	0	3000
WW	202	Picture	22	8243503	0	1	3153	2	0	3000
WW	203	Picture	22	8274539	0	1	3154	2	0	3000
WW	203	Response	1	8280314	5775	2
WW	204	Picture	22	8306405	0	2	3154	3	0	3000
WW	204	Response	1	8310752	4347	1
WW	205	Picture	22	8339101	0	2	3154	3	0	3000
WW	205	Response	1	8343607	4506	1
WW	206	Picture	22	8369308	0	1	3153	2	0	3000
WW	206	Response	1	8374268	4960	1
WW	207	Picture	22	8406319	0	1	3153	3	0	3000
WW	207	Response	1	8410580	4261	1
WW	208	Picture	22	8441505	0	1	3153	2	0	3000
WW	208	Response	1	8444778	3273	1
WW	209	Picture	33	8470715	0	2	3154	3	0	3000
WW	210	Picture	22	8501918	0	1	3153	2	0	3000
WW	210	Response	1	8506099	4181	1
WW	211	Picture	22	8533452	0	1	3153	2	0	3000
WW	211	Response	1	8542892	9440	1
WW	212	Picture	22	8567807	0	2	3154	3	0	3000
WW	212	Response	1	8573804	5997	1
WW	213	Picture	33	8597516	0	1	3153	3	0	3000
WW	214	Picture	22	8629050	0	2	3154	3	0	3000
WW	214	Response	1	8636275	7225	1
WW	215	Picture	33	8658925	0	1	3153	2	0	3000
WW	216	Picture	22	8693944	0	2	3154	3	0	3000
WW	216	Response	1	8697350	3406	2
WW	217	Picture	22	8728466	0	1	3154	2	0	3000
WW	218	Picture	22	8758175	0	1	3153	2	0	3000
WW	218	Response	1	8767874	9699	2
WW	219	Picture	22	8794688	0	1	3153	3	0	3000
WW	219	Response	1	8802456	7768	2
WW	220	Picture	22	8833193	0	1	3153	2	0	3000
WW	220	Response	1	8841299	8106	2
WW	221	Picture	33	8867549	0	1	3153	2	0	3000
WW	222	Picture	22	8901075	0	1	3153	2	0	3000
WW	222	Response	1	8905324	4249	2
WW	223	Picture	33	8932941	0	1	3153	2	0	3000
WW	224	Picture	22	8964973	0	1	3153	2	0	3000
WW	224	Response	1	8970617	5644	1
WW	225	Picture	22	9003146	0	1	3153	2	0	3000
WW	225	Response	1	9007385	4239	2
WW	226	Picture	22	9032522	0	2	3154	3	0	3000
WW	226	Response	1	9036587	4065	1
WW	227	Picture	22	9065218	0	2	3154	3	0	3000
WW	227	Response	1	9069038	3820	1
WW	228	Picture	22	9098080	0	2	3154	3	0	3000
WW	228	Response	1	9101158	3078	1
WW	229	Picture	22	9135922	0	1	3153	2	0	3000
WW	229	Response	1	9139820	3898	1
WW	230	Picture	22	9169115	0	2	3154	3	0	3000
WW	230	Response	1	9172306	3191	1
WW	231	Picture	33	9202143	0	2	3154	3	0	3000
WW	231	Response	1	9206083	3940	2
WW	232	Picture	22	9236997	0	1	3153	3	0	3000
WW	232	Response	1	9242631	5634	1
WW	233	Picture	22	9275668	0	1	3153	2	0	3000
WW	234	Picture	22	9307036	0	1	3154	2	0	3000
WW	234	Response	1	9312395	5359	1
WW	235	Picture	22	9343881	0	2	3154	3	0	3000
WW	235	Response	1	9348006	4125	1
WW	236	Picture	22	9375084	0	1	3153	2	0	3000
WW	236	Response	1	9378798	3714	1
WW	237	Picture	33	9407946	0	1	3153	2	0	3000
WW	237	Response	1	9411150	3204	1
WW	238	Picture	22	9444957	0	1	3153	3	0	3000
WW	238	Response	1	9451204	6247	1
WW	239	Picture	33	9475495	0	2	3154	3	0	3000
WW	240	Picture	22	9508689	0	2	3154	3	0	3000
WW	240	Response	1	9513899	5210	1
WW	241	Picture	22	9545866	0	2	3154	3	0	3000
WW	241	Response	1	9551156	5290	2
WW	242	Picture	22	9574911	0	1	3154	2	0	3000
WW	242	Response	1	9580183	5272	1
WW	243	Picture	33	9611425	0	1	3153	2	0	3000
WW	244	Picture	22	9641631	0	1	3153	3	0	3000
WW	244	Response	1	9649769	8138	1
WW	245	Picture	22	9677978	0	2	3154	3	0	3000
WW	245	Response	1	9684948	6970	2
WW	245	Response	1	9688839	10861	1
WW	246	Picture	22	9709844	0	2	3154	3	0	3000
WW	246	Response	1	9728747	18903	2
WW	247	Picture	33	9742872	0	2	3154	3	0	3000
WW	248	Picture	22	9782539	0	1	3154	2	0	3000
WW	249	Picture	22	9814903	0	2	3154	3	0	3000
WW	249	Response	1	9821351	6448	1
WW	250	Picture	22	9843284	0	1	3153	3	0	3000
WW	251	Picture	22	9878968	0	1	3153	2	0	3000
WW	252	Picture	22	9916477	0	1	3153	2	0	3000
WW	253	Picture	22	9953820	0	1	3153	2	0	3000
WW	254	Picture	22	9990167	0	1	3154	2	0	3000
WW	255	Picture	33	10023029	0	1	3154	2	0	3000
WW	256	Picture	22	10060870	0	2	3154	3	0	3000
WW	257	Picture	22	10092404	0	2	3154	3	0	3000
WW	257	Response	1	10095492	3088	2
WW	257	Response	1	10100821	8417	1
WW	258	Picture	22	10123275	0	1	3153	2	0	3000
WW	259	Picture	22	10155639	0	1	3153	2	0	3000
WW	259	Response	1	10162937	7298	1
WW	260	Picture	22	10193978	0	1	3153	2	0	3000
WW	260	Response	1	10216635	22657	1
WW	261	Picture	33	10226342	0	1	3153	3	0	3000
WW	262	Picture	22	10260698	0	1	3153	2	0	3000
WW	262	Response	1	10265936	5238	1
WW	263	Picture	22	10288912	0	2	3154	3	0	3000
WW	263	Response	1	10300484	11572	1
WW	264	Picture	22	10320945	0	1	3153	2	0	3000
WW	264	Response	1	10325530	4585	2
WW	265	Picture	33	10353143	0	1	3153	2	0	3000
WW	266	Picture	22	10385341	0	1	3153	2	0	3000
WW	266	Response	1	10388848	3507	1
WW	267	Picture	22	10421024	0	2	3154	3	0	3000
WW	267	Response	1	10427198	6174	2
WW	268	Picture	22	10456708	0	1	3153	2	0	3000
WW	268	Response	1	10461545	4837	2
WW	269	Picture	22	10487080	0	1	3154	2	0	3000
WW	269	Response	1	10491598	4518	1
WW	270	Picture	22	10526747	0	1	3153	3	0	3000
WW	270	Response	1	10529746	2999	2
WW	271	Picture	33	10562596	0	2	3154	3	0	3000
WW	271	Response	1	10566808	4212	1
WW	271	Response	1	10585960	23364	1
WW	272	Picture	22	10590645	0	2	3154	3	0	3000
WW	272	Response	1	10603851	13206	1
WW	273	Picture	33	10620188	0	1	3153	2	0	3000
WW	274	Picture	22	10648403	0	1	3153	2	0	3000
WW	274	Response	1	10652950	4547	1
WW	275	Picture	22	10683256	0	2	3154	3	0	3000
WW	275	Response	1	10694109	10853	1
WW	276	Picture	22	10711471	0	1	3154	2	0	3000
WW	276	Response	1	10717098	5627	1
WW	277	Picture	22	10748150	0	2	3154	3	0	3000
WW	277	Response	1	10764394	16244	2
WW	278	Picture	22	10779021	0	1	3153	2	0	3000
WW	279	Picture	22	10813708	0	2	3154	3	0	3000
WW	279	Response	1	10836345	22637	1
WW	279	Response	1	10846687	32979	2
WW	280	Picture	22	10847068	0	2	3154	3	0	3000
WW	281	Picture	33	10875449	0	1	3154	2	0	3000
WW	281	Response	1	10880745	5296	2
WW	282	Picture	22	10909141	0	1	3153	2	0	3000
WW	282	Response	1	10913519	4378	1
WW	283	Picture	22	10946318	0	1	3154	2	0	3000
WW	283	Response	1	10950593	4275	2
WW	284	Picture	22	10976525	0	1	3153	2	0	3000
WW	284	Response	1	10983334	6809	2
WW	285	Picture	22	11011710	0	1	3154	2	0	3000
WW	285	Response	1	11017253	5543	1
WW	286	Picture	22	11048390	0	1	3153	2	0	3000
WW	286	Response	1	11053565	5175	2
WW	287	Picture	33	11087060	0	2	3154	3	0	3000
WW	288	Picture	22	11122080	0	1	3153	3	0	3000
WW	288	Response	1	11124976	2896	1
WW	289	Picture	22	11151125	0	1	3153	2	0	3000
WW	289	Response	1	11163145	12020	1
WW	290	Picture	22	11181995	0	1	3153	3	0	3000
WW	290	Response	1	11189934	7939	1
WW	291	Picture	22	11221994	0	1	3153	2	0	3000
WW	291	Response	1	11228977	6983	1
WW	292	Picture	22	11250872	0	2	3154	3	0	3000
WW	293	Picture	33	11283236	0	2	3154	3	0	3000
WW	294	Picture	22	11316762	0	2	3154	3	0	3000
WW	294	Response	1	11322128	5366	1
WW	295	Picture	33	11349458	0	2	3154	3	0	3000
WW	295	Response	1	11366186	16728	1
WW	296	Picture	22	11379167	0	1	3153	3	0	3000
WW	296	Response	1	11397825	18658	1
WW	297	Picture	22	11408709	0	2	3154	3	0	3000
WW	297	Response	1	11416733	8024	1
WW	298	Picture	22	11445887	0	1	3153	2	0	3000
WW	298	Response	1	11458283	12396	2
WW	299	Picture	22	11477587	0	1	3153	3	0	3000
WW	299	Response	1	11486645	9058	2
WW	300	Picture	22	11516092	0	1	3153	2	0	3000
WW	300	Response	1	11519460	3368	2
WW	301	Picture	33	11547626	0	1	3154	2	0	3000
WW	302	Picture	22	11576339	0	1	3153	8	0	3000
WW	302	Response	1	11583882	7543	1
WW	303	Picture	22	11614346	0	1	3153	2	0	3000
WW	303	Response	1	11626858	12512	2
WW	304	Picture	22	11649697	0	2	3154	3	0	3000
WW	304	Response	1	11654437	4740	1
WW	305	Picture	33	11687207	0	1	3153	2	0	3000
WW	305	Response	1	11690747	3540	2
WW	305	Response	1	11711942	24735	2


Event Type	Code	Type	Response	RT	RT Uncertainty	Time	Uncertainty	Duration	Uncertainty	ReqTime	ReqDur

Picture	22	hit	1	5212	3	289	2	3154	3	0	3000
Picture	22	hit	1	3947	2	29832	1	3153	3	0	3000
Picture	22	hit	1	3536	2	65516	1	3153	2	0	3000
Picture	22	hit	1	5129	2	94892	1	3154	2	0	3000
Picture	22	hit	1	5307	3	131239	2	3154	3	0	3000
Picture	33	miss				165761	1	3154	2	0	3000
Picture	22	hit	1	2746	2	201113	1	3153	2	0	3000
Picture	22	hit	1	5811	3	229659	2	3154	3	0	3000
Picture	22	hit	1	15228	2	265343	1	3153	3	0	3000
Picture	22	hit	1	14388	2	302022	1	3154	2	0	3000
Picture	22	hit	1	14264	2	332063	1	3153	2	0	3000
Picture	33	miss				369074	1	3153	2	0	3000
Picture	22	hit	1	5489	2	407413	1	3153	2	0	3000
Picture	22	hit	1	12330	2	438449	1	3154	2	0	3000
Picture	22	miss				476622	2	3154	3	0	3000
Picture	22	miss				507161	1	3153	2	0	3000
Picture	22	hit	1	4189	3	535707	2	3154	3	0	3000
Picture	33	miss				567740	1	3153	2	0	3000
Picture	22	hit	1	9731	3	607406	2	3154	3	0	3000
Picture	33	miss				645247	2	3154	3	0	3000
Picture	22	hit	1	4337	3	681761	1	3153	2	0	3000
Picture	33	miss				719602	1	3153	2	0	3000
Picture	22	hit	1	7604	3	755451	1	3154	2	0	3000
Picture	22	hit	1	22098	3	790139	1	3153	2	0	3000
Picture	22	hit	1	4981	2	823665	1	3153	2	0	3000
Picture	33	miss				859182	1	3153	3	0	3000
Picture	22	hit	1	3881	2	888891	1	3153	2	0	3000
Picture	22	hit	1	7633	2	926068	1	3153	2	0	3000
Picture	22	hit	1	3564	2	964075	1	3153	3	0	3000
Picture	33	miss				1001086	1	3154	2	0	3000
Picture	22	miss				1029633	1	3153	3	0	3000
Picture	22	hit	1	4340	3	1060669	2	3154	3	0	3000
Picture	22	hit	1	3769	3	1099008	2	3154	3	0	3000
Picture	22	hit	1	5213	2	1127887	1	3153	3	0	3000
Picture	22	hit	1	5125	2	1161247	1	3153	2	0	3000
Picture	33	miss				1200084	1	3153	2	0	3000
Picture	22	hit	1	4215	3	1239419	1	3153	2	0	3000
Picture	22	hit	1	4089	2	1275600	1	3153	2	0	3000
Picture	22	hit	1	4259	3	1304645	1	3153	2	0	3000
Picture	33	miss				1339664	1	3154	2	0	3000
Picture	22	hit	1	7984	2	1370535	1	3153	2	0	3000
Picture	22	hit	1	9255	11	1402561	9	3159	10	0	3000
Picture	22	hit	1	3800	3	1439578	1	3153	2	0	3000
Picture	33	miss				1475759	2	3154	3	0	3000
Picture	22	hit	1	5782	4	1513932	2	3154	3	0	3000
Picture	22	hit	1	9434	3	1547126	2	3154	3	0	3000
Picture	22	hit	1	5604	2	1583142	1	3153	2	0	3000
Picture	33	hit	1	4039	2	1620153	1	3153	2	0	3000
Picture	22	hit	1	4124	2	1652019	1	3153	3	0	3000
Picture	22	hit	1	12712	3	1682059	2	3154	3	0	3000
Picture	22	miss				1719735	1	3153	2	0	3000
Picture	22	miss				1755418	1	3153	3	0	3000
Picture	22	hit	1	4381	3	1787948	1	3154	2	0	3000
Picture	33	miss				1825457	2	3154	3	0	3000
Picture	22	miss				1864128	1	3154	2	0	3000
Picture	33	miss				1902467	1	3154	2	0	3000
Picture	22	hit	1	5688	2	1930682	1	3153	3	0	3000
Picture	22	hit	1	7783	3	1961884	2	3154	3	0	3000
Picture	22	miss				1994580	2	3154	3	0	3000
Picture	22	miss				2027110	2	3154	3	0	3000
Picture	22	miss				2063126	1	3153	2	0	3000
Picture	33	hit	1	4493	2	2095324	1	3153	2	0	3000
Picture	22	miss				2124203	1	3153	2	0	3000
Picture	22	miss				2156235	1	3153	2	0	3000
Picture	22	miss				2184781	2	3154	3	0	3000
Picture	33	miss				2213826	1	3154	2	0	3000
Picture	22	miss				2245194	2	3154	3	0	3000
Picture	22	hit	1	6462	3	2274737	1	3153	2	0	3000
Picture	22	hit	1	5109	3	2312246	1	3153	3	0	3000
Picture	22	hit	1	12995	3	2343780	2	3154	3	0	3000
Picture	22	hit	1	14670	2	2378800	1	3153	3	0	3000
Picture	33	miss				2411994	1	3153	2	0	3000
Picture	22	hit	1	7357	2	2443362	1	3153	3	0	3000
Picture	22	hit	1	5171	2	2473403	1	3153	2	0	3000
Picture	22	hit	1	5559	3	2506762	2	3154	3	0	3000
Picture	33	miss				2536139	1	3154	2	0	3000
Picture	22	hit	1	3512	2	2574976	1	3153	3	0	3000
Picture	22	hit	1	4864	3	2611323	2	3154	3	0	3000
Picture	22	hit	1	4081	2	2641364	1	3153	2	0	3000
Picture	33	miss				2672566	1	3154	2	0	3000
Picture	22	hit	1	5771	3	2709079	2	3154	3	0	3000
Picture	22	hit	1	5282	4	2747418	2	3154	3	0	3000
Picture	22	hit	1	4772	3	2785923	2	3154	3	0	3000
Picture	33	miss				2816960	1	3153	2	0	3000
Picture	22	hit	1	5250	2	2854137	1	3153	2	0	3000
Picture	33	miss				2890982	1	3154	2	0	3000
Picture	22	hit	1	4385	2	2930815	1	3153	2	0	3000
Picture	22	hit	1	8522	2	2964009	1	3153	2	0	3000
Picture	22	hit	1	4717	4	2998696	2	3154	3	0	3000
Picture	22	hit	1	3227	2	3035376	1	3153	2	0	3000
Picture	22	hit	1	8858	2	3074711	1	3153	2	0	3000
Picture	22	hit	1	8768	2	3111556	1	3153	2	0	3000
Picture	22	hit	1	27033	2	3142924	1	3153	3	0	3000
Picture	33	miss				3181927	1	3153	2	0	3000
Picture	22	hit	1	5492	2	3216283	1	3153	2	0	3000
Picture	22	hit	1	4289	2	3245659	1	3154	2	0	3000
Picture	22	hit	1	4548	3	3285658	1	3153	2	0	3000
Picture	22	hit	1	4167	2	3319682	1	3153	2	0	3000
Picture	22	hit	1	6035	3	3353871	2	3154	3	0	3000
Picture	33	miss				3391381	1	3153	2	0	3000
Picture	22	miss				3430881	2	3154	3	0	3000
Picture	22	hit	1	8568	2	3461420	1	3153	2	0	3000
Picture	22	hit	1	4745	2	3500423	1	3153	2	0	3000
Picture	22	hit	1	5597	2	3538430	1	3153	2	0	3000
Picture	22	hit	1	4447	3	3577432	2	3154	3	0	3000
Picture	22	hit	1	9744	4	3610626	2	3154	3	0	3000
Picture	22	hit	1	4757	3	3648633	2	3154	3	0	3000
Picture	33	hit	1	11995	3	3687636	2	3154	3	0	3000
Picture	22	hit	1	5119	2	3724648	1	3153	2	0	3000
Picture	22	hit	1	5987	3	3758671	2	3154	3	0	3000
Picture	22	hit	1	4985	2	3793857	1	3153	2	0	3000
Picture	22	hit	1	4289	2	3832196	1	3153	3	0	3000
Picture	22	hit	1	5336	3	3866884	1	3153	2	0	3000
Picture	22	hit	1	5979	3	3906882	2	3154	3	0	3000
Picture	22	hit	1	5673	3	3936259	1	3153	2	0	3000
Picture	33	miss				3965635	2	3154	3	0	3000
Picture	22	hit	1	5261	3	3999493	2	3154	3	0	3000
Picture	22	miss				4036173	1	3153	2	0	3000
Picture	22	hit	1	6525	2	4068371	1	3153	2	0	3000
Picture	33	miss				4105216	1	3153	3	0	3000
Picture	22	hit	1	8006	3	4135754	2	3154	3	0	3000
Picture	22	hit	1	9131	3	4168118	2	3154	3	0	3000
Picture	22	hit	1	4732	2	4196665	1	3154	2	0	3000
Picture	22	hit	1	9793	2	4224880	1	3153	3	0	3000
Picture	22	hit	1	5998	2	4256580	1	3154	2	0	3000
Picture	33	miss				4292264	1	3153	2	0	3000
Picture	22	hit	1	4646	3	4326453	2	3154	3	0	3000
Picture	22	hit	1	3551	2	4363133	1	3153	2	0	3000
Picture	22	hit	1	8147	3	4397986	2	3154	3	0	3000
Picture	22	hit	1	6722	2	4432010	1	3154	2	0	3000
Picture	22	hit	1	4317	2	4460225	1	3153	3	0	3000
Picture	22	hit	1	2790	3	4499892	1	3153	2	0	3000
Picture	22	hit	1	7565	3	4538397	1	3153	2	0	3000
Picture	33	miss				4566612	1	3153	2	0	3000
Picture	22	hit	1	19073	2	4597980	1	3153	2	0	3000
Picture	22	hit	1	9800	2	4630012	1	3153	2	0	3000
Picture	22	hit	1	9496	4	4660716	2	3154	3	0	3000
Picture	33	miss				4691255	1	3153	2	0	3000
Picture	22	hit	1	7812	2	4723785	1	3153	2	0	3000
Picture	22	hit	1	6143	2	4762290	1	3153	2	0	3000
Picture	22	hit	1	2911	2	4798139	1	3154	2	0	3000
Picture	33	hit	1	4067	2	4836312	1	3154	2	0	3000
Picture	22	hit	1	5962	2	4870004	1	3153	3	0	3000
Picture	22	hit	1	7804	3	4906683	2	3154	3	0	3000
Picture	22	hit	1	9820	2	4942699	1	3153	2	0	3000
Picture	22	hit	1	11196	2	4981038	1	3153	2	0	3000
Picture	22	hit	1	5951	3	5009750	2	3154	3	0	3000
Picture	22	hit	1	1915	2	5038961	1	3153	3	0	3000
Picture	22	hit	1	6348	2	5073483	1	3153	2	0	3000
Picture	33	hit	1	27220	3	5103855	2	3154	3	0	3000
Picture	22	hit	1	14209	2	6604553	1	3153	2	0	3000
Picture	33	miss				6642726	1	3153	2	0	3000
Picture	22	hit	1	3314	2	6675920	1	3153	2	0	3000
Picture	33	miss				6714425	1	3153	2	0	3000
Picture	22	hit	1	3613	2	6750606	1	3153	3	0	3000
Picture	22	hit	1	5987	2	6790439	1	3153	2	0	3000
Picture	22	hit	1	1794	3	6827948	1	3153	2	0	3000
Picture	22	hit	1	5976	2	6859648	1	3153	3	0	3000
Picture	22	hit	1	5485	2	6892676	1	3153	3	0	3000
Picture	22	hit	1	3449	2	6925040	1	3153	3	0	3000
Picture	22	hit	1	7121	3	6954417	1	3153	2	0	3000
Picture	33	miss				6988108	2	3154	3	0	3000
Picture	22	hit	1	5350	4	7016987	2	3154	3	0	3000
Picture	22	hit	1	10772	3	7052505	1	3153	2	0	3000
Picture	22	hit	1	4993	2	7081052	1	3153	2	0	3000
Picture	33	hit	1	6875	3	7112752	1	3153	2	0	3000
Picture	22	hit	1	3375	4	7142294	2	3154	3	0	3000
Picture	22	hit	1	5091	2	7170841	1	3153	3	0	3000
Picture	22	hit	1	4123	3	7205529	1	3153	2	0	3000
Picture	33	hit	1	5071	2	7244864	1	3153	2	0	3000
Picture	22	hit	1	3797	2	7282207	1	3153	2	0	3000
Picture	33	miss				7316562	2	3154	3	0	3000
Picture	22	hit	1	3633	2	7346769	1	3153	2	0	3000
Picture	22	hit	1	5596	2	7384942	1	3153	3	0	3000
Picture	22	hit	1	4684	4	7415646	2	3154	3	0	3000
Picture	33	hit	1	14973	2	7445521	1	3153	2	0	3000
Picture	22	hit	1	5813	2	7484026	1	3153	2	0	3000
Picture	22	hit	1	4697	2	7516390	1	3153	2	0	3000
Picture	22	hit	1	6686	3	7547094	2	3154	3	0	3000
Picture	22	hit	1	5034	2	7577965	1	3153	2	0	3000
Picture	22	hit	1	6221	3	7615142	1	3153	2	0	3000
Picture	33	miss				7651489	1	3154	2	0	3000
Picture	22	hit	1	6791	3	7683355	2	3154	3	0	3000
Picture	22	hit	1	12421	2	7712566	1	3153	3	0	3000
Picture	22	hit	1	7497	2	7752565	1	3153	2	0	3000
Picture	33	miss				7787916	1	3154	2	0	3000
Picture	22	hit	1	5341	2	7818621	1	3153	2	0	3000
Picture	22	miss				7851483	1	3153	2	0	3000
Picture	22	hit	1	20114	2	7883515	1	3153	2	0	3000
Picture	33	miss				7915049	1	3153	2	0	3000
Picture	22	hit	1	3689	2	7954052	1	3153	2	0	3000
Picture	22	hit	1	4517	3	7987246	1	3153	2	0	3000
Picture	22	hit	1	12521	2	8025087	1	3153	2	0	3000
Picture	33	hit	1	21550	3	8056289	1	3154	2	0	3000
Picture	22	hit	1	12477	2	8095458	1	3153	2	0	3000
Picture	22	hit	1	8948	2	8134627	1	3153	2	0	3000
Picture	22	hit	1	4221	3	8172800	1	3153	2	0	3000
Picture	33	miss				8210807	1	3153	2	0	3000
Picture	22	miss				8243503	1	3153	2	0	3000
Picture	22	hit	1	5775	3	8274539	1	3154	2	0	3000
Picture	22	hit	1	4347	3	8306405	2	3154	3	0	3000
Picture	22	hit	1	4506	3	8339101	2	3154	3	0	3000
Picture	22	hit	1	4960	2	8369308	1	3153	2	0	3000
Picture	22	hit	1	4261	2	8406319	1	3153	3	0	3000
Picture	22	hit	1	3273	2	8441505	1	3153	2	0	3000
Picture	33	miss				8470715	2	3154	3	0	3000
Picture	22	hit	1	4181	2	8501918	1	3153	2	0	3000
Picture	22	hit	1	9440	2	8533452	1	3153	2	0	3000
Picture	22	hit	1	5997	3	8567807	2	3154	3	0	3000
Picture	33	miss				8597516	1	3153	3	0	3000
Picture	22	hit	1	7225	3	8629050	2	3154	3	0	3000
Picture	33	miss				8658925	1	3153	2	0	3000
Picture	22	hit	1	3406	4	8693944	2	3154	3	0	3000
Picture	22	miss				8728466	1	3154	2	0	3000
Picture	22	hit	1	9699	3	8758175	1	3153	2	0	3000
Picture	22	hit	1	7768	3	8794688	1	3153	3	0	3000
Picture	22	hit	1	8106	3	8833193	1	3153	2	0	3000
Picture	33	miss				8867549	1	3153	2	0	3000
Picture	22	hit	1	4249	3	8901075	1	3153	2	0	3000
Picture	33	miss				8932941	1	3153	2	0	3000
Picture	22	hit	1	5644	2	8964973	1	3153	2	0	3000
Picture	22	hit	1	4239	3	9003146	1	3153	2	0	3000
Picture	22	hit	1	4065	3	9032522	2	3154	3	0	3000
Picture	22	hit	1	3820	3	9065218	2	3154	3	0	3000
Picture	22	hit	1	3078	3	9098080	2	3154	3	0	3000
Picture	22	hit	1	3898	2	9135922	1	3153	2	0	3000
Picture	22	hit	1	3191	3	9169115	2	3154	3	0	3000
Picture	33	hit	1	3940	4	9202143	2	3154	3	0	3000
Picture	22	hit	1	5634	2	9236997	1	3153	3	0	3000
Picture	22	miss				9275668	1	3153	2	0	3000
Picture	22	hit	1	5359	2	9307036	1	3154	2	0	3000
Picture	22	hit	1	4125	3	9343881	2	3154	3	0	3000
Picture	22	hit	1	3714	2	9375084	1	3153	2	0	3000
Picture	33	hit	1	3204	2	9407946	1	3153	2	0	3000
Picture	22	hit	1	6247	2	9444957	1	3153	3	0	3000
Picture	33	miss				9475495	2	3154	3	0	3000
Picture	22	hit	1	5210	3	9508689	2	3154	3	0	3000
Picture	22	hit	1	5290	4	9545866	2	3154	3	0	3000
Picture	22	hit	1	5272	2	9574911	1	3154	2	0	3000
Picture	33	miss				9611425	1	3153	2	0	3000
Picture	22	hit	1	8138	2	9641631	1	3153	3	0	3000
Picture	22	hit	1	6970	4	9677978	2	3154	3	0	3000
Picture	22	hit	1	18903	4	9709844	2	3154	3	0	3000
Picture	33	miss				9742872	2	3154	3	0	3000
Picture	22	miss				9782539	1	3154	2	0	3000
Picture	22	hit	1	6448	3	9814903	2	3154	3	0	3000
Picture	22	miss				9843284	1	3153	3	0	3000
Picture	22	miss				9878968	1	3153	2	0	3000
Picture	22	miss				9916477	1	3153	2	0	3000
Picture	22	miss				9953820	1	3153	2	0	3000
Picture	22	miss				9990167	1	3154	2	0	3000
Picture	33	miss				10023029	1	3154	2	0	3000
Picture	22	miss				10060870	2	3154	3	0	3000
Picture	22	hit	1	3088	4	10092404	2	3154	3	0	3000
Picture	22	miss				10123275	1	3153	2	0	3000
Picture	22	hit	1	7298	2	10155639	1	3153	2	0	3000
Picture	22	hit	1	22657	2	10193978	1	3153	2	0	3000
Picture	33	miss				10226342	1	3153	3	0	3000
Picture	22	hit	1	5238	2	10260698	1	3153	2	0	3000
Picture	22	hit	1	11572	3	10288912	2	3154	3	0	3000
Picture	22	hit	1	4585	3	10320945	1	3153	2	0	3000
Picture	33	miss				10353143	1	3153	2	0	3000
Picture	22	hit	1	3507	2	10385341	1	3153	2	0	3000
Picture	22	hit	1	6174	4	10421024	2	3154	3	0	3000
Picture	22	hit	1	4837	3	10456708	1	3153	2	0	3000
Picture	22	hit	1	4518	2	10487080	1	3154	2	0	3000
Picture	22	hit	1	2999	3	10526747	1	3153	3	0	3000
Picture	33	hit	1	4212	3	10562596	2	3154	3	0	3000
Picture	22	hit	1	13206	3	10590645	2	3154	3	0	3000
Picture	33	miss				10620188	1	3153	2	0	3000
Picture	22	hit	1	4547	2	10648403	1	3153	2	0	3000
Picture	22	hit	1	10853	3	10683256	2	3154	3	0	3000
Picture	22	hit	1	5627	2	10711471	1	3154	2	0	3000
Picture	22	hit	1	16244	4	10748150	2	3154	3	0	3000
Picture	22	miss				10779021	1	3153	2	0	3000
Picture	22	hit	1	22637	3	10813708	2	3154	3	0	3000
Picture	22	miss				10847068	2	3154	3	0	3000
Picture	33	hit	1	5296	3	10875449	1	3154	2	0	3000
Picture	22	hit	1	4378	2	10909141	1	3153	2	0	3000
Picture	22	hit	1	4275	3	10946318	1	3154	2	0	3000
Picture	22	hit	1	6809	3	10976525	1	3153	2	0	3000
Picture	22	hit	1	5543	2	11011710	1	3154	2	0	3000
Picture	22	hit	1	5175	3	11048390	1	3153	2	0	3000
Picture	33	miss				11087060	2	3154	3	0	3000
Picture	22	hit	1	2896	2	11122080	1	3153	3	0	3000
Picture	22	hit	1	12020	2	11151125	1	3153	2	0	3000
Picture	22	hit	1	7939	2	11181995	1	3153	3	0	3000
Picture	22	hit	1	6983	2	11221994	1	3153	2	0	3000
Picture	22	miss				11250872	2	3154	3	0	3000
Picture	33	miss				11283236	2	3154	3	0	3000
Picture	22	hit	1	5366	3	11316762	2	3154	3	0	3000
Picture	33	hit	1	16728	3	11349458	2	3154	3	0	3000
Picture	22	hit	1	18658	2	11379167	1	3153	3	0	3000
Picture	22	hit	1	8024	3	11408709	2	3154	3	0	3000
Picture	22	hit	1	12396	3	11445887	1	3153	2	0	3000
Picture	22	hit	1	9058	3	11477587	1	3153	3	0	3000
Picture	22	hit	1	3368	3	11516092	1	3153	2	0	3000
Picture	33	miss				11547626	1	3154	2	0	3000
Picture	22	hit	1	7543	2	11576339	1	3153	8	0	3000
Picture	22	hit	1	12512	3	11614346	1	3153	2	0	3000
Picture	22	hit	1	4740	3	11649697	2	3154	3	0	3000
Picture	33	hit	1	3540	3	11687207	1	3153	2	0	3000
