Scenario - EFT rapido Abril 2011
Logfile written - 05/05/2011 09:16:38

Subject	Trial	Event Type	Code	Time	TTime	Uncertainty	Duration	Uncertainty	ReqTime	ReqDur

GS	2	Picture	21	10408	0	9	3159	10	0	3000
GS	3	Response	2	15501	1768	1
GS	4	Picture	20	21865	0	2	3154	3	0	3000
GS	5	Response	1	26611	1426	1
GS	6	Picture	21	31160	0	1	3153	2	0	3000
GS	7	Response	2	36208	1729	1
GS	8	Picture	11	40786	0	1	3153	3	0	3000
GS	9	Response	1	45248	1143	1
GS	10	Picture	20	50080	0	2	3154	3	0	3000
GS	11	Response	2	54996	1596	1
GS	12	Picture	21	59209	0	1	3153	2	0	3000
GS	13	Response	2	63887	1359	1
GS	14	Picture	20	68005	0	1	3153	3	0	3000
GS	15	Response	2	73788	2464	1
GS	16	Picture	20	77631	0	2	3154	3	0	3000
GS	17	Response	2	82563	1612	1
GS	18	Picture	20	88917	0	1	3154	2	0	3000
GS	19	Response	2	93553	1316	1
GS	20	Picture	11	97382	0	1	3153	2	0	3000
GS	21	Response	1	103214	2513	1
GS	22	Picture	21	106178	0	1	3153	3	0	3000
GS	23	Response	2	110687	1190	1
GS	24	Picture	11	115140	0	2	3154	3	0	3000
GS	25	Response	1	119398	938	1
GS	26	Picture	11	123937	0	1	3153	2	0	3000
GS	27	Response	1	129143	1887	2
GS	28	Picture	20	133397	0	1	3153	3	0	3000
GS	29	Response	2	139481	2765	1
GS	30	Picture	20	143687	0	1	3154	2	0	3000
GS	31	Response	2	148966	1959	2
GS	32	Picture	11	153645	0	2	3154	3	0	3000
GS	33	Response	1	158240	1275	1
GS	34	Picture	20	164931	0	2	3154	3	0	3000
GS	35	Response	2	169525	1274	1
GS	36	Picture	21	175221	0	2	3154	3	0	3000
GS	37	Response	2	179985	1444	1
GS	38	Picture	21	185511	0	2	3154	3	0	3000
GS	39	Response	2	190709	1878	1
GS	40	Picture	21	194972	0	1	3153	2	0	3000
GS	41	Response	2	199010	719	1
GS	42	Picture	21	204100	0	1	3153	3	0	3000
GS	43	Response	2	207965	546	1
GS	44	Picture	20	215386	0	1	3153	2	0	3000
GS	45	Response	1	219487	782	1
GS	46	Picture	10	225012	0	1	3154	2	0	3000
GS	48	Picture	20	234472	0	2	3154	3	0	3000
GS	49	Response	2	240138	2346	1
GS	50	Picture	11	244431	0	1	3153	2	0	3000
GS	51	Response	1	248970	1220	1
GS	52	Picture	10	254057	0	1	3153	2	0	3000
GS	53	Response	2	258362	986	1
GS	54	Picture	20	262853	0	2	3154	3	0	3000
GS	55	Response	2	270772	4599	1
GS	56	Picture	21	272977	0	2	3154	3	0	3000
GS	57	Response	2	279487	3190	1
GS	58	Picture	21	282272	0	1	3153	2	0	3000
GS	59	Response	2	288056	2465	1
GS	60	Picture	21	292562	0	1	3153	2	0	3000
GS	61	Response	2	297070	1189	1
GS	62	Picture	21	302022	0	1	3153	3	0	3000
GS	63	Response	2	305789	448	1
GS	64	Picture	20	311980	0	2	3154	3	0	3000
GS	65	Response	1	320211	4911	1
GS	66	Picture	21	321109	0	1	3153	2	0	3000
GS	68	Picture	20	332229	0	1	3153	2	0	3000
GS	69	Response	2	337113	1565	1
GS	70	Picture	20	341025	0	1	3153	2	0	3000
GS	71	Response	2	346299	1955	1
GS	72	Picture	21	351481	0	1	3153	3	0	3000
GS	73	Response	2	356873	2073	2
GS	74	Picture	21	362435	0	1	3153	3	0	3000
GS	75	Response	2	367067	1313	1
GS	76	Picture	20	373389	0	1	3153	2	0	3000
GS	77	Response	2	382757	6049	1
GS	78	Picture	21	382849	0	1	3154	2	0	3000
GS	80	Picture	10	392144	0	1	3153	2	0	3000
GS	80	Response	2	395430	3286	1
GS	82	Picture	20	403595	0	2	3154	3	0	3000
GS	84	Picture	21	412226	0	1	3153	2	0	3000
GS	85	Response	2	418092	2547	2
GS	86	Picture	20	420856	0	2	3154	3	0	3000
GS	87	Response	2	428402	4226	1
GS	88	Picture	10	431644	0	2	3154	3	0	3000
GS	90	Picture	21	441270	0	2	3154	3	0	3000
GS	90	Response	1	442113	843	1
GS	91	Response	2	448138	3548	1
GS	92	Picture	21	450233	0	1	3153	2	0	3000
GS	94	Picture	11	459029	0	2	3154	3	0	3000
GS	95	Response	2	462469	120	1
GS	96	Picture	10	467660	0	1	3153	2	0	3000
GS	98	Picture	21	476954	0	1	3153	3	0	3000
GS	99	Response	2	482017	1744	1
GS	100	Picture	10	487078	0	1	3154	2	0	3000
GS	101	Response	2	491883	1486	1
GS	102	Picture	11	498364	0	1	3153	3	0	3000
GS	103	Response	1	503910	2227	1
GS	104	Picture	21	509650	0	1	3153	2	0	3000
GS	105	Response	2	514190	1221	1
GS	106	Picture	10	519774	0	1	3153	3	0	3000
GS	107	Response	1	523733	640	1
GS	108	Picture	11	529234	0	2	3154	3	0	3000
GS	109	Response	1	534749	2195	1
GS	110	Picture	21	537865	0	1	3153	2	0	3000
GS	111	Response	2	546122	4938	1
GS	112	Picture	11	546993	0	1	3153	3	0	3000
GS	113	Response	1	552268	1956	1
GS	114	Picture	20	557449	0	1	3154	2	0	3000
GS	115	Response	2	567866	7097	1
GS	116	Picture	20	568569	0	1	3154	2	0	3000
GS	117	Response	2	576284	4396	1
GS	118	Picture	11	578195	0	2	3154	3	0	3000
GS	119	Response	1	583406	1891	1
GS	120	Picture	11	586992	0	1	3153	2	0	3000
GS	121	Response	1	592682	2371	1
GS	122	Picture	21	596950	0	1	3153	2	0	3000
GS	123	Response	2	601810	1541	1
GS	124	Picture	21	605912	0	2	3154	3	0	3000
GS	125	Response	2	611588	2356	2
GS	126	Picture	20	616534	0	2	3154	3	0	3000
GS	127	Response	2	624889	5035	1
GS	128	Picture	21	625165	0	1	3153	2	0	3000
GS	129	Response	2	633249	4765	2
GS	130	Picture	21	635787	0	1	3153	2	0	3000
GS	132	Picture	10	644583	0	1	3154	2	0	3000
GS	132	Response	2	647611	3028	2
GS	134	Picture	11	654209	0	2	3154	3	0	3000
GS	135	Response	1	659035	1506	1
GS	136	Picture	11	665163	0	2	3154	3	0	3000
GS	137	Response	1	669463	980	1
GS	138	Picture	21	675785	0	2	3154	3	0	3000
GS	139	Response	2	681902	2797	1
GS	140	Picture	20	685578	0	1	3153	2	0	3000
GS	141	Response	2	695080	6183	2
GS	142	Picture	10	696864	0	1	3153	2	0	3000
GS	143	Response	1	703089	2906	1
GS	144	Picture	10	707652	0	1	3153	2	0	3000
GS	145	Response	1	713723	2752	1
GS	146	Picture	21	717112	0	1	3153	2	0	3000
GS	147	Response	2	721787	1356	1
GS	148	Picture	20	725908	0	2	3154	3	0	3000
GS	149	Response	2	733195	3967	1
GS	150	Picture	11	735037	0	1	3153	2	0	3000
GS	151	Response	1	739753	1397	2
GS	152	Picture	21	745161	0	1	3153	2	0	3000
GS	153	Response	2	749237	757	1
GS	154	Picture	10	753625	0	1	3154	2	0	3000
GS	155	Response	1	759106	2162	1
GS	156	Picture	11	762090	0	1	3153	2	0	3000
GS	157	Response	1	769593	4184	1
GS	158	Picture	20	771550	0	1	3153	2	0	3000
GS	159	Response	2	778605	3736	2
GS	160	Picture	11	781840	0	1	3153	3	0	3000
GS	161	Response	1	786617	1458	2
GS	162	Picture	11	791134	0	2	3154	3	0	3000
GS	163	Response	1	796577	2123	1
GS	164	Picture	20	799765	0	1	3153	2	0	3000
GS	165	Response	2	804143	1059	2
GS	166	Picture	21	809225	0	1	3153	2	0	3000
GS	167	Response	2	815176	2632	1
GS	168	Picture	11	819017	0	1	3154	2	0	3000
GS	169	Response	1	822918	581	2
GS	170	Picture	20	829473	0	2	3154	3	0	3000
GS	171	Response	2	834295	1502	1
GS	172	Picture	11	838269	0	3	3154	4	0	3000
GS	173	Response	1	842306	717	1
GS	174	Picture	21	848228	0	1	3153	2	0	3000
GS	175	Response	2	853564	2017	1
GS	176	Picture	21	858518	0	1	3153	2	0	3000
GS	177	Response	1	862196	359	1
GS	178	Picture	10	869638	0	1	3153	2	0	3000
GS	179	Response	1	879597	6640	1
GS	180	Picture	11	880094	0	1	3153	2	0	3000
GS	182	Picture	11	889720	0	1	3154	2	0	3000
GS	183	Response	1	895551	2512	1
GS	184	Picture	10	899346	0	2	3154	3	0	3000
GS	185	Response	2	903734	1068	1
GS	186	Picture	11	909636	0	2	3154	3	0	3000
GS	188	Picture	10	918599	0	1	3153	2	0	3000
GS	190	Picture	21	929719	0	1	3153	2	0	3000
GS	191	Response	2	934175	1137	1
GS	192	Picture	20	939345	0	1	3153	3	0	3000
GS	193	Response	2	946794	4130	1
GS	194	Picture	10	949469	0	2	3154	3	0	3000
GS	195	Response	1	954506	1717	1
GS	196	Picture	10	958597	0	2	3154	3	0	3000
GS	197	Response	1	964698	2781	2
GS	198	Picture	21	968390	0	1	3153	2	0	3000
GS	199	Response	2	972322	613	1
GS	200	Picture	21	978182	0	1	3153	2	0	3000
GS	201	Response	2	983820	2319	1
GS	202	Picture	20	989302	0	1	3153	2	0	3000
GS	203	Response	1	993929	1308	1
GS	204	Picture	10	1000256	0	1	3153	2	0	3000
GS	205	Response	1	1006648	3073	1
GS	206	Picture	10	1008886	0	2	3154	3	0	3000
GS	207	Response	1	1015598	3392	1
GS	208	Picture	21	1018844	0	2	3154	3	0	3000
GS	209	Response	2	1023130	966	1
GS	210	Picture	20	1030296	0	2	3154	3	0	3000
GS	211	Response	2	1036224	2608	1
GS	212	Picture	20	1041582	0	2	3154	3	0	3000
GS	213	Response	2	1047836	2934	1
GS	214	Picture	10	1051208	0	2	3154	3	0	3000
GS	215	Response	1	1057087	2559	1
GS	216	Picture	11	1060171	0	1	3153	2	0	3000
GS	217	Response	1	1066547	3057	1
GS	218	Picture	10	1069631	0	1	3154	2	0	3000
GS	220	Picture	20	1079257	0	2	3154	3	0	3000
GS	221	Response	1	1082771	194	2
GS	221	Response	2	1089462	6885	1
GS	222	Picture	11	1090211	0	2	3154	3	0	3000
GS	223	Response	1	1096996	3465	2
GS	224	Picture	11	1099838	0	1	3153	2	0	3000
GS	225	Response	1	1105855	2698	1
GS	226	Picture	20	1110460	0	1	3153	2	0	3000
GS	227	Response	2	1115663	1884	1
GS	228	Picture	10	1120418	0	1	3153	2	0	3000
GS	229	Response	1	1125950	2213	2
GS	230	Picture	21	1129048	0	2	3154	3	0	3000
GS	231	Response	2	1133037	669	1
GS	232	Picture	21	1139504	0	2	3154	3	0	3000
GS	233	Response	2	1143470	646	2
GS	234	Picture	10	1150292	0	2	3154	3	0	3000
GS	235	Response	1	1156329	2717	1
GS	236	Picture	11	1160416	0	2	3154	3	0	3000
GS	237	Response	1	1165990	2254	1
GS	238	Picture	10	1170541	0	1	3153	2	0	3000
GS	239	Response	2	1175559	1699	1
GS	240	Picture	20	1180001	0	1	3153	2	0	3000
GS	242	Picture	21	1189295	0	1	3154	2	0	3000
GS	242	Response	2	1191836	2541	1
GS	244	Picture	20	1198589	0	2	3154	3	0	3000
GS	244	Response	2	1201523	2934	1
GS	246	Picture	10	1209543	0	2	3154	3	0	3000
GS	247	Response	1	1213807	944	2
GS	248	Picture	11	1220331	0	2	3154	3	0	3000
GS	249	Response	1	1225683	2032	1
GS	250	Picture	10	1229626	0	1	3153	2	0	3000
GS	251	Response	1	1236139	3194	2
GS	252	Picture	11	1238588	0	1	3154	2	0	3000
GS	253	Response	1	1246566	4659	1
GS	254	Picture	20	1248380	0	2	3154	3	0	3000
GS	255	Response	2	1254422	2722	1
GS	256	Picture	11	1258338	0	2	3154	3	0	3000
GS	257	Response	1	1263760	2102	1
GS	258	Picture	20	1267965	0	1	3153	2	0	3000
GS	259	Response	2	1273182	1898	1
GS	260	Picture	20	1276761	0	1	3153	3	0	3000
GS	261	Response	2	1283171	3091	1
GS	262	Picture	11	1285889	0	2	3154	3	0	3000
GS	263	Response	1	1290735	1526	3
GS	264	Picture	10	1295184	0	1	3153	2	0	3000
GS	265	Response	1	1301488	2985	2
GS	266	Picture	21	1306636	0	1	3153	2	0	3000
GS	267	Response	2	1311030	1075	1
GS	268	Picture	11	1317424	0	1	3153	2	0	3000
GS	269	Response	1	1321402	659	1
GS	270	Picture	10	1328544	0	1	3153	2	0	3000
GS	271	Response	2	1333189	1326	1
GS	272	Picture	21	1338170	0	1	3153	2	0	3000
GS	273	Response	2	1343933	2444	2
GS	274	Picture	20	1346800	0	2	3154	3	0	3000
GS	275	Response	2	1356907	6787	1
GS	276	Picture	11	1357422	0	2	3154	3	0	3000
GS	277	Response	1	1363521	2779	1
GS	278	Picture	21	1367049	0	1	3153	2	0	3000
GS	279	Response	2	1372410	2042	2
GS	280	Picture	20	1375679	0	1	3153	2	0	3000
GS	281	Response	1	1383342	4344	2
GS	282	Picture	11	1385969	0	1	3153	3	0	3000
GS	283	Response	1	1393466	4178	1
GS	284	Picture	21	1395097	0	2	3154	3	0	3000
GS	285	Response	2	1402418	4001	1
GS	286	Picture	21	1405221	0	2	3154	3	0	3000
GS	287	Response	2	1411697	3156	1
GS	288	Picture	20	1414682	0	1	3153	2	0	3000
GS	289	Response	2	1422661	4660	1
GS	290	Picture	21	1423810	0	1	3153	3	0	3000
GS	291	Response	2	1430081	2952	1
GS	292	Picture	11	1432275	0	1	3153	2	0	3000
GS	293	Response	1	1437143	1549	1
GS	294	Picture	11	1442565	0	1	3153	2	0	3000
GS	295	Response	1	1447808	1924	1
GS	296	Picture	20	1451527	0	1	3153	2	0	3000
GS	298	Picture	10	1462315	0	1	3153	3	0	3000
GS	299	Response	2	1468487	2853	2
GS	300	Picture	11	1473102	0	3	3154	5	0	3000
GS	301	Response	1	1478117	1695	2
GS	303	Picture	21	1501816	0	1	3153	2	0	3000
GS	305	Picture	21	1512106	0	1	3153	2	0	3000
GS	306	Response	2	1516974	1549	2
GS	307	Picture	11	1522064	0	1	3153	3	0	3000
GS	308	Response	1	1527141	1758	1
GS	309	Picture	11	1532354	0	1	3154	2	0	3000
GS	310	Response	1	1535826	152	1
GS	311	Picture	10	1543308	0	1	3154	2	0	3000
GS	311	Response	1	1546257	2949	1
GS	313	Picture	11	1552436	0	2	3154	3	0	3000
GS	314	Response	1	1556707	951	1
GS	315	Picture	21	1561897	0	1	3153	2	0	3000
GS	316	Response	2	1567200	1984	1
GS	317	Picture	20	1570693	0	1	3154	2	0	3000
GS	318	Response	1	1576269	2257	1
GS	319	Picture	11	1580983	0	2	3154	3	0	3000
GS	320	Response	1	1586425	2122	2
GS	321	Picture	20	1590443	0	2	3154	3	0	3000
GS	322	Response	2	1595730	1967	1
GS	323	Picture	10	1599738	0	1	3153	3	0	3000
GS	324	Response	1	1606104	3047	1
GS	325	Picture	10	1610858	0	1	3153	2	0	3000
GS	326	Response	1	1617656	3479	1
GS	327	Picture	21	1622144	0	1	3153	2	0	3000
GS	328	Response	2	1626604	1141	1
GS	329	Picture	21	1632600	0	1	3153	2	0	3000
GS	330	Response	2	1638545	2626	1
GS	331	Picture	21	1643388	0	1	3153	2	0	3000
GS	332	Response	2	1650128	3421	1
GS	333	Picture	20	1653844	0	1	3153	2	0	3000
GS	334	Response	1	1659282	2119	1
GS	335	Picture	20	1664964	0	1	3153	2	0	3000
GS	336	Response	2	1670062	1779	1
GS	337	Picture	21	1673760	0	2	3154	3	0	3000
GS	338	Response	2	1680226	3146	1
GS	339	Picture	11	1684216	0	2	3154	3	0	3000
GS	340	Response	1	1689267	1731	1
GS	341	Picture	11	1692846	0	3	3154	4	0	3000
GS	342	Response	1	1698512	2346	1
GS	343	Picture	21	1701809	0	1	3153	3	0	3000
GS	344	Response	2	1706135	1007	1
GS	345	Picture	11	1713095	0	1	3153	3	0	3000
GS	346	Response	1	1717571	1157	1
GS	347	Picture	20	1723385	0	1	3154	2	0	3000
GS	348	Response	2	1728768	2064	1
GS	349	Picture	10	1733675	0	2	3154	3	0	3000
GS	350	Response	2	1738606	1611	1
GS	351	Picture	20	1743301	0	2	3154	3	0	3000
GS	352	Response	2	1749481	2860	1
GS	353	Picture	21	1753260	0	1	3153	2	0	3000
GS	354	Response	2	1758820	2241	1
GS	355	Picture	11	1763218	0	1	3153	2	0	3000
GS	356	Response	1	1767986	1449	1
GS	357	Picture	10	1772346	0	1	3154	2	0	3000
GS	358	Response	1	1778946	3281	2
GS	359	Picture	10	1783466	0	1	3153	3	0	3000
GS	360	Response	1	1789729	2944	1
GS	361	Picture	20	1793756	0	1	3154	2	0	3000
GS	362	Response	2	1801194	4119	1
GS	363	Picture	21	1804212	0	2	3154	3	0	3000
GS	364	Response	2	1811331	3799	1
GS	365	Picture	11	1813838	0	2	3154	3	0	3000
GS	366	Response	1	1820252	3094	1
GS	367	Picture	11	1823797	0	1	3153	2	0	3000
GS	368	Response	1	1828615	1499	1
GS	369	Picture	20	1835249	0	1	3153	2	0	3000
GS	370	Response	2	1839843	1275	1
GS	371	Picture	21	1843879	0	1	3153	3	0	3000
GS	372	Response	2	1848528	1330	2
GS	373	Picture	11	1854003	0	1	3154	2	0	3000
GS	374	Response	1	1858605	1283	1
GS	375	Picture	21	1862799	0	2	3154	3	0	3000
GS	376	Response	2	1867704	1585	1
GS	377	Picture	20	1874251	0	2	3154	3	0	3000
GS	378	Response	2	1880118	2547	1
GS	379	Picture	11	1885537	0	2	3154	3	0	3000
GS	380	Response	1	1889782	925	1
GS	381	Picture	10	1894334	0	1	3153	2	0	3000
GS	382	Response	1	1900321	2668	1
GS	383	Picture	20	1904292	0	1	3153	2	0	3000
GS	384	Response	2	1909415	1804	2
GS	385	Picture	10	1915246	0	1	3153	2	0	3000
GS	386	Response	1	1920495	1930	2
GS	387	Picture	10	1924540	0	1	3154	2	0	3000
GS	388	Response	2	1929475	1615	1
GS	389	Picture	20	1935992	0	1	3153	3	0	3000
GS	391	Picture	10	1945286	0	2	3154	3	0	3000
GS	391	Response	2	1947975	2689	1
GS	393	Picture	21	1955410	0	2	3154	3	0	3000
GS	394	Response	2	1961589	2859	2
GS	395	Picture	20	1964871	0	1	3153	2	0	3000
GS	396	Response	2	1971285	3095	1
GS	397	Picture	11	1975161	0	1	3153	2	0	3000
GS	398	Response	1	1979796	1316	1
GS	399	Picture	21	1985783	0	1	3153	2	0	3000
GS	400	Response	2	1992057	2955	1
GS	401	Picture	10	1994745	0	2	3154	3	0	3000
GS	402	Response	1	2004377	6312	1
GS	403	Picture	10	2006031	0	2	3154	3	0	3000
GS	404	Response	1	2012821	3470	1
GS	405	Picture	21	2014828	0	1	3153	2	0	3000
GS	406	Response	2	2020000	1853	1
GS	407	Picture	11	2025616	0	1	3153	2	0	3000
GS	408	Response	1	2029486	551	2
GS	409	Picture	10	2035574	0	1	3153	2	0	3000
GS	410	Response	2	2039558	665	1
GS	411	Picture	20	2044868	0	1	3153	3	0	3000
GS	413	Picture	20	2054494	0	2	3154	3	0	3000
GS	413	Response	1	2057155	2661	2
GS	415	Picture	10	2064618	0	2	3154	3	0	3000
GS	417	Picture	20	2073747	0	1	3153	2	0	3000
GS	417	Response	1	2076504	2757	1
GS	419	Picture	21	2085033	0	1	3153	2	0	3000
GS	420	Response	2	2088697	345	1
GS	421	Picture	10	2094991	0	1	3153	2	0	3000
GS	422	Response	1	2099330	1020	1
GS	423	Picture	10	2105945	0	1	3153	2	0	3000
GS	424	Response	2	2109493	229	1
GS	425	Picture	10	2114741	0	2	3154	3	0	3000
GS	427	Picture	10	2123870	0	1	3153	2	0	3000
GS	428	Response	1	2129737	2548	1
GS	429	Picture	21	2132832	0	1	3153	2	0	3000
GS	430	Response	2	2137977	1826	1
GS	431	Picture	20	2141794	0	2	3154	3	0	3000
GS	432	Response	2	2149916	4802	1
GS	433	Picture	10	2153080	0	1	3154	2	0	3000
GS	434	Response	1	2159843	3443	1
GS	435	Picture	21	2164532	0	1	3154	2	0	3000
GS	435	Response	2	2167786	3254	1
GS	437	Picture	21	2174988	0	1	3154	2	0	3000
GS	438	Response	2	2180698	2390	1
GS	439	Picture	10	2183785	0	1	3153	2	0	3000
GS	440	Response	2	2189146	2042	1
GS	441	Picture	20	2192747	0	1	3153	2	0	3000
GS	442	Response	2	2199261	3195	1
GS	443	Picture	10	2203535	0	1	3153	2	0	3000
GS	444	Response	1	2210576	3722	1
GS	445	Picture	21	2214323	0	1	3153	3	0	3000
GS	446	Response	2	2222009	4367	1
GS	447	Picture	10	2225443	0	1	3153	2	0	3000
GS	448	Response	1	2231786	3024	1
GS	449	Picture	20	2235401	0	1	3153	3	0	3000
GS	450	Response	2	2242806	4086	1
GS	451	Picture	20	2244363	0	2	3154	3	0	3000
GS	453	Picture	11	2253326	0	1	3153	2	0	3000
GS	454	Response	1	2257755	1110	1
GS	455	Picture	21	2263118	0	1	3153	3	0	3000
GS	457	Picture	21	2272246	0	2	3154	3	0	3000
GS	457	Response	2	2273001	755	1
GS	459	Picture	11	2281043	0	1	3153	2	0	3000
GS	460	Response	1	2285826	1464	1
GS	461	Picture	21	2290835	0	1	3153	2	0	3000
GS	462	Response	1	2296995	2841	2
GS	463	Picture	10	2300793	0	1	3153	3	0	3000
GS	465	Picture	11	2309589	0	2	3154	3	0	3000
GS	465	Response	2	2312506	2917	1
GS	467	Picture	21	2319548	0	1	3153	2	0	3000
GS	469	Picture	11	2329340	0	1	3153	2	0	3000
GS	470	Response	1	2334423	1764	1
GS	471	Picture	11	2338136	0	2	3154	3	0	3000
GS	472	Response	1	2344292	2836	1
GS	473	Picture	20	2348758	0	2	3154	3	0	3000
GS	474	Response	2	2355606	3528	1
GS	475	Picture	21	2357887	0	1	3153	2	0	3000
GS	476	Response	2	2363260	2054	1
GS	477	Picture	20	2366683	0	1	3153	3	0	3000
GS	478	Response	2	2375643	5641	1
GS	479	Picture	20	2377471	0	1	3153	3	0	3000
GS	480	Response	2	2384361	3571	1
GS	481	Picture	20	2388923	0	1	3153	2	0	3000
GS	482	Response	2	2395884	3642	1
GS	483	Picture	20	2399877	0	1	3153	2	0	3000
GS	484	Response	2	2407203	4007	1
GS	485	Picture	20	2410167	0	1	3153	3	0	3000
GS	486	Response	2	2417342	3856	1
GS	487	Picture	11	2418797	0	2	3154	3	0	3000
GS	488	Response	1	2423845	1728	1
GS	489	Picture	21	2428424	0	1	3153	2	0	3000
GS	490	Response	2	2432027	284	1
GS	491	Picture	11	2438880	0	1	3153	2	0	3000
GS	492	Response	1	2442368	169	1
GS	493	Picture	10	2448838	0	1	3153	2	0	3000
GS	493	Response	2	2451819	2981	1
GS	495	Picture	21	2457634	0	2	3154	3	0	3000
GS	496	Response	1	2461009	55	1
GS	497	Picture	21	2466431	0	1	3153	2	0	3000
GS	499	Picture	20	2475559	0	1	3153	3	0	3000
GS	501	Picture	10	2485517	0	1	3154	2	0	3000
GS	502	Response	2	2493337	4500	1
GS	503	Picture	20	2496637	0	1	3153	3	0	3000
GS	505	Picture	20	2507757	0	1	3153	3	0	3000
GS	505	Response	1	2511005	3248	1
GS	507	Picture	10	2516885	0	2	3154	3	0	3000
GS	509	Picture	20	2525682	0	1	3153	2	0	3000
GS	510	Response	2	2530272	1271	1
GS	511	Picture	10	2536802	0	1	3153	2	0	3000
GS	511	Response	1	2539901	3099	1
GS	513	Picture	11	2546261	0	3	3154	5	0	3000
GS	514	Response	1	2554482	4901	2
GS	515	Picture	11	2557050	0	1	3153	3	0	3000
GS	516	Response	1	2561420	1051	2
GS	517	Picture	21	2567838	0	1	3153	3	0	3000
GS	518	Response	2	2573622	2465	2
GS	519	Picture	11	2578626	0	1	3153	3	0	3000
GS	520	Response	1	2583257	1312	1
GS	521	Picture	10	2587256	0	2	3154	3	0	3000
GS	522	Response	1	2593895	3319	1
GS	523	Picture	20	2596219	0	1	3153	2	0	3000
GS	524	Response	2	2601874	2336	1
GS	525	Picture	20	2606343	0	1	3153	2	0	3000
GS	526	Response	2	2612397	2735	1
GS	527	Picture	20	2615803	0	2	3154	3	0	3000
GS	528	Response	2	2624901	5778	2
GS	529	Picture	10	2626425	0	2	3154	3	0	3000
GS	530	Response	1	2631841	2096	1
GS	531	Picture	11	2637213	0	2	3154	3	0	3000
GS	532	Response	2	2641503	970	1
GS	533	Picture	20	2648499	0	2	3154	3	0	3000
GS	534	Response	2	2655627	3808	1
GS	535	Picture	11	2659619	0	2	3154	3	0	3000
GS	536	Response	1	2665676	2737	1
GS	537	Picture	10	2669245	0	2	3154	3	0	3000
GS	538	Response	1	2676991	4426	1
GS	539	Picture	20	2679038	0	1	3153	2	0	3000
GS	541	Picture	21	2688498	0	1	3153	2	0	3000
GS	541	Response	2	2689135	637	1
GS	543	Picture	11	2699286	0	2	3153	3	0	3000
GS	543	Response	1	2701518	2232	1
GS	545	Picture	21	2710738	0	1	3153	2	0	3000
GS	546	Response	2	2716553	2496	1
GS	547	Picture	21	2719866	0	1	3154	2	0	3000
GS	548	Response	2	2725122	1937	1
GS	549	Picture	11	2730820	0	1	3154	2	0	3000
GS	550	Response	1	2734786	647	1
GS	551	Picture	20	2741442	0	1	3154	2	0	3000
GS	552	Response	2	2747870	3108	1
GS	553	Picture	10	2750902	0	2	3154	3	0	3000
GS	554	Response	1	2756203	1981	1
GS	555	Picture	10	2761524	0	2	3154	3	0	3000
GS	556	Response	1	2768343	3499	1
GS	557	Picture	21	2771649	0	1	3153	2	0	3000
GS	558	Response	2	2776139	1171	1
GS	559	Picture	10	2782769	0	1	3153	2	0	3000
GS	560	Response	1	2787987	1899	1
GS	561	Picture	21	2792063	0	1	3153	2	0	3000
GS	562	Response	2	2798296	2914	2
GS	563	Picture	21	2802519	0	1	3153	3	0	3000
GS	564	Response	2	2810026	4188	1
GS	565	Picture	20	2810983	0	2	3154	3	0	3000
GS	566	Response	1	2817173	2870	1
GS	567	Picture	10	2821108	0	1	3153	2	0	3000
GS	569	Picture	10	2830734	0	1	3153	2	0	3000
GS	569	Response	2	2831033	299	2
GS	571	Picture	20	2839364	0	1	3154	2	0	3000
GS	571	Response	2	2842642	3278	1
GS	573	Picture	20	2850152	0	2	3154	3	0	3000
GS	574	Response	2	2854516	1044	1
GS	575	Picture	10	2860608	0	2	3154	3	0	3000
GS	576	Response	1	2865537	1609	2
GS	577	Picture	11	2869073	0	1	3153	2	0	3000
GS	578	Response	1	2876880	4488	2
GS	579	Picture	10	2878035	0	1	3154	2	0	3000
GS	580	Response	2	2883555	2201	2
GS	581	Picture	11	2886665	0	2	3154	3	0	3000
GS	583	Picture	11	2897785	0	2	3154	3	0	3000
GS	583	Response	1	2900311	2526	1
GS	585	Picture	10	2906416	0	2	3153	3	0	3000
GS	586	Response	1	2914305	4570	1
GS	587	Picture	11	2917536	0	1	3153	2	0	3000
GS	588	Response	1	2924972	4117	1
GS	589	Picture	11	2928490	0	1	3153	2	0	3000
GS	590	Response	1	2933540	1731	1
GS	591	Picture	11	2937950	0	1	3154	2	0	3000
GS	592	Response	1	2941989	720	1
GS	593	Picture	20	2948240	0	2	3154	3	0	3000
GS	595	Picture	10	2958198	0	2	3154	3	0	3000
GS	595	Response	2	2958326	128	1
GS	596	Response	1	2964528	3010	2
GS	597	Picture	20	2968654	0	2	3154	3	0	3000
GS	598	Response	2	2975305	3331	1
GS	599	Picture	21	2978945	0	1	3153	2	0	3000
GS	600	Response	2	2986177	3913	1
GS	601	Picture	20	2989899	0	1	3153	2	0	3000
GS	602	Response	2	2997612	4394	1


Event Type	Code	Type	Response	RT	RT Uncertainty	Time	Uncertainty	Duration	Uncertainty	ReqTime	ReqDur

Picture	21	other				10408	9	3159	10	0	3000
Picture	20	other				21865	2	3154	3	0	3000
Picture	21	other				31160	1	3153	2	0	3000
Picture	11	other				40786	1	3153	3	0	3000
Picture	20	other				50080	2	3154	3	0	3000
Picture	21	other				59209	1	3153	2	0	3000
Picture	20	other				68005	1	3153	3	0	3000
Picture	20	other				77631	2	3154	3	0	3000
Picture	20	other				88917	1	3154	2	0	3000
Picture	11	other				97382	1	3153	2	0	3000
Picture	21	other				106178	1	3153	3	0	3000
Picture	11	other				115140	2	3154	3	0	3000
Picture	11	other				123937	1	3153	2	0	3000
Picture	20	other				133397	1	3153	3	0	3000
Picture	20	other				143687	1	3154	2	0	3000
Picture	11	other				153645	2	3154	3	0	3000
Picture	20	other				164931	2	3154	3	0	3000
Picture	21	other				175221	2	3154	3	0	3000
Picture	21	other				185511	2	3154	3	0	3000
Picture	21	other				194972	1	3153	2	0	3000
Picture	21	other				204100	1	3153	3	0	3000
Picture	20	other				215386	1	3153	2	0	3000
Picture	10	other				225012	1	3154	2	0	3000
Picture	20	other				234472	2	3154	3	0	3000
Picture	11	other				244431	1	3153	2	0	3000
Picture	10	other				254057	1	3153	2	0	3000
Picture	20	other				262853	2	3154	3	0	3000
Picture	21	other				272977	2	3154	3	0	3000
Picture	21	other				282272	1	3153	2	0	3000
Picture	21	other				292562	1	3153	2	0	3000
Picture	21	other				302022	1	3153	3	0	3000
Picture	20	other				311980	2	3154	3	0	3000
Picture	21	other				321109	1	3153	2	0	3000
Picture	20	other				332229	1	3153	2	0	3000
Picture	20	other				341025	1	3153	2	0	3000
Picture	21	other				351481	1	3153	3	0	3000
Picture	21	other				362435	1	3153	3	0	3000
Picture	20	other				373389	1	3153	2	0	3000
Picture	21	other				382849	1	3154	2	0	3000
Picture	10	other				392144	1	3153	2	0	3000
Picture	20	other				403595	2	3154	3	0	3000
Picture	21	other				412226	1	3153	2	0	3000
Picture	20	other				420856	2	3154	3	0	3000
Picture	10	other				431644	2	3154	3	0	3000
Picture	21	other				441270	2	3154	3	0	3000
Picture	21	other				450233	1	3153	2	0	3000
Picture	11	other				459029	2	3154	3	0	3000
Picture	10	other				467660	1	3153	2	0	3000
Picture	21	other				476954	1	3153	3	0	3000
Picture	10	other				487078	1	3154	2	0	3000
Picture	11	other				498364	1	3153	3	0	3000
Picture	21	other				509650	1	3153	2	0	3000
Picture	10	other				519774	1	3153	3	0	3000
Picture	11	other				529234	2	3154	3	0	3000
Picture	21	other				537865	1	3153	2	0	3000
Picture	11	other				546993	1	3153	3	0	3000
Picture	20	other				557449	1	3154	2	0	3000
Picture	20	other				568569	1	3154	2	0	3000
Picture	11	other				578195	2	3154	3	0	3000
Picture	11	other				586992	1	3153	2	0	3000
Picture	21	other				596950	1	3153	2	0	3000
Picture	21	other				605912	2	3154	3	0	3000
Picture	20	other				616534	2	3154	3	0	3000
Picture	21	other				625165	1	3153	2	0	3000
Picture	21	other				635787	1	3153	2	0	3000
Picture	10	other				644583	1	3154	2	0	3000
Picture	11	other				654209	2	3154	3	0	3000
Picture	11	other				665163	2	3154	3	0	3000
Picture	21	other				675785	2	3154	3	0	3000
Picture	20	other				685578	1	3153	2	0	3000
Picture	10	other				696864	1	3153	2	0	3000
Picture	10	other				707652	1	3153	2	0	3000
Picture	21	other				717112	1	3153	2	0	3000
Picture	20	other				725908	2	3154	3	0	3000
Picture	11	other				735037	1	3153	2	0	3000
Picture	21	other				745161	1	3153	2	0	3000
Picture	10	other				753625	1	3154	2	0	3000
Picture	11	other				762090	1	3153	2	0	3000
Picture	20	other				771550	1	3153	2	0	3000
Picture	11	other				781840	1	3153	3	0	3000
Picture	11	other				791134	2	3154	3	0	3000
Picture	20	other				799765	1	3153	2	0	3000
Picture	21	other				809225	1	3153	2	0	3000
Picture	11	other				819017	1	3154	2	0	3000
Picture	20	other				829473	2	3154	3	0	3000
Picture	11	other				838269	3	3154	4	0	3000
Picture	21	other				848228	1	3153	2	0	3000
Picture	21	other				858518	1	3153	2	0	3000
Picture	10	other				869638	1	3153	2	0	3000
Picture	11	other				880094	1	3153	2	0	3000
Picture	11	other				889720	1	3154	2	0	3000
Picture	10	other				899346	2	3154	3	0	3000
Picture	11	other				909636	2	3154	3	0	3000
Picture	10	other				918599	1	3153	2	0	3000
Picture	21	other				929719	1	3153	2	0	3000
Picture	20	other				939345	1	3153	3	0	3000
Picture	10	other				949469	2	3154	3	0	3000
Picture	10	other				958597	2	3154	3	0	3000
Picture	21	other				968390	1	3153	2	0	3000
Picture	21	other				978182	1	3153	2	0	3000
Picture	20	other				989302	1	3153	2	0	3000
Picture	10	other				1000256	1	3153	2	0	3000
Picture	10	other				1008886	2	3154	3	0	3000
Picture	21	other				1018844	2	3154	3	0	3000
Picture	20	other				1030296	2	3154	3	0	3000
Picture	20	other				1041582	2	3154	3	0	3000
Picture	10	other				1051208	2	3154	3	0	3000
Picture	11	other				1060171	1	3153	2	0	3000
Picture	10	other				1069631	1	3154	2	0	3000
Picture	20	other				1079257	2	3154	3	0	3000
Picture	11	other				1090211	2	3154	3	0	3000
Picture	11	other				1099838	1	3153	2	0	3000
Picture	20	other				1110460	1	3153	2	0	3000
Picture	10	other				1120418	1	3153	2	0	3000
Picture	21	other				1129048	2	3154	3	0	3000
Picture	21	other				1139504	2	3154	3	0	3000
Picture	10	other				1150292	2	3154	3	0	3000
Picture	11	other				1160416	2	3154	3	0	3000
Picture	10	other				1170541	1	3153	2	0	3000
Picture	20	other				1180001	1	3153	2	0	3000
Picture	21	other				1189295	1	3154	2	0	3000
Picture	20	other				1198589	2	3154	3	0	3000
Picture	10	other				1209543	2	3154	3	0	3000
Picture	11	other				1220331	2	3154	3	0	3000
Picture	10	other				1229626	1	3153	2	0	3000
Picture	11	other				1238588	1	3154	2	0	3000
Picture	20	other				1248380	2	3154	3	0	3000
Picture	11	other				1258338	2	3154	3	0	3000
Picture	20	other				1267965	1	3153	2	0	3000
Picture	20	other				1276761	1	3153	3	0	3000
Picture	11	other				1285889	2	3154	3	0	3000
Picture	10	other				1295184	1	3153	2	0	3000
Picture	21	other				1306636	1	3153	2	0	3000
Picture	11	other				1317424	1	3153	2	0	3000
Picture	10	other				1328544	1	3153	2	0	3000
Picture	21	other				1338170	1	3153	2	0	3000
Picture	20	other				1346800	2	3154	3	0	3000
Picture	11	other				1357422	2	3154	3	0	3000
Picture	21	other				1367049	1	3153	2	0	3000
Picture	20	other				1375679	1	3153	2	0	3000
Picture	11	other				1385969	1	3153	3	0	3000
Picture	21	other				1395097	2	3154	3	0	3000
Picture	21	other				1405221	2	3154	3	0	3000
Picture	20	other				1414682	1	3153	2	0	3000
Picture	21	other				1423810	1	3153	3	0	3000
Picture	11	other				1432275	1	3153	2	0	3000
Picture	11	other				1442565	1	3153	2	0	3000
Picture	20	other				1451527	1	3153	2	0	3000
Picture	10	other				1462315	1	3153	3	0	3000
Picture	11	other				1473102	3	3154	5	0	3000
Picture	21	other				1501816	1	3153	2	0	3000
Picture	21	other				1512106	1	3153	2	0	3000
Picture	11	other				1522064	1	3153	3	0	3000
Picture	11	other				1532354	1	3154	2	0	3000
Picture	10	other				1543308	1	3154	2	0	3000
Picture	11	other				1552436	2	3154	3	0	3000
Picture	21	other				1561897	1	3153	2	0	3000
Picture	20	other				1570693	1	3154	2	0	3000
Picture	11	other				1580983	2	3154	3	0	3000
Picture	20	other				1590443	2	3154	3	0	3000
Picture	10	other				1599738	1	3153	3	0	3000
Picture	10	other				1610858	1	3153	2	0	3000
Picture	21	other				1622144	1	3153	2	0	3000
Picture	21	other				1632600	1	3153	2	0	3000
Picture	21	other				1643388	1	3153	2	0	3000
Picture	20	other				1653844	1	3153	2	0	3000
Picture	20	other				1664964	1	3153	2	0	3000
Picture	21	other				1673760	2	3154	3	0	3000
Picture	11	other				1684216	2	3154	3	0	3000
Picture	11	other				1692846	3	3154	4	0	3000
Picture	21	other				1701809	1	3153	3	0	3000
Picture	11	other				1713095	1	3153	3	0	3000
Picture	20	other				1723385	1	3154	2	0	3000
Picture	10	other				1733675	2	3154	3	0	3000
Picture	20	other				1743301	2	3154	3	0	3000
Picture	21	other				1753260	1	3153	2	0	3000
Picture	11	other				1763218	1	3153	2	0	3000
Picture	10	other				1772346	1	3154	2	0	3000
Picture	10	other				1783466	1	3153	3	0	3000
Picture	20	other				1793756	1	3154	2	0	3000
Picture	21	other				1804212	2	3154	3	0	3000
Picture	11	other				1813838	2	3154	3	0	3000
Picture	11	other				1823797	1	3153	2	0	3000
Picture	20	other				1835249	1	3153	2	0	3000
Picture	21	other				1843879	1	3153	3	0	3000
Picture	11	other				1854003	1	3154	2	0	3000
Picture	21	other				1862799	2	3154	3	0	3000
Picture	20	other				1874251	2	3154	3	0	3000
Picture	11	other				1885537	2	3154	3	0	3000
Picture	10	other				1894334	1	3153	2	0	3000
Picture	20	other				1904292	1	3153	2	0	3000
Picture	10	other				1915246	1	3153	2	0	3000
Picture	10	other				1924540	1	3154	2	0	3000
Picture	20	other				1935992	1	3153	3	0	3000
Picture	10	other				1945286	2	3154	3	0	3000
Picture	21	other				1955410	2	3154	3	0	3000
Picture	20	other				1964871	1	3153	2	0	3000
Picture	11	other				1975161	1	3153	2	0	3000
Picture	21	other				1985783	1	3153	2	0	3000
Picture	10	other				1994745	2	3154	3	0	3000
Picture	10	other				2006031	2	3154	3	0	3000
Picture	21	other				2014828	1	3153	2	0	3000
Picture	11	other				2025616	1	3153	2	0	3000
Picture	10	other				2035574	1	3153	2	0	3000
Picture	20	other				2044868	1	3153	3	0	3000
Picture	20	other				2054494	2	3154	3	0	3000
Picture	10	other				2064618	2	3154	3	0	3000
Picture	20	other				2073747	1	3153	2	0	3000
Picture	21	other				2085033	1	3153	2	0	3000
Picture	10	other				2094991	1	3153	2	0	3000
Picture	10	other				2105945	1	3153	2	0	3000
Picture	10	other				2114741	2	3154	3	0	3000
Picture	10	other				2123870	1	3153	2	0	3000
Picture	21	other				2132832	1	3153	2	0	3000
Picture	20	other				2141794	2	3154	3	0	3000
Picture	10	other				2153080	1	3154	2	0	3000
Picture	21	other				2164532	1	3154	2	0	3000
Picture	21	other				2174988	1	3154	2	0	3000
Picture	10	other				2183785	1	3153	2	0	3000
Picture	20	other				2192747	1	3153	2	0	3000
Picture	10	other				2203535	1	3153	2	0	3000
Picture	21	other				2214323	1	3153	3	0	3000
Picture	10	other				2225443	1	3153	2	0	3000
Picture	20	other				2235401	1	3153	3	0	3000
Picture	20	other				2244363	2	3154	3	0	3000
Picture	11	other				2253326	1	3153	2	0	3000
Picture	21	other				2263118	1	3153	3	0	3000
Picture	21	other				2272246	2	3154	3	0	3000
Picture	11	other				2281043	1	3153	2	0	3000
Picture	21	other				2290835	1	3153	2	0	3000
Picture	10	other				2300793	1	3153	3	0	3000
Picture	11	other				2309589	2	3154	3	0	3000
Picture	21	other				2319548	1	3153	2	0	3000
Picture	11	other				2329340	1	3153	2	0	3000
Picture	11	other				2338136	2	3154	3	0	3000
Picture	20	other				2348758	2	3154	3	0	3000
Picture	21	other				2357887	1	3153	2	0	3000
Picture	20	other				2366683	1	3153	3	0	3000
Picture	20	other				2377471	1	3153	3	0	3000
Picture	20	other				2388923	1	3153	2	0	3000
Picture	20	other				2399877	1	3153	2	0	3000
Picture	20	other				2410167	1	3153	3	0	3000
Picture	11	other				2418797	2	3154	3	0	3000
Picture	21	other				2428424	1	3153	2	0	3000
Picture	11	other				2438880	1	3153	2	0	3000
Picture	10	other				2448838	1	3153	2	0	3000
Picture	21	other				2457634	2	3154	3	0	3000
Picture	21	other				2466431	1	3153	2	0	3000
Picture	20	other				2475559	1	3153	3	0	3000
Picture	10	other				2485517	1	3154	2	0	3000
Picture	20	other				2496637	1	3153	3	0	3000
Picture	20	other				2507757	1	3153	3	0	3000
Picture	10	other				2516885	2	3154	3	0	3000
Picture	20	other				2525682	1	3153	2	0	3000
Picture	10	other				2536802	1	3153	2	0	3000
Picture	11	other				2546261	3	3154	5	0	3000
Picture	11	other				2557050	1	3153	3	0	3000
Picture	21	other				2567838	1	3153	3	0	3000
Picture	11	other				2578626	1	3153	3	0	3000
Picture	10	other				2587256	2	3154	3	0	3000
Picture	20	other				2596219	1	3153	2	0	3000
Picture	20	other				2606343	1	3153	2	0	3000
Picture	20	other				2615803	2	3154	3	0	3000
Picture	10	other				2626425	2	3154	3	0	3000
Picture	11	other				2637213	2	3154	3	0	3000
Picture	20	other				2648499	2	3154	3	0	3000
Picture	11	other				2659619	2	3154	3	0	3000
Picture	10	other				2669245	2	3154	3	0	3000
Picture	20	other				2679038	1	3153	2	0	3000
Picture	21	other				2688498	1	3153	2	0	3000
Picture	11	other				2699286	2	3153	3	0	3000
Picture	21	other				2710738	1	3153	2	0	3000
Picture	21	other				2719866	1	3154	2	0	3000
Picture	11	other				2730820	1	3154	2	0	3000
Picture	20	other				2741442	1	3154	2	0	3000
Picture	10	other				2750902	2	3154	3	0	3000
Picture	10	other				2761524	2	3154	3	0	3000
Picture	21	other				2771649	1	3153	2	0	3000
Picture	10	other				2782769	1	3153	2	0	3000
Picture	21	other				2792063	1	3153	2	0	3000
Picture	21	other				2802519	1	3153	3	0	3000
Picture	20	other				2810983	2	3154	3	0	3000
Picture	10	other				2821108	1	3153	2	0	3000
Picture	10	other				2830734	1	3153	2	0	3000
Picture	20	other				2839364	1	3154	2	0	3000
Picture	20	other				2850152	2	3154	3	0	3000
Picture	10	other				2860608	2	3154	3	0	3000
Picture	11	other				2869073	1	3153	2	0	3000
Picture	10	other				2878035	1	3154	2	0	3000
Picture	11	other				2886665	2	3154	3	0	3000
Picture	11	other				2897785	2	3154	3	0	3000
Picture	10	other				2906416	2	3153	3	0	3000
Picture	11	other				2917536	1	3153	2	0	3000
Picture	11	other				2928490	1	3153	2	0	3000
Picture	11	other				2937950	1	3154	2	0	3000
Picture	20	other				2948240	2	3154	3	0	3000
Picture	10	other				2958198	2	3154	3	0	3000
Picture	20	other				2968654	2	3154	3	0	3000
Picture	21	other				2978945	1	3153	2	0	3000
Picture	20	other				2989899	1	3153	2	0	3000
