Scenario - EFT lento Abril 2011
Logfile written - 05/05/2011 09:10:11

Subject	Trial	Event Type	Code	Time	TTime	Uncertainty	Duration	Uncertainty	ReqTime	ReqDur

GS	2	Picture	11	10414	0	1	3153	2	0	3000
GS	3	Response	1	14901	1168	1
GS	4	Picture	20	50246	0	2	3154	3	0	3000
GS	5	Response	1	54932	1366	1
GS	6	Picture	21	85100	0	1	3153	2	0	3000
GS	7	Response	2	89538	1119	1
GS	8	Picture	21	119622	0	1	3153	2	0	3000
GS	9	Response	2	124367	1426	1
GS	10	Picture	20	155969	0	1	3153	2	0	3000
GS	11	Response	2	162859	3571	1
GS	12	Picture	11	186009	0	2	3154	3	0	3000
GS	13	Response	1	192543	3214	1
GS	14	Picture	21	226008	0	1	3153	3	0	3000
GS	15	Response	2	229938	611	1
GS	16	Picture	11	257874	0	1	3154	2	0	3000
GS	17	Response	1	263646	2452	1
GS	18	Picture	20	288081	0	1	3153	2	0	3000
GS	19	Response	2	294249	2849	1
GS	20	Picture	10	318619	0	1	3153	3	0	3000
GS	21	Response	1	326065	4127	1
GS	22	Picture	21	353639	0	1	3153	2	0	3000
GS	22	Response	2	356901	3262	1
GS	24	Picture	10	390318	0	1	3153	2	0	3000
GS	25	Response	1	394659	1022	1
GS	26	Picture	10	425337	0	2	3154	3	0	3000
GS	27	Response	1	431761	3104	1
GS	28	Picture	20	457204	0	1	3153	2	0	3000
GS	29	Response	2	463599	3076	1
GS	30	Picture	11	487078	0	1	3153	3	0	3000
GS	31	Response	1	494144	3747	1
GS	32	Picture	11	523591	0	2	3154	3	0	3000
GS	33	Response	1	528766	1855	1
GS	34	Picture	11	559275	0	1	3153	2	0	3000
GS	35	Response	1	565869	3275	1
GS	36	Picture	21	589813	0	1	3154	2	0	3000
GS	37	Response	2	593954	821	1
GS	38	Picture	20	621015	0	2	3154	3	0	3000
GS	39	Response	2	627697	3362	1
GS	40	Picture	21	657363	0	1	3153	2	0	3000
GS	41	Response	2	662913	2231	2
GS	42	Picture	10	686241	0	2	3154	3	0	3000
GS	43	Response	1	693308	3747	1
GS	44	Picture	21	715120	0	1	3154	2	0	3000
GS	45	Response	2	719384	944	1
GS	46	Picture	21	743833	0	1	3153	2	0	3000
GS	47	Response	2	748922	1770	1
GS	48	Picture	10	776529	0	1	3153	2	0	3000
GS	49	Response	1	782716	2868	2
GS	50	Picture	21	809059	0	1	3153	3	0	3000
GS	51	Response	2	812666	288	1
GS	52	Picture	11	843415	0	1	3153	2	0	3000
GS	53	Response	1	847346	612	1
GS	54	Picture	10	881920	0	1	3153	2	0	3000
GS	55	Response	2	885840	601	1
GS	56	Picture	21	922250	0	1	3154	2	0	3000
GS	57	Response	2	928124	2554	1
GS	58	Picture	11	956772	0	1	3153	2	0	3000
GS	59	Response	1	962452	2361	1
GS	60	Picture	10	992123	0	2	3154	3	0	3000
GS	61	Response	1	998900	3457	1
GS	62	Picture	10	1023492	0	1	3153	2	0	3000
GS	63	Response	1	1029581	2770	1
GS	64	Picture	11	1061499	0	1	3153	2	0	3000
GS	65	Response	1	1066558	1740	1
GS	66	Picture	10	1093863	0	1	3153	2	0	3000
GS	67	Response	1	1100345	3163	1
GS	68	Picture	21	1129546	0	1	3154	2	0	3000
GS	69	Response	2	1134633	1768	2
GS	70	Picture	10	1160582	0	2	3154	3	0	3000
GS	71	Response	1	1166745	2843	1
GS	72	Picture	11	1191951	0	1	3153	2	0	3000
GS	73	Response	1	1197192	1922	1
GS	74	Picture	11	1228630	0	1	3153	2	0	3000
GS	75	Response	1	1233819	1870	1
GS	76	Picture	11	1262488	0	1	3153	2	0	3000
GS	77	Response	1	1267905	2098	1
GS	78	Picture	21	1302818	0	2	3154	3	0	3000
GS	79	Response	2	1307162	1024	2
GS	80	Picture	20	1340991	0	2	3154	3	0	3000
GS	81	Response	2	1348228	3917	1
GS	82	Picture	21	1381156	0	1	3153	2	0	3000
GS	83	Response	2	1387108	2633	1
GS	84	Picture	11	1419827	0	1	3153	2	0	3000
GS	85	Response	1	1424008	862	1
GS	86	Picture	11	1448374	0	1	3153	2	0	3000
GS	87	Response	1	1454773	3080	1
GS	88	Picture	10	1483725	0	1	3153	3	0	3000
GS	89	Response	2	1491222	4178	1
GS	90	Picture	10	1518247	0	1	3153	2	0	3000
GS	91	Response	1	1525832	4266	1
GS	92	Picture	21	1552270	0	2	3154	3	0	3000
GS	93	Response	2	1559237	3647	1
GS	94	Picture	11	1592601	0	2	3153	4	0	3000
GS	95	Response	1	1597969	2049	1
GS	96	Picture	21	1625297	0	1	3153	3	0	3000
GS	97	Response	2	1630314	1698	1
GS	98	Picture	21	1654010	0	1	3153	2	0	3000
GS	99	Response	2	1661033	3704	1
GS	100	Picture	10	1691685	0	1	3153	2	0	3000
GS	101	Response	1	1697991	2987	1
GS	102	Picture	20	1724381	0	1	3153	2	0	3000
GS	103	Response	2	1734021	6321	1
GS	104	Picture	11	1763882	0	1	3153	2	0	3000
GS	105	Response	1	1768580	1379	1
GS	106	Picture	20	1796578	0	1	3153	2	0	3000
GS	107	Response	2	1802868	2971	1
GS	108	Picture	11	1837074	0	1	3154	2	0	3000
GS	109	Response	1	1841716	1322	2
GS	110	Picture	20	1872758	0	1	3153	2	0	3000
GS	111	Response	2	1878338	2261	1
GS	112	Picture	21	1908109	0	1	3154	2	0	3000
GS	113	Response	2	1915469	4041	1
GS	114	Picture	10	1946282	0	1	3154	2	0	3000
GS	115	Response	1	1954399	4797	2
GS	116	Picture	20	1975161	0	1	3153	2	0	3000
GS	117	Response	2	1982178	3698	1
GS	118	Picture	20	2005201	0	2	3154	3	0	3000
GS	119	Response	2	2010529	2008	1
GS	120	Picture	10	2036404	0	1	3153	2	0	3000
GS	121	Response	1	2042607	2884	1
GS	122	Picture	21	2067274	0	1	3153	2	0	3000
GS	123	Response	2	2073528	2935	1
GS	124	Picture	21	2099140	0	1	3153	3	0	3000
GS	125	Response	2	2105101	2642	1
GS	126	Picture	20	2127853	0	1	3153	2	0	3000
GS	127	Response	2	2134339	3167	1
GS	128	Picture	11	2162706	0	2	3154	3	0	3000
GS	129	Response	1	2168187	2161	2
GS	130	Picture	11	2194738	0	2	3154	3	0	3000
GS	131	Response	1	2200076	2018	1
GS	132	Picture	20	2227269	0	1	3153	2	0	3000
GS	133	Response	2	2232825	2237	2
GS	134	Picture	10	2267599	0	1	3153	3	0	3000
GS	135	Response	1	2275811	4892	1
GS	136	Picture	20	2307266	0	1	3153	2	0	3000
GS	137	Response	2	2312963	2378	1
GS	138	Picture	10	2345937	0	1	3153	2	0	3000
GS	139	Response	1	2354858	5602	1
GS	140	Picture	11	2377969	0	1	3153	2	0	3000
GS	141	Response	1	2383060	1772	1
GS	142	Picture	10	2408507	0	2	3154	3	0	3000
GS	143	Response	1	2417081	5254	2
GS	144	Picture	20	2439212	0	1	3153	2	0	3000
GS	145	Response	2	2446848	4317	1
GS	146	Picture	11	2478546	0	2	3154	3	0	3000
GS	147	Response	1	2483415	1549	2
GS	148	Picture	20	2517549	0	1	3154	2	0	3000
GS	149	Response	2	2522903	2034	2
GS	150	Picture	20	2550411	0	1	3154	2	0	3000
GS	151	Response	2	2557226	3495	1
GS	152	Picture	10	2588252	0	1	3154	2	0	3000
GS	153	Response	1	2595866	4294	1
GS	154	Picture	21	2622110	0	1	3153	3	0	3000
GS	155	Response	2	2629121	3692	1
GS	156	Picture	21	2658125	0	2	3154	3	0	3000
GS	157	Response	2	2662740	1295	2
GS	158	Picture	11	2687834	0	1	3153	2	0	3000
GS	159	Response	1	2693289	2136	1
GS	160	Picture	11	2720862	0	1	3153	2	0	3000
GS	161	Response	1	2726727	2546	1
GS	162	Picture	10	2757209	0	1	3154	2	0	3000
GS	163	Response	1	2765479	4950	2
GS	164	Picture	20	2794718	0	2	3154	3	0	3000
GS	165	Response	2	2800565	2527	1
GS	166	Picture	10	2829240	0	1	3153	3	0	3000
GS	167	Response	1	2837232	4673	1
GS	168	Picture	10	2860110	0	2	3154	3	0	3000
GS	169	Response	1	2869454	6024	1
GS	170	Picture	21	2900275	0	1	3153	2	0	3000
GS	171	Response	2	2907023	3429	1
GS	172	Picture	20	2936456	0	2	3154	3	0	3000
GS	173	Response	2	2944015	4239	1
GS	174	Picture	10	2968156	0	2	3154	3	0	3000
GS	175	Response	1	2975002	3526	1
GS	176	Picture	10	3003342	0	1	3153	3	0	3000
GS	177	Response	1	3009761	3100	1
GS	178	Picture	20	3033216	0	2	3154	3	0	3000
GS	179	Response	2	3039527	2991	1
GS	180	Picture	10	3071224	0	1	3153	2	0	3000
GS	181	Response	1	3076898	2355	2
GS	182	Picture	21	3103588	0	1	3153	2	0	3000
GS	183	Response	2	3110802	3895	1
GS	184	Picture	21	3133960	0	1	3153	3	0	3000
GS	185	Response	2	3139509	2230	1
GS	186	Picture	20	3173793	0	1	3153	2	0	3000
GS	187	Response	2	3179276	2164	1
GS	188	Picture	10	3210306	0	1	3153	3	0	3000
GS	189	Response	1	3218127	4502	1
GS	190	Picture	20	3249143	0	1	3153	2	0	3000
GS	191	Response	2	3256316	3854	1
GS	192	Picture	20	3284992	0	2	3154	3	0	3000
GS	193	Response	2	3290404	2092	2
GS	194	Picture	11	3322667	0	2	3154	3	0	3000
GS	195	Response	1	3328632	2646	1
GS	196	Picture	10	3353538	0	1	3153	2	0	3000
GS	197	Response	1	3361326	4469	1
GS	198	Picture	11	3392872	0	2	3154	3	0	3000
GS	199	Response	1	3398065	1873	1
GS	200	Picture	21	3425734	0	2	3154	3	0	3000
GS	201	Response	2	3431233	2179	2
GS	202	Picture	20	3462912	0	1	3153	2	0	3000
GS	203	Response	2	3472300	6069	2
GS	204	Picture	11	3502578	0	2	3154	3	0	3000
GS	205	Response	1	3507160	1262	1
GS	206	Picture	11	3535440	0	2	3154	3	0	3000
GS	207	Response	1	3539794	1034	1
GS	208	Picture	21	3573447	0	2	3154	3	0	3000
GS	209	Response	2	3577902	1135	1
GS	210	Picture	20	3611288	0	2	3154	3	0	3000
GS	211	Response	2	3618760	4152	1
GS	212	Picture	11	3640333	0	1	3153	3	0	3000
GS	213	Response	1	3645457	1805	2
GS	214	Picture	11	3675021	0	1	3153	2	0	3000
GS	215	Response	1	3680309	1969	1
GS	216	Picture	20	3715185	0	2	3154	3	0	3000
GS	217	Response	2	3721953	3448	1
GS	218	Picture	10	3750039	0	1	3153	2	0	3000
GS	219	Response	1	3756395	3037	1
GS	220	Picture	21	3789540	0	1	3153	2	0	3000
GS	221	Response	2	3795060	2201	1
GS	222	Picture	20	3821572	0	1	3153	2	0	3000
GS	223	Response	1	3827764	2873	1
GS	224	Picture	20	3861404	0	2	3154	3	0	3000
GS	225	Response	2	3866635	1911	2
GS	226	Picture	20	3895926	0	1	3153	3	0	3000
GS	227	Response	2	3901937	2692	1
GS	228	Picture	11	3929120	0	1	3153	3	0	3000
GS	229	Response	1	3935371	2932	1
GS	230	Picture	21	3962646	0	1	3153	2	0	3000
GS	231	Response	2	3967768	1803	2
GS	232	Picture	21	3993184	0	2	3154	3	0	3000
GS	233	Response	2	4000079	3575	1
GS	234	Picture	10	4032685	0	1	3153	2	0	3000
GS	235	Response	2	4041791	5787	2
GS	236	Picture	11	4068368	0	2	3154	3	0	3000
GS	237	Response	1	4072053	365	1
GS	238	Picture	21	4107371	0	2	3154	3	0	3000
GS	239	Response	2	4112491	1800	1
GS	240	Picture	21	4144548	0	2	3154	3	0	3000
GS	241	Response	2	4148613	745	1
GS	242	Picture	11	4183219	0	2	3154	3	0	3000
GS	243	Response	1	4187900	1361	2
GS	244	Picture	20	4223716	0	1	3153	2	0	3000
GS	245	Response	2	4231496	4461	2
GS	246	Picture	20	4252263	0	1	3153	2	0	3000
GS	247	Response	2	4259936	4354	1
GS	248	Picture	11	4286618	0	2	3154	3	0	3000
GS	249	Response	1	4292191	2253	1
GS	250	Picture	11	4323961	0	2	3154	3	0	3000
GS	251	Response	1	4331326	4045	1
GS	252	Picture	20	4355662	0	1	3153	2	0	3000
GS	253	Response	2	4363042	4061	1
GS	254	Picture	20	4393835	0	1	3153	2	0	3000
GS	255	Response	2	4401262	4108	1
GS	256	Picture	11	4425369	0	1	3153	2	0	3000
GS	257	Response	1	4435020	6332	1
GS	258	Picture	11	4458563	0	1	3153	2	0	3000
GS	259	Response	1	4464783	2901	2
GS	260	Picture	21	4497068	0	1	3153	2	0	3000
GS	261	Response	2	4502498	2111	1
GS	262	Picture	11	4532419	0	1	3154	2	0	3000
GS	263	Response	1	4538122	2383	1
GS	264	Picture	10	4569762	0	2	3154	3	0	3000
GS	265	Response	2	4577019	3937	1
GS	266	Picture	21	4601131	0	1	3153	2	0	3000
GS	267	Response	2	4608012	3562	2
GS	268	Picture	20	4633993	0	1	3153	2	0	3000
GS	269	Response	2	4643786	6474	1
GS	270	Picture	11	4664863	0	1	3153	2	0	3000
GS	271	Response	1	4671397	3215	1
GS	272	Picture	11	4700546	0	2	3154	3	0	3000
GS	273	Response	1	4707279	3413	1
GS	274	Picture	11	4735898	0	1	3153	2	0	3000
GS	275	Response	1	4741358	2141	1
GS	276	Picture	20	4765938	0	2	3154	3	0	3000
GS	277	Response	2	4773724	4466	1
GS	278	Picture	21	4805937	0	1	3153	3	0	3000
GS	279	Response	2	4812336	3080	1
GS	280	Picture	21	4837471	0	1	3154	2	0	3000
GS	281	Response	2	4843644	2853	1
GS	282	Picture	21	4876474	0	1	3153	3	0	3000
GS	283	Response	2	4880836	1043	1
GS	284	Picture	21	4912987	0	2	3154	3	0	3000
GS	285	Response	2	4916873	566	1
GS	286	Picture	10	4951492	0	2	3154	3	0	3000
GS	287	Response	2	4956402	1590	1
GS	288	Picture	21	4988503	0	2	3154	3	0	3000
GS	289	Response	2	4993310	1487	2
GS	290	Picture	10	5025681	0	1	3153	2	0	3000
GS	291	Response	1	5031859	2859	2
GS	292	Picture	10	5058874	0	2	3154	3	0	3000
GS	293	Response	1	5072326	10132	1
GS	294	Picture	21	5097711	0	2	3154	3	0	3000
GS	295	Response	2	5102091	1060	2
GS	296	Picture	20	5127420	0	1	3153	2	0	3000
GS	297	Response	2	5139166	8427	1
GS	298	Picture	20	5165925	0	1	3153	2	0	3000
GS	299	Response	2	5172983	3739	1
GS	300	Picture	10	5199285	0	1	3153	2	0	3000
GS	302	Response	1	5429132	192836	1
GS	304	Picture	10	5449401	0	1	3153	2	0	3000
GS	305	Response	1	5460544	7824	2
GS	306	Picture	20	5484420	0	2	3154	3	0	3000
GS	307	Response	2	5492196	4456	1
GS	308	Picture	11	5521764	0	1	3153	2	0	3000
GS	309	Response	1	5526485	1402	1
GS	310	Picture	20	5560102	0	2	3154	3	0	3000
GS	311	Response	2	5566355	2933	1
GS	312	Picture	10	5599271	0	2	3154	3	0	3000
GS	313	Response	1	5605371	2780	1
GS	314	Picture	11	5634789	0	1	3153	2	0	3000
GS	315	Response	1	5641577	3469	1
GS	316	Picture	11	5664829	0	2	3154	3	0	3000
GS	317	Response	1	5669448	1299	1
GS	318	Picture	10	5701509	0	1	3153	2	0	3000
GS	319	Response	2	5706632	1804	1
GS	320	Picture	21	5741673	0	1	3154	2	0	3000
GS	321	Response	2	5747273	2280	1
GS	322	Picture	10	5778186	0	2	3154	3	0	3000
GS	323	Response	1	5785845	4339	2
GS	324	Picture	20	5806899	0	1	3154	2	0	3000
GS	325	Response	1	5812535	2316	2
GS	326	Picture	20	5838931	0	2	3154	3	0	3000
GS	327	Response	2	5845483	3232	1
GS	328	Picture	20	5867976	0	1	3153	2	0	3000
GS	329	Response	2	5873918	2623	1
GS	330	Picture	20	5904821	0	1	3154	2	0	3000
GS	331	Response	2	5911163	3022	1
GS	332	Picture	20	5941500	0	2	3154	3	0	3000
GS	333	Response	2	5947752	2932	1
GS	334	Picture	11	5980503	0	2	3154	3	0	3000
GS	335	Response	1	5986031	2208	2
GS	336	Picture	20	6018510	0	2	3154	3	0	3000
GS	337	Response	2	6027171	5341	1
GS	338	Picture	10	6050045	0	1	3153	2	0	3000
GS	339	Response	1	6060690	7326	1
GS	340	Picture	11	6085064	0	1	3153	3	0	3000
GS	341	Response	1	6090184	1801	1
GS	342	Picture	11	6115436	0	2	3154	3	0	3000
GS	343	Response	1	6120537	1781	1
GS	344	Picture	21	6153775	0	2	3154	3	0	3000
GS	345	Response	2	6161441	4346	1
GS	346	Picture	11	6186969	0	2	3154	3	0	3000
GS	347	Response	1	6193307	3018	1
GS	348	Picture	11	6219333	0	2	3154	3	0	3000
GS	349	Response	1	6235218	12565	1
GS	350	Picture	21	6254685	0	1	3153	3	0	3000
GS	351	Response	2	6259427	1423	2
GS	352	Picture	21	6291862	0	1	3154	2	0	3000
GS	353	Response	2	6297885	2704	1
GS	354	Picture	10	6324226	0	1	3154	2	0	3000
GS	355	Response	1	6331642	4096	1
GS	356	Picture	21	6364557	0	1	3153	2	0	3000
GS	357	Response	2	6370241	2365	1
GS	358	Picture	21	6401734	0	1	3153	2	0	3000
GS	359	Response	2	6406923	1870	1
GS	360	Picture	20	6434098	0	1	3153	3	0	3000
GS	361	Response	1	6439261	1844	1
GS	362	Picture	11	6472769	0	1	3153	2	0	3000
GS	363	Response	1	6479277	3189	1
GS	364	Picture	10	6503473	0	2	3154	3	0	3000
GS	365	Response	1	6514889	8096	1
GS	366	Picture	11	6536667	0	1	3154	2	0	3000
GS	367	Response	1	6542966	2979	1
GS	368	Picture	10	6568699	0	2	3154	3	0	3000
GS	369	Response	1	6581032	9013	1
GS	370	Picture	10	6605545	0	1	3153	2	0	3000
GS	371	Response	1	6614049	5185	1
GS	372	Picture	20	6637909	0	1	3153	2	0	3000
GS	373	Response	2	6645406	4178	1
GS	374	Picture	10	6674920	0	1	3153	2	0	3000
GS	375	Response	1	6683452	5213	1
GS	376	Picture	20	6709441	0	2	3154	3	0	3000
GS	377	Response	2	6719806	7045	1
GS	378	Picture	21	6743797	0	1	3154	2	0	3000
GS	379	Response	2	6749754	2637	2
GS	380	Picture	10	6773838	0	1	3153	2	0	3000
GS	381	Response	1	6780883	3726	1
GS	382	Picture	11	6811181	0	1	3153	2	0	3000
GS	383	Response	1	6815818	1318	1
GS	384	Picture	10	6839893	0	2	3154	3	0	3000
GS	385	Response	1	6849985	6772	1
GS	386	Picture	20	6868938	0	1	3154	2	0	3000
GS	387	Response	2	6878623	6365	1
GS	388	Picture	11	6901468	0	1	3154	2	0	3000
GS	389	Response	1	6906768	1980	2
GS	390	Picture	21	6934496	0	1	3153	3	0	3000
GS	391	Response	2	6940139	2324	1
GS	392	Picture	11	6972835	0	1	3153	3	0	3000
GS	393	Response	1	6978246	2092	1
GS	394	Picture	11	7013000	0	1	3153	2	0	3000
GS	395	Response	1	7018801	2482	1
GS	396	Picture	21	7045032	0	1	3153	2	0	3000
GS	397	Response	2	7052079	3728	1
GS	398	Picture	20	7084201	0	1	3153	2	0	3000
GS	399	Response	2	7091781	4261	1
GS	400	Picture	20	7118058	0	2	3154	3	0	3000
GS	401	Response	2	7126429	5051	1
GS	402	Picture	20	7152746	0	1	3153	3	0	3000
GS	403	Response	2	7158504	2439	1
GS	404	Picture	20	7189923	0	2	3154	3	0	3000
GS	405	Response	2	7196080	2837	2
GS	406	Picture	20	7226768	0	2	3154	3	0	3000
GS	407	Response	2	7234095	4007	1
GS	408	Picture	21	7256145	0	1	3153	3	0	3000
GS	409	Response	2	7263148	3684	1
GS	410	Picture	20	7294982	0	1	3153	2	0	3000
GS	411	Response	2	7299564	1263	1
GS	412	Picture	11	7327512	0	1	3153	2	0	3000
GS	413	Response	1	7333030	2199	1
GS	414	Picture	20	7358714	0	2	3154	3	0	3000
GS	415	Response	2	7364920	2886	1
GS	416	Picture	20	7387925	0	1	3153	2	0	3000
GS	418	Picture	20	7422115	0	1	3153	2	0	3000
GS	419	Response	2	7426633	1199	2
GS	420	Picture	20	7459458	0	1	3153	2	0	3000
GS	421	Response	2	7464291	1514	1
GS	422	Picture	10	7498129	0	1	3153	2	0	3000
GS	423	Response	2	7503666	2218	1
GS	424	Picture	21	7533480	0	1	3154	2	0	3000
GS	425	Response	2	7540693	3894	1
GS	426	Picture	21	7570491	0	2	3154	3	0	3000
GS	427	Response	2	7577756	3945	1
GS	428	Picture	21	7609826	0	1	3154	2	0	3000
GS	429	Response	2	7615772	2627	1
GS	430	Picture	20	7649991	0	1	3153	2	0	3000
GS	431	Response	2	7660562	7252	1
GS	432	Picture	10	7685840	0	1	3154	2	0	3000
GS	433	Response	1	7694734	5575	1
GS	434	Picture	21	7718868	0	1	3153	3	0	3000
GS	435	Response	2	7725448	3261	1
GS	436	Picture	20	7750734	0	2	3154	3	0	3000
GS	437	Response	2	7758054	4000	1
GS	438	Picture	11	7790069	0	1	3153	3	0	3000
GS	439	Response	1	7797274	3886	1
GS	440	Picture	10	7829736	0	1	3153	2	0	3000
GS	441	Response	1	7840016	6961	1
GS	442	Picture	21	7867909	0	1	3153	2	0	3000
GS	443	Response	2	7876726	5498	2
GS	444	Picture	10	7899111	0	1	3153	3	0	3000
GS	445	Response	1	7907607	5177	1
GS	446	Picture	11	7938446	0	1	3153	2	0	3000
GS	447	Response	1	7945796	4031	1
GS	448	Picture	11	7970644	0	1	3153	2	0	3000
GS	449	Response	1	7977340	3377	1
GS	450	Picture	11	8008817	0	1	3153	2	0	3000
GS	451	Response	1	8017539	5403	1
GS	452	Picture	11	8046990	0	1	3153	2	0	3000
GS	453	Response	1	8051203	894	1
GS	454	Picture	21	8083669	0	1	3154	2	0	3000
GS	455	Response	2	8089731	2823	15
GS	456	Picture	10	8119353	0	1	3153	2	0	3000
GS	457	Response	1	8130298	7626	1
GS	458	Picture	10	8153376	0	2	3154	3	0	3000
GS	459	Response	1	8160562	3866	1
GS	460	Picture	11	8182587	0	1	3153	2	0	3000
GS	461	Response	1	8187484	1659	1
GS	462	Picture	21	8221922	0	1	3153	2	0	3000
GS	463	Response	2	8227056	1815	1
GS	464	Picture	20	8259763	0	1	3153	2	0	3000
GS	465	Response	2	8267437	4355	1
GS	466	Picture	11	8289471	0	2	3154	3	0	3000
GS	467	Response	1	8296288	3497	2
GS	468	Picture	11	8323661	0	1	3153	3	0	3000
GS	469	Response	1	8329513	2533	2
GS	470	Picture	11	8359179	0	1	3153	2	0	3000
GS	471	Response	1	8364515	2017	2
GS	472	Picture	10	8395858	0	1	3153	2	0	3000
GS	473	Response	1	8403861	4684	2
GS	474	Picture	21	8433865	0	1	3153	2	0	3000
GS	475	Response	2	8440963	3779	1
GS	476	Picture	20	8469548	0	2	3154	3	0	3000
GS	477	Response	2	8476879	4011	1
GS	478	Picture	11	8499091	0	1	3153	2	0	3000
GS	479	Response	1	8511019	8609	1
GS	480	Picture	21	8538260	0	1	3153	2	0	3000
GS	481	Response	2	8545338	3759	1
GS	482	Picture	20	8578424	0	2	3154	3	0	3000
GS	483	Response	2	8585775	4031	1
GS	484	Picture	10	8608963	0	1	3153	2	0	3000
GS	485	Response	1	8625270	12988	1
GS	486	Picture	20	8647136	0	1	3153	2	0	3000
GS	487	Response	2	8658822	8367	1
GS	488	Picture	21	8687134	0	2	3154	3	0	3000
GS	489	Response	2	8692762	2308	2
GS	490	Picture	11	8725805	0	2	3154	3	0	3000
GS	491	Response	1	8732431	3306	1
GS	492	Picture	21	8758667	0	1	3154	2	0	3000
GS	493	Response	2	8762849	862	1
GS	494	Picture	10	8796342	0	2	3154	3	0	3000
GS	495	Response	1	8802605	2943	1
GS	496	Picture	10	8834847	0	1	3154	2	0	3000
GS	496	Response	2	8837985	3138	1
GS	498	Picture	10	8874680	0	1	3153	2	0	3000
GS	499	Response	1	8880721	2722	1
GS	500	Picture	11	8907542	0	1	3153	2	0	3000
GS	501	Response	1	8912200	1339	2
GS	502	Picture	20	8939574	0	1	3153	3	0	3000
GS	503	Response	2	8947314	4421	1
GS	504	Picture	21	8972602	0	1	3153	2	0	3000
GS	505	Response	2	8980422	4501	2
GS	506	Picture	21	9001149	0	1	3153	2	0	3000
GS	507	Response	2	9005374	906	1
GS	508	Picture	11	9037496	0	1	3153	3	0	3000
GS	509	Response	1	9042831	2016	1
GS	510	Picture	20	9077163	0	1	3153	2	0	3000
GS	511	Response	2	9089619	9137	1
GS	512	Picture	21	9106041	0	2	3154	3	0	3000
GS	513	Response	2	9111879	2518	1
GS	514	Picture	10	9144214	0	2	3154	3	0	3000
GS	515	Response	1	9152499	4965	1
GS	516	Picture	21	9174089	0	1	3153	2	0	3000
GS	517	Response	2	9179577	2169	1
GS	518	Picture	20	9213258	0	1	3153	2	0	3000
GS	519	Response	1	9218808	2231	1
GS	520	Picture	10	9251763	0	1	3153	2	0	3000
GS	521	Response	2	9258285	3203	2
GS	522	Picture	21	9288442	0	1	3153	2	0	3000
GS	523	Response	2	9294210	2449	1
GS	524	Picture	11	9322964	0	1	3153	2	0	3000
GS	525	Response	1	9328270	1987	1
GS	526	Picture	11	9354664	0	1	3153	2	0	3000
GS	527	Response	1	9360668	2685	2
GS	528	Picture	10	9384206	0	2	3154	3	0	3000
GS	529	Response	1	9390672	3146	2
GS	530	Picture	10	9413915	0	1	3153	2	0	3000
GS	531	Response	1	9421887	4653	1
GS	532	Picture	21	9442462	0	1	3153	2	0	3000
GS	533	Response	2	9450407	4626	1
GS	534	Picture	21	9480635	0	1	3153	2	0	3000
GS	535	Response	2	9485999	2045	1
GS	536	Picture	20	9510675	0	1	3154	2	0	3000
GS	537	Response	2	9517248	3254	2
GS	538	Picture	20	9541379	0	2	3154	3	0	3000
GS	539	Response	2	9549239	4540	1
GS	540	Picture	10	9578889	0	1	3153	2	0	3000
GS	541	Response	1	9585600	3392	2
GS	542	Picture	20	9617725	0	2	3154	3	0	3000
GS	543	Response	2	9625266	4221	1
GS	544	Picture	10	9654737	0	1	3153	2	0	3000
GS	545	Response	1	9661094	3038	2
GS	546	Picture	20	9687931	0	1	3153	2	0	3000
GS	547	Response	2	9693575	2325	1
GS	548	Picture	21	9721456	0	2	3154	3	0	3000
GS	549	Response	2	9728398	3622	1
GS	550	Picture	10	9761787	0	1	3153	3	0	3000
GS	551	Response	1	9767801	2695	1
GS	552	Picture	20	9797470	0	2	3154	3	0	3000
GS	553	Response	1	9802618	1828	2
GS	554	Picture	21	9831826	0	1	3154	2	0	3000
GS	555	Response	2	9837197	2051	1
GS	556	Picture	10	9861037	0	1	3153	2	0	3000
GS	557	Response	1	9866198	1842	1
GS	558	Picture	11	9900372	0	1	3153	2	0	3000
GS	559	Response	1	9905659	1968	2
GS	560	Picture	21	9935723	0	1	3154	2	0	3000
GS	561	Response	2	9941154	2112	1
GS	562	Picture	20	9965930	0	1	3153	2	0	3000
GS	563	Response	2	9975000	5751	1
GS	564	Picture	11	10003771	0	1	3153	2	0	3000
GS	565	Response	1	10009913	2823	1
GS	566	Picture	20	10040284	0	1	3153	2	0	3000
GS	567	Response	2	10045966	2363	1
GS	568	Picture	20	10070490	0	2	3154	3	0	3000
GS	569	Response	2	10076117	2307	2
GS	570	Picture	10	10107336	0	1	3153	2	0	3000
GS	571	Response	1	10114514	3859	1
GS	572	Picture	11	10137210	0	1	3153	3	0	3000
GS	573	Response	1	10143508	2979	1
GS	574	Picture	11	10172396	0	1	3153	2	0	3000
GS	575	Response	1	10178117	2402	1
GS	576	Picture	11	10202602	0	1	3153	3	0	3000
GS	577	Response	1	10207671	1750	1
GS	578	Picture	21	10234468	0	2	3154	3	0	3000
GS	579	Response	2	10239566	1778	1
GS	580	Picture	21	10271313	0	2	3154	3	0	3000
GS	581	Response	2	10278765	4132	1
GS	582	Picture	21	10309818	0	2	3154	3	0	3000
GS	583	Response	2	10315830	2692	1
GS	584	Picture	10	10348821	0	1	3154	2	0	3000
GS	585	Response	1	10355735	3594	1
GS	586	Picture	21	10383011	0	1	3153	3	0	3000
GS	587	Response	2	10388983	2653	1
GS	588	Picture	11	10422678	0	1	3153	2	0	3000
GS	590	Picture	11	10459357	0	1	3153	2	0	3000
GS	591	Response	1	10464029	1353	2
GS	592	Picture	20	10487904	0	1	3153	2	0	3000
GS	593	Response	2	10496478	5255	1
GS	594	Picture	11	10526409	0	1	3153	2	0	3000
GS	595	Response	1	10532005	2277	1
GS	596	Picture	11	10556449	0	1	3153	3	0	3000
GS	597	Response	1	10561824	2056	1
GS	598	Picture	11	10595120	0	1	3153	3	0	3000
GS	599	Response	2	10601079	2640	1
GS	600	Picture	21	10635119	0	1	3153	2	0	3000
GS	601	Response	2	10641345	2907	1
GS	602	Picture	11	10668645	0	1	3153	2	0	3000
GS	603	Response	1	10676344	4380	2
GS	604	Response	1	10795931	97910	2


Event Type	Code	Type	Response	RT	RT Uncertainty	Time	Uncertainty	Duration	Uncertainty	ReqTime	ReqDur

Picture	11	other				10414	1	3153	2	0	3000
Picture	20	other				50246	2	3154	3	0	3000
Picture	21	other				85100	1	3153	2	0	3000
Picture	21	other				119622	1	3153	2	0	3000
Picture	20	other				155969	1	3153	2	0	3000
Picture	11	other				186009	2	3154	3	0	3000
Picture	21	other				226008	1	3153	3	0	3000
Picture	11	other				257874	1	3154	2	0	3000
Picture	20	other				288081	1	3153	2	0	3000
Picture	10	other				318619	1	3153	3	0	3000
Picture	21	other				353639	1	3153	2	0	3000
Picture	10	other				390318	1	3153	2	0	3000
Picture	10	other				425337	2	3154	3	0	3000
Picture	20	other				457204	1	3153	2	0	3000
Picture	11	other				487078	1	3153	3	0	3000
Picture	11	other				523591	2	3154	3	0	3000
Picture	11	other				559275	1	3153	2	0	3000
Picture	21	other				589813	1	3154	2	0	3000
Picture	20	other				621015	2	3154	3	0	3000
Picture	21	other				657363	1	3153	2	0	3000
Picture	10	other				686241	2	3154	3	0	3000
Picture	21	other				715120	1	3154	2	0	3000
Picture	21	other				743833	1	3153	2	0	3000
Picture	10	other				776529	1	3153	2	0	3000
Picture	21	other				809059	1	3153	3	0	3000
Picture	11	other				843415	1	3153	2	0	3000
Picture	10	other				881920	1	3153	2	0	3000
Picture	21	other				922250	1	3154	2	0	3000
Picture	11	other				956772	1	3153	2	0	3000
Picture	10	other				992123	2	3154	3	0	3000
Picture	10	other				1023492	1	3153	2	0	3000
Picture	11	other				1061499	1	3153	2	0	3000
Picture	10	other				1093863	1	3153	2	0	3000
Picture	21	other				1129546	1	3154	2	0	3000
Picture	10	other				1160582	2	3154	3	0	3000
Picture	11	other				1191951	1	3153	2	0	3000
Picture	11	other				1228630	1	3153	2	0	3000
Picture	11	other				1262488	1	3153	2	0	3000
Picture	21	other				1302818	2	3154	3	0	3000
Picture	20	other				1340991	2	3154	3	0	3000
Picture	21	other				1381156	1	3153	2	0	3000
Picture	11	other				1419827	1	3153	2	0	3000
Picture	11	other				1448374	1	3153	2	0	3000
Picture	10	other				1483725	1	3153	3	0	3000
Picture	10	other				1518247	1	3153	2	0	3000
Picture	21	other				1552270	2	3154	3	0	3000
Picture	11	other				1592601	2	3153	4	0	3000
Picture	21	other				1625297	1	3153	3	0	3000
Picture	21	other				1654010	1	3153	2	0	3000
Picture	10	other				1691685	1	3153	2	0	3000
Picture	20	other				1724381	1	3153	2	0	3000
Picture	11	other				1763882	1	3153	2	0	3000
Picture	20	other				1796578	1	3153	2	0	3000
Picture	11	other				1837074	1	3154	2	0	3000
Picture	20	other				1872758	1	3153	2	0	3000
Picture	21	other				1908109	1	3154	2	0	3000
Picture	10	other				1946282	1	3154	2	0	3000
Picture	20	other				1975161	1	3153	2	0	3000
Picture	20	other				2005201	2	3154	3	0	3000
Picture	10	other				2036404	1	3153	2	0	3000
Picture	21	other				2067274	1	3153	2	0	3000
Picture	21	other				2099140	1	3153	3	0	3000
Picture	20	other				2127853	1	3153	2	0	3000
Picture	11	other				2162706	2	3154	3	0	3000
Picture	11	other				2194738	2	3154	3	0	3000
Picture	20	other				2227269	1	3153	2	0	3000
Picture	10	other				2267599	1	3153	3	0	3000
Picture	20	other				2307266	1	3153	2	0	3000
Picture	10	other				2345937	1	3153	2	0	3000
Picture	11	other				2377969	1	3153	2	0	3000
Picture	10	other				2408507	2	3154	3	0	3000
Picture	20	other				2439212	1	3153	2	0	3000
Picture	11	other				2478546	2	3154	3	0	3000
Picture	20	other				2517549	1	3154	2	0	3000
Picture	20	other				2550411	1	3154	2	0	3000
Picture	10	other				2588252	1	3154	2	0	3000
Picture	21	other				2622110	1	3153	3	0	3000
Picture	21	other				2658125	2	3154	3	0	3000
Picture	11	other				2687834	1	3153	2	0	3000
Picture	11	other				2720862	1	3153	2	0	3000
Picture	10	other				2757209	1	3154	2	0	3000
Picture	20	other				2794718	2	3154	3	0	3000
Picture	10	other				2829240	1	3153	3	0	3000
Picture	10	other				2860110	2	3154	3	0	3000
Picture	21	other				2900275	1	3153	2	0	3000
Picture	20	other				2936456	2	3154	3	0	3000
Picture	10	other				2968156	2	3154	3	0	3000
Picture	10	other				3003342	1	3153	3	0	3000
Picture	20	other				3033216	2	3154	3	0	3000
Picture	10	other				3071224	1	3153	2	0	3000
Picture	21	other				3103588	1	3153	2	0	3000
Picture	21	other				3133960	1	3153	3	0	3000
Picture	20	other				3173793	1	3153	2	0	3000
Picture	10	other				3210306	1	3153	3	0	3000
Picture	20	other				3249143	1	3153	2	0	3000
Picture	20	other				3284992	2	3154	3	0	3000
Picture	11	other				3322667	2	3154	3	0	3000
Picture	10	other				3353538	1	3153	2	0	3000
Picture	11	other				3392872	2	3154	3	0	3000
Picture	21	other				3425734	2	3154	3	0	3000
Picture	20	other				3462912	1	3153	2	0	3000
Picture	11	other				3502578	2	3154	3	0	3000
Picture	11	other				3535440	2	3154	3	0	3000
Picture	21	other				3573447	2	3154	3	0	3000
Picture	20	other				3611288	2	3154	3	0	3000
Picture	11	other				3640333	1	3153	3	0	3000
Picture	11	other				3675021	1	3153	2	0	3000
Picture	20	other				3715185	2	3154	3	0	3000
Picture	10	other				3750039	1	3153	2	0	3000
Picture	21	other				3789540	1	3153	2	0	3000
Picture	20	other				3821572	1	3153	2	0	3000
Picture	20	other				3861404	2	3154	3	0	3000
Picture	20	other				3895926	1	3153	3	0	3000
Picture	11	other				3929120	1	3153	3	0	3000
Picture	21	other				3962646	1	3153	2	0	3000
Picture	21	other				3993184	2	3154	3	0	3000
Picture	10	other				4032685	1	3153	2	0	3000
Picture	11	other				4068368	2	3154	3	0	3000
Picture	21	other				4107371	2	3154	3	0	3000
Picture	21	other				4144548	2	3154	3	0	3000
Picture	11	other				4183219	2	3154	3	0	3000
Picture	20	other				4223716	1	3153	2	0	3000
Picture	20	other				4252263	1	3153	2	0	3000
Picture	11	other				4286618	2	3154	3	0	3000
Picture	11	other				4323961	2	3154	3	0	3000
Picture	20	other				4355662	1	3153	2	0	3000
Picture	20	other				4393835	1	3153	2	0	3000
Picture	11	other				4425369	1	3153	2	0	3000
Picture	11	other				4458563	1	3153	2	0	3000
Picture	21	other				4497068	1	3153	2	0	3000
Picture	11	other				4532419	1	3154	2	0	3000
Picture	10	other				4569762	2	3154	3	0	3000
Picture	21	other				4601131	1	3153	2	0	3000
Picture	20	other				4633993	1	3153	2	0	3000
Picture	11	other				4664863	1	3153	2	0	3000
Picture	11	other				4700546	2	3154	3	0	3000
Picture	11	other				4735898	1	3153	2	0	3000
Picture	20	other				4765938	2	3154	3	0	3000
Picture	21	other				4805937	1	3153	3	0	3000
Picture	21	other				4837471	1	3154	2	0	3000
Picture	21	other				4876474	1	3153	3	0	3000
Picture	21	other				4912987	2	3154	3	0	3000
Picture	10	other				4951492	2	3154	3	0	3000
Picture	21	other				4988503	2	3154	3	0	3000
Picture	10	other				5025681	1	3153	2	0	3000
Picture	10	other				5058874	2	3154	3	0	3000
Picture	21	other				5097711	2	3154	3	0	3000
Picture	20	other				5127420	1	3153	2	0	3000
Picture	20	other				5165925	1	3153	2	0	3000
Picture	10	other				5199285	1	3153	2	0	3000
Picture	10	other				5449401	1	3153	2	0	3000
Picture	20	other				5484420	2	3154	3	0	3000
Picture	11	other				5521764	1	3153	2	0	3000
Picture	20	other				5560102	2	3154	3	0	3000
Picture	10	other				5599271	2	3154	3	0	3000
Picture	11	other				5634789	1	3153	2	0	3000
Picture	11	other				5664829	2	3154	3	0	3000
Picture	10	other				5701509	1	3153	2	0	3000
Picture	21	other				5741673	1	3154	2	0	3000
Picture	10	other				5778186	2	3154	3	0	3000
Picture	20	other				5806899	1	3154	2	0	3000
Picture	20	other				5838931	2	3154	3	0	3000
Picture	20	other				5867976	1	3153	2	0	3000
Picture	20	other				5904821	1	3154	2	0	3000
Picture	20	other				5941500	2	3154	3	0	3000
Picture	11	other				5980503	2	3154	3	0	3000
Picture	20	other				6018510	2	3154	3	0	3000
Picture	10	other				6050045	1	3153	2	0	3000
Picture	11	other				6085064	1	3153	3	0	3000
Picture	11	other				6115436	2	3154	3	0	3000
Picture	21	other				6153775	2	3154	3	0	3000
Picture	11	other				6186969	2	3154	3	0	3000
Picture	11	other				6219333	2	3154	3	0	3000
Picture	21	other				6254685	1	3153	3	0	3000
Picture	21	other				6291862	1	3154	2	0	3000
Picture	10	other				6324226	1	3154	2	0	3000
Picture	21	other				6364557	1	3153	2	0	3000
Picture	21	other				6401734	1	3153	2	0	3000
Picture	20	other				6434098	1	3153	3	0	3000
Picture	11	other				6472769	1	3153	2	0	3000
Picture	10	other				6503473	2	3154	3	0	3000
Picture	11	other				6536667	1	3154	2	0	3000
Picture	10	other				6568699	2	3154	3	0	3000
Picture	10	other				6605545	1	3153	2	0	3000
Picture	20	other				6637909	1	3153	2	0	3000
Picture	10	other				6674920	1	3153	2	0	3000
Picture	20	other				6709441	2	3154	3	0	3000
Picture	21	other				6743797	1	3154	2	0	3000
Picture	10	other				6773838	1	3153	2	0	3000
Picture	11	other				6811181	1	3153	2	0	3000
Picture	10	other				6839893	2	3154	3	0	3000
Picture	20	other				6868938	1	3154	2	0	3000
Picture	11	other				6901468	1	3154	2	0	3000
Picture	21	other				6934496	1	3153	3	0	3000
Picture	11	other				6972835	1	3153	3	0	3000
Picture	11	other				7013000	1	3153	2	0	3000
Picture	21	other				7045032	1	3153	2	0	3000
Picture	20	other				7084201	1	3153	2	0	3000
Picture	20	other				7118058	2	3154	3	0	3000
Picture	20	other				7152746	1	3153	3	0	3000
Picture	20	other				7189923	2	3154	3	0	3000
Picture	20	other				7226768	2	3154	3	0	3000
Picture	21	other				7256145	1	3153	3	0	3000
Picture	20	other				7294982	1	3153	2	0	3000
Picture	11	other				7327512	1	3153	2	0	3000
Picture	20	other				7358714	2	3154	3	0	3000
Picture	20	other				7387925	1	3153	2	0	3000
Picture	20	other				7422115	1	3153	2	0	3000
Picture	20	other				7459458	1	3153	2	0	3000
Picture	10	other				7498129	1	3153	2	0	3000
Picture	21	other				7533480	1	3154	2	0	3000
Picture	21	other				7570491	2	3154	3	0	3000
Picture	21	other				7609826	1	3154	2	0	3000
Picture	20	other				7649991	1	3153	2	0	3000
Picture	10	other				7685840	1	3154	2	0	3000
Picture	21	other				7718868	1	3153	3	0	3000
Picture	20	other				7750734	2	3154	3	0	3000
Picture	11	other				7790069	1	3153	3	0	3000
Picture	10	other				7829736	1	3153	2	0	3000
Picture	21	other				7867909	1	3153	2	0	3000
Picture	10	other				7899111	1	3153	3	0	3000
Picture	11	other				7938446	1	3153	2	0	3000
Picture	11	other				7970644	1	3153	2	0	3000
Picture	11	other				8008817	1	3153	2	0	3000
Picture	11	other				8046990	1	3153	2	0	3000
Picture	21	other				8083669	1	3154	2	0	3000
Picture	10	other				8119353	1	3153	2	0	3000
Picture	10	other				8153376	2	3154	3	0	3000
Picture	11	other				8182587	1	3153	2	0	3000
Picture	21	other				8221922	1	3153	2	0	3000
Picture	20	other				8259763	1	3153	2	0	3000
Picture	11	other				8289471	2	3154	3	0	3000
Picture	11	other				8323661	1	3153	3	0	3000
Picture	11	other				8359179	1	3153	2	0	3000
Picture	10	other				8395858	1	3153	2	0	3000
Picture	21	other				8433865	1	3153	2	0	3000
Picture	20	other				8469548	2	3154	3	0	3000
Picture	11	other				8499091	1	3153	2	0	3000
Picture	21	other				8538260	1	3153	2	0	3000
Picture	20	other				8578424	2	3154	3	0	3000
Picture	10	other				8608963	1	3153	2	0	3000
Picture	20	other				8647136	1	3153	2	0	3000
Picture	21	other				8687134	2	3154	3	0	3000
Picture	11	other				8725805	2	3154	3	0	3000
Picture	21	other				8758667	1	3154	2	0	3000
Picture	10	other				8796342	2	3154	3	0	3000
Picture	10	other				8834847	1	3154	2	0	3000
Picture	10	other				8874680	1	3153	2	0	3000
Picture	11	other				8907542	1	3153	2	0	3000
Picture	20	other				8939574	1	3153	3	0	3000
Picture	21	other				8972602	1	3153	2	0	3000
Picture	21	other				9001149	1	3153	2	0	3000
Picture	11	other				9037496	1	3153	3	0	3000
Picture	20	other				9077163	1	3153	2	0	3000
Picture	21	other				9106041	2	3154	3	0	3000
Picture	10	other				9144214	2	3154	3	0	3000
Picture	21	other				9174089	1	3153	2	0	3000
Picture	20	other				9213258	1	3153	2	0	3000
Picture	10	other				9251763	1	3153	2	0	3000
Picture	21	other				9288442	1	3153	2	0	3000
Picture	11	other				9322964	1	3153	2	0	3000
Picture	11	other				9354664	1	3153	2	0	3000
Picture	10	other				9384206	2	3154	3	0	3000
Picture	10	other				9413915	1	3153	2	0	3000
Picture	21	other				9442462	1	3153	2	0	3000
Picture	21	other				9480635	1	3153	2	0	3000
Picture	20	other				9510675	1	3154	2	0	3000
Picture	20	other				9541379	2	3154	3	0	3000
Picture	10	other				9578889	1	3153	2	0	3000
Picture	20	other				9617725	2	3154	3	0	3000
Picture	10	other				9654737	1	3153	2	0	3000
Picture	20	other				9687931	1	3153	2	0	3000
Picture	21	other				9721456	2	3154	3	0	3000
Picture	10	other				9761787	1	3153	3	0	3000
Picture	20	other				9797470	2	3154	3	0	3000
Picture	21	other				9831826	1	3154	2	0	3000
Picture	10	other				9861037	1	3153	2	0	3000
Picture	11	other				9900372	1	3153	2	0	3000
Picture	21	other				9935723	1	3154	2	0	3000
Picture	20	other				9965930	1	3153	2	0	3000
Picture	11	other				10003771	1	3153	2	0	3000
Picture	20	other				10040284	1	3153	2	0	3000
Picture	20	other				10070490	2	3154	3	0	3000
Picture	10	other				10107336	1	3153	2	0	3000
Picture	11	other				10137210	1	3153	3	0	3000
Picture	11	other				10172396	1	3153	2	0	3000
Picture	11	other				10202602	1	3153	3	0	3000
Picture	21	other				10234468	2	3154	3	0	3000
Picture	21	other				10271313	2	3154	3	0	3000
Picture	21	other				10309818	2	3154	3	0	3000
Picture	10	other				10348821	1	3154	2	0	3000
Picture	21	other				10383011	1	3153	3	0	3000
Picture	11	other				10422678	1	3153	2	0	3000
Picture	11	other				10459357	1	3153	2	0	3000
Picture	20	other				10487904	1	3153	2	0	3000
Picture	11	other				10526409	1	3153	2	0	3000
Picture	11	other				10556449	1	3153	3	0	3000
Picture	11	other				10595120	1	3153	3	0	3000
Picture	21	other				10635119	1	3153	2	0	3000
Picture	11	other				10668645	1	3153	2	0	3000
