Scenario - GO/NO-GO
Logfile written - 05/05/2011 08:45:33

Subject	Trial	Event Type	Code	Time	TTime	Uncertainty	Duration	Uncertainty	ReqTime	ReqDur

GS	2	Picture	22	289	0	2	3154	3	0	3000
GS	2	Response	1	5348	5059	1
GS	3	Picture	33	10248	0	1	3153	2	0	3000
GS	4	Picture	22	18878	0	1	3153	3	0	3000
GS	4	Response	1	22339	3461	1
GS	5	Picture	22	29500	0	1	3153	3	0	3000
GS	5	Response	1	32566	3066	1
GS	6	Picture	22	38131	0	1	3153	2	0	3000
GS	6	Response	1	41049	2918	1
GS	7	Picture	33	47923	0	1	3153	2	0	3000
GS	8	Picture	22	56221	0	2	3154	3	0	3000
GS	8	Response	1	59160	2939	1
GS	9	Picture	22	65349	0	2	3154	3	0	3000
GS	9	Response	1	68236	2887	1
GS	10	Picture	22	73980	0	1	3153	2	0	3000
GS	10	Response	1	76955	2975	1
GS	11	Picture	22	83606	0	1	3154	2	0	3000
GS	11	Response	1	86591	2985	2
GS	12	Picture	22	93232	0	2	3154	3	0	3000
GS	12	Response	1	96403	3171	2
GS	13	Picture	33	103191	0	1	3153	2	0	3000
GS	14	Picture	22	113647	0	1	3153	2	0	3000
GS	14	Response	1	116139	2492	1
GS	15	Picture	22	122111	0	1	3153	3	0	3000
GS	15	Response	1	124626	2515	2
GS	16	Picture	22	132733	0	1	3154	2	0	3000
GS	16	Response	1	135032	2299	1
GS	17	Picture	33	142193	0	2	3154	3	0	3000
GS	18	Picture	22	151322	0	1	3153	2	0	3000
GS	18	Response	1	154001	2679	1
GS	19	Picture	22	162442	0	1	3153	2	0	3000
GS	19	Response	1	165057	2615	1
GS	20	Picture	22	173396	0	1	3153	2	0	3000
GS	20	Response	1	176023	2627	1
GS	21	Picture	22	184350	0	1	3153	2	0	3000
GS	21	Response	1	188078	3728	1
GS	22	Picture	22	192482	0	1	3154	2	0	3000
GS	22	Response	1	196861	4379	1
GS	23	Picture	33	201445	0	1	3153	2	0	3000
GS	24	Picture	22	210739	0	1	3153	2	0	3000
GS	24	Response	1	213469	2730	1
GS	25	Picture	22	219369	0	1	3154	2	0	3000
GS	25	Response	1	222013	2644	2
GS	26	Picture	22	228332	0	1	3153	2	0	3000
GS	26	Response	1	231502	3170	1
GS	27	Picture	22	238456	0	1	3153	2	0	3000
GS	27	Response	1	241937	3481	1
GS	28	Picture	22	249410	0	1	3153	2	0	3000
GS	28	Response	1	253552	4142	1
GS	29	Picture	33	260032	0	1	3153	2	0	3000
GS	30	Picture	22	269160	0	1	3153	3	0	3000
GS	30	Response	1	271694	2534	1
GS	31	Picture	33	277624	0	2	3154	3	0	3000
GS	31	Response	1	280480	2856	1
GS	32	Picture	22	285923	0	1	3153	3	0	3000
GS	32	Response	1	289848	3925	2
GS	33	Picture	22	295549	0	2	3154	3	0	3000
GS	33	Response	1	299725	4176	1
GS	34	Picture	22	304844	0	1	3153	2	0	3000
GS	34	Response	1	308067	3223	1
GS	35	Picture	22	315798	0	1	3153	2	0	3000
GS	35	Response	1	319714	3916	1
GS	36	Picture	22	324594	0	1	3153	3	0	3000
GS	36	Response	1	328231	3637	1
GS	37	Picture	33	334884	0	1	3153	3	0	3000
GS	38	Picture	22	345672	0	1	3153	3	0	3000
GS	38	Response	1	348033	2361	1
GS	39	Picture	22	355132	0	2	3154	3	0	3000
GS	39	Response	1	357915	2783	1
GS	40	Picture	22	366086	0	2	3154	3	0	3000
GS	40	Response	1	368801	2715	1
GS	41	Picture	22	374551	0	1	3153	2	0	3000
GS	41	Response	1	379567	5016	1
GS	42	Picture	22	383015	0	1	3154	2	0	3000
GS	42	Response	1	389593	6578	1
GS	43	Picture	33	391314	0	1	3153	2	0	3000
GS	44	Picture	22	400110	0	1	3153	3	0	3000
GS	44	Response	1	403244	3134	1
GS	45	Picture	22	409238	0	2	3154	3	0	3000
GS	45	Response	1	412998	3760	1
GS	46	Picture	22	418533	0	1	3153	2	0	3000
GS	46	Response	1	421571	3038	2
GS	47	Picture	22	428325	0	1	3153	2	0	3000
GS	47	Response	1	431385	3060	2
GS	48	Picture	22	436457	0	2	3154	3	0	3000
GS	48	Response	1	439779	3322	2
GS	49	Picture	33	447079	0	2	3154	3	0	3000
GS	49	Response	1	454229	7150	1
GS	50	Picture	22	456208	0	1	3153	2	0	3000
GS	51	Picture	22	464838	0	1	3154	2	0	3000
GS	51	Response	1	465084	246	2
GS	52	Picture	22	473800	0	2	3154	3	0	3000
GS	52	Response	1	476702	2902	1
GS	53	Picture	22	482265	0	1	3153	3	0	3000
GS	53	Response	1	485217	2952	2
GS	54	Picture	22	492223	0	1	3154	2	0	3000
GS	54	Response	1	495179	2956	1
GS	55	Picture	33	502679	0	1	3154	2	0	3000
GS	56	Picture	22	512637	0	2	3154	3	0	3000
GS	56	Response	1	515416	2779	2
GS	57	Picture	22	523591	0	2	3154	3	0	3000
GS	57	Response	1	526207	2616	1
GS	58	Picture	22	531724	0	1	3153	2	0	3000
GS	58	Response	1	534924	3200	1
GS	59	Picture	22	540852	0	1	3154	2	0	3000
GS	59	Response	1	543465	2613	1
GS	60	Picture	22	549980	0	2	3154	3	0	3000
GS	60	Response	1	552687	2707	1
GS	61	Picture	22	560603	0	1	3153	2	0	3000
GS	61	Response	1	564596	3993	1
GS	62	Picture	22	568901	0	1	3153	3	0	3000
GS	62	Response	1	572430	3529	1
GS	63	Picture	33	577366	0	1	3153	2	0	3000
GS	64	Picture	22	587490	0	1	3153	2	0	3000
GS	64	Response	1	590306	2816	1
GS	65	Picture	22	597116	0	1	3153	2	0	3000
GS	65	Response	1	599797	2681	1
GS	66	Picture	22	607572	0	1	3153	3	0	3000
GS	66	Response	1	610499	2927	1
GS	67	Picture	22	617862	0	1	3153	3	0	3000
GS	67	Response	1	621167	3305	2
GS	68	Picture	22	627986	0	1	3154	2	0	3000
GS	68	Response	1	631216	3230	1
GS	69	Picture	22	636782	0	2	3154	3	0	3000
GS	69	Response	1	641321	4539	1
GS	70	Picture	22	646077	0	1	3153	2	0	3000
GS	70	Response	1	650366	4289	1
GS	71	Picture	33	656367	0	1	3153	3	0	3000
GS	72	Picture	22	667321	0	1	3153	3	0	3000
GS	72	Response	1	674001	6680	1
GS	73	Picture	22	678441	0	1	3153	2	0	3000
GS	73	Response	1	682185	3744	1
GS	74	Picture	22	688067	0	1	3154	2	0	3000
GS	74	Response	1	694950	6883	1
GS	75	Picture	33	696864	0	1	3153	2	0	3000
GS	76	Picture	22	706490	0	1	3153	2	0	3000
GS	76	Response	1	709577	3087	1
GS	77	Picture	22	717112	0	1	3153	2	0	3000
GS	77	Response	1	719948	2836	1
GS	78	Picture	22	727568	0	1	3153	2	0	3000
GS	78	Response	1	730730	3162	2
GS	79	Picture	22	737526	0	1	3153	3	0	3000
GS	79	Response	1	740837	3311	1
GS	80	Picture	22	747152	0	2	3154	3	0	3000
GS	80	Response	1	750505	3353	2
GS	81	Picture	22	757940	0	2	3154	3	0	3000
GS	81	Response	1	761442	3502	2
GS	82	Picture	22	767401	0	1	3153	2	0	3000
GS	82	Response	1	772613	5212	1
GS	83	Picture	33	777359	0	1	3153	2	0	3000
GS	84	Picture	22	787815	0	1	3153	2	0	3000
GS	84	Response	1	791698	3883	1
GS	85	Picture	33	796279	0	2	3154	3	0	3000
GS	86	Picture	22	805905	0	2	3154	3	0	3000
GS	86	Response	1	809249	3344	1
GS	87	Picture	22	814702	0	1	3153	2	0	3000
GS	87	Response	1	820513	5811	1
GS	88	Picture	22	824494	0	1	3154	2	0	3000
GS	88	Response	1	829294	4800	1
GS	89	Picture	22	832959	0	1	3153	2	0	3000
GS	89	Response	1	838014	5055	1
GS	90	Picture	22	841755	0	1	3153	2	0	3000
GS	90	Response	1	847386	5631	1
GS	91	Picture	33	850883	0	2	3154	3	0	3000
GS	92	Picture	22	859514	0	1	3153	2	0	3000
GS	92	Response	1	862721	3207	1
GS	93	Picture	33	868310	0	1	3153	3	0	3000
GS	94	Picture	22	877604	0	2	3154	3	0	3000
GS	94	Response	1	880866	3262	1
GS	95	Picture	22	888226	0	2	3154	3	0	3000
GS	95	Response	1	891745	3519	1
GS	96	Picture	22	899180	0	2	3154	3	0	3000
GS	96	Response	1	902560	3380	1
GS	97	Picture	33	910134	0	2	3154	3	0	3000
GS	98	Picture	22	919097	0	1	3153	2	0	3000
GS	98	Response	1	923449	4352	1
GS	99	Picture	22	928723	0	1	3153	3	0	3000
GS	99	Response	1	932229	3506	1
GS	100	Picture	22	938515	0	1	3154	2	0	3000
GS	100	Response	1	942492	3977	2
GS	101	Picture	22	947643	0	2	3154	3	0	3000
GS	101	Response	1	951451	3808	2
GS	102	Picture	22	957934	0	1	3153	2	0	3000
GS	102	Response	1	961910	3976	2
GS	103	Picture	22	967892	0	1	3153	2	0	3000
GS	103	Response	1	971813	3921	1
GS	104	Picture	22	977186	0	1	3153	3	0	3000
GS	104	Response	1	982929	5743	1
GS	105	Picture	33	987144	0	2	3154	3	0	3000
GS	106	Picture	22	996936	0	2	3154	3	0	3000
GS	106	Response	1	1003489	6553	2
GS	107	Picture	22	1006065	0	1	3153	2	0	3000
GS	107	Response	1	1013009	6944	1
GS	108	Picture	22	1014695	0	1	3154	2	0	3000
GS	108	Response	1	1023060	8365	2
GS	109	Picture	22	1023492	0	1	3153	2	0	3000
GS	109	Response	1	1032932	9440	1
GS	110	Picture	22	1033284	0	1	3153	2	0	3000
GS	111	Picture	33	1043408	0	1	3153	2	0	3000
GS	112	Picture	22	1054196	0	1	3153	3	0	3000
GS	112	Response	1	1058725	4529	1
GS	113	Picture	22	1063822	0	1	3154	2	0	3000
GS	113	Response	1	1067147	3325	2
GS	114	Picture	22	1073116	0	2	3154	3	0	3000
GS	114	Response	1	1077643	4527	1
GS	115	Picture	22	1082577	0	1	3153	2	0	3000
GS	115	Response	1	1087724	5147	1
GS	116	Picture	22	1092037	0	1	3153	3	0	3000
GS	116	Response	1	1098721	6684	1
GS	117	Picture	33	1101331	0	2	3154	3	0	3000
GS	118	Picture	22	1109464	0	1	3153	2	0	3000
GS	118	Response	1	1113467	4003	1
GS	119	Picture	22	1119588	0	1	3153	2	0	3000
GS	119	Response	1	1123306	3718	2
GS	120	Picture	22	1129214	0	1	3154	2	0	3000
GS	120	Response	1	1133323	4109	1
GS	121	Picture	22	1140168	0	1	3154	2	0	3000
GS	121	Response	1	1143934	3766	1
GS	122	Picture	22	1150292	0	2	3154	3	0	3000
GS	122	Response	1	1154779	4487	1
GS	123	Picture	22	1158425	0	1	3153	2	0	3000
GS	124	Picture	22	1168549	0	1	3153	2	0	3000
GS	124	Response	1	1172424	3875	1
GS	125	Picture	33	1178507	0	1	3154	2	0	3000
GS	126	Picture	22	1188133	0	2	3154	3	0	3000
GS	126	Response	1	1191091	2958	1
GS	127	Picture	22	1196598	0	1	3153	2	0	3000
GS	127	Response	1	1199662	3064	1
GS	128	Picture	22	1206390	0	1	3153	2	0	3000
GS	128	Response	1	1209322	2932	1
GS	129	Picture	33	1217178	0	1	3153	3	0	3000
GS	129	Response	1	1220131	2953	1
GS	130	Picture	22	1225642	0	2	3154	3	0	3000
GS	130	Response	1	1233801	8159	1
GS	131	Picture	22	1234937	0	1	3153	2	0	3000
GS	131	Response	1	1242372	7435	1
GS	132	Picture	22	1244231	0	1	3153	3	0	3000
GS	133	Picture	33	1252861	0	2	3154	3	0	3000
GS	133	Response	1	1254024	1163	1
GS	134	Picture	22	1262322	0	1	3153	2	0	3000
GS	134	Response	1	1265960	3638	1
GS	135	Picture	33	1273442	0	1	3153	2	0	3000
GS	136	Picture	22	1282570	0	1	3153	3	0	3000
GS	136	Response	1	1285756	3186	2
GS	137	Picture	22	1291366	0	2	3154	3	0	3000
GS	137	Response	1	1295303	3937	1
GS	138	Picture	22	1300827	0	1	3153	2	0	3000
GS	138	Response	1	1304818	3991	1
GS	139	Picture	33	1309125	0	1	3154	2	0	3000
GS	140	Picture	22	1318917	0	2	3154	3	0	3000
GS	140	Response	1	1322162	3245	2
GS	141	Picture	33	1328875	0	2	3154	3	0	3000
GS	142	Picture	22	1337174	0	1	3153	3	0	3000
GS	142	Response	1	1340159	2985	1
GS	143	Picture	22	1347796	0	1	3153	3	0	3000
GS	143	Response	1	1351035	3239	1
GS	144	Picture	22	1357256	0	2	3154	3	0	3000
GS	144	Response	1	1360697	3441	1
GS	145	Picture	22	1365555	0	1	3153	2	0	3000
GS	145	Response	1	1369148	3593	2
GS	146	Picture	22	1376509	0	1	3153	2	0	3000
GS	146	Response	1	1379962	3453	1
GS	147	Picture	33	1387131	0	1	3153	2	0	3000
GS	148	Picture	22	1397919	0	1	3153	2	0	3000
GS	148	Response	1	1400850	2931	1
GS	149	Picture	22	1406217	0	2	3154	3	0	3000
GS	149	Response	1	1408892	2675	1
GS	150	Picture	22	1416175	0	2	3154	3	0	3000
GS	150	Response	1	1418795	2620	1
GS	151	Picture	22	1425138	0	1	3153	2	0	3000
GS	151	Response	1	1428577	3439	1
GS	152	Picture	22	1434598	0	1	3153	3	0	3000
GS	152	Response	1	1438077	3479	1
GS	153	Picture	22	1445220	0	1	3154	2	0	3000
GS	153	Response	1	1449102	3882	1
GS	154	Picture	22	1453353	0	1	3153	2	0	3000
GS	154	Response	1	1457643	4290	1
GS	155	Picture	33	1462813	0	1	3153	2	0	3000
GS	156	Picture	22	1472771	0	1	3153	3	0	3000
GS	156	Response	1	1475726	2955	1
GS	157	Picture	22	1481567	0	2	3154	3	0	3000
GS	157	Response	1	1484597	3030	2
GS	158	Picture	22	1490862	0	1	3153	2	0	3000
GS	158	Response	1	1494207	3345	1
GS	159	Picture	33	1500820	0	1	3153	3	0	3000
GS	160	Picture	22	1511276	0	1	3153	3	0	3000
GS	160	Response	1	1513739	2463	1
GS	161	Picture	33	1521898	0	1	3153	3	0	3000
GS	162	Picture	22	1531358	0	2	3154	3	0	3000
GS	162	Response	1	1534392	3034	1
GS	163	Picture	22	1541316	0	2	3154	3	0	3000
GS	163	Response	1	1544292	2976	2
GS	164	Picture	22	1552270	0	2	3154	3	0	3000
GS	164	Response	1	1555343	3073	2
GS	165	Picture	22	1562561	0	1	3153	2	0	3000
GS	165	Response	1	1566160	3599	2
GS	166	Picture	22	1573680	0	2	3154	3	0	3000
GS	166	Response	1	1578073	4393	1
GS	167	Picture	22	1582311	0	1	3153	2	0	3000
GS	167	Response	1	1588626	6315	2
GS	168	Picture	22	1591273	0	2	3154	3	0	3000
GS	168	Response	1	1595754	4481	1
GS	169	Picture	33	1601397	0	2	3154	3	0	3000
GS	170	Picture	22	1611024	0	1	3153	2	0	3000
GS	170	Response	1	1613901	2877	1
GS	171	Picture	22	1620484	0	1	3153	2	0	3000
GS	171	Response	1	1623749	3265	1
GS	172	Picture	22	1631272	0	1	3153	3	0	3000
GS	172	Response	1	1633625	2353	1
GS	173	Picture	22	1641064	0	1	3154	2	0	3000
GS	173	Response	1	1645149	4085	1
GS	174	Picture	22	1651188	0	2	3154	3	0	3000
GS	174	Response	1	1657148	5960	2
GS	175	Picture	22	1661810	0	2	3154	3	0	3000
GS	175	Response	1	1665809	3999	1
GS	176	Picture	22	1671603	0	1	3153	2	0	3000
GS	176	Response	1	1676838	5235	1
GS	177	Picture	33	1681727	0	1	3153	2	0	3000
GS	178	Picture	22	1691187	0	1	3153	2	0	3000
GS	178	Response	1	1694361	3174	1
GS	179	Picture	22	1701477	0	1	3154	2	0	3000
GS	179	Response	1	1706007	4530	1
GS	180	Picture	22	1712597	0	1	3153	3	0	3000
GS	180	Response	1	1715730	3133	2
GS	181	Picture	33	1723053	0	1	3153	3	0	3000
GS	182	Picture	22	1734007	0	1	3154	2	0	3000
GS	182	Response	1	1737086	3079	2
GS	183	Picture	22	1743799	0	2	3154	3	0	3000
GS	183	Response	1	1746540	2741	1
GS	184	Picture	22	1752430	0	1	3153	2	0	3000
GS	184	Response	1	1755201	2771	2
GS	185	Picture	22	1762554	0	1	3153	2	0	3000
GS	185	Response	1	1765542	2988	1
GS	186	Picture	22	1771682	0	1	3154	2	0	3000
GS	186	Response	1	1773965	2283	1
GS	187	Picture	33	1780645	0	1	3153	2	0	3000
GS	188	Picture	22	1788943	0	1	3153	3	0	3000
GS	188	Response	1	1792406	3463	1
GS	189	Picture	33	1799565	0	1	3153	3	0	3000
GS	189	Response	1	1801685	2120	2
GS	190	Picture	22	1808527	0	2	3154	3	0	3000
GS	190	Response	1	1813146	4619	1
GS	191	Picture	22	1819481	0	2	3154	3	0	3000
GS	191	Response	1	1823571	4090	1
GS	192	Picture	22	1830103	0	2	3154	3	0	3000
GS	192	Response	1	1833352	3249	1
GS	193	Picture	33	1838402	0	1	3153	3	0	3000
GS	194	Picture	22	1848858	0	1	3153	3	0	3000
GS	194	Response	1	1852643	3785	1
GS	195	Picture	22	1859148	0	1	3154	2	0	3000
GS	195	Response	1	1862578	3430	1
GS	196	Picture	22	1868276	0	2	3154	3	0	3000
GS	197	Picture	33	1876907	0	1	3153	2	0	3000
GS	198	Picture	22	1886865	0	1	3153	3	0	3000
GS	198	Response	1	1891538	4673	1
GS	199	Picture	22	1896823	0	1	3154	2	0	3000
GS	199	Response	1	1900524	3701	1
GS	200	Picture	22	1904956	0	1	3153	2	0	3000
GS	200	Response	1	1907973	3017	2
GS	201	Picture	33	1914914	0	1	3153	2	0	3000
GS	202	Picture	22	1924706	0	1	3154	2	0	3000
GS	202	Response	1	1924841	135	1
GS	203	Picture	22	1935826	0	1	3153	3	0	3000
GS	203	Response	1	1937665	1839	2
GS	204	Picture	22	1946282	0	1	3154	2	0	3000
GS	204	Response	1	1949751	3469	1
GS	205	Picture	22	1957070	0	1	3154	2	0	3000
GS	205	Response	1	1960685	3615	1
GS	206	Picture	22	1965203	0	1	3153	2	0	3000
GS	206	Response	1	1968785	3582	2
GS	207	Picture	22	1974497	0	1	3153	3	0	3000
GS	207	Response	1	1978575	4078	2
GS	208	Picture	22	1983459	0	2	3154	3	0	3000
GS	208	Response	1	1987293	3834	1
GS	209	Picture	33	1993583	0	2	3154	3	0	3000
GS	210	Picture	22	2004537	0	2	3154	3	0	3000
GS	210	Response	1	2007114	2577	1
GS	211	Picture	22	2013500	0	1	3153	2	0	3000
GS	211	Response	1	2016513	3013	1
GS	212	Picture	22	2023790	0	1	3153	2	0	3000
GS	212	Response	1	2024045	255	1
GS	213	Picture	22	2034246	0	1	3153	3	0	3000
GS	213	Response	1	2035985	1739	31
GS	214	Picture	22	2043374	0	2	3154	3	0	3000
GS	214	Response	1	2046207	2833	1
GS	215	Picture	33	2051507	0	1	3153	2	0	3000
GS	216	Picture	22	2060469	0	1	3154	2	0	3000
GS	216	Response	1	2063107	2638	1
GS	217	Picture	22	2069100	0	1	3153	2	0	3000
GS	217	Response	1	2072065	2965	1
GS	218	Picture	22	2077730	0	1	3153	3	0	3000
GS	218	Response	1	2080519	2789	1
GS	219	Picture	33	2087190	0	1	3154	2	0	3000
GS	220	Picture	22	2096153	0	1	3153	2	0	3000
GS	220	Response	1	2099105	2952	2
GS	221	Picture	22	2106277	0	1	3153	2	0	3000
GS	221	Response	1	2108627	2350	1
GS	222	Picture	22	2114409	0	2	3154	3	0	3000
GS	222	Response	1	2117205	2796	1
GS	223	Picture	33	2124699	0	2	3154	3	0	3000
GS	224	Picture	22	2135155	0	2	3154	3	0	3000
GS	224	Response	1	2137623	2468	1
GS	225	Picture	22	2143952	0	1	3153	2	0	3000
GS	225	Response	1	2146194	2242	1
GS	226	Picture	22	2154242	0	1	3153	2	0	3000
GS	226	Response	1	2156629	2387	1
GS	227	Picture	22	2163038	0	2	3154	3	0	3000
GS	227	Response	1	2166266	3228	2
GS	228	Picture	22	2172499	0	1	3153	2	0	3000
GS	228	Response	1	2175727	3228	1
GS	229	Picture	33	2182457	0	1	3153	2	0	3000
GS	230	Picture	22	2192581	0	1	3153	2	0	3000
GS	230	Response	1	2195287	2706	2
GS	231	Picture	22	2203037	0	1	3153	2	0	3000
GS	231	Response	1	2205485	2448	1
GS	232	Picture	22	2213493	0	1	3153	3	0	3000
GS	232	Response	1	2216124	2631	2
GS	233	Picture	22	2223285	0	1	3154	2	0	3000
GS	233	Response	1	2226053	2768	1
GS	234	Picture	22	2233907	0	2	3154	3	0	3000
GS	234	Response	1	2238400	4493	1
GS	235	Picture	22	2244363	0	2	3154	3	0	3000
GS	235	Response	1	2247293	2930	1
GS	236	Picture	22	2253492	0	1	3153	2	0	3000
GS	236	Response	1	2256011	2519	2
GS	237	Picture	33	2262454	0	1	3153	3	0	3000
GS	238	Picture	22	2273242	0	1	3153	3	0	3000
GS	238	Response	1	2275774	2532	1
GS	239	Picture	22	2281375	0	1	3153	2	0	3000
GS	239	Response	1	2283755	2380	1
GS	240	Picture	22	2290503	0	1	3153	3	0	3000
GS	240	Response	1	2292506	2003	1
GS	241	Picture	33	2300129	0	1	3154	2	0	3000
GS	242	Picture	22	2310585	0	1	3154	2	0	3000
GS	242	Response	1	2313043	2458	2
GS	243	Picture	22	2321207	0	2	3154	3	0	3000
GS	243	Response	1	2323512	2305	1
GS	244	Picture	22	2330502	0	1	3153	2	0	3000
GS	244	Response	1	2333089	2587	1
GS	245	Picture	22	2339298	0	1	3153	3	0	3000
GS	245	Response	1	2343583	4285	1
GS	246	Picture	22	2348260	0	2	3154	3	0	3000
GS	246	Response	1	2352308	4048	2
GS	247	Picture	33	2358218	0	2	3154	3	0	3000
GS	248	Picture	22	2369172	0	2	3154	3	0	3000
GS	248	Response	1	2372580	3408	1
GS	249	Picture	22	2379463	0	1	3153	2	0	3000
GS	249	Response	1	2387589	8126	1
GS	250	Picture	22	2390085	0	1	3153	2	0	3000
GS	250	Response	1	2394330	4245	2
GS	251	Picture	33	2400375	0	1	3153	2	0	3000
GS	251	Response	1	2404174	3799	2
GS	252	Picture	22	2408507	0	1	3154	2	0	3000
GS	252	Response	1	2413147	4640	1
GS	253	Picture	22	2419129	0	2	3154	3	0	3000
GS	253	Response	1	2422276	3147	1
GS	254	Picture	22	2427262	0	1	3153	2	0	3000
GS	254	Response	1	2431590	4328	1
GS	255	Picture	22	2436224	0	1	3154	2	0	3000
GS	255	Response	1	2441814	5590	1
GS	256	Picture	22	2446182	0	2	3154	3	0	3000
GS	256	Response	1	2450353	4171	1
GS	257	Picture	22	2455311	0	1	3153	2	0	3000
GS	257	Response	1	2458630	3319	1
GS	258	Picture	22	2464605	0	1	3153	3	0	3000
GS	258	Response	1	2467942	3337	1
GS	259	Picture	33	2474563	0	1	3153	3	0	3000
GS	260	Picture	22	2485683	0	1	3153	3	0	3000
GS	260	Response	1	2488565	2882	1
GS	261	Picture	22	2494811	0	2	3154	3	0	3000
GS	261	Response	1	2497490	2679	1
GS	262	Picture	22	2503442	0	1	3153	2	0	3000
GS	262	Response	1	2507539	4097	2
GS	263	Picture	22	2511906	0	2	3154	3	0	3000
GS	263	Response	1	2518025	6119	2
GS	264	Picture	22	2520371	0	1	3153	2	0	3000
GS	265	Picture	33	2530827	0	1	3153	2	0	3000
GS	265	Response	1	2533300	2473	2
GS	266	Picture	22	2541449	0	1	3153	2	0	3000
GS	266	Response	1	2547304	5855	1
GS	267	Picture	33	2550079	0	1	3154	2	0	3000
GS	268	Picture	22	2560203	0	2	3154	3	0	3000
GS	269	Picture	22	2569332	0	1	3153	2	0	3000
GS	269	Response	1	2577698	8366	2
GS	270	Picture	22	2579954	0	1	3153	2	0	3000
GS	270	Response	1	2585676	5722	1
GS	271	Picture	33	2588086	0	2	3154	3	0	3000
GS	272	Picture	22	2596385	0	1	3153	2	0	3000
GS	272	Response	1	2600266	3881	1
GS	273	Picture	22	2604849	0	1	3154	2	0	3000
GS	273	Response	1	2609190	4341	1
GS	274	Picture	22	2614807	0	2	3154	3	0	3000
GS	274	Response	1	2618877	4070	2
GS	275	Picture	22	2625097	0	2	3154	3	0	3000
GS	275	Response	1	2628805	3708	1
GS	276	Picture	22	2633230	0	1	3153	3	0	3000
GS	276	Response	1	2638849	5619	2
GS	277	Picture	33	2642358	0	2	3154	3	0	3000
GS	278	Picture	22	2652814	0	2	3154	3	0	3000
GS	278	Response	1	2655245	2431	1
GS	279	Picture	22	2662773	0	1	3153	2	0	3000
GS	279	Response	1	2671935	9162	1
GS	280	Picture	22	2673395	0	1	3153	2	0	3000
GS	280	Response	1	2680289	6894	1
GS	281	Picture	22	2682191	0	1	3153	3	0	3000
GS	282	Picture	22	2690489	0	2	3154	3	0	3000
GS	282	Response	1	2690540	51	1
GS	282	Response	1	2697632	7143	1
GS	283	Picture	22	2699950	0	1	3153	2	0	3000
GS	283	Response	1	2708267	8317	1
GS	284	Picture	22	2709576	0	1	3153	3	0	3000
GS	284	Response	1	2716302	6726	1
GS	285	Picture	33	2718870	0	1	3154	2	0	3000
GS	286	Picture	22	2729492	0	2	3154	3	0	3000
GS	286	Response	1	2732580	3088	1
GS	287	Picture	33	2737957	0	1	3153	2	0	3000
GS	288	Picture	22	2747583	0	1	3153	2	0	3000
GS	288	Response	1	2750837	3254	1
GS	289	Picture	22	2757375	0	1	3154	2	0	3000
GS	289	Response	1	2759700	2325	2
GS	290	Picture	22	2767997	0	1	3154	2	0	3000
GS	290	Response	1	2771104	3107	1
GS	291	Picture	22	2777457	0	2	3154	3	0	3000
GS	291	Response	1	2782063	4606	2
GS	292	Picture	22	2786918	0	1	3153	2	0	3000
GS	292	Response	1	2791665	4747	1
GS	293	Picture	33	2796544	0	1	3153	3	0	3000
GS	294	Picture	22	2805838	0	2	3154	3	0	3000
GS	294	Response	1	2810630	4792	1
GS	295	Picture	33	2816460	0	2	3154	3	0	3000
GS	295	Response	1	2819256	2796	2
GS	296	Picture	22	2824593	0	1	3153	2	0	3000
GS	296	Response	1	2828052	3459	1
GS	297	Picture	22	2833721	0	1	3154	2	0	3000
GS	297	Response	1	2837355	3634	1
GS	298	Picture	22	2841854	0	1	3153	2	0	3000
GS	298	Response	1	2845066	3212	1
GS	299	Picture	33	2850484	0	1	3153	3	0	3000
GS	300	Picture	22	2859115	0	1	3153	2	0	3000
GS	300	Response	1	2861962	2847	1
GS	301	Picture	22	2869239	0	1	3153	2	0	3000
GS	301	Response	1	2872273	3034	1
GS	302	Picture	22	2877537	0	1	3154	2	0	3000
GS	302	Response	1	2881314	3777	1
GS	303	Picture	22	2886167	0	2	3154	3	0	3000
GS	303	Response	1	2891093	4926	1
GS	304	Picture	22	2896956	0	1	3153	2	0	3000
GS	304	Response	1	2902848	5892	1
GS	305	Picture	22	2906748	0	1	3153	2	0	3000
GS	305	Response	1	2914365	7617	1
GS	306	Picture	22	2917204	0	1	3153	2	0	3000
GS	306	Response	1	2924467	7263	2
GS	307	Picture	33	2927494	0	1	3153	2	0	3000


Event Type	Code	Type	Response	RT	RT Uncertainty	Time	Uncertainty	Duration	Uncertainty	ReqTime	ReqDur

Picture	22	hit	1	5059	3	289	2	3154	3	0	3000
Picture	33	miss				10248	1	3153	2	0	3000
Picture	22	hit	1	3461	2	18878	1	3153	3	0	3000
Picture	22	hit	1	3066	2	29500	1	3153	3	0	3000
Picture	22	hit	1	2918	2	38131	1	3153	2	0	3000
Picture	33	miss				47923	1	3153	2	0	3000
Picture	22	hit	1	2939	3	56221	2	3154	3	0	3000
Picture	22	hit	1	2887	3	65349	2	3154	3	0	3000
Picture	22	hit	1	2975	2	73980	1	3153	2	0	3000
Picture	22	hit	1	2985	3	83606	1	3154	2	0	3000
Picture	22	hit	1	3171	4	93232	2	3154	3	0	3000
Picture	33	miss				103191	1	3153	2	0	3000
Picture	22	hit	1	2492	2	113647	1	3153	2	0	3000
Picture	22	hit	1	2515	3	122111	1	3153	3	0	3000
Picture	22	hit	1	2299	2	132733	1	3154	2	0	3000
Picture	33	miss				142193	2	3154	3	0	3000
Picture	22	hit	1	2679	2	151322	1	3153	2	0	3000
Picture	22	hit	1	2615	2	162442	1	3153	2	0	3000
Picture	22	hit	1	2627	2	173396	1	3153	2	0	3000
Picture	22	hit	1	3728	2	184350	1	3153	2	0	3000
Picture	22	hit	1	4379	2	192482	1	3154	2	0	3000
Picture	33	miss				201445	1	3153	2	0	3000
Picture	22	hit	1	2730	2	210739	1	3153	2	0	3000
Picture	22	hit	1	2644	3	219369	1	3154	2	0	3000
Picture	22	hit	1	3170	2	228332	1	3153	2	0	3000
Picture	22	hit	1	3481	2	238456	1	3153	2	0	3000
Picture	22	hit	1	4142	2	249410	1	3153	2	0	3000
Picture	33	miss				260032	1	3153	2	0	3000
Picture	22	hit	1	2534	2	269160	1	3153	3	0	3000
Picture	33	hit	1	2856	3	277624	2	3154	3	0	3000
Picture	22	hit	1	3925	3	285923	1	3153	3	0	3000
Picture	22	hit	1	4176	3	295549	2	3154	3	0	3000
Picture	22	hit	1	3223	2	304844	1	3153	2	0	3000
Picture	22	hit	1	3916	2	315798	1	3153	2	0	3000
Picture	22	hit	1	3637	2	324594	1	3153	3	0	3000
Picture	33	miss				334884	1	3153	3	0	3000
Picture	22	hit	1	2361	2	345672	1	3153	3	0	3000
Picture	22	hit	1	2783	3	355132	2	3154	3	0	3000
Picture	22	hit	1	2715	3	366086	2	3154	3	0	3000
Picture	22	hit	1	5016	2	374551	1	3153	2	0	3000
Picture	22	hit	1	6578	2	383015	1	3154	2	0	3000
Picture	33	miss				391314	1	3153	2	0	3000
Picture	22	hit	1	3134	2	400110	1	3153	3	0	3000
Picture	22	hit	1	3760	3	409238	2	3154	3	0	3000
Picture	22	hit	1	3038	3	418533	1	3153	2	0	3000
Picture	22	hit	1	3060	3	428325	1	3153	2	0	3000
Picture	22	hit	1	3322	4	436457	2	3154	3	0	3000
Picture	33	hit	1	7150	3	447079	2	3154	3	0	3000
Picture	22	miss				456208	1	3153	2	0	3000
Picture	22	hit	1	246	3	464838	1	3154	2	0	3000
Picture	22	hit	1	2902	3	473800	2	3154	3	0	3000
Picture	22	hit	1	2952	3	482265	1	3153	3	0	3000
Picture	22	hit	1	2956	2	492223	1	3154	2	0	3000
Picture	33	miss				502679	1	3154	2	0	3000
Picture	22	hit	1	2779	4	512637	2	3154	3	0	3000
Picture	22	hit	1	2616	3	523591	2	3154	3	0	3000
Picture	22	hit	1	3200	2	531724	1	3153	2	0	3000
Picture	22	hit	1	2613	2	540852	1	3154	2	0	3000
Picture	22	hit	1	2707	3	549980	2	3154	3	0	3000
Picture	22	hit	1	3993	2	560603	1	3153	2	0	3000
Picture	22	hit	1	3529	2	568901	1	3153	3	0	3000
Picture	33	miss				577366	1	3153	2	0	3000
Picture	22	hit	1	2816	2	587490	1	3153	2	0	3000
Picture	22	hit	1	2681	2	597116	1	3153	2	0	3000
Picture	22	hit	1	2927	2	607572	1	3153	3	0	3000
Picture	22	hit	1	3305	3	617862	1	3153	3	0	3000
Picture	22	hit	1	3230	2	627986	1	3154	2	0	3000
Picture	22	hit	1	4539	3	636782	2	3154	3	0	3000
Picture	22	hit	1	4289	2	646077	1	3153	2	0	3000
Picture	33	miss				656367	1	3153	3	0	3000
Picture	22	hit	1	6680	2	667321	1	3153	3	0	3000
Picture	22	hit	1	3744	2	678441	1	3153	2	0	3000
Picture	22	hit	1	6883	2	688067	1	3154	2	0	3000
Picture	33	miss				696864	1	3153	2	0	3000
Picture	22	hit	1	3087	2	706490	1	3153	2	0	3000
Picture	22	hit	1	2836	2	717112	1	3153	2	0	3000
Picture	22	hit	1	3162	3	727568	1	3153	2	0	3000
Picture	22	hit	1	3311	2	737526	1	3153	3	0	3000
Picture	22	hit	1	3353	4	747152	2	3154	3	0	3000
Picture	22	hit	1	3502	4	757940	2	3154	3	0	3000
Picture	22	hit	1	5212	2	767401	1	3153	2	0	3000
Picture	33	miss				777359	1	3153	2	0	3000
Picture	22	hit	1	3883	2	787815	1	3153	2	0	3000
Picture	33	miss				796279	2	3154	3	0	3000
Picture	22	hit	1	3344	3	805905	2	3154	3	0	3000
Picture	22	hit	1	5811	2	814702	1	3153	2	0	3000
Picture	22	hit	1	4800	2	824494	1	3154	2	0	3000
Picture	22	hit	1	5055	2	832959	1	3153	2	0	3000
Picture	22	hit	1	5631	2	841755	1	3153	2	0	3000
Picture	33	miss				850883	2	3154	3	0	3000
Picture	22	hit	1	3207	2	859514	1	3153	2	0	3000
Picture	33	miss				868310	1	3153	3	0	3000
Picture	22	hit	1	3262	3	877604	2	3154	3	0	3000
Picture	22	hit	1	3519	3	888226	2	3154	3	0	3000
Picture	22	hit	1	3380	3	899180	2	3154	3	0	3000
Picture	33	miss				910134	2	3154	3	0	3000
Picture	22	hit	1	4352	2	919097	1	3153	2	0	3000
Picture	22	hit	1	3506	2	928723	1	3153	3	0	3000
Picture	22	hit	1	3977	3	938515	1	3154	2	0	3000
Picture	22	hit	1	3808	4	947643	2	3154	3	0	3000
Picture	22	hit	1	3976	3	957934	1	3153	2	0	3000
Picture	22	hit	1	3921	2	967892	1	3153	2	0	3000
Picture	22	hit	1	5743	2	977186	1	3153	3	0	3000
Picture	33	miss				987144	2	3154	3	0	3000
Picture	22	hit	1	6553	4	996936	2	3154	3	0	3000
Picture	22	hit	1	6944	2	1006065	1	3153	2	0	3000
Picture	22	hit	1	8365	3	1014695	1	3154	2	0	3000
Picture	22	hit	1	9440	2	1023492	1	3153	2	0	3000
Picture	22	miss				1033284	1	3153	2	0	3000
Picture	33	miss				1043408	1	3153	2	0	3000
Picture	22	hit	1	4529	2	1054196	1	3153	3	0	3000
Picture	22	hit	1	3325	3	1063822	1	3154	2	0	3000
Picture	22	hit	1	4527	3	1073116	2	3154	3	0	3000
Picture	22	hit	1	5147	2	1082577	1	3153	2	0	3000
Picture	22	hit	1	6684	2	1092037	1	3153	3	0	3000
Picture	33	miss				1101331	2	3154	3	0	3000
Picture	22	hit	1	4003	2	1109464	1	3153	2	0	3000
Picture	22	hit	1	3718	3	1119588	1	3153	2	0	3000
Picture	22	hit	1	4109	2	1129214	1	3154	2	0	3000
Picture	22	hit	1	3766	2	1140168	1	3154	2	0	3000
Picture	22	hit	1	4487	3	1150292	2	3154	3	0	3000
Picture	22	miss				1158425	1	3153	2	0	3000
Picture	22	hit	1	3875	2	1168549	1	3153	2	0	3000
Picture	33	miss				1178507	1	3154	2	0	3000
Picture	22	hit	1	2958	3	1188133	2	3154	3	0	3000
Picture	22	hit	1	3064	2	1196598	1	3153	2	0	3000
Picture	22	hit	1	2932	2	1206390	1	3153	2	0	3000
Picture	33	hit	1	2953	2	1217178	1	3153	3	0	3000
Picture	22	hit	1	8159	3	1225642	2	3154	3	0	3000
Picture	22	hit	1	7435	2	1234937	1	3153	2	0	3000
Picture	22	miss				1244231	1	3153	3	0	3000
Picture	33	hit	1	1163	3	1252861	2	3154	3	0	3000
Picture	22	hit	1	3638	2	1262322	1	3153	2	0	3000
Picture	33	miss				1273442	1	3153	2	0	3000
Picture	22	hit	1	3186	3	1282570	1	3153	3	0	3000
Picture	22	hit	1	3937	3	1291366	2	3154	3	0	3000
Picture	22	hit	1	3991	2	1300827	1	3153	2	0	3000
Picture	33	miss				1309125	1	3154	2	0	3000
Picture	22	hit	1	3245	4	1318917	2	3154	3	0	3000
Picture	33	miss				1328875	2	3154	3	0	3000
Picture	22	hit	1	2985	2	1337174	1	3153	3	0	3000
Picture	22	hit	1	3239	2	1347796	1	3153	3	0	3000
Picture	22	hit	1	3441	3	1357256	2	3154	3	0	3000
Picture	22	hit	1	3593	3	1365555	1	3153	2	0	3000
Picture	22	hit	1	3453	2	1376509	1	3153	2	0	3000
Picture	33	miss				1387131	1	3153	2	0	3000
Picture	22	hit	1	2931	2	1397919	1	3153	2	0	3000
Picture	22	hit	1	2675	3	1406217	2	3154	3	0	3000
Picture	22	hit	1	2620	3	1416175	2	3154	3	0	3000
Picture	22	hit	1	3439	2	1425138	1	3153	2	0	3000
Picture	22	hit	1	3479	2	1434598	1	3153	3	0	3000
Picture	22	hit	1	3882	2	1445220	1	3154	2	0	3000
Picture	22	hit	1	4290	2	1453353	1	3153	2	0	3000
Picture	33	miss				1462813	1	3153	2	0	3000
Picture	22	hit	1	2955	2	1472771	1	3153	3	0	3000
Picture	22	hit	1	3030	4	1481567	2	3154	3	0	3000
Picture	22	hit	1	3345	2	1490862	1	3153	2	0	3000
Picture	33	miss				1500820	1	3153	3	0	3000
Picture	22	hit	1	2463	2	1511276	1	3153	3	0	3000
Picture	33	miss				1521898	1	3153	3	0	3000
Picture	22	hit	1	3034	3	1531358	2	3154	3	0	3000
Picture	22	hit	1	2976	4	1541316	2	3154	3	0	3000
Picture	22	hit	1	3073	4	1552270	2	3154	3	0	3000
Picture	22	hit	1	3599	3	1562561	1	3153	2	0	3000
Picture	22	hit	1	4393	3	1573680	2	3154	3	0	3000
Picture	22	hit	1	6315	3	1582311	1	3153	2	0	3000
Picture	22	hit	1	4481	3	1591273	2	3154	3	0	3000
Picture	33	miss				1601397	2	3154	3	0	3000
Picture	22	hit	1	2877	2	1611024	1	3153	2	0	3000
Picture	22	hit	1	3265	2	1620484	1	3153	2	0	3000
Picture	22	hit	1	2353	2	1631272	1	3153	3	0	3000
Picture	22	hit	1	4085	2	1641064	1	3154	2	0	3000
Picture	22	hit	1	5960	4	1651188	2	3154	3	0	3000
Picture	22	hit	1	3999	3	1661810	2	3154	3	0	3000
Picture	22	hit	1	5235	2	1671603	1	3153	2	0	3000
Picture	33	miss				1681727	1	3153	2	0	3000
Picture	22	hit	1	3174	2	1691187	1	3153	2	0	3000
Picture	22	hit	1	4530	2	1701477	1	3154	2	0	3000
Picture	22	hit	1	3133	3	1712597	1	3153	3	0	3000
Picture	33	miss				1723053	1	3153	3	0	3000
Picture	22	hit	1	3079	3	1734007	1	3154	2	0	3000
Picture	22	hit	1	2741	3	1743799	2	3154	3	0	3000
Picture	22	hit	1	2771	3	1752430	1	3153	2	0	3000
Picture	22	hit	1	2988	2	1762554	1	3153	2	0	3000
Picture	22	hit	1	2283	2	1771682	1	3154	2	0	3000
Picture	33	miss				1780645	1	3153	2	0	3000
Picture	22	hit	1	3463	2	1788943	1	3153	3	0	3000
Picture	33	hit	1	2120	3	1799565	1	3153	3	0	3000
Picture	22	hit	1	4619	3	1808527	2	3154	3	0	3000
Picture	22	hit	1	4090	3	1819481	2	3154	3	0	3000
Picture	22	hit	1	3249	3	1830103	2	3154	3	0	3000
Picture	33	miss				1838402	1	3153	3	0	3000
Picture	22	hit	1	3785	2	1848858	1	3153	3	0	3000
Picture	22	hit	1	3430	2	1859148	1	3154	2	0	3000
Picture	22	miss				1868276	2	3154	3	0	3000
Picture	33	miss				1876907	1	3153	2	0	3000
Picture	22	hit	1	4673	2	1886865	1	3153	3	0	3000
Picture	22	hit	1	3701	2	1896823	1	3154	2	0	3000
Picture	22	hit	1	3017	3	1904956	1	3153	2	0	3000
Picture	33	miss				1914914	1	3153	2	0	3000
Picture	22	hit	1	135	2	1924706	1	3154	2	0	3000
Picture	22	hit	1	1839	3	1935826	1	3153	3	0	3000
Picture	22	hit	1	3469	2	1946282	1	3154	2	0	3000
Picture	22	hit	1	3615	2	1957070	1	3154	2	0	3000
Picture	22	hit	1	3582	3	1965203	1	3153	2	0	3000
Picture	22	hit	1	4078	3	1974497	1	3153	3	0	3000
Picture	22	hit	1	3834	3	1983459	2	3154	3	0	3000
Picture	33	miss				1993583	2	3154	3	0	3000
Picture	22	hit	1	2577	3	2004537	2	3154	3	0	3000
Picture	22	hit	1	3013	2	2013500	1	3153	2	0	3000
Picture	22	hit	1	255	2	2023790	1	3153	2	0	3000
Picture	22	hit	1	1739	32	2034246	1	3153	3	0	3000
Picture	22	hit	1	2833	3	2043374	2	3154	3	0	3000
Picture	33	miss				2051507	1	3153	2	0	3000
Picture	22	hit	1	2638	2	2060469	1	3154	2	0	3000
Picture	22	hit	1	2965	2	2069100	1	3153	2	0	3000
Picture	22	hit	1	2789	2	2077730	1	3153	3	0	3000
Picture	33	miss				2087190	1	3154	2	0	3000
Picture	22	hit	1	2952	3	2096153	1	3153	2	0	3000
Picture	22	hit	1	2350	2	2106277	1	3153	2	0	3000
Picture	22	hit	1	2796	3	2114409	2	3154	3	0	3000
Picture	33	miss				2124699	2	3154	3	0	3000
Picture	22	hit	1	2468	3	2135155	2	3154	3	0	3000
Picture	22	hit	1	2242	2	2143952	1	3153	2	0	3000
Picture	22	hit	1	2387	2	2154242	1	3153	2	0	3000
Picture	22	hit	1	3228	4	2163038	2	3154	3	0	3000
Picture	22	hit	1	3228	2	2172499	1	3153	2	0	3000
Picture	33	miss				2182457	1	3153	2	0	3000
Picture	22	hit	1	2706	3	2192581	1	3153	2	0	3000
Picture	22	hit	1	2448	2	2203037	1	3153	2	0	3000
Picture	22	hit	1	2631	3	2213493	1	3153	3	0	3000
Picture	22	hit	1	2768	2	2223285	1	3154	2	0	3000
Picture	22	hit	1	4493	3	2233907	2	3154	3	0	3000
Picture	22	hit	1	2930	3	2244363	2	3154	3	0	3000
Picture	22	hit	1	2519	3	2253492	1	3153	2	0	3000
Picture	33	miss				2262454	1	3153	3	0	3000
Picture	22	hit	1	2532	2	2273242	1	3153	3	0	3000
Picture	22	hit	1	2380	2	2281375	1	3153	2	0	3000
Picture	22	hit	1	2003	2	2290503	1	3153	3	0	3000
Picture	33	miss				2300129	1	3154	2	0	3000
Picture	22	hit	1	2458	3	2310585	1	3154	2	0	3000
Picture	22	hit	1	2305	3	2321207	2	3154	3	0	3000
Picture	22	hit	1	2587	2	2330502	1	3153	2	0	3000
Picture	22	hit	1	4285	2	2339298	1	3153	3	0	3000
Picture	22	hit	1	4048	4	2348260	2	3154	3	0	3000
Picture	33	miss				2358218	2	3154	3	0	3000
Picture	22	hit	1	3408	3	2369172	2	3154	3	0	3000
Picture	22	hit	1	8126	2	2379463	1	3153	2	0	3000
Picture	22	hit	1	4245	3	2390085	1	3153	2	0	3000
Picture	33	hit	1	3799	3	2400375	1	3153	2	0	3000
Picture	22	hit	1	4640	2	2408507	1	3154	2	0	3000
Picture	22	hit	1	3147	3	2419129	2	3154	3	0	3000
Picture	22	hit	1	4328	2	2427262	1	3153	2	0	3000
Picture	22	hit	1	5590	2	2436224	1	3154	2	0	3000
Picture	22	hit	1	4171	3	2446182	2	3154	3	0	3000
Picture	22	hit	1	3319	2	2455311	1	3153	2	0	3000
Picture	22	hit	1	3337	2	2464605	1	3153	3	0	3000
Picture	33	miss				2474563	1	3153	3	0	3000
Picture	22	hit	1	2882	2	2485683	1	3153	3	0	3000
Picture	22	hit	1	2679	3	2494811	2	3154	3	0	3000
Picture	22	hit	1	4097	3	2503442	1	3153	2	0	3000
Picture	22	hit	1	6119	4	2511906	2	3154	3	0	3000
Picture	22	miss				2520371	1	3153	2	0	3000
Picture	33	hit	1	2473	3	2530827	1	3153	2	0	3000
Picture	22	hit	1	5855	2	2541449	1	3153	2	0	3000
Picture	33	miss				2550079	1	3154	2	0	3000
Picture	22	miss				2560203	2	3154	3	0	3000
Picture	22	hit	1	8366	3	2569332	1	3153	2	0	3000
Picture	22	hit	1	5722	2	2579954	1	3153	2	0	3000
Picture	33	miss				2588086	2	3154	3	0	3000
Picture	22	hit	1	3881	2	2596385	1	3153	2	0	3000
Picture	22	hit	1	4341	2	2604849	1	3154	2	0	3000
Picture	22	hit	1	4070	4	2614807	2	3154	3	0	3000
Picture	22	hit	1	3708	3	2625097	2	3154	3	0	3000
Picture	22	hit	1	5619	3	2633230	1	3153	3	0	3000
Picture	33	miss				2642358	2	3154	3	0	3000
Picture	22	hit	1	2431	3	2652814	2	3154	3	0	3000
Picture	22	hit	1	9162	2	2662773	1	3153	2	0	3000
Picture	22	hit	1	6894	2	2673395	1	3153	2	0	3000
Picture	22	miss				2682191	1	3153	3	0	3000
Picture	22	hit	1	51	3	2690489	2	3154	3	0	3000
Picture	22	hit	1	8317	2	2699950	1	3153	2	0	3000
Picture	22	hit	1	6726	2	2709576	1	3153	3	0	3000
Picture	33	miss				2718870	1	3154	2	0	3000
Picture	22	hit	1	3088	3	2729492	2	3154	3	0	3000
Picture	33	miss				2737957	1	3153	2	0	3000
Picture	22	hit	1	3254	2	2747583	1	3153	2	0	3000
Picture	22	hit	1	2325	3	2757375	1	3154	2	0	3000
Picture	22	hit	1	3107	2	2767997	1	3154	2	0	3000
Picture	22	hit	1	4606	4	2777457	2	3154	3	0	3000
Picture	22	hit	1	4747	2	2786918	1	3153	2	0	3000
Picture	33	miss				2796544	1	3153	3	0	3000
Picture	22	hit	1	4792	3	2805838	2	3154	3	0	3000
Picture	33	hit	1	2796	4	2816460	2	3154	3	0	3000
Picture	22	hit	1	3459	2	2824593	1	3153	2	0	3000
Picture	22	hit	1	3634	2	2833721	1	3154	2	0	3000
Picture	22	hit	1	3212	2	2841854	1	3153	2	0	3000
Picture	33	miss				2850484	1	3153	3	0	3000
Picture	22	hit	1	2847	2	2859115	1	3153	2	0	3000
Picture	22	hit	1	3034	2	2869239	1	3153	2	0	3000
Picture	22	hit	1	3777	2	2877537	1	3154	2	0	3000
Picture	22	hit	1	4926	3	2886167	2	3154	3	0	3000
Picture	22	hit	1	5892	2	2896956	1	3153	2	0	3000
Picture	22	hit	1	7617	2	2906748	1	3153	2	0	3000
Picture	22	hit	1	7263	3	2917204	1	3153	2	0	3000
Picture	33	miss				2927494	1	3153	2	0	3000
