Scenario - GO/NO-GO
Logfile written - 05/05/2011 08:39:03

Subject	Trial	Event Type	Code	Time	TTime	Uncertainty	Duration	Uncertainty	ReqTime	ReqDur

GS	2	Picture	22	289	0	2	3154	3	0	3000
GS	2	Response	1	4065	3776	2
GS	3	Picture	22	37799	0	1	3153	2	0	3000
GS	3	Response	1	41315	3516	1
GS	4	Picture	22	71656	0	2	3154	3	0	3000
GS	4	Response	1	75109	3453	1
GS	5	Picture	22	101863	0	1	3153	2	0	3000
GS	5	Response	1	105234	3371	2
GS	6	Picture	22	134891	0	1	3153	2	0	3000
GS	6	Response	1	138056	3165	2
GS	7	Picture	22	163935	0	2	3154	3	0	3000
GS	7	Response	1	167089	3154	1
GS	8	Picture	22	200615	0	1	3153	2	0	3000
GS	8	Response	1	203983	3368	1
GS	9	Picture	33	228829	0	2	3154	3	0	3000
GS	10	Picture	22	267998	0	2	3154	3	0	3000
GS	10	Response	1	271380	3382	1
GS	11	Picture	22	298869	0	1	3153	2	0	3000
GS	11	Response	1	302359	3490	1
GS	12	Picture	22	327747	0	2	3154	3	0	3000
GS	12	Response	1	332546	4799	1
GS	13	Picture	22	367746	0	1	3153	2	0	3000
GS	13	Response	1	371389	3643	1
GS	14	Picture	22	403097	0	2	3154	3	0	3000
GS	14	Response	1	408515	5418	1
GS	15	Picture	33	441768	0	2	3154	3	0	3000
GS	16	Picture	22	470647	0	1	3153	3	0	3000
GS	16	Response	1	474780	4133	2
GS	17	Picture	22	509152	0	1	3153	3	0	3000
GS	17	Response	1	512495	3343	1
GS	18	Picture	22	543840	0	1	3153	2	0	3000
GS	18	Response	1	547729	3889	1
GS	19	Picture	22	572552	0	2	3154	3	0	3000
GS	19	Response	1	577442	4890	1
GS	20	Picture	22	610227	0	2	3154	3	0	3000
GS	20	Response	1	613478	3251	1
GS	21	Picture	22	646907	0	1	3153	2	0	3000
GS	21	Response	1	649958	3051	1
GS	22	Picture	22	687071	0	2	3154	3	0	3000
GS	22	Response	1	690460	3389	1
GS	23	Picture	33	724912	0	2	3154	3	0	3000
GS	24	Picture	22	753127	0	1	3154	2	0	3000
GS	24	Response	1	756284	3157	1
GS	25	Picture	22	792628	0	1	3153	2	0	3000
GS	25	Response	1	796101	3473	1
GS	26	Picture	22	827979	0	2	3154	3	0	3000
GS	26	Response	1	832049	4070	1
GS	27	Picture	22	864659	0	1	3153	2	0	3000
GS	27	Response	1	868292	3633	1
GS	28	Picture	22	898184	0	2	3154	3	0	3000
GS	28	Response	1	902111	3927	1
GS	29	Picture	33	935362	0	1	3153	2	0	3000
GS	30	Picture	22	968390	0	1	3153	2	0	3000
GS	30	Response	1	972045	3655	1
GS	31	Picture	33	1002911	0	2	3154	3	0	3000
GS	32	Picture	22	1035939	0	1	3154	2	0	3000
GS	32	Response	1	1039428	3489	1
GS	33	Picture	22	1075938	0	1	3153	2	0	3000
GS	33	Response	1	1079751	3813	1
GS	34	Picture	22	1114443	0	1	3153	2	0	3000
GS	34	Response	1	1118239	3796	2
GS	35	Picture	33	1145479	0	2	3153	4	0	3000
GS	36	Picture	22	1176681	0	2	3154	3	0	3000
GS	36	Response	1	1181260	4579	1
GS	37	Picture	22	1214854	0	2	3154	3	0	3000
GS	37	Response	1	1219096	4242	2
GS	38	Picture	22	1243401	0	1	3153	3	0	3000
GS	38	Response	1	1248215	4814	1
GS	39	Picture	22	1282570	0	1	3153	2	0	3000
GS	39	Response	1	1285877	3307	1
GS	40	Picture	22	1315764	0	1	3153	2	0	3000
GS	40	Response	1	1321236	5472	2
GS	41	Picture	33	1350119	0	2	3154	3	0	3000
GS	42	Picture	22	1381322	0	1	3153	2	0	3000
GS	42	Response	1	1384784	3462	1
GS	43	Picture	22	1415179	0	2	3154	3	0	3000
GS	43	Response	1	1420051	4872	1
GS	44	Picture	22	1445220	0	1	3153	3	0	3000
GS	44	Response	1	1450442	5222	1
GS	45	Picture	33	1474763	0	1	3153	2	0	3000
GS	46	Picture	22	1507956	0	2	3154	3	0	3000
GS	46	Response	1	1515758	7802	1
GS	47	Picture	33	1541980	0	2	3154	3	0	3000
GS	48	Picture	22	1581647	0	1	3153	2	0	3000
GS	48	Response	1	1585602	3955	1
GS	49	Picture	22	1621480	0	1	3153	2	0	3000
GS	49	Response	1	1626606	5126	1
GS	50	Picture	22	1654342	0	1	3153	2	0	3000
GS	50	Response	1	1660543	6201	1
GS	51	Picture	22	1687701	0	2	3154	3	0	3000
GS	51	Response	1	1692053	4352	1
GS	52	Picture	22	1718406	0	1	3153	2	0	3000
GS	52	Response	1	1723209	4803	1
GS	53	Picture	22	1753259	0	2	3154	3	0	3000
GS	53	Response	1	1758053	4794	1
GS	54	Picture	22	1782304	0	1	3153	3	0	3000
GS	54	Response	1	1787107	4803	1
GS	55	Picture	33	1821307	0	1	3153	2	0	3000
GS	56	Picture	22	1849356	0	1	3153	2	0	3000
GS	56	Response	1	1853302	3946	1
GS	57	Picture	22	1880226	0	1	3153	3	0	3000
GS	57	Response	1	1884755	4529	1
GS	58	Picture	22	1912092	0	1	3154	2	0	3000
GS	58	Response	1	1916440	4348	1
GS	59	Picture	22	1948771	0	2	3154	3	0	3000
GS	59	Response	1	1953689	4918	1
GS	60	Picture	22	1980140	0	1	3153	2	0	3000
GS	60	Response	1	1984962	4822	2
GS	61	Picture	33	2018479	0	1	3153	2	0	3000
GS	62	Picture	22	2047689	0	2	3154	3	0	3000
GS	62	Response	1	2053231	5542	1
GS	63	Picture	22	2075904	0	1	3154	2	0	3000
GS	63	Response	1	2080016	4112	1
GS	64	Picture	22	2114409	0	1	3153	3	0	3000
GS	64	Response	1	2119413	5004	1
GS	65	Picture	22	2149097	0	1	3153	2	0	3000
GS	65	Response	1	2155332	6235	1
GS	66	Picture	22	2181627	0	1	3153	2	0	3000
GS	66	Response	1	2189507	7880	1
GS	67	Picture	22	2211169	0	2	3154	3	0	3000
GS	67	Response	1	2218082	6913	1
GS	68	Picture	22	2251168	0	1	3153	2	0	3000
GS	68	Response	1	2255600	4432	1
GS	69	Picture	33	2280379	0	1	3153	2	0	3000
GS	70	Picture	22	2312411	0	1	3153	2	0	3000
GS	70	Response	1	2316753	4342	1
GS	71	Picture	22	2350086	0	1	3153	2	0	3000
GS	71	Response	1	2354736	4650	1
GS	72	Picture	22	2388259	0	1	3153	2	0	3000
GS	72	Response	1	2393247	4988	2
GS	73	Picture	33	2422780	0	2	3154	3	0	3000
GS	74	Picture	22	2451327	0	1	3154	2	0	3000
GS	74	Response	1	2454957	3630	1
GS	75	Picture	22	2479708	0	1	3153	2	0	3000
GS	75	Response	1	2483871	4163	1
GS	76	Picture	22	2510412	0	2	3154	3	0	3000
GS	76	Response	1	2516208	5796	2
GS	77	Picture	33	2547258	0	1	3153	2	0	3000
GS	78	Picture	22	2580617	0	2	3154	3	0	3000
GS	78	Response	1	2587052	6435	2
GS	79	Picture	22	2620284	0	1	3153	3	0	3000
GS	79	Response	1	2625268	4984	1
GS	80	Picture	22	2658623	0	1	3154	2	0	3000
GS	80	Response	1	2664107	5484	1
GS	81	Picture	33	2697626	0	1	3153	3	0	3000
GS	82	Picture	22	2733641	0	2	3154	3	0	3000
GS	82	Response	1	2738158	4517	2
GS	83	Picture	22	2763018	0	1	3153	3	0	3000
GS	83	Response	1	2766949	3931	1
GS	84	Picture	22	2801855	0	1	3153	2	0	3000
GS	84	Response	1	2806968	5113	2
GS	85	Picture	22	2833721	0	2	3153	3	0	3000
GS	85	Response	1	2838177	4456	1
GS	86	Picture	22	2872724	0	1	3153	2	0	3000
GS	86	Response	1	2876787	4063	1
GS	87	Picture	33	2906250	0	1	3153	2	0	3000
GS	88	Picture	22	2934962	0	2	3154	3	0	3000
GS	88	Response	1	2938823	3861	1
GS	89	Picture	22	2974463	0	1	3154	2	0	3000
GS	89	Response	1	2979196	4733	2
GS	90	Picture	22	3004835	0	2	3154	3	0	3000
GS	90	Response	1	3009963	5128	2
GS	91	Picture	33	3041847	0	1	3153	2	0	3000
GS	92	Picture	22	3071721	0	1	3154	2	0	3000
GS	92	Response	1	3076808	5087	1
GS	93	Picture	33	3102426	0	1	3153	2	0	3000
GS	94	Picture	22	3136781	0	2	3154	3	0	3000
GS	94	Response	1	3141022	4241	2
GS	95	Picture	22	3172299	0	1	3153	2	0	3000
GS	95	Response	1	3177403	5104	1
GS	96	Picture	22	3202007	0	2	3154	3	0	3000
GS	96	Response	1	3205925	3918	1
GS	97	Picture	22	3240014	0	2	3154	3	0	3000
GS	97	Response	1	3244466	4452	1
GS	98	Picture	22	3275034	0	1	3153	2	0	3000
GS	98	Response	1	3279523	4489	1
GS	99	Picture	33	3313871	0	1	3153	2	0	3000
GS	100	Picture	22	3352874	0	1	3153	2	0	3000
GS	100	Response	1	3358346	5472	1
GS	101	Picture	22	3392208	0	2	3154	3	0	3000
GS	101	Response	1	3397836	5628	1
GS	102	Picture	22	3431377	0	1	3154	2	0	3000
GS	102	Response	1	3436284	4907	1
GS	103	Picture	33	3467559	0	1	3153	2	0	3000
GS	104	Picture	22	3507059	0	2	3154	3	0	3000
GS	104	Response	1	3511815	4756	1
GS	105	Picture	22	3540585	0	1	3154	2	0	3000
GS	105	Response	1	3544772	4187	1
GS	106	Picture	22	3569962	0	1	3153	2	0	3000
GS	106	Response	1	3577686	7724	2
GS	107	Picture	22	3606807	0	1	3153	3	0	3000
GS	107	Response	1	3611004	4197	1
GS	108	Picture	22	3638839	0	1	3153	3	0	3000
GS	108	Response	1	3643817	4978	2
GS	109	Picture	22	3673029	0	1	3153	2	0	3000
GS	109	Response	1	3676778	3749	1
GS	110	Picture	22	3709376	0	1	3153	3	0	3000
GS	110	Response	1	3713632	4256	1
GS	111	Picture	33	3744396	0	1	3153	2	0	3000
GS	112	Picture	22	3779415	0	1	3154	2	0	3000
GS	112	Response	1	3783937	4522	1
GS	113	Picture	22	3810120	0	1	3153	2	0	3000
GS	113	Response	1	3816687	6567	1
GS	114	Picture	22	3840658	0	1	3153	3	0	3000
GS	114	Response	1	3845537	4879	1
GS	115	Picture	22	3872026	0	2	3154	3	0	3000
GS	115	Response	1	3876959	4933	2
GS	116	Picture	22	3903394	0	2	3154	3	0	3000
GS	116	Response	1	3908170	4776	1
GS	117	Picture	33	3935427	0	1	3153	2	0	3000
GS	118	Picture	22	3971608	0	1	3153	2	0	3000
GS	118	Response	1	3979716	8108	1
GS	119	Picture	22	4000985	0	1	3153	2	0	3000
GS	119	Response	1	4004487	3502	1
GS	120	Picture	22	4034510	0	2	3154	3	0	3000
GS	120	Response	1	4037620	3110	2
GS	121	Picture	33	4065049	0	1	3153	2	0	3000
GS	122	Picture	22	4097579	0	1	3153	2	0	3000
GS	122	Response	1	4101097	3518	2
GS	123	Picture	22	4137080	0	1	3153	2	0	3000
GS	123	Response	1	4141214	4134	1
GS	124	Picture	22	4174091	0	1	3153	2	0	3000
GS	124	Response	1	4177772	3681	1
GS	125	Picture	33	4208115	0	1	3153	2	0	3000
GS	126	Picture	22	4239649	0	1	3153	2	0	3000
GS	126	Response	1	4243107	3458	1
GS	127	Picture	33	4271515	0	1	3153	3	0	3000
GS	128	Picture	22	4303049	0	1	3154	2	0	3000
GS	128	Response	1	4306787	3738	2
GS	129	Picture	22	4336077	0	1	3153	3	0	3000
GS	129	Response	1	4341074	4997	2
GS	130	Picture	22	4372922	0	2	3154	3	0	3000
GS	130	Response	1	4376009	3087	2
GS	131	Picture	33	4409934	0	1	3153	2	0	3000
GS	132	Picture	22	4438314	0	1	3154	2	0	3000
GS	132	Response	1	4443505	5191	1
GS	133	Picture	33	4477151	0	1	3154	2	0	3000
GS	134	Picture	22	4516486	0	1	3153	2	0	3000
GS	134	Response	1	4520749	4263	1
GS	135	Picture	22	4545199	0	1	3153	2	0	3000
GS	135	Response	1	4549397	4198	1
GS	136	Picture	22	4575571	0	1	3153	3	0	3000
GS	136	Response	1	4580197	4626	1
GS	137	Picture	33	4611254	0	2	3154	3	0	3000
GS	138	Picture	22	4645942	0	1	3154	2	0	3000
GS	138	Response	1	4649198	3256	1
GS	139	Picture	22	4682953	0	2	3154	3	0	3000
GS	139	Response	1	4687738	4785	1
GS	140	Picture	22	4712662	0	1	3153	2	0	3000
GS	140	Response	1	4716702	4040	1
GS	141	Picture	33	4749839	0	1	3154	2	0	3000
GS	142	Picture	22	4787016	0	2	3154	3	0	3000
GS	142	Response	1	4791193	4177	2
GS	143	Picture	22	4824359	0	2	3154	3	0	3000
GS	143	Response	1	4828581	4222	1
GS	144	Picture	22	4853238	0	1	3153	3	0	3000
GS	144	Response	1	4858467	5229	1
GS	145	Picture	33	4890581	0	2	3154	3	0	3000
GS	146	Picture	22	4921120	0	1	3153	2	0	3000
GS	146	Response	1	4926014	4894	2
GS	147	Picture	22	4951326	0	1	3154	2	0	3000
GS	147	Response	1	4956753	5427	1
GS	148	Picture	22	4984520	0	1	3153	3	0	3000
GS	148	Response	1	4988201	3681	1
GS	149	Picture	22	5013067	0	1	3153	2	0	3000
GS	149	Response	1	5017819	4752	2
GS	150	Picture	22	5042775	0	2	3154	3	0	3000
GS	150	Response	1	5046761	3986	1
GS	151	Picture	22	5081612	0	1	3154	2	0	3000
GS	151	Response	1	5086788	5176	1
GS	152	Picture	22	5119287	0	2	3154	3	0	3000
GS	152	Response	1	5122826	3539	1
GS	153	Picture	33	5152149	0	2	3154	3	0	3000
GS	154	Response	1	6184624	999613	2
GS	156	Picture	22	6194770	0	1	3153	2	0	3000
GS	156	Response	1	6199135	4365	1
GS	157	Picture	22	6232943	0	1	3153	2	0	3000
GS	157	Response	1	6236407	3464	1
GS	158	Picture	22	6261656	0	1	3153	2	0	3000
GS	158	Response	1	6264903	3247	1
GS	159	Picture	22	6297339	0	1	3153	3	0	3000
GS	159	Response	1	6300546	3207	1
GS	160	Picture	22	6336176	0	1	3153	2	0	3000
GS	160	Response	1	6339761	3585	1
GS	161	Picture	22	6376009	0	1	3153	2	0	3000
GS	161	Response	1	6379094	3085	1
GS	162	Picture	22	6407377	0	1	3153	2	0	3000
GS	162	Response	1	6410457	3080	1
GS	163	Picture	33	6439243	0	1	3153	3	0	3000
GS	164	Picture	22	6469615	0	2	3154	3	0	3000
GS	164	Response	1	6472896	3281	1
GS	165	Picture	22	6509116	0	1	3154	2	0	3000
GS	165	Response	1	6512556	3440	1
GS	166	Picture	22	6540816	0	2	3154	3	0	3000
GS	166	Response	1	6544442	3626	1
GS	167	Picture	33	6577496	0	1	3153	2	0	3000
GS	168	Picture	22	6615337	0	1	3153	2	0	3000
GS	168	Response	1	6618846	3509	1
GS	169	Picture	22	6648199	0	1	3153	2	0	3000
GS	169	Response	1	6651925	3726	1
GS	170	Picture	22	6679235	0	1	3153	2	0	3000
GS	170	Response	1	6682806	3571	1
GS	171	Picture	22	6715748	0	2	3154	3	0	3000
GS	171	Response	1	6719392	3644	1
GS	172	Picture	22	6751764	0	1	3153	2	0	3000
GS	172	Response	1	6755414	3650	1
GS	173	Picture	33	6787447	0	1	3154	2	0	3000
GS	174	Picture	22	6816990	0	1	3153	2	0	3000
GS	174	Response	1	6821869	4879	1
GS	175	Picture	33	6847694	0	1	3153	3	0	3000
GS	176	Picture	22	6883543	0	2	3154	3	0	3000
GS	176	Response	1	6889650	6107	1
GS	177	Picture	22	6912422	0	1	3154	2	0	3000
GS	177	Response	1	6916661	4239	1
GS	178	Picture	22	6950263	0	2	3154	3	0	3000
GS	178	Response	1	6954756	4493	2
GS	179	Picture	33	6987938	0	2	3154	3	0	3000
GS	180	Picture	22	7024452	0	1	3153	2	0	3000
GS	180	Response	1	7027740	3288	1
GS	181	Picture	33	7053662	0	1	3154	2	0	3000
GS	182	Picture	22	7086358	0	1	3154	2	0	3000
GS	182	Response	1	7090086	3728	1
GS	183	Picture	22	7119386	0	1	3154	2	0	3000
GS	183	Response	1	7123274	3888	1
GS	184	Picture	22	7147601	0	1	3153	3	0	3000
GS	184	Response	1	7151913	4312	2
GS	185	Picture	22	7182123	0	1	3153	2	0	3000
GS	185	Response	1	7186044	3921	2
GS	186	Picture	22	7213325	0	1	3153	2	0	3000
GS	186	Response	1	7219705	6380	2
GS	187	Picture	33	7249506	0	2	3154	3	0	3000
GS	188	Picture	22	7289339	0	1	3153	3	0	3000
GS	188	Response	1	7293896	4557	1
GS	189	Picture	22	7322035	0	1	3153	3	0	3000
GS	189	Response	1	7326520	4485	1
GS	190	Picture	22	7361702	0	1	3153	2	0	3000
GS	190	Response	1	7365794	4092	1
GS	191	Picture	33	7394896	0	1	3153	2	0	3000
GS	192	Picture	22	7430413	0	1	3153	3	0	3000
GS	192	Response	1	7434163	3750	1
GS	193	Picture	22	7462943	0	1	3154	2	0	3000
GS	193	Response	1	7467557	4614	2
GS	194	Picture	22	7494477	0	2	3154	3	0	3000
GS	194	Response	1	7498348	3871	1
GS	195	Picture	22	7526343	0	2	3154	3	0	3000
GS	196	Picture	22	7557380	0	1	3153	2	0	3000
GS	196	Response	1	7560864	3484	1
GS	197	Picture	22	7595553	0	1	3153	2	0	3000
GS	197	Response	1	7599808	4255	1
GS	198	Picture	22	7624100	0	1	3153	2	0	3000
GS	198	Response	1	7628502	4402	1
GS	199	Picture	33	7653144	0	1	3154	2	0	3000
GS	200	Picture	22	7691815	0	1	3154	2	0	3000
GS	200	Response	1	7696571	4756	1
GS	201	Picture	22	7723183	0	2	3154	3	0	3000
GS	201	Response	1	7728012	4829	1
GS	202	Picture	22	7758369	0	1	3153	2	0	3000
GS	202	Response	1	7763762	5393	1
GS	203	Picture	22	7796708	0	1	3153	2	0	3000
GS	203	Response	1	7800701	3993	1
GS	204	Picture	22	7830898	0	1	3153	2	0	3000
GS	204	Response	1	7835509	4611	1
GS	205	Picture	33	7863262	0	1	3153	2	0	3000
GS	206	Picture	22	7895626	0	1	3153	2	0	3000
GS	206	Response	1	7899652	4026	1
GS	207	Picture	22	7931475	0	1	3153	3	0	3000
GS	207	Response	1	7936179	4704	1
GS	208	Picture	22	7969316	0	1	3154	2	0	3000
GS	208	Response	1	7974619	5303	1
GS	209	Picture	33	7998029	0	1	3153	2	0	3000
GS	210	Picture	22	8034708	0	1	3154	2	0	3000
GS	210	Response	1	8038438	3730	1
GS	211	Picture	22	8073047	0	1	3154	2	0	3000
GS	211	Response	1	8081339	8292	2
GS	212	Picture	22	8108897	0	1	3153	2	0	3000
GS	212	Response	1	8114287	5390	1
GS	213	Picture	33	8145078	0	1	3153	2	0	3000
GS	214	Picture	22	8184911	0	1	3153	2	0	3000
GS	214	Response	1	8189330	4419	2
GS	215	Picture	22	8220760	0	1	3153	3	0	3000
GS	215	Response	1	8231226	10466	1
GS	216	Picture	22	8254950	0	1	3153	2	0	3000
GS	216	Response	1	8259268	4318	2
GS	217	Picture	33	8294616	0	2	3154	3	0	3000
GS	218	Picture	22	8325985	0	1	3153	2	0	3000
GS	218	Response	1	8329698	3713	1
GS	219	Picture	22	8363162	0	1	3153	2	0	3000
GS	219	Response	1	8368400	5238	1
GS	220	Picture	22	8393700	0	2	3154	3	0	3000
GS	220	Response	1	8397564	3864	1
GS	221	Picture	33	8433533	0	1	3153	2	0	3000
GS	222	Picture	22	8464901	0	1	3154	2	0	3000
GS	222	Response	1	8469296	4395	1
GS	223	Picture	33	8498593	0	1	3153	3	0	3000
GS	224	Picture	22	8533613	0	1	3153	2	0	3000
GS	224	Response	1	8537334	3721	1
GS	225	Picture	22	8571122	0	1	3153	2	0	3000
GS	225	Response	1	8575182	4060	2
GS	226	Picture	22	8602490	0	1	3153	3	0	3000
GS	226	Response	1	8608041	5551	1
GS	227	Picture	33	8634854	0	1	3153	3	0	3000
GS	228	Picture	22	8674521	0	1	3153	2	0	3000
GS	228	Response	1	8678738	4217	1
GS	229	Picture	22	8711698	0	1	3153	2	0	3000
GS	229	Response	1	8715532	3834	1
GS	230	Picture	22	8739747	0	1	3153	2	0	3000
GS	230	Response	1	8744050	4303	1
GS	231	Picture	22	8778916	0	1	3153	2	0	3000
GS	231	Response	1	8783527	4611	1
GS	232	Picture	22	8817420	0	2	3154	3	0	3000
GS	232	Response	1	8821728	4308	1
GS	233	Picture	33	8854930	0	1	3153	2	0	3000
GS	234	Picture	22	8893269	0	1	3153	2	0	3000
GS	234	Response	1	8897238	3969	1
GS	235	Picture	22	8924471	0	1	3153	2	0	3000
GS	235	Response	1	8929058	4587	1
GS	236	Picture	22	8956835	0	1	3153	2	0	3000
GS	236	Response	1	8962445	5610	1
GS	237	Picture	22	8988867	0	1	3153	3	0	3000
GS	237	Response	1	8994441	5574	1
GS	238	Picture	22	9027040	0	1	3153	3	0	3000
GS	238	Response	1	9031015	3975	1
GS	239	Picture	33	9067039	0	1	3153	2	0	3000
GS	240	Picture	22	9096415	0	2	3154	3	0	3000
GS	240	Response	1	9103865	7450	2
GS	241	Picture	22	9132099	0	1	3153	2	0	3000
GS	241	Response	1	9136628	4529	2
GS	242	Picture	22	9166952	0	2	3154	3	0	3000
GS	242	Response	1	9175566	8614	2
GS	243	Picture	33	9203963	0	2	3154	3	0	3000
GS	244	Picture	22	9242966	0	2	3154	3	0	3000
GS	244	Response	1	9248622	5656	1
GS	245	Picture	22	9274998	0	2	3154	3	0	3000
GS	245	Response	1	9282244	7246	1
GS	246	Picture	22	9305205	0	1	3153	2	0	3000
GS	246	Response	1	9308922	3717	1
GS	247	Picture	22	9337237	0	1	3153	3	0	3000
GS	247	Response	1	9341219	3982	1
GS	248	Picture	22	9365286	0	1	3153	2	0	3000
GS	248	Response	1	9369261	3975	1
GS	249	Picture	22	9401799	0	1	3154	2	0	3000
GS	249	Response	1	9408291	6492	1
GS	250	Picture	22	9437151	0	1	3153	2	0	3000
GS	250	Response	1	9441705	4554	2
GS	251	Picture	33	9469681	0	1	3153	2	0	3000
GS	252	Picture	22	9502377	0	1	3153	2	0	3000
GS	252	Response	1	9507053	4676	1
GS	253	Picture	22	9538392	0	1	3154	2	0	3000
GS	253	Response	1	9542505	4113	2
GS	254	Picture	22	9577727	0	1	3153	2	0	3000
GS	254	Response	1	9582183	4456	1
GS	255	Picture	22	9612581	0	1	3153	2	0	3000
GS	255	Response	1	9616724	4143	1
GS	256	Picture	22	9645442	0	2	3154	3	0	3000
GS	256	Response	1	9650467	5025	1
GS	257	Picture	22	9676147	0	1	3153	2	0	3000
GS	257	Response	1	9681672	5525	1
GS	258	Picture	22	9704362	0	1	3153	2	0	3000
GS	258	Response	1	9710278	5916	1
GS	259	Picture	33	9735896	0	1	3153	3	0	3000
GS	260	Picture	22	9767264	0	1	3154	2	0	3000
GS	260	Response	1	9772017	4753	1
GS	261	Picture	22	9801288	0	1	3153	2	0	3000
GS	261	Response	1	9810308	9020	1
GS	262	Picture	22	9830996	0	2	3154	3	0	3000
GS	262	Response	1	9836249	5253	1
GS	263	Picture	33	9870165	0	1	3154	2	0	3000
GS	264	Picture	22	9906015	0	1	3153	2	0	3000
GS	264	Response	1	9912409	6394	1
GS	265	Picture	22	9940204	0	2	3154	3	0	3000
GS	265	Response	1	9945410	5206	1
GS	266	Picture	22	9971905	0	1	3153	2	0	3000
GS	266	Response	1	9976399	4494	1
GS	267	Picture	22	10003937	0	1	3153	2	0	3000
GS	267	Response	1	10008753	4816	1
GS	268	Picture	22	10034807	0	1	3153	3	0	3000
GS	268	Response	1	10040689	5882	1
GS	269	Picture	33	10074474	0	1	3153	2	0	3000
GS	270	Picture	22	10111817	0	1	3153	2	0	3000
GS	270	Response	1	10116144	4327	1
GS	271	Picture	22	10148662	0	1	3153	3	0	3000
GS	271	Response	1	10158154	9492	1
GS	272	Picture	22	10186835	0	1	3153	3	0	3000
GS	272	Response	1	10192343	5508	1
GS	273	Picture	33	10219199	0	1	3153	3	0	3000
GS	274	Picture	22	10249738	0	1	3153	2	0	3000
GS	274	Response	1	10255509	5771	1
GS	275	Picture	33	10279944	0	1	3153	3	0	3000
GS	276	Picture	22	10318449	0	1	3153	2	0	3000
GS	276	Response	1	10323460	5011	1
GS	277	Picture	33	10353136	0	2	3154	3	0	3000
GS	278	Picture	22	10384007	0	1	3153	2	0	3000
GS	278	Response	1	10390191	6184	1
GS	279	Picture	33	10412554	0	1	3153	2	0	3000
GS	280	Picture	22	10441930	0	1	3154	2	0	3000
GS	280	Response	1	10447617	5687	1
GS	281	Picture	22	10481929	0	1	3153	2	0	3000
GS	281	Response	1	10488691	6762	1
GS	282	Picture	22	10512467	0	2	3154	3	0	3000
GS	282	Response	1	10519043	6576	1
GS	283	Picture	22	10550474	0	2	3154	3	0	3000
GS	283	Response	1	10562508	12034	2
GS	284	Picture	22	10581677	0	1	3153	2	0	3000
GS	284	Response	1	10588670	6993	2
GS	285	Picture	22	10620513	0	2	3154	3	0	3000
GS	285	Response	1	10624189	3676	1
GS	286	Picture	22	10652214	0	1	3153	2	0	3000
GS	286	Response	1	10656808	4594	1
GS	287	Picture	33	10681922	0	1	3154	2	0	3000
GS	288	Picture	22	10720759	0	1	3153	3	0	3000
GS	288	Response	1	10725076	4317	2
GS	289	Picture	22	10759430	0	1	3153	2	0	3000
GS	289	Response	1	10763336	3906	1
GS	290	Picture	22	10797935	0	1	3153	2	0	3000
GS	290	Response	1	10805348	7413	1
GS	291	Picture	22	10826648	0	1	3153	2	0	3000
GS	291	Response	1	10854595	27947	1
GS	292	Picture	22	10858016	0	1	3153	2	0	3000
GS	292	Response	1	10864521	6505	1
GS	293	Picture	22	10889550	0	1	3153	3	0	3000
GS	293	Response	1	10894632	5082	1
GS	294	Picture	22	10928221	0	1	3153	2	0	3000
GS	294	Response	1	10938121	9900	1
GS	295	Picture	33	10956934	0	1	3153	2	0	3000
GS	296	Picture	22	10990791	0	2	3154	3	0	3000
GS	296	Response	1	10997585	6794	1
GS	297	Picture	33	11028301	0	1	3153	2	0	3000
GS	298	Picture	22	11057511	0	1	3154	2	0	3000
GS	298	Response	1	11061096	3585	1
GS	299	Picture	22	11096846	0	1	3153	2	0	3000
GS	299	Response	1	11100594	3748	1
GS	300	Picture	22	11132031	0	2	3154	3	0	3000
GS	300	Response	1	11138586	6555	1
GS	301	Picture	22	11163234	0	1	3153	2	0	3000
GS	301	Response	1	11167507	4273	1
GS	302	Picture	22	11196096	0	1	3153	2	0	3000
GS	302	Response	1	11200299	4203	1
GS	303	Picture	33	11227630	0	1	3153	3	0	3000


Event Type	Code	Type	Response	RT	RT Uncertainty	Time	Uncertainty	Duration	Uncertainty	ReqTime	ReqDur

Picture	22	hit	1	3776	4	289	2	3154	3	0	3000
Picture	22	hit	1	3516	2	37799	1	3153	2	0	3000
Picture	22	hit	1	3453	3	71656	2	3154	3	0	3000
Picture	22	hit	1	3371	3	101863	1	3153	2	0	3000
Picture	22	hit	1	3165	3	134891	1	3153	2	0	3000
Picture	22	hit	1	3154	3	163935	2	3154	3	0	3000
Picture	22	hit	1	3368	2	200615	1	3153	2	0	3000
Picture	33	miss				228829	2	3154	3	0	3000
Picture	22	hit	1	3382	3	267998	2	3154	3	0	3000
Picture	22	hit	1	3490	2	298869	1	3153	2	0	3000
Picture	22	hit	1	4799	3	327747	2	3154	3	0	3000
Picture	22	hit	1	3643	2	367746	1	3153	2	0	3000
Picture	22	hit	1	5418	3	403097	2	3154	3	0	3000
Picture	33	miss				441768	2	3154	3	0	3000
Picture	22	hit	1	4133	3	470647	1	3153	3	0	3000
Picture	22	hit	1	3343	2	509152	1	3153	3	0	3000
Picture	22	hit	1	3889	2	543840	1	3153	2	0	3000
Picture	22	hit	1	4890	3	572552	2	3154	3	0	3000
Picture	22	hit	1	3251	3	610227	2	3154	3	0	3000
Picture	22	hit	1	3051	2	646907	1	3153	2	0	3000
Picture	22	hit	1	3389	3	687071	2	3154	3	0	3000
Picture	33	miss				724912	2	3154	3	0	3000
Picture	22	hit	1	3157	2	753127	1	3154	2	0	3000
Picture	22	hit	1	3473	2	792628	1	3153	2	0	3000
Picture	22	hit	1	4070	3	827979	2	3154	3	0	3000
Picture	22	hit	1	3633	2	864659	1	3153	2	0	3000
Picture	22	hit	1	3927	3	898184	2	3154	3	0	3000
Picture	33	miss				935362	1	3153	2	0	3000
Picture	22	hit	1	3655	2	968390	1	3153	2	0	3000
Picture	33	miss				1002911	2	3154	3	0	3000
Picture	22	hit	1	3489	2	1035939	1	3154	2	0	3000
Picture	22	hit	1	3813	2	1075938	1	3153	2	0	3000
Picture	22	hit	1	3796	3	1114443	1	3153	2	0	3000
Picture	33	miss				1145479	2	3153	4	0	3000
Picture	22	hit	1	4579	3	1176681	2	3154	3	0	3000
Picture	22	hit	1	4242	4	1214854	2	3154	3	0	3000
Picture	22	hit	1	4814	2	1243401	1	3153	3	0	3000
Picture	22	hit	1	3307	2	1282570	1	3153	2	0	3000
Picture	22	hit	1	5472	3	1315764	1	3153	2	0	3000
Picture	33	miss				1350119	2	3154	3	0	3000
Picture	22	hit	1	3462	2	1381322	1	3153	2	0	3000
Picture	22	hit	1	4872	3	1415179	2	3154	3	0	3000
Picture	22	hit	1	5222	2	1445220	1	3153	3	0	3000
Picture	33	miss				1474763	1	3153	2	0	3000
Picture	22	hit	1	7802	3	1507956	2	3154	3	0	3000
Picture	33	miss				1541980	2	3154	3	0	3000
Picture	22	hit	1	3955	2	1581647	1	3153	2	0	3000
Picture	22	hit	1	5126	2	1621480	1	3153	2	0	3000
Picture	22	hit	1	6201	2	1654342	1	3153	2	0	3000
Picture	22	hit	1	4352	3	1687701	2	3154	3	0	3000
Picture	22	hit	1	4803	2	1718406	1	3153	2	0	3000
Picture	22	hit	1	4794	3	1753259	2	3154	3	0	3000
Picture	22	hit	1	4803	2	1782304	1	3153	3	0	3000
Picture	33	miss				1821307	1	3153	2	0	3000
Picture	22	hit	1	3946	2	1849356	1	3153	2	0	3000
Picture	22	hit	1	4529	2	1880226	1	3153	3	0	3000
Picture	22	hit	1	4348	2	1912092	1	3154	2	0	3000
Picture	22	hit	1	4918	3	1948771	2	3154	3	0	3000
Picture	22	hit	1	4822	3	1980140	1	3153	2	0	3000
Picture	33	miss				2018479	1	3153	2	0	3000
Picture	22	hit	1	5542	3	2047689	2	3154	3	0	3000
Picture	22	hit	1	4112	2	2075904	1	3154	2	0	3000
Picture	22	hit	1	5004	2	2114409	1	3153	3	0	3000
Picture	22	hit	1	6235	2	2149097	1	3153	2	0	3000
Picture	22	hit	1	7880	2	2181627	1	3153	2	0	3000
Picture	22	hit	1	6913	3	2211169	2	3154	3	0	3000
Picture	22	hit	1	4432	2	2251168	1	3153	2	0	3000
Picture	33	miss				2280379	1	3153	2	0	3000
Picture	22	hit	1	4342	2	2312411	1	3153	2	0	3000
Picture	22	hit	1	4650	2	2350086	1	3153	2	0	3000
Picture	22	hit	1	4988	3	2388259	1	3153	2	0	3000
Picture	33	miss				2422780	2	3154	3	0	3000
Picture	22	hit	1	3630	2	2451327	1	3154	2	0	3000
Picture	22	hit	1	4163	2	2479708	1	3153	2	0	3000
Picture	22	hit	1	5796	4	2510412	2	3154	3	0	3000
Picture	33	miss				2547258	1	3153	2	0	3000
Picture	22	hit	1	6435	4	2580617	2	3154	3	0	3000
Picture	22	hit	1	4984	2	2620284	1	3153	3	0	3000
Picture	22	hit	1	5484	2	2658623	1	3154	2	0	3000
Picture	33	miss				2697626	1	3153	3	0	3000
Picture	22	hit	1	4517	4	2733641	2	3154	3	0	3000
Picture	22	hit	1	3931	2	2763018	1	3153	3	0	3000
Picture	22	hit	1	5113	3	2801855	1	3153	2	0	3000
Picture	22	hit	1	4456	3	2833721	2	3153	3	0	3000
Picture	22	hit	1	4063	2	2872724	1	3153	2	0	3000
Picture	33	miss				2906250	1	3153	2	0	3000
Picture	22	hit	1	3861	3	2934962	2	3154	3	0	3000
Picture	22	hit	1	4733	3	2974463	1	3154	2	0	3000
Picture	22	hit	1	5128	4	3004835	2	3154	3	0	3000
Picture	33	miss				3041847	1	3153	2	0	3000
Picture	22	hit	1	5087	2	3071721	1	3154	2	0	3000
Picture	33	miss				3102426	1	3153	2	0	3000
Picture	22	hit	1	4241	4	3136781	2	3154	3	0	3000
Picture	22	hit	1	5104	2	3172299	1	3153	2	0	3000
Picture	22	hit	1	3918	3	3202007	2	3154	3	0	3000
Picture	22	hit	1	4452	3	3240014	2	3154	3	0	3000
Picture	22	hit	1	4489	2	3275034	1	3153	2	0	3000
Picture	33	miss				3313871	1	3153	2	0	3000
Picture	22	hit	1	5472	2	3352874	1	3153	2	0	3000
Picture	22	hit	1	5628	3	3392208	2	3154	3	0	3000
Picture	22	hit	1	4907	2	3431377	1	3154	2	0	3000
Picture	33	miss				3467559	1	3153	2	0	3000
Picture	22	hit	1	4756	3	3507059	2	3154	3	0	3000
Picture	22	hit	1	4187	2	3540585	1	3154	2	0	3000
Picture	22	hit	1	7724	3	3569962	1	3153	2	0	3000
Picture	22	hit	1	4197	2	3606807	1	3153	3	0	3000
Picture	22	hit	1	4978	3	3638839	1	3153	3	0	3000
Picture	22	hit	1	3749	2	3673029	1	3153	2	0	3000
Picture	22	hit	1	4256	2	3709376	1	3153	3	0	3000
Picture	33	miss				3744396	1	3153	2	0	3000
Picture	22	hit	1	4522	2	3779415	1	3154	2	0	3000
Picture	22	hit	1	6567	2	3810120	1	3153	2	0	3000
Picture	22	hit	1	4879	2	3840658	1	3153	3	0	3000
Picture	22	hit	1	4933	4	3872026	2	3154	3	0	3000
Picture	22	hit	1	4776	3	3903394	2	3154	3	0	3000
Picture	33	miss				3935427	1	3153	2	0	3000
Picture	22	hit	1	8108	2	3971608	1	3153	2	0	3000
Picture	22	hit	1	3502	2	4000985	1	3153	2	0	3000
Picture	22	hit	1	3110	4	4034510	2	3154	3	0	3000
Picture	33	miss				4065049	1	3153	2	0	3000
Picture	22	hit	1	3518	3	4097579	1	3153	2	0	3000
Picture	22	hit	1	4134	2	4137080	1	3153	2	0	3000
Picture	22	hit	1	3681	2	4174091	1	3153	2	0	3000
Picture	33	miss				4208115	1	3153	2	0	3000
Picture	22	hit	1	3458	2	4239649	1	3153	2	0	3000
Picture	33	miss				4271515	1	3153	3	0	3000
Picture	22	hit	1	3738	3	4303049	1	3154	2	0	3000
Picture	22	hit	1	4997	3	4336077	1	3153	3	0	3000
Picture	22	hit	1	3087	4	4372922	2	3154	3	0	3000
Picture	33	miss				4409934	1	3153	2	0	3000
Picture	22	hit	1	5191	2	4438314	1	3154	2	0	3000
Picture	33	miss				4477151	1	3154	2	0	3000
Picture	22	hit	1	4263	2	4516486	1	3153	2	0	3000
Picture	22	hit	1	4198	2	4545199	1	3153	2	0	3000
Picture	22	hit	1	4626	2	4575571	1	3153	3	0	3000
Picture	33	miss				4611254	2	3154	3	0	3000
Picture	22	hit	1	3256	2	4645942	1	3154	2	0	3000
Picture	22	hit	1	4785	3	4682953	2	3154	3	0	3000
Picture	22	hit	1	4040	2	4712662	1	3153	2	0	3000
Picture	33	miss				4749839	1	3154	2	0	3000
Picture	22	hit	1	4177	4	4787016	2	3154	3	0	3000
Picture	22	hit	1	4222	3	4824359	2	3154	3	0	3000
Picture	22	hit	1	5229	2	4853238	1	3153	3	0	3000
Picture	33	miss				4890581	2	3154	3	0	3000
Picture	22	hit	1	4894	3	4921120	1	3153	2	0	3000
Picture	22	hit	1	5427	2	4951326	1	3154	2	0	3000
Picture	22	hit	1	3681	2	4984520	1	3153	3	0	3000
Picture	22	hit	1	4752	3	5013067	1	3153	2	0	3000
Picture	22	hit	1	3986	3	5042775	2	3154	3	0	3000
Picture	22	hit	1	5176	2	5081612	1	3154	2	0	3000
Picture	22	hit	1	3539	3	5119287	2	3154	3	0	3000
Picture	33	miss				5152149	2	3154	3	0	3000
Picture	22	hit	1	4365	2	6194770	1	3153	2	0	3000
Picture	22	hit	1	3464	2	6232943	1	3153	2	0	3000
Picture	22	hit	1	3247	2	6261656	1	3153	2	0	3000
Picture	22	hit	1	3207	2	6297339	1	3153	3	0	3000
Picture	22	hit	1	3585	2	6336176	1	3153	2	0	3000
Picture	22	hit	1	3085	2	6376009	1	3153	2	0	3000
Picture	22	hit	1	3080	2	6407377	1	3153	2	0	3000
Picture	33	miss				6439243	1	3153	3	0	3000
Picture	22	hit	1	3281	3	6469615	2	3154	3	0	3000
Picture	22	hit	1	3440	2	6509116	1	3154	2	0	3000
Picture	22	hit	1	3626	3	6540816	2	3154	3	0	3000
Picture	33	miss				6577496	1	3153	2	0	3000
Picture	22	hit	1	3509	2	6615337	1	3153	2	0	3000
Picture	22	hit	1	3726	2	6648199	1	3153	2	0	3000
Picture	22	hit	1	3571	2	6679235	1	3153	2	0	3000
Picture	22	hit	1	3644	3	6715748	2	3154	3	0	3000
Picture	22	hit	1	3650	2	6751764	1	3153	2	0	3000
Picture	33	miss				6787447	1	3154	2	0	3000
Picture	22	hit	1	4879	2	6816990	1	3153	2	0	3000
Picture	33	miss				6847694	1	3153	3	0	3000
Picture	22	hit	1	6107	3	6883543	2	3154	3	0	3000
Picture	22	hit	1	4239	2	6912422	1	3154	2	0	3000
Picture	22	hit	1	4493	4	6950263	2	3154	3	0	3000
Picture	33	miss				6987938	2	3154	3	0	3000
Picture	22	hit	1	3288	2	7024452	1	3153	2	0	3000
Picture	33	miss				7053662	1	3154	2	0	3000
Picture	22	hit	1	3728	2	7086358	1	3154	2	0	3000
Picture	22	hit	1	3888	2	7119386	1	3154	2	0	3000
Picture	22	hit	1	4312	3	7147601	1	3153	3	0	3000
Picture	22	hit	1	3921	3	7182123	1	3153	2	0	3000
Picture	22	hit	1	6380	3	7213325	1	3153	2	0	3000
Picture	33	miss				7249506	2	3154	3	0	3000
Picture	22	hit	1	4557	2	7289339	1	3153	3	0	3000
Picture	22	hit	1	4485	2	7322035	1	3153	3	0	3000
Picture	22	hit	1	4092	2	7361702	1	3153	2	0	3000
Picture	33	miss				7394896	1	3153	2	0	3000
Picture	22	hit	1	3750	2	7430413	1	3153	3	0	3000
Picture	22	hit	1	4614	3	7462943	1	3154	2	0	3000
Picture	22	hit	1	3871	3	7494477	2	3154	3	0	3000
Picture	22	miss				7526343	2	3154	3	0	3000
Picture	22	hit	1	3484	2	7557380	1	3153	2	0	3000
Picture	22	hit	1	4255	2	7595553	1	3153	2	0	3000
Picture	22	hit	1	4402	2	7624100	1	3153	2	0	3000
Picture	33	miss				7653144	1	3154	2	0	3000
Picture	22	hit	1	4756	2	7691815	1	3154	2	0	3000
Picture	22	hit	1	4829	3	7723183	2	3154	3	0	3000
Picture	22	hit	1	5393	2	7758369	1	3153	2	0	3000
Picture	22	hit	1	3993	2	7796708	1	3153	2	0	3000
Picture	22	hit	1	4611	2	7830898	1	3153	2	0	3000
Picture	33	miss				7863262	1	3153	2	0	3000
Picture	22	hit	1	4026	2	7895626	1	3153	2	0	3000
Picture	22	hit	1	4704	2	7931475	1	3153	3	0	3000
Picture	22	hit	1	5303	2	7969316	1	3154	2	0	3000
Picture	33	miss				7998029	1	3153	2	0	3000
Picture	22	hit	1	3730	2	8034708	1	3154	2	0	3000
Picture	22	hit	1	8292	3	8073047	1	3154	2	0	3000
Picture	22	hit	1	5390	2	8108897	1	3153	2	0	3000
Picture	33	miss				8145078	1	3153	2	0	3000
Picture	22	hit	1	4419	3	8184911	1	3153	2	0	3000
Picture	22	hit	1	10466	2	8220760	1	3153	3	0	3000
Picture	22	hit	1	4318	3	8254950	1	3153	2	0	3000
Picture	33	miss				8294616	2	3154	3	0	3000
Picture	22	hit	1	3713	2	8325985	1	3153	2	0	3000
Picture	22	hit	1	5238	2	8363162	1	3153	2	0	3000
Picture	22	hit	1	3864	3	8393700	2	3154	3	0	3000
Picture	33	miss				8433533	1	3153	2	0	3000
Picture	22	hit	1	4395	2	8464901	1	3154	2	0	3000
Picture	33	miss				8498593	1	3153	3	0	3000
Picture	22	hit	1	3721	2	8533613	1	3153	2	0	3000
Picture	22	hit	1	4060	3	8571122	1	3153	2	0	3000
Picture	22	hit	1	5551	2	8602490	1	3153	3	0	3000
Picture	33	miss				8634854	1	3153	3	0	3000
Picture	22	hit	1	4217	2	8674521	1	3153	2	0	3000
Picture	22	hit	1	3834	2	8711698	1	3153	2	0	3000
Picture	22	hit	1	4303	2	8739747	1	3153	2	0	3000
Picture	22	hit	1	4611	2	8778916	1	3153	2	0	3000
Picture	22	hit	1	4308	3	8817420	2	3154	3	0	3000
Picture	33	miss				8854930	1	3153	2	0	3000
Picture	22	hit	1	3969	2	8893269	1	3153	2	0	3000
Picture	22	hit	1	4587	2	8924471	1	3153	2	0	3000
Picture	22	hit	1	5610	2	8956835	1	3153	2	0	3000
Picture	22	hit	1	5574	2	8988867	1	3153	3	0	3000
Picture	22	hit	1	3975	2	9027040	1	3153	3	0	3000
Picture	33	miss				9067039	1	3153	2	0	3000
Picture	22	hit	1	7450	4	9096415	2	3154	3	0	3000
Picture	22	hit	1	4529	3	9132099	1	3153	2	0	3000
Picture	22	hit	1	8614	4	9166952	2	3154	3	0	3000
Picture	33	miss				9203963	2	3154	3	0	3000
Picture	22	hit	1	5656	3	9242966	2	3154	3	0	3000
Picture	22	hit	1	7246	3	9274998	2	3154	3	0	3000
Picture	22	hit	1	3717	2	9305205	1	3153	2	0	3000
Picture	22	hit	1	3982	2	9337237	1	3153	3	0	3000
Picture	22	hit	1	3975	2	9365286	1	3153	2	0	3000
Picture	22	hit	1	6492	2	9401799	1	3154	2	0	3000
Picture	22	hit	1	4554	3	9437151	1	3153	2	0	3000
Picture	33	miss				9469681	1	3153	2	0	3000
Picture	22	hit	1	4676	2	9502377	1	3153	2	0	3000
Picture	22	hit	1	4113	3	9538392	1	3154	2	0	3000
Picture	22	hit	1	4456	2	9577727	1	3153	2	0	3000
Picture	22	hit	1	4143	2	9612581	1	3153	2	0	3000
Picture	22	hit	1	5025	3	9645442	2	3154	3	0	3000
Picture	22	hit	1	5525	2	9676147	1	3153	2	0	3000
Picture	22	hit	1	5916	2	9704362	1	3153	2	0	3000
Picture	33	miss				9735896	1	3153	3	0	3000
Picture	22	hit	1	4753	2	9767264	1	3154	2	0	3000
Picture	22	hit	1	9020	2	9801288	1	3153	2	0	3000
Picture	22	hit	1	5253	3	9830996	2	3154	3	0	3000
Picture	33	miss				9870165	1	3154	2	0	3000
Picture	22	hit	1	6394	2	9906015	1	3153	2	0	3000
Picture	22	hit	1	5206	3	9940204	2	3154	3	0	3000
Picture	22	hit	1	4494	2	9971905	1	3153	2	0	3000
Picture	22	hit	1	4816	2	10003937	1	3153	2	0	3000
Picture	22	hit	1	5882	2	10034807	1	3153	3	0	3000
Picture	33	miss				10074474	1	3153	2	0	3000
Picture	22	hit	1	4327	2	10111817	1	3153	2	0	3000
Picture	22	hit	1	9492	2	10148662	1	3153	3	0	3000
Picture	22	hit	1	5508	2	10186835	1	3153	3	0	3000
Picture	33	miss				10219199	1	3153	3	0	3000
Picture	22	hit	1	5771	2	10249738	1	3153	2	0	3000
Picture	33	miss				10279944	1	3153	3	0	3000
Picture	22	hit	1	5011	2	10318449	1	3153	2	0	3000
Picture	33	miss				10353136	2	3154	3	0	3000
Picture	22	hit	1	6184	2	10384007	1	3153	2	0	3000
Picture	33	miss				10412554	1	3153	2	0	3000
Picture	22	hit	1	5687	2	10441930	1	3154	2	0	3000
Picture	22	hit	1	6762	2	10481929	1	3153	2	0	3000
Picture	22	hit	1	6576	3	10512467	2	3154	3	0	3000
Picture	22	hit	1	12034	4	10550474	2	3154	3	0	3000
Picture	22	hit	1	6993	3	10581677	1	3153	2	0	3000
Picture	22	hit	1	3676	3	10620513	2	3154	3	0	3000
Picture	22	hit	1	4594	2	10652214	1	3153	2	0	3000
Picture	33	miss				10681922	1	3154	2	0	3000
Picture	22	hit	1	4317	3	10720759	1	3153	3	0	3000
Picture	22	hit	1	3906	2	10759430	1	3153	2	0	3000
Picture	22	hit	1	7413	2	10797935	1	3153	2	0	3000
Picture	22	hit	1	27947	2	10826648	1	3153	2	0	3000
Picture	22	hit	1	6505	2	10858016	1	3153	2	0	3000
Picture	22	hit	1	5082	2	10889550	1	3153	3	0	3000
Picture	22	hit	1	9900	2	10928221	1	3153	2	0	3000
Picture	33	miss				10956934	1	3153	2	0	3000
Picture	22	hit	1	6794	3	10990791	2	3154	3	0	3000
Picture	33	miss				11028301	1	3153	2	0	3000
Picture	22	hit	1	3585	2	11057511	1	3154	2	0	3000
Picture	22	hit	1	3748	2	11096846	1	3153	2	0	3000
Picture	22	hit	1	6555	3	11132031	2	3154	3	0	3000
Picture	22	hit	1	4273	2	11163234	1	3153	2	0	3000
Picture	22	hit	1	4203	2	11196096	1	3153	2	0	3000
Picture	33	miss				11227630	1	3153	3	0	3000
