Scenario - EFT lento Abril 2011
Logfile written - 05/09/2011 16:15:31

Subject	Trial	Event Type	Code	Time	TTime	Uncertainty	Duration	Uncertainty	ReqTime	ReqDur

FF	2	Picture	21	10414	0	1	3153	2	0	3000
FF	3	Response	2	15297	1564	1
FF	4	Picture	10	47923	0	1	3153	2	0	3000
FF	5	Response	1	53127	1885	1
FF	6	Picture	20	81117	0	1	3153	2	0	3000
FF	7	Response	2	87145	2709	2
FF	8	Picture	11	112983	0	1	3153	2	0	3000
FF	9	Response	1	122460	6158	1
FF	10	Picture	20	150824	0	1	3153	2	0	3000
FF	11	Response	2	157160	3017	1
FF	12	Picture	10	181196	0	2	3154	3	0	3000
FF	13	Response	1	188283	3767	2
FF	14	Picture	10	213891	0	4	3155	5	0	3000
FF	15	Response	2	218552	1340	2
FF	16	Picture	11	246920	0	1	3154	2	0	3000
FF	17	Response	1	252543	2303	2
FF	18	Picture	20	283765	0	2	3154	3	0	3000
FF	19	Response	2	289783	2698	2
FF	20	Picture	21	322436	0	2	3154	3	0	3000
FF	21	Response	2	328552	2796	1
FF	22	Picture	11	360775	0	2	3154	3	0	3000
FF	23	Response	1	366791	2696	1
FF	24	Picture	10	390152	0	1	3153	2	0	3000
FF	25	Response	1	398740	5269	1
FF	26	Picture	21	422018	0	1	3153	5	0	3000
FF	27	Response	2	429307	3970	1
FF	28	Picture	10	456374	0	1	3153	2	0	3000
FF	29	Response	1	465210	5517	1
FF	30	Picture	20	489070	0	1	3153	2	0	3000
FF	31	Response	2	498044	5655	2
FF	32	Picture	11	518611	0	4	3155	5	0	3000
FF	33	Response	1	524242	2310	2
FF	34	Picture	11	548155	0	1	3153	2	0	3000
FF	35	Response	1	552976	1502	1
FF	36	Picture	10	583008	0	2	3154	3	0	3000
FF	37	Response	1	589975	3647	1
FF	38	Picture	10	616036	0	2	3154	3	0	3000
FF	39	Response	1	626474	7118	2
FF	40	Picture	21	654873	0	2	3154	3	0	3000
FF	41	Response	2	660081	1888	1
FF	42	Picture	21	690225	0	1	3153	2	0	3000
FF	43	Response	2	695580	2036	1
FF	44	Picture	20	720099	0	2	3154	3	0	3000
FF	45	Response	2	727147	3728	1
FF	46	Picture	11	758272	0	2	3154	3	0	3000
FF	47	Response	1	763644	2052	2
FF	48	Picture	11	793956	0	1	3153	2	0	3000
FF	49	Response	1	799555	2280	1
FF	50	Picture	20	825158	0	1	3153	3	0	3000
FF	51	Response	2	834254	5777	1
FF	52	Picture	10	857854	0	1	3153	3	0	3000
FF	53	Response	1	864045	2872	2
FF	54	Picture	11	895363	0	1	3154	2	0	3000
FF	55	Response	1	900427	1744	1
FF	56	Picture	10	932872	0	2	3154	3	0	3000
FF	57	Response	1	941030	4838	1
FF	58	Picture	20	965402	0	2	3154	3	0	3000
FF	59	Response	1	975344	6622	1
FF	60	Picture	21	999094	0	1	3154	2	0	3000
FF	61	Response	2	1004343	1930	1
FF	62	Picture	21	1039091	0	4	3155	5	0	3000
FF	63	Response	2	1044258	1846	1
FF	64	Picture	10	1076768	0	1	3153	2	0	3000
FF	65	Response	1	1086687	6600	1
FF	66	Picture	10	1110460	0	1	3153	2	0	3000
FF	67	Response	2	1122975	9196	2
FF	68	Picture	21	1144649	0	2	3154	3	0	3000
FF	69	Response	2	1152440	4471	1
FF	70	Picture	21	1180831	0	1	3153	2	0	3000
FF	71	Response	2	1185748	1598	1
FF	72	Picture	11	1213693	0	1	3153	2	0	3000
FF	73	Response	1	1218965	1954	2
FF	74	Picture	21	1250870	0	1	3153	2	0	3000
FF	75	Response	2	1256967	2778	2
FF	76	Picture	10	1281242	0	2	3154	3	0	3000
FF	77	Response	1	1290514	5952	2
FF	78	Picture	11	1312777	0	1	3153	2	0	3000
FF	79	Response	1	1317947	1851	2
FF	80	Picture	21	1349788	0	1	3153	2	0	3000
FF	81	Response	2	1355862	2755	1
FF	82	Picture	20	1388459	0	1	3153	2	0	3000
FF	83	Response	2	1396822	5044	1
FF	84	Picture	10	1421321	0	1	3153	2	0	3000
FF	85	Response	1	1431816	7176	1
FF	86	Picture	21	1451693	0	1	3153	3	0	3000
FF	87	Response	2	1457654	2643	1
FF	88	Picture	11	1488372	0	2	3154	3	0	3000
FF	89	Response	1	1493475	1783	1
FF	90	Picture	10	1522064	0	1	3154	2	0	3000
FF	91	Response	1	1528556	3173	1
FF	92	Picture	11	1556586	0	1	3153	2	0	3000
FF	93	Response	1	1562339	2434	2
FF	94	Picture	21	1586128	0	2	3154	3	0	3000
FF	95	Response	2	1591781	2333	1
FF	96	Picture	21	1617994	0	2	3154	3	0	3000
FF	97	Response	2	1624095	2781	1
FF	98	Picture	21	1653512	0	1	3153	3	0	3000
FF	99	Response	2	1659292	2461	1
FF	100	Picture	21	1692349	0	1	3153	2	0	3000
FF	101	Response	2	1697183	1515	1
FF	102	Picture	10	1722721	0	2	3154	3	0	3000
FF	103	Response	1	1732297	6256	2
FF	104	Picture	20	1757575	0	1	3153	2	0	3000
FF	105	Response	2	1768647	7753	1
FF	106	Picture	20	1793424	0	2	3154	3	0	3000
FF	107	Response	2	1800625	3881	2
FF	108	Picture	11	1826618	0	2	3154	3	0	3000
FF	109	Response	1	1835272	5334	1
FF	110	Picture	20	1866783	0	1	3153	2	0	3000
FF	111	Response	2	1873660	3558	1
FF	112	Picture	21	1902134	0	2	3154	3	0	3000
FF	113	Response	2	1910100	4646	1
FF	114	Picture	21	1931511	0	1	3153	3	0	3000
FF	115	Response	2	1937359	2529	1
FF	116	Picture	11	1970182	0	1	3153	2	0	3000
FF	117	Response	1	1976251	2750	1
FF	118	Picture	20	1999890	0	2	3154	3	0	3000
FF	119	Response	2	2009501	6291	1
FF	120	Picture	10	2036072	0	1	3153	2	0	3000
FF	121	Response	1	2045295	5904	1
FF	122	Picture	21	2072087	0	1	3154	2	0	3000
FF	123	Response	2	2078103	2696	1
FF	124	Picture	21	2100800	0	1	3153	2	0	3000
FF	125	Response	2	2106374	2255	2
FF	126	Picture	11	2129679	0	1	3153	2	0	3000
FF	127	Response	1	2135264	2266	2
FF	128	Picture	21	2160881	0	1	3153	2	0	3000
FF	129	Response	2	2166065	1865	1
FF	130	Picture	21	2197726	0	1	3154	2	0	3000
FF	131	Response	2	2202004	958	1
FF	132	Picture	20	2231584	0	1	3153	2	0	3000
FF	133	Response	1	2237561	2658	1
FF	134	Picture	10	2265442	0	1	3153	2	0	3000
FF	135	Response	1	2276982	8221	1
FF	136	Picture	20	2299963	0	2	3154	3	0	3000
FF	137	Response	1	2309902	6619	1
FF	138	Picture	11	2329506	0	1	3153	2	0	3000
FF	139	Response	1	2335030	2205	1
FF	140	Picture	11	2370003	0	1	3153	2	0	3000
FF	141	Response	1	2375128	1806	1
FF	142	Picture	20	2401371	0	1	3153	2	0	3000
FF	143	Response	2	2411803	7113	1
FF	144	Picture	10	2433237	0	1	3153	2	0	3000
FF	145	Response	1	2448987	12431	1
FF	146	Picture	20	2469916	0	1	3154	2	0	3000
FF	147	Response	2	2476684	3448	1
FF	148	Picture	21	2509417	0	1	3153	2	0	3000
FF	149	Response	2	2515225	2489	2
FF	150	Picture	10	2539955	0	2	3154	3	0	3000
FF	151	Response	1	2546852	3577	4
FF	152	Picture	21	2575473	0	1	3153	2	0	3000
FF	153	Response	2	2580987	2195	1
FF	154	Picture	21	2609497	0	1	3153	2	0	3000
FF	155	Response	2	2613536	720	1
FF	156	Picture	20	2639703	0	1	3153	2	0	3000
FF	157	Response	2	2645226	2204	1
FF	158	Picture	10	2678872	0	1	3153	2	0	3000
FF	159	Response	1	2687814	5623	2
FF	160	Picture	20	2711236	0	1	3153	2	0	3000
FF	161	Response	2	2717402	2847	1
FF	162	Picture	21	2744928	0	1	3153	2	0	3000
FF	163	Response	2	2751451	3204	2
FF	164	Picture	20	2784926	0	2	3154	3	0	3000
FF	165	Response	2	2794506	6260	1
FF	166	Picture	20	2823929	0	1	3154	2	0	3000
FF	167	Response	2	2830068	2819	1
FF	168	Picture	20	2854634	0	1	3153	2	0	3000
FF	169	Response	2	2860783	2830	2
FF	170	Picture	10	2883180	0	2	3154	3	0	3000
FF	171	Response	1	2892279	5779	2
FF	172	Picture	11	2922017	0	1	3154	2	0	3000
FF	173	Response	1	2927421	2084	1
FF	174	Picture	21	2952722	0	1	3153	2	0	3000
FF	175	Response	2	2957688	1647	2
FF	176	Picture	21	2992388	0	2	3154	3	0	3000
FF	177	Response	2	2998325	2617	1
FF	178	Picture	11	3022097	0	1	3153	2	0	3000
FF	179	Response	1	3027564	2148	2
FF	180	Picture	11	3060104	0	1	3153	2	0	3000
FF	181	Response	1	3065957	2534	1
FF	182	Picture	10	3089148	0	2	3154	3	0	3000
FF	183	Response	1	3096548	4080	1
FF	184	Picture	11	3124002	0	1	3153	3	0	3000
FF	185	Response	1	3129942	2621	1
FF	186	Picture	11	3154540	0	2	3154	3	0	3000
FF	187	Response	1	3160472	2612	1
FF	188	Picture	20	3185079	0	1	3153	2	0	3000
FF	189	Response	2	3192953	4555	1
FF	190	Picture	11	3218439	0	1	3153	2	0	3000
FF	191	Response	1	3224136	2378	2
FF	192	Picture	21	3252960	0	2	3154	3	0	3000
FF	193	Response	2	3258503	2223	2
FF	194	Picture	11	3283665	0	1	3153	2	0	3000
FF	195	Response	1	3287968	984	2
FF	196	Picture	10	3316859	0	1	3153	2	0	3000
FF	197	Response	2	3322166	1988	1
FF	198	Picture	21	3356857	0	2	3154	3	0	3000
FF	199	Response	2	3362637	2460	2
FF	200	Picture	11	3394864	0	2	3154	3	0	3000
FF	201	Response	1	3398958	774	1
FF	202	Picture	10	3434531	0	1	3153	3	0	3000
FF	203	Response	2	3445023	7173	1
FF	204	Picture	20	3474862	0	1	3153	2	0	3000
FF	205	Response	2	3484447	6266	1
FF	206	Picture	10	3508222	0	1	3153	2	0	3000
FF	207	Response	1	3515631	4090	1
FF	208	Picture	21	3540254	0	1	3153	2	0	3000
FF	209	Response	2	3547820	4248	1
FF	210	Picture	11	3578924	0	2	3154	3	0	3000
FF	211	Response	1	3585617	3373	2
FF	212	Picture	21	3618093	0	2	3154	3	0	3000
FF	213	Response	2	3623650	2238	1
FF	214	Picture	11	3647968	0	1	3153	2	0	3000
FF	215	Response	1	3652854	1567	1
FF	216	Picture	10	3684647	0	1	3154	2	0	3000
FF	217	Response	1	3693454	5487	1
FF	218	Picture	10	3716181	0	2	3154	3	0	3000
FF	219	Response	1	3723039	3538	1
FF	220	Picture	21	3751035	0	1	3153	3	0	3000
FF	221	Response	2	3757678	3324	1
FF	222	Picture	20	3785391	0	1	3153	2	0	3000
FF	223	Response	2	3793259	4549	1
FF	224	Picture	21	3817921	0	1	3153	2	0	3000
FF	225	Response	2	3823649	2409	1
FF	226	Picture	10	3854434	0	1	3153	3	0	3000
FF	227	Response	2	3860361	2608	1
FF	228	Picture	11	3894101	0	1	3153	2	0	3000
FF	229	Response	1	3899281	1861	1
FF	230	Picture	20	3928954	0	2	3154	3	0	3000
FF	231	Response	2	3935661	3387	1
FF	232	Picture	20	3958165	0	1	3153	3	0	3000
FF	233	Response	2	3968024	6540	2
FF	234	Picture	10	3992687	0	1	3153	2	0	3000
FF	235	Response	1	4004528	8522	1
FF	236	Picture	10	4029864	0	1	3153	2	0	3000
FF	237	Response	1	4038223	5040	1
FF	238	Picture	20	4059240	0	2	3154	3	0	3000
FF	239	Response	2	4066334	3774	1
FF	240	Picture	21	4095090	0	1	3153	2	0	3000
FF	241	Response	2	4101503	3094	2
FF	242	Picture	21	4128118	0	1	3153	2	0	3000
FF	243	Response	2	4133426	1989	2
FF	244	Picture	11	4168612	0	4	3156	5	0	3000
FF	245	Response	1	4174322	2388	1
FF	246	Picture	21	4204796	0	1	3153	2	0	3000
FF	247	Response	2	4210733	2618	1
FF	248	Picture	11	4242803	0	1	3153	2	0	3000
FF	249	Response	1	4247489	1367	2
FF	250	Picture	10	4279150	0	1	3154	2	0	3000
FF	251	Response	1	4296537	14068	1
FF	252	Picture	21	4310186	0	2	3154	3	0	3000
FF	253	Response	2	4316016	2510	1
FF	254	Picture	11	4344708	0	1	3153	3	0	3000
FF	255	Response	1	4349744	1717	1
FF	256	Picture	21	4384541	0	1	3153	2	0	3000
FF	257	Response	2	4389698	1838	1
FF	258	Picture	20	4423710	0	1	3153	2	0	3000
FF	259	Response	2	4435658	8629	2
FF	260	Picture	10	4454248	0	1	3153	3	0	3000
FF	261	Response	1	4464281	6714	1
FF	262	Picture	21	4485118	0	2	3154	3	0	3000
FF	263	Response	2	4491855	3417	2
FF	264	Picture	10	4516818	0	2	3154	6	0	3000
FF	265	Response	1	4525085	4947	1
FF	266	Picture	20	4550510	0	2	3154	3	0	3000
FF	267	Response	2	4558573	4743	1
FF	268	Picture	20	4585198	0	1	3153	2	0	3000
FF	269	Response	2	4593438	4921	2
FF	270	Picture	20	4615404	0	2	3154	3	0	3000
FF	271	Response	2	4622588	3864	1
FF	272	Picture	11	4653909	0	2	3154	3	0	3000
FF	273	Response	1	4660896	3667	1
FF	274	Picture	20	4693908	0	1	3153	3	0	3000
FF	275	Response	2	4701581	4354	2
FF	276	Picture	20	4729259	0	2	3154	3	0	3000
FF	277	Response	2	4736910	4331	1
FF	278	Picture	10	4765607	0	1	3153	2	0	3000
FF	279	Response	1	4773661	4735	1
FF	280	Picture	11	4795481	0	2	3154	3	0	3000
FF	281	Response	1	4802542	3741	1
FF	282	Picture	10	4830003	0	1	3153	3	0	3000
FF	283	Response	2	4837762	4440	1
FF	284	Picture	20	4865686	0	2	3154	3	0	3000
FF	285	Response	2	4873466	4460	1
FF	286	Picture	21	4902532	0	1	3153	2	0	3000
FF	287	Response	2	4908966	3115	1
FF	288	Picture	20	4932572	0	1	3154	2	0	3000
FF	289	Response	2	4943909	8017	1
FF	290	Picture	21	4966098	0	1	3153	3	0	3000
FF	291	Response	2	4971967	2550	1
FF	292	Picture	20	5002611	0	2	3154	3	0	3000
FF	293	Response	2	5010983	5052	1
FF	294	Picture	21	5034477	0	2	3154	3	0	3000
FF	295	Response	2	5041869	4072	2
FF	296	Picture	21	5067505	0	2	3154	3	0	3000
FF	297	Response	2	5073379	2554	1
FF	298	Picture	20	5106840	0	1	3154	2	0	3000
FF	299	Response	2	5113225	3065	1
FF	300	Picture	20	5144847	0	2	3154	3	0	3000
FF	301	Response	2	5150641	2474	1
FF	302	Response	1	5488516	307985	1
FF	304	Picture	10	5508818	0	2	3154	3	0	3000
FF	306	Picture	21	5538859	0	1	3153	2	0	3000
FF	307	Response	2	5543232	1054	1
FF	308	Picture	20	5569065	0	2	3154	3	0	3000
FF	309	Response	2	5584216	11831	2
FF	310	Picture	21	5598774	0	1	3153	2	0	3000
FF	311	Response	2	5603861	1768	2
FF	311	Response	2	5612395	10302	1
FF	312	Picture	21	5631470	0	1	3153	2	0	3000
FF	313	Response	2	5636461	1672	1
FF	314	Picture	11	5663834	0	1	3153	3	0	3000
FF	315	Response	1	5668973	1820	1
FF	316	Picture	11	5699517	0	2	3154	3	0	3000
FF	317	Response	1	5704110	1273	2
FF	318	Picture	21	5737358	0	2	3154	3	0	3000
FF	319	Response	2	5743479	2801	1
FF	320	Picture	11	5774868	0	1	3153	2	0	3000
FF	321	Response	1	5779443	1256	1
FF	322	Picture	21	5812709	0	1	3153	2	0	3000
FF	323	Response	2	5818631	2603	1
FF	324	Picture	10	5842417	0	2	3154	3	0	3000
FF	325	Response	2	5853304	7567	1
FF	326	Picture	10	5875611	0	1	3153	3	0	3000
FF	327	Response	1	5884040	5109	2
FF	328	Picture	11	5909635	0	1	3153	2	0	3000
FF	329	Response	1	5915398	2444	1
FF	330	Picture	11	5938348	0	1	3153	2	0	3000
FF	331	Response	1	5944691	3024	1
FF	332	Picture	11	5977018	0	2	3154	3	0	3000
FF	333	Response	1	5982659	2321	2
FF	334	Picture	10	6009217	0	1	3153	2	0	3000
FF	336	Picture	11	6047224	0	1	3153	2	0	3000
FF	337	Response	1	6053142	2599	2
FF	338	Picture	20	6079754	0	1	3153	2	0	3000
FF	339	Response	2	6087427	4354	1
FF	340	Picture	10	6113777	0	2	3154	3	0	3000
FF	341	Response	1	6127169	10072	1
FF	342	Picture	10	6146473	0	2	3154	3	0	3000
FF	343	Response	1	6155157	5364	2
FF	344	Picture	10	6185808	0	1	3154	2	0	3000
FF	345	Response	1	6193157	4029	1
FF	346	Picture	10	6220164	0	1	3153	2	0	3000
FF	347	Response	1	6225807	2324	1
FF	348	Picture	21	6254520	0	1	3153	2	0	3000
FF	349	Response	2	6261532	3693	2
FF	350	Picture	11	6293688	0	2	3154	3	0	3000
FF	351	Response	1	6300753	3745	1
FF	352	Picture	11	6328376	0	1	3153	3	0	3000
FF	353	Response	1	6332819	1124	1
FF	354	Picture	20	6365387	0	1	3154	2	0	3000
FF	355	Response	2	6373301	4594	1
FF	356	Picture	10	6398083	0	1	3154	2	0	3000
FF	357	Response	1	6406970	5567	1
FF	358	Picture	11	6427792	0	1	3153	2	0	3000
FF	359	Response	1	6433250	2139	1
FF	360	Picture	11	6459824	0	1	3153	2	0	3000
FF	361	Response	1	6465611	2468	1
FF	362	Picture	11	6499823	0	1	3153	2	0	3000
FF	363	Response	1	6504735	1593	1
FF	364	Picture	10	6533182	0	2	3154	3	0	3000
FF	365	Response	1	6539459	2957	1
FF	366	Picture	21	6571024	0	1	3153	2	0	3000
FF	367	Response	2	6576869	2526	1
FF	368	Picture	10	6604217	0	2	3154	3	0	3000
FF	369	Response	1	6617354	9817	1
FF	370	Picture	21	6634258	0	1	3153	2	0	3000
FF	371	Response	2	6640793	3216	1
FF	372	Picture	11	6665626	0	1	3154	2	0	3000
FF	373	Response	1	6671182	2236	1
FF	374	Picture	10	6697990	0	2	3154	3	0	3000
FF	375	Response	1	6704782	3472	1
FF	376	Picture	21	6735665	0	2	3154	3	0	3000
FF	377	Response	2	6741751	2766	1
FF	378	Picture	20	6775664	0	1	3153	2	0	3000
FF	379	Response	2	6782739	3756	2
FF	380	Picture	21	6814833	0	1	3153	2	0	3000
FF	381	Response	2	6821005	2853	1
FF	382	Picture	20	6854333	0	2	3154	3	0	3000
FF	383	Response	2	6861073	3420	1
FF	384	Picture	21	6889685	0	1	3153	3	0	3000
FF	385	Response	2	6894768	1764	1
FF	386	Picture	10	6928024	0	1	3153	2	0	3000
FF	387	Response	1	6939695	8352	1
FF	388	Picture	10	6967359	0	1	3153	2	0	3000
FF	389	Response	1	6973801	3123	1
FF	390	Picture	21	7001714	0	2	3154	3	0	3000
FF	391	Response	2	7007816	2782	1
FF	392	Picture	21	7033747	0	1	3153	2	0	3000
FF	393	Response	2	7039860	2794	1
FF	394	Picture	21	7066443	0	1	3153	2	0	3000
FF	395	Response	2	7071992	2230	1
FF	396	Picture	10	7098807	0	1	3153	2	0	3000
FF	397	Response	1	7105497	3371	1
FF	398	Picture	11	7127353	0	2	3154	3	0	3000
FF	399	Response	1	7133421	2748	1
FF	400	Picture	21	7163701	0	1	3151	5	0	3000
FF	401	Response	2	7168943	1923	2
FF	402	Picture	21	7200546	0	1	3153	3	0	3000
FF	403	Response	2	7205465	1600	2
FF	404	Picture	10	7239549	0	1	3153	2	0	3000
FF	405	Response	1	7248986	6118	1
FF	406	Picture	10	7272079	0	1	3153	2	0	3000
FF	407	Response	1	7277982	2584	1
FF	408	Picture	11	7312409	0	2	3154	3	0	3000
FF	409	Response	1	7317190	1461	1
FF	410	Picture	11	7347927	0	1	3153	2	0	3000
FF	411	Response	1	7353445	2199	1
FF	412	Picture	11	7381785	0	1	3153	2	0	3000
FF	413	Response	1	7386919	1815	1
FF	414	Picture	10	7411327	0	2	3154	3	0	3000
FF	415	Response	1	7422552	7905	1
FF	416	Picture	10	7450828	0	1	3153	3	0	3000
FF	417	Response	1	7457008	2861	1
FF	418	Picture	11	7484022	0	1	3153	2	0	3000
FF	419	Response	1	7489061	1720	2
FF	420	Picture	21	7517714	0	1	3153	2	0	3000
FF	421	Response	1	7523597	2564	1
FF	422	Picture	20	7558044	0	2	3154	3	0	3000
FF	423	Response	2	7568902	7538	1
FF	424	Picture	20	7595388	0	1	3153	2	0	3000
FF	425	Response	2	7603296	4589	1
FF	426	Picture	11	7633727	0	1	3153	2	0	3000
FF	427	Response	1	7639257	2211	1
FF	428	Picture	11	7665593	0	1	3153	2	0	3000
FF	429	Response	1	7670699	1787	1
FF	430	Picture	20	7703932	0	1	3153	2	0	3000
FF	431	Response	2	7711234	3983	1
FF	432	Picture	20	7735964	0	1	3153	2	0	3000
FF	433	Response	2	7750091	10808	2
FF	434	Picture	20	7774469	0	1	3153	2	0	3000
FF	435	Response	2	7781389	3601	2
FF	435	Response	2	7786965	9177	1
FF	436	Picture	10	7811646	0	1	3153	2	0	3000
FF	437	Response	1	7821249	6284	1
FF	438	Picture	21	7841354	0	2	3154	3	0	3000
FF	439	Response	2	7848056	3382	2
FF	440	Picture	21	7880523	0	2	3154	3	0	3000
FF	441	Response	2	7886446	2603	1
FF	442	Picture	20	7916207	0	1	3153	2	0	3000
FF	443	Response	2	7925161	5635	2
FF	444	Picture	11	7955210	0	1	3153	2	0	3000
FF	445	Response	1	7961301	2772	1
FF	446	Picture	21	7986578	0	1	3153	2	0	3000
FF	447	Response	2	7993194	3297	1
FF	448	Picture	11	8024585	0	1	3153	2	0	3000
FF	449	Response	1	8030246	2342	1
FF	450	Picture	21	8053795	0	2	3154	3	0	3000
FF	451	Response	2	8059203	2088	1
FF	452	Picture	11	8085827	0	2	3154	3	0	3000
FF	453	Response	1	8091585	2438	1
FF	454	Picture	20	8115536	0	1	3153	3	0	3000
FF	455	Response	2	8127430	8575	2
FF	456	Picture	21	8155037	0	1	3153	2	0	3000
FF	457	Response	2	8159911	1555	1
FF	458	Picture	20	8194206	0	1	3153	2	0	3000
FF	459	Response	2	8201835	4310	1
FF	460	Picture	20	8232711	0	1	3153	2	0	3000
FF	461	Response	2	8239861	3831	2
FF	462	Picture	21	8270718	0	1	3153	2	0	3000
FF	463	Response	2	8277323	3286	1
FF	464	Picture	10	8302086	0	1	3153	2	0	3000
FF	465	Response	1	8310540	5135	1
FF	466	Picture	20	8332790	0	2	3154	3	0	3000
FF	467	Response	2	8339472	3362	1
FF	468	Picture	11	8368972	0	1	3153	2	0	3000
FF	469	Response	1	8374073	1782	1
FF	470	Picture	10	8397684	0	2	3154	3	0	3000
FF	471	Response	1	8404068	3064	1
FF	472	Picture	20	8433866	0	1	3153	2	0	3000
FF	473	Response	2	8440881	3696	1
FF	474	Picture	21	8468387	0	2	3154	3	0	3000
FF	475	Response	2	8473330	1623	1
FF	476	Picture	10	8505067	0	1	3153	2	0	3000
FF	477	Response	1	8517703	9317	1
FF	478	Picture	11	8539090	0	2	3154	3	0	3000
FF	479	Response	1	8544864	2454	1
FF	480	Picture	20	8568301	0	1	3153	3	0	3000
FF	481	Response	2	8587114	15494	1
FF	482	Picture	10	8604316	0	2	3154	3	0	3000
FF	483	Response	1	8613361	5725	1
FF	484	Picture	21	8636017	0	1	3153	2	0	3000
FF	485	Response	2	8641500	2164	1
FF	486	Picture	11	8672862	0	1	3153	2	0	3000
FF	487	Response	1	8677603	1422	2
FF	488	Picture	21	8707383	0	2	3154	3	0	3000
FF	489	Response	2	8712176	1473	1
FF	490	Picture	20	8746220	0	2	3154	3	0	3000
FF	491	Response	2	8753660	4120	1
FF	492	Picture	20	8785389	0	1	3154	2	0	3000
FF	493	Response	2	8792745	4036	1
FF	494	Picture	10	8815264	0	1	3153	2	0	3000
FF	495	Response	1	8826106	7523	1
FF	496	Picture	10	8849287	0	2	3154	3	0	3000
FF	497	Response	1	8856013	3406	1
FF	498	Picture	10	8878996	0	1	3153	3	0	3000
FF	499	Response	1	8886659	4344	2
FF	500	Picture	20	8911194	0	1	3153	3	0	3000
FF	501	Response	2	8922209	7696	2
FF	502	Picture	11	8941069	0	1	3153	2	0	3000
FF	503	Response	1	8947184	2796	1
FF	504	Picture	20	8970445	0	1	3154	2	0	3000
FF	505	Response	2	8981139	7374	1
FF	506	Picture	11	9003971	0	1	3153	3	0	3000
FF	507	Response	1	9018365	11075	1
FF	508	Picture	21	9039652	0	4	3156	5	0	3000
FF	509	Response	2	9046261	3287	2
FF	510	Picture	10	9079985	0	1	3154	2	0	3000
FF	511	Response	1	9087749	4444	1
FF	512	Picture	20	9112847	0	1	3153	3	0	3000
FF	513	Response	2	9122002	5836	1
FF	513	Response	1	9124006	7840	1
FF	514	Picture	21	9146871	0	1	3153	2	0	3000
FF	515	Response	2	9158696	8506	1
FF	516	Picture	11	9176579	0	2	3154	3	0	3000
FF	517	Response	1	9181929	2030	1
FF	518	Picture	10	9207118	0	1	3153	2	0	3000
FF	519	Response	1	9215326	4889	1
FF	520	Picture	11	9245955	0	1	3153	2	0	3000
FF	521	Response	1	9251108	1834	2
FF	522	Picture	21	9277323	0	1	3153	2	0	3000
FF	523	Response	2	9283254	2612	1
FF	524	Picture	20	9310683	0	1	3153	2	0	3000
FF	525	Response	2	9320717	6715	1
FF	526	Picture	21	9347694	0	1	3153	3	0	3000
FF	527	Response	2	9353141	2129	1
FF	528	Picture	11	9379062	0	2	3154	3	0	3000
FF	529	Response	1	9385676	3294	2
FF	530	Picture	21	9418231	0	1	3153	3	0	3000
FF	531	Response	2	9423912	2362	1
FF	532	Picture	21	9456404	0	1	3153	3	0	3000
FF	533	Response	2	9461492	1769	1
FF	534	Picture	20	9496071	0	1	3153	2	0	3000
FF	535	Response	2	9502527	3137	1
FF	536	Picture	11	9535074	0	1	3153	2	0	3000
FF	537	Response	1	9542090	3697	1
FF	538	Picture	10	9569927	0	2	3154	3	0	3000
FF	539	Response	1	9577991	4744	1
FF	540	Picture	10	9602457	0	2	3154	3	0	3000
FF	541	Response	1	9611203	5426	1
FF	542	Picture	21	9635983	0	1	3153	3	0	3000
FF	543	Response	2	9640341	1039	1
FF	544	Picture	20	9669509	0	1	3153	2	0	3000
FF	545	Response	2	9677836	5008	2
FF	546	Picture	11	9704197	0	1	3153	2	0	3000
FF	547	Response	1	9713085	5569	1
FF	548	Picture	11	9738718	0	2	3154	3	0	3000
FF	549	Response	1	9745796	3758	2
FF	550	Picture	20	9778053	0	3	3153	5	0	3000
FF	551	Response	2	9786457	5085	1
FF	552	Picture	21	9817720	0	1	3153	2	0	3000
FF	553	Response	2	9824480	3441	2
FF	554	Picture	21	9849586	0	1	3153	2	0	3000
FF	555	Response	2	9856482	3577	1
FF	556	Picture	20	9879625	0	3	3155	4	0	3000
FF	557	Response	2	9888014	5068	1
FF	558	Picture	21	9918131	0	2	3154	3	0	3000
FF	559	Response	2	9926657	5206	7
FF	560	Picture	11	9949002	0	1	3153	2	0	3000
FF	561	Response	1	9956031	3710	1
FF	562	Picture	20	9987838	0	2	3154	3	0	3000
FF	563	Response	2	9997011	5853	2
FF	564	Picture	21	10028003	0	1	3154	2	0	3000
FF	565	Response	2	10038306	6983	1
FF	566	Picture	20	10065512	0	2	3154	3	0	3000
FF	567	Response	2	10073580	4748	1
FF	568	Picture	11	10094889	0	1	3153	2	0	3000
FF	569	Response	1	10100827	2619	1
FF	570	Picture	20	10127585	0	1	3153	3	0	3000
FF	571	Response	2	10136139	5235	2
FF	572	Picture	20	10167086	0	1	3153	2	0	3000
FF	573	Response	2	10174636	4231	1
FF	574	Picture	10	10199450	0	1	3153	2	0	3000
FF	575	Response	2	10205105	2336	1
FF	576	Picture	11	10239614	0	2	3154	3	0	3000
FF	577	Response	1	10245555	2621	1
FF	578	Picture	20	10277289	0	2	3154	3	0	3000
FF	579	Response	2	10286953	6344	1
FF	580	Picture	10	10308990	0	1	3153	2	0	3000
FF	581	Response	1	10320263	7954	1
FF	582	Picture	10	10349154	0	2	3154	3	0	3000
FF	583	Response	1	10360183	7709	1
FF	584	Picture	10	10382846	0	1	3153	3	0	3000
FF	585	Response	1	10390474	4309	1
FF	586	Picture	10	10416704	0	1	3153	2	0	3000
FF	587	Response	2	10426238	6215	1
FF	588	Picture	20	10456371	0	1	3153	2	0	3000
FF	589	Response	2	10464706	5016	1
FF	590	Picture	10	10486743	0	1	3153	3	0	3000
FF	591	Response	1	10496618	6556	1
FF	592	Picture	20	10517115	0	2	3154	3	0	3000
FF	593	Response	2	10526023	5588	1
FF	594	Picture	20	10550475	0	2	3154	3	0	3000
FF	595	Response	2	10557611	3816	2
FF	596	Picture	20	10581844	0	1	3153	2	0	3000
FF	597	Response	2	10589251	4088	1
FF	598	Picture	21	10622174	0	1	3154	2	0	3000
FF	599	Response	2	10628544	3050	2
FF	600	Picture	10	10653874	0	2	3154	3	0	3000
FF	601	Response	1	10663733	6539	1
FF	602	Picture	11	10686238	0	2	3154	3	0	3000
FF	603	Response	1	10691955	2397	2
FF	604	Response	1	10807221	90112	1


Event Type	Code	Type	Response	RT	RT Uncertainty	Time	Uncertainty	Duration	Uncertainty	ReqTime	ReqDur

Picture	21	other				10414	1	3153	2	0	3000
Picture	10	other				47923	1	3153	2	0	3000
Picture	20	other				81117	1	3153	2	0	3000
Picture	11	other				112983	1	3153	2	0	3000
Picture	20	other				150824	1	3153	2	0	3000
Picture	10	other				181196	2	3154	3	0	3000
Picture	10	other				213891	4	3155	5	0	3000
Picture	11	other				246920	1	3154	2	0	3000
Picture	20	other				283765	2	3154	3	0	3000
Picture	21	other				322436	2	3154	3	0	3000
Picture	11	other				360775	2	3154	3	0	3000
Picture	10	other				390152	1	3153	2	0	3000
Picture	21	other				422018	1	3153	5	0	3000
Picture	10	other				456374	1	3153	2	0	3000
Picture	20	other				489070	1	3153	2	0	3000
Picture	11	other				518611	4	3155	5	0	3000
Picture	11	other				548155	1	3153	2	0	3000
Picture	10	other				583008	2	3154	3	0	3000
Picture	10	other				616036	2	3154	3	0	3000
Picture	21	other				654873	2	3154	3	0	3000
Picture	21	other				690225	1	3153	2	0	3000
Picture	20	other				720099	2	3154	3	0	3000
Picture	11	other				758272	2	3154	3	0	3000
Picture	11	other				793956	1	3153	2	0	3000
Picture	20	other				825158	1	3153	3	0	3000
Picture	10	other				857854	1	3153	3	0	3000
Picture	11	other				895363	1	3154	2	0	3000
Picture	10	other				932872	2	3154	3	0	3000
Picture	20	other				965402	2	3154	3	0	3000
Picture	21	other				999094	1	3154	2	0	3000
Picture	21	other				1039091	4	3155	5	0	3000
Picture	10	other				1076768	1	3153	2	0	3000
Picture	10	other				1110460	1	3153	2	0	3000
Picture	21	other				1144649	2	3154	3	0	3000
Picture	21	other				1180831	1	3153	2	0	3000
Picture	11	other				1213693	1	3153	2	0	3000
Picture	21	other				1250870	1	3153	2	0	3000
Picture	10	other				1281242	2	3154	3	0	3000
Picture	11	other				1312777	1	3153	2	0	3000
Picture	21	other				1349788	1	3153	2	0	3000
Picture	20	other				1388459	1	3153	2	0	3000
Picture	10	other				1421321	1	3153	2	0	3000
Picture	21	other				1451693	1	3153	3	0	3000
Picture	11	other				1488372	2	3154	3	0	3000
Picture	10	other				1522064	1	3154	2	0	3000
Picture	11	other				1556586	1	3153	2	0	3000
Picture	21	other				1586128	2	3154	3	0	3000
Picture	21	other				1617994	2	3154	3	0	3000
Picture	21	other				1653512	1	3153	3	0	3000
Picture	21	other				1692349	1	3153	2	0	3000
Picture	10	other				1722721	2	3154	3	0	3000
Picture	20	other				1757575	1	3153	2	0	3000
Picture	20	other				1793424	2	3154	3	0	3000
Picture	11	other				1826618	2	3154	3	0	3000
Picture	20	other				1866783	1	3153	2	0	3000
Picture	21	other				1902134	2	3154	3	0	3000
Picture	21	other				1931511	1	3153	3	0	3000
Picture	11	other				1970182	1	3153	2	0	3000
Picture	20	other				1999890	2	3154	3	0	3000
Picture	10	other				2036072	1	3153	2	0	3000
Picture	21	other				2072087	1	3154	2	0	3000
Picture	21	other				2100800	1	3153	2	0	3000
Picture	11	other				2129679	1	3153	2	0	3000
Picture	21	other				2160881	1	3153	2	0	3000
Picture	21	other				2197726	1	3154	2	0	3000
Picture	20	other				2231584	1	3153	2	0	3000
Picture	10	other				2265442	1	3153	2	0	3000
Picture	20	other				2299963	2	3154	3	0	3000
Picture	11	other				2329506	1	3153	2	0	3000
Picture	11	other				2370003	1	3153	2	0	3000
Picture	20	other				2401371	1	3153	2	0	3000
Picture	10	other				2433237	1	3153	2	0	3000
Picture	20	other				2469916	1	3154	2	0	3000
Picture	21	other				2509417	1	3153	2	0	3000
Picture	10	other				2539955	2	3154	3	0	3000
Picture	21	other				2575473	1	3153	2	0	3000
Picture	21	other				2609497	1	3153	2	0	3000
Picture	20	other				2639703	1	3153	2	0	3000
Picture	10	other				2678872	1	3153	2	0	3000
Picture	20	other				2711236	1	3153	2	0	3000
Picture	21	other				2744928	1	3153	2	0	3000
Picture	20	other				2784926	2	3154	3	0	3000
Picture	20	other				2823929	1	3154	2	0	3000
Picture	20	other				2854634	1	3153	2	0	3000
Picture	10	other				2883180	2	3154	3	0	3000
Picture	11	other				2922017	1	3154	2	0	3000
Picture	21	other				2952722	1	3153	2	0	3000
Picture	21	other				2992388	2	3154	3	0	3000
Picture	11	other				3022097	1	3153	2	0	3000
Picture	11	other				3060104	1	3153	2	0	3000
Picture	10	other				3089148	2	3154	3	0	3000
Picture	11	other				3124002	1	3153	3	0	3000
Picture	11	other				3154540	2	3154	3	0	3000
Picture	20	other				3185079	1	3153	2	0	3000
Picture	11	other				3218439	1	3153	2	0	3000
Picture	21	other				3252960	2	3154	3	0	3000
Picture	11	other				3283665	1	3153	2	0	3000
Picture	10	other				3316859	1	3153	2	0	3000
Picture	21	other				3356857	2	3154	3	0	3000
Picture	11	other				3394864	2	3154	3	0	3000
Picture	10	other				3434531	1	3153	3	0	3000
Picture	20	other				3474862	1	3153	2	0	3000
Picture	10	other				3508222	1	3153	2	0	3000
Picture	21	other				3540254	1	3153	2	0	3000
Picture	11	other				3578924	2	3154	3	0	3000
Picture	21	other				3618093	2	3154	3	0	3000
Picture	11	other				3647968	1	3153	2	0	3000
Picture	10	other				3684647	1	3154	2	0	3000
Picture	10	other				3716181	2	3154	3	0	3000
Picture	21	other				3751035	1	3153	3	0	3000
Picture	20	other				3785391	1	3153	2	0	3000
Picture	21	other				3817921	1	3153	2	0	3000
Picture	10	other				3854434	1	3153	3	0	3000
Picture	11	other				3894101	1	3153	2	0	3000
Picture	20	other				3928954	2	3154	3	0	3000
Picture	20	other				3958165	1	3153	3	0	3000
Picture	10	other				3992687	1	3153	2	0	3000
Picture	10	other				4029864	1	3153	2	0	3000
Picture	20	other				4059240	2	3154	3	0	3000
Picture	21	other				4095090	1	3153	2	0	3000
Picture	21	other				4128118	1	3153	2	0	3000
Picture	11	other				4168612	4	3156	5	0	3000
Picture	21	other				4204796	1	3153	2	0	3000
Picture	11	other				4242803	1	3153	2	0	3000
Picture	10	other				4279150	1	3154	2	0	3000
Picture	21	other				4310186	2	3154	3	0	3000
Picture	11	other				4344708	1	3153	3	0	3000
Picture	21	other				4384541	1	3153	2	0	3000
Picture	20	other				4423710	1	3153	2	0	3000
Picture	10	other				4454248	1	3153	3	0	3000
Picture	21	other				4485118	2	3154	3	0	3000
Picture	10	other				4516818	2	3154	6	0	3000
Picture	20	other				4550510	2	3154	3	0	3000
Picture	20	other				4585198	1	3153	2	0	3000
Picture	20	other				4615404	2	3154	3	0	3000
Picture	11	other				4653909	2	3154	3	0	3000
Picture	20	other				4693908	1	3153	3	0	3000
Picture	20	other				4729259	2	3154	3	0	3000
Picture	10	other				4765607	1	3153	2	0	3000
Picture	11	other				4795481	2	3154	3	0	3000
Picture	10	other				4830003	1	3153	3	0	3000
Picture	20	other				4865686	2	3154	3	0	3000
Picture	21	other				4902532	1	3153	2	0	3000
Picture	20	other				4932572	1	3154	2	0	3000
Picture	21	other				4966098	1	3153	3	0	3000
Picture	20	other				5002611	2	3154	3	0	3000
Picture	21	other				5034477	2	3154	3	0	3000
Picture	21	other				5067505	2	3154	3	0	3000
Picture	20	other				5106840	1	3154	2	0	3000
Picture	20	other				5144847	2	3154	3	0	3000
Picture	10	other				5508818	2	3154	3	0	3000
Picture	21	other				5538859	1	3153	2	0	3000
Picture	20	other				5569065	2	3154	3	0	3000
Picture	21	other				5598774	1	3153	2	0	3000
Picture	21	other				5631470	1	3153	2	0	3000
Picture	11	other				5663834	1	3153	3	0	3000
Picture	11	other				5699517	2	3154	3	0	3000
Picture	21	other				5737358	2	3154	3	0	3000
Picture	11	other				5774868	1	3153	2	0	3000
Picture	21	other				5812709	1	3153	2	0	3000
Picture	10	other				5842417	2	3154	3	0	3000
Picture	10	other				5875611	1	3153	3	0	3000
Picture	11	other				5909635	1	3153	2	0	3000
Picture	11	other				5938348	1	3153	2	0	3000
Picture	11	other				5977018	2	3154	3	0	3000
Picture	10	other				6009217	1	3153	2	0	3000
Picture	11	other				6047224	1	3153	2	0	3000
Picture	20	other				6079754	1	3153	2	0	3000
Picture	10	other				6113777	2	3154	3	0	3000
Picture	10	other				6146473	2	3154	3	0	3000
Picture	10	other				6185808	1	3154	2	0	3000
Picture	10	other				6220164	1	3153	2	0	3000
Picture	21	other				6254520	1	3153	2	0	3000
Picture	11	other				6293688	2	3154	3	0	3000
Picture	11	other				6328376	1	3153	3	0	3000
Picture	20	other				6365387	1	3154	2	0	3000
Picture	10	other				6398083	1	3154	2	0	3000
Picture	11	other				6427792	1	3153	2	0	3000
Picture	11	other				6459824	1	3153	2	0	3000
Picture	11	other				6499823	1	3153	2	0	3000
Picture	10	other				6533182	2	3154	3	0	3000
Picture	21	other				6571024	1	3153	2	0	3000
Picture	10	other				6604217	2	3154	3	0	3000
Picture	21	other				6634258	1	3153	2	0	3000
Picture	11	other				6665626	1	3154	2	0	3000
Picture	10	other				6697990	2	3154	3	0	3000
Picture	21	other				6735665	2	3154	3	0	3000
Picture	20	other				6775664	1	3153	2	0	3000
Picture	21	other				6814833	1	3153	2	0	3000
Picture	20	other				6854333	2	3154	3	0	3000
Picture	21	other				6889685	1	3153	3	0	3000
Picture	10	other				6928024	1	3153	2	0	3000
Picture	10	other				6967359	1	3153	2	0	3000
Picture	21	other				7001714	2	3154	3	0	3000
Picture	21	other				7033747	1	3153	2	0	3000
Picture	21	other				7066443	1	3153	2	0	3000
Picture	10	other				7098807	1	3153	2	0	3000
Picture	11	other				7127353	2	3154	3	0	3000
Picture	21	other				7163701	1	3151	5	0	3000
Picture	21	other				7200546	1	3153	3	0	3000
Picture	10	other				7239549	1	3153	2	0	3000
Picture	10	other				7272079	1	3153	2	0	3000
Picture	11	other				7312409	2	3154	3	0	3000
Picture	11	other				7347927	1	3153	2	0	3000
Picture	11	other				7381785	1	3153	2	0	3000
Picture	10	other				7411327	2	3154	3	0	3000
Picture	10	other				7450828	1	3153	3	0	3000
Picture	11	other				7484022	1	3153	2	0	3000
Picture	21	other				7517714	1	3153	2	0	3000
Picture	20	other				7558044	2	3154	3	0	3000
Picture	20	other				7595388	1	3153	2	0	3000
Picture	11	other				7633727	1	3153	2	0	3000
Picture	11	other				7665593	1	3153	2	0	3000
Picture	20	other				7703932	1	3153	2	0	3000
Picture	20	other				7735964	1	3153	2	0	3000
Picture	20	other				7774469	1	3153	2	0	3000
Picture	10	other				7811646	1	3153	2	0	3000
Picture	21	other				7841354	2	3154	3	0	3000
Picture	21	other				7880523	2	3154	3	0	3000
Picture	20	other				7916207	1	3153	2	0	3000
Picture	11	other				7955210	1	3153	2	0	3000
Picture	21	other				7986578	1	3153	2	0	3000
Picture	11	other				8024585	1	3153	2	0	3000
Picture	21	other				8053795	2	3154	3	0	3000
Picture	11	other				8085827	2	3154	3	0	3000
Picture	20	other				8115536	1	3153	3	0	3000
Picture	21	other				8155037	1	3153	2	0	3000
Picture	20	other				8194206	1	3153	2	0	3000
Picture	20	other				8232711	1	3153	2	0	3000
Picture	21	other				8270718	1	3153	2	0	3000
Picture	10	other				8302086	1	3153	2	0	3000
Picture	20	other				8332790	2	3154	3	0	3000
Picture	11	other				8368972	1	3153	2	0	3000
Picture	10	other				8397684	2	3154	3	0	3000
Picture	20	other				8433866	1	3153	2	0	3000
Picture	21	other				8468387	2	3154	3	0	3000
Picture	10	other				8505067	1	3153	2	0	3000
Picture	11	other				8539090	2	3154	3	0	3000
Picture	20	other				8568301	1	3153	3	0	3000
Picture	10	other				8604316	2	3154	3	0	3000
Picture	21	other				8636017	1	3153	2	0	3000
Picture	11	other				8672862	1	3153	2	0	3000
Picture	21	other				8707383	2	3154	3	0	3000
Picture	20	other				8746220	2	3154	3	0	3000
Picture	20	other				8785389	1	3154	2	0	3000
Picture	10	other				8815264	1	3153	2	0	3000
Picture	10	other				8849287	2	3154	3	0	3000
Picture	10	other				8878996	1	3153	3	0	3000
Picture	20	other				8911194	1	3153	3	0	3000
Picture	11	other				8941069	1	3153	2	0	3000
Picture	20	other				8970445	1	3154	2	0	3000
Picture	11	other				9003971	1	3153	3	0	3000
Picture	21	other				9039652	4	3156	5	0	3000
Picture	10	other				9079985	1	3154	2	0	3000
Picture	20	other				9112847	1	3153	3	0	3000
Picture	21	other				9146871	1	3153	2	0	3000
Picture	11	other				9176579	2	3154	3	0	3000
Picture	10	other				9207118	1	3153	2	0	3000
Picture	11	other				9245955	1	3153	2	0	3000
Picture	21	other				9277323	1	3153	2	0	3000
Picture	20	other				9310683	1	3153	2	0	3000
Picture	21	other				9347694	1	3153	3	0	3000
Picture	11	other				9379062	2	3154	3	0	3000
Picture	21	other				9418231	1	3153	3	0	3000
Picture	21	other				9456404	1	3153	3	0	3000
Picture	20	other				9496071	1	3153	2	0	3000
Picture	11	other				9535074	1	3153	2	0	3000
Picture	10	other				9569927	2	3154	3	0	3000
Picture	10	other				9602457	2	3154	3	0	3000
Picture	21	other				9635983	1	3153	3	0	3000
Picture	20	other				9669509	1	3153	2	0	3000
Picture	11	other				9704197	1	3153	2	0	3000
Picture	11	other				9738718	2	3154	3	0	3000
Picture	20	other				9778053	3	3153	5	0	3000
Picture	21	other				9817720	1	3153	2	0	3000
Picture	21	other				9849586	1	3153	2	0	3000
Picture	20	other				9879625	3	3155	4	0	3000
Picture	21	other				9918131	2	3154	3	0	3000
Picture	11	other				9949002	1	3153	2	0	3000
Picture	20	other				9987838	2	3154	3	0	3000
Picture	21	other				10028003	1	3154	2	0	3000
Picture	20	other				10065512	2	3154	3	0	3000
Picture	11	other				10094889	1	3153	2	0	3000
Picture	20	other				10127585	1	3153	3	0	3000
Picture	20	other				10167086	1	3153	2	0	3000
Picture	10	other				10199450	1	3153	2	0	3000
Picture	11	other				10239614	2	3154	3	0	3000
Picture	20	other				10277289	2	3154	3	0	3000
Picture	10	other				10308990	1	3153	2	0	3000
Picture	10	other				10349154	2	3154	3	0	3000
Picture	10	other				10382846	1	3153	3	0	3000
Picture	10	other				10416704	1	3153	2	0	3000
Picture	20	other				10456371	1	3153	2	0	3000
Picture	10	other				10486743	1	3153	3	0	3000
Picture	20	other				10517115	2	3154	3	0	3000
Picture	20	other				10550475	2	3154	3	0	3000
Picture	20	other				10581844	1	3153	2	0	3000
Picture	21	other				10622174	1	3154	2	0	3000
Picture	10	other				10653874	2	3154	3	0	3000
Picture	11	other				10686238	2	3154	3	0	3000
