Scenario - EFT rapido Abril 2011
Logfile written - 05/09/2011 16:21:17

Subject	Trial	Event Type	Code	Time	TTime	Uncertainty	Duration	Uncertainty	ReqTime	ReqDur

FF	2	Picture	10	10414	0	3	3153	4	0	3000
FF	3	Response	1	16771	3038	2
FF	4	Picture	11	19210	0	1	3153	2	0	3000
FF	5	Response	1	25097	2568	2
FF	6	Picture	10	27840	0	2	3154	3	0	3000
FF	7	Response	1	34662	3502	1
FF	8	Picture	11	39292	0	2	3154	3	0	3000
FF	9	Response	1	44252	1640	1
FF	10	Picture	21	50080	0	2	3154	3	0	3000
FF	11	Response	2	54549	1149	1
FF	12	Picture	20	59043	0	1	3153	2	0	3000
FF	13	Response	2	63490	1128	1
FF	14	Picture	21	68171	0	1	3153	2	0	3000
FF	15	Response	2	71779	289	2
FF	16	Picture	10	78959	0	1	3153	3	0	3000
FF	17	Response	1	83438	1160	1
FF	18	Picture	20	88087	0	2	3154	3	0	3000
FF	20	Picture	10	96552	0	1	3153	2	0	3000
FF	20	Response	2	96777	225	2
FF	21	Response	1	104538	4667	1
FF	22	Picture	20	107506	0	1	3153	2	0	3000
FF	23	Response	2	113297	2472	2
FF	24	Picture	10	118460	0	1	3153	2	0	3000
FF	25	Response	1	123477	1698	1
FF	26	Picture	11	127422	0	1	3152	5	0	3000
FF	27	Response	1	132915	2174	1
FF	28	Picture	20	138044	0	1	3154	2	0	3000
FF	29	Response	2	142800	1437	1
FF	30	Picture	10	147504	0	2	3154	3	0	3000
FF	31	Response	1	152774	1950	1
FF	32	Picture	10	157463	0	1	3153	2	0	3000
FF	33	Response	1	162065	1283	1
FF	34	Picture	10	167089	0	1	3153	2	0	3000
FF	35	Response	1	170681	273	2
FF	36	Picture	21	176051	0	1	3154	2	0	3000
FF	37	Response	2	181133	1762	2
FF	38	Picture	21	185345	0	2	3154	3	0	3000
FF	39	Response	1	188863	198	1
FF	40	Picture	20	194474	0	1	3153	2	0	3000
FF	41	Response	2	201965	4172	1
FF	42	Picture	20	203602	0	2	3154	3	0	3000
FF	43	Response	2	208511	1590	1
FF	44	Picture	21	213228	0	2	3154	3	0	3000
FF	45	Response	2	217095	547	1
FF	46	Picture	10	221693	0	1	3153	2	0	3000
FF	47	Response	1	226539	1527	1
FF	48	Picture	10	232647	0	1	3153	2	0	3000
FF	49	Response	2	237488	1522	1
FF	50	Picture	20	243103	0	1	3151	5	0	3000
FF	51	Response	2	252862	6440	2
FF	52	Picture	21	254389	0	1	3153	2	0	3000
FF	53	Response	2	260654	2946	1
FF	54	Picture	10	265675	0	1	3153	2	0	3000
FF	55	Response	1	272049	3055	1
FF	56	Picture	10	276297	0	1	3153	2	0	3000
FF	57	Response	1	282942	3326	1
FF	58	Picture	11	286254	0	4	3154	6	0	3000
FF	59	Response	1	292271	2697	2
FF	60	Picture	20	295051	0	2	3154	3	0	3000
FF	61	Response	2	300887	2516	1
FF	62	Picture	21	304844	0	1	3153	2	0	3000
FF	63	Response	2	311811	3648	1
FF	64	Picture	20	315134	0	1	3153	2	0	3000
FF	65	Response	2	321078	2625	1
FF	66	Picture	20	324760	0	1	3153	2	0	3000
FF	67	Response	2	329670	1591	1
FF	68	Picture	21	333390	0	2	3154	3	0	3000
FF	69	Response	2	338233	1523	1
FF	70	Picture	11	343017	0	1	3153	2	0	3000
FF	71	Response	1	348300	1964	1
FF	72	Picture	21	353805	0	1	3153	2	0	3000
FF	73	Response	2	359549	2425	1
FF	74	Picture	21	362767	0	1	3153	2	0	3000
FF	75	Response	2	368260	2174	1
FF	76	Picture	11	373887	0	1	3153	2	0	3000
FF	77	Response	1	379685	2479	1
FF	78	Picture	10	383679	0	1	3153	3	0	3000
FF	79	Response	1	390750	3752	2
FF	80	Picture	11	393139	0	2	3154	3	0	3000
FF	81	Response	1	399514	3055	1
FF	82	Picture	10	404591	0	1	3154	2	0	3000
FF	83	Response	1	409989	2078	1
FF	84	Picture	11	413720	0	1	3153	2	0	3000
FF	85	Response	1	420615	3576	1
FF	86	Picture	20	424508	0	1	3153	2	0	3000
FF	87	Response	2	430209	2382	1
FF	88	Picture	20	434964	0	1	3153	2	0	3000
FF	89	Response	2	441217	2934	1
FF	90	Picture	11	443926	0	2	3153	4	0	3000
FF	91	Response	1	451659	4414	1
FF	92	Picture	20	454050	0	1	3154	2	0	3000
FF	93	Response	2	461369	3999	2
FF	94	Picture	10	463012	0	2	3154	3	0	3000
FF	96	Picture	10	472639	0	1	3153	2	0	3000
FF	96	Response	1	472971	332	1
FF	97	Response	1	481172	5214	2
FF	98	Picture	21	483759	0	1	3153	2	0	3000
FF	99	Response	2	488988	1910	1
FF	100	Picture	20	493717	0	1	3153	2	0	3000
FF	101	Response	1	500879	3843	1
FF	102	Picture	20	502181	0	2	3154	3	0	3000
FF	103	Response	2	512559	7058	1
FF	104	Picture	20	512803	0	2	3154	3	0	3000
FF	105	Response	2	521202	5079	1
FF	106	Picture	21	524089	0	2	3154	3	0	3000
FF	107	Response	2	531295	3886	1
FF	108	Picture	20	534047	0	2	3154	3	0	3000
FF	109	Response	2	540409	3042	1
FF	110	Picture	21	543342	0	1	3152	5	0	3000
FF	111	Response	2	548912	2251	2
FF	112	Picture	10	554296	0	1	3153	2	0	3000
FF	113	Response	1	560454	2840	1
FF	114	Picture	10	565416	0	1	3153	2	0	3000
FF	115	Response	1	570496	1762	1
FF	116	Picture	11	576204	0	1	3153	2	0	3000
FF	116	Response	1	579380	3176	2
FF	118	Picture	11	586992	0	1	3153	2	0	3000
FF	119	Response	1	591724	1413	2
FF	120	Picture	10	597780	0	1	3153	2	0	3000
FF	121	Response	1	603768	2670	1
FF	122	Picture	20	609232	0	1	3153	2	0	3000
FF	124	Picture	21	618360	0	1	3153	3	0	3000
FF	124	Response	2	620304	1944	2
FF	126	Picture	10	628982	0	1	3153	3	0	3000
FF	127	Response	2	632695	394	1
FF	127	Response	1	636617	4316	1
FF	128	Picture	10	639936	0	1	3153	3	0	3000
FF	129	Response	1	644408	1153	2
FF	130	Picture	21	649894	0	2	3154	3	0	3000
FF	131	Response	2	655241	2027	2
FF	132	Picture	11	658691	0	1	3153	2	0	3000
FF	133	Response	1	663886	1876	1
FF	134	Picture	21	669811	0	1	3153	2	0	3000
FF	135	Response	2	676257	3127	1
FF	136	Picture	21	679603	0	1	3153	2	0	3000
FF	137	Response	2	684901	1979	1
FF	138	Picture	10	689395	0	1	3153	3	0	3000
FF	139	Response	1	695527	2813	1
FF	140	Picture	11	698523	0	2	3154	3	0	3000
FF	141	Response	1	702905	1062	2
FF	142	Picture	20	707984	0	1	3153	2	0	3000
FF	143	Response	2	713240	1937	2
FF	144	Picture	11	718606	0	1	3153	2	0	3000
FF	145	Response	1	724691	2766	1
FF	146	Picture	21	728564	0	1	3153	2	0	3000
FF	147	Response	2	734290	2407	2
FF	148	Picture	11	739684	0	1	3153	2	0	3000
FF	149	Response	1	744941	1938	1
FF	150	Picture	11	750970	0	1	3153	2	0	3000
FF	151	Response	1	755449	1160	1
FF	152	Picture	21	762422	0	1	3153	2	0	3000
FF	153	Response	1	766693	952	1
FF	154	Picture	21	771716	0	1	3153	2	0	3000
FF	156	Picture	10	781508	0	1	3153	3	0	3000
FF	157	Response	1	787061	2234	2
FF	158	Picture	11	791964	0	1	3154	2	0	3000
FF	159	Response	1	796714	1431	1
FF	160	Picture	11	801258	0	2	3154	3	0	3000
FF	161	Response	1	807133	2555	1
FF	162	Picture	20	811214	0	4	3156	5	0	3000
FF	163	Response	2	817444	2908	1
FF	164	Picture	20	820013	0	1	3153	3	0	3000
FF	165	Response	2	825974	2642	2
FF	166	Picture	10	829307	0	2	3154	3	0	3000
FF	167	Response	1	836808	4181	2
FF	168	Picture	10	839763	0	2	3154	3	0	3000
FF	169	Response	1	844396	1313	7
FF	170	Picture	10	850551	0	2	3154	3	0	3000
FF	172	Picture	20	861671	0	2	3154	3	0	3000
FF	172	Response	1	861811	140	1
FF	174	Picture	21	871464	0	1	3153	2	0	3000
FF	175	Response	2	878252	3469	1
FF	176	Picture	11	880094	0	4	3153	5	0	3000
FF	177	Response	1	885605	2192	1
FF	178	Picture	20	891048	0	1	3153	3	0	3000
FF	179	Response	2	897777	3410	1
FF	180	Picture	11	901006	0	1	3154	2	0	3000
FF	181	Response	1	905683	1357	1
FF	182	Picture	20	910798	0	2	3154	3	0	3000
FF	183	Response	2	915605	1487	1
FF	184	Picture	11	921088	0	2	3154	3	0	3000
FF	185	Response	1	925223	815	1
FF	186	Picture	11	930051	0	1	3153	2	0	3000
FF	187	Response	1	936261	2891	1
FF	188	Picture	10	939345	0	1	3153	3	0	3000
FF	189	Response	1	944259	1595	1
FF	190	Picture	21	949303	0	2	3154	3	0	3000
FF	191	Response	2	954771	2148	1
FF	192	Picture	21	959925	0	2	3154	3	0	3000
FF	193	Response	2	964985	1740	1
FF	194	Picture	20	970215	0	2	3154	3	0	3000
FF	195	Response	2	975260	1726	1
FF	196	Picture	10	979510	0	1	3153	2	0	3000
FF	197	Response	1	985263	2434	1
FF	198	Picture	11	989302	0	1	3153	2	0	3000
FF	199	Response	1	995539	2918	1
FF	200	Picture	11	999260	0	1	3153	3	0	3000
FF	202	Picture	11	1007891	0	1	3153	2	0	3000
FF	202	Response	1	1007911	20	1
FF	204	Picture	20	1016521	0	1	3153	2	0	3000
FF	204	Response	1	1018509	1988	1
FF	206	Picture	10	1026645	0	1	3153	3	0	3000
FF	206	Response	2	1026861	216	1
FF	207	Response	1	1032817	2853	1
FF	208	Picture	10	1036769	0	2	3154	3	0	3000
FF	209	Response	1	1043385	3296	2
FF	210	Picture	21	1046395	0	2	3154	3	0	3000
FF	211	Response	2	1052118	2403	1
FF	212	Picture	20	1056354	0	1	3153	2	0	3000
FF	213	Response	2	1065134	5461	1
FF	214	Picture	20	1067142	0	1	3153	2	0	3000
FF	216	Picture	21	1078262	0	1	3153	2	0	3000
FF	216	Response	2	1081196	2934	2
FF	218	Picture	20	1087058	0	1	3153	2	0	3000
FF	219	Response	2	1091818	1441	1
FF	220	Picture	10	1095522	0	2	3154	3	0	3000
FF	221	Response	1	1101470	2628	1
FF	222	Picture	20	1104153	0	1	3153	2	0	3000
FF	223	Response	2	1114608	7136	1
FF	224	Picture	21	1115605	0	1	3153	2	0	3000
FF	225	Response	2	1122071	3147	2
FF	226	Picture	20	1127057	0	1	3153	2	0	3000
FF	227	Response	2	1133889	3513	2
FF	228	Picture	11	1137845	0	1	3153	2	0	3000
FF	229	Response	1	1144156	2992	1
FF	230	Picture	11	1149131	0	1	3153	2	0	3000
FF	231	Response	1	1153748	1298	1
FF	232	Picture	21	1159919	0	1	3153	2	0	3000
FF	233	Response	2	1164436	1198	2
FF	234	Picture	21	1168881	0	1	3153	3	0	3000
FF	235	Response	2	1174499	2299	1
FF	236	Picture	10	1180167	0	1	3153	2	0	3000
FF	237	Response	1	1186284	2798	1
FF	238	Picture	11	1188797	0	2	3154	3	0	3000
FF	239	Response	1	1194406	2289	1
FF	240	Picture	10	1198258	0	1	3153	2	0	3000
FF	241	Response	2	1205277	3700	1
FF	242	Picture	11	1207054	0	1	3153	3	0	3000
FF	243	Response	1	1212809	2436	1
FF	244	Picture	21	1217344	0	1	3154	2	0	3000
FF	245	Response	2	1222370	1707	2
FF	246	Picture	10	1226140	0	2	3154	3	0	3000
FF	247	Response	1	1231087	1627	1
FF	248	Picture	10	1234937	0	1	3153	2	0	3000
FF	249	Response	1	1240448	2194	1
FF	250	Picture	21	1243899	0	2	3154	3	0	3000
FF	251	Response	2	1248333	1114	1
FF	252	Picture	11	1254355	0	2	3154	3	0	3000
FF	253	Response	1	1258220	545	1
FF	254	Picture	20	1262986	0	1	3153	2	0	3000
FF	255	Response	2	1267786	1481	2
FF	256	Picture	21	1274272	0	1	3153	2	0	3000
FF	257	Response	2	1280482	2891	1
FF	258	Picture	20	1285392	0	1	3153	2	0	3000
FF	259	Response	2	1291258	2547	1
FF	260	Picture	20	1294188	0	2	3153	4	0	3000
FF	261	Response	2	1299062	1555	1
FF	262	Picture	11	1303482	0	2	3154	3	0	3000
FF	263	Response	1	1309109	2307	1
FF	264	Picture	21	1312445	0	1	3153	2	0	3000
FF	265	Response	2	1319235	3471	2
FF	266	Picture	20	1323399	0	1	3153	2	0	3000
FF	267	Response	2	1329157	2439	1
FF	268	Picture	21	1334519	0	1	3153	2	0	3000
FF	269	Response	2	1339173	1335	2
FF	270	Picture	10	1343813	0	1	3153	2	0	3000
FF	271	Response	1	1349255	2123	1
FF	272	Picture	11	1354767	0	1	3153	2	0	3000
FF	273	Response	1	1359383	1297	1
FF	274	Picture	11	1365057	0	1	3153	2	0	3000
FF	275	Response	1	1369687	1311	1
FF	276	Picture	21	1376011	0	1	3153	2	0	3000
FF	277	Response	2	1380045	715	1
FF	278	Picture	21	1385969	0	1	3154	2	0	3000
FF	279	Response	2	1389378	90	1
FF	280	Picture	21	1395263	0	2	3154	3	0	3000
FF	281	Response	2	1399308	725	1
FF	282	Picture	20	1405222	0	1	3153	2	0	3000
FF	283	Response	2	1411127	2586	1
FF	284	Picture	21	1414018	0	1	3153	2	0	3000
FF	285	Response	2	1420451	3114	2
FF	286	Picture	20	1424474	0	1	3153	3	0	3000
FF	287	Response	2	1430635	2842	1
FF	288	Picture	21	1435428	0	1	3153	3	0	3000
FF	289	Response	2	1439943	1196	1
FF	290	Picture	10	1445884	0	1	3154	2	0	3000
FF	291	Response	1	1450065	862	1
FF	292	Picture	21	1454515	0	1	3153	2	0	3000
FF	293	Response	2	1461110	3276	1
FF	294	Picture	20	1465966	0	2	3154	3	0	3000
FF	295	Response	2	1474404	5118	2
FF	296	Picture	21	1475261	0	1	3153	5	0	3000
FF	298	Picture	20	1484223	0	1	3153	3	0	3000
FF	299	Response	2	1487810	268	1
FF	300	Picture	10	1494014	0	4	3155	5	0	3000
FF	301	Response	1	1500819	3484	1
FF	303	Picture	11	1525384	0	1	3153	2	0	3000
FF	304	Response	1	1533066	4363	2
FF	305	Picture	10	1533848	0	1	3153	3	0	3000
FF	307	Picture	11	1542810	0	2	3154	3	0	3000
FF	308	Response	1	1547889	1759	1
FF	309	Picture	20	1553764	0	2	3154	3	0	3000
FF	310	Response	2	1558897	1813	2
FF	311	Picture	20	1563225	0	1	3153	2	0	3000
FF	312	Response	2	1570108	3564	1
FF	313	Picture	11	1574013	0	1	3153	2	0	3000
FF	314	Response	1	1579027	1695	2
FF	315	Picture	21	1583307	0	1	3153	2	0	3000
FF	316	Response	2	1587771	1145	2
FF	317	Picture	20	1593597	0	1	3153	3	0	3000
FF	318	Response	2	1599483	2567	1
FF	319	Picture	10	1604219	0	1	3153	3	0	3000
FF	320	Response	1	1610113	2575	1
FF	321	Picture	11	1613347	0	2	3154	3	0	3000
FF	322	Response	1	1618558	1891	2
FF	323	Picture	21	1624467	0	2	3154	3	0	3000
FF	324	Response	2	1628153	366	1
FF	325	Picture	10	1635587	0	2	3154	3	0	3000
FF	326	Response	1	1641704	2797	1
FF	327	Picture	20	1645379	0	2	3154	3	0	3000
FF	328	Response	2	1652594	3895	1
FF	329	Picture	10	1656499	0	2	3154	3	0	3000
FF	330	Response	1	1662199	2380	1
FF	331	Picture	21	1667287	0	2	3154	3	0	3000
FF	332	Response	2	1671345	738	1
FF	333	Picture	11	1676914	0	1	3153	2	0	3000
FF	334	Response	1	1680936	703	1
FF	335	Picture	10	1685876	0	1	3153	3	0	3000
FF	336	Response	1	1691357	2162	1
FF	337	Picture	20	1695668	0	2	3154	3	0	3000
FF	338	Response	2	1702090	3102	2
FF	339	Picture	10	1706622	0	2	3152	6	0	3000
FF	340	Response	1	1712118	2176	1
FF	341	Picture	20	1717244	0	2	3154	3	0	3000
FF	342	Response	1	1722590	2026	2
FF	343	Picture	21	1727534	0	2	3154	3	0	3000
FF	344	Response	2	1733761	2907	2
FF	345	Picture	10	1738322	0	2	3154	3	0	3000
FF	346	Response	1	1742308	666	2
FF	347	Picture	11	1746953	0	1	3153	2	0	3000
FF	348	Response	1	1752693	2421	1
FF	349	Picture	10	1758239	0	1	3153	2	0	3000
FF	350	Response	1	1764615	3057	2
FF	351	Picture	11	1769193	0	1	3153	2	0	3000
FF	352	Response	1	1774705	2193	2
FF	353	Picture	20	1778487	0	1	3153	3	0	3000
FF	354	Response	2	1783942	2136	1
FF	355	Picture	11	1789939	0	1	3153	3	0	3000
FF	356	Response	1	1795507	2249	2
FF	357	Picture	11	1801059	0	1	3153	2	0	3000
FF	358	Response	1	1807575	3197	1
FF	359	Picture	10	1811515	0	1	3153	3	0	3000
FF	360	Response	2	1819495	4661	1
FF	361	Picture	20	1820643	0	2	3154	3	0	3000
FF	363	Picture	20	1829274	0	1	3153	2	0	3000
FF	363	Response	2	1831739	2465	1
FF	365	Picture	21	1838070	0	1	3154	2	0	3000
FF	365	Response	2	1841203	3133	1
FF	367	Picture	11	1848526	0	2	3154	3	0	3000
FF	368	Response	1	1853388	1542	1
FF	369	Picture	10	1859646	0	1	3154	2	0	3000
FF	370	Response	1	1865542	2576	1
FF	371	Picture	11	1870932	0	1	3154	2	0	3000
FF	373	Picture	11	1879728	0	2	3154	3	0	3000
FF	373	Response	1	1880412	684	1
FF	374	Response	1	1889178	6130	2
FF	375	Picture	20	1891180	0	2	3154	3	0	3000
FF	376	Response	2	1897080	2580	1
FF	377	Picture	11	1902632	0	2	3154	3	0	3000
FF	378	Response	1	1907731	1779	1
FF	379	Picture	21	1913586	0	2	3154	3	0	3000
FF	380	Response	2	1916936	30	2
FF	381	Picture	10	1923378	0	2	3154	3	0	3000
FF	382	Response	1	1927887	1189	1
FF	383	Picture	20	1934001	0	1	3153	2	0	3000
FF	384	Response	1	1938654	1334	1
FF	385	Picture	11	1942963	0	1	3153	2	0	3000
FF	386	Response	1	1947948	1666	1
FF	387	Picture	20	1953585	0	2	3153	3	0	3000
FF	388	Response	2	1960224	3320	1
FF	389	Picture	21	1962215	0	2	3154	3	0	3000
FF	391	Picture	11	1973335	0	2	3154	3	0	3000
FF	392	Response	1	1976900	246	1
FF	393	Picture	20	1984123	0	2	3154	3	0	3000
FF	394	Response	2	1988676	1233	1
FF	395	Picture	20	1994579	0	2	3154	3	0	3000
FF	396	Response	2	1999858	1959	1
FF	397	Picture	11	2003210	0	1	3153	2	0	3000
FF	398	Response	1	2007407	878	1
FF	399	Picture	11	2013168	0	1	3153	3	0	3000
FF	400	Response	1	2016967	480	2
FF	401	Picture	21	2022960	0	2	3154	3	0	3000
FF	402	Response	2	2027680	1400	2
FF	403	Picture	10	2032586	0	2	3154	3	0	3000
FF	404	Response	1	2038269	2363	2
FF	405	Picture	21	2041715	0	1	3153	2	0	3000
FF	406	Response	2	2047294	2260	4
FF	407	Picture	10	2052669	0	1	3153	2	0	3000
FF	408	Response	1	2056703	715	1
FF	409	Picture	21	2061299	0	1	3154	2	0	3000
FF	410	Response	2	2065257	638	1
FF	411	Picture	10	2069930	0	1	3153	2	0	3000
FF	412	Response	1	2076436	3187	1
FF	413	Picture	21	2080220	0	1	3153	2	0	3000
FF	414	Response	2	2085079	1540	1
FF	415	Picture	11	2091008	0	1	3153	2	0	3000
FF	416	Response	1	2095908	1581	1
FF	417	Picture	10	2102294	0	1	3153	2	0	3000
FF	418	Response	1	2111640	6027	1
FF	419	Picture	21	2113248	0	1	3153	2	0	3000
FF	420	Response	2	2118809	2242	2
FF	421	Picture	10	2124534	0	1	3153	2	0	3000
FF	422	Response	1	2128876	1023	1
FF	423	Picture	20	2135322	0	1	3153	2	0	3000
FF	424	Response	1	2140568	1927	1
FF	425	Picture	21	2143952	0	1	3153	3	0	3000
FF	426	Response	2	2149537	2266	1
FF	427	Picture	21	2154242	0	1	3154	2	0	3000
FF	428	Response	2	2158656	1094	1
FF	429	Picture	11	2165196	0	1	3154	2	0	3000
FF	430	Response	1	2169252	736	1
FF	431	Picture	11	2175154	0	2	3154	3	0	3000
FF	432	Response	1	2179021	547	1
FF	433	Picture	21	2186108	0	2	3154	3	0	3000
FF	434	Response	2	2191777	2349	1
FF	435	Picture	20	2197062	0	2	3154	3	0	3000
FF	436	Response	2	2203728	3346	2
FF	437	Picture	11	2205693	0	1	3153	2	0	3000
FF	438	Response	1	2211144	2132	1
FF	439	Picture	20	2215485	0	1	3153	2	0	3000
FF	439	Response	1	2218731	3246	2
FF	441	Picture	11	2226273	0	1	3153	2	0	3000
FF	442	Response	1	2230906	1314	1
FF	443	Picture	11	2235401	0	2	3154	3	0	3000
FF	443	Response	1	2238193	2792	2
FF	445	Picture	11	2246355	0	2	3154	3	0	3000
FF	446	Response	1	2252212	2537	1
FF	447	Picture	20	2257309	0	2	3154	3	0	3000
FF	448	Response	1	2260805	176	1
FF	449	Picture	21	2266106	0	1	3153	2	0	3000
FF	450	Response	1	2270725	1300	1
FF	450	Response	2	2274377	4952	1
FF	451	Picture	11	2275400	0	1	3153	2	0	3000
FF	452	Response	1	2278739	20	1
FF	453	Picture	10	2285192	0	1	3154	2	0	3000
FF	455	Picture	21	2293823	0	1	3151	5	0	3000
FF	456	Response	1	2298281	1139	1
FF	457	Picture	10	2302287	0	1	3153	2	0	3000
FF	458	Response	1	2308903	3297	1
FF	459	Picture	10	2313075	0	1	3153	3	0	3000
FF	460	Response	1	2317867	1473	1
FF	461	Picture	20	2322037	0	2	3154	3	0	3000
FF	462	Response	2	2329020	3663	2
FF	463	Picture	21	2331498	0	1	3153	2	0	3000
FF	464	Response	2	2337397	2580	1
FF	465	Picture	10	2342120	0	1	3153	2	0	3000
FF	466	Response	1	2349646	4207	1
FF	467	Picture	20	2351912	0	1	3153	2	0	3000
FF	469	Picture	10	2360542	0	2	3152	6	0	3000
FF	469	Response	2	2361157	615	1
FF	471	Picture	21	2371828	0	2	3154	3	0	3000
FF	471	Response	1	2372841	1013	2
FF	472	Response	2	2380600	5452	2
FF	473	Picture	20	2381454	0	2	3154	3	0	3000
FF	474	Response	2	2390960	6186	1
FF	475	Picture	10	2391911	0	1	3153	2	0	3000
FF	477	Picture	20	2400873	0	1	3153	2	0	3000
FF	478	Response	1	2409089	4897	1
FF	479	Picture	11	2411163	0	1	3153	3	0	3000
FF	480	Response	1	2415550	1068	1
FF	481	Picture	21	2422283	0	1	3153	3	0	3000
FF	482	Response	2	2427648	2046	1
FF	483	Picture	20	2432241	0	1	3154	2	0	3000
FF	484	Response	2	2439573	4012	2
FF	485	Picture	21	2443195	0	1	3154	2	0	3000
FF	486	Response	2	2451702	5188	1
FF	487	Picture	11	2452987	0	2	3154	3	0	3000
FF	489	Picture	20	2462945	0	2	3154	3	0	3000
FF	489	Response	1	2464392	1447	7
FF	490	Response	2	2470557	4292	1
FF	491	Picture	21	2472074	0	1	3153	2	0	3000
FF	492	Response	2	2477989	2596	1
FF	493	Picture	10	2483028	0	1	3153	2	0	3000
FF	494	Response	1	2489231	2884	1
FF	495	Picture	21	2494314	0	1	3153	2	0	3000
FF	496	Response	2	2503187	5554	1
FF	497	Picture	20	2504770	0	1	3153	2	0	3000
FF	499	Picture	10	2514064	0	1	3153	3	0	3000
FF	500	Response	2	2518684	1301	1
FF	501	Picture	20	2524852	0	1	3154	2	0	3000
FF	502	Response	2	2530042	1871	2
FF	503	Picture	11	2533980	0	2	3154	3	0	3000
FF	504	Response	1	2538922	1622	2
FF	505	Picture	11	2543773	0	1	3153	2	0	3000
FF	506	Response	1	2549247	2155	1
FF	507	Picture	21	2552403	0	1	3153	3	0	3000
FF	508	Response	2	2560693	4971	1
FF	509	Picture	10	2562859	0	1	3154	2	0	3000
FF	511	Picture	20	2572153	0	2	3154	3	0	3000
FF	511	Response	1	2572765	612	1
FF	512	Response	2	2579335	3862	1
FF	513	Picture	11	2581780	0	1	3153	2	0	3000
FF	514	Response	1	2587330	2231	2
FF	515	Picture	10	2591572	0	1	3153	2	0	3000
FF	516	Response	2	2597157	2266	1
FF	517	Picture	20	2601694	0	4	3155	6	0	3000
FF	519	Picture	11	2611986	0	1	3154	2	0	3000
FF	520	Response	1	2615787	481	2
FF	521	Picture	21	2620451	0	1	3153	2	0	3000
FF	522	Response	2	2624668	898	1
FF	523	Picture	20	2631073	0	1	3153	2	0	3000
FF	524	Response	2	2637833	3441	1
FF	525	Picture	11	2641861	0	1	3153	2	0	3000
FF	526	Response	1	2649019	3839	1
FF	527	Picture	21	2651321	0	1	3153	2	0	3000
FF	528	Response	2	2656299	1659	2
FF	529	Picture	21	2662441	0	1	3153	2	0	3000
FF	530	Response	2	2667042	1282	1
FF	531	Picture	21	2673229	0	1	3153	2	0	3000
FF	531	Response	2	2676459	3230	2
FF	533	Picture	11	2682689	0	1	3154	2	0	3000
FF	533	Response	2	2685581	2892	1
FF	535	Picture	10	2693643	0	1	3154	2	0	3000
FF	536	Response	2	2698860	1897	1
FF	537	Picture	20	2702439	0	2	3154	3	0	3000
FF	538	Response	2	2711455	5696	1
FF	539	Picture	11	2713062	0	1	3153	2	0	3000
FF	540	Response	1	2718504	2123	1
FF	541	Picture	20	2722024	0	1	3153	2	0	3000
FF	542	Response	2	2729032	3689	1
FF	543	Picture	11	2731152	0	2	3154	3	0	3000
FF	544	Response	1	2738444	3972	1
FF	545	Picture	11	2741774	0	2	3154	3	0	3000
FF	546	Response	1	2747585	2491	1
FF	547	Picture	11	2753060	0	2	3154	3	0	3000
FF	548	Response	1	2758912	2532	1
FF	549	Picture	11	2761854	0	4	3156	5	0	3000
FF	550	Response	1	2767351	2175	1
FF	551	Picture	20	2772479	0	1	3153	2	0	3000
FF	552	Response	2	2779837	4039	1
FF	553	Picture	20	2781441	0	1	3153	3	0	3000
FF	554	Response	2	2790546	5786	1
FF	555	Picture	20	2791233	0	2	3154	3	0	3000
FF	556	Response	2	2800926	6373	62
FF	557	Picture	20	2801025	0	2	3154	3	0	3000
FF	558	Response	2	2809817	5472	1
FF	559	Picture	20	2811481	0	2	3154	3	0	3000
FF	561	Picture	20	2821108	0	1	3153	2	0	3000
FF	562	Response	2	2828347	3920	1
FF	563	Picture	21	2830568	0	1	3153	3	0	3000
FF	564	Response	2	2840027	6140	2
FF	565	Picture	21	2840360	0	2	3154	3	0	3000
FF	567	Picture	20	2849654	0	2	3154	3	0	3000
FF	567	Response	2	2851007	1353	1
FF	569	Picture	11	2859779	0	1	3153	2	0	3000
FF	569	Response	1	2861485	1706	1
FF	571	Picture	20	2868409	0	1	3153	3	0	3000
FF	571	Response	1	2871194	2785	1
FF	572	Response	2	2874639	2911	2
FF	573	Picture	20	2879529	0	1	3153	3	0	3000
FF	574	Response	2	2883932	1084	1
FF	575	Picture	10	2890317	0	1	3153	3	0	3000
FF	576	Response	1	2896625	2989	1
FF	577	Picture	10	2901105	0	1	3153	3	0	3000
FF	578	Response	1	2905294	870	1
FF	579	Picture	21	2911395	0	1	3154	2	0	3000
FF	580	Response	2	2917072	2357	2
FF	581	Picture	11	2920689	0	3	3154	4	0	3000
FF	582	Response	2	2924625	616	1
FF	582	Response	1	2929025	5016	1
FF	583	Picture	21	2929652	0	1	3153	2	0	3000
FF	584	Response	2	2935955	2984	1
FF	585	Picture	20	2939112	0	1	3154	2	0	3000
FF	586	Response	2	2949146	6715	1
FF	587	Picture	20	2949734	0	1	3154	2	0	3000
FF	588	Response	2	2956737	3683	1
FF	589	Picture	11	2959028	0	2	3154	3	0	3000
FF	590	Response	1	2965372	3024	1
FF	591	Picture	10	2967659	0	1	3153	2	0	3000
FF	592	Response	1	2977833	6855	2
FF	593	Picture	20	2978447	0	1	3153	2	0	3000
FF	594	Response	2	2985414	3648	1
FF	595	Picture	20	2989401	0	1	3153	2	0	3000
FF	596	Response	2	2994732	2012	1
FF	597	Picture	11	2998363	0	3	3154	4	0	3000
FF	598	Response	1	3004291	2608	2
FF	599	Picture	21	3008155	0	2	3154	3	0	3000
FF	600	Response	2	3012365	890	1
FF	601	Picture	11	3019109	0	2	3154	3	0	3000
FF	602	Response	1	3023105	676	1


Event Type	Code	Type	Response	RT	RT Uncertainty	Time	Uncertainty	Duration	Uncertainty	ReqTime	ReqDur

Picture	10	other				10414	3	3153	4	0	3000
Picture	11	other				19210	1	3153	2	0	3000
Picture	10	other				27840	2	3154	3	0	3000
Picture	11	other				39292	2	3154	3	0	3000
Picture	21	other				50080	2	3154	3	0	3000
Picture	20	other				59043	1	3153	2	0	3000
Picture	21	other				68171	1	3153	2	0	3000
Picture	10	other				78959	1	3153	3	0	3000
Picture	20	other				88087	2	3154	3	0	3000
Picture	10	other				96552	1	3153	2	0	3000
Picture	20	other				107506	1	3153	2	0	3000
Picture	10	other				118460	1	3153	2	0	3000
Picture	11	other				127422	1	3152	5	0	3000
Picture	20	other				138044	1	3154	2	0	3000
Picture	10	other				147504	2	3154	3	0	3000
Picture	10	other				157463	1	3153	2	0	3000
Picture	10	other				167089	1	3153	2	0	3000
Picture	21	other				176051	1	3154	2	0	3000
Picture	21	other				185345	2	3154	3	0	3000
Picture	20	other				194474	1	3153	2	0	3000
Picture	20	other				203602	2	3154	3	0	3000
Picture	21	other				213228	2	3154	3	0	3000
Picture	10	other				221693	1	3153	2	0	3000
Picture	10	other				232647	1	3153	2	0	3000
Picture	20	other				243103	1	3151	5	0	3000
Picture	21	other				254389	1	3153	2	0	3000
Picture	10	other				265675	1	3153	2	0	3000
Picture	10	other				276297	1	3153	2	0	3000
Picture	11	other				286254	4	3154	6	0	3000
Picture	20	other				295051	2	3154	3	0	3000
Picture	21	other				304844	1	3153	2	0	3000
Picture	20	other				315134	1	3153	2	0	3000
Picture	20	other				324760	1	3153	2	0	3000
Picture	21	other				333390	2	3154	3	0	3000
Picture	11	other				343017	1	3153	2	0	3000
Picture	21	other				353805	1	3153	2	0	3000
Picture	21	other				362767	1	3153	2	0	3000
Picture	11	other				373887	1	3153	2	0	3000
Picture	10	other				383679	1	3153	3	0	3000
Picture	11	other				393139	2	3154	3	0	3000
Picture	10	other				404591	1	3154	2	0	3000
Picture	11	other				413720	1	3153	2	0	3000
Picture	20	other				424508	1	3153	2	0	3000
Picture	20	other				434964	1	3153	2	0	3000
Picture	11	other				443926	2	3153	4	0	3000
Picture	20	other				454050	1	3154	2	0	3000
Picture	10	other				463012	2	3154	3	0	3000
Picture	10	other				472639	1	3153	2	0	3000
Picture	21	other				483759	1	3153	2	0	3000
Picture	20	other				493717	1	3153	2	0	3000
Picture	20	other				502181	2	3154	3	0	3000
Picture	20	other				512803	2	3154	3	0	3000
Picture	21	other				524089	2	3154	3	0	3000
Picture	20	other				534047	2	3154	3	0	3000
Picture	21	other				543342	1	3152	5	0	3000
Picture	10	other				554296	1	3153	2	0	3000
Picture	10	other				565416	1	3153	2	0	3000
Picture	11	other				576204	1	3153	2	0	3000
Picture	11	other				586992	1	3153	2	0	3000
Picture	10	other				597780	1	3153	2	0	3000
Picture	20	other				609232	1	3153	2	0	3000
Picture	21	other				618360	1	3153	3	0	3000
Picture	10	other				628982	1	3153	3	0	3000
Picture	10	other				639936	1	3153	3	0	3000
Picture	21	other				649894	2	3154	3	0	3000
Picture	11	other				658691	1	3153	2	0	3000
Picture	21	other				669811	1	3153	2	0	3000
Picture	21	other				679603	1	3153	2	0	3000
Picture	10	other				689395	1	3153	3	0	3000
Picture	11	other				698523	2	3154	3	0	3000
Picture	20	other				707984	1	3153	2	0	3000
Picture	11	other				718606	1	3153	2	0	3000
Picture	21	other				728564	1	3153	2	0	3000
Picture	11	other				739684	1	3153	2	0	3000
Picture	11	other				750970	1	3153	2	0	3000
Picture	21	other				762422	1	3153	2	0	3000
Picture	21	other				771716	1	3153	2	0	3000
Picture	10	other				781508	1	3153	3	0	3000
Picture	11	other				791964	1	3154	2	0	3000
Picture	11	other				801258	2	3154	3	0	3000
Picture	20	other				811214	4	3156	5	0	3000
Picture	20	other				820013	1	3153	3	0	3000
Picture	10	other				829307	2	3154	3	0	3000
Picture	10	other				839763	2	3154	3	0	3000
Picture	10	other				850551	2	3154	3	0	3000
Picture	20	other				861671	2	3154	3	0	3000
Picture	21	other				871464	1	3153	2	0	3000
Picture	11	other				880094	4	3153	5	0	3000
Picture	20	other				891048	1	3153	3	0	3000
Picture	11	other				901006	1	3154	2	0	3000
Picture	20	other				910798	2	3154	3	0	3000
Picture	11	other				921088	2	3154	3	0	3000
Picture	11	other				930051	1	3153	2	0	3000
Picture	10	other				939345	1	3153	3	0	3000
Picture	21	other				949303	2	3154	3	0	3000
Picture	21	other				959925	2	3154	3	0	3000
Picture	20	other				970215	2	3154	3	0	3000
Picture	10	other				979510	1	3153	2	0	3000
Picture	11	other				989302	1	3153	2	0	3000
Picture	11	other				999260	1	3153	3	0	3000
Picture	11	other				1007891	1	3153	2	0	3000
Picture	20	other				1016521	1	3153	2	0	3000
Picture	10	other				1026645	1	3153	3	0	3000
Picture	10	other				1036769	2	3154	3	0	3000
Picture	21	other				1046395	2	3154	3	0	3000
Picture	20	other				1056354	1	3153	2	0	3000
Picture	20	other				1067142	1	3153	2	0	3000
Picture	21	other				1078262	1	3153	2	0	3000
Picture	20	other				1087058	1	3153	2	0	3000
Picture	10	other				1095522	2	3154	3	0	3000
Picture	20	other				1104153	1	3153	2	0	3000
Picture	21	other				1115605	1	3153	2	0	3000
Picture	20	other				1127057	1	3153	2	0	3000
Picture	11	other				1137845	1	3153	2	0	3000
Picture	11	other				1149131	1	3153	2	0	3000
Picture	21	other				1159919	1	3153	2	0	3000
Picture	21	other				1168881	1	3153	3	0	3000
Picture	10	other				1180167	1	3153	2	0	3000
Picture	11	other				1188797	2	3154	3	0	3000
Picture	10	other				1198258	1	3153	2	0	3000
Picture	11	other				1207054	1	3153	3	0	3000
Picture	21	other				1217344	1	3154	2	0	3000
Picture	10	other				1226140	2	3154	3	0	3000
Picture	10	other				1234937	1	3153	2	0	3000
Picture	21	other				1243899	2	3154	3	0	3000
Picture	11	other				1254355	2	3154	3	0	3000
Picture	20	other				1262986	1	3153	2	0	3000
Picture	21	other				1274272	1	3153	2	0	3000
Picture	20	other				1285392	1	3153	2	0	3000
Picture	20	other				1294188	2	3153	4	0	3000
Picture	11	other				1303482	2	3154	3	0	3000
Picture	21	other				1312445	1	3153	2	0	3000
Picture	20	other				1323399	1	3153	2	0	3000
Picture	21	other				1334519	1	3153	2	0	3000
Picture	10	other				1343813	1	3153	2	0	3000
Picture	11	other				1354767	1	3153	2	0	3000
Picture	11	other				1365057	1	3153	2	0	3000
Picture	21	other				1376011	1	3153	2	0	3000
Picture	21	other				1385969	1	3154	2	0	3000
Picture	21	other				1395263	2	3154	3	0	3000
Picture	20	other				1405222	1	3153	2	0	3000
Picture	21	other				1414018	1	3153	2	0	3000
Picture	20	other				1424474	1	3153	3	0	3000
Picture	21	other				1435428	1	3153	3	0	3000
Picture	10	other				1445884	1	3154	2	0	3000
Picture	21	other				1454515	1	3153	2	0	3000
Picture	20	other				1465966	2	3154	3	0	3000
Picture	21	other				1475261	1	3153	5	0	3000
Picture	20	other				1484223	1	3153	3	0	3000
Picture	10	other				1494014	4	3155	5	0	3000
Picture	11	other				1525384	1	3153	2	0	3000
Picture	10	other				1533848	1	3153	3	0	3000
Picture	11	other				1542810	2	3154	3	0	3000
Picture	20	other				1553764	2	3154	3	0	3000
Picture	20	other				1563225	1	3153	2	0	3000
Picture	11	other				1574013	1	3153	2	0	3000
Picture	21	other				1583307	1	3153	2	0	3000
Picture	20	other				1593597	1	3153	3	0	3000
Picture	10	other				1604219	1	3153	3	0	3000
Picture	11	other				1613347	2	3154	3	0	3000
Picture	21	other				1624467	2	3154	3	0	3000
Picture	10	other				1635587	2	3154	3	0	3000
Picture	20	other				1645379	2	3154	3	0	3000
Picture	10	other				1656499	2	3154	3	0	3000
Picture	21	other				1667287	2	3154	3	0	3000
Picture	11	other				1676914	1	3153	2	0	3000
Picture	10	other				1685876	1	3153	3	0	3000
Picture	20	other				1695668	2	3154	3	0	3000
Picture	10	other				1706622	2	3152	6	0	3000
Picture	20	other				1717244	2	3154	3	0	3000
Picture	21	other				1727534	2	3154	3	0	3000
Picture	10	other				1738322	2	3154	3	0	3000
Picture	11	other				1746953	1	3153	2	0	3000
Picture	10	other				1758239	1	3153	2	0	3000
Picture	11	other				1769193	1	3153	2	0	3000
Picture	20	other				1778487	1	3153	3	0	3000
Picture	11	other				1789939	1	3153	3	0	3000
Picture	11	other				1801059	1	3153	2	0	3000
Picture	10	other				1811515	1	3153	3	0	3000
Picture	20	other				1820643	2	3154	3	0	3000
Picture	20	other				1829274	1	3153	2	0	3000
Picture	21	other				1838070	1	3154	2	0	3000
Picture	11	other				1848526	2	3154	3	0	3000
Picture	10	other				1859646	1	3154	2	0	3000
Picture	11	other				1870932	1	3154	2	0	3000
Picture	11	other				1879728	2	3154	3	0	3000
Picture	20	other				1891180	2	3154	3	0	3000
Picture	11	other				1902632	2	3154	3	0	3000
Picture	21	other				1913586	2	3154	3	0	3000
Picture	10	other				1923378	2	3154	3	0	3000
Picture	20	other				1934001	1	3153	2	0	3000
Picture	11	other				1942963	1	3153	2	0	3000
Picture	20	other				1953585	2	3153	3	0	3000
Picture	21	other				1962215	2	3154	3	0	3000
Picture	11	other				1973335	2	3154	3	0	3000
Picture	20	other				1984123	2	3154	3	0	3000
Picture	20	other				1994579	2	3154	3	0	3000
Picture	11	other				2003210	1	3153	2	0	3000
Picture	11	other				2013168	1	3153	3	0	3000
Picture	21	other				2022960	2	3154	3	0	3000
Picture	10	other				2032586	2	3154	3	0	3000
Picture	21	other				2041715	1	3153	2	0	3000
Picture	10	other				2052669	1	3153	2	0	3000
Picture	21	other				2061299	1	3154	2	0	3000
Picture	10	other				2069930	1	3153	2	0	3000
Picture	21	other				2080220	1	3153	2	0	3000
Picture	11	other				2091008	1	3153	2	0	3000
Picture	10	other				2102294	1	3153	2	0	3000
Picture	21	other				2113248	1	3153	2	0	3000
Picture	10	other				2124534	1	3153	2	0	3000
Picture	20	other				2135322	1	3153	2	0	3000
Picture	21	other				2143952	1	3153	3	0	3000
Picture	21	other				2154242	1	3154	2	0	3000
Picture	11	other				2165196	1	3154	2	0	3000
Picture	11	other				2175154	2	3154	3	0	3000
Picture	21	other				2186108	2	3154	3	0	3000
Picture	20	other				2197062	2	3154	3	0	3000
Picture	11	other				2205693	1	3153	2	0	3000
Picture	20	other				2215485	1	3153	2	0	3000
Picture	11	other				2226273	1	3153	2	0	3000
Picture	11	other				2235401	2	3154	3	0	3000
Picture	11	other				2246355	2	3154	3	0	3000
Picture	20	other				2257309	2	3154	3	0	3000
Picture	21	other				2266106	1	3153	2	0	3000
Picture	11	other				2275400	1	3153	2	0	3000
Picture	10	other				2285192	1	3154	2	0	3000
Picture	21	other				2293823	1	3151	5	0	3000
Picture	10	other				2302287	1	3153	2	0	3000
Picture	10	other				2313075	1	3153	3	0	3000
Picture	20	other				2322037	2	3154	3	0	3000
Picture	21	other				2331498	1	3153	2	0	3000
Picture	10	other				2342120	1	3153	2	0	3000
Picture	20	other				2351912	1	3153	2	0	3000
Picture	10	other				2360542	2	3152	6	0	3000
Picture	21	other				2371828	2	3154	3	0	3000
Picture	20	other				2381454	2	3154	3	0	3000
Picture	10	other				2391911	1	3153	2	0	3000
Picture	20	other				2400873	1	3153	2	0	3000
Picture	11	other				2411163	1	3153	3	0	3000
Picture	21	other				2422283	1	3153	3	0	3000
Picture	20	other				2432241	1	3154	2	0	3000
Picture	21	other				2443195	1	3154	2	0	3000
Picture	11	other				2452987	2	3154	3	0	3000
Picture	20	other				2462945	2	3154	3	0	3000
Picture	21	other				2472074	1	3153	2	0	3000
Picture	10	other				2483028	1	3153	2	0	3000
Picture	21	other				2494314	1	3153	2	0	3000
Picture	20	other				2504770	1	3153	2	0	3000
Picture	10	other				2514064	1	3153	3	0	3000
Picture	20	other				2524852	1	3154	2	0	3000
Picture	11	other				2533980	2	3154	3	0	3000
Picture	11	other				2543773	1	3153	2	0	3000
Picture	21	other				2552403	1	3153	3	0	3000
Picture	10	other				2562859	1	3154	2	0	3000
Picture	20	other				2572153	2	3154	3	0	3000
Picture	11	other				2581780	1	3153	2	0	3000
Picture	10	other				2591572	1	3153	2	0	3000
Picture	20	other				2601694	4	3155	6	0	3000
Picture	11	other				2611986	1	3154	2	0	3000
Picture	21	other				2620451	1	3153	2	0	3000
Picture	20	other				2631073	1	3153	2	0	3000
Picture	11	other				2641861	1	3153	2	0	3000
Picture	21	other				2651321	1	3153	2	0	3000
Picture	21	other				2662441	1	3153	2	0	3000
Picture	21	other				2673229	1	3153	2	0	3000
Picture	11	other				2682689	1	3154	2	0	3000
Picture	10	other				2693643	1	3154	2	0	3000
Picture	20	other				2702439	2	3154	3	0	3000
Picture	11	other				2713062	1	3153	2	0	3000
Picture	20	other				2722024	1	3153	2	0	3000
Picture	11	other				2731152	2	3154	3	0	3000
Picture	11	other				2741774	2	3154	3	0	3000
Picture	11	other				2753060	2	3154	3	0	3000
Picture	11	other				2761854	4	3156	5	0	3000
Picture	20	other				2772479	1	3153	2	0	3000
Picture	20	other				2781441	1	3153	3	0	3000
Picture	20	other				2791233	2	3154	3	0	3000
Picture	20	other				2801025	2	3154	3	0	3000
Picture	20	other				2811481	2	3154	3	0	3000
Picture	20	other				2821108	1	3153	2	0	3000
Picture	21	other				2830568	1	3153	3	0	3000
Picture	21	other				2840360	2	3154	3	0	3000
Picture	20	other				2849654	2	3154	3	0	3000
Picture	11	other				2859779	1	3153	2	0	3000
Picture	20	other				2868409	1	3153	3	0	3000
Picture	20	other				2879529	1	3153	3	0	3000
Picture	10	other				2890317	1	3153	3	0	3000
Picture	10	other				2901105	1	3153	3	0	3000
Picture	21	other				2911395	1	3154	2	0	3000
Picture	11	other				2920689	3	3154	4	0	3000
Picture	21	other				2929652	1	3153	2	0	3000
Picture	20	other				2939112	1	3154	2	0	3000
Picture	20	other				2949734	1	3154	2	0	3000
Picture	11	other				2959028	2	3154	3	0	3000
Picture	10	other				2967659	1	3153	2	0	3000
Picture	20	other				2978447	1	3153	2	0	3000
Picture	20	other				2989401	1	3153	2	0	3000
Picture	11	other				2998363	3	3154	4	0	3000
Picture	21	other				3008155	2	3154	3	0	3000
Picture	11	other				3019109	2	3154	3	0	3000
