Scenario - GO/NO-GO
Logfile written - 05/09/2011 15:55:36

Subject	Trial	Event Type	Code	Time	TTime	Uncertainty	Duration	Uncertainty	ReqTime	ReqDur

FF	2	Picture	22	289	0	2	3154	3	0	3000
FF	2	Response	1	4661	4372	1
FF	3	Picture	22	10745	0	2	3154	3	0	3000
FF	3	Response	1	16310	5565	1
FF	4	Picture	22	21699	0	2	3154	3	0	3000
FF	4	Response	1	26631	4932	2
FF	5	Picture	33	31990	0	1	3153	2	0	3000
FF	6	Picture	22	42944	0	1	3153	3	0	3000
FF	6	Response	1	46543	3599	1
FF	7	Picture	22	52570	0	1	3153	2	0	3000
FF	7	Response	1	55885	3315	2
FF	8	Picture	22	63192	0	1	3153	2	0	3000
FF	8	Response	1	66469	3277	2
FF	9	Picture	22	72486	0	1	3154	2	0	3000
FF	9	Response	1	76287	3801	1
FF	10	Picture	22	82278	0	2	3154	3	0	3000
FF	10	Response	1	85685	3407	1
FF	11	Picture	22	91739	0	1	3153	2	0	3000
FF	11	Response	1	94435	2696	1
FF	12	Picture	22	101863	0	1	3153	2	0	3000
FF	12	Response	1	105019	3156	2
FF	13	Picture	33	110659	0	1	3154	2	0	3000
FF	14	Picture	22	119456	0	1	3153	2	0	3000
FF	14	Response	1	122095	2639	1
FF	15	Picture	22	129912	0	1	3153	2	0	3000
FF	15	Response	1	132313	2401	1
FF	16	Picture	22	138376	0	1	3153	3	0	3000
FF	16	Response	1	141763	3387	1
FF	17	Picture	33	148832	0	1	3154	2	0	3000
FF	17	Response	1	150892	2060	2
FF	18	Picture	22	159786	0	1	3154	2	0	3000
FF	18	Response	1	162678	2892	1
FF	19	Picture	22	168085	0	1	3153	2	0	3000
FF	19	Response	1	172400	4315	1
FF	20	Picture	22	176549	0	1	3153	3	0	3000
FF	20	Response	1	180233	3684	1
FF	21	Picture	22	185180	0	1	3153	2	0	3000
FF	21	Response	1	188564	3384	1
FF	22	Picture	22	194972	0	1	3153	2	0	3000
FF	22	Response	1	199644	4672	1
FF	23	Picture	22	204930	0	1	3153	2	0	3000
FF	23	Response	1	210276	5346	1
FF	24	Picture	22	213560	0	2	3154	3	0	3000
FF	24	Response	1	218077	4517	1
FF	25	Picture	33	222523	0	1	3153	2	0	3000
FF	26	Picture	22	232647	0	1	3153	2	0	3000
FF	26	Response	1	235448	2801	1
FF	27	Picture	22	242273	0	1	3153	3	0	3000
FF	27	Response	1	244485	2212	2
FF	28	Picture	22	251899	0	2	3154	3	0	3000
FF	28	Response	1	253643	1744	2
FF	29	Picture	22	261359	0	2	3154	3	0	3000
FF	29	Response	1	263486	2127	1
FF	30	Picture	22	269658	0	1	3153	3	0	3000
FF	30	Response	1	272585	2927	2
FF	31	Picture	22	279118	0	2	3154	3	0	3000
FF	31	Response	1	281982	2864	2
FF	32	Picture	22	288081	0	1	3153	2	0	3000
FF	32	Response	1	291323	3242	2
FF	33	Picture	33	298205	0	1	3153	2	0	3000
FF	34	Picture	22	308163	0	1	3153	2	0	3000
FF	34	Response	1	310972	2809	1
FF	35	Picture	22	317623	0	1	3154	2	0	3000
FF	35	Response	1	320753	3130	2
FF	36	Picture	22	328245	0	2	3154	3	0	3000
FF	36	Response	1	328704	459	1
FF	37	Picture	33	336875	0	2	3154	3	0	3000
FF	37	Response	1	338989	2114	1
FF	38	Picture	22	346336	0	1	3153	2	0	3000
FF	38	Response	1	349740	3404	2
FF	39	Picture	22	354468	0	2	3154	3	0	3000
FF	39	Response	1	357453	2985	1
FF	40	Picture	22	364095	0	1	3153	2	0	3000
FF	40	Response	1	368270	4175	2
FF	41	Picture	22	374219	0	1	3153	2	0	3000
FF	41	Response	1	376692	2473	1
FF	42	Picture	22	383015	0	1	3154	2	0	3000
FF	42	Response	1	388778	5763	1
FF	43	Picture	33	393305	0	2	3154	3	0	3000
FF	44	Picture	22	402600	0	1	3153	2	0	3000
FF	44	Response	1	404972	2372	2
FF	45	Picture	22	411064	0	1	3153	3	0	3000
FF	45	Response	1	413599	2535	1
FF	46	Picture	22	420690	0	2	3154	3	0	3000
FF	46	Response	1	423027	2337	1
FF	47	Picture	22	428823	0	1	3153	2	0	3000
FF	47	Response	1	432842	4019	1
FF	48	Picture	22	438947	0	1	3153	3	0	3000
FF	48	Response	1	442298	3351	1
FF	49	Picture	22	449071	0	1	3153	3	0	3000
FF	49	Response	1	452283	3212	1
FF	50	Picture	22	459859	0	1	3154	2	0	3000
FF	50	Response	1	462948	3089	1
FF	51	Picture	33	467992	0	1	3153	2	0	3000
FF	52	Picture	22	476124	0	1	3154	2	0	3000
FF	52	Response	1	479902	3778	2
FF	53	Picture	22	486248	0	2	3154	3	0	3000
FF	53	Response	1	489066	2818	2
FF	54	Picture	22	495709	0	1	3153	2	0	3000
FF	54	Response	1	498048	2339	1
FF	55	Picture	33	503841	0	1	3153	3	0	3000
FF	55	Response	1	506435	2594	1
FF	56	Picture	22	513965	0	2	3154	3	0	3000
FF	56	Response	1	517163	3198	1
FF	57	Picture	22	524919	0	1	3154	2	0	3000
FF	57	Response	1	530723	5804	1
FF	58	Picture	22	535375	0	1	3154	2	0	3000
FF	58	Response	1	537844	2469	1
FF	59	Picture	33	543840	0	1	3153	2	0	3000
FF	60	Picture	22	553466	0	1	3153	2	0	3000
FF	60	Response	1	556333	2867	1
FF	61	Picture	22	562096	0	2	3154	3	0	3000
FF	61	Response	1	564517	2421	1
FF	62	Picture	22	570229	0	1	3153	2	0	3000
FF	62	Response	1	572380	2151	1
FF	63	Picture	33	581017	0	1	3153	2	0	3000
FF	64	Picture	22	590643	0	1	3154	2	0	3000
FF	64	Response	1	592738	2095	1
FF	65	Picture	22	600103	0	2	3154	3	0	3000
FF	65	Response	1	601695	1592	1
FF	66	Picture	22	609896	0	1	3153	2	0	3000
FF	66	Response	1	613904	4008	1
FF	67	Picture	22	618194	0	1	3153	3	0	3000
FF	67	Response	1	621646	3452	1
FF	68	Picture	22	629314	0	1	3153	3	0	3000
FF	68	Response	1	631696	2382	1
FF	69	Picture	33	638276	0	2	3154	3	0	3000
FF	70	Picture	22	646575	0	1	3153	2	0	3000
FF	70	Response	1	648950	2375	1
FF	70	Response	1	656253	9678	1
FF	71	Picture	33	656699	0	1	3153	3	0	3000
FF	72	Picture	22	667155	0	1	3154	2	0	3000
FF	73	Picture	22	676283	0	2	3154	3	0	3000
FF	73	Response	1	679565	3282	2
FF	74	Picture	22	686905	0	2	3154	3	0	3000
FF	74	Response	1	689848	2943	1
FF	75	Picture	22	696532	0	1	3153	2	0	3000
FF	75	Response	1	699070	2538	2
FF	76	Picture	22	707486	0	1	3153	2	0	3000
FF	76	Response	1	713222	5736	1
FF	77	Picture	33	716116	0	1	3154	2	0	3000
FF	78	Picture	22	726572	0	1	3154	2	0	3000
FF	78	Response	1	729584	3012	2
FF	79	Picture	22	735700	0	2	3153	6	0	3000
FF	79	Response	1	738194	2494	2
FF	80	Picture	22	745493	0	1	3153	2	0	3000
FF	80	Response	1	747534	2041	2
FF	81	Picture	22	756281	0	1	3153	2	0	3000
FF	81	Response	1	759472	3191	1
FF	82	Picture	22	767235	0	1	3153	2	0	3000
FF	82	Response	1	769877	2642	1
FF	83	Picture	33	778023	0	1	3153	2	0	3000
FF	83	Response	1	780862	2839	1
FF	84	Picture	22	788977	0	1	3153	2	0	3000
FF	84	Response	1	794998	6021	1
FF	85	Picture	22	797441	0	1	3154	2	0	3000
FF	85	Response	1	802654	5213	1
FF	86	Picture	22	807897	0	2	3154	3	0	3000
FF	86	Response	1	815477	7580	1
FF	87	Picture	33	818519	0	2	3154	3	0	3000
FF	88	Picture	22	828477	0	2	3154	3	0	3000
FF	88	Response	1	830389	1912	1
FF	89	Picture	22	838934	0	1	3153	2	0	3000
FF	89	Response	1	841796	2862	1
FF	90	Picture	22	848394	0	1	3153	2	0	3000
FF	90	Response	1	851692	3298	1
FF	91	Picture	22	856858	0	2	3154	3	0	3000
FF	91	Response	1	860850	3992	1
FF	92	Picture	22	866484	0	2	3154	3	0	3000
FF	92	Response	1	868901	2417	2
FF	93	Picture	33	875447	0	1	3153	2	0	3000
FF	94	Picture	22	885737	0	1	3153	2	0	3000
FF	94	Response	1	886220	483	1
FF	95	Picture	22	895529	0	1	3154	2	0	3000
FF	95	Response	1	897862	2333	1
FF	96	Picture	22	905321	0	2	3154	3	0	3000
FF	96	Response	1	908411	3090	2
FF	97	Picture	33	914450	0	1	3153	2	0	3000
FF	97	Response	1	917718	3268	1
FF	98	Picture	22	924408	0	1	3153	2	0	3000
FF	98	Response	1	928389	3981	1
FF	99	Picture	22	935362	0	1	3153	2	0	3000
FF	99	Response	1	940180	4818	1
FF	100	Picture	22	945818	0	1	3153	2	0	3000
FF	100	Response	1	950164	4346	1
FF	101	Picture	33	956606	0	1	3153	3	0	3000
FF	102	Picture	22	967062	0	1	3153	3	0	3000
FF	102	Response	1	969580	2518	1
FF	103	Picture	22	978182	0	1	3151	5	0	3000
FF	103	Response	1	980814	2632	2
FF	104	Picture	22	988970	0	1	3153	3	0	3000
FF	104	Response	1	991277	2307	1
FF	105	Picture	22	997434	0	2	3154	3	0	3000
FF	105	Response	1	1000649	3215	1
FF	106	Picture	22	1006231	0	1	3153	2	0	3000
FF	106	Response	1	1008635	2404	1
FF	107	Picture	22	1015359	0	1	3154	2	0	3000
FF	107	Response	1	1017888	2529	1
FF	108	Picture	22	1025483	0	2	3154	3	0	3000
FF	108	Response	1	1028263	2780	1
FF	109	Picture	33	1035275	0	2	3154	3	0	3000
FF	110	Picture	22	1044238	0	1	3153	2	0	3000
FF	110	Response	1	1047264	3026	2
FF	111	Picture	22	1054362	0	1	3151	6	0	3000
FF	111	Response	1	1056373	2011	2
FF	112	Picture	22	1062992	0	2	3154	3	0	3000
FF	112	Response	1	1064768	1776	1
FF	113	Picture	22	1072453	0	4	3153	5	0	3000
FF	113	Response	1	1075561	3108	1
FF	114	Picture	22	1080751	0	1	3154	2	0	3000
FF	114	Response	1	1082331	1580	1
FF	115	Picture	33	1089375	0	12	3158	16	0	3000
FF	116	Picture	22	1099506	0	1	3153	2	0	3000
FF	116	Response	1	1101828	2322	1
FF	117	Picture	22	1109298	0	1	3153	2	0	3000
FF	117	Response	1	1109722	424	1
FF	117	Response	1	1118060	8762	2
FF	118	Picture	22	1118260	0	1	3154	2	0	3000
FF	119	Picture	33	1128053	0	1	3153	2	0	3000
FF	119	Response	1	1128116	63	1
FF	120	Picture	22	1137347	0	1	3153	2	0	3000
FF	120	Response	1	1140018	2671	1
FF	121	Picture	22	1147969	0	1	3153	2	0	3000
FF	121	Response	1	1150120	2151	1
FF	122	Picture	22	1157927	0	1	3153	3	0	3000
FF	122	Response	1	1160467	2540	1
FF	123	Picture	22	1167055	0	2	3154	3	0	3000
FF	123	Response	1	1169572	2517	1
FF	124	Picture	22	1175686	0	1	3153	2	0	3000
FF	124	Response	1	1179648	3962	1
FF	125	Picture	33	1185312	0	1	3153	3	0	3000
FF	126	Picture	22	1194938	0	2	3154	3	0	3000
FF	126	Response	1	1196956	2018	1
FF	127	Picture	22	1203237	0	1	3153	2	0	3000
FF	127	Response	1	1206497	3260	2
FF	127	Response	1	1213002	9765	2
FF	128	Picture	22	1213195	0	1	3153	2	0	3000
FF	129	Picture	22	1221991	0	2	3154	3	0	3000
FF	129	Response	1	1224674	2683	1
FF	130	Picture	22	1232613	0	4	3154	5	0	3000
FF	130	Response	1	1235513	2900	1
FF	131	Picture	33	1242571	0	2	3154	3	0	3000
FF	132	Picture	22	1251202	0	1	3153	2	0	3000
FF	132	Response	1	1254091	2889	1
FF	133	Picture	22	1261492	0	1	3153	3	0	3000
FF	133	Response	1	1263900	2408	2
FF	134	Picture	22	1270122	0	2	3154	3	0	3000
FF	134	Response	1	1273772	3650	1
FF	135	Picture	22	1278587	0	1	3153	2	0	3000
FF	135	Response	1	1282785	4198	1
FF	136	Picture	22	1286885	0	2	3154	3	0	3000
FF	136	Response	1	1290939	4054	1
FF	137	Picture	22	1295337	0	19	3166	20	0	3000
FF	137	Response	1	1303736	8399	1
FF	138	Picture	22	1305972	0	1	3153	2	0	3000
FF	138	Response	1	1310744	4772	1
FF	139	Picture	33	1314933	0	4	3155	5	0	3000
FF	140	Picture	22	1325058	0	2	3154	3	0	3000
FF	140	Response	1	1327226	2168	2
FF	140	Response	1	1334470	9412	1
FF	141	Picture	33	1336012	0	2	3154	3	0	3000
FF	142	Picture	22	1344311	0	1	3153	2	0	3000
FF	142	Response	1	1353321	9010	1
FF	143	Picture	22	1354269	0	1	3153	3	0	3000
FF	144	Picture	22	1362401	0	2	3154	3	0	3000
FF	144	Response	1	1362721	320	1
FF	145	Picture	22	1370700	0	1	3153	3	0	3000
FF	145	Response	1	1374425	3725	1
FF	146	Picture	22	1379496	0	2	3154	3	0	3000
FF	146	Response	1	1384179	4683	2
FF	147	Picture	33	1390616	0	2	3154	3	0	3000
FF	148	Picture	22	1399247	0	1	3153	2	0	3000
FF	148	Response	1	1402679	3432	1
FF	149	Picture	22	1408707	0	1	3153	3	0	3000
FF	149	Response	1	1410961	2254	1
FF	150	Picture	22	1417171	0	2	3154	3	0	3000
FF	150	Response	1	1419745	2574	1
FF	151	Picture	22	1426134	0	1	3153	2	0	3000
FF	151	Response	1	1428876	2742	1
FF	152	Picture	22	1436756	0	1	3153	2	0	3000
FF	152	Response	1	1439608	2852	1
FF	153	Picture	33	1445718	0	1	3154	2	0	3000
FF	154	Picture	22	1455178	0	2	3154	3	0	3000
FF	154	Response	1	1458396	3218	1
FF	155	Picture	22	1465635	0	1	3153	2	0	3000
FF	155	Response	1	1466113	478	1
FF	156	Picture	22	1474929	0	1	3153	2	0	3000
FF	156	Response	1	1475490	561	1
FF	157	Picture	33	1483559	0	2	3154	3	0	3000
FF	157	Response	1	1484585	1026	2
FF	158	Picture	22	1494015	0	2	3154	3	0	3000
FF	158	Response	1	1497266	3251	1
FF	159	Picture	22	1502812	0	1	3153	3	0	3000
FF	159	Response	1	1505691	2879	2
FF	160	Picture	22	1512106	0	1	3153	3	0	3000
FF	160	Response	1	1514618	2512	1
FF	161	Picture	22	1522230	0	1	3154	2	0	3000
FF	161	Response	1	1524705	2475	2
FF	162	Picture	22	1532852	0	1	3154	2	0	3000
FF	162	Response	1	1535140	2288	1
FF	163	Picture	33	1540985	0	1	3153	2	0	3000
FF	164	Picture	22	1549615	0	1	3154	2	0	3000
FF	164	Response	1	1551927	2312	1
FF	165	Picture	22	1559075	0	2	3154	3	0	3000
FF	165	Response	1	1561267	2192	1
FF	166	Picture	22	1570029	0	2	3154	3	0	3000
FF	166	Response	1	1572381	2352	2
FF	167	Picture	33	1579653	0	4	3156	5	0	3000
FF	167	Response	1	1582248	2595	1
FF	168	Picture	22	1589614	0	1	3153	2	0	3000
FF	168	Response	1	1593297	3683	2
FF	169	Picture	22	1598410	0	1	3154	2	0	3000
FF	169	Response	1	1601248	2838	1
FF	170	Picture	22	1607041	0	1	3153	2	0	3000
FF	170	Response	1	1609638	2597	1
FF	171	Picture	22	1615339	0	1	3154	2	0	3000
FF	171	Response	1	1621338	5999	2
FF	172	Picture	22	1625463	0	2	3154	3	0	3000
FF	172	Response	1	1629729	4266	1
FF	173	Picture	22	1633596	0	1	3153	2	0	3000
FF	173	Response	1	1637730	4134	1
FF	174	Picture	22	1642558	0	1	3154	2	0	3000
FF	174	Response	1	1647659	5101	1
FF	175	Picture	33	1651852	0	2	3154	3	0	3000
FF	176	Picture	22	1661479	0	1	3153	2	0	3000
FF	176	Response	1	1666536	5057	2
FF	177	Picture	22	1671105	0	1	3153	2	0	3000
FF	177	Response	1	1673154	2049	1
FF	178	Picture	22	1679569	0	2	3154	3	0	3000
FF	178	Response	1	1681758	2189	1
FF	179	Picture	22	1688864	0	1	3153	2	0	3000
FF	179	Response	1	1693608	4744	1
FF	180	Picture	22	1698988	0	1	3153	2	0	3000
FF	180	Response	1	1701966	2978	2
FF	181	Picture	33	1708946	0	1	3153	2	0	3000
FF	182	Picture	22	1718572	0	1	3154	2	0	3000
FF	182	Response	1	1723319	4747	1
FF	183	Picture	22	1726705	0	1	3153	2	0	3000
FF	183	Response	1	1729613	2908	2
FF	184	Picture	22	1737327	0	1	3153	2	0	3000
FF	184	Response	1	1740489	3162	2
FF	185	Picture	33	1747949	0	1	3153	2	0	3000
FF	185	Response	1	1748081	132	2
FF	186	Picture	22	1757243	0	1	3153	3	0	3000
FF	186	Response	1	1758518	1275	2
FF	186	Response	1	1766141	8898	1
FF	187	Picture	33	1768031	0	1	3153	3	0	3000
FF	188	Picture	22	1776993	0	2	3154	3	0	3000
FF	188	Response	1	1780948	3955	1
FF	189	Picture	22	1787283	0	2	3154	3	0	3000
FF	189	Response	1	1789720	2437	1
FF	190	Picture	22	1797573	0	4	3154	5	0	3000
FF	190	Response	1	1800416	2843	1
FF	191	Picture	22	1807034	0	1	3153	3	0	3000
FF	191	Response	1	1810248	3214	1
FF	192	Picture	22	1815498	0	2	3154	3	0	3000
FF	192	Response	1	1818757	3259	1
FF	193	Picture	33	1824461	0	1	3153	2	0	3000
FF	194	Picture	22	1834917	0	1	3153	2	0	3000
FF	194	Response	1	1835713	796	1
FF	195	Picture	22	1845207	0	1	3153	2	0	3000
FF	195	Response	1	1846178	971	1
FF	196	Picture	22	1855663	0	1	3153	3	0	3000
FF	196	Response	1	1856904	1241	1
FF	197	Picture	33	1866285	0	2	3153	4	0	3000
FF	198	Picture	22	1875745	0	2	3154	3	0	3000
FF	198	Response	1	1876616	871	1
FF	199	Picture	22	1886699	0	2	3154	3	0	3000
FF	199	Response	1	1889411	2712	1
FF	200	Picture	22	1897155	0	2	3154	3	0	3000
FF	200	Response	1	1898219	1064	1
FF	201	Picture	22	1906782	0	1	3153	2	0	3000
FF	201	Response	1	1909419	2637	2
FF	202	Picture	22	1915910	0	1	3153	2	0	3000
FF	202	Response	1	1918997	3087	2
FF	203	Picture	33	1924872	0	2	3154	3	0	3000
FF	204	Picture	22	1934499	0	1	3153	2	0	3000
FF	204	Response	1	1936850	2351	1
FF	205	Picture	22	1945452	0	2	3154	3	0	3000
FF	205	Response	1	1946366	914	1
FF	206	Picture	22	1954747	0	1	3153	2	0	3000
FF	206	Response	1	1958395	3648	1
FF	207	Picture	22	1963543	0	1	3154	2	0	3000
FF	207	Response	1	1968647	5104	1
FF	208	Picture	22	1974165	0	2	3154	3	0	3000
FF	208	Response	1	1978669	4504	1
FF	209	Picture	33	1984621	0	2	3154	3	0	3000
FF	210	Picture	22	1993916	0	1	3153	2	0	3000
FF	210	Response	1	1999176	5260	1
FF	211	Picture	33	2002546	0	1	3153	3	0	3000
FF	212	Picture	22	2011674	0	2	3153	4	0	3000
FF	212	Response	1	2016752	5078	1
FF	213	Picture	22	2020637	0	1	3153	2	0	3000
FF	213	Response	1	2023670	3033	2
FF	214	Picture	22	2030927	0	1	3153	2	0	3000
FF	214	Response	1	2032806	1879	1
FF	215	Picture	22	2039723	0	2	3154	3	0	3000
FF	215	Response	1	2042412	2689	1
FF	216	Picture	22	2049515	0	2	3154	3	0	3000
FF	216	Response	1	2052164	2649	2
FF	217	Picture	22	2060469	0	2	3154	3	0	3000
FF	217	Response	1	2063540	3071	1
FF	218	Picture	22	2071423	0	2	3154	3	0	3000
FF	218	Response	1	2074058	2635	1
FF	219	Picture	33	2080054	0	1	3153	2	0	3000
FF	220	Picture	22	2088850	0	1	3154	2	0	3000
FF	220	Response	1	2093144	4294	1
FF	221	Picture	22	2098144	0	2	3154	3	0	3000
FF	221	Response	1	2100268	2124	1
FF	222	Picture	22	2108269	0	1	3153	2	0	3000
FF	222	Response	1	2108659	390	1
FF	222	Response	1	2115604	7335	2
FF	223	Picture	22	2119223	0	1	3153	2	0	3000
FF	223	Response	1	2129086	9863	2
FF	224	Picture	22	2129845	0	1	3153	2	0	3000
FF	225	Picture	22	2138973	0	1	3153	3	0	3000
FF	225	Response	1	2142245	3272	1
FF	226	Picture	22	2147935	0	2	3154	3	0	3000
FF	226	Response	1	2148051	116	1
FF	227	Picture	33	2156732	0	1	3153	3	0	3000
FF	228	Picture	22	2167686	0	1	3153	2	0	3000
FF	228	Response	1	2170618	2932	2
FF	229	Picture	22	2176980	0	1	3153	5	0	3000
FF	229	Response	1	2179990	3010	1
FF	230	Picture	22	2185776	0	2	3154	3	0	3000
FF	230	Response	1	2188564	2788	2
FF	231	Picture	22	2194739	0	1	3153	2	0	3000
FF	231	Response	1	2199036	4297	1
FF	232	Picture	22	2204365	0	2	3153	4	0	3000
FF	232	Response	1	2207079	2714	2
FF	233	Picture	33	2213991	0	2	3154	3	0	3000
FF	233	Response	1	2222713	8722	1
FF	234	Picture	22	2223451	0	2	3154	3	0	3000
FF	235	Picture	22	2232082	0	1	3153	2	0	3000
FF	235	Response	1	2234250	2168	1
FF	236	Picture	22	2240546	0	2	3154	3	0	3000
FF	236	Response	1	2243532	2986	1
FF	237	Picture	22	2251500	0	2	3154	3	0	3000
FF	237	Response	1	2254411	2911	2
FF	238	Picture	22	2261127	0	1	3153	2	0	3000
FF	238	Response	1	2262898	1771	1
FF	239	Picture	33	2269259	0	1	3154	2	0	3000
FF	239	Response	1	2270970	1711	1
FF	240	Picture	22	2279051	0	2	3154	3	0	3000
FF	241	Picture	22	2287848	0	1	3153	2	0	3000
FF	241	Response	1	2290536	2688	1
FF	242	Picture	22	2298138	0	1	3153	2	0	3000
FF	242	Response	1	2298665	527	1
FF	243	Picture	22	2308760	0	1	3153	2	0	3000
FF	243	Response	1	2311838	3078	2
FF	244	Picture	22	2317888	0	1	3154	2	0	3000
FF	244	Response	1	2321267	3379	1
FF	245	Picture	33	2326685	0	1	3153	2	0	3000
FF	245	Response	1	2328807	2122	1
FF	246	Picture	22	2337473	0	1	3153	2	0	3000
FF	246	Response	1	2341481	4008	2
FF	247	Picture	22	2345771	0	1	3153	3	0	3000
FF	247	Response	1	2347932	2161	1
FF	248	Picture	22	2354401	0	2	3154	3	0	3000
FF	248	Response	1	2357840	3439	1
FF	249	Picture	22	2364692	0	1	3153	2	0	3000
FF	249	Response	1	2368634	3942	1
FF	250	Picture	22	2374484	0	1	3153	2	0	3000
FF	250	Response	1	2378617	4133	2
FF	251	Picture	33	2383446	0	1	3154	2	0	3000
FF	252	Picture	22	2392740	0	2	3153	6	0	3000
FF	252	Response	1	2397791	5051	1
FF	253	Picture	22	2403362	0	2	3154	3	0	3000
FF	253	Response	1	2407076	3714	1
FF	254	Picture	22	2414151	0	1	3153	2	0	3000
FF	254	Response	1	2418017	3866	2
FF	255	Picture	22	2422947	0	1	3153	2	0	3000
FF	255	Response	1	2428218	5271	1
FF	256	Picture	22	2432905	0	1	3153	3	0	3000
FF	256	Response	1	2439746	6841	1
FF	257	Picture	22	2441867	0	2	3154	3	0	3000
FF	257	Response	1	2449321	7454	1
FF	258	Picture	22	2452655	0	2	3154	3	0	3000
FF	258	Response	1	2460198	7543	1
FF	259	Picture	33	2461950	0	1	3153	2	0	3000
FF	260	Picture	22	2470414	0	1	3154	2	0	3000
FF	260	Response	1	2474500	4086	1
FF	261	Picture	22	2480704	0	2	3154	3	0	3000
FF	261	Response	1	2482450	1746	1
FF	261	Response	1	2490822	10118	1
FF	262	Picture	22	2491492	0	2	3154	3	0	3000
FF	263	Picture	33	2499791	0	1	3153	2	0	3000
FF	263	Response	1	2500321	530	1
FF	264	Picture	22	2510579	0	1	3153	2	0	3000
FF	264	Response	1	2514651	4072	1
FF	265	Picture	22	2518877	0	2	3154	3	0	3000
FF	265	Response	1	2521155	2278	2
FF	266	Picture	22	2529333	0	2	3154	3	0	3000
FF	266	Response	1	2531556	2223	1
FF	267	Picture	22	2538628	0	1	3153	2	0	3000
FF	267	Response	1	2540151	1523	2
FF	268	Picture	22	2548586	0	1	3153	2	0	3000
FF	268	Response	1	2549024	438	1
FF	269	Picture	33	2557050	0	2	3154	3	0	3000
FF	269	Response	1	2558255	1205	2
FF	270	Picture	22	2566511	0	1	3153	2	0	3000
FF	270	Response	1	2571086	4575	1
FF	271	Picture	22	2577465	0	1	3153	2	0	3000
FF	271	Response	1	2581425	3960	1
FF	272	Picture	22	2586593	0	1	3153	2	0	3000
FF	272	Response	1	2590025	3432	2
FF	273	Picture	22	2597547	0	1	3153	2	0	3000
FF	273	Response	1	2602352	4805	2
FF	274	Picture	22	2607671	0	1	3153	3	0	3000
FF	274	Response	1	2612757	5086	1
FF	275	Picture	33	2616633	0	2	3154	3	0	3000
FF	276	Picture	22	2627253	0	4	3156	5	0	3000
FF	276	Response	1	2629508	2255	2
FF	277	Picture	33	2637546	0	1	3153	2	0	3000
FF	277	Response	1	2640027	2481	2
FF	278	Picture	22	2646342	0	1	3151	5	0	3000
FF	278	Response	1	2652809	6467	1
FF	279	Picture	22	2654640	0	2	3154	3	0	3000
FF	279	Response	1	2661672	7032	1
FF	280	Picture	22	2663769	0	1	3153	2	0	3000
FF	280	Response	1	2666606	2837	2
FF	281	Picture	22	2673229	0	1	3153	3	0	3000
FF	281	Response	1	2676477	3248	2
FF	282	Picture	22	2683021	0	1	3154	2	0	3000
FF	282	Response	1	2686557	3536	1
FF	283	Picture	33	2692647	0	2	3154	3	0	3000
FF	284	Picture	22	2701942	0	1	3151	5	0	3000
FF	284	Response	1	2704041	2099	1
FF	285	Picture	22	2710738	0	1	3153	3	0	3000
FF	285	Response	1	2712759	2021	2
FF	286	Picture	22	2719203	0	1	3153	2	0	3000
FF	286	Response	1	2721804	2601	1
FF	287	Picture	33	2727833	0	1	3153	3	0	3000
FF	288	Picture	22	2737957	0	1	3153	3	0	3000
FF	288	Response	1	2740413	2456	2
FF	289	Picture	22	2747583	0	2	3154	3	0	3000
FF	289	Response	1	2750280	2697	1
FF	290	Picture	22	2758537	0	2	3154	3	0	3000
FF	290	Response	1	2760684	2147	1
FF	291	Picture	22	2767832	0	1	3153	2	0	3000
FF	291	Response	1	2771088	3256	1
FF	292	Picture	22	2776462	0	1	3153	3	0	3000
FF	292	Response	1	2781047	4585	2
FF	293	Picture	22	2785590	0	2	3154	3	0	3000
FF	293	Response	1	2789682	4092	1
FF	294	Picture	22	2795715	0	1	3153	2	0	3000
FF	294	Response	1	2799639	3924	1
FF	295	Picture	33	2804511	0	1	3153	2	0	3000
FF	296	Picture	22	2815465	0	1	3153	2	0	3000
FF	296	Response	1	2817514	2049	1
FF	297	Picture	22	2825589	0	1	3153	3	0	3000
FF	297	Response	1	2828005	2416	2
FF	298	Picture	22	2834551	0	2	3154	3	0	3000
FF	298	Response	1	2837139	2588	1
FF	299	Picture	33	2845339	0	2	3154	3	0	3000
FF	299	Response	1	2846212	873	1
FF	300	Picture	22	2854468	0	1	3153	2	0	3000
FF	300	Response	1	2859098	4630	1
FF	301	Picture	22	2863098	0	1	3153	3	0	3000
FF	301	Response	1	2864094	996	1
FF	302	Picture	22	2874052	0	1	3154	2	0	3000
FF	302	Response	1	2875803	1751	1
FF	303	Picture	22	2882848	0	2	3154	3	0	3000
FF	303	Response	1	2886472	3624	2
FF	304	Picture	22	2893139	0	1	3153	2	0	3000
FF	304	Response	1	2895989	2850	1
FF	305	Picture	33	2902765	0	1	3153	2	0	3000


Event Type	Code	Type	Response	RT	RT Uncertainty	Time	Uncertainty	Duration	Uncertainty	ReqTime	ReqDur

Picture	22	hit	1	4372	3	289	2	3154	3	0	3000
Picture	22	hit	1	5565	3	10745	2	3154	3	0	3000
Picture	22	hit	1	4932	4	21699	2	3154	3	0	3000
Picture	33	miss				31990	1	3153	2	0	3000
Picture	22	hit	1	3599	2	42944	1	3153	3	0	3000
Picture	22	hit	1	3315	3	52570	1	3153	2	0	3000
Picture	22	hit	1	3277	3	63192	1	3153	2	0	3000
Picture	22	hit	1	3801	2	72486	1	3154	2	0	3000
Picture	22	hit	1	3407	3	82278	2	3154	3	0	3000
Picture	22	hit	1	2696	2	91739	1	3153	2	0	3000
Picture	22	hit	1	3156	3	101863	1	3153	2	0	3000
Picture	33	miss				110659	1	3154	2	0	3000
Picture	22	hit	1	2639	2	119456	1	3153	2	0	3000
Picture	22	hit	1	2401	2	129912	1	3153	2	0	3000
Picture	22	hit	1	3387	2	138376	1	3153	3	0	3000
Picture	33	hit	1	2060	3	148832	1	3154	2	0	3000
Picture	22	hit	1	2892	2	159786	1	3154	2	0	3000
Picture	22	hit	1	4315	2	168085	1	3153	2	0	3000
Picture	22	hit	1	3684	2	176549	1	3153	3	0	3000
Picture	22	hit	1	3384	2	185180	1	3153	2	0	3000
Picture	22	hit	1	4672	2	194972	1	3153	2	0	3000
Picture	22	hit	1	5346	2	204930	1	3153	2	0	3000
Picture	22	hit	1	4517	3	213560	2	3154	3	0	3000
Picture	33	miss				222523	1	3153	2	0	3000
Picture	22	hit	1	2801	2	232647	1	3153	2	0	3000
Picture	22	hit	1	2212	3	242273	1	3153	3	0	3000
Picture	22	hit	1	1744	4	251899	2	3154	3	0	3000
Picture	22	hit	1	2127	3	261359	2	3154	3	0	3000
Picture	22	hit	1	2927	3	269658	1	3153	3	0	3000
Picture	22	hit	1	2864	4	279118	2	3154	3	0	3000
Picture	22	hit	1	3242	3	288081	1	3153	2	0	3000
Picture	33	miss				298205	1	3153	2	0	3000
Picture	22	hit	1	2809	2	308163	1	3153	2	0	3000
Picture	22	hit	1	3130	3	317623	1	3154	2	0	3000
Picture	22	hit	1	459	3	328245	2	3154	3	0	3000
Picture	33	hit	1	2114	3	336875	2	3154	3	0	3000
Picture	22	hit	1	3404	3	346336	1	3153	2	0	3000
Picture	22	hit	1	2985	3	354468	2	3154	3	0	3000
Picture	22	hit	1	4175	3	364095	1	3153	2	0	3000
Picture	22	hit	1	2473	2	374219	1	3153	2	0	3000
Picture	22	hit	1	5763	2	383015	1	3154	2	0	3000
Picture	33	miss				393305	2	3154	3	0	3000
Picture	22	hit	1	2372	3	402600	1	3153	2	0	3000
Picture	22	hit	1	2535	2	411064	1	3153	3	0	3000
Picture	22	hit	1	2337	3	420690	2	3154	3	0	3000
Picture	22	hit	1	4019	2	428823	1	3153	2	0	3000
Picture	22	hit	1	3351	2	438947	1	3153	3	0	3000
Picture	22	hit	1	3212	2	449071	1	3153	3	0	3000
Picture	22	hit	1	3089	2	459859	1	3154	2	0	3000
Picture	33	miss				467992	1	3153	2	0	3000
Picture	22	hit	1	3778	3	476124	1	3154	2	0	3000
Picture	22	hit	1	2818	4	486248	2	3154	3	0	3000
Picture	22	hit	1	2339	2	495709	1	3153	2	0	3000
Picture	33	hit	1	2594	2	503841	1	3153	3	0	3000
Picture	22	hit	1	3198	3	513965	2	3154	3	0	3000
Picture	22	hit	1	5804	2	524919	1	3154	2	0	3000
Picture	22	hit	1	2469	2	535375	1	3154	2	0	3000
Picture	33	miss				543840	1	3153	2	0	3000
Picture	22	hit	1	2867	2	553466	1	3153	2	0	3000
Picture	22	hit	1	2421	3	562096	2	3154	3	0	3000
Picture	22	hit	1	2151	2	570229	1	3153	2	0	3000
Picture	33	miss				581017	1	3153	2	0	3000
Picture	22	hit	1	2095	2	590643	1	3154	2	0	3000
Picture	22	hit	1	1592	3	600103	2	3154	3	0	3000
Picture	22	hit	1	4008	2	609896	1	3153	2	0	3000
Picture	22	hit	1	3452	2	618194	1	3153	3	0	3000
Picture	22	hit	1	2382	2	629314	1	3153	3	0	3000
Picture	33	miss				638276	2	3154	3	0	3000
Picture	22	hit	1	2375	2	646575	1	3153	2	0	3000
Picture	33	miss				656699	1	3153	3	0	3000
Picture	22	miss				667155	1	3154	2	0	3000
Picture	22	hit	1	3282	4	676283	2	3154	3	0	3000
Picture	22	hit	1	2943	3	686905	2	3154	3	0	3000
Picture	22	hit	1	2538	3	696532	1	3153	2	0	3000
Picture	22	hit	1	5736	2	707486	1	3153	2	0	3000
Picture	33	miss				716116	1	3154	2	0	3000
Picture	22	hit	1	3012	3	726572	1	3154	2	0	3000
Picture	22	hit	1	2494	4	735700	2	3153	6	0	3000
Picture	22	hit	1	2041	3	745493	1	3153	2	0	3000
Picture	22	hit	1	3191	2	756281	1	3153	2	0	3000
Picture	22	hit	1	2642	2	767235	1	3153	2	0	3000
Picture	33	hit	1	2839	2	778023	1	3153	2	0	3000
Picture	22	hit	1	6021	2	788977	1	3153	2	0	3000
Picture	22	hit	1	5213	2	797441	1	3154	2	0	3000
Picture	22	hit	1	7580	3	807897	2	3154	3	0	3000
Picture	33	miss				818519	2	3154	3	0	3000
Picture	22	hit	1	1912	3	828477	2	3154	3	0	3000
Picture	22	hit	1	2862	2	838934	1	3153	2	0	3000
Picture	22	hit	1	3298	2	848394	1	3153	2	0	3000
Picture	22	hit	1	3992	3	856858	2	3154	3	0	3000
Picture	22	hit	1	2417	4	866484	2	3154	3	0	3000
Picture	33	miss				875447	1	3153	2	0	3000
Picture	22	hit	1	483	2	885737	1	3153	2	0	3000
Picture	22	hit	1	2333	2	895529	1	3154	2	0	3000
Picture	22	hit	1	3090	4	905321	2	3154	3	0	3000
Picture	33	hit	1	3268	2	914450	1	3153	2	0	3000
Picture	22	hit	1	3981	2	924408	1	3153	2	0	3000
Picture	22	hit	1	4818	2	935362	1	3153	2	0	3000
Picture	22	hit	1	4346	2	945818	1	3153	2	0	3000
Picture	33	miss				956606	1	3153	3	0	3000
Picture	22	hit	1	2518	2	967062	1	3153	3	0	3000
Picture	22	hit	1	2632	3	978182	1	3151	5	0	3000
Picture	22	hit	1	2307	2	988970	1	3153	3	0	3000
Picture	22	hit	1	3215	3	997434	2	3154	3	0	3000
Picture	22	hit	1	2404	2	1006231	1	3153	2	0	3000
Picture	22	hit	1	2529	2	1015359	1	3154	2	0	3000
Picture	22	hit	1	2780	3	1025483	2	3154	3	0	3000
Picture	33	miss				1035275	2	3154	3	0	3000
Picture	22	hit	1	3026	3	1044238	1	3153	2	0	3000
Picture	22	hit	1	2011	3	1054362	1	3151	6	0	3000
Picture	22	hit	1	1776	3	1062992	2	3154	3	0	3000
Picture	22	hit	1	3108	5	1072453	4	3153	5	0	3000
Picture	22	hit	1	1580	2	1080751	1	3154	2	0	3000
Picture	33	miss				1089375	12	3158	16	0	3000
Picture	22	hit	1	2322	2	1099506	1	3153	2	0	3000
Picture	22	hit	1	424	2	1109298	1	3153	2	0	3000
Picture	22	miss				1118260	1	3154	2	0	3000
Picture	33	hit	1	63	2	1128053	1	3153	2	0	3000
Picture	22	hit	1	2671	2	1137347	1	3153	2	0	3000
Picture	22	hit	1	2151	2	1147969	1	3153	2	0	3000
Picture	22	hit	1	2540	2	1157927	1	3153	3	0	3000
Picture	22	hit	1	2517	3	1167055	2	3154	3	0	3000
Picture	22	hit	1	3962	2	1175686	1	3153	2	0	3000
Picture	33	miss				1185312	1	3153	3	0	3000
Picture	22	hit	1	2018	3	1194938	2	3154	3	0	3000
Picture	22	hit	1	3260	3	1203237	1	3153	2	0	3000
Picture	22	miss				1213195	1	3153	2	0	3000
Picture	22	hit	1	2683	3	1221991	2	3154	3	0	3000
Picture	22	hit	1	2900	5	1232613	4	3154	5	0	3000
Picture	33	miss				1242571	2	3154	3	0	3000
Picture	22	hit	1	2889	2	1251202	1	3153	2	0	3000
Picture	22	hit	1	2408	3	1261492	1	3153	3	0	3000
Picture	22	hit	1	3650	3	1270122	2	3154	3	0	3000
Picture	22	hit	1	4198	2	1278587	1	3153	2	0	3000
Picture	22	hit	1	4054	3	1286885	2	3154	3	0	3000
Picture	22	hit	1	8399	20	1295337	19	3166	20	0	3000
Picture	22	hit	1	4772	2	1305972	1	3153	2	0	3000
Picture	33	miss				1314933	4	3155	5	0	3000
Picture	22	hit	1	2168	4	1325058	2	3154	3	0	3000
Picture	33	miss				1336012	2	3154	3	0	3000
Picture	22	hit	1	9010	2	1344311	1	3153	2	0	3000
Picture	22	miss				1354269	1	3153	3	0	3000
Picture	22	hit	1	320	3	1362401	2	3154	3	0	3000
Picture	22	hit	1	3725	2	1370700	1	3153	3	0	3000
Picture	22	hit	1	4683	4	1379496	2	3154	3	0	3000
Picture	33	miss				1390616	2	3154	3	0	3000
Picture	22	hit	1	3432	2	1399247	1	3153	2	0	3000
Picture	22	hit	1	2254	2	1408707	1	3153	3	0	3000
Picture	22	hit	1	2574	3	1417171	2	3154	3	0	3000
Picture	22	hit	1	2742	2	1426134	1	3153	2	0	3000
Picture	22	hit	1	2852	2	1436756	1	3153	2	0	3000
Picture	33	miss				1445718	1	3154	2	0	3000
Picture	22	hit	1	3218	3	1455178	2	3154	3	0	3000
Picture	22	hit	1	478	2	1465635	1	3153	2	0	3000
Picture	22	hit	1	561	2	1474929	1	3153	2	0	3000
Picture	33	hit	1	1026	4	1483559	2	3154	3	0	3000
Picture	22	hit	1	3251	3	1494015	2	3154	3	0	3000
Picture	22	hit	1	2879	3	1502812	1	3153	3	0	3000
Picture	22	hit	1	2512	2	1512106	1	3153	3	0	3000
Picture	22	hit	1	2475	3	1522230	1	3154	2	0	3000
Picture	22	hit	1	2288	2	1532852	1	3154	2	0	3000
Picture	33	miss				1540985	1	3153	2	0	3000
Picture	22	hit	1	2312	2	1549615	1	3154	2	0	3000
Picture	22	hit	1	2192	3	1559075	2	3154	3	0	3000
Picture	22	hit	1	2352	4	1570029	2	3154	3	0	3000
Picture	33	hit	1	2595	5	1579653	4	3156	5	0	3000
Picture	22	hit	1	3683	3	1589614	1	3153	2	0	3000
Picture	22	hit	1	2838	2	1598410	1	3154	2	0	3000
Picture	22	hit	1	2597	2	1607041	1	3153	2	0	3000
Picture	22	hit	1	5999	3	1615339	1	3154	2	0	3000
Picture	22	hit	1	4266	3	1625463	2	3154	3	0	3000
Picture	22	hit	1	4134	2	1633596	1	3153	2	0	3000
Picture	22	hit	1	5101	2	1642558	1	3154	2	0	3000
Picture	33	miss				1651852	2	3154	3	0	3000
Picture	22	hit	1	5057	3	1661479	1	3153	2	0	3000
Picture	22	hit	1	2049	2	1671105	1	3153	2	0	3000
Picture	22	hit	1	2189	3	1679569	2	3154	3	0	3000
Picture	22	hit	1	4744	2	1688864	1	3153	2	0	3000
Picture	22	hit	1	2978	3	1698988	1	3153	2	0	3000
Picture	33	miss				1708946	1	3153	2	0	3000
Picture	22	hit	1	4747	2	1718572	1	3154	2	0	3000
Picture	22	hit	1	2908	3	1726705	1	3153	2	0	3000
Picture	22	hit	1	3162	3	1737327	1	3153	2	0	3000
Picture	33	hit	1	132	3	1747949	1	3153	2	0	3000
Picture	22	hit	1	1275	3	1757243	1	3153	3	0	3000
Picture	33	miss				1768031	1	3153	3	0	3000
Picture	22	hit	1	3955	3	1776993	2	3154	3	0	3000
Picture	22	hit	1	2437	3	1787283	2	3154	3	0	3000
Picture	22	hit	1	2843	5	1797573	4	3154	5	0	3000
Picture	22	hit	1	3214	2	1807034	1	3153	3	0	3000
Picture	22	hit	1	3259	3	1815498	2	3154	3	0	3000
Picture	33	miss				1824461	1	3153	2	0	3000
Picture	22	hit	1	796	2	1834917	1	3153	2	0	3000
Picture	22	hit	1	971	2	1845207	1	3153	2	0	3000
Picture	22	hit	1	1241	2	1855663	1	3153	3	0	3000
Picture	33	miss				1866285	2	3153	4	0	3000
Picture	22	hit	1	871	3	1875745	2	3154	3	0	3000
Picture	22	hit	1	2712	3	1886699	2	3154	3	0	3000
Picture	22	hit	1	1064	3	1897155	2	3154	3	0	3000
Picture	22	hit	1	2637	3	1906782	1	3153	2	0	3000
Picture	22	hit	1	3087	3	1915910	1	3153	2	0	3000
Picture	33	miss				1924872	2	3154	3	0	3000
Picture	22	hit	1	2351	2	1934499	1	3153	2	0	3000
Picture	22	hit	1	914	3	1945452	2	3154	3	0	3000
Picture	22	hit	1	3648	2	1954747	1	3153	2	0	3000
Picture	22	hit	1	5104	2	1963543	1	3154	2	0	3000
Picture	22	hit	1	4504	3	1974165	2	3154	3	0	3000
Picture	33	miss				1984621	2	3154	3	0	3000
Picture	22	hit	1	5260	2	1993916	1	3153	2	0	3000
Picture	33	miss				2002546	1	3153	3	0	3000
Picture	22	hit	1	5078	3	2011674	2	3153	4	0	3000
Picture	22	hit	1	3033	3	2020637	1	3153	2	0	3000
Picture	22	hit	1	1879	2	2030927	1	3153	2	0	3000
Picture	22	hit	1	2689	3	2039723	2	3154	3	0	3000
Picture	22	hit	1	2649	4	2049515	2	3154	3	0	3000
Picture	22	hit	1	3071	3	2060469	2	3154	3	0	3000
Picture	22	hit	1	2635	3	2071423	2	3154	3	0	3000
Picture	33	miss				2080054	1	3153	2	0	3000
Picture	22	hit	1	4294	2	2088850	1	3154	2	0	3000
Picture	22	hit	1	2124	3	2098144	2	3154	3	0	3000
Picture	22	hit	1	390	2	2108269	1	3153	2	0	3000
Picture	22	hit	1	9863	3	2119223	1	3153	2	0	3000
Picture	22	miss				2129845	1	3153	2	0	3000
Picture	22	hit	1	3272	2	2138973	1	3153	3	0	3000
Picture	22	hit	1	116	3	2147935	2	3154	3	0	3000
Picture	33	miss				2156732	1	3153	3	0	3000
Picture	22	hit	1	2932	3	2167686	1	3153	2	0	3000
Picture	22	hit	1	3010	2	2176980	1	3153	5	0	3000
Picture	22	hit	1	2788	4	2185776	2	3154	3	0	3000
Picture	22	hit	1	4297	2	2194739	1	3153	2	0	3000
Picture	22	hit	1	2714	4	2204365	2	3153	4	0	3000
Picture	33	hit	1	8722	3	2213991	2	3154	3	0	3000
Picture	22	miss				2223451	2	3154	3	0	3000
Picture	22	hit	1	2168	2	2232082	1	3153	2	0	3000
Picture	22	hit	1	2986	3	2240546	2	3154	3	0	3000
Picture	22	hit	1	2911	4	2251500	2	3154	3	0	3000
Picture	22	hit	1	1771	2	2261127	1	3153	2	0	3000
Picture	33	hit	1	1711	2	2269259	1	3154	2	0	3000
Picture	22	miss				2279051	2	3154	3	0	3000
Picture	22	hit	1	2688	2	2287848	1	3153	2	0	3000
Picture	22	hit	1	527	2	2298138	1	3153	2	0	3000
Picture	22	hit	1	3078	3	2308760	1	3153	2	0	3000
Picture	22	hit	1	3379	2	2317888	1	3154	2	0	3000
Picture	33	hit	1	2122	2	2326685	1	3153	2	0	3000
Picture	22	hit	1	4008	3	2337473	1	3153	2	0	3000
Picture	22	hit	1	2161	2	2345771	1	3153	3	0	3000
Picture	22	hit	1	3439	3	2354401	2	3154	3	0	3000
Picture	22	hit	1	3942	2	2364692	1	3153	2	0	3000
Picture	22	hit	1	4133	3	2374484	1	3153	2	0	3000
Picture	33	miss				2383446	1	3154	2	0	3000
Picture	22	hit	1	5051	3	2392740	2	3153	6	0	3000
Picture	22	hit	1	3714	3	2403362	2	3154	3	0	3000
Picture	22	hit	1	3866	3	2414151	1	3153	2	0	3000
Picture	22	hit	1	5271	2	2422947	1	3153	2	0	3000
Picture	22	hit	1	6841	2	2432905	1	3153	3	0	3000
Picture	22	hit	1	7454	3	2441867	2	3154	3	0	3000
Picture	22	hit	1	7543	3	2452655	2	3154	3	0	3000
Picture	33	miss				2461950	1	3153	2	0	3000
Picture	22	hit	1	4086	2	2470414	1	3154	2	0	3000
Picture	22	hit	1	1746	3	2480704	2	3154	3	0	3000
Picture	22	miss				2491492	2	3154	3	0	3000
Picture	33	hit	1	530	2	2499791	1	3153	2	0	3000
Picture	22	hit	1	4072	2	2510579	1	3153	2	0	3000
Picture	22	hit	1	2278	4	2518877	2	3154	3	0	3000
Picture	22	hit	1	2223	3	2529333	2	3154	3	0	3000
Picture	22	hit	1	1523	3	2538628	1	3153	2	0	3000
Picture	22	hit	1	438	2	2548586	1	3153	2	0	3000
Picture	33	hit	1	1205	4	2557050	2	3154	3	0	3000
Picture	22	hit	1	4575	2	2566511	1	3153	2	0	3000
Picture	22	hit	1	3960	2	2577465	1	3153	2	0	3000
Picture	22	hit	1	3432	3	2586593	1	3153	2	0	3000
Picture	22	hit	1	4805	3	2597547	1	3153	2	0	3000
Picture	22	hit	1	5086	2	2607671	1	3153	3	0	3000
Picture	33	miss				2616633	2	3154	3	0	3000
Picture	22	hit	1	2255	6	2627253	4	3156	5	0	3000
Picture	33	hit	1	2481	3	2637546	1	3153	2	0	3000
Picture	22	hit	1	6467	2	2646342	1	3151	5	0	3000
Picture	22	hit	1	7032	3	2654640	2	3154	3	0	3000
Picture	22	hit	1	2837	3	2663769	1	3153	2	0	3000
Picture	22	hit	1	3248	3	2673229	1	3153	3	0	3000
Picture	22	hit	1	3536	2	2683021	1	3154	2	0	3000
Picture	33	miss				2692647	2	3154	3	0	3000
Picture	22	hit	1	2099	2	2701942	1	3151	5	0	3000
Picture	22	hit	1	2021	3	2710738	1	3153	3	0	3000
Picture	22	hit	1	2601	2	2719203	1	3153	2	0	3000
Picture	33	miss				2727833	1	3153	3	0	3000
Picture	22	hit	1	2456	3	2737957	1	3153	3	0	3000
Picture	22	hit	1	2697	3	2747583	2	3154	3	0	3000
Picture	22	hit	1	2147	3	2758537	2	3154	3	0	3000
Picture	22	hit	1	3256	2	2767832	1	3153	2	0	3000
Picture	22	hit	1	4585	3	2776462	1	3153	3	0	3000
Picture	22	hit	1	4092	3	2785590	2	3154	3	0	3000
Picture	22	hit	1	3924	2	2795715	1	3153	2	0	3000
Picture	33	miss				2804511	1	3153	2	0	3000
Picture	22	hit	1	2049	2	2815465	1	3153	2	0	3000
Picture	22	hit	1	2416	3	2825589	1	3153	3	0	3000
Picture	22	hit	1	2588	3	2834551	2	3154	3	0	3000
Picture	33	hit	1	873	3	2845339	2	3154	3	0	3000
Picture	22	hit	1	4630	2	2854468	1	3153	2	0	3000
Picture	22	hit	1	996	2	2863098	1	3153	3	0	3000
Picture	22	hit	1	1751	2	2874052	1	3154	2	0	3000
Picture	22	hit	1	3624	4	2882848	2	3154	3	0	3000
Picture	22	hit	1	2850	2	2893139	1	3153	2	0	3000
Picture	33	miss				2902765	1	3153	2	0	3000
