Scenario - GO/NO-GO
Logfile written - 05/09/2011 15:49:48

Subject	Trial	Event Type	Code	Time	TTime	Uncertainty	Duration	Uncertainty	ReqTime	ReqDur

FF	2	Picture	22	289	0	2	3154	3	0	3000
FF	2	Response	1	7410	7121	1
FF	3	Picture	22	35143	0	1	3153	3	0	3000
FF	3	Response	1	40073	4930	2
FF	4	Picture	22	69001	0	1	3153	2	0	3000
FF	4	Response	1	72590	3589	2
FF	5	Picture	22	105514	0	4	3154	5	0	3000
FF	5	Response	1	108448	2934	1
FF	6	Picture	22	140368	0	1	3153	2	0	3000
FF	6	Response	1	143856	3488	2
FF	7	Picture	33	175885	0	1	3154	2	0	3000
FF	8	Picture	22	210573	0	1	3153	2	0	3000
FF	8	Response	1	213929	3356	2
FF	9	Picture	22	239286	0	1	3153	2	0	3000
FF	9	Response	1	244056	4770	2
FF	10	Picture	22	274471	0	1	3154	2	0	3000
FF	10	Response	1	277158	2687	1
FF	11	Picture	22	305175	0	2	3154	3	0	3000
FF	11	Response	1	308814	3639	2
FF	12	Picture	22	339697	0	1	3154	2	0	3000
FF	12	Response	1	343543	3846	1
FF	13	Picture	22	372061	0	1	3154	2	0	3000
FF	13	Response	1	375376	3315	1
FF	14	Picture	22	400774	0	1	3153	3	0	3000
FF	14	Response	1	404142	3368	2
FF	15	Picture	33	432308	0	1	3154	2	0	3000
FF	16	Picture	22	462349	0	1	3153	2	0	3000
FF	16	Response	1	464759	2410	2
FF	17	Picture	33	495376	0	2	3154	3	0	3000
FF	17	Response	1	498756	3380	1
FF	18	Picture	22	532720	0	1	3153	2	0	3000
FF	18	Response	1	536661	3941	2
FF	19	Picture	22	566743	0	2	3154	3	0	3000
FF	19	Response	1	570422	3679	1
FF	20	Picture	22	595290	0	1	3154	2	0	3000
FF	20	Response	1	599069	3779	1
FF	21	Picture	33	625829	0	1	3153	2	0	3000
FF	22	Picture	22	662176	0	1	3153	3	0	3000
FF	22	Response	1	666272	4096	1
FF	23	Picture	22	700183	0	1	3153	2	0	3000
FF	23	Response	1	705033	4850	1
FF	24	Picture	22	730223	0	2	3154	3	0	3000
FF	24	Response	1	735392	5169	1
FF	25	Picture	33	761094	0	1	3153	2	0	3000
FF	26	Picture	22	798603	0	1	3151	5	0	3000
FF	26	Response	1	802573	3970	2
FF	27	Picture	22	826818	0	1	3153	2	0	3000
FF	27	Response	1	831548	4730	2
FF	28	Picture	22	855364	0	2	3154	3	0	3000
FF	28	Response	1	860159	4795	1
FF	29	Picture	33	892708	0	1	3153	2	0	3000
FF	30	Picture	22	922084	0	2	3154	3	0	3000
FF	30	Response	1	925416	3332	1
FF	31	Picture	22	958597	0	2	3154	3	0	3000
FF	31	Response	1	962191	3594	1
FF	32	Picture	22	989966	0	1	3153	2	0	3000
FF	32	Response	1	993968	4002	1
FF	33	Picture	22	1019508	0	2	3154	3	0	3000
FF	33	Response	1	1023356	3848	1
FF	34	Picture	22	1051706	0	2	3154	3	0	3000
FF	34	Response	1	1056585	4879	1
FF	35	Picture	22	1085564	0	2	3154	3	0	3000
FF	35	Response	1	1089128	3564	1
FF	36	Picture	22	1116932	0	2	3154	3	0	3000
FF	36	Response	1	1120762	3830	1
FF	37	Picture	33	1156267	0	2	3154	3	0	3000
FF	38	Picture	22	1187138	0	1	3153	2	0	3000
FF	38	Response	1	1192107	4969	2
FF	39	Picture	22	1216846	0	1	3154	2	0	3000
FF	39	Response	1	1221022	4176	2
FF	40	Picture	22	1250870	0	1	3153	2	0	3000
FF	40	Response	1	1254452	3582	1
FF	41	Picture	22	1290703	0	1	3153	2	0	3000
FF	41	Response	1	1294679	3976	2
FF	42	Picture	22	1330535	0	2	3154	3	0	3000
FF	42	Response	1	1333877	3342	1
FF	43	Picture	33	1362567	0	2	3154	3	0	3000
FF	44	Picture	22	1397255	0	1	3153	3	0	3000
FF	44	Response	1	1400609	3354	1
FF	45	Picture	22	1435262	0	1	3153	3	0	3000
FF	45	Response	1	1439837	4575	1
FF	46	Picture	22	1469452	0	1	3153	2	0	3000
FF	46	Response	1	1473883	4431	1
FF	47	Picture	22	1499658	0	1	3154	2	0	3000
FF	47	Response	1	1504071	4413	2
FF	48	Picture	22	1530860	0	2	3154	3	0	3000
FF	48	Response	1	1535195	4335	1
FF	49	Picture	33	1570527	0	1	3154	2	0	3000
FF	50	Picture	22	1602393	0	2	3154	3	0	3000
FF	50	Response	1	1610438	8045	1
FF	51	Picture	22	1632434	0	1	3153	2	0	3000
FF	51	Response	1	1636596	4162	1
FF	52	Picture	22	1664466	0	1	3153	3	0	3000
FF	52	Response	1	1673277	8811	1
FF	53	Picture	33	1695004	0	2	3154	3	0	3000
FF	54	Picture	22	1729360	0	1	3153	3	0	3000
FF	54	Response	1	1732584	3224	1
FF	55	Picture	22	1765873	0	2	3154	3	0	3000
FF	55	Response	1	1771247	5374	1
FF	56	Picture	22	1802553	0	1	3153	2	0	3000
FF	56	Response	1	1806302	3749	1
FF	57	Picture	22	1835746	0	2	3154	3	0	3000
FF	57	Response	1	1840766	5020	1
FF	58	Picture	22	1874915	0	2	3154	3	0	3000
FF	58	Response	1	1879010	4095	1
FF	59	Picture	33	1907279	0	2	3154	3	0	3000
FF	60	Picture	22	1939477	0	2	3154	3	0	3000
FF	60	Response	1	1943374	3897	2
FF	61	Picture	22	1978480	0	2	3154	3	0	3000
FF	61	Response	1	1982509	4029	1
FF	62	Picture	22	2016819	0	2	3154	3	0	3000
FF	62	Response	1	2020661	3842	1
FF	63	Picture	22	2055158	0	2	3154	3	0	3000
FF	63	Response	1	2058877	3719	1
FF	64	Picture	22	2091340	0	1	3153	2	0	3000
FF	64	Response	1	2095348	4008	2
FF	65	Picture	33	2130508	0	2	3154	3	0	3000
FF	66	Picture	22	2163038	0	2	3154	3	0	3000
FF	66	Response	1	2166389	3351	2
FF	67	Picture	22	2200050	0	1	3153	2	0	3000
FF	67	Response	1	2203542	3492	1
FF	68	Picture	22	2234571	0	2	3154	3	0	3000
FF	68	Response	1	2238244	3673	1
FF	69	Picture	22	2273408	0	1	3154	2	0	3000
FF	69	Response	1	2276785	3377	1
FF	70	Picture	22	2302785	0	1	3153	2	0	3000
FF	70	Response	1	2306431	3646	1
FF	71	Picture	22	2342783	0	2	3154	3	0	3000
FF	71	Response	1	2346064	3281	2
FF	72	Picture	22	2378135	0	1	3153	3	0	3000
FF	72	Response	1	2382896	4761	1
FF	73	Picture	33	2416474	0	1	3153	3	0	3000
FF	74	Picture	22	2447510	0	2	3154	3	0	3000
FF	74	Response	1	2450569	3059	2
FF	75	Picture	22	2481036	0	1	3153	3	0	3000
FF	75	Response	1	2485773	4737	1
FF	76	Picture	22	2510579	0	1	3153	2	0	3000
FF	76	Response	1	2515097	4518	1
FF	77	Picture	22	2540121	0	2	3153	6	0	3000
FF	77	Response	1	2543912	3791	1
FF	78	Picture	22	2574975	0	1	3153	2	0	3000
FF	78	Response	1	2578989	4014	2
FF	79	Picture	33	2607834	0	4	3156	5	0	3000
FF	80	Picture	22	2640533	0	1	3153	2	0	3000
FF	80	Response	1	2643176	2643	1
FF	81	Picture	22	2679868	0	1	3153	2	0	3000
FF	81	Response	1	2683548	3680	1
FF	82	Picture	22	2709078	0	2	3154	3	0	3000
FF	82	Response	1	2712360	3282	1
FF	83	Picture	22	2737791	0	1	3153	3	0	3000
FF	83	Response	1	2741297	3506	1
FF	84	Picture	22	2773308	0	2	3154	3	0	3000
FF	84	Response	1	2776641	3333	2
FF	85	Picture	22	2803847	0	1	3153	2	0	3000
FF	85	Response	1	2807086	3239	1
FF	86	Picture	22	2836377	0	1	3153	2	0	3000
FF	86	Response	1	2841577	5200	2
FF	87	Picture	33	2866749	0	2	3154	3	0	3000
FF	88	Picture	22	2896458	0	1	3153	2	0	3000
FF	88	Response	1	2900971	4513	1
FF	89	Picture	33	2926166	0	2	3154	3	0	3000
FF	89	Response	1	2930319	4153	1
FF	90	Picture	22	2960522	0	1	3153	3	0	3000
FF	90	Response	1	2963682	3160	2
FF	91	Picture	22	2997865	0	2	3154	3	0	3000
FF	91	Response	1	3000091	2226	2
FF	92	Picture	22	3036702	0	1	3153	3	0	3000
FF	92	Response	1	3041639	4937	3
FF	93	Picture	22	3066079	0	1	3153	2	0	3000
FF	93	Response	1	3071577	5498	1
FF	94	Picture	22	3095123	0	2	3154	3	0	3000
FF	94	Response	1	3098823	3700	1
FF	95	Picture	22	3133130	0	2	3154	3	0	3000
FF	95	Response	1	3138450	5320	2
FF	96	Picture	22	3163503	0	1	3153	2	0	3000
FF	96	Response	1	3167837	4334	2
FF	97	Picture	33	3192548	0	1	3153	2	0	3000
FF	98	Picture	22	3228065	0	1	3153	3	0	3000
FF	98	Response	1	3230918	2853	1
FF	99	Picture	22	3256446	0	1	3153	2	0	3000
FF	99	Response	1	3260713	4267	1
FF	100	Picture	22	3285988	0	2	3154	3	0	3000
FF	100	Response	1	3289206	3218	2
FF	101	Picture	22	3314701	0	1	3153	3	0	3000
FF	101	Response	1	3317878	3177	1
FF	102	Picture	22	3342916	0	1	3153	2	0	3000
FF	102	Response	1	3346849	3933	1
FF	103	Picture	33	3381255	0	1	3153	2	0	3000
FF	104	Picture	22	3420424	0	1	3153	2	0	3000
FF	104	Response	1	3423321	2897	1
FF	105	Picture	22	3457601	0	1	3153	2	0	3000
FF	105	Response	1	3460861	3260	1
FF	106	Picture	22	3491127	0	1	3153	2	0	3000
FF	106	Response	1	3494797	3670	2
FF	107	Picture	22	3525814	0	2	3154	3	0	3000
FF	107	Response	1	3528576	2762	1
FF	108	Picture	22	3561830	0	1	3153	2	0	3000
FF	108	Response	1	3565074	3244	2
FF	109	Picture	22	3592866	0	1	3153	3	0	3000
FF	109	Response	1	3596616	3750	1
FF	110	Picture	22	3627222	0	1	3153	2	0	3000
FF	110	Response	1	3630629	3407	1
FF	111	Picture	33	3657760	0	1	3154	2	0	3000
FF	112	Picture	22	3693775	0	2	3154	3	0	3000
FF	112	Response	1	3696878	3103	2
FF	113	Picture	33	3723484	0	1	3153	3	0	3000
FF	113	Response	1	3726976	3492	2
FF	114	Picture	22	3760661	0	2	3154	3	0	3000
FF	114	Response	1	3765860	5199	2
FF	115	Picture	22	3799332	0	1	3154	2	0	3000
FF	115	Response	1	3802447	3115	2
FF	116	Picture	22	3833688	0	1	3153	2	0	3000
FF	116	Response	1	3838272	4584	2
FF	117	Picture	22	3873520	0	2	3154	3	0	3000
FF	117	Response	1	3877680	4160	1
FF	118	Picture	22	3908208	0	1	3154	2	0	3000
FF	118	Response	1	3911348	3140	1
FF	119	Picture	22	3943394	0	1	3153	2	0	3000
FF	119	Response	1	3947907	4513	1
FF	120	Picture	22	3975094	0	1	3153	2	0	3000
FF	120	Response	1	3981180	6086	1
FF	121	Picture	33	4004139	0	1	3153	2	0	3000
FF	122	Picture	22	4036005	0	1	3153	2	0	3000
FF	122	Response	1	4040246	4241	2
FF	123	Picture	33	4073182	0	1	3153	2	0	3000
FF	124	Picture	22	4103886	0	2	3154	3	0	3000
FF	124	Response	1	4107734	3848	1
FF	125	Picture	22	4141893	0	2	3154	3	0	3000
FF	125	Response	1	4146511	4618	2
FF	126	Picture	22	4178407	0	1	3153	2	0	3000
FF	126	Response	1	4182651	4244	2
FF	127	Picture	22	4207783	0	1	3154	2	0	3000
FF	127	Response	1	4213627	5844	2
FF	128	Picture	22	4241143	0	1	3153	3	0	3000
FF	128	Response	1	4245576	4433	1
FF	129	Picture	33	4272511	0	2	3154	3	0	3000
FF	129	Response	1	4276515	4004	1
FF	130	Picture	22	4301224	0	1	3153	3	0	3000
FF	130	Response	1	4306975	5751	1
FF	131	Picture	22	4333588	0	1	3153	3	0	3000
FF	131	Response	1	4338924	5336	1
FF	132	Picture	22	4364954	0	4	3156	5	0	3000
FF	132	Response	1	4370605	5651	1
FF	133	Picture	22	4396491	0	1	3153	2	0	3000
FF	133	Response	1	4402345	5854	1
FF	134	Picture	22	4436323	0	2	3154	3	0	3000
FF	134	Response	1	4444162	7839	2
FF	135	Picture	33	4470679	0	1	3153	3	0	3000
FF	136	Picture	22	4498894	0	1	3153	2	0	3000
FF	136	Response	1	4503469	4575	1
FF	137	Picture	22	4538726	0	2	3154	3	0	3000
FF	137	Response	1	4544838	6112	1
FF	138	Picture	22	4575406	0	1	3153	2	0	3000
FF	138	Response	1	4581251	5845	1
FF	139	Picture	33	4607106	0	1	3153	2	0	3000
FF	140	Picture	22	4638308	0	1	3154	2	0	3000
FF	140	Response	1	4645430	7122	2
FF	141	Picture	33	4670672	0	2	3154	3	0	3000
FF	142	Picture	22	4709011	0	2	3154	3	0	3000
FF	142	Response	1	4712945	3934	1
FF	143	Picture	22	4743699	0	1	3153	2	0	3000
FF	143	Response	1	4748118	4419	1
FF	144	Picture	22	4776727	0	1	3153	2	0	3000
FF	144	Response	1	4781097	4370	1
FF	145	Picture	22	4807929	0	1	3153	3	0	3000
FF	145	Response	1	4813902	5973	2
FF	146	Picture	22	4837472	0	1	3152	4	0	3000
FF	146	Response	1	4842634	5162	1
FF	147	Picture	33	4877470	0	2	3154	3	0	3000
FF	148	Picture	22	4909502	0	2	3154	3	0	3000
FF	148	Response	1	4914700	5198	1
FF	149	Picture	22	4945684	0	1	3153	2	0	3000
FF	149	Response	1	4951580	5896	1
FF	150	Picture	22	4983027	0	1	3153	2	0	3000
FF	150	Response	1	4988032	5005	1
FF	151	Picture	22	5015889	0	1	3153	2	0	3000
FF	151	Response	1	5020578	4689	2
FF	152	Picture	22	5050079	0	1	3153	2	0	3000
FF	152	Response	1	5053679	3600	1
FF	153	Picture	22	5083770	0	2	3154	3	0	3000
FF	153	Response	1	5089325	5555	1
FF	154	Picture	22	5112649	0	1	3154	2	0	3000
FF	154	Response	1	5118498	5849	1
FF	155	Picture	33	5148167	0	1	3153	2	0	3000
FF	156	Response	1	5685440	506901	1
FF	158	Picture	22	5695700	0	1	3153	3	0	3000
FF	158	Response	1	5702596	6896	1
FF	159	Picture	22	5734703	0	1	3153	3	0	3000
FF	159	Response	1	5738557	3854	2
FF	160	Picture	22	5770552	0	2	3154	3	0	3000
FF	160	Response	1	5777178	6626	2
FF	161	Picture	22	5803248	0	2	3154	3	0	3000
FF	161	Response	1	5808530	5282	1
FF	162	Picture	22	5833123	0	1	3153	2	0	3000
FF	162	Response	1	5839297	6174	1
FF	163	Picture	33	5867810	0	2	3154	3	0	3000
FF	164	Picture	22	5904822	0	1	3153	2	0	3000
FF	164	Response	1	5911262	6440	1
FF	165	Picture	22	5934032	0	2	3154	3	0	3000
FF	165	Response	1	5942437	8405	2
FF	166	Picture	22	5973699	0	1	3154	2	0	3000
FF	166	Response	1	5980143	6444	1
FF	167	Picture	22	6003740	0	5	3153	6	0	3000
FF	167	Response	1	6009871	6131	1
FF	168	Picture	22	6033115	0	3	3155	4	0	3000
FF	168	Response	1	6040462	7347	1
FF	169	Picture	22	6067306	0	1	3153	2	0	3000
FF	169	Response	1	6075359	8053	1
FF	170	Picture	22	6096517	0	1	3153	2	0	3000
FF	170	Response	1	6104465	7948	1
FF	171	Picture	33	6126059	0	1	3153	3	0	3000
FF	172	Picture	22	6161079	0	1	3153	2	0	3000
FF	172	Response	1	6167574	6495	1
FF	173	Picture	22	6195766	0	2	3154	3	0	3000
FF	173	Response	1	6202417	6651	1
FF	174	Picture	22	6227633	0	1	3153	2	0	3000
FF	174	Response	1	6234034	6401	2
FF	175	Picture	22	6257839	0	1	3153	3	0	3000
FF	175	Response	1	6261812	3973	1
FF	176	Picture	22	6297506	0	1	3153	2	0	3000
FF	176	Response	1	6303591	6085	1
FF	177	Picture	22	6326052	0	2	3154	3	0	3000
FF	177	Response	1	6330302	4250	2
FF	178	Picture	22	6363562	0	1	3153	2	0	3000
FF	178	Response	1	6372406	8844	1
FF	179	Picture	33	6401901	0	1	3153	2	0	3000
FF	180	Picture	22	6436256	0	2	3154	3	0	3000
FF	180	Response	1	6441778	5522	1
FF	181	Picture	22	6466131	0	1	3153	2	0	3000
FF	181	Response	1	6473571	7440	2
FF	182	Picture	22	6505631	0	2	3154	3	0	3000
FF	182	Response	1	6511124	5493	2
FF	183	Picture	33	6543472	0	2	3154	3	0	3000
FF	184	Picture	22	6575671	0	1	3153	2	0	3000
FF	184	Response	1	6582391	6720	1
FF	185	Picture	33	6607869	0	1	3153	2	0	3000
FF	186	Picture	22	6640897	0	1	3153	2	0	3000
FF	186	Response	1	6645530	4633	1
FF	187	Picture	22	6669277	0	2	3154	3	0	3000
FF	187	Response	1	6673429	4152	1
FF	188	Picture	22	6705127	0	1	3153	2	0	3000
FF	188	Response	1	6709210	4083	1
FF	189	Picture	33	6737989	0	1	3153	2	0	3000
FF	190	Picture	22	6773672	0	2	3154	3	0	3000
FF	190	Response	1	6780146	6474	1
FF	191	Picture	22	6803215	0	1	3153	2	0	3000
FF	191	Response	1	6807448	4233	1
FF	192	Picture	22	6833255	0	2	3154	3	0	3000
FF	192	Response	1	6839212	5957	1
FF	193	Picture	22	6864790	0	1	3153	2	0	3000
FF	193	Response	1	6873662	8872	1
FF	194	Picture	22	6893336	0	2	3154	3	0	3000
FF	194	Response	1	6897598	4262	1
FF	195	Picture	33	6924871	0	1	3153	2	0	3000
FF	196	Picture	22	6958064	0	2	3154	3	0	3000
FF	196	Response	1	6964541	6477	2
FF	197	Picture	22	6996237	0	2	3154	3	0	3000
FF	197	Response	1	7000791	4554	2
FF	198	Picture	22	7029595	0	4	3156	5	0	3000
FF	198	Response	1	7033707	4112	1
FF	199	Picture	33	7059140	0	1	3153	2	0	3000
FF	200	Picture	22	7089844	0	2	3154	3	0	3000
FF	200	Response	1	7094122	4278	2
FF	201	Picture	22	7128349	0	1	3154	2	0	3000
FF	201	Response	1	7132681	4332	1
FF	202	Picture	22	7168348	0	1	3153	2	0	3000
FF	202	Response	1	7171949	3601	1
FF	203	Picture	22	7204529	0	1	3154	2	0	3000
FF	203	Response	1	7209239	4710	1
FF	204	Picture	22	7234570	0	1	3153	2	0	3000
FF	204	Response	1	7237784	3214	1
FF	205	Picture	33	7262951	0	1	3153	2	0	3000
FF	206	Picture	22	7301953	0	2	3154	3	0	3000
FF	206	Response	1	7307478	5525	3
FF	207	Picture	22	7338799	0	1	3153	2	0	3000
FF	207	Response	1	7347649	8850	1
FF	208	Picture	22	7375644	0	1	3153	2	0	3000
FF	208	Response	1	7379880	4236	1
FF	209	Picture	22	7405684	0	2	3154	3	0	3000
FF	209	Response	1	7411733	6049	1
FF	210	Picture	22	7439044	0	2	3154	3	0	3000
FF	210	Response	1	7444741	5697	1
FF	211	Picture	22	7476885	0	2	3154	3	0	3000
FF	211	Response	1	7482796	5911	1
FF	212	Picture	22	7508917	0	2	3154	3	0	3000
FF	212	Response	1	7513707	4790	1
FF	213	Picture	33	7541116	0	1	3153	2	0	3000
FF	213	Response	1	7545767	4651	2
FF	214	Picture	22	7573977	0	2	3154	3	0	3000
FF	214	Response	1	7580222	6245	1
FF	215	Picture	22	7611818	0	2	3154	3	0	3000
FF	215	Response	1	7616915	5097	1
FF	216	Picture	22	7643685	0	1	3153	2	0	3000
FF	216	Response	1	7650153	6468	1
FF	217	Picture	33	7676547	0	1	3153	2	0	3000
FF	218	Picture	22	7713724	0	1	3153	2	0	3000
FF	218	Response	1	7717891	4167	1
FF	219	Picture	22	7745590	0	1	3153	2	0	3000
FF	219	Response	1	7750839	5249	1
FF	220	Picture	22	7778286	0	1	3153	3	0	3000
FF	220	Response	1	7784315	6029	4
FF	221	Picture	22	7816625	0	1	3153	2	0	3000
FF	221	Response	1	7821777	5152	1
FF	222	Picture	22	7855794	0	1	3153	2	0	3000
FF	222	Response	1	7861519	5725	1
FF	223	Picture	33	7886830	0	1	3153	3	0	3000
FF	224	Picture	22	7922514	0	1	3153	2	0	3000
FF	224	Response	1	7926248	3734	2
FF	225	Picture	22	7952720	0	1	3153	3	0	3000
FF	225	Response	1	7959986	7266	1
FF	226	Picture	22	7990395	0	4	3153	6	0	3000
FF	226	Response	1	7997245	6850	1
FF	227	Picture	33	8025912	0	2	3154	3	0	3000
FF	228	Picture	22	8061928	0	1	3153	3	0	3000
FF	228	Response	1	8065524	3596	1
FF	229	Picture	22	8096118	0	1	3153	2	0	3000
FF	229	Response	1	8101695	5577	1
FF	230	Picture	22	8130141	0	2	3154	3	0	3000
FF	230	Response	1	8133735	3594	2
FF	231	Picture	22	8159684	0	1	3153	2	0	3000
FF	231	Response	1	8164060	4376	1
FF	232	Picture	22	8195699	0	2	3154	3	0	3000
FF	232	Response	1	8201295	5596	1
FF	233	Picture	22	8227731	0	2	3154	3	0	3000
FF	233	Response	1	8232918	5187	1
FF	234	Picture	22	8257108	0	1	3154	2	0	3000
FF	234	Response	1	8263386	6278	1
FF	235	Picture	33	8289472	0	1	3154	2	0	3000
FF	236	Picture	22	8317521	0	1	3153	3	0	3000
FF	236	Response	1	8326942	9421	1
FF	237	Picture	22	8346068	0	1	3153	2	0	3000
FF	237	Response	1	8353482	7414	1
FF	238	Picture	22	8381917	0	2	3154	3	0	3000
FF	238	Response	1	8388119	6202	1
FF	239	Picture	22	8411792	0	1	3153	2	0	3000
FF	239	Response	1	8418053	6261	1
FF	240	Picture	22	8451624	0	2	3154	3	0	3000
FF	240	Response	1	8457328	5704	2
FF	241	Picture	33	8480171	0	1	3154	2	0	3000
FF	242	Picture	22	8511871	0	2	3154	3	0	3000
FF	242	Response	1	8518871	7000	1
FF	243	Picture	22	8551704	0	1	3153	3	0	3000
FF	243	Response	1	8556451	4747	2
FF	244	Picture	22	8585230	0	1	3153	2	0	3000
FF	244	Response	1	8592592	7362	1
FF	245	Picture	22	8616930	0	1	3153	3	0	3000
FF	245	Response	1	8623413	6483	1
FF	246	Picture	22	8647966	0	2	3154	3	0	3000
FF	246	Response	1	8651694	3728	1
FF	247	Picture	33	8680496	0	2	3154	3	0	3000
FF	248	Picture	22	8711367	0	1	3153	2	0	3000
FF	248	Response	1	8715540	4173	1
FF	249	Picture	22	8749042	0	1	3153	2	0	3000
FF	249	Response	1	8758412	9370	2
FF	250	Picture	22	8782235	0	4	3154	5	0	3000
FF	250	Response	1	8788702	6467	1
FF	251	Picture	22	8812940	0	1	3154	2	0	3000
FF	251	Response	1	8817957	5017	1
FF	252	Picture	22	8841985	0	1	3153	2	0	3000
FF	252	Response	1	8847361	5376	2
FF	253	Picture	33	8878332	0	1	3153	3	0	3000
FF	254	Picture	22	8911194	0	1	3153	3	0	3000
FF	254	Response	1	8916138	4944	1
FF	255	Picture	22	8943392	0	1	3154	2	0	3000
FF	255	Response	1	8947400	4008	1
FF	256	Picture	22	8978578	0	1	3153	2	0	3000
FF	256	Response	1	8982357	3779	1
FF	257	Picture	33	9009614	0	1	3153	3	0	3000
FF	258	Picture	22	9040484	0	2	3154	3	0	3000
FF	258	Response	1	9045675	5191	1
FF	259	Picture	22	9072019	0	1	3153	2	0	3000
FF	259	Response	1	9077326	5307	1
FF	260	Picture	22	9107868	0	1	3153	3	0	3000
FF	260	Response	1	9113341	5473	2
FF	261	Picture	22	9136913	0	1	3153	2	0	3000
FF	261	Response	1	9143162	6249	1
FF	262	Picture	22	9165957	0	2	3154	3	0	3000
FF	262	Response	1	9172712	6755	1
FF	263	Picture	33	9199483	0	1	3154	2	0	3000
FF	263	Response	1	9207811	8328	1
FF	264	Picture	22	9237822	0	1	3154	2	0	3000
FF	264	Response	1	9242258	4436	1
FF	265	Picture	22	9266369	0	1	3153	2	0	3000
FF	265	Response	1	9272430	6061	1
FF	266	Picture	22	9303048	0	1	3154	2	0	3000
FF	266	Response	1	9308149	5101	2
FF	267	Picture	22	9342715	0	4	3153	5	0	3000
FF	267	Response	1	9347269	4554	1
FF	268	Picture	22	9377402	0	2	3153	6	0	3000
FF	268	Response	1	9382578	5176	1
FF	269	Picture	33	9412422	0	1	3153	3	0	3000
FF	270	Picture	22	9440637	0	1	3153	2	0	3000
FF	270	Response	1	9446303	5666	2
FF	271	Picture	22	9471341	0	2	3154	3	0	3000
FF	271	Response	1	9476913	5572	1
FF	272	Picture	22	9511174	0	1	3153	3	0	3000
FF	272	Response	1	9515823	4649	2
FF	273	Picture	22	9548351	0	1	3154	2	0	3000
FF	273	Response	1	9553325	4974	2
FF	274	Picture	22	9577894	0	1	3153	2	0	3000
FF	274	Response	1	9583468	5574	1
FF	275	Picture	33	9616731	0	1	3153	2	0	3000
FF	276	Picture	22	9646605	0	1	3154	2	0	3000
FF	276	Response	1	9653189	6584	1
FF	277	Picture	22	9684114	0	2	3154	3	0	3000
FF	277	Response	1	9689562	5448	2
FF	278	Picture	22	9715148	0	93	3156	94	0	3000
FF	278	Response	1	9724373	9225	1
FF	279	Picture	33	9750170	0	1	3154	2	0	3000
FF	280	Picture	22	9779215	0	1	3153	2	0	3000
FF	280	Response	1	9785292	6077	1
FF	281	Picture	22	9810583	0	1	3153	3	0	3000
FF	281	Response	1	9815078	4495	1
FF	282	Picture	22	9839296	0	1	3153	2	0	3000
FF	282	Response	1	9844776	5480	1
FF	283	Picture	33	9871992	0	1	3153	2	0	3000
FF	284	Picture	22	9904854	0	1	3153	2	0	3000
FF	284	Response	1	9912017	7163	1
FF	285	Picture	22	9933898	0	2	3154	3	0	3000
FF	285	Response	1	9943870	9972	1
FF	286	Picture	22	9962279	0	2	3154	3	0	3000
FF	286	Response	1	9972740	10461	1
FF	287	Picture	22	9990826	0	1	3153	3	0	3000
FF	287	Response	1	9997029	6203	2
FF	288	Picture	22	10019373	0	1	3153	2	0	3000
FF	288	Response	1	10023330	3957	1
FF	289	Picture	33	10050243	0	1	3153	3	0	3000
FF	290	Picture	22	10088582	0	1	3153	3	0	3000
FF	290	Response	1	10098898	10316	1
FF	291	Picture	22	10123436	0	1	3153	2	0	3000
FF	291	Response	1	10129003	5567	1
FF	292	Picture	22	10155136	0	1	3153	2	0	3000
FF	292	Response	1	10161741	6605	1
FF	293	Picture	33	10189989	0	2	3154	3	0	3000
FF	294	Picture	22	10218204	0	2	3154	3	0	3000
FF	294	Response	1	10225169	6965	1
FF	295	Picture	22	10250235	0	4	3155	5	0	3000
FF	295	Response	1	10255869	5634	1
FF	296	Picture	22	10288907	0	2	3154	3	0	3000
FF	296	Response	1	10294134	5227	1
FF	297	Picture	22	10327910	0	1	3153	3	0	3000
FF	297	Response	1	10333251	5341	2
FF	298	Picture	22	10367909	0	1	3153	2	0	3000
FF	298	Response	1	10373849	5940	1
FF	299	Picture	22	10398447	0	1	3154	2	0	3000
FF	299	Response	1	10404696	6249	1
FF	300	Picture	22	10438446	0	1	3153	2	0	3000
FF	301	Picture	33	10476121	0	1	3153	2	0	3000
FF	302	Picture	22	10507489	0	1	3154	2	0	3000
FF	302	Response	1	10511899	4410	1
FF	303	Picture	33	10541181	0	1	3153	2	0	3000


Event Type	Code	Type	Response	RT	RT Uncertainty	Time	Uncertainty	Duration	Uncertainty	ReqTime	ReqDur

Picture	22	hit	1	7121	3	289	2	3154	3	0	3000
Picture	22	hit	1	4930	3	35143	1	3153	3	0	3000
Picture	22	hit	1	3589	3	69001	1	3153	2	0	3000
Picture	22	hit	1	2934	5	105514	4	3154	5	0	3000
Picture	22	hit	1	3488	3	140368	1	3153	2	0	3000
Picture	33	miss				175885	1	3154	2	0	3000
Picture	22	hit	1	3356	3	210573	1	3153	2	0	3000
Picture	22	hit	1	4770	3	239286	1	3153	2	0	3000
Picture	22	hit	1	2687	2	274471	1	3154	2	0	3000
Picture	22	hit	1	3639	4	305175	2	3154	3	0	3000
Picture	22	hit	1	3846	2	339697	1	3154	2	0	3000
Picture	22	hit	1	3315	2	372061	1	3154	2	0	3000
Picture	22	hit	1	3368	3	400774	1	3153	3	0	3000
Picture	33	miss				432308	1	3154	2	0	3000
Picture	22	hit	1	2410	3	462349	1	3153	2	0	3000
Picture	33	hit	1	3380	3	495376	2	3154	3	0	3000
Picture	22	hit	1	3941	3	532720	1	3153	2	0	3000
Picture	22	hit	1	3679	3	566743	2	3154	3	0	3000
Picture	22	hit	1	3779	2	595290	1	3154	2	0	3000
Picture	33	miss				625829	1	3153	2	0	3000
Picture	22	hit	1	4096	2	662176	1	3153	3	0	3000
Picture	22	hit	1	4850	2	700183	1	3153	2	0	3000
Picture	22	hit	1	5169	3	730223	2	3154	3	0	3000
Picture	33	miss				761094	1	3153	2	0	3000
Picture	22	hit	1	3970	3	798603	1	3151	5	0	3000
Picture	22	hit	1	4730	3	826818	1	3153	2	0	3000
Picture	22	hit	1	4795	3	855364	2	3154	3	0	3000
Picture	33	miss				892708	1	3153	2	0	3000
Picture	22	hit	1	3332	3	922084	2	3154	3	0	3000
Picture	22	hit	1	3594	3	958597	2	3154	3	0	3000
Picture	22	hit	1	4002	2	989966	1	3153	2	0	3000
Picture	22	hit	1	3848	3	1019508	2	3154	3	0	3000
Picture	22	hit	1	4879	3	1051706	2	3154	3	0	3000
Picture	22	hit	1	3564	3	1085564	2	3154	3	0	3000
Picture	22	hit	1	3830	3	1116932	2	3154	3	0	3000
Picture	33	miss				1156267	2	3154	3	0	3000
Picture	22	hit	1	4969	3	1187138	1	3153	2	0	3000
Picture	22	hit	1	4176	3	1216846	1	3154	2	0	3000
Picture	22	hit	1	3582	2	1250870	1	3153	2	0	3000
Picture	22	hit	1	3976	3	1290703	1	3153	2	0	3000
Picture	22	hit	1	3342	3	1330535	2	3154	3	0	3000
Picture	33	miss				1362567	2	3154	3	0	3000
Picture	22	hit	1	3354	2	1397255	1	3153	3	0	3000
Picture	22	hit	1	4575	2	1435262	1	3153	3	0	3000
Picture	22	hit	1	4431	2	1469452	1	3153	2	0	3000
Picture	22	hit	1	4413	3	1499658	1	3154	2	0	3000
Picture	22	hit	1	4335	3	1530860	2	3154	3	0	3000
Picture	33	miss				1570527	1	3154	2	0	3000
Picture	22	hit	1	8045	3	1602393	2	3154	3	0	3000
Picture	22	hit	1	4162	2	1632434	1	3153	2	0	3000
Picture	22	hit	1	8811	2	1664466	1	3153	3	0	3000
Picture	33	miss				1695004	2	3154	3	0	3000
Picture	22	hit	1	3224	2	1729360	1	3153	3	0	3000
Picture	22	hit	1	5374	3	1765873	2	3154	3	0	3000
Picture	22	hit	1	3749	2	1802553	1	3153	2	0	3000
Picture	22	hit	1	5020	3	1835746	2	3154	3	0	3000
Picture	22	hit	1	4095	3	1874915	2	3154	3	0	3000
Picture	33	miss				1907279	2	3154	3	0	3000
Picture	22	hit	1	3897	4	1939477	2	3154	3	0	3000
Picture	22	hit	1	4029	3	1978480	2	3154	3	0	3000
Picture	22	hit	1	3842	3	2016819	2	3154	3	0	3000
Picture	22	hit	1	3719	3	2055158	2	3154	3	0	3000
Picture	22	hit	1	4008	3	2091340	1	3153	2	0	3000
Picture	33	miss				2130508	2	3154	3	0	3000
Picture	22	hit	1	3351	4	2163038	2	3154	3	0	3000
Picture	22	hit	1	3492	2	2200050	1	3153	2	0	3000
Picture	22	hit	1	3673	3	2234571	2	3154	3	0	3000
Picture	22	hit	1	3377	2	2273408	1	3154	2	0	3000
Picture	22	hit	1	3646	2	2302785	1	3153	2	0	3000
Picture	22	hit	1	3281	4	2342783	2	3154	3	0	3000
Picture	22	hit	1	4761	2	2378135	1	3153	3	0	3000
Picture	33	miss				2416474	1	3153	3	0	3000
Picture	22	hit	1	3059	4	2447510	2	3154	3	0	3000
Picture	22	hit	1	4737	2	2481036	1	3153	3	0	3000
Picture	22	hit	1	4518	2	2510579	1	3153	2	0	3000
Picture	22	hit	1	3791	3	2540121	2	3153	6	0	3000
Picture	22	hit	1	4014	3	2574975	1	3153	2	0	3000
Picture	33	miss				2607834	4	3156	5	0	3000
Picture	22	hit	1	2643	2	2640533	1	3153	2	0	3000
Picture	22	hit	1	3680	2	2679868	1	3153	2	0	3000
Picture	22	hit	1	3282	3	2709078	2	3154	3	0	3000
Picture	22	hit	1	3506	2	2737791	1	3153	3	0	3000
Picture	22	hit	1	3333	4	2773308	2	3154	3	0	3000
Picture	22	hit	1	3239	2	2803847	1	3153	2	0	3000
Picture	22	hit	1	5200	3	2836377	1	3153	2	0	3000
Picture	33	miss				2866749	2	3154	3	0	3000
Picture	22	hit	1	4513	2	2896458	1	3153	2	0	3000
Picture	33	hit	1	4153	3	2926166	2	3154	3	0	3000
Picture	22	hit	1	3160	3	2960522	1	3153	3	0	3000
Picture	22	hit	1	2226	4	2997865	2	3154	3	0	3000
Picture	22	hit	1	4937	4	3036702	1	3153	3	0	3000
Picture	22	hit	1	5498	2	3066079	1	3153	2	0	3000
Picture	22	hit	1	3700	3	3095123	2	3154	3	0	3000
Picture	22	hit	1	5320	4	3133130	2	3154	3	0	3000
Picture	22	hit	1	4334	3	3163503	1	3153	2	0	3000
Picture	33	miss				3192548	1	3153	2	0	3000
Picture	22	hit	1	2853	2	3228065	1	3153	3	0	3000
Picture	22	hit	1	4267	2	3256446	1	3153	2	0	3000
Picture	22	hit	1	3218	4	3285988	2	3154	3	0	3000
Picture	22	hit	1	3177	2	3314701	1	3153	3	0	3000
Picture	22	hit	1	3933	2	3342916	1	3153	2	0	3000
Picture	33	miss				3381255	1	3153	2	0	3000
Picture	22	hit	1	2897	2	3420424	1	3153	2	0	3000
Picture	22	hit	1	3260	2	3457601	1	3153	2	0	3000
Picture	22	hit	1	3670	3	3491127	1	3153	2	0	3000
Picture	22	hit	1	2762	3	3525814	2	3154	3	0	3000
Picture	22	hit	1	3244	3	3561830	1	3153	2	0	3000
Picture	22	hit	1	3750	2	3592866	1	3153	3	0	3000
Picture	22	hit	1	3407	2	3627222	1	3153	2	0	3000
Picture	33	miss				3657760	1	3154	2	0	3000
Picture	22	hit	1	3103	4	3693775	2	3154	3	0	3000
Picture	33	hit	1	3492	3	3723484	1	3153	3	0	3000
Picture	22	hit	1	5199	4	3760661	2	3154	3	0	3000
Picture	22	hit	1	3115	3	3799332	1	3154	2	0	3000
Picture	22	hit	1	4584	3	3833688	1	3153	2	0	3000
Picture	22	hit	1	4160	3	3873520	2	3154	3	0	3000
Picture	22	hit	1	3140	2	3908208	1	3154	2	0	3000
Picture	22	hit	1	4513	2	3943394	1	3153	2	0	3000
Picture	22	hit	1	6086	2	3975094	1	3153	2	0	3000
Picture	33	miss				4004139	1	3153	2	0	3000
Picture	22	hit	1	4241	3	4036005	1	3153	2	0	3000
Picture	33	miss				4073182	1	3153	2	0	3000
Picture	22	hit	1	3848	3	4103886	2	3154	3	0	3000
Picture	22	hit	1	4618	4	4141893	2	3154	3	0	3000
Picture	22	hit	1	4244	3	4178407	1	3153	2	0	3000
Picture	22	hit	1	5844	3	4207783	1	3154	2	0	3000
Picture	22	hit	1	4433	2	4241143	1	3153	3	0	3000
Picture	33	hit	1	4004	3	4272511	2	3154	3	0	3000
Picture	22	hit	1	5751	2	4301224	1	3153	3	0	3000
Picture	22	hit	1	5336	2	4333588	1	3153	3	0	3000
Picture	22	hit	1	5651	5	4364954	4	3156	5	0	3000
Picture	22	hit	1	5854	2	4396491	1	3153	2	0	3000
Picture	22	hit	1	7839	4	4436323	2	3154	3	0	3000
Picture	33	miss				4470679	1	3153	3	0	3000
Picture	22	hit	1	4575	2	4498894	1	3153	2	0	3000
Picture	22	hit	1	6112	3	4538726	2	3154	3	0	3000
Picture	22	hit	1	5845	2	4575406	1	3153	2	0	3000
Picture	33	miss				4607106	1	3153	2	0	3000
Picture	22	hit	1	7122	3	4638308	1	3154	2	0	3000
Picture	33	miss				4670672	2	3154	3	0	3000
Picture	22	hit	1	3934	3	4709011	2	3154	3	0	3000
Picture	22	hit	1	4419	2	4743699	1	3153	2	0	3000
Picture	22	hit	1	4370	2	4776727	1	3153	2	0	3000
Picture	22	hit	1	5973	3	4807929	1	3153	3	0	3000
Picture	22	hit	1	5162	2	4837472	1	3152	4	0	3000
Picture	33	miss				4877470	2	3154	3	0	3000
Picture	22	hit	1	5198	3	4909502	2	3154	3	0	3000
Picture	22	hit	1	5896	2	4945684	1	3153	2	0	3000
Picture	22	hit	1	5005	2	4983027	1	3153	2	0	3000
Picture	22	hit	1	4689	3	5015889	1	3153	2	0	3000
Picture	22	hit	1	3600	2	5050079	1	3153	2	0	3000
Picture	22	hit	1	5555	3	5083770	2	3154	3	0	3000
Picture	22	hit	1	5849	2	5112649	1	3154	2	0	3000
Picture	33	miss				5148167	1	3153	2	0	3000
Picture	22	hit	1	6896	2	5695700	1	3153	3	0	3000
Picture	22	hit	1	3854	3	5734703	1	3153	3	0	3000
Picture	22	hit	1	6626	4	5770552	2	3154	3	0	3000
Picture	22	hit	1	5282	3	5803248	2	3154	3	0	3000
Picture	22	hit	1	6174	2	5833123	1	3153	2	0	3000
Picture	33	miss				5867810	2	3154	3	0	3000
Picture	22	hit	1	6440	2	5904822	1	3153	2	0	3000
Picture	22	hit	1	8405	4	5934032	2	3154	3	0	3000
Picture	22	hit	1	6444	2	5973699	1	3154	2	0	3000
Picture	22	hit	1	6131	6	6003740	5	3153	6	0	3000
Picture	22	hit	1	7347	4	6033115	3	3155	4	0	3000
Picture	22	hit	1	8053	2	6067306	1	3153	2	0	3000
Picture	22	hit	1	7948	2	6096517	1	3153	2	0	3000
Picture	33	miss				6126059	1	3153	3	0	3000
Picture	22	hit	1	6495	2	6161079	1	3153	2	0	3000
Picture	22	hit	1	6651	3	6195766	2	3154	3	0	3000
Picture	22	hit	1	6401	3	6227633	1	3153	2	0	3000
Picture	22	hit	1	3973	2	6257839	1	3153	3	0	3000
Picture	22	hit	1	6085	2	6297506	1	3153	2	0	3000
Picture	22	hit	1	4250	4	6326052	2	3154	3	0	3000
Picture	22	hit	1	8844	2	6363562	1	3153	2	0	3000
Picture	33	miss				6401901	1	3153	2	0	3000
Picture	22	hit	1	5522	3	6436256	2	3154	3	0	3000
Picture	22	hit	1	7440	3	6466131	1	3153	2	0	3000
Picture	22	hit	1	5493	4	6505631	2	3154	3	0	3000
Picture	33	miss				6543472	2	3154	3	0	3000
Picture	22	hit	1	6720	2	6575671	1	3153	2	0	3000
Picture	33	miss				6607869	1	3153	2	0	3000
Picture	22	hit	1	4633	2	6640897	1	3153	2	0	3000
Picture	22	hit	1	4152	3	6669277	2	3154	3	0	3000
Picture	22	hit	1	4083	2	6705127	1	3153	2	0	3000
Picture	33	miss				6737989	1	3153	2	0	3000
Picture	22	hit	1	6474	3	6773672	2	3154	3	0	3000
Picture	22	hit	1	4233	2	6803215	1	3153	2	0	3000
Picture	22	hit	1	5957	3	6833255	2	3154	3	0	3000
Picture	22	hit	1	8872	2	6864790	1	3153	2	0	3000
Picture	22	hit	1	4262	3	6893336	2	3154	3	0	3000
Picture	33	miss				6924871	1	3153	2	0	3000
Picture	22	hit	1	6477	4	6958064	2	3154	3	0	3000
Picture	22	hit	1	4554	4	6996237	2	3154	3	0	3000
Picture	22	hit	1	4112	5	7029595	4	3156	5	0	3000
Picture	33	miss				7059140	1	3153	2	0	3000
Picture	22	hit	1	4278	4	7089844	2	3154	3	0	3000
Picture	22	hit	1	4332	2	7128349	1	3154	2	0	3000
Picture	22	hit	1	3601	2	7168348	1	3153	2	0	3000
Picture	22	hit	1	4710	2	7204529	1	3154	2	0	3000
Picture	22	hit	1	3214	2	7234570	1	3153	2	0	3000
Picture	33	miss				7262951	1	3153	2	0	3000
Picture	22	hit	1	5525	5	7301953	2	3154	3	0	3000
Picture	22	hit	1	8850	2	7338799	1	3153	2	0	3000
Picture	22	hit	1	4236	2	7375644	1	3153	2	0	3000
Picture	22	hit	1	6049	3	7405684	2	3154	3	0	3000
Picture	22	hit	1	5697	3	7439044	2	3154	3	0	3000
Picture	22	hit	1	5911	3	7476885	2	3154	3	0	3000
Picture	22	hit	1	4790	3	7508917	2	3154	3	0	3000
Picture	33	hit	1	4651	3	7541116	1	3153	2	0	3000
Picture	22	hit	1	6245	3	7573977	2	3154	3	0	3000
Picture	22	hit	1	5097	3	7611818	2	3154	3	0	3000
Picture	22	hit	1	6468	2	7643685	1	3153	2	0	3000
Picture	33	miss				7676547	1	3153	2	0	3000
Picture	22	hit	1	4167	2	7713724	1	3153	2	0	3000
Picture	22	hit	1	5249	2	7745590	1	3153	2	0	3000
Picture	22	hit	1	6029	5	7778286	1	3153	3	0	3000
Picture	22	hit	1	5152	2	7816625	1	3153	2	0	3000
Picture	22	hit	1	5725	2	7855794	1	3153	2	0	3000
Picture	33	miss				7886830	1	3153	3	0	3000
Picture	22	hit	1	3734	3	7922514	1	3153	2	0	3000
Picture	22	hit	1	7266	2	7952720	1	3153	3	0	3000
Picture	22	hit	1	6850	5	7990395	4	3153	6	0	3000
Picture	33	miss				8025912	2	3154	3	0	3000
Picture	22	hit	1	3596	2	8061928	1	3153	3	0	3000
Picture	22	hit	1	5577	2	8096118	1	3153	2	0	3000
Picture	22	hit	1	3594	4	8130141	2	3154	3	0	3000
Picture	22	hit	1	4376	2	8159684	1	3153	2	0	3000
Picture	22	hit	1	5596	3	8195699	2	3154	3	0	3000
Picture	22	hit	1	5187	3	8227731	2	3154	3	0	3000
Picture	22	hit	1	6278	2	8257108	1	3154	2	0	3000
Picture	33	miss				8289472	1	3154	2	0	3000
Picture	22	hit	1	9421	2	8317521	1	3153	3	0	3000
Picture	22	hit	1	7414	2	8346068	1	3153	2	0	3000
Picture	22	hit	1	6202	3	8381917	2	3154	3	0	3000
Picture	22	hit	1	6261	2	8411792	1	3153	2	0	3000
Picture	22	hit	1	5704	4	8451624	2	3154	3	0	3000
Picture	33	miss				8480171	1	3154	2	0	3000
Picture	22	hit	1	7000	3	8511871	2	3154	3	0	3000
Picture	22	hit	1	4747	3	8551704	1	3153	3	0	3000
Picture	22	hit	1	7362	2	8585230	1	3153	2	0	3000
Picture	22	hit	1	6483	2	8616930	1	3153	3	0	3000
Picture	22	hit	1	3728	3	8647966	2	3154	3	0	3000
Picture	33	miss				8680496	2	3154	3	0	3000
Picture	22	hit	1	4173	2	8711367	1	3153	2	0	3000
Picture	22	hit	1	9370	3	8749042	1	3153	2	0	3000
Picture	22	hit	1	6467	5	8782235	4	3154	5	0	3000
Picture	22	hit	1	5017	2	8812940	1	3154	2	0	3000
Picture	22	hit	1	5376	3	8841985	1	3153	2	0	3000
Picture	33	miss				8878332	1	3153	3	0	3000
Picture	22	hit	1	4944	2	8911194	1	3153	3	0	3000
Picture	22	hit	1	4008	2	8943392	1	3154	2	0	3000
Picture	22	hit	1	3779	2	8978578	1	3153	2	0	3000
Picture	33	miss				9009614	1	3153	3	0	3000
Picture	22	hit	1	5191	3	9040484	2	3154	3	0	3000
Picture	22	hit	1	5307	2	9072019	1	3153	2	0	3000
Picture	22	hit	1	5473	3	9107868	1	3153	3	0	3000
Picture	22	hit	1	6249	2	9136913	1	3153	2	0	3000
Picture	22	hit	1	6755	3	9165957	2	3154	3	0	3000
Picture	33	hit	1	8328	2	9199483	1	3154	2	0	3000
Picture	22	hit	1	4436	2	9237822	1	3154	2	0	3000
Picture	22	hit	1	6061	2	9266369	1	3153	2	0	3000
Picture	22	hit	1	5101	3	9303048	1	3154	2	0	3000
Picture	22	hit	1	4554	5	9342715	4	3153	5	0	3000
Picture	22	hit	1	5176	3	9377402	2	3153	6	0	3000
Picture	33	miss				9412422	1	3153	3	0	3000
Picture	22	hit	1	5666	3	9440637	1	3153	2	0	3000
Picture	22	hit	1	5572	3	9471341	2	3154	3	0	3000
Picture	22	hit	1	4649	3	9511174	1	3153	3	0	3000
Picture	22	hit	1	4974	3	9548351	1	3154	2	0	3000
Picture	22	hit	1	5574	2	9577894	1	3153	2	0	3000
Picture	33	miss				9616731	1	3153	2	0	3000
Picture	22	hit	1	6584	2	9646605	1	3154	2	0	3000
Picture	22	hit	1	5448	4	9684114	2	3154	3	0	3000
Picture	22	hit	1	9225	94	9715148	93	3156	94	0	3000
Picture	33	miss				9750170	1	3154	2	0	3000
Picture	22	hit	1	6077	2	9779215	1	3153	2	0	3000
Picture	22	hit	1	4495	2	9810583	1	3153	3	0	3000
Picture	22	hit	1	5480	2	9839296	1	3153	2	0	3000
Picture	33	miss				9871992	1	3153	2	0	3000
Picture	22	hit	1	7163	2	9904854	1	3153	2	0	3000
Picture	22	hit	1	9972	3	9933898	2	3154	3	0	3000
Picture	22	hit	1	10461	3	9962279	2	3154	3	0	3000
Picture	22	hit	1	6203	3	9990826	1	3153	3	0	3000
Picture	22	hit	1	3957	2	10019373	1	3153	2	0	3000
Picture	33	miss				10050243	1	3153	3	0	3000
Picture	22	hit	1	10316	2	10088582	1	3153	3	0	3000
Picture	22	hit	1	5567	2	10123436	1	3153	2	0	3000
Picture	22	hit	1	6605	2	10155136	1	3153	2	0	3000
Picture	33	miss				10189989	2	3154	3	0	3000
Picture	22	hit	1	6965	3	10218204	2	3154	3	0	3000
Picture	22	hit	1	5634	5	10250235	4	3155	5	0	3000
Picture	22	hit	1	5227	3	10288907	2	3154	3	0	3000
Picture	22	hit	1	5341	3	10327910	1	3153	3	0	3000
Picture	22	hit	1	5940	2	10367909	1	3153	2	0	3000
Picture	22	hit	1	6249	2	10398447	1	3154	2	0	3000
Picture	22	miss				10438446	1	3153	2	0	3000
Picture	33	miss				10476121	1	3153	2	0	3000
Picture	22	hit	1	4410	2	10507489	1	3154	2	0	3000
Picture	33	miss				10541181	1	3153	2	0	3000
