Scenario - EFT rapido Abril 2011
Logfile written - 04/26/2011 12:58:38

Subject	Trial	Event Type	Code	Time	TTime	Uncertainty	Duration	Uncertainty	ReqTime	ReqDur

VL	2	Picture	21	10414	0	1	3153	2	0	3000
VL	3	Response	2	20352	6619	2
VL	4	Picture	10	21865	0	2	3154	3	0	3000
VL	5	Response	1	27951	2766	1
VL	6	Picture	21	33151	0	2	3154	3	0	3000
VL	7	Response	2	37016	545	1
VL	8	Picture	11	41948	0	1	3153	2	0	3000
VL	8	Response	1	44721	2773	2
VL	10	Picture	10	53068	0	1	3153	2	0	3000
VL	11	Response	1	58715	2328	1
VL	12	Picture	10	61864	0	1	3154	2	0	3000
VL	13	Response	1	66602	1418	1
VL	14	Picture	21	73316	0	1	3154	2	0	3000
VL	14	Response	2	76143	2827	1
VL	16	Picture	11	84104	0	1	3154	2	0	3000
VL	16	Response	1	86358	2254	1
VL	18	Picture	20	94560	0	1	3154	2	0	3000
VL	18	Response	2	97665	3105	1
VL	20	Picture	21	105846	0	1	3154	2	0	3000
VL	20	Response	1	108056	2210	1
VL	22	Picture	11	116966	0	1	3154	2	0	3000
VL	23	Response	1	120604	318	1
VL	24	Picture	20	128252	0	1	3153	3	0	3000
VL	24	Response	2	130939	2687	1
VL	26	Picture	10	139538	0	1	3153	3	0	3000
VL	27	Response	1	143814	957	2
VL	28	Picture	10	148334	0	2	3154	3	0	3000
VL	29	Response	1	154650	2996	1
VL	30	Picture	11	157297	0	1	3153	2	0	3000
VL	31	Response	1	161498	882	2
VL	32	Picture	10	166093	0	1	3154	2	0	3000
VL	33	Response	1	169650	237	2
VL	34	Picture	10	175553	0	2	3154	3	0	3000
VL	35	Response	1	179335	462	1
VL	36	Picture	10	186341	0	2	3154	3	0	3000
VL	37	Response	1	191323	1662	1
VL	38	Picture	21	196964	0	1	3153	2	0	3000
VL	39	Response	2	201713	1430	1
VL	40	Picture	21	205926	0	1	3153	2	0	3000
VL	41	Response	2	209931	686	1
VL	42	Picture	10	216714	0	1	3153	2	0	3000
VL	43	Response	1	221328	1295	2
VL	44	Picture	21	227004	0	1	3153	3	0	3000
VL	45	Response	2	232165	1842	2
VL	46	Picture	20	238290	0	1	3153	2	0	3000
VL	47	Response	1	242706	1097	2
VL	48	Picture	11	247750	0	2	3154	3	0	3000
VL	49	Response	1	252259	1189	2
VL	50	Picture	10	258372	0	2	3154	3	0	3000
VL	51	Response	2	262534	842	1
VL	52	Picture	21	268828	0	2	3154	3	0	3000
VL	52	Response	1	271072	2244	1
VL	54	Picture	20	278123	0	1	3153	2	0	3000
VL	56	Picture	20	288247	0	1	3153	2	0	3000
VL	57	Response	2	297264	5698	1
VL	58	Picture	20	298703	0	1	3153	2	0	3000
VL	59	Response	1	302910	888	1
VL	60	Picture	11	308827	0	1	3153	3	0	3000
VL	60	Response	2	311117	2290	2
VL	62	Picture	10	319117	0	1	3154	2	0	3000
VL	63	Response	1	325697	3260	1
VL	64	Picture	11	328245	0	2	3154	3	0	3000
VL	66	Picture	11	337208	0	1	3153	2	0	3000
VL	66	Response	1	339310	2102	1
VL	68	Picture	21	346336	0	1	3154	2	0	3000
VL	69	Response	1	349918	262	1
VL	69	Response	2	352008	2352	1
VL	70	Picture	21	357456	0	1	3154	2	0	3000
VL	71	Response	2	361671	896	2
VL	72	Picture	21	367414	0	2	3154	3	0	3000
VL	73	Response	2	371506	772	1
VL	74	Picture	11	376377	0	1	3153	2	0	3000
VL	75	Response	1	381615	1919	1
VL	76	Picture	10	386501	0	1	3153	2	0	3000
VL	77	Response	1	392127	2307	2
VL	78	Picture	11	396459	0	1	3153	3	0	3000
VL	80	Picture	11	405753	0	2	3154	3	0	3000
VL	81	Response	1	414480	5407	1
VL	82	Picture	20	415048	0	1	3153	2	0	3000
VL	84	Picture	10	424840	0	1	3153	2	0	3000
VL	86	Picture	11	434466	0	1	3153	3	0	3000
VL	87	Response	1	442144	4359	1
VL	88	Picture	11	443262	0	2	3154	3	0	3000
VL	90	Picture	11	452059	0	1	3153	2	0	3000
VL	90	Response	1	455251	3192	1
VL	92	Picture	20	461187	0	1	3153	3	0	3000
VL	93	Response	1	464641	134	2
VL	93	Response	2	467079	2572	1
VL	94	Picture	21	471975	0	1	3154	2	0	3000
VL	95	Response	1	476531	1236	1
VL	95	Response	2	478354	3059	1
VL	96	Picture	20	483261	0	1	3154	2	0	3000
VL	97	Response	2	489674	3093	2
VL	98	Picture	20	493385	0	2	3154	3	0	3000
VL	99	Response	2	498182	1477	1
VL	100	Picture	21	503011	0	2	3154	3	0	3000
VL	101	Response	2	507899	1568	1
VL	102	Picture	21	513634	0	1	3153	2	0	3000
VL	103	Response	2	517350	397	1
VL	104	Picture	10	524753	0	2	3154	3	0	3000
VL	104	Response	2	527896	3143	1
VL	105	Response	1	533155	5082	1
VL	106	Picture	21	534546	0	1	3153	2	0	3000
VL	107	Response	2	540090	2225	1
VL	108	Picture	21	545334	0	1	3153	2	0	3000
VL	109	Response	1	549187	534	1
VL	110	Picture	10	555292	0	1	3153	2	0	3000
VL	111	Response	1	562036	3425	1
VL	112	Picture	11	566744	0	1	3153	2	0	3000
VL	113	Response	1	575005	4942	1
VL	114	Picture	21	575872	0	2	3154	3	0	3000
VL	116	Picture	20	585498	0	2	3154	3	0	3000
VL	118	Picture	10	596452	0	2	3154	3	0	3000
VL	120	Picture	11	606577	0	1	3153	2	0	3000
VL	122	Picture	20	617862	0	2	3154	3	0	3000
VL	123	Response	1	624356	3174	1
VL	123	Response	2	624956	3774	1
VL	124	Picture	11	626991	0	1	3153	2	0	3000
VL	125	Response	1	633011	2701	1
VL	126	Picture	20	636617	0	1	3153	3	0	3000
VL	127	Response	1	643942	4006	2
VL	128	Picture	10	646243	0	2	3154	3	0	3000
VL	130	Picture	11	655538	0	1	3153	2	0	3000
VL	130	Response	2	656107	569	2
VL	131	Response	1	665241	6384	1
VL	132	Picture	10	665496	0	1	3153	2	0	3000
VL	134	Picture	10	674458	0	1	3153	3	0	3000
VL	134	Response	1	676408	1950	28
VL	136	Picture	20	685578	0	2	3153	4	0	3000
VL	136	Response	1	688894	3316	38
VL	137	Response	2	692237	3336	1
VL	138	Picture	10	696034	0	1	3154	2	0	3000
VL	139	Response	2	699594	240	2
VL	139	Response	1	700373	1019	1
VL	140	Picture	11	704665	0	1	3153	2	0	3000
VL	141	Response	1	710945	2961	70
VL	142	Picture	11	715619	0	1	3153	2	0	3000
VL	143	Response	1	720298	1360	36
VL	144	Picture	21	724415	0	1	3153	3	0	3000
VL	145	Response	2	729309	1587	1
VL	146	Picture	10	735203	0	1	3153	3	0	3000
VL	147	Response	1	741829	3307	1
VL	148	Picture	11	743668	0	1	3153	2	0	3000
VL	149	Response	1	751219	4232	1
VL	150	Picture	21	753294	0	1	3153	2	0	3000
VL	151	Response	2	758171	1558	2
VL	152	Picture	10	763418	0	1	3153	2	0	3000
VL	153	Response	1	767971	1234	1
VL	154	Picture	11	772214	0	2	3154	3	0	3000
VL	155	Response	1	777665	2131	2
VL	156	Picture	11	782006	0	2	3154	3	0	3000
VL	157	Response	2	788181	2855	1
VL	158	Picture	11	792960	0	2	3154	3	0	3000
VL	159	Response	1	798706	2426	1
VL	160	Picture	10	801923	0	1	3153	2	0	3000
VL	161	Response	1	809956	4714	1
VL	162	Picture	20	811549	0	1	3153	3	0	3000
VL	163	Response	2	816513	1645	1
VL	164	Picture	11	820677	0	2	3154	3	0	3000
VL	164	Response	2	823805	3128	2
VL	165	Response	1	828442	4445	1
VL	166	Picture	11	829474	0	1	3153	2	0	3000
VL	167	Response	1	838190	5397	1
VL	168	Picture	10	840594	0	1	3153	2	0	3000
VL	169	Response	2	846850	2937	1
VL	170	Picture	11	851382	0	1	3153	2	0	3000
VL	171	Response	1	860321	5620	1
VL	172	Picture	20	860510	0	1	3154	2	0	3000
VL	172	Response	2	861967	1457	1
VL	174	Picture	11	870468	0	2	3154	3	0	3000
VL	176	Picture	21	880095	0	1	3153	2	0	3000
VL	178	Picture	10	891215	0	1	3153	2	0	3000
VL	180	Picture	21	899845	0	1	3153	2	0	3000
VL	181	Response	2	906113	2949	2
VL	182	Picture	20	909139	0	2	3154	3	0	3000
VL	183	Response	1	913858	1399	1
VL	184	Picture	21	920093	0	2	3154	3	0	3000
VL	185	Response	2	925319	1906	1
VL	186	Picture	10	929553	0	2	3154	3	0	3000
VL	187	Response	1	935183	2310	2
VL	188	Picture	11	941005	0	2	3154	3	0	3000
VL	189	Response	1	944566	242	1
VL	190	Picture	10	950300	0	1	3153	2	0	3000
VL	191	Response	1	955108	1489	2
VL	192	Picture	11	960424	0	1	3153	2	0	3000
VL	193	Response	1	964644	901	1
VL	194	Picture	11	969386	0	1	3154	2	0	3000
VL	195	Response	1	974154	1448	1
VL	196	Picture	11	978349	0	1	3153	2	0	3000
VL	197	Response	1	985968	4300	1
VL	198	Picture	10	987145	0	1	3153	2	0	3000
VL	200	Picture	20	997601	0	1	3153	3	0	3000
VL	201	Response	2	1002925	2005	2
VL	202	Picture	21	1006895	0	2	3154	3	0	3000
VL	203	Response	2	1010841	626	1
VL	204	Picture	10	1016190	0	1	3153	2	0	3000
VL	204	Response	2	1018875	2685	1
VL	205	Response	1	1025011	5502	1
VL	206	Picture	20	1026480	0	1	3153	2	0	3000
VL	207	Response	2	1032651	2852	1
VL	208	Picture	21	1035774	0	1	3154	2	0	3000
VL	210	Picture	11	1045566	0	2	3154	3	0	3000
VL	211	Response	1	1054355	5469	1
VL	212	Picture	20	1056354	0	2	3154	3	0	3000
VL	213	Response	2	1062947	3273	1
VL	214	Picture	20	1065981	0	1	3153	2	0	3000
VL	216	Picture	21	1075109	0	1	3153	2	0	3000
VL	217	Response	1	1080308	1880	1
VL	217	Response	2	1081267	2839	1
VL	218	Picture	10	1085731	0	1	3153	2	0	3000
VL	219	Response	2	1091553	2503	1
VL	219	Response	1	1092840	3790	2
VL	220	Picture	20	1095191	0	1	3154	2	0	3000
VL	221	Response	2	1100706	2195	1
VL	222	Picture	20	1105813	0	2	3154	3	0	3000
VL	222	Response	1	1108744	2931	2
VL	224	Picture	20	1114444	0	1	3153	2	0	3000
VL	224	Response	2	1114538	94	2
VL	226	Picture	11	1123074	0	1	3154	2	0	3000
VL	226	Response	2	1124962	1888	1
VL	227	Response	1	1128746	2353	1
VL	228	Picture	21	1132534	0	2	3154	3	0	3000
VL	229	Response	2	1137897	2043	1
VL	230	Picture	20	1140999	0	1	3153	2	0	3000
VL	231	Response	1	1144955	637	1
VL	232	Picture	20	1149795	0	2	3154	3	0	3000
VL	232	Response	2	1150726	931	1
VL	234	Picture	21	1158592	0	1	3153	2	0	3000
VL	235	Response	2	1165844	3933	1
VL	236	Picture	11	1168550	0	1	3153	2	0	3000
VL	237	Response	1	1173528	1659	1
VL	238	Picture	10	1178508	0	1	3153	3	0	3000
VL	239	Response	1	1184653	2826	1
VL	240	Picture	20	1189628	0	1	3153	3	0	3000
VL	241	Response	2	1198439	5492	1
VL	242	Picture	10	1199088	0	2	3154	3	0	3000
VL	244	Picture	20	1209876	0	2	3154	3	0	3000
VL	246	Picture	10	1219502	0	2	3154	3	0	3000
VL	248	Picture	10	1228963	0	1	3153	2	0	3000
VL	249	Response	1	1233552	1270	1
VL	250	Picture	11	1238755	0	1	3153	3	0	3000
VL	251	Response	1	1242614	540	1
VL	252	Picture	20	1248381	0	1	3154	2	0	3000
VL	253	Response	1	1255752	4051	2
VL	254	Picture	21	1258173	0	2	3154	3	0	3000
VL	254	Response	2	1259661	1488	1
VL	256	Picture	21	1266804	0	1	3153	2	0	3000
VL	256	Response	2	1269795	2991	1
VL	258	Picture	20	1276596	0	1	3153	3	0	3000
VL	259	Response	1	1282257	2342	1
VL	259	Response	2	1283394	3479	1
VL	260	Picture	21	1287218	0	1	3153	3	0	3000
VL	262	Picture	10	1298172	0	1	3153	3	0	3000
VL	263	Response	1	1308497	7005	2
VL	264	Picture	11	1309458	0	2	3153	4	0	3000
VL	265	Response	1	1315530	2753	2
VL	266	Picture	10	1318918	0	2	3154	3	0	3000
VL	267	Response	2	1323830	1592	1
VL	268	Picture	20	1329540	0	2	3154	3	0	3000
VL	269	Response	1	1333053	193	1
VL	270	Picture	21	1340328	0	2	3154	3	0	3000
VL	272	Picture	11	1349457	0	1	3153	2	0	3000
VL	273	Response	1	1354110	1334	1
VL	274	Picture	10	1360743	0	1	3153	2	0	3000
VL	274	Response	1	1363561	2818	1
VL	276	Picture	21	1370867	0	1	3153	2	0	3000
VL	277	Response	2	1375787	1601	1
VL	278	Picture	21	1380493	0	1	3153	3	0	3000
VL	279	Response	2	1384850	1038	1
VL	280	Picture	20	1390119	0	2	3154	3	0	3000
VL	282	Picture	21	1399082	0	1	3153	2	0	3000
VL	283	Response	2	1407623	5222	2
VL	284	Picture	20	1408210	0	1	3153	3	0	3000
VL	285	Response	2	1415603	4074	1
VL	286	Picture	11	1416840	0	2	3154	3	0	3000
VL	287	Response	1	1422520	2360	2
VL	288	Picture	21	1425471	0	1	3153	2	0	3000
VL	289	Response	2	1429222	432	1
VL	290	Picture	20	1435927	0	1	3153	2	0	3000
VL	290	Response	2	1439028	3101	1
VL	291	Response	1	1439329	83	1
VL	292	Picture	10	1444391	0	2	3154	3	0	3000
VL	293	Response	2	1449809	2098	1
VL	293	Response	1	1452551	4840	1
VL	294	Picture	20	1454516	0	1	3153	2	0	3000
VL	295	Response	2	1459843	2008	1
VL	296	Picture	10	1463644	0	1	3153	2	0	3000
VL	297	Response	1	1468551	1588	1
VL	298	Picture	21	1474930	0	1	3153	2	0	3000
VL	299	Response	2	1480220	1971	1
VL	300	Picture	21	1484888	0	1	3153	2	0	3000
VL	301	Response	2	1490203	1996	1
VL	303	Picture	21	1515094	0	2	3154	3	0	3000
VL	304	Response	2	1521263	2849	1
VL	305	Picture	21	1525550	0	2	3154	3	0	3000
VL	305	Response	1	1528797	3247	1
VL	307	Picture	10	1534181	0	1	3153	2	0	3000
VL	307	Response	2	1534832	651	2
VL	308	Response	1	1539323	1823	1
VL	309	Picture	20	1544139	0	1	3154	2	0	3000
VL	310	Response	2	1548737	1279	1
VL	311	Picture	21	1553765	0	2	3154	3	0	3000
VL	311	Response	1	1557036	3271	1
VL	312	Response	2	1558383	1298	1
VL	313	Picture	10	1563060	0	1	3153	2	0	3000
VL	314	Response	1	1568083	1704	1
VL	314	Response	2	1568832	2453	1
VL	315	Picture	11	1572686	0	1	3153	2	0	3000
VL	316	Response	1	1576497	492	1
VL	317	Picture	21	1581316	0	2	3154	3	0	3000
VL	317	Response	2	1582020	704	1
VL	318	Response	1	1586839	2203	1
VL	318	Response	2	1590797	6161	2
VL	319	Picture	21	1591606	0	2	3154	3	0	3000
VL	319	Response	1	1594817	3211	2
VL	320	Response	1	1598447	3521	1
VL	320	Response	2	1601781	6855	1
VL	321	Picture	11	1602892	0	2	3154	3	0	3000
VL	321	Response	2	1605234	2342	1
VL	321	Response	1	1605774	2882	1
VL	322	Response	2	1608524	2312	1
VL	323	Picture	20	1613348	0	2	3154	3	0	3000
VL	323	Response	1	1613450	102	1
VL	324	Response	2	1616726	58	1
VL	324	Response	1	1620468	3800	1
VL	325	Picture	20	1624302	0	2	3154	3	0	3000
VL	326	Response	2	1630856	3234	1
VL	327	Picture	10	1635422	0	2	3154	3	0	3000
VL	328	Response	1	1640010	1268	1
VL	329	Picture	20	1645215	0	1	3153	2	0	3000
VL	330	Response	2	1649281	747	1
VL	331	Picture	10	1656667	0	1	3153	2	0	3000
VL	331	Response	1	1659471	2804	1
VL	333	Picture	21	1665463	0	1	3153	2	0	3000
VL	335	Picture	11	1676251	0	1	3153	3	0	3000
VL	336	Response	1	1683295	3725	1
VL	337	Picture	20	1687537	0	1	3153	2	0	3000
VL	338	Response	2	1694115	3259	1
VL	339	Picture	11	1696665	0	2	3154	3	0	3000
VL	341	Picture	21	1708117	0	1	3154	2	0	3000
VL	343	Picture	11	1716748	0	1	3153	2	0	3000
VL	345	Picture	11	1727867	0	2	3154	3	0	3000
VL	346	Response	1	1736601	5414	1
VL	347	Picture	10	1738988	0	1	3153	2	0	3000
VL	348	Response	1	1745046	2739	1
VL	349	Picture	21	1750439	0	2	3154	3	0	3000
VL	350	Response	2	1753870	111	2
VL	351	Picture	21	1759900	0	1	3153	2	0	3000
VL	351	Response	1	1763171	3271	1
VL	352	Response	2	1764099	880	38
VL	353	Picture	21	1769028	0	1	3153	3	0	3000
VL	354	Response	2	1773162	815	1
VL	355	Picture	10	1779816	0	1	3153	3	0	3000
VL	356	Response	1	1783819	684	2
VL	357	Picture	21	1790272	0	1	3154	2	0	3000
VL	358	Response	2	1795212	1620	1
VL	359	Picture	21	1800728	0	1	3154	2	0	3000
VL	360	Response	2	1805544	1496	2
VL	361	Picture	11	1811516	0	2	3154	3	0	3000
VL	362	Response	1	1815492	656	1
VL	363	Picture	20	1820147	0	1	3153	2	0	3000
VL	364	Response	2	1825204	1738	1
VL	365	Picture	21	1830769	0	1	3153	2	0	3000
VL	366	Response	2	1835744	1656	1
VL	367	Picture	21	1842055	0	1	3153	2	0	3000
VL	368	Response	2	1846878	1504	1
VL	369	Picture	11	1851681	0	1	3153	2	0	3000
VL	370	Response	2	1857238	2238	1
VL	370	Response	1	1858914	3914	1
VL	371	Picture	20	1861805	0	1	3153	3	0	3000
VL	372	Response	2	1867924	2800	1
VL	373	Picture	20	1870933	0	2	3154	3	0	3000
VL	375	Picture	21	1881057	0	2	3154	3	0	3000
VL	376	Response	2	1885221	844	1
VL	377	Picture	11	1892343	0	2	3154	3	0	3000
VL	378	Response	1	1896145	482	1
VL	379	Picture	11	1901306	0	1	3153	2	0	3000
VL	380	Response	1	1904799	174	1
VL	381	Picture	20	1910434	0	1	3154	2	0	3000
VL	382	Response	2	1914312	559	1
VL	382	Response	1	1914553	800	1
VL	383	Picture	11	1919728	0	2	3154	3	0	3000
VL	384	Response	1	1930606	7558	1
VL	385	Picture	21	1931014	0	2	3154	3	0	3000
VL	386	Response	2	1937073	2739	1
VL	387	Picture	11	1941636	0	2	3154	3	0	3000
VL	388	Response	1	1946347	1391	1
VL	389	Picture	20	1952922	0	2	3154	3	0	3000
VL	390	Response	1	1956357	115	1
VL	390	Response	2	1956536	294	1
VL	391	Picture	11	1963544	0	2	3154	3	0	3000
VL	392	Response	1	1966897	33	1
VL	393	Picture	11	1973169	0	3	3155	4	0	3000
VL	394	Response	1	1978173	1683	1
VL	395	Picture	21	1982465	0	1	3153	3	0	3000
VL	396	Response	2	1987147	1363	1
VL	397	Picture	10	1992755	0	1	3153	3	0	3000
VL	398	Response	1	1998129	2055	1
VL	399	Picture	10	2003709	0	1	3154	2	0	3000
VL	401	Picture	10	2012505	0	2	3154	3	0	3000
VL	401	Response	1	2013477	972	1
VL	403	Picture	21	2021800	0	1	3153	2	0	3000
VL	403	Response	1	2023549	1749	1
VL	404	Response	2	2028273	3154	2
VL	405	Picture	20	2031758	0	1	3153	3	0	3000
VL	406	Response	1	2035740	663	2
VL	407	Picture	11	2042878	0	1	3153	2	0	3000
VL	408	Response	1	2048291	2094	1
VL	409	Picture	10	2053002	0	1	3153	3	0	3000
VL	410	Response	1	2060280	3959	1
VL	411	Picture	20	2061633	0	1	3153	2	0	3000
VL	412	Response	2	2069615	4663	1
VL	413	Picture	21	2072255	0	1	3153	2	0	3000
VL	414	Response	2	2077381	1807	2
VL	415	Picture	10	2081383	0	1	3153	2	0	3000
VL	416	Response	1	2087335	2633	1
VL	417	Picture	11	2091507	0	1	3153	3	0	3000
VL	418	Response	2	2095076	250	1
VL	419	Picture	11	2100303	0	2	3154	3	0	3000
VL	421	Picture	20	2109432	0	1	3153	2	0	3000
VL	422	Response	2	2116573	3822	2
VL	423	Picture	21	2120884	0	1	3142	19	0	3000
VL	424	Response	2	2125791	1588	1
VL	425	Picture	21	2131008	0	1	3153	2	0	3000
VL	426	Response	2	2134886	559	1
VL	427	Picture	10	2141298	0	1	3153	2	0	3000
VL	428	Response	1	2147289	2672	2
VL	429	Picture	20	2150260	0	2	3154	3	0	3000
VL	430	Response	1	2157740	4160	1
VL	431	Picture	11	2160218	0	2	3154	3	0	3000
VL	433	Picture	10	2169347	0	1	3153	2	0	3000
VL	433	Response	2	2170235	888	2
VL	435	Picture	11	2179305	0	1	3153	3	0	3000
VL	435	Response	2	2180845	1540	1
VL	435	Response	1	2181116	1811	1
VL	437	Picture	10	2190591	0	1	3153	2	0	3000
VL	438	Response	1	2194820	910	2
VL	439	Picture	10	2199719	0	2	3154	3	0	3000
VL	440	Response	1	2207815	4776	1
VL	441	Picture	11	2211005	0	1	3154	2	0	3000
VL	443	Picture	11	2222125	0	1	3154	2	0	3000
VL	443	Response	1	2222284	159	1
VL	445	Picture	20	2231585	0	2	3154	3	0	3000
VL	445	Response	1	2233886	2301	2
VL	447	Picture	21	2241212	0	1	3153	2	0	3000
VL	449	Picture	11	2252664	0	1	3153	2	0	3000
VL	451	Picture	21	2263120	0	1	3153	2	0	3000
VL	452	Response	2	2268073	1634	1
VL	453	Picture	10	2274572	0	1	3153	2	0	3000
VL	454	Response	1	2278878	987	1
VL	455	Picture	20	2283534	0	1	3153	2	0	3000
VL	456	Response	1	2289007	2154	1
VL	456	Response	2	2291634	4781	2
VL	457	Picture	21	2293326	0	1	3154	2	0	3000
VL	458	Response	1	2298436	1791	2
VL	458	Response	2	2299932	3287	2
VL	459	Picture	21	2302786	0	2	3154	3	0	3000
VL	460	Response	2	2308182	2076	1
VL	461	Picture	21	2313906	0	2	3154	3	0	3000
VL	462	Response	2	2318279	1053	1
VL	463	Picture	20	2324362	0	2	3154	3	0	3000
VL	464	Response	1	2329474	1792	2
VL	464	Response	2	2330851	3169	1
VL	465	Picture	20	2334321	0	1	3153	2	0	3000
VL	466	Response	2	2345181	7541	1
VL	467	Picture	10	2345441	0	1	3153	2	0	3000
VL	468	Response	1	2350970	2210	1
VL	469	Picture	11	2356395	0	1	3153	2	0	3000
VL	471	Picture	10	2365025	0	1	3153	3	0	3000
VL	473	Picture	20	2373655	0	2	3154	3	0	3000
VL	475	Picture	21	2384775	0	2	3154	3	0	3000
VL	477	Picture	20	2393904	0	1	3153	2	0	3000
VL	479	Picture	21	2403530	0	1	3153	3	0	3000
VL	480	Response	2	2410959	4110	1
VL	481	Picture	20	2414982	0	1	3153	2	0	3000
VL	482	Response	2	2420056	1755	1
VL	483	Picture	10	2425106	0	1	3153	3	0	3000
VL	484	Response	1	2430393	1968	1
VL	485	Picture	21	2435562	0	1	3154	2	0	3000
VL	486	Response	2	2440141	1260	1
VL	487	Picture	21	2446516	0	1	3154	2	0	3000
VL	487	Response	1	2449557	3041	1
VL	488	Response	2	2453340	3505	1
VL	489	Picture	10	2457138	0	1	3154	2	0	3000
VL	490	Response	2	2463203	2745	1
VL	490	Response	1	2465923	5465	2
VL	491	Picture	11	2468258	0	1	3154	2	0	3000
VL	492	Response	1	2474195	2618	1
VL	493	Picture	10	2477552	0	2	3154	3	0	3000
VL	494	Response	1	2482430	1558	3
VL	495	Picture	20	2489004	0	2	3154	3	0	3000
VL	496	Response	2	2493508	1184	2
VL	497	Picture	21	2499294	0	2	3154	3	0	3000
VL	498	Response	2	2503512	898	1
VL	499	Picture	11	2508921	0	1	3153	2	0	3000
VL	500	Response	1	2513609	1369	1
VL	501	Picture	21	2519875	0	1	3153	2	0	3000
VL	502	Response	2	2524592	1398	2
VL	503	Picture	10	2529003	0	1	3153	3	0	3000
VL	504	Response	1	2533867	1545	2
VL	505	Picture	21	2539625	0	1	3153	3	0	3000
VL	505	Response	2	2542874	3249	1
VL	507	Picture	10	2550745	0	1	3153	3	0	3000
VL	507	Response	2	2553745	3000	2
VL	508	Response	1	2554643	579	2
VL	509	Picture	10	2559541	0	2	3154	3	0	3000
VL	510	Response	2	2563569	708	1
VL	511	Picture	11	2570661	0	2	3154	3	0	3000
VL	513	Picture	10	2580288	0	1	3153	2	0	3000
VL	515	Picture	11	2590412	0	1	3153	2	0	3000
VL	517	Picture	10	2600868	0	1	3153	2	0	3000
VL	519	Picture	10	2610826	0	1	3153	3	0	3000
VL	521	Picture	20	2621282	0	1	3154	2	0	3000
VL	523	Picture	21	2631738	0	2	3154	3	0	3000
VL	525	Picture	20	2642194	0	2	3154	3	0	3000
VL	527	Picture	20	2653148	0	2	3154	3	0	3000
VL	529	Picture	21	2662111	0	1	3153	2	0	3000
VL	531	Picture	20	2671737	0	1	3153	2	0	3000
VL	533	Picture	11	2682525	0	1	3153	3	0	3000
VL	535	Picture	20	2693977	0	1	3153	2	0	3000
VL	537	Picture	11	2704931	0	1	3153	2	0	3000
VL	538	Response	1	2709760	1510	2
VL	539	Picture	20	2715387	0	1	3152	3	0	3000
VL	540	Response	2	2721838	3132	1
VL	541	Picture	20	2726839	0	1	3153	2	0	3000
VL	543	Picture	11	2737959	0	1	3153	2	0	3000
VL	544	Response	1	2741800	522	1
VL	545	Picture	20	2746921	0	2	3154	3	0	3000
VL	546	Response	2	2751455	1214	2
VL	547	Picture	21	2756879	0	2	3154	3	0	3000
VL	548	Response	2	2762379	2180	2
VL	548	Response	1	2762710	2511	1
VL	548	Response	2	2766429	6230	1
VL	549	Picture	20	2767501	0	2	3154	3	0	3000
VL	549	Response	2	2769586	2085	1
VL	549	Response	1	2769826	2325	1
VL	550	Response	2	2771809	988	1
VL	550	Response	1	2772289	1468	1
VL	550	Response	1	2774083	3262	1
VL	550	Response	2	2774414	3593	1
VL	550	Response	2	2775970	5149	1
VL	550	Response	1	2776271	5450	1
VL	550	Response	1	2778047	7226	2
VL	550	Response	2	2778226	7405	1
VL	551	Picture	10	2778455	0	2	3154	3	0	3000
VL	551	Response	1	2780272	1817	1
VL	551	Response	2	2780450	1995	1
VL	552	Response	2	2782342	567	1
VL	552	Response	1	2782552	777	1
VL	552	Response	1	2784532	2757	1
VL	552	Response	2	2784711	2936	1
VL	552	Response	2	2786417	4642	1
VL	552	Response	1	2786687	4912	2
VL	553	Picture	11	2787418	0	1	3153	2	0	3000
VL	553	Response	2	2788548	1130	1
VL	553	Response	1	2788788	1370	2
VL	553	Response	2	2790615	3197	2
VL	554	Response	1	2790856	119	1
VL	554	Response	2	2792987	2250	1
VL	554	Response	1	2793197	2460	1
VL	554	Response	2	2795211	4474	1
VL	554	Response	1	2795451	4714	1
VL	555	Picture	11	2795882	0	1	3154	2	0	3000
VL	555	Response	2	2797344	1462	1
VL	555	Response	1	2797584	1702	1
VL	556	Response	2	2799688	486	1
VL	556	Response	1	2799866	664	2
VL	556	Response	1	2801931	2729	1
VL	556	Response	2	2802111	2909	1
VL	556	Response	2	2803908	4706	1
VL	556	Response	1	2804239	5037	1
VL	557	Picture	10	2804843	0	3	3155	4	0	3000
VL	557	Response	2	2806096	1253	1
VL	557	Response	1	2806336	1493	1
VL	559	Picture	20	2813973	0	1	3153	2	0	3000
VL	560	Response	2	2819415	2123	2
VL	561	Picture	21	2824595	0	1	3153	2	0	3000
VL	561	Response	1	2827894	3299	1
VL	562	Response	2	2835512	7598	1
VL	563	Picture	21	2835549	0	1	3153	3	0	3000
VL	565	Picture	21	2845009	0	2	3154	3	0	3000
VL	566	Response	2	2851314	2985	1
VL	567	Picture	20	2856461	0	1	3154	2	0	3000
VL	569	Picture	20	2866917	0	2	3154	3	0	3000
VL	571	Picture	10	2875880	0	1	3153	2	0	3000
VL	573	Picture	10	2886834	0	1	3153	2	0	3000
VL	575	Picture	10	2896792	0	1	3153	2	0	3000
VL	576	Response	1	2901526	1415	2
VL	577	Picture	10	2907912	0	1	3153	2	0	3000
VL	578	Response	1	2913898	2667	1
VL	579	Picture	10	2917040	0	1	3153	3	0	3000
VL	580	Response	1	2921138	779	1
VL	581	Picture	10	2928160	0	1	3153	3	0	3000
VL	581	Response	1	2931277	3117	2
VL	583	Picture	11	2938450	0	1	3154	2	0	3000
VL	584	Response	1	2942648	878	1
VL	585	Picture	20	2948906	0	2	3154	3	0	3000
VL	586	Response	2	2954136	1910	2
VL	587	Picture	21	2959030	0	2	3154	3	0	3000
VL	588	Response	2	2962963	613	1
VL	589	Picture	20	2968657	0	1	3153	2	0	3000
VL	589	Response	2	2971948	3291	1
VL	591	Picture	21	2978615	0	1	3153	2	0	3000
VL	591	Response	2	2981521	2906	1
VL	593	Picture	10	2989071	0	1	3153	2	0	3000
VL	593	Response	2	2989795	724	1
VL	595	Picture	20	2998531	0	1	3154	2	0	3000
VL	595	Response	1	2999295	764	1
VL	596	Response	2	3003634	1783	1
VL	597	Picture	20	3008987	0	2	3154	3	0	3000
VL	598	Response	1	3012932	625	1
VL	598	Response	2	3013920	1613	1
VL	599	Picture	10	3019775	0	2	3154	3	0	3000
VL	600	Response	2	3024004	909	6
VL	600	Response	1	3025949	2854	1
VL	601	Picture	11	3030231	0	2	3154	3	0	3000
VL	602	Response	1	3035002	1451	1


Event Type	Code	Type	Response	RT	RT Uncertainty	Time	Uncertainty	Duration	Uncertainty	ReqTime	ReqDur

Picture	21	other				10414	1	3153	2	0	3000
Picture	10	other				21865	2	3154	3	0	3000
Picture	21	other				33151	2	3154	3	0	3000
Picture	11	other				41948	1	3153	2	0	3000
Picture	10	other				53068	1	3153	2	0	3000
Picture	10	other				61864	1	3154	2	0	3000
Picture	21	other				73316	1	3154	2	0	3000
Picture	11	other				84104	1	3154	2	0	3000
Picture	20	other				94560	1	3154	2	0	3000
Picture	21	other				105846	1	3154	2	0	3000
Picture	11	other				116966	1	3154	2	0	3000
Picture	20	other				128252	1	3153	3	0	3000
Picture	10	other				139538	1	3153	3	0	3000
Picture	10	other				148334	2	3154	3	0	3000
Picture	11	other				157297	1	3153	2	0	3000
Picture	10	other				166093	1	3154	2	0	3000
Picture	10	other				175553	2	3154	3	0	3000
Picture	10	other				186341	2	3154	3	0	3000
Picture	21	other				196964	1	3153	2	0	3000
Picture	21	other				205926	1	3153	2	0	3000
Picture	10	other				216714	1	3153	2	0	3000
Picture	21	other				227004	1	3153	3	0	3000
Picture	20	other				238290	1	3153	2	0	3000
Picture	11	other				247750	2	3154	3	0	3000
Picture	10	other				258372	2	3154	3	0	3000
Picture	21	other				268828	2	3154	3	0	3000
Picture	20	other				278123	1	3153	2	0	3000
Picture	20	other				288247	1	3153	2	0	3000
Picture	20	other				298703	1	3153	2	0	3000
Picture	11	other				308827	1	3153	3	0	3000
Picture	10	other				319117	1	3154	2	0	3000
Picture	11	other				328245	2	3154	3	0	3000
Picture	11	other				337208	1	3153	2	0	3000
Picture	21	other				346336	1	3154	2	0	3000
Picture	21	other				357456	1	3154	2	0	3000
Picture	21	other				367414	2	3154	3	0	3000
Picture	11	other				376377	1	3153	2	0	3000
Picture	10	other				386501	1	3153	2	0	3000
Picture	11	other				396459	1	3153	3	0	3000
Picture	11	other				405753	2	3154	3	0	3000
Picture	20	other				415048	1	3153	2	0	3000
Picture	10	other				424840	1	3153	2	0	3000
Picture	11	other				434466	1	3153	3	0	3000
Picture	11	other				443262	2	3154	3	0	3000
Picture	11	other				452059	1	3153	2	0	3000
Picture	20	other				461187	1	3153	3	0	3000
Picture	21	other				471975	1	3154	2	0	3000
Picture	20	other				483261	1	3154	2	0	3000
Picture	20	other				493385	2	3154	3	0	3000
Picture	21	other				503011	2	3154	3	0	3000
Picture	21	other				513634	1	3153	2	0	3000
Picture	10	other				524753	2	3154	3	0	3000
Picture	21	other				534546	1	3153	2	0	3000
Picture	21	other				545334	1	3153	2	0	3000
Picture	10	other				555292	1	3153	2	0	3000
Picture	11	other				566744	1	3153	2	0	3000
Picture	21	other				575872	2	3154	3	0	3000
Picture	20	other				585498	2	3154	3	0	3000
Picture	10	other				596452	2	3154	3	0	3000
Picture	11	other				606577	1	3153	2	0	3000
Picture	20	other				617862	2	3154	3	0	3000
Picture	11	other				626991	1	3153	2	0	3000
Picture	20	other				636617	1	3153	3	0	3000
Picture	10	other				646243	2	3154	3	0	3000
Picture	11	other				655538	1	3153	2	0	3000
Picture	10	other				665496	1	3153	2	0	3000
Picture	10	other				674458	1	3153	3	0	3000
Picture	20	other				685578	2	3153	4	0	3000
Picture	10	other				696034	1	3154	2	0	3000
Picture	11	other				704665	1	3153	2	0	3000
Picture	11	other				715619	1	3153	2	0	3000
Picture	21	other				724415	1	3153	3	0	3000
Picture	10	other				735203	1	3153	3	0	3000
Picture	11	other				743668	1	3153	2	0	3000
Picture	21	other				753294	1	3153	2	0	3000
Picture	10	other				763418	1	3153	2	0	3000
Picture	11	other				772214	2	3154	3	0	3000
Picture	11	other				782006	2	3154	3	0	3000
Picture	11	other				792960	2	3154	3	0	3000
Picture	10	other				801923	1	3153	2	0	3000
Picture	20	other				811549	1	3153	3	0	3000
Picture	11	other				820677	2	3154	3	0	3000
Picture	11	other				829474	1	3153	2	0	3000
Picture	10	other				840594	1	3153	2	0	3000
Picture	11	other				851382	1	3153	2	0	3000
Picture	20	other				860510	1	3154	2	0	3000
Picture	11	other				870468	2	3154	3	0	3000
Picture	21	other				880095	1	3153	2	0	3000
Picture	10	other				891215	1	3153	2	0	3000
Picture	21	other				899845	1	3153	2	0	3000
Picture	20	other				909139	2	3154	3	0	3000
Picture	21	other				920093	2	3154	3	0	3000
Picture	10	other				929553	2	3154	3	0	3000
Picture	11	other				941005	2	3154	3	0	3000
Picture	10	other				950300	1	3153	2	0	3000
Picture	11	other				960424	1	3153	2	0	3000
Picture	11	other				969386	1	3154	2	0	3000
Picture	11	other				978349	1	3153	2	0	3000
Picture	10	other				987145	1	3153	2	0	3000
Picture	20	other				997601	1	3153	3	0	3000
Picture	21	other				1006895	2	3154	3	0	3000
Picture	10	other				1016190	1	3153	2	0	3000
Picture	20	other				1026480	1	3153	2	0	3000
Picture	21	other				1035774	1	3154	2	0	3000
Picture	11	other				1045566	2	3154	3	0	3000
Picture	20	other				1056354	2	3154	3	0	3000
Picture	20	other				1065981	1	3153	2	0	3000
Picture	21	other				1075109	1	3153	2	0	3000
Picture	10	other				1085731	1	3153	2	0	3000
Picture	20	other				1095191	1	3154	2	0	3000
Picture	20	other				1105813	2	3154	3	0	3000
Picture	20	other				1114444	1	3153	2	0	3000
Picture	11	other				1123074	1	3154	2	0	3000
Picture	21	other				1132534	2	3154	3	0	3000
Picture	20	other				1140999	1	3153	2	0	3000
Picture	20	other				1149795	2	3154	3	0	3000
Picture	21	other				1158592	1	3153	2	0	3000
Picture	11	other				1168550	1	3153	2	0	3000
Picture	10	other				1178508	1	3153	3	0	3000
Picture	20	other				1189628	1	3153	3	0	3000
Picture	10	other				1199088	2	3154	3	0	3000
Picture	20	other				1209876	2	3154	3	0	3000
Picture	10	other				1219502	2	3154	3	0	3000
Picture	10	other				1228963	1	3153	2	0	3000
Picture	11	other				1238755	1	3153	3	0	3000
Picture	20	other				1248381	1	3154	2	0	3000
Picture	21	other				1258173	2	3154	3	0	3000
Picture	21	other				1266804	1	3153	2	0	3000
Picture	20	other				1276596	1	3153	3	0	3000
Picture	21	other				1287218	1	3153	3	0	3000
Picture	10	other				1298172	1	3153	3	0	3000
Picture	11	other				1309458	2	3153	4	0	3000
Picture	10	other				1318918	2	3154	3	0	3000
Picture	20	other				1329540	2	3154	3	0	3000
Picture	21	other				1340328	2	3154	3	0	3000
Picture	11	other				1349457	1	3153	2	0	3000
Picture	10	other				1360743	1	3153	2	0	3000
Picture	21	other				1370867	1	3153	2	0	3000
Picture	21	other				1380493	1	3153	3	0	3000
Picture	20	other				1390119	2	3154	3	0	3000
Picture	21	other				1399082	1	3153	2	0	3000
Picture	20	other				1408210	1	3153	3	0	3000
Picture	11	other				1416840	2	3154	3	0	3000
Picture	21	other				1425471	1	3153	2	0	3000
Picture	20	other				1435927	1	3153	2	0	3000
Picture	10	other				1444391	2	3154	3	0	3000
Picture	20	other				1454516	1	3153	2	0	3000
Picture	10	other				1463644	1	3153	2	0	3000
Picture	21	other				1474930	1	3153	2	0	3000
Picture	21	other				1484888	1	3153	2	0	3000
Picture	21	other				1515094	2	3154	3	0	3000
Picture	21	other				1525550	2	3154	3	0	3000
Picture	10	other				1534181	1	3153	2	0	3000
Picture	20	other				1544139	1	3154	2	0	3000
Picture	21	other				1553765	2	3154	3	0	3000
Picture	10	other				1563060	1	3153	2	0	3000
Picture	11	other				1572686	1	3153	2	0	3000
Picture	21	other				1581316	2	3154	3	0	3000
Picture	21	other				1591606	2	3154	3	0	3000
Picture	11	other				1602892	2	3154	3	0	3000
Picture	20	other				1613348	2	3154	3	0	3000
Picture	20	other				1624302	2	3154	3	0	3000
Picture	10	other				1635422	2	3154	3	0	3000
Picture	20	other				1645215	1	3153	2	0	3000
Picture	10	other				1656667	1	3153	2	0	3000
Picture	21	other				1665463	1	3153	2	0	3000
Picture	11	other				1676251	1	3153	3	0	3000
Picture	20	other				1687537	1	3153	2	0	3000
Picture	11	other				1696665	2	3154	3	0	3000
Picture	21	other				1708117	1	3154	2	0	3000
Picture	11	other				1716748	1	3153	2	0	3000
Picture	11	other				1727867	2	3154	3	0	3000
Picture	10	other				1738988	1	3153	2	0	3000
Picture	21	other				1750439	2	3154	3	0	3000
Picture	21	other				1759900	1	3153	2	0	3000
Picture	21	other				1769028	1	3153	3	0	3000
Picture	10	other				1779816	1	3153	3	0	3000
Picture	21	other				1790272	1	3154	2	0	3000
Picture	21	other				1800728	1	3154	2	0	3000
Picture	11	other				1811516	2	3154	3	0	3000
Picture	20	other				1820147	1	3153	2	0	3000
Picture	21	other				1830769	1	3153	2	0	3000
Picture	21	other				1842055	1	3153	2	0	3000
Picture	11	other				1851681	1	3153	2	0	3000
Picture	20	other				1861805	1	3153	3	0	3000
Picture	20	other				1870933	2	3154	3	0	3000
Picture	21	other				1881057	2	3154	3	0	3000
Picture	11	other				1892343	2	3154	3	0	3000
Picture	11	other				1901306	1	3153	2	0	3000
Picture	20	other				1910434	1	3154	2	0	3000
Picture	11	other				1919728	2	3154	3	0	3000
Picture	21	other				1931014	2	3154	3	0	3000
Picture	11	other				1941636	2	3154	3	0	3000
Picture	20	other				1952922	2	3154	3	0	3000
Picture	11	other				1963544	2	3154	3	0	3000
Picture	11	other				1973169	3	3155	4	0	3000
Picture	21	other				1982465	1	3153	3	0	3000
Picture	10	other				1992755	1	3153	3	0	3000
Picture	10	other				2003709	1	3154	2	0	3000
Picture	10	other				2012505	2	3154	3	0	3000
Picture	21	other				2021800	1	3153	2	0	3000
Picture	20	other				2031758	1	3153	3	0	3000
Picture	11	other				2042878	1	3153	2	0	3000
Picture	10	other				2053002	1	3153	3	0	3000
Picture	20	other				2061633	1	3153	2	0	3000
Picture	21	other				2072255	1	3153	2	0	3000
Picture	10	other				2081383	1	3153	2	0	3000
Picture	11	other				2091507	1	3153	3	0	3000
Picture	11	other				2100303	2	3154	3	0	3000
Picture	20	other				2109432	1	3153	2	0	3000
Picture	21	other				2120884	1	3142	19	0	3000
Picture	21	other				2131008	1	3153	2	0	3000
Picture	10	other				2141298	1	3153	2	0	3000
Picture	20	other				2150260	2	3154	3	0	3000
Picture	11	other				2160218	2	3154	3	0	3000
Picture	10	other				2169347	1	3153	2	0	3000
Picture	11	other				2179305	1	3153	3	0	3000
Picture	10	other				2190591	1	3153	2	0	3000
Picture	10	other				2199719	2	3154	3	0	3000
Picture	11	other				2211005	1	3154	2	0	3000
Picture	11	other				2222125	1	3154	2	0	3000
Picture	20	other				2231585	2	3154	3	0	3000
Picture	21	other				2241212	1	3153	2	0	3000
Picture	11	other				2252664	1	3153	2	0	3000
Picture	21	other				2263120	1	3153	2	0	3000
Picture	10	other				2274572	1	3153	2	0	3000
Picture	20	other				2283534	1	3153	2	0	3000
Picture	21	other				2293326	1	3154	2	0	3000
Picture	21	other				2302786	2	3154	3	0	3000
Picture	21	other				2313906	2	3154	3	0	3000
Picture	20	other				2324362	2	3154	3	0	3000
Picture	20	other				2334321	1	3153	2	0	3000
Picture	10	other				2345441	1	3153	2	0	3000
Picture	11	other				2356395	1	3153	2	0	3000
Picture	10	other				2365025	1	3153	3	0	3000
Picture	20	other				2373655	2	3154	3	0	3000
Picture	21	other				2384775	2	3154	3	0	3000
Picture	20	other				2393904	1	3153	2	0	3000
Picture	21	other				2403530	1	3153	3	0	3000
Picture	20	other				2414982	1	3153	2	0	3000
Picture	10	other				2425106	1	3153	3	0	3000
Picture	21	other				2435562	1	3154	2	0	3000
Picture	21	other				2446516	1	3154	2	0	3000
Picture	10	other				2457138	1	3154	2	0	3000
Picture	11	other				2468258	1	3154	2	0	3000
Picture	10	other				2477552	2	3154	3	0	3000
Picture	20	other				2489004	2	3154	3	0	3000
Picture	21	other				2499294	2	3154	3	0	3000
Picture	11	other				2508921	1	3153	2	0	3000
Picture	21	other				2519875	1	3153	2	0	3000
Picture	10	other				2529003	1	3153	3	0	3000
Picture	21	other				2539625	1	3153	3	0	3000
Picture	10	other				2550745	1	3153	3	0	3000
Picture	10	other				2559541	2	3154	3	0	3000
Picture	11	other				2570661	2	3154	3	0	3000
Picture	10	other				2580288	1	3153	2	0	3000
Picture	11	other				2590412	1	3153	2	0	3000
Picture	10	other				2600868	1	3153	2	0	3000
Picture	10	other				2610826	1	3153	3	0	3000
Picture	20	other				2621282	1	3154	2	0	3000
Picture	21	other				2631738	2	3154	3	0	3000
Picture	20	other				2642194	2	3154	3	0	3000
Picture	20	other				2653148	2	3154	3	0	3000
Picture	21	other				2662111	1	3153	2	0	3000
Picture	20	other				2671737	1	3153	2	0	3000
Picture	11	other				2682525	1	3153	3	0	3000
Picture	20	other				2693977	1	3153	2	0	3000
Picture	11	other				2704931	1	3153	2	0	3000
Picture	20	other				2715387	1	3152	3	0	3000
Picture	20	other				2726839	1	3153	2	0	3000
Picture	11	other				2737959	1	3153	2	0	3000
Picture	20	other				2746921	2	3154	3	0	3000
Picture	21	other				2756879	2	3154	3	0	3000
Picture	20	other				2767501	2	3154	3	0	3000
Picture	10	other				2778455	2	3154	3	0	3000
Picture	11	other				2787418	1	3153	2	0	3000
Picture	11	other				2795882	1	3154	2	0	3000
Picture	10	other				2804843	3	3155	4	0	3000
Picture	20	other				2813973	1	3153	2	0	3000
Picture	21	other				2824595	1	3153	2	0	3000
Picture	21	other				2835549	1	3153	3	0	3000
Picture	21	other				2845009	2	3154	3	0	3000
Picture	20	other				2856461	1	3154	2	0	3000
Picture	20	other				2866917	2	3154	3	0	3000
Picture	10	other				2875880	1	3153	2	0	3000
Picture	10	other				2886834	1	3153	2	0	3000
Picture	10	other				2896792	1	3153	2	0	3000
Picture	10	other				2907912	1	3153	2	0	3000
Picture	10	other				2917040	1	3153	3	0	3000
Picture	10	other				2928160	1	3153	3	0	3000
Picture	11	other				2938450	1	3154	2	0	3000
Picture	20	other				2948906	2	3154	3	0	3000
Picture	21	other				2959030	2	3154	3	0	3000
Picture	20	other				2968657	1	3153	2	0	3000
Picture	21	other				2978615	1	3153	2	0	3000
Picture	10	other				2989071	1	3153	2	0	3000
Picture	20	other				2998531	1	3154	2	0	3000
Picture	20	other				3008987	2	3154	3	0	3000
Picture	10	other				3019775	2	3154	3	0	3000
Picture	11	other				3030231	2	3154	3	0	3000
