Scenario - EFT lento Abril 2011
Logfile written - 04/26/2011 12:49:15

Subject	Trial	Event Type	Code	Time	TTime	Uncertainty	Duration	Uncertainty	ReqTime	ReqDur

VL	2	Picture	21	10414	0	1	3153	2	0	3000
VL	3	Response	2	17383	3650	2
VL	4	Picture	10	44935	0	2	3154	3	0	3000
VL	5	Response	1	53147	4892	2
VL	6	Picture	11	75142	0	1	3153	2	0	3000
VL	7	Response	1	79974	1513	1
VL	8	Picture	21	111821	0	1	3154	2	0	3000
VL	9	Response	2	116158	1017	1
VL	9	Response	1	117385	2244	1
VL	10	Picture	20	150990	0	1	3153	2	0	3000
VL	11	Response	2	159101	4796	2
VL	12	Picture	11	188001	0	1	3154	2	0	3000
VL	13	Response	1	192748	1427	1
VL	14	Picture	10	216548	0	1	3153	2	0	3000
VL	15	Response	1	225976	6109	2
VL	16	Picture	10	246257	0	1	3153	2	0	3000
VL	17	Response	1	252802	3226	1
VL	18	Picture	21	275301	0	2	3154	3	0	3000
VL	19	Response	2	284408	5787	1
VL	20	Picture	11	306670	0	1	3153	2	0	3000
VL	21	Response	1	312999	3010	1
VL	22	Picture	20	341357	0	1	3154	2	0	3000
VL	23	Response	2	348056	3379	2
VL	24	Picture	11	381356	0	1	3153	2	0	3000
VL	25	Response	1	386861	2186	1
VL	26	Picture	11	418533	0	1	3153	3	0	3000
VL	28	Picture	10	457536	0	1	3153	2	0	3000
VL	29	Response	1	465619	4764	1
VL	30	Picture	11	494215	0	2	3154	3	0	3000
VL	31	Response	1	506426	8891	2
VL	32	Picture	10	531724	0	2	3154	3	0	3000
VL	33	Response	1	538639	3595	1
VL	34	Picture	21	564088	0	2	3154	3	0	3000
VL	35	Response	2	570803	3395	2
VL	36	Picture	20	595789	0	1	3153	2	0	3000
VL	37	Response	2	610771	11663	1
VL	38	Picture	21	629646	0	2	3154	3	0	3000
VL	39	Response	2	637644	4678	2
VL	40	Picture	21	661347	0	1	3153	2	0	3000
VL	41	Response	2	667442	2776	2
VL	42	Picture	20	694209	0	1	3153	2	0	3000
VL	43	Response	2	702322	4794	2
VL	44	Picture	10	725577	0	1	3153	2	0	3000
VL	45	Response	1	733124	4228	1
VL	46	Picture	11	761094	0	2	3154	3	0	3000
VL	47	Response	1	768895	4481	1
VL	48	Picture	21	796280	0	1	3153	2	0	3000
VL	49	Response	1	802918	3319	1
VL	50	Picture	10	828810	0	1	3153	3	0	3000
VL	51	Response	1	838392	6263	1
VL	52	Picture	21	859182	0	2	3154	3	0	3000
VL	54	Picture	11	899513	0	1	3154	2	0	3000
VL	55	Response	1	907402	4570	1
VL	56	Picture	10	928890	0	1	3153	2	0	3000
VL	57	Response	1	943619	11410	1
VL	58	Picture	10	969054	0	2	3154	3	0	3000
VL	60	Picture	10	1008555	0	1	3154	2	0	3000
VL	61	Response	1	1015254	3379	2
VL	62	Picture	21	1040421	0	2	3154	3	0	3000
VL	64	Picture	20	1071956	0	1	3153	2	0	3000
VL	65	Response	1	1077358	2083	1
VL	65	Response	2	1080336	5061	2
VL	66	Picture	11	1106809	0	1	3154	2	0	3000
VL	68	Picture	10	1137016	0	1	3153	2	0	3000
VL	69	Response	1	1143677	3342	1
VL	70	Picture	21	1165562	0	2	3154	3	0	3000
VL	71	Response	2	1171769	2887	1
VL	72	Picture	11	1200250	0	1	3154	2	0	3000
VL	73	Response	1	1204386	816	2
VL	74	Picture	21	1228797	0	1	3153	2	0	3000
VL	75	Response	2	1235373	3257	1
VL	76	Picture	21	1261991	0	1	3153	2	0	3000
VL	78	Picture	11	1292363	0	2	3154	3	0	3000
VL	79	Response	1	1297507	1824	1
VL	80	Picture	20	1328711	0	1	3153	2	0	3000
VL	81	Response	2	1337788	5758	1
VL	82	Picture	21	1357921	0	2	3154	3	0	3000
VL	83	Response	2	1365763	4522	1
VL	84	Picture	21	1396924	0	1	3154	2	0	3000
VL	85	Response	2	1403412	3168	1
VL	86	Picture	21	1429122	0	2	3154	3	0	3000
VL	87	Response	2	1435449	3007	1
VL	88	Picture	11	1461818	0	2	3154	3	0	3000
VL	89	Response	1	1473569	8431	1
VL	90	Picture	11	1500489	0	1	3154	2	0	3000
VL	91	Response	1	1506997	3188	1
VL	92	Picture	10	1536837	0	1	3153	2	0	3000
VL	93	Response	1	1546154	5998	2
VL	94	Picture	11	1570030	0	2	3154	3	0	3000
VL	95	Response	1	1576222	2872	1
VL	96	Picture	21	1604718	0	1	3154	2	0	3000
VL	97	Response	2	1612725	4687	1
VL	98	Picture	20	1635920	0	2	3154	3	0	3000
VL	99	Response	1	1643745	4505	1
VL	99	Response	2	1646959	7719	1
VL	100	Picture	10	1665297	0	1	3153	3	0	3000
VL	101	Response	1	1679303	10687	1
VL	102	Picture	20	1700649	0	1	3153	2	0	3000
VL	103	Response	2	1709136	5168	1
VL	104	Picture	20	1739983	0	2	3154	3	0	3000
VL	105	Response	2	1745610	2307	1
VL	106	Picture	10	1772679	0	2	3154	3	0	3000
VL	107	Response	1	1780374	4375	1
VL	108	Picture	20	1804214	0	1	3153	2	0	3000
VL	109	Response	2	1809939	2406	1
VL	110	Picture	21	1843714	0	2	3154	3	0	3000
VL	111	Response	2	1851749	4715	1
VL	112	Picture	10	1876079	0	1	3153	2	0	3000
VL	113	Response	1	1882816	3418	1
VL	114	Picture	21	1911430	0	1	3153	3	0	3000
VL	115	Response	1	1915014	265	1
VL	115	Response	2	1916510	1761	1
VL	116	Picture	10	1945620	0	1	3153	2	0	3000
VL	117	Response	1	1952865	3926	1
VL	118	Picture	21	1977818	0	1	3153	2	0	3000
VL	119	Response	2	1984799	3662	1
VL	120	Picture	11	2013833	0	2	3154	3	0	3000
VL	121	Response	1	2019209	2056	1
VL	122	Picture	21	2042712	0	1	3153	3	0	3000
VL	123	Response	2	2054265	8234	3
VL	124	Picture	11	2078230	0	1	3153	2	0	3000
VL	125	Response	1	2084294	2745	2
VL	126	Picture	10	2110594	0	1	3153	2	0	3000
VL	127	Response	1	2116636	2723	1
VL	128	Picture	20	2140136	0	2	3154	3	0	3000
VL	129	Response	2	2146939	3483	2
VL	129	Response	1	2171482	28026	1
VL	130	Picture	10	2174326	0	1	3153	3	0	3000
VL	132	Picture	21	2205030	0	2	3154	3	0	3000
VL	133	Response	2	2211699	3349	1
VL	134	Picture	21	2240548	0	1	3153	2	0	3000
VL	135	Response	2	2245554	1687	1
VL	136	Picture	21	2269759	0	1	3153	2	0	3000
VL	137	Response	2	2276454	3376	1
VL	138	Picture	11	2301293	0	1	3153	2	0	3000
VL	139	Response	1	2307769	3157	2
VL	140	Picture	21	2341457	0	2	3154	3	0	3000
VL	141	Response	2	2346804	2027	1
VL	142	Picture	20	2379133	0	1	3153	2	0	3000
VL	143	Response	1	2386307	3855	1
VL	143	Response	2	2386517	4065	1
VL	144	Picture	21	2410169	0	1	3153	2	0	3000
VL	145	Response	2	2417250	3762	2
VL	146	Picture	20	2439877	0	2	3154	3	0	3000
VL	148	Picture	21	2479046	0	2	3154	3	0	3000
VL	150	Picture	10	2519211	0	1	3153	2	0	3000
VL	152	Picture	20	2554229	0	4	3155	5	0	3000
VL	153	Response	2	2560641	3091	1
VL	154	Picture	10	2588752	0	2	3154	3	0	3000
VL	155	Response	1	2598061	5989	2
VL	156	Picture	11	2621614	0	1	3154	2	0	3000
VL	158	Picture	10	2650327	0	1	3153	2	0	3000
VL	160	Picture	10	2684517	0	1	3153	2	0	3000
VL	161	Response	1	2691669	3833	1
VL	162	Picture	20	2713229	0	2	3154	3	0	3000
VL	163	Response	2	2723864	7315	1
VL	164	Picture	11	2751236	0	2	3154	3	0	3000
VL	165	Response	1	2757835	3279	2
VL	166	Picture	11	2782937	0	1	3153	2	0	3000
VL	168	Picture	10	2822105	0	2	3154	3	0	3000
VL	169	Response	1	2828324	2899	2
VL	170	Picture	11	2857789	0	1	3153	3	0	3000
VL	171	Response	1	2863596	2488	1
VL	172	Picture	10	2894136	0	2	3154	3	0	3000
VL	174	Picture	11	2929322	0	1	3153	2	0	3000
VL	175	Response	1	2934141	1500	2
VL	176	Picture	20	2959528	0	2	3154	3	0	3000
VL	177	Response	2	2966809	3961	1
VL	178	Picture	11	2988905	0	1	3153	3	0	3000
VL	179	Response	1	2997680	5456	2
VL	180	Picture	11	3029236	0	1	3153	2	0	3000
VL	181	Response	1	3038171	5616	2
VL	182	Picture	20	3060106	0	1	3153	3	0	3000
VL	184	Picture	20	3092802	0	1	3153	3	0	3000
VL	186	Picture	20	3127324	0	1	3153	2	0	3000
VL	187	Response	2	3141729	11086	1
VL	188	Picture	21	3163007	0	1	3154	2	0	3000
VL	189	Response	2	3168584	2258	1
VL	190	Picture	21	3198193	0	1	3153	2	0	3000
VL	191	Response	2	3204761	3249	1
VL	191	Response	2	3211270	9758	1
VL	192	Picture	20	3234042	0	1	3154	2	0	3000
VL	193	Response	2	3242363	5001	1
VL	194	Picture	21	3264581	0	1	3153	2	0	3000
VL	195	Response	2	3270707	2807	1
VL	196	Picture	20	3304911	0	2	3154	3	0	3000
VL	197	Response	2	3312997	4766	1
VL	198	Picture	21	3336113	0	2	3154	3	0	3000
VL	199	Response	2	3344185	4752	1
VL	200	Picture	20	3372959	0	1	3153	2	0	3000
VL	201	Response	2	3378595	2317	2
VL	201	Response	1	3379972	3694	1
VL	202	Picture	20	3403165	0	2	3154	3	0	3000
VL	204	Picture	20	3434534	0	1	3153	2	0	3000
VL	205	Response	2	3440230	2377	1
VL	206	Picture	11	3466400	0	1	3153	2	0	3000
VL	207	Response	1	3475047	5328	1
VL	208	Picture	20	3499594	0	1	3153	2	0	3000
VL	210	Picture	21	3530796	0	1	3153	2	0	3000
VL	211	Response	2	3536468	2353	1
VL	212	Picture	20	3569799	0	1	3153	2	0	3000
VL	213	Response	2	3575960	2842	1
VL	214	Picture	21	3600669	0	1	3154	2	0	3000
VL	216	Picture	21	3632203	0	2	3154	3	0	3000
VL	218	Picture	20	3664567	0	2	3154	3	0	3000
VL	220	Picture	10	3705064	0	1	3153	3	0	3000
VL	221	Response	1	3714428	6045	1
VL	222	Picture	10	3743569	0	1	3153	3	0	3000
VL	224	Picture	11	3776431	0	1	3153	3	0	3000
VL	225	Response	1	3786657	6907	2
VL	226	Picture	11	3807301	0	2	3154	3	0	3000
VL	227	Response	1	3816098	5477	1
VL	228	Picture	20	3841159	0	1	3154	2	0	3000
VL	229	Response	2	3849182	4704	1
VL	230	Picture	20	3869706	0	1	3153	2	0	3000
VL	231	Response	2	3877155	4130	2
VL	232	Picture	11	3898253	0	1	3153	2	0	3000
VL	233	Response	1	3908622	7050	1
VL	234	Picture	10	3935430	0	1	3153	2	0	3000
VL	235	Response	1	3943266	4517	2
VL	236	Picture	10	3974765	0	1	3153	2	0	3000
VL	237	Response	1	3983992	5908	2
VL	238	Picture	11	4007461	0	1	3153	2	0	3000
VL	239	Response	1	4016440	5660	4
VL	240	Picture	11	4036173	0	2	3154	3	0	3000
VL	241	Response	1	4041923	2430	1
VL	242	Picture	20	4072853	0	1	3153	2	0	3000
VL	243	Response	1	4084411	8239	1
VL	243	Response	2	4085728	9556	1
VL	243	Response	1	4101159	24987	1
VL	244	Picture	10	4102063	0	2	3154	3	0	3000
VL	245	Response	1	4110660	5277	2
VL	246	Picture	11	4130610	0	2	3154	3	0	3000
VL	247	Response	1	4137213	3283	1
VL	248	Picture	10	4165796	0	1	3153	2	0	3000
VL	249	Response	2	4171884	2769	1
VL	249	Response	1	4174217	5102	1
VL	250	Picture	20	4197662	0	1	3153	3	0	3000
VL	251	Response	1	4206897	5916	1
VL	252	Picture	21	4233511	0	2	3154	3	0	3000
VL	253	Response	2	4239550	2719	1
VL	254	Picture	11	4268531	0	1	3153	3	0	3000
VL	255	Response	1	4274469	2619	1
VL	256	Picture	10	4302555	0	1	3153	2	0	3000
VL	257	Response	1	4308964	3090	1
VL	258	Picture	20	4334587	0	1	3153	2	0	3000
VL	260	Picture	11	4363632	0	1	3153	2	0	3000
VL	261	Response	1	4368649	1698	1
VL	262	Picture	21	4400311	0	1	3153	2	0	3000
VL	264	Picture	11	4439314	0	1	3153	2	0	3000
VL	265	Response	1	4448875	6242	1
VL	266	Picture	10	4476159	0	1	3153	3	0	3000
VL	268	Picture	10	4516656	0	1	3153	2	0	3000
VL	269	Response	1	4525924	5949	2
VL	270	Picture	10	4552505	0	1	3153	3	0	3000
VL	271	Response	1	4564934	9110	2
VL	272	Picture	20	4582380	0	1	3153	2	0	3000
VL	273	Response	2	4600632	14933	2
VL	274	Picture	20	4615408	0	1	3153	2	0	3000
VL	275	Response	2	4623327	4600	1
VL	276	Picture	11	4647274	0	1	3153	2	0	3000
VL	277	Response	1	4657349	6756	1
VL	278	Picture	21	4683289	0	2	3154	3	0	3000
VL	279	Response	2	4690399	3790	1
VL	280	Picture	10	4713330	0	1	3153	2	0	3000
VL	281	Response	1	4719399	2750	1
VL	282	Picture	11	4749843	0	1	3153	3	0	3000
VL	283	Response	1	4756160	2998	1
VL	284	Picture	11	4782207	0	1	3154	2	0	3000
VL	285	Response	1	4790092	4565	2
VL	286	Picture	20	4822040	0	1	3153	2	0	3000
VL	287	Response	2	4829283	3924	1
VL	288	Picture	20	4853574	0	1	3154	2	0	3000
VL	289	Response	2	4862066	5173	1
VL	290	Picture	20	4887100	0	1	3153	2	0	3000
VL	291	Response	2	4894318	3899	1
VL	292	Picture	11	4918966	0	1	3154	2	0	3000
VL	293	Response	1	4928044	5758	1
VL	293	Response	2	4928554	6268	1
VL	294	Picture	11	4949007	0	1	3151	7	0	3000
VL	296	Picture	11	4981039	0	1	3153	2	0	3000
VL	297	Response	1	4990130	5772	1
VL	298	Picture	20	5012241	0	1	3153	3	0	3000
VL	299	Response	2	5020939	5379	1
VL	300	Picture	11	5045767	0	1	3153	3	0	3000
VL	302	Response	1	9007105	3929804	1
VL	304	Picture	21	9027379	0	1	3153	3	0	3000
VL	305	Response	2	9033029	2331	1
VL	306	Picture	21	9062565	0	1	3153	2	0	3000
VL	307	Response	2	9066488	604	1
VL	308	Picture	10	9094099	0	1	3153	2	0	3000
VL	309	Response	2	9104635	7217	2
VL	309	Response	1	9108284	10866	1
VL	310	Picture	11	9132604	0	1	3153	2	0	3000
VL	312	Picture	10	9165798	0	1	3153	2	0	3000
VL	313	Response	1	9172443	3326	1
VL	314	Picture	20	9202809	0	1	3153	3	0	3000
VL	315	Response	2	9211249	5121	1
VL	316	Picture	10	9239820	0	2	3154	3	0	3000
VL	317	Response	1	9247890	4750	2
VL	318	Picture	20	9271189	0	1	3153	2	0	3000
VL	319	Response	2	9277301	2793	1
VL	320	Picture	20	9310523	0	2	3154	3	0	3000
VL	321	Response	2	9317749	3906	2
VL	322	Picture	10	9345211	0	1	3153	3	0	3000
VL	323	Response	1	9352826	4296	1
VL	324	Picture	20	9374422	0	1	3153	2	0	3000
VL	326	Picture	10	9411765	0	1	3153	2	0	3000
VL	328	Picture	10	9442469	0	1	3154	2	0	3000
VL	330	Picture	20	9475497	0	1	3154	2	0	3000
VL	331	Response	2	9485208	6391	1
VL	332	Picture	21	9504708	0	1	3153	2	0	3000
VL	333	Response	2	9535788	27761	1
VL	334	Picture	21	9542715	0	1	3153	2	0	3000
VL	335	Response	2	9551322	5288	1
VL	336	Picture	21	9581552	0	1	3153	2	0	3000
VL	337	Response	2	9589710	4839	1
VL	338	Picture	21	9614746	0	1	3153	2	0	3000
VL	339	Response	2	9623085	5020	1
VL	340	Picture	20	9645284	0	1	3154	2	0	3000
VL	341	Response	2	9652826	4223	1
VL	342	Picture	21	9685781	0	1	3153	2	0	3000
VL	343	Response	2	9691005	1905	1
VL	344	Picture	21	9716983	0	1	3153	3	0	3000
VL	345	Response	2	9724554	4252	1
VL	346	Picture	21	9751505	0	1	3153	2	0	3000
VL	348	Picture	20	9790176	0	1	3153	2	0	3000
VL	349	Response	2	9796812	3317	2
VL	350	Picture	11	9820880	0	1	3153	3	0	3000
VL	351	Response	1	9828531	4332	1
VL	352	Picture	10	9850423	0	1	3153	2	0	3000
VL	353	Response	1	9856848	3106	1
VL	354	Picture	10	9885774	0	1	3154	2	0	3000
VL	355	Response	1	9892046	2953	2
VL	356	Picture	21	9922785	0	2	3154	3	0	3000
VL	357	Response	2	9929662	3557	1
VL	358	Picture	20	9951332	0	1	3154	2	0	3000
VL	359	Response	2	9962029	7378	1
VL	360	Picture	11	9984194	0	1	3154	2	0	3000
VL	362	Picture	10	10018882	0	1	3153	2	0	3000
VL	363	Response	1	10024771	2570	1
VL	364	Picture	20	10050582	0	1	3153	3	0	3000
VL	365	Response	2	10059825	5924	2
VL	366	Picture	11	10090083	0	1	3153	2	0	3000
VL	367	Response	1	10095792	2390	1
VL	368	Picture	11	10118630	0	1	3153	2	0	3000
VL	369	Response	1	10130132	8183	1
VL	370	Picture	11	10152653	0	2	3154	3	0	3000
VL	372	Picture	20	10187507	0	1	3153	2	0	3000
VL	373	Response	2	10193997	3171	1
VL	374	Picture	10	10216054	0	1	3153	2	0	3000
VL	375	Response	1	10222018	2645	2
VL	376	Picture	10	10254891	0	1	3153	2	0	3000
VL	377	Response	1	10260342	2132	2
VL	378	Picture	20	10288085	0	1	3153	2	0	3000
VL	379	Response	2	10298786	7382	1
VL	380	Picture	21	10318457	0	1	3153	3	0	3000
VL	381	Response	2	10325396	3620	1
VL	382	Picture	21	10348166	0	1	3153	2	0	3000
VL	383	Response	2	10358462	6977	1
VL	384	Picture	11	10378372	0	1	3153	3	0	3000
VL	385	Response	1	10388050	6359	1
VL	386	Picture	21	10410902	0	1	3154	2	0	3000
VL	387	Response	2	10421092	6871	1
VL	388	Picture	11	10446586	0	1	3153	2	0	3000
VL	389	Response	1	10450851	946	1
VL	390	Picture	21	10484261	0	1	3153	2	0	3000
VL	391	Response	2	10495287	7707	1
VL	392	Picture	11	10515463	0	1	3153	3	0	3000
VL	393	Response	1	10524260	5478	1
VL	394	Picture	21	10553968	0	1	3153	3	0	3000
VL	395	Response	2	10559628	2341	1
VL	396	Picture	11	10588822	0	1	3153	2	0	3000
VL	397	Response	1	10593758	1617	1
VL	398	Picture	10	10624007	0	1	3154	2	0	3000
VL	399	Response	1	10631292	3965	2
VL	400	Picture	11	10655043	0	2	3154	3	0	3000
VL	401	Response	1	10661211	2848	1
VL	402	Picture	21	10692221	0	1	3153	2	0	3000
VL	403	Response	2	10707716	12176	1
VL	404	Picture	20	10727074	0	2	3154	3	0	3000
VL	405	Response	2	10732844	2450	1
VL	406	Picture	20	10766409	0	1	3153	3	0	3000
VL	407	Response	2	10773113	3384	1
VL	408	Picture	21	10795288	0	1	3153	2	0	3000
VL	409	Response	2	10800754	2147	1
VL	410	Picture	20	10827486	0	1	3153	2	0	3000
VL	411	Response	2	10834682	3877	1
VL	412	Picture	11	10861012	0	1	3153	2	0	3000
VL	413	Response	1	10870906	6575	1
VL	414	Picture	21	10894040	0	1	3153	2	0	3000
VL	416	Picture	20	10928229	0	2	3154	3	0	3000
VL	417	Response	2	10939936	8387	2
VL	418	Picture	21	10958934	0	1	3153	2	0	3000
VL	420	Picture	11	10988145	0	1	3153	2	0	3000
VL	421	Response	1	10993007	1543	2
VL	422	Picture	20	11022500	0	2	3154	3	0	3000
VL	423	Response	1	11031107	5287	1
VL	423	Response	2	11035024	9204	1
VL	424	Picture	10	11059677	0	2	3154	3	0	3000
VL	426	Picture	20	11097685	0	1	3153	2	0	3000
VL	427	Response	2	11106915	5911	1
VL	428	Picture	20	11134364	0	1	3153	2	0	3000
VL	429	Response	2	11139665	1982	2
VL	430	Picture	21	11163408	0	2	3154	3	0	3000
VL	431	Response	2	11170207	3479	1
VL	432	Picture	21	11200254	0	1	3153	2	0	3000
VL	433	Response	2	11204933	1360	2
VL	434	Picture	20	11231456	0	1	3153	3	0	3000
VL	435	Response	2	11237744	2969	1
VL	436	Picture	21	11268799	0	2	3154	3	0	3000
VL	437	Response	2	11274818	2699	1
VL	438	Picture	10	11304981	0	1	3153	2	0	3000
VL	439	Response	1	11312172	3872	1
VL	440	Picture	21	11344481	0	2	3154	3	0	3000
VL	442	Picture	21	11379999	0	1	3153	2	0	3000
VL	443	Response	2	11386281	2963	1
VL	444	Picture	10	11410869	0	2	3154	3	0	3000
VL	445	Response	1	11419146	4957	1
VL	446	Picture	20	11440412	0	1	3153	2	0	3000
VL	447	Response	2	11447343	3612	1
VL	448	Picture	20	11469788	0	2	3154	3	0	3000
VL	449	Response	2	11474863	1755	1
VL	450	Picture	21	11505804	0	1	3153	2	0	3000
VL	451	Response	2	11511564	2441	1
VL	452	Picture	10	11537006	0	2	3154	3	0	3000
VL	453	Response	1	11549356	9030	2
VL	454	Picture	11	11575013	0	2	3154	3	0	3000
VL	455	Response	1	11580544	2211	1
VL	456	Picture	21	11614016	0	1	3154	2	0	3000
VL	458	Picture	20	11645052	0	2	3154	3	0	3000
VL	460	Picture	20	11674097	0	2	3154	3	0	3000
VL	461	Response	2	11690846	13430	1
VL	462	Picture	10	11711108	0	2	3154	3	0	3000
VL	463	Response	1	11718251	3823	2
VL	464	Picture	20	11740983	0	1	3153	2	0	3000
VL	465	Response	2	11749816	5514	2
VL	466	Picture	11	11770028	0	1	3153	2	0	3000
VL	467	Response	1	11777543	4196	1
VL	468	Picture	10	11804217	0	2	3154	3	0	3000
VL	469	Response	1	11810672	3135	1
VL	470	Picture	11	11835586	0	1	3153	2	0	3000
VL	471	Response	1	11840791	1886	1
VL	472	Picture	10	11873095	0	1	3153	2	0	3000
VL	473	Response	1	11879945	3531	1
VL	474	Picture	21	11911932	0	1	3153	2	0	3000
VL	476	Picture	20	11944794	0	1	3153	2	0	3000
VL	477	Response	2	11952694	4581	1
VL	478	Picture	21	11983299	0	1	3153	2	0	3000
VL	479	Response	2	11990848	4230	1
VL	480	Picture	11	12019812	0	1	3153	2	0	3000
VL	481	Response	1	12029799	6668	1
VL	482	Picture	21	12056325	0	1	3154	2	0	3000
VL	483	Response	2	12061897	2252	1
VL	484	Picture	21	12087859	0	2	3154	3	0	3000
VL	486	Picture	10	12116904	0	2	3154	3	0	3000
VL	488	Picture	11	12152090	0	1	3153	2	0	3000
VL	489	Response	1	12158177	2768	1
VL	490	Picture	21	12185450	0	1	3153	2	0	3000
VL	491	Response	2	12199103	10334	1
VL	492	Picture	10	12214162	0	2	3154	3	0	3000
VL	494	Picture	10	12249348	0	1	3153	2	0	3000
VL	495	Response	1	12255503	2836	1
VL	496	Picture	21	12278227	0	1	3153	2	0	3000
VL	497	Response	2	12287688	6142	2
VL	498	Picture	20	12312084	0	2	3154	3	0	3000
VL	499	Response	2	12324636	9232	2
VL	500	Picture	11	12345112	0	2	3154	3	0	3000
VL	501	Response	1	12350629	2197	1
VL	502	Picture	11	12384945	0	1	3154	2	0	3000
VL	503	Response	1	12391235	2971	1
VL	504	Picture	20	12419799	0	1	3153	2	0	3000
VL	505	Response	2	12426994	3876	2
VL	506	Picture	10	12454153	0	4	3155	5	0	3000
VL	508	Picture	21	12491830	0	1	3153	2	0	3000
VL	509	Response	2	12499396	4247	1
VL	510	Picture	11	12526517	0	2	3154	3	0	3000
VL	511	Response	1	12532644	2807	2
VL	512	Picture	21	12560375	0	1	3153	3	0	3000
VL	514	Picture	11	12593237	0	1	3153	3	0	3000
VL	515	Response	1	12604893	8337	1
VL	516	Picture	20	12630580	0	2	3154	3	0	3000
VL	517	Response	1	12635512	1612	1
VL	518	Picture	10	12659127	0	1	3153	3	0	3000
VL	520	Picture	20	12688006	0	1	3153	2	0	3000
VL	521	Response	1	12693501	2176	2
VL	521	Response	2	12694729	3404	1
VL	522	Picture	20	12725017	0	1	3153	2	0	3000
VL	523	Response	2	12732484	4148	1
VL	524	Picture	20	12765016	0	1	3153	2	0	3000
VL	525	Response	2	12776398	8063	1
VL	526	Picture	20	12805180	0	2	3154	3	0	3000
VL	527	Response	2	12813398	4898	1
VL	528	Picture	20	12845179	0	1	3153	2	0	3000
VL	530	Picture	20	12883518	0	1	3153	3	0	3000
VL	531	Response	2	12892173	5336	1
VL	532	Picture	11	12915882	0	1	3153	3	0	3000
VL	533	Response	1	12923472	4271	1
VL	534	Picture	21	12947416	0	2	3154	3	0	3000
VL	535	Response	2	12953827	3091	1
VL	536	Picture	11	12976959	0	1	3153	2	0	3000
VL	537	Response	1	12984092	3814	1
VL	538	Picture	11	13012642	0	2	3154	3	0	3000
VL	539	Response	1	13019581	3619	1
VL	540	Picture	10	13045504	0	2	3154	3	0	3000
VL	541	Response	1	13053238	4414	2
VL	542	Picture	20	13085669	0	1	3153	3	0	3000
VL	544	Picture	10	13117535	0	1	3154	2	0	3000
VL	545	Response	1	13122445	1590	1
VL	546	Picture	21	13157036	0	1	3153	2	0	3000
VL	547	Response	2	13162069	1714	1
VL	548	Picture	21	13188238	0	2	3154	3	0	3000
VL	549	Response	2	13203494	11936	1
VL	550	Picture	11	13226079	0	2	3154	3	0	3000
VL	552	Picture	11	13257116	0	1	3153	2	0	3000
VL	553	Response	1	13264111	3676	1
VL	554	Picture	11	13293795	0	1	3153	2	0	3000
VL	555	Response	1	13298390	1276	1
VL	556	Picture	21	13325827	0	1	3154	2	0	3000
VL	557	Response	2	13332052	2906	1
VL	558	Picture	21	13358025	0	2	3154	3	0	3000
VL	559	Response	2	13364299	2954	1
VL	560	Picture	21	13394207	0	1	3153	2	0	3000
VL	561	Response	2	13403804	6278	1
VL	562	Picture	21	13423251	0	2	3154	3	0	3000
VL	563	Response	2	13428349	1778	1
VL	564	Picture	21	13458105	0	1	3153	2	0	3000
VL	565	Response	2	13463130	1706	1
VL	566	Picture	10	13493788	0	2	3154	3	0	3000
VL	567	Response	2	13499328	2220	1
VL	567	Response	1	13500615	3507	1
VL	568	Picture	21	13529140	0	1	3153	2	0	3000
VL	569	Response	2	13534241	1782	1
VL	570	Picture	20	13559844	0	2	3154	3	0	3000
VL	571	Response	2	13566667	3503	1
VL	572	Picture	11	13594366	0	1	3153	3	0	3000
VL	573	Response	1	13611193	13508	1
VL	574	Picture	20	13628058	0	1	3153	2	0	3000
VL	575	Response	2	13636677	5300	1
VL	575	Response	1	13637575	6198	2
VL	576	Picture	10	13663409	0	2	3154	3	0	3000
VL	577	Response	1	13671494	4765	1
VL	578	Picture	20	13700587	0	1	3153	2	0	3000
VL	579	Response	2	13710732	6826	1
VL	580	Picture	11	13732287	0	1	3153	2	0	3000
VL	581	Response	1	13738602	2996	1
VL	582	Picture	21	13764153	0	1	3153	2	0	3000
VL	583	Response	2	13770960	3488	2
VL	584	Picture	11	13796849	0	1	3153	3	0	3000
VL	585	Response	1	13812144	11976	1
VL	586	Picture	11	13829047	0	1	3154	2	0	3000
VL	587	Response	1	13836032	3666	1
VL	588	Picture	11	13857760	0	1	3153	2	0	3000
VL	589	Response	1	13868453	7374	1
VL	590	Picture	20	13891452	0	1	3153	2	0	3000
VL	591	Response	2	13897389	2618	1
VL	592	Picture	10	13928463	0	1	3153	2	0	3000
VL	593	Response	1	13935654	3872	1
VL	594	Picture	20	13958337	0	2	3154	3	0	3000
VL	595	Response	2	13964915	3258	1
VL	596	Picture	20	13987880	0	1	3153	3	0	3000
VL	597	Response	2	13994290	3091	2
VL	598	Picture	10	14019248	0	2	3154	3	0	3000
VL	599	Response	1	14028155	5587	1
VL	600	Picture	20	14054766	0	1	3153	2	0	3000
VL	602	Picture	21	14090117	0	2	3154	3	0	3000
VL	603	Response	2	14100221	6784	1
VL	604	Response	1	14155695	31720	1


Event Type	Code	Type	Response	RT	RT Uncertainty	Time	Uncertainty	Duration	Uncertainty	ReqTime	ReqDur

Picture	21	other				10414	1	3153	2	0	3000
Picture	10	other				44935	2	3154	3	0	3000
Picture	11	other				75142	1	3153	2	0	3000
Picture	21	other				111821	1	3154	2	0	3000
Picture	20	other				150990	1	3153	2	0	3000
Picture	11	other				188001	1	3154	2	0	3000
Picture	10	other				216548	1	3153	2	0	3000
Picture	10	other				246257	1	3153	2	0	3000
Picture	21	other				275301	2	3154	3	0	3000
Picture	11	other				306670	1	3153	2	0	3000
Picture	20	other				341357	1	3154	2	0	3000
Picture	11	other				381356	1	3153	2	0	3000
Picture	11	other				418533	1	3153	3	0	3000
Picture	10	other				457536	1	3153	2	0	3000
Picture	11	other				494215	2	3154	3	0	3000
Picture	10	other				531724	2	3154	3	0	3000
Picture	21	other				564088	2	3154	3	0	3000
Picture	20	other				595789	1	3153	2	0	3000
Picture	21	other				629646	2	3154	3	0	3000
Picture	21	other				661347	1	3153	2	0	3000
Picture	20	other				694209	1	3153	2	0	3000
Picture	10	other				725577	1	3153	2	0	3000
Picture	11	other				761094	2	3154	3	0	3000
Picture	21	other				796280	1	3153	2	0	3000
Picture	10	other				828810	1	3153	3	0	3000
Picture	21	other				859182	2	3154	3	0	3000
Picture	11	other				899513	1	3154	2	0	3000
Picture	10	other				928890	1	3153	2	0	3000
Picture	10	other				969054	2	3154	3	0	3000
Picture	10	other				1008555	1	3154	2	0	3000
Picture	21	other				1040421	2	3154	3	0	3000
Picture	20	other				1071956	1	3153	2	0	3000
Picture	11	other				1106809	1	3154	2	0	3000
Picture	10	other				1137016	1	3153	2	0	3000
Picture	21	other				1165562	2	3154	3	0	3000
Picture	11	other				1200250	1	3154	2	0	3000
Picture	21	other				1228797	1	3153	2	0	3000
Picture	21	other				1261991	1	3153	2	0	3000
Picture	11	other				1292363	2	3154	3	0	3000
Picture	20	other				1328711	1	3153	2	0	3000
Picture	21	other				1357921	2	3154	3	0	3000
Picture	21	other				1396924	1	3154	2	0	3000
Picture	21	other				1429122	2	3154	3	0	3000
Picture	11	other				1461818	2	3154	3	0	3000
Picture	11	other				1500489	1	3154	2	0	3000
Picture	10	other				1536837	1	3153	2	0	3000
Picture	11	other				1570030	2	3154	3	0	3000
Picture	21	other				1604718	1	3154	2	0	3000
Picture	20	other				1635920	2	3154	3	0	3000
Picture	10	other				1665297	1	3153	3	0	3000
Picture	20	other				1700649	1	3153	2	0	3000
Picture	20	other				1739983	2	3154	3	0	3000
Picture	10	other				1772679	2	3154	3	0	3000
Picture	20	other				1804214	1	3153	2	0	3000
Picture	21	other				1843714	2	3154	3	0	3000
Picture	10	other				1876079	1	3153	2	0	3000
Picture	21	other				1911430	1	3153	3	0	3000
Picture	10	other				1945620	1	3153	2	0	3000
Picture	21	other				1977818	1	3153	2	0	3000
Picture	11	other				2013833	2	3154	3	0	3000
Picture	21	other				2042712	1	3153	3	0	3000
Picture	11	other				2078230	1	3153	2	0	3000
Picture	10	other				2110594	1	3153	2	0	3000
Picture	20	other				2140136	2	3154	3	0	3000
Picture	10	other				2174326	1	3153	3	0	3000
Picture	21	other				2205030	2	3154	3	0	3000
Picture	21	other				2240548	1	3153	2	0	3000
Picture	21	other				2269759	1	3153	2	0	3000
Picture	11	other				2301293	1	3153	2	0	3000
Picture	21	other				2341457	2	3154	3	0	3000
Picture	20	other				2379133	1	3153	2	0	3000
Picture	21	other				2410169	1	3153	2	0	3000
Picture	20	other				2439877	2	3154	3	0	3000
Picture	21	other				2479046	2	3154	3	0	3000
Picture	10	other				2519211	1	3153	2	0	3000
Picture	20	other				2554229	4	3155	5	0	3000
Picture	10	other				2588752	2	3154	3	0	3000
Picture	11	other				2621614	1	3154	2	0	3000
Picture	10	other				2650327	1	3153	2	0	3000
Picture	10	other				2684517	1	3153	2	0	3000
Picture	20	other				2713229	2	3154	3	0	3000
Picture	11	other				2751236	2	3154	3	0	3000
Picture	11	other				2782937	1	3153	2	0	3000
Picture	10	other				2822105	2	3154	3	0	3000
Picture	11	other				2857789	1	3153	3	0	3000
Picture	10	other				2894136	2	3154	3	0	3000
Picture	11	other				2929322	1	3153	2	0	3000
Picture	20	other				2959528	2	3154	3	0	3000
Picture	11	other				2988905	1	3153	3	0	3000
Picture	11	other				3029236	1	3153	2	0	3000
Picture	20	other				3060106	1	3153	3	0	3000
Picture	20	other				3092802	1	3153	3	0	3000
Picture	20	other				3127324	1	3153	2	0	3000
Picture	21	other				3163007	1	3154	2	0	3000
Picture	21	other				3198193	1	3153	2	0	3000
Picture	20	other				3234042	1	3154	2	0	3000
Picture	21	other				3264581	1	3153	2	0	3000
Picture	20	other				3304911	2	3154	3	0	3000
Picture	21	other				3336113	2	3154	3	0	3000
Picture	20	other				3372959	1	3153	2	0	3000
Picture	20	other				3403165	2	3154	3	0	3000
Picture	20	other				3434534	1	3153	2	0	3000
Picture	11	other				3466400	1	3153	2	0	3000
Picture	20	other				3499594	1	3153	2	0	3000
Picture	21	other				3530796	1	3153	2	0	3000
Picture	20	other				3569799	1	3153	2	0	3000
Picture	21	other				3600669	1	3154	2	0	3000
Picture	21	other				3632203	2	3154	3	0	3000
Picture	20	other				3664567	2	3154	3	0	3000
Picture	10	other				3705064	1	3153	3	0	3000
Picture	10	other				3743569	1	3153	3	0	3000
Picture	11	other				3776431	1	3153	3	0	3000
Picture	11	other				3807301	2	3154	3	0	3000
Picture	20	other				3841159	1	3154	2	0	3000
Picture	20	other				3869706	1	3153	2	0	3000
Picture	11	other				3898253	1	3153	2	0	3000
Picture	10	other				3935430	1	3153	2	0	3000
Picture	10	other				3974765	1	3153	2	0	3000
Picture	11	other				4007461	1	3153	2	0	3000
Picture	11	other				4036173	2	3154	3	0	3000
Picture	20	other				4072853	1	3153	2	0	3000
Picture	10	other				4102063	2	3154	3	0	3000
Picture	11	other				4130610	2	3154	3	0	3000
Picture	10	other				4165796	1	3153	2	0	3000
Picture	20	other				4197662	1	3153	3	0	3000
Picture	21	other				4233511	2	3154	3	0	3000
Picture	11	other				4268531	1	3153	3	0	3000
Picture	10	other				4302555	1	3153	2	0	3000
Picture	20	other				4334587	1	3153	2	0	3000
Picture	11	other				4363632	1	3153	2	0	3000
Picture	21	other				4400311	1	3153	2	0	3000
Picture	11	other				4439314	1	3153	2	0	3000
Picture	10	other				4476159	1	3153	3	0	3000
Picture	10	other				4516656	1	3153	2	0	3000
Picture	10	other				4552505	1	3153	3	0	3000
Picture	20	other				4582380	1	3153	2	0	3000
Picture	20	other				4615408	1	3153	2	0	3000
Picture	11	other				4647274	1	3153	2	0	3000
Picture	21	other				4683289	2	3154	3	0	3000
Picture	10	other				4713330	1	3153	2	0	3000
Picture	11	other				4749843	1	3153	3	0	3000
Picture	11	other				4782207	1	3154	2	0	3000
Picture	20	other				4822040	1	3153	2	0	3000
Picture	20	other				4853574	1	3154	2	0	3000
Picture	20	other				4887100	1	3153	2	0	3000
Picture	11	other				4918966	1	3154	2	0	3000
Picture	11	other				4949007	1	3151	7	0	3000
Picture	11	other				4981039	1	3153	2	0	3000
Picture	20	other				5012241	1	3153	3	0	3000
Picture	11	other				5045767	1	3153	3	0	3000
Picture	21	other				9027379	1	3153	3	0	3000
Picture	21	other				9062565	1	3153	2	0	3000
Picture	10	other				9094099	1	3153	2	0	3000
Picture	11	other				9132604	1	3153	2	0	3000
Picture	10	other				9165798	1	3153	2	0	3000
Picture	20	other				9202809	1	3153	3	0	3000
Picture	10	other				9239820	2	3154	3	0	3000
Picture	20	other				9271189	1	3153	2	0	3000
Picture	20	other				9310523	2	3154	3	0	3000
Picture	10	other				9345211	1	3153	3	0	3000
Picture	20	other				9374422	1	3153	2	0	3000
Picture	10	other				9411765	1	3153	2	0	3000
Picture	10	other				9442469	1	3154	2	0	3000
Picture	20	other				9475497	1	3154	2	0	3000
Picture	21	other				9504708	1	3153	2	0	3000
Picture	21	other				9542715	1	3153	2	0	3000
Picture	21	other				9581552	1	3153	2	0	3000
Picture	21	other				9614746	1	3153	2	0	3000
Picture	20	other				9645284	1	3154	2	0	3000
Picture	21	other				9685781	1	3153	2	0	3000
Picture	21	other				9716983	1	3153	3	0	3000
Picture	21	other				9751505	1	3153	2	0	3000
Picture	20	other				9790176	1	3153	2	0	3000
Picture	11	other				9820880	1	3153	3	0	3000
Picture	10	other				9850423	1	3153	2	0	3000
Picture	10	other				9885774	1	3154	2	0	3000
Picture	21	other				9922785	2	3154	3	0	3000
Picture	20	other				9951332	1	3154	2	0	3000
Picture	11	other				9984194	1	3154	2	0	3000
Picture	10	other				10018882	1	3153	2	0	3000
Picture	20	other				10050582	1	3153	3	0	3000
Picture	11	other				10090083	1	3153	2	0	3000
Picture	11	other				10118630	1	3153	2	0	3000
Picture	11	other				10152653	2	3154	3	0	3000
Picture	20	other				10187507	1	3153	2	0	3000
Picture	10	other				10216054	1	3153	2	0	3000
Picture	10	other				10254891	1	3153	2	0	3000
Picture	20	other				10288085	1	3153	2	0	3000
Picture	21	other				10318457	1	3153	3	0	3000
Picture	21	other				10348166	1	3153	2	0	3000
Picture	11	other				10378372	1	3153	3	0	3000
Picture	21	other				10410902	1	3154	2	0	3000
Picture	11	other				10446586	1	3153	2	0	3000
Picture	21	other				10484261	1	3153	2	0	3000
Picture	11	other				10515463	1	3153	3	0	3000
Picture	21	other				10553968	1	3153	3	0	3000
Picture	11	other				10588822	1	3153	2	0	3000
Picture	10	other				10624007	1	3154	2	0	3000
Picture	11	other				10655043	2	3154	3	0	3000
Picture	21	other				10692221	1	3153	2	0	3000
Picture	20	other				10727074	2	3154	3	0	3000
Picture	20	other				10766409	1	3153	3	0	3000
Picture	21	other				10795288	1	3153	2	0	3000
Picture	20	other				10827486	1	3153	2	0	3000
Picture	11	other				10861012	1	3153	2	0	3000
Picture	21	other				10894040	1	3153	2	0	3000
Picture	20	other				10928229	2	3154	3	0	3000
Picture	21	other				10958934	1	3153	2	0	3000
Picture	11	other				10988145	1	3153	2	0	3000
Picture	20	other				11022500	2	3154	3	0	3000
Picture	10	other				11059677	2	3154	3	0	3000
Picture	20	other				11097685	1	3153	2	0	3000
Picture	20	other				11134364	1	3153	2	0	3000
Picture	21	other				11163408	2	3154	3	0	3000
Picture	21	other				11200254	1	3153	2	0	3000
Picture	20	other				11231456	1	3153	3	0	3000
Picture	21	other				11268799	2	3154	3	0	3000
Picture	10	other				11304981	1	3153	2	0	3000
Picture	21	other				11344481	2	3154	3	0	3000
Picture	21	other				11379999	1	3153	2	0	3000
Picture	10	other				11410869	2	3154	3	0	3000
Picture	20	other				11440412	1	3153	2	0	3000
Picture	20	other				11469788	2	3154	3	0	3000
Picture	21	other				11505804	1	3153	2	0	3000
Picture	10	other				11537006	2	3154	3	0	3000
Picture	11	other				11575013	2	3154	3	0	3000
Picture	21	other				11614016	1	3154	2	0	3000
Picture	20	other				11645052	2	3154	3	0	3000
Picture	20	other				11674097	2	3154	3	0	3000
Picture	10	other				11711108	2	3154	3	0	3000
Picture	20	other				11740983	1	3153	2	0	3000
Picture	11	other				11770028	1	3153	2	0	3000
Picture	10	other				11804217	2	3154	3	0	3000
Picture	11	other				11835586	1	3153	2	0	3000
Picture	10	other				11873095	1	3153	2	0	3000
Picture	21	other				11911932	1	3153	2	0	3000
Picture	20	other				11944794	1	3153	2	0	3000
Picture	21	other				11983299	1	3153	2	0	3000
Picture	11	other				12019812	1	3153	2	0	3000
Picture	21	other				12056325	1	3154	2	0	3000
Picture	21	other				12087859	2	3154	3	0	3000
Picture	10	other				12116904	2	3154	3	0	3000
Picture	11	other				12152090	1	3153	2	0	3000
Picture	21	other				12185450	1	3153	2	0	3000
Picture	10	other				12214162	2	3154	3	0	3000
Picture	10	other				12249348	1	3153	2	0	3000
Picture	21	other				12278227	1	3153	2	0	3000
Picture	20	other				12312084	2	3154	3	0	3000
Picture	11	other				12345112	2	3154	3	0	3000
Picture	11	other				12384945	1	3154	2	0	3000
Picture	20	other				12419799	1	3153	2	0	3000
Picture	10	other				12454153	4	3155	5	0	3000
Picture	21	other				12491830	1	3153	2	0	3000
Picture	11	other				12526517	2	3154	3	0	3000
Picture	21	other				12560375	1	3153	3	0	3000
Picture	11	other				12593237	1	3153	3	0	3000
Picture	20	other				12630580	2	3154	3	0	3000
Picture	10	other				12659127	1	3153	3	0	3000
Picture	20	other				12688006	1	3153	2	0	3000
Picture	20	other				12725017	1	3153	2	0	3000
Picture	20	other				12765016	1	3153	2	0	3000
Picture	20	other				12805180	2	3154	3	0	3000
Picture	20	other				12845179	1	3153	2	0	3000
Picture	20	other				12883518	1	3153	3	0	3000
Picture	11	other				12915882	1	3153	3	0	3000
Picture	21	other				12947416	2	3154	3	0	3000
Picture	11	other				12976959	1	3153	2	0	3000
Picture	11	other				13012642	2	3154	3	0	3000
Picture	10	other				13045504	2	3154	3	0	3000
Picture	20	other				13085669	1	3153	3	0	3000
Picture	10	other				13117535	1	3154	2	0	3000
Picture	21	other				13157036	1	3153	2	0	3000
Picture	21	other				13188238	2	3154	3	0	3000
Picture	11	other				13226079	2	3154	3	0	3000
Picture	11	other				13257116	1	3153	2	0	3000
Picture	11	other				13293795	1	3153	2	0	3000
Picture	21	other				13325827	1	3154	2	0	3000
Picture	21	other				13358025	2	3154	3	0	3000
Picture	21	other				13394207	1	3153	2	0	3000
Picture	21	other				13423251	2	3154	3	0	3000
Picture	21	other				13458105	1	3153	2	0	3000
Picture	10	other				13493788	2	3154	3	0	3000
Picture	21	other				13529140	1	3153	2	0	3000
Picture	20	other				13559844	2	3154	3	0	3000
Picture	11	other				13594366	1	3153	3	0	3000
Picture	20	other				13628058	1	3153	2	0	3000
Picture	10	other				13663409	2	3154	3	0	3000
Picture	20	other				13700587	1	3153	2	0	3000
Picture	11	other				13732287	1	3153	2	0	3000
Picture	21	other				13764153	1	3153	2	0	3000
Picture	11	other				13796849	1	3153	3	0	3000
Picture	11	other				13829047	1	3154	2	0	3000
Picture	11	other				13857760	1	3153	2	0	3000
Picture	20	other				13891452	1	3153	2	0	3000
Picture	10	other				13928463	1	3153	2	0	3000
Picture	20	other				13958337	2	3154	3	0	3000
Picture	20	other				13987880	1	3153	3	0	3000
Picture	10	other				14019248	2	3154	3	0	3000
Picture	20	other				14054766	1	3153	2	0	3000
Picture	21	other				14090117	2	3154	3	0	3000
