Scenario - GO/NO-GO
Logfile written - 04/26/2011 12:07:02

Subject	Trial	Event Type	Code	Time	TTime	Uncertainty	Duration	Uncertainty	ReqTime	ReqDur

VL	2	Picture	22	289	0	2	3154	3	0	3000
VL	2	Response	1	7963	7674	1
VL	3	Picture	22	34479	0	1	3154	2	0	3000
VL	3	Response	1	36981	2502	1
VL	4	Picture	22	70992	0	2	3154	3	0	3000
VL	4	Response	1	74252	3260	1
VL	5	Picture	33	108170	0	1	3153	2	0	3000
VL	6	Picture	22	146841	0	1	3153	2	0	3000
VL	6	Response	1	149483	2642	1
VL	7	Picture	22	182026	0	2	3154	3	0	3000
VL	7	Response	1	184959	2933	1
VL	8	Picture	22	212565	0	1	3153	2	0	3000
VL	8	Response	1	216715	4150	1
VL	9	Picture	33	249908	0	1	3153	2	0	3000
VL	9	Response	1	252920	3012	2
VL	10	Picture	22	284263	0	2	3154	3	0	3000
VL	10	Response	1	287742	3479	1
VL	11	Picture	22	322271	0	1	3153	2	0	3000
VL	11	Response	1	325228	2957	1
VL	12	Picture	22	353639	0	1	3153	2	0	3000
VL	12	Response	1	356655	3016	1
VL	13	Picture	33	386003	0	1	3153	3	0	3000
VL	14	Picture	22	423844	0	1	3153	3	0	3000
VL	14	Response	1	427522	3678	1
VL	15	Picture	22	453553	0	1	3153	2	0	3000
VL	15	Response	1	458107	4554	1
VL	16	Picture	22	489900	0	1	3153	2	0	3000
VL	16	Response	1	493104	3204	2
VL	17	Picture	33	521932	0	1	3154	2	0	3000
VL	18	Picture	22	555790	0	1	3153	2	0	3000
VL	18	Response	1	558513	2723	1
VL	19	Picture	22	594793	0	1	3153	2	0	3000
VL	19	Response	1	598018	3225	1
VL	20	Picture	22	630476	0	1	3154	2	0	3000
VL	20	Response	1	633679	3203	2
VL	21	Picture	33	666326	0	1	3153	2	0	3000
VL	22	Picture	22	701179	0	2	3154	3	0	3000
VL	22	Response	1	704270	3091	2
VL	23	Picture	22	736697	0	1	3153	2	0	3000
VL	23	Response	1	739910	3213	1
VL	24	Picture	22	770887	0	1	3153	2	0	3000
VL	24	Response	1	776319	5432	1
VL	25	Picture	22	806072	0	1	3154	2	0	3000
VL	25	Response	1	809038	2966	1
VL	26	Picture	22	836611	0	1	3153	2	0	3000
VL	26	Response	1	840184	3573	1
VL	26	Response	1	861993	25382	2
VL	27	Picture	33	868311	0	1	3153	2	0	3000
VL	27	Response	1	871801	3490	2
VL	28	Picture	22	906484	0	1	3153	2	0	3000
VL	28	Response	1	910178	3694	1
VL	29	Picture	33	937022	0	1	3154	2	0	3000
VL	30	Picture	22	968722	0	2	3154	3	0	3000
VL	30	Response	1	972496	3774	1
VL	31	Picture	33	1008721	0	1	3153	3	0	3000
VL	32	Picture	22	1043243	0	1	3153	2	0	3000
VL	32	Response	1	1047291	4048	2
VL	33	Picture	33	1078760	0	2	3154	3	0	3000
VL	34	Picture	22	1116269	0	2	3154	3	0	3000
VL	34	Response	1	1119319	3050	1
VL	35	Picture	22	1152451	0	1	3153	2	0	3000
VL	35	Response	1	1157561	5110	1
VL	36	Picture	22	1190624	0	1	3153	2	0	3000
VL	36	Response	1	1193849	3225	1
VL	37	Picture	22	1228133	0	1	3153	3	0	3000
VL	37	Response	1	1233117	4984	1
VL	38	Picture	22	1256680	0	1	3153	2	0	3000
VL	38	Response	1	1261199	4519	1
VL	39	Picture	22	1295683	0	1	3153	2	0	3000
VL	39	Response	1	1299096	3413	1
VL	40	Picture	22	1330370	0	2	3154	3	0	3000
VL	40	Response	1	1334309	3939	1
VL	41	Picture	33	1366552	0	1	3153	2	0	3000
VL	42	Picture	22	1400575	0	2	3154	3	0	3000
VL	42	Response	1	1404721	4146	1
VL	43	Picture	33	1435429	0	1	3154	2	0	3000
VL	44	Picture	22	1464806	0	1	3153	2	0	3000
VL	44	Response	1	1468164	3358	1
VL	45	Picture	22	1503311	0	1	3153	2	0	3000
VL	45	Response	1	1507250	3939	2
VL	46	Picture	22	1532355	0	2	3154	3	0	3000
VL	46	Response	1	1538761	6406	2
VL	47	Picture	22	1566711	0	1	3153	3	0	3000
VL	47	Response	1	1570903	4192	1
VL	48	Picture	22	1596586	0	1	3153	2	0	3000
VL	48	Response	1	1608625	12039	1
VL	49	Picture	33	1630277	0	2	3154	3	0	3000
VL	50	Picture	22	1659986	0	1	3153	3	0	3000
VL	50	Response	1	1663002	3016	1
VL	51	Picture	33	1695338	0	1	3153	2	0	3000
VL	51	Response	1	1699326	3988	1
VL	52	Picture	22	1732681	0	1	3153	2	0	3000
VL	52	Response	1	1736308	3627	2
VL	53	Picture	22	1768862	0	1	3154	2	0	3000
VL	53	Response	1	1775017	6155	1
VL	54	Picture	22	1799235	0	1	3153	2	0	3000
VL	54	Response	1	1804127	4892	1
VL	55	Picture	33	1839233	0	1	3154	2	0	3000
VL	56	Picture	22	1878236	0	1	3153	3	0	3000
VL	56	Response	1	1881170	2934	1
VL	57	Picture	33	1907779	0	1	3153	2	0	3000
VL	58	Picture	22	1940143	0	1	3153	2	0	3000
VL	58	Response	1	1943956	3813	1
VL	59	Picture	22	1979809	0	2	3154	3	0	3000
VL	59	Response	1	1988374	8565	1
VL	60	Picture	22	2009186	0	1	3154	2	0	3000
VL	60	Response	1	2012486	3300	2
VL	61	Picture	22	2038563	0	1	3153	2	0	3000
VL	61	Response	1	2047904	9341	1
VL	62	Picture	22	2070927	0	1	3153	2	0	3000
VL	62	Response	1	2075955	5028	1
VL	63	Picture	22	2099806	0	1	3153	2	0	3000
VL	63	Response	1	2107963	8157	1
VL	64	Picture	22	2137813	0	1	3153	2	0	3000
VL	64	Response	1	2142472	4659	1
VL	65	Picture	33	2166857	0	2	3154	3	0	3000
VL	66	Picture	22	2196566	0	1	3153	2	0	3000
VL	66	Response	1	2204371	7805	1
VL	67	Picture	22	2229594	0	1	3153	2	0	3000
VL	67	Response	1	2235400	5806	2
VL	68	Picture	22	2269095	0	1	3153	2	0	3000
VL	68	Response	1	2272950	3855	1
VL	69	Picture	22	2305608	0	1	3153	2	0	3000
VL	69	Response	1	2310884	5276	1
VL	70	Picture	22	2336478	0	2	3154	3	0	3000
VL	70	Response	1	2340666	4188	1
VL	71	Picture	33	2367183	0	1	3153	2	0	3000
VL	71	Response	1	2372313	5130	1
VL	72	Picture	22	2399713	0	1	3153	2	0	3000
VL	72	Response	1	2402953	3240	1
VL	73	Picture	22	2429587	0	2	3154	3	0	3000
VL	73	Response	1	2434568	4981	1
VL	74	Picture	22	2460458	0	1	3153	2	0	3000
VL	74	Response	1	2465179	4721	1
VL	75	Picture	22	2499626	0	2	3154	3	0	3000
VL	75	Response	1	2502812	3186	1
VL	76	Picture	22	2533152	0	2	3154	3	0	3000
VL	76	Response	1	2536738	3586	1
VL	77	Picture	33	2568504	0	1	3153	2	0	3000
VL	78	Picture	22	2599540	0	1	3154	2	0	3000
VL	78	Response	1	2603805	4265	1
VL	79	Picture	22	2631406	0	2	3154	3	0	3000
VL	79	Response	1	2637963	6557	1
VL	80	Picture	22	2661447	0	1	3153	2	0	3000
VL	80	Response	1	2666767	5320	1
VL	81	Picture	22	2690657	0	2	3154	3	0	3000
VL	81	Response	1	2695845	5188	1
VL	82	Picture	22	2725511	0	1	3153	3	0	3000
VL	82	Response	1	2728383	2872	1
VL	83	Picture	33	2764514	0	1	3153	3	0	3000
VL	83	Response	1	2768122	3608	2
VL	84	Picture	22	2795716	0	1	3154	2	0	3000
VL	84	Response	1	2798239	2523	1
VL	85	Picture	22	2828246	0	2	3154	3	0	3000
VL	85	Response	1	2834255	6009	1
VL	86	Picture	22	2863100	0	1	3153	3	0	3000
VL	86	Response	1	2867313	4213	2
VL	87	Picture	22	2901605	0	1	3153	3	0	3000
VL	87	Response	1	2906223	4618	1
VL	88	Picture	22	2930484	0	1	3153	2	0	3000
VL	89	Picture	33	2959860	0	1	3154	2	0	3000
VL	90	Picture	22	2994880	0	1	3153	2	0	3000
VL	90	Response	1	2997634	2754	1
VL	91	Picture	22	3025252	0	2	3154	3	0	3000
VL	91	Response	1	3031884	6632	1
VL	92	Picture	22	3065085	0	1	3153	3	0	3000
VL	92	Response	1	3075839	10754	2
VL	93	Picture	22	3098943	0	1	3153	2	0	3000
VL	93	Response	1	3101881	2938	1
VL	94	Picture	22	3129647	0	1	3154	2	0	3000
VL	94	Response	1	3134597	4950	1
VL	95	Picture	33	3165829	0	1	3153	2	0	3000
VL	95	Response	1	3168892	3063	1
VL	96	Picture	22	3202674	0	1	3153	2	0	3000
VL	96	Response	1	3212984	10310	1
VL	97	Picture	22	3233212	0	2	3154	3	0	3000
VL	97	Response	1	3238544	5332	1
VL	98	Picture	22	3266406	0	1	3154	2	0	3000
VL	98	Response	1	3272722	6316	1
VL	99	Picture	22	3300762	0	1	3153	3	0	3000
VL	99	Response	1	3305962	5200	1
VL	100	Picture	22	3339765	0	1	3153	2	0	3000
VL	100	Response	1	3342864	3099	1
VL	101	Picture	33	3369971	0	2	3154	3	0	3000
VL	102	Picture	22	3407480	0	2	3154	3	0	3000
VL	102	Response	1	3411630	4150	2
VL	103	Picture	22	3436525	0	1	3154	2	0	3000
VL	103	Response	1	3441868	5343	1
VL	104	Picture	22	3469553	0	1	3153	3	0	3000
VL	104	Response	1	3474516	4963	1
VL	105	Picture	22	3498100	0	1	3153	2	0	3000
VL	105	Response	1	3503919	5819	1
VL	106	Picture	22	3536107	0	1	3153	2	0	3000
VL	106	Response	1	3540009	3902	1
VL	107	Picture	33	3565650	0	1	3153	2	0	3000
VL	107	Response	1	3571545	5895	1
VL	108	Picture	22	3602827	0	1	3153	2	0	3000
VL	108	Response	1	3606006	3179	1
VL	109	Picture	22	3635689	0	1	3153	2	0	3000
VL	109	Response	1	3640194	4505	1
VL	110	Picture	22	3665065	0	2	3154	3	0	3000
VL	110	Response	1	3670243	5178	1
VL	111	Picture	33	3702077	0	1	3153	2	0	3000
VL	112	Picture	22	3739752	0	1	3153	2	0	3000
VL	112	Response	1	3744273	4521	1
VL	113	Picture	22	3779418	0	2	3154	3	0	3000
VL	113	Response	1	3783472	4054	1
VL	114	Picture	22	3811782	0	2	3154	3	0	3000
VL	114	Response	1	3817221	5439	1
VL	115	Picture	22	3841491	0	1	3153	3	0	3000
VL	115	Response	1	3846639	5148	2
VL	116	Picture	22	3876843	0	1	3153	2	0	3000
VL	116	Response	1	3879439	2596	1
VL	117	Picture	33	3913688	0	1	3153	2	0	3000
VL	117	Response	1	3916992	3304	2
VL	118	Picture	22	3949537	0	2	3154	3	0	3000
VL	118	Response	1	3954163	4626	1
VL	119	Picture	22	3986714	0	2	3154	3	0	3000
VL	119	Response	1	3991380	4666	1
VL	120	Picture	22	4024556	0	1	3153	2	0	3000
VL	120	Response	1	4030262	5706	2
VL	121	Picture	22	4059741	0	1	3154	2	0	3000
VL	121	Response	1	4062935	3194	1
VL	122	Picture	22	4089118	0	1	3153	2	0	3000
VL	122	Response	1	4095989	6871	2
VL	123	Picture	33	4118328	0	2	3154	3	0	3000
VL	123	Response	1	4126452	8124	1
VL	124	Picture	22	4146709	0	2	3154	3	0	3000
VL	124	Response	1	4150330	3621	1
VL	125	Picture	22	4179073	0	2	3154	3	0	3000
VL	126	Picture	22	4217412	0	2	3154	3	0	3000
VL	126	Response	1	4220219	2807	2
VL	127	Picture	33	4253594	0	1	3153	2	0	3000
VL	128	Picture	22	4287120	0	1	3153	2	0	3000
VL	128	Response	1	4291653	4533	2
VL	129	Picture	22	4326454	0	2	3154	3	0	3000
VL	129	Response	1	4329885	3431	1
VL	130	Picture	22	4355997	0	1	3153	3	0	3000
VL	130	Response	1	4364604	8607	1
VL	131	Picture	22	4385208	0	1	3153	2	0	3000
VL	131	Response	1	4392508	7300	1
VL	132	Picture	22	4416576	0	1	3153	2	0	3000
VL	132	Response	1	4423245	6669	1
VL	133	Picture	33	4452591	0	2	3154	3	0	3000
VL	133	Response	1	4457579	4988	2
VL	134	Picture	22	4485287	0	2	3154	3	0	3000
VL	134	Response	1	4489967	4680	1
VL	135	Picture	22	4522962	0	2	3154	3	0	3000
VL	135	Response	1	4527634	4672	1
VL	136	Picture	22	4551841	0	1	3154	2	0	3000
VL	136	Response	1	4558445	6604	1
VL	137	Picture	33	4587027	0	1	3153	2	0	3000
VL	137	Response	1	4591480	4453	2
VL	137	Response	1	4597280	10253	1
VL	138	Picture	22	4617233	0	2	3154	3	0	3000
VL	138	Response	1	4622763	5530	1
VL	139	Picture	22	4650925	0	1	3154	2	0	3000
VL	140	Picture	22	4686609	0	1	3153	2	0	3000
VL	140	Response	1	4693273	6664	1
VL	141	Picture	22	4720300	0	2	3154	3	0	3000
VL	141	Response	1	4732892	12592	1
VL	142	Picture	22	4749345	0	1	3154	2	0	3000
VL	142	Response	1	4757303	7958	1
VL	143	Picture	33	4781377	0	2	3154	3	0	3000
VL	143	Response	1	4786163	4786	1
VL	144	Picture	22	4816729	0	1	3153	2	0	3000
VL	144	Response	1	4819709	2980	3
VL	145	Picture	22	4853076	0	1	3154	2	0	3000
VL	145	Response	1	4859204	6128	2
VL	146	Picture	22	4891747	0	1	3153	3	0	3000
VL	146	Response	1	4895424	3677	1
VL	147	Picture	22	4928924	0	2	3154	3	0	3000
VL	147	Response	1	4932028	3104	1
VL	148	Picture	22	4962284	0	1	3154	2	0	3000
VL	148	Response	1	4965206	2922	1
VL	149	Picture	33	4995810	0	1	3153	3	0	3000
VL	149	Response	1	4998668	2858	1
VL	150	Picture	22	5033153	0	1	3154	2	0	3000
VL	150	Response	1	5037870	4717	2
VL	151	Picture	22	5065019	0	2	3154	3	0	3000
VL	151	Response	1	5069453	4434	1
VL	152	Picture	22	5096720	0	1	3153	2	0	3000
VL	152	Response	1	5100009	3289	1
VL	153	Picture	22	5125764	0	2	3154	3	0	3000
VL	153	Response	1	5129302	3538	1
VL	154	Picture	22	5156635	0	1	3153	2	0	3000
VL	154	Response	1	5160153	3518	1
VL	155	Picture	33	5194642	0	1	3153	2	0	3000
VL	155	Response	1	5201333	6691	1
VL	156	Response	1	5496253	267587	1
VL	158	Picture	22	5506499	0	1	3153	2	0	3000
VL	158	Response	1	5514227	7728	1
VL	159	Picture	22	5535211	0	2	3154	3	0	3000
VL	159	Response	1	5540115	4904	1
VL	160	Picture	22	5566248	0	1	3153	2	0	3000
VL	160	Response	1	5571611	5363	1
VL	161	Picture	22	5605583	0	1	3153	2	0	3000
VL	161	Response	1	5609747	4164	1
VL	162	Picture	22	5643922	0	1	3153	2	0	3000
VL	162	Response	1	5648557	4635	1
VL	163	Picture	33	5673132	0	2	3154	3	0	3000
VL	164	Picture	22	5711471	0	2	3154	3	0	3000
VL	164	Response	1	5715461	3990	1
VL	165	Picture	22	5744831	0	1	3154	2	0	3000
VL	165	Response	1	5748098	3267	1
VL	166	Picture	22	5773378	0	1	3153	3	0	3000
VL	166	Response	1	5777107	3729	1
VL	167	Picture	22	5810721	0	1	3154	2	0	3000
VL	167	Response	1	5814204	3483	1
VL	168	Picture	22	5844081	0	1	3153	3	0	3000
VL	168	Response	1	5848767	4686	2
VL	169	Picture	33	5881092	0	2	3154	3	0	3000
VL	170	Picture	22	5919763	0	1	3154	2	0	3000
VL	170	Response	1	5928981	9218	1
VL	171	Picture	22	5958102	0	1	3154	2	0	3000
VL	171	Response	1	5964170	6068	1
VL	172	Picture	22	5995943	0	2	3154	3	0	3000
VL	172	Response	1	6000975	5032	2
VL	173	Picture	33	6033618	0	2	3154	3	0	3000
VL	174	Picture	22	6071460	0	1	3153	2	0	3000
VL	174	Response	1	6075765	4305	1
VL	175	Picture	22	6103990	0	1	3153	2	0	3000
VL	175	Response	1	6107918	3928	1
VL	176	Picture	22	6142660	0	2	3154	3	0	3000
VL	176	Response	1	6147352	4692	1
VL	177	Picture	22	6182161	0	2	3154	3	0	3000
VL	177	Response	1	6185467	3306	1
VL	178	Picture	22	6217181	0	1	3153	2	0	3000
VL	178	Response	1	6220326	3145	1
VL	179	Picture	33	6245728	0	1	3153	2	0	3000
VL	180	Picture	22	6273942	0	2	3154	3	0	3000
VL	180	Response	1	6277026	3084	2
VL	181	Picture	22	6303485	0	1	3154	2	0	3000
VL	181	Response	1	6308519	5034	2
VL	182	Picture	22	6340662	0	2	3154	3	0	3000
VL	182	Response	1	6344502	3840	1
VL	183	Picture	22	6369209	0	1	3153	3	0	3000
VL	183	Response	1	6375859	6650	1
VL	184	Picture	22	6399416	0	1	3153	2	0	3000
VL	184	Response	1	6404718	5302	2
VL	185	Picture	33	6435763	0	1	3153	3	0	3000
VL	186	Picture	22	6474102	0	1	3153	2	0	3000
VL	186	Response	1	6478207	4105	1
VL	187	Picture	22	6508126	0	1	3153	2	0	3000
VL	188	Picture	22	6540490	0	1	3153	2	0	3000
VL	188	Response	1	6543698	3208	1
VL	189	Picture	22	6568871	0	1	3153	2	0	3000
VL	189	Response	1	6573384	4513	1
VL	190	Picture	22	6601733	0	1	3153	2	0	3000
VL	190	Response	1	6606120	4387	3
VL	191	Picture	33	6633101	0	1	3153	2	0	3000
VL	192	Picture	22	6662975	0	2	3154	3	0	3000
VL	192	Response	1	6667684	4709	1
VL	193	Picture	22	6694012	0	1	3153	2	0	3000
VL	193	Response	1	6701398	7386	2
VL	194	Picture	22	6729861	0	1	3154	2	0	3000
VL	194	Response	1	6734926	5065	1
VL	195	Picture	22	6768366	0	1	3153	3	0	3000
VL	195	Response	1	6771936	3570	1
VL	196	Picture	22	6801892	0	1	3153	3	0	3000
VL	197	Picture	33	6839069	0	1	3154	2	0	3000
VL	198	Picture	22	6871599	0	2	3154	3	0	3000
VL	198	Response	1	6874694	3095	1
VL	199	Picture	22	6907449	0	1	3153	2	0	3000
VL	199	Response	1	6918965	11516	1
VL	200	Picture	22	6943464	0	1	3154	2	0	3000
VL	201	Picture	22	6980143	0	2	3154	3	0	3000
VL	201	Response	1	6983069	2926	1
VL	202	Picture	22	7014001	0	1	3154	2	0	3000
VL	202	Response	1	7021583	7582	2
VL	203	Picture	33	7051842	0	2	3154	3	0	3000
VL	204	Picture	22	7088522	0	1	3153	2	0	3000
VL	204	Response	1	7091438	2916	1
VL	205	Picture	22	7124703	0	1	3153	2	0	3000
VL	206	Picture	22	7164868	0	1	3153	2	0	3000
VL	206	Response	1	7168973	4105	1
VL	207	Picture	33	7197730	0	1	3153	2	0	3000
VL	207	Response	1	7201672	3942	1
VL	208	Picture	22	7229264	0	1	3153	2	0	3000
VL	208	Response	1	7233163	3899	1
VL	209	Picture	22	7263288	0	1	3153	2	0	3000
VL	209	Response	1	7266896	3608	1
VL	210	Picture	22	7291502	0	2	3154	3	0	3000
VL	210	Response	1	7294043	2541	1
VL	211	Picture	22	7320215	0	1	3154	2	0	3000
VL	212	Picture	22	7359384	0	1	3153	3	0	3000
VL	212	Response	1	7364921	5537	1
VL	213	Picture	33	7398553	0	1	3153	2	0	3000
VL	213	Response	1	7403794	5241	1
VL	214	Picture	22	7436394	0	1	3153	2	0	3000
VL	214	Response	1	7440374	3980	1
VL	215	Picture	33	7474899	0	1	3153	2	0	3000
VL	215	Response	1	7481875	6976	1
VL	216	Picture	22	7506101	0	1	3154	2	0	3000
VL	217	Picture	22	7535976	0	1	3153	2	0	3000
VL	217	Response	1	7540336	4360	1
VL	218	Picture	22	7566514	0	1	3154	2	0	3000
VL	218	Response	1	7578408	11894	1
VL	219	Picture	22	7596389	0	1	3153	2	0	3000
VL	219	Response	1	7603474	7085	2
VL	220	Picture	22	7626927	0	1	3153	3	0	3000
VL	220	Response	1	7632908	5981	1
VL	221	Picture	33	7655972	0	1	3153	2	0	3000
VL	222	Picture	22	7689664	0	1	3153	2	0	3000
VL	222	Response	1	7694599	4935	1
VL	223	Picture	22	7729662	0	2	3154	3	0	3000
VL	223	Response	1	7735446	5784	1
VL	224	Picture	22	7759371	0	1	3153	2	0	3000
VL	224	Response	1	7768144	8773	1
VL	225	Picture	22	7794390	0	2	3154	3	0	3000
VL	225	Response	1	7800376	5986	1
VL	226	Picture	22	7833559	0	2	3154	3	0	3000
VL	227	Picture	22	7862438	0	1	3153	3	0	3000
VL	227	Response	1	7867137	4699	1
VL	227	Response	1	7892540	30102	2
VL	228	Picture	22	7897126	0	1	3153	2	0	3000
VL	228	Response	1	7902016	4890	1
VL	228	Response	1	7927004	29878	2
VL	229	Picture	33	7931149	0	2	3154	3	0	3000
VL	230	Picture	22	7967165	0	1	3153	2	0	3000
VL	230	Response	1	7970710	3545	1
VL	230	Response	1	7978963	11798	1
VL	231	Picture	22	8001687	0	1	3153	2	0	3000
VL	231	Response	1	8021377	19690	1
VL	232	Picture	22	8039362	0	1	3153	2	0	3000
VL	233	Picture	22	8075045	0	1	3154	2	0	3000
VL	233	Response	1	8094637	19592	1
VL	234	Picture	22	8107077	0	2	3154	3	0	3000
VL	234	Response	1	8110728	3651	2
VL	235	Picture	33	8136454	0	1	3153	2	0	3000
VL	235	Response	1	8138853	2399	2
VL	236	Picture	22	8172469	0	2	3154	3	0	3000
VL	236	Response	1	8180593	8124	1
VL	236	Response	1	8187674	15205	2
VL	237	Picture	22	8207821	0	1	3153	2	0	3000
VL	237	Response	1	8210831	3010	2
VL	238	Picture	22	8236700	0	1	3153	2	0	3000
VL	239	Picture	22	8271221	0	2	3154	3	0	3000
VL	239	Response	1	8274689	3468	1
VL	239	Response	1	8300635	29414	1
VL	240	Picture	22	8307569	0	1	3153	2	0	3000
VL	240	Response	1	8310910	3341	1
VL	241	Picture	33	8347235	0	2	3154	3	0	3000
VL	242	Picture	22	8385740	0	2	3154	3	0	3000
VL	242	Response	1	8389402	3662	1
VL	242	Response	1	8403932	18192	1
VL	243	Picture	22	8422420	0	1	3153	2	0	3000
VL	243	Response	1	8426549	4129	2
VL	244	Picture	22	8459431	0	1	3153	2	0	3000
VL	244	Response	1	8464522	5091	1
VL	245	Picture	33	8497936	0	1	3153	2	0	3000
VL	245	Response	1	8503294	5358	1
VL	246	Picture	22	8534283	0	1	3154	2	0	3000
VL	246	Response	1	8538259	3976	1
VL	247	Picture	22	8564988	0	1	3153	2	0	3000
VL	247	Response	1	8592034	27046	1
VL	248	Picture	22	8604820	0	2	3154	3	0	3000
VL	248	Response	1	8610437	5617	1
VL	249	Picture	22	8637018	0	2	3154	3	0	3000
VL	249	Response	1	8644142	7124	1
VL	249	Response	1	8674955	37937	1
VL	250	Picture	22	8676353	0	1	3154	2	0	3000
VL	250	Response	1	8701438	25085	1
VL	251	Picture	33	8712203	0	1	3153	2	0	3000
VL	251	Response	1	8715406	3203	1
VL	252	Picture	22	8747222	0	2	3154	3	0	3000
VL	252	Response	1	8750115	2893	1
VL	253	Picture	33	8782906	0	1	3153	2	0	3000
VL	253	Response	1	8787706	4800	1
VL	254	Picture	22	8817759	0	2	3154	3	0	3000
VL	254	Response	1	8820914	3155	1
VL	255	Picture	22	8855269	0	1	3153	2	0	3000
VL	256	Picture	22	8885973	0	1	3153	2	0	3000
VL	257	Picture	33	8923482	0	1	3153	3	0	3000
VL	258	Picture	22	8952195	0	1	3153	2	0	3000
VL	259	Picture	22	8989704	0	1	3153	3	0	3000
VL	259	Response	1	8993314	3610	1
VL	260	Picture	22	9029703	0	1	3153	2	0	3000
VL	260	Response	1	9033072	3369	1
VL	261	Picture	22	9066382	0	1	3153	2	0	3000
VL	261	Response	1	9069840	3458	2
VL	262	Picture	22	9097418	0	2	3154	3	0	3000
VL	263	Picture	22	9129782	0	2	3154	3	0	3000
VL	263	Response	1	9132375	2593	1
VL	264	Picture	22	9160985	0	1	3153	2	0	3000
VL	265	Picture	33	9189531	0	2	3154	3	0	3000
VL	266	Picture	22	9218742	0	1	3153	3	0	3000
VL	266	Response	1	9222390	3648	1
VL	267	Picture	22	9252434	0	1	3153	2	0	3000
VL	267	Response	1	9259591	7157	1
VL	268	Picture	22	9288283	0	2	3154	3	0	3000
VL	268	Response	1	9293590	5307	1
VL	269	Picture	22	9327784	0	1	3154	2	0	3000
VL	269	Response	1	9331462	3678	1
VL	270	Picture	22	9367451	0	1	3153	2	0	3000
VL	270	Response	1	9371011	3560	1
VL	271	Picture	33	9396496	0	1	3153	2	0	3000
VL	272	Picture	22	9427034	0	1	3153	3	0	3000
VL	272	Response	1	9431619	4585	1
VL	273	Picture	22	9456743	0	1	3153	2	0	3000
VL	273	Response	1	9460742	3999	1
VL	274	Picture	22	9493090	0	1	3153	2	0	3000
VL	274	Response	1	9498218	5128	1
VL	275	Picture	22	9530101	0	1	3154	2	0	3000
VL	275	Response	1	9533572	3471	1
VL	276	Picture	22	9564457	0	1	3153	2	0	3000
VL	276	Response	1	9568009	3552	2
VL	277	Picture	22	9593004	0	1	3153	2	0	3000
VL	277	Response	1	9596014	3010	1
VL	278	Picture	22	9624040	0	1	3153	2	0	3000
VL	278	Response	1	9627690	3650	1
VL	279	Picture	33	9662877	0	1	3153	2	0	3000
VL	280	Picture	22	9696403	0	1	3153	2	0	3000
VL	280	Response	1	9699909	3506	1
VL	281	Picture	22	9735572	0	1	3153	2	0	3000
VL	281	Response	1	9740083	4511	1
VL	282	Picture	22	9771753	0	1	3153	2	0	3000
VL	282	Response	1	9779273	7520	2
VL	283	Picture	22	9805943	0	1	3153	2	0	3000
VL	284	Picture	22	9844282	0	1	3153	2	0	3000
VL	284	Response	1	9848987	4705	1
VL	285	Picture	22	9880131	0	1	3154	2	0	3000
VL	286	Picture	22	9912661	0	1	3154	2	0	3000
VL	286	Response	1	9920939	8278	1
VL	287	Picture	33	9944029	0	2	3154	3	0	3000
VL	287	Response	1	9949313	5284	1
VL	288	Picture	22	9982534	0	2	3154	3	0	3000
VL	288	Response	1	9985224	2690	1
VL	289	Picture	22	10012409	0	1	3153	2	0	3000
VL	290	Picture	22	10051578	0	1	3153	2	0	3000
VL	290	Response	1	10054225	2647	2
VL	291	Picture	33	10088589	0	1	3153	3	0	3000
VL	292	Picture	22	10123609	0	1	3153	2	0	3000
VL	292	Response	1	10129505	5896	3
VL	293	Picture	22	10156803	0	1	3153	2	0	3000
VL	294	Picture	22	10186345	0	1	3154	2	0	3000
VL	295	Picture	22	10219041	0	1	3154	2	0	3000
VL	295	Response	1	10223316	4275	1
VL	296	Picture	22	10254393	0	1	3153	2	0	3000
VL	296	Response	1	10260292	5899	2
VL	297	Picture	33	10285429	0	1	3153	3	0	3000
VL	297	Response	1	10288447	3018	2
VL	298	Picture	22	10321113	0	1	3153	2	0	3000
VL	298	Response	1	10324308	3195	2
VL	299	Picture	22	10352315	0	1	3153	2	0	3000
VL	299	Response	1	10357404	5089	1
VL	300	Picture	22	10387500	0	2	3154	3	0	3000
VL	300	Response	1	10390965	3465	2
VL	301	Picture	22	10421690	0	1	3154	2	0	3000
VL	301	Response	1	10428706	7016	1
VL	302	Picture	22	10457871	0	2	3154	3	0	3000
VL	302	Response	1	10461737	3866	1
VL	303	Picture	33	10492891	0	1	3153	3	0	3000
VL	303	Response	1	10496797	3906	1


Event Type	Code	Type	Response	RT	RT Uncertainty	Time	Uncertainty	Duration	Uncertainty	ReqTime	ReqDur

Picture	22	hit	1	7674	3	289	2	3154	3	0	3000
Picture	22	hit	1	2502	2	34479	1	3154	2	0	3000
Picture	22	hit	1	3260	3	70992	2	3154	3	0	3000
Picture	33	miss				108170	1	3153	2	0	3000
Picture	22	hit	1	2642	2	146841	1	3153	2	0	3000
Picture	22	hit	1	2933	3	182026	2	3154	3	0	3000
Picture	22	hit	1	4150	2	212565	1	3153	2	0	3000
Picture	33	hit	1	3012	3	249908	1	3153	2	0	3000
Picture	22	hit	1	3479	3	284263	2	3154	3	0	3000
Picture	22	hit	1	2957	2	322271	1	3153	2	0	3000
Picture	22	hit	1	3016	2	353639	1	3153	2	0	3000
Picture	33	miss				386003	1	3153	3	0	3000
Picture	22	hit	1	3678	2	423844	1	3153	3	0	3000
Picture	22	hit	1	4554	2	453553	1	3153	2	0	3000
Picture	22	hit	1	3204	3	489900	1	3153	2	0	3000
Picture	33	miss				521932	1	3154	2	0	3000
Picture	22	hit	1	2723	2	555790	1	3153	2	0	3000
Picture	22	hit	1	3225	2	594793	1	3153	2	0	3000
Picture	22	hit	1	3203	3	630476	1	3154	2	0	3000
Picture	33	miss				666326	1	3153	2	0	3000
Picture	22	hit	1	3091	4	701179	2	3154	3	0	3000
Picture	22	hit	1	3213	2	736697	1	3153	2	0	3000
Picture	22	hit	1	5432	2	770887	1	3153	2	0	3000
Picture	22	hit	1	2966	2	806072	1	3154	2	0	3000
Picture	22	hit	1	3573	2	836611	1	3153	2	0	3000
Picture	33	hit	1	3490	3	868311	1	3153	2	0	3000
Picture	22	hit	1	3694	2	906484	1	3153	2	0	3000
Picture	33	miss				937022	1	3154	2	0	3000
Picture	22	hit	1	3774	3	968722	2	3154	3	0	3000
Picture	33	miss				1008721	1	3153	3	0	3000
Picture	22	hit	1	4048	3	1043243	1	3153	2	0	3000
Picture	33	miss				1078760	2	3154	3	0	3000
Picture	22	hit	1	3050	3	1116269	2	3154	3	0	3000
Picture	22	hit	1	5110	2	1152451	1	3153	2	0	3000
Picture	22	hit	1	3225	2	1190624	1	3153	2	0	3000
Picture	22	hit	1	4984	2	1228133	1	3153	3	0	3000
Picture	22	hit	1	4519	2	1256680	1	3153	2	0	3000
Picture	22	hit	1	3413	2	1295683	1	3153	2	0	3000
Picture	22	hit	1	3939	3	1330370	2	3154	3	0	3000
Picture	33	miss				1366552	1	3153	2	0	3000
Picture	22	hit	1	4146	3	1400575	2	3154	3	0	3000
Picture	33	miss				1435429	1	3154	2	0	3000
Picture	22	hit	1	3358	2	1464806	1	3153	2	0	3000
Picture	22	hit	1	3939	3	1503311	1	3153	2	0	3000
Picture	22	hit	1	6406	4	1532355	2	3154	3	0	3000
Picture	22	hit	1	4192	2	1566711	1	3153	3	0	3000
Picture	22	hit	1	12039	2	1596586	1	3153	2	0	3000
Picture	33	miss				1630277	2	3154	3	0	3000
Picture	22	hit	1	3016	2	1659986	1	3153	3	0	3000
Picture	33	hit	1	3988	2	1695338	1	3153	2	0	3000
Picture	22	hit	1	3627	3	1732681	1	3153	2	0	3000
Picture	22	hit	1	6155	2	1768862	1	3154	2	0	3000
Picture	22	hit	1	4892	2	1799235	1	3153	2	0	3000
Picture	33	miss				1839233	1	3154	2	0	3000
Picture	22	hit	1	2934	2	1878236	1	3153	3	0	3000
Picture	33	miss				1907779	1	3153	2	0	3000
Picture	22	hit	1	3813	2	1940143	1	3153	2	0	3000
Picture	22	hit	1	8565	3	1979809	2	3154	3	0	3000
Picture	22	hit	1	3300	3	2009186	1	3154	2	0	3000
Picture	22	hit	1	9341	2	2038563	1	3153	2	0	3000
Picture	22	hit	1	5028	2	2070927	1	3153	2	0	3000
Picture	22	hit	1	8157	2	2099806	1	3153	2	0	3000
Picture	22	hit	1	4659	2	2137813	1	3153	2	0	3000
Picture	33	miss				2166857	2	3154	3	0	3000
Picture	22	hit	1	7805	2	2196566	1	3153	2	0	3000
Picture	22	hit	1	5806	3	2229594	1	3153	2	0	3000
Picture	22	hit	1	3855	2	2269095	1	3153	2	0	3000
Picture	22	hit	1	5276	2	2305608	1	3153	2	0	3000
Picture	22	hit	1	4188	3	2336478	2	3154	3	0	3000
Picture	33	hit	1	5130	2	2367183	1	3153	2	0	3000
Picture	22	hit	1	3240	2	2399713	1	3153	2	0	3000
Picture	22	hit	1	4981	3	2429587	2	3154	3	0	3000
Picture	22	hit	1	4721	2	2460458	1	3153	2	0	3000
Picture	22	hit	1	3186	3	2499626	2	3154	3	0	3000
Picture	22	hit	1	3586	3	2533152	2	3154	3	0	3000
Picture	33	miss				2568504	1	3153	2	0	3000
Picture	22	hit	1	4265	2	2599540	1	3154	2	0	3000
Picture	22	hit	1	6557	3	2631406	2	3154	3	0	3000
Picture	22	hit	1	5320	2	2661447	1	3153	2	0	3000
Picture	22	hit	1	5188	3	2690657	2	3154	3	0	3000
Picture	22	hit	1	2872	2	2725511	1	3153	3	0	3000
Picture	33	hit	1	3608	3	2764514	1	3153	3	0	3000
Picture	22	hit	1	2523	2	2795716	1	3154	2	0	3000
Picture	22	hit	1	6009	3	2828246	2	3154	3	0	3000
Picture	22	hit	1	4213	3	2863100	1	3153	3	0	3000
Picture	22	hit	1	4618	2	2901605	1	3153	3	0	3000
Picture	22	miss				2930484	1	3153	2	0	3000
Picture	33	miss				2959860	1	3154	2	0	3000
Picture	22	hit	1	2754	2	2994880	1	3153	2	0	3000
Picture	22	hit	1	6632	3	3025252	2	3154	3	0	3000
Picture	22	hit	1	10754	3	3065085	1	3153	3	0	3000
Picture	22	hit	1	2938	2	3098943	1	3153	2	0	3000
Picture	22	hit	1	4950	2	3129647	1	3154	2	0	3000
Picture	33	hit	1	3063	2	3165829	1	3153	2	0	3000
Picture	22	hit	1	10310	2	3202674	1	3153	2	0	3000
Picture	22	hit	1	5332	3	3233212	2	3154	3	0	3000
Picture	22	hit	1	6316	2	3266406	1	3154	2	0	3000
Picture	22	hit	1	5200	2	3300762	1	3153	3	0	3000
Picture	22	hit	1	3099	2	3339765	1	3153	2	0	3000
Picture	33	miss				3369971	2	3154	3	0	3000
Picture	22	hit	1	4150	4	3407480	2	3154	3	0	3000
Picture	22	hit	1	5343	2	3436525	1	3154	2	0	3000
Picture	22	hit	1	4963	2	3469553	1	3153	3	0	3000
Picture	22	hit	1	5819	2	3498100	1	3153	2	0	3000
Picture	22	hit	1	3902	2	3536107	1	3153	2	0	3000
Picture	33	hit	1	5895	2	3565650	1	3153	2	0	3000
Picture	22	hit	1	3179	2	3602827	1	3153	2	0	3000
Picture	22	hit	1	4505	2	3635689	1	3153	2	0	3000
Picture	22	hit	1	5178	3	3665065	2	3154	3	0	3000
Picture	33	miss				3702077	1	3153	2	0	3000
Picture	22	hit	1	4521	2	3739752	1	3153	2	0	3000
Picture	22	hit	1	4054	3	3779418	2	3154	3	0	3000
Picture	22	hit	1	5439	3	3811782	2	3154	3	0	3000
Picture	22	hit	1	5148	3	3841491	1	3153	3	0	3000
Picture	22	hit	1	2596	2	3876843	1	3153	2	0	3000
Picture	33	hit	1	3304	3	3913688	1	3153	2	0	3000
Picture	22	hit	1	4626	3	3949537	2	3154	3	0	3000
Picture	22	hit	1	4666	3	3986714	2	3154	3	0	3000
Picture	22	hit	1	5706	3	4024556	1	3153	2	0	3000
Picture	22	hit	1	3194	2	4059741	1	3154	2	0	3000
Picture	22	hit	1	6871	3	4089118	1	3153	2	0	3000
Picture	33	hit	1	8124	3	4118328	2	3154	3	0	3000
Picture	22	hit	1	3621	3	4146709	2	3154	3	0	3000
Picture	22	miss				4179073	2	3154	3	0	3000
Picture	22	hit	1	2807	4	4217412	2	3154	3	0	3000
Picture	33	miss				4253594	1	3153	2	0	3000
Picture	22	hit	1	4533	3	4287120	1	3153	2	0	3000
Picture	22	hit	1	3431	3	4326454	2	3154	3	0	3000
Picture	22	hit	1	8607	2	4355997	1	3153	3	0	3000
Picture	22	hit	1	7300	2	4385208	1	3153	2	0	3000
Picture	22	hit	1	6669	2	4416576	1	3153	2	0	3000
Picture	33	hit	1	4988	4	4452591	2	3154	3	0	3000
Picture	22	hit	1	4680	3	4485287	2	3154	3	0	3000
Picture	22	hit	1	4672	3	4522962	2	3154	3	0	3000
Picture	22	hit	1	6604	2	4551841	1	3154	2	0	3000
Picture	33	hit	1	4453	3	4587027	1	3153	2	0	3000
Picture	22	hit	1	5530	3	4617233	2	3154	3	0	3000
Picture	22	miss				4650925	1	3154	2	0	3000
Picture	22	hit	1	6664	2	4686609	1	3153	2	0	3000
Picture	22	hit	1	12592	3	4720300	2	3154	3	0	3000
Picture	22	hit	1	7958	2	4749345	1	3154	2	0	3000
Picture	33	hit	1	4786	3	4781377	2	3154	3	0	3000
Picture	22	hit	1	2980	4	4816729	1	3153	2	0	3000
Picture	22	hit	1	6128	3	4853076	1	3154	2	0	3000
Picture	22	hit	1	3677	2	4891747	1	3153	3	0	3000
Picture	22	hit	1	3104	3	4928924	2	3154	3	0	3000
Picture	22	hit	1	2922	2	4962284	1	3154	2	0	3000
Picture	33	hit	1	2858	2	4995810	1	3153	3	0	3000
Picture	22	hit	1	4717	3	5033153	1	3154	2	0	3000
Picture	22	hit	1	4434	3	5065019	2	3154	3	0	3000
Picture	22	hit	1	3289	2	5096720	1	3153	2	0	3000
Picture	22	hit	1	3538	3	5125764	2	3154	3	0	3000
Picture	22	hit	1	3518	2	5156635	1	3153	2	0	3000
Picture	33	hit	1	6691	2	5194642	1	3153	2	0	3000
Picture	22	hit	1	7728	2	5506499	1	3153	2	0	3000
Picture	22	hit	1	4904	3	5535211	2	3154	3	0	3000
Picture	22	hit	1	5363	2	5566248	1	3153	2	0	3000
Picture	22	hit	1	4164	2	5605583	1	3153	2	0	3000
Picture	22	hit	1	4635	2	5643922	1	3153	2	0	3000
Picture	33	miss				5673132	2	3154	3	0	3000
Picture	22	hit	1	3990	3	5711471	2	3154	3	0	3000
Picture	22	hit	1	3267	2	5744831	1	3154	2	0	3000
Picture	22	hit	1	3729	2	5773378	1	3153	3	0	3000
Picture	22	hit	1	3483	2	5810721	1	3154	2	0	3000
Picture	22	hit	1	4686	3	5844081	1	3153	3	0	3000
Picture	33	miss				5881092	2	3154	3	0	3000
Picture	22	hit	1	9218	2	5919763	1	3154	2	0	3000
Picture	22	hit	1	6068	2	5958102	1	3154	2	0	3000
Picture	22	hit	1	5032	4	5995943	2	3154	3	0	3000
Picture	33	miss				6033618	2	3154	3	0	3000
Picture	22	hit	1	4305	2	6071460	1	3153	2	0	3000
Picture	22	hit	1	3928	2	6103990	1	3153	2	0	3000
Picture	22	hit	1	4692	3	6142660	2	3154	3	0	3000
Picture	22	hit	1	3306	3	6182161	2	3154	3	0	3000
Picture	22	hit	1	3145	2	6217181	1	3153	2	0	3000
Picture	33	miss				6245728	1	3153	2	0	3000
Picture	22	hit	1	3084	4	6273942	2	3154	3	0	3000
Picture	22	hit	1	5034	3	6303485	1	3154	2	0	3000
Picture	22	hit	1	3840	3	6340662	2	3154	3	0	3000
Picture	22	hit	1	6650	2	6369209	1	3153	3	0	3000
Picture	22	hit	1	5302	3	6399416	1	3153	2	0	3000
Picture	33	miss				6435763	1	3153	3	0	3000
Picture	22	hit	1	4105	2	6474102	1	3153	2	0	3000
Picture	22	miss				6508126	1	3153	2	0	3000
Picture	22	hit	1	3208	2	6540490	1	3153	2	0	3000
Picture	22	hit	1	4513	2	6568871	1	3153	2	0	3000
Picture	22	hit	1	4387	4	6601733	1	3153	2	0	3000
Picture	33	miss				6633101	1	3153	2	0	3000
Picture	22	hit	1	4709	3	6662975	2	3154	3	0	3000
Picture	22	hit	1	7386	3	6694012	1	3153	2	0	3000
Picture	22	hit	1	5065	2	6729861	1	3154	2	0	3000
Picture	22	hit	1	3570	2	6768366	1	3153	3	0	3000
Picture	22	miss				6801892	1	3153	3	0	3000
Picture	33	miss				6839069	1	3154	2	0	3000
Picture	22	hit	1	3095	3	6871599	2	3154	3	0	3000
Picture	22	hit	1	11516	2	6907449	1	3153	2	0	3000
Picture	22	miss				6943464	1	3154	2	0	3000
Picture	22	hit	1	2926	3	6980143	2	3154	3	0	3000
Picture	22	hit	1	7582	3	7014001	1	3154	2	0	3000
Picture	33	miss				7051842	2	3154	3	0	3000
Picture	22	hit	1	2916	2	7088522	1	3153	2	0	3000
Picture	22	miss				7124703	1	3153	2	0	3000
Picture	22	hit	1	4105	2	7164868	1	3153	2	0	3000
Picture	33	hit	1	3942	2	7197730	1	3153	2	0	3000
Picture	22	hit	1	3899	2	7229264	1	3153	2	0	3000
Picture	22	hit	1	3608	2	7263288	1	3153	2	0	3000
Picture	22	hit	1	2541	3	7291502	2	3154	3	0	3000
Picture	22	miss				7320215	1	3154	2	0	3000
Picture	22	hit	1	5537	2	7359384	1	3153	3	0	3000
Picture	33	hit	1	5241	2	7398553	1	3153	2	0	3000
Picture	22	hit	1	3980	2	7436394	1	3153	2	0	3000
Picture	33	hit	1	6976	2	7474899	1	3153	2	0	3000
Picture	22	miss				7506101	1	3154	2	0	3000
Picture	22	hit	1	4360	2	7535976	1	3153	2	0	3000
Picture	22	hit	1	11894	2	7566514	1	3154	2	0	3000
Picture	22	hit	1	7085	3	7596389	1	3153	2	0	3000
Picture	22	hit	1	5981	2	7626927	1	3153	3	0	3000
Picture	33	miss				7655972	1	3153	2	0	3000
Picture	22	hit	1	4935	2	7689664	1	3153	2	0	3000
Picture	22	hit	1	5784	3	7729662	2	3154	3	0	3000
Picture	22	hit	1	8773	2	7759371	1	3153	2	0	3000
Picture	22	hit	1	5986	3	7794390	2	3154	3	0	3000
Picture	22	miss				7833559	2	3154	3	0	3000
Picture	22	hit	1	4699	2	7862438	1	3153	3	0	3000
Picture	22	hit	1	4890	2	7897126	1	3153	2	0	3000
Picture	33	miss				7931149	2	3154	3	0	3000
Picture	22	hit	1	3545	2	7967165	1	3153	2	0	3000
Picture	22	hit	1	19690	2	8001687	1	3153	2	0	3000
Picture	22	miss				8039362	1	3153	2	0	3000
Picture	22	hit	1	19592	2	8075045	1	3154	2	0	3000
Picture	22	hit	1	3651	4	8107077	2	3154	3	0	3000
Picture	33	hit	1	2399	3	8136454	1	3153	2	0	3000
Picture	22	hit	1	8124	3	8172469	2	3154	3	0	3000
Picture	22	hit	1	3010	3	8207821	1	3153	2	0	3000
Picture	22	miss				8236700	1	3153	2	0	3000
Picture	22	hit	1	3468	3	8271221	2	3154	3	0	3000
Picture	22	hit	1	3341	2	8307569	1	3153	2	0	3000
Picture	33	miss				8347235	2	3154	3	0	3000
Picture	22	hit	1	3662	3	8385740	2	3154	3	0	3000
Picture	22	hit	1	4129	3	8422420	1	3153	2	0	3000
Picture	22	hit	1	5091	2	8459431	1	3153	2	0	3000
Picture	33	hit	1	5358	2	8497936	1	3153	2	0	3000
Picture	22	hit	1	3976	2	8534283	1	3154	2	0	3000
Picture	22	hit	1	27046	2	8564988	1	3153	2	0	3000
Picture	22	hit	1	5617	3	8604820	2	3154	3	0	3000
Picture	22	hit	1	7124	3	8637018	2	3154	3	0	3000
Picture	22	hit	1	25085	2	8676353	1	3154	2	0	3000
Picture	33	hit	1	3203	2	8712203	1	3153	2	0	3000
Picture	22	hit	1	2893	3	8747222	2	3154	3	0	3000
Picture	33	hit	1	4800	2	8782906	1	3153	2	0	3000
Picture	22	hit	1	3155	3	8817759	2	3154	3	0	3000
Picture	22	miss				8855269	1	3153	2	0	3000
Picture	22	miss				8885973	1	3153	2	0	3000
Picture	33	miss				8923482	1	3153	3	0	3000
Picture	22	miss				8952195	1	3153	2	0	3000
Picture	22	hit	1	3610	2	8989704	1	3153	3	0	3000
Picture	22	hit	1	3369	2	9029703	1	3153	2	0	3000
Picture	22	hit	1	3458	3	9066382	1	3153	2	0	3000
Picture	22	miss				9097418	2	3154	3	0	3000
Picture	22	hit	1	2593	3	9129782	2	3154	3	0	3000
Picture	22	miss				9160985	1	3153	2	0	3000
Picture	33	miss				9189531	2	3154	3	0	3000
Picture	22	hit	1	3648	2	9218742	1	3153	3	0	3000
Picture	22	hit	1	7157	2	9252434	1	3153	2	0	3000
Picture	22	hit	1	5307	3	9288283	2	3154	3	0	3000
Picture	22	hit	1	3678	2	9327784	1	3154	2	0	3000
Picture	22	hit	1	3560	2	9367451	1	3153	2	0	3000
Picture	33	miss				9396496	1	3153	2	0	3000
Picture	22	hit	1	4585	2	9427034	1	3153	3	0	3000
Picture	22	hit	1	3999	2	9456743	1	3153	2	0	3000
Picture	22	hit	1	5128	2	9493090	1	3153	2	0	3000
Picture	22	hit	1	3471	2	9530101	1	3154	2	0	3000
Picture	22	hit	1	3552	3	9564457	1	3153	2	0	3000
Picture	22	hit	1	3010	2	9593004	1	3153	2	0	3000
Picture	22	hit	1	3650	2	9624040	1	3153	2	0	3000
Picture	33	miss				9662877	1	3153	2	0	3000
Picture	22	hit	1	3506	2	9696403	1	3153	2	0	3000
Picture	22	hit	1	4511	2	9735572	1	3153	2	0	3000
Picture	22	hit	1	7520	3	9771753	1	3153	2	0	3000
Picture	22	miss				9805943	1	3153	2	0	3000
Picture	22	hit	1	4705	2	9844282	1	3153	2	0	3000
Picture	22	miss				9880131	1	3154	2	0	3000
Picture	22	hit	1	8278	2	9912661	1	3154	2	0	3000
Picture	33	hit	1	5284	3	9944029	2	3154	3	0	3000
Picture	22	hit	1	2690	3	9982534	2	3154	3	0	3000
Picture	22	miss				10012409	1	3153	2	0	3000
Picture	22	hit	1	2647	3	10051578	1	3153	2	0	3000
Picture	33	miss				10088589	1	3153	3	0	3000
Picture	22	hit	1	5896	4	10123609	1	3153	2	0	3000
Picture	22	miss				10156803	1	3153	2	0	3000
Picture	22	miss				10186345	1	3154	2	0	3000
Picture	22	hit	1	4275	2	10219041	1	3154	2	0	3000
Picture	22	hit	1	5899	3	10254393	1	3153	2	0	3000
Picture	33	hit	1	3018	3	10285429	1	3153	3	0	3000
Picture	22	hit	1	3195	3	10321113	1	3153	2	0	3000
Picture	22	hit	1	5089	2	10352315	1	3153	2	0	3000
Picture	22	hit	1	3465	4	10387500	2	3154	3	0	3000
Picture	22	hit	1	7016	2	10421690	1	3154	2	0	3000
Picture	22	hit	1	3866	3	10457871	2	3154	3	0	3000
Picture	33	hit	1	3906	2	10492891	1	3153	3	0	3000
