Scenario - GO/NO-GO
Logfile written - 04/26/2011 12:18:08

Subject	Trial	Event Type	Code	Time	TTime	Uncertainty	Duration	Uncertainty	ReqTime	ReqDur

VL	2	Picture	22	289	0	2	3154	3	0	3000
VL	2	Response	1	4987	4698	2
VL	3	Picture	22	10911	0	2	3154	3	0	3000
VL	3	Response	1	15750	4839	1
VL	4	Picture	22	20040	0	1	3153	2	0	3000
VL	4	Response	1	22614	2574	1
VL	5	Picture	22	29002	0	1	3154	2	0	3000
VL	5	Response	1	31188	2186	1
VL	6	Picture	22	38131	0	1	3153	2	0	3000
VL	6	Response	1	40292	2161	1
VL	7	Picture	22	47093	0	1	3153	2	0	3000
VL	7	Response	1	49543	2450	1
VL	8	Picture	22	56221	0	1	3154	2	0	3000
VL	8	Response	1	58387	2166	1
VL	9	Picture	33	66013	0	2	3154	3	0	3000
VL	9	Response	1	68328	2315	1
VL	10	Picture	22	75474	0	1	3153	2	0	3000
VL	10	Response	1	80508	5034	1
VL	11	Picture	22	83938	0	1	3154	2	0	3000
VL	11	Response	1	87877	3939	1
VL	12	Picture	22	92071	0	1	3153	2	0	3000
VL	12	Response	1	95461	3390	1
VL	13	Picture	22	102361	0	1	3153	2	0	3000
VL	13	Response	1	104665	2304	1
VL	14	Picture	22	111323	0	1	3154	2	0	3000
VL	14	Response	1	113664	2341	1
VL	15	Picture	22	122111	0	1	3154	2	0	3000
VL	15	Response	1	125694	3583	2
VL	16	Picture	22	131903	0	2	3154	3	0	3000
VL	16	Response	1	134124	2221	1
VL	17	Picture	33	141530	0	1	3153	2	0	3000
VL	17	Response	1	143823	2293	1
VL	18	Picture	22	150326	0	1	3153	3	0	3000
VL	18	Response	1	156210	5884	1
VL	19	Picture	22	161114	0	1	3153	3	0	3000
VL	19	Response	1	163549	2435	1
VL	20	Picture	22	171072	0	1	3154	2	0	3000
VL	20	Response	1	173288	2216	2
VL	21	Picture	22	182026	0	2	3154	3	0	3000
VL	21	Response	1	182072	46	1
VL	22	Picture	22	192814	0	2	3154	3	0	3000
VL	22	Response	1	194761	1947	2
VL	23	Picture	33	203602	0	2	3154	3	0	3000
VL	23	Response	1	206055	2453	2
VL	24	Picture	22	213395	0	1	3153	2	0	3000
VL	24	Response	1	217830	4435	2
VL	25	Picture	22	223851	0	1	3153	2	0	3000
VL	25	Response	1	227093	3242	2
VL	26	Picture	22	234971	0	1	3153	2	0	3000
VL	26	Response	1	237177	2206	1
VL	27	Picture	22	245925	0	1	3153	2	0	3000
VL	27	Response	1	248440	2515	1
VL	28	Picture	22	254223	0	1	3153	3	0	3000
VL	28	Response	1	258168	3945	1
VL	29	Picture	33	263517	0	2	3154	3	0	3000
VL	29	Response	1	272173	8656	1
VL	30	Picture	22	274305	0	2	3154	3	0	3000
VL	30	Response	1	283437	9132	2
VL	31	Picture	22	284264	0	1	3153	2	0	3000
VL	32	Picture	22	292396	0	1	3154	2	0	3000
VL	32	Response	1	294478	2082	1
VL	33	Picture	22	301524	0	2	3154	3	0	3000
VL	33	Response	1	304564	3040	2
VL	34	Picture	22	311649	0	1	3153	2	0	3000
VL	34	Response	1	314653	3004	1
VL	35	Picture	33	321109	0	1	3153	2	0	3000
VL	35	Response	1	323585	2476	2
VL	36	Picture	22	332229	0	1	3153	2	0	3000
VL	36	Response	1	334648	2419	1
VL	37	Picture	22	340527	0	2	3154	3	0	3000
VL	37	Response	1	345651	5124	2
VL	38	Picture	22	349158	0	1	3153	2	0	3000
VL	38	Response	1	355292	6134	2
VL	39	Picture	22	359780	0	1	3153	2	0	3000
VL	39	Response	1	362954	3174	2
VL	40	Picture	22	368244	0	1	3154	2	0	3000
VL	40	Response	1	371450	3206	1
VL	41	Picture	33	378036	0	2	3154	3	0	3000
VL	41	Response	1	382868	4832	1
VL	42	Picture	22	387497	0	1	3153	2	0	3000
VL	42	Response	1	389726	2229	1
VL	43	Picture	22	398119	0	1	3153	2	0	3000
VL	43	Response	1	400551	2432	2
VL	44	Picture	22	408077	0	1	3153	2	0	3000
VL	44	Response	1	410309	2232	1
VL	45	Picture	33	419031	0	1	3153	2	0	3000
VL	45	Response	1	421215	2184	1
VL	46	Picture	22	429819	0	1	3153	3	0	3000
VL	46	Response	1	434604	4785	1
VL	47	Picture	33	440773	0	1	3153	2	0	3000
VL	47	Response	1	443690	2917	2
VL	48	Picture	22	450399	0	1	3154	2	0	3000
VL	48	Response	1	453074	2675	1
VL	49	Picture	33	460357	0	2	3154	3	0	3000
VL	50	Picture	22	469818	0	1	3153	2	0	3000
VL	50	Response	1	473174	3356	1
VL	51	Picture	22	479610	0	1	3153	2	0	3000
VL	51	Response	1	484295	4685	2
VL	52	Picture	22	488904	0	1	3154	2	0	3000
VL	52	Response	1	492253	3349	1
VL	53	Picture	22	499858	0	1	3154	2	0	3000
VL	53	Response	1	502278	2420	2
VL	54	Picture	22	509484	0	2	3154	3	0	3000
VL	54	Response	1	512308	2824	1
VL	55	Picture	22	518281	0	1	3153	2	0	3000
VL	55	Response	1	521194	2913	1
VL	56	Picture	22	527907	0	1	3153	3	0	3000
VL	56	Response	1	530750	2843	1
VL	57	Picture	33	537201	0	2	3154	3	0	3000
VL	57	Response	1	545981	8780	1
VL	58	Picture	22	546662	0	1	3153	2	0	3000
VL	59	Picture	22	554794	0	1	3153	3	0	3000
VL	59	Response	1	557256	2462	1
VL	60	Picture	22	564088	0	2	3154	3	0	3000
VL	61	Picture	33	575042	0	2	3154	3	0	3000
VL	62	Picture	22	583507	0	1	3153	2	0	3000
VL	62	Response	1	585819	2312	1
VL	63	Picture	22	592303	0	2	3154	3	0	3000
VL	63	Response	1	595247	2944	1
VL	64	Picture	22	601929	0	2	3154	3	0	3000
VL	64	Response	1	604801	2872	1
VL	65	Picture	22	611390	0	1	3153	2	0	3000
VL	65	Response	1	614025	2635	1
VL	66	Picture	22	620850	0	1	3153	3	0	3000
VL	66	Response	1	623423	2573	1
VL	67	Picture	33	630310	0	2	3154	3	0	3000
VL	67	Response	1	633830	3520	1
VL	68	Picture	22	638941	0	1	3153	2	0	3000
VL	68	Response	1	642924	3983	1
VL	69	Picture	22	648899	0	1	3153	2	0	3000
VL	69	Response	1	652572	3673	1
VL	70	Picture	22	659189	0	1	3153	3	0	3000
VL	70	Response	1	662326	3137	2
VL	71	Picture	33	668151	0	2	3154	3	0	3000
VL	72	Picture	22	679105	0	2	3154	3	0	3000
VL	72	Response	1	681666	2561	2
VL	73	Picture	22	688732	0	1	3153	2	0	3000
VL	73	Response	1	691045	2313	1
VL	74	Picture	22	697030	0	1	3153	3	0	3000
VL	74	Response	1	699448	2418	1
VL	75	Picture	22	707320	0	1	3154	2	0	3000
VL	75	Response	1	709652	2332	2
VL	76	Picture	22	718108	0	1	3154	2	0	3000
VL	76	Response	1	721391	3283	1
VL	77	Picture	22	726573	0	1	3153	2	0	3000
VL	77	Response	1	729523	2950	1
VL	78	Picture	22	736365	0	1	3153	2	0	3000
VL	78	Response	1	739156	2791	4
VL	79	Picture	33	744663	0	2	3154	3	0	3000
VL	79	Response	1	747708	3045	1
VL	80	Picture	22	755617	0	2	3154	3	0	3000
VL	80	Response	1	757758	2141	1
VL	81	Picture	33	764746	0	2	3153	3	0	3000
VL	81	Response	1	767295	2549	1
VL	82	Picture	22	773376	0	1	3154	2	0	3000
VL	82	Response	1	776179	2803	1
VL	83	Picture	22	783334	0	2	3154	3	0	3000
VL	83	Response	1	785807	2473	2
VL	84	Picture	22	791799	0	1	3153	2	0	3000
VL	84	Response	1	794039	2240	1
VL	85	Picture	22	799931	0	2	3154	3	0	3000
VL	85	Response	1	802680	2749	1
VL	86	Picture	22	810387	0	2	3154	3	0	3000
VL	86	Response	1	814307	3920	1
VL	87	Picture	33	818686	0	1	3153	2	0	3000
VL	87	Response	1	821825	3139	2
VL	88	Picture	22	827980	0	1	3154	2	0	3000
VL	88	Response	1	831428	3448	2
VL	89	Picture	22	837938	0	2	3154	3	0	3000
VL	89	Response	1	840432	2494	1
VL	90	Picture	22	846071	0	1	3153	2	0	3000
VL	90	Response	1	848725	2654	2
VL	91	Picture	22	855033	0	1	3154	2	0	3000
VL	91	Response	1	857041	2008	1
VL	92	Picture	22	863498	0	1	3153	2	0	3000
VL	92	Response	1	864969	1471	1
VL	93	Picture	33	873124	0	1	3153	2	0	3000
VL	93	Response	1	875587	2463	1
VL	94	Picture	22	883580	0	1	3153	3	0	3000
VL	94	Response	1	888550	4970	1
VL	95	Picture	22	893206	0	2	3154	3	0	3000
VL	95	Response	1	896418	3212	1
VL	96	Picture	22	903496	0	2	3154	3	0	3000
VL	96	Response	1	904700	1204	2
VL	97	Picture	33	913952	0	2	3154	3	0	3000
VL	97	Response	1	914027	75	1
VL	98	Picture	22	924906	0	2	3154	3	0	3000
VL	98	Response	1	930931	6025	2
VL	99	Picture	22	935860	0	2	3154	3	0	3000
VL	99	Response	1	939040	3180	1
VL	100	Picture	22	946317	0	1	3153	2	0	3000
VL	100	Response	1	948415	2098	1
VL	101	Picture	22	955279	0	1	3153	2	0	3000
VL	101	Response	1	957846	2567	2
VL	102	Picture	22	965569	0	1	3153	3	0	3000
VL	102	Response	1	967692	2123	1
VL	103	Picture	33	975527	0	1	3154	2	0	3000
VL	103	Response	1	978197	2670	1
VL	104	Picture	22	985817	0	2	3154	3	0	3000
VL	104	Response	1	988466	2649	1
VL	105	Picture	33	995609	0	2	3154	3	0	3000
VL	105	Response	1	998172	2563	1
VL	106	Picture	22	1005568	0	1	3153	2	0	3000
VL	106	Response	1	1009850	4282	1
VL	107	Picture	22	1016688	0	1	3153	2	0	3000
VL	107	Response	1	1019253	2565	1
VL	108	Picture	22	1025318	0	1	3154	2	0	3000
VL	108	Response	1	1028571	3253	1
VL	109	Picture	22	1035774	0	1	3154	2	0	3000
VL	109	Response	1	1038284	2510	1
VL	110	Picture	22	1044571	0	1	3153	2	0	3000
VL	110	Response	1	1047468	2897	1
VL	111	Picture	33	1055193	0	1	3153	2	0	3000
VL	112	Picture	22	1065649	0	1	3153	2	0	3000
VL	112	Response	1	1067592	1943	1
VL	113	Picture	22	1075939	0	1	3153	2	0	3000
VL	113	Response	1	1077883	1944	1
VL	114	Picture	22	1085399	0	1	3154	2	0	3000
VL	114	Response	1	1087745	2346	2
VL	115	Picture	22	1094195	0	2	3154	3	0	3000
VL	115	Response	1	1097419	3224	1
VL	116	Picture	22	1104154	0	1	3153	2	0	3000
VL	116	Response	1	1107066	2912	1
VL	117	Picture	33	1114942	0	1	3153	2	0	3000
VL	117	Response	1	1118482	3540	1
VL	118	Picture	22	1124568	0	1	3153	3	0	3000
VL	118	Response	1	1126685	2117	2
VL	119	Picture	22	1133696	0	2	3154	3	0	3000
VL	119	Response	1	1135894	2198	1
VL	120	Picture	22	1143156	0	2	3154	3	0	3000
VL	120	Response	1	1145153	1997	1
VL	121	Picture	33	1152949	0	1	3153	2	0	3000
VL	121	Response	1	1155329	2380	2
VL	122	Picture	22	1162243	0	1	3153	3	0	3000
VL	122	Response	1	1165512	3269	1
VL	123	Picture	33	1172367	0	1	3154	2	0	3000
VL	123	Response	1	1174514	2147	1
VL	124	Picture	22	1183321	0	1	3154	2	0	3000
VL	124	Response	1	1185783	2462	1
VL	125	Picture	33	1193113	0	2	3154	3	0	3000
VL	126	Picture	22	1202574	0	1	3153	2	0	3000
VL	126	Response	1	1205071	2497	1
VL	127	Picture	22	1213362	0	1	3153	2	0	3000
VL	127	Response	1	1216758	3396	1
VL	128	Picture	22	1224316	0	1	3153	2	0	3000
VL	128	Response	1	1226815	2499	2
VL	129	Picture	22	1234440	0	1	3153	2	0	3000
VL	129	Response	1	1237385	2945	1
VL	130	Picture	22	1244896	0	1	3153	3	0	3000
VL	130	Response	1	1247861	2965	1
VL	131	Picture	33	1254522	0	1	3154	2	0	3000
VL	132	Picture	22	1265310	0	1	3154	2	0	3000
VL	132	Response	1	1270887	5577	2
VL	133	Picture	22	1273941	0	1	3153	2	0	3000
VL	133	Response	1	1280766	6825	1
VL	134	Picture	22	1282073	0	1	3154	2	0	3000
VL	134	Response	1	1289586	7513	2
VL	135	Picture	22	1292031	0	2	3154	3	0	3000
VL	135	Response	1	1298350	6319	1
VL	136	Picture	22	1302985	0	2	3154	3	0	3000
VL	137	Picture	33	1311118	0	1	3153	2	0	3000
VL	137	Response	1	1313493	2375	1
VL	138	Picture	22	1320246	0	1	3154	2	0	3000
VL	138	Response	1	1325120	4874	1
VL	139	Picture	22	1331200	0	1	3154	2	0	3000
VL	139	Response	1	1334655	3455	1
VL	140	Picture	22	1341988	0	1	3154	2	0	3000
VL	140	Response	1	1345124	3136	1
VL	141	Picture	22	1352942	0	1	3154	2	0	3000
VL	141	Response	1	1355925	2983	1
VL	142	Picture	22	1363896	0	1	3154	2	0	3000
VL	142	Response	1	1368438	4542	1
VL	143	Picture	22	1373025	0	1	3153	2	0	3000
VL	143	Response	1	1377523	4498	2
VL	144	Picture	22	1383813	0	1	3153	2	0	3000
VL	144	Response	1	1387097	3284	1
VL	145	Picture	33	1393273	0	1	3153	2	0	3000
VL	145	Response	1	1395928	2655	1
VL	146	Picture	22	1403397	0	1	3153	3	0	3000
VL	146	Response	1	1407235	3838	1
VL	147	Picture	33	1412027	0	2	3154	3	0	3000
VL	147	Response	1	1415890	3863	2
VL	148	Picture	22	1421322	0	1	3153	2	0	3000
VL	148	Response	1	1424335	3013	1
VL	149	Picture	22	1431446	0	1	3153	2	0	3000
VL	149	Response	1	1433516	2070	2
VL	150	Picture	22	1440906	0	1	3154	2	0	3000
VL	150	Response	1	1443647	2741	1
VL	151	Picture	22	1451196	0	1	3154	2	0	3000
VL	151	Response	1	1453424	2228	2
VL	152	Picture	22	1461154	0	2	3154	3	0	3000
VL	152	Response	1	1462931	1777	2
VL	153	Picture	33	1471445	0	1	3153	2	0	3000
VL	153	Response	1	1471794	349	1
VL	154	Picture	22	1481901	0	1	3153	2	0	3000
VL	154	Response	1	1484173	2272	2
VL	155	Picture	22	1492689	0	1	3153	2	0	3000
VL	155	Response	1	1493896	1207	2
VL	156	Picture	22	1500821	0	1	3154	2	0	3000
VL	156	Response	1	1503966	3145	2
VL	157	Picture	22	1510115	0	2	3154	3	0	3000
VL	157	Response	1	1514280	4165	1
VL	158	Picture	22	1520903	0	2	3154	3	0	3000
VL	158	Response	1	1522022	1119	1
VL	159	Picture	33	1530862	0	1	3153	2	0	3000
VL	160	Picture	22	1540654	0	1	3153	2	0	3000
VL	160	Response	1	1542983	2329	1
VL	161	Picture	22	1549450	0	2	3154	3	0	3000
VL	161	Response	1	1552036	2586	1
VL	162	Picture	22	1557583	0	1	3153	2	0	3000
VL	162	Response	1	1560416	2833	1
VL	163	Picture	33	1566379	0	1	3154	2	0	3000
VL	163	Response	1	1568738	2359	2
VL	164	Picture	22	1576171	0	2	3154	3	0	3000
VL	164	Response	1	1579020	2849	1
VL	165	Picture	22	1585964	0	1	3153	2	0	3000
VL	165	Response	1	1588166	2202	2
VL	166	Picture	22	1594926	0	1	3153	3	0	3000
VL	166	Response	1	1596990	2064	1
VL	167	Picture	33	1605050	0	1	3154	2	0	3000
VL	167	Response	1	1607376	2326	2
VL	168	Picture	22	1615672	0	2	3154	3	0	3000
VL	168	Response	1	1618060	2388	1
VL	169	Picture	22	1625796	0	2	3154	3	0	3000
VL	170	Picture	22	1635257	0	1	3153	2	0	3000
VL	171	Picture	22	1644883	0	1	3153	2	0	3000
VL	171	Response	1	1648451	3568	1
VL	172	Picture	22	1653347	0	2	3154	3	0	3000
VL	172	Response	1	1656087	2740	2
VL	173	Picture	22	1661978	0	1	3153	2	0	3000
VL	173	Response	1	1664258	2280	2
VL	174	Picture	22	1672434	0	1	3153	2	0	3000
VL	174	Response	1	1673021	587	1
VL	175	Picture	33	1683388	0	1	3153	2	0	3000
VL	175	Response	1	1685709	2321	1
VL	176	Picture	22	1692350	0	1	3154	2	0	3000
VL	176	Response	1	1695150	2800	1
VL	177	Picture	22	1700649	0	1	3153	2	0	3000
VL	177	Response	1	1706370	5721	1
VL	178	Picture	22	1711769	0	1	3153	2	0	3000
VL	178	Response	1	1715047	3278	2
VL	179	Picture	22	1722723	0	1	3153	2	0	3000
VL	179	Response	1	1725843	3120	2
VL	180	Picture	22	1732349	0	1	3153	2	0	3000
VL	180	Response	1	1735347	2998	1
VL	181	Picture	33	1743137	0	1	3153	2	0	3000
VL	181	Response	1	1745969	2832	1
VL	182	Picture	22	1751767	0	2	3154	3	0	3000
VL	182	Response	1	1755157	3390	2
VL	183	Picture	22	1760730	0	1	3153	2	0	3000
VL	183	Response	1	1764919	4189	1
VL	184	Picture	22	1771352	0	1	3153	2	0	3000
VL	184	Response	1	1774452	3100	1
VL	185	Picture	33	1782306	0	1	3153	2	0	3000
VL	185	Response	1	1785488	3182	2
VL	186	Picture	22	1790604	0	1	3154	2	0	3000
VL	186	Response	1	1795173	4569	1
VL	187	Picture	33	1800396	0	2	3154	3	0	3000
VL	188	Picture	22	1809691	0	1	3153	2	0	3000
VL	188	Response	1	1812942	3251	1
VL	189	Picture	22	1820313	0	1	3153	2	0	3000
VL	189	Response	1	1822084	1771	1
VL	190	Picture	22	1830271	0	1	3153	3	0	3000
VL	190	Response	1	1832972	2701	2
VL	191	Picture	33	1840727	0	1	3153	3	0	3000
VL	192	Picture	22	1850519	0	2	3154	3	0	3000
VL	193	Picture	22	1861473	0	2	3154	3	0	3000
VL	193	Response	1	1869179	7706	1
VL	194	Picture	22	1870104	0	1	3153	2	0	3000
VL	195	Picture	22	1878734	0	1	3154	2	0	3000
VL	195	Response	1	1881001	2267	2
VL	196	Picture	22	1887365	0	1	3153	2	0	3000
VL	196	Response	1	1890026	2661	1
VL	197	Picture	33	1896327	0	1	3153	3	0	3000
VL	198	Picture	22	1905455	0	1	3154	2	0	3000
VL	198	Response	1	1907850	2395	1
VL	199	Picture	22	1914086	0	1	3153	2	0	3000
VL	199	Response	1	1916379	2293	1
VL	200	Picture	22	1923214	0	1	3153	3	0	3000
VL	200	Response	1	1926187	2973	1
VL	201	Picture	22	1934002	0	1	3153	3	0	3000
VL	201	Response	1	1937427	3425	1
VL	202	Picture	22	1942798	0	2	3154	3	0	3000
VL	202	Response	1	1945951	3153	1
VL	203	Picture	33	1951761	0	1	3153	2	0	3000
VL	204	Picture	22	1960059	0	2	3154	3	0	3000
VL	204	Response	1	1963039	2980	1
VL	205	Picture	22	1970017	0	2	3154	3	0	3000
VL	205	Response	1	1971924	1907	1
VL	206	Picture	22	1980805	0	2	3154	3	0	3000
VL	206	Response	1	1981460	655	1
VL	207	Picture	22	1989768	0	1	3153	2	0	3000
VL	207	Response	1	1991616	1848	1
VL	208	Picture	22	1998896	0	2	3154	3	0	3000
VL	208	Response	1	2001324	2428	1
VL	209	Picture	22	2007361	0	1	3153	2	0	3000
VL	209	Response	1	2011780	4419	1
VL	210	Picture	22	2017817	0	1	3153	2	0	3000
VL	210	Response	1	2020431	2614	1
VL	211	Picture	33	2026447	0	1	3154	2	0	3000
VL	211	Response	1	2028285	1838	1
VL	212	Picture	22	2034912	0	1	3153	2	0	3000
VL	212	Response	1	2038648	3736	1
VL	213	Picture	22	2043044	0	1	3154	2	0	3000
VL	213	Response	1	2047741	4697	2
VL	214	Picture	22	2052670	0	2	3154	3	0	3000
VL	214	Response	1	2055795	3125	2
VL	215	Picture	22	2062297	0	1	3153	2	0	3000
VL	215	Response	1	2066569	4272	2
VL	216	Picture	22	2072919	0	1	3153	2	0	3000
VL	216	Response	1	2076687	3768	1
VL	217	Picture	33	2083707	0	1	3153	2	0	3000
VL	218	Picture	22	2093665	0	1	3153	2	0	3000
VL	218	Response	1	2096190	2525	1
VL	219	Picture	33	2102627	0	1	3154	2	0	3000
VL	219	Response	1	2104183	1556	2
VL	220	Picture	22	2113415	0	1	3154	2	0	3000
VL	220	Response	1	2117781	4366	1
VL	221	Picture	22	2123373	0	2	3154	3	0	3000
VL	221	Response	1	2127279	3906	1
VL	222	Picture	22	2133830	0	1	3153	2	0	3000
VL	222	Response	1	2136640	2810	1
VL	223	Picture	22	2142792	0	1	3153	2	0	3000
VL	223	Response	1	2146052	3260	1
VL	224	Picture	22	2152252	0	1	3154	2	0	3000
VL	224	Response	1	2155168	2916	1
VL	225	Picture	22	2161546	0	2	3154	3	0	3000
VL	225	Response	1	2164580	3034	1
VL	226	Picture	22	2169845	0	1	3153	3	0	3000
VL	226	Response	1	2173530	3685	1
VL	227	Picture	33	2179305	0	1	3154	2	0	3000
VL	228	Picture	22	2187770	0	1	3153	2	0	3000
VL	228	Response	1	2189233	1463	2
VL	229	Picture	33	2198226	0	1	3153	2	0	3000
VL	229	Response	1	2199086	860	1
VL	230	Picture	22	2208848	0	1	3153	2	0	3000
VL	230	Response	1	2211392	2544	4
VL	231	Picture	22	2219304	0	1	3153	2	0	3000
VL	231	Response	1	2222755	3451	1
VL	232	Picture	22	2227768	0	2	3154	3	0	3000
VL	232	Response	1	2232426	4658	1
VL	233	Picture	22	2236399	0	1	3153	2	0	3000
VL	234	Picture	22	2246191	0	1	3153	3	0	3000
VL	234	Response	1	2251930	5739	2
VL	235	Picture	33	2257145	0	1	3153	3	0	3000
VL	236	Picture	22	2268099	0	1	3153	3	0	3000
VL	236	Response	1	2270426	2327	1
VL	237	Picture	22	2278389	0	1	3154	2	0	3000
VL	237	Response	1	2281338	2949	1
VL	238	Picture	22	2287517	0	2	3154	3	0	3000
VL	238	Response	1	2291013	3496	2
VL	239	Picture	22	2297144	0	1	3153	2	0	3000
VL	239	Response	1	2301046	3902	1
VL	240	Picture	22	2305442	0	1	3154	2	0	3000
VL	240	Response	1	2310312	4870	2
VL	241	Picture	33	2316396	0	1	3154	2	0	3000
VL	241	Response	1	2319370	2974	1
VL	242	Picture	22	2324529	0	1	3153	2	0	3000
VL	243	Picture	22	2333491	0	1	3153	3	0	3000
VL	243	Response	1	2334036	545	1
VL	244	Picture	22	2341789	0	2	3154	3	0	3000
VL	244	Response	1	2344178	2389	2
VL	245	Picture	33	2350918	0	1	3153	2	0	3000
VL	245	Response	1	2354212	3294	1
VL	246	Picture	22	2360046	0	1	3154	2	0	3000
VL	246	Response	1	2364243	4197	2
VL	247	Picture	22	2369506	0	2	3154	3	0	3000
VL	247	Response	1	2373785	4279	2
VL	248	Picture	22	2379299	0	1	3153	2	0	3000
VL	248	Response	1	2382434	3135	1
VL	249	Picture	22	2389589	0	1	3153	2	0	3000
VL	249	Response	1	2393262	3673	2
VL	250	Picture	22	2399381	0	1	3153	3	0	3000
VL	250	Response	1	2403411	4030	2
VL	251	Picture	33	2408675	0	2	3154	3	0	3000
VL	251	Response	1	2413988	5313	2
VL	252	Picture	22	2417804	0	1	3153	2	0	3000
VL	252	Response	1	2425738	7934	1
VL	253	Picture	33	2426434	0	1	3153	3	0	3000
VL	254	Picture	22	2437056	0	1	3154	2	0	3000
VL	254	Response	1	2438556	1500	1
VL	255	Picture	22	2445355	0	1	3153	2	0	3000
VL	255	Response	1	2448287	2932	1
VL	256	Picture	22	2455811	0	1	3153	2	0	3000
VL	256	Response	1	2458795	2984	1
VL	257	Picture	22	2465935	0	1	3153	2	0	3000
VL	257	Response	1	2469152	3217	1
VL	258	Picture	22	2474399	0	1	3154	2	0	3000
VL	258	Response	1	2478089	3690	1
VL	259	Picture	33	2484855	0	2	3154	3	0	3000
VL	260	Picture	22	2494979	0	2	3154	3	0	3000
VL	260	Response	1	2497250	2271	1
VL	261	Picture	22	2503444	0	1	3153	2	0	3000
VL	261	Response	1	2506428	2984	1
VL	262	Picture	22	2512572	0	2	3154	3	0	3000
VL	262	Response	1	2515784	3212	1
VL	263	Picture	22	2521535	0	1	3153	2	0	3000
VL	263	Response	1	2528977	7442	2
VL	264	Picture	22	2530331	0	1	3153	3	0	3000
VL	264	Response	1	2534844	4513	1
VL	265	Picture	33	2541285	0	1	3153	3	0	3000
VL	265	Response	1	2544018	2733	1
VL	266	Picture	22	2550413	0	2	3154	3	0	3000
VL	266	Response	1	2553021	2608	1
VL	267	Picture	22	2560040	0	1	3153	2	0	3000
VL	267	Response	1	2561848	1808	1
VL	268	Picture	22	2570994	0	1	3153	2	0	3000
VL	268	Response	1	2571266	272	2
VL	269	Picture	22	2580454	0	1	3153	2	0	3000
VL	269	Response	1	2582508	2054	1
VL	270	Picture	22	2588586	0	2	3154	3	0	3000
VL	270	Response	1	2591046	2460	2
VL	271	Picture	33	2599540	0	2	3154	3	0	3000
VL	272	Picture	22	2609333	0	1	3153	2	0	3000
VL	272	Response	1	2611536	2203	1
VL	273	Picture	22	2617631	0	1	3153	3	0	3000
VL	273	Response	1	2620312	2681	2
VL	274	Picture	22	2626759	0	2	3154	3	0	3000
VL	274	Response	1	2629173	2414	2
VL	275	Picture	33	2634892	0	1	3153	2	0	3000
VL	275	Response	1	2638390	3498	1
VL	276	Picture	22	2644684	0	1	3154	2	0	3000
VL	277	Picture	33	2654310	0	2	3154	3	0	3000
VL	277	Response	1	2657959	3649	1
VL	278	Picture	22	2663605	0	1	3153	2	0	3000
VL	278	Response	1	2666969	3364	1
VL	279	Picture	22	2674393	0	1	3153	2	0	3000
VL	279	Response	1	2679313	4920	1
VL	280	Picture	22	2685181	0	1	3153	2	0	3000
VL	280	Response	1	2689178	3997	1
VL	281	Picture	22	2695305	0	1	3153	2	0	3000
VL	281	Response	1	2700082	4777	2
VL	282	Picture	22	2705263	0	1	3154	2	0	3000
VL	282	Response	1	2709220	3957	1
VL	283	Picture	33	2713727	0	2	3154	3	0	3000
VL	283	Response	1	2722725	8998	1
VL	284	Picture	22	2724682	0	1	3153	2	0	3000
VL	284	Response	1	2728856	4174	2
VL	285	Picture	33	2733478	0	1	3153	2	0	3000
VL	285	Response	1	2737972	4494	1
VL	286	Picture	22	2743602	0	1	3153	3	0	3000
VL	286	Response	1	2746317	2715	2
VL	287	Picture	22	2753726	0	1	3154	2	0	3000
VL	287	Response	1	2756435	2709	2
VL	288	Picture	22	2764016	0	2	3154	3	0	3000
VL	288	Response	1	2766988	2972	1
VL	289	Picture	22	2774140	0	2	3154	3	0	3000
VL	289	Response	1	2779398	5258	1
VL	290	Picture	22	2784431	0	1	3153	2	0	3000
VL	290	Response	1	2791366	6935	1
VL	291	Picture	33	2792729	0	1	3154	2	0	3000
VL	291	Response	1	2803211	10482	1
VL	292	Picture	22	2803517	0	1	3153	3	0	3000
VL	292	Response	1	2814091	10574	2
VL	293	Picture	22	2814471	0	1	3153	3	0	3000
VL	294	Picture	22	2822770	0	1	3153	2	0	3000
VL	294	Response	1	2824682	1912	1
VL	295	Picture	22	2833558	0	1	3153	2	0	3000
VL	295	Response	1	2834089	531	1
VL	296	Picture	22	2842852	0	1	3153	2	0	3000
VL	296	Response	1	2843165	313	2
VL	296	Response	1	2852095	9243	1
VL	297	Picture	33	2853806	0	1	3153	3	0	3000
VL	297	Response	1	2861739	7933	1
VL	298	Picture	22	2862104	0	2	3154	3	0	3000
VL	298	Response	1	2871094	8990	1
VL	299	Picture	22	2871897	0	1	3153	2	0	3000
VL	299	Response	1	2880173	8276	1
VL	300	Picture	22	2881855	0	1	3153	2	0	3000
VL	300	Response	1	2888914	7059	2
VL	301	Picture	22	2891813	0	1	3153	3	0	3000
VL	301	Response	1	2899602	7789	1
VL	302	Picture	22	2901605	0	1	3154	2	0	3000
VL	302	Response	1	2908306	6701	2
VL	303	Picture	22	2910070	0	1	3153	2	0	3000
VL	303	Response	1	2917660	7590	1
VL	304	Picture	22	2920194	0	1	3153	2	0	3000
VL	304	Response	1	2927161	6967	1
VL	305	Picture	33	2930484	0	1	3153	2	0	3000
VL	305	Response	1	2937848	7364	2


Event Type	Code	Type	Response	RT	RT Uncertainty	Time	Uncertainty	Duration	Uncertainty	ReqTime	ReqDur

Picture	22	hit	1	4698	4	289	2	3154	3	0	3000
Picture	22	hit	1	4839	3	10911	2	3154	3	0	3000
Picture	22	hit	1	2574	2	20040	1	3153	2	0	3000
Picture	22	hit	1	2186	2	29002	1	3154	2	0	3000
Picture	22	hit	1	2161	2	38131	1	3153	2	0	3000
Picture	22	hit	1	2450	2	47093	1	3153	2	0	3000
Picture	22	hit	1	2166	2	56221	1	3154	2	0	3000
Picture	33	hit	1	2315	3	66013	2	3154	3	0	3000
Picture	22	hit	1	5034	2	75474	1	3153	2	0	3000
Picture	22	hit	1	3939	2	83938	1	3154	2	0	3000
Picture	22	hit	1	3390	2	92071	1	3153	2	0	3000
Picture	22	hit	1	2304	2	102361	1	3153	2	0	3000
Picture	22	hit	1	2341	2	111323	1	3154	2	0	3000
Picture	22	hit	1	3583	3	122111	1	3154	2	0	3000
Picture	22	hit	1	2221	3	131903	2	3154	3	0	3000
Picture	33	hit	1	2293	2	141530	1	3153	2	0	3000
Picture	22	hit	1	5884	2	150326	1	3153	3	0	3000
Picture	22	hit	1	2435	2	161114	1	3153	3	0	3000
Picture	22	hit	1	2216	3	171072	1	3154	2	0	3000
Picture	22	hit	1	46	3	182026	2	3154	3	0	3000
Picture	22	hit	1	1947	4	192814	2	3154	3	0	3000
Picture	33	hit	1	2453	4	203602	2	3154	3	0	3000
Picture	22	hit	1	4435	3	213395	1	3153	2	0	3000
Picture	22	hit	1	3242	3	223851	1	3153	2	0	3000
Picture	22	hit	1	2206	2	234971	1	3153	2	0	3000
Picture	22	hit	1	2515	2	245925	1	3153	2	0	3000
Picture	22	hit	1	3945	2	254223	1	3153	3	0	3000
Picture	33	hit	1	8656	3	263517	2	3154	3	0	3000
Picture	22	hit	1	9132	4	274305	2	3154	3	0	3000
Picture	22	miss				284264	1	3153	2	0	3000
Picture	22	hit	1	2082	2	292396	1	3154	2	0	3000
Picture	22	hit	1	3040	4	301524	2	3154	3	0	3000
Picture	22	hit	1	3004	2	311649	1	3153	2	0	3000
Picture	33	hit	1	2476	3	321109	1	3153	2	0	3000
Picture	22	hit	1	2419	2	332229	1	3153	2	0	3000
Picture	22	hit	1	5124	4	340527	2	3154	3	0	3000
Picture	22	hit	1	6134	3	349158	1	3153	2	0	3000
Picture	22	hit	1	3174	3	359780	1	3153	2	0	3000
Picture	22	hit	1	3206	2	368244	1	3154	2	0	3000
Picture	33	hit	1	4832	3	378036	2	3154	3	0	3000
Picture	22	hit	1	2229	2	387497	1	3153	2	0	3000
Picture	22	hit	1	2432	3	398119	1	3153	2	0	3000
Picture	22	hit	1	2232	2	408077	1	3153	2	0	3000
Picture	33	hit	1	2184	2	419031	1	3153	2	0	3000
Picture	22	hit	1	4785	2	429819	1	3153	3	0	3000
Picture	33	hit	1	2917	3	440773	1	3153	2	0	3000
Picture	22	hit	1	2675	2	450399	1	3154	2	0	3000
Picture	33	miss				460357	2	3154	3	0	3000
Picture	22	hit	1	3356	2	469818	1	3153	2	0	3000
Picture	22	hit	1	4685	3	479610	1	3153	2	0	3000
Picture	22	hit	1	3349	2	488904	1	3154	2	0	3000
Picture	22	hit	1	2420	3	499858	1	3154	2	0	3000
Picture	22	hit	1	2824	3	509484	2	3154	3	0	3000
Picture	22	hit	1	2913	2	518281	1	3153	2	0	3000
Picture	22	hit	1	2843	2	527907	1	3153	3	0	3000
Picture	33	hit	1	8780	3	537201	2	3154	3	0	3000
Picture	22	miss				546662	1	3153	2	0	3000
Picture	22	hit	1	2462	2	554794	1	3153	3	0	3000
Picture	22	miss				564088	2	3154	3	0	3000
Picture	33	miss				575042	2	3154	3	0	3000
Picture	22	hit	1	2312	2	583507	1	3153	2	0	3000
Picture	22	hit	1	2944	3	592303	2	3154	3	0	3000
Picture	22	hit	1	2872	3	601929	2	3154	3	0	3000
Picture	22	hit	1	2635	2	611390	1	3153	2	0	3000
Picture	22	hit	1	2573	2	620850	1	3153	3	0	3000
Picture	33	hit	1	3520	3	630310	2	3154	3	0	3000
Picture	22	hit	1	3983	2	638941	1	3153	2	0	3000
Picture	22	hit	1	3673	2	648899	1	3153	2	0	3000
Picture	22	hit	1	3137	3	659189	1	3153	3	0	3000
Picture	33	miss				668151	2	3154	3	0	3000
Picture	22	hit	1	2561	4	679105	2	3154	3	0	3000
Picture	22	hit	1	2313	2	688732	1	3153	2	0	3000
Picture	22	hit	1	2418	2	697030	1	3153	3	0	3000
Picture	22	hit	1	2332	3	707320	1	3154	2	0	3000
Picture	22	hit	1	3283	2	718108	1	3154	2	0	3000
Picture	22	hit	1	2950	2	726573	1	3153	2	0	3000
Picture	22	hit	1	2791	5	736365	1	3153	2	0	3000
Picture	33	hit	1	3045	3	744663	2	3154	3	0	3000
Picture	22	hit	1	2141	3	755617	2	3154	3	0	3000
Picture	33	hit	1	2549	3	764746	2	3153	3	0	3000
Picture	22	hit	1	2803	2	773376	1	3154	2	0	3000
Picture	22	hit	1	2473	4	783334	2	3154	3	0	3000
Picture	22	hit	1	2240	2	791799	1	3153	2	0	3000
Picture	22	hit	1	2749	3	799931	2	3154	3	0	3000
Picture	22	hit	1	3920	3	810387	2	3154	3	0	3000
Picture	33	hit	1	3139	3	818686	1	3153	2	0	3000
Picture	22	hit	1	3448	3	827980	1	3154	2	0	3000
Picture	22	hit	1	2494	3	837938	2	3154	3	0	3000
Picture	22	hit	1	2654	3	846071	1	3153	2	0	3000
Picture	22	hit	1	2008	2	855033	1	3154	2	0	3000
Picture	22	hit	1	1471	2	863498	1	3153	2	0	3000
Picture	33	hit	1	2463	2	873124	1	3153	2	0	3000
Picture	22	hit	1	4970	2	883580	1	3153	3	0	3000
Picture	22	hit	1	3212	3	893206	2	3154	3	0	3000
Picture	22	hit	1	1204	4	903496	2	3154	3	0	3000
Picture	33	hit	1	75	3	913952	2	3154	3	0	3000
Picture	22	hit	1	6025	4	924906	2	3154	3	0	3000
Picture	22	hit	1	3180	3	935860	2	3154	3	0	3000
Picture	22	hit	1	2098	2	946317	1	3153	2	0	3000
Picture	22	hit	1	2567	3	955279	1	3153	2	0	3000
Picture	22	hit	1	2123	2	965569	1	3153	3	0	3000
Picture	33	hit	1	2670	2	975527	1	3154	2	0	3000
Picture	22	hit	1	2649	3	985817	2	3154	3	0	3000
Picture	33	hit	1	2563	3	995609	2	3154	3	0	3000
Picture	22	hit	1	4282	2	1005568	1	3153	2	0	3000
Picture	22	hit	1	2565	2	1016688	1	3153	2	0	3000
Picture	22	hit	1	3253	2	1025318	1	3154	2	0	3000
Picture	22	hit	1	2510	2	1035774	1	3154	2	0	3000
Picture	22	hit	1	2897	2	1044571	1	3153	2	0	3000
Picture	33	miss				1055193	1	3153	2	0	3000
Picture	22	hit	1	1943	2	1065649	1	3153	2	0	3000
Picture	22	hit	1	1944	2	1075939	1	3153	2	0	3000
Picture	22	hit	1	2346	3	1085399	1	3154	2	0	3000
Picture	22	hit	1	3224	3	1094195	2	3154	3	0	3000
Picture	22	hit	1	2912	2	1104154	1	3153	2	0	3000
Picture	33	hit	1	3540	2	1114942	1	3153	2	0	3000
Picture	22	hit	1	2117	3	1124568	1	3153	3	0	3000
Picture	22	hit	1	2198	3	1133696	2	3154	3	0	3000
Picture	22	hit	1	1997	3	1143156	2	3154	3	0	3000
Picture	33	hit	1	2380	3	1152949	1	3153	2	0	3000
Picture	22	hit	1	3269	2	1162243	1	3153	3	0	3000
Picture	33	hit	1	2147	2	1172367	1	3154	2	0	3000
Picture	22	hit	1	2462	2	1183321	1	3154	2	0	3000
Picture	33	miss				1193113	2	3154	3	0	3000
Picture	22	hit	1	2497	2	1202574	1	3153	2	0	3000
Picture	22	hit	1	3396	2	1213362	1	3153	2	0	3000
Picture	22	hit	1	2499	3	1224316	1	3153	2	0	3000
Picture	22	hit	1	2945	2	1234440	1	3153	2	0	3000
Picture	22	hit	1	2965	2	1244896	1	3153	3	0	3000
Picture	33	miss				1254522	1	3154	2	0	3000
Picture	22	hit	1	5577	3	1265310	1	3154	2	0	3000
Picture	22	hit	1	6825	2	1273941	1	3153	2	0	3000
Picture	22	hit	1	7513	3	1282073	1	3154	2	0	3000
Picture	22	hit	1	6319	3	1292031	2	3154	3	0	3000
Picture	22	miss				1302985	2	3154	3	0	3000
Picture	33	hit	1	2375	2	1311118	1	3153	2	0	3000
Picture	22	hit	1	4874	2	1320246	1	3154	2	0	3000
Picture	22	hit	1	3455	2	1331200	1	3154	2	0	3000
Picture	22	hit	1	3136	2	1341988	1	3154	2	0	3000
Picture	22	hit	1	2983	2	1352942	1	3154	2	0	3000
Picture	22	hit	1	4542	2	1363896	1	3154	2	0	3000
Picture	22	hit	1	4498	3	1373025	1	3153	2	0	3000
Picture	22	hit	1	3284	2	1383813	1	3153	2	0	3000
Picture	33	hit	1	2655	2	1393273	1	3153	2	0	3000
Picture	22	hit	1	3838	2	1403397	1	3153	3	0	3000
Picture	33	hit	1	3863	4	1412027	2	3154	3	0	3000
Picture	22	hit	1	3013	2	1421322	1	3153	2	0	3000
Picture	22	hit	1	2070	3	1431446	1	3153	2	0	3000
Picture	22	hit	1	2741	2	1440906	1	3154	2	0	3000
Picture	22	hit	1	2228	3	1451196	1	3154	2	0	3000
Picture	22	hit	1	1777	4	1461154	2	3154	3	0	3000
Picture	33	hit	1	349	2	1471445	1	3153	2	0	3000
Picture	22	hit	1	2272	3	1481901	1	3153	2	0	3000
Picture	22	hit	1	1207	3	1492689	1	3153	2	0	3000
Picture	22	hit	1	3145	3	1500821	1	3154	2	0	3000
Picture	22	hit	1	4165	3	1510115	2	3154	3	0	3000
Picture	22	hit	1	1119	3	1520903	2	3154	3	0	3000
Picture	33	miss				1530862	1	3153	2	0	3000
Picture	22	hit	1	2329	2	1540654	1	3153	2	0	3000
Picture	22	hit	1	2586	3	1549450	2	3154	3	0	3000
Picture	22	hit	1	2833	2	1557583	1	3153	2	0	3000
Picture	33	hit	1	2359	3	1566379	1	3154	2	0	3000
Picture	22	hit	1	2849	3	1576171	2	3154	3	0	3000
Picture	22	hit	1	2202	3	1585964	1	3153	2	0	3000
Picture	22	hit	1	2064	2	1594926	1	3153	3	0	3000
Picture	33	hit	1	2326	3	1605050	1	3154	2	0	3000
Picture	22	hit	1	2388	3	1615672	2	3154	3	0	3000
Picture	22	miss				1625796	2	3154	3	0	3000
Picture	22	miss				1635257	1	3153	2	0	3000
Picture	22	hit	1	3568	2	1644883	1	3153	2	0	3000
Picture	22	hit	1	2740	4	1653347	2	3154	3	0	3000
Picture	22	hit	1	2280	3	1661978	1	3153	2	0	3000
Picture	22	hit	1	587	2	1672434	1	3153	2	0	3000
Picture	33	hit	1	2321	2	1683388	1	3153	2	0	3000
Picture	22	hit	1	2800	2	1692350	1	3154	2	0	3000
Picture	22	hit	1	5721	2	1700649	1	3153	2	0	3000
Picture	22	hit	1	3278	3	1711769	1	3153	2	0	3000
Picture	22	hit	1	3120	3	1722723	1	3153	2	0	3000
Picture	22	hit	1	2998	2	1732349	1	3153	2	0	3000
Picture	33	hit	1	2832	2	1743137	1	3153	2	0	3000
Picture	22	hit	1	3390	4	1751767	2	3154	3	0	3000
Picture	22	hit	1	4189	2	1760730	1	3153	2	0	3000
Picture	22	hit	1	3100	2	1771352	1	3153	2	0	3000
Picture	33	hit	1	3182	3	1782306	1	3153	2	0	3000
Picture	22	hit	1	4569	2	1790604	1	3154	2	0	3000
Picture	33	miss				1800396	2	3154	3	0	3000
Picture	22	hit	1	3251	2	1809691	1	3153	2	0	3000
Picture	22	hit	1	1771	2	1820313	1	3153	2	0	3000
Picture	22	hit	1	2701	3	1830271	1	3153	3	0	3000
Picture	33	miss				1840727	1	3153	3	0	3000
Picture	22	miss				1850519	2	3154	3	0	3000
Picture	22	hit	1	7706	3	1861473	2	3154	3	0	3000
Picture	22	miss				1870104	1	3153	2	0	3000
Picture	22	hit	1	2267	3	1878734	1	3154	2	0	3000
Picture	22	hit	1	2661	2	1887365	1	3153	2	0	3000
Picture	33	miss				1896327	1	3153	3	0	3000
Picture	22	hit	1	2395	2	1905455	1	3154	2	0	3000
Picture	22	hit	1	2293	2	1914086	1	3153	2	0	3000
Picture	22	hit	1	2973	2	1923214	1	3153	3	0	3000
Picture	22	hit	1	3425	2	1934002	1	3153	3	0	3000
Picture	22	hit	1	3153	3	1942798	2	3154	3	0	3000
Picture	33	miss				1951761	1	3153	2	0	3000
Picture	22	hit	1	2980	3	1960059	2	3154	3	0	3000
Picture	22	hit	1	1907	3	1970017	2	3154	3	0	3000
Picture	22	hit	1	655	3	1980805	2	3154	3	0	3000
Picture	22	hit	1	1848	2	1989768	1	3153	2	0	3000
Picture	22	hit	1	2428	3	1998896	2	3154	3	0	3000
Picture	22	hit	1	4419	2	2007361	1	3153	2	0	3000
Picture	22	hit	1	2614	2	2017817	1	3153	2	0	3000
Picture	33	hit	1	1838	2	2026447	1	3154	2	0	3000
Picture	22	hit	1	3736	2	2034912	1	3153	2	0	3000
Picture	22	hit	1	4697	3	2043044	1	3154	2	0	3000
Picture	22	hit	1	3125	4	2052670	2	3154	3	0	3000
Picture	22	hit	1	4272	3	2062297	1	3153	2	0	3000
Picture	22	hit	1	3768	2	2072919	1	3153	2	0	3000
Picture	33	miss				2083707	1	3153	2	0	3000
Picture	22	hit	1	2525	2	2093665	1	3153	2	0	3000
Picture	33	hit	1	1556	3	2102627	1	3154	2	0	3000
Picture	22	hit	1	4366	2	2113415	1	3154	2	0	3000
Picture	22	hit	1	3906	3	2123373	2	3154	3	0	3000
Picture	22	hit	1	2810	2	2133830	1	3153	2	0	3000
Picture	22	hit	1	3260	2	2142792	1	3153	2	0	3000
Picture	22	hit	1	2916	2	2152252	1	3154	2	0	3000
Picture	22	hit	1	3034	3	2161546	2	3154	3	0	3000
Picture	22	hit	1	3685	2	2169845	1	3153	3	0	3000
Picture	33	miss				2179305	1	3154	2	0	3000
Picture	22	hit	1	1463	3	2187770	1	3153	2	0	3000
Picture	33	hit	1	860	2	2198226	1	3153	2	0	3000
Picture	22	hit	1	2544	5	2208848	1	3153	2	0	3000
Picture	22	hit	1	3451	2	2219304	1	3153	2	0	3000
Picture	22	hit	1	4658	3	2227768	2	3154	3	0	3000
Picture	22	miss				2236399	1	3153	2	0	3000
Picture	22	hit	1	5739	3	2246191	1	3153	3	0	3000
Picture	33	miss				2257145	1	3153	3	0	3000
Picture	22	hit	1	2327	2	2268099	1	3153	3	0	3000
Picture	22	hit	1	2949	2	2278389	1	3154	2	0	3000
Picture	22	hit	1	3496	4	2287517	2	3154	3	0	3000
Picture	22	hit	1	3902	2	2297144	1	3153	2	0	3000
Picture	22	hit	1	4870	3	2305442	1	3154	2	0	3000
Picture	33	hit	1	2974	2	2316396	1	3154	2	0	3000
Picture	22	miss				2324529	1	3153	2	0	3000
Picture	22	hit	1	545	2	2333491	1	3153	3	0	3000
Picture	22	hit	1	2389	4	2341789	2	3154	3	0	3000
Picture	33	hit	1	3294	2	2350918	1	3153	2	0	3000
Picture	22	hit	1	4197	3	2360046	1	3154	2	0	3000
Picture	22	hit	1	4279	4	2369506	2	3154	3	0	3000
Picture	22	hit	1	3135	2	2379299	1	3153	2	0	3000
Picture	22	hit	1	3673	3	2389589	1	3153	2	0	3000
Picture	22	hit	1	4030	3	2399381	1	3153	3	0	3000
Picture	33	hit	1	5313	4	2408675	2	3154	3	0	3000
Picture	22	hit	1	7934	2	2417804	1	3153	2	0	3000
Picture	33	miss				2426434	1	3153	3	0	3000
Picture	22	hit	1	1500	2	2437056	1	3154	2	0	3000
Picture	22	hit	1	2932	2	2445355	1	3153	2	0	3000
Picture	22	hit	1	2984	2	2455811	1	3153	2	0	3000
Picture	22	hit	1	3217	2	2465935	1	3153	2	0	3000
Picture	22	hit	1	3690	2	2474399	1	3154	2	0	3000
Picture	33	miss				2484855	2	3154	3	0	3000
Picture	22	hit	1	2271	3	2494979	2	3154	3	0	3000
Picture	22	hit	1	2984	2	2503444	1	3153	2	0	3000
Picture	22	hit	1	3212	3	2512572	2	3154	3	0	3000
Picture	22	hit	1	7442	3	2521535	1	3153	2	0	3000
Picture	22	hit	1	4513	2	2530331	1	3153	3	0	3000
Picture	33	hit	1	2733	2	2541285	1	3153	3	0	3000
Picture	22	hit	1	2608	3	2550413	2	3154	3	0	3000
Picture	22	hit	1	1808	2	2560040	1	3153	2	0	3000
Picture	22	hit	1	272	3	2570994	1	3153	2	0	3000
Picture	22	hit	1	2054	2	2580454	1	3153	2	0	3000
Picture	22	hit	1	2460	4	2588586	2	3154	3	0	3000
Picture	33	miss				2599540	2	3154	3	0	3000
Picture	22	hit	1	2203	2	2609333	1	3153	2	0	3000
Picture	22	hit	1	2681	3	2617631	1	3153	3	0	3000
Picture	22	hit	1	2414	4	2626759	2	3154	3	0	3000
Picture	33	hit	1	3498	2	2634892	1	3153	2	0	3000
Picture	22	miss				2644684	1	3154	2	0	3000
Picture	33	hit	1	3649	3	2654310	2	3154	3	0	3000
Picture	22	hit	1	3364	2	2663605	1	3153	2	0	3000
Picture	22	hit	1	4920	2	2674393	1	3153	2	0	3000
Picture	22	hit	1	3997	2	2685181	1	3153	2	0	3000
Picture	22	hit	1	4777	3	2695305	1	3153	2	0	3000
Picture	22	hit	1	3957	2	2705263	1	3154	2	0	3000
Picture	33	hit	1	8998	3	2713727	2	3154	3	0	3000
Picture	22	hit	1	4174	3	2724682	1	3153	2	0	3000
Picture	33	hit	1	4494	2	2733478	1	3153	2	0	3000
Picture	22	hit	1	2715	3	2743602	1	3153	3	0	3000
Picture	22	hit	1	2709	3	2753726	1	3154	2	0	3000
Picture	22	hit	1	2972	3	2764016	2	3154	3	0	3000
Picture	22	hit	1	5258	3	2774140	2	3154	3	0	3000
Picture	22	hit	1	6935	2	2784431	1	3153	2	0	3000
Picture	33	hit	1	10482	2	2792729	1	3154	2	0	3000
Picture	22	hit	1	10574	3	2803517	1	3153	3	0	3000
Picture	22	miss				2814471	1	3153	3	0	3000
Picture	22	hit	1	1912	2	2822770	1	3153	2	0	3000
Picture	22	hit	1	531	2	2833558	1	3153	2	0	3000
Picture	22	hit	1	313	3	2842852	1	3153	2	0	3000
Picture	33	hit	1	7933	2	2853806	1	3153	3	0	3000
Picture	22	hit	1	8990	3	2862104	2	3154	3	0	3000
Picture	22	hit	1	8276	2	2871897	1	3153	2	0	3000
Picture	22	hit	1	7059	3	2881855	1	3153	2	0	3000
Picture	22	hit	1	7789	2	2891813	1	3153	3	0	3000
Picture	22	hit	1	6701	3	2901605	1	3154	2	0	3000
Picture	22	hit	1	7590	2	2910070	1	3153	2	0	3000
Picture	22	hit	1	6967	2	2920194	1	3153	2	0	3000
Picture	33	hit	1	7364	3	2930484	1	3153	2	0	3000
