Scenario - EFT lento Abril 2011
Logfile written - 05/05/2011 14:44:17

Subject	Trial	Event Type	Code	Time	TTime	Uncertainty	Duration	Uncertainty	ReqTime	ReqDur

NA	2	Picture	11	10414	0	1	3153	2	0	3000
NA	3	Response	1	17830	4097	1
NA	4	Picture	21	38960	0	2	3154	3	0	3000
NA	5	Response	2	42836	556	1
NA	6	Picture	20	68337	0	1	3153	2	0	3000
NA	7	Response	2	73333	1677	1
NA	8	Picture	10	97050	0	1	3153	2	0	3000
NA	9	Response	1	103232	2863	1
NA	10	Picture	21	132567	0	1	3154	2	0	3000
NA	11	Response	2	136112	225	1
NA	12	Picture	10	162774	0	1	3153	2	0	3000
NA	13	Response	1	168203	2110	2
NA	14	Picture	21	196963	0	2	3154	3	0	3000
NA	15	Response	2	201176	893	1
NA	16	Picture	21	232647	0	1	3153	2	0	3000
NA	17	Response	2	237254	1288	1
NA	18	Picture	20	271650	0	1	3153	2	0	3000
NA	19	Response	2	276243	1274	2
NA	20	Picture	11	306835	0	1	3154	2	0	3000
NA	20	Response	1	309833	2998	1
NA	22	Picture	10	345506	0	1	3153	3	0	3000
NA	23	Response	1	352036	3211	1
NA	24	Picture	10	380360	0	1	3153	2	0	3000
NA	25	Response	1	385974	2295	1
NA	26	Picture	20	417371	0	1	3153	2	0	3000
NA	27	Response	2	422454	1764	1
NA	28	Picture	20	456208	0	1	3153	2	0	3000
NA	28	Response	1	459233	3025	1
NA	29	Response	2	462160	2633	1
NA	30	Picture	10	495377	0	1	3153	2	0	3000
NA	31	Response	1	503566	4870	1
NA	32	Picture	20	528404	0	2	3154	3	0	3000
NA	33	Response	2	533909	2185	1
NA	34	Picture	10	563590	0	1	3153	3	0	3000
NA	35	Response	1	568116	1207	2
NA	36	Picture	11	592469	0	1	3153	2	0	3000
NA	37	Response	1	598367	2579	1
NA	38	Picture	21	629812	0	1	3153	2	0	3000
NA	39	Response	2	634198	1067	1
NA	40	Picture	20	668483	0	1	3153	2	0	3000
NA	41	Response	2	674074	2272	1
NA	42	Picture	20	704830	0	1	3154	2	0	3000
NA	43	Response	2	709732	1583	1
NA	44	Picture	21	744497	0	1	3153	2	0	3000
NA	45	Response	2	748312	496	1
NA	46	Picture	21	783832	0	1	3153	2	0	3000
NA	47	Response	2	788280	1129	1
NA	48	Picture	11	824162	0	1	3154	2	0	3000
NA	49	Response	1	829517	2035	1
NA	50	Picture	11	861339	0	2	3154	3	0	3000
NA	51	Response	1	867597	2938	1
NA	52	Picture	10	894201	0	2	3154	3	0	3000
NA	53	Response	1	899417	1896	1
NA	54	Picture	10	925404	0	1	3153	2	0	3000
NA	55	Response	1	933742	5019	1
NA	56	Picture	11	954448	0	2	3154	3	0	3000
NA	57	Response	1	959923	2155	2
NA	58	Picture	21	988472	0	1	3153	3	0	3000
NA	59	Response	2	992480	689	1
NA	60	Picture	11	1020172	0	1	3154	2	0	3000
NA	61	Response	1	1024630	1138	2
NA	62	Picture	11	1055358	0	1	3153	2	0	3000
NA	63	Response	1	1061468	2791	1
NA	64	Picture	21	1089879	0	2	3154	3	0	3000
NA	65	Response	2	1095852	2653	2
NA	66	Picture	10	1129380	0	1	3154	2	0	3000
NA	67	Response	1	1134666	1967	2
NA	68	Picture	21	1166557	0	2	3154	3	0	3000
NA	69	Response	2	1172447	2570	2
NA	70	Picture	21	1199087	0	2	3154	3	0	3000
NA	71	Response	2	1205891	3484	2
NA	72	Picture	10	1236430	0	2	3154	3	0	3000
NA	73	Response	1	1247889	8139	1
NA	74	Picture	11	1267633	0	1	3153	2	0	3000
NA	75	Response	1	1275111	4159	2
NA	76	Picture	10	1302154	0	2	3154	3	0	3000
NA	77	Response	1	1308465	2991	2
NA	78	Picture	11	1340327	0	2	3154	3	0	3000
NA	79	Response	1	1345503	1856	1
NA	80	Picture	21	1380160	0	1	3153	3	0	3000
NA	81	Response	2	1385522	2043	1
NA	82	Picture	20	1420657	0	1	3153	2	0	3000
NA	83	Response	2	1426338	2362	1
NA	84	Picture	11	1452689	0	1	3153	2	0	3000
NA	85	Response	1	1458214	2206	1
NA	86	Picture	10	1492023	0	2	3154	3	0	3000
NA	87	Response	1	1496615	1272	1
NA	88	Picture	20	1530528	0	2	3154	3	0	3000
NA	89	Response	2	1536402	2554	1
NA	90	Picture	21	1566046	0	1	3153	2	0	3000
NA	91	Response	2	1570853	1488	1
NA	92	Picture	11	1595091	0	1	3153	2	0	3000
NA	93	Response	1	1600110	1700	1
NA	94	Picture	11	1630774	0	1	3153	3	0	3000
NA	95	Response	1	1637159	3066	1
NA	96	Picture	20	1660151	0	1	3153	2	0	3000
NA	97	Response	2	1665968	2498	1
NA	98	Picture	21	1691851	0	1	3153	2	0	3000
NA	99	Response	2	1696260	1090	2
NA	100	Picture	21	1730024	0	1	3153	2	0	3000
NA	101	Response	2	1735287	1944	1
NA	102	Picture	20	1769193	0	1	3153	2	0	3000
NA	103	Response	2	1774489	1977	2
NA	104	Picture	20	1807532	0	1	3153	2	0	3000
NA	105	Response	2	1812568	1717	1
NA	106	Picture	21	1846368	0	2	3154	3	0	3000
NA	107	Response	2	1851968	2280	1
NA	108	Picture	20	1875911	0	1	3153	3	0	3000
NA	109	Response	2	1881457	2227	1
NA	110	Picture	10	1908109	0	1	3153	3	0	3000
NA	111	Response	2	1919713	8285	1
NA	111	Response	1	1923792	12364	2
NA	112	Picture	11	1945784	0	1	3154	2	0	3000
NA	113	Response	1	1952496	3392	1
NA	114	Picture	21	1975161	0	1	3153	2	0	3000
NA	115	Response	2	1981609	3129	1
NA	116	Picture	11	2005533	0	1	3154	2	0	3000
NA	117	Response	1	2009448	595	2
NA	118	Picture	11	2040885	0	1	3153	2	0	3000
NA	119	Response	1	2046110	1906	1
NA	120	Picture	21	2075572	0	2	3154	3	0	3000
NA	121	Response	2	2079733	841	1
NA	122	Picture	20	2115239	0	1	3153	3	0	3000
NA	123	Response	2	2120350	1792	1
NA	124	Picture	21	2155238	0	1	3153	2	0	3000
NA	125	Response	2	2160114	1557	2
NA	126	Picture	21	2185610	0	1	3154	2	0	3000
NA	127	Response	2	2191321	2391	1
NA	128	Picture	20	2219136	0	1	3153	2	0	3000
NA	129	Response	2	2224207	1752	1
NA	130	Picture	10	2255815	0	2	3154	3	0	3000
NA	131	Response	1	2261460	2325	1
NA	132	Picture	20	2292163	0	1	3153	2	0	3000
NA	133	Response	2	2300009	4527	2
NA	134	Picture	11	2331165	0	2	3154	3	0	3000
NA	135	Response	1	2337108	2623	2
NA	136	Picture	20	2362866	0	1	3153	2	0	3000
NA	137	Response	2	2368547	2362	1
NA	138	Picture	11	2393570	0	1	3153	2	0	3000
NA	139	Response	1	2400188	3299	1
NA	140	Picture	11	2428756	0	1	3153	2	0	3000
NA	141	Response	1	2433164	1089	1
NA	142	Picture	11	2463775	0	1	3153	3	0	3000
NA	143	Response	1	2468703	1609	1
NA	144	Picture	10	2502280	0	1	3153	3	0	3000
NA	145	Response	2	2509076	3477	2
NA	146	Picture	21	2535972	0	1	3153	2	0	3000
NA	147	Response	2	2541610	2319	1
NA	148	Picture	10	2564685	0	1	3153	2	0	3000
NA	149	Response	1	2571572	3568	1
NA	150	Picture	10	2595057	0	1	3153	3	0	3000
NA	151	Response	1	2602563	4187	1
NA	152	Picture	20	2627587	0	1	3153	3	0	3000
NA	153	Response	2	2634262	3356	2
NA	154	Picture	10	2656300	0	1	3153	2	0	3000
NA	155	Response	1	2662513	2894	1
NA	156	Picture	10	2688996	0	1	3153	2	0	3000
NA	157	Response	1	2696863	4548	2
NA	158	Picture	10	2722024	0	1	3153	2	0	3000
NA	159	Response	1	2730625	5282	1
NA	160	Picture	10	2754222	0	1	3153	2	0	3000
NA	161	Response	1	2759881	2340	1
NA	162	Picture	21	2790569	0	1	3153	3	0	3000
NA	163	Response	2	2795239	1351	1
NA	164	Picture	20	2829240	0	1	3153	3	0	3000
NA	165	Response	2	2835118	2559	1
NA	166	Picture	20	2864757	0	2	3154	3	0	3000
NA	167	Response	2	2870221	2144	2
NA	168	Picture	11	2901935	0	1	3153	2	0	3000
NA	169	Response	1	2908676	3422	1
NA	170	Picture	10	2936290	0	2	3154	3	0	3000
NA	171	Response	1	2942442	2832	1
NA	172	Picture	20	2966829	0	1	3153	2	0	3000
NA	174	Picture	10	3003840	0	1	3153	2	0	3000
NA	175	Response	1	3010938	3779	1
NA	176	Picture	20	3036702	0	1	3153	2	0	3000
NA	177	Response	2	3045437	5416	1
NA	178	Picture	10	3072385	0	2	3154	3	0	3000
NA	179	Response	1	3083037	7332	2
NA	180	Picture	20	3105911	0	2	3154	3	0	3000
NA	181	Response	2	3113438	4207	1
NA	182	Picture	11	3143254	0	2	3154	3	0	3000
NA	183	Response	1	3148030	1456	2
NA	184	Picture	21	3174291	0	1	3153	2	0	3000
NA	185	Response	2	3179550	1940	2
NA	186	Picture	20	3211468	0	1	3153	2	0	3000
NA	187	Response	2	3216443	1656	1
NA	188	Picture	10	3240513	0	1	3153	2	0	3000
NA	189	Response	1	3249621	5789	1
NA	190	Picture	10	3273540	0	2	3153	4	0	3000
NA	191	Response	1	3281288	4428	1
NA	192	Picture	20	3312875	0	2	3154	3	0	3000
NA	193	Response	2	3318353	2158	2
NA	194	Picture	11	3348061	0	1	3153	2	0	3000
NA	195	Response	1	3352737	1357	1
NA	196	Picture	11	3386732	0	1	3153	2	0	3000
NA	197	Response	1	3391166	1115	1
NA	198	Picture	10	3423909	0	1	3153	2	0	3000
NA	199	Response	1	3429153	1925	1
NA	200	Picture	10	3457767	0	1	3153	2	0	3000
NA	201	Response	1	3463445	2359	2
NA	202	Picture	21	3494280	0	1	3153	2	0	3000
NA	203	Response	2	3500543	2944	1
NA	204	Picture	11	3527142	0	1	3153	2	0	3000
NA	205	Response	1	3537913	7452	1
NA	206	Picture	11	3565315	0	1	3153	2	0	3000
NA	207	Response	1	3570497	1863	1
NA	208	Picture	20	3594194	0	1	3153	2	0	3000
NA	209	Response	2	3600595	3082	2
NA	210	Picture	10	3623570	0	2	3154	3	0	3000
NA	211	Response	1	3629782	2892	1
NA	212	Picture	21	3660415	0	2	3154	3	0	3000
NA	213	Response	2	3670746	7011	1
NA	214	Picture	20	3690622	0	1	3153	2	0	3000
NA	215	Response	2	3697101	3160	1
NA	216	Picture	20	3727799	0	1	3154	2	0	3000
NA	217	Response	2	3733104	1986	1
NA	218	Picture	10	3759997	0	1	3154	2	0	3000
NA	219	Response	1	3773829	10512	1
NA	220	Picture	20	3793357	0	1	3153	3	0	3000
NA	221	Response	2	3803018	6342	1
NA	222	Picture	10	3829704	0	2	3154	3	0	3000
NA	223	Response	1	3834659	1635	1
NA	224	Picture	21	3868707	0	2	3154	3	0	3000
NA	225	Response	2	3874795	2769	2
NA	226	Picture	11	3902399	0	1	3153	3	0	3000
NA	227	Response	1	3906844	1126	2
NA	228	Picture	11	3934265	0	2	3154	3	0	3000
NA	229	Response	1	3938630	1045	1
NA	230	Picture	20	3968953	0	1	3153	2	0	3000
NA	231	Response	2	3975343	3071	2
NA	232	Picture	20	4006794	0	1	3153	2	0	3000
NA	233	Response	2	4014513	4400	1
NA	234	Picture	20	4043805	0	1	3153	3	0	3000
NA	235	Response	2	4048861	1737	1
NA	236	Picture	11	4072684	0	1	3153	2	0	3000
NA	237	Response	1	4078051	2048	1
NA	238	Picture	10	4107703	0	2	3154	3	0	3000
NA	239	Response	1	4117208	6185	1
NA	240	Picture	10	4138574	0	1	3153	2	0	3000
NA	241	Response	1	4145421	3528	1
NA	242	Picture	21	4174257	0	1	3154	2	0	3000
NA	243	Response	2	4178291	715	1
NA	244	Picture	10	4203302	0	1	3153	2	0	3000
NA	245	Response	1	4210393	3772	2
NA	246	Picture	20	4231849	0	1	3153	2	0	3000
NA	247	Response	2	4243119	7951	2
NA	248	Picture	20	4272013	0	1	3154	2	0	3000
NA	249	Response	2	4277410	2077	1
NA	250	Picture	11	4302884	0	1	3153	2	0	3000
NA	251	Response	1	4307716	1513	1
NA	252	Picture	11	4338899	0	1	3153	2	0	3000
NA	253	Response	1	4343539	1321	1
NA	254	Picture	20	4372425	0	1	3153	2	0	3000
NA	255	Response	2	4378395	2651	1
NA	256	Picture	11	4404623	0	1	3153	2	0	3000
NA	257	Response	1	4408737	795	1
NA	258	Picture	20	4434331	0	2	3154	3	0	3000
NA	259	Response	2	4439515	1864	1
NA	260	Picture	20	4470679	0	1	3153	2	0	3000
NA	261	Response	2	4477401	3403	1
NA	262	Picture	20	4499723	0	2	3154	3	0	3000
NA	263	Response	2	4506377	3334	1
NA	264	Picture	20	4540054	0	1	3153	2	0	3000
NA	265	Response	2	4545887	2514	1
NA	266	Picture	11	4580550	0	2	3154	3	0	3000
NA	267	Response	1	4585427	1557	1
NA	268	Picture	11	4619221	0	2	3154	3	0	3000
NA	269	Response	1	4624120	1579	1
NA	270	Picture	11	4654573	0	1	3153	2	0	3000
NA	271	Response	1	4659412	1520	1
NA	272	Picture	10	4694406	0	1	3153	2	0	3000
NA	273	Response	1	4703883	6158	1
NA	274	Picture	20	4729923	0	1	3153	3	0	3000
NA	275	Response	2	4735491	2249	1
NA	276	Picture	11	4762785	0	1	3153	3	0	3000
NA	277	Response	1	4768132	2028	1
NA	278	Picture	20	4801456	0	1	3153	2	0	3000
NA	279	Response	2	4806935	2160	2
NA	280	Picture	20	4831330	0	2	3154	3	0	3000
NA	281	Response	2	4836439	1789	1
NA	282	Picture	20	4861703	0	1	3153	2	0	3000
NA	283	Response	2	4870370	5348	1
NA	284	Picture	21	4893735	0	1	3153	3	0	3000
NA	285	Response	2	4899977	2923	1
NA	286	Picture	10	4927593	0	1	3153	2	0	3000
NA	287	Response	1	4937742	6830	1
NA	288	Picture	11	4961451	0	1	3153	2	0	3000
NA	289	Response	1	4965923	1153	1
NA	290	Picture	11	4990661	0	2	3154	3	0	3000
NA	291	Response	1	4996027	2046	1
NA	292	Picture	10	5028834	0	2	3154	3	0	3000
NA	293	Response	1	5033269	1115	1
NA	294	Picture	21	5063522	0	1	3153	2	0	3000
NA	295	Response	2	5069477	2636	1
NA	296	Picture	11	5099371	0	2	3154	3	0	3000
NA	297	Response	1	5104090	1399	2
NA	298	Picture	10	5138208	0	1	3154	2	0	3000
NA	299	Response	1	5145668	4140	1
NA	300	Picture	20	5170738	0	2	3154	3	0	3000
NA	301	Response	2	5177866	3809	2
NA	302	Response	1	9235535	4027952	1
NA	304	Picture	11	9255912	0	1	3153	2	0	3000
NA	305	Response	1	9260848	1617	2
NA	306	Picture	11	9286948	0	2	3154	3	0	3000
NA	307	Response	1	9291419	1151	2
NA	308	Picture	21	9325287	0	1	3154	2	0	3000
NA	309	Response	2	9329101	494	1
NA	310	Picture	10	9362464	0	2	3154	3	0	3000
NA	311	Response	1	9368350	2566	1
NA	312	Picture	11	9397816	0	1	3153	2	0	3000
NA	313	Response	1	9404498	3363	1
NA	314	Picture	20	9431342	0	1	3153	2	0	3000
NA	315	Response	2	9437452	2791	1
NA	316	Picture	11	9469847	0	1	3153	2	0	3000
NA	317	Response	1	9475042	1876	1
NA	318	Picture	11	9508020	0	1	3153	2	0	3000
NA	319	Response	1	9512988	1649	1
NA	320	Picture	20	9541711	0	2	3154	3	0	3000
NA	321	Response	2	9548190	3159	1
NA	322	Picture	11	9578889	0	1	3153	2	0	3000
NA	323	Response	1	9583156	948	1
NA	324	Picture	11	9612580	0	2	3154	3	0	3000
NA	325	Response	1	9616945	1045	1
NA	326	Picture	10	9642621	0	1	3153	2	0	3000
NA	327	Response	2	9646865	925	1
NA	328	Picture	11	9673159	0	2	3154	3	0	3000
NA	329	Response	1	9679353	2874	2
NA	330	Picture	11	9704196	0	1	3153	2	0	3000
NA	331	Response	1	9709510	1995	1
NA	332	Picture	21	9744194	0	2	3154	3	0	3000
NA	333	Response	2	9749138	1624	1
NA	334	Picture	20	9778550	0	1	3153	2	0	3000
NA	335	Response	2	9784022	2153	1
NA	336	Picture	11	9811910	0	1	3153	2	0	3000
NA	337	Response	1	9816252	1023	2
NA	338	Picture	10	9847427	0	2	3154	3	0	3000
NA	339	Response	1	9852579	1832	1
NA	340	Picture	21	9885766	0	2	3154	3	0	3000
NA	341	Response	2	9890969	1883	2
NA	342	Picture	11	9926097	0	1	3153	2	0	3000
NA	343	Response	1	9930278	862	1
NA	344	Picture	20	9957465	0	1	3153	3	0	3000
NA	345	Response	2	9963391	2607	2
NA	346	Picture	11	9993149	0	1	3153	2	0	3000
NA	347	Response	1	9997479	1011	1
NA	348	Picture	10	10033313	0	1	3154	2	0	3000
NA	349	Response	2	10037582	949	1
NA	350	Picture	21	10067171	0	1	3153	2	0	3000
NA	351	Response	2	10075072	4582	1
NA	352	Picture	10	10100531	0	1	3153	2	0	3000
NA	353	Response	1	10109071	5221	1
NA	354	Picture	20	10135550	0	2	3154	3	0	3000
NA	355	Response	2	10144745	5875	1
NA	356	Picture	10	10173225	0	2	3154	3	0	3000
NA	357	Response	1	10181446	4901	1
NA	358	Picture	20	10205590	0	1	3153	2	0	3000
NA	359	Response	2	10212599	3690	1
NA	360	Picture	21	10237290	0	1	3153	2	0	3000
NA	361	Response	2	10246712	6103	1
NA	362	Picture	10	10266002	0	2	3154	3	0	3000
NA	363	Response	1	10273293	3971	2
NA	364	Picture	20	10297869	0	1	3153	2	0	3000
NA	365	Response	2	10303236	2048	1
NA	366	Picture	10	10335876	0	1	3153	2	0	3000
NA	367	Response	1	10342268	3073	1
NA	368	Picture	21	10371891	0	1	3153	2	0	3000
NA	369	Response	2	10375665	455	1
NA	370	Picture	10	10411558	0	1	3153	2	0	3000
NA	371	Response	1	10416330	1453	1
NA	372	Picture	10	10444254	0	1	3153	2	0	3000
NA	373	Response	1	10452114	4541	1
NA	374	Picture	21	10479439	0	2	3154	3	0	3000
NA	375	Response	1	10487940	5181	1
NA	376	Picture	20	10514957	0	1	3153	2	0	3000
NA	377	Response	1	10520661	2385	1
NA	378	Picture	10	10551802	0	1	3153	2	0	3000
NA	379	Response	1	10558075	2954	1
NA	380	Picture	11	10590805	0	1	3153	2	0	3000
NA	381	Response	1	10596754	2630	1
NA	382	Picture	21	10621011	0	2	3154	3	0	3000
NA	383	Response	2	10627498	3167	1
NA	384	Picture	20	10652877	0	2	3154	3	0	3000
NA	385	Response	2	10659659	3462	1
NA	386	Picture	11	10691382	0	2	3154	3	0	3000
NA	387	Response	1	10696810	2108	1
NA	388	Picture	21	10730219	0	1	3154	2	0	3000
NA	389	Response	2	10734731	1192	2
NA	390	Picture	11	10766235	0	1	3153	2	0	3000
NA	391	Response	1	10770706	1152	1
NA	392	Picture	21	10798267	0	1	3153	2	0	3000
NA	393	Response	2	10804607	3021	1
NA	394	Picture	10	10832788	0	2	3154	3	0	3000
NA	395	Response	1	10838928	2820	1
NA	396	Picture	10	10867310	0	1	3153	3	0	3000
NA	397	Response	1	10873983	3354	1
NA	398	Picture	10	10901998	0	1	3153	2	0	3000
NA	399	Response	1	10914024	8707	1
NA	400	Picture	11	10932536	0	1	3153	3	0	3000
NA	401	Response	1	10940074	4219	2
NA	402	Picture	11	10961913	0	1	3153	2	0	3000
NA	403	Response	1	10967336	2104	2
NA	404	Picture	20	10997264	0	1	3154	2	0	3000
NA	405	Response	2	11005046	4463	1
NA	406	Picture	11	11027968	0	2	3154	3	0	3000
NA	407	Response	1	11036440	5152	1
NA	408	Picture	21	11067469	0	2	3154	3	0	3000
NA	409	Response	2	11073707	2918	1
NA	410	Picture	20	11096016	0	1	3153	3	0	3000
NA	411	Response	2	11108581	9246	1
NA	412	Picture	20	11134355	0	1	3153	2	0	3000
NA	413	Response	2	11141889	4215	2
NA	414	Picture	21	11165557	0	2	3154	3	0	3000
NA	415	Response	2	11170691	1814	1
NA	416	Picture	10	11200909	0	1	3153	2	0	3000
NA	417	Response	1	11211115	6887	1
NA	418	Picture	11	11231945	0	1	3153	3	0	3000
NA	420	Picture	10	11263645	0	2	3154	3	0	3000
NA	421	Response	1	11272241	5276	1
NA	422	Picture	10	11292192	0	1	3153	3	0	3000
NA	423	Response	1	11299476	3965	2
NA	424	Picture	21	11330365	0	1	3153	3	0	3000
NA	425	Response	2	11336121	2437	1
NA	426	Picture	11	11361235	0	2	3154	3	0	3000
NA	427	Response	1	11365339	784	1
NA	428	Picture	11	11401234	0	1	3153	3	0	3000
NA	429	Response	1	11406793	2240	1
NA	430	Picture	11	11434594	0	1	3153	2	0	3000
NA	431	Response	1	11439394	1481	1
NA	432	Picture	10	11466128	0	1	3153	3	0	3000
NA	433	Response	1	11473058	3611	1
NA	434	Picture	20	11505463	0	1	3153	2	0	3000
NA	435	Response	2	11518138	9356	2
NA	436	Picture	21	11545793	0	2	3154	3	0	3000
NA	437	Response	2	11552602	3489	1
NA	438	Picture	10	11585792	0	1	3153	3	0	3000
NA	439	Response	1	11591434	2323	1
NA	440	Picture	11	11615999	0	1	3153	2	0	3000
NA	441	Response	1	11620356	1038	1
NA	442	Picture	20	11644877	0	2	3154	3	0	3000
NA	443	Response	2	11651490	3293	2
NA	444	Picture	11	11679233	0	1	3153	2	0	3000
NA	445	Response	1	11683448	896	2
NA	446	Picture	11	11709439	0	2	3154	3	0	3000
NA	447	Response	1	11713376	617	1
NA	448	Picture	21	11744957	0	1	3153	2	0	3000
NA	449	Response	2	11749641	1365	2
NA	450	Picture	20	11781636	0	1	3154	2	0	3000
NA	451	Response	2	11787644	2689	1
NA	452	Picture	21	11812672	0	2	3154	3	0	3000
NA	453	Response	2	11819035	3043	1
NA	454	Picture	10	11843211	0	1	3153	2	0	3000
NA	455	Response	2	11849941	3411	1
NA	455	Response	1	11853446	6916	1
NA	455	Response	2	11871977	25447	1
NA	456	Picture	21	11874247	0	1	3153	3	0	3000
NA	456	Response	1	11876043	1796	2
NA	457	Response	2	11880816	3250	1
NA	458	Picture	20	11914578	0	1	3153	2	0	3000
NA	459	Response	2	11919756	1859	1
NA	460	Picture	11	11952419	0	1	3153	2	0	3000
NA	461	Response	1	11958704	2966	2
NA	462	Picture	20	11990426	0	1	3153	2	0	3000
NA	463	Response	2	11996796	3051	2
NA	464	Picture	10	12021960	0	1	3153	2	0	3000
NA	465	Response	1	12029574	4295	1
NA	466	Picture	10	12061959	0	1	3153	2	0	3000
NA	467	Response	1	12067756	2478	1
NA	468	Picture	10	12097144	0	1	3154	2	0	3000
NA	470	Picture	20	12133989	0	2	3154	3	0	3000
NA	471	Response	2	12140658	3349	1
NA	472	Picture	10	12167847	0	1	3154	2	0	3000
NA	473	Response	1	12173184	2017	1
NA	474	Picture	20	12207016	0	1	3153	2	0	3000
NA	475	Response	2	12215058	4723	2
NA	476	Picture	20	12244691	0	1	3153	3	0	3000
NA	477	Response	2	12251000	2990	1
NA	478	Picture	10	12279047	0	1	3153	2	0	3000
NA	479	Response	1	12284458	2092	1
NA	480	Picture	21	12309751	0	1	3153	3	0	3000
NA	481	Response	2	12316885	3815	1
NA	482	Picture	11	12340621	0	2	3154	3	0	3000
NA	483	Response	1	12357336	13395	1
NA	484	Picture	21	12379126	0	2	3154	3	0	3000
NA	485	Response	2	12387581	5135	1
NA	486	Picture	20	12410992	0	2	3154	3	0	3000
NA	487	Response	2	12420242	5930	1
NA	488	Picture	21	12443854	0	2	3154	3	0	3000
NA	489	Response	2	12448945	1771	1
NA	490	Picture	20	12472401	0	2	3154	3	0	3000
NA	491	Response	2	12483288	7567	1
NA	492	Picture	21	12506259	0	1	3153	3	0	3000
NA	493	Response	2	12511765	2187	1
NA	494	Picture	20	12542274	0	2	3154	3	0	3000
NA	495	Response	2	12548585	2991	1
NA	496	Picture	11	12578954	0	1	3153	2	0	3000
NA	497	Response	1	12588388	6115	2
NA	498	Picture	20	12610322	0	1	3153	2	0	3000
NA	499	Response	2	12615591	1950	1
NA	500	Picture	10	12643848	0	1	3153	2	0	3000
NA	501	Response	2	12648311	1144	1
NA	501	Response	1	12651671	4504	1
NA	502	Picture	21	12678535	0	2	3154	3	0	3000
NA	503	Response	2	12682942	1087	2
NA	504	Picture	20	12712725	0	1	3153	3	0	3000
NA	505	Response	2	12723273	7229	1
NA	506	Picture	11	12745255	0	1	3154	2	0	3000
NA	507	Response	1	12752982	4407	1
NA	508	Picture	11	12782930	0	2	3154	3	0	3000
NA	509	Response	1	12787965	1715	1
NA	510	Picture	21	12817784	0	1	3153	2	0	3000
NA	511	Response	2	12826703	5600	1
NA	512	Picture	21	12851310	0	1	3153	2	0	3000
NA	513	Response	2	12858189	3560	1
NA	514	Picture	21	12884504	0	1	3153	2	0	3000
NA	515	Response	2	12890502	2679	2
NA	516	Picture	21	12918693	0	2	3154	3	0	3000
NA	517	Response	2	12922929	916	1
NA	518	Picture	11	12948402	0	1	3153	2	0	3000
NA	519	Response	1	12952140	419	1
NA	520	Picture	21	12981928	0	1	3153	2	0	3000
NA	521	Response	2	12986742	1495	1
NA	522	Picture	10	13011470	0	2	3154	3	0	3000
NA	523	Response	1	13016654	1864	1
NA	524	Picture	21	13045658	0	3	3155	4	0	3000
NA	525	Response	2	13051551	2572	1
NA	526	Picture	21	13081675	0	2	3154	3	0	3000
NA	527	Response	2	13085886	891	1
NA	528	Picture	10	13119516	0	2	3154	3	0	3000
NA	529	Response	1	13124152	1316	1
NA	530	Picture	11	13148893	0	1	3153	3	0	3000
NA	531	Response	1	13154037	1825	2
NA	532	Picture	11	13184576	0	2	3154	3	0	3000
NA	533	Response	1	13192099	4203	1
NA	534	Picture	21	13213289	0	1	3154	2	0	3000
NA	535	Response	2	13218912	2303	1
NA	536	Picture	20	13243330	0	1	3153	2	0	3000
NA	537	Response	2	13250270	3621	1
NA	538	Picture	20	13280009	0	1	3153	2	0	3000
NA	540	Picture	20	13309552	0	1	3153	2	0	3000
NA	541	Response	2	13313439	568	2
NA	542	Picture	11	13339094	0	1	3153	3	0	3000
NA	543	Response	1	13347018	4605	2
NA	544	Picture	10	13368139	0	1	3153	2	0	3000
NA	545	Response	2	13374367	2909	1
NA	546	Picture	21	13404984	0	1	3153	2	0	3000
NA	547	Response	2	13408499	196	1
NA	548	Picture	20	13443157	0	1	3153	3	0	3000
NA	549	Response	2	13450279	3803	1
NA	550	Picture	20	13479504	0	2	3154	3	0	3000
NA	551	Response	2	13485305	2481	2
NA	552	Picture	20	13512698	0	2	3154	3	0	3000
NA	553	Response	2	13517976	1958	1
NA	554	Picture	10	13549709	0	2	3154	3	0	3000
NA	555	Response	1	13556165	3136	1
NA	556	Picture	21	13586887	0	1	3153	2	0	3000
NA	557	Response	2	13592110	1904	1
NA	558	Picture	10	13620578	0	2	3154	3	0	3000
NA	559	Response	1	13627604	3706	1
NA	560	Picture	21	13654270	0	2	3154	3	0	3000
NA	561	Response	2	13658107	517	2
NA	562	Picture	20	13694767	0	1	3153	2	0	3000
NA	563	Response	2	13702160	4074	1
NA	564	Picture	20	13725803	0	1	3154	2	0	3000
NA	565	Response	2	13735269	6147	1
NA	566	Picture	20	13755678	0	1	3153	2	0	3000
NA	567	Response	2	13761209	2212	1
NA	568	Picture	21	13793519	0	1	3153	2	0	3000
NA	569	Response	2	13798003	1165	1
NA	570	Picture	10	13827376	0	2	3154	3	0	3000
NA	571	Response	1	13835889	5193	2
NA	572	Picture	10	13865881	0	2	3154	3	0	3000
NA	573	Response	1	13872694	3493	1
NA	574	Picture	10	13894760	0	1	3153	3	0	3000
NA	575	Response	1	13902933	4854	2
NA	576	Picture	10	13933099	0	1	3153	3	0	3000
NA	577	Response	1	13939981	3563	1
NA	578	Picture	21	13963139	0	2	3154	3	0	3000
NA	579	Response	2	13970689	4230	1
NA	580	Picture	11	14002972	0	2	3154	3	0	3000
NA	581	Response	1	14008785	2493	1
NA	582	Picture	11	14031851	0	1	3153	2	0	3000
NA	584	Picture	20	14069028	0	1	3153	3	0	3000
NA	585	Response	2	14075255	2908	1
NA	586	Picture	20	14106205	0	2	3154	3	0	3000
NA	587	Response	2	14111309	1784	2
NA	588	Picture	20	14145540	0	1	3153	3	0	3000
NA	589	Response	2	14153380	4521	1
NA	590	Picture	20	14184543	0	1	3153	2	0	3000
NA	591	Response	2	14189402	1540	1
NA	592	Picture	10	14219396	0	2	3154	3	0	3000
NA	593	Response	1	14238960	16244	2
NA	594	Picture	20	14255246	0	1	3153	2	0	3000
NA	595	Response	2	14261055	2490	1
NA	596	Picture	11	14288274	0	1	3153	2	0	3000
NA	597	Response	1	14293237	1644	1
NA	597	Response	1	14294253	2660	1
NA	598	Picture	11	14322132	0	1	3153	2	0	3000
NA	599	Response	1	14327830	2379	2
NA	600	Picture	11	14361466	0	2	3154	3	0	3000
NA	601	Response	1	14366068	1282	1
NA	602	Picture	21	14394992	0	2	3154	3	0	3000
NA	603	Response	2	14400352	2040	1
NA	604	Response	1	14543924	116900	1


Event Type	Code	Type	Response	RT	RT Uncertainty	Time	Uncertainty	Duration	Uncertainty	ReqTime	ReqDur

Picture	11	other				10414	1	3153	2	0	3000
Picture	21	other				38960	2	3154	3	0	3000
Picture	20	other				68337	1	3153	2	0	3000
Picture	10	other				97050	1	3153	2	0	3000
Picture	21	other				132567	1	3154	2	0	3000
Picture	10	other				162774	1	3153	2	0	3000
Picture	21	other				196963	2	3154	3	0	3000
Picture	21	other				232647	1	3153	2	0	3000
Picture	20	other				271650	1	3153	2	0	3000
Picture	11	other				306835	1	3154	2	0	3000
Picture	10	other				345506	1	3153	3	0	3000
Picture	10	other				380360	1	3153	2	0	3000
Picture	20	other				417371	1	3153	2	0	3000
Picture	20	other				456208	1	3153	2	0	3000
Picture	10	other				495377	1	3153	2	0	3000
Picture	20	other				528404	2	3154	3	0	3000
Picture	10	other				563590	1	3153	3	0	3000
Picture	11	other				592469	1	3153	2	0	3000
Picture	21	other				629812	1	3153	2	0	3000
Picture	20	other				668483	1	3153	2	0	3000
Picture	20	other				704830	1	3154	2	0	3000
Picture	21	other				744497	1	3153	2	0	3000
Picture	21	other				783832	1	3153	2	0	3000
Picture	11	other				824162	1	3154	2	0	3000
Picture	11	other				861339	2	3154	3	0	3000
Picture	10	other				894201	2	3154	3	0	3000
Picture	10	other				925404	1	3153	2	0	3000
Picture	11	other				954448	2	3154	3	0	3000
Picture	21	other				988472	1	3153	3	0	3000
Picture	11	other				1020172	1	3154	2	0	3000
Picture	11	other				1055358	1	3153	2	0	3000
Picture	21	other				1089879	2	3154	3	0	3000
Picture	10	other				1129380	1	3154	2	0	3000
Picture	21	other				1166557	2	3154	3	0	3000
Picture	21	other				1199087	2	3154	3	0	3000
Picture	10	other				1236430	2	3154	3	0	3000
Picture	11	other				1267633	1	3153	2	0	3000
Picture	10	other				1302154	2	3154	3	0	3000
Picture	11	other				1340327	2	3154	3	0	3000
Picture	21	other				1380160	1	3153	3	0	3000
Picture	20	other				1420657	1	3153	2	0	3000
Picture	11	other				1452689	1	3153	2	0	3000
Picture	10	other				1492023	2	3154	3	0	3000
Picture	20	other				1530528	2	3154	3	0	3000
Picture	21	other				1566046	1	3153	2	0	3000
Picture	11	other				1595091	1	3153	2	0	3000
Picture	11	other				1630774	1	3153	3	0	3000
Picture	20	other				1660151	1	3153	2	0	3000
Picture	21	other				1691851	1	3153	2	0	3000
Picture	21	other				1730024	1	3153	2	0	3000
Picture	20	other				1769193	1	3153	2	0	3000
Picture	20	other				1807532	1	3153	2	0	3000
Picture	21	other				1846368	2	3154	3	0	3000
Picture	20	other				1875911	1	3153	3	0	3000
Picture	10	other				1908109	1	3153	3	0	3000
Picture	11	other				1945784	1	3154	2	0	3000
Picture	21	other				1975161	1	3153	2	0	3000
Picture	11	other				2005533	1	3154	2	0	3000
Picture	11	other				2040885	1	3153	2	0	3000
Picture	21	other				2075572	2	3154	3	0	3000
Picture	20	other				2115239	1	3153	3	0	3000
Picture	21	other				2155238	1	3153	2	0	3000
Picture	21	other				2185610	1	3154	2	0	3000
Picture	20	other				2219136	1	3153	2	0	3000
Picture	10	other				2255815	2	3154	3	0	3000
Picture	20	other				2292163	1	3153	2	0	3000
Picture	11	other				2331165	2	3154	3	0	3000
Picture	20	other				2362866	1	3153	2	0	3000
Picture	11	other				2393570	1	3153	2	0	3000
Picture	11	other				2428756	1	3153	2	0	3000
Picture	11	other				2463775	1	3153	3	0	3000
Picture	10	other				2502280	1	3153	3	0	3000
Picture	21	other				2535972	1	3153	2	0	3000
Picture	10	other				2564685	1	3153	2	0	3000
Picture	10	other				2595057	1	3153	3	0	3000
Picture	20	other				2627587	1	3153	3	0	3000
Picture	10	other				2656300	1	3153	2	0	3000
Picture	10	other				2688996	1	3153	2	0	3000
Picture	10	other				2722024	1	3153	2	0	3000
Picture	10	other				2754222	1	3153	2	0	3000
Picture	21	other				2790569	1	3153	3	0	3000
Picture	20	other				2829240	1	3153	3	0	3000
Picture	20	other				2864757	2	3154	3	0	3000
Picture	11	other				2901935	1	3153	2	0	3000
Picture	10	other				2936290	2	3154	3	0	3000
Picture	20	other				2966829	1	3153	2	0	3000
Picture	10	other				3003840	1	3153	2	0	3000
Picture	20	other				3036702	1	3153	2	0	3000
Picture	10	other				3072385	2	3154	3	0	3000
Picture	20	other				3105911	2	3154	3	0	3000
Picture	11	other				3143254	2	3154	3	0	3000
Picture	21	other				3174291	1	3153	2	0	3000
Picture	20	other				3211468	1	3153	2	0	3000
Picture	10	other				3240513	1	3153	2	0	3000
Picture	10	other				3273540	2	3153	4	0	3000
Picture	20	other				3312875	2	3154	3	0	3000
Picture	11	other				3348061	1	3153	2	0	3000
Picture	11	other				3386732	1	3153	2	0	3000
Picture	10	other				3423909	1	3153	2	0	3000
Picture	10	other				3457767	1	3153	2	0	3000
Picture	21	other				3494280	1	3153	2	0	3000
Picture	11	other				3527142	1	3153	2	0	3000
Picture	11	other				3565315	1	3153	2	0	3000
Picture	20	other				3594194	1	3153	2	0	3000
Picture	10	other				3623570	2	3154	3	0	3000
Picture	21	other				3660415	2	3154	3	0	3000
Picture	20	other				3690622	1	3153	2	0	3000
Picture	20	other				3727799	1	3154	2	0	3000
Picture	10	other				3759997	1	3154	2	0	3000
Picture	20	other				3793357	1	3153	3	0	3000
Picture	10	other				3829704	2	3154	3	0	3000
Picture	21	other				3868707	2	3154	3	0	3000
Picture	11	other				3902399	1	3153	3	0	3000
Picture	11	other				3934265	2	3154	3	0	3000
Picture	20	other				3968953	1	3153	2	0	3000
Picture	20	other				4006794	1	3153	2	0	3000
Picture	20	other				4043805	1	3153	3	0	3000
Picture	11	other				4072684	1	3153	2	0	3000
Picture	10	other				4107703	2	3154	3	0	3000
Picture	10	other				4138574	1	3153	2	0	3000
Picture	21	other				4174257	1	3154	2	0	3000
Picture	10	other				4203302	1	3153	2	0	3000
Picture	20	other				4231849	1	3153	2	0	3000
Picture	20	other				4272013	1	3154	2	0	3000
Picture	11	other				4302884	1	3153	2	0	3000
Picture	11	other				4338899	1	3153	2	0	3000
Picture	20	other				4372425	1	3153	2	0	3000
Picture	11	other				4404623	1	3153	2	0	3000
Picture	20	other				4434331	2	3154	3	0	3000
Picture	20	other				4470679	1	3153	2	0	3000
Picture	20	other				4499723	2	3154	3	0	3000
Picture	20	other				4540054	1	3153	2	0	3000
Picture	11	other				4580550	2	3154	3	0	3000
Picture	11	other				4619221	2	3154	3	0	3000
Picture	11	other				4654573	1	3153	2	0	3000
Picture	10	other				4694406	1	3153	2	0	3000
Picture	20	other				4729923	1	3153	3	0	3000
Picture	11	other				4762785	1	3153	3	0	3000
Picture	20	other				4801456	1	3153	2	0	3000
Picture	20	other				4831330	2	3154	3	0	3000
Picture	20	other				4861703	1	3153	2	0	3000
Picture	21	other				4893735	1	3153	3	0	3000
Picture	10	other				4927593	1	3153	2	0	3000
Picture	11	other				4961451	1	3153	2	0	3000
Picture	11	other				4990661	2	3154	3	0	3000
Picture	10	other				5028834	2	3154	3	0	3000
Picture	21	other				5063522	1	3153	2	0	3000
Picture	11	other				5099371	2	3154	3	0	3000
Picture	10	other				5138208	1	3154	2	0	3000
Picture	20	other				5170738	2	3154	3	0	3000
Picture	11	other				9255912	1	3153	2	0	3000
Picture	11	other				9286948	2	3154	3	0	3000
Picture	21	other				9325287	1	3154	2	0	3000
Picture	10	other				9362464	2	3154	3	0	3000
Picture	11	other				9397816	1	3153	2	0	3000
Picture	20	other				9431342	1	3153	2	0	3000
Picture	11	other				9469847	1	3153	2	0	3000
Picture	11	other				9508020	1	3153	2	0	3000
Picture	20	other				9541711	2	3154	3	0	3000
Picture	11	other				9578889	1	3153	2	0	3000
Picture	11	other				9612580	2	3154	3	0	3000
Picture	10	other				9642621	1	3153	2	0	3000
Picture	11	other				9673159	2	3154	3	0	3000
Picture	11	other				9704196	1	3153	2	0	3000
Picture	21	other				9744194	2	3154	3	0	3000
Picture	20	other				9778550	1	3153	2	0	3000
Picture	11	other				9811910	1	3153	2	0	3000
Picture	10	other				9847427	2	3154	3	0	3000
Picture	21	other				9885766	2	3154	3	0	3000
Picture	11	other				9926097	1	3153	2	0	3000
Picture	20	other				9957465	1	3153	3	0	3000
Picture	11	other				9993149	1	3153	2	0	3000
Picture	10	other				10033313	1	3154	2	0	3000
Picture	21	other				10067171	1	3153	2	0	3000
Picture	10	other				10100531	1	3153	2	0	3000
Picture	20	other				10135550	2	3154	3	0	3000
Picture	10	other				10173225	2	3154	3	0	3000
Picture	20	other				10205590	1	3153	2	0	3000
Picture	21	other				10237290	1	3153	2	0	3000
Picture	10	other				10266002	2	3154	3	0	3000
Picture	20	other				10297869	1	3153	2	0	3000
Picture	10	other				10335876	1	3153	2	0	3000
Picture	21	other				10371891	1	3153	2	0	3000
Picture	10	other				10411558	1	3153	2	0	3000
Picture	10	other				10444254	1	3153	2	0	3000
Picture	21	other				10479439	2	3154	3	0	3000
Picture	20	other				10514957	1	3153	2	0	3000
Picture	10	other				10551802	1	3153	2	0	3000
Picture	11	other				10590805	1	3153	2	0	3000
Picture	21	other				10621011	2	3154	3	0	3000
Picture	20	other				10652877	2	3154	3	0	3000
Picture	11	other				10691382	2	3154	3	0	3000
Picture	21	other				10730219	1	3154	2	0	3000
Picture	11	other				10766235	1	3153	2	0	3000
Picture	21	other				10798267	1	3153	2	0	3000
Picture	10	other				10832788	2	3154	3	0	3000
Picture	10	other				10867310	1	3153	3	0	3000
Picture	10	other				10901998	1	3153	2	0	3000
Picture	11	other				10932536	1	3153	3	0	3000
Picture	11	other				10961913	1	3153	2	0	3000
Picture	20	other				10997264	1	3154	2	0	3000
Picture	11	other				11027968	2	3154	3	0	3000
Picture	21	other				11067469	2	3154	3	0	3000
Picture	20	other				11096016	1	3153	3	0	3000
Picture	20	other				11134355	1	3153	2	0	3000
Picture	21	other				11165557	2	3154	3	0	3000
Picture	10	other				11200909	1	3153	2	0	3000
Picture	11	other				11231945	1	3153	3	0	3000
Picture	10	other				11263645	2	3154	3	0	3000
Picture	10	other				11292192	1	3153	3	0	3000
Picture	21	other				11330365	1	3153	3	0	3000
Picture	11	other				11361235	2	3154	3	0	3000
Picture	11	other				11401234	1	3153	3	0	3000
Picture	11	other				11434594	1	3153	2	0	3000
Picture	10	other				11466128	1	3153	3	0	3000
Picture	20	other				11505463	1	3153	2	0	3000
Picture	21	other				11545793	2	3154	3	0	3000
Picture	10	other				11585792	1	3153	3	0	3000
Picture	11	other				11615999	1	3153	2	0	3000
Picture	20	other				11644877	2	3154	3	0	3000
Picture	11	other				11679233	1	3153	2	0	3000
Picture	11	other				11709439	2	3154	3	0	3000
Picture	21	other				11744957	1	3153	2	0	3000
Picture	20	other				11781636	1	3154	2	0	3000
Picture	21	other				11812672	2	3154	3	0	3000
Picture	10	other				11843211	1	3153	2	0	3000
Picture	21	other				11874247	1	3153	3	0	3000
Picture	20	other				11914578	1	3153	2	0	3000
Picture	11	other				11952419	1	3153	2	0	3000
Picture	20	other				11990426	1	3153	2	0	3000
Picture	10	other				12021960	1	3153	2	0	3000
Picture	10	other				12061959	1	3153	2	0	3000
Picture	10	other				12097144	1	3154	2	0	3000
Picture	20	other				12133989	2	3154	3	0	3000
Picture	10	other				12167847	1	3154	2	0	3000
Picture	20	other				12207016	1	3153	2	0	3000
Picture	20	other				12244691	1	3153	3	0	3000
Picture	10	other				12279047	1	3153	2	0	3000
Picture	21	other				12309751	1	3153	3	0	3000
Picture	11	other				12340621	2	3154	3	0	3000
Picture	21	other				12379126	2	3154	3	0	3000
Picture	20	other				12410992	2	3154	3	0	3000
Picture	21	other				12443854	2	3154	3	0	3000
Picture	20	other				12472401	2	3154	3	0	3000
Picture	21	other				12506259	1	3153	3	0	3000
Picture	20	other				12542274	2	3154	3	0	3000
Picture	11	other				12578954	1	3153	2	0	3000
Picture	20	other				12610322	1	3153	2	0	3000
Picture	10	other				12643848	1	3153	2	0	3000
Picture	21	other				12678535	2	3154	3	0	3000
Picture	20	other				12712725	1	3153	3	0	3000
Picture	11	other				12745255	1	3154	2	0	3000
Picture	11	other				12782930	2	3154	3	0	3000
Picture	21	other				12817784	1	3153	2	0	3000
Picture	21	other				12851310	1	3153	2	0	3000
Picture	21	other				12884504	1	3153	2	0	3000
Picture	21	other				12918693	2	3154	3	0	3000
Picture	11	other				12948402	1	3153	2	0	3000
Picture	21	other				12981928	1	3153	2	0	3000
Picture	10	other				13011470	2	3154	3	0	3000
Picture	21	other				13045658	3	3155	4	0	3000
Picture	21	other				13081675	2	3154	3	0	3000
Picture	10	other				13119516	2	3154	3	0	3000
Picture	11	other				13148893	1	3153	3	0	3000
Picture	11	other				13184576	2	3154	3	0	3000
Picture	21	other				13213289	1	3154	2	0	3000
Picture	20	other				13243330	1	3153	2	0	3000
Picture	20	other				13280009	1	3153	2	0	3000
Picture	20	other				13309552	1	3153	2	0	3000
Picture	11	other				13339094	1	3153	3	0	3000
Picture	10	other				13368139	1	3153	2	0	3000
Picture	21	other				13404984	1	3153	2	0	3000
Picture	20	other				13443157	1	3153	3	0	3000
Picture	20	other				13479504	2	3154	3	0	3000
Picture	20	other				13512698	2	3154	3	0	3000
Picture	10	other				13549709	2	3154	3	0	3000
Picture	21	other				13586887	1	3153	2	0	3000
Picture	10	other				13620578	2	3154	3	0	3000
Picture	21	other				13654270	2	3154	3	0	3000
Picture	20	other				13694767	1	3153	2	0	3000
Picture	20	other				13725803	1	3154	2	0	3000
Picture	20	other				13755678	1	3153	2	0	3000
Picture	21	other				13793519	1	3153	2	0	3000
Picture	10	other				13827376	2	3154	3	0	3000
Picture	10	other				13865881	2	3154	3	0	3000
Picture	10	other				13894760	1	3153	3	0	3000
Picture	10	other				13933099	1	3153	3	0	3000
Picture	21	other				13963139	2	3154	3	0	3000
Picture	11	other				14002972	2	3154	3	0	3000
Picture	11	other				14031851	1	3153	2	0	3000
Picture	20	other				14069028	1	3153	3	0	3000
Picture	20	other				14106205	2	3154	3	0	3000
Picture	20	other				14145540	1	3153	3	0	3000
Picture	20	other				14184543	1	3153	2	0	3000
Picture	10	other				14219396	2	3154	3	0	3000
Picture	20	other				14255246	1	3153	2	0	3000
Picture	11	other				14288274	1	3153	2	0	3000
Picture	11	other				14322132	1	3153	2	0	3000
Picture	11	other				14361466	2	3154	3	0	3000
Picture	21	other				14394992	2	3154	3	0	3000
