Scenario - EFT rapido Abril 2011
Logfile written - 05/05/2011 14:50:27

Subject	Trial	Event Type	Code	Time	TTime	Uncertainty	Duration	Uncertainty	ReqTime	ReqDur

NA	2	Picture	21	10414	0	1	3153	2	0	3000
NA	3	Response	2	14270	537	1
NA	4	Picture	21	21534	0	1	3153	2	0	3000
NA	5	Response	2	25811	958	2
NA	6	Picture	11	32156	0	1	3153	2	0	3000
NA	7	Response	1	36290	815	1
NA	8	Picture	11	40786	0	1	3153	3	0	3000
NA	9	Response	1	45205	1100	1
NA	10	Picture	21	51242	0	1	3153	3	0	3000
NA	11	Response	2	54710	149	1
NA	12	Picture	11	61864	0	1	3154	2	0	3000
NA	13	Response	1	65892	709	1
NA	14	Picture	10	70329	0	1	3153	2	0	3000
NA	15	Response	1	78789	5141	1
NA	16	Picture	10	78793	0	1	3153	3	0	3000
NA	17	Response	1	83724	1612	1
NA	18	Picture	21	90079	0	1	3153	3	0	3000
NA	19	Response	2	94146	748	1
NA	20	Picture	11	98709	0	2	3154	3	0	3000
NA	21	Response	1	102441	412	1
NA	22	Picture	20	107838	0	1	3153	2	0	3000
NA	23	Response	2	111708	551	1
NA	24	Picture	10	117796	0	1	3153	2	0	3000
NA	25	Response	1	121273	158	1
NA	26	Picture	10	128252	0	1	3153	2	0	3000
NA	27	Response	1	134079	2508	1
NA	28	Picture	11	138044	0	1	3154	2	0	3000
NA	29	Response	1	142875	1511	1
NA	30	Picture	10	148168	0	2	3154	3	0	3000
NA	31	Response	1	153293	1805	1
NA	32	Picture	11	159122	0	2	3154	3	0	3000
NA	33	Response	1	163498	1056	1
NA	34	Picture	21	169578	0	2	3154	3	0	3000
NA	35	Response	2	174144	1246	1
NA	36	Picture	11	178541	0	1	3153	2	0	3000
NA	37	Response	1	182816	956	1
NA	38	Picture	11	189993	0	1	3153	2	0	3000
NA	39	Response	1	193732	420	1
NA	40	Picture	21	200781	0	1	3153	2	0	3000
NA	40	Response	2	204086	3305	1
NA	42	Picture	10	210407	0	1	3153	2	0	3000
NA	42	Response	1	212995	2588	1
NA	44	Picture	11	221029	0	1	3153	2	0	3000
NA	44	Response	2	223970	2941	1
NA	45	Response	1	226176	1828	1
NA	46	Picture	20	231651	0	1	3153	3	0	3000
NA	47	Response	1	236060	1090	2
NA	47	Response	2	238002	3032	1
NA	48	Picture	11	240447	0	2	3154	3	0	3000
NA	49	Response	1	245020	1253	1
NA	50	Picture	20	251733	0	2	3154	3	0	3000
NA	51	Response	2	256727	1674	1
NA	52	Picture	21	260530	0	1	3153	2	0	3000
NA	54	Picture	11	269824	0	1	3153	2	0	3000
NA	54	Response	2	269891	67	1
NA	55	Response	1	274323	1180	1
NA	56	Picture	11	279948	0	1	3154	2	0	3000
NA	57	Response	1	283795	528	1
NA	58	Picture	10	289408	0	2	3154	3	0	3000
NA	59	Response	2	293528	800	1
NA	59	Response	1	295620	2892	1
NA	60	Picture	20	298703	0	1	3153	2	0	3000
NA	61	Response	2	303621	1599	1
NA	62	Picture	11	308661	0	1	3153	2	0	3000
NA	63	Response	1	312297	317	1
NA	64	Picture	20	318453	0	1	3153	3	0	3000
NA	65	Response	2	324642	2870	2
NA	66	Picture	10	329905	0	1	3153	2	0	3000
NA	67	Response	1	334671	1447	1
NA	68	Picture	10	340029	0	1	3153	3	0	3000
NA	69	Response	1	348425	5077	1
NA	70	Picture	20	348991	0	2	3154	3	0	3000
NA	71	Response	2	354034	1723	1
NA	72	Picture	20	359282	0	1	3153	2	0	3000
NA	73	Response	2	364165	1564	1
NA	74	Picture	20	368078	0	1	3153	2	0	3000
NA	75	Response	2	372490	1093	1
NA	76	Picture	11	379198	0	1	3153	2	0	3000
NA	77	Response	1	382564	47	1
NA	78	Picture	10	387994	0	2	3154	3	0	3000
NA	79	Response	1	392602	1288	1
NA	80	Picture	20	397123	0	1	3153	2	0	3000
NA	81	Response	2	401282	840	1
NA	82	Picture	20	407911	0	1	3153	2	0	3000
NA	82	Response	2	410847	2936	1
NA	84	Picture	20	416873	0	1	3153	2	0	3000
NA	85	Response	2	422101	1909	1
NA	86	Picture	10	427827	0	1	3153	3	0	3000
NA	87	Response	2	431491	345	1
NA	88	Picture	10	437287	0	2	3154	3	0	3000
NA	89	Response	1	442534	1927	1
NA	90	Picture	11	447079	0	2	3154	3	0	3000
NA	91	Response	1	452891	2492	1
NA	92	Picture	10	457701	0	2	3154	3	0	3000
NA	93	Response	1	462897	1876	7
NA	94	Picture	21	466664	0	1	3153	2	0	3000
NA	95	Response	2	470629	646	1
NA	96	Picture	21	477618	0	1	3153	2	0	3000
NA	96	Response	2	480575	2957	1
NA	98	Picture	10	488904	0	1	3153	2	0	3000
NA	98	Response	2	491583	2679	1
NA	100	Picture	20	497534	0	1	3154	2	0	3000
NA	101	Response	1	501598	744	1
NA	101	Response	2	504223	3369	1
NA	102	Picture	21	508654	0	1	3154	2	0	3000
NA	103	Response	1	513310	1337	2
NA	103	Response	2	515999	4026	1
NA	104	Picture	21	518612	0	2	3154	3	0	3000
NA	105	Response	1	523905	1973	2
NA	105	Response	2	525755	3823	1
NA	106	Picture	10	528736	0	2	3154	3	0	3000
NA	107	Response	1	533482	1426	1
NA	108	Picture	21	540022	0	2	3154	3	0	3000
NA	109	Response	2	544248	906	1
NA	110	Picture	20	548653	0	1	3153	2	0	3000
NA	111	Response	2	556933	4961	1
NA	112	Picture	21	557117	0	2	3154	3	0	3000
NA	113	Response	2	563042	2605	1
NA	114	Picture	21	568403	0	1	3154	2	0	3000
NA	115	Response	2	573256	1533	1
NA	116	Picture	11	579689	0	1	3153	3	0	3000
NA	117	Response	1	585028	2020	1
NA	118	Picture	11	588983	0	2	3154	3	0	3000
NA	119	Response	1	594481	2178	1
NA	120	Picture	20	599439	0	2	3154	3	0	3000
NA	121	Response	2	605282	2523	1
NA	122	Picture	21	609564	0	1	3153	2	0	3000
NA	123	Response	2	615284	2401	2
NA	124	Picture	20	618360	0	1	3153	3	0	3000
NA	125	Response	2	624728	3049	1
NA	126	Picture	10	628816	0	1	3153	3	0	3000
NA	127	Response	1	633323	1188	1
NA	128	Picture	21	639438	0	1	3154	2	0	3000
NA	129	Response	2	642831	74	2
NA	130	Picture	21	649894	0	1	3154	2	0	3000
NA	131	Response	2	653581	367	1
NA	132	Picture	20	661014	0	1	3154	2	0	3000
NA	133	Response	1	664531	197	2
NA	133	Response	2	667545	3211	1
NA	134	Picture	10	671802	0	1	3154	2	0	3000
NA	135	Response	1	677171	2049	1
NA	136	Picture	21	680433	0	1	3153	2	0	3000
NA	137	Response	2	684223	471	1
NA	138	Picture	20	690889	0	1	3153	2	0	3000
NA	139	Response	2	695440	1232	1
NA	140	Picture	11	701677	0	1	3153	2	0	3000
NA	141	Response	1	705977	981	2
NA	142	Picture	10	712631	0	1	3153	2	0	3000
NA	143	Response	1	717040	1090	1
NA	144	Picture	21	723917	0	1	3153	2	0	3000
NA	145	Response	2	728048	812	2
NA	146	Picture	11	733377	0	1	3153	2	0	3000
NA	147	Response	1	738533	1837	1
NA	148	Picture	10	743335	0	1	3153	3	0	3000
NA	149	Response	1	748187	1533	1
NA	150	Picture	21	751965	0	2	3154	3	0	3000
NA	151	Response	2	755629	344	2
NA	152	Picture	20	762753	0	2	3154	3	0	3000
NA	153	Response	1	766991	918	1
NA	153	Response	2	769443	3370	1
NA	154	Picture	21	773707	0	2	3154	3	0	3000
NA	155	Response	2	777793	766	1
NA	156	Picture	11	783002	0	1	3153	2	0	3000
NA	157	Response	1	788030	1709	1
NA	158	Picture	20	794288	0	1	3153	2	0	3000
NA	159	Response	2	799267	1660	2
NA	160	Picture	21	803914	0	1	3153	2	0	3000
NA	161	Response	2	809272	2039	1
NA	162	Picture	21	814204	0	1	3153	3	0	3000
NA	163	Response	2	819218	1695	1
NA	164	Picture	11	824162	0	1	3154	2	0	3000
NA	165	Response	1	829427	1945	1
NA	166	Picture	21	834452	0	2	3154	3	0	3000
NA	167	Response	2	839928	2156	1
NA	168	Picture	20	845240	0	2	3154	3	0	3000
NA	169	Response	2	850377	1817	2
NA	170	Picture	11	855032	0	2	3154	3	0	3000
NA	171	Response	1	859473	1121	1
NA	172	Picture	10	864161	0	1	3153	2	0	3000
NA	173	Response	1	869802	2322	1
NA	174	Picture	10	874617	0	1	3153	2	0	3000
NA	175	Response	1	879778	1842	2
NA	176	Picture	11	885737	0	1	3153	2	0	3000
NA	177	Response	1	890757	1701	1
NA	178	Picture	20	894865	0	1	3154	2	0	3000
NA	179	Response	2	900286	2101	1
NA	180	Picture	20	905819	0	1	3154	2	0	3000
NA	181	Response	2	910407	1268	1
NA	182	Picture	21	915777	0	2	3154	3	0	3000
NA	183	Response	2	920410	1313	1
NA	184	Picture	10	926067	0	2	3154	3	0	3000
NA	185	Response	1	932181	2794	1
NA	186	Picture	10	936523	0	2	3154	3	0	3000
NA	187	Response	1	941859	2016	1
NA	188	Picture	21	946482	0	1	3153	2	0	3000
NA	189	Response	2	951446	1645	1
NA	190	Picture	10	955942	0	1	3153	2	0	3000
NA	191	Response	1	960918	1657	1
NA	191	Response	2	963873	4612	1
NA	192	Picture	21	965402	0	2	3154	3	0	3000
NA	193	Response	2	970888	2166	1
NA	194	Picture	20	975526	0	2	3154	3	0	3000
NA	195	Response	2	980542	1696	1
NA	196	Picture	11	986812	0	2	3154	3	0	3000
NA	197	Response	1	991932	1800	1
NA	198	Picture	11	995443	0	1	3153	2	0	3000
NA	199	Response	1	999840	1078	1
NA	200	Picture	11	1006397	0	1	3153	2	0	3000
NA	201	Response	1	1010078	362	1
NA	202	Picture	10	1016853	0	1	3153	2	0	3000
NA	202	Response	1	1019281	2428	1
NA	204	Picture	21	1026977	0	1	3153	2	0	3000
NA	204	Response	1	1029406	2429	1
NA	205	Response	2	1032273	1977	1
NA	206	Picture	20	1036603	0	1	3154	2	0	3000
NA	207	Response	2	1041745	1822	1
NA	208	Picture	11	1045234	0	1	3153	2	0	3000
NA	209	Response	1	1050746	2193	1
NA	210	Picture	20	1056022	0	1	3153	2	0	3000
NA	211	Response	2	1060454	1113	1
NA	212	Picture	10	1064652	0	1	3153	3	0	3000
NA	213	Response	1	1069907	1936	1
NA	214	Picture	11	1075772	0	1	3153	2	0	3000
NA	215	Response	1	1080151	1060	1
NA	216	Picture	21	1085564	0	1	3154	2	0	3000
NA	217	Response	2	1089542	658	1
NA	218	Picture	11	1095356	0	2	3154	3	0	3000
NA	219	Response	1	1098936	260	1
NA	220	Picture	20	1105978	0	2	3154	3	0	3000
NA	220	Response	2	1108760	2782	1
NA	222	Picture	11	1116600	0	2	3154	3	0	3000
NA	222	Response	1	1119426	2826	1
NA	224	Picture	20	1125563	0	3	3153	4	0	3000
NA	225	Response	1	1129779	897	1
NA	225	Response	2	1131123	2241	1
NA	226	Picture	11	1136351	0	1	3153	2	0	3000
NA	227	Response	1	1140338	668	2
NA	228	Picture	11	1146475	0	1	3153	2	0	3000
NA	229	Response	1	1151931	2137	2
NA	230	Picture	20	1156101	0	2	3154	3	0	3000
NA	231	Response	2	1164322	4901	1
NA	232	Picture	20	1166391	0	2	3154	3	0	3000
NA	233	Response	2	1171786	2075	2
NA	234	Picture	21	1177511	0	2	3154	3	0	3000
NA	235	Response	2	1181880	1049	2
NA	236	Picture	20	1187137	0	2	3154	3	0	3000
NA	237	Response	2	1193212	2755	2
NA	238	Picture	10	1197925	0	2	3154	3	0	3000
NA	239	Response	1	1203451	2206	2
NA	240	Picture	11	1208382	0	1	3153	2	0	3000
NA	241	Response	2	1213394	1693	1
NA	242	Picture	20	1217510	0	1	3153	2	0	3000
NA	243	Response	2	1222342	1513	1
NA	244	Picture	20	1228962	0	1	3153	2	0	3000
NA	245	Response	2	1233475	1195	2
NA	246	Picture	10	1238920	0	1	3153	3	0	3000
NA	247	Response	1	1244927	2688	2
NA	248	Picture	20	1248214	0	2	3154	3	0	3000
NA	249	Response	2	1253131	1597	1
NA	250	Picture	10	1259500	0	2	3154	3	0	3000
NA	251	Response	2	1263669	849	1
NA	251	Response	1	1264296	1476	2
NA	252	Picture	10	1268463	0	1	3153	2	0	3000
NA	253	Response	1	1273374	1592	1
NA	254	Picture	20	1279251	0	1	3153	2	0	3000
NA	255	Response	1	1283679	1109	1
NA	255	Response	2	1284934	2364	1
NA	256	Picture	20	1289043	0	1	3153	2	0	3000
NA	257	Response	2	1293800	1438	1
NA	258	Picture	21	1299499	0	1	3153	2	0	3000
NA	259	Response	2	1303933	1115	1
NA	260	Picture	10	1308793	0	1	3154	2	0	3000
NA	261	Response	2	1312353	240	2
NA	261	Response	1	1315221	3108	2
NA	262	Picture	11	1317590	0	1	3153	2	0	3000
NA	263	Response	1	1323000	2091	1
NA	264	Picture	20	1327548	0	1	3153	2	0	3000
NA	265	Response	1	1331690	823	1
NA	265	Response	2	1335248	4381	1
NA	266	Picture	10	1336510	0	1	3153	3	0	3000
NA	267	Response	2	1342930	3101	1
NA	267	Response	2	1344475	4646	1
NA	268	Picture	10	1346800	0	1	3154	2	0	3000
NA	270	Picture	21	1357422	0	2	3154	3	0	3000
NA	271	Response	2	1361516	774	1
NA	272	Picture	20	1367712	0	2	3154	3	0	3000
NA	273	Response	2	1372728	1696	1
NA	274	Picture	20	1376841	0	1	3153	2	0	3000
NA	275	Response	2	1381465	1305	1
NA	276	Picture	20	1385803	0	1	3153	3	0	3000
NA	277	Response	2	1390418	1296	1
NA	278	Picture	20	1395097	0	2	3154	3	0	3000
NA	279	Response	2	1399395	978	2
NA	280	Picture	20	1406217	0	2	3154	3	0	3000
NA	281	Response	2	1409914	377	1
NA	282	Picture	20	1417337	0	2	3154	3	0	3000
NA	283	Response	2	1421694	1037	1
NA	284	Picture	11	1426466	0	1	3153	2	0	3000
NA	285	Response	1	1433268	3483	2
NA	286	Picture	11	1437751	0	2	3154	3	0	3000
NA	287	Response	1	1442729	1658	2
NA	288	Picture	20	1448042	0	1	3153	2	0	3000
NA	289	Response	2	1453394	2033	1
NA	290	Picture	11	1457502	0	1	3153	2	0	3000
NA	291	Response	1	1463438	2617	1
NA	292	Picture	20	1468622	0	1	3153	2	0	3000
NA	293	Response	2	1474182	2241	1
NA	294	Picture	20	1479410	0	1	3153	2	0	3000
NA	295	Response	2	1484602	1873	1
NA	296	Picture	11	1489036	0	1	3153	3	0	3000
NA	297	Response	1	1492397	42	1
NA	298	Picture	20	1499990	0	1	3153	3	0	3000
NA	299	Response	2	1505330	2021	1
NA	300	Picture	10	1511276	0	1	3153	2	0	3000
NA	301	Response	1	1516312	1717	1
NA	303	Picture	20	1540321	0	1	3153	2	0	3000
NA	304	Response	2	1549613	5973	52
NA	305	Picture	20	1549781	0	1	3153	2	0	3000
NA	306	Response	2	1556421	3321	1
NA	307	Picture	11	1560901	0	1	3153	2	0	3000
NA	308	Response	1	1565313	1093	1
NA	309	Picture	21	1570195	0	1	3154	2	0	3000
NA	310	Response	2	1575117	1602	2
NA	311	Picture	20	1580983	0	2	3154	3	0	3000
NA	312	Response	1	1585158	855	1
NA	312	Response	2	1586623	2320	1
NA	313	Picture	10	1589945	0	2	3154	3	0	3000
NA	314	Response	1	1595661	2396	2
NA	315	Picture	11	1598410	0	1	3153	2	0	3000
NA	316	Response	1	1604250	2521	2
NA	317	Picture	11	1608368	0	1	3154	2	0	3000
NA	318	Response	1	1612664	977	1
NA	319	Picture	21	1617496	0	2	3154	3	0	3000
NA	320	Response	2	1622375	1559	1
NA	321	Picture	11	1626957	0	1	3153	2	0	3000
NA	322	Response	2	1631943	1667	1
NA	323	Picture	21	1636583	0	1	3153	3	0	3000
NA	324	Response	2	1642310	2408	1
NA	325	Picture	11	1646873	0	1	3153	3	0	3000
NA	326	Response	1	1650457	265	1
NA	327	Picture	11	1656831	0	2	3154	3	0	3000
NA	328	Response	1	1661496	1345	1
NA	329	Picture	21	1665462	0	1	3153	2	0	3000
NA	330	Response	2	1669737	956	1
NA	331	Picture	20	1674756	0	1	3153	2	0	3000
NA	332	Response	1	1678536	461	1
NA	332	Response	2	1681494	3419	2
NA	333	Picture	11	1685212	0	1	3153	3	0	3000
NA	334	Response	1	1690974	2443	2
NA	335	Picture	10	1696498	0	1	3153	3	0	3000
NA	336	Response	1	1702808	2991	2
NA	337	Picture	21	1705626	0	2	3154	3	0	3000
NA	338	Response	2	1710541	1595	2
NA	339	Picture	10	1714589	0	1	3153	2	0	3000
NA	340	Response	1	1721018	3110	2
NA	341	Picture	20	1725377	0	1	3153	2	0	3000
NA	342	Response	2	1729574	878	1
NA	343	Picture	11	1734505	0	1	3153	2	0	3000
NA	344	Response	1	1738782	958	1
NA	345	Picture	21	1743633	0	2	3154	3	0	3000
NA	346	Response	2	1747669	716	1
NA	347	Picture	21	1753260	0	1	3153	2	0	3000
NA	348	Response	2	1758118	1539	2
NA	349	Picture	10	1762056	0	1	3153	2	0	3000
NA	350	Response	1	1767865	2490	1
NA	351	Picture	20	1772180	0	1	3153	3	0	3000
NA	352	Response	2	1777158	1659	2
NA	353	Picture	11	1782470	0	2	3154	3	0	3000
NA	354	Response	1	1786073	283	1
NA	355	Picture	11	1791101	0	1	3153	2	0	3000
NA	356	Response	2	1795869	1449	1
NA	356	Response	1	1797451	3031	1
NA	357	Picture	21	1800893	0	1	3153	2	0	3000
NA	358	Response	2	1805652	1440	1
NA	359	Picture	11	1809523	0	2	3154	3	0	3000
NA	360	Response	1	1813918	1075	1
NA	361	Picture	11	1820809	0	1	3154	2	0	3000
NA	361	Response	2	1823101	2292	1
NA	362	Response	1	1826327	2199	1
NA	363	Picture	21	1830933	0	2	3154	3	0	3000
NA	364	Response	2	1834742	489	1
NA	365	Picture	11	1839730	0	1	3153	2	0	3000
NA	366	Response	1	1844332	1283	1
NA	367	Picture	21	1850684	0	1	3153	2	0	3000
NA	367	Response	2	1853718	3034	1
NA	369	Picture	21	1860310	0	1	3153	2	0	3000
NA	369	Response	1	1862840	2530	1
NA	370	Response	2	1865756	2127	1
NA	371	Picture	10	1870434	0	1	3153	3	0	3000
NA	372	Response	1	1874878	1125	1
NA	373	Picture	10	1879396	0	2	3154	3	0	3000
NA	374	Response	1	1884239	1523	1
NA	375	Picture	10	1890184	0	2	3154	3	0	3000
NA	376	Response	1	1895548	2044	1
NA	377	Picture	11	1899811	0	1	3122	74	0	3000
NA	378	Response	2	1907503	4373	1
NA	379	Picture	10	1909105	0	1	3153	2	0	3000
NA	379	Response	1	1909625	520	1
NA	380	Response	2	1913486	1062	1
NA	381	Picture	10	1918399	0	2	3154	3	0	3000
NA	383	Picture	20	1928855	0	2	3154	3	0	3000
NA	384	Response	2	1934562	2387	1
NA	385	Picture	11	1939809	0	2	3154	3	0	3000
NA	386	Response	1	1945014	1885	1
NA	387	Picture	10	1949602	0	1	3153	2	0	3000
NA	388	Response	1	1954989	2068	1
NA	389	Picture	10	1960390	0	1	3153	2	0	3000
NA	390	Response	1	1965443	1734	1
NA	391	Picture	21	1971012	0	1	3153	2	0	3000
NA	392	Response	2	1975836	1505	1
NA	393	Picture	11	1982463	0	2	3154	3	0	3000
NA	394	Response	1	1987855	2072	1
NA	395	Picture	21	1992422	0	1	3153	2	0	3000
NA	396	Response	2	1997772	2031	1
NA	397	Picture	21	2002546	0	1	3153	2	0	3000
NA	398	Response	2	2006953	1088	1
NA	399	Picture	10	2012172	0	1	3153	3	0	3000
NA	400	Response	1	2018790	3299	1
NA	401	Picture	21	2021632	0	2	3154	3	0	3000
NA	402	Response	2	2027412	2460	1
NA	403	Picture	11	2030263	0	1	3153	2	0	3000
NA	404	Response	1	2038078	4496	1
NA	405	Picture	11	2040885	0	1	3153	2	0	3000
NA	406	Response	1	2048497	4293	2
NA	407	Picture	21	2050677	0	1	3153	2	0	3000
NA	408	Response	2	2055945	1949	2
NA	409	Picture	21	2059472	0	3	3155	4	0	3000
NA	410	Response	2	2065192	2399	1
NA	411	Picture	10	2069265	0	2	3154	3	0	3000
NA	412	Response	1	2077355	4770	1
NA	413	Picture	10	2080219	0	2	3154	3	0	3000
NA	414	Response	1	2086267	2728	1
NA	415	Picture	21	2090344	0	1	3153	2	0	3000
NA	416	Response	2	2094744	1081	2
NA	417	Picture	10	2100634	0	1	3153	2	0	3000
NA	418	Response	1	2106846	2893	2
NA	419	Picture	21	2111256	0	1	3153	2	0	3000
NA	420	Response	2	2116291	1716	1
NA	421	Picture	11	2122044	0	1	3153	2	0	3000
NA	422	Response	1	2126323	960	1
NA	423	Picture	11	2133496	0	1	3153	2	0	3000
NA	424	Response	1	2138710	1895	1
NA	425	Picture	21	2142624	0	1	3153	3	0	3000
NA	426	Response	2	2147117	1174	1
NA	427	Picture	10	2154076	0	1	3153	2	0	3000
NA	428	Response	1	2160015	2620	1
NA	429	Picture	10	2164864	0	1	3153	2	0	3000
NA	430	Response	1	2171032	2849	2
NA	431	Picture	21	2176316	0	1	3153	2	0	3000
NA	432	Response	2	2180771	1136	1
NA	433	Picture	20	2186274	0	1	3153	3	0	3000
NA	434	Response	1	2191367	1774	2
NA	434	Response	2	2193427	3834	1
NA	435	Picture	11	2195236	0	2	3154	3	0	3000
NA	436	Response	1	2200303	1747	2
NA	437	Picture	11	2205029	0	1	3153	2	0	3000
NA	438	Response	1	2209508	1160	1
NA	439	Picture	11	2214157	0	1	3153	2	0	3000
NA	440	Response	1	2218808	1332	2
NA	441	Picture	20	2224945	0	1	3153	2	0	3000
NA	442	Response	2	2230588	2324	1
NA	443	Picture	21	2234571	0	1	3154	2	0	3000
NA	444	Response	2	2240067	2177	1
NA	445	Picture	20	2244031	0	2	3154	3	0	3000
NA	446	Response	2	2250437	3086	1
NA	447	Picture	21	2253824	0	1	3153	2	0	3000
NA	448	Response	2	2260332	3189	1
NA	449	Picture	10	2262620	0	1	3153	3	0	3000
NA	450	Response	1	2271793	5854	1
NA	451	Picture	21	2272744	0	1	3154	2	0	3000
NA	452	Response	2	2277226	1163	2
NA	453	Picture	10	2282038	0	2	3154	3	0	3000
NA	454	Response	1	2287267	1909	2
NA	455	Picture	11	2293158	0	2	3154	3	0	3000
NA	455	Response	2	2295358	2200	1
NA	456	Response	1	2298940	2462	1
NA	457	Picture	21	2303614	0	2	3154	3	0	3000
NA	458	Response	2	2307742	808	1
NA	459	Picture	21	2313905	0	1	3153	2	0	3000
NA	460	Response	2	2318197	973	2
NA	461	Picture	20	2324195	0	1	3153	2	0	3000
NA	462	Response	2	2330607	3093	1
NA	463	Picture	11	2334651	0	1	3153	2	0	3000
NA	464	Response	1	2338551	581	1
NA	465	Picture	10	2343945	0	1	3153	3	0	3000
NA	466	Response	2	2349594	2330	1
NA	466	Response	1	2351052	3788	2
NA	467	Picture	11	2355231	0	1	3153	3	0	3000
NA	468	Response	1	2360177	1627	2
NA	469	Picture	21	2366185	0	1	3153	3	0	3000
NA	470	Response	2	2369653	149	1
NA	471	Picture	20	2377637	0	1	3153	2	0	3000
NA	472	Response	1	2381724	768	1
NA	472	Response	2	2384414	3458	2
NA	473	Picture	11	2386931	0	1	3154	2	0	3000
NA	474	Response	1	2391678	1427	1
NA	475	Picture	11	2396889	0	2	3154	3	0	3000
NA	476	Response	1	2400862	653	1
NA	477	Picture	21	2405354	0	1	3153	2	0	3000
NA	478	Response	2	2411111	2438	2
NA	479	Picture	10	2414482	0	1	3154	2	0	3000
NA	481	Picture	20	2423776	0	2	3154	3	0	3000
NA	481	Response	2	2423924	148	1
NA	481	Response	1	2425356	1580	2
NA	482	Response	2	2428674	1578	1
NA	483	Picture	21	2432241	0	1	3153	2	0	3000
NA	484	Response	2	2436885	1325	1
NA	485	Picture	20	2441369	0	1	3154	2	0	3000
NA	486	Response	2	2450584	5895	2
NA	487	Picture	20	2452821	0	1	3153	3	0	3000
NA	488	Response	2	2458470	2330	1
NA	489	Picture	21	2461949	0	2	3154	3	0	3000
NA	490	Response	2	2467335	2066	1
NA	491	Picture	20	2471244	0	1	3153	2	0	3000
NA	492	Response	2	2477586	3023	2
NA	493	Picture	10	2480538	0	1	3153	3	0	3000
NA	494	Response	1	2489101	5244	1
NA	495	Picture	11	2489832	0	2	3154	3	0	3000
NA	496	Response	1	2497008	3856	2
NA	497	Picture	21	2500122	0	2	3154	3	0	3000
NA	498	Response	2	2504713	1271	2
NA	499	Picture	11	2511408	0	2	3154	3	0	3000
NA	500	Response	1	2515756	1028	2
NA	501	Picture	20	2520869	0	1	3153	2	0	3000
NA	502	Response	2	2526854	2666	1
NA	503	Picture	20	2532154	0	2	3154	3	0	3000
NA	504	Response	2	2538659	3185	2
NA	505	Picture	20	2543606	0	2	3154	3	0	3000
NA	506	Response	2	2548431	1505	2
NA	507	Picture	10	2553565	0	1	3153	2	0	3000
NA	508	Response	1	2560596	3712	1
NA	509	Picture	10	2564021	0	1	3153	2	0	3000
NA	510	Response	1	2570692	3352	1
NA	511	Picture	11	2573149	0	1	3153	3	0	3000
NA	512	Response	1	2579620	3152	2
NA	513	Picture	20	2583273	0	1	3153	3	0	3000
NA	514	Response	2	2588303	1710	1
NA	515	Picture	21	2592733	0	2	3154	3	0	3000
NA	516	Response	2	2597275	1222	1
NA	517	Picture	20	2603853	0	2	3154	3	0	3000
NA	518	Response	2	2609877	2704	1
NA	519	Picture	11	2613812	0	1	3153	2	0	3000
NA	520	Response	1	2619497	2366	1
NA	521	Picture	11	2624600	0	1	3153	2	0	3000
NA	522	Response	1	2629207	1288	1
NA	523	Picture	11	2634558	0	1	3153	2	0	3000
NA	524	Response	1	2638095	218	1
NA	525	Picture	21	2643520	0	1	3153	3	0	3000
NA	526	Response	1	2647988	1149	2
NA	526	Response	2	2649569	2730	1
NA	527	Picture	10	2653644	0	2	3154	3	0	3000
NA	528	Response	1	2660841	3877	1
NA	529	Picture	21	2664930	0	1	3154	2	0	3000
NA	530	Response	2	2668722	473	1
NA	531	Picture	10	2675220	0	2	3154	3	0	3000
NA	532	Response	1	2681444	2904	2
NA	532	Response	1	2683322	4782	1
NA	533	Picture	10	2686174	0	2	3154	3	0	3000
NA	533	Response	2	2689442	3268	1
NA	534	Response	1	2693579	4085	2
NA	535	Picture	21	2695468	0	2	3154	3	0	3000
NA	536	Response	2	2699741	953	1
NA	537	Picture	20	2705593	0	1	3153	2	0	3000
NA	538	Response	2	2711751	2839	1
NA	539	Picture	21	2714721	0	1	3153	3	0	3000
NA	540	Response	2	2719923	1883	2
NA	541	Picture	10	2724181	0	2	3154	3	0	3000
NA	542	Response	1	2730840	3339	1
NA	543	Picture	20	2733144	0	1	3153	2	0	3000
NA	544	Response	2	2740722	4259	1
NA	545	Picture	10	2742936	0	1	3153	2	0	3000
NA	546	Response	1	2750938	4683	1
NA	547	Picture	10	2751732	0	2	3154	3	0	3000
NA	548	Response	1	2758225	3173	2
NA	549	Picture	21	2760860	0	2	3154	3	0	3000
NA	550	Response	2	2765111	931	1
NA	551	Picture	20	2769989	0	1	3153	2	0	3000
NA	552	Response	2	2774600	1292	1
NA	553	Picture	11	2781275	0	1	3153	2	0	3000
NA	554	Response	1	2785906	1312	1
NA	555	Picture	21	2791399	0	1	3153	2	0	3000
NA	556	Response	2	2797655	2937	2
NA	557	Picture	10	2801523	0	1	3153	3	0	3000
NA	558	Response	1	2810141	5299	1
NA	559	Picture	20	2812311	0	1	3153	3	0	3000
NA	560	Response	2	2817430	1800	2
NA	561	Picture	20	2821771	0	2	3154	3	0	3000
NA	562	Response	2	2828357	3266	1
NA	563	Picture	10	2830734	0	1	3153	2	0	3000
NA	564	Response	1	2838451	4398	1
NA	565	Picture	10	2841688	0	1	3153	2	0	3000
NA	566	Response	1	2848516	3509	2
NA	567	Picture	11	2852974	0	1	3153	2	0	3000
NA	568	Response	1	2860471	4178	1
NA	569	Picture	10	2861936	0	1	3153	2	0	3000
NA	570	Response	1	2870125	4870	2
NA	571	Picture	10	2871230	0	2	3154	3	0	3000
NA	572	Response	1	2878250	3700	1
NA	573	Picture	21	2880027	0	1	3153	2	0	3000
NA	574	Response	2	2884664	1318	1
NA	575	Picture	11	2889487	0	1	3153	2	0	3000
NA	576	Response	1	2894912	2106	1
NA	577	Picture	21	2899445	0	1	3153	3	0	3000
NA	578	Response	2	2903792	1028	1
NA	579	Picture	20	2910399	0	1	3153	3	0	3000
NA	580	Response	2	2915067	1349	1
NA	581	Picture	10	2919195	0	2	3154	3	0	3000
NA	582	Response	1	2925749	3234	2
NA	583	Picture	10	2930315	0	2	3154	3	0	3000
NA	584	Response	1	2935811	2176	1
NA	585	Picture	21	2939278	0	1	3153	2	0	3000
NA	586	Response	2	2944523	1926	1
NA	587	Picture	10	2948738	0	1	3153	3	0	3000
NA	588	Response	1	2954565	2508	1
NA	589	Picture	20	2958364	0	2	3154	3	0	3000
NA	590	Response	2	2964840	3156	1
NA	591	Picture	10	2969816	0	1	3154	2	0	3000
NA	592	Response	1	2976350	3214	2
NA	593	Picture	20	2980106	0	2	3154	3	0	3000
NA	594	Response	2	2984999	1573	1
NA	595	Picture	10	2990894	0	2	3154	3	0	3000
NA	596	Response	1	2996486	2272	1
NA	597	Picture	11	3000686	0	2	3154	3	0	3000
NA	598	Response	2	3005517	1511	2
NA	598	Response	1	3008774	4768	1
NA	599	Picture	20	3009649	0	1	3153	2	0	3000
NA	601	Picture	20	3020271	0	1	3153	2	0	3000
NA	602	Response	2	3025661	2071	2


Event Type	Code	Type	Response	RT	RT Uncertainty	Time	Uncertainty	Duration	Uncertainty	ReqTime	ReqDur

Picture	21	other				10414	1	3153	2	0	3000
Picture	21	other				21534	1	3153	2	0	3000
Picture	11	other				32156	1	3153	2	0	3000
Picture	11	other				40786	1	3153	3	0	3000
Picture	21	other				51242	1	3153	3	0	3000
Picture	11	other				61864	1	3154	2	0	3000
Picture	10	other				70329	1	3153	2	0	3000
Picture	10	other				78793	1	3153	3	0	3000
Picture	21	other				90079	1	3153	3	0	3000
Picture	11	other				98709	2	3154	3	0	3000
Picture	20	other				107838	1	3153	2	0	3000
Picture	10	other				117796	1	3153	2	0	3000
Picture	10	other				128252	1	3153	2	0	3000
Picture	11	other				138044	1	3154	2	0	3000
Picture	10	other				148168	2	3154	3	0	3000
Picture	11	other				159122	2	3154	3	0	3000
Picture	21	other				169578	2	3154	3	0	3000
Picture	11	other				178541	1	3153	2	0	3000
Picture	11	other				189993	1	3153	2	0	3000
Picture	21	other				200781	1	3153	2	0	3000
Picture	10	other				210407	1	3153	2	0	3000
Picture	11	other				221029	1	3153	2	0	3000
Picture	20	other				231651	1	3153	3	0	3000
Picture	11	other				240447	2	3154	3	0	3000
Picture	20	other				251733	2	3154	3	0	3000
Picture	21	other				260530	1	3153	2	0	3000
Picture	11	other				269824	1	3153	2	0	3000
Picture	11	other				279948	1	3154	2	0	3000
Picture	10	other				289408	2	3154	3	0	3000
Picture	20	other				298703	1	3153	2	0	3000
Picture	11	other				308661	1	3153	2	0	3000
Picture	20	other				318453	1	3153	3	0	3000
Picture	10	other				329905	1	3153	2	0	3000
Picture	10	other				340029	1	3153	3	0	3000
Picture	20	other				348991	2	3154	3	0	3000
Picture	20	other				359282	1	3153	2	0	3000
Picture	20	other				368078	1	3153	2	0	3000
Picture	11	other				379198	1	3153	2	0	3000
Picture	10	other				387994	2	3154	3	0	3000
Picture	20	other				397123	1	3153	2	0	3000
Picture	20	other				407911	1	3153	2	0	3000
Picture	20	other				416873	1	3153	2	0	3000
Picture	10	other				427827	1	3153	3	0	3000
Picture	10	other				437287	2	3154	3	0	3000
Picture	11	other				447079	2	3154	3	0	3000
Picture	10	other				457701	2	3154	3	0	3000
Picture	21	other				466664	1	3153	2	0	3000
Picture	21	other				477618	1	3153	2	0	3000
Picture	10	other				488904	1	3153	2	0	3000
Picture	20	other				497534	1	3154	2	0	3000
Picture	21	other				508654	1	3154	2	0	3000
Picture	21	other				518612	2	3154	3	0	3000
Picture	10	other				528736	2	3154	3	0	3000
Picture	21	other				540022	2	3154	3	0	3000
Picture	20	other				548653	1	3153	2	0	3000
Picture	21	other				557117	2	3154	3	0	3000
Picture	21	other				568403	1	3154	2	0	3000
Picture	11	other				579689	1	3153	3	0	3000
Picture	11	other				588983	2	3154	3	0	3000
Picture	20	other				599439	2	3154	3	0	3000
Picture	21	other				609564	1	3153	2	0	3000
Picture	20	other				618360	1	3153	3	0	3000
Picture	10	other				628816	1	3153	3	0	3000
Picture	21	other				639438	1	3154	2	0	3000
Picture	21	other				649894	1	3154	2	0	3000
Picture	20	other				661014	1	3154	2	0	3000
Picture	10	other				671802	1	3154	2	0	3000
Picture	21	other				680433	1	3153	2	0	3000
Picture	20	other				690889	1	3153	2	0	3000
Picture	11	other				701677	1	3153	2	0	3000
Picture	10	other				712631	1	3153	2	0	3000
Picture	21	other				723917	1	3153	2	0	3000
Picture	11	other				733377	1	3153	2	0	3000
Picture	10	other				743335	1	3153	3	0	3000
Picture	21	other				751965	2	3154	3	0	3000
Picture	20	other				762753	2	3154	3	0	3000
Picture	21	other				773707	2	3154	3	0	3000
Picture	11	other				783002	1	3153	2	0	3000
Picture	20	other				794288	1	3153	2	0	3000
Picture	21	other				803914	1	3153	2	0	3000
Picture	21	other				814204	1	3153	3	0	3000
Picture	11	other				824162	1	3154	2	0	3000
Picture	21	other				834452	2	3154	3	0	3000
Picture	20	other				845240	2	3154	3	0	3000
Picture	11	other				855032	2	3154	3	0	3000
Picture	10	other				864161	1	3153	2	0	3000
Picture	10	other				874617	1	3153	2	0	3000
Picture	11	other				885737	1	3153	2	0	3000
Picture	20	other				894865	1	3154	2	0	3000
Picture	20	other				905819	1	3154	2	0	3000
Picture	21	other				915777	2	3154	3	0	3000
Picture	10	other				926067	2	3154	3	0	3000
Picture	10	other				936523	2	3154	3	0	3000
Picture	21	other				946482	1	3153	2	0	3000
Picture	10	other				955942	1	3153	2	0	3000
Picture	21	other				965402	2	3154	3	0	3000
Picture	20	other				975526	2	3154	3	0	3000
Picture	11	other				986812	2	3154	3	0	3000
Picture	11	other				995443	1	3153	2	0	3000
Picture	11	other				1006397	1	3153	2	0	3000
Picture	10	other				1016853	1	3153	2	0	3000
Picture	21	other				1026977	1	3153	2	0	3000
Picture	20	other				1036603	1	3154	2	0	3000
Picture	11	other				1045234	1	3153	2	0	3000
Picture	20	other				1056022	1	3153	2	0	3000
Picture	10	other				1064652	1	3153	3	0	3000
Picture	11	other				1075772	1	3153	2	0	3000
Picture	21	other				1085564	1	3154	2	0	3000
Picture	11	other				1095356	2	3154	3	0	3000
Picture	20	other				1105978	2	3154	3	0	3000
Picture	11	other				1116600	2	3154	3	0	3000
Picture	20	other				1125563	3	3153	4	0	3000
Picture	11	other				1136351	1	3153	2	0	3000
Picture	11	other				1146475	1	3153	2	0	3000
Picture	20	other				1156101	2	3154	3	0	3000
Picture	20	other				1166391	2	3154	3	0	3000
Picture	21	other				1177511	2	3154	3	0	3000
Picture	20	other				1187137	2	3154	3	0	3000
Picture	10	other				1197925	2	3154	3	0	3000
Picture	11	other				1208382	1	3153	2	0	3000
Picture	20	other				1217510	1	3153	2	0	3000
Picture	20	other				1228962	1	3153	2	0	3000
Picture	10	other				1238920	1	3153	3	0	3000
Picture	20	other				1248214	2	3154	3	0	3000
Picture	10	other				1259500	2	3154	3	0	3000
Picture	10	other				1268463	1	3153	2	0	3000
Picture	20	other				1279251	1	3153	2	0	3000
Picture	20	other				1289043	1	3153	2	0	3000
Picture	21	other				1299499	1	3153	2	0	3000
Picture	10	other				1308793	1	3154	2	0	3000
Picture	11	other				1317590	1	3153	2	0	3000
Picture	20	other				1327548	1	3153	2	0	3000
Picture	10	other				1336510	1	3153	3	0	3000
Picture	10	other				1346800	1	3154	2	0	3000
Picture	21	other				1357422	2	3154	3	0	3000
Picture	20	other				1367712	2	3154	3	0	3000
Picture	20	other				1376841	1	3153	2	0	3000
Picture	20	other				1385803	1	3153	3	0	3000
Picture	20	other				1395097	2	3154	3	0	3000
Picture	20	other				1406217	2	3154	3	0	3000
Picture	20	other				1417337	2	3154	3	0	3000
Picture	11	other				1426466	1	3153	2	0	3000
Picture	11	other				1437751	2	3154	3	0	3000
Picture	20	other				1448042	1	3153	2	0	3000
Picture	11	other				1457502	1	3153	2	0	3000
Picture	20	other				1468622	1	3153	2	0	3000
Picture	20	other				1479410	1	3153	2	0	3000
Picture	11	other				1489036	1	3153	3	0	3000
Picture	20	other				1499990	1	3153	3	0	3000
Picture	10	other				1511276	1	3153	2	0	3000
Picture	20	other				1540321	1	3153	2	0	3000
Picture	20	other				1549781	1	3153	2	0	3000
Picture	11	other				1560901	1	3153	2	0	3000
Picture	21	other				1570195	1	3154	2	0	3000
Picture	20	other				1580983	2	3154	3	0	3000
Picture	10	other				1589945	2	3154	3	0	3000
Picture	11	other				1598410	1	3153	2	0	3000
Picture	11	other				1608368	1	3154	2	0	3000
Picture	21	other				1617496	2	3154	3	0	3000
Picture	11	other				1626957	1	3153	2	0	3000
Picture	21	other				1636583	1	3153	3	0	3000
Picture	11	other				1646873	1	3153	3	0	3000
Picture	11	other				1656831	2	3154	3	0	3000
Picture	21	other				1665462	1	3153	2	0	3000
Picture	20	other				1674756	1	3153	2	0	3000
Picture	11	other				1685212	1	3153	3	0	3000
Picture	10	other				1696498	1	3153	3	0	3000
Picture	21	other				1705626	2	3154	3	0	3000
Picture	10	other				1714589	1	3153	2	0	3000
Picture	20	other				1725377	1	3153	2	0	3000
Picture	11	other				1734505	1	3153	2	0	3000
Picture	21	other				1743633	2	3154	3	0	3000
Picture	21	other				1753260	1	3153	2	0	3000
Picture	10	other				1762056	1	3153	2	0	3000
Picture	20	other				1772180	1	3153	3	0	3000
Picture	11	other				1782470	2	3154	3	0	3000
Picture	11	other				1791101	1	3153	2	0	3000
Picture	21	other				1800893	1	3153	2	0	3000
Picture	11	other				1809523	2	3154	3	0	3000
Picture	11	other				1820809	1	3154	2	0	3000
Picture	21	other				1830933	2	3154	3	0	3000
Picture	11	other				1839730	1	3153	2	0	3000
Picture	21	other				1850684	1	3153	2	0	3000
Picture	21	other				1860310	1	3153	2	0	3000
Picture	10	other				1870434	1	3153	3	0	3000
Picture	10	other				1879396	2	3154	3	0	3000
Picture	10	other				1890184	2	3154	3	0	3000
Picture	11	other				1899811	1	3122	74	0	3000
Picture	10	other				1909105	1	3153	2	0	3000
Picture	10	other				1918399	2	3154	3	0	3000
Picture	20	other				1928855	2	3154	3	0	3000
Picture	11	other				1939809	2	3154	3	0	3000
Picture	10	other				1949602	1	3153	2	0	3000
Picture	10	other				1960390	1	3153	2	0	3000
Picture	21	other				1971012	1	3153	2	0	3000
Picture	11	other				1982463	2	3154	3	0	3000
Picture	21	other				1992422	1	3153	2	0	3000
Picture	21	other				2002546	1	3153	2	0	3000
Picture	10	other				2012172	1	3153	3	0	3000
Picture	21	other				2021632	2	3154	3	0	3000
Picture	11	other				2030263	1	3153	2	0	3000
Picture	11	other				2040885	1	3153	2	0	3000
Picture	21	other				2050677	1	3153	2	0	3000
Picture	21	other				2059472	3	3155	4	0	3000
Picture	10	other				2069265	2	3154	3	0	3000
Picture	10	other				2080219	2	3154	3	0	3000
Picture	21	other				2090344	1	3153	2	0	3000
Picture	10	other				2100634	1	3153	2	0	3000
Picture	21	other				2111256	1	3153	2	0	3000
Picture	11	other				2122044	1	3153	2	0	3000
Picture	11	other				2133496	1	3153	2	0	3000
Picture	21	other				2142624	1	3153	3	0	3000
Picture	10	other				2154076	1	3153	2	0	3000
Picture	10	other				2164864	1	3153	2	0	3000
Picture	21	other				2176316	1	3153	2	0	3000
Picture	20	other				2186274	1	3153	3	0	3000
Picture	11	other				2195236	2	3154	3	0	3000
Picture	11	other				2205029	1	3153	2	0	3000
Picture	11	other				2214157	1	3153	2	0	3000
Picture	20	other				2224945	1	3153	2	0	3000
Picture	21	other				2234571	1	3154	2	0	3000
Picture	20	other				2244031	2	3154	3	0	3000
Picture	21	other				2253824	1	3153	2	0	3000
Picture	10	other				2262620	1	3153	3	0	3000
Picture	21	other				2272744	1	3154	2	0	3000
Picture	10	other				2282038	2	3154	3	0	3000
Picture	11	other				2293158	2	3154	3	0	3000
Picture	21	other				2303614	2	3154	3	0	3000
Picture	21	other				2313905	1	3153	2	0	3000
Picture	20	other				2324195	1	3153	2	0	3000
Picture	11	other				2334651	1	3153	2	0	3000
Picture	10	other				2343945	1	3153	3	0	3000
Picture	11	other				2355231	1	3153	3	0	3000
Picture	21	other				2366185	1	3153	3	0	3000
Picture	20	other				2377637	1	3153	2	0	3000
Picture	11	other				2386931	1	3154	2	0	3000
Picture	11	other				2396889	2	3154	3	0	3000
Picture	21	other				2405354	1	3153	2	0	3000
Picture	10	other				2414482	1	3154	2	0	3000
Picture	20	other				2423776	2	3154	3	0	3000
Picture	21	other				2432241	1	3153	2	0	3000
Picture	20	other				2441369	1	3154	2	0	3000
Picture	20	other				2452821	1	3153	3	0	3000
Picture	21	other				2461949	2	3154	3	0	3000
Picture	20	other				2471244	1	3153	2	0	3000
Picture	10	other				2480538	1	3153	3	0	3000
Picture	11	other				2489832	2	3154	3	0	3000
Picture	21	other				2500122	2	3154	3	0	3000
Picture	11	other				2511408	2	3154	3	0	3000
Picture	20	other				2520869	1	3153	2	0	3000
Picture	20	other				2532154	2	3154	3	0	3000
Picture	20	other				2543606	2	3154	3	0	3000
Picture	10	other				2553565	1	3153	2	0	3000
Picture	10	other				2564021	1	3153	2	0	3000
Picture	11	other				2573149	1	3153	3	0	3000
Picture	20	other				2583273	1	3153	3	0	3000
Picture	21	other				2592733	2	3154	3	0	3000
Picture	20	other				2603853	2	3154	3	0	3000
Picture	11	other				2613812	1	3153	2	0	3000
Picture	11	other				2624600	1	3153	2	0	3000
Picture	11	other				2634558	1	3153	2	0	3000
Picture	21	other				2643520	1	3153	3	0	3000
Picture	10	other				2653644	2	3154	3	0	3000
Picture	21	other				2664930	1	3154	2	0	3000
Picture	10	other				2675220	2	3154	3	0	3000
Picture	10	other				2686174	2	3154	3	0	3000
Picture	21	other				2695468	2	3154	3	0	3000
Picture	20	other				2705593	1	3153	2	0	3000
Picture	21	other				2714721	1	3153	3	0	3000
Picture	10	other				2724181	2	3154	3	0	3000
Picture	20	other				2733144	1	3153	2	0	3000
Picture	10	other				2742936	1	3153	2	0	3000
Picture	10	other				2751732	2	3154	3	0	3000
Picture	21	other				2760860	2	3154	3	0	3000
Picture	20	other				2769989	1	3153	2	0	3000
Picture	11	other				2781275	1	3153	2	0	3000
Picture	21	other				2791399	1	3153	2	0	3000
Picture	10	other				2801523	1	3153	3	0	3000
Picture	20	other				2812311	1	3153	3	0	3000
Picture	20	other				2821771	2	3154	3	0	3000
Picture	10	other				2830734	1	3153	2	0	3000
Picture	10	other				2841688	1	3153	2	0	3000
Picture	11	other				2852974	1	3153	2	0	3000
Picture	10	other				2861936	1	3153	2	0	3000
Picture	10	other				2871230	2	3154	3	0	3000
Picture	21	other				2880027	1	3153	2	0	3000
Picture	11	other				2889487	1	3153	2	0	3000
Picture	21	other				2899445	1	3153	3	0	3000
Picture	20	other				2910399	1	3153	3	0	3000
Picture	10	other				2919195	2	3154	3	0	3000
Picture	10	other				2930315	2	3154	3	0	3000
Picture	21	other				2939278	1	3153	2	0	3000
Picture	10	other				2948738	1	3153	3	0	3000
Picture	20	other				2958364	2	3154	3	0	3000
Picture	10	other				2969816	1	3154	2	0	3000
Picture	20	other				2980106	2	3154	3	0	3000
Picture	10	other				2990894	2	3154	3	0	3000
Picture	11	other				3000686	2	3154	3	0	3000
Picture	20	other				3009649	1	3153	2	0	3000
Picture	20	other				3020271	1	3153	2	0	3000
