Scenario - GO/NO-GO
Logfile written - 05/05/2011 14:17:30

Subject	Trial	Event Type	Code	Time	TTime	Uncertainty	Duration	Uncertainty	ReqTime	ReqDur

NA	2	Picture	22	289	0	2	3154	3	0	3000
NA	2	Response	1	6033	5744	1
NA	3	Picture	22	9916	0	1	3153	2	0	3000
NA	3	Response	1	14315	4399	1
NA	4	Picture	22	18048	0	1	3154	2	0	3000
NA	4	Response	1	21776	3728	2
NA	5	Picture	22	28338	0	2	3154	3	0	3000
NA	5	Response	1	30654	2316	1
NA	6	Picture	22	37799	0	1	3153	2	0	3000
NA	6	Response	1	40183	2384	1
NA	7	Picture	22	46761	0	1	3153	2	0	3000
NA	7	Response	1	49415	2654	1
NA	8	Picture	22	55889	0	2	3154	3	0	3000
NA	8	Response	1	58328	2439	1
NA	9	Picture	33	64022	0	1	3153	2	0	3000
NA	10	Picture	22	73316	0	1	3153	3	0	3000
NA	10	Response	1	75502	2186	1
NA	11	Picture	22	82444	0	2	3154	3	0	3000
NA	11	Response	1	84415	1971	1
NA	11	Response	1	92881	10437	2
NA	12	Picture	22	93232	0	2	3154	3	0	3000
NA	13	Picture	22	102859	0	1	3153	2	0	3000
NA	13	Response	1	104430	1571	2
NA	14	Picture	22	111323	0	1	3153	3	0	3000
NA	14	Response	1	113460	2137	1
NA	15	Picture	22	119622	0	1	3153	2	0	3000
NA	15	Response	1	122338	2716	1
NA	16	Picture	22	128584	0	1	3153	2	0	3000
NA	16	Response	1	131604	3020	1
NA	17	Picture	33	137712	0	1	3154	2	0	3000
NA	18	Picture	22	148666	0	2	3154	3	0	3000
NA	18	Response	1	150699	2033	1
NA	19	Picture	33	157795	0	1	3153	2	0	3000
NA	19	Response	1	159638	1843	1
NA	20	Picture	22	167421	0	1	3153	2	0	3000
NA	20	Response	1	169832	2411	1
NA	21	Picture	22	177047	0	1	3153	3	0	3000
NA	21	Response	1	180773	3726	1
NA	22	Picture	22	187669	0	1	3153	3	0	3000
NA	22	Response	1	189974	2305	2
NA	23	Picture	33	197627	0	1	3154	2	0	3000
NA	24	Picture	22	207751	0	2	3154	3	0	3000
NA	24	Response	1	210129	2378	2
NA	25	Picture	22	217378	0	1	3153	2	0	3000
NA	25	Response	1	219866	2488	1
NA	26	Picture	22	226506	0	1	3153	2	0	3000
NA	26	Response	1	229312	2806	1
NA	27	Picture	22	236796	0	1	3153	3	0	3000
NA	27	Response	1	240143	3347	2
NA	28	Picture	22	247750	0	1	3153	3	0	3000
NA	28	Response	1	250618	2868	1
NA	29	Picture	33	257210	0	2	3154	3	0	3000
NA	30	Picture	22	266339	0	1	3153	2	0	3000
NA	30	Response	1	269359	3020	1
NA	31	Picture	33	276463	0	1	3153	2	0	3000
NA	32	Picture	22	286753	0	1	3153	2	0	3000
NA	32	Response	1	288842	2089	1
NA	33	Picture	22	295051	0	2	3154	3	0	3000
NA	33	Response	1	298728	3677	1
NA	34	Picture	22	303682	0	1	3153	2	0	3000
NA	34	Response	1	307254	3572	1
NA	35	Picture	33	311980	0	2	3154	3	0	3000
NA	36	Picture	22	321274	0	2	3154	3	0	3000
NA	36	Response	1	323662	2388	1
NA	37	Picture	22	331233	0	1	3153	2	0	3000
NA	37	Response	1	333130	1897	2
NA	38	Picture	22	342021	0	1	3153	2	0	3000
NA	38	Response	1	344900	2879	1
NA	39	Picture	33	352643	0	1	3153	2	0	3000
NA	40	Picture	22	361439	0	1	3154	2	0	3000
NA	40	Response	1	365588	4149	1
NA	41	Picture	22	371397	0	2	3154	3	0	3000
NA	41	Response	1	374441	3044	1
NA	42	Picture	22	382517	0	2	3154	3	0	3000
NA	42	Response	1	384361	1844	1
NA	43	Picture	33	393471	0	2	3154	3	0	3000
NA	44	Picture	22	403097	0	2	3154	3	0	3000
NA	44	Response	1	404841	1744	1
NA	45	Picture	22	413222	0	1	3153	2	0	3000
NA	45	Response	1	415140	1918	1
NA	46	Picture	22	423512	0	1	3153	2	0	3000
NA	46	Response	1	425086	1574	1
NA	47	Picture	22	432972	0	1	3153	3	0	3000
NA	47	Response	1	437425	4453	1
NA	48	Picture	22	443096	0	1	3154	2	0	3000
NA	48	Response	1	447752	4656	1
NA	49	Picture	22	452058	0	2	3154	3	0	3000
NA	49	Response	1	456600	4542	1
NA	50	Picture	22	460855	0	1	3153	2	0	3000
NA	50	Response	1	464179	3324	1
NA	51	Picture	33	470979	0	1	3153	3	0	3000
NA	52	Picture	22	479775	0	2	3154	3	0	3000
NA	52	Response	1	481294	1519	1
NA	53	Picture	22	488406	0	1	3153	2	0	3000
NA	53	Response	1	492454	4048	1
NA	54	Picture	22	497866	0	1	3153	3	0	3000
NA	54	Response	1	502723	4857	1
NA	55	Picture	33	507990	0	1	3154	2	0	3000
NA	55	Response	1	511983	3993	1
NA	56	Picture	22	518446	0	2	3154	3	0	3000
NA	56	Response	1	522665	4219	1
NA	57	Picture	22	528073	0	1	3153	2	0	3000
NA	57	Response	1	530803	2730	1
NA	58	Picture	22	538031	0	1	3153	2	0	3000
NA	58	Response	1	540840	2809	1
NA	59	Picture	22	547989	0	1	3153	2	0	3000
NA	59	Response	1	550845	2856	1
NA	60	Picture	22	556287	0	2	3154	3	0	3000
NA	60	Response	1	560552	4265	1
NA	61	Picture	22	565084	0	1	3153	2	0	3000
NA	61	Response	1	568960	3876	1
NA	62	Picture	22	574876	0	1	3153	2	0	3000
NA	62	Response	1	578885	4009	1
NA	63	Picture	33	584668	0	1	3154	2	0	3000
NA	64	Picture	22	593796	0	2	3154	3	0	3000
NA	64	Response	1	596502	2706	1
NA	65	Picture	22	602925	0	1	3153	2	0	3000
NA	65	Response	1	605706	2781	1
NA	66	Picture	22	612717	0	1	3153	3	0	3000
NA	66	Response	1	615650	2933	1
NA	67	Picture	33	622177	0	1	3154	2	0	3000
NA	67	Response	1	625000	2823	1
NA	68	Picture	22	631804	0	1	3153	2	0	3000
NA	68	Response	1	635221	3417	1
NA	69	Picture	22	641264	0	1	3153	2	0	3000
NA	69	Response	1	644720	3456	1
NA	70	Picture	22	651388	0	1	3153	2	0	3000
NA	70	Response	1	654337	2949	2
NA	71	Picture	33	662508	0	1	3153	2	0	3000
NA	72	Picture	22	670806	0	2	3154	3	0	3000
NA	72	Response	1	673101	2295	1
NA	73	Picture	22	681594	0	2	3154	3	0	3000
NA	73	Response	1	684373	2779	2
NA	74	Picture	22	690059	0	1	3153	2	0	3000
NA	74	Response	1	694463	4404	2
NA	75	Picture	22	700681	0	1	3153	2	0	3000
NA	75	Response	1	704168	3487	1
NA	76	Picture	22	711469	0	1	3153	2	0	3000
NA	76	Response	1	714995	3526	1
NA	77	Picture	33	721095	0	1	3153	3	0	3000
NA	78	Picture	22	732049	0	1	3153	3	0	3000
NA	78	Response	1	733876	1827	1
NA	79	Picture	22	742837	0	1	3153	3	0	3000
NA	79	Response	1	744350	1513	1
NA	80	Picture	22	753293	0	1	3154	2	0	3000
NA	80	Response	1	755712	2419	1
NA	81	Picture	22	762256	0	1	3153	2	0	3000
NA	81	Response	1	766253	3997	1
NA	82	Picture	22	770388	0	1	3153	3	0	3000
NA	82	Response	1	775555	5167	2
NA	83	Picture	33	779018	0	2	3154	3	0	3000
NA	84	Picture	22	789806	0	2	3154	3	0	3000
NA	84	Response	1	790811	1005	1
NA	85	Picture	22	799267	0	1	3153	2	0	3000
NA	85	Response	1	801407	2140	1
NA	86	Picture	22	810387	0	1	3153	2	0	3000
NA	86	Response	1	811995	1608	1
NA	87	Picture	22	819017	0	1	3153	3	0	3000
NA	87	Response	1	822587	3570	1
NA	88	Picture	22	827150	0	1	3153	2	0	3000
NA	88	Response	1	831764	4614	2
NA	89	Picture	33	836444	0	1	3153	2	0	3000
NA	90	Picture	22	844576	0	2	3154	3	0	3000
NA	90	Response	1	846756	2180	1
NA	91	Picture	33	853871	0	1	3153	2	0	3000
NA	92	Picture	22	863165	0	1	3153	3	0	3000
NA	92	Response	1	864935	1770	2
NA	93	Picture	33	873787	0	1	3153	3	0	3000
NA	94	Picture	22	881920	0	1	3153	2	0	3000
NA	94	Response	1	884030	2110	1
NA	95	Picture	33	891712	0	1	3153	2	0	3000
NA	96	Picture	22	902334	0	1	3153	2	0	3000
NA	96	Response	1	902945	611	1
NA	97	Picture	22	911296	0	1	3154	2	0	3000
NA	97	Response	1	916115	4819	1
NA	98	Picture	22	919761	0	1	3153	2	0	3000
NA	98	Response	1	924434	4673	1
NA	99	Picture	22	928889	0	1	3153	2	0	3000
NA	99	Response	1	932466	3577	1
NA	100	Picture	22	937519	0	2	3154	3	0	3000
NA	100	Response	1	940287	2768	1
NA	101	Picture	22	947643	0	2	3154	3	0	3000
NA	101	Response	1	950907	3264	1
NA	102	Picture	22	956274	0	1	3153	2	0	3000
NA	102	Response	1	960407	4133	2
NA	103	Picture	33	965900	0	1	3154	2	0	3000
NA	104	Picture	22	975028	0	2	3154	3	0	3000
NA	104	Response	1	979440	4412	1
NA	105	Picture	22	983991	0	1	3153	2	0	3000
NA	105	Response	1	988349	4358	1
NA	106	Picture	22	993451	0	1	3154	2	0	3000
NA	106	Response	1	996934	3483	1
NA	107	Picture	22	1003907	0	1	3154	2	0	3000
NA	107	Response	1	1007377	3470	2
NA	108	Picture	22	1014695	0	2	3154	3	0	3000
NA	108	Response	1	1017857	3162	1
NA	109	Picture	33	1023326	0	1	3153	2	0	3000
NA	110	Picture	22	1031624	0	1	3154	2	0	3000
NA	110	Response	1	1036918	5294	2
NA	111	Picture	22	1042080	0	1	3154	2	0	3000
NA	111	Response	1	1046505	4425	1
NA	112	Picture	22	1052204	0	2	3154	3	0	3000
NA	112	Response	1	1055502	3298	2
NA	113	Picture	22	1062494	0	2	3154	3	0	3000
NA	113	Response	1	1065363	2869	1
NA	114	Picture	22	1071623	0	1	3153	2	0	3000
NA	114	Response	1	1074682	3059	1
NA	115	Picture	33	1081913	0	1	3153	2	0	3000
NA	116	Picture	22	1092701	0	1	3153	2	0	3000
NA	116	Response	1	1095484	2783	2
NA	117	Picture	22	1101829	0	1	3154	2	0	3000
NA	117	Response	1	1104298	2469	1
NA	118	Picture	22	1112451	0	2	3154	3	0	3000
NA	118	Response	1	1114087	1636	1
NA	119	Picture	22	1122077	0	2	3154	3	0	3000
NA	119	Response	1	1124645	2568	1
NA	120	Picture	22	1132202	0	1	3153	2	0	3000
NA	120	Response	1	1136675	4473	1
NA	121	Picture	33	1140500	0	1	3153	3	0	3000
NA	122	Picture	22	1150790	0	1	3154	2	0	3000
NA	122	Response	1	1153576	2786	2
NA	123	Picture	33	1161246	0	2	3154	3	0	3000
NA	123	Response	1	1163578	2332	2
NA	124	Picture	22	1169379	0	1	3153	2	0	3000
NA	124	Response	1	1173309	3930	1
NA	125	Picture	22	1179503	0	1	3153	3	0	3000
NA	125	Response	1	1182358	2855	1
NA	126	Picture	22	1188299	0	2	3154	3	0	3000
NA	126	Response	1	1193061	4762	2
NA	127	Picture	22	1198921	0	2	3154	3	0	3000
NA	127	Response	1	1203052	4131	1
NA	128	Picture	22	1207054	0	1	3153	2	0	3000
NA	128	Response	1	1212931	5877	2
NA	129	Picture	33	1215850	0	1	3154	2	0	3000
NA	130	Picture	22	1226306	0	2	3154	3	0	3000
NA	130	Response	1	1230191	3885	1
NA	131	Picture	22	1236430	0	2	3154	3	0	3000
NA	131	Response	1	1239679	3249	1
NA	132	Picture	22	1244729	0	1	3153	3	0	3000
NA	132	Response	1	1249499	4770	1
NA	133	Picture	33	1254521	0	1	3153	3	0	3000
NA	134	Picture	22	1264645	0	2	3154	3	0	3000
NA	134	Response	1	1267289	2644	1
NA	135	Picture	22	1272944	0	1	3153	2	0	3000
NA	135	Response	1	1276608	3664	2
NA	136	Picture	22	1284064	0	1	3153	2	0	3000
NA	136	Response	1	1286869	2805	2
NA	137	Picture	22	1293358	0	1	3153	3	0	3000
NA	137	Response	1	1297279	3921	1
NA	138	Picture	22	1303150	0	2	3154	3	0	3000
NA	138	Response	1	1307866	4716	1
NA	139	Picture	33	1311947	0	1	3153	2	0	3000
NA	140	Picture	22	1321241	0	1	3153	2	0	3000
NA	140	Response	1	1324968	3727	2
NA	141	Picture	33	1330867	0	1	3154	2	0	3000
NA	141	Response	1	1334138	3271	1
NA	142	Picture	22	1339332	0	1	3153	2	0	3000
NA	142	Response	1	1342432	3100	1
NA	143	Picture	33	1349622	0	1	3153	2	0	3000
NA	143	Response	1	1352692	3070	1
NA	144	Picture	22	1360410	0	1	3153	2	0	3000
NA	144	Response	1	1362925	2515	1
NA	145	Picture	22	1369372	0	1	3153	3	0	3000
NA	145	Response	1	1372417	3045	1
NA	146	Picture	22	1378832	0	2	3154	3	0	3000
NA	146	Response	1	1381910	3078	1
NA	147	Picture	33	1388624	0	2	3154	3	0	3000
NA	148	Picture	22	1398749	0	1	3153	2	0	3000
NA	148	Response	1	1401469	2720	1
NA	149	Picture	33	1409869	0	1	3153	2	0	3000
NA	150	Picture	22	1420657	0	1	3153	2	0	3000
NA	150	Response	1	1422683	2026	1
NA	151	Picture	22	1428955	0	1	3154	2	0	3000
NA	151	Response	1	1433689	4734	1
NA	152	Picture	22	1439743	0	1	3153	3	0	3000
NA	152	Response	1	1443479	3736	1
NA	153	Picture	22	1450531	0	1	3154	2	0	3000
NA	153	Response	1	1453832	3301	1
NA	154	Picture	22	1461485	0	1	3154	2	0	3000
NA	154	Response	1	1464949	3464	1
NA	155	Picture	22	1472605	0	1	3153	3	0	3000
NA	155	Response	1	1475685	3080	1
NA	156	Picture	22	1482895	0	2	3154	3	0	3000
NA	156	Response	1	1485883	2988	1
NA	157	Picture	33	1491858	0	1	3153	2	0	3000
NA	158	Picture	22	1501484	0	1	3153	2	0	3000
NA	158	Response	1	1505883	4399	1
NA	159	Picture	22	1509948	0	1	3154	2	0	3000
NA	159	Response	1	1514108	4160	2
NA	160	Picture	22	1518911	0	1	3153	2	0	3000
NA	160	Response	1	1522218	3307	2
NA	161	Picture	22	1528205	0	1	3153	2	0	3000
NA	161	Response	1	1530564	2359	1
NA	162	Picture	22	1538329	0	1	3153	3	0	3000
NA	162	Response	1	1541505	3176	1
NA	163	Picture	33	1547457	0	2	3154	3	0	3000
NA	164	Picture	22	1555590	0	1	3153	2	0	3000
NA	164	Response	1	1557994	2404	1
NA	165	Picture	33	1564884	0	1	3154	2	0	3000
NA	165	Response	1	1567722	2838	1
NA	166	Picture	22	1573515	0	1	3153	2	0	3000
NA	166	Response	1	1582713	9198	1
NA	167	Picture	22	1583639	0	1	3153	2	0	3000
NA	167	Response	1	1588396	4757	1
NA	168	Picture	22	1593597	0	1	3153	2	0	3000
NA	168	Response	1	1596795	3198	1
NA	169	Picture	33	1603887	0	1	3153	3	0	3000
NA	170	Picture	22	1614841	0	1	3153	2	0	3000
NA	170	Response	1	1617301	2460	1
NA	171	Picture	22	1625795	0	1	3153	3	0	3000
NA	171	Response	1	1628241	2446	1
NA	172	Picture	22	1635587	0	1	3154	2	0	3000
NA	172	Response	1	1638358	2771	1
NA	173	Picture	22	1644218	0	1	3153	2	0	3000
NA	173	Response	1	1648942	4724	1
NA	174	Picture	22	1653014	0	1	3153	2	0	3000
NA	174	Response	1	1657850	4836	1
NA	175	Picture	33	1662640	0	2	3154	3	0	3000
NA	176	Picture	22	1672432	0	2	3154	3	0	3000
NA	176	Response	1	1674992	2560	1
NA	177	Picture	22	1682723	0	1	3153	2	0	3000
NA	177	Response	1	1686045	3322	2
NA	178	Picture	22	1691685	0	1	3153	2	0	3000
NA	178	Response	1	1695510	3825	1
NA	179	Picture	33	1701477	0	1	3154	2	0	3000
NA	180	Picture	22	1710273	0	2	3154	3	0	3000
NA	180	Response	1	1712971	2698	2
NA	181	Picture	22	1720730	0	1	3153	2	0	3000
NA	181	Response	1	1723825	3095	1
NA	182	Picture	22	1729526	0	1	3153	2	0	3000
NA	182	Response	1	1738964	9438	1
NA	183	Picture	22	1739650	0	1	3153	3	0	3000
NA	183	Response	1	1747036	7386	1
NA	184	Picture	22	1747948	0	2	3154	3	0	3000
NA	184	Response	1	1753706	5758	1
NA	185	Picture	33	1758239	0	1	3153	2	0	3000
NA	186	Picture	22	1768363	0	1	3153	2	0	3000
NA	186	Response	1	1771528	3165	2
NA	187	Picture	22	1776661	0	2	3154	3	0	3000
NA	187	Response	1	1779723	3062	1
NA	188	Picture	22	1785458	0	1	3153	2	0	3000
NA	188	Response	1	1788125	2667	1
NA	189	Picture	22	1793756	0	1	3154	2	0	3000
NA	189	Response	1	1797086	3330	1
NA	190	Picture	22	1802387	0	1	3153	2	0	3000
NA	190	Response	1	1805753	3366	1
NA	191	Picture	33	1813009	0	1	3153	2	0	3000
NA	191	Response	1	1814272	1263	3
NA	192	Picture	22	1822469	0	1	3153	2	0	3000
NA	192	Response	1	1826796	4327	1
NA	193	Picture	22	1830933	0	2	3154	3	0	3000
NA	193	Response	1	1834755	3822	1
NA	194	Picture	22	1840228	0	1	3153	2	0	3000
NA	194	Response	1	1843540	3312	2
NA	195	Picture	22	1851182	0	1	3153	2	0	3000
NA	195	Response	1	1854068	2886	1
NA	196	Picture	22	1860642	0	1	3153	2	0	3000
NA	196	Response	1	1863831	3189	1
NA	197	Picture	22	1870268	0	1	3154	2	0	3000
NA	197	Response	1	1873504	3236	1
NA	198	Picture	22	1880890	0	1	3154	2	0	3000
NA	198	Response	1	1884418	3528	2
NA	199	Picture	33	1889687	0	1	3153	2	0	3000
NA	200	Picture	22	1897819	0	1	3153	3	0	3000
NA	200	Response	1	1900168	2349	1
NA	201	Picture	22	1908275	0	1	3154	2	0	3000
NA	201	Response	1	1909600	1325	1
NA	202	Picture	22	1919395	0	1	3153	3	0	3000
NA	202	Response	1	1921928	2533	1
NA	203	Picture	22	1929851	0	1	3154	2	0	3000
NA	203	Response	1	1932307	2456	1
NA	204	Picture	22	1940141	0	2	3154	3	0	3000
NA	204	Response	1	1942539	2398	1
NA	205	Picture	33	1949436	0	1	3153	2	0	3000
NA	205	Response	1	1952389	2953	1
NA	206	Picture	22	1957734	0	1	3153	3	0	3000
NA	206	Response	1	1960658	2924	1
NA	207	Picture	33	1966032	0	2	3154	3	0	3000
NA	208	Picture	22	1977152	0	2	3154	3	0	3000
NA	208	Response	1	1979394	2242	2
NA	209	Picture	33	1987609	0	1	3153	2	0	3000
NA	210	Picture	22	1997235	0	1	3153	2	0	3000
NA	210	Response	1	1998475	1240	1
NA	211	Picture	22	2005533	0	2	3154	3	0	3000
NA	211	Response	1	2010831	5298	1
NA	212	Picture	22	2014828	0	1	3153	2	0	3000
NA	212	Response	1	2017749	2921	2
NA	213	Picture	22	2025782	0	1	3153	2	0	3000
NA	213	Response	1	2028697	2915	2
NA	214	Picture	22	2035076	0	1	3153	2	0	3000
NA	214	Response	1	2037808	2732	1
NA	215	Picture	33	2045698	0	1	3153	2	0	3000
NA	215	Response	1	2046983	1285	1
NA	216	Picture	22	2054992	0	1	3154	2	0	3000
NA	216	Response	1	2057732	2740	2
NA	217	Picture	22	2063789	0	1	3153	2	0	3000
NA	217	Response	1	2066938	3149	1
NA	218	Picture	22	2072419	0	1	3153	3	0	3000
NA	218	Response	1	2075253	2834	2
NA	219	Picture	22	2081547	0	2	3154	3	0	3000
NA	219	Response	1	2084633	3086	2
NA	220	Picture	22	2092667	0	2	3154	3	0	3000
NA	220	Response	1	2096076	3409	1
NA	221	Picture	33	2103621	0	1	3154	2	0	3000
NA	222	Picture	22	2114741	0	1	3154	2	0	3000
NA	222	Response	1	2114955	214	1
NA	223	Picture	22	2124035	0	2	3154	3	0	3000
NA	223	Response	1	2126879	2844	1
NA	224	Picture	22	2133164	0	1	3153	2	0	3000
NA	224	Response	1	2136697	3533	1
NA	225	Picture	22	2141296	0	2	3154	3	0	3000
NA	225	Response	1	2146841	5545	1
NA	226	Picture	22	2152084	0	2	3154	3	0	3000
NA	226	Response	1	2155953	3869	2
NA	227	Picture	22	2161213	0	1	3153	2	0	3000
NA	227	Response	1	2165602	4389	1
NA	228	Picture	22	2172167	0	1	3153	2	0	3000
NA	228	Response	1	2175040	2873	1
NA	229	Picture	33	2180963	0	1	3153	3	0	3000
NA	230	Picture	22	2190589	0	2	3154	3	0	3000
NA	230	Response	1	2193657	3068	1
NA	231	Picture	22	2201709	0	1	3154	2	0	3000
NA	231	Response	1	2204388	2679	2
NA	232	Picture	22	2209842	0	1	3153	2	0	3000
NA	232	Response	1	2214204	4362	2
NA	233	Picture	33	2219634	0	1	3153	2	0	3000
NA	234	Picture	22	2228264	0	2	3154	3	0	3000
NA	234	Response	1	2231022	2758	1
NA	235	Picture	22	2236729	0	1	3153	2	0	3000
NA	235	Response	1	2241485	4756	2
NA	236	Picture	22	2247517	0	1	3153	2	0	3000
NA	236	Response	1	2252601	5084	2
NA	237	Picture	22	2258471	0	1	3153	2	0	3000
NA	237	Response	1	2264225	5754	1
NA	238	Picture	22	2268097	0	1	3153	3	0	3000
NA	238	Response	1	2272692	4595	1
NA	239	Picture	33	2277225	0	2	3154	3	0	3000
NA	239	Response	1	2284850	7625	2
NA	240	Picture	22	2286852	0	1	3153	2	0	3000
NA	240	Response	1	2296842	9990	1
NA	241	Picture	33	2297474	0	1	3153	2	0	3000
NA	242	Picture	22	2306934	0	1	3153	2	0	3000
NA	242	Response	1	2309739	2805	1
NA	243	Picture	22	2317888	0	1	3153	2	0	3000
NA	243	Response	1	2321533	3645	1
NA	244	Picture	22	2327016	0	1	3154	2	0	3000
NA	244	Response	1	2330992	3976	1
NA	245	Picture	33	2336145	0	1	3153	2	0	3000
NA	245	Response	1	2346387	10242	1
NA	246	Picture	22	2346601	0	1	3153	2	0	3000
NA	246	Response	1	2355723	9122	1
NA	247	Picture	22	2355895	0	1	3153	2	0	3000
NA	248	Picture	22	2366019	0	1	3153	3	0	3000
NA	248	Response	1	2366461	442	1
NA	249	Picture	33	2375977	0	2	3154	3	0	3000
NA	250	Picture	22	2384940	0	1	3153	2	0	3000
NA	250	Response	1	2387139	2199	1
NA	251	Picture	22	2394566	0	1	3153	2	0	3000
NA	251	Response	1	2396931	2365	1
NA	252	Picture	22	2405354	0	1	3153	2	0	3000
NA	252	Response	1	2406986	1632	2
NA	253	Picture	22	2415146	0	1	3153	3	0	3000
NA	253	Response	1	2419867	4721	2
NA	254	Picture	22	2424938	0	1	3154	2	0	3000
NA	254	Response	1	2429069	4131	1
NA	255	Picture	33	2435726	0	2	3154	3	0	3000
NA	256	Picture	22	2444689	0	1	3153	2	0	3000
NA	256	Response	1	2447041	2352	1
NA	257	Picture	22	2453817	0	1	3153	2	0	3000
NA	257	Response	1	2456504	2687	2
NA	258	Picture	22	2464273	0	1	3153	3	0	3000
NA	258	Response	1	2466973	2700	2
NA	259	Picture	22	2472737	0	2	3154	3	0	3000
NA	259	Response	1	2475434	2697	1
NA	260	Picture	22	2482530	0	1	3153	2	0	3000
NA	260	Response	1	2485106	2576	1
NA	261	Picture	33	2491492	0	1	3153	3	0	3000
NA	262	Picture	22	2501284	0	1	3154	2	0	3000
NA	262	Response	1	2503690	2406	1
NA	263	Picture	22	2512072	0	2	3154	3	0	3000
NA	263	Response	1	2512827	755	1
NA	264	Picture	22	2522528	0	2	3154	3	0	3000
NA	264	Response	1	2523331	803	1
NA	265	Picture	22	2530661	0	1	3153	2	0	3000
NA	265	Response	1	2533859	3198	1
NA	266	Picture	22	2539125	0	2	3154	3	0	3000
NA	266	Response	1	2543409	4284	1
NA	267	Picture	22	2549249	0	2	3154	3	0	3000
NA	267	Response	1	2551545	2296	2
NA	268	Picture	22	2559374	0	1	3153	2	0	3000
NA	268	Response	1	2560988	1614	2
NA	269	Picture	33	2568668	0	1	3153	2	0	3000
NA	270	Picture	22	2578626	0	1	3153	3	0	3000
NA	270	Response	1	2581765	3139	2
NA	271	Picture	22	2589746	0	1	3153	2	0	3000
NA	271	Response	1	2592353	2607	1
NA	272	Picture	22	2599870	0	1	3154	2	0	3000
NA	272	Response	1	2602435	2565	2
NA	273	Picture	22	2609164	0	2	3154	3	0	3000
NA	273	Response	1	2611456	2292	2
NA	274	Picture	22	2619786	0	2	3154	3	0	3000
NA	274	Response	1	2621957	2171	1
NA	275	Picture	33	2629911	0	1	3153	2	0	3000
NA	275	Response	1	2632512	2601	1
NA	276	Picture	22	2638707	0	1	3153	2	0	3000
NA	276	Response	1	2641681	2974	2
NA	277	Picture	33	2648665	0	1	3154	2	0	3000
NA	278	Picture	22	2657462	0	1	3153	2	0	3000
NA	278	Response	1	2659582	2120	1
NA	279	Picture	22	2666590	0	1	3153	2	0	3000
NA	279	Response	1	2671137	4547	1
NA	280	Picture	22	2677544	0	1	3153	2	0	3000
NA	280	Response	1	2680659	3115	2
NA	281	Picture	22	2688332	0	1	3153	2	0	3000
NA	281	Response	1	2691332	3000	2
NA	282	Picture	22	2698788	0	1	3153	3	0	3000
NA	282	Response	1	2702094	3306	1
NA	283	Picture	22	2708414	0	1	3154	2	0	3000
NA	283	Response	1	2712618	4204	1
NA	284	Picture	22	2716879	0	1	3153	2	0	3000
NA	284	Response	1	2720250	3371	1
NA	285	Picture	33	2727335	0	1	3153	2	0	3000
NA	286	Picture	22	2736131	0	1	3153	3	0	3000
NA	286	Response	1	2738515	2384	1
NA	287	Picture	33	2744596	0	1	3153	2	0	3000
NA	288	Picture	22	2754388	0	1	3153	2	0	3000
NA	288	Response	1	2754861	473	1
NA	289	Picture	22	2764014	0	1	3153	3	0	3000
NA	289	Response	1	2767131	3117	1
NA	290	Picture	22	2774802	0	1	3153	3	0	3000
NA	290	Response	1	2777925	3123	1
NA	291	Picture	22	2785922	0	1	3153	3	0	3000
NA	291	Response	1	2789042	3120	1
NA	292	Picture	22	2796378	0	1	3153	3	0	3000
NA	292	Response	1	2799520	3142	1
NA	293	Picture	33	2806834	0	1	3154	2	0	3000
NA	294	Picture	22	2817456	0	1	3154	2	0	3000
NA	294	Response	1	2819788	2332	1
NA	295	Picture	33	2826253	0	1	3153	2	0	3000
NA	295	Response	1	2830523	4270	1
NA	296	Picture	22	2836211	0	1	3153	2	0	3000
NA	296	Response	1	2839643	3432	2
NA	297	Picture	22	2844343	0	1	3154	2	0	3000
NA	297	Response	1	2848044	3701	1
NA	298	Picture	22	2854135	0	2	3154	3	0	3000
NA	298	Response	1	2857567	3432	1
NA	299	Picture	33	2863762	0	1	3153	2	0	3000
NA	300	Picture	22	2872226	0	1	3153	3	0	3000
NA	300	Response	1	2875028	2802	1
NA	301	Picture	22	2882848	0	1	3154	2	0	3000
NA	301	Response	1	2885528	2680	1
NA	302	Picture	22	2891810	0	2	3154	3	0	3000
NA	302	Response	1	2894822	3012	1
NA	303	Picture	22	2901437	0	1	3153	2	0	3000
NA	303	Response	1	2906353	4916	1
NA	304	Picture	22	2912557	0	1	3153	2	0	3000
NA	304	Response	1	2916557	4000	1
NA	305	Picture	33	2922681	0	1	3153	2	0	3000


Event Type	Code	Type	Response	RT	RT Uncertainty	Time	Uncertainty	Duration	Uncertainty	ReqTime	ReqDur

Picture	22	hit	1	5744	3	289	2	3154	3	0	3000
Picture	22	hit	1	4399	2	9916	1	3153	2	0	3000
Picture	22	hit	1	3728	3	18048	1	3154	2	0	3000
Picture	22	hit	1	2316	3	28338	2	3154	3	0	3000
Picture	22	hit	1	2384	2	37799	1	3153	2	0	3000
Picture	22	hit	1	2654	2	46761	1	3153	2	0	3000
Picture	22	hit	1	2439	3	55889	2	3154	3	0	3000
Picture	33	miss				64022	1	3153	2	0	3000
Picture	22	hit	1	2186	2	73316	1	3153	3	0	3000
Picture	22	hit	1	1971	3	82444	2	3154	3	0	3000
Picture	22	miss				93232	2	3154	3	0	3000
Picture	22	hit	1	1571	3	102859	1	3153	2	0	3000
Picture	22	hit	1	2137	2	111323	1	3153	3	0	3000
Picture	22	hit	1	2716	2	119622	1	3153	2	0	3000
Picture	22	hit	1	3020	2	128584	1	3153	2	0	3000
Picture	33	miss				137712	1	3154	2	0	3000
Picture	22	hit	1	2033	3	148666	2	3154	3	0	3000
Picture	33	hit	1	1843	2	157795	1	3153	2	0	3000
Picture	22	hit	1	2411	2	167421	1	3153	2	0	3000
Picture	22	hit	1	3726	2	177047	1	3153	3	0	3000
Picture	22	hit	1	2305	3	187669	1	3153	3	0	3000
Picture	33	miss				197627	1	3154	2	0	3000
Picture	22	hit	1	2378	4	207751	2	3154	3	0	3000
Picture	22	hit	1	2488	2	217378	1	3153	2	0	3000
Picture	22	hit	1	2806	2	226506	1	3153	2	0	3000
Picture	22	hit	1	3347	3	236796	1	3153	3	0	3000
Picture	22	hit	1	2868	2	247750	1	3153	3	0	3000
Picture	33	miss				257210	2	3154	3	0	3000
Picture	22	hit	1	3020	2	266339	1	3153	2	0	3000
Picture	33	miss				276463	1	3153	2	0	3000
Picture	22	hit	1	2089	2	286753	1	3153	2	0	3000
Picture	22	hit	1	3677	3	295051	2	3154	3	0	3000
Picture	22	hit	1	3572	2	303682	1	3153	2	0	3000
Picture	33	miss				311980	2	3154	3	0	3000
Picture	22	hit	1	2388	3	321274	2	3154	3	0	3000
Picture	22	hit	1	1897	3	331233	1	3153	2	0	3000
Picture	22	hit	1	2879	2	342021	1	3153	2	0	3000
Picture	33	miss				352643	1	3153	2	0	3000
Picture	22	hit	1	4149	2	361439	1	3154	2	0	3000
Picture	22	hit	1	3044	3	371397	2	3154	3	0	3000
Picture	22	hit	1	1844	3	382517	2	3154	3	0	3000
Picture	33	miss				393471	2	3154	3	0	3000
Picture	22	hit	1	1744	3	403097	2	3154	3	0	3000
Picture	22	hit	1	1918	2	413222	1	3153	2	0	3000
Picture	22	hit	1	1574	2	423512	1	3153	2	0	3000
Picture	22	hit	1	4453	2	432972	1	3153	3	0	3000
Picture	22	hit	1	4656	2	443096	1	3154	2	0	3000
Picture	22	hit	1	4542	3	452058	2	3154	3	0	3000
Picture	22	hit	1	3324	2	460855	1	3153	2	0	3000
Picture	33	miss				470979	1	3153	3	0	3000
Picture	22	hit	1	1519	3	479775	2	3154	3	0	3000
Picture	22	hit	1	4048	2	488406	1	3153	2	0	3000
Picture	22	hit	1	4857	2	497866	1	3153	3	0	3000
Picture	33	hit	1	3993	2	507990	1	3154	2	0	3000
Picture	22	hit	1	4219	3	518446	2	3154	3	0	3000
Picture	22	hit	1	2730	2	528073	1	3153	2	0	3000
Picture	22	hit	1	2809	2	538031	1	3153	2	0	3000
Picture	22	hit	1	2856	2	547989	1	3153	2	0	3000
Picture	22	hit	1	4265	3	556287	2	3154	3	0	3000
Picture	22	hit	1	3876	2	565084	1	3153	2	0	3000
Picture	22	hit	1	4009	2	574876	1	3153	2	0	3000
Picture	33	miss				584668	1	3154	2	0	3000
Picture	22	hit	1	2706	3	593796	2	3154	3	0	3000
Picture	22	hit	1	2781	2	602925	1	3153	2	0	3000
Picture	22	hit	1	2933	2	612717	1	3153	3	0	3000
Picture	33	hit	1	2823	2	622177	1	3154	2	0	3000
Picture	22	hit	1	3417	2	631804	1	3153	2	0	3000
Picture	22	hit	1	3456	2	641264	1	3153	2	0	3000
Picture	22	hit	1	2949	3	651388	1	3153	2	0	3000
Picture	33	miss				662508	1	3153	2	0	3000
Picture	22	hit	1	2295	3	670806	2	3154	3	0	3000
Picture	22	hit	1	2779	4	681594	2	3154	3	0	3000
Picture	22	hit	1	4404	3	690059	1	3153	2	0	3000
Picture	22	hit	1	3487	2	700681	1	3153	2	0	3000
Picture	22	hit	1	3526	2	711469	1	3153	2	0	3000
Picture	33	miss				721095	1	3153	3	0	3000
Picture	22	hit	1	1827	2	732049	1	3153	3	0	3000
Picture	22	hit	1	1513	2	742837	1	3153	3	0	3000
Picture	22	hit	1	2419	2	753293	1	3154	2	0	3000
Picture	22	hit	1	3997	2	762256	1	3153	2	0	3000
Picture	22	hit	1	5167	3	770388	1	3153	3	0	3000
Picture	33	miss				779018	2	3154	3	0	3000
Picture	22	hit	1	1005	3	789806	2	3154	3	0	3000
Picture	22	hit	1	2140	2	799267	1	3153	2	0	3000
Picture	22	hit	1	1608	2	810387	1	3153	2	0	3000
Picture	22	hit	1	3570	2	819017	1	3153	3	0	3000
Picture	22	hit	1	4614	3	827150	1	3153	2	0	3000
Picture	33	miss				836444	1	3153	2	0	3000
Picture	22	hit	1	2180	3	844576	2	3154	3	0	3000
Picture	33	miss				853871	1	3153	2	0	3000
Picture	22	hit	1	1770	3	863165	1	3153	3	0	3000
Picture	33	miss				873787	1	3153	3	0	3000
Picture	22	hit	1	2110	2	881920	1	3153	2	0	3000
Picture	33	miss				891712	1	3153	2	0	3000
Picture	22	hit	1	611	2	902334	1	3153	2	0	3000
Picture	22	hit	1	4819	2	911296	1	3154	2	0	3000
Picture	22	hit	1	4673	2	919761	1	3153	2	0	3000
Picture	22	hit	1	3577	2	928889	1	3153	2	0	3000
Picture	22	hit	1	2768	3	937519	2	3154	3	0	3000
Picture	22	hit	1	3264	3	947643	2	3154	3	0	3000
Picture	22	hit	1	4133	3	956274	1	3153	2	0	3000
Picture	33	miss				965900	1	3154	2	0	3000
Picture	22	hit	1	4412	3	975028	2	3154	3	0	3000
Picture	22	hit	1	4358	2	983991	1	3153	2	0	3000
Picture	22	hit	1	3483	2	993451	1	3154	2	0	3000
Picture	22	hit	1	3470	3	1003907	1	3154	2	0	3000
Picture	22	hit	1	3162	3	1014695	2	3154	3	0	3000
Picture	33	miss				1023326	1	3153	2	0	3000
Picture	22	hit	1	5294	3	1031624	1	3154	2	0	3000
Picture	22	hit	1	4425	2	1042080	1	3154	2	0	3000
Picture	22	hit	1	3298	4	1052204	2	3154	3	0	3000
Picture	22	hit	1	2869	3	1062494	2	3154	3	0	3000
Picture	22	hit	1	3059	2	1071623	1	3153	2	0	3000
Picture	33	miss				1081913	1	3153	2	0	3000
Picture	22	hit	1	2783	3	1092701	1	3153	2	0	3000
Picture	22	hit	1	2469	2	1101829	1	3154	2	0	3000
Picture	22	hit	1	1636	3	1112451	2	3154	3	0	3000
Picture	22	hit	1	2568	3	1122077	2	3154	3	0	3000
Picture	22	hit	1	4473	2	1132202	1	3153	2	0	3000
Picture	33	miss				1140500	1	3153	3	0	3000
Picture	22	hit	1	2786	3	1150790	1	3154	2	0	3000
Picture	33	hit	1	2332	4	1161246	2	3154	3	0	3000
Picture	22	hit	1	3930	2	1169379	1	3153	2	0	3000
Picture	22	hit	1	2855	2	1179503	1	3153	3	0	3000
Picture	22	hit	1	4762	4	1188299	2	3154	3	0	3000
Picture	22	hit	1	4131	3	1198921	2	3154	3	0	3000
Picture	22	hit	1	5877	3	1207054	1	3153	2	0	3000
Picture	33	miss				1215850	1	3154	2	0	3000
Picture	22	hit	1	3885	3	1226306	2	3154	3	0	3000
Picture	22	hit	1	3249	3	1236430	2	3154	3	0	3000
Picture	22	hit	1	4770	2	1244729	1	3153	3	0	3000
Picture	33	miss				1254521	1	3153	3	0	3000
Picture	22	hit	1	2644	3	1264645	2	3154	3	0	3000
Picture	22	hit	1	3664	3	1272944	1	3153	2	0	3000
Picture	22	hit	1	2805	3	1284064	1	3153	2	0	3000
Picture	22	hit	1	3921	2	1293358	1	3153	3	0	3000
Picture	22	hit	1	4716	3	1303150	2	3154	3	0	3000
Picture	33	miss				1311947	1	3153	2	0	3000
Picture	22	hit	1	3727	3	1321241	1	3153	2	0	3000
Picture	33	hit	1	3271	2	1330867	1	3154	2	0	3000
Picture	22	hit	1	3100	2	1339332	1	3153	2	0	3000
Picture	33	hit	1	3070	2	1349622	1	3153	2	0	3000
Picture	22	hit	1	2515	2	1360410	1	3153	2	0	3000
Picture	22	hit	1	3045	2	1369372	1	3153	3	0	3000
Picture	22	hit	1	3078	3	1378832	2	3154	3	0	3000
Picture	33	miss				1388624	2	3154	3	0	3000
Picture	22	hit	1	2720	2	1398749	1	3153	2	0	3000
Picture	33	miss				1409869	1	3153	2	0	3000
Picture	22	hit	1	2026	2	1420657	1	3153	2	0	3000
Picture	22	hit	1	4734	2	1428955	1	3154	2	0	3000
Picture	22	hit	1	3736	2	1439743	1	3153	3	0	3000
Picture	22	hit	1	3301	2	1450531	1	3154	2	0	3000
Picture	22	hit	1	3464	2	1461485	1	3154	2	0	3000
Picture	22	hit	1	3080	2	1472605	1	3153	3	0	3000
Picture	22	hit	1	2988	3	1482895	2	3154	3	0	3000
Picture	33	miss				1491858	1	3153	2	0	3000
Picture	22	hit	1	4399	2	1501484	1	3153	2	0	3000
Picture	22	hit	1	4160	3	1509948	1	3154	2	0	3000
Picture	22	hit	1	3307	3	1518911	1	3153	2	0	3000
Picture	22	hit	1	2359	2	1528205	1	3153	2	0	3000
Picture	22	hit	1	3176	2	1538329	1	3153	3	0	3000
Picture	33	miss				1547457	2	3154	3	0	3000
Picture	22	hit	1	2404	2	1555590	1	3153	2	0	3000
Picture	33	hit	1	2838	2	1564884	1	3154	2	0	3000
Picture	22	hit	1	9198	2	1573515	1	3153	2	0	3000
Picture	22	hit	1	4757	2	1583639	1	3153	2	0	3000
Picture	22	hit	1	3198	2	1593597	1	3153	2	0	3000
Picture	33	miss				1603887	1	3153	3	0	3000
Picture	22	hit	1	2460	2	1614841	1	3153	2	0	3000
Picture	22	hit	1	2446	2	1625795	1	3153	3	0	3000
Picture	22	hit	1	2771	2	1635587	1	3154	2	0	3000
Picture	22	hit	1	4724	2	1644218	1	3153	2	0	3000
Picture	22	hit	1	4836	2	1653014	1	3153	2	0	3000
Picture	33	miss				1662640	2	3154	3	0	3000
Picture	22	hit	1	2560	3	1672432	2	3154	3	0	3000
Picture	22	hit	1	3322	3	1682723	1	3153	2	0	3000
Picture	22	hit	1	3825	2	1691685	1	3153	2	0	3000
Picture	33	miss				1701477	1	3154	2	0	3000
Picture	22	hit	1	2698	4	1710273	2	3154	3	0	3000
Picture	22	hit	1	3095	2	1720730	1	3153	2	0	3000
Picture	22	hit	1	9438	2	1729526	1	3153	2	0	3000
Picture	22	hit	1	7386	2	1739650	1	3153	3	0	3000
Picture	22	hit	1	5758	3	1747948	2	3154	3	0	3000
Picture	33	miss				1758239	1	3153	2	0	3000
Picture	22	hit	1	3165	3	1768363	1	3153	2	0	3000
Picture	22	hit	1	3062	3	1776661	2	3154	3	0	3000
Picture	22	hit	1	2667	2	1785458	1	3153	2	0	3000
Picture	22	hit	1	3330	2	1793756	1	3154	2	0	3000
Picture	22	hit	1	3366	2	1802387	1	3153	2	0	3000
Picture	33	hit	1	1263	4	1813009	1	3153	2	0	3000
Picture	22	hit	1	4327	2	1822469	1	3153	2	0	3000
Picture	22	hit	1	3822	3	1830933	2	3154	3	0	3000
Picture	22	hit	1	3312	3	1840228	1	3153	2	0	3000
Picture	22	hit	1	2886	2	1851182	1	3153	2	0	3000
Picture	22	hit	1	3189	2	1860642	1	3153	2	0	3000
Picture	22	hit	1	3236	2	1870268	1	3154	2	0	3000
Picture	22	hit	1	3528	3	1880890	1	3154	2	0	3000
Picture	33	miss				1889687	1	3153	2	0	3000
Picture	22	hit	1	2349	2	1897819	1	3153	3	0	3000
Picture	22	hit	1	1325	2	1908275	1	3154	2	0	3000
Picture	22	hit	1	2533	2	1919395	1	3153	3	0	3000
Picture	22	hit	1	2456	2	1929851	1	3154	2	0	3000
Picture	22	hit	1	2398	3	1940141	2	3154	3	0	3000
Picture	33	hit	1	2953	2	1949436	1	3153	2	0	3000
Picture	22	hit	1	2924	2	1957734	1	3153	3	0	3000
Picture	33	miss				1966032	2	3154	3	0	3000
Picture	22	hit	1	2242	4	1977152	2	3154	3	0	3000
Picture	33	miss				1987609	1	3153	2	0	3000
Picture	22	hit	1	1240	2	1997235	1	3153	2	0	3000
Picture	22	hit	1	5298	3	2005533	2	3154	3	0	3000
Picture	22	hit	1	2921	3	2014828	1	3153	2	0	3000
Picture	22	hit	1	2915	3	2025782	1	3153	2	0	3000
Picture	22	hit	1	2732	2	2035076	1	3153	2	0	3000
Picture	33	hit	1	1285	2	2045698	1	3153	2	0	3000
Picture	22	hit	1	2740	3	2054992	1	3154	2	0	3000
Picture	22	hit	1	3149	2	2063789	1	3153	2	0	3000
Picture	22	hit	1	2834	3	2072419	1	3153	3	0	3000
Picture	22	hit	1	3086	4	2081547	2	3154	3	0	3000
Picture	22	hit	1	3409	3	2092667	2	3154	3	0	3000
Picture	33	miss				2103621	1	3154	2	0	3000
Picture	22	hit	1	214	2	2114741	1	3154	2	0	3000
Picture	22	hit	1	2844	3	2124035	2	3154	3	0	3000
Picture	22	hit	1	3533	2	2133164	1	3153	2	0	3000
Picture	22	hit	1	5545	3	2141296	2	3154	3	0	3000
Picture	22	hit	1	3869	4	2152084	2	3154	3	0	3000
Picture	22	hit	1	4389	2	2161213	1	3153	2	0	3000
Picture	22	hit	1	2873	2	2172167	1	3153	2	0	3000
Picture	33	miss				2180963	1	3153	3	0	3000
Picture	22	hit	1	3068	3	2190589	2	3154	3	0	3000
Picture	22	hit	1	2679	3	2201709	1	3154	2	0	3000
Picture	22	hit	1	4362	3	2209842	1	3153	2	0	3000
Picture	33	miss				2219634	1	3153	2	0	3000
Picture	22	hit	1	2758	3	2228264	2	3154	3	0	3000
Picture	22	hit	1	4756	3	2236729	1	3153	2	0	3000
Picture	22	hit	1	5084	3	2247517	1	3153	2	0	3000
Picture	22	hit	1	5754	2	2258471	1	3153	2	0	3000
Picture	22	hit	1	4595	2	2268097	1	3153	3	0	3000
Picture	33	hit	1	7625	4	2277225	2	3154	3	0	3000
Picture	22	hit	1	9990	2	2286852	1	3153	2	0	3000
Picture	33	miss				2297474	1	3153	2	0	3000
Picture	22	hit	1	2805	2	2306934	1	3153	2	0	3000
Picture	22	hit	1	3645	2	2317888	1	3153	2	0	3000
Picture	22	hit	1	3976	2	2327016	1	3154	2	0	3000
Picture	33	hit	1	10242	2	2336145	1	3153	2	0	3000
Picture	22	hit	1	9122	2	2346601	1	3153	2	0	3000
Picture	22	miss				2355895	1	3153	2	0	3000
Picture	22	hit	1	442	2	2366019	1	3153	3	0	3000
Picture	33	miss				2375977	2	3154	3	0	3000
Picture	22	hit	1	2199	2	2384940	1	3153	2	0	3000
Picture	22	hit	1	2365	2	2394566	1	3153	2	0	3000
Picture	22	hit	1	1632	3	2405354	1	3153	2	0	3000
Picture	22	hit	1	4721	3	2415146	1	3153	3	0	3000
Picture	22	hit	1	4131	2	2424938	1	3154	2	0	3000
Picture	33	miss				2435726	2	3154	3	0	3000
Picture	22	hit	1	2352	2	2444689	1	3153	2	0	3000
Picture	22	hit	1	2687	3	2453817	1	3153	2	0	3000
Picture	22	hit	1	2700	3	2464273	1	3153	3	0	3000
Picture	22	hit	1	2697	3	2472737	2	3154	3	0	3000
Picture	22	hit	1	2576	2	2482530	1	3153	2	0	3000
Picture	33	miss				2491492	1	3153	3	0	3000
Picture	22	hit	1	2406	2	2501284	1	3154	2	0	3000
Picture	22	hit	1	755	3	2512072	2	3154	3	0	3000
Picture	22	hit	1	803	3	2522528	2	3154	3	0	3000
Picture	22	hit	1	3198	2	2530661	1	3153	2	0	3000
Picture	22	hit	1	4284	3	2539125	2	3154	3	0	3000
Picture	22	hit	1	2296	4	2549249	2	3154	3	0	3000
Picture	22	hit	1	1614	3	2559374	1	3153	2	0	3000
Picture	33	miss				2568668	1	3153	2	0	3000
Picture	22	hit	1	3139	3	2578626	1	3153	3	0	3000
Picture	22	hit	1	2607	2	2589746	1	3153	2	0	3000
Picture	22	hit	1	2565	3	2599870	1	3154	2	0	3000
Picture	22	hit	1	2292	4	2609164	2	3154	3	0	3000
Picture	22	hit	1	2171	3	2619786	2	3154	3	0	3000
Picture	33	hit	1	2601	2	2629911	1	3153	2	0	3000
Picture	22	hit	1	2974	3	2638707	1	3153	2	0	3000
Picture	33	miss				2648665	1	3154	2	0	3000
Picture	22	hit	1	2120	2	2657462	1	3153	2	0	3000
Picture	22	hit	1	4547	2	2666590	1	3153	2	0	3000
Picture	22	hit	1	3115	3	2677544	1	3153	2	0	3000
Picture	22	hit	1	3000	3	2688332	1	3153	2	0	3000
Picture	22	hit	1	3306	2	2698788	1	3153	3	0	3000
Picture	22	hit	1	4204	2	2708414	1	3154	2	0	3000
Picture	22	hit	1	3371	2	2716879	1	3153	2	0	3000
Picture	33	miss				2727335	1	3153	2	0	3000
Picture	22	hit	1	2384	2	2736131	1	3153	3	0	3000
Picture	33	miss				2744596	1	3153	2	0	3000
Picture	22	hit	1	473	2	2754388	1	3153	2	0	3000
Picture	22	hit	1	3117	2	2764014	1	3153	3	0	3000
Picture	22	hit	1	3123	2	2774802	1	3153	3	0	3000
Picture	22	hit	1	3120	2	2785922	1	3153	3	0	3000
Picture	22	hit	1	3142	2	2796378	1	3153	3	0	3000
Picture	33	miss				2806834	1	3154	2	0	3000
Picture	22	hit	1	2332	2	2817456	1	3154	2	0	3000
Picture	33	hit	1	4270	2	2826253	1	3153	2	0	3000
Picture	22	hit	1	3432	3	2836211	1	3153	2	0	3000
Picture	22	hit	1	3701	2	2844343	1	3154	2	0	3000
Picture	22	hit	1	3432	3	2854135	2	3154	3	0	3000
Picture	33	miss				2863762	1	3153	2	0	3000
Picture	22	hit	1	2802	2	2872226	1	3153	3	0	3000
Picture	22	hit	1	2680	2	2882848	1	3154	2	0	3000
Picture	22	hit	1	3012	3	2891810	2	3154	3	0	3000
Picture	22	hit	1	4916	2	2901437	1	3153	2	0	3000
Picture	22	hit	1	4000	2	2912557	1	3153	2	0	3000
Picture	33	miss				2922681	1	3153	2	0	3000
