Scenario - GO/NO-GO
Logfile written - 05/05/2011 14:10:30

Subject	Trial	Event Type	Code	Time	TTime	Uncertainty	Duration	Uncertainty	ReqTime	ReqDur

NA	2	Picture	22	289	0	2	3154	3	0	3000
NA	2	Response	1	5306	5017	1
NA	3	Picture	22	30994	0	1	3153	2	0	3000
NA	3	Response	1	34744	3750	1
NA	4	Picture	22	59541	0	1	3153	2	0	3000
NA	4	Response	1	62319	2778	1
NA	5	Picture	33	88419	0	2	3154	3	0	3000
NA	6	Picture	22	124767	0	1	3153	2	0	3000
NA	6	Response	1	127572	2805	2
NA	7	Picture	22	163769	0	2	3154	3	0	3000
NA	7	Response	1	166791	3022	1
NA	8	Picture	22	192814	0	1	3153	3	0	3000
NA	8	Response	1	196610	3796	1
NA	9	Picture	33	228000	0	1	3153	2	0	3000
NA	10	Picture	22	262023	0	2	3154	3	0	3000
NA	10	Response	1	265676	3653	1
NA	11	Picture	22	295549	0	2	3154	3	0	3000
NA	11	Response	1	298621	3072	2
NA	12	Picture	22	334884	0	1	3153	3	0	3000
NA	12	Response	1	338226	3342	1
NA	13	Picture	22	370070	0	1	3153	2	0	3000
NA	13	Response	1	373739	3669	1
NA	14	Picture	22	405587	0	1	3153	3	0	3000
NA	14	Response	1	410228	4641	1
NA	15	Picture	33	441104	0	2	3154	3	0	3000
NA	16	Picture	22	471477	0	1	3153	3	0	3000
NA	16	Response	1	475261	3784	1
NA	17	Picture	22	506331	0	1	3153	2	0	3000
NA	17	Response	1	509601	3270	1
NA	18	Picture	22	535541	0	1	3154	2	0	3000
NA	18	Response	1	539426	3885	1
NA	19	Picture	22	574710	0	1	3153	3	0	3000
NA	19	Response	1	578320	3610	1
NA	20	Picture	22	611721	0	1	3154	2	0	3000
NA	20	Response	1	616765	5044	1
NA	21	Picture	33	650724	0	1	3153	3	0	3000
NA	22	Picture	22	679437	0	1	3153	2	0	3000
NA	22	Response	1	684697	5260	1
NA	23	Picture	22	711967	0	1	3153	2	0	3000
NA	23	Response	1	716907	4940	2
NA	24	Picture	22	747650	0	1	3154	2	0	3000
NA	24	Response	1	752926	5276	1
NA	25	Picture	22	780014	0	2	3154	3	0	3000
NA	25	Response	1	786500	6486	1
NA	26	Picture	22	812876	0	1	3154	2	0	3000
NA	26	Response	1	818265	5389	1
NA	27	Picture	33	841091	0	1	3153	3	0	3000
NA	28	Picture	22	876774	0	2	3154	3	0	3000
NA	28	Response	1	882863	6089	1
NA	29	Picture	22	904823	0	2	3154	3	0	3000
NA	29	Response	1	910647	5824	1
NA	30	Picture	22	943992	0	1	3154	2	0	3000
NA	30	Response	1	948965	4973	1
NA	31	Picture	33	980008	0	1	3153	2	0	3000
NA	32	Picture	22	1018512	0	2	3154	3	0	3000
NA	32	Response	1	1021380	2868	1
NA	33	Picture	22	1058179	0	1	3154	2	0	3000
NA	33	Response	1	1061859	3680	2
NA	34	Picture	22	1098178	0	1	3153	2	0	3000
NA	34	Response	1	1101416	3238	1
NA	35	Picture	22	1130376	0	1	3153	2	0	3000
NA	35	Response	1	1135072	4696	2
NA	36	Picture	22	1169711	0	1	3153	2	0	3000
NA	36	Response	1	1172891	3180	2
NA	37	Picture	22	1206722	0	1	3153	2	0	3000
NA	37	Response	1	1210892	4170	1
NA	38	Picture	22	1243235	0	1	3154	2	0	3000
NA	38	Response	1	1246736	3501	2
NA	39	Picture	33	1280412	0	2	3154	3	0	3000
NA	40	Picture	22	1313108	0	2	3154	3	0	3000
NA	40	Response	1	1318242	5134	1
NA	41	Picture	22	1347796	0	1	3153	3	0	3000
NA	41	Response	1	1351950	4154	1
NA	42	Picture	22	1383645	0	2	3154	3	0	3000
NA	42	Response	1	1387852	4207	1
NA	43	Picture	22	1414516	0	1	3153	2	0	3000
NA	43	Response	1	1419335	4819	1
NA	44	Picture	22	1445884	0	1	3153	2	0	3000
NA	44	Response	1	1448771	2887	1
NA	45	Picture	33	1477086	0	1	3154	2	0	3000
NA	46	Picture	22	1507957	0	1	3153	2	0	3000
NA	46	Response	1	1511516	3559	1
NA	47	Picture	22	1539159	0	1	3153	2	0	3000
NA	47	Response	1	1543256	4097	1
NA	48	Picture	22	1571689	0	1	3153	2	0	3000
NA	48	Response	1	1575713	4024	1
NA	49	Picture	33	1605713	0	1	3153	2	0	3000
NA	49	Response	1	1610100	4387	2
NA	50	Picture	22	1640732	0	1	3154	2	0	3000
NA	50	Response	1	1644189	3457	2
NA	51	Picture	22	1678407	0	1	3154	2	0	3000
NA	51	Response	1	1681830	3423	1
NA	52	Picture	22	1716414	0	2	3154	3	0	3000
NA	52	Response	1	1720625	4211	1
NA	53	Picture	22	1748114	0	2	3154	3	0	3000
NA	53	Response	1	1753192	5078	1
NA	54	Picture	22	1784794	0	1	3153	2	0	3000
NA	54	Response	1	1787952	3158	1
NA	55	Picture	33	1819813	0	2	3154	3	0	3000
NA	56	Picture	22	1856327	0	1	3153	2	0	3000
NA	56	Response	1	1862583	6256	1
NA	57	Picture	22	1887529	0	1	3153	2	0	3000
NA	57	Response	1	1894141	6612	1
NA	58	Picture	22	1925536	0	1	3153	2	0	3000
NA	58	Response	1	1930213	4677	1
NA	59	Picture	33	1958564	0	1	3153	2	0	3000
NA	60	Picture	22	1996737	0	1	3153	2	0	3000
NA	60	Response	1	2000238	3501	1
NA	61	Picture	22	2033416	0	1	3153	3	0	3000
NA	61	Response	1	2037940	4524	1
NA	62	Picture	22	2071257	0	1	3154	2	0	3000
NA	62	Response	1	2074399	3142	2
NA	63	Picture	22	2105115	0	1	3153	2	0	3000
NA	63	Response	1	2109261	4146	1
NA	64	Picture	22	2137977	0	1	3153	2	0	3000
NA	64	Response	1	2142089	4112	2
NA	65	Picture	33	2172498	0	2	3154	3	0	3000
NA	66	Picture	22	2205195	0	1	3153	2	0	3000
NA	66	Response	1	2210436	5241	1
NA	67	Picture	33	2240712	0	1	3153	3	0	3000
NA	68	Picture	22	2276395	0	2	3154	3	0	3000
NA	68	Response	1	2279251	2856	2
NA	69	Picture	22	2315232	0	2	3154	3	0	3000
NA	69	Response	1	2318987	3755	1
NA	70	Picture	22	2348758	0	1	3154	2	0	3000
NA	70	Response	1	2353629	4871	1
NA	71	Picture	22	2384608	0	1	3153	2	0	3000
NA	71	Response	1	2388675	4067	1
NA	72	Picture	22	2417636	0	1	3153	2	0	3000
NA	72	Response	1	2421597	3961	2
NA	73	Picture	33	2453817	0	1	3153	2	0	3000
NA	74	Picture	22	2482862	0	1	3153	2	0	3000
NA	74	Response	1	2486975	4113	1
NA	75	Picture	22	2512404	0	1	3153	3	0	3000
NA	75	Response	1	2516116	3712	2
NA	76	Picture	22	2547424	0	1	3153	2	0	3000
NA	76	Response	1	2550871	3447	2
NA	77	Picture	22	2585431	0	1	3153	2	0	3000
NA	77	Response	1	2589558	4127	1
NA	78	Picture	22	2614807	0	2	3154	3	0	3000
NA	78	Response	1	2618442	3635	2
NA	79	Picture	33	2648665	0	1	3153	3	0	3000
NA	80	Picture	22	2682855	0	1	3153	2	0	3000
NA	80	Response	1	2687027	4172	1
NA	81	Picture	22	2718538	0	2	3154	3	0	3000
NA	81	Response	1	2722307	3769	2
NA	82	Picture	22	2758371	0	1	3153	2	0	3000
NA	82	Response	1	2762252	3881	2
NA	83	Picture	22	2798370	0	1	3153	2	0	3000
NA	83	Response	1	2800876	2506	2
NA	84	Picture	22	2837870	0	2	3154	3	0	3000
NA	84	Response	1	2842149	4279	1
NA	85	Picture	33	2873886	0	1	3153	2	0	3000
NA	86	Picture	22	2906250	0	1	3153	2	0	3000
NA	86	Response	1	2909406	3156	1
NA	87	Picture	33	2936124	0	2	3154	3	0	3000
NA	88	Picture	22	2973135	0	2	3154	3	0	3000
NA	88	Response	1	2977073	3938	1
NA	89	Picture	22	3010976	0	2	3154	3	0	3000
NA	89	Response	1	3015543	4567	1
NA	90	Picture	22	3042013	0	1	3153	2	0	3000
NA	90	Response	1	3048981	6968	2
NA	91	Picture	33	3071555	0	2	3154	3	0	3000
NA	92	Picture	22	3103753	0	2	3154	3	0	3000
NA	92	Response	1	3107257	3504	1
NA	93	Picture	22	3138939	0	1	3153	3	0	3000
NA	93	Response	1	3145397	6458	2
NA	94	Picture	22	3168316	0	1	3153	2	0	3000
NA	94	Response	1	3172082	3766	89
NA	95	Picture	33	3203003	0	2	3154	3	0	3000
NA	96	Picture	22	3241840	0	1	3154	2	0	3000
NA	96	Response	1	3246385	4545	1
NA	97	Picture	22	3276196	0	1	3153	2	0	3000
NA	97	Response	1	3281457	5261	2
NA	98	Picture	22	3305738	0	2	3154	3	0	3000
NA	98	Response	1	3312337	6599	1
NA	99	Picture	33	3337273	0	1	3153	2	0	3000
NA	100	Picture	22	3365985	0	2	3154	3	0	3000
NA	100	Response	1	3369257	3272	1
NA	101	Picture	22	3399677	0	1	3154	2	0	3000
NA	101	Response	1	3405421	5744	1
NA	102	Picture	22	3428390	0	1	3153	2	0	3000
NA	102	Response	1	3434245	5855	1
NA	103	Picture	33	3457435	0	1	3153	2	0	3000
NA	104	Picture	22	3495607	0	2	3154	3	0	3000
NA	104	Response	1	3498837	3230	1
NA	105	Picture	22	3533615	0	1	3153	2	0	3000
NA	105	Response	1	3537364	3749	1
NA	106	Picture	22	3562327	0	2	3154	3	0	3000
NA	106	Response	1	3569338	7011	1
NA	107	Picture	22	3601828	0	1	3153	3	0	3000
NA	107	Response	1	3605056	3228	1
NA	108	Picture	22	3630043	0	1	3153	2	0	3000
NA	108	Response	1	3634991	4948	1
NA	109	Picture	33	3659585	0	2	3154	3	0	3000
NA	110	Picture	22	3688962	0	1	3153	3	0	3000
NA	110	Response	1	3693554	4592	2
NA	111	Picture	22	3725973	0	2	3153	4	0	3000
NA	111	Response	1	3730281	4308	1
NA	112	Picture	22	3764644	0	1	3154	2	0	3000
NA	112	Response	1	3768898	4254	1
NA	113	Picture	22	3793855	0	1	3153	2	0	3000
NA	113	Response	1	3798123	4268	1
NA	114	Picture	22	3830534	0	2	3153	4	0	3000
NA	114	Response	1	3834841	4307	2
NA	115	Picture	33	3866051	0	2	3154	3	0	3000
NA	116	Picture	22	3897918	0	1	3153	2	0	3000
NA	116	Response	1	3904101	6183	1
NA	117	Picture	22	3934265	0	1	3153	3	0	3000
NA	117	Response	1	3938868	4603	1
NA	118	Picture	22	3969119	0	1	3153	2	0	3000
NA	118	Response	1	3974355	5236	1
NA	119	Picture	22	3997333	0	2	3154	3	0	3000
NA	119	Response	1	4001781	4448	1
NA	120	Picture	22	4026876	0	1	3153	3	0	3000
NA	120	Response	1	4030656	3780	1
NA	121	Picture	33	4061564	0	1	3153	2	0	3000
NA	122	Picture	22	4100898	0	2	3154	3	0	3000
NA	122	Response	1	4105640	4742	1
NA	123	Picture	22	4134258	0	2	3154	3	0	3000
NA	123	Response	1	4138166	3908	2
NA	124	Picture	22	4172431	0	2	3154	3	0	3000
NA	124	Response	1	4176070	3639	1
NA	125	Picture	33	4204463	0	2	3154	3	0	3000
NA	126	Picture	22	4242304	0	2	3154	3	0	3000
NA	126	Response	1	4245624	3320	1
NA	127	Picture	22	4280809	0	2	3154	3	0	3000
NA	127	Response	1	4285302	4493	1
NA	128	Picture	22	4315995	0	1	3153	2	0	3000
NA	128	Response	1	4320460	4465	1
NA	129	Picture	33	4348857	0	1	3153	2	0	3000
NA	130	Picture	22	4384706	0	2	3154	3	0	3000
NA	130	Response	1	4387564	2858	1
NA	131	Picture	22	4419892	0	1	3153	2	0	3000
NA	131	Response	1	4424054	4162	1
NA	132	Picture	22	4450596	0	1	3154	2	0	3000
NA	132	Response	1	4454137	3541	1
NA	133	Picture	22	4485782	0	1	3153	2	0	3000
NA	133	Response	1	4489566	3784	1
NA	134	Picture	22	4514494	0	2	3154	3	0	3000
NA	134	Response	1	4523044	8550	1
NA	135	Picture	33	4543207	0	2	3154	3	0	3000
NA	136	Picture	22	4579056	0	2	3154	3	0	3000
NA	136	Response	1	4583237	4181	1
NA	137	Picture	22	4609595	0	1	3153	3	0	3000
NA	137	Response	1	4613499	3904	2
NA	138	Picture	22	4642789	0	1	3153	2	0	3000
NA	138	Response	1	4646176	3387	1
NA	139	Picture	22	4677477	0	1	3153	2	0	3000
NA	139	Response	1	4682392	4915	1
NA	140	Picture	22	4707517	0	1	3153	3	0	3000
NA	140	Response	1	4712025	4508	1
NA	141	Picture	22	4744196	0	2	3154	3	0	3000
NA	141	Response	1	4748182	3986	1
NA	142	Picture	22	4779548	0	1	3153	2	0	3000
NA	142	Response	1	4784380	4832	1
NA	143	Picture	33	4814733	0	2	3154	3	0	3000
NA	144	Picture	22	4853902	0	1	3154	2	0	3000
NA	144	Response	1	4857585	3683	1
NA	145	Picture	22	4881951	0	1	3153	3	0	3000
NA	145	Response	1	4887960	6009	1
NA	146	Picture	22	4913319	0	2	3154	3	0	3000
NA	146	Response	1	4921345	8026	2
NA	147	Picture	33	4944190	0	1	3153	2	0	3000
NA	148	Picture	22	4983358	0	2	3154	3	0	3000
NA	148	Response	1	4986665	3307	1
NA	149	Picture	33	5011739	0	1	3154	2	0	3000
NA	150	Picture	22	5044103	0	2	3154	3	0	3000
NA	150	Response	1	5047050	2947	2
NA	151	Picture	33	5079621	0	1	3153	2	0	3000
NA	152	Response	1	5548261	432459	2
NA	154	Picture	22	5558443	0	1	3153	2	0	3000
NA	154	Response	1	5564811	6368	1
NA	155	Picture	22	5595288	0	1	3153	3	0	3000
NA	155	Response	1	5599294	4006	1
NA	156	Picture	22	5628482	0	1	3153	3	0	3000
NA	156	Response	1	5633504	5022	1
NA	157	Picture	22	5667319	0	1	3153	2	0	3000
NA	157	Response	1	5671077	3758	2
NA	158	Picture	22	5705990	0	1	3153	2	0	3000
NA	158	Response	1	5709034	3044	1
NA	159	Picture	33	5741009	0	2	3154	3	0	3000
NA	160	Picture	22	5778186	0	2	3154	3	0	3000
NA	160	Response	1	5782326	4140	1
NA	161	Picture	22	5812708	0	1	3154	2	0	3000
NA	161	Response	1	5816301	3593	1
NA	162	Picture	22	5842085	0	1	3153	2	0	3000
NA	162	Response	1	5845677	3592	1
NA	163	Picture	22	5881585	0	2	3154	3	0	3000
NA	163	Response	1	5885106	3521	1
NA	164	Picture	22	5914281	0	2	3154	3	0	3000
NA	164	Response	1	5919053	4772	1
NA	165	Picture	33	5951293	0	1	3153	2	0	3000
NA	166	Picture	22	5983989	0	1	3153	2	0	3000
NA	166	Response	1	5988016	4027	1
NA	167	Picture	22	6018344	0	2	3154	3	0	3000
NA	167	Response	1	6024264	5920	1
NA	168	Picture	22	6049713	0	1	3153	2	0	3000
NA	168	Response	1	6055443	5730	1
NA	169	Picture	33	6078923	0	2	3154	3	0	3000
NA	170	Picture	22	6115437	0	1	3153	2	0	3000
NA	170	Response	1	6120385	4948	1
NA	171	Picture	22	6154273	0	2	3154	3	0	3000
NA	171	Response	1	6158730	4457	1
NA	172	Picture	22	6191451	0	1	3153	2	0	3000
NA	172	Response	1	6195454	4003	1
NA	173	Picture	33	6225142	0	2	3154	3	0	3000
NA	173	Response	1	6229552	4410	1
NA	174	Picture	22	6265141	0	1	3154	2	0	3000
NA	174	Response	1	6269918	4777	1
NA	175	Picture	22	6301986	0	2	3154	3	0	3000
NA	175	Response	1	6307352	5366	1
NA	176	Picture	22	6333687	0	1	3153	2	0	3000
NA	176	Response	1	6337845	4158	1
NA	177	Picture	22	6368540	0	1	3154	2	0	3000
NA	177	Response	1	6371696	3156	2
NA	178	Picture	22	6403892	0	1	3153	2	0	3000
NA	178	Response	1	6408500	4608	1
NA	179	Picture	33	6441567	0	1	3153	2	0	3000
NA	180	Picture	22	6474761	0	1	3153	2	0	3000
NA	180	Response	1	6479932	5171	1
NA	181	Picture	22	6514095	0	2	3154	3	0	3000
NA	181	Response	1	6518036	3941	1
NA	182	Picture	22	6552268	0	2	3154	3	0	3000
NA	182	Response	1	6555934	3666	1
NA	183	Picture	33	6592267	0	1	3153	3	0	3000
NA	184	Picture	22	6623303	0	2	3154	3	0	3000
NA	184	Response	1	6627752	4449	1
NA	185	Picture	22	6658655	0	1	3153	2	0	3000
NA	185	Response	1	6665540	6885	2
NA	186	Picture	22	6691185	0	1	3153	2	0	3000
NA	186	Response	1	6695671	4486	1
NA	187	Picture	22	6726370	0	2	3154	3	0	3000
NA	187	Response	1	6729909	3539	2
NA	188	Picture	22	6757573	0	1	3153	2	0	3000
NA	188	Response	1	6761348	3775	1
NA	189	Picture	33	6789937	0	1	3153	2	0	3000
NA	189	Response	1	6793378	3441	1
NA	190	Picture	22	6825786	0	1	3154	2	0	3000
NA	190	Response	1	6829653	3867	1
NA	191	Picture	33	6855827	0	1	3153	2	0	3000
NA	192	Picture	22	6890680	0	2	3154	3	0	3000
NA	192	Response	1	6894632	3952	1
NA	193	Picture	33	6924372	0	1	3154	2	0	3000
NA	194	Picture	22	6956238	0	1	3154	2	0	3000
NA	194	Response	1	6960045	3807	1
NA	195	Picture	33	6986279	0	1	3153	2	0	3000
NA	196	Picture	22	7016651	0	1	3154	2	0	3000
NA	196	Response	1	7019615	2964	2
NA	197	Picture	22	7048517	0	2	3154	3	0	3000
NA	197	Response	1	7054002	5485	1
NA	198	Picture	22	7087022	0	2	3154	3	0	3000
NA	198	Response	1	7090927	3905	1
NA	199	Picture	33	7121212	0	1	3153	3	0	3000
NA	200	Picture	22	7154074	0	1	3153	3	0	3000
NA	200	Response	1	7158240	4166	1
NA	201	Picture	22	7185442	0	1	3154	2	0	3000
NA	201	Response	1	7190146	4704	1
NA	202	Picture	22	7215649	0	1	3153	2	0	3000
NA	202	Response	1	7219925	4276	2
NA	203	Picture	33	7247349	0	1	3153	2	0	3000
NA	203	Response	1	7277840	30491	1
NA	204	Picture	22	7277887	0	1	3154	2	0	3000
NA	205	Picture	22	7308260	0	1	3153	2	0	3000
NA	205	Response	1	7314522	6262	1
NA	206	Picture	22	7337304	0	2	3154	3	0	3000
NA	206	Response	1	7340674	3370	1
NA	207	Picture	33	7373486	0	1	3153	2	0	3000
NA	208	Picture	22	7405186	0	1	3153	2	0	3000
NA	208	Response	1	7410466	5280	1
NA	209	Picture	22	7439044	0	1	3153	2	0	3000
NA	209	Response	1	7445177	6133	2
NA	210	Picture	22	7469748	0	1	3153	3	0	3000
NA	210	Response	1	7474929	5181	1
NA	211	Picture	22	7505929	0	2	3154	3	0	3000
NA	211	Response	1	7510318	4389	1
NA	212	Picture	22	7543273	0	1	3153	2	0	3000
NA	212	Response	1	7548989	5716	2
NA	213	Picture	33	7577960	0	1	3154	2	0	3000
NA	214	Picture	22	7615303	0	2	3154	3	0	3000
NA	214	Response	1	7620186	4883	1
NA	215	Picture	22	7644514	0	1	3153	3	0	3000
NA	215	Response	1	7651232	6718	1
NA	216	Picture	22	7675716	0	1	3154	2	0	3000
NA	216	Response	1	7679712	3996	1
NA	217	Picture	22	7709076	0	1	3153	3	0	3000
NA	217	Response	1	7712893	3817	1
NA	218	Picture	22	7745589	0	2	3154	3	0	3000
NA	218	Response	1	7747896	2307	1
NA	219	Picture	22	7780443	0	1	3153	3	0	3000
NA	219	Response	1	7784250	3807	1
NA	220	Picture	22	7811479	0	2	3154	3	0	3000
NA	220	Response	1	7819126	7647	1
NA	221	Picture	33	7840856	0	1	3153	2	0	3000
NA	222	Picture	22	7880191	0	1	3153	2	0	3000
NA	222	Response	1	7883702	3511	1
NA	223	Picture	22	7913882	0	2	3154	3	0	3000
NA	223	Response	1	7918155	4273	1
NA	224	Picture	22	7949234	0	1	3153	3	0	3000
NA	224	Response	1	7953509	4275	1
NA	225	Picture	22	7978943	0	1	3153	2	0	3000
NA	225	Response	1	7984448	5505	1
NA	226	Picture	22	8018277	0	2	3154	3	0	3000
NA	226	Response	1	8022850	4573	1
NA	227	Picture	22	8052135	0	1	3153	3	0	3000
NA	227	Response	1	8054929	2794	1
NA	228	Picture	22	8082176	0	1	3153	2	0	3000
NA	228	Response	1	8086567	4391	2
NA	229	Picture	33	8118357	0	1	3153	2	0	3000
NA	230	Picture	22	8149559	0	1	3154	2	0	3000
NA	230	Response	1	8153519	3960	1
NA	231	Picture	33	8187068	0	2	3154	3	0	3000
NA	232	Picture	22	8223084	0	1	3153	2	0	3000
NA	232	Response	1	8227580	4496	1
NA	233	Picture	22	8258933	0	1	3154	2	0	3000
NA	233	Response	1	8263444	4511	1
NA	234	Picture	22	8288808	0	1	3153	2	0	3000
NA	234	Response	1	8294315	5507	2
NA	235	Picture	22	8324159	0	1	3154	2	0	3000
NA	235	Response	1	8327699	3540	1
NA	236	Picture	22	8357519	0	1	3153	3	0	3000
NA	236	Response	1	8361094	3575	1
NA	237	Picture	33	8388555	0	2	3154	3	0	3000
NA	238	Picture	22	8416936	0	1	3154	2	0	3000
NA	238	Response	1	8420843	3907	1
NA	239	Picture	33	8452952	0	1	3153	2	0	3000
NA	240	Picture	22	8491124	0	2	3154	3	0	3000
NA	240	Response	1	8495937	4813	1
NA	241	Picture	22	8520003	0	1	3154	2	0	3000
NA	241	Response	1	8525185	5182	1
NA	242	Picture	22	8550708	0	1	3153	2	0	3000
NA	242	Response	1	8555169	4461	2
NA	243	Picture	33	8590706	0	2	3154	3	0	3000
NA	243	Response	1	8594126	3420	1
NA	244	Picture	22	8621743	0	1	3153	2	0	3000
NA	244	Response	1	8626366	4623	1
NA	245	Picture	22	8654273	0	1	3153	2	0	3000
NA	245	Response	1	8659185	4912	1
NA	246	Picture	22	8689126	0	1	3154	2	0	3000
NA	246	Response	1	8693391	4265	1
NA	247	Picture	22	8721656	0	1	3154	2	0	3000
NA	247	Response	1	8725441	3785	1
NA	248	Picture	22	8757838	0	1	3153	2	0	3000
NA	248	Response	1	8761685	3847	2
NA	249	Picture	22	8791363	0	2	3154	3	0	3000
NA	249	Response	1	8796283	4920	1
NA	250	Picture	22	8827213	0	1	3153	2	0	3000
NA	250	Response	1	8830956	3743	1
NA	251	Picture	33	8855428	0	1	3153	2	0	3000
NA	252	Picture	22	8889783	0	2	3154	3	0	3000
NA	252	Response	1	8893759	3976	1
NA	253	Picture	22	8923973	0	1	3153	3	0	3000
NA	253	Response	1	8927435	3462	1
NA	254	Picture	22	8961648	0	1	3154	2	0	3000
NA	254	Response	1	8967156	5508	1
NA	255	Picture	22	8994344	0	1	3154	2	0	3000
NA	255	Response	1	9001068	6724	2
NA	256	Picture	22	9031687	0	2	3154	3	0	3000
NA	256	Response	1	9036869	5182	1
NA	257	Picture	33	9068699	0	1	3153	2	0	3000
NA	258	Picture	22	9106208	0	1	3153	2	0	3000
NA	258	Response	1	9109890	3682	1
NA	259	Picture	22	9134754	0	2	3154	3	0	3000
NA	259	Response	1	9139635	4881	1
NA	260	Picture	22	9172927	0	2	3154	3	0	3000
NA	260	Response	1	9176374	3447	2
NA	261	Picture	22	9211764	0	2	3154	3	0	3000
NA	261	Response	1	9215509	3745	1
NA	262	Picture	22	9251099	0	1	3153	3	0	3000
NA	262	Response	1	9254555	3456	1
NA	263	Picture	33	9287114	0	2	3154	3	0	3000
NA	264	Picture	22	9315329	0	2	3154	3	0	3000
NA	264	Response	1	9320815	5486	1
NA	265	Picture	22	9345536	0	1	3153	2	0	3000
NA	265	Response	1	9350680	5144	2
NA	266	Picture	22	9379891	0	2	3154	3	0	3000
NA	266	Response	1	9383882	3991	2
NA	267	Picture	33	9413915	0	1	3154	2	0	3000
NA	268	Picture	22	9446279	0	1	3154	2	0	3000
NA	268	Response	1	9449966	3687	1
NA	269	Picture	22	9477813	0	2	3154	3	0	3000
NA	269	Response	1	9482990	5177	1
NA	270	Picture	22	9511007	0	2	3154	3	0	3000
NA	270	Response	1	9516219	5212	1
NA	271	Picture	33	9543371	0	2	3154	3	0	3000
NA	272	Picture	22	9575238	0	1	3153	2	0	3000
NA	272	Response	1	9579001	3763	2
NA	273	Picture	22	9605278	0	1	3153	3	0	3000
NA	273	Response	1	9611172	5894	2
NA	274	Picture	22	9641293	0	2	3154	3	0	3000
NA	274	Response	1	9645173	3880	2
NA	275	Picture	33	9678637	0	1	3153	2	0	3000
NA	276	Picture	22	9715316	0	1	3153	2	0	3000
NA	276	Response	1	9718929	3613	1
NA	277	Picture	22	9753987	0	1	3153	2	0	3000
NA	277	Response	1	9757268	3281	2
NA	278	Picture	22	9791330	0	1	3153	2	0	3000
NA	278	Response	1	9794392	3062	2
NA	279	Picture	33	9822034	0	1	3154	2	0	3000
NA	279	Response	1	9825579	3545	1
NA	280	Picture	22	9859377	0	2	3154	3	0	3000
NA	280	Response	1	9863998	4621	2
NA	281	Picture	22	9892737	0	2	3154	3	0	3000
NA	281	Response	1	9898471	5734	1
NA	282	Picture	22	9921450	0	1	3153	3	0	3000
NA	282	Response	1	9925886	4436	1
NA	283	Picture	22	9951656	0	2	3154	3	0	3000
NA	283	Response	1	9955664	4008	1
NA	284	Picture	22	9986510	0	1	3153	3	0	3000
NA	284	Response	1	9990172	3662	1
NA	285	Picture	33	10019538	0	1	3153	3	0	3000
NA	286	Picture	22	10048417	0	1	3153	2	0	3000
NA	286	Response	1	10051594	3177	1
NA	287	Picture	22	10087420	0	1	3153	2	0	3000
NA	287	Response	1	10091050	3630	1
NA	288	Picture	22	10125261	0	1	3153	2	0	3000
NA	288	Response	1	10128149	2888	1
NA	289	Picture	33	10162604	0	1	3153	2	0	3000
NA	289	Response	1	10165454	2850	2
NA	290	Picture	22	10191150	0	2	3154	3	0	3000
NA	290	Response	1	10196805	5655	1
NA	291	Picture	22	10222021	0	1	3153	2	0	3000
NA	291	Response	1	10225638	3617	2
NA	292	Picture	22	10250899	0	2	3154	3	0	3000
NA	292	Response	1	10254407	3508	1
NA	293	Picture	33	10279944	0	1	3154	2	0	3000
NA	294	Picture	22	10312308	0	1	3154	2	0	3000
NA	294	Response	1	10315968	3660	2
NA	295	Picture	22	10341685	0	1	3153	2	0	3000
NA	295	Response	1	10345216	3531	1
NA	296	Picture	22	10371227	0	2	3154	3	0	3000
NA	296	Response	1	10375402	4175	1
NA	297	Picture	33	10410230	0	2	3154	3	0	3000
NA	298	Picture	22	10441101	0	1	3153	2	0	3000
NA	298	Response	1	10446411	5310	2
NA	299	Picture	22	10469647	0	2	3154	3	0	3000
NA	299	Response	1	10475984	6337	1
NA	300	Picture	22	10504833	0	1	3153	2	0	3000
NA	300	Response	1	10510573	5740	1
NA	301	Picture	33	10538525	0	1	3153	2	0	3000
NA	302	Picture	22	10572880	0	2	3154	3	0	3000
NA	302	Response	1	10576896	4016	1
NA	303	Picture	22	10611551	0	2	3154	3	0	3000
NA	303	Response	1	10617504	5953	1
NA	304	Picture	22	10644413	0	2	3154	3	0	3000
NA	304	Response	1	10650135	5722	1
NA	305	Picture	22	10680927	0	1	3153	2	0	3000
NA	305	Response	1	10686177	5250	1
NA	306	Picture	22	10714120	0	2	3154	3	0	3000
NA	306	Response	1	10718642	4522	1
NA	307	Picture	22	10746153	0	1	3153	2	0	3000
NA	307	Response	1	10750901	4748	1
NA	308	Picture	22	10783496	0	1	3153	2	0	3000
NA	308	Response	1	10788822	5326	1
NA	309	Picture	33	10814864	0	1	3153	3	0	3000


Event Type	Code	Type	Response	RT	RT Uncertainty	Time	Uncertainty	Duration	Uncertainty	ReqTime	ReqDur

Picture	22	hit	1	5017	3	289	2	3154	3	0	3000
Picture	22	hit	1	3750	2	30994	1	3153	2	0	3000
Picture	22	hit	1	2778	2	59541	1	3153	2	0	3000
Picture	33	miss				88419	2	3154	3	0	3000
Picture	22	hit	1	2805	3	124767	1	3153	2	0	3000
Picture	22	hit	1	3022	3	163769	2	3154	3	0	3000
Picture	22	hit	1	3796	2	192814	1	3153	3	0	3000
Picture	33	miss				228000	1	3153	2	0	3000
Picture	22	hit	1	3653	3	262023	2	3154	3	0	3000
Picture	22	hit	1	3072	4	295549	2	3154	3	0	3000
Picture	22	hit	1	3342	2	334884	1	3153	3	0	3000
Picture	22	hit	1	3669	2	370070	1	3153	2	0	3000
Picture	22	hit	1	4641	2	405587	1	3153	3	0	3000
Picture	33	miss				441104	2	3154	3	0	3000
Picture	22	hit	1	3784	2	471477	1	3153	3	0	3000
Picture	22	hit	1	3270	2	506331	1	3153	2	0	3000
Picture	22	hit	1	3885	2	535541	1	3154	2	0	3000
Picture	22	hit	1	3610	2	574710	1	3153	3	0	3000
Picture	22	hit	1	5044	2	611721	1	3154	2	0	3000
Picture	33	miss				650724	1	3153	3	0	3000
Picture	22	hit	1	5260	2	679437	1	3153	2	0	3000
Picture	22	hit	1	4940	3	711967	1	3153	2	0	3000
Picture	22	hit	1	5276	2	747650	1	3154	2	0	3000
Picture	22	hit	1	6486	3	780014	2	3154	3	0	3000
Picture	22	hit	1	5389	2	812876	1	3154	2	0	3000
Picture	33	miss				841091	1	3153	3	0	3000
Picture	22	hit	1	6089	3	876774	2	3154	3	0	3000
Picture	22	hit	1	5824	3	904823	2	3154	3	0	3000
Picture	22	hit	1	4973	2	943992	1	3154	2	0	3000
Picture	33	miss				980008	1	3153	2	0	3000
Picture	22	hit	1	2868	3	1018512	2	3154	3	0	3000
Picture	22	hit	1	3680	3	1058179	1	3154	2	0	3000
Picture	22	hit	1	3238	2	1098178	1	3153	2	0	3000
Picture	22	hit	1	4696	3	1130376	1	3153	2	0	3000
Picture	22	hit	1	3180	3	1169711	1	3153	2	0	3000
Picture	22	hit	1	4170	2	1206722	1	3153	2	0	3000
Picture	22	hit	1	3501	3	1243235	1	3154	2	0	3000
Picture	33	miss				1280412	2	3154	3	0	3000
Picture	22	hit	1	5134	3	1313108	2	3154	3	0	3000
Picture	22	hit	1	4154	2	1347796	1	3153	3	0	3000
Picture	22	hit	1	4207	3	1383645	2	3154	3	0	3000
Picture	22	hit	1	4819	2	1414516	1	3153	2	0	3000
Picture	22	hit	1	2887	2	1445884	1	3153	2	0	3000
Picture	33	miss				1477086	1	3154	2	0	3000
Picture	22	hit	1	3559	2	1507957	1	3153	2	0	3000
Picture	22	hit	1	4097	2	1539159	1	3153	2	0	3000
Picture	22	hit	1	4024	2	1571689	1	3153	2	0	3000
Picture	33	hit	1	4387	3	1605713	1	3153	2	0	3000
Picture	22	hit	1	3457	3	1640732	1	3154	2	0	3000
Picture	22	hit	1	3423	2	1678407	1	3154	2	0	3000
Picture	22	hit	1	4211	3	1716414	2	3154	3	0	3000
Picture	22	hit	1	5078	3	1748114	2	3154	3	0	3000
Picture	22	hit	1	3158	2	1784794	1	3153	2	0	3000
Picture	33	miss				1819813	2	3154	3	0	3000
Picture	22	hit	1	6256	2	1856327	1	3153	2	0	3000
Picture	22	hit	1	6612	2	1887529	1	3153	2	0	3000
Picture	22	hit	1	4677	2	1925536	1	3153	2	0	3000
Picture	33	miss				1958564	1	3153	2	0	3000
Picture	22	hit	1	3501	2	1996737	1	3153	2	0	3000
Picture	22	hit	1	4524	2	2033416	1	3153	3	0	3000
Picture	22	hit	1	3142	3	2071257	1	3154	2	0	3000
Picture	22	hit	1	4146	2	2105115	1	3153	2	0	3000
Picture	22	hit	1	4112	3	2137977	1	3153	2	0	3000
Picture	33	miss				2172498	2	3154	3	0	3000
Picture	22	hit	1	5241	2	2205195	1	3153	2	0	3000
Picture	33	miss				2240712	1	3153	3	0	3000
Picture	22	hit	1	2856	4	2276395	2	3154	3	0	3000
Picture	22	hit	1	3755	3	2315232	2	3154	3	0	3000
Picture	22	hit	1	4871	2	2348758	1	3154	2	0	3000
Picture	22	hit	1	4067	2	2384608	1	3153	2	0	3000
Picture	22	hit	1	3961	3	2417636	1	3153	2	0	3000
Picture	33	miss				2453817	1	3153	2	0	3000
Picture	22	hit	1	4113	2	2482862	1	3153	2	0	3000
Picture	22	hit	1	3712	3	2512404	1	3153	3	0	3000
Picture	22	hit	1	3447	3	2547424	1	3153	2	0	3000
Picture	22	hit	1	4127	2	2585431	1	3153	2	0	3000
Picture	22	hit	1	3635	4	2614807	2	3154	3	0	3000
Picture	33	miss				2648665	1	3153	3	0	3000
Picture	22	hit	1	4172	2	2682855	1	3153	2	0	3000
Picture	22	hit	1	3769	4	2718538	2	3154	3	0	3000
Picture	22	hit	1	3881	3	2758371	1	3153	2	0	3000
Picture	22	hit	1	2506	3	2798370	1	3153	2	0	3000
Picture	22	hit	1	4279	3	2837870	2	3154	3	0	3000
Picture	33	miss				2873886	1	3153	2	0	3000
Picture	22	hit	1	3156	2	2906250	1	3153	2	0	3000
Picture	33	miss				2936124	2	3154	3	0	3000
Picture	22	hit	1	3938	3	2973135	2	3154	3	0	3000
Picture	22	hit	1	4567	3	3010976	2	3154	3	0	3000
Picture	22	hit	1	6968	3	3042013	1	3153	2	0	3000
Picture	33	miss				3071555	2	3154	3	0	3000
Picture	22	hit	1	3504	3	3103753	2	3154	3	0	3000
Picture	22	hit	1	6458	3	3138939	1	3153	3	0	3000
Picture	22	hit	1	3766	90	3168316	1	3153	2	0	3000
Picture	33	miss				3203003	2	3154	3	0	3000
Picture	22	hit	1	4545	2	3241840	1	3154	2	0	3000
Picture	22	hit	1	5261	3	3276196	1	3153	2	0	3000
Picture	22	hit	1	6599	3	3305738	2	3154	3	0	3000
Picture	33	miss				3337273	1	3153	2	0	3000
Picture	22	hit	1	3272	3	3365985	2	3154	3	0	3000
Picture	22	hit	1	5744	2	3399677	1	3154	2	0	3000
Picture	22	hit	1	5855	2	3428390	1	3153	2	0	3000
Picture	33	miss				3457435	1	3153	2	0	3000
Picture	22	hit	1	3230	3	3495607	2	3154	3	0	3000
Picture	22	hit	1	3749	2	3533615	1	3153	2	0	3000
Picture	22	hit	1	7011	3	3562327	2	3154	3	0	3000
Picture	22	hit	1	3228	2	3601828	1	3153	3	0	3000
Picture	22	hit	1	4948	2	3630043	1	3153	2	0	3000
Picture	33	miss				3659585	2	3154	3	0	3000
Picture	22	hit	1	4592	3	3688962	1	3153	3	0	3000
Picture	22	hit	1	4308	3	3725973	2	3153	4	0	3000
Picture	22	hit	1	4254	2	3764644	1	3154	2	0	3000
Picture	22	hit	1	4268	2	3793855	1	3153	2	0	3000
Picture	22	hit	1	4307	4	3830534	2	3153	4	0	3000
Picture	33	miss				3866051	2	3154	3	0	3000
Picture	22	hit	1	6183	2	3897918	1	3153	2	0	3000
Picture	22	hit	1	4603	2	3934265	1	3153	3	0	3000
Picture	22	hit	1	5236	2	3969119	1	3153	2	0	3000
Picture	22	hit	1	4448	3	3997333	2	3154	3	0	3000
Picture	22	hit	1	3780	2	4026876	1	3153	3	0	3000
Picture	33	miss				4061564	1	3153	2	0	3000
Picture	22	hit	1	4742	3	4100898	2	3154	3	0	3000
Picture	22	hit	1	3908	4	4134258	2	3154	3	0	3000
Picture	22	hit	1	3639	3	4172431	2	3154	3	0	3000
Picture	33	miss				4204463	2	3154	3	0	3000
Picture	22	hit	1	3320	3	4242304	2	3154	3	0	3000
Picture	22	hit	1	4493	3	4280809	2	3154	3	0	3000
Picture	22	hit	1	4465	2	4315995	1	3153	2	0	3000
Picture	33	miss				4348857	1	3153	2	0	3000
Picture	22	hit	1	2858	3	4384706	2	3154	3	0	3000
Picture	22	hit	1	4162	2	4419892	1	3153	2	0	3000
Picture	22	hit	1	3541	2	4450596	1	3154	2	0	3000
Picture	22	hit	1	3784	2	4485782	1	3153	2	0	3000
Picture	22	hit	1	8550	3	4514494	2	3154	3	0	3000
Picture	33	miss				4543207	2	3154	3	0	3000
Picture	22	hit	1	4181	3	4579056	2	3154	3	0	3000
Picture	22	hit	1	3904	3	4609595	1	3153	3	0	3000
Picture	22	hit	1	3387	2	4642789	1	3153	2	0	3000
Picture	22	hit	1	4915	2	4677477	1	3153	2	0	3000
Picture	22	hit	1	4508	2	4707517	1	3153	3	0	3000
Picture	22	hit	1	3986	3	4744196	2	3154	3	0	3000
Picture	22	hit	1	4832	2	4779548	1	3153	2	0	3000
Picture	33	miss				4814733	2	3154	3	0	3000
Picture	22	hit	1	3683	2	4853902	1	3154	2	0	3000
Picture	22	hit	1	6009	2	4881951	1	3153	3	0	3000
Picture	22	hit	1	8026	4	4913319	2	3154	3	0	3000
Picture	33	miss				4944190	1	3153	2	0	3000
Picture	22	hit	1	3307	3	4983358	2	3154	3	0	3000
Picture	33	miss				5011739	1	3154	2	0	3000
Picture	22	hit	1	2947	4	5044103	2	3154	3	0	3000
Picture	33	miss				5079621	1	3153	2	0	3000
Picture	22	hit	1	6368	2	5558443	1	3153	2	0	3000
Picture	22	hit	1	4006	2	5595288	1	3153	3	0	3000
Picture	22	hit	1	5022	2	5628482	1	3153	3	0	3000
Picture	22	hit	1	3758	3	5667319	1	3153	2	0	3000
Picture	22	hit	1	3044	2	5705990	1	3153	2	0	3000
Picture	33	miss				5741009	2	3154	3	0	3000
Picture	22	hit	1	4140	3	5778186	2	3154	3	0	3000
Picture	22	hit	1	3593	2	5812708	1	3154	2	0	3000
Picture	22	hit	1	3592	2	5842085	1	3153	2	0	3000
Picture	22	hit	1	3521	3	5881585	2	3154	3	0	3000
Picture	22	hit	1	4772	3	5914281	2	3154	3	0	3000
Picture	33	miss				5951293	1	3153	2	0	3000
Picture	22	hit	1	4027	2	5983989	1	3153	2	0	3000
Picture	22	hit	1	5920	3	6018344	2	3154	3	0	3000
Picture	22	hit	1	5730	2	6049713	1	3153	2	0	3000
Picture	33	miss				6078923	2	3154	3	0	3000
Picture	22	hit	1	4948	2	6115437	1	3153	2	0	3000
Picture	22	hit	1	4457	3	6154273	2	3154	3	0	3000
Picture	22	hit	1	4003	2	6191451	1	3153	2	0	3000
Picture	33	hit	1	4410	3	6225142	2	3154	3	0	3000
Picture	22	hit	1	4777	2	6265141	1	3154	2	0	3000
Picture	22	hit	1	5366	3	6301986	2	3154	3	0	3000
Picture	22	hit	1	4158	2	6333687	1	3153	2	0	3000
Picture	22	hit	1	3156	3	6368540	1	3154	2	0	3000
Picture	22	hit	1	4608	2	6403892	1	3153	2	0	3000
Picture	33	miss				6441567	1	3153	2	0	3000
Picture	22	hit	1	5171	2	6474761	1	3153	2	0	3000
Picture	22	hit	1	3941	3	6514095	2	3154	3	0	3000
Picture	22	hit	1	3666	3	6552268	2	3154	3	0	3000
Picture	33	miss				6592267	1	3153	3	0	3000
Picture	22	hit	1	4449	3	6623303	2	3154	3	0	3000
Picture	22	hit	1	6885	3	6658655	1	3153	2	0	3000
Picture	22	hit	1	4486	2	6691185	1	3153	2	0	3000
Picture	22	hit	1	3539	4	6726370	2	3154	3	0	3000
Picture	22	hit	1	3775	2	6757573	1	3153	2	0	3000
Picture	33	hit	1	3441	2	6789937	1	3153	2	0	3000
Picture	22	hit	1	3867	2	6825786	1	3154	2	0	3000
Picture	33	miss				6855827	1	3153	2	0	3000
Picture	22	hit	1	3952	3	6890680	2	3154	3	0	3000
Picture	33	miss				6924372	1	3154	2	0	3000
Picture	22	hit	1	3807	2	6956238	1	3154	2	0	3000
Picture	33	miss				6986279	1	3153	2	0	3000
Picture	22	hit	1	2964	3	7016651	1	3154	2	0	3000
Picture	22	hit	1	5485	3	7048517	2	3154	3	0	3000
Picture	22	hit	1	3905	3	7087022	2	3154	3	0	3000
Picture	33	miss				7121212	1	3153	3	0	3000
Picture	22	hit	1	4166	2	7154074	1	3153	3	0	3000
Picture	22	hit	1	4704	2	7185442	1	3154	2	0	3000
Picture	22	hit	1	4276	3	7215649	1	3153	2	0	3000
Picture	33	miss				7247349	1	3153	2	0	3000
Picture	22	miss				7277887	1	3154	2	0	3000
Picture	22	hit	1	6262	2	7308260	1	3153	2	0	3000
Picture	22	hit	1	3370	3	7337304	2	3154	3	0	3000
Picture	33	miss				7373486	1	3153	2	0	3000
Picture	22	hit	1	5280	2	7405186	1	3153	2	0	3000
Picture	22	hit	1	6133	3	7439044	1	3153	2	0	3000
Picture	22	hit	1	5181	2	7469748	1	3153	3	0	3000
Picture	22	hit	1	4389	3	7505929	2	3154	3	0	3000
Picture	22	hit	1	5716	3	7543273	1	3153	2	0	3000
Picture	33	miss				7577960	1	3154	2	0	3000
Picture	22	hit	1	4883	3	7615303	2	3154	3	0	3000
Picture	22	hit	1	6718	2	7644514	1	3153	3	0	3000
Picture	22	hit	1	3996	2	7675716	1	3154	2	0	3000
Picture	22	hit	1	3817	2	7709076	1	3153	3	0	3000
Picture	22	hit	1	2307	3	7745589	2	3154	3	0	3000
Picture	22	hit	1	3807	2	7780443	1	3153	3	0	3000
Picture	22	hit	1	7647	3	7811479	2	3154	3	0	3000
Picture	33	miss				7840856	1	3153	2	0	3000
Picture	22	hit	1	3511	2	7880191	1	3153	2	0	3000
Picture	22	hit	1	4273	3	7913882	2	3154	3	0	3000
Picture	22	hit	1	4275	2	7949234	1	3153	3	0	3000
Picture	22	hit	1	5505	2	7978943	1	3153	2	0	3000
Picture	22	hit	1	4573	3	8018277	2	3154	3	0	3000
Picture	22	hit	1	2794	2	8052135	1	3153	3	0	3000
Picture	22	hit	1	4391	3	8082176	1	3153	2	0	3000
Picture	33	miss				8118357	1	3153	2	0	3000
Picture	22	hit	1	3960	2	8149559	1	3154	2	0	3000
Picture	33	miss				8187068	2	3154	3	0	3000
Picture	22	hit	1	4496	2	8223084	1	3153	2	0	3000
Picture	22	hit	1	4511	2	8258933	1	3154	2	0	3000
Picture	22	hit	1	5507	3	8288808	1	3153	2	0	3000
Picture	22	hit	1	3540	2	8324159	1	3154	2	0	3000
Picture	22	hit	1	3575	2	8357519	1	3153	3	0	3000
Picture	33	miss				8388555	2	3154	3	0	3000
Picture	22	hit	1	3907	2	8416936	1	3154	2	0	3000
Picture	33	miss				8452952	1	3153	2	0	3000
Picture	22	hit	1	4813	3	8491124	2	3154	3	0	3000
Picture	22	hit	1	5182	2	8520003	1	3154	2	0	3000
Picture	22	hit	1	4461	3	8550708	1	3153	2	0	3000
Picture	33	hit	1	3420	3	8590706	2	3154	3	0	3000
Picture	22	hit	1	4623	2	8621743	1	3153	2	0	3000
Picture	22	hit	1	4912	2	8654273	1	3153	2	0	3000
Picture	22	hit	1	4265	2	8689126	1	3154	2	0	3000
Picture	22	hit	1	3785	2	8721656	1	3154	2	0	3000
Picture	22	hit	1	3847	3	8757838	1	3153	2	0	3000
Picture	22	hit	1	4920	3	8791363	2	3154	3	0	3000
Picture	22	hit	1	3743	2	8827213	1	3153	2	0	3000
Picture	33	miss				8855428	1	3153	2	0	3000
Picture	22	hit	1	3976	3	8889783	2	3154	3	0	3000
Picture	22	hit	1	3462	2	8923973	1	3153	3	0	3000
Picture	22	hit	1	5508	2	8961648	1	3154	2	0	3000
Picture	22	hit	1	6724	3	8994344	1	3154	2	0	3000
Picture	22	hit	1	5182	3	9031687	2	3154	3	0	3000
Picture	33	miss				9068699	1	3153	2	0	3000
Picture	22	hit	1	3682	2	9106208	1	3153	2	0	3000
Picture	22	hit	1	4881	3	9134754	2	3154	3	0	3000
Picture	22	hit	1	3447	4	9172927	2	3154	3	0	3000
Picture	22	hit	1	3745	3	9211764	2	3154	3	0	3000
Picture	22	hit	1	3456	2	9251099	1	3153	3	0	3000
Picture	33	miss				9287114	2	3154	3	0	3000
Picture	22	hit	1	5486	3	9315329	2	3154	3	0	3000
Picture	22	hit	1	5144	3	9345536	1	3153	2	0	3000
Picture	22	hit	1	3991	4	9379891	2	3154	3	0	3000
Picture	33	miss				9413915	1	3154	2	0	3000
Picture	22	hit	1	3687	2	9446279	1	3154	2	0	3000
Picture	22	hit	1	5177	3	9477813	2	3154	3	0	3000
Picture	22	hit	1	5212	3	9511007	2	3154	3	0	3000
Picture	33	miss				9543371	2	3154	3	0	3000
Picture	22	hit	1	3763	3	9575238	1	3153	2	0	3000
Picture	22	hit	1	5894	3	9605278	1	3153	3	0	3000
Picture	22	hit	1	3880	4	9641293	2	3154	3	0	3000
Picture	33	miss				9678637	1	3153	2	0	3000
Picture	22	hit	1	3613	2	9715316	1	3153	2	0	3000
Picture	22	hit	1	3281	3	9753987	1	3153	2	0	3000
Picture	22	hit	1	3062	3	9791330	1	3153	2	0	3000
Picture	33	hit	1	3545	2	9822034	1	3154	2	0	3000
Picture	22	hit	1	4621	4	9859377	2	3154	3	0	3000
Picture	22	hit	1	5734	3	9892737	2	3154	3	0	3000
Picture	22	hit	1	4436	2	9921450	1	3153	3	0	3000
Picture	22	hit	1	4008	3	9951656	2	3154	3	0	3000
Picture	22	hit	1	3662	2	9986510	1	3153	3	0	3000
Picture	33	miss				10019538	1	3153	3	0	3000
Picture	22	hit	1	3177	2	10048417	1	3153	2	0	3000
Picture	22	hit	1	3630	2	10087420	1	3153	2	0	3000
Picture	22	hit	1	2888	2	10125261	1	3153	2	0	3000
Picture	33	hit	1	2850	3	10162604	1	3153	2	0	3000
Picture	22	hit	1	5655	3	10191150	2	3154	3	0	3000
Picture	22	hit	1	3617	3	10222021	1	3153	2	0	3000
Picture	22	hit	1	3508	3	10250899	2	3154	3	0	3000
Picture	33	miss				10279944	1	3154	2	0	3000
Picture	22	hit	1	3660	3	10312308	1	3154	2	0	3000
Picture	22	hit	1	3531	2	10341685	1	3153	2	0	3000
Picture	22	hit	1	4175	3	10371227	2	3154	3	0	3000
Picture	33	miss				10410230	2	3154	3	0	3000
Picture	22	hit	1	5310	3	10441101	1	3153	2	0	3000
Picture	22	hit	1	6337	3	10469647	2	3154	3	0	3000
Picture	22	hit	1	5740	2	10504833	1	3153	2	0	3000
Picture	33	miss				10538525	1	3153	2	0	3000
Picture	22	hit	1	4016	3	10572880	2	3154	3	0	3000
Picture	22	hit	1	5953	3	10611551	2	3154	3	0	3000
Picture	22	hit	1	5722	3	10644413	2	3154	3	0	3000
Picture	22	hit	1	5250	2	10680927	1	3153	2	0	3000
Picture	22	hit	1	4522	3	10714120	2	3154	3	0	3000
Picture	22	hit	1	4748	2	10746153	1	3153	2	0	3000
Picture	22	hit	1	5326	2	10783496	1	3153	2	0	3000
Picture	33	miss				10814864	1	3153	3	0	3000
