Scenario - EFT rapido Abril 2011
Logfile written - 07/30/2012 11:26:28

Subject	Trial	Event Type	Code	Time	TTime	Uncertainty	Duration	Uncertainty	ReqTime	ReqDur	Stim Type	Pair Index

JC	2	Picture	11	10499	0	1	3166	2	0	3000	other	0
JC	3	Response	1	16883	3051	1
JC	4	Picture	10	20998	0	1	3167	2	0	3000	other	0
JC	5	Response	1	25633	1302	1
JC	6	Picture	10	30165	0	1	3166	2	0	3000	other	0
JC	7	Response	1	34382	884	2
JC	8	Picture	20	40331	0	1	3167	2	0	3000	other	0
JC	9	Response	1	44070	406	2
JC	9	Response	2	44851	1187	1
JC	10	Picture	11	50664	0	1	3167	2	0	3000	other	0
JC	11	Response	1	54851	854	1
JC	12	Picture	11	60664	0	1	3166	2	0	3000	other	0
JC	13	Response	1	64539	542	1
JC	14	Picture	21	71663	0	1	3167	2	0	3000	other	0
JC	15	Response	2	75320	324	1
JC	16	Picture	11	81330	0	1	3166	2	0	3000	other	0
JC	17	Response	1	85789	1126	1
JC	18	Picture	21	91329	0	1	3167	2	0	3000	other	0
JC	19	Response	2	94851	189	1
JC	20	Picture	21	102329	0	1	3166	3	0	3000	other	0
JC	21	Response	1	106726	1064	1
JC	22	Picture	10	111495	0	1	3167	2	0	3000	other	0
JC	23	Response	1	117506	2678	2
JC	24	Picture	11	119995	0	1	3167	2	0	3000	other	0
JC	25	Response	1	125007	1679	1
JC	26	Picture	10	130161	0	1	3167	2	0	3000	other	0
JC	27	Response	1	136413	2918	1
JC	28	Picture	10	141661	0	1	3166	3	0	3000	other	0
JC	29	Response	1	146256	1262	2
JC	30	Picture	21	151661	0	1	3166	2	0	3000	other	0
JC	31	Response	2	156570	1576	1
JC	32	Picture	11	161994	0	1	3166	2	0	3000	other	0
JC	33	Response	1	166100	773	1
JC	34	Picture	11	171160	0	1	3166	3	0	3000	other	0
JC	35	Response	1	175631	1138	1
JC	36	Picture	21	181660	0	1	3166	2	0	3000	other	0
JC	37	Response	2	185162	169	1
JC	38	Picture	10	192993	0	1	3166	2	0	3000	other	0
JC	38	Response	2	196256	3263	1
JC	40	Picture	10	202326	0	1	3166	2	0	3000	other	0
JC	41	Response	1	206880	1221	1
JC	42	Picture	20	210992	0	1	3166	3	0	3000	other	0
JC	43	Response	2	215474	1149	1
JC	44	Picture	21	222325	0	1	3166	3	0	3000	other	0
JC	45	Response	2	226724	1066	1
JC	46	Picture	21	232491	0	1	3167	2	0	3000	other	0
JC	47	Response	2	236099	275	1
JC	48	Picture	21	242824	0	1	3167	2	0	3000	other	0
JC	49	Response	2	248286	2129	1
JC	50	Picture	20	251657	0	1	3167	2	0	3000	other	0
JC	51	Response	2	255005	15	1
JC	52	Picture	20	261990	0	1	3167	2	0	3000	other	0
JC	53	Response	2	265473	150	1
JC	54	Picture	10	270823	0	1	3167	2	0	3000	other	0
JC	55	Response	1	275629	1473	2
JC	56	Picture	21	279323	0	1	3167	2	0	3000	other	0
JC	57	Response	2	283285	629	2
JC	58	Picture	10	290323	0	1	3166	2	0	3000	other	0
JC	59	Response	2	294692	1036	1
JC	59	Response	1	296098	2442	1
JC	60	Picture	21	299156	0	1	3166	2	0	3000	other	0
JC	61	Response	2	303286	797	1
JC	62	Picture	21	310489	0	1	3166	2	0	3000	other	0
JC	63	Response	2	314379	557	1
JC	64	Picture	21	320822	0	1	3166	2	0	3000	other	0
JC	65	Response	2	324847	692	1
JC	66	Picture	10	330488	0	1	3167	2	0	3000	other	0
JC	67	Response	1	335721	1900	1
JC	68	Picture	11	341821	0	1	3166	3	0	3000	other	0
JC	69	Response	1	345629	475	1
JC	70	Picture	11	351321	0	1	3166	2	0	3000	other	0
JC	71	Response	1	355628	974	1
JC	72	Picture	21	361487	0	1	3166	3	0	3000	other	0
JC	73	Response	2	365003	183	1
JC	74	Picture	21	372487	0	1	3166	2	0	3000	other	0
JC	75	Response	2	375941	121	1
JC	76	Picture	11	382820	0	1	3166	2	0	3000	other	0
JC	77	Response	1	386410	257	1
JC	78	Picture	11	393986	0	1	3166	2	0	3000	other	0
JC	79	Response	1	397503	184	1
JC	80	Picture	20	404319	0	1	3166	2	0	3000	other	0
JC	81	Response	2	408909	1257	1
JC	82	Picture	20	415652	0	1	3166	2	0	3000	other	0
JC	83	Response	2	420628	1643	1
JC	84	Picture	21	425818	0	1	3167	2	0	3000	other	0
JC	85	Response	2	429690	539	1
JC	86	Picture	10	435318	0	1	3166	2	0	3000	other	0
JC	87	Response	2	438752	101	1
JC	87	Response	1	440940	2289	1
JC	88	Picture	11	444651	0	1	3166	2	0	3000	other	0
JC	89	Response	1	450784	2800	1
JC	90	Picture	10	454984	0	1	3166	2	0	3000	other	0
JC	91	Response	1	460006	1689	2
JC	92	Picture	10	463650	0	1	3167	2	0	3000	other	0
JC	93	Response	1	468283	1300	1
JC	94	Picture	10	473150	0	1	3166	2	0	3000	other	0
JC	95	Response	1	477345	862	2
JC	96	Picture	21	483650	0	1	3166	2	0	3000	other	0
JC	96	Response	2	486877	3227	1
JC	98	Picture	21	494316	0	1	3166	2	0	3000	other	0
JC	98	Response	2	497501	3185	2
JC	100	Picture	20	505149	0	1	3166	2	0	3000	other	0
JC	101	Response	2	508752	270	1
JC	102	Picture	10	514315	0	1	3167	2	0	3000	other	0
JC	103	Response	1	518282	634	2
JC	104	Picture	10	523981	0	2	3167	3	0	3000	other	0
JC	105	Response	1	528282	967	1
JC	106	Picture	21	533815	0	1	3166	2	0	3000	other	0
JC	107	Response	2	537657	509	1
JC	108	Picture	10	543981	0	1	3166	2	0	3000	other	0
JC	109	Response	1	548751	1437	1
JC	110	Picture	21	553481	0	1	3166	2	0	3000	other	0
JC	111	Response	2	557032	218	1
JC	112	Picture	11	564813	0	2	3167	3	0	3000	other	0
JC	113	Response	1	568282	135	1
JC	114	Picture	11	575313	0	1	3167	2	0	3000	other	0
JC	115	Response	1	579844	1198	2
JC	116	Picture	10	584813	0	1	3166	2	0	3000	other	0
JC	117	Response	1	588907	761	1
JC	118	Picture	11	595479	0	1	3167	2	0	3000	other	0
JC	119	Response	1	600469	1657	1
JC	120	Picture	10	605979	0	1	3166	2	0	3000	other	0
JC	121	Response	2	611094	1782	1
JC	122	Picture	20	616145	0	1	3167	2	0	3000	other	0
JC	123	Response	1	620781	1303	2
JC	124	Picture	10	626811	0	1	3167	2	0	3000	other	0
JC	125	Response	2	631562	1417	1
JC	126	Picture	11	637644	0	1	3167	2	0	3000	other	0
JC	127	Response	1	643281	2303	2
JC	128	Picture	21	646477	0	1	3167	2	0	3000	other	0
JC	129	Response	2	651562	1751	1
JC	130	Picture	10	654977	0	1	3167	2	0	3000	other	0
JC	131	Response	1	658906	596	1
JC	132	Picture	21	663477	0	1	3166	2	0	3000	other	0
JC	133	Response	2	667191	381	1
JC	134	Picture	20	672310	0	1	3166	2	0	3000	other	0
JC	135	Response	2	676874	1231	1
JC	136	Picture	21	682809	0	2	3167	3	0	3000	other	0
JC	137	Response	2	686874	731	1
JC	138	Picture	11	691976	0	1	3166	2	0	3000	other	0
JC	139	Response	1	695937	628	1
JC	140	Picture	10	702142	0	1	3167	2	0	3000	other	0
JC	141	Response	1	706563	1088	1
JC	142	Picture	21	711975	0	1	3167	2	0	3000	other	0
JC	143	Response	2	716092	784	1
JC	144	Picture	11	723308	0	1	3167	2	0	3000	other	0
JC	145	Response	1	727188	547	2
JC	146	Picture	10	734474	0	2	3167	3	0	3000	other	0
JC	147	Response	2	737811	3	1
JC	148	Picture	20	742974	0	1	3167	2	0	3000	other	0
JC	149	Response	2	748436	2129	1
JC	150	Picture	21	753640	0	2	3167	3	0	3000	other	0
JC	151	Response	2	758123	1149	2
JC	152	Picture	20	763140	0	1	3167	2	0	3000	other	0
JC	153	Response	2	768435	1962	2
JC	154	Picture	10	774140	0	1	3166	2	0	3000	other	0
JC	155	Response	1	780467	2994	1
JC	156	Picture	21	784806	0	1	3167	2	0	3000	other	0
JC	157	Response	2	789842	1703	1
JC	158	Picture	21	794139	0	1	3167	2	0	3000	other	0
JC	159	Response	2	798592	1120	1
JC	160	Picture	10	804139	0	1	3166	2	0	3000	other	0
JC	161	Response	1	808748	1276	1
JC	162	Picture	21	815305	0	1	3167	2	0	3000	other	0
JC	163	Response	2	818747	109	1
JC	164	Picture	10	826138	0	1	3167	2	0	3000	other	0
JC	164	Response	1	829060	2922	1
JC	166	Picture	20	834638	0	1	3166	2	0	3000	other	0
JC	167	Response	2	838278	307	1
JC	168	Picture	21	845971	0	1	3166	2	0	3000	other	0
JC	169	Response	2	850465	1161	2
JC	170	Picture	20	855137	0	1	3167	2	0	3000	other	0
JC	171	Response	2	859528	1058	2
JC	172	Picture	10	866470	0	1	3167	2	0	3000	other	0
JC	173	Response	2	870934	1131	2
JC	173	Response	1	872653	2850	1
JC	174	Picture	11	875303	0	1	3167	2	0	3000	other	0
JC	175	Response	1	880622	1986	1
JC	176	Picture	20	885303	0	1	3166	2	0	3000	other	0
JC	177	Response	2	889684	1048	1
JC	178	Picture	11	895469	0	1	3167	2	0	3000	other	0
JC	179	Response	1	900000	1198	1
JC	180	Picture	11	905469	0	1	3166	2	0	3000	other	0
JC	181	Response	1	910153	1351	1
JC	182	Picture	21	916135	0	1	3167	2	0	3000	other	0
JC	183	Response	2	920465	997	1
JC	184	Picture	21	927468	0	1	3167	2	0	3000	other	0
JC	185	Response	2	931870	1069	2
JC	186	Picture	10	938134	0	1	3167	2	0	3000	other	0
JC	187	Response	1	943277	1809	1
JC	188	Picture	21	947301	0	1	3166	2	0	3000	other	0
JC	189	Response	2	952186	1552	1
JC	190	Picture	21	958134	0	1	3166	2	0	3000	other	0
JC	191	Response	2	962339	872	1
JC	192	Picture	11	967300	0	1	3167	2	0	3000	other	0
JC	193	Response	1	972185	1552	1
JC	194	Picture	21	978300	0	1	3166	2	0	3000	other	0
JC	195	Response	2	982026	393	1
JC	196	Picture	11	987133	0	1	3166	2	0	3000	other	0
JC	197	Response	1	991401	935	1
JC	198	Picture	10	997299	0	1	3167	2	0	3000	other	0
JC	198	Response	2	1000463	3164	2
JC	200	Picture	21	1007465	0	1	3167	2	0	3000	other	0
JC	201	Response	2	1011244	445	2
JC	202	Picture	11	1018298	0	1	3167	2	0	3000	other	0
JC	203	Response	1	1022184	552	1
JC	204	Picture	10	1027465	0	1	3166	2	0	3000	other	0
JC	205	Response	1	1032963	2165	1
JC	206	Picture	10	1037298	0	1	3166	2	0	3000	other	0
JC	207	Response	1	1041400	769	2
JC	208	Picture	11	1048631	0	1	3166	2	0	3000	other	0
JC	209	Response	2	1052505	541	1
JC	210	Picture	10	1057797	0	1	3167	2	0	3000	other	0
JC	211	Response	2	1062338	1208	1
JC	212	Picture	10	1068130	0	1	3167	2	0	3000	other	0
JC	213	Response	1	1073588	2125	1
JC	214	Picture	10	1077963	0	1	3167	2	0	3000	other	0
JC	215	Response	1	1082963	1667	1
JC	216	Picture	11	1087629	0	1	3167	2	0	3000	other	0
JC	217	Response	2	1092493	1530	2
JC	218	Picture	21	1097462	0	1	3167	2	0	3000	other	0
JC	219	Response	2	1102493	1697	1
JC	220	Picture	11	1105962	0	1	3167	2	0	3000	other	0
JC	221	Response	1	1110306	1011	1
JC	222	Picture	10	1114795	0	1	3167	2	0	3000	other	0
JC	223	Response	1	1119681	1553	1
JC	224	Picture	10	1124795	0	1	3166	2	0	3000	other	0
JC	225	Response	1	1129212	1084	1
JC	226	Picture	10	1135628	0	1	3166	2	0	3000	other	0
JC	227	Response	1	1139680	719	2
JC	228	Picture	11	1145127	0	2	3167	3	0	3000	other	0
JC	229	Response	1	1150305	1844	1
JC	230	Picture	21	1155794	0	1	3166	2	0	3000	other	0
JC	231	Response	2	1160774	1647	1
JC	232	Picture	11	1164460	0	1	3167	2	0	3000	other	0
JC	233	Response	1	1169055	1262	1
JC	234	Picture	10	1174293	0	1	3167	2	0	3000	other	0
JC	235	Response	1	1180617	2991	1
JC	236	Picture	20	1185459	0	2	3167	3	0	3000	other	0
JC	237	Response	2	1191711	2918	1
JC	238	Picture	20	1193959	0	1	3167	2	0	3000	other	0
JC	239	Response	2	1199680	2388	1
JC	240	Picture	21	1205125	0	2	3167	3	0	3000	other	0
JC	241	Response	2	1211086	2627	1
JC	242	Picture	11	1216292	0	1	3166	2	0	3000	other	0
JC	243	Response	1	1220930	1305	1
JC	244	Picture	11	1225291	0	2	3167	3	0	3000	other	0
JC	245	Response	1	1229992	1367	1
JC	246	Picture	10	1235124	0	2	3167	3	0	3000	other	0
JC	247	Response	1	1240148	1690	1
JC	248	Picture	11	1245291	0	1	3166	2	0	3000	other	0
JC	249	Response	1	1249992	1368	1
JC	250	Picture	11	1256124	0	1	3166	2	0	3000	other	0
JC	251	Response	1	1259679	222	1
JC	252	Picture	21	1266123	0	1	3167	2	0	3000	other	0
JC	253	Response	2	1271866	2409	2
JC	254	Picture	21	1276790	0	1	3166	2	0	3000	other	0
JC	255	Response	2	1280929	806	1
JC	256	Picture	10	1285289	0	1	3167	2	0	3000	other	0
JC	257	Response	1	1290773	2150	1
JC	258	Picture	10	1295122	0	1	3167	2	0	3000	other	0
JC	259	Response	1	1300772	2316	1
JC	260	Picture	21	1305122	0	1	3167	2	0	3000	other	0
JC	261	Response	2	1310772	2317	1
JC	262	Picture	20	1315455	0	1	3167	2	0	3000	other	0
JC	262	Response	1	1318739	3284	2
JC	264	Picture	11	1325621	0	1	3167	2	0	3000	other	0
JC	265	Response	1	1330459	1504	1
JC	266	Picture	11	1335454	0	1	3167	2	0	3000	other	0
JC	267	Response	1	1339834	1046	2
JC	268	Picture	20	1344954	0	1	3167	2	0	3000	other	0
JC	269	Response	2	1350615	2328	1
JC	270	Picture	10	1354787	0	1	3167	2	0	3000	other	0
JC	271	Response	1	1359698	1578	1
JC	272	Picture	21	1364120	0	1	3167	2	0	3000	other	0
JC	273	Response	2	1367646	193	1
JC	274	Picture	11	1373953	0	1	3167	2	0	3000	other	0
JC	275	Response	1	1377646	360	1
JC	276	Picture	11	1382453	0	1	3166	2	0	3000	other	0
JC	277	Response	1	1387333	1547	1
JC	278	Picture	11	1392619	0	1	3167	2	0	3000	other	0
JC	279	Response	1	1396396	444	1
JC	280	Picture	10	1401619	0	1	3166	2	0	3000	other	0
JC	281	Response	1	1405771	819	1
JC	282	Picture	21	1411119	0	1	3166	2	0	3000	other	0
JC	283	Response	2	1415614	1162	2
JC	284	Picture	10	1420785	0	1	3166	2	0	3000	other	0
JC	285	Response	1	1426083	1965	1
JC	286	Picture	10	1431785	0	1	3166	2	0	3000	other	0
JC	287	Response	1	1436239	1121	1
JC	288	Picture	11	1442451	0	1	3166	2	0	3000	other	0
JC	289	Response	1	1446554	770	2
JC	290	Picture	11	1453117	0	1	3167	2	0	3000	other	0
JC	290	Response	1	1456395	3278	1
JC	292	Picture	21	1463783	0	2	3167	3	0	3000	other	0
JC	293	Response	2	1468270	1153	1
JC	294	Picture	21	1474450	0	1	3166	2	0	3000	other	0
JC	295	Response	1	1478113	330	2
JC	296	Picture	11	1485616	0	1	3167	2	0	3000	other	0
JC	297	Response	1	1490926	1977	1
JC	298	Picture	11	1494116	0	1	3166	2	0	3000	other	0
JC	299	Response	1	1498895	1446	1
JC	300	Picture	21	1504782	0	1	3167	2	0	3000	other	0
JC	301	Response	2	1509363	1248	1
JC	303	Picture	21	1534281	0	1	3167	2	0	3000	other	0
JC	304	Response	2	1539050	1436	1
JC	305	Picture	10	1544447	0	2	3167	3	0	3000	other	0
JC	306	Response	1	1548581	800	1
JC	307	Picture	20	1554280	0	2	3167	3	0	3000	other	0
JC	308	Response	2	1557800	186	1
JC	309	Picture	10	1565113	0	1	3167	2	0	3000	other	0
JC	309	Response	1	1568112	2999	1
JC	311	Picture	11	1574613	0	1	3167	2	0	3000	other	0
JC	312	Response	1	1579518	1572	2
JC	313	Picture	20	1583279	0	2	3167	3	0	3000	other	0
JC	314	Response	2	1589050	2437	1
JC	315	Picture	21	1593612	0	2	3167	3	0	3000	other	0
JC	316	Response	2	1598425	1479	1
JC	317	Picture	11	1603279	0	1	3166	2	0	3000	other	0
JC	318	Response	1	1607487	875	1
JC	319	Picture	10	1613112	0	1	3166	2	0	3000	other	0
JC	320	Response	1	1618424	1979	2
JC	321	Picture	11	1624611	0	1	3167	2	0	3000	other	0
JC	322	Response	2	1630299	2354	1
JC	322	Response	1	1631081	3136	1
JC	323	Picture	10	1635444	0	1	3167	2	0	3000	other	0
JC	324	Response	1	1642487	3709	1
JC	325	Picture	11	1645444	0	1	3167	2	0	3000	other	0
JC	326	Response	1	1650299	1522	1
JC	327	Picture	21	1654277	0	1	3167	2	0	3000	other	0
JC	328	Response	2	1659205	1595	1
JC	329	Picture	10	1662943	0	2	3167	3	0	3000	other	0
JC	330	Response	1	1668111	1834	1
JC	331	Picture	21	1671943	0	1	3167	2	0	3000	other	0
JC	332	Response	2	1676861	1585	1
JC	333	Picture	10	1682943	0	1	3166	2	0	3000	other	0
JC	334	Response	1	1687798	1522	1
JC	335	Picture	10	1694109	0	1	3167	2	0	3000	other	0
JC	336	Response	1	1699517	2075	1
JC	337	Picture	21	1704109	0	1	3166	2	0	3000	other	0
JC	338	Response	2	1709829	2387	1
JC	339	Picture	11	1713775	0	1	3167	2	0	3000	other	0
JC	340	Response	1	1719048	1940	1
JC	341	Picture	20	1722608	0	1	3167	2	0	3000	other	0
JC	342	Response	2	1726704	763	1
JC	343	Picture	11	1732941	0	1	3167	2	0	3000	other	0
JC	344	Response	1	1737016	742	1
JC	345	Picture	10	1743274	0	1	3167	2	0	3000	other	0
JC	346	Response	1	1748422	1815	1
JC	347	Picture	20	1753607	0	1	3167	2	0	3000	other	0
JC	348	Response	2	1758735	1795	1
JC	349	Picture	11	1764607	0	1	3166	2	0	3000	other	0
JC	350	Response	1	1769047	1107	1
JC	351	Picture	20	1774940	0	1	3166	2	0	3000	other	0
JC	352	Response	2	1778891	618	1
JC	353	Picture	20	1784606	0	1	3167	2	0	3000	other	0
JC	354	Response	2	1789047	1108	1
JC	355	Picture	21	1793772	0	2	3167	3	0	3000	other	0
JC	356	Response	1	1799515	2409	2
JC	357	Picture	11	1804272	0	1	3167	2	0	3000	other	0
JC	358	Response	1	1810766	3161	1
JC	359	Picture	21	1814772	0	1	3166	2	0	3000	other	0
JC	360	Response	2	1819046	941	1
JC	361	Picture	10	1825438	0	1	3167	2	0	3000	other	0
JC	362	Response	1	1829827	1056	2
JC	363	Picture	11	1834771	0	1	3167	2	0	3000	other	0
JC	364	Response	2	1838265	161	1
JC	365	Picture	11	1844937	0	1	3167	2	0	3000	other	0
JC	366	Response	1	1849671	1400	1
JC	367	Picture	11	1856104	0	1	3166	2	0	3000	other	0
JC	368	Response	1	1860140	703	1
JC	369	Picture	21	1867270	0	1	3167	2	0	3000	other	0
JC	370	Response	2	1871389	786	2
JC	371	Picture	21	1878436	0	1	3167	2	0	3000	other	0
JC	371	Response	2	1881702	3266	1
JC	373	Picture	10	1888769	0	1	3167	2	0	3000	other	0
JC	374	Response	1	1892327	225	1
JC	375	Picture	21	1897269	0	1	3167	2	0	3000	other	0
JC	376	Response	2	1900608	6	1
JC	377	Picture	20	1906269	0	1	3166	2	0	3000	other	0
JC	378	Response	2	1910452	850	1
JC	379	Picture	11	1917102	0	1	3166	2	0	3000	other	0
JC	380	Response	1	1921389	954	1
JC	381	Picture	10	1925601	0	1	3167	2	0	3000	other	0
JC	382	Response	2	1929514	579	2
JC	383	Picture	20	1934601	0	1	3167	2	0	3000	other	0
JC	384	Response	2	1939201	1267	1
JC	385	Picture	21	1944101	0	1	3166	2	0	3000	other	0
JC	386	Response	1	1948576	1142	1
JC	387	Picture	20	1953434	0	1	3166	2	0	3000	other	0
JC	388	Response	2	1957951	1184	1
JC	389	Picture	11	1963933	0	2	3167	3	0	3000	other	0
JC	390	Response	1	1968419	1152	2
JC	391	Picture	11	1974433	0	1	3167	2	0	3000	other	0
JC	392	Response	1	1978575	809	2
JC	393	Picture	11	1983433	0	1	3166	2	0	3000	other	0
JC	394	Response	1	1987325	559	2
JC	395	Picture	21	1992099	0	1	3167	2	0	3000	other	0
JC	396	Response	2	1996546	1114	1
JC	397	Picture	20	2000932	0	1	3167	2	0	3000	other	0
JC	398	Response	2	2005763	1498	1
JC	399	Picture	20	2011432	0	1	3166	2	0	3000	other	0
JC	400	Response	2	2015044	279	1
JC	401	Picture	21	2020432	0	1	3166	2	0	3000	other	0
JC	401	Response	2	2023263	2831	1
JC	403	Picture	20	2029265	0	1	3166	2	0	3000	other	0
JC	404	Response	1	2033106	508	1
JC	405	Picture	21	2038764	0	1	3167	2	0	3000	other	0
JC	406	Response	2	2044200	2103	1
JC	407	Picture	20	2047264	0	1	3167	2	0	3000	other	0
JC	408	Response	2	2052172	1575	1
JC	409	Picture	10	2057764	0	1	3166	2	0	3000	other	0
JC	410	Response	1	2062793	1696	1
JC	411	Picture	10	2067263	0	1	3167	2	0	3000	other	0
JC	412	Response	1	2071231	634	1
JC	413	Picture	11	2076263	0	1	3167	2	0	3000	other	0
JC	413	Response	1	2079513	3250	1
JC	415	Picture	21	2087596	0	1	3167	2	0	3000	other	0
JC	416	Response	2	2092637	1708	1
JC	417	Picture	10	2096762	0	1	3167	2	0	3000	other	0
JC	418	Response	1	2101543	1447	1
JC	419	Picture	10	2107929	0	1	3166	2	0	3000	other	0
JC	420	Response	2	2111386	124	2
JC	421	Picture	21	2117262	0	1	3166	2	0	3000	other	0
JC	422	Response	2	2121698	1103	2
JC	423	Picture	11	2128428	0	1	3166	3	0	3000	other	0
JC	424	Response	1	2132012	251	1
JC	425	Picture	21	2139428	0	1	3166	2	0	3000	other	0
JC	425	Response	2	2142169	2741	1
JC	427	Picture	21	2149261	0	1	3166	2	0	3000	other	0
JC	428	Response	1	2153261	667	1
JC	429	Picture	20	2159760	0	1	3167	2	0	3000	other	0
JC	430	Response	2	2163886	793	1
JC	431	Picture	11	2169093	0	1	3167	2	0	3000	other	0
JC	432	Response	1	2173260	834	2
JC	433	Picture	11	2178093	0	1	3167	2	0	3000	other	0
JC	434	Response	1	2182948	1522	1
JC	435	Picture	21	2189426	0	1	3166	2	0	3000	other	0
JC	436	Response	2	2193416	657	2
JC	437	Picture	11	2199926	0	1	3166	2	0	3000	other	0
JC	438	Response	1	2205604	2345	1
JC	439	Picture	20	2208925	0	1	3167	2	0	3000	other	0
JC	440	Response	2	2213260	1002	1
JC	441	Picture	10	2217925	0	1	3166	3	0	3000	other	0
JC	442	Response	1	2222010	752	1
JC	443	Picture	21	2228091	0	1	3167	2	0	3000	other	0
JC	444	Response	2	2232010	586	1
JC	445	Picture	20	2238924	0	1	3167	2	0	3000	other	0
JC	445	Response	1	2242009	3085	2
JC	447	Picture	20	2250257	0	1	3167	2	0	3000	other	0
JC	448	Response	2	2255447	1857	1
JC	449	Picture	21	2260424	0	1	3166	2	0	3000	other	0
JC	450	Response	2	2265134	1377	1
JC	451	Picture	10	2271423	0	1	3167	2	0	3000	other	0
JC	452	Response	1	2276384	1628	2
JC	453	Picture	11	2281090	0	1	3166	2	0	3000	other	0
JC	454	Response	1	2286696	2273	2
JC	455	Picture	20	2292422	0	2	3167	3	0	3000	other	0
JC	456	Response	2	2296696	940	1
JC	457	Picture	10	2302755	0	2	3167	3	0	3000	other	0
JC	458	Response	1	2308259	2170	1
JC	459	Picture	21	2311422	0	1	3166	2	0	3000	other	0
JC	460	Response	2	2314821	66	1
JC	461	Picture	11	2322088	0	1	3167	2	0	3000	other	0
JC	462	Response	1	2325915	494	1
JC	463	Picture	21	2332254	0	2	3167	3	0	3000	other	0
JC	463	Response	2	2335446	3192	1
JC	465	Picture	10	2342587	0	2	3167	3	0	3000	other	0
JC	465	Response	1	2345758	3171	2
JC	467	Picture	21	2352587	0	1	3167	2	0	3000	other	0
JC	467	Response	2	2355133	2546	2
JC	469	Picture	20	2362920	0	1	3167	2	0	3000	other	0
JC	470	Response	2	2367165	912	1
JC	471	Picture	21	2372086	0	2	3167	3	0	3000	other	0
JC	472	Response	2	2376070	650	1
JC	473	Picture	10	2381586	0	1	3167	2	0	3000	other	0
JC	474	Response	1	2386383	1464	1
JC	475	Picture	20	2391086	0	1	3166	2	0	3000	other	0
JC	475	Response	2	2394195	3109	1
JC	477	Picture	10	2400919	0	1	3166	2	0	3000	other	0
JC	477	Response	2	2404039	3120	1
JC	479	Picture	10	2409919	0	1	3166	2	0	3000	other	0
JC	480	Response	2	2414195	943	1
JC	481	Picture	21	2418752	0	1	3166	2	0	3000	other	0
JC	482	Response	2	2423101	1016	1
JC	483	Picture	10	2429251	0	1	3167	2	0	3000	other	0
JC	484	Response	2	2433101	517	1
JC	484	Response	1	2434038	1454	1
JC	485	Picture	20	2439751	0	1	3166	2	0	3000	other	0
JC	486	Response	2	2444351	1267	1
JC	487	Picture	21	2449917	0	1	3167	2	0	3000	other	0
JC	488	Response	2	2455913	2663	2
JC	489	Picture	10	2458584	0	1	3166	2	0	3000	other	0
JC	490	Response	1	2466225	4308	1
JC	491	Picture	20	2469917	0	1	3166	2	0	3000	other	0
JC	492	Response	2	2474662	1412	2
JC	493	Picture	11	2481083	0	1	3166	2	0	3000	other	0
JC	494	Response	1	2484819	403	1
JC	495	Picture	11	2491416	0	1	3166	2	0	3000	other	0
JC	496	Response	2	2495132	383	1
JC	497	Picture	20	2500749	0	1	3166	2	0	3000	other	0
JC	498	Response	2	2505600	1518	1
JC	499	Picture	20	2511915	0	1	3167	2	0	3000	other	0
JC	500	Response	2	2516693	1445	1
JC	501	Picture	11	2520415	0	1	3166	2	0	3000	other	0
JC	502	Response	1	2526068	2320	1
JC	503	Picture	21	2530914	0	2	3167	3	0	3000	other	0
JC	504	Response	2	2536538	2290	2
JC	505	Picture	11	2540414	0	1	3167	2	0	3000	other	0
JC	506	Response	1	2545443	1696	1
JC	507	Picture	20	2549747	0	1	3167	2	0	3000	other	0
JC	508	Response	2	2554193	1113	1
JC	509	Picture	11	2560580	0	1	3167	2	0	3000	other	0
JC	510	Response	1	2566539	2626	1
JC	511	Picture	20	2571580	0	1	3166	2	0	3000	other	0
JC	512	Response	2	2576849	1936	1
JC	513	Picture	10	2582746	0	1	3167	2	0	3000	other	0
JC	514	Response	1	2587630	1551	1
JC	515	Picture	11	2593912	0	1	3167	2	0	3000	other	0
JC	516	Response	1	2599349	2103	1
JC	517	Picture	20	2604079	0	1	3166	2	0	3000	other	0
JC	518	Response	2	2608951	1539	1
JC	519	Picture	20	2613245	0	1	3167	2	0	3000	other	0
JC	520	Response	2	2617317	739	1
JC	521	Picture	21	2624078	0	1	3167	2	0	3000	other	0
JC	522	Response	1	2628567	1156	1
JC	523	Picture	11	2633244	0	1	3167	2	0	3000	other	0
JC	524	Response	1	2638411	1833	1
JC	525	Picture	20	2641911	0	1	3166	2	0	3000	other	0
JC	526	Response	2	2646067	823	1
JC	527	Picture	11	2650910	0	2	3167	3	0	3000	other	0
JC	528	Response	1	2655598	1354	1
JC	529	Picture	20	2662243	0	2	3167	3	0	3000	other	0
JC	530	Response	2	2666066	489	1
JC	531	Picture	10	2673243	0	1	3167	2	0	3000	other	0
JC	532	Response	1	2677629	1053	1
JC	533	Picture	21	2683576	0	1	3167	2	0	3000	other	0
JC	534	Response	2	2687473	564	1
JC	535	Picture	21	2692076	0	1	3166	2	0	3000	other	0
JC	536	Response	2	2696378	969	2
JC	537	Picture	11	2702075	0	2	3167	3	0	3000	other	0
JC	537	Response	1	2705128	3053	2
JC	539	Picture	21	2710908	0	2	3167	3	0	3000	other	0
JC	540	Response	2	2714503	261	1
JC	541	Picture	10	2722075	0	1	3166	2	0	3000	other	0
JC	542	Response	1	2728253	2845	1
JC	543	Picture	20	2732741	0	1	3167	2	0	3000	other	0
JC	544	Response	2	2736222	148	1
JC	545	Picture	11	2741741	0	1	3166	2	0	3000	other	0
JC	546	Response	1	2747784	2710	1
JC	547	Picture	10	2751407	0	1	3167	2	0	3000	other	0
JC	548	Response	1	2759659	4919	1
JC	549	Picture	20	2759907	0	1	3166	2	0	3000	other	0
JC	550	Response	2	2765284	2044	1
JC	551	Picture	20	2768573	0	1	3167	2	0	3000	other	0
JC	552	Response	2	2773409	1503	1
JC	553	Picture	20	2777906	0	1	3167	2	0	3000	other	0
JC	554	Response	2	2782161	922	1
JC	555	Picture	11	2789073	0	1	3166	2	0	3000	other	0
JC	556	Response	1	2793877	1471	1
JC	557	Picture	21	2799572	0	1	3167	2	0	3000	other	0
JC	557	Response	2	2802783	3211	2
JC	559	Picture	20	2809405	0	1	3167	2	0	3000	other	0
JC	560	Response	2	2812939	201	1
JC	561	Picture	21	2820571	0	2	3167	3	0	3000	other	0
JC	561	Response	1	2823721	3150	1
JC	563	Picture	21	2831071	0	1	3167	2	0	3000	other	0
JC	564	Response	2	2834971	567	1
JC	565	Picture	11	2841237	0	2	3167	3	0	3000	other	0
JC	566	Response	1	2845908	1337	1
JC	567	Picture	20	2852070	0	2	3167	3	0	3000	other	0
JC	568	Response	2	2855908	504	1
JC	569	Picture	10	2863403	0	1	3167	2	0	3000	other	0
JC	570	Response	1	2867470	733	1
JC	571	Picture	21	2874570	0	1	3166	2	0	3000	other	0
JC	571	Response	2	2877627	3057	1
JC	573	Picture	20	2883569	0	1	3167	2	0	3000	other	0
JC	573	Response	1	2886688	3119	2
JC	575	Picture	20	2894902	0	1	3167	2	0	3000	other	0
JC	576	Response	2	2899032	796	1
JC	577	Picture	20	2905402	0	1	3167	2	0	3000	other	0
JC	577	Response	2	2908719	3317	1
JC	579	Picture	21	2916542	0	29	3026	30	0	3000	other	0
JC	580	Response	2	2920438	703	1
JC	581	Picture	21	2926735	0	1	3166	2	0	3000	other	0
JC	582	Response	2	2930750	682	1
JC	583	Picture	10	2935901	0	1	3167	2	0	3000	other	0
JC	584	Response	1	2940906	1672	2
JC	585	Picture	10	2947234	0	1	3166	3	0	3000	other	0
JC	586	Response	1	2952469	1902	1
JC	587	Picture	10	2957900	0	1	3167	2	0	3000	other	0
JC	588	Response	1	2962469	1236	1
JC	589	Picture	11	2966567	0	1	3166	2	0	3000	other	0
JC	590	Response	1	2971218	1318	2
JC	591	Picture	20	2976566	0	1	3167	2	0	3000	other	0
JC	592	Response	1	2979973	74	1
JC	593	Picture	20	2985566	0	1	3167	2	0	3000	other	0
JC	594	Response	2	2989188	289	1
JC	595	Picture	10	2994732	0	1	3167	2	0	3000	other	0
JC	596	Response	1	2999812	1746	1
JC	597	Picture	10	3003899	0	1	3166	2	0	3000	other	0
JC	598	Response	1	3009031	1799	1
JC	599	Picture	11	3013065	0	1	3167	2	0	3000	other	0
JC	600	Response	1	3018874	2476	2
JC	601	Picture	21	3023565	0	1	3166	2	0	3000	other	0
JC	602	Response	2	3027936	1038	2


Event Type	Code	Type	Response	RT	RT Uncertainty	Time	Uncertainty	Duration	Uncertainty	ReqTime	ReqDur

Picture	11	other				10499	1	3166	2	0	3000
Picture	10	other				20998	1	3167	2	0	3000
Picture	10	other				30165	1	3166	2	0	3000
Picture	20	other				40331	1	3167	2	0	3000
Picture	11	other				50664	1	3167	2	0	3000
Picture	11	other				60664	1	3166	2	0	3000
Picture	21	other				71663	1	3167	2	0	3000
Picture	11	other				81330	1	3166	2	0	3000
Picture	21	other				91329	1	3167	2	0	3000
Picture	21	other				102329	1	3166	3	0	3000
Picture	10	other				111495	1	3167	2	0	3000
Picture	11	other				119995	1	3167	2	0	3000
Picture	10	other				130161	1	3167	2	0	3000
Picture	10	other				141661	1	3166	3	0	3000
Picture	21	other				151661	1	3166	2	0	3000
Picture	11	other				161994	1	3166	2	0	3000
Picture	11	other				171160	1	3166	3	0	3000
Picture	21	other				181660	1	3166	2	0	3000
Picture	10	other				192993	1	3166	2	0	3000
Picture	10	other				202326	1	3166	2	0	3000
Picture	20	other				210992	1	3166	3	0	3000
Picture	21	other				222325	1	3166	3	0	3000
Picture	21	other				232491	1	3167	2	0	3000
Picture	21	other				242824	1	3167	2	0	3000
Picture	20	other				251657	1	3167	2	0	3000
Picture	20	other				261990	1	3167	2	0	3000
Picture	10	other				270823	1	3167	2	0	3000
Picture	21	other				279323	1	3167	2	0	3000
Picture	10	other				290323	1	3166	2	0	3000
Picture	21	other				299156	1	3166	2	0	3000
Picture	21	other				310489	1	3166	2	0	3000
Picture	21	other				320822	1	3166	2	0	3000
Picture	10	other				330488	1	3167	2	0	3000
Picture	11	other				341821	1	3166	3	0	3000
Picture	11	other				351321	1	3166	2	0	3000
Picture	21	other				361487	1	3166	3	0	3000
Picture	21	other				372487	1	3166	2	0	3000
Picture	11	other				382820	1	3166	2	0	3000
Picture	11	other				393986	1	3166	2	0	3000
Picture	20	other				404319	1	3166	2	0	3000
Picture	20	other				415652	1	3166	2	0	3000
Picture	21	other				425818	1	3167	2	0	3000
Picture	10	other				435318	1	3166	2	0	3000
Picture	11	other				444651	1	3166	2	0	3000
Picture	10	other				454984	1	3166	2	0	3000
Picture	10	other				463650	1	3167	2	0	3000
Picture	10	other				473150	1	3166	2	0	3000
Picture	21	other				483650	1	3166	2	0	3000
Picture	21	other				494316	1	3166	2	0	3000
Picture	20	other				505149	1	3166	2	0	3000
Picture	10	other				514315	1	3167	2	0	3000
Picture	10	other				523981	2	3167	3	0	3000
Picture	21	other				533815	1	3166	2	0	3000
Picture	10	other				543981	1	3166	2	0	3000
Picture	21	other				553481	1	3166	2	0	3000
Picture	11	other				564813	2	3167	3	0	3000
Picture	11	other				575313	1	3167	2	0	3000
Picture	10	other				584813	1	3166	2	0	3000
Picture	11	other				595479	1	3167	2	0	3000
Picture	10	other				605979	1	3166	2	0	3000
Picture	20	other				616145	1	3167	2	0	3000
Picture	10	other				626811	1	3167	2	0	3000
Picture	11	other				637644	1	3167	2	0	3000
Picture	21	other				646477	1	3167	2	0	3000
Picture	10	other				654977	1	3167	2	0	3000
Picture	21	other				663477	1	3166	2	0	3000
Picture	20	other				672310	1	3166	2	0	3000
Picture	21	other				682809	2	3167	3	0	3000
Picture	11	other				691976	1	3166	2	0	3000
Picture	10	other				702142	1	3167	2	0	3000
Picture	21	other				711975	1	3167	2	0	3000
Picture	11	other				723308	1	3167	2	0	3000
Picture	10	other				734474	2	3167	3	0	3000
Picture	20	other				742974	1	3167	2	0	3000
Picture	21	other				753640	2	3167	3	0	3000
Picture	20	other				763140	1	3167	2	0	3000
Picture	10	other				774140	1	3166	2	0	3000
Picture	21	other				784806	1	3167	2	0	3000
Picture	21	other				794139	1	3167	2	0	3000
Picture	10	other				804139	1	3166	2	0	3000
Picture	21	other				815305	1	3167	2	0	3000
Picture	10	other				826138	1	3167	2	0	3000
Picture	20	other				834638	1	3166	2	0	3000
Picture	21	other				845971	1	3166	2	0	3000
Picture	20	other				855137	1	3167	2	0	3000
Picture	10	other				866470	1	3167	2	0	3000
Picture	11	other				875303	1	3167	2	0	3000
Picture	20	other				885303	1	3166	2	0	3000
Picture	11	other				895469	1	3167	2	0	3000
Picture	11	other				905469	1	3166	2	0	3000
Picture	21	other				916135	1	3167	2	0	3000
Picture	21	other				927468	1	3167	2	0	3000
Picture	10	other				938134	1	3167	2	0	3000
Picture	21	other				947301	1	3166	2	0	3000
Picture	21	other				958134	1	3166	2	0	3000
Picture	11	other				967300	1	3167	2	0	3000
Picture	21	other				978300	1	3166	2	0	3000
Picture	11	other				987133	1	3166	2	0	3000
Picture	10	other				997299	1	3167	2	0	3000
Picture	21	other				1007465	1	3167	2	0	3000
Picture	11	other				1018298	1	3167	2	0	3000
Picture	10	other				1027465	1	3166	2	0	3000
Picture	10	other				1037298	1	3166	2	0	3000
Picture	11	other				1048631	1	3166	2	0	3000
Picture	10	other				1057797	1	3167	2	0	3000
Picture	10	other				1068130	1	3167	2	0	3000
Picture	10	other				1077963	1	3167	2	0	3000
Picture	11	other				1087629	1	3167	2	0	3000
Picture	21	other				1097462	1	3167	2	0	3000
Picture	11	other				1105962	1	3167	2	0	3000
Picture	10	other				1114795	1	3167	2	0	3000
Picture	10	other				1124795	1	3166	2	0	3000
Picture	10	other				1135628	1	3166	2	0	3000
Picture	11	other				1145127	2	3167	3	0	3000
Picture	21	other				1155794	1	3166	2	0	3000
Picture	11	other				1164460	1	3167	2	0	3000
Picture	10	other				1174293	1	3167	2	0	3000
Picture	20	other				1185459	2	3167	3	0	3000
Picture	20	other				1193959	1	3167	2	0	3000
Picture	21	other				1205125	2	3167	3	0	3000
Picture	11	other				1216292	1	3166	2	0	3000
Picture	11	other				1225291	2	3167	3	0	3000
Picture	10	other				1235124	2	3167	3	0	3000
Picture	11	other				1245291	1	3166	2	0	3000
Picture	11	other				1256124	1	3166	2	0	3000
Picture	21	other				1266123	1	3167	2	0	3000
Picture	21	other				1276790	1	3166	2	0	3000
Picture	10	other				1285289	1	3167	2	0	3000
Picture	10	other				1295122	1	3167	2	0	3000
Picture	21	other				1305122	1	3167	2	0	3000
Picture	20	other				1315455	1	3167	2	0	3000
Picture	11	other				1325621	1	3167	2	0	3000
Picture	11	other				1335454	1	3167	2	0	3000
Picture	20	other				1344954	1	3167	2	0	3000
Picture	10	other				1354787	1	3167	2	0	3000
Picture	21	other				1364120	1	3167	2	0	3000
Picture	11	other				1373953	1	3167	2	0	3000
Picture	11	other				1382453	1	3166	2	0	3000
Picture	11	other				1392619	1	3167	2	0	3000
Picture	10	other				1401619	1	3166	2	0	3000
Picture	21	other				1411119	1	3166	2	0	3000
Picture	10	other				1420785	1	3166	2	0	3000
Picture	10	other				1431785	1	3166	2	0	3000
Picture	11	other				1442451	1	3166	2	0	3000
Picture	11	other				1453117	1	3167	2	0	3000
Picture	21	other				1463783	2	3167	3	0	3000
Picture	21	other				1474450	1	3166	2	0	3000
Picture	11	other				1485616	1	3167	2	0	3000
Picture	11	other				1494116	1	3166	2	0	3000
Picture	21	other				1504782	1	3167	2	0	3000
Picture	21	other				1534281	1	3167	2	0	3000
Picture	10	other				1544447	2	3167	3	0	3000
Picture	20	other				1554280	2	3167	3	0	3000
Picture	10	other				1565113	1	3167	2	0	3000
Picture	11	other				1574613	1	3167	2	0	3000
Picture	20	other				1583279	2	3167	3	0	3000
Picture	21	other				1593612	2	3167	3	0	3000
Picture	11	other				1603279	1	3166	2	0	3000
Picture	10	other				1613112	1	3166	2	0	3000
Picture	11	other				1624611	1	3167	2	0	3000
Picture	10	other				1635444	1	3167	2	0	3000
Picture	11	other				1645444	1	3167	2	0	3000
Picture	21	other				1654277	1	3167	2	0	3000
Picture	10	other				1662943	2	3167	3	0	3000
Picture	21	other				1671943	1	3167	2	0	3000
Picture	10	other				1682943	1	3166	2	0	3000
Picture	10	other				1694109	1	3167	2	0	3000
Picture	21	other				1704109	1	3166	2	0	3000
Picture	11	other				1713775	1	3167	2	0	3000
Picture	20	other				1722608	1	3167	2	0	3000
Picture	11	other				1732941	1	3167	2	0	3000
Picture	10	other				1743274	1	3167	2	0	3000
Picture	20	other				1753607	1	3167	2	0	3000
Picture	11	other				1764607	1	3166	2	0	3000
Picture	20	other				1774940	1	3166	2	0	3000
Picture	20	other				1784606	1	3167	2	0	3000
Picture	21	other				1793772	2	3167	3	0	3000
Picture	11	other				1804272	1	3167	2	0	3000
Picture	21	other				1814772	1	3166	2	0	3000
Picture	10	other				1825438	1	3167	2	0	3000
Picture	11	other				1834771	1	3167	2	0	3000
Picture	11	other				1844937	1	3167	2	0	3000
Picture	11	other				1856104	1	3166	2	0	3000
Picture	21	other				1867270	1	3167	2	0	3000
Picture	21	other				1878436	1	3167	2	0	3000
Picture	10	other				1888769	1	3167	2	0	3000
Picture	21	other				1897269	1	3167	2	0	3000
Picture	20	other				1906269	1	3166	2	0	3000
Picture	11	other				1917102	1	3166	2	0	3000
Picture	10	other				1925601	1	3167	2	0	3000
Picture	20	other				1934601	1	3167	2	0	3000
Picture	21	other				1944101	1	3166	2	0	3000
Picture	20	other				1953434	1	3166	2	0	3000
Picture	11	other				1963933	2	3167	3	0	3000
Picture	11	other				1974433	1	3167	2	0	3000
Picture	11	other				1983433	1	3166	2	0	3000
Picture	21	other				1992099	1	3167	2	0	3000
Picture	20	other				2000932	1	3167	2	0	3000
Picture	20	other				2011432	1	3166	2	0	3000
Picture	21	other				2020432	1	3166	2	0	3000
Picture	20	other				2029265	1	3166	2	0	3000
Picture	21	other				2038764	1	3167	2	0	3000
Picture	20	other				2047264	1	3167	2	0	3000
Picture	10	other				2057764	1	3166	2	0	3000
Picture	10	other				2067263	1	3167	2	0	3000
Picture	11	other				2076263	1	3167	2	0	3000
Picture	21	other				2087596	1	3167	2	0	3000
Picture	10	other				2096762	1	3167	2	0	3000
Picture	10	other				2107929	1	3166	2	0	3000
Picture	21	other				2117262	1	3166	2	0	3000
Picture	11	other				2128428	1	3166	3	0	3000
Picture	21	other				2139428	1	3166	2	0	3000
Picture	21	other				2149261	1	3166	2	0	3000
Picture	20	other				2159760	1	3167	2	0	3000
Picture	11	other				2169093	1	3167	2	0	3000
Picture	11	other				2178093	1	3167	2	0	3000
Picture	21	other				2189426	1	3166	2	0	3000
Picture	11	other				2199926	1	3166	2	0	3000
Picture	20	other				2208925	1	3167	2	0	3000
Picture	10	other				2217925	1	3166	3	0	3000
Picture	21	other				2228091	1	3167	2	0	3000
Picture	20	other				2238924	1	3167	2	0	3000
Picture	20	other				2250257	1	3167	2	0	3000
Picture	21	other				2260424	1	3166	2	0	3000
Picture	10	other				2271423	1	3167	2	0	3000
Picture	11	other				2281090	1	3166	2	0	3000
Picture	20	other				2292422	2	3167	3	0	3000
Picture	10	other				2302755	2	3167	3	0	3000
Picture	21	other				2311422	1	3166	2	0	3000
Picture	11	other				2322088	1	3167	2	0	3000
Picture	21	other				2332254	2	3167	3	0	3000
Picture	10	other				2342587	2	3167	3	0	3000
Picture	21	other				2352587	1	3167	2	0	3000
Picture	20	other				2362920	1	3167	2	0	3000
Picture	21	other				2372086	2	3167	3	0	3000
Picture	10	other				2381586	1	3167	2	0	3000
Picture	20	other				2391086	1	3166	2	0	3000
Picture	10	other				2400919	1	3166	2	0	3000
Picture	10	other				2409919	1	3166	2	0	3000
Picture	21	other				2418752	1	3166	2	0	3000
Picture	10	other				2429251	1	3167	2	0	3000
Picture	20	other				2439751	1	3166	2	0	3000
Picture	21	other				2449917	1	3167	2	0	3000
Picture	10	other				2458584	1	3166	2	0	3000
Picture	20	other				2469917	1	3166	2	0	3000
Picture	11	other				2481083	1	3166	2	0	3000
Picture	11	other				2491416	1	3166	2	0	3000
Picture	20	other				2500749	1	3166	2	0	3000
Picture	20	other				2511915	1	3167	2	0	3000
Picture	11	other				2520415	1	3166	2	0	3000
Picture	21	other				2530914	2	3167	3	0	3000
Picture	11	other				2540414	1	3167	2	0	3000
Picture	20	other				2549747	1	3167	2	0	3000
Picture	11	other				2560580	1	3167	2	0	3000
Picture	20	other				2571580	1	3166	2	0	3000
Picture	10	other				2582746	1	3167	2	0	3000
Picture	11	other				2593912	1	3167	2	0	3000
Picture	20	other				2604079	1	3166	2	0	3000
Picture	20	other				2613245	1	3167	2	0	3000
Picture	21	other				2624078	1	3167	2	0	3000
Picture	11	other				2633244	1	3167	2	0	3000
Picture	20	other				2641911	1	3166	2	0	3000
Picture	11	other				2650910	2	3167	3	0	3000
Picture	20	other				2662243	2	3167	3	0	3000
Picture	10	other				2673243	1	3167	2	0	3000
Picture	21	other				2683576	1	3167	2	0	3000
Picture	21	other				2692076	1	3166	2	0	3000
Picture	11	other				2702075	2	3167	3	0	3000
Picture	21	other				2710908	2	3167	3	0	3000
Picture	10	other				2722075	1	3166	2	0	3000
Picture	20	other				2732741	1	3167	2	0	3000
Picture	11	other				2741741	1	3166	2	0	3000
Picture	10	other				2751407	1	3167	2	0	3000
Picture	20	other				2759907	1	3166	2	0	3000
Picture	20	other				2768573	1	3167	2	0	3000
Picture	20	other				2777906	1	3167	2	0	3000
Picture	11	other				2789073	1	3166	2	0	3000
Picture	21	other				2799572	1	3167	2	0	3000
Picture	20	other				2809405	1	3167	2	0	3000
Picture	21	other				2820571	2	3167	3	0	3000
Picture	21	other				2831071	1	3167	2	0	3000
Picture	11	other				2841237	2	3167	3	0	3000
Picture	20	other				2852070	2	3167	3	0	3000
Picture	10	other				2863403	1	3167	2	0	3000
Picture	21	other				2874570	1	3166	2	0	3000
Picture	20	other				2883569	1	3167	2	0	3000
Picture	20	other				2894902	1	3167	2	0	3000
Picture	20	other				2905402	1	3167	2	0	3000
Picture	21	other				2916542	29	3026	30	0	3000
Picture	21	other				2926735	1	3166	2	0	3000
Picture	10	other				2935901	1	3167	2	0	3000
Picture	10	other				2947234	1	3166	3	0	3000
Picture	10	other				2957900	1	3167	2	0	3000
Picture	11	other				2966567	1	3166	2	0	3000
Picture	20	other				2976566	1	3167	2	0	3000
Picture	20	other				2985566	1	3167	2	0	3000
Picture	10	other				2994732	1	3167	2	0	3000
Picture	10	other				3003899	1	3166	2	0	3000
Picture	11	other				3013065	1	3167	2	0	3000
Picture	21	other				3023565	1	3166	2	0	3000
