Scenario - EFT lento Abril 2011
Logfile written - 07/30/2012 11:20:45

Subject	Trial	Event Type	Code	Time	TTime	Uncertainty	Duration	Uncertainty	ReqTime	ReqDur	Stim Type	Pair Index

JC	2	Picture	21	10499	0	1	3166	2	0	3000	other	0
JC	3	Response	2	17637	3805	2
JC	4	Picture	10	42664	0	1	3167	2	0	3000	other	0
JC	5	Response	1	47325	1328	1
JC	6	Picture	11	82330	0	1	3166	2	0	3000	other	0
JC	7	Response	2	85918	255	1
JC	7	Response	1	89824	4161	1
JC	8	Picture	21	120162	0	1	3166	2	0	3000	other	0
JC	9	Response	2	124199	704	1
JC	10	Picture	10	151661	0	1	3166	2	0	3000	other	0
JC	11	Response	2	156698	1704	1
JC	12	Picture	21	182326	0	1	3167	2	0	3000	other	0
JC	13	Response	2	185917	258	1
JC	14	Picture	11	213992	0	1	3166	2	0	3000	other	0
JC	15	Response	1	218416	1091	1
JC	16	Picture	10	250157	0	1	3167	2	0	3000	other	0
JC	17	Response	1	254826	1335	1
JC	18	Picture	10	279323	0	1	3167	2	0	3000	other	0
JC	19	Response	2	283571	915	2
JC	20	Picture	21	309155	0	1	3167	2	0	3000	other	0
JC	21	Response	1	313727	1238	2
JC	22	Picture	10	341321	0	1	3166	2	0	3000	other	0
JC	23	Response	2	346070	1416	2
JC	24	Picture	11	376820	0	1	3166	2	0	3000	other	0
JC	25	Response	1	381382	1229	1
JC	26	Picture	10	408319	0	1	3166	2	0	3000	other	0
JC	27	Response	1	412945	1293	1
JC	28	Picture	11	443651	0	1	3166	2	0	3000	other	0
JC	29	Response	1	447632	648	1
JC	30	Picture	20	475483	0	1	3167	2	0	3000	other	0
JC	31	Response	2	481381	2565	2
JC	32	Picture	11	512815	0	1	3167	2	0	3000	other	0
JC	33	Response	1	517943	1795	1
JC	34	Picture	21	547314	0	1	3167	2	0	3000	other	0
JC	35	Response	2	552943	2296	1
JC	36	Picture	11	581646	0	1	3167	2	0	3000	other	0
JC	37	Response	1	585911	932	1
JC	38	Picture	21	619978	0	1	3167	2	0	3000	other	0
JC	39	Response	2	624973	1662	1
JC	40	Picture	21	652310	0	2	3167	3	0	3000	other	0
JC	41	Response	2	656067	423	1
JC	42	Picture	21	683976	0	1	3167	2	0	3000	other	0
JC	43	Response	2	688410	1101	1
JC	44	Picture	10	717475	0	1	3167	2	0	3000	other	0
JC	45	Response	2	721378	570	1
JC	46	Picture	21	750974	0	1	3166	2	0	3000	other	0
JC	47	Response	2	754819	512	1
JC	48	Picture	11	785639	0	1	3167	2	0	3000	other	0
JC	49	Response	1	789659	686	2
JC	50	Picture	20	819805	0	1	3166	2	0	3000	other	0
JC	51	Response	2	825908	2770	1
JC	52	Picture	11	849637	0	1	3167	2	0	3000	other	0
JC	53	Response	1	854033	1063	1
JC	54	Picture	21	885803	0	1	3166	2	0	3000	other	0
JC	55	Response	2	890282	1146	1
JC	56	Picture	20	920135	0	1	3166	2	0	3000	other	0
JC	57	Response	2	925125	1657	1
JC	58	Picture	10	952634	0	1	3166	2	0	3000	other	0
JC	59	Response	2	958719	2752	1
JC	60	Picture	10	984466	0	1	3167	2	0	3000	other	0
JC	61	Response	1	989499	1700	1
JC	62	Picture	11	1017632	0	1	3166	2	0	3000	other	0
JC	63	Response	1	1022780	1815	1
JC	64	Picture	11	1056464	0	1	3166	2	0	3000	other	0
JC	65	Response	1	1061373	1576	1
JC	66	Picture	21	1092629	0	1	3167	2	0	3000	other	0
JC	67	Response	2	1097154	1192	1
JC	68	Picture	10	1126961	0	1	3167	2	0	3000	other	0
JC	69	Response	1	1131685	1391	1
JC	70	Picture	11	1159293	0	2	3167	3	0	3000	other	0
JC	71	Response	2	1163716	1089	1
JC	72	Picture	11	1192292	0	1	3167	2	0	3000	other	0
JC	73	Response	1	1197309	1683	1
JC	74	Picture	11	1222625	0	1	3166	2	0	3000	other	0
JC	75	Response	1	1226996	1038	2
JC	76	Picture	20	1262457	0	1	3166	2	0	3000	other	0
JC	77	Response	2	1267465	1675	1
JC	78	Picture	10	1300289	0	1	3166	2	0	3000	other	0
JC	79	Response	2	1303870	248	1
JC	80	Picture	20	1335454	0	1	3167	2	0	3000	other	0
JC	81	Response	2	1340276	1489	1
JC	82	Picture	10	1373453	0	1	3167	2	0	3000	other	0
JC	83	Response	1	1377932	1146	1
JC	84	Picture	11	1413452	0	1	3166	2	0	3000	other	0
JC	85	Response	1	1418400	1615	1
JC	86	Picture	10	1450117	0	1	3167	2	0	3000	other	0
JC	87	Response	1	1456681	3231	1
JC	88	Picture	20	1486949	0	1	3167	2	0	3000	other	0
JC	89	Response	2	1492305	2023	1
JC	90	Picture	20	1523615	0	1	3166	2	0	3000	other	0
JC	91	Response	1	1528242	1294	2
JC	91	Response	2	1529025	2077	1
JC	92	Picture	10	1557447	0	1	3166	2	0	3000	other	0
JC	93	Response	1	1562930	2150	1
JC	94	Picture	21	1594946	0	1	3166	2	0	3000	other	0
JC	95	Response	2	1599491	1212	2
JC	96	Picture	21	1634444	0	1	3167	2	0	3000	other	0
JC	97	Response	2	1638866	1089	1
JC	98	Picture	10	1667943	0	1	3167	2	0	3000	other	0
JC	99	Response	1	1672928	1652	1
JC	100	Picture	20	1697442	0	1	3167	2	0	3000	other	0
JC	101	Response	2	1702146	1371	1
JC	102	Picture	10	1732608	0	1	3166	2	0	3000	other	0
JC	103	Response	1	1736990	1049	1
JC	104	Picture	10	1769940	0	1	3166	2	0	3000	other	0
JC	105	Response	1	1775582	2309	2
JC	106	Picture	21	1809105	0	1	3167	2	0	3000	other	0
JC	107	Response	2	1813707	1269	1
JC	108	Picture	11	1841771	0	1	3166	2	0	3000	other	0
JC	109	Response	2	1846519	1415	1
JC	109	Response	1	1846988	1884	1
JC	110	Picture	10	1870270	0	1	3166	2	0	3000	other	0
JC	111	Response	1	1875894	2291	1
JC	112	Picture	20	1905102	0	1	3166	2	0	3000	other	0
JC	113	Response	2	1910268	1833	1
JC	114	Picture	10	1936101	0	1	3166	2	0	3000	other	0
JC	115	Response	1	1942299	2865	2
JC	116	Picture	20	1973766	0	1	3167	2	0	3000	other	0
JC	117	Response	2	1978861	1762	2
JC	118	Picture	10	2004765	0	1	3167	2	0	3000	other	0
JC	119	Response	1	2009173	1075	1
JC	120	Picture	11	2039097	0	1	3167	2	0	3000	other	0
JC	121	Response	1	2043704	1273	1
JC	122	Picture	11	2071430	0	1	3166	2	0	3000	other	0
JC	123	Response	1	2076516	1753	1
JC	124	Picture	11	2102095	0	1	3167	2	0	3000	other	0
JC	125	Response	1	2106516	1088	1
JC	126	Picture	21	2132761	0	1	3166	3	0	3000	other	0
JC	127	Response	2	2137297	1203	1
JC	128	Picture	20	2163760	0	1	3166	2	0	3000	other	0
JC	129	Response	2	2168859	1766	1
JC	130	Picture	10	2197425	0	2	3167	3	0	3000	other	0
JC	131	Response	1	2202452	1693	1
JC	132	Picture	20	2231591	0	1	3166	3	0	3000	other	0
JC	133	Response	2	2236358	1434	1
JC	134	Picture	11	2270090	0	1	3166	2	0	3000	other	0
JC	135	Response	1	2274482	1059	1
JC	136	Picture	10	2302922	0	1	3166	2	0	3000	other	0
JC	137	Response	2	2307451	1196	1
JC	138	Picture	21	2342921	0	1	3166	2	0	3000	other	0
JC	139	Response	2	2348231	1977	2
JC	140	Picture	10	2373253	0	1	3166	2	0	3000	other	0
JC	141	Response	1	2377762	1176	1
JC	142	Picture	21	2406752	0	1	3166	2	0	3000	other	0
JC	143	Response	2	2411043	958	1
JC	144	Picture	20	2445084	0	1	3166	2	0	3000	other	0
JC	145	Response	1	2449324	907	1
JC	146	Picture	20	2475083	0	1	3166	2	0	3000	other	0
JC	147	Response	2	2479480	1064	1
JC	148	Picture	11	2507748	0	1	3167	2	0	3000	other	0
JC	149	Response	1	2512761	1679	1
JC	150	Picture	10	2536581	0	1	3166	2	0	3000	other	0
JC	151	Response	1	2541979	2065	1
JC	152	Picture	11	2576246	0	1	3167	2	0	3000	other	0
JC	153	Response	1	2581822	2243	1
JC	154	Picture	21	2610412	0	1	3166	2	0	3000	other	0
JC	155	Response	2	2615103	1358	1
JC	156	Picture	10	2649577	0	1	3167	2	0	3000	other	0
JC	157	Response	1	2656040	3130	1
JC	157	Response	2	2657446	4536	1
JC	158	Picture	21	2689409	0	1	3167	2	0	3000	other	0
JC	159	Response	2	2694477	1735	1
JC	160	Picture	20	2726074	0	1	3167	2	0	3000	other	0
JC	161	Response	2	2731507	2099	2
JC	162	Picture	21	2755073	0	2	3167	3	0	3000	other	0
JC	163	Response	2	2759945	1538	1
JC	164	Picture	10	2789406	0	1	3166	2	0	3000	other	0
JC	165	Response	1	2794632	1893	1
JC	166	Picture	11	2822238	0	1	3166	2	0	3000	other	0
JC	167	Response	1	2828381	2810	2
JC	168	Picture	11	2856403	0	1	3167	2	0	3000	other	0
JC	169	Response	1	2862287	2550	1
JC	170	Picture	11	2890569	0	1	3166	3	0	3000	other	0
JC	171	Response	1	2895568	1666	1
JC	172	Picture	21	2929068	0	1	3166	2	0	3000	other	0
JC	173	Response	2	2934319	1918	2
JC	174	Picture	21	2965233	0	1	3167	2	0	3000	other	0
JC	175	Response	2	2969473	907	1
JC	176	Picture	10	2994899	0	1	3166	2	0	3000	other	0
JC	177	Response	1	3000410	2178	2
JC	178	Picture	21	3033897	0	2	3167	3	0	3000	other	0
JC	179	Response	2	3038535	1304	1
JC	180	Picture	10	3068563	0	1	3167	2	0	3000	other	0
JC	181	Response	1	3073690	1794	2
JC	182	Picture	21	3107062	0	1	3166	2	0	3000	other	0
JC	183	Response	2	3111034	639	1
JC	184	Picture	21	3144394	0	1	3166	2	0	3000	other	0
JC	185	Response	2	3148846	1119	1
JC	186	Picture	11	3174726	0	1	3167	2	0	3000	other	0
JC	187	Response	1	3179470	1411	2
JC	188	Picture	11	3204558	0	1	3167	2	0	3000	other	0
JC	189	Response	2	3208532	640	1
JC	190	Picture	11	3241224	0	1	3166	2	0	3000	other	0
JC	191	Response	1	3245563	1006	1
JC	192	Picture	10	3280556	0	1	3166	2	0	3000	other	0
JC	193	Response	1	3285563	1674	1
JC	194	Picture	10	3314555	0	1	3166	2	0	3000	other	0
JC	195	Response	2	3318688	800	1
JC	196	Picture	21	3345054	0	1	3166	2	0	3000	other	0
JC	197	Response	2	3349468	1081	1
JC	198	Picture	20	3379219	0	1	3167	2	0	3000	other	0
JC	199	Response	2	3384468	1916	1
JC	200	Picture	21	3419551	0	1	3167	2	0	3000	other	0
JC	201	Response	2	3423530	646	1
JC	202	Picture	21	3454383	0	1	3167	2	0	3000	other	0
JC	203	Response	2	3459154	1437	2
JC	204	Picture	20	3483049	0	1	3167	2	0	3000	other	0
JC	205	Response	2	3488842	2460	1
JC	206	Picture	11	3516215	0	1	3166	2	0	3000	other	0
JC	207	Response	1	3520560	1012	1
JC	208	Picture	20	3549547	0	1	3166	2	0	3000	other	0
JC	209	Response	2	3554153	1273	1
JC	210	Picture	21	3584046	0	1	3166	2	0	3000	other	0
JC	211	Response	2	3588840	1461	1
JC	212	Picture	20	3622378	0	1	3166	2	0	3000	other	0
JC	213	Response	2	3627120	1409	2
JC	214	Picture	11	3653043	0	2	3167	3	0	3000	other	0
JC	215	Response	1	3658370	1993	2
JC	216	Picture	20	3691709	0	1	3166	2	0	3000	other	0
JC	217	Response	2	3696026	984	1
JC	218	Picture	21	3730707	0	2	3167	3	0	3000	other	0
JC	219	Response	2	3734932	891	1
JC	220	Picture	21	3770873	0	1	3166	2	0	3000	other	0
JC	221	Response	2	3775400	1194	1
JC	222	Picture	20	3800538	0	2	3167	3	0	3000	other	0
JC	223	Response	2	3805868	1996	2
JC	224	Picture	21	3840037	0	1	3167	2	0	3000	other	0
JC	225	Response	2	3843993	623	1
JC	226	Picture	21	3879036	0	1	3166	2	0	3000	other	0
JC	227	Response	2	3883211	842	1
JC	228	Picture	21	3911368	0	1	3167	2	0	3000	other	0
JC	229	Response	2	3915710	1009	2
JC	230	Picture	11	3946200	0	1	3167	2	0	3000	other	0
JC	231	Response	1	3950710	1176	1
JC	232	Picture	21	3979199	0	1	3167	2	0	3000	other	0
JC	233	Response	2	3983210	678	1
JC	234	Picture	11	4018531	0	1	3167	2	0	3000	other	0
JC	235	Response	1	4023209	1345	1
JC	236	Picture	21	4047197	0	1	3166	3	0	3000	other	0
JC	237	Response	2	4052115	1585	1
JC	238	Picture	11	4078862	0	2	3167	3	0	3000	other	0
JC	239	Response	1	4084302	2106	1
JC	240	Picture	20	4117861	0	1	3167	2	0	3000	other	0
JC	241	Response	2	4123052	1858	1
JC	242	Picture	20	4146860	0	1	3167	2	0	3000	other	0
JC	243	Response	1	4151179	986	1
JC	244	Picture	11	4181859	0	1	3167	2	0	3000	other	0
JC	245	Response	1	4188363	3171	1
JC	246	Picture	21	4213191	0	1	3167	2	0	3000	other	0
JC	247	Response	2	4217425	900	1
JC	248	Picture	11	4247357	0	1	3166	2	0	3000	other	0
JC	249	Response	1	4251643	953	2
JC	250	Picture	21	4280022	0	2	3167	3	0	3000	other	0
JC	251	Response	2	4284143	787	1
JC	252	Picture	20	4315188	0	1	3167	2	0	3000	other	0
JC	253	Response	2	4320236	1715	2
JC	254	Picture	10	4348020	0	1	3167	2	0	3000	other	0
JC	254	Response	2	4351330	3310	1
JC	256	Picture	11	4382519	0	1	3167	2	0	3000	other	0
JC	257	Response	1	4388049	2197	1
JC	258	Picture	10	4412851	0	1	3167	2	0	3000	other	0
JC	259	Response	1	4417423	1238	1
JC	260	Picture	10	4448350	0	1	3167	2	0	3000	other	0
JC	261	Response	2	4452734	1051	2
JC	262	Picture	20	4487016	0	1	3166	2	0	3000	other	0
JC	263	Response	2	4493047	2698	1
JC	264	Picture	21	4526181	0	1	3166	3	0	3000	other	0
JC	265	Response	2	4530703	1189	1
JC	266	Picture	11	4561013	0	1	3167	2	0	3000	other	0
JC	267	Response	1	4566015	1669	1
JC	268	Picture	11	4596845	0	1	3167	2	0	3000	other	0
JC	269	Response	1	4602108	1930	1
JC	270	Picture	10	4635011	0	1	3166	2	0	3000	other	0
JC	271	Response	2	4639451	1107	1
JC	272	Picture	10	4665343	0	1	3166	3	0	3000	other	0
JC	273	Response	1	4671482	2806	1
JC	273	Response	2	4673669	4993	1
JC	274	Picture	21	4694175	0	1	3167	2	0	3000	other	0
JC	275	Response	2	4699138	1630	1
JC	276	Picture	20	4727507	0	2	3167	3	0	3000	other	0
JC	277	Response	2	4731793	952	1
JC	278	Picture	10	4760506	0	1	3167	2	0	3000	other	0
JC	279	Response	1	4765387	1547	1
JC	280	Picture	11	4800172	0	1	3166	2	0	3000	other	0
JC	281	Response	1	4804918	1413	1
JC	282	Picture	11	4830004	0	1	3167	2	0	3000	other	0
JC	283	Response	1	4835542	2205	1
JC	284	Picture	20	4869169	0	2	3167	3	0	3000	other	0
JC	285	Response	2	4874604	2101	1
JC	286	Picture	11	4906502	0	1	3166	2	0	3000	other	0
JC	287	Response	1	4911478	1643	2
JC	288	Picture	10	4944834	0	1	3166	2	0	3000	other	0
JC	289	Response	1	4949603	1436	1
JC	290	Picture	11	4983332	0	1	3167	2	0	3000	other	0
JC	291	Response	1	4989759	3094	1
JC	292	Picture	11	5015998	0	1	3166	2	0	3000	other	0
JC	293	Response	1	5020540	1209	1
JC	294	Picture	11	5054497	0	1	3166	2	0	3000	other	0
JC	295	Response	1	5060070	2240	2
JC	296	Picture	10	5089162	0	1	3167	2	0	3000	other	0
JC	297	Response	1	5094289	1794	1
JC	298	Picture	21	5126661	0	1	3166	2	0	3000	other	0
JC	299	Response	2	5132776	2782	1
JC	300	Picture	21	5155493	0	1	3167	2	0	3000	other	0
JC	301	Response	2	5160069	1243	1
JC	302	Response	2	6281152	1087160	2
JC	304	Picture	21	6301622	0	1	3166	2	0	3000	other	0
JC	305	Response	2	6307085	2130	1
JC	306	Picture	20	6335954	0	1	3166	2	0	3000	other	0
JC	307	Response	1	6340678	1391	1
JC	307	Response	2	6341617	2330	1
JC	308	Picture	11	6371286	0	1	3166	2	0	3000	other	0
JC	309	Response	1	6376615	1996	1
JC	310	Picture	20	6404785	0	1	3166	2	0	3000	other	0
JC	311	Response	2	6408803	685	1
JC	312	Picture	11	6439950	0	1	3167	2	0	3000	other	0
JC	313	Response	1	6443802	519	1
JC	314	Picture	20	6470783	0	1	3166	2	0	3000	other	0
JC	315	Response	2	6474895	779	2
JC	316	Picture	11	6509781	0	1	3167	2	0	3000	other	0
JC	317	Response	1	6515146	2032	1
JC	318	Picture	21	6546113	0	1	3167	2	0	3000	other	0
JC	319	Response	2	6552238	2791	1
JC	320	Picture	10	6584112	0	1	3167	2	0	3000	other	0
JC	321	Response	1	6588644	1199	1
JC	322	Picture	11	6617778	0	1	3166	2	0	3000	other	0
JC	323	Response	1	6622862	1751	1
JC	324	Picture	21	6647443	0	1	3167	2	0	3000	other	0
JC	325	Response	2	6651148	371	1
JC	326	Picture	11	6686442	0	1	3167	2	0	3000	other	0
JC	327	Response	1	6691298	1523	2
JC	328	Picture	10	6724607	0	2	3167	3	0	3000	other	0
JC	329	Response	1	6730048	2107	1
JC	330	Picture	20	6762606	0	1	3167	2	0	3000	other	0
JC	331	Response	2	6767079	1140	1
JC	332	Picture	20	6797605	0	1	3167	2	0	3000	other	0
JC	333	Response	2	6802391	1453	1
JC	334	Picture	11	6826604	0	1	3167	2	0	3000	other	0
JC	335	Response	1	6832390	2453	2
JC	336	Picture	11	6856436	0	1	3167	2	0	3000	other	0
JC	337	Response	1	6861453	1683	1
JC	338	Picture	10	6894768	0	1	3167	2	0	3000	other	0
JC	339	Response	1	6899733	1631	1
JC	340	Picture	20	6925267	0	1	3167	2	0	3000	other	0
JC	341	Response	2	6929889	1288	2
JC	342	Picture	21	6956933	0	1	3167	2	0	3000	other	0
JC	343	Response	2	6961295	1029	2
JC	344	Picture	10	6994932	0	1	3166	2	0	3000	other	0
JC	345	Response	1	7000513	2248	2
JC	346	Picture	11	7028264	0	1	3166	3	0	3000	other	0
JC	347	Response	1	7034265	2668	1
JC	348	Picture	10	7063929	0	2	3167	3	0	3000	other	0
JC	349	Response	1	7069106	1843	1
JC	350	Picture	10	7094595	0	1	3167	2	0	3000	other	0
JC	351	Response	2	7098813	885	1
JC	352	Picture	20	7128594	0	1	3166	3	0	3000	other	0
JC	353	Response	2	7132855	928	1
JC	354	Picture	11	7168759	0	1	3167	2	0	3000	other	0
JC	355	Response	1	7173636	1544	1
JC	356	Picture	11	7200092	0	1	3166	2	0	3000	other	0
JC	357	Response	1	7205667	2242	1
JC	358	Picture	11	7238757	0	1	3166	3	0	3000	other	0
JC	359	Response	1	7244885	2795	1
JC	360	Picture	10	7272256	0	1	3166	2	0	3000	other	0
JC	361	Response	1	7278010	2421	1
JC	362	Picture	21	7310088	0	1	3166	2	0	3000	other	0
JC	363	Response	2	7314415	994	1
JC	364	Picture	20	7347253	0	1	3167	2	0	3000	other	0
JC	365	Response	2	7351759	1173	1
JC	366	Picture	10	7385085	0	1	3167	2	0	3000	other	0
JC	367	Response	1	7390821	2402	1
JC	368	Picture	21	7414918	0	1	3166	2	0	3000	other	0
JC	369	Response	2	7419726	1475	2
JC	370	Picture	11	7452416	0	2	3167	3	0	3000	other	0
JC	371	Response	1	7456757	1007	1
JC	372	Picture	21	7483749	0	1	3166	2	0	3000	other	0
JC	373	Response	2	7492226	5144	1
JC	374	Picture	21	7513914	0	1	3167	2	0	3000	other	0
JC	375	Response	2	7518475	1227	1
JC	376	Picture	10	7543413	0	1	3167	2	0	3000	other	0
JC	377	Response	1	7548006	1259	1
JC	378	Picture	10	7580579	0	1	3166	2	0	3000	other	0
JC	379	Response	1	7586134	2222	1
JC	380	Picture	11	7614244	0	1	3167	2	0	3000	other	0
JC	381	Response	1	7619256	1678	1
JC	382	Picture	20	7651910	0	1	3166	2	0	3000	other	0
JC	383	Response	2	7657536	2293	1
JC	384	Picture	10	7683075	0	1	3167	2	0	3000	other	0
JC	385	Response	1	7687848	1439	2
JC	386	Picture	10	7722574	0	1	3167	2	0	3000	other	0
JC	387	Response	1	7728160	2253	1
JC	388	Picture	21	7762073	0	1	3166	2	0	3000	other	0
JC	389	Response	2	7766753	1347	1
JC	390	Picture	10	7792738	0	1	3167	2	0	3000	other	0
JC	391	Response	1	7797846	1774	1
JC	392	Picture	20	7829070	0	2	3167	3	0	3000	other	0
JC	393	Response	2	7834408	2004	2
JC	394	Picture	20	7867569	0	1	3167	2	0	3000	other	0
JC	395	Response	2	7871596	694	1
JC	396	Picture	10	7902235	0	1	3166	2	0	3000	other	0
JC	397	Response	1	7907533	1965	1
JC	398	Picture	11	7936067	0	1	3166	3	0	3000	other	0
JC	399	Response	2	7940344	944	2
JC	400	Picture	20	7967399	0	1	3167	2	0	3000	other	0
JC	401	Response	2	7971594	862	1
JC	402	Picture	10	8002065	0	1	3166	2	0	3000	other	0
JC	403	Response	1	8007843	2445	2
JC	404	Picture	20	8036730	0	1	3167	2	0	3000	other	0
JC	405	Response	2	8041127	1064	1
JC	406	Picture	20	8069562	0	2	3167	3	0	3000	other	0
JC	407	Response	2	8074722	1826	1
JC	408	Picture	20	8106561	0	1	3167	2	0	3000	other	0
JC	409	Response	2	8111592	1698	1
JC	410	Picture	11	8140060	0	1	3167	2	0	3000	other	0
JC	411	Response	1	8145967	2574	1
JC	412	Picture	21	8171892	0	1	3167	2	0	3000	other	0
JC	413	Response	2	8176125	899	1
JC	414	Picture	11	8205058	0	1	3166	3	0	3000	other	0
JC	415	Response	1	8209404	1013	1
JC	416	Picture	21	8238890	0	1	3167	2	0	3000	other	0
JC	417	Response	2	8243465	1242	2
JC	418	Picture	21	8270222	0	2	3167	3	0	3000	other	0
JC	419	Response	2	8274559	1003	1
JC	420	Picture	11	8304055	0	1	3166	2	0	3000	other	0
JC	421	Response	1	8309715	2327	1
JC	422	Picture	21	8339553	0	2	3167	3	0	3000	other	0
JC	423	Response	2	8343933	1046	1
JC	424	Picture	21	8376386	0	1	3166	2	0	3000	other	0
JC	425	Response	2	8381123	1404	2
JC	426	Picture	21	8411884	0	1	3167	2	0	3000	other	0
JC	427	Response	2	8417370	2152	1
JC	428	Picture	20	8447383	0	1	3167	2	0	3000	other	0
JC	429	Response	1	8452369	1653	2
JC	430	Picture	10	8483882	0	1	3167	2	0	3000	other	0
JC	431	Response	1	8489243	2028	2
JC	432	Picture	21	8520381	0	1	3166	2	0	3000	other	0
JC	433	Response	2	8524400	686	1
JC	434	Picture	11	8553880	0	1	3166	2	0	3000	other	0
JC	435	Response	1	8559243	2030	1
JC	436	Picture	20	8591045	0	1	3167	2	0	3000	other	0
JC	437	Response	2	8595648	1270	2
JC	438	Picture	20	8622711	0	1	3166	2	0	3000	other	0
JC	439	Response	2	8627679	1635	1
JC	440	Picture	20	8656043	0	1	3166	2	0	3000	other	0
JC	441	Response	2	8660647	1271	1
JC	442	Picture	11	8695042	0	1	3166	2	0	3000	other	0
JC	443	Response	1	8700491	2116	1
JC	444	Picture	10	8734707	0	5	3166	7	0	3000	other	0
JC	445	Response	1	8740959	2919	1
JC	446	Picture	20	8770039	0	1	3167	2	0	3000	other	0
JC	447	Response	2	8774396	1024	1
JC	448	Picture	21	8809871	0	1	3167	2	0	3000	other	0
JC	449	Response	2	8815020	1816	1
JC	450	Picture	11	8844203	0	1	3167	2	0	3000	other	0
JC	451	Response	1	8849239	1703	1
JC	452	Picture	10	8883869	0	1	3166	2	0	3000	other	0
JC	453	Response	1	8889239	2037	1
JC	454	Picture	11	8920034	0	1	3167	2	0	3000	other	0
JC	455	Response	1	8924863	1496	1
JC	456	Picture	10	8952700	0	1	3166	2	0	3000	other	0
JC	457	Response	1	8958456	2423	1
JC	458	Picture	20	8985865	0	1	3167	2	0	3000	other	0
JC	459	Response	2	8989551	353	1
JC	460	Picture	20	9016031	0	1	3166	2	0	3000	other	0
JC	461	Response	2	9021114	1750	1
JC	462	Picture	21	9044530	0	1	3166	2	0	3000	other	0
JC	463	Response	2	9048924	1061	1
JC	464	Picture	10	9075029	0	1	3166	2	0	3000	other	0
JC	465	Response	1	9079861	1499	1
JC	466	Picture	10	9115194	0	1	3167	2	0	3000	other	0
JC	467	Response	1	9120173	1646	1
JC	468	Picture	20	9153860	0	1	3166	2	0	3000	other	0
JC	469	Response	2	9158766	1573	1
JC	470	Picture	10	9189858	0	1	3167	2	0	3000	other	0
JC	471	Response	1	9195171	1979	2
JC	472	Picture	10	9225690	0	2	3167	3	0	3000	other	0
JC	473	Response	1	9231111	2087	1
JC	474	Picture	21	9263523	0	1	3166	2	0	3000	other	0
JC	475	Response	2	9268452	1596	1
JC	476	Picture	21	9296355	0	1	3166	2	0	3000	other	0
JC	477	Response	2	9301264	1576	1
JC	478	Picture	11	9331520	0	1	3167	2	0	3000	other	0
JC	479	Response	1	9336111	1258	1
JC	480	Picture	11	9362519	0	1	3167	2	0	3000	other	0
JC	481	Response	1	9367201	1349	1
JC	482	Picture	10	9393352	0	1	3166	2	0	3000	other	0
JC	483	Response	1	9398606	1921	1
JC	484	Picture	11	9426684	0	1	3166	2	0	3000	other	0
JC	485	Response	1	9431574	1557	2
JC	486	Picture	21	9462849	0	1	3167	2	0	3000	other	0
JC	487	Response	2	9467199	1017	1
JC	488	Picture	10	9498515	0	1	3166	2	0	3000	other	0
JC	489	Response	1	9502824	976	1
JC	490	Picture	10	9536680	0	1	3167	2	0	3000	other	0
JC	491	Response	1	9540792	779	1
JC	492	Picture	21	9565179	0	1	3167	2	0	3000	other	0
JC	493	Response	2	9572354	3842	1
JC	494	Picture	21	9600178	0	1	3167	2	0	3000	other	0
JC	495	Response	2	9604854	1343	1
JC	496	Picture	21	9635510	0	1	3167	2	0	3000	other	0
JC	497	Response	2	9639853	1010	1
JC	498	Picture	20	9669342	0	1	3167	2	0	3000	other	0
JC	499	Response	2	9673290	614	1
JC	500	Picture	11	9707008	0	1	3166	2	0	3000	other	0
JC	501	Response	1	9712040	1699	1
JC	502	Picture	20	9735840	0	1	3167	2	0	3000	other	0
JC	503	Response	2	9740633	1460	1
JC	504	Picture	20	9766672	0	2	3167	3	0	3000	other	0
JC	505	Response	2	9771394	1388	1
JC	506	Picture	11	9797505	0	1	3166	2	0	3000	other	0
JC	507	Response	1	9803132	2294	1
JC	508	Picture	20	9835837	0	1	3166	2	0	3000	other	0
JC	509	Response	2	9840319	1149	1
JC	510	Picture	10	9865669	0	1	3167	2	0	3000	other	0
JC	511	Response	2	9870475	1473	1
JC	512	Picture	10	9905834	0	2	3167	3	0	3000	other	0
JC	513	Response	1	9910943	1775	2
JC	514	Picture	11	9942833	0	1	3167	2	0	3000	other	0
JC	515	Response	1	9948130	1964	1
JC	516	Picture	11	9982999	0	1	3166	2	0	3000	other	0
JC	517	Response	2	9986880	548	1
JC	518	Picture	10	10019997	0	1	3167	2	0	3000	other	0
JC	519	Response	1	10025473	2142	1
JC	520	Picture	10	10053163	0	1	3166	2	0	3000	other	0
JC	521	Response	1	10058597	2101	2
JC	522	Picture	21	10091328	0	1	3167	2	0	3000	other	0
JC	523	Response	2	10095472	811	1
JC	524	Picture	10	10122994	0	1	3166	2	0	3000	other	0
JC	525	Response	1	10127972	1645	1
JC	526	Picture	21	10152160	0	1	3166	2	0	3000	other	0
JC	527	Response	2	10156409	916	1
JC	528	Picture	10	10185658	0	2	3167	3	0	3000	other	0
JC	529	Response	1	10189846	854	1
JC	530	Picture	11	10222657	0	1	3167	2	0	3000	other	0
JC	531	Response	1	10227033	1043	1
JC	532	Picture	20	10262489	0	1	3167	2	0	3000	other	0
JC	533	Response	2	10267033	1211	1
JC	534	Picture	21	10300155	0	1	3166	2	0	3000	other	0
JC	535	Response	2	10305000	1512	1
JC	536	Picture	11	10338320	0	1	3167	2	0	3000	other	0
JC	537	Response	1	10343281	1628	2
JC	538	Picture	21	10371819	0	1	3166	2	0	3000	other	0
JC	539	Response	2	10376874	1722	2
JC	540	Picture	10	10405484	0	2	3167	3	0	3000	other	0
JC	541	Response	1	10410624	1806	1
JC	542	Picture	10	10442650	0	1	3166	2	0	3000	other	0
JC	543	Response	1	10448280	2297	1
JC	544	Picture	11	10476149	0	1	3166	2	0	3000	other	0
JC	545	Response	1	10481561	2079	1
JC	546	Picture	20	10506648	0	1	3166	2	0	3000	other	0
JC	547	Response	2	10512498	2517	1
JC	548	Picture	21	10538480	0	1	3167	2	0	3000	other	0
JC	549	Response	2	10542497	684	1
JC	550	Picture	10	10572645	0	2	3167	3	0	3000	other	0
JC	551	Response	1	10578435	2456	1
JC	552	Picture	21	10602644	0	2	3167	3	0	3000	other	0
JC	553	Response	2	10606871	893	1
JC	554	Picture	21	10637143	0	1	3167	2	0	3000	other	0
JC	555	Response	2	10642027	1550	1
JC	556	Picture	20	10666309	0	1	3167	2	0	3000	other	0
JC	557	Response	2	10670308	666	1
JC	558	Picture	20	10702808	0	1	3166	2	0	3000	other	0
JC	559	Response	2	10707026	885	2
JC	560	Picture	10	10733140	0	1	3167	2	0	3000	other	0
JC	561	Response	1	10737807	1334	1
JC	562	Picture	20	10770639	0	1	3166	2	0	3000	other	0
JC	563	Response	2	10775306	1334	2
JC	564	Picture	21	10804304	0	1	3167	2	0	3000	other	0
JC	565	Response	2	10810306	2668	1
JC	566	Picture	10	10844636	0	1	3167	2	0	3000	other	0
JC	567	Response	1	10850306	2336	1
JC	568	Picture	11	10873635	0	2	3167	3	0	3000	other	0
JC	569	Response	1	10878743	1774	1
JC	570	Picture	21	10912634	0	1	3167	2	0	3000	other	0
JC	571	Response	2	10916868	901	1
JC	572	Picture	20	10949466	0	1	3167	2	0	3000	other	0
JC	573	Response	2	10953586	787	1
JC	574	Picture	10	10987798	0	1	3167	2	0	3000	other	0
JC	575	Response	1	10993429	2298	1
JC	576	Picture	11	11022297	0	1	3167	2	0	3000	other	0
JC	577	Response	1	11027960	2330	1
JC	578	Picture	20	11054129	0	1	3167	2	0	3000	other	0
JC	579	Response	2	11059053	1590	1
JC	580	Picture	10	11083795	0	1	3167	2	0	3000	other	0
JC	581	Response	1	11088428	1300	1
JC	582	Picture	20	11113294	0	1	3167	2	0	3000	other	0
JC	583	Response	2	11117646	1019	1
JC	584	Picture	21	11143960	0	1	3166	2	0	3000	other	0
JC	585	Response	2	11148270	977	2
JC	586	Picture	11	11182458	0	2	3167	3	0	3000	other	0
JC	587	Response	1	11187332	1540	1
JC	588	Picture	21	11216957	0	1	3167	2	0	3000	other	0
JC	589	Response	2	11221708	1417	1
JC	590	Picture	20	11245790	0	1	3166	2	0	3000	other	0
JC	591	Response	2	11249988	865	1
JC	592	Picture	10	11279789	0	1	3166	2	0	3000	other	0
JC	593	Response	2	11284050	928	1
JC	594	Picture	21	11309454	0	1	3167	2	0	3000	other	0
JC	595	Response	2	11314206	1419	1
JC	596	Picture	11	11346786	0	1	3167	2	0	3000	other	0
JC	597	Response	1	11350924	804	2
JC	598	Picture	21	11380785	0	1	3167	2	0	3000	other	0
JC	599	Response	2	11384986	868	1
JC	600	Picture	10	11420950	0	2	3167	3	0	3000	other	0
JC	601	Response	2	11425611	1327	1
JC	602	Picture	21	11457283	0	1	3166	2	0	3000	other	0
JC	603	Response	2	11461547	931	2
JC	604	Response	1	11559359	65411	1


Event Type	Code	Type	Response	RT	RT Uncertainty	Time	Uncertainty	Duration	Uncertainty	ReqTime	ReqDur

Picture	21	other				10499	1	3166	2	0	3000
Picture	10	other				42664	1	3167	2	0	3000
Picture	11	other				82330	1	3166	2	0	3000
Picture	21	other				120162	1	3166	2	0	3000
Picture	10	other				151661	1	3166	2	0	3000
Picture	21	other				182326	1	3167	2	0	3000
Picture	11	other				213992	1	3166	2	0	3000
Picture	10	other				250157	1	3167	2	0	3000
Picture	10	other				279323	1	3167	2	0	3000
Picture	21	other				309155	1	3167	2	0	3000
Picture	10	other				341321	1	3166	2	0	3000
Picture	11	other				376820	1	3166	2	0	3000
Picture	10	other				408319	1	3166	2	0	3000
Picture	11	other				443651	1	3166	2	0	3000
Picture	20	other				475483	1	3167	2	0	3000
Picture	11	other				512815	1	3167	2	0	3000
Picture	21	other				547314	1	3167	2	0	3000
Picture	11	other				581646	1	3167	2	0	3000
Picture	21	other				619978	1	3167	2	0	3000
Picture	21	other				652310	2	3167	3	0	3000
Picture	21	other				683976	1	3167	2	0	3000
Picture	10	other				717475	1	3167	2	0	3000
Picture	21	other				750974	1	3166	2	0	3000
Picture	11	other				785639	1	3167	2	0	3000
Picture	20	other				819805	1	3166	2	0	3000
Picture	11	other				849637	1	3167	2	0	3000
Picture	21	other				885803	1	3166	2	0	3000
Picture	20	other				920135	1	3166	2	0	3000
Picture	10	other				952634	1	3166	2	0	3000
Picture	10	other				984466	1	3167	2	0	3000
Picture	11	other				1017632	1	3166	2	0	3000
Picture	11	other				1056464	1	3166	2	0	3000
Picture	21	other				1092629	1	3167	2	0	3000
Picture	10	other				1126961	1	3167	2	0	3000
Picture	11	other				1159293	2	3167	3	0	3000
Picture	11	other				1192292	1	3167	2	0	3000
Picture	11	other				1222625	1	3166	2	0	3000
Picture	20	other				1262457	1	3166	2	0	3000
Picture	10	other				1300289	1	3166	2	0	3000
Picture	20	other				1335454	1	3167	2	0	3000
Picture	10	other				1373453	1	3167	2	0	3000
Picture	11	other				1413452	1	3166	2	0	3000
Picture	10	other				1450117	1	3167	2	0	3000
Picture	20	other				1486949	1	3167	2	0	3000
Picture	20	other				1523615	1	3166	2	0	3000
Picture	10	other				1557447	1	3166	2	0	3000
Picture	21	other				1594946	1	3166	2	0	3000
Picture	21	other				1634444	1	3167	2	0	3000
Picture	10	other				1667943	1	3167	2	0	3000
Picture	20	other				1697442	1	3167	2	0	3000
Picture	10	other				1732608	1	3166	2	0	3000
Picture	10	other				1769940	1	3166	2	0	3000
Picture	21	other				1809105	1	3167	2	0	3000
Picture	11	other				1841771	1	3166	2	0	3000
Picture	10	other				1870270	1	3166	2	0	3000
Picture	20	other				1905102	1	3166	2	0	3000
Picture	10	other				1936101	1	3166	2	0	3000
Picture	20	other				1973766	1	3167	2	0	3000
Picture	10	other				2004765	1	3167	2	0	3000
Picture	11	other				2039097	1	3167	2	0	3000
Picture	11	other				2071430	1	3166	2	0	3000
Picture	11	other				2102095	1	3167	2	0	3000
Picture	21	other				2132761	1	3166	3	0	3000
Picture	20	other				2163760	1	3166	2	0	3000
Picture	10	other				2197425	2	3167	3	0	3000
Picture	20	other				2231591	1	3166	3	0	3000
Picture	11	other				2270090	1	3166	2	0	3000
Picture	10	other				2302922	1	3166	2	0	3000
Picture	21	other				2342921	1	3166	2	0	3000
Picture	10	other				2373253	1	3166	2	0	3000
Picture	21	other				2406752	1	3166	2	0	3000
Picture	20	other				2445084	1	3166	2	0	3000
Picture	20	other				2475083	1	3166	2	0	3000
Picture	11	other				2507748	1	3167	2	0	3000
Picture	10	other				2536581	1	3166	2	0	3000
Picture	11	other				2576246	1	3167	2	0	3000
Picture	21	other				2610412	1	3166	2	0	3000
Picture	10	other				2649577	1	3167	2	0	3000
Picture	21	other				2689409	1	3167	2	0	3000
Picture	20	other				2726074	1	3167	2	0	3000
Picture	21	other				2755073	2	3167	3	0	3000
Picture	10	other				2789406	1	3166	2	0	3000
Picture	11	other				2822238	1	3166	2	0	3000
Picture	11	other				2856403	1	3167	2	0	3000
Picture	11	other				2890569	1	3166	3	0	3000
Picture	21	other				2929068	1	3166	2	0	3000
Picture	21	other				2965233	1	3167	2	0	3000
Picture	10	other				2994899	1	3166	2	0	3000
Picture	21	other				3033897	2	3167	3	0	3000
Picture	10	other				3068563	1	3167	2	0	3000
Picture	21	other				3107062	1	3166	2	0	3000
Picture	21	other				3144394	1	3166	2	0	3000
Picture	11	other				3174726	1	3167	2	0	3000
Picture	11	other				3204558	1	3167	2	0	3000
Picture	11	other				3241224	1	3166	2	0	3000
Picture	10	other				3280556	1	3166	2	0	3000
Picture	10	other				3314555	1	3166	2	0	3000
Picture	21	other				3345054	1	3166	2	0	3000
Picture	20	other				3379219	1	3167	2	0	3000
Picture	21	other				3419551	1	3167	2	0	3000
Picture	21	other				3454383	1	3167	2	0	3000
Picture	20	other				3483049	1	3167	2	0	3000
Picture	11	other				3516215	1	3166	2	0	3000
Picture	20	other				3549547	1	3166	2	0	3000
Picture	21	other				3584046	1	3166	2	0	3000
Picture	20	other				3622378	1	3166	2	0	3000
Picture	11	other				3653043	2	3167	3	0	3000
Picture	20	other				3691709	1	3166	2	0	3000
Picture	21	other				3730707	2	3167	3	0	3000
Picture	21	other				3770873	1	3166	2	0	3000
Picture	20	other				3800538	2	3167	3	0	3000
Picture	21	other				3840037	1	3167	2	0	3000
Picture	21	other				3879036	1	3166	2	0	3000
Picture	21	other				3911368	1	3167	2	0	3000
Picture	11	other				3946200	1	3167	2	0	3000
Picture	21	other				3979199	1	3167	2	0	3000
Picture	11	other				4018531	1	3167	2	0	3000
Picture	21	other				4047197	1	3166	3	0	3000
Picture	11	other				4078862	2	3167	3	0	3000
Picture	20	other				4117861	1	3167	2	0	3000
Picture	20	other				4146860	1	3167	2	0	3000
Picture	11	other				4181859	1	3167	2	0	3000
Picture	21	other				4213191	1	3167	2	0	3000
Picture	11	other				4247357	1	3166	2	0	3000
Picture	21	other				4280022	2	3167	3	0	3000
Picture	20	other				4315188	1	3167	2	0	3000
Picture	10	other				4348020	1	3167	2	0	3000
Picture	11	other				4382519	1	3167	2	0	3000
Picture	10	other				4412851	1	3167	2	0	3000
Picture	10	other				4448350	1	3167	2	0	3000
Picture	20	other				4487016	1	3166	2	0	3000
Picture	21	other				4526181	1	3166	3	0	3000
Picture	11	other				4561013	1	3167	2	0	3000
Picture	11	other				4596845	1	3167	2	0	3000
Picture	10	other				4635011	1	3166	2	0	3000
Picture	10	other				4665343	1	3166	3	0	3000
Picture	21	other				4694175	1	3167	2	0	3000
Picture	20	other				4727507	2	3167	3	0	3000
Picture	10	other				4760506	1	3167	2	0	3000
Picture	11	other				4800172	1	3166	2	0	3000
Picture	11	other				4830004	1	3167	2	0	3000
Picture	20	other				4869169	2	3167	3	0	3000
Picture	11	other				4906502	1	3166	2	0	3000
Picture	10	other				4944834	1	3166	2	0	3000
Picture	11	other				4983332	1	3167	2	0	3000
Picture	11	other				5015998	1	3166	2	0	3000
Picture	11	other				5054497	1	3166	2	0	3000
Picture	10	other				5089162	1	3167	2	0	3000
Picture	21	other				5126661	1	3166	2	0	3000
Picture	21	other				5155493	1	3167	2	0	3000
Picture	21	other				6301622	1	3166	2	0	3000
Picture	20	other				6335954	1	3166	2	0	3000
Picture	11	other				6371286	1	3166	2	0	3000
Picture	20	other				6404785	1	3166	2	0	3000
Picture	11	other				6439950	1	3167	2	0	3000
Picture	20	other				6470783	1	3166	2	0	3000
Picture	11	other				6509781	1	3167	2	0	3000
Picture	21	other				6546113	1	3167	2	0	3000
Picture	10	other				6584112	1	3167	2	0	3000
Picture	11	other				6617778	1	3166	2	0	3000
Picture	21	other				6647443	1	3167	2	0	3000
Picture	11	other				6686442	1	3167	2	0	3000
Picture	10	other				6724607	2	3167	3	0	3000
Picture	20	other				6762606	1	3167	2	0	3000
Picture	20	other				6797605	1	3167	2	0	3000
Picture	11	other				6826604	1	3167	2	0	3000
Picture	11	other				6856436	1	3167	2	0	3000
Picture	10	other				6894768	1	3167	2	0	3000
Picture	20	other				6925267	1	3167	2	0	3000
Picture	21	other				6956933	1	3167	2	0	3000
Picture	10	other				6994932	1	3166	2	0	3000
Picture	11	other				7028264	1	3166	3	0	3000
Picture	10	other				7063929	2	3167	3	0	3000
Picture	10	other				7094595	1	3167	2	0	3000
Picture	20	other				7128594	1	3166	3	0	3000
Picture	11	other				7168759	1	3167	2	0	3000
Picture	11	other				7200092	1	3166	2	0	3000
Picture	11	other				7238757	1	3166	3	0	3000
Picture	10	other				7272256	1	3166	2	0	3000
Picture	21	other				7310088	1	3166	2	0	3000
Picture	20	other				7347253	1	3167	2	0	3000
Picture	10	other				7385085	1	3167	2	0	3000
Picture	21	other				7414918	1	3166	2	0	3000
Picture	11	other				7452416	2	3167	3	0	3000
Picture	21	other				7483749	1	3166	2	0	3000
Picture	21	other				7513914	1	3167	2	0	3000
Picture	10	other				7543413	1	3167	2	0	3000
Picture	10	other				7580579	1	3166	2	0	3000
Picture	11	other				7614244	1	3167	2	0	3000
Picture	20	other				7651910	1	3166	2	0	3000
Picture	10	other				7683075	1	3167	2	0	3000
Picture	10	other				7722574	1	3167	2	0	3000
Picture	21	other				7762073	1	3166	2	0	3000
Picture	10	other				7792738	1	3167	2	0	3000
Picture	20	other				7829070	2	3167	3	0	3000
Picture	20	other				7867569	1	3167	2	0	3000
Picture	10	other				7902235	1	3166	2	0	3000
Picture	11	other				7936067	1	3166	3	0	3000
Picture	20	other				7967399	1	3167	2	0	3000
Picture	10	other				8002065	1	3166	2	0	3000
Picture	20	other				8036730	1	3167	2	0	3000
Picture	20	other				8069562	2	3167	3	0	3000
Picture	20	other				8106561	1	3167	2	0	3000
Picture	11	other				8140060	1	3167	2	0	3000
Picture	21	other				8171892	1	3167	2	0	3000
Picture	11	other				8205058	1	3166	3	0	3000
Picture	21	other				8238890	1	3167	2	0	3000
Picture	21	other				8270222	2	3167	3	0	3000
Picture	11	other				8304055	1	3166	2	0	3000
Picture	21	other				8339553	2	3167	3	0	3000
Picture	21	other				8376386	1	3166	2	0	3000
Picture	21	other				8411884	1	3167	2	0	3000
Picture	20	other				8447383	1	3167	2	0	3000
Picture	10	other				8483882	1	3167	2	0	3000
Picture	21	other				8520381	1	3166	2	0	3000
Picture	11	other				8553880	1	3166	2	0	3000
Picture	20	other				8591045	1	3167	2	0	3000
Picture	20	other				8622711	1	3166	2	0	3000
Picture	20	other				8656043	1	3166	2	0	3000
Picture	11	other				8695042	1	3166	2	0	3000
Picture	10	other				8734707	5	3166	7	0	3000
Picture	20	other				8770039	1	3167	2	0	3000
Picture	21	other				8809871	1	3167	2	0	3000
Picture	11	other				8844203	1	3167	2	0	3000
Picture	10	other				8883869	1	3166	2	0	3000
Picture	11	other				8920034	1	3167	2	0	3000
Picture	10	other				8952700	1	3166	2	0	3000
Picture	20	other				8985865	1	3167	2	0	3000
Picture	20	other				9016031	1	3166	2	0	3000
Picture	21	other				9044530	1	3166	2	0	3000
Picture	10	other				9075029	1	3166	2	0	3000
Picture	10	other				9115194	1	3167	2	0	3000
Picture	20	other				9153860	1	3166	2	0	3000
Picture	10	other				9189858	1	3167	2	0	3000
Picture	10	other				9225690	2	3167	3	0	3000
Picture	21	other				9263523	1	3166	2	0	3000
Picture	21	other				9296355	1	3166	2	0	3000
Picture	11	other				9331520	1	3167	2	0	3000
Picture	11	other				9362519	1	3167	2	0	3000
Picture	10	other				9393352	1	3166	2	0	3000
Picture	11	other				9426684	1	3166	2	0	3000
Picture	21	other				9462849	1	3167	2	0	3000
Picture	10	other				9498515	1	3166	2	0	3000
Picture	10	other				9536680	1	3167	2	0	3000
Picture	21	other				9565179	1	3167	2	0	3000
Picture	21	other				9600178	1	3167	2	0	3000
Picture	21	other				9635510	1	3167	2	0	3000
Picture	20	other				9669342	1	3167	2	0	3000
Picture	11	other				9707008	1	3166	2	0	3000
Picture	20	other				9735840	1	3167	2	0	3000
Picture	20	other				9766672	2	3167	3	0	3000
Picture	11	other				9797505	1	3166	2	0	3000
Picture	20	other				9835837	1	3166	2	0	3000
Picture	10	other				9865669	1	3167	2	0	3000
Picture	10	other				9905834	2	3167	3	0	3000
Picture	11	other				9942833	1	3167	2	0	3000
Picture	11	other				9982999	1	3166	2	0	3000
Picture	10	other				10019997	1	3167	2	0	3000
Picture	10	other				10053163	1	3166	2	0	3000
Picture	21	other				10091328	1	3167	2	0	3000
Picture	10	other				10122994	1	3166	2	0	3000
Picture	21	other				10152160	1	3166	2	0	3000
Picture	10	other				10185658	2	3167	3	0	3000
Picture	11	other				10222657	1	3167	2	0	3000
Picture	20	other				10262489	1	3167	2	0	3000
Picture	21	other				10300155	1	3166	2	0	3000
Picture	11	other				10338320	1	3167	2	0	3000
Picture	21	other				10371819	1	3166	2	0	3000
Picture	10	other				10405484	2	3167	3	0	3000
Picture	10	other				10442650	1	3166	2	0	3000
Picture	11	other				10476149	1	3166	2	0	3000
Picture	20	other				10506648	1	3166	2	0	3000
Picture	21	other				10538480	1	3167	2	0	3000
Picture	10	other				10572645	2	3167	3	0	3000
Picture	21	other				10602644	2	3167	3	0	3000
Picture	21	other				10637143	1	3167	2	0	3000
Picture	20	other				10666309	1	3167	2	0	3000
Picture	20	other				10702808	1	3166	2	0	3000
Picture	10	other				10733140	1	3167	2	0	3000
Picture	20	other				10770639	1	3166	2	0	3000
Picture	21	other				10804304	1	3167	2	0	3000
Picture	10	other				10844636	1	3167	2	0	3000
Picture	11	other				10873635	2	3167	3	0	3000
Picture	21	other				10912634	1	3167	2	0	3000
Picture	20	other				10949466	1	3167	2	0	3000
Picture	10	other				10987798	1	3167	2	0	3000
Picture	11	other				11022297	1	3167	2	0	3000
Picture	20	other				11054129	1	3167	2	0	3000
Picture	10	other				11083795	1	3167	2	0	3000
Picture	20	other				11113294	1	3167	2	0	3000
Picture	21	other				11143960	1	3166	2	0	3000
Picture	11	other				11182458	2	3167	3	0	3000
Picture	21	other				11216957	1	3167	2	0	3000
Picture	20	other				11245790	1	3166	2	0	3000
Picture	10	other				11279789	1	3166	2	0	3000
Picture	21	other				11309454	1	3167	2	0	3000
Picture	11	other				11346786	1	3167	2	0	3000
Picture	21	other				11380785	1	3167	2	0	3000
Picture	10	other				11420950	2	3167	3	0	3000
Picture	21	other				11457283	1	3166	2	0	3000
