Scenario - GO/NO-GO
Logfile written - 07/30/2012 10:49:24

Subject	Trial	Event Type	Code	Time	TTime	Uncertainty	Duration	Uncertainty	ReqTime	ReqDur	Stim Type	Pair Index

JC	2	Picture	22	332	0	1	3167	2	0	3000	hit	2
JC	2	Response	1	5296	4964	1
JC	3	Picture	22	38831	0	1	3167	2	0	3000	hit	4
JC	3	Response	1	43420	4589	1
JC	4	Picture	22	74663	0	1	3167	2	0	3000	hit	6
JC	4	Response	1	78107	3444	1
JC	5	Picture	22	110662	0	1	3166	3	0	3000	hit	8
JC	5	Response	1	115606	4944	2
JC	6	Picture	22	140661	0	1	3166	3	0	3000	hit	10
JC	6	Response	1	143888	3227	1
JC	7	Picture	33	172160	0	1	3166	2	0	3000	miss	0
JC	8	Picture	22	201492	0	1	3167	2	0	3000	hit	13
JC	8	Response	1	206074	4582	1
JC	9	Picture	22	239324	0	1	3167	2	0	3000	hit	15
JC	9	Response	1	242792	3468	1
JC	10	Picture	22	271323	0	1	3167	2	0	3000	hit	17
JC	10	Response	1	274667	3344	1
JC	11	Picture	22	302322	0	1	3167	2	0	3000	hit	19
JC	11	Response	1	307010	4688	1
JC	12	Picture	22	335821	0	1	3167	2	0	3000	hit	21
JC	12	Response	1	339822	4001	2
JC	13	Picture	33	367987	0	1	3166	2	0	3000	hit	23
JC	13	Response	1	370759	2772	2
JC	14	Picture	22	404485	0	1	3167	2	0	3000	hit	25
JC	14	Response	1	407478	2993	1
JC	15	Picture	33	437151	0	1	3166	3	0	3000	miss	0
JC	16	Picture	22	473650	0	1	3166	2	0	3000	hit	28
JC	16	Response	1	477164	3514	1
JC	17	Picture	22	510648	0	2	3167	3	0	3000	hit	30
JC	17	Response	1	513570	2922	1
JC	18	Picture	22	542147	0	1	3167	2	0	3000	hit	32
JC	18	Response	1	546694	4547	2
JC	19	Picture	33	578979	0	2	3167	3	0	3000	miss	0
JC	20	Picture	22	609312	0	1	3166	2	0	3000	hit	35
JC	20	Response	1	612475	3163	1
JC	21	Picture	22	641477	0	1	3167	2	0	3000	hit	37
JC	21	Response	1	647790	6313	1
JC	22	Picture	22	676810	0	1	3166	2	0	3000	hit	39
JC	22	Response	1	680599	3789	1
JC	23	Picture	22	712142	0	1	3166	2	0	3000	hit	41
JC	23	Response	1	716224	4082	1
JC	24	Picture	22	751807	0	1	3167	2	0	3000	hit	43
JC	24	Response	1	754817	3010	1
JC	25	Picture	22	779973	0	1	3166	2	0	3000	hit	45
JC	25	Response	1	783254	3281	2
JC	26	Picture	22	816471	0	2	3167	3	0	3000	hit	47
JC	26	Response	1	820441	3970	1
JC	27	Picture	33	852470	0	1	3167	2	0	3000	hit	49
JC	27	Response	1	856690	4220	2
JC	28	Picture	22	890802	0	1	3167	2	0	3000	hit	51
JC	28	Response	1	895284	4482	1
JC	29	Picture	22	926801	0	1	3167	2	0	3000	hit	53
JC	29	Response	1	931064	4263	2
JC	30	Picture	22	960133	0	1	3167	2	0	3000	hit	55
JC	30	Response	1	963564	3431	1
JC	31	Picture	22	994799	0	1	3166	2	0	3000	hit	57
JC	31	Response	1	998095	3296	1
JC	32	Picture	22	1028964	0	1	3167	2	0	3000	hit	59
JC	32	Response	1	1033407	4443	1
JC	33	Picture	33	1068130	0	1	3166	2	0	3000	miss	0
JC	34	Picture	22	1107628	0	1	3167	2	0	3000	hit	62
JC	34	Response	1	1112156	4528	1
JC	35	Picture	22	1146294	0	1	3166	2	0	3000	hit	64
JC	35	Response	1	1149812	3518	1
JC	36	Picture	22	1179126	0	1	3167	2	0	3000	hit	66
JC	36	Response	1	1182467	3341	2
JC	37	Picture	22	1211958	0	1	3167	2	0	3000	hit	68
JC	37	Response	1	1215280	3322	1
JC	38	Picture	22	1247957	0	1	3167	2	0	3000	hit	70
JC	38	Response	1	1251060	3103	1
JC	39	Picture	33	1281456	0	1	3166	2	0	3000	hit	72
JC	39	Response	1	1285748	4292	1
JC	40	Picture	22	1319955	0	1	3166	2	0	3000	hit	74
JC	40	Response	1	1323720	3765	1
JC	41	Picture	22	1351787	0	1	3166	2	0	3000	hit	76
JC	41	Response	1	1355903	4116	1
JC	42	Picture	22	1385952	0	1	3167	2	0	3000	hit	78
JC	42	Response	1	1390277	4325	1
JC	43	Picture	33	1416785	0	1	3166	2	0	3000	miss	0
JC	44	Picture	22	1448117	0	1	3166	3	0	3000	hit	81
JC	44	Response	1	1451995	3878	2
JC	45	Picture	22	1481949	0	1	3167	2	0	3000	hit	83
JC	45	Response	1	1486213	4264	2
JC	46	Picture	22	1512115	0	1	3166	2	0	3000	hit	85
JC	46	Response	1	1516057	3942	1
JC	47	Picture	33	1542947	0	1	3167	2	0	3000	miss	0
JC	48	Picture	22	1582779	0	1	3167	2	0	3000	hit	88
JC	48	Response	1	1587306	4527	1
JC	49	Picture	22	1614945	0	1	3166	2	0	3000	hit	90
JC	49	Response	1	1618555	3610	2
JC	50	Picture	22	1645110	0	1	3167	2	0	3000	hit	92
JC	50	Response	1	1650430	5320	1
JC	51	Picture	22	1684609	0	1	3166	3	0	3000	hit	94
JC	51	Response	1	1688086	3477	1
JC	52	Picture	22	1716108	0	1	3166	3	0	3000	hit	96
JC	52	Response	1	1719335	3227	1
JC	53	Picture	22	1744607	0	1	3166	3	0	3000	hit	98
JC	53	Response	1	1748554	3947	1
JC	54	Picture	22	1774106	0	1	3167	2	0	3000	hit	100
JC	54	Response	1	1776834	2728	2
JC	55	Picture	33	1805772	0	1	3166	2	0	3000	miss	0
JC	56	Picture	22	1837604	0	1	3166	2	0	3000	hit	103
JC	56	Response	1	1842302	4698	2
JC	57	Picture	22	1875936	0	1	3166	2	0	3000	hit	105
JC	57	Response	1	1879802	3866	1
JC	58	Picture	22	1915268	0	1	3166	2	0	3000	hit	107
JC	58	Response	1	1918708	3440	1
JC	59	Picture	22	1953933	0	1	3167	2	0	3000	hit	109
JC	59	Response	1	1957773	3840	1
JC	60	Picture	22	1990599	0	1	3166	2	0	3000	hit	111
JC	60	Response	1	1993707	3108	1
JC	61	Picture	33	2018931	0	1	3167	2	0	3000	miss	0
JC	62	Picture	22	2048930	0	1	3167	2	0	3000	hit	114
JC	62	Response	1	2052613	3683	1
JC	62	Response	1	2080580	31650	2
JC	63	Picture	33	2080762	0	1	3167	2	0	3000	miss	0
JC	64	Picture	22	2114428	0	1	3166	2	0	3000	hit	118
JC	64	Response	1	2118705	4277	1
JC	65	Picture	22	2146760	0	1	3167	2	0	3000	hit	120
JC	65	Response	1	2150111	3351	1
JC	66	Picture	22	2185592	0	1	3167	2	0	3000	hit	122
JC	66	Response	1	2190110	4518	2
JC	67	Picture	33	2219091	0	1	3167	2	0	3000	hit	124
JC	67	Response	1	2222454	3363	1
JC	68	Picture	22	2258590	0	1	3166	2	0	3000	hit	126
JC	68	Response	1	2262922	4332	1
JC	69	Picture	22	2295755	0	1	3167	2	0	3000	hit	128
JC	69	Response	1	2299953	4198	1
JC	70	Picture	22	2324087	0	2	3167	3	0	3000	hit	130
JC	70	Response	1	2328390	4303	1
JC	71	Picture	33	2354586	0	2	3167	3	0	3000	miss	0
JC	72	Picture	22	2393418	0	2	3167	3	0	3000	hit	133
JC	72	Response	1	2397920	4502	1
JC	73	Picture	33	2423751	0	1	3166	2	0	3000	miss	0
JC	74	Picture	22	2462583	0	1	3166	2	0	3000	hit	136
JC	74	Response	1	2466044	3461	1
JC	75	Picture	22	2494415	0	1	3167	2	0	3000	hit	138
JC	75	Response	1	2497919	3504	1
JC	76	Picture	22	2526247	0	1	3167	2	0	3000	hit	140
JC	76	Response	1	2531043	4796	1
JC	77	Picture	22	2564913	0	1	3166	2	0	3000	hit	142
JC	77	Response	1	2568855	3942	2
JC	78	Picture	22	2598078	0	1	3167	2	0	3000	hit	144
JC	78	Response	1	2601824	3746	1
JC	79	Picture	33	2628577	0	1	3167	2	0	3000	miss	0
JC	80	Picture	22	2667409	0	1	3167	2	0	3000	hit	147
JC	80	Response	1	2670885	3476	1
JC	81	Picture	22	2697242	0	1	3166	2	0	3000	hit	149
JC	81	Response	1	2700885	3643	1
JC	82	Picture	22	2729574	0	1	3166	2	0	3000	hit	151
JC	82	Response	1	2733541	3967	1
JC	83	Picture	22	2761406	0	1	3167	2	0	3000	hit	153
JC	83	Response	1	2765103	3697	1
JC	84	Picture	22	2789905	0	1	3167	2	0	3000	hit	155
JC	84	Response	1	2794477	4572	1
JC	85	Picture	33	2821404	0	1	3167	2	0	3000	miss	0
JC	86	Picture	22	2858569	0	2	3167	3	0	3000	hit	158
JC	86	Response	1	2861976	3407	2
JC	87	Picture	22	2887235	0	1	3167	2	0	3000	hit	160
JC	87	Response	1	2890704	3469	1
JC	88	Picture	22	2920401	0	1	3166	2	0	3000	hit	162
JC	88	Response	1	2923851	3450	1
JC	89	Picture	22	2949733	0	1	3167	2	0	3000	hit	164
JC	89	Response	1	2952913	3180	1
JC	90	Picture	22	2985565	0	1	3167	2	0	3000	hit	166
JC	90	Response	1	2989006	3441	1
JC	91	Picture	33	3014898	0	1	3166	2	0	3000	miss	0
JC	92	Picture	22	3050563	0	1	3167	2	0	3000	hit	169
JC	92	Response	1	3055099	4536	1
JC	93	Picture	33	3087895	0	1	3167	2	0	3000	miss	0
JC	94	Picture	22	3117561	0	1	3166	2	0	3000	hit	172
JC	94	Response	1	3121348	3787	1
JC	95	Picture	22	3146560	0	1	3166	2	0	3000	hit	174
JC	95	Response	1	3151035	4475	1
JC	96	Picture	22	3178225	0	2	3167	3	0	3000	hit	176
JC	96	Response	1	3182599	4374	1
JC	97	Picture	22	3209558	0	1	3166	2	0	3000	hit	178
JC	97	Response	1	3214316	4758	1
JC	98	Picture	22	3243890	0	1	3166	3	0	3000	hit	180
JC	98	Response	1	3248065	4175	1
JC	99	Picture	33	3272222	0	1	3167	2	0	3000	hit	182
JC	99	Response	1	3276034	3812	1
JC	100	Picture	22	3304055	0	1	3166	2	0	3000	hit	184
JC	100	Response	1	3308846	4791	1
JC	101	Picture	22	3341887	0	1	3166	2	0	3000	hit	186
JC	101	Response	1	3344782	2895	2
JC	102	Picture	22	3379552	0	1	3167	2	0	3000	hit	188
JC	102	Response	1	3384626	5074	1
JC	103	Picture	22	3409551	0	1	3167	2	0	3000	hit	190
JC	103	Response	1	3413375	3824	2
JC	104	Picture	22	3445550	0	1	3166	2	0	3000	hit	192
JC	104	Response	1	3449000	3450	1
JC	105	Picture	22	3474215	0	2	3167	3	0	3000	hit	194
JC	105	Response	1	3478687	4472	1
JC	106	Picture	22	3502881	0	1	3167	2	0	3000	hit	196
JC	106	Response	1	3507280	4399	2
JC	107	Picture	33	3532714	0	1	3166	2	0	3000	miss	0
JC	108	Picture	22	3569379	0	1	3167	2	0	3000	hit	199
JC	108	Response	1	3573061	3682	1
JC	109	Picture	22	3602045	0	1	3166	2	0	3000	hit	201
JC	109	Response	1	3606029	3984	1
JC	110	Picture	22	3632210	0	1	3167	2	0	3000	hit	203
JC	110	Response	1	3636186	3976	1
JC	111	Picture	22	3669542	0	1	3167	2	0	3000	hit	205
JC	111	Response	1	3673059	3517	2
JC	112	Picture	22	3698208	0	1	3167	2	0	3000	hit	207
JC	112	Response	1	3702278	4070	1
JC	113	Picture	33	3737707	0	1	3166	2	0	3000	hit	209
JC	113	Response	1	3741027	3320	1
JC	114	Picture	22	3776039	0	1	3166	2	0	3000	hit	211
JC	114	Response	1	3779777	3738	1
JC	115	Picture	22	3805704	0	1	3167	2	0	3000	hit	213
JC	115	Response	1	3809932	4228	2
JC	116	Picture	22	3843703	0	1	3167	2	0	3000	hit	215
JC	116	Response	1	3847432	3729	1
JC	117	Picture	33	3878869	0	1	3166	2	0	3000	hit	217
JC	117	Response	1	3882744	3875	1
JC	118	Picture	22	3907368	0	1	3166	2	0	3000	hit	219
JC	118	Response	1	3911963	4595	1
JC	119	Picture	22	3945200	0	1	3166	2	0	3000	hit	221
JC	119	Response	1	3949775	4575	1
JC	120	Picture	22	3975865	0	1	3167	2	0	3000	hit	223
JC	120	Response	1	3980555	4690	1
JC	121	Picture	33	4011197	0	2	3167	3	0	3000	hit	225
JC	121	Response	1	4014930	3733	1
JC	122	Picture	22	4044363	0	1	3167	2	0	3000	hit	227
JC	122	Response	1	4048680	4317	1
JC	123	Picture	33	4077029	0	1	3166	2	0	3000	miss	0
JC	124	Picture	22	4113527	0	1	3167	2	0	3000	hit	230
JC	124	Response	1	4118366	4839	1
JC	125	Picture	22	4142026	0	1	3167	2	0	3000	hit	232
JC	125	Response	1	4146334	4308	2
JC	126	Picture	22	4171192	0	1	3167	2	0	3000	hit	234
JC	126	Response	1	4176334	5142	1
JC	127	Picture	33	4206358	0	1	3166	2	0	3000	miss	0
JC	128	Picture	22	4245356	0	1	3167	2	0	3000	hit	237
JC	128	Response	1	4248677	3321	1
JC	129	Picture	22	4285355	0	1	3166	3	0	3000	hit	239
JC	129	Response	1	4290395	5040	1
JC	130	Picture	22	4315187	0	1	3167	2	0	3000	hit	241
JC	130	Response	1	4319301	4114	1
JC	131	Picture	22	4346020	0	1	3166	2	0	3000	hit	243
JC	131	Response	1	4350707	4687	2
JC	132	Picture	22	4385352	0	1	3166	2	0	3000	hit	245
JC	132	Response	1	4389144	3792	1
JC	133	Picture	33	4418184	0	1	3166	2	0	3000	miss	0
JC	134	Picture	22	4457682	0	2	3167	3	0	3000	hit	248
JC	134	Response	1	4461486	3804	2
JC	135	Picture	22	4495181	0	1	3167	2	0	3000	hit	250
JC	135	Response	1	4499298	4117	1
JC	136	Picture	22	4533513	0	1	3167	2	0	3000	hit	252
JC	136	Response	1	4536642	3129	1
JC	137	Picture	33	4567679	0	1	3166	2	0	3000	miss	0
JC	138	Picture	22	4596844	0	2	3167	3	0	3000	hit	255
JC	138	Response	1	4600547	3703	1
JC	139	Picture	33	4627177	0	1	3166	2	0	3000	miss	0
JC	140	Picture	22	4661676	0	1	3166	2	0	3000	hit	258
JC	140	Response	1	4665547	3871	1
JC	141	Picture	33	4690175	0	1	3166	2	0	3000	miss	0
JC	142	Picture	22	4725007	0	1	3166	2	0	3000	hit	261
JC	142	Response	1	4728514	3507	1
JC	143	Picture	22	4760339	0	1	3167	2	0	3000	hit	263
JC	143	Response	1	4765076	4737	2
JC	144	Picture	22	4797838	0	1	3166	2	0	3000	hit	265
JC	144	Response	1	4801169	3331	2
JC	145	Picture	22	4828170	0	1	3167	2	0	3000	hit	267
JC	145	Response	1	4831794	3624	1
JC	146	Picture	22	4858669	0	1	3167	2	0	3000	hit	269
JC	146	Response	1	4862419	3750	1
JC	147	Picture	33	4895168	0	1	3166	2	0	3000	miss	0
JC	148	Picture	22	4924167	0	1	3166	2	0	3000	hit	272
JC	148	Response	1	4928199	4032	1
JC	149	Picture	22	4957499	0	1	3167	2	0	3000	hit	274
JC	149	Response	1	4961324	3825	1
JC	150	Picture	22	4989665	0	1	3166	2	0	3000	hit	276
JC	150	Response	1	4993667	4002	2
JC	151	Picture	22	5019164	0	1	3166	2	0	3000	hit	278
JC	151	Response	1	5022885	3721	1
JC	152	Picture	22	5056829	0	1	3167	2	0	3000	hit	280
JC	152	Response	1	5061947	5118	2
JC	153	Picture	33	5096328	0	1	3166	2	0	3000	miss	0
JC	154	Response	1	5146478	17985	1
JC	156	Picture	22	5156659	0	1	3167	2	0	3000	hit	284
JC	156	Response	1	5162415	5756	1
JC	157	Picture	22	5195991	0	1	3167	2	0	3000	hit	286
JC	157	Response	1	5200539	4548	1
JC	158	Picture	22	5227490	0	1	3167	2	0	3000	hit	288
JC	158	Response	1	5231008	3518	1
JC	159	Picture	22	5261322	0	1	3167	2	0	3000	hit	290
JC	159	Response	1	5265538	4216	2
JC	160	Picture	22	5292988	0	1	3166	2	0	3000	hit	292
JC	160	Response	1	5296476	3488	1
JC	161	Picture	33	5326653	0	1	3167	2	0	3000	miss	0
JC	162	Picture	22	5366485	0	1	3167	2	0	3000	hit	295
JC	162	Response	1	5369912	3427	1
JC	163	Picture	33	5397151	0	1	3166	3	0	3000	miss	0
JC	164	Picture	22	5426317	0	1	3166	2	0	3000	hit	298
JC	164	Response	1	5430692	4375	2
JC	165	Picture	22	5458815	0	2	3167	3	0	3000	miss	0
JC	166	Picture	22	5494981	0	1	3167	2	0	3000	hit	301
JC	166	Response	1	5497726	2745	1
JC	167	Picture	33	5534480	0	1	3166	2	0	3000	miss	0
JC	168	Picture	22	5563645	0	1	3167	2	0	3000	hit	304
JC	168	Response	1	5566941	3296	1
JC	169	Picture	22	5593811	0	1	3167	2	0	3000	hit	306
JC	169	Response	1	5597724	3913	1
JC	170	Picture	22	5630643	0	1	3167	2	0	3000	hit	308
JC	170	Response	1	5634908	4265	2
JC	171	Picture	22	5660475	0	2	3167	3	0	3000	hit	310
JC	171	Response	1	5664283	3808	1
JC	172	Picture	22	5691308	0	1	3166	2	0	3000	hit	312
JC	172	Response	1	5694908	3600	1
JC	173	Picture	33	5730973	0	1	3167	2	0	3000	miss	0
JC	174	Picture	22	5765472	0	1	3166	2	0	3000	hit	315
JC	174	Response	1	5769282	3810	1
JC	175	Picture	22	5800137	0	1	3167	2	0	3000	hit	317
JC	175	Response	1	5803344	3207	1
JC	176	Picture	22	5837136	0	1	3167	2	0	3000	hit	319
JC	176	Response	1	5841468	4332	1
JC	177	Picture	22	5872302	0	1	3166	2	0	3000	hit	321
JC	177	Response	1	5875999	3697	2
JC	178	Picture	22	5911134	0	1	3166	2	0	3000	hit	323
JC	178	Response	1	5915061	3927	1
JC	179	Picture	22	5941299	0	1	3167	2	0	3000	hit	325
JC	179	Response	1	5945061	3762	1
JC	180	Picture	22	5969632	0	1	3166	2	0	3000	hit	327
JC	180	Response	1	5973185	3553	2
JC	181	Picture	33	6008964	0	1	3166	2	0	3000	miss	0
JC	182	Picture	22	6038796	0	1	3167	2	0	3000	hit	330
JC	182	Response	1	6042872	4076	1
JC	183	Picture	22	6071128	0	1	3167	2	0	3000	hit	332
JC	183	Response	1	6075059	3931	1
JC	184	Picture	22	6106627	0	1	3167	2	0	3000	hit	334
JC	184	Response	1	6109590	2963	1
JC	185	Picture	22	6144792	0	2	3167	3	0	3000	hit	336
JC	185	Response	1	6148651	3859	2
JC	186	Picture	22	6176291	0	2	3167	3	0	3000	hit	338
JC	186	Response	1	6181151	4860	2
JC	187	Picture	33	6208790	0	1	3167	2	0	3000	miss	0
JC	188	Picture	22	6245122	0	2	3167	3	0	3000	hit	341
JC	188	Response	1	6248650	3528	1
JC	189	Picture	22	6282288	0	1	3166	2	0	3000	hit	343
JC	189	Response	1	6285213	2925	1
JC	190	Picture	22	6320453	0	1	3167	2	0	3000	hit	345
JC	190	Response	1	6324118	3665	1
JC	191	Picture	33	6359285	0	1	3167	2	0	3000	hit	347
JC	191	Response	1	6362399	3114	1
JC	192	Picture	22	6390284	0	1	3167	2	0	3000	hit	349
JC	192	Response	1	6395211	4927	1
JC	193	Picture	22	6419283	0	1	3167	2	0	3000	hit	351
JC	193	Response	1	6422867	3584	1
JC	194	Picture	22	6456782	0	1	3167	2	0	3000	hit	353
JC	194	Response	1	6461148	4366	1
JC	195	Picture	33	6489781	0	1	3166	2	0	3000	miss	0
JC	196	Picture	22	6528780	0	1	3166	2	0	3000	hit	356
JC	196	Response	1	6531928	3148	1
JC	197	Picture	22	6559445	0	1	3167	2	0	3000	hit	358
JC	197	Response	1	6563177	3732	2
JC	198	Picture	22	6592444	0	1	3167	2	0	3000	hit	360
JC	198	Response	1	6595833	3389	1
JC	199	Picture	33	6621610	0	1	3166	2	0	3000	miss	0
JC	200	Picture	22	6660108	0	2	3167	3	0	3000	hit	363
JC	200	Response	1	6663488	3380	2
JC	201	Picture	22	6696441	0	1	3166	2	0	3000	hit	365
JC	201	Response	1	6700988	4547	1
JC	202	Picture	22	6728106	0	1	3167	2	0	3000	hit	367
JC	202	Response	1	6731144	3038	1
JC	203	Picture	22	6767105	0	1	3166	3	0	3000	hit	369
JC	203	Response	1	6771579	4474	1
JC	203	Pause		6791924	24819		2079036
JC	203	Resume		6791924	24819
JC	204	Picture	22	6800164	0	1	3167	2	0	3000	hit	373
JC	204	Response	1	6804735	4571	1
JC	205	Picture	33	6836996	0	2	3167	3	0	3000	miss	0
JC	206	Picture	22	6869995	0	1	3167	2	0	3000	hit	376
JC	206	Response	1	6873614	3619	1
JC	207	Picture	22	6904494	0	1	3167	2	0	3000	hit	378
JC	207	Response	1	6908643	4149	1
JC	208	Picture	22	6938826	0	1	3167	2	0	3000	hit	380
JC	208	Response	1	6942077	3251	1
JC	209	Picture	22	6967492	0	1	3167	2	0	3000	hit	382
JC	209	Response	1	6971451	3959	2
JC	210	Picture	22	7001658	0	1	3166	2	0	3000	hit	384
JC	210	Response	1	7004889	3231	1
JC	211	Picture	33	7037990	0	1	3166	2	0	3000	hit	386
JC	211	Response	1	7042544	4554	1
JC	211	Response	1	7047544	9554	1
JC	212	Picture	22	7066322	0	1	3167	2	0	3000	hit	389
JC	212	Response	1	7070825	4503	1
JC	213	Picture	22	7096321	0	1	3167	2	0	3000	hit	391
JC	213	Response	1	7100200	3879	1
JC	214	Picture	22	7126320	0	1	3167	2	0	3000	hit	393
JC	214	Response	1	7130824	4504	2
JC	215	Picture	22	7163152	0	1	3167	2	0	3000	hit	395
JC	215	Response	1	7167543	4391	1
JC	216	Picture	22	7200151	0	1	3166	3	0	3000	hit	397
JC	216	Response	1	7203482	3331	1
JC	217	Picture	22	7235650	0	1	3166	2	0	3000	hit	399
JC	217	Response	1	7240198	4548	1
JC	218	Picture	22	7272648	0	2	3167	3	0	3000	hit	401
JC	218	Response	1	7276291	3643	1
JC	219	Picture	33	7311980	0	2	3167	3	0	3000	miss	0
JC	220	Picture	22	7340980	0	1	3166	2	0	3000	hit	404
JC	220	Response	1	7343947	2967	1
JC	221	Picture	22	7369645	0	1	3167	2	0	3000	hit	406
JC	221	Response	1	7375040	5395	1
JC	222	Picture	22	7409477	0	1	3167	2	0	3000	hit	408
JC	222	Response	1	7413165	3688	1
JC	223	Picture	22	7438810	0	1	3166	2	0	3000	hit	410
JC	223	Response	1	7442695	3885	1
JC	224	Picture	22	7471975	0	1	3167	2	0	3000	hit	412
JC	224	Response	1	7475038	3063	2
JC	225	Picture	22	7510307	0	1	3167	2	0	3000	hit	414
JC	225	Response	1	7514569	4262	1
JC	226	Picture	22	7538640	0	1	3166	2	0	3000	hit	416
JC	226	Response	1	7542226	3586	1
JC	227	Picture	33	7573972	0	1	3166	2	0	3000	hit	418
JC	227	Response	1	7577225	3253	1
JC	227	Response	1	7580159	6187	1
JC	228	Picture	22	7605804	0	1	3167	2	0	3000	hit	421
JC	228	Response	1	7608787	2983	1
JC	229	Picture	22	7641136	0	1	3167	2	0	3000	hit	423
JC	229	Response	1	7644099	2963	2
JC	230	Picture	22	7671302	0	1	3166	2	0	3000	hit	425
JC	230	Response	1	7674880	3578	1
JC	231	Picture	33	7705801	0	1	3166	2	0	3000	miss	0
JC	232	Picture	22	7734966	0	1	3167	2	0	3000	hit	428
JC	232	Response	1	7740035	5069	1
JC	233	Picture	22	7763965	0	1	3167	2	0	3000	hit	430
JC	233	Response	1	7767379	3414	1
JC	234	Picture	22	7795631	0	1	3167	2	0	3000	hit	432
JC	234	Response	1	7799253	3622	1
JC	235	Picture	33	7833796	0	1	3167	2	0	3000	miss	0
JC	236	Picture	22	7869628	0	2	3167	3	0	3000	hit	435
JC	236	Response	1	7873002	3374	1
JC	237	Picture	22	7899294	0	1	3167	2	0	3000	hit	437
JC	237	Response	1	7903626	4332	2
JC	238	Picture	22	7939293	0	1	3166	2	0	3000	hit	439
JC	238	Response	1	7942220	2927	1
JC	239	Picture	22	7969792	0	1	3166	2	0	3000	hit	441
JC	239	Response	1	7973157	3365	1
JC	240	Picture	22	8000457	0	2	3167	3	0	3000	hit	443
JC	240	Response	1	8004094	3637	2
JC	241	Picture	33	8034790	0	1	3166	2	0	3000	hit	445
JC	241	Response	1	8038000	3210	1
JC	242	Picture	22	8073288	0	1	3167	2	0	3000	hit	447
JC	242	Response	1	8076906	3618	1
JC	243	Picture	22	8104954	0	1	3166	3	0	3000	hit	449
JC	243	Response	1	8109249	4295	1
JC	244	Picture	22	8135120	0	1	3166	2	0	3000	hit	451
JC	244	Response	1	8139092	3972	2
JC	245	Picture	22	8172452	0	1	3166	2	0	3000	hit	453
JC	245	Response	1	8175811	3359	1
JC	246	Picture	22	8210450	0	1	3167	2	0	3000	hit	455
JC	246	Response	1	8215025	4575	1
JC	247	Picture	33	8244783	0	1	3166	2	0	3000	miss	0
JC	248	Picture	22	8282615	0	1	3166	2	0	3000	hit	458
JC	248	Response	1	8285653	3038	1
JC	249	Picture	22	8313780	0	1	3167	2	0	3000	hit	460
JC	249	Response	1	8317840	4060	2
JC	250	Picture	22	8344113	0	1	3166	2	0	3000	hit	462
JC	250	Response	1	8347527	3414	1
JC	251	Picture	22	8378111	0	2	3167	3	0	3000	hit	464
JC	251	Response	1	8381277	3166	1
JC	252	Picture	22	8413444	0	1	3166	2	0	3000	hit	466
JC	252	Response	1	8416745	3301	1
JC	253	Picture	33	8441943	0	1	3166	2	0	3000	miss	0
JC	254	Picture	22	8470108	0	1	3167	2	0	3000	hit	469
JC	254	Response	1	8474400	4292	2
JC	255	Picture	22	8508607	0	1	3167	2	0	3000	hit	471
JC	255	Response	1	8511744	3137	1
JC	256	Picture	22	8540106	0	1	3167	2	0	3000	hit	473
JC	256	Response	1	8543931	3825	1
JC	257	Picture	22	8573272	0	1	3166	2	0	3000	hit	475
JC	257	Response	1	8577213	3941	1
JC	258	Picture	22	8608937	0	1	3167	2	0	3000	hit	477
JC	258	Response	1	8612055	3118	1
JC	259	Picture	33	8640603	0	1	3166	2	0	3000	miss	0
JC	260	Picture	22	8672602	0	1	3166	2	0	3000	hit	480
JC	260	Response	1	8675804	3202	1
JC	261	Picture	22	8710934	0	1	3166	2	0	3000	hit	482
JC	261	Response	1	8713929	2995	1
JC	262	Picture	22	8742933	0	1	3166	2	0	3000	hit	484
JC	262	Response	1	8746584	3651	2
JC	263	Picture	33	8776098	0	1	3167	2	0	3000	hit	486
JC	263	Response	1	8779865	3767	1
JC	264	Picture	22	8809430	0	1	3167	2	0	3000	hit	488
JC	264	Response	1	8812990	3560	1
JC	265	Picture	33	8845929	0	1	3167	2	0	3000	hit	490
JC	265	Response	1	8849708	3779	1
JC	266	Picture	22	8881428	0	1	3166	2	0	3000	hit	492
JC	266	Response	1	8885645	4217	1
JC	267	Picture	22	8915760	0	1	3167	2	0	3000	hit	494
JC	267	Response	1	8920957	5197	1
JC	268	Picture	22	8955259	0	1	3166	2	0	3000	hit	496
JC	268	Response	1	8959081	3822	2
JC	269	Picture	33	8987091	0	1	3167	2	0	3000	miss	0
JC	270	Picture	22	9026756	0	1	3167	2	0	3000	hit	499
JC	270	Response	1	9029706	2950	1
JC	271	Picture	22	9060422	0	1	3166	2	0	3000	hit	501
JC	271	Response	1	9063767	3345	2
JC	272	Picture	22	9099087	0	1	3167	2	0	3000	hit	503
JC	272	Response	1	9102673	3586	1
JC	273	Picture	22	9135753	0	1	3166	2	0	3000	hit	505
JC	273	Response	1	9140016	4263	2
JC	274	Picture	22	9167752	0	1	3166	2	0	3000	hit	507
JC	274	Response	1	9172204	4452	1
JC	275	Picture	33	9202084	0	1	3166	2	0	3000	miss	0
JC	276	Picture	22	9234749	0	1	3167	2	0	3000	hit	510
JC	276	Response	1	9238140	3391	1
JC	277	Picture	22	9266248	0	1	3167	2	0	3000	hit	512
JC	277	Response	1	9270327	4079	2
JC	278	Picture	22	9300747	0	1	3167	2	0	3000	hit	514
JC	278	Response	1	9304077	3330	1
JC	279	Picture	33	9333913	0	1	3166	2	0	3000	miss	0
JC	280	Picture	22	9365245	0	1	3167	2	0	3000	hit	517
JC	280	Response	1	9369076	3831	1
JC	281	Picture	22	9400577	0	1	3167	2	0	3000	hit	519
JC	281	Response	1	9404548	3971	2
JC	282	Picture	22	9440076	0	1	3166	2	0	3000	hit	521
JC	282	Response	1	9444548	4472	2
JC	283	Picture	33	9469741	0	2	3167	3	0	3000	miss	0
JC	284	Picture	22	9502907	0	1	3167	2	0	3000	hit	524
JC	284	Response	1	9506105	3198	1
JC	285	Picture	22	9540739	0	1	3167	2	0	3000	hit	526
JC	285	Response	1	9544547	3808	1
JC	286	Picture	22	9576571	0	1	3167	2	0	3000	hit	528
JC	286	Response	1	9579854	3283	1
JC	287	Picture	22	9608070	0	1	3167	2	0	3000	hit	530
JC	287	Response	1	9611729	3659	1
JC	288	Picture	22	9637069	0	1	3167	2	0	3000	hit	532
JC	288	Response	1	9640478	3409	2
JC	289	Picture	33	9676735	0	1	3166	2	0	3000	miss	0
JC	290	Picture	22	9714733	0	1	3167	2	0	3000	hit	535
JC	290	Response	1	9718605	3872	1
JC	291	Picture	22	9748899	0	1	3166	2	0	3000	hit	537
JC	291	Response	1	9752821	3922	1
JC	292	Picture	22	9783898	0	1	3166	2	0	3000	hit	539
JC	292	Response	1	9787820	3922	2
JC	293	Picture	33	9818563	0	1	3167	2	0	3000	miss	0
JC	294	Picture	22	9854395	0	1	3167	2	0	3000	hit	542
JC	294	Response	1	9858913	4518	1
JC	295	Picture	22	9887227	0	2	3167	3	0	3000	hit	544
JC	295	Response	1	9891256	4029	1
JC	296	Picture	22	9924726	0	1	3167	2	0	3000	hit	546
JC	296	Response	1	9928912	4186	1
JC	297	Picture	33	9957058	0	2	3167	3	0	3000	miss	0
JC	298	Picture	22	9987724	0	1	3167	2	0	3000	hit	549
JC	298	Response	1	9991411	3687	2
JC	299	Picture	33	10025723	0	1	3166	2	0	3000	miss	0
JC	300	Picture	22	10056222	0	1	3166	2	0	3000	hit	552
JC	300	Response	1	10059379	3157	2
JC	301	Picture	22	10084388	0	1	3166	2	0	3000	hit	554
JC	301	Response	1	10088754	4366	1
JC	302	Picture	22	10113720	0	1	3166	2	0	3000	hit	556
JC	302	Response	1	10117191	3471	1
JC	303	Picture	22	10145219	0	1	3166	2	0	3000	hit	558
JC	303	Response	1	10148597	3378	1
JC	304	Picture	22	10180551	0	1	3167	2	0	3000	hit	560
JC	304	Response	1	10184065	3514	2
JC	305	Picture	33	10220383	0	1	3167	2	0	3000	miss	0


Event Type	Code	Type	Response	RT	RT Uncertainty	Time	Uncertainty	Duration	Uncertainty	ReqTime	ReqDur

Picture	22	hit	1	4964	2	332	1	3167	2	0	3000
Picture	22	hit	1	4589	2	38831	1	3167	2	0	3000
Picture	22	hit	1	3444	2	74663	1	3167	2	0	3000
Picture	22	hit	1	4944	3	110662	1	3166	3	0	3000
Picture	22	hit	1	3227	2	140661	1	3166	3	0	3000
Picture	33	miss				172160	1	3166	2	0	3000
Picture	22	hit	1	4582	2	201492	1	3167	2	0	3000
Picture	22	hit	1	3468	2	239324	1	3167	2	0	3000
Picture	22	hit	1	3344	2	271323	1	3167	2	0	3000
Picture	22	hit	1	4688	2	302322	1	3167	2	0	3000
Picture	22	hit	1	4001	3	335821	1	3167	2	0	3000
Picture	33	hit	1	2772	3	367987	1	3166	2	0	3000
Picture	22	hit	1	2993	2	404485	1	3167	2	0	3000
Picture	33	miss				437151	1	3166	3	0	3000
Picture	22	hit	1	3514	2	473650	1	3166	2	0	3000
Picture	22	hit	1	2922	3	510648	2	3167	3	0	3000
Picture	22	hit	1	4547	3	542147	1	3167	2	0	3000
Picture	33	miss				578979	2	3167	3	0	3000
Picture	22	hit	1	3163	2	609312	1	3166	2	0	3000
Picture	22	hit	1	6313	2	641477	1	3167	2	0	3000
Picture	22	hit	1	3789	2	676810	1	3166	2	0	3000
Picture	22	hit	1	4082	2	712142	1	3166	2	0	3000
Picture	22	hit	1	3010	2	751807	1	3167	2	0	3000
Picture	22	hit	1	3281	3	779973	1	3166	2	0	3000
Picture	22	hit	1	3970	3	816471	2	3167	3	0	3000
Picture	33	hit	1	4220	3	852470	1	3167	2	0	3000
Picture	22	hit	1	4482	2	890802	1	3167	2	0	3000
Picture	22	hit	1	4263	3	926801	1	3167	2	0	3000
Picture	22	hit	1	3431	2	960133	1	3167	2	0	3000
Picture	22	hit	1	3296	2	994799	1	3166	2	0	3000
Picture	22	hit	1	4443	2	1028964	1	3167	2	0	3000
Picture	33	miss				1068130	1	3166	2	0	3000
Picture	22	hit	1	4528	2	1107628	1	3167	2	0	3000
Picture	22	hit	1	3518	2	1146294	1	3166	2	0	3000
Picture	22	hit	1	3341	3	1179126	1	3167	2	0	3000
Picture	22	hit	1	3322	2	1211958	1	3167	2	0	3000
Picture	22	hit	1	3103	2	1247957	1	3167	2	0	3000
Picture	33	hit	1	4292	2	1281456	1	3166	2	0	3000
Picture	22	hit	1	3765	2	1319955	1	3166	2	0	3000
Picture	22	hit	1	4116	2	1351787	1	3166	2	0	3000
Picture	22	hit	1	4325	2	1385952	1	3167	2	0	3000
Picture	33	miss				1416785	1	3166	2	0	3000
Picture	22	hit	1	3878	3	1448117	1	3166	3	0	3000
Picture	22	hit	1	4264	3	1481949	1	3167	2	0	3000
Picture	22	hit	1	3942	2	1512115	1	3166	2	0	3000
Picture	33	miss				1542947	1	3167	2	0	3000
Picture	22	hit	1	4527	2	1582779	1	3167	2	0	3000
Picture	22	hit	1	3610	3	1614945	1	3166	2	0	3000
Picture	22	hit	1	5320	2	1645110	1	3167	2	0	3000
Picture	22	hit	1	3477	2	1684609	1	3166	3	0	3000
Picture	22	hit	1	3227	2	1716108	1	3166	3	0	3000
Picture	22	hit	1	3947	2	1744607	1	3166	3	0	3000
Picture	22	hit	1	2728	3	1774106	1	3167	2	0	3000
Picture	33	miss				1805772	1	3166	2	0	3000
Picture	22	hit	1	4698	3	1837604	1	3166	2	0	3000
Picture	22	hit	1	3866	2	1875936	1	3166	2	0	3000
Picture	22	hit	1	3440	2	1915268	1	3166	2	0	3000
Picture	22	hit	1	3840	2	1953933	1	3167	2	0	3000
Picture	22	hit	1	3108	2	1990599	1	3166	2	0	3000
Picture	33	miss				2018931	1	3167	2	0	3000
Picture	22	hit	1	3683	2	2048930	1	3167	2	0	3000
Picture	33	miss				2080762	1	3167	2	0	3000
Picture	22	hit	1	4277	2	2114428	1	3166	2	0	3000
Picture	22	hit	1	3351	2	2146760	1	3167	2	0	3000
Picture	22	hit	1	4518	3	2185592	1	3167	2	0	3000
Picture	33	hit	1	3363	2	2219091	1	3167	2	0	3000
Picture	22	hit	1	4332	2	2258590	1	3166	2	0	3000
Picture	22	hit	1	4198	2	2295755	1	3167	2	0	3000
Picture	22	hit	1	4303	3	2324087	2	3167	3	0	3000
Picture	33	miss				2354586	2	3167	3	0	3000
Picture	22	hit	1	4502	3	2393418	2	3167	3	0	3000
Picture	33	miss				2423751	1	3166	2	0	3000
Picture	22	hit	1	3461	2	2462583	1	3166	2	0	3000
Picture	22	hit	1	3504	2	2494415	1	3167	2	0	3000
Picture	22	hit	1	4796	2	2526247	1	3167	2	0	3000
Picture	22	hit	1	3942	3	2564913	1	3166	2	0	3000
Picture	22	hit	1	3746	2	2598078	1	3167	2	0	3000
Picture	33	miss				2628577	1	3167	2	0	3000
Picture	22	hit	1	3476	2	2667409	1	3167	2	0	3000
Picture	22	hit	1	3643	2	2697242	1	3166	2	0	3000
Picture	22	hit	1	3967	2	2729574	1	3166	2	0	3000
Picture	22	hit	1	3697	2	2761406	1	3167	2	0	3000
Picture	22	hit	1	4572	2	2789905	1	3167	2	0	3000
Picture	33	miss				2821404	1	3167	2	0	3000
Picture	22	hit	1	3407	4	2858569	2	3167	3	0	3000
Picture	22	hit	1	3469	2	2887235	1	3167	2	0	3000
Picture	22	hit	1	3450	2	2920401	1	3166	2	0	3000
Picture	22	hit	1	3180	2	2949733	1	3167	2	0	3000
Picture	22	hit	1	3441	2	2985565	1	3167	2	0	3000
Picture	33	miss				3014898	1	3166	2	0	3000
Picture	22	hit	1	4536	2	3050563	1	3167	2	0	3000
Picture	33	miss				3087895	1	3167	2	0	3000
Picture	22	hit	1	3787	2	3117561	1	3166	2	0	3000
Picture	22	hit	1	4475	2	3146560	1	3166	2	0	3000
Picture	22	hit	1	4374	3	3178225	2	3167	3	0	3000
Picture	22	hit	1	4758	2	3209558	1	3166	2	0	3000
Picture	22	hit	1	4175	2	3243890	1	3166	3	0	3000
Picture	33	hit	1	3812	2	3272222	1	3167	2	0	3000
Picture	22	hit	1	4791	2	3304055	1	3166	2	0	3000
Picture	22	hit	1	2895	3	3341887	1	3166	2	0	3000
Picture	22	hit	1	5074	2	3379552	1	3167	2	0	3000
Picture	22	hit	1	3824	3	3409551	1	3167	2	0	3000
Picture	22	hit	1	3450	2	3445550	1	3166	2	0	3000
Picture	22	hit	1	4472	3	3474215	2	3167	3	0	3000
Picture	22	hit	1	4399	3	3502881	1	3167	2	0	3000
Picture	33	miss				3532714	1	3166	2	0	3000
Picture	22	hit	1	3682	2	3569379	1	3167	2	0	3000
Picture	22	hit	1	3984	2	3602045	1	3166	2	0	3000
Picture	22	hit	1	3976	2	3632210	1	3167	2	0	3000
Picture	22	hit	1	3517	3	3669542	1	3167	2	0	3000
Picture	22	hit	1	4070	2	3698208	1	3167	2	0	3000
Picture	33	hit	1	3320	2	3737707	1	3166	2	0	3000
Picture	22	hit	1	3738	2	3776039	1	3166	2	0	3000
Picture	22	hit	1	4228	3	3805704	1	3167	2	0	3000
Picture	22	hit	1	3729	2	3843703	1	3167	2	0	3000
Picture	33	hit	1	3875	2	3878869	1	3166	2	0	3000
Picture	22	hit	1	4595	2	3907368	1	3166	2	0	3000
Picture	22	hit	1	4575	2	3945200	1	3166	2	0	3000
Picture	22	hit	1	4690	2	3975865	1	3167	2	0	3000
Picture	33	hit	1	3733	3	4011197	2	3167	3	0	3000
Picture	22	hit	1	4317	2	4044363	1	3167	2	0	3000
Picture	33	miss				4077029	1	3166	2	0	3000
Picture	22	hit	1	4839	2	4113527	1	3167	2	0	3000
Picture	22	hit	1	4308	3	4142026	1	3167	2	0	3000
Picture	22	hit	1	5142	2	4171192	1	3167	2	0	3000
Picture	33	miss				4206358	1	3166	2	0	3000
Picture	22	hit	1	3321	2	4245356	1	3167	2	0	3000
Picture	22	hit	1	5040	2	4285355	1	3166	3	0	3000
Picture	22	hit	1	4114	2	4315187	1	3167	2	0	3000
Picture	22	hit	1	4687	3	4346020	1	3166	2	0	3000
Picture	22	hit	1	3792	2	4385352	1	3166	2	0	3000
Picture	33	miss				4418184	1	3166	2	0	3000
Picture	22	hit	1	3804	4	4457682	2	3167	3	0	3000
Picture	22	hit	1	4117	2	4495181	1	3167	2	0	3000
Picture	22	hit	1	3129	2	4533513	1	3167	2	0	3000
Picture	33	miss				4567679	1	3166	2	0	3000
Picture	22	hit	1	3703	3	4596844	2	3167	3	0	3000
Picture	33	miss				4627177	1	3166	2	0	3000
Picture	22	hit	1	3871	2	4661676	1	3166	2	0	3000
Picture	33	miss				4690175	1	3166	2	0	3000
Picture	22	hit	1	3507	2	4725007	1	3166	2	0	3000
Picture	22	hit	1	4737	3	4760339	1	3167	2	0	3000
Picture	22	hit	1	3331	3	4797838	1	3166	2	0	3000
Picture	22	hit	1	3624	2	4828170	1	3167	2	0	3000
Picture	22	hit	1	3750	2	4858669	1	3167	2	0	3000
Picture	33	miss				4895168	1	3166	2	0	3000
Picture	22	hit	1	4032	2	4924167	1	3166	2	0	3000
Picture	22	hit	1	3825	2	4957499	1	3167	2	0	3000
Picture	22	hit	1	4002	3	4989665	1	3166	2	0	3000
Picture	22	hit	1	3721	2	5019164	1	3166	2	0	3000
Picture	22	hit	1	5118	3	5056829	1	3167	2	0	3000
Picture	33	miss				5096328	1	3166	2	0	3000
Picture	22	hit	1	5756	2	5156659	1	3167	2	0	3000
Picture	22	hit	1	4548	2	5195991	1	3167	2	0	3000
Picture	22	hit	1	3518	2	5227490	1	3167	2	0	3000
Picture	22	hit	1	4216	3	5261322	1	3167	2	0	3000
Picture	22	hit	1	3488	2	5292988	1	3166	2	0	3000
Picture	33	miss				5326653	1	3167	2	0	3000
Picture	22	hit	1	3427	2	5366485	1	3167	2	0	3000
Picture	33	miss				5397151	1	3166	3	0	3000
Picture	22	hit	1	4375	3	5426317	1	3166	2	0	3000
Picture	22	miss				5458815	2	3167	3	0	3000
Picture	22	hit	1	2745	2	5494981	1	3167	2	0	3000
Picture	33	miss				5534480	1	3166	2	0	3000
Picture	22	hit	1	3296	2	5563645	1	3167	2	0	3000
Picture	22	hit	1	3913	2	5593811	1	3167	2	0	3000
Picture	22	hit	1	4265	3	5630643	1	3167	2	0	3000
Picture	22	hit	1	3808	3	5660475	2	3167	3	0	3000
Picture	22	hit	1	3600	2	5691308	1	3166	2	0	3000
Picture	33	miss				5730973	1	3167	2	0	3000
Picture	22	hit	1	3810	2	5765472	1	3166	2	0	3000
Picture	22	hit	1	3207	2	5800137	1	3167	2	0	3000
Picture	22	hit	1	4332	2	5837136	1	3167	2	0	3000
Picture	22	hit	1	3697	3	5872302	1	3166	2	0	3000
Picture	22	hit	1	3927	2	5911134	1	3166	2	0	3000
Picture	22	hit	1	3762	2	5941299	1	3167	2	0	3000
Picture	22	hit	1	3553	3	5969632	1	3166	2	0	3000
Picture	33	miss				6008964	1	3166	2	0	3000
Picture	22	hit	1	4076	2	6038796	1	3167	2	0	3000
Picture	22	hit	1	3931	2	6071128	1	3167	2	0	3000
Picture	22	hit	1	2963	2	6106627	1	3167	2	0	3000
Picture	22	hit	1	3859	4	6144792	2	3167	3	0	3000
Picture	22	hit	1	4860	4	6176291	2	3167	3	0	3000
Picture	33	miss				6208790	1	3167	2	0	3000
Picture	22	hit	1	3528	3	6245122	2	3167	3	0	3000
Picture	22	hit	1	2925	2	6282288	1	3166	2	0	3000
Picture	22	hit	1	3665	2	6320453	1	3167	2	0	3000
Picture	33	hit	1	3114	2	6359285	1	3167	2	0	3000
Picture	22	hit	1	4927	2	6390284	1	3167	2	0	3000
Picture	22	hit	1	3584	2	6419283	1	3167	2	0	3000
Picture	22	hit	1	4366	2	6456782	1	3167	2	0	3000
Picture	33	miss				6489781	1	3166	2	0	3000
Picture	22	hit	1	3148	2	6528780	1	3166	2	0	3000
Picture	22	hit	1	3732	3	6559445	1	3167	2	0	3000
Picture	22	hit	1	3389	2	6592444	1	3167	2	0	3000
Picture	33	miss				6621610	1	3166	2	0	3000
Picture	22	hit	1	3380	4	6660108	2	3167	3	0	3000
Picture	22	hit	1	4547	2	6696441	1	3166	2	0	3000
Picture	22	hit	1	3038	2	6728106	1	3167	2	0	3000
Picture	22	hit	1	4474	2	6767105	1	3166	3	0	3000
Picture	22	hit	1	4571	2	6800164	1	3167	2	0	3000
Picture	33	miss				6836996	2	3167	3	0	3000
Picture	22	hit	1	3619	2	6869995	1	3167	2	0	3000
Picture	22	hit	1	4149	2	6904494	1	3167	2	0	3000
Picture	22	hit	1	3251	2	6938826	1	3167	2	0	3000
Picture	22	hit	1	3959	3	6967492	1	3167	2	0	3000
Picture	22	hit	1	3231	2	7001658	1	3166	2	0	3000
Picture	33	hit	1	4554	2	7037990	1	3166	2	0	3000
Picture	22	hit	1	4503	2	7066322	1	3167	2	0	3000
Picture	22	hit	1	3879	2	7096321	1	3167	2	0	3000
Picture	22	hit	1	4504	3	7126320	1	3167	2	0	3000
Picture	22	hit	1	4391	2	7163152	1	3167	2	0	3000
Picture	22	hit	1	3331	2	7200151	1	3166	3	0	3000
Picture	22	hit	1	4548	2	7235650	1	3166	2	0	3000
Picture	22	hit	1	3643	3	7272648	2	3167	3	0	3000
Picture	33	miss				7311980	2	3167	3	0	3000
Picture	22	hit	1	2967	2	7340980	1	3166	2	0	3000
Picture	22	hit	1	5395	2	7369645	1	3167	2	0	3000
Picture	22	hit	1	3688	2	7409477	1	3167	2	0	3000
Picture	22	hit	1	3885	2	7438810	1	3166	2	0	3000
Picture	22	hit	1	3063	3	7471975	1	3167	2	0	3000
Picture	22	hit	1	4262	2	7510307	1	3167	2	0	3000
Picture	22	hit	1	3586	2	7538640	1	3166	2	0	3000
Picture	33	hit	1	3253	2	7573972	1	3166	2	0	3000
Picture	22	hit	1	2983	2	7605804	1	3167	2	0	3000
Picture	22	hit	1	2963	3	7641136	1	3167	2	0	3000
Picture	22	hit	1	3578	2	7671302	1	3166	2	0	3000
Picture	33	miss				7705801	1	3166	2	0	3000
Picture	22	hit	1	5069	2	7734966	1	3167	2	0	3000
Picture	22	hit	1	3414	2	7763965	1	3167	2	0	3000
Picture	22	hit	1	3622	2	7795631	1	3167	2	0	3000
Picture	33	miss				7833796	1	3167	2	0	3000
Picture	22	hit	1	3374	3	7869628	2	3167	3	0	3000
Picture	22	hit	1	4332	3	7899294	1	3167	2	0	3000
Picture	22	hit	1	2927	2	7939293	1	3166	2	0	3000
Picture	22	hit	1	3365	2	7969792	1	3166	2	0	3000
Picture	22	hit	1	3637	4	8000457	2	3167	3	0	3000
Picture	33	hit	1	3210	2	8034790	1	3166	2	0	3000
Picture	22	hit	1	3618	2	8073288	1	3167	2	0	3000
Picture	22	hit	1	4295	2	8104954	1	3166	3	0	3000
Picture	22	hit	1	3972	3	8135120	1	3166	2	0	3000
Picture	22	hit	1	3359	2	8172452	1	3166	2	0	3000
Picture	22	hit	1	4575	2	8210450	1	3167	2	0	3000
Picture	33	miss				8244783	1	3166	2	0	3000
Picture	22	hit	1	3038	2	8282615	1	3166	2	0	3000
Picture	22	hit	1	4060	3	8313780	1	3167	2	0	3000
Picture	22	hit	1	3414	2	8344113	1	3166	2	0	3000
Picture	22	hit	1	3166	3	8378111	2	3167	3	0	3000
Picture	22	hit	1	3301	2	8413444	1	3166	2	0	3000
Picture	33	miss				8441943	1	3166	2	0	3000
Picture	22	hit	1	4292	3	8470108	1	3167	2	0	3000
Picture	22	hit	1	3137	2	8508607	1	3167	2	0	3000
Picture	22	hit	1	3825	2	8540106	1	3167	2	0	3000
Picture	22	hit	1	3941	2	8573272	1	3166	2	0	3000
Picture	22	hit	1	3118	2	8608937	1	3167	2	0	3000
Picture	33	miss				8640603	1	3166	2	0	3000
Picture	22	hit	1	3202	2	8672602	1	3166	2	0	3000
Picture	22	hit	1	2995	2	8710934	1	3166	2	0	3000
Picture	22	hit	1	3651	3	8742933	1	3166	2	0	3000
Picture	33	hit	1	3767	2	8776098	1	3167	2	0	3000
Picture	22	hit	1	3560	2	8809430	1	3167	2	0	3000
Picture	33	hit	1	3779	2	8845929	1	3167	2	0	3000
Picture	22	hit	1	4217	2	8881428	1	3166	2	0	3000
Picture	22	hit	1	5197	2	8915760	1	3167	2	0	3000
Picture	22	hit	1	3822	3	8955259	1	3166	2	0	3000
Picture	33	miss				8987091	1	3167	2	0	3000
Picture	22	hit	1	2950	2	9026756	1	3167	2	0	3000
Picture	22	hit	1	3345	3	9060422	1	3166	2	0	3000
Picture	22	hit	1	3586	2	9099087	1	3167	2	0	3000
Picture	22	hit	1	4263	3	9135753	1	3166	2	0	3000
Picture	22	hit	1	4452	2	9167752	1	3166	2	0	3000
Picture	33	miss				9202084	1	3166	2	0	3000
Picture	22	hit	1	3391	2	9234749	1	3167	2	0	3000
Picture	22	hit	1	4079	3	9266248	1	3167	2	0	3000
Picture	22	hit	1	3330	2	9300747	1	3167	2	0	3000
Picture	33	miss				9333913	1	3166	2	0	3000
Picture	22	hit	1	3831	2	9365245	1	3167	2	0	3000
Picture	22	hit	1	3971	3	9400577	1	3167	2	0	3000
Picture	22	hit	1	4472	3	9440076	1	3166	2	0	3000
Picture	33	miss				9469741	2	3167	3	0	3000
Picture	22	hit	1	3198	2	9502907	1	3167	2	0	3000
Picture	22	hit	1	3808	2	9540739	1	3167	2	0	3000
Picture	22	hit	1	3283	2	9576571	1	3167	2	0	3000
Picture	22	hit	1	3659	2	9608070	1	3167	2	0	3000
Picture	22	hit	1	3409	3	9637069	1	3167	2	0	3000
Picture	33	miss				9676735	1	3166	2	0	3000
Picture	22	hit	1	3872	2	9714733	1	3167	2	0	3000
Picture	22	hit	1	3922	2	9748899	1	3166	2	0	3000
Picture	22	hit	1	3922	3	9783898	1	3166	2	0	3000
Picture	33	miss				9818563	1	3167	2	0	3000
Picture	22	hit	1	4518	2	9854395	1	3167	2	0	3000
Picture	22	hit	1	4029	3	9887227	2	3167	3	0	3000
Picture	22	hit	1	4186	2	9924726	1	3167	2	0	3000
Picture	33	miss				9957058	2	3167	3	0	3000
Picture	22	hit	1	3687	3	9987724	1	3167	2	0	3000
Picture	33	miss				10025723	1	3166	2	0	3000
Picture	22	hit	1	3157	3	10056222	1	3166	2	0	3000
Picture	22	hit	1	4366	2	10084388	1	3166	2	0	3000
Picture	22	hit	1	3471	2	10113720	1	3166	2	0	3000
Picture	22	hit	1	3378	2	10145219	1	3166	2	0	3000
Picture	22	hit	1	3514	3	10180551	1	3167	2	0	3000
Picture	33	miss				10220383	1	3167	2	0	3000

The following output port codes were not sent because of a conflict on the port.
Port	Code	Time(ms)
1	3	208076
