Scenario - GO/NO-GO
Logfile written - 07/30/2012 10:55:24

Subject	Trial	Event Type	Code	Time	TTime	Uncertainty	Duration	Uncertainty	ReqTime	ReqDur	Stim Type	Pair Index

JC	2	Picture	22	332	0	1	3167	2	0	3000	hit	2
JC	2	Response	1	5584	5252	1
JC	3	Picture	33	10832	0	1	3167	2	0	3000	miss	0
JC	4	Picture	22	20332	0	1	3166	2	0	3000	hit	5
JC	4	Response	1	23709	3377	1
JC	5	Picture	22	29331	0	1	3167	2	0	3000	hit	7
JC	5	Response	1	32459	3128	1
JC	6	Picture	22	38331	0	1	3167	2	0	3000	hit	9
JC	6	Response	1	42146	3815	1
JC	7	Picture	33	48497	0	1	3167	2	0	3000	hit	11
JC	7	Response	1	51521	3024	1
JC	8	Picture	22	57664	0	1	3166	2	0	3000	hit	13
JC	8	Response	1	61677	4013	1
JC	9	Picture	22	66163	0	2	3167	3	0	3000	hit	15
JC	9	Response	1	69802	3639	1
JC	10	Picture	22	75663	0	1	3167	2	0	3000	hit	17
JC	10	Response	1	79333	3670	1
JC	11	Picture	33	86163	0	1	3166	2	0	3000	miss	0
JC	12	Picture	22	95829	0	1	3167	2	0	3000	hit	20
JC	12	Response	1	98708	2879	1
JC	13	Picture	22	106662	0	1	3167	2	0	3000	hit	22
JC	13	Response	1	109801	3139	1
JC	14	Picture	22	117328	0	1	3167	2	0	3000	hit	24
JC	14	Response	1	121051	3723	1
JC	15	Picture	22	125995	0	1	3166	2	0	3000	hit	26
JC	15	Response	1	130426	4431	1
JC	16	Picture	22	135494	0	2	3167	3	0	3000	hit	28
JC	16	Response	1	139332	3838	1
JC	17	Picture	33	144661	0	1	3166	2	0	3000	miss	0
JC	18	Picture	22	154494	0	1	3166	2	0	3000	hit	31
JC	18	Response	1	157457	2963	1
JC	19	Picture	33	165493	0	2	3167	3	0	3000	hit	33
JC	19	Response	1	168394	2901	2
JC	20	Picture	22	175326	0	2	3167	3	0	3000	hit	35
JC	20	Response	1	178238	2912	1
JC	21	Picture	22	185993	0	1	3166	2	0	3000	hit	37
JC	21	Response	1	189332	3339	1
JC	22	Picture	22	196826	0	1	3166	2	0	3000	hit	39
JC	22	Response	1	201050	4224	2
JC	23	Picture	22	205492	0	1	3167	2	0	3000	hit	41
JC	23	Response	1	209644	4152	1
JC	24	Picture	22	216492	0	1	3166	2	0	3000	hit	43
JC	24	Response	1	221050	4558	2
JC	25	Picture	22	225991	0	1	3167	2	0	3000	hit	45
JC	25	Response	1	230112	4121	1
JC	26	Picture	22	236658	0	1	3166	2	0	3000	hit	47
JC	26	Response	1	241674	5016	2
JC	27	Picture	33	245824	0	1	3167	2	0	3000	miss	0
JC	28	Picture	22	256324	0	1	3166	2	0	3000	hit	50
JC	28	Response	1	259330	3006	1
JC	29	Picture	22	264990	0	1	3167	2	0	3000	hit	52
JC	29	Response	1	267928	2938	1
JC	30	Picture	22	274823	0	1	3167	2	0	3000	hit	54
JC	30	Response	1	278080	3257	1
JC	31	Picture	22	284489	0	2	3167	3	0	3000	hit	56
JC	31	Response	1	287929	3440	1
JC	32	Picture	22	295156	0	1	3166	2	0	3000	hit	58
JC	32	Response	1	299017	3861	2
JC	33	Picture	33	304322	0	1	3167	2	0	3000	miss	0
JC	34	Picture	22	313488	0	2	3167	3	0	3000	hit	61
JC	34	Response	1	316673	3185	2
JC	35	Picture	22	323821	0	2	3167	3	0	3000	hit	63
JC	35	Response	1	326205	2384	1
JC	36	Picture	22	332821	0	1	3167	2	0	3000	hit	65
JC	36	Response	1	335580	2759	1
JC	37	Picture	22	343654	0	1	3167	2	0	3000	hit	67
JC	37	Response	1	346986	3332	1
JC	38	Picture	22	352320	0	2	3167	3	0	3000	hit	69
JC	38	Response	1	355913	3593	2
JC	39	Picture	22	362487	0	1	3166	2	0	3000	hit	71
JC	39	Response	1	366361	3874	1
JC	40	Picture	22	371987	0	1	3166	2	0	3000	hit	73
JC	40	Response	1	375735	3748	1
JC	41	Picture	33	382486	0	1	3167	2	0	3000	miss	0
JC	42	Picture	22	391653	0	1	3166	2	0	3000	hit	76
JC	42	Response	1	394329	2676	1
JC	43	Picture	22	402652	0	1	3167	2	0	3000	hit	78
JC	43	Response	1	405266	2614	1
JC	44	Picture	22	413652	0	1	3166	2	0	3000	hit	80
JC	44	Response	1	416203	2551	2
JC	45	Picture	22	424151	0	2	3167	3	0	3000	hit	82
JC	45	Response	1	426672	2521	1
JC	46	Picture	22	432818	0	1	3166	2	0	3000	hit	84
JC	46	Response	1	435265	2447	2
JC	47	Picture	33	443317	0	2	3167	3	0	3000	miss	0
JC	48	Picture	22	453150	0	2	3167	3	0	3000	hit	87
JC	48	Response	1	453234	84	1
JC	49	Picture	33	462983	0	2	3167	3	0	3000	hit	89
JC	49	Response	1	465422	2439	1
JC	50	Picture	22	472483	0	1	3167	2	0	3000	hit	91
JC	50	Response	1	475265	2782	1
JC	51	Picture	33	481650	0	1	3166	2	0	3000	miss	0
JC	52	Picture	22	491982	0	2	3167	3	0	3000	hit	94
JC	52	Response	1	492296	314	1
JC	53	Picture	22	502982	0	1	3167	2	0	3000	hit	96
JC	53	Response	1	507608	4626	2
JC	54	Picture	22	511815	0	1	3167	2	0	3000	hit	98
JC	54	Response	1	515265	3450	1
JC	55	Picture	33	519982	0	1	3166	2	0	3000	miss	0
JC	56	Picture	22	530648	0	1	3166	2	0	3000	hit	101
JC	56	Response	1	533077	2429	1
JC	57	Picture	22	541314	0	1	3167	2	0	3000	hit	103
JC	57	Response	1	543858	2544	1
JC	58	Picture	22	549981	0	1	3166	2	0	3000	hit	105
JC	58	Response	1	552608	2627	1
JC	59	Picture	22	559814	0	1	3166	2	0	3000	hit	107
JC	59	Response	1	563545	3731	1
JC	60	Picture	22	570647	0	1	3166	2	0	3000	hit	109
JC	60	Response	1	573545	2898	1
JC	61	Picture	33	578813	0	1	3166	3	0	3000	miss	0
JC	62	Picture	22	587813	0	1	3166	2	0	3000	hit	112
JC	62	Response	1	590576	2763	2
JC	63	Picture	22	595979	0	1	3167	2	0	3000	hit	114
JC	63	Response	1	600420	4441	1
JC	64	Picture	22	604979	0	1	3166	2	0	3000	hit	116
JC	64	Response	1	608232	3253	1
JC	65	Picture	33	615812	0	1	3166	2	0	3000	miss	0
JC	66	Picture	22	626478	0	1	3167	2	0	3000	hit	119
JC	66	Response	1	629170	2692	1
JC	67	Picture	33	635311	0	1	3167	2	0	3000	hit	121
JC	67	Response	1	638232	2921	1
JC	68	Picture	22	644144	0	1	3167	2	0	3000	hit	123
JC	68	Response	1	646513	2369	1
JC	69	Picture	22	654477	0	1	3167	2	0	3000	hit	125
JC	69	Response	1	657138	2661	1
JC	70	Picture	22	665143	0	1	3167	2	0	3000	hit	127
JC	70	Response	1	668231	3088	1
JC	71	Picture	22	673810	0	1	3166	2	0	3000	hit	129
JC	71	Response	1	677137	3327	2
JC	72	Picture	22	682643	0	1	3166	2	0	3000	hit	131
JC	72	Response	1	686200	3557	1
JC	73	Picture	22	692976	0	1	3166	2	0	3000	hit	133
JC	73	Response	1	696981	4005	1
JC	74	Picture	22	702975	0	2	3167	3	0	3000	hit	135
JC	74	Response	1	706512	3537	2
JC	75	Picture	33	711808	0	2	3167	3	0	3000	miss	0
JC	76	Picture	22	722141	0	2	3167	3	0	3000	hit	138
JC	76	Response	1	724794	2653	1
JC	77	Picture	22	731141	0	1	3167	2	0	3000	hit	140
JC	77	Response	1	734480	3339	2
JC	78	Picture	22	741307	0	2	3167	3	0	3000	hit	142
JC	78	Response	1	743855	2548	1
JC	79	Picture	22	750640	0	2	3167	3	0	3000	hit	144
JC	79	Response	1	753855	3215	1
JC	80	Picture	22	758974	0	1	3166	2	0	3000	hit	146
JC	80	Response	1	762136	3162	1
JC	81	Picture	33	770140	0	1	3166	2	0	3000	miss	0
JC	82	Picture	22	779806	0	1	3167	2	0	3000	hit	149
JC	82	Response	1	782136	2330	1
JC	83	Picture	22	789473	0	1	3166	2	0	3000	hit	151
JC	83	Response	1	792921	3448	1
JC	84	Picture	22	798639	0	1	3166	2	0	3000	hit	153
JC	84	Response	1	801355	2716	1
JC	85	Picture	22	809139	0	1	3166	2	0	3000	hit	155
JC	85	Response	1	811823	2684	1
JC	86	Picture	22	819638	0	1	3167	2	0	3000	hit	157
JC	86	Response	1	822604	2966	1
JC	87	Picture	33	830304	0	2	3167	3	0	3000	miss	0
JC	88	Picture	22	841304	0	1	3167	2	0	3000	hit	160
JC	88	Response	1	843854	2550	1
JC	89	Picture	22	851637	0	1	3167	2	0	3000	hit	162
JC	89	Response	1	854166	2529	2
JC	90	Picture	22	860803	0	2	3167	3	0	3000	hit	164
JC	90	Response	1	863385	2582	1
JC	91	Picture	33	871970	0	1	3166	2	0	3000	hit	166
JC	91	Response	1	874791	2821	1
JC	92	Picture	22	881136	0	1	3167	2	0	3000	hit	168
JC	92	Response	1	884167	3031	1
JC	93	Picture	22	889802	0	2	3167	3	0	3000	hit	170
JC	93	Response	1	892603	2801	1
JC	94	Picture	22	898969	0	1	3166	2	0	3000	hit	172
JC	94	Response	1	902291	3322	1
JC	95	Picture	22	907635	0	1	3167	2	0	3000	hit	174
JC	95	Response	1	911197	3562	1
JC	96	Picture	22	918635	0	1	3166	2	0	3000	hit	176
JC	96	Response	1	922759	4124	2
JC	97	Picture	33	928135	0	1	3166	2	0	3000	miss	0
JC	98	Picture	22	938801	0	1	3166	2	0	3000	hit	179
JC	98	Response	1	941197	2396	1
JC	99	Picture	22	949134	0	1	3166	2	0	3000	hit	181
JC	99	Response	1	951353	2219	1
JC	100	Picture	22	958467	0	1	3166	2	0	3000	hit	183
JC	100	Response	1	961196	2729	2
JC	101	Picture	33	968133	0	1	3167	2	0	3000	hit	185
JC	101	Response	1	970883	2750	2
JC	102	Picture	22	978300	0	1	3166	2	0	3000	hit	187
JC	102	Response	1	980883	2583	2
JC	103	Picture	22	986799	0	1	3167	2	0	3000	hit	189
JC	103	Response	1	989633	2834	1
JC	104	Picture	22	996299	0	1	3166	3	0	3000	hit	191
JC	104	Response	1	999165	2866	1
JC	105	Picture	33	1005132	0	1	3167	2	0	3000	miss	0
JC	106	Picture	22	1016298	0	1	3167	2	0	3000	hit	194
JC	106	Response	1	1018695	2397	1
JC	107	Picture	22	1025465	0	1	3166	2	0	3000	hit	196
JC	107	Response	1	1028696	3231	1
JC	108	Picture	22	1034464	0	1	3167	2	0	3000	hit	198
JC	108	Response	1	1037914	3450	1
JC	109	Picture	22	1043964	0	1	3166	3	0	3000	hit	200
JC	109	Response	1	1047445	3481	1
JC	110	Picture	22	1053297	0	1	3167	2	0	3000	hit	202
JC	110	Response	1	1057289	3992	1
JC	111	Picture	33	1062963	0	1	3167	2	0	3000	miss	0
JC	112	Picture	22	1071796	0	1	3167	2	0	3000	hit	205
JC	112	Response	1	1075413	3617	1
JC	113	Picture	33	1081629	0	1	3167	2	0	3000	miss	0
JC	114	Picture	22	1091296	0	1	3166	2	0	3000	hit	208
JC	114	Response	1	1093538	2242	1
JC	115	Picture	22	1099795	0	2	3167	3	0	3000	hit	210
JC	115	Response	1	1103694	3899	1
JC	116	Picture	22	1109962	0	1	3166	2	0	3000	hit	212
JC	116	Response	1	1112915	2953	1
JC	117	Picture	22	1118295	0	1	3166	2	0	3000	hit	214
JC	117	Response	1	1121663	3368	1
JC	118	Picture	22	1128794	0	2	3167	3	0	3000	hit	216
JC	118	Response	1	1132757	3963	1
JC	119	Picture	33	1139461	0	1	3166	2	0	3000	miss	0
JC	120	Picture	22	1148294	0	1	3166	2	0	3000	hit	219
JC	120	Response	1	1152757	4463	1
JC	121	Picture	22	1156627	0	1	3166	2	0	3000	hit	221
JC	121	Response	1	1160100	3473	1
JC	122	Picture	22	1165960	0	1	3166	3	0	3000	hit	223
JC	122	Response	1	1170100	4140	1
JC	123	Picture	22	1176960	0	1	3166	2	0	3000	hit	225
JC	123	Response	1	1180256	3296	1
JC	124	Picture	22	1186793	0	1	3166	2	0	3000	hit	227
JC	124	Response	1	1189787	2994	1
JC	125	Picture	33	1197959	0	1	3166	2	0	3000	miss	0
JC	126	Picture	22	1207459	0	1	3166	2	0	3000	hit	230
JC	126	Response	1	1209631	2172	1
JC	127	Picture	22	1216958	0	1	3167	2	0	3000	hit	232
JC	127	Response	1	1220881	3923	1
JC	128	Picture	22	1226291	0	1	3167	2	0	3000	hit	234
JC	128	Response	1	1229317	3026	2
JC	129	Picture	22	1236124	0	1	3167	2	0	3000	hit	236
JC	129	Response	1	1239005	2881	1
JC	130	Picture	22	1244791	0	1	3166	2	0	3000	hit	238
JC	130	Response	1	1247755	2964	1
JC	131	Picture	33	1254624	0	1	3166	2	0	3000	miss	0
JC	132	Picture	22	1263957	0	1	3166	2	0	3000	hit	241
JC	132	Response	1	1265567	1610	1
JC	133	Picture	22	1274956	0	1	3167	2	0	3000	hit	243
JC	133	Response	1	1278223	3267	1
JC	134	Picture	22	1283123	0	1	3166	2	0	3000	hit	245
JC	134	Response	1	1286504	3381	2
JC	135	Picture	33	1292456	0	1	3166	2	0	3000	hit	247
JC	135	Response	1	1295410	2954	2
JC	136	Picture	22	1303455	0	1	3167	2	0	3000	hit	249
JC	136	Response	1	1306348	2893	1
JC	137	Picture	33	1313955	0	1	3167	2	0	3000	hit	251
JC	137	Response	1	1316661	2706	1
JC	138	Picture	22	1323288	0	1	3167	2	0	3000	hit	253
JC	138	Response	1	1325879	2591	1
JC	139	Picture	22	1331621	0	1	3167	2	0	3000	hit	255
JC	139	Response	1	1335254	3633	1
JC	140	Picture	22	1340954	0	1	3167	2	0	3000	hit	257
JC	140	Response	1	1344004	3050	1
JC	141	Picture	22	1350787	0	1	3167	2	0	3000	hit	259
JC	141	Response	1	1354004	3217	1
JC	142	Picture	22	1360287	0	1	3166	2	0	3000	hit	261
JC	142	Response	1	1363535	3248	1
JC	143	Picture	22	1371286	0	1	3167	2	0	3000	hit	263
JC	143	Response	1	1375097	3811	1
JC	144	Picture	22	1380786	0	1	3167	2	0	3000	hit	265
JC	144	Response	1	1384472	3686	1
JC	145	Picture	33	1391286	0	1	3166	2	0	3000	miss	0
JC	146	Picture	22	1401785	0	1	3167	2	0	3000	hit	268
JC	146	Response	1	1405096	3311	2
JC	147	Picture	22	1410952	0	1	3166	2	0	3000	hit	270
JC	147	Response	1	1414940	3988	1
JC	148	Picture	22	1419285	0	1	3166	2	0	3000	hit	272
JC	148	Response	1	1423065	3780	1
JC	149	Picture	22	1427784	0	2	3167	3	0	3000	hit	274
JC	149	Response	1	1432596	4812	1
JC	150	Picture	22	1437451	0	1	3166	2	0	3000	hit	276
JC	150	Response	1	1440721	3270	2
JC	151	Picture	33	1446284	0	1	3166	2	0	3000	miss	0
JC	152	Picture	22	1455617	0	1	3166	2	0	3000	hit	279
JC	152	Response	1	1458689	3072	2
JC	153	Picture	22	1464117	0	1	3166	2	0	3000	hit	281
JC	153	Response	1	1467911	3794	1
JC	154	Picture	22	1473783	0	1	3166	3	0	3000	hit	283
JC	154	Response	1	1477440	3657	1
JC	155	Picture	22	1482449	0	1	3167	2	0	3000	hit	285
JC	155	Response	1	1486346	3897	1
JC	156	Picture	22	1492282	0	1	3167	2	0	3000	hit	287
JC	156	Response	1	1495720	3438	2
JC	157	Picture	33	1502782	0	1	3166	3	0	3000	miss	0
JC	158	Picture	22	1512615	0	1	3167	2	0	3000	hit	290
JC	158	Response	1	1515408	2793	1
JC	159	Picture	22	1522615	0	1	3166	2	0	3000	hit	292
JC	159	Response	1	1525720	3105	1
JC	160	Picture	22	1533614	0	1	3167	2	0	3000	hit	294
JC	160	Response	1	1536970	3356	1
JC	161	Picture	22	1541781	0	1	3166	2	0	3000	hit	296
JC	161	Response	1	1546032	4251	1
JC	162	Picture	22	1550614	0	1	3166	2	0	3000	hit	298
JC	162	Response	1	1554782	4168	1
JC	163	Picture	33	1560113	0	1	3167	2	0	3000	hit	300
JC	163	Response	1	1563224	3111	1
JC	164	Picture	22	1570280	0	1	3166	2	0	3000	hit	302
JC	164	Response	1	1572751	2471	1
JC	165	Picture	33	1580613	0	1	3166	2	0	3000	hit	304
JC	165	Response	1	1583533	2920	1
JC	166	Picture	22	1589446	0	1	3166	2	0	3000	hit	306
JC	166	Response	1	1592126	2680	1
JC	167	Picture	22	1598779	0	1	3166	2	0	3000	hit	308
JC	167	Response	1	1601344	2565	1
JC	168	Picture	22	1607945	0	1	3167	2	0	3000	hit	310
JC	168	Response	1	1610562	2617	2
JC	169	Picture	22	1616611	0	2	3167	3	0	3000	hit	312
JC	169	Response	1	1619469	2858	1
JC	170	Picture	22	1624778	0	1	3166	2	0	3000	hit	314
JC	170	Response	1	1627910	3132	1
JC	171	Picture	33	1633278	0	1	3166	2	0	3000	miss	0
JC	172	Picture	22	1642277	0	1	3167	2	0	3000	hit	317
JC	172	Response	1	1644782	2505	1
JC	173	Picture	22	1650944	0	1	3166	2	0	3000	hit	319
JC	173	Response	1	1653843	2899	1
JC	174	Picture	22	1661443	0	1	3167	2	0	3000	hit	321
JC	174	Response	1	1664624	3181	2
JC	175	Picture	22	1671276	0	1	3167	2	0	3000	hit	323
JC	175	Response	1	1674468	3192	1
JC	176	Picture	22	1680276	0	1	3167	2	0	3000	hit	325
JC	176	Response	1	1683531	3255	1
JC	177	Picture	33	1690609	0	1	3167	2	0	3000	hit	327
JC	177	Response	1	1693218	2609	1
JC	178	Picture	22	1700442	0	1	3167	2	0	3000	hit	329
JC	178	Response	1	1701967	1525	2
JC	179	Picture	22	1710108	0	1	3167	2	0	3000	hit	331
JC	179	Response	1	1713061	2953	1
JC	180	Picture	22	1718608	0	1	3167	2	0	3000	hit	333
JC	180	Response	1	1721498	2890	2
JC	181	Picture	33	1727608	0	1	3166	2	0	3000	miss	0
JC	182	Picture	22	1736607	0	2	3167	3	0	3000	hit	336
JC	182	Response	1	1739155	2548	1
JC	183	Picture	33	1745774	0	1	3166	2	0	3000	miss	0
JC	184	Picture	22	1755440	0	1	3167	2	0	3000	hit	339
JC	184	Response	1	1757905	2465	1
JC	185	Picture	22	1764940	0	1	3166	2	0	3000	hit	341
JC	185	Response	1	1768060	3120	2
JC	186	Picture	22	1773773	0	1	3166	2	0	3000	hit	343
JC	186	Response	1	1777748	3975	1
JC	187	Picture	22	1783273	0	1	3166	2	0	3000	hit	345
JC	187	Response	1	1786967	3694	1
JC	188	Picture	22	1793106	0	1	3166	2	0	3000	hit	347
JC	188	Response	1	1796811	3705	1
JC	189	Picture	22	1802939	0	1	3166	2	0	3000	hit	349
JC	189	Response	1	1806966	4027	1
JC	190	Picture	22	1812105	0	1	3166	3	0	3000	hit	351
JC	190	Response	1	1816029	3924	1
JC	191	Picture	33	1820771	0	1	3167	2	0	3000	miss	0
JC	192	Picture	22	1831438	0	1	3166	2	0	3000	hit	354
JC	192	Response	1	1834309	2871	2
JC	193	Picture	33	1841271	0	1	3166	2	0	3000	hit	356
JC	193	Response	1	1844310	3039	1
JC	194	Picture	22	1850104	0	1	3166	2	0	3000	hit	358
JC	194	Response	1	1853059	2955	1
JC	195	Picture	33	1860603	0	1	3167	2	0	3000	miss	0
JC	196	Picture	22	1871270	0	1	3166	2	0	3000	hit	361
JC	196	Response	1	1873684	2414	1
JC	197	Picture	33	1880103	0	1	3166	2	0	3000	hit	363
JC	197	Response	1	1883059	2956	1
JC	198	Picture	22	1889769	0	1	3167	2	0	3000	hit	365
JC	198	Response	1	1894777	5008	2
JC	199	Picture	22	1900602	0	1	3166	3	0	3000	hit	367
JC	199	Response	1	1903684	3082	1
JC	200	Picture	22	1908935	0	1	3167	2	0	3000	hit	369
JC	200	Response	1	1912121	3186	1
JC	201	Picture	22	1917101	0	1	3167	2	0	3000	hit	371
JC	201	Response	1	1920246	3145	1
JC	202	Picture	22	1926434	0	2	3167	3	0	3000	hit	373
JC	202	Response	1	1929308	2874	1
JC	203	Picture	33	1936101	0	1	3166	2	0	3000	miss	0
JC	204	Picture	22	1946267	0	1	3167	2	0	3000	hit	376
JC	204	Response	1	1949308	3041	1
JC	205	Picture	22	1956267	0	1	3166	2	0	3000	hit	378
JC	205	Response	1	1960089	3822	1
JC	206	Picture	22	1964933	0	1	3167	2	0	3000	hit	380
JC	206	Response	1	1969620	4687	1
JC	207	Picture	22	1975933	0	1	3166	2	0	3000	hit	382
JC	207	Response	1	1981964	6031	1
JC	208	Picture	22	1985432	0	2	3167	3	0	3000	hit	384
JC	208	Response	1	1990245	4813	1
JC	209	Picture	22	1994099	0	1	3166	2	0	3000	hit	386
JC	209	Response	1	1998058	3959	1
JC	210	Picture	22	2003598	0	2	3167	3	0	3000	hit	388
JC	210	Response	1	2006651	3053	1
JC	211	Picture	33	2012932	0	1	3166	2	0	3000	miss	0
JC	212	Picture	22	2022265	0	1	3166	2	0	3000	hit	391
JC	212	Response	1	2024932	2667	2
JC	213	Picture	22	2032098	0	1	3166	2	0	3000	hit	393
JC	213	Response	1	2035236	3138	2
JC	214	Picture	22	2043097	0	1	3167	2	0	3000	hit	395
JC	214	Response	1	2046494	3397	2
JC	215	Picture	33	2052264	0	1	3166	2	0	3000	miss	0
JC	216	Picture	22	2062263	0	1	3167	2	0	3000	hit	398
JC	216	Response	1	2064932	2669	1
JC	217	Picture	22	2072263	0	1	3166	2	0	3000	hit	400
JC	217	Response	1	2075400	3137	1
JC	218	Picture	22	2081596	0	1	3166	2	0	3000	hit	402
JC	218	Response	1	2085244	3648	1
JC	219	Picture	33	2089929	0	1	3167	2	0	3000	miss	0
JC	220	Picture	22	2100262	0	1	3166	3	0	3000	hit	405
JC	220	Response	1	2101962	1700	1
JC	221	Picture	33	2109928	0	1	3167	2	0	3000	hit	407
JC	221	Response	1	2117744	7816	1
JC	222	Picture	22	2118595	0	1	3166	2	0	3000	miss	0
JC	223	Picture	22	2129594	0	1	3167	2	0	3000	hit	410
JC	223	Response	1	2133212	3618	1
JC	224	Picture	22	2140261	0	1	3166	2	0	3000	hit	412
JC	224	Response	1	2143368	3107	1
JC	225	Picture	33	2149427	0	1	3166	3	0	3000	miss	0
JC	226	Picture	22	2159760	0	1	3166	3	0	3000	hit	415
JC	226	Response	1	2162586	2826	1
JC	227	Picture	22	2169593	0	1	3166	3	0	3000	hit	417
JC	227	Response	1	2173524	3931	2
JC	228	Picture	22	2180259	0	1	3167	2	0	3000	hit	419
JC	228	Response	1	2183524	3265	1
JC	229	Picture	22	2190926	0	1	3166	2	0	3000	hit	421
JC	229	Response	1	2193836	2910	1
JC	230	Picture	22	2200759	0	1	3166	2	0	3000	hit	423
JC	230	Response	1	2203836	3077	1
JC	231	Picture	33	2209425	0	1	3166	3	0	3000	hit	425
JC	231	Response	1	2212586	3161	1
JC	232	Picture	22	2220258	0	1	3166	2	0	3000	hit	427
JC	232	Response	1	2222899	2641	1
JC	233	Picture	33	2230924	0	1	3167	2	0	3000	hit	429
JC	233	Response	1	2234617	3693	1
JC	234	Picture	22	2240757	0	1	3167	2	0	3000	miss	0
JC	235	Picture	22	2249090	0	1	3167	2	0	3000	hit	432
JC	235	Response	1	2251648	2558	1
JC	236	Picture	22	2257757	0	1	3166	2	0	3000	hit	434
JC	236	Response	1	2260511	2754	2
JC	237	Picture	33	2266590	0	1	3166	2	0	3000	hit	436
JC	237	Response	1	2269304	2714	1
JC	238	Picture	22	2274756	0	1	3167	2	0	3000	hit	438
JC	238	Response	1	2277585	2829	1
JC	239	Picture	22	2283256	0	1	3166	2	0	3000	hit	440
JC	239	Response	1	2286648	3392	1
JC	240	Picture	22	2293755	0	2	3167	3	0	3000	hit	442
JC	240	Response	1	2297272	3517	1
JC	241	Picture	33	2302088	0	2	3167	3	0	3000	miss	0
JC	242	Picture	22	2311422	0	1	3166	2	0	3000	hit	445
JC	242	Response	1	2314616	3194	1
JC	243	Picture	22	2322421	0	1	3167	2	0	3000	hit	447
JC	243	Response	1	2325553	3132	1
JC	244	Picture	22	2333254	0	1	3167	2	0	3000	hit	449
JC	244	Response	1	2336490	3236	1
JC	245	Picture	33	2341920	0	2	3167	3	0	3000	miss	0
JC	246	Picture	22	2352587	0	1	3166	2	0	3000	hit	452
JC	246	Response	1	2355084	2497	1
JC	247	Picture	22	2362253	0	1	3167	2	0	3000	hit	454
JC	247	Response	1	2365709	3456	1
JC	248	Picture	22	2371419	0	2	3167	3	0	3000	hit	456
JC	248	Response	1	2374615	3196	1
JC	249	Picture	22	2381586	0	1	3166	2	0	3000	hit	458
JC	249	Response	1	2386021	4435	1
JC	250	Picture	22	2392252	0	1	3167	2	0	3000	hit	460
JC	250	Response	1	2398833	6581	1
JC	251	Picture	33	2403252	0	1	3166	2	0	3000	miss	0
JC	252	Picture	22	2412251	0	2	3167	3	0	3000	hit	463
JC	252	Response	1	2415396	3145	1
JC	253	Picture	22	2422751	0	1	3167	2	0	3000	hit	465
JC	253	Response	1	2425708	2957	1
JC	254	Picture	22	2431417	0	2	3167	3	0	3000	hit	467
JC	254	Response	1	2434588	3171	1
JC	255	Picture	33	2441584	0	1	3166	2	0	3000	miss	0
JC	256	Picture	22	2449917	0	1	3166	2	0	3000	hit	470
JC	256	Response	1	2452582	2665	2
JC	257	Picture	22	2460417	0	1	3166	2	0	3000	hit	472
JC	257	Response	1	2464614	4197	1
JC	258	Picture	22	2470583	0	1	3166	2	0	3000	hit	474
JC	258	Response	1	2473520	2937	1
JC	259	Picture	33	2478749	0	1	3167	2	0	3000	miss	0
JC	260	Picture	22	2489749	0	1	3166	2	0	3000	hit	477
JC	260	Response	1	2491801	2052	1
JC	261	Picture	22	2498249	0	1	3166	2	0	3000	hit	479
JC	261	Response	1	2501176	2927	1
JC	262	Picture	22	2508082	0	1	3166	2	0	3000	hit	481
JC	262	Response	1	2510551	2469	1
JC	263	Picture	22	2516248	0	1	3167	2	0	3000	hit	483
JC	263	Response	1	2519457	3209	1
JC	264	Picture	22	2527248	0	1	3166	2	0	3000	hit	485
JC	264	Response	1	2530238	2990	1
JC	265	Picture	33	2537247	0	1	3167	2	0	3000	miss	0
JC	266	Picture	22	2546747	0	1	3167	2	0	3000	hit	488
JC	266	Response	1	2549457	2710	1
JC	267	Picture	22	2556913	0	1	3167	2	0	3000	hit	490
JC	267	Response	1	2559612	2699	1
JC	268	Picture	22	2566913	0	1	3167	2	0	3000	hit	492
JC	268	Response	1	2569925	3012	1
JC	269	Picture	22	2575579	0	1	3167	2	0	3000	hit	494
JC	269	Response	1	2578987	3408	1
JC	270	Picture	22	2586246	0	1	3166	2	0	3000	hit	496
JC	270	Response	1	2590081	3835	1
JC	271	Picture	33	2594912	0	1	3167	2	0	3000	miss	0
JC	272	Picture	22	2603078	0	1	3167	2	0	3000	hit	499
JC	272	Response	1	2605705	2627	2
JC	273	Picture	22	2613411	0	1	3167	2	0	3000	hit	501
JC	273	Response	1	2616487	3076	1
JC	274	Picture	22	2623411	0	1	3167	2	0	3000	hit	503
JC	274	Response	1	2626486	3075	2
JC	275	Picture	33	2634411	0	1	3166	2	0	3000	hit	505
JC	275	Response	1	2637111	2700	1
JC	276	Picture	22	2644077	0	1	3167	2	0	3000	hit	507
JC	276	Response	1	2647267	3190	2
JC	277	Picture	22	2654077	0	1	3166	2	0	3000	hit	509
JC	277	Response	1	2657424	3347	1
JC	278	Picture	22	2663576	0	1	3167	2	0	3000	hit	511
JC	278	Response	1	2666642	3066	1
JC	279	Picture	22	2673076	0	1	3167	2	0	3000	hit	513
JC	279	Response	1	2677423	4347	1
JC	280	Picture	22	2684076	0	1	3166	2	0	3000	hit	515
JC	280	Response	1	2688361	4285	1
JC	281	Picture	33	2694242	0	1	3167	2	0	3000	miss	0
JC	282	Picture	22	2703908	0	1	3167	2	0	3000	hit	518
JC	282	Response	1	2706329	2421	1
JC	283	Picture	22	2712075	0	1	3166	2	0	3000	hit	520
JC	283	Response	1	2715079	3004	1
JC	284	Picture	22	2722741	0	1	3167	2	0	3000	hit	522
JC	284	Response	1	2723048	307	1
JC	285	Picture	33	2733074	0	1	3167	2	0	3000	hit	524
JC	285	Response	1	2736173	3099	1
JC	286	Picture	22	2742574	0	1	3166	2	0	3000	hit	526
JC	286	Response	1	2748204	5630	1
JC	287	Picture	22	2751740	0	1	3167	2	0	3000	hit	528
JC	287	Response	1	2754454	2714	1
JC	288	Picture	22	2762740	0	1	3166	2	0	3000	hit	530
JC	288	Response	1	2765704	2964	1
JC	289	Picture	22	2772406	0	1	3167	2	0	3000	hit	532
JC	289	Response	1	2776172	3766	1
JC	290	Picture	22	2782239	0	1	3167	2	0	3000	hit	534
JC	290	Response	1	2786172	3933	1
JC	291	Picture	33	2791405	0	2	3167	3	0	3000	miss	0
JC	292	Picture	22	2800405	0	1	3167	2	0	3000	hit	537
JC	292	Response	1	2803207	2802	1
JC	293	Picture	22	2809905	0	1	3166	2	0	3000	hit	539
JC	293	Response	1	2812734	2829	2
JC	294	Picture	22	2818904	0	2	3167	3	0	3000	hit	541
JC	294	Response	1	2821953	3049	1
JC	295	Picture	33	2827238	0	1	3166	2	0	3000	miss	0
JC	296	Picture	22	2836071	0	1	3166	2	0	3000	hit	544
JC	296	Response	1	2838358	2287	2
JC	297	Picture	33	2845070	0	1	3167	2	0	3000	hit	546
JC	297	Response	1	2847734	2664	1
JC	298	Picture	22	2855903	0	1	3167	2	0	3000	hit	548
JC	298	Response	1	2859765	3862	1
JC	299	Picture	33	2864903	0	1	3167	2	0	3000	miss	0
JC	300	Picture	22	2875403	0	1	3166	2	0	3000	hit	551
JC	300	Response	1	2878514	3111	2
JC	301	Picture	22	2886236	0	1	3166	2	0	3000	hit	553
JC	301	Response	1	2888827	2591	1
JC	302	Picture	22	2896235	0	1	3167	2	0	3000	hit	555
JC	302	Response	1	2899608	3373	1
JC	303	Picture	33	2904402	0	1	3166	2	0	3000	miss	0


Event Type	Code	Type	Response	RT	RT Uncertainty	Time	Uncertainty	Duration	Uncertainty	ReqTime	ReqDur

Picture	22	hit	1	5252	2	332	1	3167	2	0	3000
Picture	33	miss				10832	1	3167	2	0	3000
Picture	22	hit	1	3377	2	20332	1	3166	2	0	3000
Picture	22	hit	1	3128	2	29331	1	3167	2	0	3000
Picture	22	hit	1	3815	2	38331	1	3167	2	0	3000
Picture	33	hit	1	3024	2	48497	1	3167	2	0	3000
Picture	22	hit	1	4013	2	57664	1	3166	2	0	3000
Picture	22	hit	1	3639	3	66163	2	3167	3	0	3000
Picture	22	hit	1	3670	2	75663	1	3167	2	0	3000
Picture	33	miss				86163	1	3166	2	0	3000
Picture	22	hit	1	2879	2	95829	1	3167	2	0	3000
Picture	22	hit	1	3139	2	106662	1	3167	2	0	3000
Picture	22	hit	1	3723	2	117328	1	3167	2	0	3000
Picture	22	hit	1	4431	2	125995	1	3166	2	0	3000
Picture	22	hit	1	3838	3	135494	2	3167	3	0	3000
Picture	33	miss				144661	1	3166	2	0	3000
Picture	22	hit	1	2963	2	154494	1	3166	2	0	3000
Picture	33	hit	1	2901	4	165493	2	3167	3	0	3000
Picture	22	hit	1	2912	3	175326	2	3167	3	0	3000
Picture	22	hit	1	3339	2	185993	1	3166	2	0	3000
Picture	22	hit	1	4224	3	196826	1	3166	2	0	3000
Picture	22	hit	1	4152	2	205492	1	3167	2	0	3000
Picture	22	hit	1	4558	3	216492	1	3166	2	0	3000
Picture	22	hit	1	4121	2	225991	1	3167	2	0	3000
Picture	22	hit	1	5016	3	236658	1	3166	2	0	3000
Picture	33	miss				245824	1	3167	2	0	3000
Picture	22	hit	1	3006	2	256324	1	3166	2	0	3000
Picture	22	hit	1	2938	2	264990	1	3167	2	0	3000
Picture	22	hit	1	3257	2	274823	1	3167	2	0	3000
Picture	22	hit	1	3440	3	284489	2	3167	3	0	3000
Picture	22	hit	1	3861	3	295156	1	3166	2	0	3000
Picture	33	miss				304322	1	3167	2	0	3000
Picture	22	hit	1	3185	4	313488	2	3167	3	0	3000
Picture	22	hit	1	2384	3	323821	2	3167	3	0	3000
Picture	22	hit	1	2759	2	332821	1	3167	2	0	3000
Picture	22	hit	1	3332	2	343654	1	3167	2	0	3000
Picture	22	hit	1	3593	4	352320	2	3167	3	0	3000
Picture	22	hit	1	3874	2	362487	1	3166	2	0	3000
Picture	22	hit	1	3748	2	371987	1	3166	2	0	3000
Picture	33	miss				382486	1	3167	2	0	3000
Picture	22	hit	1	2676	2	391653	1	3166	2	0	3000
Picture	22	hit	1	2614	2	402652	1	3167	2	0	3000
Picture	22	hit	1	2551	3	413652	1	3166	2	0	3000
Picture	22	hit	1	2521	3	424151	2	3167	3	0	3000
Picture	22	hit	1	2447	3	432818	1	3166	2	0	3000
Picture	33	miss				443317	2	3167	3	0	3000
Picture	22	hit	1	84	3	453150	2	3167	3	0	3000
Picture	33	hit	1	2439	3	462983	2	3167	3	0	3000
Picture	22	hit	1	2782	2	472483	1	3167	2	0	3000
Picture	33	miss				481650	1	3166	2	0	3000
Picture	22	hit	1	314	3	491982	2	3167	3	0	3000
Picture	22	hit	1	4626	3	502982	1	3167	2	0	3000
Picture	22	hit	1	3450	2	511815	1	3167	2	0	3000
Picture	33	miss				519982	1	3166	2	0	3000
Picture	22	hit	1	2429	2	530648	1	3166	2	0	3000
Picture	22	hit	1	2544	2	541314	1	3167	2	0	3000
Picture	22	hit	1	2627	2	549981	1	3166	2	0	3000
Picture	22	hit	1	3731	2	559814	1	3166	2	0	3000
Picture	22	hit	1	2898	2	570647	1	3166	2	0	3000
Picture	33	miss				578813	1	3166	3	0	3000
Picture	22	hit	1	2763	3	587813	1	3166	2	0	3000
Picture	22	hit	1	4441	2	595979	1	3167	2	0	3000
Picture	22	hit	1	3253	2	604979	1	3166	2	0	3000
Picture	33	miss				615812	1	3166	2	0	3000
Picture	22	hit	1	2692	2	626478	1	3167	2	0	3000
Picture	33	hit	1	2921	2	635311	1	3167	2	0	3000
Picture	22	hit	1	2369	2	644144	1	3167	2	0	3000
Picture	22	hit	1	2661	2	654477	1	3167	2	0	3000
Picture	22	hit	1	3088	2	665143	1	3167	2	0	3000
Picture	22	hit	1	3327	3	673810	1	3166	2	0	3000
Picture	22	hit	1	3557	2	682643	1	3166	2	0	3000
Picture	22	hit	1	4005	2	692976	1	3166	2	0	3000
Picture	22	hit	1	3537	4	702975	2	3167	3	0	3000
Picture	33	miss				711808	2	3167	3	0	3000
Picture	22	hit	1	2653	3	722141	2	3167	3	0	3000
Picture	22	hit	1	3339	3	731141	1	3167	2	0	3000
Picture	22	hit	1	2548	3	741307	2	3167	3	0	3000
Picture	22	hit	1	3215	3	750640	2	3167	3	0	3000
Picture	22	hit	1	3162	2	758974	1	3166	2	0	3000
Picture	33	miss				770140	1	3166	2	0	3000
Picture	22	hit	1	2330	2	779806	1	3167	2	0	3000
Picture	22	hit	1	3448	2	789473	1	3166	2	0	3000
Picture	22	hit	1	2716	2	798639	1	3166	2	0	3000
Picture	22	hit	1	2684	2	809139	1	3166	2	0	3000
Picture	22	hit	1	2966	2	819638	1	3167	2	0	3000
Picture	33	miss				830304	2	3167	3	0	3000
Picture	22	hit	1	2550	2	841304	1	3167	2	0	3000
Picture	22	hit	1	2529	3	851637	1	3167	2	0	3000
Picture	22	hit	1	2582	3	860803	2	3167	3	0	3000
Picture	33	hit	1	2821	2	871970	1	3166	2	0	3000
Picture	22	hit	1	3031	2	881136	1	3167	2	0	3000
Picture	22	hit	1	2801	3	889802	2	3167	3	0	3000
Picture	22	hit	1	3322	2	898969	1	3166	2	0	3000
Picture	22	hit	1	3562	2	907635	1	3167	2	0	3000
Picture	22	hit	1	4124	3	918635	1	3166	2	0	3000
Picture	33	miss				928135	1	3166	2	0	3000
Picture	22	hit	1	2396	2	938801	1	3166	2	0	3000
Picture	22	hit	1	2219	2	949134	1	3166	2	0	3000
Picture	22	hit	1	2729	3	958467	1	3166	2	0	3000
Picture	33	hit	1	2750	3	968133	1	3167	2	0	3000
Picture	22	hit	1	2583	3	978300	1	3166	2	0	3000
Picture	22	hit	1	2834	2	986799	1	3167	2	0	3000
Picture	22	hit	1	2866	2	996299	1	3166	3	0	3000
Picture	33	miss				1005132	1	3167	2	0	3000
Picture	22	hit	1	2397	2	1016298	1	3167	2	0	3000
Picture	22	hit	1	3231	2	1025465	1	3166	2	0	3000
Picture	22	hit	1	3450	2	1034464	1	3167	2	0	3000
Picture	22	hit	1	3481	2	1043964	1	3166	3	0	3000
Picture	22	hit	1	3992	2	1053297	1	3167	2	0	3000
Picture	33	miss				1062963	1	3167	2	0	3000
Picture	22	hit	1	3617	2	1071796	1	3167	2	0	3000
Picture	33	miss				1081629	1	3167	2	0	3000
Picture	22	hit	1	2242	2	1091296	1	3166	2	0	3000
Picture	22	hit	1	3899	3	1099795	2	3167	3	0	3000
Picture	22	hit	1	2953	2	1109962	1	3166	2	0	3000
Picture	22	hit	1	3368	2	1118295	1	3166	2	0	3000
Picture	22	hit	1	3963	3	1128794	2	3167	3	0	3000
Picture	33	miss				1139461	1	3166	2	0	3000
Picture	22	hit	1	4463	2	1148294	1	3166	2	0	3000
Picture	22	hit	1	3473	2	1156627	1	3166	2	0	3000
Picture	22	hit	1	4140	2	1165960	1	3166	3	0	3000
Picture	22	hit	1	3296	2	1176960	1	3166	2	0	3000
Picture	22	hit	1	2994	2	1186793	1	3166	2	0	3000
Picture	33	miss				1197959	1	3166	2	0	3000
Picture	22	hit	1	2172	2	1207459	1	3166	2	0	3000
Picture	22	hit	1	3923	2	1216958	1	3167	2	0	3000
Picture	22	hit	1	3026	3	1226291	1	3167	2	0	3000
Picture	22	hit	1	2881	2	1236124	1	3167	2	0	3000
Picture	22	hit	1	2964	2	1244791	1	3166	2	0	3000
Picture	33	miss				1254624	1	3166	2	0	3000
Picture	22	hit	1	1610	2	1263957	1	3166	2	0	3000
Picture	22	hit	1	3267	2	1274956	1	3167	2	0	3000
Picture	22	hit	1	3381	3	1283123	1	3166	2	0	3000
Picture	33	hit	1	2954	3	1292456	1	3166	2	0	3000
Picture	22	hit	1	2893	2	1303455	1	3167	2	0	3000
Picture	33	hit	1	2706	2	1313955	1	3167	2	0	3000
Picture	22	hit	1	2591	2	1323288	1	3167	2	0	3000
Picture	22	hit	1	3633	2	1331621	1	3167	2	0	3000
Picture	22	hit	1	3050	2	1340954	1	3167	2	0	3000
Picture	22	hit	1	3217	2	1350787	1	3167	2	0	3000
Picture	22	hit	1	3248	2	1360287	1	3166	2	0	3000
Picture	22	hit	1	3811	2	1371286	1	3167	2	0	3000
Picture	22	hit	1	3686	2	1380786	1	3167	2	0	3000
Picture	33	miss				1391286	1	3166	2	0	3000
Picture	22	hit	1	3311	3	1401785	1	3167	2	0	3000
Picture	22	hit	1	3988	2	1410952	1	3166	2	0	3000
Picture	22	hit	1	3780	2	1419285	1	3166	2	0	3000
Picture	22	hit	1	4812	3	1427784	2	3167	3	0	3000
Picture	22	hit	1	3270	3	1437451	1	3166	2	0	3000
Picture	33	miss				1446284	1	3166	2	0	3000
Picture	22	hit	1	3072	3	1455617	1	3166	2	0	3000
Picture	22	hit	1	3794	2	1464117	1	3166	2	0	3000
Picture	22	hit	1	3657	2	1473783	1	3166	3	0	3000
Picture	22	hit	1	3897	2	1482449	1	3167	2	0	3000
Picture	22	hit	1	3438	3	1492282	1	3167	2	0	3000
Picture	33	miss				1502782	1	3166	3	0	3000
Picture	22	hit	1	2793	2	1512615	1	3167	2	0	3000
Picture	22	hit	1	3105	2	1522615	1	3166	2	0	3000
Picture	22	hit	1	3356	2	1533614	1	3167	2	0	3000
Picture	22	hit	1	4251	2	1541781	1	3166	2	0	3000
Picture	22	hit	1	4168	2	1550614	1	3166	2	0	3000
Picture	33	hit	1	3111	2	1560113	1	3167	2	0	3000
Picture	22	hit	1	2471	2	1570280	1	3166	2	0	3000
Picture	33	hit	1	2920	2	1580613	1	3166	2	0	3000
Picture	22	hit	1	2680	2	1589446	1	3166	2	0	3000
Picture	22	hit	1	2565	2	1598779	1	3166	2	0	3000
Picture	22	hit	1	2617	3	1607945	1	3167	2	0	3000
Picture	22	hit	1	2858	3	1616611	2	3167	3	0	3000
Picture	22	hit	1	3132	2	1624778	1	3166	2	0	3000
Picture	33	miss				1633278	1	3166	2	0	3000
Picture	22	hit	1	2505	2	1642277	1	3167	2	0	3000
Picture	22	hit	1	2899	2	1650944	1	3166	2	0	3000
Picture	22	hit	1	3181	3	1661443	1	3167	2	0	3000
Picture	22	hit	1	3192	2	1671276	1	3167	2	0	3000
Picture	22	hit	1	3255	2	1680276	1	3167	2	0	3000
Picture	33	hit	1	2609	2	1690609	1	3167	2	0	3000
Picture	22	hit	1	1525	3	1700442	1	3167	2	0	3000
Picture	22	hit	1	2953	2	1710108	1	3167	2	0	3000
Picture	22	hit	1	2890	3	1718608	1	3167	2	0	3000
Picture	33	miss				1727608	1	3166	2	0	3000
Picture	22	hit	1	2548	3	1736607	2	3167	3	0	3000
Picture	33	miss				1745774	1	3166	2	0	3000
Picture	22	hit	1	2465	2	1755440	1	3167	2	0	3000
Picture	22	hit	1	3120	3	1764940	1	3166	2	0	3000
Picture	22	hit	1	3975	2	1773773	1	3166	2	0	3000
Picture	22	hit	1	3694	2	1783273	1	3166	2	0	3000
Picture	22	hit	1	3705	2	1793106	1	3166	2	0	3000
Picture	22	hit	1	4027	2	1802939	1	3166	2	0	3000
Picture	22	hit	1	3924	2	1812105	1	3166	3	0	3000
Picture	33	miss				1820771	1	3167	2	0	3000
Picture	22	hit	1	2871	3	1831438	1	3166	2	0	3000
Picture	33	hit	1	3039	2	1841271	1	3166	2	0	3000
Picture	22	hit	1	2955	2	1850104	1	3166	2	0	3000
Picture	33	miss				1860603	1	3167	2	0	3000
Picture	22	hit	1	2414	2	1871270	1	3166	2	0	3000
Picture	33	hit	1	2956	2	1880103	1	3166	2	0	3000
Picture	22	hit	1	5008	3	1889769	1	3167	2	0	3000
Picture	22	hit	1	3082	2	1900602	1	3166	3	0	3000
Picture	22	hit	1	3186	2	1908935	1	3167	2	0	3000
Picture	22	hit	1	3145	2	1917101	1	3167	2	0	3000
Picture	22	hit	1	2874	3	1926434	2	3167	3	0	3000
Picture	33	miss				1936101	1	3166	2	0	3000
Picture	22	hit	1	3041	2	1946267	1	3167	2	0	3000
Picture	22	hit	1	3822	2	1956267	1	3166	2	0	3000
Picture	22	hit	1	4687	2	1964933	1	3167	2	0	3000
Picture	22	hit	1	6031	2	1975933	1	3166	2	0	3000
Picture	22	hit	1	4813	3	1985432	2	3167	3	0	3000
Picture	22	hit	1	3959	2	1994099	1	3166	2	0	3000
Picture	22	hit	1	3053	3	2003598	2	3167	3	0	3000
Picture	33	miss				2012932	1	3166	2	0	3000
Picture	22	hit	1	2667	3	2022265	1	3166	2	0	3000
Picture	22	hit	1	3138	3	2032098	1	3166	2	0	3000
Picture	22	hit	1	3397	3	2043097	1	3167	2	0	3000
Picture	33	miss				2052264	1	3166	2	0	3000
Picture	22	hit	1	2669	2	2062263	1	3167	2	0	3000
Picture	22	hit	1	3137	2	2072263	1	3166	2	0	3000
Picture	22	hit	1	3648	2	2081596	1	3166	2	0	3000
Picture	33	miss				2089929	1	3167	2	0	3000
Picture	22	hit	1	1700	2	2100262	1	3166	3	0	3000
Picture	33	hit	1	7816	2	2109928	1	3167	2	0	3000
Picture	22	miss				2118595	1	3166	2	0	3000
Picture	22	hit	1	3618	2	2129594	1	3167	2	0	3000
Picture	22	hit	1	3107	2	2140261	1	3166	2	0	3000
Picture	33	miss				2149427	1	3166	3	0	3000
Picture	22	hit	1	2826	2	2159760	1	3166	3	0	3000
Picture	22	hit	1	3931	3	2169593	1	3166	3	0	3000
Picture	22	hit	1	3265	2	2180259	1	3167	2	0	3000
Picture	22	hit	1	2910	2	2190926	1	3166	2	0	3000
Picture	22	hit	1	3077	2	2200759	1	3166	2	0	3000
Picture	33	hit	1	3161	2	2209425	1	3166	3	0	3000
Picture	22	hit	1	2641	2	2220258	1	3166	2	0	3000
Picture	33	hit	1	3693	2	2230924	1	3167	2	0	3000
Picture	22	miss				2240757	1	3167	2	0	3000
Picture	22	hit	1	2558	2	2249090	1	3167	2	0	3000
Picture	22	hit	1	2754	3	2257757	1	3166	2	0	3000
Picture	33	hit	1	2714	2	2266590	1	3166	2	0	3000
Picture	22	hit	1	2829	2	2274756	1	3167	2	0	3000
Picture	22	hit	1	3392	2	2283256	1	3166	2	0	3000
Picture	22	hit	1	3517	3	2293755	2	3167	3	0	3000
Picture	33	miss				2302088	2	3167	3	0	3000
Picture	22	hit	1	3194	2	2311422	1	3166	2	0	3000
Picture	22	hit	1	3132	2	2322421	1	3167	2	0	3000
Picture	22	hit	1	3236	2	2333254	1	3167	2	0	3000
Picture	33	miss				2341920	2	3167	3	0	3000
Picture	22	hit	1	2497	2	2352587	1	3166	2	0	3000
Picture	22	hit	1	3456	2	2362253	1	3167	2	0	3000
Picture	22	hit	1	3196	3	2371419	2	3167	3	0	3000
Picture	22	hit	1	4435	2	2381586	1	3166	2	0	3000
Picture	22	hit	1	6581	2	2392252	1	3167	2	0	3000
Picture	33	miss				2403252	1	3166	2	0	3000
Picture	22	hit	1	3145	3	2412251	2	3167	3	0	3000
Picture	22	hit	1	2957	2	2422751	1	3167	2	0	3000
Picture	22	hit	1	3171	3	2431417	2	3167	3	0	3000
Picture	33	miss				2441584	1	3166	2	0	3000
Picture	22	hit	1	2665	3	2449917	1	3166	2	0	3000
Picture	22	hit	1	4197	2	2460417	1	3166	2	0	3000
Picture	22	hit	1	2937	2	2470583	1	3166	2	0	3000
Picture	33	miss				2478749	1	3167	2	0	3000
Picture	22	hit	1	2052	2	2489749	1	3166	2	0	3000
Picture	22	hit	1	2927	2	2498249	1	3166	2	0	3000
Picture	22	hit	1	2469	2	2508082	1	3166	2	0	3000
Picture	22	hit	1	3209	2	2516248	1	3167	2	0	3000
Picture	22	hit	1	2990	2	2527248	1	3166	2	0	3000
Picture	33	miss				2537247	1	3167	2	0	3000
Picture	22	hit	1	2710	2	2546747	1	3167	2	0	3000
Picture	22	hit	1	2699	2	2556913	1	3167	2	0	3000
Picture	22	hit	1	3012	2	2566913	1	3167	2	0	3000
Picture	22	hit	1	3408	2	2575579	1	3167	2	0	3000
Picture	22	hit	1	3835	2	2586246	1	3166	2	0	3000
Picture	33	miss				2594912	1	3167	2	0	3000
Picture	22	hit	1	2627	3	2603078	1	3167	2	0	3000
Picture	22	hit	1	3076	2	2613411	1	3167	2	0	3000
Picture	22	hit	1	3075	3	2623411	1	3167	2	0	3000
Picture	33	hit	1	2700	2	2634411	1	3166	2	0	3000
Picture	22	hit	1	3190	3	2644077	1	3167	2	0	3000
Picture	22	hit	1	3347	2	2654077	1	3166	2	0	3000
Picture	22	hit	1	3066	2	2663576	1	3167	2	0	3000
Picture	22	hit	1	4347	2	2673076	1	3167	2	0	3000
Picture	22	hit	1	4285	2	2684076	1	3166	2	0	3000
Picture	33	miss				2694242	1	3167	2	0	3000
Picture	22	hit	1	2421	2	2703908	1	3167	2	0	3000
Picture	22	hit	1	3004	2	2712075	1	3166	2	0	3000
Picture	22	hit	1	307	2	2722741	1	3167	2	0	3000
Picture	33	hit	1	3099	2	2733074	1	3167	2	0	3000
Picture	22	hit	1	5630	2	2742574	1	3166	2	0	3000
Picture	22	hit	1	2714	2	2751740	1	3167	2	0	3000
Picture	22	hit	1	2964	2	2762740	1	3166	2	0	3000
Picture	22	hit	1	3766	2	2772406	1	3167	2	0	3000
Picture	22	hit	1	3933	2	2782239	1	3167	2	0	3000
Picture	33	miss				2791405	2	3167	3	0	3000
Picture	22	hit	1	2802	2	2800405	1	3167	2	0	3000
Picture	22	hit	1	2829	3	2809905	1	3166	2	0	3000
Picture	22	hit	1	3049	3	2818904	2	3167	3	0	3000
Picture	33	miss				2827238	1	3166	2	0	3000
Picture	22	hit	1	2287	3	2836071	1	3166	2	0	3000
Picture	33	hit	1	2664	2	2845070	1	3167	2	0	3000
Picture	22	hit	1	3862	2	2855903	1	3167	2	0	3000
Picture	33	miss				2864903	1	3167	2	0	3000
Picture	22	hit	1	3111	3	2875403	1	3166	2	0	3000
Picture	22	hit	1	2591	2	2886236	1	3166	2	0	3000
Picture	22	hit	1	3373	2	2896235	1	3167	2	0	3000
Picture	33	miss				2904402	1	3166	2	0	3000

The following output port codes were not sent because of a conflict on the port.
Port	Code	Time(ms)
1	1	45323.4
