Scenario - EFT rapido Abril 2011
Logfile written - 07/22/2011 11:41:38

Subject	Trial	Event Type	Code	Time	TTime	Uncertainty	Duration	Uncertainty	ReqTime	ReqDur

lm	2	Picture	10	10414	0	1	3153	2	0	3000
lm	3	Response	1	21309	7576	1
lm	4	Picture	11	21368	0	1	3153	2	0	3000
lm	5	Response	1	31024	6337	1
lm	6	Picture	11	31326	0	1	3153	2	0	3000
lm	7	Response	1	39259	4614	1
lm	8	Picture	21	40786	0	1	3153	3	0	3000
lm	9	Response	2	45942	1837	1
lm	10	Picture	11	50246	0	2	3154	3	0	3000
lm	10	Response	1	52848	2602	1
lm	11	Response	2	54134	568	1
lm	12	Picture	20	59707	0	1	3153	2	0	3000
lm	13	Response	2	63925	899	2
lm	14	Picture	10	69831	0	1	3153	2	0	3000
lm	15	Response	1	73810	660	1
lm	16	Picture	10	79789	0	1	3153	2	0	3000
lm	16	Response	2	82628	2839	1
lm	18	Picture	21	91241	0	1	3153	2	0	3000
lm	18	Response	1	93959	2718	1
lm	19	Response	2	96520	1960	1
lm	20	Picture	10	100867	0	1	3154	2	0	3000
lm	21	Response	1	106872	2685	2
lm	22	Picture	20	109664	0	1	3153	2	0	3000
lm	23	Response	2	114331	1348	1
lm	24	Picture	21	121115	0	2	3154	3	0	3000
lm	25	Response	2	125745	1310	1
lm	26	Picture	21	131903	0	2	3154	3	0	3000
lm	27	Response	2	135921	698	1
lm	28	Picture	10	140368	0	1	3153	2	0	3000
lm	29	Response	1	145714	2027	1
lm	30	Picture	11	149164	0	2	3154	3	0	3000
lm	31	Response	1	157099	4615	1
lm	32	Picture	21	157629	0	1	3153	2	0	3000
lm	33	Response	2	162359	1411	1
lm	34	Picture	11	166425	0	1	3154	2	0	3000
lm	35	Response	1	171385	1641	1
lm	36	Picture	11	177213	0	1	3154	2	0	3000
lm	37	Response	1	182030	1497	1
lm	38	Picture	10	188333	0	1	3154	2	0	3000
lm	39	Response	1	196450	4798	1
lm	40	Picture	21	196798	0	1	3153	2	0	3000
lm	41	Response	2	202673	2556	1
lm	42	Picture	10	205926	0	1	3153	2	0	3000
lm	43	Response	1	211875	2630	1
lm	44	Picture	20	214556	0	2	3154	3	0	3000
lm	45	Response	2	222286	4410	1
lm	46	Picture	11	224680	0	2	3154	3	0	3000
lm	47	Response	1	232019	4019	1
lm	48	Picture	20	234971	0	1	3153	2	0	3000
lm	49	Response	2	239975	1685	1
lm	50	Picture	21	244929	0	1	3153	2	0	3000
lm	50	Response	2	246434	1505	1
lm	51	Response	2	253651	5403	1
lm	52	Picture	20	254389	0	1	3153	3	0	3000
lm	54	Picture	21	264513	0	1	3154	2	0	3000
lm	55	Response	2	268444	611	1
lm	56	Picture	21	273973	0	2	3154	3	0	3000
lm	56	Response	2	276847	2874	1
lm	58	Picture	21	285093	0	2	3154	3	0	3000
lm	59	Response	2	289236	823	1
lm	60	Picture	21	294222	0	1	3153	2	0	3000
lm	61	Response	2	298119	578	2
lm	62	Picture	11	305010	0	1	3153	2	0	3000
lm	63	Response	2	308569	240	1
lm	63	Response	1	311100	2771	1
lm	64	Picture	11	315466	0	1	3153	2	0	3000
lm	65	Response	1	319160	375	2
lm	66	Picture	21	324096	0	2	3154	3	0	3000
lm	67	Response	2	330665	3249	2
lm	68	Picture	11	333223	0	3	3155	4	0	3000
lm	69	Response	2	340443	3899	1
lm	70	Picture	10	342519	0	1	3153	3	0	3000
lm	70	Response	1	344776	2257	1
lm	72	Picture	10	352809	0	1	3154	2	0	3000
lm	73	Response	1	361383	5255	2
lm	74	Picture	21	363431	0	1	3154	2	0	3000
lm	75	Response	2	368904	2153	2
lm	76	Picture	20	373389	0	2	3154	3	0	3000
lm	77	Response	2	380204	3495	2
lm	78	Picture	20	382850	0	1	3153	2	0	3000
lm	79	Response	2	389319	3150	1
lm	80	Picture	21	391480	0	1	3153	3	0	3000
lm	81	Response	2	399500	4701	1
lm	82	Picture	21	402268	0	1	3153	3	0	3000
lm	83	Response	2	408265	2678	1
lm	84	Picture	11	410898	0	2	3154	3	0	3000
lm	85	Response	1	416977	2759	1
lm	86	Picture	20	422184	0	2	3154	3	0	3000
lm	87	Response	1	428133	2629	1
lm	88	Picture	21	430815	0	1	3153	2	0	3000
lm	89	Response	2	434320	186	1
lm	90	Picture	11	439445	0	2	3154	3	0	3000
lm	91	Response	2	444027	1262	1
lm	92	Picture	20	448574	0	1	3153	2	0	3000
lm	92	Response	1	450043	1469	1
lm	93	Response	2	459426	7533	1
lm	94	Picture	20	459694	0	1	3153	2	0	3000
lm	96	Picture	11	469320	0	1	3153	2	0	3000
lm	96	Response	2	470404	1084	1
lm	97	Response	1	478231	5592	1
lm	98	Picture	11	478780	0	1	3154	2	0	3000
lm	100	Picture	20	487245	0	1	3153	2	0	3000
lm	101	Response	2	494222	3658	1
lm	102	Picture	10	496539	0	1	3153	2	0	3000
lm	103	Response	1	504525	4667	1
lm	104	Picture	21	506663	0	1	3153	3	0	3000
lm	105	Response	2	512081	2099	1
lm	106	Picture	21	517285	0	1	3154	2	0	3000
lm	107	Response	2	521737	1133	1
lm	108	Picture	10	527243	0	2	3154	3	0	3000
lm	109	Response	1	532041	1478	1
lm	110	Picture	10	538363	0	1	3154	2	0	3000
lm	110	Response	1	540904	2541	1
lm	112	Picture	10	548155	0	2	3154	3	0	3000
lm	113	Response	1	555459	3984	2
lm	114	Picture	11	558280	0	1	3153	2	0	3000
lm	115	Response	1	566143	4544	1
lm	116	Picture	11	568072	0	1	3153	2	0	3000
lm	117	Response	1	574994	3603	2
lm	118	Picture	11	577034	0	1	3154	2	0	3000
lm	119	Response	1	582964	2610	2
lm	120	Picture	20	586992	0	2	3154	3	0	3000
lm	121	Response	2	593355	3043	1
lm	122	Picture	21	597946	0	2	3154	3	0	3000
lm	122	Response	2	601030	3084	1
lm	124	Picture	10	606743	0	1	3153	2	0	3000
lm	125	Response	2	610856	794	1
lm	125	Response	1	615522	5460	1
lm	126	Picture	11	616369	0	1	3153	3	0	3000
lm	127	Response	1	619886	198	1
lm	128	Picture	10	626160	0	3	3155	4	0	3000
lm	130	Picture	20	634626	0	1	3153	2	0	3000
lm	130	Response	1	634744	118	1
lm	131	Response	1	641237	3292	1
lm	132	Picture	20	644916	0	1	3153	2	0	3000
lm	132	Response	2	645032	116	1
lm	134	Picture	10	655206	0	1	3153	2	0	3000
lm	135	Response	1	661141	2616	2
lm	136	Picture	21	665662	0	1	3153	3	0	3000
lm	137	Response	2	673194	4213	1
lm	138	Picture	10	674126	0	2	3154	3	0	3000
lm	139	Response	1	682080	4634	1
lm	140	Picture	20	684251	0	1	3153	2	0	3000
lm	141	Response	2	689751	2181	1
lm	142	Picture	11	694375	0	1	3153	2	0	3000
lm	143	Response	1	699373	1679	1
lm	144	Picture	11	705163	0	1	3153	2	0	3000
lm	145	Response	2	708583	101	1
lm	146	Picture	20	715785	0	1	3153	2	0	3000
lm	146	Response	2	718855	3070	1
lm	147	Response	2	722573	3469	1
lm	148	Picture	10	725245	0	1	3154	2	0	3000
lm	149	Response	1	729862	1298	1
lm	150	Picture	10	735037	0	2	3154	3	0	3000
lm	151	Response	2	739024	667	1
lm	152	Picture	21	744996	0	1	3153	2	0	3000
lm	153	Response	2	751417	3102	1
lm	154	Picture	10	753958	0	1	3153	2	0	3000
lm	155	Response	1	757669	392	1
lm	156	Picture	10	762588	0	2	3154	3	0	3000
lm	157	Response	1	769091	3183	1
lm	158	Picture	11	772049	0	1	3153	2	0	3000
lm	158	Response	2	774519	2470	1
lm	160	Picture	20	783003	0	1	3153	2	0	3000
lm	161	Response	2	791603	5281	1
lm	162	Picture	20	792629	0	1	3153	2	0	3000
lm	164	Picture	11	803251	0	1	3153	2	0	3000
lm	165	Response	1	807506	936	1
lm	166	Picture	11	814039	0	1	3153	2	0	3000
lm	167	Response	1	822204	4846	1
lm	168	Picture	10	824163	0	1	3153	3	0	3000
lm	169	Response	1	832625	5143	1
lm	170	Picture	11	832627	0	2	3154	3	0	3000
lm	171	Response	2	839743	3796	2
lm	172	Picture	11	843582	0	1	3153	2	0	3000
lm	174	Picture	21	853042	0	1	3153	2	0	3000
lm	175	Response	2	861017	4656	1
lm	176	Picture	20	861672	0	1	3154	2	0	3000
lm	177	Response	2	869730	4738	2
lm	178	Picture	11	871298	0	2	3154	3	0	3000
lm	179	Response	1	877029	2411	1
lm	180	Picture	21	881589	0	1	3153	2	0	3000
lm	181	Response	2	887212	2304	2
lm	182	Picture	11	892377	0	1	3153	2	0	3000
lm	183	Response	1	896958	1262	2
lm	184	Picture	10	901837	0	1	3153	2	0	3000
lm	186	Picture	20	912791	0	1	3153	2	0	3000
lm	187	Response	2	921540	5430	2
lm	188	Picture	20	922749	0	1	3153	3	0	3000
lm	190	Picture	21	931214	0	1	3153	2	0	3000
lm	192	Picture	21	941836	0	1	3153	2	0	3000
lm	192	Response	2	942813	977	1
lm	194	Picture	21	951296	0	1	3153	2	0	3000
lm	196	Picture	20	960590	0	2	3154	3	0	3000
lm	197	Response	2	969254	5344	2
lm	198	Picture	10	970714	0	2	3154	3	0	3000
lm	199	Response	2	978411	4377	1
lm	200	Picture	10	979345	0	1	3153	2	0	3000
lm	200	Response	1	979637	292	1
lm	201	Response	1	985410	2746	1
lm	202	Picture	10	987975	0	1	3154	2	0	3000
lm	203	Response	1	992275	980	2
lm	204	Picture	21	996606	0	1	3153	2	0	3000
lm	205	Response	2	1003424	3499	1
lm	206	Picture	21	1006066	0	1	3153	2	0	3000
lm	207	Response	2	1010536	1151	1
lm	208	Picture	10	1014696	0	2	3154	3	0	3000
lm	209	Response	1	1020745	2729	1
lm	210	Picture	21	1024157	0	1	3153	2	0	3000
lm	211	Response	2	1033059	5583	2
lm	212	Picture	10	1034115	0	1	3153	2	0	3000
lm	214	Picture	20	1042911	0	1	3154	2	0	3000
lm	214	Response	1	1045008	2097	1
lm	216	Picture	11	1052205	0	2	3154	3	0	3000
lm	216	Response	2	1055045	2840	1
lm	218	Picture	20	1063657	0	2	3154	3	0	3000
lm	218	Response	1	1065965	2308	1
lm	220	Picture	20	1073616	0	1	3153	2	0	3000
lm	221	Response	1	1081101	4166	2
lm	222	Picture	11	1083574	0	1	3153	2	0	3000
lm	223	Response	1	1093668	6775	2
lm	224	Picture	20	1094362	0	1	3153	2	0	3000
lm	225	Response	2	1103407	5726	1
lm	226	Picture	20	1105814	0	1	3153	2	0	3000
lm	227	Response	2	1112675	3542	1
lm	228	Picture	11	1114444	0	1	3154	2	0	3000
lm	229	Response	1	1119520	1757	1
lm	230	Picture	21	1123904	0	2	3154	3	0	3000
lm	231	Response	2	1130377	3153	1
lm	231	Response	2	1133258	6034	1
lm	232	Picture	20	1133531	0	1	3153	2	0	3000
lm	234	Picture	20	1144651	0	1	3153	2	0	3000
lm	235	Response	2	1148220	250	1
lm	236	Picture	21	1153945	0	1	3153	2	0	3000
lm	237	Response	2	1159910	2646	2
lm	238	Picture	10	1164899	0	1	3153	2	0	3000
lm	240	Picture	10	1174857	0	1	3153	3	0	3000
lm	240	Response	1	1174894	37	1
lm	242	Picture	20	1184483	0	2	3154	3	0	3000
lm	242	Response	1	1186221	1738	1
lm	243	Response	2	1190924	3121	1
lm	244	Picture	11	1193778	0	1	3153	2	0	3000
lm	244	Response	1	1194739	961	1
lm	245	Response	1	1201496	4399	1
lm	246	Picture	21	1204566	0	1	3153	2	0	3000
lm	247	Response	2	1211687	3802	1
lm	248	Picture	20	1214690	0	1	3153	2	0	3000
lm	249	Response	2	1218567	558	1
lm	250	Picture	21	1224980	0	1	3153	2	0	3000
lm	251	Response	1	1229959	1660	2
lm	251	Response	2	1234784	6485	1
lm	252	Picture	20	1235934	0	1	3153	2	0	3000
lm	252	Response	2	1239159	3225	2
lm	254	Picture	21	1244398	0	2	3154	3	0	3000
lm	256	Picture	20	1253029	0	1	3153	2	0	3000
lm	256	Response	2	1253390	361	2
lm	258	Picture	21	1264315	0	1	3153	2	0	3000
lm	260	Picture	20	1274439	0	1	3153	2	0	3000
lm	262	Picture	21	1285559	0	1	3153	2	0	3000
lm	264	Picture	10	1296679	0	1	3153	2	0	3000
lm	266	Picture	10	1307965	0	1	3153	2	0	3000
lm	268	Picture	21	1318089	0	1	3153	2	0	3000
lm	270	Picture	21	1326719	0	2	3154	3	0	3000
lm	272	Picture	10	1336346	0	1	3153	2	0	3000
lm	274	Picture	11	1346304	0	1	3153	2	0	3000
lm	275	Response	2	1349976	353	1
lm	276	Picture	11	1356926	0	1	3153	2	0	3000
lm	277	Response	2	1364028	3783	1
lm	278	Picture	10	1366884	0	1	3153	3	0	3000
lm	280	Picture	20	1377174	0	1	3154	2	0	3000
lm	281	Response	2	1385373	4879	1
lm	282	Picture	11	1386302	0	2	3154	3	0	3000
lm	283	Response	1	1395700	6078	2
lm	284	Picture	20	1396260	0	3	3154	4	0	3000
lm	285	Response	2	1403990	4410	1
lm	286	Picture	21	1404891	0	1	3153	3	0	3000
lm	288	Picture	20	1415015	0	2	3154	3	0	3000
lm	290	Picture	20	1424144	0	1	3153	2	0	3000
lm	292	Picture	20	1433106	0	1	3153	2	0	3000
lm	294	Picture	10	1442400	0	2	3154	3	0	3000
lm	296	Picture	11	1451695	0	1	3153	2	0	3000
lm	298	Picture	11	1462151	0	1	3153	2	0	3000
lm	300	Picture	21	1470781	0	1	3153	3	0	3000
lm	303	Picture	21	1501153	0	2	3154	3	0	3000
lm	305	Picture	21	1512273	0	2	3154	3	0	3000
lm	307	Picture	10	1522066	0	1	3153	2	0	3000
lm	309	Picture	11	1532522	0	1	3153	2	0	3000
lm	311	Picture	20	1541484	0	1	3154	2	0	3000
lm	313	Picture	10	1551442	0	2	3154	3	0	3000
lm	315	Picture	20	1560903	0	1	3153	2	0	3000
lm	317	Picture	10	1570529	0	1	3153	2	0	3000
lm	319	Picture	10	1579657	0	1	3154	2	0	3000
lm	321	Picture	11	1589947	0	2	3154	3	0	3000
lm	323	Picture	21	1600403	0	2	3154	3	0	3000
lm	325	Picture	11	1609864	0	1	3153	2	0	3000
lm	326	Response	1	1616283	3101	1
lm	327	Picture	10	1620818	0	1	3153	2	0	3000
lm	328	Response	1	1626166	2029	2
lm	329	Picture	10	1629780	0	1	3153	3	0	3000
lm	330	Response	1	1635839	2740	1
lm	331	Picture	21	1639240	0	2	3154	3	0	3000
lm	332	Response	2	1644575	2015	1
lm	333	Picture	21	1647705	0	1	3153	2	0	3000
lm	334	Response	2	1655317	4293	1
lm	335	Picture	10	1657995	0	1	3153	2	0	3000
lm	336	Response	1	1663984	2670	1
lm	337	Picture	10	1666625	0	2	3154	3	0	3000
lm	338	Response	1	1672803	2858	2
lm	339	Picture	11	1675920	0	1	3153	2	0	3000
lm	340	Response	1	1682954	3715	1
lm	340	Response	2	1686250	7011	1
lm	341	Picture	10	1687372	0	1	3153	2	0	3000
lm	342	Response	1	1693217	2526	1
lm	343	Picture	20	1696666	0	1	3153	2	0	3000
lm	344	Response	2	1702603	2618	1
lm	345	Picture	11	1707952	0	1	3153	2	0	3000
lm	346	Response	1	1713136	1865	1
lm	347	Picture	11	1717080	0	1	3154	2	0	3000
lm	348	Response	1	1724023	3624	1
lm	349	Picture	10	1726374	0	2	3154	3	0	3000
lm	350	Response	1	1734110	4416	1
lm	351	Picture	11	1735503	0	1	3153	2	0	3000
lm	352	Response	1	1743225	4403	2
lm	353	Picture	10	1745129	0	1	3153	3	0	3000
lm	354	Response	1	1754824	6376	2
lm	355	Picture	20	1756249	0	1	3153	3	0	3000
lm	356	Response	2	1765358	5790	1
lm	357	Picture	10	1766539	0	1	3153	3	0	3000
lm	359	Picture	20	1775501	0	2	3154	3	0	3000
lm	359	Response	1	1777433	1932	1
lm	361	Picture	10	1786953	0	2	3154	3	0	3000
lm	362	Response	1	1796581	6308	2
lm	363	Picture	20	1796912	0	1	3153	2	0	3000
lm	365	Picture	20	1805874	0	1	3153	2	0	3000
lm	366	Response	2	1812896	3703	1
lm	367	Picture	11	1814836	0	2	3154	3	0	3000
lm	369	Picture	21	1825624	0	2	3154	3	0	3000
lm	369	Response	2	1827798	2174	2
lm	370	Response	2	1833226	4282	1
lm	371	Picture	21	1836246	0	2	3154	3	0	3000
lm	373	Picture	21	1846371	0	1	3153	2	0	3000
lm	373	Response	2	1846644	273	1
lm	375	Picture	21	1856661	0	1	3153	2	0	3000
lm	377	Picture	10	1867947	0	1	3153	2	0	3000
lm	379	Picture	11	1877739	0	1	3153	2	0	3000
lm	381	Picture	21	1887199	0	1	3154	2	0	3000
lm	383	Picture	10	1897157	0	2	3154	3	0	3000
lm	385	Picture	10	1907447	0	2	3154	3	0	3000
lm	387	Picture	10	1915912	0	1	3153	2	0	3000
lm	388	Response	2	1921764	2533	1
lm	389	Picture	20	1926534	0	1	3153	2	0	3000
lm	390	Response	2	1932482	2629	1
lm	391	Picture	20	1936160	0	1	3154	2	0	3000
lm	392	Response	2	1944084	4604	1
lm	393	Picture	20	1946284	0	2	3154	3	0	3000
lm	394	Response	2	1955885	6281	1
lm	395	Picture	10	1957570	0	2	3154	3	0	3000
lm	397	Picture	10	1966367	0	1	3153	2	0	3000
lm	399	Picture	11	1975661	0	1	3153	2	0	3000
lm	399	Response	2	1975899	238	2
lm	401	Picture	20	1986449	0	1	3153	3	0	3000
lm	403	Picture	11	1996075	0	2	3154	3	0	3000
lm	404	Response	2	2001420	2025	1
lm	405	Picture	20	2006863	0	2	3154	3	0	3000
lm	406	Response	1	2010649	466	1
lm	406	Response	2	2015190	5007	1
lm	407	Picture	21	2015660	0	1	3153	2	0	3000
lm	408	Response	2	2023015	4036	1
lm	409	Picture	20	2026282	0	1	3153	2	0	3000
lm	409	Response	2	2028860	2578	1
lm	411	Picture	11	2035244	0	1	3154	2	0	3000
lm	411	Response	2	2038247	3003	1
lm	412	Response	1	2043506	4943	1
lm	413	Picture	21	2045368	0	2	3154	3	0	3000
lm	414	Response	1	2050499	1811	2
lm	415	Picture	20	2056820	0	1	3154	2	0	3000
lm	415	Response	2	2059791	2971	1
lm	417	Picture	20	2066944	0	2	3154	3	0	3000
lm	418	Response	1	2070490	226	1
lm	419	Picture	21	2078064	0	2	3154	3	0	3000
lm	419	Response	1	2080583	2519	1
lm	419	Response	2	2080883	2819	2
lm	421	Picture	20	2089516	0	1	3154	2	0	3000
lm	421	Response	2	2090080	564	1
lm	423	Picture	10	2099806	0	2	3154	3	0	3000
lm	423	Response	2	2099917	111	1
lm	425	Picture	10	2108603	0	1	3153	2	0	3000
lm	426	Response	2	2112488	566	1
lm	426	Response	1	2116089	4167	1
lm	427	Picture	20	2118395	0	1	3153	2	0	3000
lm	428	Response	2	2123910	2196	1
lm	429	Picture	10	2128851	0	1	3153	3	0	3000
lm	430	Response	2	2132238	68	1
lm	430	Response	1	2135148	2978	1
lm	431	Picture	20	2137315	0	2	3154	3	0	3000
lm	432	Response	2	2143502	2867	1
lm	433	Picture	11	2146942	0	1	3153	2	0	3000
lm	434	Response	1	2153328	3067	1
lm	435	Picture	20	2157730	0	1	3153	2	0	3000
lm	436	Response	2	2163993	2944	1
lm	437	Picture	21	2166526	0	1	3154	2	0	3000
lm	438	Response	2	2173258	3413	1
lm	439	Picture	21	2176982	0	1	3154	2	0	3000
lm	440	Response	2	2182643	2341	1
lm	441	Picture	11	2187936	0	1	3154	2	0	3000
lm	442	Response	1	2192138	882	1
lm	443	Picture	11	2198724	0	2	3154	3	0	3000
lm	444	Response	1	2205451	3407	1
lm	445	Picture	21	2208184	0	2	3154	3	0	3000
lm	446	Response	2	2215719	4215	1
lm	447	Picture	21	2219304	0	2	3154	3	0	3000
lm	448	Response	2	2226817	4193	1
lm	449	Picture	10	2229595	0	1	3153	2	0	3000
lm	450	Response	1	2236905	3991	1
lm	451	Picture	21	2240881	0	1	3153	2	0	3000
lm	452	Response	2	2247318	3118	2
lm	453	Picture	10	2249511	0	1	3153	3	0	3000
lm	454	Response	1	2256049	3219	1
lm	455	Picture	21	2258971	0	2	3154	3	0	3000
lm	456	Response	2	2264639	2348	1
lm	457	Picture	10	2269427	0	2	3154	3	0	3000
lm	458	Response	1	2276176	3429	2
lm	459	Picture	10	2280049	0	2	3154	3	0	3000
lm	460	Response	2	2289221	5852	2
lm	461	Picture	20	2289842	0	1	3153	2	0	3000
lm	462	Response	2	2297009	3848	1
lm	463	Picture	21	2298472	0	1	3153	3	0	3000
lm	465	Picture	21	2309758	0	1	3153	3	0	3000
lm	466	Response	2	2313129	52	1
lm	467	Picture	10	2319218	0	2	3154	3	0	3000
lm	468	Response	2	2323957	1419	1
lm	468	Response	1	2326901	4363	2
lm	469	Picture	10	2330504	0	1	3154	2	0	3000
lm	470	Response	1	2337429	3605	2
lm	471	Picture	11	2339633	0	1	3153	2	0	3000
lm	473	Picture	10	2350421	0	1	3153	2	0	3000
lm	473	Response	1	2351205	784	1
lm	475	Picture	20	2359881	0	1	3153	2	0	3000
lm	476	Response	2	2366284	3084	1
lm	477	Picture	10	2369507	0	1	3153	3	0	3000
lm	479	Picture	10	2378469	0	2	3154	3	0	3000
lm	480	Response	2	2382100	311	1
lm	480	Response	1	2384602	2813	1
lm	481	Picture	11	2389092	0	1	3153	2	0	3000
lm	483	Picture	21	2399050	0	1	3153	2	0	3000
lm	483	Response	1	2400711	1661	1
lm	484	Response	2	2406239	3870	2
lm	485	Picture	11	2408344	0	1	3153	3	0	3000
lm	487	Picture	21	2419796	0	1	3153	2	0	3000
lm	488	Response	1	2423319	204	2
lm	488	Response	2	2426927	3812	1
lm	489	Picture	20	2428758	0	2	3154	3	0	3000
lm	490	Response	1	2433363	1285	1
lm	491	Picture	11	2437389	0	1	3153	2	0	3000
lm	492	Response	2	2441253	545	2
lm	492	Response	1	2446096	5388	1
lm	493	Picture	11	2446683	0	1	3153	3	0	3000
lm	493	Response	1	2449102	2419	1
lm	493	Response	2	2449312	2629	1
lm	495	Picture	21	2457305	0	1	3153	3	0	3000
lm	496	Response	2	2465468	4844	1
lm	497	Picture	10	2468093	0	1	3153	3	0	3000
lm	498	Response	1	2475627	4215	2
lm	499	Picture	21	2479213	0	1	3154	2	0	3000
lm	500	Response	2	2485546	3014	1
lm	501	Picture	20	2490001	0	1	3154	2	0	3000
lm	503	Picture	21	2500955	0	1	3154	2	0	3000
lm	504	Response	2	2505634	1360	1
lm	505	Picture	20	2510913	0	2	3154	3	0	3000
lm	506	Response	2	2515872	1639	1
lm	507	Picture	10	2521037	0	2	3154	3	0	3000
lm	508	Response	1	2528831	4474	2
lm	509	Picture	11	2531991	0	2	3154	3	0	3000
lm	510	Response	1	2537599	2288	2
lm	511	Picture	20	2541950	0	1	3153	2	0	3000
lm	512	Response	2	2547576	2307	1
lm	513	Picture	21	2550912	0	1	3153	3	0	3000
lm	514	Response	2	2557318	3087	1
lm	515	Picture	21	2561036	0	1	3154	2	0	3000
lm	516	Response	2	2567115	2760	1
lm	517	Picture	10	2571326	0	2	3154	3	0	3000
lm	518	Response	1	2577681	3035	2
lm	519	Picture	20	2582114	0	2	3154	3	0	3000
lm	520	Response	1	2588490	3056	2
lm	521	Picture	20	2593068	0	2	3154	3	0	3000
lm	521	Response	2	2593970	902	1
lm	523	Picture	10	2603856	0	2	3154	3	0	3000
lm	524	Response	2	2608386	1210	1
lm	524	Response	1	2609493	2317	1
lm	525	Picture	20	2614478	0	2	3154	3	0	3000
lm	526	Response	2	2621409	3611	1
lm	527	Picture	20	2623939	0	1	3153	2	0	3000
lm	528	Response	2	2630870	3612	1
lm	529	Picture	11	2633565	0	1	3153	2	0	3000
lm	530	Response	1	2639318	2434	2
lm	531	Picture	10	2643357	0	1	3154	2	0	3000
lm	532	Response	1	2648158	1482	1
lm	533	Picture	20	2653149	0	2	3154	3	0	3000
lm	534	Response	2	2658913	2444	1
lm	535	Picture	20	2663108	0	1	3153	2	0	3000
lm	536	Response	2	2666906	479	2
lm	537	Picture	10	2673066	0	1	3153	2	0	3000
lm	538	Response	1	2677832	1447	1
lm	539	Picture	10	2682858	0	1	3153	2	0	3000
lm	540	Response	1	2686485	308	1
lm	541	Picture	20	2692484	0	1	3154	2	0	3000
lm	542	Response	2	2698268	2464	1
lm	543	Picture	11	2703272	0	2	3154	3	0	3000
lm	544	Response	1	2710309	3717	1
lm	545	Picture	21	2714060	0	1	3154	2	0	3000
lm	546	Response	2	2721240	3860	1
lm	547	Picture	20	2723189	0	1	3153	2	0	3000
lm	548	Response	2	2733040	6532	2
lm	549	Picture	21	2733313	0	1	3153	2	0	3000
lm	551	Picture	10	2741943	0	1	3154	2	0	3000
lm	551	Response	2	2744458	2515	2
lm	553	Picture	11	2750574	0	1	3153	2	0	3000
lm	553	Response	1	2750746	172	1
lm	554	Response	2	2756625	2732	1
lm	555	Picture	20	2760698	0	1	3153	2	0	3000
lm	556	Response	2	2766349	2332	1
lm	557	Picture	21	2769660	0	1	3153	3	0	3000
lm	558	Response	2	2773965	986	2
lm	559	Picture	11	2781112	0	1	3153	3	0	3000
lm	559	Response	2	2783180	2068	1
lm	561	Picture	20	2791402	0	1	3154	2	0	3000
lm	562	Response	2	2795700	979	1
lm	563	Picture	20	2800862	0	2	3154	3	0	3000
lm	564	Response	2	2805898	1716	1
lm	565	Picture	20	2812314	0	2	3154	3	0	3000
lm	566	Response	2	2816373	739	1
lm	567	Picture	10	2822604	0	2	3154	3	0	3000
lm	568	Response	1	2830273	4349	1
lm	569	Picture	20	2833392	0	2	3154	3	0	3000
lm	570	Response	1	2837263	551	1
lm	571	Picture	10	2843683	0	1	3153	2	0	3000
lm	573	Picture	20	2853143	0	1	3153	2	0	3000
lm	573	Response	1	2853375	232	1
lm	574	Response	2	2859830	3368	1
lm	575	Picture	21	2863599	0	1	3153	2	0	3000
lm	576	Response	1	2872044	5126	1
lm	577	Picture	21	2873557	0	1	3154	2	0	3000
lm	577	Response	2	2873838	281	1
lm	579	Picture	20	2882187	0	2	3154	3	0	3000
lm	580	Response	2	2888325	2818	2
lm	581	Picture	11	2893639	0	2	3154	3	0	3000
lm	582	Response	2	2897772	813	2
lm	582	Response	1	2902046	5087	1
lm	583	Picture	11	2902270	0	1	3153	2	0	3000
lm	584	Response	1	2911135	5546	1
lm	585	Picture	11	2913058	0	1	3153	2	0	3000
lm	587	Picture	21	2923680	0	1	3153	3	0	3000
lm	588	Response	2	2927897	898	1
lm	589	Picture	10	2933472	0	1	3154	2	0	3000
lm	589	Response	2	2936454	2982	1
lm	590	Response	1	2941928	5136	1
lm	591	Picture	10	2944924	0	1	3154	2	0	3000
lm	593	Picture	10	2953720	0	2	3154	3	0	3000
lm	593	Response	1	2954648	928	1
lm	594	Response	1	2961574	4534	1
lm	595	Picture	10	2965006	0	2	3154	3	0	3000
lm	596	Response	1	2971463	3137	1
lm	597	Picture	10	2976292	0	2	3154	3	0	3000
lm	598	Response	1	2981062	1450	2
lm	599	Picture	11	2986417	0	1	3153	2	0	3000
lm	600	Response	1	2994612	4876	1
lm	601	Picture	10	2996873	0	1	3153	2	0	3000
lm	602	Response	1	3002167	1975	1


Event Type	Code	Type	Response	RT	RT Uncertainty	Time	Uncertainty	Duration	Uncertainty	ReqTime	ReqDur

Picture	10	other				10414	1	3153	2	0	3000
Picture	11	other				21368	1	3153	2	0	3000
Picture	11	other				31326	1	3153	2	0	3000
Picture	21	other				40786	1	3153	3	0	3000
Picture	11	other				50246	2	3154	3	0	3000
Picture	20	other				59707	1	3153	2	0	3000
Picture	10	other				69831	1	3153	2	0	3000
Picture	10	other				79789	1	3153	2	0	3000
Picture	21	other				91241	1	3153	2	0	3000
Picture	10	other				100867	1	3154	2	0	3000
Picture	20	other				109664	1	3153	2	0	3000
Picture	21	other				121115	2	3154	3	0	3000
Picture	21	other				131903	2	3154	3	0	3000
Picture	10	other				140368	1	3153	2	0	3000
Picture	11	other				149164	2	3154	3	0	3000
Picture	21	other				157629	1	3153	2	0	3000
Picture	11	other				166425	1	3154	2	0	3000
Picture	11	other				177213	1	3154	2	0	3000
Picture	10	other				188333	1	3154	2	0	3000
Picture	21	other				196798	1	3153	2	0	3000
Picture	10	other				205926	1	3153	2	0	3000
Picture	20	other				214556	2	3154	3	0	3000
Picture	11	other				224680	2	3154	3	0	3000
Picture	20	other				234971	1	3153	2	0	3000
Picture	21	other				244929	1	3153	2	0	3000
Picture	20	other				254389	1	3153	3	0	3000
Picture	21	other				264513	1	3154	2	0	3000
Picture	21	other				273973	2	3154	3	0	3000
Picture	21	other				285093	2	3154	3	0	3000
Picture	21	other				294222	1	3153	2	0	3000
Picture	11	other				305010	1	3153	2	0	3000
Picture	11	other				315466	1	3153	2	0	3000
Picture	21	other				324096	2	3154	3	0	3000
Picture	11	other				333223	3	3155	4	0	3000
Picture	10	other				342519	1	3153	3	0	3000
Picture	10	other				352809	1	3154	2	0	3000
Picture	21	other				363431	1	3154	2	0	3000
Picture	20	other				373389	2	3154	3	0	3000
Picture	20	other				382850	1	3153	2	0	3000
Picture	21	other				391480	1	3153	3	0	3000
Picture	21	other				402268	1	3153	3	0	3000
Picture	11	other				410898	2	3154	3	0	3000
Picture	20	other				422184	2	3154	3	0	3000
Picture	21	other				430815	1	3153	2	0	3000
Picture	11	other				439445	2	3154	3	0	3000
Picture	20	other				448574	1	3153	2	0	3000
Picture	20	other				459694	1	3153	2	0	3000
Picture	11	other				469320	1	3153	2	0	3000
Picture	11	other				478780	1	3154	2	0	3000
Picture	20	other				487245	1	3153	2	0	3000
Picture	10	other				496539	1	3153	2	0	3000
Picture	21	other				506663	1	3153	3	0	3000
Picture	21	other				517285	1	3154	2	0	3000
Picture	10	other				527243	2	3154	3	0	3000
Picture	10	other				538363	1	3154	2	0	3000
Picture	10	other				548155	2	3154	3	0	3000
Picture	11	other				558280	1	3153	2	0	3000
Picture	11	other				568072	1	3153	2	0	3000
Picture	11	other				577034	1	3154	2	0	3000
Picture	20	other				586992	2	3154	3	0	3000
Picture	21	other				597946	2	3154	3	0	3000
Picture	10	other				606743	1	3153	2	0	3000
Picture	11	other				616369	1	3153	3	0	3000
Picture	10	other				626160	3	3155	4	0	3000
Picture	20	other				634626	1	3153	2	0	3000
Picture	20	other				644916	1	3153	2	0	3000
Picture	10	other				655206	1	3153	2	0	3000
Picture	21	other				665662	1	3153	3	0	3000
Picture	10	other				674126	2	3154	3	0	3000
Picture	20	other				684251	1	3153	2	0	3000
Picture	11	other				694375	1	3153	2	0	3000
Picture	11	other				705163	1	3153	2	0	3000
Picture	20	other				715785	1	3153	2	0	3000
Picture	10	other				725245	1	3154	2	0	3000
Picture	10	other				735037	2	3154	3	0	3000
Picture	21	other				744996	1	3153	2	0	3000
Picture	10	other				753958	1	3153	2	0	3000
Picture	10	other				762588	2	3154	3	0	3000
Picture	11	other				772049	1	3153	2	0	3000
Picture	20	other				783003	1	3153	2	0	3000
Picture	20	other				792629	1	3153	2	0	3000
Picture	11	other				803251	1	3153	2	0	3000
Picture	11	other				814039	1	3153	2	0	3000
Picture	10	other				824163	1	3153	3	0	3000
Picture	11	other				832627	2	3154	3	0	3000
Picture	11	other				843582	1	3153	2	0	3000
Picture	21	other				853042	1	3153	2	0	3000
Picture	20	other				861672	1	3154	2	0	3000
Picture	11	other				871298	2	3154	3	0	3000
Picture	21	other				881589	1	3153	2	0	3000
Picture	11	other				892377	1	3153	2	0	3000
Picture	10	other				901837	1	3153	2	0	3000
Picture	20	other				912791	1	3153	2	0	3000
Picture	20	other				922749	1	3153	3	0	3000
Picture	21	other				931214	1	3153	2	0	3000
Picture	21	other				941836	1	3153	2	0	3000
Picture	21	other				951296	1	3153	2	0	3000
Picture	20	other				960590	2	3154	3	0	3000
Picture	10	other				970714	2	3154	3	0	3000
Picture	10	other				979345	1	3153	2	0	3000
Picture	10	other				987975	1	3154	2	0	3000
Picture	21	other				996606	1	3153	2	0	3000
Picture	21	other				1006066	1	3153	2	0	3000
Picture	10	other				1014696	2	3154	3	0	3000
Picture	21	other				1024157	1	3153	2	0	3000
Picture	10	other				1034115	1	3153	2	0	3000
Picture	20	other				1042911	1	3154	2	0	3000
Picture	11	other				1052205	2	3154	3	0	3000
Picture	20	other				1063657	2	3154	3	0	3000
Picture	20	other				1073616	1	3153	2	0	3000
Picture	11	other				1083574	1	3153	2	0	3000
Picture	20	other				1094362	1	3153	2	0	3000
Picture	20	other				1105814	1	3153	2	0	3000
Picture	11	other				1114444	1	3154	2	0	3000
Picture	21	other				1123904	2	3154	3	0	3000
Picture	20	other				1133531	1	3153	2	0	3000
Picture	20	other				1144651	1	3153	2	0	3000
Picture	21	other				1153945	1	3153	2	0	3000
Picture	10	other				1164899	1	3153	2	0	3000
Picture	10	other				1174857	1	3153	3	0	3000
Picture	20	other				1184483	2	3154	3	0	3000
Picture	11	other				1193778	1	3153	2	0	3000
Picture	21	other				1204566	1	3153	2	0	3000
Picture	20	other				1214690	1	3153	2	0	3000
Picture	21	other				1224980	1	3153	2	0	3000
Picture	20	other				1235934	1	3153	2	0	3000
Picture	21	other				1244398	2	3154	3	0	3000
Picture	20	other				1253029	1	3153	2	0	3000
Picture	21	other				1264315	1	3153	2	0	3000
Picture	20	other				1274439	1	3153	2	0	3000
Picture	21	other				1285559	1	3153	2	0	3000
Picture	10	other				1296679	1	3153	2	0	3000
Picture	10	other				1307965	1	3153	2	0	3000
Picture	21	other				1318089	1	3153	2	0	3000
Picture	21	other				1326719	2	3154	3	0	3000
Picture	10	other				1336346	1	3153	2	0	3000
Picture	11	other				1346304	1	3153	2	0	3000
Picture	11	other				1356926	1	3153	2	0	3000
Picture	10	other				1366884	1	3153	3	0	3000
Picture	20	other				1377174	1	3154	2	0	3000
Picture	11	other				1386302	2	3154	3	0	3000
Picture	20	other				1396260	3	3154	4	0	3000
Picture	21	other				1404891	1	3153	3	0	3000
Picture	20	other				1415015	2	3154	3	0	3000
Picture	20	other				1424144	1	3153	2	0	3000
Picture	20	other				1433106	1	3153	2	0	3000
Picture	10	other				1442400	2	3154	3	0	3000
Picture	11	other				1451695	1	3153	2	0	3000
Picture	11	other				1462151	1	3153	2	0	3000
Picture	21	other				1470781	1	3153	3	0	3000
Picture	21	other				1501153	2	3154	3	0	3000
Picture	21	other				1512273	2	3154	3	0	3000
Picture	10	other				1522066	1	3153	2	0	3000
Picture	11	other				1532522	1	3153	2	0	3000
Picture	20	other				1541484	1	3154	2	0	3000
Picture	10	other				1551442	2	3154	3	0	3000
Picture	20	other				1560903	1	3153	2	0	3000
Picture	10	other				1570529	1	3153	2	0	3000
Picture	10	other				1579657	1	3154	2	0	3000
Picture	11	other				1589947	2	3154	3	0	3000
Picture	21	other				1600403	2	3154	3	0	3000
Picture	11	other				1609864	1	3153	2	0	3000
Picture	10	other				1620818	1	3153	2	0	3000
Picture	10	other				1629780	1	3153	3	0	3000
Picture	21	other				1639240	2	3154	3	0	3000
Picture	21	other				1647705	1	3153	2	0	3000
Picture	10	other				1657995	1	3153	2	0	3000
Picture	10	other				1666625	2	3154	3	0	3000
Picture	11	other				1675920	1	3153	2	0	3000
Picture	10	other				1687372	1	3153	2	0	3000
Picture	20	other				1696666	1	3153	2	0	3000
Picture	11	other				1707952	1	3153	2	0	3000
Picture	11	other				1717080	1	3154	2	0	3000
Picture	10	other				1726374	2	3154	3	0	3000
Picture	11	other				1735503	1	3153	2	0	3000
Picture	10	other				1745129	1	3153	3	0	3000
Picture	20	other				1756249	1	3153	3	0	3000
Picture	10	other				1766539	1	3153	3	0	3000
Picture	20	other				1775501	2	3154	3	0	3000
Picture	10	other				1786953	2	3154	3	0	3000
Picture	20	other				1796912	1	3153	2	0	3000
Picture	20	other				1805874	1	3153	2	0	3000
Picture	11	other				1814836	2	3154	3	0	3000
Picture	21	other				1825624	2	3154	3	0	3000
Picture	21	other				1836246	2	3154	3	0	3000
Picture	21	other				1846371	1	3153	2	0	3000
Picture	21	other				1856661	1	3153	2	0	3000
Picture	10	other				1867947	1	3153	2	0	3000
Picture	11	other				1877739	1	3153	2	0	3000
Picture	21	other				1887199	1	3154	2	0	3000
Picture	10	other				1897157	2	3154	3	0	3000
Picture	10	other				1907447	2	3154	3	0	3000
Picture	10	other				1915912	1	3153	2	0	3000
Picture	20	other				1926534	1	3153	2	0	3000
Picture	20	other				1936160	1	3154	2	0	3000
Picture	20	other				1946284	2	3154	3	0	3000
Picture	10	other				1957570	2	3154	3	0	3000
Picture	10	other				1966367	1	3153	2	0	3000
Picture	11	other				1975661	1	3153	2	0	3000
Picture	20	other				1986449	1	3153	3	0	3000
Picture	11	other				1996075	2	3154	3	0	3000
Picture	20	other				2006863	2	3154	3	0	3000
Picture	21	other				2015660	1	3153	2	0	3000
Picture	20	other				2026282	1	3153	2	0	3000
Picture	11	other				2035244	1	3154	2	0	3000
Picture	21	other				2045368	2	3154	3	0	3000
Picture	20	other				2056820	1	3154	2	0	3000
Picture	20	other				2066944	2	3154	3	0	3000
Picture	21	other				2078064	2	3154	3	0	3000
Picture	20	other				2089516	1	3154	2	0	3000
Picture	10	other				2099806	2	3154	3	0	3000
Picture	10	other				2108603	1	3153	2	0	3000
Picture	20	other				2118395	1	3153	2	0	3000
Picture	10	other				2128851	1	3153	3	0	3000
Picture	20	other				2137315	2	3154	3	0	3000
Picture	11	other				2146942	1	3153	2	0	3000
Picture	20	other				2157730	1	3153	2	0	3000
Picture	21	other				2166526	1	3154	2	0	3000
Picture	21	other				2176982	1	3154	2	0	3000
Picture	11	other				2187936	1	3154	2	0	3000
Picture	11	other				2198724	2	3154	3	0	3000
Picture	21	other				2208184	2	3154	3	0	3000
Picture	21	other				2219304	2	3154	3	0	3000
Picture	10	other				2229595	1	3153	2	0	3000
Picture	21	other				2240881	1	3153	2	0	3000
Picture	10	other				2249511	1	3153	3	0	3000
Picture	21	other				2258971	2	3154	3	0	3000
Picture	10	other				2269427	2	3154	3	0	3000
Picture	10	other				2280049	2	3154	3	0	3000
Picture	20	other				2289842	1	3153	2	0	3000
Picture	21	other				2298472	1	3153	3	0	3000
Picture	21	other				2309758	1	3153	3	0	3000
Picture	10	other				2319218	2	3154	3	0	3000
Picture	10	other				2330504	1	3154	2	0	3000
Picture	11	other				2339633	1	3153	2	0	3000
Picture	10	other				2350421	1	3153	2	0	3000
Picture	20	other				2359881	1	3153	2	0	3000
Picture	10	other				2369507	1	3153	3	0	3000
Picture	10	other				2378469	2	3154	3	0	3000
Picture	11	other				2389092	1	3153	2	0	3000
Picture	21	other				2399050	1	3153	2	0	3000
Picture	11	other				2408344	1	3153	3	0	3000
Picture	21	other				2419796	1	3153	2	0	3000
Picture	20	other				2428758	2	3154	3	0	3000
Picture	11	other				2437389	1	3153	2	0	3000
Picture	11	other				2446683	1	3153	3	0	3000
Picture	21	other				2457305	1	3153	3	0	3000
Picture	10	other				2468093	1	3153	3	0	3000
Picture	21	other				2479213	1	3154	2	0	3000
Picture	20	other				2490001	1	3154	2	0	3000
Picture	21	other				2500955	1	3154	2	0	3000
Picture	20	other				2510913	2	3154	3	0	3000
Picture	10	other				2521037	2	3154	3	0	3000
Picture	11	other				2531991	2	3154	3	0	3000
Picture	20	other				2541950	1	3153	2	0	3000
Picture	21	other				2550912	1	3153	3	0	3000
Picture	21	other				2561036	1	3154	2	0	3000
Picture	10	other				2571326	2	3154	3	0	3000
Picture	20	other				2582114	2	3154	3	0	3000
Picture	20	other				2593068	2	3154	3	0	3000
Picture	10	other				2603856	2	3154	3	0	3000
Picture	20	other				2614478	2	3154	3	0	3000
Picture	20	other				2623939	1	3153	2	0	3000
Picture	11	other				2633565	1	3153	2	0	3000
Picture	10	other				2643357	1	3154	2	0	3000
Picture	20	other				2653149	2	3154	3	0	3000
Picture	20	other				2663108	1	3153	2	0	3000
Picture	10	other				2673066	1	3153	2	0	3000
Picture	10	other				2682858	1	3153	2	0	3000
Picture	20	other				2692484	1	3154	2	0	3000
Picture	11	other				2703272	2	3154	3	0	3000
Picture	21	other				2714060	1	3154	2	0	3000
Picture	20	other				2723189	1	3153	2	0	3000
Picture	21	other				2733313	1	3153	2	0	3000
Picture	10	other				2741943	1	3154	2	0	3000
Picture	11	other				2750574	1	3153	2	0	3000
Picture	20	other				2760698	1	3153	2	0	3000
Picture	21	other				2769660	1	3153	3	0	3000
Picture	11	other				2781112	1	3153	3	0	3000
Picture	20	other				2791402	1	3154	2	0	3000
Picture	20	other				2800862	2	3154	3	0	3000
Picture	20	other				2812314	2	3154	3	0	3000
Picture	10	other				2822604	2	3154	3	0	3000
Picture	20	other				2833392	2	3154	3	0	3000
Picture	10	other				2843683	1	3153	2	0	3000
Picture	20	other				2853143	1	3153	2	0	3000
Picture	21	other				2863599	1	3153	2	0	3000
Picture	21	other				2873557	1	3154	2	0	3000
Picture	20	other				2882187	2	3154	3	0	3000
Picture	11	other				2893639	2	3154	3	0	3000
Picture	11	other				2902270	1	3153	2	0	3000
Picture	11	other				2913058	1	3153	2	0	3000
Picture	21	other				2923680	1	3153	3	0	3000
Picture	10	other				2933472	1	3154	2	0	3000
Picture	10	other				2944924	1	3154	2	0	3000
Picture	10	other				2953720	2	3154	3	0	3000
Picture	10	other				2965006	2	3154	3	0	3000
Picture	10	other				2976292	2	3154	3	0	3000
Picture	11	other				2986417	1	3153	2	0	3000
Picture	10	other				2996873	1	3153	2	0	3000
