Scenario - EFT lento Abril 2011
Logfile written - 07/22/2011 11:33:03

Subject	Trial	Event Type	Code	Time	TTime	Uncertainty	Duration	Uncertainty	ReqTime	ReqDur

lm	2	Picture	20	10414	0	1	3153	2	0	3000
lm	3	Response	2	17123	3390	1
lm	4	Picture	11	48255	0	1	3153	2	0	3000
lm	5	Response	1	52993	1419	1
lm	6	Picture	21	81947	0	1	3153	2	0	3000
lm	7	Response	2	85651	385	1
lm	8	Picture	21	112153	0	1	3153	3	0	3000
lm	9	Response	2	117485	2013	1
lm	10	Picture	11	146177	0	1	3153	2	0	3000
lm	11	Response	1	149935	439	1
lm	12	Picture	21	186341	0	2	3154	3	0	3000
lm	13	Response	2	191589	1928	1
lm	14	Picture	21	219701	0	2	3154	3	0	3000
lm	15	Response	2	227610	4589	1
lm	16	Picture	21	255053	0	1	3153	3	0	3000
lm	18	Picture	10	292230	0	1	3154	2	0	3000
lm	19	Response	2	302194	6644	1
lm	19	Response	1	311564	16014	1
lm	20	Picture	20	326586	0	1	3153	2	0	3000
lm	21	Response	2	335053	5148	1
lm	21	Response	1	336861	6956	2
lm	21	Response	2	343454	13549	1
lm	22	Picture	11	363597	0	1	3154	2	0	3000
lm	23	Response	1	373109	6192	1
lm	24	Picture	10	403098	0	1	3153	2	0	3000
lm	25	Response	1	411837	5420	1
lm	26	Picture	10	438284	0	1	3153	2	0	3000
lm	27	Response	1	446042	4439	1
lm	28	Picture	11	475793	0	1	3153	2	0	3000
lm	29	Response	1	484718	5606	1
lm	30	Picture	10	513634	0	1	3153	2	0	3000
lm	31	Response	1	528349	11396	1
lm	32	Picture	20	545500	0	1	3153	2	0	3000
lm	33	Response	2	554925	6106	2
lm	34	Picture	11	581681	0	2	3154	3	0	3000
lm	35	Response	1	588386	3385	1
lm	36	Picture	21	617365	0	1	3153	2	0	3000
lm	37	Response	2	622694	2010	1
lm	38	Picture	10	647737	0	2	3154	3	0	3000
lm	39	Response	1	657071	6014	2
lm	40	Picture	21	685080	0	2	3154	3	0	3000
lm	41	Response	2	689474	1074	1
lm	42	Picture	11	717942	0	2	3154	3	0	3000
lm	43	Response	1	725316	4054	1
lm	44	Picture	21	746655	0	1	3154	2	0	3000
lm	45	Response	2	751781	1806	1
lm	46	Picture	11	779683	0	1	3154	2	0	3000
lm	47	Response	1	784899	1896	2
lm	48	Picture	20	819350	0	1	3153	2	0	3000
lm	49	Response	2	825851	3182	2
lm	50	Picture	20	854370	0	1	3153	2	0	3000
lm	51	Response	2	862511	4822	2
lm	52	Picture	11	889555	0	1	3154	2	0	3000
lm	53	Response	1	894713	1839	1
lm	54	Picture	11	924907	0	1	3153	2	0	3000
lm	55	Response	1	932691	4465	1
lm	56	Picture	10	953951	0	2	3154	3	0	3000
lm	57	Response	1	962556	5285	2
lm	58	Picture	11	985652	0	1	3153	2	0	3000
lm	59	Response	1	992944	3973	1
lm	60	Picture	21	1023991	0	1	3153	2	0	3000
lm	61	Response	2	1033543	6233	1
lm	62	Picture	21	1057516	0	2	3154	3	0	3000
lm	63	Response	2	1063698	2862	2
lm	64	Picture	11	1093366	0	1	3153	2	0	3000
lm	65	Response	1	1100878	4193	1
lm	66	Picture	21	1124568	0	2	3154	3	0	3000
lm	67	Response	2	1132720	4832	1
lm	68	Picture	20	1154111	0	1	3153	2	0	3000
lm	69	Response	2	1162993	5563	1
lm	70	Picture	20	1187969	0	1	3153	2	0	3000
lm	71	Response	2	1195213	3925	1
lm	72	Picture	10	1226308	0	1	3153	2	0	3000
lm	73	Response	2	1231293	1666	2
lm	73	Response	1	1234772	5145	1
lm	73	Response	1	1237183	7556	1
lm	74	Picture	11	1261327	0	2	3154	3	0	3000
lm	75	Response	1	1267168	2521	1
lm	76	Picture	20	1295185	0	1	3153	3	0	3000
lm	77	Response	2	1302776	4272	1
lm	78	Picture	21	1326553	0	2	3154	3	0	3000
lm	79	Response	2	1333253	3380	1
lm	80	Picture	11	1361739	0	1	3153	2	0	3000
lm	81	Response	1	1369517	4459	1
lm	82	Picture	11	1390618	0	1	3153	2	0	3000
lm	83	Response	1	1397879	3942	2
lm	84	Picture	20	1425139	0	2	3154	3	0	3000
lm	85	Response	2	1433079	4620	1
lm	86	Picture	10	1457503	0	2	3154	3	0	3000
lm	88	Picture	10	1491693	0	1	3154	2	0	3000
lm	89	Response	1	1500140	5127	1
lm	90	Picture	20	1520240	0	1	3153	3	0	3000
lm	92	Picture	21	1557251	0	2	3154	3	0	3000
lm	93	Response	2	1566518	5947	2
lm	94	Picture	11	1596752	0	1	3153	3	0	3000
lm	95	Response	1	1608529	8458	1
lm	96	Picture	21	1634593	0	1	3154	2	0	3000
lm	97	Response	2	1643908	5996	1
lm	98	Picture	10	1668285	0	1	3153	3	0	3000
lm	99	Response	1	1682562	10958	1
lm	100	Picture	11	1702143	0	1	3153	2	0	3000
lm	101	Response	1	1710534	5072	1
lm	102	Picture	10	1741644	0	1	3153	2	0	3000
lm	103	Response	1	1753346	8383	1
lm	104	Picture	20	1770522	0	2	3154	3	0	3000
lm	105	Response	2	1779498	5656	1
lm	106	Picture	21	1809691	0	1	3154	2	0	3000
lm	107	Response	2	1820635	7624	2
lm	108	Picture	10	1845375	0	1	3153	2	0	3000
lm	109	Response	1	1858668	9974	1
lm	110	Picture	20	1874253	0	2	3154	3	0	3000
lm	111	Response	2	1882688	5115	1
lm	112	Picture	10	1903132	0	1	3154	2	0	3000
lm	113	Response	1	1911162	4710	1
lm	114	Picture	11	1941471	0	1	3154	2	0	3000
lm	115	Response	1	1950795	6005	1
lm	116	Picture	21	1974001	0	1	3154	2	0	3000
lm	117	Response	2	1982568	5247	1
lm	118	Picture	11	2014000	0	1	3153	2	0	3000
lm	119	Response	1	2021589	4270	1
lm	120	Picture	21	2043211	0	1	3153	2	0	3000
lm	121	Response	2	2054756	8226	2
lm	122	Picture	10	2077234	0	2	3154	3	0	3000
lm	123	Response	1	2088748	8194	1
lm	124	Picture	21	2106943	0	1	3153	2	0	3000
lm	125	Response	2	2119795	9533	1
lm	126	Picture	11	2139805	0	1	3153	2	0	3000
lm	127	Response	1	2146659	3535	1
lm	128	Picture	11	2172335	0	1	3153	3	0	3000
lm	129	Response	1	2179678	4024	1
lm	130	Picture	10	2209512	0	2	3154	3	0	3000
lm	131	Response	1	2218143	5311	1
lm	132	Picture	11	2247353	0	2	3154	3	0	3000
lm	133	Response	1	2251859	1186	1
lm	134	Picture	11	2276398	0	1	3153	3	0	3000
lm	135	Response	1	2281088	1371	1
lm	136	Picture	20	2304945	0	1	3153	2	0	3000
lm	137	Response	2	2315080	6816	2
lm	138	Picture	11	2336147	0	1	3154	2	0	3000
lm	139	Response	1	2346416	6950	1
lm	140	Picture	10	2368511	0	2	3154	3	0	3000
lm	141	Response	1	2380376	8545	1
lm	142	Picture	11	2408012	0	1	3153	3	0	3000
lm	143	Response	1	2417464	6133	1
lm	144	Picture	10	2437555	0	1	3153	2	0	3000
lm	145	Response	1	2452497	11623	1
lm	146	Picture	20	2469587	0	1	3153	2	0	3000
lm	147	Response	2	2481828	8922	1
lm	148	Picture	20	2509751	0	2	3154	3	0	3000
lm	149	Response	2	2517413	4342	1
lm	150	Picture	20	2548422	0	2	3154	3	0	3000
lm	151	Response	2	2557096	5354	1
lm	152	Picture	20	2586263	0	2	3154	3	0	3000
lm	153	Response	2	2596840	7257	2
lm	154	Picture	21	2625432	0	2	3154	3	0	3000
lm	155	Response	2	2631211	2459	1
lm	156	Picture	10	2665597	0	1	3153	3	0	3000
lm	157	Response	1	2677149	8233	1
lm	158	Picture	20	2697297	0	1	3154	2	0	3000
lm	159	Response	2	2709107	8490	1
lm	160	Picture	20	2736134	0	1	3154	2	0	3000
lm	161	Response	2	2744913	5460	1
lm	162	Picture	20	2772979	0	2	3154	3	0	3000
lm	163	Response	2	2784537	8238	2
lm	164	Picture	21	2803850	0	1	3153	2	0	3000
lm	166	Picture	21	2839533	0	2	3154	3	0	3000
lm	167	Response	2	2845398	2545	2
lm	168	Picture	20	2870570	0	1	3153	2	0	3000
lm	169	Response	2	2877443	3554	1
lm	170	Picture	21	2909241	0	1	3153	2	0	3000
lm	171	Response	2	2921109	8549	1
lm	172	Picture	10	2948409	0	2	3154	3	0	3000
lm	173	Response	1	2961168	9439	1
lm	174	Picture	20	2977122	0	1	3154	2	0	3000
lm	175	Response	2	2986430	5989	2
lm	176	Picture	20	3012308	0	1	3153	2	0	3000
lm	177	Response	2	3019060	3433	1
lm	178	Picture	11	3048157	0	1	3154	2	0	3000
lm	179	Response	1	3056004	4527	1
lm	180	Picture	20	3085168	0	2	3154	3	0	3000
lm	181	Response	2	3094536	6048	1
lm	182	Picture	20	3123010	0	1	3153	2	0	3000
lm	183	Response	2	3132264	5935	2
lm	184	Picture	10	3151722	0	2	3154	3	0	3000
lm	185	Response	1	3173861	18819	2
lm	186	Picture	11	3183588	0	2	3154	3	0	3000
lm	187	Response	1	3192921	6013	1
lm	188	Picture	21	3217778	0	2	3154	3	0	3000
lm	189	Response	2	3228027	6929	2
lm	190	Picture	20	3256449	0	1	3154	2	0	3000
lm	192	Picture	21	3296282	0	1	3153	2	0	3000
lm	194	Picture	20	3331136	0	1	3153	2	0	3000
lm	196	Picture	11	3371632	0	1	3154	2	0	3000
lm	197	Response	1	3378657	3705	1
lm	198	Picture	21	3402171	0	1	3153	2	0	3000
lm	199	Response	2	3408402	2912	1
lm	200	Picture	20	3433871	0	1	3153	2	0	3000
lm	201	Response	1	3446119	8929	1
lm	201	Response	2	3450092	12902	1
lm	201	Response	1	3455107	17917	1
lm	202	Picture	11	3469222	0	2	3154	3	0	3000
lm	204	Picture	11	3500425	0	1	3153	2	0	3000
lm	205	Response	1	3506447	2703	2
lm	206	Picture	10	3529635	0	2	3154	3	0	3000
lm	207	Response	1	3540878	7923	1
lm	208	Picture	10	3564323	0	1	3153	3	0	3000
lm	209	Response	1	3576187	8545	1
lm	210	Picture	20	3597683	0	1	3153	2	0	3000
lm	211	Response	2	3606334	5332	1
lm	212	Picture	20	3633532	0	2	3154	3	0	3000
lm	213	Response	2	3640587	3735	1
lm	214	Picture	21	3665067	0	1	3153	2	0	3000
lm	215	Response	2	3669685	1299	1
lm	216	Picture	21	3695771	0	1	3153	3	0	3000
lm	217	Response	2	3704337	5247	2
lm	218	Picture	11	3734940	0	1	3153	2	0	3000
lm	219	Response	1	3755238	16979	1
lm	220	Picture	10	3773113	0	1	3153	2	0	3000
lm	221	Response	1	3784945	8513	2
lm	222	Picture	11	3813278	0	1	3153	2	0	3000
lm	223	Response	1	3820829	4232	2
lm	224	Picture	20	3847301	0	2	3154	3	0	3000
lm	225	Response	2	3855402	4781	1
lm	226	Picture	20	3882985	0	1	3153	2	0	3000
lm	227	Response	2	3890779	4475	1
lm	228	Picture	20	3922818	0	1	3153	2	0	3000
lm	229	Response	2	3930224	4087	1
lm	230	Picture	10	3951696	0	2	3154	3	0	3000
lm	231	Response	1	3965752	10736	1
lm	232	Picture	20	3986550	0	1	3153	2	0	3000
lm	233	Response	2	3994664	4795	1
lm	234	Picture	10	4017254	0	2	3154	3	0	3000
lm	235	Response	1	4027005	6431	1
lm	236	Picture	10	4051278	0	1	3154	2	0	3000
lm	237	Response	1	4064006	9408	1
lm	238	Picture	10	4087460	0	1	3153	2	0	3000
lm	239	Response	1	4100544	9765	1
lm	240	Picture	11	4117334	0	1	3153	3	0	3000
lm	241	Response	1	4125535	4882	1
lm	242	Picture	10	4146047	0	1	3153	2	0	3000
lm	243	Response	1	4155154	5788	1
lm	244	Picture	20	4181066	0	2	3154	3	0	3000
lm	245	Response	2	4189647	5261	1
lm	246	Picture	11	4213431	0	1	3153	2	0	3000
lm	247	Response	1	4219032	2282	2
lm	248	Picture	11	4243969	0	1	3153	2	0	3000
lm	249	Response	1	4249629	2341	2
lm	250	Picture	20	4280316	0	2	3154	3	0	3000
lm	251	Response	2	4289991	6355	1
lm	252	Picture	21	4314672	0	1	3153	3	0	3000
lm	253	Response	2	4324335	6344	1
lm	254	Picture	11	4353011	0	1	3153	3	0	3000
lm	255	Response	1	4360684	4354	1
lm	256	Picture	10	4385541	0	1	3154	2	0	3000
lm	257	Response	1	4391823	2962	2
lm	258	Picture	21	4424212	0	1	3154	2	0	3000
lm	259	Response	2	4431829	4298	1
lm	260	Picture	10	4455580	0	2	3154	3	0	3000
lm	261	Response	1	4467710	8810	2
lm	262	Picture	20	4491762	0	1	3153	2	0	3000
lm	263	Response	2	4510081	15000	2
lm	263	Response	1	4514718	19637	1
lm	264	Picture	11	4525952	0	1	3153	2	0	3000
lm	265	Response	1	4534450	5179	1
lm	266	Picture	20	4564125	0	1	3153	2	0	3000
lm	267	Response	2	4575400	7956	1
lm	268	Picture	10	4598148	0	2	3154	3	0	3000
lm	269	Response	1	4607887	6419	2
lm	270	Picture	21	4633998	0	1	3153	2	0	3000
lm	271	Response	2	4639340	2023	1
lm	272	Picture	21	4665698	0	1	3153	3	0	3000
lm	273	Response	2	4672825	3808	1
lm	274	Picture	11	4698228	0	1	3153	3	0	3000
lm	275	Response	1	4706518	4971	1
lm	276	Picture	11	4733912	0	1	3153	2	0	3000
lm	277	Response	1	4741542	4311	1
lm	278	Picture	10	4764616	0	1	3153	2	0	3000
lm	279	Response	1	4774824	6889	1
lm	280	Picture	10	4793163	0	1	3153	2	0	3000
lm	281	Response	1	4806392	9910	1
lm	282	Picture	10	4826357	0	1	3153	2	0	3000
lm	283	Response	1	4833214	3538	1
lm	284	Picture	11	4858555	0	1	3153	2	0	3000
lm	285	Response	1	4865021	3147	2
lm	286	Picture	10	4887765	0	2	3154	3	0	3000
lm	287	Response	1	4891837	752	1
lm	288	Picture	20	4918138	0	1	3153	2	0	3000
lm	289	Response	2	4930731	9274	2
lm	290	Picture	11	4955315	0	1	3154	2	0	3000
lm	291	Response	1	4966059	7424	1
lm	292	Picture	20	4989173	0	1	3153	3	0	3000
lm	294	Picture	21	5022035	0	1	3153	3	0	3000
lm	296	Picture	20	5060872	0	1	3153	2	0	3000
lm	297	Response	2	5068575	4384	2
lm	298	Picture	10	5098547	0	1	3153	3	0	3000
lm	300	Picture	20	5131575	0	1	3153	3	0	3000
lm	302	Response	1	6839890	1679768	2
lm	304	Picture	10	6860316	0	1	3153	2	0	3000
lm	305	Response	1	6870160	6525	1
lm	306	Picture	20	6891684	0	1	3153	2	0	3000
lm	307	Response	2	6897626	2623	2
lm	308	Picture	11	6932014	0	2	3154	3	0	3000
lm	309	Response	1	6935787	453	2
lm	310	Picture	11	6964213	0	1	3153	2	0	3000
lm	311	Response	1	6970868	3336	3
lm	312	Picture	21	6996568	0	25	3162	26	0	3000
lm	313	Response	2	7002822	2926	17
lm	314	Picture	20	7026783	0	1	3154	2	0	3000
lm	315	Response	2	7034367	4264	1
lm	316	Picture	10	7058815	0	2	3154	3	0	3000
lm	317	Response	1	7064999	2864	1
lm	318	Picture	20	7091511	0	2	3154	3	0	3000
lm	319	Response	2	7098550	3719	2
lm	320	Picture	10	7125369	0	1	3154	2	0	3000
lm	321	Response	1	7131716	3027	1
lm	322	Picture	20	7165534	0	1	3153	2	0	3000
lm	323	Response	2	7172047	3194	2
lm	324	Picture	10	7203707	0	1	3153	2	0	3000
lm	325	Response	2	7208876	1850	1
lm	325	Response	1	7211893	4867	1
lm	326	Picture	21	7241714	0	1	3153	2	0	3000
lm	327	Response	2	7248506	3473	1
lm	328	Picture	21	7270427	0	1	3153	2	0	3000
lm	329	Response	1	7286155	12409	1
lm	330	Picture	20	7300965	0	1	3154	2	0	3000
lm	331	Response	2	7311246	6962	1
lm	332	Picture	20	7330674	0	1	3153	2	0	3000
lm	333	Response	2	7339075	5082	1
lm	333	Response	1	7341077	7084	2
lm	333	Response	2	7341318	7325	1
lm	334	Picture	20	7362872	0	1	3153	2	0	3000
lm	335	Response	2	7376901	10710	1
lm	336	Picture	21	7399053	0	2	3154	3	0	3000
lm	337	Response	2	7403187	814	1
lm	338	Picture	10	7433077	0	1	3153	3	0	3000
lm	339	Response	1	7440593	4197	1
lm	340	Picture	10	7462952	0	1	3153	2	0	3000
lm	341	Response	1	7471967	5696	1
lm	342	Picture	11	7503116	0	2	3154	3	0	3000
lm	343	Response	1	7510823	4387	1
lm	344	Picture	11	7539796	0	1	3153	2	0	3000
lm	345	Response	1	7547703	4588	2
lm	346	Picture	21	7570666	0	1	3153	2	0	3000
lm	347	Response	2	7577211	3226	1
lm	348	Picture	20	7610499	0	1	3153	2	0	3000
lm	349	Response	2	7616784	2966	1
lm	350	Picture	21	7649833	0	2	3154	3	0	3000
lm	351	Response	2	7657032	3879	1
lm	352	Picture	21	7683359	0	2	3154	3	0	3000
lm	353	Response	2	7699009	12330	1
lm	354	Picture	20	7722528	0	1	3154	2	0	3000
lm	355	Response	2	7731137	5289	1
lm	356	Picture	20	7754892	0	2	3154	3	0	3000
lm	357	Response	2	7771214	13002	1
lm	358	Picture	21	7786758	0	2	3154	3	0	3000
lm	359	Response	2	7803757	13679	2
lm	360	Picture	11	7818293	0	1	3153	2	0	3000
lm	361	Response	1	7825059	3447	1
lm	362	Picture	10	7856632	0	1	3153	2	0	3000
lm	363	Response	1	7863682	3731	1
lm	364	Picture	10	7896464	0	2	3154	3	0	3000
lm	365	Response	1	7908729	8945	2
lm	366	Picture	21	7932148	0	1	3153	2	0	3000
lm	368	Picture	11	7970653	0	1	3153	2	0	3000
lm	369	Response	1	7976867	2895	1
lm	370	Picture	20	8000859	0	2	3154	3	0	3000
lm	371	Response	2	8008498	4319	1
lm	372	Picture	11	8032228	0	1	3153	2	0	3000
lm	373	Response	1	8040369	4822	1
lm	374	Picture	11	8060940	0	2	3154	3	0	3000
lm	375	Response	1	8072120	7860	1
lm	376	Picture	10	8096126	0	1	3153	3	0	3000
lm	377	Response	1	8103756	4311	1
lm	378	Picture	11	8132971	0	2	3154	3	0	3000
lm	379	Response	2	8150822	14531	1
lm	380	Picture	10	8163676	0	1	3153	2	0	3000
lm	381	Response	1	8170240	3245	2
lm	382	Picture	11	8199027	0	1	3154	2	0	3000
lm	383	Response	1	8208105	5758	1
lm	384	Picture	21	8235872	0	2	3154	3	0	3000
lm	385	Response	2	8256648	17456	1
lm	386	Picture	21	8265415	0	2	3154	3	0	3000
lm	387	Response	2	8279491	10757	1
lm	388	Picture	21	8305082	0	1	3153	2	0	3000
lm	389	Response	2	8311391	2990	1
lm	390	Picture	10	8337446	0	1	3153	3	0	3000
lm	391	Response	1	8346531	5766	1
lm	392	Picture	20	8371636	0	1	3152	5	0	3000
lm	393	Response	2	8379826	4871	1
lm	394	Picture	11	8401842	0	2	3154	3	0	3000
lm	395	Response	1	8416950	11788	1
lm	396	Picture	21	8441509	0	1	3153	3	0	3000
lm	397	Response	2	8451833	7005	1
lm	398	Picture	20	8477027	0	1	3153	2	0	3000
lm	399	Response	2	8487417	7071	1
lm	400	Picture	10	8516029	0	2	3154	3	0	3000
lm	401	Response	1	8525022	5673	1
lm	402	Picture	10	8551381	0	1	3153	2	0	3000
lm	403	Response	1	8565194	10494	1
lm	404	Picture	21	8580592	0	1	3153	2	0	3000
lm	405	Response	2	8591126	7215	2
lm	406	Picture	11	8618267	0	1	3153	2	0	3000
lm	407	Response	1	8632591	11005	1
lm	408	Picture	20	8647477	0	2	3154	3	0	3000
lm	409	Response	2	8663053	12256	2
lm	410	Picture	10	8681667	0	1	3154	2	0	3000
lm	411	Response	1	8697785	12798	1
lm	412	Picture	21	8714695	0	1	3154	2	0	3000
lm	413	Response	2	8723225	5211	1
lm	414	Picture	21	8751374	0	2	3154	3	0	3000
lm	415	Response	2	8757015	2321	1
lm	416	Picture	21	8787390	0	1	3153	2	0	3000
lm	417	Response	2	8795575	4866	1
lm	418	Picture	10	8825729	0	1	3153	2	0	3000
lm	419	Response	1	8833734	4686	1
lm	420	Picture	21	8854442	0	1	3153	2	0	3000
lm	421	Response	2	8865844	8083	1
lm	422	Picture	11	8892615	0	1	3153	2	0	3000
lm	423	Response	1	8902608	6674	1
lm	424	Picture	10	8932447	0	2	3154	3	0	3000
lm	425	Response	1	8942235	6468	1
lm	426	Picture	10	8963816	0	1	3153	2	0	3000
lm	427	Response	1	8969832	2697	1
lm	428	Picture	20	8993524	0	2	3154	3	0	3000
lm	430	Picture	11	9025722	0	2	3154	3	0	3000
lm	431	Response	1	9033685	4643	1
lm	432	Picture	20	9064061	0	2	3154	3	0	3000
lm	434	Picture	20	9096259	0	2	3154	3	0	3000
lm	435	Response	2	9102776	3197	1
lm	436	Picture	11	9127628	0	1	3153	2	0	3000
lm	437	Response	1	9136590	5643	1
lm	438	Picture	21	9165967	0	1	3153	2	0	3000
lm	439	Response	2	9176478	7192	1
lm	440	Picture	11	9198497	0	1	3153	2	0	3000
lm	441	Response	1	9210051	8235	1
lm	442	Picture	10	9235342	0	1	3154	2	0	3000
lm	443	Response	1	9244981	6319	1
lm	444	Picture	11	9274179	0	1	3153	3	0	3000
lm	445	Response	1	9283667	6169	1
lm	446	Picture	11	9303058	0	1	3153	2	0	3000
lm	447	Response	1	9309044	2667	2
lm	448	Picture	21	9332932	0	2	3154	3	0	3000
lm	449	Response	2	9339502	3250	1
lm	450	Picture	10	9368616	0	1	3153	2	0	3000
lm	452	Picture	21	9407287	0	1	3153	2	0	3000
lm	453	Response	2	9410980	374	1
lm	454	Picture	10	9443800	0	1	3153	3	0	3000
lm	455	Response	2	9447724	605	1
lm	455	Response	1	9452573	5454	1
lm	456	Picture	20	9481973	0	1	3154	2	0	3000
lm	457	Response	2	9491281	5988	1
lm	458	Picture	11	9516661	0	1	3153	2	0	3000
lm	459	Response	1	9528831	8851	1
lm	460	Picture	20	9556162	0	1	3153	2	0	3000
lm	461	Response	2	9564118	4637	1
lm	462	Picture	21	9592509	0	1	3153	3	0	3000
lm	463	Response	2	9598304	2476	1
lm	464	Picture	20	9628856	0	2	3154	3	0	3000
lm	465	Response	2	9636460	4284	1
lm	466	Picture	21	9658897	0	1	3153	2	0	3000
lm	467	Response	2	9664091	1875	1
lm	468	Picture	11	9693087	0	1	3153	2	0	3000
lm	470	Picture	21	9733583	0	1	3154	2	0	3000
lm	471	Response	2	9741967	5064	1
lm	472	Picture	20	9766777	0	1	3154	2	0	3000
lm	473	Response	2	9784142	14046	1
lm	474	Picture	21	9795988	0	1	3153	2	0	3000
lm	475	Response	2	9803949	4642	1
lm	476	Picture	21	9828850	0	1	3153	2	0	3000
lm	478	Picture	10	9864035	0	2	3154	3	0	3000
lm	479	Response	1	9872875	5520	2
lm	480	Picture	20	9901545	0	1	3153	2	0	3000
lm	481	Response	1	9918667	13803	1
lm	481	Response	2	9919326	14462	1
lm	482	Picture	11	9937726	0	1	3153	3	0	3000
lm	483	Response	1	9946731	5686	1
lm	484	Picture	21	9972912	0	1	3153	2	0	3000
lm	485	Response	2	9979190	2959	1
lm	486	Picture	11	10005608	0	1	3153	2	0	3000
lm	487	Response	1	10010830	1903	1
lm	488	Picture	20	10039963	0	2	3154	3	0	3000
lm	489	Response	2	10047833	4550	1
lm	490	Picture	10	10078966	0	1	3154	2	0	3000
lm	491	Response	1	10087519	5233	1
lm	492	Picture	11	10114318	0	1	3153	2	0	3000
lm	493	Response	1	10132020	14383	1
lm	494	Picture	10	10151661	0	1	3153	2	0	3000
lm	495	Response	1	10159195	4215	1
lm	496	Picture	10	10190664	0	1	3153	2	0	3000
lm	497	Response	1	10197914	3931	1
lm	498	Picture	10	10228339	0	1	3153	2	0	3000
lm	499	Response	1	10234446	2788	1
lm	500	Picture	21	10261699	0	1	3153	2	0	3000
lm	501	Response	2	10269037	4019	1
lm	502	Picture	20	10293731	0	1	3153	3	0	3000
lm	504	Picture	20	10329912	0	2	3154	3	0	3000
lm	505	Response	2	10338360	5128	2
lm	506	Picture	20	10360949	0	1	3153	2	0	3000
lm	507	Response	2	10368670	4402	1
lm	508	Picture	21	10393645	0	1	3153	2	0	3000
lm	509	Response	2	10401963	4999	1
lm	510	Picture	10	10422855	0	2	3154	3	0	3000
lm	511	Response	1	10434686	8511	1
lm	512	Picture	10	10457211	0	1	3154	2	0	3000
lm	513	Response	1	10467210	6679	1
lm	514	Picture	10	10490239	0	1	3154	2	0	3000
lm	515	Response	1	10498345	4786	2
lm	516	Picture	11	10522769	0	2	3154	3	0	3000
lm	517	Response	1	10533607	7518	1
lm	518	Picture	21	10553971	0	2	3154	3	0	3000
lm	519	Response	1	10566121	8830	1
lm	520	Picture	10	10583846	0	1	3153	3	0	3000
lm	521	Response	1	10591351	4186	7
lm	522	Picture	20	10619861	0	2	3154	3	0	3000
lm	523	Response	2	10629744	6563	1
lm	524	Picture	11	10659860	0	2	3154	3	0	3000
lm	525	Response	1	10667468	4288	1
lm	526	Picture	11	10694880	0	1	3153	2	0	3000
lm	527	Response	1	10699738	1539	2
lm	528	Picture	20	10733219	0	1	3153	2	0	3000
lm	528	Response	2	10735122	1903	1
lm	529	Response	1	10761125	24587	1
lm	530	Picture	10	10771226	0	1	3153	2	0	3000
lm	531	Response	1	10791139	16594	1
lm	531	Response	1	10797461	22916	1
lm	532	Picture	20	10802926	0	1	3154	2	0	3000
lm	533	Response	2	10814932	8687	1
lm	533	Response	2	10820016	13771	1
lm	533	Response	1	10828938	22693	1
lm	534	Picture	11	10840767	0	1	3154	2	0	3000
lm	536	Picture	21	10872633	0	2	3154	3	0	3000
lm	537	Response	2	10877001	1048	1
lm	537	Response	1	10889613	13660	1
lm	538	Picture	10	10903504	0	1	3153	2	0	3000
lm	539	Response	2	10920364	13541	2
lm	540	Picture	21	10935370	0	1	3153	2	0	3000
lm	540	Response	2	10937670	2300	1
lm	541	Response	1	10959563	20874	1
lm	541	Response	1	10966006	27317	1
lm	542	Picture	10	10967236	0	1	3154	2	0	3000
lm	543	Response	2	10992175	21619	1
lm	543	Response	2	10996191	25635	1
lm	543	Response	2	11000178	29622	1
lm	544	Picture	10	11006903	0	1	3153	2	0	3000
lm	545	Response	1	11015849	5627	1
lm	546	Picture	10	11043582	0	1	3154	2	0	3000
lm	547	Response	1	11050045	3143	1
lm	548	Picture	20	11082917	0	1	3153	2	0	3000
lm	549	Response	2	11090380	4144	1
lm	550	Picture	20	11111962	0	1	3153	2	0	3000
lm	551	Response	2	11121172	5891	2
lm	552	Picture	21	11147645	0	1	3154	2	0	3000
lm	553	Response	2	11152744	1779	2
lm	554	Picture	11	11187810	0	1	3153	2	0	3000
lm	555	Response	1	11195404	4275	1
lm	556	Picture	21	11217186	0	2	3154	3	0	3000
lm	558	Picture	21	11246729	0	1	3154	2	0	3000
lm	559	Response	2	11251310	1262	1
lm	560	Picture	10	11278927	0	1	3154	2	0	3000
lm	561	Response	1	11291111	8864	2
lm	562	Picture	11	11313117	0	1	3153	3	0	3000
lm	563	Response	1	11321168	4732	1
lm	564	Picture	10	11351788	0	1	3153	2	0	3000
lm	565	Response	2	11362652	7545	2
lm	566	Picture	10	11390459	0	1	3153	2	0	3000
lm	567	Response	2	11402186	8408	1
lm	568	Picture	21	11429462	0	1	3153	2	0	3000
lm	569	Response	2	11440038	7257	2
lm	570	Picture	11	11459834	0	1	3154	2	0	3000
lm	571	Response	1	11470938	7784	2
lm	572	Picture	21	11493028	0	1	3154	2	0	3000
lm	573	Response	2	11499824	3476	1
lm	574	Picture	10	11527882	0	1	3153	2	0	3000
lm	575	Response	1	11545321	14120	1
lm	575	Response	2	11545950	14749	1
lm	576	Picture	20	11564561	0	1	3153	3	0	3000
lm	578	Picture	11	11594270	0	1	3153	2	0	3000
lm	579	Response	1	11605594	8005	2
lm	580	Picture	11	11629455	0	2	3154	3	0	3000
lm	581	Response	1	11639060	6285	1
lm	582	Picture	11	11661487	0	2	3154	3	0	3000
lm	584	Picture	21	11692358	0	1	3153	2	0	3000
lm	586	Picture	20	11727377	0	2	3154	3	0	3000
lm	588	Picture	11	11766048	0	2	3154	3	0	3000
lm	590	Picture	10	11801400	0	1	3153	2	0	3000
lm	591	Response	1	11811674	6955	1
lm	591	Response	2	11812780	8061	2
lm	592	Picture	20	11839573	0	1	3153	2	0	3000
lm	593	Response	2	11852414	9522	1
lm	594	Picture	21	11873763	0	1	3153	2	0	3000
lm	595	Response	2	11882258	5176	2
lm	596	Picture	11	11906293	0	1	3153	2	0	3000
lm	597	Response	1	11915331	5719	1
lm	598	Picture	10	11936167	0	2	3154	3	0	3000
lm	599	Response	1	11946456	6969	1
lm	600	Picture	20	11965710	0	1	3153	2	0	3000
lm	601	Response	2	11972099	3070	1
lm	602	Picture	10	11996746	0	2	3154	3	0	3000
lm	603	Response	1	12005710	5644	1
lm	604	Response	2	12079381	50935	2


Event Type	Code	Type	Response	RT	RT Uncertainty	Time	Uncertainty	Duration	Uncertainty	ReqTime	ReqDur

Picture	20	other				10414	1	3153	2	0	3000
Picture	11	other				48255	1	3153	2	0	3000
Picture	21	other				81947	1	3153	2	0	3000
Picture	21	other				112153	1	3153	3	0	3000
Picture	11	other				146177	1	3153	2	0	3000
Picture	21	other				186341	2	3154	3	0	3000
Picture	21	other				219701	2	3154	3	0	3000
Picture	21	other				255053	1	3153	3	0	3000
Picture	10	other				292230	1	3154	2	0	3000
Picture	20	other				326586	1	3153	2	0	3000
Picture	11	other				363597	1	3154	2	0	3000
Picture	10	other				403098	1	3153	2	0	3000
Picture	10	other				438284	1	3153	2	0	3000
Picture	11	other				475793	1	3153	2	0	3000
Picture	10	other				513634	1	3153	2	0	3000
Picture	20	other				545500	1	3153	2	0	3000
Picture	11	other				581681	2	3154	3	0	3000
Picture	21	other				617365	1	3153	2	0	3000
Picture	10	other				647737	2	3154	3	0	3000
Picture	21	other				685080	2	3154	3	0	3000
Picture	11	other				717942	2	3154	3	0	3000
Picture	21	other				746655	1	3154	2	0	3000
Picture	11	other				779683	1	3154	2	0	3000
Picture	20	other				819350	1	3153	2	0	3000
Picture	20	other				854370	1	3153	2	0	3000
Picture	11	other				889555	1	3154	2	0	3000
Picture	11	other				924907	1	3153	2	0	3000
Picture	10	other				953951	2	3154	3	0	3000
Picture	11	other				985652	1	3153	2	0	3000
Picture	21	other				1023991	1	3153	2	0	3000
Picture	21	other				1057516	2	3154	3	0	3000
Picture	11	other				1093366	1	3153	2	0	3000
Picture	21	other				1124568	2	3154	3	0	3000
Picture	20	other				1154111	1	3153	2	0	3000
Picture	20	other				1187969	1	3153	2	0	3000
Picture	10	other				1226308	1	3153	2	0	3000
Picture	11	other				1261327	2	3154	3	0	3000
Picture	20	other				1295185	1	3153	3	0	3000
Picture	21	other				1326553	2	3154	3	0	3000
Picture	11	other				1361739	1	3153	2	0	3000
Picture	11	other				1390618	1	3153	2	0	3000
Picture	20	other				1425139	2	3154	3	0	3000
Picture	10	other				1457503	2	3154	3	0	3000
Picture	10	other				1491693	1	3154	2	0	3000
Picture	20	other				1520240	1	3153	3	0	3000
Picture	21	other				1557251	2	3154	3	0	3000
Picture	11	other				1596752	1	3153	3	0	3000
Picture	21	other				1634593	1	3154	2	0	3000
Picture	10	other				1668285	1	3153	3	0	3000
Picture	11	other				1702143	1	3153	2	0	3000
Picture	10	other				1741644	1	3153	2	0	3000
Picture	20	other				1770522	2	3154	3	0	3000
Picture	21	other				1809691	1	3154	2	0	3000
Picture	10	other				1845375	1	3153	2	0	3000
Picture	20	other				1874253	2	3154	3	0	3000
Picture	10	other				1903132	1	3154	2	0	3000
Picture	11	other				1941471	1	3154	2	0	3000
Picture	21	other				1974001	1	3154	2	0	3000
Picture	11	other				2014000	1	3153	2	0	3000
Picture	21	other				2043211	1	3153	2	0	3000
Picture	10	other				2077234	2	3154	3	0	3000
Picture	21	other				2106943	1	3153	2	0	3000
Picture	11	other				2139805	1	3153	2	0	3000
Picture	11	other				2172335	1	3153	3	0	3000
Picture	10	other				2209512	2	3154	3	0	3000
Picture	11	other				2247353	2	3154	3	0	3000
Picture	11	other				2276398	1	3153	3	0	3000
Picture	20	other				2304945	1	3153	2	0	3000
Picture	11	other				2336147	1	3154	2	0	3000
Picture	10	other				2368511	2	3154	3	0	3000
Picture	11	other				2408012	1	3153	3	0	3000
Picture	10	other				2437555	1	3153	2	0	3000
Picture	20	other				2469587	1	3153	2	0	3000
Picture	20	other				2509751	2	3154	3	0	3000
Picture	20	other				2548422	2	3154	3	0	3000
Picture	20	other				2586263	2	3154	3	0	3000
Picture	21	other				2625432	2	3154	3	0	3000
Picture	10	other				2665597	1	3153	3	0	3000
Picture	20	other				2697297	1	3154	2	0	3000
Picture	20	other				2736134	1	3154	2	0	3000
Picture	20	other				2772979	2	3154	3	0	3000
Picture	21	other				2803850	1	3153	2	0	3000
Picture	21	other				2839533	2	3154	3	0	3000
Picture	20	other				2870570	1	3153	2	0	3000
Picture	21	other				2909241	1	3153	2	0	3000
Picture	10	other				2948409	2	3154	3	0	3000
Picture	20	other				2977122	1	3154	2	0	3000
Picture	20	other				3012308	1	3153	2	0	3000
Picture	11	other				3048157	1	3154	2	0	3000
Picture	20	other				3085168	2	3154	3	0	3000
Picture	20	other				3123010	1	3153	2	0	3000
Picture	10	other				3151722	2	3154	3	0	3000
Picture	11	other				3183588	2	3154	3	0	3000
Picture	21	other				3217778	2	3154	3	0	3000
Picture	20	other				3256449	1	3154	2	0	3000
Picture	21	other				3296282	1	3153	2	0	3000
Picture	20	other				3331136	1	3153	2	0	3000
Picture	11	other				3371632	1	3154	2	0	3000
Picture	21	other				3402171	1	3153	2	0	3000
Picture	20	other				3433871	1	3153	2	0	3000
Picture	11	other				3469222	2	3154	3	0	3000
Picture	11	other				3500425	1	3153	2	0	3000
Picture	10	other				3529635	2	3154	3	0	3000
Picture	10	other				3564323	1	3153	3	0	3000
Picture	20	other				3597683	1	3153	2	0	3000
Picture	20	other				3633532	2	3154	3	0	3000
Picture	21	other				3665067	1	3153	2	0	3000
Picture	21	other				3695771	1	3153	3	0	3000
Picture	11	other				3734940	1	3153	2	0	3000
Picture	10	other				3773113	1	3153	2	0	3000
Picture	11	other				3813278	1	3153	2	0	3000
Picture	20	other				3847301	2	3154	3	0	3000
Picture	20	other				3882985	1	3153	2	0	3000
Picture	20	other				3922818	1	3153	2	0	3000
Picture	10	other				3951696	2	3154	3	0	3000
Picture	20	other				3986550	1	3153	2	0	3000
Picture	10	other				4017254	2	3154	3	0	3000
Picture	10	other				4051278	1	3154	2	0	3000
Picture	10	other				4087460	1	3153	2	0	3000
Picture	11	other				4117334	1	3153	3	0	3000
Picture	10	other				4146047	1	3153	2	0	3000
Picture	20	other				4181066	2	3154	3	0	3000
Picture	11	other				4213431	1	3153	2	0	3000
Picture	11	other				4243969	1	3153	2	0	3000
Picture	20	other				4280316	2	3154	3	0	3000
Picture	21	other				4314672	1	3153	3	0	3000
Picture	11	other				4353011	1	3153	3	0	3000
Picture	10	other				4385541	1	3154	2	0	3000
Picture	21	other				4424212	1	3154	2	0	3000
Picture	10	other				4455580	2	3154	3	0	3000
Picture	20	other				4491762	1	3153	2	0	3000
Picture	11	other				4525952	1	3153	2	0	3000
Picture	20	other				4564125	1	3153	2	0	3000
Picture	10	other				4598148	2	3154	3	0	3000
Picture	21	other				4633998	1	3153	2	0	3000
Picture	21	other				4665698	1	3153	3	0	3000
Picture	11	other				4698228	1	3153	3	0	3000
Picture	11	other				4733912	1	3153	2	0	3000
Picture	10	other				4764616	1	3153	2	0	3000
Picture	10	other				4793163	1	3153	2	0	3000
Picture	10	other				4826357	1	3153	2	0	3000
Picture	11	other				4858555	1	3153	2	0	3000
Picture	10	other				4887765	2	3154	3	0	3000
Picture	20	other				4918138	1	3153	2	0	3000
Picture	11	other				4955315	1	3154	2	0	3000
Picture	20	other				4989173	1	3153	3	0	3000
Picture	21	other				5022035	1	3153	3	0	3000
Picture	20	other				5060872	1	3153	2	0	3000
Picture	10	other				5098547	1	3153	3	0	3000
Picture	20	other				5131575	1	3153	3	0	3000
Picture	10	other				6860316	1	3153	2	0	3000
Picture	20	other				6891684	1	3153	2	0	3000
Picture	11	other				6932014	2	3154	3	0	3000
Picture	11	other				6964213	1	3153	2	0	3000
Picture	21	other				6996568	25	3162	26	0	3000
Picture	20	other				7026783	1	3154	2	0	3000
Picture	10	other				7058815	2	3154	3	0	3000
Picture	20	other				7091511	2	3154	3	0	3000
Picture	10	other				7125369	1	3154	2	0	3000
Picture	20	other				7165534	1	3153	2	0	3000
Picture	10	other				7203707	1	3153	2	0	3000
Picture	21	other				7241714	1	3153	2	0	3000
Picture	21	other				7270427	1	3153	2	0	3000
Picture	20	other				7300965	1	3154	2	0	3000
Picture	20	other				7330674	1	3153	2	0	3000
Picture	20	other				7362872	1	3153	2	0	3000
Picture	21	other				7399053	2	3154	3	0	3000
Picture	10	other				7433077	1	3153	3	0	3000
Picture	10	other				7462952	1	3153	2	0	3000
Picture	11	other				7503116	2	3154	3	0	3000
Picture	11	other				7539796	1	3153	2	0	3000
Picture	21	other				7570666	1	3153	2	0	3000
Picture	20	other				7610499	1	3153	2	0	3000
Picture	21	other				7649833	2	3154	3	0	3000
Picture	21	other				7683359	2	3154	3	0	3000
Picture	20	other				7722528	1	3154	2	0	3000
Picture	20	other				7754892	2	3154	3	0	3000
Picture	21	other				7786758	2	3154	3	0	3000
Picture	11	other				7818293	1	3153	2	0	3000
Picture	10	other				7856632	1	3153	2	0	3000
Picture	10	other				7896464	2	3154	3	0	3000
Picture	21	other				7932148	1	3153	2	0	3000
Picture	11	other				7970653	1	3153	2	0	3000
Picture	20	other				8000859	2	3154	3	0	3000
Picture	11	other				8032228	1	3153	2	0	3000
Picture	11	other				8060940	2	3154	3	0	3000
Picture	10	other				8096126	1	3153	3	0	3000
Picture	11	other				8132971	2	3154	3	0	3000
Picture	10	other				8163676	1	3153	2	0	3000
Picture	11	other				8199027	1	3154	2	0	3000
Picture	21	other				8235872	2	3154	3	0	3000
Picture	21	other				8265415	2	3154	3	0	3000
Picture	21	other				8305082	1	3153	2	0	3000
Picture	10	other				8337446	1	3153	3	0	3000
Picture	20	other				8371636	1	3152	5	0	3000
Picture	11	other				8401842	2	3154	3	0	3000
Picture	21	other				8441509	1	3153	3	0	3000
Picture	20	other				8477027	1	3153	2	0	3000
Picture	10	other				8516029	2	3154	3	0	3000
Picture	10	other				8551381	1	3153	2	0	3000
Picture	21	other				8580592	1	3153	2	0	3000
Picture	11	other				8618267	1	3153	2	0	3000
Picture	20	other				8647477	2	3154	3	0	3000
Picture	10	other				8681667	1	3154	2	0	3000
Picture	21	other				8714695	1	3154	2	0	3000
Picture	21	other				8751374	2	3154	3	0	3000
Picture	21	other				8787390	1	3153	2	0	3000
Picture	10	other				8825729	1	3153	2	0	3000
Picture	21	other				8854442	1	3153	2	0	3000
Picture	11	other				8892615	1	3153	2	0	3000
Picture	10	other				8932447	2	3154	3	0	3000
Picture	10	other				8963816	1	3153	2	0	3000
Picture	20	other				8993524	2	3154	3	0	3000
Picture	11	other				9025722	2	3154	3	0	3000
Picture	20	other				9064061	2	3154	3	0	3000
Picture	20	other				9096259	2	3154	3	0	3000
Picture	11	other				9127628	1	3153	2	0	3000
Picture	21	other				9165967	1	3153	2	0	3000
Picture	11	other				9198497	1	3153	2	0	3000
Picture	10	other				9235342	1	3154	2	0	3000
Picture	11	other				9274179	1	3153	3	0	3000
Picture	11	other				9303058	1	3153	2	0	3000
Picture	21	other				9332932	2	3154	3	0	3000
Picture	10	other				9368616	1	3153	2	0	3000
Picture	21	other				9407287	1	3153	2	0	3000
Picture	10	other				9443800	1	3153	3	0	3000
Picture	20	other				9481973	1	3154	2	0	3000
Picture	11	other				9516661	1	3153	2	0	3000
Picture	20	other				9556162	1	3153	2	0	3000
Picture	21	other				9592509	1	3153	3	0	3000
Picture	20	other				9628856	2	3154	3	0	3000
Picture	21	other				9658897	1	3153	2	0	3000
Picture	11	other				9693087	1	3153	2	0	3000
Picture	21	other				9733583	1	3154	2	0	3000
Picture	20	other				9766777	1	3154	2	0	3000
Picture	21	other				9795988	1	3153	2	0	3000
Picture	21	other				9828850	1	3153	2	0	3000
Picture	10	other				9864035	2	3154	3	0	3000
Picture	20	other				9901545	1	3153	2	0	3000
Picture	11	other				9937726	1	3153	3	0	3000
Picture	21	other				9972912	1	3153	2	0	3000
Picture	11	other				10005608	1	3153	2	0	3000
Picture	20	other				10039963	2	3154	3	0	3000
Picture	10	other				10078966	1	3154	2	0	3000
Picture	11	other				10114318	1	3153	2	0	3000
Picture	10	other				10151661	1	3153	2	0	3000
Picture	10	other				10190664	1	3153	2	0	3000
Picture	10	other				10228339	1	3153	2	0	3000
Picture	21	other				10261699	1	3153	2	0	3000
Picture	20	other				10293731	1	3153	3	0	3000
Picture	20	other				10329912	2	3154	3	0	3000
Picture	20	other				10360949	1	3153	2	0	3000
Picture	21	other				10393645	1	3153	2	0	3000
Picture	10	other				10422855	2	3154	3	0	3000
Picture	10	other				10457211	1	3154	2	0	3000
Picture	10	other				10490239	1	3154	2	0	3000
Picture	11	other				10522769	2	3154	3	0	3000
Picture	21	other				10553971	2	3154	3	0	3000
Picture	10	other				10583846	1	3153	3	0	3000
Picture	20	other				10619861	2	3154	3	0	3000
Picture	11	other				10659860	2	3154	3	0	3000
Picture	11	other				10694880	1	3153	2	0	3000
Picture	20	other				10733219	1	3153	2	0	3000
Picture	10	other				10771226	1	3153	2	0	3000
Picture	20	other				10802926	1	3154	2	0	3000
Picture	11	other				10840767	1	3154	2	0	3000
Picture	21	other				10872633	2	3154	3	0	3000
Picture	10	other				10903504	1	3153	2	0	3000
Picture	21	other				10935370	1	3153	2	0	3000
Picture	10	other				10967236	1	3154	2	0	3000
Picture	10	other				11006903	1	3153	2	0	3000
Picture	10	other				11043582	1	3154	2	0	3000
Picture	20	other				11082917	1	3153	2	0	3000
Picture	20	other				11111962	1	3153	2	0	3000
Picture	21	other				11147645	1	3154	2	0	3000
Picture	11	other				11187810	1	3153	2	0	3000
Picture	21	other				11217186	2	3154	3	0	3000
Picture	21	other				11246729	1	3154	2	0	3000
Picture	10	other				11278927	1	3154	2	0	3000
Picture	11	other				11313117	1	3153	3	0	3000
Picture	10	other				11351788	1	3153	2	0	3000
Picture	10	other				11390459	1	3153	2	0	3000
Picture	21	other				11429462	1	3153	2	0	3000
Picture	11	other				11459834	1	3154	2	0	3000
Picture	21	other				11493028	1	3154	2	0	3000
Picture	10	other				11527882	1	3153	2	0	3000
Picture	20	other				11564561	1	3153	3	0	3000
Picture	11	other				11594270	1	3153	2	0	3000
Picture	11	other				11629455	2	3154	3	0	3000
Picture	11	other				11661487	2	3154	3	0	3000
Picture	21	other				11692358	1	3153	2	0	3000
Picture	20	other				11727377	2	3154	3	0	3000
Picture	11	other				11766048	2	3154	3	0	3000
Picture	10	other				11801400	1	3153	2	0	3000
Picture	20	other				11839573	1	3153	2	0	3000
Picture	21	other				11873763	1	3153	2	0	3000
Picture	11	other				11906293	1	3153	2	0	3000
Picture	10	other				11936167	2	3154	3	0	3000
Picture	20	other				11965710	1	3153	2	0	3000
Picture	10	other				11996746	2	3154	3	0	3000
