Scenario - GO/NO-GO
Logfile written - 07/22/2011 11:08:23

Subject	Trial	Event Type	Code	Time	TTime	Uncertainty	Duration	Uncertainty	ReqTime	ReqDur

lm	2	Picture	22	289	0	2	3154	3	0	3000
lm	2	Response	1	4988	4699	1
lm	3	Picture	33	8754	0	1	3153	3	0	3000
lm	4	Picture	22	17550	0	2	3154	3	0	3000
lm	4	Response	1	21073	3523	1
lm	5	Picture	22	27674	0	2	3154	3	0	3000
lm	5	Response	1	31135	3461	2
lm	6	Picture	22	37467	0	1	3153	2	0	3000
lm	6	Response	1	41291	3824	2
lm	7	Picture	33	48587	0	1	3153	2	0	3000
lm	8	Picture	22	56719	0	1	3154	2	0	3000
lm	8	Response	1	59792	3073	1
lm	9	Picture	22	65847	0	2	3154	3	0	3000
lm	9	Response	1	69030	3183	1
lm	10	Picture	22	75142	0	1	3153	2	0	3000
lm	10	Response	1	78185	3043	1
lm	11	Picture	33	84602	0	1	3154	2	0	3000
lm	12	Picture	22	92735	0	1	3153	2	0	3000
lm	12	Response	1	95036	2301	1
lm	13	Picture	33	100867	0	1	3153	3	0	3000
lm	14	Picture	22	109995	0	2	3154	3	0	3000
lm	14	Response	1	112418	2423	2
lm	15	Picture	33	119456	0	1	3153	2	0	3000
lm	16	Picture	22	130410	0	1	3153	2	0	3000
lm	16	Response	1	132811	2401	1
lm	17	Picture	22	140036	0	1	3153	3	0	3000
lm	17	Response	1	142785	2749	1
lm	18	Picture	22	150492	0	1	3153	3	0	3000
lm	18	Response	1	153761	3269	1
lm	19	Picture	22	161280	0	1	3153	3	0	3000
lm	19	Response	1	166185	4905	2
lm	20	Picture	22	171902	0	1	3153	3	0	3000
lm	20	Response	1	175005	3103	1
lm	21	Picture	22	180865	0	1	3153	2	0	3000
lm	21	Response	1	185951	5086	1
lm	22	Picture	22	190491	0	1	3153	2	0	3000
lm	22	Response	1	195329	4838	2
lm	23	Picture	33	200117	0	1	3153	2	0	3000
lm	24	Picture	22	210075	0	1	3154	2	0	3000
lm	24	Response	1	213087	3012	1
lm	25	Picture	22	220199	0	2	3154	3	0	3000
lm	25	Response	1	224712	4513	2
lm	26	Picture	22	229328	0	1	3153	2	0	3000
lm	26	Response	1	233003	3675	1
lm	27	Picture	33	239120	0	1	3153	2	0	3000
lm	28	Picture	22	247916	0	1	3154	2	0	3000
lm	28	Response	1	251176	3260	1
lm	29	Picture	22	256049	0	1	3153	2	0	3000
lm	29	Response	1	260650	4601	1
lm	30	Picture	22	266173	0	1	3153	2	0	3000
lm	31	Picture	22	274471	0	2	3154	3	0	3000
lm	31	Response	1	277024	2553	2
lm	32	Picture	22	285259	0	2	3154	3	0	3000
lm	32	Response	1	287677	2418	1
lm	33	Picture	33	294554	0	1	3153	2	0	3000
lm	34	Picture	22	303516	0	1	3153	3	0	3000
lm	34	Response	1	307506	3990	1
lm	35	Picture	33	312644	0	2	3154	3	0	3000
lm	36	Picture	22	323764	0	2	3154	3	0	3000
lm	36	Response	1	327888	4124	1
lm	37	Picture	22	333723	0	1	3153	2	0	3000
lm	37	Response	1	341495	7772	1
lm	38	Picture	22	342021	0	1	3153	3	0	3000
lm	39	Picture	22	350486	0	1	3153	2	0	3000
lm	39	Response	1	352001	1515	1
lm	40	Picture	22	359448	0	1	3153	2	0	3000
lm	40	Response	1	362772	3324	1
lm	41	Picture	33	370070	0	1	3153	2	0	3000
lm	42	Picture	22	380692	0	1	3150	7	0	3000
lm	42	Response	1	384395	3703	2
lm	43	Picture	22	391314	0	1	3153	3	0	3000
lm	43	Response	1	395789	4475	1
lm	44	Picture	22	399944	0	2	3154	3	0	3000
lm	44	Response	1	406356	6412	1
lm	45	Picture	22	410898	0	2	3154	3	0	3000
lm	45	Response	1	417100	6202	1
lm	46	Picture	22	419529	0	1	3153	2	0	3000
lm	47	Picture	22	429155	0	1	3154	2	0	3000
lm	47	Response	1	432510	3355	1
lm	48	Picture	22	438615	0	2	3154	3	0	3000
lm	48	Response	1	443225	4610	1
lm	49	Picture	33	448574	0	1	3153	2	0	3000
lm	50	Picture	22	458034	0	1	3153	2	0	3000
lm	50	Response	1	462406	4372	1
lm	51	Picture	22	466498	0	2	3154	3	0	3000
lm	51	Response	1	472152	5654	1
lm	52	Picture	22	475959	0	1	3153	2	0	3000
lm	52	Response	1	482717	6758	1
lm	53	Picture	22	484589	0	1	3153	3	0	3000
lm	54	Picture	22	492721	0	2	3154	3	0	3000
lm	54	Response	1	495168	2447	1
lm	55	Picture	33	502348	0	1	3153	2	0	3000
lm	56	Picture	22	511808	0	1	3153	3	0	3000
lm	57	Picture	33	520936	0	2	3154	3	0	3000
lm	57	Response	1	523407	2471	2
lm	58	Picture	22	529401	0	1	3153	2	0	3000
lm	58	Response	1	533525	4124	1
lm	59	Picture	22	537699	0	2	3154	3	0	3000
lm	59	Response	1	545065	7366	1
lm	60	Picture	22	548819	0	2	3154	3	0	3000
lm	61	Picture	33	558943	0	2	3154	3	0	3000
lm	62	Picture	22	568404	0	1	3153	2	0	3000
lm	63	Picture	22	578694	0	1	3153	2	0	3000
lm	64	Picture	22	588652	0	1	3153	3	0	3000
lm	65	Picture	22	597780	0	2	3154	3	0	3000
lm	66	Picture	22	606411	0	1	3153	2	0	3000
lm	66	Response	1	612147	5736	2
lm	67	Picture	33	614543	0	2	3154	3	0	3000
lm	68	Picture	22	625497	0	2	3154	3	0	3000
lm	68	Response	1	628296	2799	1
lm	69	Picture	22	635455	0	2	3154	3	0	3000
lm	70	Picture	22	646243	0	2	3154	3	0	3000
lm	70	Response	1	646445	202	1
lm	71	Picture	33	655538	0	1	3153	2	0	3000
lm	71	Response	1	658017	2479	1
lm	72	Picture	22	664334	0	1	3154	2	0	3000
lm	72	Response	1	668341	4007	1
lm	73	Picture	22	673131	0	1	3153	2	0	3000
lm	73	Response	1	678988	5857	1
lm	74	Picture	22	681429	0	1	3153	3	0	3000
lm	75	Picture	22	692383	0	1	3153	3	0	3000
lm	75	Response	1	695863	3480	1
lm	76	Picture	22	700516	0	1	3153	2	0	3000
lm	76	Response	1	709641	9125	1
lm	77	Picture	22	709644	0	1	3153	2	0	3000
lm	78	Picture	22	720266	0	1	3153	3	0	3000
lm	78	Response	1	724165	3899	1
lm	79	Picture	33	729892	0	1	3154	2	0	3000
lm	80	Picture	22	740680	0	2	3154	3	0	3000
lm	80	Response	1	743344	2664	3
lm	81	Picture	22	749975	0	1	3153	2	0	3000
lm	81	Response	1	752587	2612	1
lm	82	Picture	22	758107	0	1	3153	3	0	3000
lm	82	Response	1	761470	3363	1
lm	83	Picture	33	766572	0	1	3153	2	0	3000
lm	84	Picture	22	777193	0	2	3154	3	0	3000
lm	84	Response	1	778702	1509	1
lm	85	Picture	22	785658	0	1	3153	3	0	3000
lm	85	Response	1	788067	2409	1
lm	86	Picture	22	795118	0	2	3154	3	0	3000
lm	86	Response	1	795159	41	1
lm	87	Picture	22	803417	0	1	3153	2	0	3000
lm	87	Response	1	805823	2406	1
lm	88	Picture	22	811715	0	1	3154	2	0	3000
lm	88	Response	1	814565	2850	2
lm	89	Picture	22	821009	0	2	3154	3	0	3000
lm	89	Response	1	824102	3093	1
lm	90	Picture	22	830636	0	1	3153	2	0	3000
lm	90	Response	1	834522	3886	2
lm	91	Picture	33	840262	0	1	3153	3	0	3000
lm	92	Picture	22	850220	0	1	3154	2	0	3000
lm	92	Response	1	853084	2864	1
lm	93	Picture	22	860676	0	2	3154	3	0	3000
lm	93	Response	1	865038	4362	1
lm	94	Picture	22	869971	0	1	3153	2	0	3000
lm	94	Response	1	875372	5401	1
lm	95	Picture	22	879929	0	1	3153	2	0	3000
lm	95	Response	1	885555	5626	1
lm	96	Picture	22	888393	0	1	3154	2	0	3000
lm	97	Picture	33	898351	0	2	3154	3	0	3000
lm	97	Response	1	901880	3529	2
lm	98	Picture	22	909139	0	2	3154	3	0	3000
lm	98	Response	1	913197	4058	1
lm	99	Picture	22	918434	0	1	3153	2	0	3000
lm	99	Response	1	922411	3977	2
lm	100	Picture	22	929388	0	1	3153	2	0	3000
lm	100	Response	1	933368	3980	2
lm	101	Picture	22	939014	0	1	3153	3	0	3000
lm	101	Response	1	943646	4632	2
lm	102	Picture	22	947644	0	2	3154	3	0	3000
lm	103	Picture	22	955777	0	1	3153	2	0	3000
lm	103	Response	1	964366	8589	1
lm	104	Picture	22	964407	0	1	3154	2	0	3000
lm	105	Picture	33	974366	0	1	3153	2	0	3000
lm	106	Picture	22	985154	0	1	3153	2	0	3000
lm	106	Response	1	989712	4558	1
lm	107	Picture	22	995444	0	1	3153	2	0	3000
lm	107	Response	1	1000813	5369	1
lm	108	Picture	22	1004572	0	1	3153	3	0	3000
lm	108	Response	1	1010877	6305	1
lm	109	Picture	22	1012870	0	2	3154	3	0	3000
lm	109	Response	1	1020915	8045	1
lm	110	Picture	22	1022829	0	1	3153	2	0	3000
lm	110	Response	1	1030015	7186	1
lm	111	Picture	33	1031127	0	1	3154	2	0	3000
lm	112	Picture	22	1039260	0	1	3153	2	0	3000
lm	112	Response	1	1039704	444	2
lm	113	Picture	22	1050048	0	1	3153	2	0	3000
lm	113	Response	1	1052113	2065	2
lm	114	Picture	22	1059010	0	1	3154	2	0	3000
lm	114	Response	1	1062664	3654	2
lm	115	Picture	33	1067972	0	2	3154	3	0	3000
lm	116	Picture	22	1078429	0	1	3153	2	0	3000
lm	116	Response	1	1080788	2359	1
lm	117	Picture	22	1087557	0	1	3153	2	0	3000
lm	117	Response	1	1089878	2321	1
lm	117	Response	1	1097203	9646	1
lm	118	Picture	22	1098345	0	1	3153	2	0	3000
lm	119	Picture	22	1109299	0	1	3153	2	0	3000
lm	119	Response	1	1112805	3506	1
lm	120	Picture	22	1117929	0	2	3154	3	0	3000
lm	120	Response	1	1121042	3113	2
lm	121	Picture	22	1126560	0	1	3153	2	0	3000
lm	121	Response	1	1129190	2630	1
lm	122	Picture	22	1137348	0	1	3153	2	0	3000
lm	122	Response	1	1141977	4629	1
lm	123	Picture	33	1146310	0	1	3154	2	0	3000
lm	124	Picture	22	1155604	0	2	3154	3	0	3000
lm	124	Response	1	1157618	2014	1
lm	125	Picture	22	1163903	0	1	3153	2	0	3000
lm	125	Response	1	1166126	2223	1
lm	126	Picture	22	1173363	0	1	3154	2	0	3000
lm	126	Response	1	1174071	708	1
lm	127	Picture	22	1184151	0	1	3154	2	0	3000
lm	127	Response	1	1186704	2553	1
lm	128	Picture	22	1194441	0	2	3154	3	0	3000
lm	128	Response	1	1198188	3747	1
lm	129	Picture	33	1203736	0	1	3153	2	0	3000
lm	130	Picture	22	1214524	0	1	3153	2	0	3000
lm	130	Response	1	1217344	2820	1
lm	131	Picture	22	1222822	0	1	3154	2	0	3000
lm	131	Response	1	1225403	2581	2
lm	132	Picture	22	1232117	0	1	3153	2	0	3000
lm	132	Response	1	1232849	732	2
lm	132	Response	1	1241333	9216	2
lm	133	Picture	22	1243236	0	2	3154	3	0	3000
lm	133	Response	1	1251322	8086	1
lm	134	Picture	22	1254024	0	2	3154	3	0	3000
lm	135	Picture	22	1262157	0	1	3153	3	0	3000
lm	135	Response	1	1269613	7456	1
lm	136	Picture	22	1272447	0	1	3154	2	0	3000
lm	137	Picture	33	1283069	0	1	3154	2	0	3000
lm	138	Picture	22	1292861	0	2	3154	3	0	3000
lm	138	Response	1	1295259	2398	2
lm	139	Picture	22	1301658	0	1	3153	2	0	3000
lm	139	Response	1	1304212	2554	1
lm	139	Response	1	1310388	8730	2
lm	140	Picture	22	1311284	0	1	3153	3	0	3000
lm	140	Response	1	1318939	7655	1
lm	141	Picture	22	1320744	0	2	3154	3	0	3000
lm	141	Response	1	1329167	8423	1
lm	142	Picture	22	1331698	0	1	3154	2	0	3000
lm	142	Response	1	1338774	7076	1
lm	143	Picture	22	1342320	0	2	3154	3	0	3000
lm	143	Response	1	1347662	5342	1
lm	144	Picture	22	1350785	0	1	3153	2	0	3000
lm	144	Response	1	1356349	5564	2
lm	145	Picture	33	1360909	0	1	3153	2	0	3000
lm	146	Picture	22	1370535	0	1	3154	2	0	3000
lm	146	Response	1	1373348	2813	6
lm	147	Picture	33	1380991	0	2	3154	3	0	3000
lm	147	Response	1	1382868	1877	1
lm	148	Picture	22	1389456	0	1	3153	2	0	3000
lm	148	Response	1	1393803	4347	1
lm	149	Picture	22	1397754	0	1	3154	2	0	3000
lm	149	Response	1	1401281	3527	2
lm	150	Picture	22	1406219	0	1	3153	2	0	3000
lm	150	Response	1	1410710	4491	1
lm	151	Picture	33	1414683	0	1	3154	2	0	3000
lm	152	Picture	22	1424309	0	2	3154	3	0	3000
lm	152	Response	1	1428239	3930	1
lm	153	Picture	22	1434931	0	2	3154	3	0	3000
lm	153	Response	1	1439899	4968	1
lm	154	Picture	22	1445885	0	2	3154	3	0	3000
lm	154	Response	1	1450848	4963	1
lm	155	Picture	33	1454516	0	1	3153	2	0	3000
lm	156	Picture	22	1463810	0	1	3154	2	0	3000
lm	156	Response	1	1466521	2711	1
lm	157	Picture	22	1471943	0	1	3153	2	0	3000
lm	157	Response	1	1475882	3939	1
lm	158	Picture	22	1481071	0	1	3153	3	0	3000
lm	158	Response	1	1485776	4705	2
lm	159	Picture	22	1489867	0	2	3154	3	0	3000
lm	159	Response	1	1495938	6071	1
lm	160	Picture	22	1500655	0	2	3154	3	0	3000
lm	160	Response	1	1507460	6805	1
lm	161	Picture	33	1511443	0	2	3154	3	0	3000
lm	162	Picture	22	1520572	0	1	3153	2	0	3000
lm	162	Response	1	1524108	3536	1
lm	163	Picture	22	1528870	0	2	3154	3	0	3000
lm	163	Response	1	1531612	2742	1
lm	164	Picture	22	1538662	0	2	3154	3	0	3000
lm	164	Response	1	1538970	308	2
lm	164	Response	1	1546597	7935	1
lm	165	Picture	22	1548787	0	1	3153	2	0	3000
lm	165	Response	1	1554251	5464	1
lm	166	Picture	22	1558081	0	1	3153	3	0	3000
lm	166	Response	1	1562609	4528	1
lm	167	Picture	33	1566711	0	2	3154	3	0	3000
lm	168	Picture	22	1576504	0	1	3153	2	0	3000
lm	168	Response	1	1579258	2754	1
lm	169	Picture	22	1585632	0	1	3153	3	0	3000
lm	169	Response	1	1586287	655	1
lm	170	Picture	22	1594594	0	2	3154	3	0	3000
lm	170	Response	1	1594620	26	1
lm	171	Picture	33	1603225	0	1	3153	2	0	3000
lm	171	Response	1	1603565	340	1
lm	172	Picture	22	1612021	0	1	3153	3	0	3000
lm	172	Response	1	1617440	5419	1
lm	173	Picture	22	1621149	0	2	3154	3	0	3000
lm	173	Response	1	1624087	2938	1
lm	174	Picture	22	1631937	0	2	3154	3	0	3000
lm	174	Response	1	1634899	2962	1
lm	175	Picture	22	1642227	0	2	3154	3	0	3000
lm	175	Response	1	1644642	2415	1
lm	176	Picture	22	1652186	0	1	3153	2	0	3000
lm	176	Response	1	1653941	1755	1
lm	177	Picture	33	1662144	0	1	3153	3	0	3000
lm	177	Response	1	1663687	1543	1
lm	178	Picture	22	1670940	0	2	3154	3	0	3000
lm	179	Picture	33	1681396	0	2	3154	3	0	3000
lm	180	Picture	22	1689695	0	1	3153	2	0	3000
lm	180	Response	1	1694089	4394	2
lm	181	Picture	33	1699819	0	1	3153	3	0	3000
lm	182	Picture	22	1708284	0	1	3153	2	0	3000
lm	182	Response	1	1712863	4579	1
lm	183	Picture	22	1717744	0	1	3153	2	0	3000
lm	183	Response	1	1722982	5238	1
lm	184	Picture	22	1728698	0	1	3153	2	0	3000
lm	184	Response	1	1734759	6061	2
lm	185	Picture	33	1739320	0	1	3153	2	0	3000
lm	186	Picture	22	1749776	0	1	3153	3	0	3000
lm	186	Response	1	1752587	2811	1
lm	187	Picture	22	1758572	0	2	3154	3	0	3000
lm	187	Response	1	1761416	2844	1
lm	188	Picture	22	1769526	0	2	3154	3	0	3000
lm	188	Response	1	1776030	6504	1
lm	189	Picture	22	1778821	0	1	3153	2	0	3000
lm	189	Response	1	1785742	6921	2
lm	190	Picture	22	1787617	0	1	3153	3	0	3000
lm	191	Picture	22	1797243	0	2	3154	3	0	3000
lm	191	Response	1	1801952	4709	1
lm	192	Picture	22	1806372	0	1	3153	2	0	3000
lm	193	Picture	33	1816330	0	1	3153	2	0	3000
lm	193	Response	1	1816597	267	1
lm	194	Picture	22	1824462	0	2	3154	3	0	3000
lm	194	Response	1	1826961	2499	1
lm	195	Picture	22	1835250	0	2	3154	3	0	3000
lm	195	Response	1	1839574	4324	1
lm	196	Picture	22	1844213	0	1	3153	2	0	3000
lm	197	Picture	22	1853673	0	1	3153	3	0	3000
lm	198	Picture	22	1864295	0	1	3153	3	0	3000
lm	199	Picture	33	1875415	0	1	3153	3	0	3000
lm	200	Picture	22	1884211	0	2	3154	3	0	3000
lm	200	Response	1	1890735	6524	1
lm	201	Picture	22	1894502	0	1	3153	2	0	3000
lm	201	Response	1	1898679	4177	1
lm	202	Picture	22	1904626	0	1	3153	2	0	3000
lm	202	Response	1	1907279	2653	1
lm	203	Picture	33	1914750	0	1	3153	2	0	3000
lm	203	Response	1	1917173	2423	1
lm	204	Picture	22	1923214	0	2	3154	3	0	3000
lm	204	Response	1	1925980	2766	2
lm	205	Picture	22	1933338	0	2	3154	3	0	3000
lm	205	Response	1	1937322	3984	2
lm	206	Picture	22	1942467	0	1	3153	2	0	3000
lm	207	Picture	33	1951097	0	2	3154	3	0	3000
lm	208	Picture	22	1961221	0	2	3154	3	0	3000
lm	209	Picture	22	1972009	0	2	3154	3	0	3000
lm	209	Response	1	1974391	2382	1
lm	210	Picture	22	1982300	0	1	3153	2	0	3000
lm	210	Response	1	1984699	2399	1
lm	211	Picture	33	1992092	0	1	3153	2	0	3000
lm	212	Picture	22	2003046	0	1	3153	2	0	3000
lm	212	Response	1	2004524	1478	2
lm	213	Picture	22	2011344	0	2	3154	3	0	3000
lm	214	Picture	22	2021136	0	2	3154	3	0	3000
lm	215	Picture	22	2030597	0	1	3153	2	0	3000
lm	215	Response	1	2035131	4534	1
lm	216	Picture	22	2039227	0	1	3154	2	0	3000
lm	217	Picture	33	2048024	0	1	3153	2	0	3000
lm	218	Picture	22	2057982	0	1	3153	2	0	3000
lm	219	Picture	22	2068272	0	1	3153	2	0	3000
lm	220	Picture	22	2077068	0	2	3154	3	0	3000
lm	221	Picture	22	2087358	0	2	3154	3	0	3000
lm	222	Picture	22	2096487	0	1	3153	2	0	3000
lm	222	Response	1	2099841	3354	2
lm	223	Picture	33	2106445	0	1	3153	2	0	3000
lm	224	Picture	22	2115739	0	1	3154	2	0	3000
lm	224	Response	1	2118635	2896	1
lm	225	Picture	22	2124038	0	1	3153	2	0	3000
lm	225	Response	1	2128495	4457	1
lm	226	Picture	22	2134162	0	1	3153	2	0	3000
lm	226	Response	1	2140654	6492	2
lm	227	Picture	33	2144784	0	1	3153	2	0	3000
lm	228	Picture	22	2155572	0	1	3153	2	0	3000
lm	228	Response	1	2158030	2458	1
lm	229	Picture	22	2165198	0	1	3154	2	0	3000
lm	229	Response	1	2165494	296	1
lm	230	Picture	22	2176318	0	1	3153	3	0	3000
lm	230	Response	1	2181052	4734	1
lm	231	Picture	33	2186940	0	1	3154	2	0	3000
lm	232	Picture	22	2195737	0	1	3153	2	0	3000
lm	233	Picture	22	2206691	0	1	3153	2	0	3000
lm	234	Picture	22	2214823	0	1	3154	2	0	3000
lm	235	Picture	33	2224283	0	2	3154	3	0	3000
lm	236	Picture	22	2233578	0	1	3153	2	0	3000
lm	237	Picture	22	2241710	0	1	3154	2	0	3000
lm	238	Picture	22	2252000	0	2	3154	3	0	3000
lm	238	Response	1	2254876	2876	1
lm	239	Picture	22	2262622	0	2	3154	3	0	3000
lm	239	Response	1	2265919	3297	1
lm	240	Picture	22	2270921	0	1	3153	2	0	3000
lm	240	Response	1	2274781	3860	1
lm	241	Picture	33	2279551	0	2	3154	3	0	3000
lm	241	Response	1	2283085	3534	1
lm	242	Picture	22	2287850	0	1	3153	2	0	3000
lm	242	Response	1	2292507	4657	1
lm	243	Picture	22	2297144	0	1	3153	3	0	3000
lm	243	Response	1	2301372	4228	1
lm	244	Picture	22	2306438	0	2	3154	3	0	3000
lm	244	Response	1	2311181	4743	1
lm	245	Picture	33	2316065	0	1	3153	2	0	3000
lm	246	Picture	22	2324363	0	1	3153	3	0	3000
lm	246	Response	1	2327801	3438	2
lm	247	Picture	22	2332662	0	1	3153	2	0	3000
lm	247	Response	1	2336276	3614	1
lm	248	Picture	22	2342952	0	1	3153	2	0	3000
lm	248	Response	1	2345964	3012	2
lm	249	Picture	22	2352744	0	1	3153	2	0	3000
lm	249	Response	1	2355594	2850	1
lm	250	Picture	22	2362370	0	1	3154	2	0	3000
lm	250	Response	1	2365370	3000	2
lm	251	Picture	33	2371167	0	1	3153	2	0	3000
lm	252	Picture	22	2382121	0	1	3153	2	0	3000
lm	252	Response	1	2384732	2611	2
lm	253	Picture	22	2391249	0	1	3153	2	0	3000
lm	253	Response	1	2395772	4523	1
lm	254	Picture	22	2399879	0	2	3154	3	0	3000
lm	255	Picture	33	2410003	0	2	3154	3	0	3000
lm	256	Picture	22	2419298	0	1	3153	2	0	3000
lm	256	Response	1	2422736	3438	2
lm	257	Picture	22	2428592	0	1	3154	2	0	3000
lm	257	Response	1	2431975	3383	1
lm	258	Picture	22	2437554	0	2	3154	3	0	3000
lm	258	Response	1	2439052	1498	1
lm	259	Picture	22	2447679	0	1	3153	2	0	3000
lm	259	Response	1	2453865	6186	7
lm	260	Picture	22	2458799	0	1	3153	2	0	3000
lm	261	Picture	22	2468591	0	1	3153	2	0	3000
lm	262	Picture	22	2477719	0	1	3154	2	0	3000
lm	262	Response	1	2486238	8519	1
lm	263	Picture	33	2487677	0	2	3154	3	0	3000
lm	264	Picture	22	2498133	0	2	3154	3	0	3000
lm	264	Response	1	2498320	187	2
lm	264	Response	1	2506476	8343	1
lm	265	Picture	22	2507926	0	1	3153	2	0	3000
lm	265	Response	1	2514661	6735	1
lm	266	Picture	22	2516722	0	1	3153	3	0	3000
lm	267	Picture	22	2525021	0	1	3153	2	0	3000
lm	268	Picture	22	2535477	0	1	3153	2	0	3000
lm	269	Picture	33	2545103	0	1	3153	2	0	3000
lm	269	Response	1	2548666	3563	1
lm	270	Picture	22	2555227	0	1	3153	3	0	3000
lm	270	Response	1	2558564	3337	1
lm	271	Picture	33	2566347	0	1	3153	3	0	3000
lm	272	Picture	22	2575973	0	1	3154	2	0	3000
lm	272	Response	1	2578052	2079	1
lm	273	Picture	22	2584272	0	1	3153	2	0	3000
lm	273	Response	1	2587296	3024	2
lm	274	Picture	22	2595226	0	1	3153	2	0	3000
lm	274	Response	1	2600825	5599	1
lm	275	Picture	22	2605682	0	1	3153	2	0	3000
lm	275	Response	1	2612077	6395	1
lm	276	Picture	22	2613980	0	1	3154	2	0	3000
lm	277	Picture	33	2624104	0	2	3154	3	0	3000
lm	278	Picture	22	2634560	0	2	3154	3	0	3000
lm	278	Response	1	2639877	5317	1
lm	279	Picture	22	2644021	0	1	3153	2	0	3000
lm	279	Response	1	2649448	5427	2
lm	280	Picture	22	2653481	0	1	3153	3	0	3000
lm	280	Response	1	2660576	7095	1
lm	281	Picture	33	2663107	0	1	3154	2	0	3000
lm	281	Response	1	2669671	6564	2
lm	282	Picture	22	2672900	0	1	3153	2	0	3000
lm	282	Response	1	2678494	5594	2
lm	283	Picture	22	2683024	0	1	3153	2	0	3000
lm	283	Response	1	2687002	3978	1
lm	284	Picture	22	2693314	0	1	3153	2	0	3000
lm	285	Picture	33	2702442	0	1	3154	2	0	3000
lm	285	Response	1	2704635	2193	1
lm	286	Picture	22	2712566	0	2	3154	3	0	3000
lm	286	Response	1	2714272	1706	1
lm	287	Picture	22	2722192	0	2	3154	3	0	3000
lm	287	Response	1	2722776	584	1
lm	288	Picture	22	2730823	0	1	3153	2	0	3000
lm	288	Response	1	2734973	4150	2
lm	289	Picture	22	2741611	0	1	3153	3	0	3000
lm	289	Response	1	2747075	5464	1
lm	290	Picture	22	2750905	0	2	3154	3	0	3000
lm	291	Picture	33	2760200	0	1	3153	2	0	3000
lm	292	Picture	22	2769826	0	1	3153	2	0	3000
lm	292	Response	1	2773889	4063	1
lm	293	Picture	22	2779784	0	1	3153	3	0	3000
lm	293	Response	1	2783363	3579	2
lm	294	Picture	22	2788912	0	2	3154	3	0	3000
lm	294	Response	1	2792216	3304	2
lm	295	Picture	22	2800032	0	2	3154	3	0	3000
lm	295	Response	1	2804581	4549	1
lm	296	Picture	22	2808165	0	1	3153	2	0	3000
lm	297	Picture	33	2818123	0	1	3153	3	0	3000
lm	298	Picture	22	2826421	0	2	3154	3	0	3000
lm	298	Response	1	2829603	3182	1
lm	299	Picture	33	2835052	0	1	3153	3	0	3000
lm	299	Response	1	2838613	3561	1
lm	300	Picture	22	2846006	0	1	3153	2	0	3000
lm	300	Response	1	2852485	6479	1
lm	301	Picture	33	2856462	0	1	3153	3	0	3000


Event Type	Code	Type	Response	RT	RT Uncertainty	Time	Uncertainty	Duration	Uncertainty	ReqTime	ReqDur

Picture	22	hit	1	4699	3	289	2	3154	3	0	3000
Picture	33	miss				8754	1	3153	3	0	3000
Picture	22	hit	1	3523	3	17550	2	3154	3	0	3000
Picture	22	hit	1	3461	4	27674	2	3154	3	0	3000
Picture	22	hit	1	3824	3	37467	1	3153	2	0	3000
Picture	33	miss				48587	1	3153	2	0	3000
Picture	22	hit	1	3073	2	56719	1	3154	2	0	3000
Picture	22	hit	1	3183	3	65847	2	3154	3	0	3000
Picture	22	hit	1	3043	2	75142	1	3153	2	0	3000
Picture	33	miss				84602	1	3154	2	0	3000
Picture	22	hit	1	2301	2	92735	1	3153	2	0	3000
Picture	33	miss				100867	1	3153	3	0	3000
Picture	22	hit	1	2423	4	109995	2	3154	3	0	3000
Picture	33	miss				119456	1	3153	2	0	3000
Picture	22	hit	1	2401	2	130410	1	3153	2	0	3000
Picture	22	hit	1	2749	2	140036	1	3153	3	0	3000
Picture	22	hit	1	3269	2	150492	1	3153	3	0	3000
Picture	22	hit	1	4905	3	161280	1	3153	3	0	3000
Picture	22	hit	1	3103	2	171902	1	3153	3	0	3000
Picture	22	hit	1	5086	2	180865	1	3153	2	0	3000
Picture	22	hit	1	4838	3	190491	1	3153	2	0	3000
Picture	33	miss				200117	1	3153	2	0	3000
Picture	22	hit	1	3012	2	210075	1	3154	2	0	3000
Picture	22	hit	1	4513	4	220199	2	3154	3	0	3000
Picture	22	hit	1	3675	2	229328	1	3153	2	0	3000
Picture	33	miss				239120	1	3153	2	0	3000
Picture	22	hit	1	3260	2	247916	1	3154	2	0	3000
Picture	22	hit	1	4601	2	256049	1	3153	2	0	3000
Picture	22	miss				266173	1	3153	2	0	3000
Picture	22	hit	1	2553	4	274471	2	3154	3	0	3000
Picture	22	hit	1	2418	3	285259	2	3154	3	0	3000
Picture	33	miss				294554	1	3153	2	0	3000
Picture	22	hit	1	3990	2	303516	1	3153	3	0	3000
Picture	33	miss				312644	2	3154	3	0	3000
Picture	22	hit	1	4124	3	323764	2	3154	3	0	3000
Picture	22	hit	1	7772	2	333723	1	3153	2	0	3000
Picture	22	miss				342021	1	3153	3	0	3000
Picture	22	hit	1	1515	2	350486	1	3153	2	0	3000
Picture	22	hit	1	3324	2	359448	1	3153	2	0	3000
Picture	33	miss				370070	1	3153	2	0	3000
Picture	22	hit	1	3703	3	380692	1	3150	7	0	3000
Picture	22	hit	1	4475	2	391314	1	3153	3	0	3000
Picture	22	hit	1	6412	3	399944	2	3154	3	0	3000
Picture	22	hit	1	6202	3	410898	2	3154	3	0	3000
Picture	22	miss				419529	1	3153	2	0	3000
Picture	22	hit	1	3355	2	429155	1	3154	2	0	3000
Picture	22	hit	1	4610	3	438615	2	3154	3	0	3000
Picture	33	miss				448574	1	3153	2	0	3000
Picture	22	hit	1	4372	2	458034	1	3153	2	0	3000
Picture	22	hit	1	5654	3	466498	2	3154	3	0	3000
Picture	22	hit	1	6758	2	475959	1	3153	2	0	3000
Picture	22	miss				484589	1	3153	3	0	3000
Picture	22	hit	1	2447	3	492721	2	3154	3	0	3000
Picture	33	miss				502348	1	3153	2	0	3000
Picture	22	miss				511808	1	3153	3	0	3000
Picture	33	hit	1	2471	4	520936	2	3154	3	0	3000
Picture	22	hit	1	4124	2	529401	1	3153	2	0	3000
Picture	22	hit	1	7366	3	537699	2	3154	3	0	3000
Picture	22	miss				548819	2	3154	3	0	3000
Picture	33	miss				558943	2	3154	3	0	3000
Picture	22	miss				568404	1	3153	2	0	3000
Picture	22	miss				578694	1	3153	2	0	3000
Picture	22	miss				588652	1	3153	3	0	3000
Picture	22	miss				597780	2	3154	3	0	3000
Picture	22	hit	1	5736	3	606411	1	3153	2	0	3000
Picture	33	miss				614543	2	3154	3	0	3000
Picture	22	hit	1	2799	3	625497	2	3154	3	0	3000
Picture	22	miss				635455	2	3154	3	0	3000
Picture	22	hit	1	202	3	646243	2	3154	3	0	3000
Picture	33	hit	1	2479	2	655538	1	3153	2	0	3000
Picture	22	hit	1	4007	2	664334	1	3154	2	0	3000
Picture	22	hit	1	5857	2	673131	1	3153	2	0	3000
Picture	22	miss				681429	1	3153	3	0	3000
Picture	22	hit	1	3480	2	692383	1	3153	3	0	3000
Picture	22	miss				700516	1	3153	2	0	3000
Picture	22	miss				709644	1	3153	2	0	3000
Picture	22	hit	1	3899	2	720266	1	3153	3	0	3000
Picture	33	miss				729892	1	3154	2	0	3000
Picture	22	hit	1	2664	5	740680	2	3154	3	0	3000
Picture	22	hit	1	2612	2	749975	1	3153	2	0	3000
Picture	22	hit	1	3363	2	758107	1	3153	3	0	3000
Picture	33	miss				766572	1	3153	2	0	3000
Picture	22	hit	1	1509	3	777193	2	3154	3	0	3000
Picture	22	hit	1	2409	2	785658	1	3153	3	0	3000
Picture	22	hit	1	41	3	795118	2	3154	3	0	3000
Picture	22	hit	1	2406	2	803417	1	3153	2	0	3000
Picture	22	hit	1	2850	3	811715	1	3154	2	0	3000
Picture	22	hit	1	3093	3	821009	2	3154	3	0	3000
Picture	22	hit	1	3886	3	830636	1	3153	2	0	3000
Picture	33	miss				840262	1	3153	3	0	3000
Picture	22	hit	1	2864	2	850220	1	3154	2	0	3000
Picture	22	hit	1	4362	3	860676	2	3154	3	0	3000
Picture	22	hit	1	5401	2	869971	1	3153	2	0	3000
Picture	22	hit	1	5626	2	879929	1	3153	2	0	3000
Picture	22	miss				888393	1	3154	2	0	3000
Picture	33	hit	1	3529	4	898351	2	3154	3	0	3000
Picture	22	hit	1	4058	3	909139	2	3154	3	0	3000
Picture	22	hit	1	3977	3	918434	1	3153	2	0	3000
Picture	22	hit	1	3980	3	929388	1	3153	2	0	3000
Picture	22	hit	1	4632	3	939014	1	3153	3	0	3000
Picture	22	miss				947644	2	3154	3	0	3000
Picture	22	miss				955777	1	3153	2	0	3000
Picture	22	miss				964407	1	3154	2	0	3000
Picture	33	miss				974366	1	3153	2	0	3000
Picture	22	hit	1	4558	2	985154	1	3153	2	0	3000
Picture	22	hit	1	5369	2	995444	1	3153	2	0	3000
Picture	22	hit	1	6305	2	1004572	1	3153	3	0	3000
Picture	22	hit	1	8045	3	1012870	2	3154	3	0	3000
Picture	22	hit	1	7186	2	1022829	1	3153	2	0	3000
Picture	33	miss				1031127	1	3154	2	0	3000
Picture	22	hit	1	444	3	1039260	1	3153	2	0	3000
Picture	22	hit	1	2065	3	1050048	1	3153	2	0	3000
Picture	22	hit	1	3654	3	1059010	1	3154	2	0	3000
Picture	33	miss				1067972	2	3154	3	0	3000
Picture	22	hit	1	2359	2	1078429	1	3153	2	0	3000
Picture	22	hit	1	2321	2	1087557	1	3153	2	0	3000
Picture	22	miss				1098345	1	3153	2	0	3000
Picture	22	hit	1	3506	2	1109299	1	3153	2	0	3000
Picture	22	hit	1	3113	4	1117929	2	3154	3	0	3000
Picture	22	hit	1	2630	2	1126560	1	3153	2	0	3000
Picture	22	hit	1	4629	2	1137348	1	3153	2	0	3000
Picture	33	miss				1146310	1	3154	2	0	3000
Picture	22	hit	1	2014	3	1155604	2	3154	3	0	3000
Picture	22	hit	1	2223	2	1163903	1	3153	2	0	3000
Picture	22	hit	1	708	2	1173363	1	3154	2	0	3000
Picture	22	hit	1	2553	2	1184151	1	3154	2	0	3000
Picture	22	hit	1	3747	3	1194441	2	3154	3	0	3000
Picture	33	miss				1203736	1	3153	2	0	3000
Picture	22	hit	1	2820	2	1214524	1	3153	2	0	3000
Picture	22	hit	1	2581	3	1222822	1	3154	2	0	3000
Picture	22	hit	1	732	3	1232117	1	3153	2	0	3000
Picture	22	hit	1	8086	3	1243236	2	3154	3	0	3000
Picture	22	miss				1254024	2	3154	3	0	3000
Picture	22	hit	1	7456	2	1262157	1	3153	3	0	3000
Picture	22	miss				1272447	1	3154	2	0	3000
Picture	33	miss				1283069	1	3154	2	0	3000
Picture	22	hit	1	2398	4	1292861	2	3154	3	0	3000
Picture	22	hit	1	2554	2	1301658	1	3153	2	0	3000
Picture	22	hit	1	7655	2	1311284	1	3153	3	0	3000
Picture	22	hit	1	8423	3	1320744	2	3154	3	0	3000
Picture	22	hit	1	7076	2	1331698	1	3154	2	0	3000
Picture	22	hit	1	5342	3	1342320	2	3154	3	0	3000
Picture	22	hit	1	5564	3	1350785	1	3153	2	0	3000
Picture	33	miss				1360909	1	3153	2	0	3000
Picture	22	hit	1	2813	7	1370535	1	3154	2	0	3000
Picture	33	hit	1	1877	3	1380991	2	3154	3	0	3000
Picture	22	hit	1	4347	2	1389456	1	3153	2	0	3000
Picture	22	hit	1	3527	3	1397754	1	3154	2	0	3000
Picture	22	hit	1	4491	2	1406219	1	3153	2	0	3000
Picture	33	miss				1414683	1	3154	2	0	3000
Picture	22	hit	1	3930	3	1424309	2	3154	3	0	3000
Picture	22	hit	1	4968	3	1434931	2	3154	3	0	3000
Picture	22	hit	1	4963	3	1445885	2	3154	3	0	3000
Picture	33	miss				1454516	1	3153	2	0	3000
Picture	22	hit	1	2711	2	1463810	1	3154	2	0	3000
Picture	22	hit	1	3939	2	1471943	1	3153	2	0	3000
Picture	22	hit	1	4705	3	1481071	1	3153	3	0	3000
Picture	22	hit	1	6071	3	1489867	2	3154	3	0	3000
Picture	22	hit	1	6805	3	1500655	2	3154	3	0	3000
Picture	33	miss				1511443	2	3154	3	0	3000
Picture	22	hit	1	3536	2	1520572	1	3153	2	0	3000
Picture	22	hit	1	2742	3	1528870	2	3154	3	0	3000
Picture	22	hit	1	308	4	1538662	2	3154	3	0	3000
Picture	22	hit	1	5464	2	1548787	1	3153	2	0	3000
Picture	22	hit	1	4528	2	1558081	1	3153	3	0	3000
Picture	33	miss				1566711	2	3154	3	0	3000
Picture	22	hit	1	2754	2	1576504	1	3153	2	0	3000
Picture	22	hit	1	655	2	1585632	1	3153	3	0	3000
Picture	22	hit	1	26	3	1594594	2	3154	3	0	3000
Picture	33	hit	1	340	2	1603225	1	3153	2	0	3000
Picture	22	hit	1	5419	2	1612021	1	3153	3	0	3000
Picture	22	hit	1	2938	3	1621149	2	3154	3	0	3000
Picture	22	hit	1	2962	3	1631937	2	3154	3	0	3000
Picture	22	hit	1	2415	3	1642227	2	3154	3	0	3000
Picture	22	hit	1	1755	2	1652186	1	3153	2	0	3000
Picture	33	hit	1	1543	2	1662144	1	3153	3	0	3000
Picture	22	miss				1670940	2	3154	3	0	3000
Picture	33	miss				1681396	2	3154	3	0	3000
Picture	22	hit	1	4394	3	1689695	1	3153	2	0	3000
Picture	33	miss				1699819	1	3153	3	0	3000
Picture	22	hit	1	4579	2	1708284	1	3153	2	0	3000
Picture	22	hit	1	5238	2	1717744	1	3153	2	0	3000
Picture	22	hit	1	6061	3	1728698	1	3153	2	0	3000
Picture	33	miss				1739320	1	3153	2	0	3000
Picture	22	hit	1	2811	2	1749776	1	3153	3	0	3000
Picture	22	hit	1	2844	3	1758572	2	3154	3	0	3000
Picture	22	hit	1	6504	3	1769526	2	3154	3	0	3000
Picture	22	hit	1	6921	3	1778821	1	3153	2	0	3000
Picture	22	miss				1787617	1	3153	3	0	3000
Picture	22	hit	1	4709	3	1797243	2	3154	3	0	3000
Picture	22	miss				1806372	1	3153	2	0	3000
Picture	33	hit	1	267	2	1816330	1	3153	2	0	3000
Picture	22	hit	1	2499	3	1824462	2	3154	3	0	3000
Picture	22	hit	1	4324	3	1835250	2	3154	3	0	3000
Picture	22	miss				1844213	1	3153	2	0	3000
Picture	22	miss				1853673	1	3153	3	0	3000
Picture	22	miss				1864295	1	3153	3	0	3000
Picture	33	miss				1875415	1	3153	3	0	3000
Picture	22	hit	1	6524	3	1884211	2	3154	3	0	3000
Picture	22	hit	1	4177	2	1894502	1	3153	2	0	3000
Picture	22	hit	1	2653	2	1904626	1	3153	2	0	3000
Picture	33	hit	1	2423	2	1914750	1	3153	2	0	3000
Picture	22	hit	1	2766	4	1923214	2	3154	3	0	3000
Picture	22	hit	1	3984	4	1933338	2	3154	3	0	3000
Picture	22	miss				1942467	1	3153	2	0	3000
Picture	33	miss				1951097	2	3154	3	0	3000
Picture	22	miss				1961221	2	3154	3	0	3000
Picture	22	hit	1	2382	3	1972009	2	3154	3	0	3000
Picture	22	hit	1	2399	2	1982300	1	3153	2	0	3000
Picture	33	miss				1992092	1	3153	2	0	3000
Picture	22	hit	1	1478	3	2003046	1	3153	2	0	3000
Picture	22	miss				2011344	2	3154	3	0	3000
Picture	22	miss				2021136	2	3154	3	0	3000
Picture	22	hit	1	4534	2	2030597	1	3153	2	0	3000
Picture	22	miss				2039227	1	3154	2	0	3000
Picture	33	miss				2048024	1	3153	2	0	3000
Picture	22	miss				2057982	1	3153	2	0	3000
Picture	22	miss				2068272	1	3153	2	0	3000
Picture	22	miss				2077068	2	3154	3	0	3000
Picture	22	miss				2087358	2	3154	3	0	3000
Picture	22	hit	1	3354	3	2096487	1	3153	2	0	3000
Picture	33	miss				2106445	1	3153	2	0	3000
Picture	22	hit	1	2896	2	2115739	1	3154	2	0	3000
Picture	22	hit	1	4457	2	2124038	1	3153	2	0	3000
Picture	22	hit	1	6492	3	2134162	1	3153	2	0	3000
Picture	33	miss				2144784	1	3153	2	0	3000
Picture	22	hit	1	2458	2	2155572	1	3153	2	0	3000
Picture	22	hit	1	296	2	2165198	1	3154	2	0	3000
Picture	22	hit	1	4734	2	2176318	1	3153	3	0	3000
Picture	33	miss				2186940	1	3154	2	0	3000
Picture	22	miss				2195737	1	3153	2	0	3000
Picture	22	miss				2206691	1	3153	2	0	3000
Picture	22	miss				2214823	1	3154	2	0	3000
Picture	33	miss				2224283	2	3154	3	0	3000
Picture	22	miss				2233578	1	3153	2	0	3000
Picture	22	miss				2241710	1	3154	2	0	3000
Picture	22	hit	1	2876	3	2252000	2	3154	3	0	3000
Picture	22	hit	1	3297	3	2262622	2	3154	3	0	3000
Picture	22	hit	1	3860	2	2270921	1	3153	2	0	3000
Picture	33	hit	1	3534	3	2279551	2	3154	3	0	3000
Picture	22	hit	1	4657	2	2287850	1	3153	2	0	3000
Picture	22	hit	1	4228	2	2297144	1	3153	3	0	3000
Picture	22	hit	1	4743	3	2306438	2	3154	3	0	3000
Picture	33	miss				2316065	1	3153	2	0	3000
Picture	22	hit	1	3438	3	2324363	1	3153	3	0	3000
Picture	22	hit	1	3614	2	2332662	1	3153	2	0	3000
Picture	22	hit	1	3012	3	2342952	1	3153	2	0	3000
Picture	22	hit	1	2850	2	2352744	1	3153	2	0	3000
Picture	22	hit	1	3000	3	2362370	1	3154	2	0	3000
Picture	33	miss				2371167	1	3153	2	0	3000
Picture	22	hit	1	2611	3	2382121	1	3153	2	0	3000
Picture	22	hit	1	4523	2	2391249	1	3153	2	0	3000
Picture	22	miss				2399879	2	3154	3	0	3000
Picture	33	miss				2410003	2	3154	3	0	3000
Picture	22	hit	1	3438	3	2419298	1	3153	2	0	3000
Picture	22	hit	1	3383	2	2428592	1	3154	2	0	3000
Picture	22	hit	1	1498	3	2437554	2	3154	3	0	3000
Picture	22	hit	1	6186	8	2447679	1	3153	2	0	3000
Picture	22	miss				2458799	1	3153	2	0	3000
Picture	22	miss				2468591	1	3153	2	0	3000
Picture	22	hit	1	8519	2	2477719	1	3154	2	0	3000
Picture	33	miss				2487677	2	3154	3	0	3000
Picture	22	hit	1	187	4	2498133	2	3154	3	0	3000
Picture	22	hit	1	6735	2	2507926	1	3153	2	0	3000
Picture	22	miss				2516722	1	3153	3	0	3000
Picture	22	miss				2525021	1	3153	2	0	3000
Picture	22	miss				2535477	1	3153	2	0	3000
Picture	33	hit	1	3563	2	2545103	1	3153	2	0	3000
Picture	22	hit	1	3337	2	2555227	1	3153	3	0	3000
Picture	33	miss				2566347	1	3153	3	0	3000
Picture	22	hit	1	2079	2	2575973	1	3154	2	0	3000
Picture	22	hit	1	3024	3	2584272	1	3153	2	0	3000
Picture	22	hit	1	5599	2	2595226	1	3153	2	0	3000
Picture	22	hit	1	6395	2	2605682	1	3153	2	0	3000
Picture	22	miss				2613980	1	3154	2	0	3000
Picture	33	miss				2624104	2	3154	3	0	3000
Picture	22	hit	1	5317	3	2634560	2	3154	3	0	3000
Picture	22	hit	1	5427	3	2644021	1	3153	2	0	3000
Picture	22	hit	1	7095	2	2653481	1	3153	3	0	3000
Picture	33	hit	1	6564	3	2663107	1	3154	2	0	3000
Picture	22	hit	1	5594	3	2672900	1	3153	2	0	3000
Picture	22	hit	1	3978	2	2683024	1	3153	2	0	3000
Picture	22	miss				2693314	1	3153	2	0	3000
Picture	33	hit	1	2193	2	2702442	1	3154	2	0	3000
Picture	22	hit	1	1706	3	2712566	2	3154	3	0	3000
Picture	22	hit	1	584	3	2722192	2	3154	3	0	3000
Picture	22	hit	1	4150	3	2730823	1	3153	2	0	3000
Picture	22	hit	1	5464	2	2741611	1	3153	3	0	3000
Picture	22	miss				2750905	2	3154	3	0	3000
Picture	33	miss				2760200	1	3153	2	0	3000
Picture	22	hit	1	4063	2	2769826	1	3153	2	0	3000
Picture	22	hit	1	3579	3	2779784	1	3153	3	0	3000
Picture	22	hit	1	3304	4	2788912	2	3154	3	0	3000
Picture	22	hit	1	4549	3	2800032	2	3154	3	0	3000
Picture	22	miss				2808165	1	3153	2	0	3000
Picture	33	miss				2818123	1	3153	3	0	3000
Picture	22	hit	1	3182	3	2826421	2	3154	3	0	3000
Picture	33	hit	1	3561	2	2835052	1	3153	3	0	3000
Picture	22	hit	1	6479	2	2846006	1	3153	2	0	3000
Picture	33	miss				2856462	1	3153	3	0	3000
