Scenario - GO/NO-GO
Logfile written - 07/22/2011 10:59:25

Subject	Trial	Event Type	Code	Time	TTime	Uncertainty	Duration	Uncertainty	ReqTime	ReqDur

lm	2	Picture	22	289	0	2	3154	3	0	3000
lm	2	Response	1	5771	5482	1
lm	3	Picture	33	38463	0	1	3153	2	0	3000
lm	4	Picture	22	77299	0	2	3154	3	0	3000
lm	4	Response	1	80990	3691	2
lm	5	Picture	22	113813	0	1	3153	2	0	3000
lm	5	Response	1	116403	2590	2
lm	6	Picture	22	146509	0	1	3153	2	0	3000
lm	6	Response	1	149517	3008	2
lm	7	Picture	22	175055	0	2	3154	3	0	3000
lm	7	Response	1	178237	3182	1
lm	8	Picture	22	205096	0	1	3153	3	0	3000
lm	8	Response	1	208047	2951	1
lm	9	Picture	33	234970	0	2	3154	3	0	3000
lm	10	Picture	22	274471	0	2	3154	3	0	3000
lm	10	Response	1	277671	3200	2
lm	11	Picture	33	302852	0	1	3154	2	0	3000
lm	11	Response	1	306302	3450	1
lm	12	Picture	22	335216	0	1	3154	2	0	3000
lm	12	Response	1	338312	3096	1
lm	13	Picture	22	369074	0	1	3153	3	0	3000
lm	13	Response	1	372048	2974	1
lm	14	Picture	22	407247	0	1	3153	3	0	3000
lm	14	Response	1	409734	2487	1
lm	15	Picture	22	437951	0	2	3154	3	0	3000
lm	15	Response	1	440452	2501	1
lm	16	Picture	22	469652	0	1	3153	2	0	3000
lm	16	Response	1	474134	4482	1
lm	17	Picture	22	503177	0	2	3154	3	0	3000
lm	17	Response	1	505798	2621	1
lm	18	Picture	22	540687	0	1	3153	2	0	3000
lm	18	Response	1	543510	2823	1
lm	19	Picture	33	575374	0	2	3154	3	0	3000
lm	19	Response	1	578273	2899	1
lm	19	Response	1	587427	12053	1
lm	19	Response	1	594724	19350	1
lm	19	Response	1	599765	24391	1
lm	19	Response	1	607274	31900	1
lm	20	Picture	22	609730	0	1	3153	2	0	3000
lm	20	Response	1	611780	2050	1
lm	21	Picture	22	649065	0	1	3153	2	0	3000
lm	21	Response	1	651714	2649	1
lm	21	Response	1	662612	13547	2
lm	21	Response	1	674652	25587	1
lm	21	Response	1	680867	31802	1
lm	22	Picture	22	686076	0	1	3153	2	0	3000
lm	22	Response	1	689011	2935	1
lm	23	Picture	22	714623	0	1	3153	2	0	3000
lm	23	Response	1	718334	3711	1
lm	24	Picture	22	750472	0	1	3154	2	0	3000
lm	24	Response	1	753618	3146	2
lm	25	Picture	33	784828	0	1	3153	2	0	3000
lm	25	Response	1	789630	4802	1
lm	26	Picture	22	824163	0	1	3153	2	0	3000
lm	26	Response	1	827790	3627	2
lm	27	Picture	33	855365	0	1	3153	3	0	3000
lm	27	Response	1	858340	2975	2
lm	28	Picture	22	886733	0	1	3154	2	0	3000
lm	28	Response	1	890070	3337	1
lm	29	Picture	22	917106	0	1	3153	2	0	3000
lm	29	Response	1	920769	3663	2
lm	30	Picture	22	946980	0	1	3154	2	0	3000
lm	30	Response	1	949992	3012	2
lm	31	Picture	33	975693	0	1	3153	3	0	3000
lm	32	Picture	22	1007725	0	1	3154	2	0	3000
lm	32	Response	1	1010809	3084	1
lm	33	Picture	22	1043741	0	1	3153	2	0	3000
lm	33	Response	1	1046904	3163	1
lm	34	Picture	22	1074943	0	1	3153	2	0	3000
lm	34	Response	1	1079070	4127	1
lm	35	Picture	22	1103490	0	1	3153	2	0	3000
lm	35	Response	1	1106618	3128	1
lm	36	Picture	22	1133530	0	1	3153	3	0	3000
lm	36	Response	1	1137789	4259	1
lm	37	Picture	33	1162907	0	1	3153	2	0	3000
lm	38	Picture	22	1192449	0	2	3154	3	0	3000
lm	38	Response	1	1196099	3650	1
lm	39	Picture	22	1231452	0	1	3154	2	0	3000
lm	39	Response	1	1235206	3754	1
lm	40	Picture	22	1269957	0	1	3154	2	0	3000
lm	40	Response	1	1273695	3738	1
lm	41	Picture	22	1304645	0	1	3153	2	0	3000
lm	41	Response	1	1308048	3403	1
lm	42	Picture	22	1334021	0	2	3154	3	0	3000
lm	42	Response	1	1338951	4930	1
lm	43	Picture	22	1363232	0	1	3153	3	0	3000
lm	43	Response	1	1366488	3256	1
lm	44	Picture	22	1392443	0	1	3153	2	0	3000
lm	44	Response	1	1395567	3124	1
lm	45	Picture	33	1431280	0	1	3153	2	0	3000
lm	45	Response	1	1435233	3953	1
lm	46	Picture	22	1465635	0	2	3154	3	0	3000
lm	46	Response	1	1469927	4292	1
lm	47	Picture	22	1502647	0	1	3153	2	0	3000
lm	47	Response	1	1507082	4435	1
lm	48	Picture	22	1535177	0	1	3153	2	0	3000
lm	48	Response	1	1539485	4308	1
lm	49	Picture	33	1573018	0	1	3153	2	0	3000
lm	50	Picture	22	1603556	0	1	3154	2	0	3000
lm	51	Picture	22	1634095	0	1	3153	2	0	3000
lm	51	Response	1	1638102	4007	1
lm	52	Picture	22	1669612	0	1	3153	3	0	3000
lm	52	Response	1	1673727	4115	1
lm	53	Picture	22	1699985	0	1	3153	2	0	3000
lm	53	Response	1	1704893	4908	1
lm	54	Picture	22	1731021	0	1	3153	2	0	3000
lm	54	Response	1	1734347	3326	1
lm	55	Picture	33	1763717	0	1	3153	2	0	3000
lm	56	Picture	22	1793923	0	2	3154	3	0	3000
lm	56	Response	1	1797179	3256	1
lm	57	Picture	22	1829773	0	1	3153	2	0	3000
lm	57	Response	1	1833390	3617	1
lm	58	Picture	22	1863465	0	1	3153	2	0	3000
lm	58	Response	1	1867124	3659	1
lm	59	Picture	22	1903131	0	2	3154	3	0	3000
lm	59	Response	1	1907289	4158	1
lm	60	Picture	22	1934334	0	1	3153	2	0	3000
lm	60	Response	1	1938717	4383	1
lm	61	Picture	22	1965702	0	1	3153	2	0	3000
lm	61	Response	1	1971919	6217	1
lm	62	Picture	22	2001219	0	2	3154	3	0	3000
lm	62	Response	1	2005003	3784	1
lm	63	Picture	33	2035741	0	1	3153	3	0	3000
lm	63	Response	1	2039328	3587	1
lm	64	Picture	22	2075242	0	1	3153	2	0	3000
lm	64	Response	1	2079329	4087	1
lm	65	Picture	33	2104287	0	1	3153	2	0	3000
lm	66	Picture	22	2138144	0	2	3154	3	0	3000
lm	66	Response	1	2142899	4755	2
lm	67	Picture	22	2169513	0	1	3153	2	0	3000
lm	67	Response	1	2173329	3816	2
lm	68	Picture	22	2208184	0	1	3153	2	0	3000
lm	68	Response	1	2213404	5220	1
lm	69	Picture	33	2239220	0	1	3153	2	0	3000
lm	70	Picture	22	2267767	0	1	3153	2	0	3000
lm	70	Response	1	2271769	4002	1
lm	71	Picture	22	2297143	0	2	3154	3	0	3000
lm	71	Response	1	2301018	3875	1
lm	72	Picture	22	2332495	0	1	3153	2	0	3000
lm	72	Response	1	2336960	4465	2
lm	73	Picture	33	2368178	0	2	3154	3	0	3000
lm	74	Picture	22	2396559	0	1	3154	2	0	3000
lm	74	Response	1	2399689	3130	1
lm	75	Picture	33	2428757	0	2	3154	3	0	3000
lm	76	Picture	22	2466930	0	2	3154	3	0	3000
lm	76	Response	1	2470954	4024	1
lm	77	Picture	22	2501784	0	1	3153	3	0	3000
lm	77	Response	1	2507466	5682	1
lm	78	Picture	22	2530165	0	1	3153	2	0	3000
lm	78	Response	1	2534093	3928	1
lm	79	Picture	33	2561865	0	1	3153	2	0	3000
lm	80	Picture	22	2599042	0	1	3154	2	0	3000
lm	80	Response	1	2602816	3774	1
lm	81	Picture	22	2632734	0	1	3153	3	0	3000
lm	81	Response	1	2636696	3962	2
lm	82	Picture	22	2668252	0	1	3153	2	0	3000
lm	82	Response	1	2673350	5098	1
lm	83	Picture	33	2703769	0	1	3153	3	0	3000
lm	84	Picture	22	2741610	0	1	3154	2	0	3000
lm	84	Response	1	2745431	3821	2
lm	85	Picture	22	2770655	0	1	3153	2	0	3000
lm	85	Response	1	2776274	5619	1
lm	86	Picture	22	2803517	0	1	3153	2	0	3000
lm	86	Response	1	2807171	3654	1
lm	87	Picture	22	2839864	0	1	3154	2	0	3000
lm	87	Response	1	2844564	4700	1
lm	88	Picture	22	2873390	0	1	3153	3	0	3000
lm	88	Response	1	2877854	4464	1
lm	89	Picture	33	2906252	0	1	3153	3	0	3000
lm	90	Picture	22	2937454	0	2	3154	3	0	3000
lm	90	Response	1	2941620	4166	2
lm	91	Picture	22	2966997	0	1	3153	3	0	3000
lm	91	Response	1	2970250	3253	1
lm	92	Picture	22	3005834	0	1	3153	2	0	3000
lm	92	Response	1	3010593	4759	1
lm	93	Picture	33	3045667	0	1	3153	2	0	3000
lm	94	Picture	22	3076703	0	1	3153	3	0	3000
lm	94	Response	1	3079871	3168	1
lm	95	Picture	22	3112718	0	2	3154	3	0	3000
lm	95	Response	1	3122219	9501	1
lm	96	Picture	22	3150062	0	1	3153	2	0	3000
lm	96	Response	1	3153526	3464	2
lm	97	Picture	33	3181596	0	1	3153	2	0	3000
lm	98	Picture	22	3219769	0	1	3153	2	0	3000
lm	98	Response	1	3222290	2521	1
lm	99	Picture	33	3257942	0	1	3153	2	0	3000
lm	100	Picture	22	3289642	0	1	3153	3	0	3000
lm	100	Response	1	3292961	3319	1
lm	101	Picture	22	3320346	0	2	3154	3	0	3000
lm	101	Response	1	3324752	4406	1
lm	102	Picture	22	3355698	0	1	3153	3	0	3000
lm	102	Response	1	3359614	3916	2
lm	103	Picture	22	3392377	0	2	3154	3	0	3000
lm	103	Response	1	3396477	4100	2
lm	104	Picture	22	3423580	0	1	3153	2	0	3000
lm	104	Response	1	3427561	3981	1
lm	105	Picture	22	3461255	0	1	3153	2	0	3000
lm	105	Response	1	3466069	4814	1
lm	106	Picture	22	3494615	0	1	3153	2	0	3000
lm	106	Response	1	3499281	4666	1
lm	107	Picture	33	3524323	0	1	3154	2	0	3000
lm	108	Picture	22	3560173	0	1	3153	2	0	3000
lm	108	Response	1	3564188	4015	2
lm	109	Picture	22	3595192	0	2	3154	3	0	3000
lm	109	Response	1	3599268	4076	1
lm	110	Picture	22	3635025	0	1	3153	3	0	3000
lm	110	Response	1	3638693	3668	1
lm	111	Picture	33	3667555	0	1	3153	3	0	3000
lm	112	Picture	22	3697761	0	2	3154	3	0	3000
lm	112	Response	1	3701473	3712	1
lm	113	Picture	22	3729462	0	1	3153	2	0	3000
lm	113	Response	1	3734804	5342	1
lm	114	Picture	22	3760000	0	1	3154	2	0	3000
lm	114	Response	1	3763138	3138	1
lm	115	Picture	22	3796347	0	2	3154	3	0	3000
lm	115	Response	1	3800204	3857	2
lm	116	Picture	22	3830371	0	2	3154	3	0	3000
lm	116	Response	1	3834719	4348	1
lm	117	Picture	22	3864561	0	1	3154	2	0	3000
lm	117	Response	1	3867502	2941	1
lm	118	Picture	22	3902236	0	1	3154	2	0	3000
lm	118	Response	1	3907250	5014	1
lm	119	Picture	33	3941239	0	1	3153	3	0	3000
lm	120	Picture	22	3972939	0	2	3154	3	0	3000
lm	120	Response	1	3976615	3676	1
lm	121	Picture	22	4003810	0	1	3153	2	0	3000
lm	121	Response	1	4007768	3958	1
lm	122	Picture	22	4034348	0	1	3153	3	0	3000
lm	122	Response	1	4038971	4623	1
lm	123	Picture	33	4062563	0	1	3153	3	0	3000
lm	124	Picture	22	4093599	0	2	3154	3	0	3000
lm	124	Response	1	4096613	3014	1
lm	125	Picture	22	4122312	0	1	3153	3	0	3000
lm	125	Response	1	4126193	3881	1
lm	126	Picture	22	4160153	0	1	3153	3	0	3000
lm	126	Response	1	4164590	4437	1
lm	127	Picture	22	4195339	0	1	3153	2	0	3000
lm	127	Response	1	4200654	5315	1
lm	128	Picture	22	4231686	0	1	3153	3	0	3000
lm	128	Response	1	4239910	8224	1
lm	129	Picture	33	4269527	0	1	3154	2	0	3000
lm	130	Picture	22	4300564	0	1	3153	2	0	3000
lm	130	Response	1	4303301	2737	1
lm	131	Picture	22	4336413	0	1	3153	3	0	3000
lm	131	Response	1	4339666	3253	1
lm	132	Picture	22	4368445	0	1	3153	3	0	3000
lm	132	Response	1	4372110	3665	2
lm	133	Picture	22	4397988	0	1	3153	2	0	3000
lm	133	Response	1	4403046	5058	2
lm	134	Picture	22	4434667	0	1	3153	3	0	3000
lm	134	Response	1	4440057	5390	1
lm	134	Response	1	4455655	20988	1
lm	135	Picture	33	4466533	0	1	3154	2	0	3000
lm	136	Picture	22	4499561	0	1	3154	2	0	3000
lm	136	Response	1	4504247	4686	1
lm	137	Picture	22	4536406	0	2	3154	3	0	3000
lm	137	Response	1	4544862	8456	1
lm	138	Picture	22	4570264	0	2	3154	3	0	3000
lm	138	Response	1	4578750	8486	1
lm	139	Picture	22	4607110	0	1	3153	2	0	3000
lm	139	Response	1	4610455	3345	1
lm	140	Picture	22	4641299	0	2	3154	3	0	3000
lm	140	Response	1	4644994	3695	1
lm	141	Picture	22	4670178	0	1	3153	3	0	3000
lm	141	Response	1	4676126	5948	1
lm	142	Picture	22	4703372	0	1	3153	3	0	3000
lm	142	Response	1	4706656	3284	1
lm	143	Picture	33	4734242	0	2	3154	3	0	3000
lm	143	Response	1	4762182	27940	1
lm	144	Picture	22	4774075	0	1	3153	3	0	3000
lm	145	Picture	22	4809925	0	1	3153	2	0	3000
lm	145	Response	1	4813267	3342	1
lm	146	Picture	22	4843118	0	2	3154	3	0	3000
lm	146	Response	1	4846035	2917	3
lm	147	Picture	33	4879798	0	1	3153	2	0	3000
lm	147	Response	1	4901404	21606	2
lm	148	Picture	22	4913324	0	1	3153	2	0	3000
lm	148	Response	1	4915969	2645	1
lm	149	Picture	33	4949671	0	1	3153	3	0	3000
lm	150	Picture	22	4989670	0	1	3153	2	0	3000
lm	150	Response	1	4993612	3942	1
lm	151	Picture	22	5028009	0	1	3153	2	0	3000
lm	151	Response	1	5033750	5741	1
lm	152	Picture	22	5063858	0	1	3154	2	0	3000
lm	152	Response	1	5069051	5193	1
lm	153	Picture	33	5096886	0	1	3154	2	0	3000
lm	154	Response	1	6032461	905202	1
lm	156	Picture	22	6042748	0	1	3153	2	0	3000
lm	156	Response	1	6048087	5339	1
lm	157	Picture	22	6071294	0	2	3154	3	0	3000
lm	157	Response	1	6074485	3191	1
lm	158	Picture	22	6109633	0	2	3154	3	0	3000
lm	158	Response	1	6113324	3691	1
lm	159	Picture	33	6148636	0	2	3154	3	0	3000
lm	160	Picture	22	6181332	0	2	3154	3	0	3000
lm	160	Response	1	6183962	2630	1
lm	161	Picture	22	6212701	0	1	3153	2	0	3000
lm	161	Response	1	6217398	4697	1
lm	162	Picture	22	6251869	0	2	3154	3	0	3000
lm	162	Response	1	6255021	3152	1
lm	163	Picture	22	6291370	0	1	3154	2	0	3000
lm	163	Response	1	6301465	10095	1
lm	164	Picture	22	6322406	0	2	3154	3	0	3000
lm	164	Response	1	6325822	3416	1
lm	165	Picture	33	6357426	0	1	3154	2	0	3000
lm	166	Picture	22	6395267	0	1	3154	2	0	3000
lm	166	Response	1	6399823	4556	2
lm	167	Picture	22	6433772	0	1	3154	2	0	3000
lm	167	Response	1	6438218	4446	2
lm	168	Picture	22	6473605	0	1	3153	2	0	3000
lm	168	Response	1	6477766	4161	1
lm	169	Picture	33	6505139	0	1	3154	2	0	3000
lm	169	Response	1	6508465	3326	2
lm	170	Picture	22	6534350	0	1	3153	2	0	3000
lm	170	Response	1	6540024	5674	2
lm	171	Picture	33	6566714	0	1	3153	2	0	3000
lm	171	Response	1	6571807	5093	1
lm	171	Response	1	6578053	11339	1
lm	172	Picture	22	6595261	0	1	3153	2	0	3000
lm	172	Response	1	6600007	4746	1
lm	173	Picture	33	6628621	0	1	3153	2	0	3000
lm	174	Picture	22	6661981	0	1	3153	2	0	3000
lm	174	Response	1	6667250	5269	1
lm	175	Picture	22	6696004	0	2	3154	3	0	3000
lm	175	Response	1	6701362	5358	1
lm	176	Picture	22	6732684	0	1	3153	2	0	3000
lm	176	Response	1	6739632	6948	1
lm	177	Picture	33	6768865	0	1	3153	3	0	3000
lm	178	Picture	22	6806872	0	1	3153	3	0	3000
lm	178	Response	1	6810626	3754	1
lm	179	Picture	22	6836249	0	1	3153	2	0	3000
lm	179	Response	1	6842862	6613	1
lm	180	Picture	22	6873426	0	1	3153	3	0	3000
lm	180	Response	1	6878356	4930	1
lm	181	Picture	33	6903964	0	2	3154	3	0	3000
lm	182	Picture	22	6937656	0	1	3154	2	0	3000
lm	182	Response	1	6943685	6029	1
lm	183	Picture	33	6971846	0	1	3153	3	0	3000
lm	184	Picture	22	7005040	0	1	3153	3	0	3000
lm	184	Response	1	7008247	3207	1
lm	185	Picture	22	7034914	0	2	3154	3	0	3000
lm	185	Response	1	7042904	7990	1
lm	186	Picture	22	7068108	0	2	3154	3	0	3000
lm	186	Response	1	7080182	12074	1
lm	187	Picture	33	7101800	0	2	3154	3	0	3000
lm	188	Picture	22	7132505	0	1	3153	2	0	3000
lm	188	Response	1	7137014	4509	5
lm	189	Picture	22	7161715	0	2	3154	3	0	3000
lm	189	Response	1	7165738	4023	1
lm	190	Picture	22	7201548	0	1	3153	3	0	3000
lm	190	Response	1	7205764	4216	1
lm	191	Picture	33	7235074	0	1	3153	3	0	3000
lm	192	Picture	22	7268434	0	1	3153	2	0	3000
lm	192	Response	1	7272279	3845	1
lm	193	Picture	33	7299304	0	1	3154	2	0	3000
lm	194	Picture	22	7327851	0	1	3153	3	0	3000
lm	194	Response	1	7332353	4502	1
lm	195	Picture	33	7365194	0	1	3154	2	0	3000
lm	196	Picture	22	7396396	0	2	3154	3	0	3000
lm	196	Response	1	7402053	5657	1
lm	197	Picture	22	7429424	0	2	3154	3	0	3000
lm	197	Response	1	7435120	5696	1
lm	198	Picture	22	7467929	0	2	3154	3	0	3000
lm	198	Response	1	7470890	2961	1
lm	199	Picture	22	7501289	0	2	3154	3	0	3000
lm	199	Response	1	7505308	4019	1
lm	200	Picture	22	7537305	0	1	3153	2	0	3000
lm	200	Response	1	7542203	4898	2
lm	201	Picture	33	7570001	0	1	3153	2	0	3000
lm	202	Picture	22	7608838	0	1	3153	2	0	3000
lm	202	Response	1	7613670	4832	1
lm	203	Picture	22	7637219	0	1	3153	2	0	3000
lm	203	Response	1	7648593	11374	1
lm	204	Picture	22	7674064	0	1	3153	2	0	3000
lm	204	Response	1	7680770	6706	1
lm	205	Picture	22	7702279	0	1	3153	2	0	3000
lm	205	Response	1	7708074	5795	2
lm	206	Picture	22	7736634	0	2	3154	3	0	3000
lm	206	Response	1	7741678	5044	2
lm	207	Picture	33	7774144	0	1	3153	2	0	3000
lm	208	Picture	22	7803686	0	1	3154	2	0	3000
lm	208	Response	1	7811899	8213	1
lm	209	Picture	22	7838872	0	1	3153	2	0	3000
lm	209	Response	1	7849917	11045	1
lm	210	Picture	22	7876381	0	1	3153	2	0	3000
lm	210	Response	1	7881476	5095	1
lm	211	Picture	22	7907251	0	2	3154	3	0	3000
lm	211	Response	1	7912885	5634	1
lm	212	Picture	22	7941939	0	1	3153	2	0	3000
lm	212	Response	1	7947075	5136	2
lm	213	Picture	22	7974137	0	1	3153	3	0	3000
lm	213	Response	1	7983010	8873	2
lm	214	Picture	22	8007995	0	1	3153	2	0	3000
lm	214	Response	1	8013041	5046	1
lm	215	Picture	33	8037703	0	2	3154	3	0	3000
lm	216	Picture	22	8072889	0	1	3153	3	0	3000
lm	216	Response	1	8077472	4583	1
lm	217	Picture	22	8109900	0	2	3154	3	0	3000
lm	217	Response	1	8116314	6414	1
lm	218	Picture	22	8146746	0	1	3153	2	0	3000
lm	218	Response	1	8165493	18747	1
lm	219	Picture	33	8176288	0	1	3154	2	0	3000
lm	220	Picture	22	8209150	0	1	3154	2	0	3000
lm	220	Response	1	8214236	5086	1
lm	221	Picture	22	8246825	0	2	3154	3	0	3000
lm	221	Response	1	8250263	3438	1
lm	222	Picture	22	8284666	0	2	3154	3	0	3000
lm	222	Response	1	8291982	7316	1
lm	223	Picture	33	8312881	0	2	3154	3	0	3000
lm	224	Picture	22	8352548	0	1	3153	3	0	3000
lm	224	Response	1	8356030	3482	1
lm	225	Picture	22	8387568	0	1	3153	2	0	3000
lm	225	Response	1	8392468	4900	1
lm	226	Picture	22	8423417	0	1	3154	2	0	3000
lm	226	Response	1	8433608	10191	1
lm	227	Picture	22	8463084	0	1	3153	2	0	3000
lm	227	Response	1	8475810	12726	1
lm	228	Picture	22	8498269	0	2	3154	3	0	3000
lm	228	Response	1	8506601	8332	1
lm	229	Picture	33	8535281	0	1	3153	2	0	3000
lm	230	Picture	22	8568641	0	1	3153	2	0	3000
lm	230	Response	1	8572113	3472	1
lm	231	Picture	22	8607312	0	1	3153	2	0	3000
lm	231	Response	1	8615033	7721	2
lm	232	Picture	22	8638016	0	1	3153	2	0	3000
lm	232	Response	1	8643788	5772	1
lm	233	Picture	22	8667393	0	1	3153	2	0	3000
lm	233	Response	1	8674351	6958	1
lm	234	Picture	22	8699757	0	1	3153	2	0	3000
lm	234	Response	1	8705645	5888	2
lm	235	Picture	33	8731789	0	1	3153	2	0	3000
lm	236	Picture	22	8768634	0	2	3154	3	0	3000
lm	236	Response	1	8781367	12733	1
lm	237	Picture	22	8798011	0	1	3153	2	0	3000
lm	237	Response	1	8805341	7330	1
lm	238	Picture	22	8828715	0	1	3154	2	0	3000
lm	238	Response	1	8835623	6908	2
lm	239	Picture	22	8858590	0	1	3153	2	0	3000
lm	239	Response	1	8863790	5200	1
lm	240	Picture	22	8889792	0	1	3153	3	0	3000
lm	240	Response	1	8894398	4606	2
lm	241	Picture	22	8929127	0	1	3153	2	0	3000
lm	241	Response	1	8933565	4438	1
lm	242	Picture	22	8968794	0	1	3153	2	0	3000
lm	242	Response	1	8976597	7803	1
lm	243	Picture	33	9004643	0	1	3153	3	0	3000
lm	243	Response	1	9012544	7901	2
lm	244	Picture	22	9037339	0	1	3153	3	0	3000
lm	244	Response	1	9043540	6201	2
lm	245	Picture	22	9066550	0	1	3153	2	0	3000
lm	245	Response	1	9080396	13846	2
lm	246	Picture	22	9103561	0	1	3153	3	0	3000
lm	246	Response	1	9109650	6089	1
lm	247	Picture	33	9138083	0	1	3153	2	0	3000
lm	248	Picture	22	9174264	0	1	3154	2	0	3000
lm	248	Response	1	9179266	5002	2
lm	249	Picture	33	9207458	0	1	3153	3	0	3000
lm	250	Picture	22	9237001	0	1	3153	2	0	3000
lm	250	Response	1	9242535	5534	1
lm	251	Picture	33	9266875	0	1	3154	2	0	3000
lm	252	Picture	22	9305878	0	1	3154	2	0	3000
lm	252	Response	1	9309343	3465	1
lm	253	Picture	22	9337246	0	2	3154	3	0	3000
lm	253	Response	1	9345602	8356	1
lm	254	Picture	22	9369113	0	1	3153	2	0	3000
lm	255	Picture	22	9406124	0	1	3153	2	0	3000
lm	255	Response	1	9427554	21430	1
lm	256	Picture	22	9443799	0	1	3153	3	0	3000
lm	256	Response	1	9451555	7756	1
lm	257	Picture	33	9475167	0	1	3154	2	0	3000
lm	257	Response	1	9475588	421	1
lm	258	Picture	22	9510187	0	1	3153	2	0	3000
lm	258	Response	1	9544245	34058	1
lm	259	Picture	33	9549854	0	1	3153	2	0	3000
lm	260	Picture	22	9587861	0	1	3153	2	0	3000
lm	260	Response	1	9603851	15990	1
lm	261	Picture	22	9625868	0	1	3153	2	0	3000
lm	261	Response	1	9630266	4398	2
lm	262	Picture	22	9662215	0	1	3153	3	0	3000
lm	262	Response	1	9666212	3997	1
lm	263	Picture	33	9691758	0	1	3153	2	0	3000
lm	264	Picture	22	9726279	0	2	3154	3	0	3000
lm	264	Response	1	9730597	4318	1
lm	265	Picture	22	9759805	0	2	3154	3	0	3000
lm	265	Response	1	9765249	5444	1
lm	266	Picture	22	9789016	0	1	3153	2	0	3000
lm	266	Response	1	9792991	3975	1
lm	267	Picture	22	9818393	0	1	3153	2	0	3000
lm	267	Response	1	9823775	5382	1
lm	268	Picture	22	9849429	0	1	3153	3	0	3000
lm	268	Response	1	9856537	7108	1
lm	269	Picture	22	9882291	0	1	3153	2	0	3000
lm	269	Response	1	9886651	4360	1
lm	270	Picture	22	9919136	0	1	3154	2	0	3000
lm	270	Response	1	9924370	5234	1
lm	271	Picture	33	9951998	0	2	3154	3	0	3000
lm	272	Picture	22	9983200	0	2	3154	3	0	3000
lm	272	Response	1	9988074	4874	2
lm	273	Picture	22	10013241	0	1	3153	3	0	3000
lm	273	Response	1	10017711	4470	1
lm	274	Picture	22	10053240	0	1	3153	2	0	3000
lm	274	Response	1	10062925	9685	2
lm	275	Picture	22	10090583	0	1	3153	2	0	3000
lm	275	Response	1	10096264	5681	2
lm	276	Picture	22	10128756	0	1	3153	3	0	3000
lm	276	Response	1	10143783	15027	1
lm	277	Picture	33	10160124	0	1	3154	2	0	3000
lm	278	Picture	22	10191658	0	2	3154	3	0	3000
lm	278	Response	1	10196070	4412	1
lm	279	Picture	33	10224023	0	1	3153	2	0	3000
lm	280	Picture	22	10253897	0	1	3154	2	0	3000
lm	280	Response	1	10261466	7569	2
lm	281	Picture	22	10288253	0	1	3153	2	0	3000
lm	282	Picture	22	10321447	0	1	3153	2	0	3000
lm	282	Response	1	10326741	5294	2
lm	283	Picture	33	10358126	0	1	3153	3	0	3000
lm	284	Picture	22	10391320	0	1	3153	3	0	3000
lm	284	Response	1	10412047	20727	2
lm	285	Picture	22	10431319	0	1	3153	2	0	3000
lm	286	Picture	22	10470654	0	1	3153	2	0	3000
lm	287	Picture	33	10502188	0	1	3153	2	0	3000
lm	288	Picture	22	10531896	0	2	3154	3	0	3000
lm	289	Picture	22	10565920	0	1	3154	2	0	3000
lm	289	Response	1	10569481	3561	1
lm	290	Picture	22	10594135	0	1	3153	3	0	3000
lm	290	Response	1	10603779	9644	1
lm	291	Picture	22	10628325	0	1	3153	2	0	3000
lm	291	Response	1	10648722	20397	1
lm	292	Picture	22	10662349	0	1	3153	2	0	3000
lm	292	Response	1	10673637	11288	2
lm	293	Picture	22	10698032	0	1	3154	2	0	3000
lm	294	Picture	22	10737533	0	1	3153	2	0	3000
lm	294	Response	1	10744099	6566	2
lm	295	Picture	33	10773880	0	1	3154	2	0	3000
lm	296	Picture	22	10805248	0	2	3154	3	0	3000
lm	296	Response	1	10816593	11345	2
lm	297	Picture	22	10841430	0	1	3153	2	0	3000
lm	298	Picture	22	10877611	0	2	3154	3	0	3000
lm	298	Response	1	10885708	8097	1
lm	299	Picture	22	10908150	0	1	3153	2	0	3000
lm	299	Response	1	10914985	6835	1
lm	300	Picture	22	10944995	0	1	3153	3	0	3000
lm	300	Response	1	10951727	6732	1
lm	301	Picture	22	10973708	0	1	3153	2	0	3000
lm	301	Response	1	10979620	5912	1
lm	302	Picture	22	11008893	0	2	3154	3	0	3000
lm	302	Response	1	11016688	7795	1
lm	303	Picture	33	11042917	0	1	3154	2	0	3000
lm	303	Response	1	11075491	32574	2


Event Type	Code	Type	Response	RT	RT Uncertainty	Time	Uncertainty	Duration	Uncertainty	ReqTime	ReqDur

Picture	22	hit	1	5482	3	289	2	3154	3	0	3000
Picture	33	miss				38463	1	3153	2	0	3000
Picture	22	hit	1	3691	4	77299	2	3154	3	0	3000
Picture	22	hit	1	2590	3	113813	1	3153	2	0	3000
Picture	22	hit	1	3008	3	146509	1	3153	2	0	3000
Picture	22	hit	1	3182	3	175055	2	3154	3	0	3000
Picture	22	hit	1	2951	2	205096	1	3153	3	0	3000
Picture	33	miss				234970	2	3154	3	0	3000
Picture	22	hit	1	3200	4	274471	2	3154	3	0	3000
Picture	33	hit	1	3450	2	302852	1	3154	2	0	3000
Picture	22	hit	1	3096	2	335216	1	3154	2	0	3000
Picture	22	hit	1	2974	2	369074	1	3153	3	0	3000
Picture	22	hit	1	2487	2	407247	1	3153	3	0	3000
Picture	22	hit	1	2501	3	437951	2	3154	3	0	3000
Picture	22	hit	1	4482	2	469652	1	3153	2	0	3000
Picture	22	hit	1	2621	3	503177	2	3154	3	0	3000
Picture	22	hit	1	2823	2	540687	1	3153	2	0	3000
Picture	33	hit	1	2899	3	575374	2	3154	3	0	3000
Picture	22	hit	1	2050	2	609730	1	3153	2	0	3000
Picture	22	hit	1	2649	2	649065	1	3153	2	0	3000
Picture	22	hit	1	2935	2	686076	1	3153	2	0	3000
Picture	22	hit	1	3711	2	714623	1	3153	2	0	3000
Picture	22	hit	1	3146	3	750472	1	3154	2	0	3000
Picture	33	hit	1	4802	2	784828	1	3153	2	0	3000
Picture	22	hit	1	3627	3	824163	1	3153	2	0	3000
Picture	33	hit	1	2975	3	855365	1	3153	3	0	3000
Picture	22	hit	1	3337	2	886733	1	3154	2	0	3000
Picture	22	hit	1	3663	3	917106	1	3153	2	0	3000
Picture	22	hit	1	3012	3	946980	1	3154	2	0	3000
Picture	33	miss				975693	1	3153	3	0	3000
Picture	22	hit	1	3084	2	1007725	1	3154	2	0	3000
Picture	22	hit	1	3163	2	1043741	1	3153	2	0	3000
Picture	22	hit	1	4127	2	1074943	1	3153	2	0	3000
Picture	22	hit	1	3128	2	1103490	1	3153	2	0	3000
Picture	22	hit	1	4259	2	1133530	1	3153	3	0	3000
Picture	33	miss				1162907	1	3153	2	0	3000
Picture	22	hit	1	3650	3	1192449	2	3154	3	0	3000
Picture	22	hit	1	3754	2	1231452	1	3154	2	0	3000
Picture	22	hit	1	3738	2	1269957	1	3154	2	0	3000
Picture	22	hit	1	3403	2	1304645	1	3153	2	0	3000
Picture	22	hit	1	4930	3	1334021	2	3154	3	0	3000
Picture	22	hit	1	3256	2	1363232	1	3153	3	0	3000
Picture	22	hit	1	3124	2	1392443	1	3153	2	0	3000
Picture	33	hit	1	3953	2	1431280	1	3153	2	0	3000
Picture	22	hit	1	4292	3	1465635	2	3154	3	0	3000
Picture	22	hit	1	4435	2	1502647	1	3153	2	0	3000
Picture	22	hit	1	4308	2	1535177	1	3153	2	0	3000
Picture	33	miss				1573018	1	3153	2	0	3000
Picture	22	miss				1603556	1	3154	2	0	3000
Picture	22	hit	1	4007	2	1634095	1	3153	2	0	3000
Picture	22	hit	1	4115	2	1669612	1	3153	3	0	3000
Picture	22	hit	1	4908	2	1699985	1	3153	2	0	3000
Picture	22	hit	1	3326	2	1731021	1	3153	2	0	3000
Picture	33	miss				1763717	1	3153	2	0	3000
Picture	22	hit	1	3256	3	1793923	2	3154	3	0	3000
Picture	22	hit	1	3617	2	1829773	1	3153	2	0	3000
Picture	22	hit	1	3659	2	1863465	1	3153	2	0	3000
Picture	22	hit	1	4158	3	1903131	2	3154	3	0	3000
Picture	22	hit	1	4383	2	1934334	1	3153	2	0	3000
Picture	22	hit	1	6217	2	1965702	1	3153	2	0	3000
Picture	22	hit	1	3784	3	2001219	2	3154	3	0	3000
Picture	33	hit	1	3587	2	2035741	1	3153	3	0	3000
Picture	22	hit	1	4087	2	2075242	1	3153	2	0	3000
Picture	33	miss				2104287	1	3153	2	0	3000
Picture	22	hit	1	4755	4	2138144	2	3154	3	0	3000
Picture	22	hit	1	3816	3	2169513	1	3153	2	0	3000
Picture	22	hit	1	5220	2	2208184	1	3153	2	0	3000
Picture	33	miss				2239220	1	3153	2	0	3000
Picture	22	hit	1	4002	2	2267767	1	3153	2	0	3000
Picture	22	hit	1	3875	3	2297143	2	3154	3	0	3000
Picture	22	hit	1	4465	3	2332495	1	3153	2	0	3000
Picture	33	miss				2368178	2	3154	3	0	3000
Picture	22	hit	1	3130	2	2396559	1	3154	2	0	3000
Picture	33	miss				2428757	2	3154	3	0	3000
Picture	22	hit	1	4024	3	2466930	2	3154	3	0	3000
Picture	22	hit	1	5682	2	2501784	1	3153	3	0	3000
Picture	22	hit	1	3928	2	2530165	1	3153	2	0	3000
Picture	33	miss				2561865	1	3153	2	0	3000
Picture	22	hit	1	3774	2	2599042	1	3154	2	0	3000
Picture	22	hit	1	3962	3	2632734	1	3153	3	0	3000
Picture	22	hit	1	5098	2	2668252	1	3153	2	0	3000
Picture	33	miss				2703769	1	3153	3	0	3000
Picture	22	hit	1	3821	3	2741610	1	3154	2	0	3000
Picture	22	hit	1	5619	2	2770655	1	3153	2	0	3000
Picture	22	hit	1	3654	2	2803517	1	3153	2	0	3000
Picture	22	hit	1	4700	2	2839864	1	3154	2	0	3000
Picture	22	hit	1	4464	2	2873390	1	3153	3	0	3000
Picture	33	miss				2906252	1	3153	3	0	3000
Picture	22	hit	1	4166	4	2937454	2	3154	3	0	3000
Picture	22	hit	1	3253	2	2966997	1	3153	3	0	3000
Picture	22	hit	1	4759	2	3005834	1	3153	2	0	3000
Picture	33	miss				3045667	1	3153	2	0	3000
Picture	22	hit	1	3168	2	3076703	1	3153	3	0	3000
Picture	22	hit	1	9501	3	3112718	2	3154	3	0	3000
Picture	22	hit	1	3464	3	3150062	1	3153	2	0	3000
Picture	33	miss				3181596	1	3153	2	0	3000
Picture	22	hit	1	2521	2	3219769	1	3153	2	0	3000
Picture	33	miss				3257942	1	3153	2	0	3000
Picture	22	hit	1	3319	2	3289642	1	3153	3	0	3000
Picture	22	hit	1	4406	3	3320346	2	3154	3	0	3000
Picture	22	hit	1	3916	3	3355698	1	3153	3	0	3000
Picture	22	hit	1	4100	4	3392377	2	3154	3	0	3000
Picture	22	hit	1	3981	2	3423580	1	3153	2	0	3000
Picture	22	hit	1	4814	2	3461255	1	3153	2	0	3000
Picture	22	hit	1	4666	2	3494615	1	3153	2	0	3000
Picture	33	miss				3524323	1	3154	2	0	3000
Picture	22	hit	1	4015	3	3560173	1	3153	2	0	3000
Picture	22	hit	1	4076	3	3595192	2	3154	3	0	3000
Picture	22	hit	1	3668	2	3635025	1	3153	3	0	3000
Picture	33	miss				3667555	1	3153	3	0	3000
Picture	22	hit	1	3712	3	3697761	2	3154	3	0	3000
Picture	22	hit	1	5342	2	3729462	1	3153	2	0	3000
Picture	22	hit	1	3138	2	3760000	1	3154	2	0	3000
Picture	22	hit	1	3857	4	3796347	2	3154	3	0	3000
Picture	22	hit	1	4348	3	3830371	2	3154	3	0	3000
Picture	22	hit	1	2941	2	3864561	1	3154	2	0	3000
Picture	22	hit	1	5014	2	3902236	1	3154	2	0	3000
Picture	33	miss				3941239	1	3153	3	0	3000
Picture	22	hit	1	3676	3	3972939	2	3154	3	0	3000
Picture	22	hit	1	3958	2	4003810	1	3153	2	0	3000
Picture	22	hit	1	4623	2	4034348	1	3153	3	0	3000
Picture	33	miss				4062563	1	3153	3	0	3000
Picture	22	hit	1	3014	3	4093599	2	3154	3	0	3000
Picture	22	hit	1	3881	2	4122312	1	3153	3	0	3000
Picture	22	hit	1	4437	2	4160153	1	3153	3	0	3000
Picture	22	hit	1	5315	2	4195339	1	3153	2	0	3000
Picture	22	hit	1	8224	2	4231686	1	3153	3	0	3000
Picture	33	miss				4269527	1	3154	2	0	3000
Picture	22	hit	1	2737	2	4300564	1	3153	2	0	3000
Picture	22	hit	1	3253	2	4336413	1	3153	3	0	3000
Picture	22	hit	1	3665	3	4368445	1	3153	3	0	3000
Picture	22	hit	1	5058	3	4397988	1	3153	2	0	3000
Picture	22	hit	1	5390	2	4434667	1	3153	3	0	3000
Picture	33	miss				4466533	1	3154	2	0	3000
Picture	22	hit	1	4686	2	4499561	1	3154	2	0	3000
Picture	22	hit	1	8456	3	4536406	2	3154	3	0	3000
Picture	22	hit	1	8486	3	4570264	2	3154	3	0	3000
Picture	22	hit	1	3345	2	4607110	1	3153	2	0	3000
Picture	22	hit	1	3695	3	4641299	2	3154	3	0	3000
Picture	22	hit	1	5948	2	4670178	1	3153	3	0	3000
Picture	22	hit	1	3284	2	4703372	1	3153	3	0	3000
Picture	33	hit	1	27940	3	4734242	2	3154	3	0	3000
Picture	22	miss				4774075	1	3153	3	0	3000
Picture	22	hit	1	3342	2	4809925	1	3153	2	0	3000
Picture	22	hit	1	2917	5	4843118	2	3154	3	0	3000
Picture	33	hit	1	21606	3	4879798	1	3153	2	0	3000
Picture	22	hit	1	2645	2	4913324	1	3153	2	0	3000
Picture	33	miss				4949671	1	3153	3	0	3000
Picture	22	hit	1	3942	2	4989670	1	3153	2	0	3000
Picture	22	hit	1	5741	2	5028009	1	3153	2	0	3000
Picture	22	hit	1	5193	2	5063858	1	3154	2	0	3000
Picture	33	miss				5096886	1	3154	2	0	3000
Picture	22	hit	1	5339	2	6042748	1	3153	2	0	3000
Picture	22	hit	1	3191	3	6071294	2	3154	3	0	3000
Picture	22	hit	1	3691	3	6109633	2	3154	3	0	3000
Picture	33	miss				6148636	2	3154	3	0	3000
Picture	22	hit	1	2630	3	6181332	2	3154	3	0	3000
Picture	22	hit	1	4697	2	6212701	1	3153	2	0	3000
Picture	22	hit	1	3152	3	6251869	2	3154	3	0	3000
Picture	22	hit	1	10095	2	6291370	1	3154	2	0	3000
Picture	22	hit	1	3416	3	6322406	2	3154	3	0	3000
Picture	33	miss				6357426	1	3154	2	0	3000
Picture	22	hit	1	4556	3	6395267	1	3154	2	0	3000
Picture	22	hit	1	4446	3	6433772	1	3154	2	0	3000
Picture	22	hit	1	4161	2	6473605	1	3153	2	0	3000
Picture	33	hit	1	3326	3	6505139	1	3154	2	0	3000
Picture	22	hit	1	5674	3	6534350	1	3153	2	0	3000
Picture	33	hit	1	5093	2	6566714	1	3153	2	0	3000
Picture	22	hit	1	4746	2	6595261	1	3153	2	0	3000
Picture	33	miss				6628621	1	3153	2	0	3000
Picture	22	hit	1	5269	2	6661981	1	3153	2	0	3000
Picture	22	hit	1	5358	3	6696004	2	3154	3	0	3000
Picture	22	hit	1	6948	2	6732684	1	3153	2	0	3000
Picture	33	miss				6768865	1	3153	3	0	3000
Picture	22	hit	1	3754	2	6806872	1	3153	3	0	3000
Picture	22	hit	1	6613	2	6836249	1	3153	2	0	3000
Picture	22	hit	1	4930	2	6873426	1	3153	3	0	3000
Picture	33	miss				6903964	2	3154	3	0	3000
Picture	22	hit	1	6029	2	6937656	1	3154	2	0	3000
Picture	33	miss				6971846	1	3153	3	0	3000
Picture	22	hit	1	3207	2	7005040	1	3153	3	0	3000
Picture	22	hit	1	7990	3	7034914	2	3154	3	0	3000
Picture	22	hit	1	12074	3	7068108	2	3154	3	0	3000
Picture	33	miss				7101800	2	3154	3	0	3000
Picture	22	hit	1	4509	6	7132505	1	3153	2	0	3000
Picture	22	hit	1	4023	3	7161715	2	3154	3	0	3000
Picture	22	hit	1	4216	2	7201548	1	3153	3	0	3000
Picture	33	miss				7235074	1	3153	3	0	3000
Picture	22	hit	1	3845	2	7268434	1	3153	2	0	3000
Picture	33	miss				7299304	1	3154	2	0	3000
Picture	22	hit	1	4502	2	7327851	1	3153	3	0	3000
Picture	33	miss				7365194	1	3154	2	0	3000
Picture	22	hit	1	5657	3	7396396	2	3154	3	0	3000
Picture	22	hit	1	5696	3	7429424	2	3154	3	0	3000
Picture	22	hit	1	2961	3	7467929	2	3154	3	0	3000
Picture	22	hit	1	4019	3	7501289	2	3154	3	0	3000
Picture	22	hit	1	4898	3	7537305	1	3153	2	0	3000
Picture	33	miss				7570001	1	3153	2	0	3000
Picture	22	hit	1	4832	2	7608838	1	3153	2	0	3000
Picture	22	hit	1	11374	2	7637219	1	3153	2	0	3000
Picture	22	hit	1	6706	2	7674064	1	3153	2	0	3000
Picture	22	hit	1	5795	3	7702279	1	3153	2	0	3000
Picture	22	hit	1	5044	4	7736634	2	3154	3	0	3000
Picture	33	miss				7774144	1	3153	2	0	3000
Picture	22	hit	1	8213	2	7803686	1	3154	2	0	3000
Picture	22	hit	1	11045	2	7838872	1	3153	2	0	3000
Picture	22	hit	1	5095	2	7876381	1	3153	2	0	3000
Picture	22	hit	1	5634	3	7907251	2	3154	3	0	3000
Picture	22	hit	1	5136	3	7941939	1	3153	2	0	3000
Picture	22	hit	1	8873	3	7974137	1	3153	3	0	3000
Picture	22	hit	1	5046	2	8007995	1	3153	2	0	3000
Picture	33	miss				8037703	2	3154	3	0	3000
Picture	22	hit	1	4583	2	8072889	1	3153	3	0	3000
Picture	22	hit	1	6414	3	8109900	2	3154	3	0	3000
Picture	22	hit	1	18747	2	8146746	1	3153	2	0	3000
Picture	33	miss				8176288	1	3154	2	0	3000
Picture	22	hit	1	5086	2	8209150	1	3154	2	0	3000
Picture	22	hit	1	3438	3	8246825	2	3154	3	0	3000
Picture	22	hit	1	7316	3	8284666	2	3154	3	0	3000
Picture	33	miss				8312881	2	3154	3	0	3000
Picture	22	hit	1	3482	2	8352548	1	3153	3	0	3000
Picture	22	hit	1	4900	2	8387568	1	3153	2	0	3000
Picture	22	hit	1	10191	2	8423417	1	3154	2	0	3000
Picture	22	hit	1	12726	2	8463084	1	3153	2	0	3000
Picture	22	hit	1	8332	3	8498269	2	3154	3	0	3000
Picture	33	miss				8535281	1	3153	2	0	3000
Picture	22	hit	1	3472	2	8568641	1	3153	2	0	3000
Picture	22	hit	1	7721	3	8607312	1	3153	2	0	3000
Picture	22	hit	1	5772	2	8638016	1	3153	2	0	3000
Picture	22	hit	1	6958	2	8667393	1	3153	2	0	3000
Picture	22	hit	1	5888	3	8699757	1	3153	2	0	3000
Picture	33	miss				8731789	1	3153	2	0	3000
Picture	22	hit	1	12733	3	8768634	2	3154	3	0	3000
Picture	22	hit	1	7330	2	8798011	1	3153	2	0	3000
Picture	22	hit	1	6908	3	8828715	1	3154	2	0	3000
Picture	22	hit	1	5200	2	8858590	1	3153	2	0	3000
Picture	22	hit	1	4606	3	8889792	1	3153	3	0	3000
Picture	22	hit	1	4438	2	8929127	1	3153	2	0	3000
Picture	22	hit	1	7803	2	8968794	1	3153	2	0	3000
Picture	33	hit	1	7901	3	9004643	1	3153	3	0	3000
Picture	22	hit	1	6201	3	9037339	1	3153	3	0	3000
Picture	22	hit	1	13846	3	9066550	1	3153	2	0	3000
Picture	22	hit	1	6089	2	9103561	1	3153	3	0	3000
Picture	33	miss				9138083	1	3153	2	0	3000
Picture	22	hit	1	5002	3	9174264	1	3154	2	0	3000
Picture	33	miss				9207458	1	3153	3	0	3000
Picture	22	hit	1	5534	2	9237001	1	3153	2	0	3000
Picture	33	miss				9266875	1	3154	2	0	3000
Picture	22	hit	1	3465	2	9305878	1	3154	2	0	3000
Picture	22	hit	1	8356	3	9337246	2	3154	3	0	3000
Picture	22	miss				9369113	1	3153	2	0	3000
Picture	22	hit	1	21430	2	9406124	1	3153	2	0	3000
Picture	22	hit	1	7756	2	9443799	1	3153	3	0	3000
Picture	33	hit	1	421	2	9475167	1	3154	2	0	3000
Picture	22	hit	1	34058	2	9510187	1	3153	2	0	3000
Picture	33	miss				9549854	1	3153	2	0	3000
Picture	22	hit	1	15990	2	9587861	1	3153	2	0	3000
Picture	22	hit	1	4398	3	9625868	1	3153	2	0	3000
Picture	22	hit	1	3997	2	9662215	1	3153	3	0	3000
Picture	33	miss				9691758	1	3153	2	0	3000
Picture	22	hit	1	4318	3	9726279	2	3154	3	0	3000
Picture	22	hit	1	5444	3	9759805	2	3154	3	0	3000
Picture	22	hit	1	3975	2	9789016	1	3153	2	0	3000
Picture	22	hit	1	5382	2	9818393	1	3153	2	0	3000
Picture	22	hit	1	7108	2	9849429	1	3153	3	0	3000
Picture	22	hit	1	4360	2	9882291	1	3153	2	0	3000
Picture	22	hit	1	5234	2	9919136	1	3154	2	0	3000
Picture	33	miss				9951998	2	3154	3	0	3000
Picture	22	hit	1	4874	4	9983200	2	3154	3	0	3000
Picture	22	hit	1	4470	2	10013241	1	3153	3	0	3000
Picture	22	hit	1	9685	3	10053240	1	3153	2	0	3000
Picture	22	hit	1	5681	3	10090583	1	3153	2	0	3000
Picture	22	hit	1	15027	2	10128756	1	3153	3	0	3000
Picture	33	miss				10160124	1	3154	2	0	3000
Picture	22	hit	1	4412	3	10191658	2	3154	3	0	3000
Picture	33	miss				10224023	1	3153	2	0	3000
Picture	22	hit	1	7569	3	10253897	1	3154	2	0	3000
Picture	22	miss				10288253	1	3153	2	0	3000
Picture	22	hit	1	5294	3	10321447	1	3153	2	0	3000
Picture	33	miss				10358126	1	3153	3	0	3000
Picture	22	hit	1	20727	3	10391320	1	3153	3	0	3000
Picture	22	miss				10431319	1	3153	2	0	3000
Picture	22	miss				10470654	1	3153	2	0	3000
Picture	33	miss				10502188	1	3153	2	0	3000
Picture	22	miss				10531896	2	3154	3	0	3000
Picture	22	hit	1	3561	2	10565920	1	3154	2	0	3000
Picture	22	hit	1	9644	2	10594135	1	3153	3	0	3000
Picture	22	hit	1	20397	2	10628325	1	3153	2	0	3000
Picture	22	hit	1	11288	3	10662349	1	3153	2	0	3000
Picture	22	miss				10698032	1	3154	2	0	3000
Picture	22	hit	1	6566	3	10737533	1	3153	2	0	3000
Picture	33	miss				10773880	1	3154	2	0	3000
Picture	22	hit	1	11345	4	10805248	2	3154	3	0	3000
Picture	22	miss				10841430	1	3153	2	0	3000
Picture	22	hit	1	8097	3	10877611	2	3154	3	0	3000
Picture	22	hit	1	6835	2	10908150	1	3153	2	0	3000
Picture	22	hit	1	6732	2	10944995	1	3153	3	0	3000
Picture	22	hit	1	5912	2	10973708	1	3153	2	0	3000
Picture	22	hit	1	7795	3	11008893	2	3154	3	0	3000
Picture	33	hit	1	32574	3	11042917	1	3154	2	0	3000
