Scenario - EFT lento Abril 2011
Logfile written - 07/05/2011 15:35:02

Subject	Trial	Event Type	Code	Time	TTime	Uncertainty	Duration	Uncertainty	ReqTime	ReqDur

dp	2	Picture	10	10414	0	1	3153	2	0	3000
dp	3	Response	1	16850	3117	1
dp	4	Picture	21	47923	0	1	3153	2	0	3000
dp	5	Response	2	53539	2297	1
dp	6	Picture	21	81283	0	1	3153	2	0	3000
dp	7	Response	2	86724	2122	1
dp	8	Picture	10	118792	0	1	3153	2	0	3000
dp	9	Response	1	126748	4637	1
dp	10	Picture	21	157961	0	1	3153	2	0	3000
dp	11	Response	2	162643	1363	1
dp	12	Picture	20	196300	0	1	3153	2	0	3000
dp	13	Response	2	203815	4196	1
dp	14	Picture	10	230821	0	2	3154	3	0	3000
dp	15	Response	1	236499	2358	2
dp	16	Picture	11	268828	0	2	3154	3	0	3000
dp	17	Response	1	274544	2396	1
dp	18	Picture	20	299533	0	1	3153	2	0	3000
dp	19	Response	2	310289	7437	1
dp	20	Picture	11	338868	0	1	3153	2	0	3000
dp	21	Response	1	348009	5822	1
dp	22	Picture	10	376045	0	1	3153	2	0	3000
dp	23	Response	1	384113	4749	1
dp	24	Picture	11	407081	0	1	3154	2	0	3000
dp	25	Response	1	413819	3418	1
dp	26	Picture	11	444092	0	2	3154	3	0	3000
dp	27	Response	1	450094	2682	1
dp	28	Picture	20	483427	0	1	3154	2	0	3000
dp	29	Response	2	490232	3485	1
dp	30	Picture	21	521102	0	2	3154	3	0	3000
dp	31	Response	2	528659	4237	2
dp	32	Picture	21	558279	0	2	3154	3	0	3000
dp	33	Response	2	564169	2570	1
dp	34	Picture	11	596287	0	1	3153	2	0	3000
dp	35	Response	1	602097	2491	2
dp	36	Picture	11	633463	0	4	3154	5	0	3000
dp	37	Response	1	641765	4982	2
dp	38	Picture	20	669313	0	2	3154	3	0	3000
dp	39	Response	2	675361	2728	1
dp	40	Picture	10	703669	0	1	3153	2	0	3000
dp	41	Response	1	715297	8309	1
dp	42	Picture	21	739850	0	2	3154	3	0	3000
dp	43	Response	2	752670	9500	2
dp	44	Picture	20	768895	0	1	3153	3	0	3000
dp	45	Response	2	778429	6215	2
dp	46	Picture	21	809223	0	4	3156	5	0	3000
dp	47	Response	2	817066	4521	1
dp	48	Picture	10	838104	0	2	3154	3	0	3000
dp	49	Response	2	847866	6442	2
dp	49	Response	1	851606	10182	1
dp	50	Picture	11	871464	0	2	3154	3	0	3000
dp	51	Response	1	879252	4468	1
dp	52	Picture	21	904326	0	2	3154	3	0	3000
dp	53	Response	2	913378	5732	2
dp	54	Picture	11	937188	0	2	3154	3	0	3000
dp	55	Response	1	944295	3787	1
dp	56	Picture	11	977187	0	1	3153	2	0	3000
dp	57	Response	1	987379	6873	1
dp	58	Picture	10	1006066	0	1	3153	2	0	3000
dp	59	Response	1	1016906	7523	2
dp	60	Picture	21	1044902	0	2	3154	3	0	3000
dp	61	Response	2	1052416	4194	1
dp	62	Picture	21	1076603	0	1	3153	2	0	3000
dp	63	Response	2	1086008	6086	1
dp	64	Picture	10	1108967	0	1	3153	2	0	3000
dp	65	Response	1	1115742	3456	2
dp	66	Picture	21	1144650	0	2	3154	3	0	3000
dp	67	Response	2	1151903	3933	1
dp	68	Picture	10	1176848	0	2	3154	3	0	3000
dp	69	Response	1	1185765	5597	2
dp	70	Picture	21	1214358	0	1	3153	2	0	3000
dp	71	Response	2	1221602	3925	1
dp	72	Picture	10	1254522	0	2	3154	3	0	3000
dp	73	Response	1	1264953	7111	1
dp	74	Picture	10	1283235	0	1	3153	2	0	3000
dp	75	Response	1	1289737	3183	1
dp	76	Picture	11	1318752	0	2	3154	3	0	3000
dp	77	Response	1	1325249	3177	1
dp	78	Picture	11	1352112	0	2	3154	3	0	3000
dp	79	Response	1	1359665	4233	1
dp	80	Picture	11	1390285	0	2	3154	3	0	3000
dp	81	Response	1	1400660	7055	1
dp	82	Picture	10	1419164	0	1	3154	2	0	3000
dp	83	Response	1	1433844	11361	1
dp	84	Picture	21	1457171	0	1	3154	2	0	3000
dp	85	Response	2	1468205	7714	1
dp	86	Picture	11	1491029	0	1	3153	3	0	3000
dp	87	Response	1	1499856	5508	1
dp	88	Picture	11	1529368	0	1	3153	2	0	3000
dp	89	Response	1	1536043	3356	2
dp	90	Picture	21	1560404	0	2	3154	3	0	3000
dp	91	Response	2	1570672	6948	1
dp	92	Picture	11	1592602	0	2	3154	3	0	3000
dp	93	Response	1	1599644	3722	1
dp	94	Picture	20	1625796	0	2	3154	3	0	3000
dp	95	Response	2	1635628	6512	2
dp	96	Picture	10	1654509	0	1	3154	2	0	3000
dp	97	Response	1	1662564	4736	2
dp	98	Picture	10	1684218	0	1	3153	2	0	3000
dp	99	Response	1	1696693	9156	2
dp	100	Picture	21	1714424	0	1	3154	2	0	3000
dp	101	Response	2	1720566	2822	2
dp	102	Picture	21	1750274	0	1	3153	2	0	3000
dp	103	Response	2	1761474	7881	2
dp	104	Picture	10	1788944	0	2	3154	3	0	3000
dp	105	Response	1	1796693	4429	1
dp	106	Picture	10	1825623	0	4	3154	5	0	3000
dp	107	Response	1	1833812	4869	2
dp	108	Picture	10	1856660	0	1	3154	2	0	3000
dp	109	Response	1	1864033	4054	2
dp	110	Picture	20	1893837	0	2	3154	3	0	3000
dp	111	Response	2	1901242	4085	1
dp	112	Picture	21	1923712	0	1	3153	2	0	3000
dp	113	Response	2	1930331	3300	1
dp	114	Picture	10	1960889	0	1	3153	3	0	3000
dp	115	Response	1	1968885	4677	1
dp	116	Picture	20	1989768	0	1	3153	2	0	3000
dp	117	Response	2	2000101	7014	1
dp	118	Picture	20	2026281	0	1	3154	2	0	3000
dp	119	Response	2	2036592	6992	2
dp	120	Picture	11	2061135	0	1	3153	2	0	3000
dp	121	Response	1	2067367	2913	1
dp	122	Picture	11	2092503	0	1	3153	3	0	3000
dp	123	Response	1	2099546	3724	2
dp	124	Picture	21	2129348	0	2	3154	3	0	3000
dp	125	Response	2	2134860	2192	2
dp	126	Picture	21	2160551	0	1	3153	2	0	3000
dp	127	Response	2	2165816	1946	2
dp	128	Picture	21	2195238	0	2	3154	3	0	3000
dp	129	Response	2	2201964	3406	2
dp	130	Picture	21	2223951	0	1	3153	3	0	3000
dp	131	Response	2	2233665	6395	1
dp	132	Picture	11	2254821	0	2	3154	3	0	3000
dp	133	Response	1	2262672	4531	2
dp	134	Picture	20	2294488	0	1	3153	3	0	3000
dp	135	Response	2	2306971	9164	1
dp	136	Picture	11	2326520	0	2	3154	3	0	3000
dp	137	Response	1	2340575	10735	1
dp	138	Picture	21	2360378	0	1	3153	3	0	3000
dp	139	Response	2	2370546	6849	1
dp	140	Picture	11	2392742	0	1	3154	2	0	3000
dp	141	Response	1	2399581	3519	1
dp	142	Picture	10	2422617	0	1	3153	2	0	3000
dp	143	Response	1	2431386	5450	2
dp	144	Picture	21	2454649	0	1	3153	2	0	3000
dp	145	Response	2	2459947	1979	2
dp	146	Picture	20	2489171	0	1	3153	2	0	3000
dp	147	Response	2	2498768	6278	2
dp	148	Picture	21	2525518	0	1	3153	2	0	3000
dp	149	Response	2	2534228	5391	2
dp	150	Picture	21	2563027	0	1	3153	3	0	3000
dp	151	Response	2	2571380	5034	1
dp	152	Picture	11	2597549	0	1	3153	2	0	3000
dp	153	Response	1	2603778	2910	1
dp	154	Picture	20	2636552	0	1	3152	4	0	3000
dp	155	Response	2	2648432	8561	1
dp	156	Picture	20	2665264	0	2	3154	3	0	3000
dp	157	Response	2	2674814	6230	1
dp	158	Picture	21	2701280	0	1	3153	2	0	3000
dp	159	Response	2	2707397	2798	1
dp	160	Picture	11	2738457	0	1	3153	3	0	3000
dp	161	Response	1	2743680	1904	1
dp	162	Picture	10	2770655	0	1	3153	3	0	3000
dp	163	Response	2	2775038	1064	2
dp	163	Response	1	2784834	10860	2
dp	164	Picture	21	2804015	0	1	3153	3	0	3000
dp	165	Response	2	2810766	3432	1
dp	166	Picture	20	2833226	0	1	3153	2	0	3000
dp	167	Response	2	2844575	8030	1
dp	168	Picture	21	2867913	0	2	3154	3	0	3000
dp	169	Response	2	2875110	3877	2
dp	170	Picture	20	2898286	0	1	3153	2	0	3000
dp	171	Response	2	2909242	7637	2
dp	172	Picture	11	2928326	0	2	3154	3	0	3000
dp	173	Response	2	2939336	7690	1
dp	173	Response	1	2944648	13002	1
dp	174	Picture	21	2967993	0	1	3153	3	0	3000
dp	175	Response	2	2973674	2362	1
dp	176	Picture	21	3007660	0	1	3153	2	0	3000
dp	177	Response	2	3013789	2810	2
dp	178	Picture	10	3045169	0	1	3153	2	0	3000
dp	179	Response	1	3055238	6750	1
dp	180	Picture	10	3077699	0	1	3153	2	0	3000
dp	181	Response	1	3091991	10973	1
dp	182	Picture	11	3110727	0	1	3153	2	0	3000
dp	183	Response	1	3121495	7449	1
dp	184	Picture	20	3148568	0	1	3153	3	0	3000
dp	185	Response	2	3156395	4508	2
dp	186	Picture	10	3177613	0	1	3153	2	0	3000
dp	187	Response	1	3187174	6242	1
dp	188	Picture	11	3211304	0	2	3154	3	0	3000
dp	189	Response	1	3219533	4909	1
dp	190	Picture	20	3250971	0	2	3154	3	0	3000
dp	191	Response	2	3263476	9185	1
dp	192	Picture	10	3281510	0	1	3153	2	0	3000
dp	193	Response	1	3292317	7488	1
dp	194	Picture	20	3316197	0	2	3154	3	0	3000
dp	195	Response	2	3330460	10943	1
dp	196	Picture	11	3356528	0	1	3153	2	0	3000
dp	197	Response	1	3365834	5987	2
dp	198	Picture	21	3386403	0	1	3153	2	0	3000
dp	199	Response	2	3397161	7439	2
dp	200	Picture	10	3417605	0	1	3153	2	0	3000
dp	202	Picture	20	3447811	0	2	3154	3	0	3000
dp	203	Response	2	3457409	6278	1
dp	204	Picture	10	3485818	0	2	3154	3	0	3000
dp	205	Response	1	3492361	3223	1
dp	206	Picture	11	3519012	0	2	3154	3	0	3000
dp	207	Response	1	3527842	5510	2
dp	208	Picture	10	3555857	0	2	3154	3	0	3000
dp	209	Response	1	3562677	3524	1
dp	210	Picture	21	3588056	0	1	3153	2	0	3000
dp	211	Response	2	3594972	3597	1
dp	212	Picture	20	3623241	0	2	3154	3	0	3000
dp	213	Response	2	3633675	7114	1
dp	214	Picture	11	3654112	0	1	3153	2	0	3000
dp	215	Response	1	3664183	6752	1
dp	216	Picture	11	3684318	0	1	3153	3	0	3000
dp	217	Response	1	3692359	4722	2
dp	218	Picture	21	3724151	0	1	3153	4	0	3000
dp	219	Response	2	3732353	4883	1
dp	220	Picture	21	3759668	0	2	3154	3	0	3000
dp	221	Response	2	3771288	8300	1
dp	222	Picture	20	3795352	0	1	3153	2	0	3000
dp	223	Response	2	3806945	8274	2
dp	224	Picture	20	3834355	0	1	3153	2	0	3000
dp	225	Response	2	3844143	6469	1
dp	226	Picture	20	3864893	0	1	3153	3	0	3000
dp	227	Response	2	3875264	7052	2
dp	228	Picture	20	3894104	0	1	3153	2	0	3000
dp	229	Response	2	3903646	6223	2
dp	230	Picture	10	3932941	0	1	3153	2	0	3000
dp	231	Response	1	3942698	6438	1
dp	232	Picture	11	3966300	0	2	3154	3	0	3000
dp	233	Response	1	3972351	2731	1
dp	234	Picture	11	4004308	0	1	3153	2	0	3000
dp	235	Response	1	4010192	2565	1
dp	236	Picture	10	4043974	0	2	3154	3	0	3000
dp	237	Response	1	4054930	7636	1
dp	238	Picture	21	4075674	0	2	3154	3	0	3000
dp	239	Response	2	4086464	7470	1
dp	240	Picture	10	4107209	0	1	3153	2	0	3000
dp	241	Response	1	4118853	8325	2
dp	242	Picture	20	4143390	0	1	3154	2	0	3000
dp	243	Response	2	4152746	6036	1
dp	244	Picture	20	4173763	0	1	3153	2	0	3000
dp	245	Response	2	4184876	7794	1
dp	246	Picture	20	4210110	0	1	3153	3	0	3000
dp	247	Response	2	4217857	4428	1
dp	248	Picture	11	4249113	0	1	3153	2	0	3000
dp	249	Response	1	4260391	7959	1
dp	250	Picture	21	4279817	0	1	3154	2	0	3000
dp	251	Response	2	4290480	7343	1
dp	252	Picture	11	4310356	0	1	3153	2	0	3000
dp	253	Response	1	4319070	5395	2
dp	254	Picture	20	4349856	0	2	3154	3	0	3000
dp	255	Response	2	4358677	5501	1
dp	256	Picture	10	4388693	0	2	3154	3	0	3000
dp	257	Response	1	4395550	3537	1
dp	258	Picture	21	4423879	0	1	3153	2	0	3000
dp	259	Response	2	4432620	5422	1
dp	260	Picture	10	4461886	0	1	3153	2	0	3000
dp	261	Response	1	4469041	3836	1
dp	262	Picture	21	4491428	0	2	3154	3	0	3000
dp	263	Response	2	4498094	3346	1
dp	264	Picture	20	4531593	0	1	3154	2	0	3000
dp	265	Response	2	4538029	3116	1
dp	266	Picture	10	4564787	0	1	3154	2	0	3000
dp	267	Response	1	4571279	3172	1
dp	268	Picture	21	4598811	0	1	3153	2	0	3000
dp	269	Response	2	4607387	5257	1
dp	270	Picture	21	4635490	0	1	3154	2	0	3000
dp	271	Response	2	4643318	4530	1
dp	272	Picture	20	4671672	0	1	3152	5	0	3000
dp	273	Response	2	4683290	8299	1
dp	274	Picture	10	4711006	0	2	3154	3	0	3000
dp	275	Response	1	4719018	4692	1
dp	276	Picture	20	4741379	0	1	3153	2	0	3000
dp	277	Response	2	4750933	6235	1
dp	278	Picture	20	4774407	0	1	3153	2	0	3000
dp	279	Response	2	4789833	12107	2
dp	280	Picture	20	4805277	0	1	3154	2	0	3000
dp	281	Response	2	4815480	6883	1
dp	282	Picture	20	4844446	0	1	3153	2	0	3000
dp	283	Response	2	4852087	4322	1
dp	284	Picture	21	4877640	0	1	3153	2	0	3000
dp	285	Response	2	4883981	3022	1
dp	286	Picture	21	4914319	0	2	3154	3	0	3000
dp	287	Response	2	4921943	4304	2
dp	288	Picture	21	4952990	0	1	3154	2	0	3000
dp	289	Response	2	4959583	3273	1
dp	290	Picture	11	4983197	0	1	3153	2	0	3000
dp	291	Response	1	4994456	7940	1
dp	292	Picture	11	5022697	0	2	3154	3	0	3000
dp	293	Response	1	5032007	5990	2
dp	294	Picture	11	5052406	0	1	3153	3	0	3000
dp	295	Response	1	5059512	3787	1
dp	296	Picture	11	5092239	0	1	3153	2	0	3000
dp	297	Response	1	5097383	1825	1
dp	298	Picture	20	5122777	0	1	3153	3	0	3000
dp	299	Response	2	5135947	9850	2
dp	300	Picture	21	5152984	0	1	3153	2	0	3000
dp	301	Response	2	5171114	14811	2
dp	302	Response	1	6280889	1098031	1
dp	304	Picture	10	6301162	0	1	3153	2	0	3000
dp	305	Response	1	6309383	4902	1
dp	306	Picture	10	6340829	0	1	3153	2	0	3000
dp	307	Response	1	6350873	6725	1
dp	308	Picture	11	6374852	0	2	3154	3	0	3000
dp	309	Response	1	6381843	3671	2
dp	310	Picture	10	6405059	0	1	3153	2	0	3000
dp	311	Response	1	6415466	7088	1
dp	312	Picture	11	6436427	0	1	3153	3	0	3000
dp	313	Response	1	6442081	2335	1
dp	314	Picture	21	6464974	0	1	3153	2	0	3000
dp	315	Response	2	6472936	4643	1
dp	316	Picture	21	6501487	0	1	3154	2	0	3000
dp	317	Response	2	6511848	7041	1
dp	318	Picture	20	6541320	0	1	3153	2	0	3000
dp	319	Response	2	6548637	3998	1
dp	320	Picture	11	6570365	0	1	3153	2	0	3000
dp	321	Response	1	6580912	7228	1
dp	322	Picture	10	6608372	0	1	3153	2	0	3000
dp	323	Response	1	6614299	2608	2
dp	324	Picture	21	6640736	0	1	3153	2	0	3000
dp	325	Response	2	6648719	4664	1
dp	326	Picture	10	6670776	0	2	3154	3	0	3000
dp	327	Response	1	6678848	4752	1
dp	328	Picture	11	6711107	0	1	3153	2	0	3000
dp	329	Response	1	6720602	6176	1
dp	330	Picture	20	6741479	0	2	3154	3	0	3000
dp	331	Response	2	6750217	5418	1
dp	332	Picture	21	6772682	0	1	3153	2	0	3000
dp	333	Response	2	6783108	7107	1
dp	334	Picture	11	6806705	0	2	3154	3	0	3000
dp	335	Response	1	6812349	2324	1
dp	336	Picture	11	6846870	0	1	3153	3	0	3000
dp	337	Response	1	6854136	3947	1
dp	338	Picture	21	6878902	0	2	3154	3	0	3000
dp	339	Response	2	6886472	4250	1
dp	340	Picture	20	6913590	0	1	3153	2	0	3000
dp	341	Response	2	6922560	5651	1
dp	342	Picture	11	6949439	0	2	3154	3	0	3000
dp	343	Response	1	6956319	3560	1
dp	344	Picture	21	6981471	0	2	3154	3	0	3000
dp	345	Response	2	6991273	6482	1
dp	346	Picture	10	7016491	0	1	3154	2	0	3000
dp	347	Response	1	7025152	5342	1
dp	348	Picture	11	7052175	0	1	3153	2	0	3000
dp	349	Response	1	7057486	1992	1
dp	350	Picture	21	7083709	0	1	3153	2	0	3000
dp	351	Response	2	7096832	9804	1
dp	352	Picture	11	7118728	0	2	3154	3	0	3000
dp	353	Response	1	7126511	4463	1
dp	354	Picture	21	7152584	0	4	3156	5	0	3000
dp	355	Response	2	7161784	5878	2
dp	356	Picture	21	7187772	0	1	3153	2	0	3000
dp	357	Response	2	7197444	6353	2
dp	358	Picture	10	7221630	0	1	3153	2	0	3000
dp	359	Response	1	7231841	6892	2
dp	360	Picture	20	7253330	0	1	3153	2	0	3000
dp	361	Response	1	7260487	3838	2
dp	361	Response	2	7264690	8041	1
dp	362	Picture	20	7284698	0	1	3154	2	0	3000
dp	363	Response	2	7294897	6880	2
dp	364	Picture	11	7324199	0	1	3153	2	0	3000
dp	365	Response	1	7333540	6022	1
dp	366	Picture	11	7362040	0	1	3153	3	0	3000
dp	367	Response	1	7373148	7789	1
dp	368	Picture	21	7395566	0	1	3153	2	0	3000
dp	369	Response	2	7403297	4412	1
dp	370	Picture	11	7424279	0	1	3153	2	0	3000
dp	371	Response	1	7433098	5500	2
dp	372	Picture	20	7460294	0	1	3153	3	0	3000
dp	373	Response	2	7476918	13305	1
dp	374	Picture	10	7491164	0	2	3154	3	0	3000
dp	375	Response	1	7500437	5953	2
dp	376	Picture	21	7520873	0	1	3151	5	0	3000
dp	377	Response	2	7528818	4626	1
dp	378	Picture	20	7556390	0	2	3154	3	0	3000
dp	379	Response	2	7564927	5217	1
dp	380	Picture	20	7594232	0	1	3153	2	0	3000
dp	381	Response	2	7604360	6809	1
dp	382	Picture	21	7628421	0	2	3154	3	0	3000
dp	383	Response	2	7638845	7104	1
dp	384	Picture	10	7665433	0	1	3153	2	0	3000
dp	385	Response	1	7674246	5494	1
dp	386	Picture	20	7702610	0	1	3153	2	0	3000
dp	388	Picture	10	7734642	0	1	3153	2	0	3000
dp	389	Response	1	7750101	12140	1
dp	390	Picture	11	7774475	0	1	3153	2	0	3000
dp	391	Response	1	7780168	2374	2
dp	392	Picture	21	7808498	0	2	3154	3	0	3000
dp	393	Response	2	7817717	5899	1
dp	394	Picture	11	7840863	0	1	3153	2	0	3000
dp	395	Response	1	7846467	2285	2
dp	396	Picture	20	7880197	0	2	3154	3	0	3000
dp	397	Response	2	7888609	5092	1
dp	398	Picture	21	7917209	0	1	3153	2	0	3000
dp	399	Response	2	7923891	3363	2
dp	400	Picture	20	7947913	0	1	3153	3	0	3000
dp	401	Response	2	7955433	4201	1
dp	402	Picture	20	7984758	0	2	3154	3	0	3000
dp	403	Response	2	7993514	5436	1
dp	404	Picture	10	8021438	0	1	3153	2	0	3000
dp	405	Response	1	8033948	9191	1
dp	406	Picture	11	8052972	0	1	3153	2	0	3000
dp	407	Response	1	8061118	4827	1
dp	408	Picture	21	8083510	0	2	3154	3	0	3000
dp	409	Response	2	8094682	7852	1
dp	410	Picture	11	8122015	0	1	3154	2	0	3000
dp	411	Response	1	8130028	4693	1
dp	412	Picture	20	8154545	0	2	3154	3	0	3000
dp	413	Response	2	8166400	8536	2
dp	414	Picture	20	8183091	0	3	3154	5	0	3000
dp	415	Response	2	8193154	6743	2
dp	416	Picture	10	8212137	0	1	3153	2	0	3000
dp	417	Response	1	8219265	3809	1
dp	418	Picture	20	8241513	0	2	3154	3	0	3000
dp	419	Response	2	8249801	4968	1
dp	420	Picture	21	8272882	0	1	3153	2	0	3000
dp	421	Response	2	8280162	3961	1
dp	422	Picture	21	8306407	0	2	3154	3	0	3000
dp	423	Response	2	8312963	3236	1
dp	424	Picture	11	8337774	0	3	3155	4	0	3000
dp	425	Response	1	8345086	3991	1
dp	426	Picture	20	8373957	0	1	3154	2	0	3000
dp	427	Response	2	8382320	5043	2
dp	428	Picture	20	8412628	0	1	3154	2	0	3000
dp	429	Response	2	8419424	3476	1
dp	430	Picture	20	8445158	0	1	3154	2	0	3000
dp	431	Response	2	8455820	7342	1
dp	432	Picture	11	8475697	0	1	3153	2	0	3000
dp	433	Response	1	8489335	10319	1
dp	434	Picture	20	8511048	0	1	3154	2	0	3000
dp	435	Response	2	8519572	5204	2
dp	436	Picture	11	8545570	0	1	3153	2	0	3000
dp	437	Response	1	8555438	6549	1
dp	438	Picture	11	8582083	0	1	3154	2	0	3000
dp	439	Response	1	8588480	3077	1
dp	440	Picture	11	8611624	0	4	3155	5	0	3000
dp	441	Response	1	8617924	2979	1
dp	442	Picture	21	8640339	0	1	3153	2	0	3000
dp	443	Response	2	8646844	3186	2
dp	444	Picture	20	8677516	0	1	3153	2	0	3000
dp	445	Response	1	8681973	1138	1
dp	445	Response	2	8685623	4788	2
dp	446	Picture	20	8714859	0	1	3153	2	0	3000
dp	447	Response	1	8719780	1602	2
dp	448	Picture	11	8748385	0	1	3153	2	0	3000
dp	449	Response	1	8757969	6265	2
dp	450	Picture	11	8776932	0	1	3153	2	0	3000
dp	451	Response	1	8783755	3504	1
dp	452	Picture	11	8806972	0	1	3154	2	0	3000
dp	453	Response	1	8814685	4394	2
dp	454	Picture	10	8843651	0	2	3154	3	0	3000
dp	455	Response	1	8857120	10149	1
dp	456	Picture	20	8875849	0	3	3154	4	0	3000
dp	458	Picture	10	8915682	0	2	3154	3	0	3000
dp	459	Response	1	8924444	5442	1
dp	460	Picture	20	8955515	0	1	3153	2	0	3000
dp	462	Picture	10	8994020	0	1	3153	2	0	3000
dp	463	Response	1	9007743	10404	1
dp	464	Picture	11	9029869	0	2	3154	3	0	3000
dp	465	Response	1	9040182	6993	1
dp	466	Picture	21	9066217	0	1	3153	2	0	3000
dp	468	Picture	11	9099411	0	1	3153	2	0	3000
dp	469	Response	1	9106310	3580	1
dp	470	Picture	21	9129617	0	1	3154	2	0	3000
dp	472	Picture	10	9164305	0	1	3153	2	0	3000
dp	473	Response	1	9177142	9518	2
dp	474	Picture	21	9198824	0	4	3156	5	0	3000
dp	475	Response	2	9208675	6529	1
dp	476	Picture	11	9230859	0	1	3153	2	0	3000
dp	477	Response	1	9239130	4952	1
dp	478	Picture	20	9264385	0	1	3153	2	0	3000
dp	479	Response	2	9272816	5112	1
dp	480	Picture	21	9301562	0	1	3153	2	0	3000
dp	481	Response	2	9306242	1361	1
dp	482	Picture	21	9334922	0	1	3153	2	0	3000
dp	483	Response	2	9344861	6620	1
dp	484	Picture	21	9373261	0	1	3153	2	0	3000
dp	485	Response	2	9379168	2588	1
dp	486	Picture	20	9406455	0	1	3153	2	0	3000
dp	487	Response	2	9415982	6208	1
dp	488	Picture	20	9440478	0	2	3154	3	0	3000
dp	489	Response	2	9447522	3724	1
dp	490	Picture	20	9480311	0	1	3153	5	0	3000
dp	491	Response	2	9486291	2660	1
dp	492	Picture	20	9514335	0	1	3153	2	0	3000
dp	493	Response	2	9520537	2883	1
dp	494	Picture	20	9546865	0	1	3153	3	0	3000
dp	495	Response	1	9554022	3838	2
dp	495	Response	2	9554889	4705	1
dp	496	Picture	20	9579395	0	1	3153	3	0	3000
dp	497	Response	2	9584989	2275	1
dp	498	Picture	20	9609601	0	2	3154	3	0	3000
dp	499	Response	2	9615437	2516	1
dp	500	Picture	11	9645451	0	1	3153	3	0	3000
dp	501	Response	2	9658202	9432	1
dp	502	Picture	10	9683292	0	1	3153	3	0	3000
dp	503	Response	1	9689883	3272	2
dp	504	Picture	20	9713001	0	1	3153	2	0	3000
dp	505	Response	2	9720591	4271	1
dp	506	Picture	21	9747854	0	2	3154	3	0	3000
dp	507	Response	2	9753981	2807	2
dp	508	Picture	21	9776401	0	1	3153	3	0	3000
dp	509	Response	2	9786428	6708	1
dp	510	Picture	10	9811421	0	1	3153	2	0	3000
dp	511	Response	1	9820973	6233	1
dp	512	Picture	20	9845610	0	2	3154	3	0	3000
dp	513	Response	2	9853304	4374	1
dp	514	Picture	10	9884281	0	2	3154	3	0	3000
dp	515	Response	1	9891983	4382	1
dp	516	Picture	10	9917807	0	2	3154	3	0	3000
dp	517	Response	1	9925462	4335	1
dp	518	Picture	21	9948344	0	4	3155	5	0	3000
dp	519	Response	2	9957346	5681	1
dp	520	Picture	10	9979880	0	1	3153	2	0	3000
dp	521	Response	1	9986624	3425	1
dp	522	Picture	21	10011746	0	1	3154	2	0	3000
dp	523	Response	2	10024079	9015	1
dp	524	Picture	10	10047762	0	1	3153	2	0	3000
dp	525	Response	1	10057619	6538	1
dp	526	Picture	11	10081951	0	2	3154	3	0	3000
dp	527	Response	1	10089002	3731	1
dp	528	Picture	11	10120456	0	2	3154	3	0	3000
dp	529	Response	2	10129970	6194	1
dp	529	Response	1	10136504	12728	1
dp	529	Response	1	10142431	18655	1
dp	530	Picture	20	10154148	0	1	3154	2	0	3000
dp	531	Response	2	10163192	5725	2
dp	532	Picture	21	10191823	0	2	3154	3	0	3000
dp	533	Response	2	10202684	7541	1
dp	534	Picture	21	10222196	0	1	3153	2	0	3000
dp	535	Response	2	10239824	14309	2
dp	536	Picture	20	10258211	0	1	3153	3	0	3000
dp	537	Response	2	10271684	10153	1
dp	538	Picture	11	10293729	0	1	3153	2	0	3000
dp	539	Response	1	10300716	3668	1
dp	540	Picture	10	10324931	0	1	3153	2	0	3000
dp	541	Response	1	10336167	7917	2
dp	542	Picture	10	10363436	0	1	3153	2	0	3000
dp	543	Response	1	10372892	6137	1
dp	544	Picture	20	10396962	0	1	3153	2	0	3000
dp	545	Response	2	10406632	6351	1
dp	546	Picture	11	10427500	0	2	3154	3	0	3000
dp	547	Response	1	10435130	4310	1
dp	548	Picture	21	10457541	0	1	3153	2	0	3000
dp	549	Response	2	10464244	3384	1
dp	550	Picture	20	10494884	0	1	3153	2	0	3000
dp	551	Response	2	10500615	2412	2
dp	552	Picture	11	10534385	0	1	3153	2	0	3000
dp	553	Response	1	10541263	3559	1
dp	554	Picture	21	10569238	0	2	3154	3	0	3000
dp	555	Response	2	10577429	4871	1
dp	556	Picture	20	10608739	0	1	3154	2	0	3000
dp	557	Response	2	10614654	2595	1
dp	558	Picture	11	10642763	0	1	3153	2	0	3000
dp	559	Response	1	10652646	6564	2
dp	560	Picture	21	10680272	0	1	3153	3	0	3000
dp	561	Response	2	10692227	8636	1
dp	562	Picture	11	10719607	0	1	3153	2	0	3000
dp	563	Response	1	10726417	3491	2
dp	564	Picture	21	10756618	0	1	3154	2	0	3000
dp	565	Response	2	10764670	4732	2
dp	566	Picture	10	10789812	0	1	3153	3	0	3000
dp	567	Response	1	10801366	8235	1
dp	568	Picture	20	10826989	0	2	3154	3	0	3000
dp	569	Response	2	10839941	9632	1
dp	570	Picture	20	10865660	0	2	3154	3	0	3000
dp	571	Response	2	10878140	9160	1
dp	572	Picture	10	10895701	0	1	3153	2	0	3000
dp	573	Response	1	10907358	8338	2
dp	574	Picture	21	10932878	0	1	3153	2	0	3000
dp	575	Response	2	10944227	8030	1
dp	576	Picture	10	10972711	0	1	3153	2	0	3000
dp	577	Response	1	10983547	7517	1
dp	578	Picture	20	11007398	0	2	3154	3	0	3000
dp	579	Response	2	11016551	5833	1
dp	580	Picture	21	11038435	0	1	3153	2	0	3000
dp	581	Response	2	11045408	3654	1
dp	582	Picture	20	11069471	0	1	3153	3	0	3000
dp	583	Response	2	11077266	4476	1
dp	584	Picture	11	11108640	0	1	3153	2	0	3000
dp	585	Response	1	11114467	2508	1
dp	586	Picture	20	11139842	0	1	3154	2	0	3000
dp	587	Response	2	11150096	6934	1
dp	588	Picture	10	11172372	0	2	3154	3	0	3000
dp	589	Response	2	11190507	14815	2
dp	590	Picture	20	11208699	0	93	3174	94	0	3000
dp	591	Response	2	11217980	5941	1
dp	592	Picture	20	11247059	0	1	3153	2	0	3000
dp	593	Response	2	11252909	2531	1
dp	594	Picture	11	11285895	0	2	3154	3	0	3000
dp	595	Response	1	11297153	7938	2
dp	596	Picture	10	11321579	0	1	3153	3	0	3000
dp	597	Response	1	11332585	7687	1
dp	598	Picture	21	11361744	0	1	3153	2	0	3000
dp	599	Response	2	11372529	7466	2
dp	600	Picture	11	11394772	0	1	3153	2	0	3000
dp	601	Response	1	11403044	4953	1
dp	602	Picture	10	11423982	0	2	3154	3	0	3000
dp	603	Response	1	11431835	4533	1
dp	604	Response	1	11531123	72121	2


Event Type	Code	Type	Response	RT	RT Uncertainty	Time	Uncertainty	Duration	Uncertainty	ReqTime	ReqDur

Picture	10	other				10414	1	3153	2	0	3000
Picture	21	other				47923	1	3153	2	0	3000
Picture	21	other				81283	1	3153	2	0	3000
Picture	10	other				118792	1	3153	2	0	3000
Picture	21	other				157961	1	3153	2	0	3000
Picture	20	other				196300	1	3153	2	0	3000
Picture	10	other				230821	2	3154	3	0	3000
Picture	11	other				268828	2	3154	3	0	3000
Picture	20	other				299533	1	3153	2	0	3000
Picture	11	other				338868	1	3153	2	0	3000
Picture	10	other				376045	1	3153	2	0	3000
Picture	11	other				407081	1	3154	2	0	3000
Picture	11	other				444092	2	3154	3	0	3000
Picture	20	other				483427	1	3154	2	0	3000
Picture	21	other				521102	2	3154	3	0	3000
Picture	21	other				558279	2	3154	3	0	3000
Picture	11	other				596287	1	3153	2	0	3000
Picture	11	other				633463	4	3154	5	0	3000
Picture	20	other				669313	2	3154	3	0	3000
Picture	10	other				703669	1	3153	2	0	3000
Picture	21	other				739850	2	3154	3	0	3000
Picture	20	other				768895	1	3153	3	0	3000
Picture	21	other				809223	4	3156	5	0	3000
Picture	10	other				838104	2	3154	3	0	3000
Picture	11	other				871464	2	3154	3	0	3000
Picture	21	other				904326	2	3154	3	0	3000
Picture	11	other				937188	2	3154	3	0	3000
Picture	11	other				977187	1	3153	2	0	3000
Picture	10	other				1006066	1	3153	2	0	3000
Picture	21	other				1044902	2	3154	3	0	3000
Picture	21	other				1076603	1	3153	2	0	3000
Picture	10	other				1108967	1	3153	2	0	3000
Picture	21	other				1144650	2	3154	3	0	3000
Picture	10	other				1176848	2	3154	3	0	3000
Picture	21	other				1214358	1	3153	2	0	3000
Picture	10	other				1254522	2	3154	3	0	3000
Picture	10	other				1283235	1	3153	2	0	3000
Picture	11	other				1318752	2	3154	3	0	3000
Picture	11	other				1352112	2	3154	3	0	3000
Picture	11	other				1390285	2	3154	3	0	3000
Picture	10	other				1419164	1	3154	2	0	3000
Picture	21	other				1457171	1	3154	2	0	3000
Picture	11	other				1491029	1	3153	3	0	3000
Picture	11	other				1529368	1	3153	2	0	3000
Picture	21	other				1560404	2	3154	3	0	3000
Picture	11	other				1592602	2	3154	3	0	3000
Picture	20	other				1625796	2	3154	3	0	3000
Picture	10	other				1654509	1	3154	2	0	3000
Picture	10	other				1684218	1	3153	2	0	3000
Picture	21	other				1714424	1	3154	2	0	3000
Picture	21	other				1750274	1	3153	2	0	3000
Picture	10	other				1788944	2	3154	3	0	3000
Picture	10	other				1825623	4	3154	5	0	3000
Picture	10	other				1856660	1	3154	2	0	3000
Picture	20	other				1893837	2	3154	3	0	3000
Picture	21	other				1923712	1	3153	2	0	3000
Picture	10	other				1960889	1	3153	3	0	3000
Picture	20	other				1989768	1	3153	2	0	3000
Picture	20	other				2026281	1	3154	2	0	3000
Picture	11	other				2061135	1	3153	2	0	3000
Picture	11	other				2092503	1	3153	3	0	3000
Picture	21	other				2129348	2	3154	3	0	3000
Picture	21	other				2160551	1	3153	2	0	3000
Picture	21	other				2195238	2	3154	3	0	3000
Picture	21	other				2223951	1	3153	3	0	3000
Picture	11	other				2254821	2	3154	3	0	3000
Picture	20	other				2294488	1	3153	3	0	3000
Picture	11	other				2326520	2	3154	3	0	3000
Picture	21	other				2360378	1	3153	3	0	3000
Picture	11	other				2392742	1	3154	2	0	3000
Picture	10	other				2422617	1	3153	2	0	3000
Picture	21	other				2454649	1	3153	2	0	3000
Picture	20	other				2489171	1	3153	2	0	3000
Picture	21	other				2525518	1	3153	2	0	3000
Picture	21	other				2563027	1	3153	3	0	3000
Picture	11	other				2597549	1	3153	2	0	3000
Picture	20	other				2636552	1	3152	4	0	3000
Picture	20	other				2665264	2	3154	3	0	3000
Picture	21	other				2701280	1	3153	2	0	3000
Picture	11	other				2738457	1	3153	3	0	3000
Picture	10	other				2770655	1	3153	3	0	3000
Picture	21	other				2804015	1	3153	3	0	3000
Picture	20	other				2833226	1	3153	2	0	3000
Picture	21	other				2867913	2	3154	3	0	3000
Picture	20	other				2898286	1	3153	2	0	3000
Picture	11	other				2928326	2	3154	3	0	3000
Picture	21	other				2967993	1	3153	3	0	3000
Picture	21	other				3007660	1	3153	2	0	3000
Picture	10	other				3045169	1	3153	2	0	3000
Picture	10	other				3077699	1	3153	2	0	3000
Picture	11	other				3110727	1	3153	2	0	3000
Picture	20	other				3148568	1	3153	3	0	3000
Picture	10	other				3177613	1	3153	2	0	3000
Picture	11	other				3211304	2	3154	3	0	3000
Picture	20	other				3250971	2	3154	3	0	3000
Picture	10	other				3281510	1	3153	2	0	3000
Picture	20	other				3316197	2	3154	3	0	3000
Picture	11	other				3356528	1	3153	2	0	3000
Picture	21	other				3386403	1	3153	2	0	3000
Picture	10	other				3417605	1	3153	2	0	3000
Picture	20	other				3447811	2	3154	3	0	3000
Picture	10	other				3485818	2	3154	3	0	3000
Picture	11	other				3519012	2	3154	3	0	3000
Picture	10	other				3555857	2	3154	3	0	3000
Picture	21	other				3588056	1	3153	2	0	3000
Picture	20	other				3623241	2	3154	3	0	3000
Picture	11	other				3654112	1	3153	2	0	3000
Picture	11	other				3684318	1	3153	3	0	3000
Picture	21	other				3724151	1	3153	4	0	3000
Picture	21	other				3759668	2	3154	3	0	3000
Picture	20	other				3795352	1	3153	2	0	3000
Picture	20	other				3834355	1	3153	2	0	3000
Picture	20	other				3864893	1	3153	3	0	3000
Picture	20	other				3894104	1	3153	2	0	3000
Picture	10	other				3932941	1	3153	2	0	3000
Picture	11	other				3966300	2	3154	3	0	3000
Picture	11	other				4004308	1	3153	2	0	3000
Picture	10	other				4043974	2	3154	3	0	3000
Picture	21	other				4075674	2	3154	3	0	3000
Picture	10	other				4107209	1	3153	2	0	3000
Picture	20	other				4143390	1	3154	2	0	3000
Picture	20	other				4173763	1	3153	2	0	3000
Picture	20	other				4210110	1	3153	3	0	3000
Picture	11	other				4249113	1	3153	2	0	3000
Picture	21	other				4279817	1	3154	2	0	3000
Picture	11	other				4310356	1	3153	2	0	3000
Picture	20	other				4349856	2	3154	3	0	3000
Picture	10	other				4388693	2	3154	3	0	3000
Picture	21	other				4423879	1	3153	2	0	3000
Picture	10	other				4461886	1	3153	2	0	3000
Picture	21	other				4491428	2	3154	3	0	3000
Picture	20	other				4531593	1	3154	2	0	3000
Picture	10	other				4564787	1	3154	2	0	3000
Picture	21	other				4598811	1	3153	2	0	3000
Picture	21	other				4635490	1	3154	2	0	3000
Picture	20	other				4671672	1	3152	5	0	3000
Picture	10	other				4711006	2	3154	3	0	3000
Picture	20	other				4741379	1	3153	2	0	3000
Picture	20	other				4774407	1	3153	2	0	3000
Picture	20	other				4805277	1	3154	2	0	3000
Picture	20	other				4844446	1	3153	2	0	3000
Picture	21	other				4877640	1	3153	2	0	3000
Picture	21	other				4914319	2	3154	3	0	3000
Picture	21	other				4952990	1	3154	2	0	3000
Picture	11	other				4983197	1	3153	2	0	3000
Picture	11	other				5022697	2	3154	3	0	3000
Picture	11	other				5052406	1	3153	3	0	3000
Picture	11	other				5092239	1	3153	2	0	3000
Picture	20	other				5122777	1	3153	3	0	3000
Picture	21	other				5152984	1	3153	2	0	3000
Picture	10	other				6301162	1	3153	2	0	3000
Picture	10	other				6340829	1	3153	2	0	3000
Picture	11	other				6374852	2	3154	3	0	3000
Picture	10	other				6405059	1	3153	2	0	3000
Picture	11	other				6436427	1	3153	3	0	3000
Picture	21	other				6464974	1	3153	2	0	3000
Picture	21	other				6501487	1	3154	2	0	3000
Picture	20	other				6541320	1	3153	2	0	3000
Picture	11	other				6570365	1	3153	2	0	3000
Picture	10	other				6608372	1	3153	2	0	3000
Picture	21	other				6640736	1	3153	2	0	3000
Picture	10	other				6670776	2	3154	3	0	3000
Picture	11	other				6711107	1	3153	2	0	3000
Picture	20	other				6741479	2	3154	3	0	3000
Picture	21	other				6772682	1	3153	2	0	3000
Picture	11	other				6806705	2	3154	3	0	3000
Picture	11	other				6846870	1	3153	3	0	3000
Picture	21	other				6878902	2	3154	3	0	3000
Picture	20	other				6913590	1	3153	2	0	3000
Picture	11	other				6949439	2	3154	3	0	3000
Picture	21	other				6981471	2	3154	3	0	3000
Picture	10	other				7016491	1	3154	2	0	3000
Picture	11	other				7052175	1	3153	2	0	3000
Picture	21	other				7083709	1	3153	2	0	3000
Picture	11	other				7118728	2	3154	3	0	3000
Picture	21	other				7152584	4	3156	5	0	3000
Picture	21	other				7187772	1	3153	2	0	3000
Picture	10	other				7221630	1	3153	2	0	3000
Picture	20	other				7253330	1	3153	2	0	3000
Picture	20	other				7284698	1	3154	2	0	3000
Picture	11	other				7324199	1	3153	2	0	3000
Picture	11	other				7362040	1	3153	3	0	3000
Picture	21	other				7395566	1	3153	2	0	3000
Picture	11	other				7424279	1	3153	2	0	3000
Picture	20	other				7460294	1	3153	3	0	3000
Picture	10	other				7491164	2	3154	3	0	3000
Picture	21	other				7520873	1	3151	5	0	3000
Picture	20	other				7556390	2	3154	3	0	3000
Picture	20	other				7594232	1	3153	2	0	3000
Picture	21	other				7628421	2	3154	3	0	3000
Picture	10	other				7665433	1	3153	2	0	3000
Picture	20	other				7702610	1	3153	2	0	3000
Picture	10	other				7734642	1	3153	2	0	3000
Picture	11	other				7774475	1	3153	2	0	3000
Picture	21	other				7808498	2	3154	3	0	3000
Picture	11	other				7840863	1	3153	2	0	3000
Picture	20	other				7880197	2	3154	3	0	3000
Picture	21	other				7917209	1	3153	2	0	3000
Picture	20	other				7947913	1	3153	3	0	3000
Picture	20	other				7984758	2	3154	3	0	3000
Picture	10	other				8021438	1	3153	2	0	3000
Picture	11	other				8052972	1	3153	2	0	3000
Picture	21	other				8083510	2	3154	3	0	3000
Picture	11	other				8122015	1	3154	2	0	3000
Picture	20	other				8154545	2	3154	3	0	3000
Picture	20	other				8183091	3	3154	5	0	3000
Picture	10	other				8212137	1	3153	2	0	3000
Picture	20	other				8241513	2	3154	3	0	3000
Picture	21	other				8272882	1	3153	2	0	3000
Picture	21	other				8306407	2	3154	3	0	3000
Picture	11	other				8337774	3	3155	4	0	3000
Picture	20	other				8373957	1	3154	2	0	3000
Picture	20	other				8412628	1	3154	2	0	3000
Picture	20	other				8445158	1	3154	2	0	3000
Picture	11	other				8475697	1	3153	2	0	3000
Picture	20	other				8511048	1	3154	2	0	3000
Picture	11	other				8545570	1	3153	2	0	3000
Picture	11	other				8582083	1	3154	2	0	3000
Picture	11	other				8611624	4	3155	5	0	3000
Picture	21	other				8640339	1	3153	2	0	3000
Picture	20	other				8677516	1	3153	2	0	3000
Picture	20	other				8714859	1	3153	2	0	3000
Picture	11	other				8748385	1	3153	2	0	3000
Picture	11	other				8776932	1	3153	2	0	3000
Picture	11	other				8806972	1	3154	2	0	3000
Picture	10	other				8843651	2	3154	3	0	3000
Picture	20	other				8875849	3	3154	4	0	3000
Picture	10	other				8915682	2	3154	3	0	3000
Picture	20	other				8955515	1	3153	2	0	3000
Picture	10	other				8994020	1	3153	2	0	3000
Picture	11	other				9029869	2	3154	3	0	3000
Picture	21	other				9066217	1	3153	2	0	3000
Picture	11	other				9099411	1	3153	2	0	3000
Picture	21	other				9129617	1	3154	2	0	3000
Picture	10	other				9164305	1	3153	2	0	3000
Picture	21	other				9198824	4	3156	5	0	3000
Picture	11	other				9230859	1	3153	2	0	3000
Picture	20	other				9264385	1	3153	2	0	3000
Picture	21	other				9301562	1	3153	2	0	3000
Picture	21	other				9334922	1	3153	2	0	3000
Picture	21	other				9373261	1	3153	2	0	3000
Picture	20	other				9406455	1	3153	2	0	3000
Picture	20	other				9440478	2	3154	3	0	3000
Picture	20	other				9480311	1	3153	5	0	3000
Picture	20	other				9514335	1	3153	2	0	3000
Picture	20	other				9546865	1	3153	3	0	3000
Picture	20	other				9579395	1	3153	3	0	3000
Picture	20	other				9609601	2	3154	3	0	3000
Picture	11	other				9645451	1	3153	3	0	3000
Picture	10	other				9683292	1	3153	3	0	3000
Picture	20	other				9713001	1	3153	2	0	3000
Picture	21	other				9747854	2	3154	3	0	3000
Picture	21	other				9776401	1	3153	3	0	3000
Picture	10	other				9811421	1	3153	2	0	3000
Picture	20	other				9845610	2	3154	3	0	3000
Picture	10	other				9884281	2	3154	3	0	3000
Picture	10	other				9917807	2	3154	3	0	3000
Picture	21	other				9948344	4	3155	5	0	3000
Picture	10	other				9979880	1	3153	2	0	3000
Picture	21	other				10011746	1	3154	2	0	3000
Picture	10	other				10047762	1	3153	2	0	3000
Picture	11	other				10081951	2	3154	3	0	3000
Picture	11	other				10120456	2	3154	3	0	3000
Picture	20	other				10154148	1	3154	2	0	3000
Picture	21	other				10191823	2	3154	3	0	3000
Picture	21	other				10222196	1	3153	2	0	3000
Picture	20	other				10258211	1	3153	3	0	3000
Picture	11	other				10293729	1	3153	2	0	3000
Picture	10	other				10324931	1	3153	2	0	3000
Picture	10	other				10363436	1	3153	2	0	3000
Picture	20	other				10396962	1	3153	2	0	3000
Picture	11	other				10427500	2	3154	3	0	3000
Picture	21	other				10457541	1	3153	2	0	3000
Picture	20	other				10494884	1	3153	2	0	3000
Picture	11	other				10534385	1	3153	2	0	3000
Picture	21	other				10569238	2	3154	3	0	3000
Picture	20	other				10608739	1	3154	2	0	3000
Picture	11	other				10642763	1	3153	2	0	3000
Picture	21	other				10680272	1	3153	3	0	3000
Picture	11	other				10719607	1	3153	2	0	3000
Picture	21	other				10756618	1	3154	2	0	3000
Picture	10	other				10789812	1	3153	3	0	3000
Picture	20	other				10826989	2	3154	3	0	3000
Picture	20	other				10865660	2	3154	3	0	3000
Picture	10	other				10895701	1	3153	2	0	3000
Picture	21	other				10932878	1	3153	2	0	3000
Picture	10	other				10972711	1	3153	2	0	3000
Picture	20	other				11007398	2	3154	3	0	3000
Picture	21	other				11038435	1	3153	2	0	3000
Picture	20	other				11069471	1	3153	3	0	3000
Picture	11	other				11108640	1	3153	2	0	3000
Picture	20	other				11139842	1	3154	2	0	3000
Picture	10	other				11172372	2	3154	3	0	3000
Picture	20	other				11208699	93	3174	94	0	3000
Picture	20	other				11247059	1	3153	2	0	3000
Picture	11	other				11285895	2	3154	3	0	3000
Picture	10	other				11321579	1	3153	3	0	3000
Picture	21	other				11361744	1	3153	2	0	3000
Picture	11	other				11394772	1	3153	2	0	3000
Picture	10	other				11423982	2	3154	3	0	3000
