Scenario - EFT rapido Abril 2011
Logfile written - 07/05/2011 15:46:38

Subject	Trial	Event Type	Code	Time	TTime	Uncertainty	Duration	Uncertainty	ReqTime	ReqDur

dp	2	Picture	11	10414	0	1	3153	2	0	3000
dp	3	Response	1	17049	3316	2
dp	4	Picture	20	19708	0	1	3153	5	0	3000
dp	5	Response	2	25158	2131	2
dp	6	Picture	11	30330	0	1	3153	2	0	3000
dp	7	Response	1	34123	474	1
dp	8	Picture	21	40952	0	1	3153	3	0	3000
dp	9	Response	2	44613	342	1
dp	10	Picture	20	52238	0	1	3153	2	0	3000
dp	11	Response	2	58173	2616	1
dp	12	Picture	20	62030	0	1	3154	2	0	3000
dp	13	Response	1	66779	1429	1
dp	13	Response	2	70154	4804	2
dp	14	Picture	21	71324	0	2	3154	3	0	3000
dp	15	Response	2	78815	4171	1
dp	16	Picture	10	81946	0	2	3154	3	0	3000
dp	17	Response	1	88043	2777	1
dp	18	Picture	20	90909	0	1	3153	2	0	3000
dp	19	Response	2	96879	2651	1
dp	20	Picture	21	101863	0	1	3153	2	0	3000
dp	21	Response	1	105627	445	1
dp	21	Response	2	109449	4267	1
dp	22	Picture	20	112153	0	1	3153	3	0	3000
dp	23	Response	1	117309	1837	2
dp	24	Picture	20	121447	0	2	3154	3	0	3000
dp	24	Response	2	122195	748	1
dp	25	Response	2	128764	3997	1
dp	26	Picture	21	132069	0	2	3154	3	0	3000
dp	27	Response	2	137654	2265	1
dp	28	Picture	20	141696	0	1	3153	2	0	3000
dp	29	Response	1	146818	1803	2
dp	29	Response	2	151115	6100	1
dp	30	Picture	11	152318	0	1	3153	2	0	3000
dp	32	Picture	20	161280	0	1	3153	3	0	3000
dp	32	Response	1	161336	56	1
dp	33	Response	2	169254	4655	1
dp	34	Picture	21	172400	0	1	3153	2	0	3000
dp	35	Response	2	177941	2222	1
dp	36	Picture	11	183686	0	1	3153	2	0	3000
dp	37	Response	1	188452	1447	1
dp	38	Picture	10	193312	0	1	3154	2	0	3000
dp	39	Response	1	198785	2154	2
dp	40	Picture	10	204598	0	1	3153	3	0	3000
dp	41	Response	1	211391	3474	2
dp	42	Picture	20	215718	0	1	3153	3	0	3000
dp	44	Picture	10	224680	0	2	3154	3	0	3000
dp	44	Response	2	225264	584	2
dp	45	Response	1	231126	3126	1
dp	46	Picture	10	235468	0	2	3154	3	0	3000
dp	47	Response	1	242614	3826	1
dp	48	Picture	10	246422	0	2	3154	3	0	3000
dp	49	Response	1	252982	3241	1
dp	50	Picture	20	255219	0	1	3153	2	0	3000
dp	51	Response	2	262051	3513	1
dp	52	Picture	21	265841	0	1	3153	2	0	3000
dp	53	Response	2	271980	2820	1
dp	54	Picture	11	276297	0	1	3153	2	0	3000
dp	55	Response	1	282792	3176	1
dp	56	Picture	20	286753	0	1	3153	3	0	3000
dp	57	Response	2	293105	3033	1
dp	58	Picture	11	297541	0	1	3153	3	0	3000
dp	59	Response	1	302417	1557	1
dp	60	Picture	10	307665	0	1	3154	2	0	3000
dp	62	Picture	10	318287	0	2	3154	3	0	3000
dp	62	Response	1	321334	3047	1
dp	64	Picture	11	328411	0	2	3154	3	0	3000
dp	65	Response	1	333382	1651	1
dp	66	Picture	20	339531	0	2	3154	3	0	3000
dp	68	Picture	11	350651	0	2	3154	3	0	3000
dp	68	Response	2	351002	351	1
dp	69	Response	1	356688	2717	2
dp	70	Picture	20	360941	0	2	3154	3	0	3000
dp	71	Response	2	366851	2590	1
dp	72	Picture	11	372227	0	2	3154	3	0	3000
dp	73	Response	1	376157	610	1
dp	74	Picture	21	381854	0	1	3153	2	0	3000
dp	75	Response	2	385875	702	1
dp	76	Picture	21	391480	0	1	3153	2	0	3000
dp	77	Response	1	394824	25	2
dp	78	Picture	10	401272	0	1	3153	3	0	3000
dp	78	Response	2	402333	1061	2
dp	80	Picture	10	411562	0	1	3154	2	0	3000
dp	81	Response	1	420068	5186	1
dp	82	Picture	21	420856	0	2	3154	3	0	3000
dp	83	Response	2	427127	2951	2
dp	84	Picture	20	430815	0	1	3153	2	0	3000
dp	85	Response	2	437376	3242	1
dp	86	Picture	21	442101	0	1	3153	2	0	3000
dp	87	Response	2	446712	1292	2
dp	88	Picture	21	452391	0	1	3153	2	0	3000
dp	89	Response	2	457437	1727	1
dp	90	Picture	21	462681	0	1	3153	2	0	3000
dp	91	Response	2	468666	2666	1
dp	92	Picture	11	472141	0	4	3153	6	0	3000
dp	93	Response	1	478015	2555	1
dp	94	Picture	10	482763	0	1	3154	2	0	3000
dp	95	Response	1	487915	1833	1
dp	96	Picture	20	491228	0	1	3153	2	0	3000
dp	97	Response	2	496163	1616	1
dp	98	Picture	10	501684	0	1	3153	2	0	3000
dp	99	Response	1	510693	5690	1
dp	100	Picture	11	512306	0	1	3153	2	0	3000
dp	101	Response	1	520889	5264	1
dp	102	Picture	10	523592	0	1	3153	2	0	3000
dp	104	Picture	21	534878	0	1	3153	2	0	3000
dp	105	Response	2	539426	1229	2
dp	106	Picture	10	543674	0	1	3153	3	0	3000
dp	108	Picture	10	552304	0	2	3154	3	0	3000
dp	108	Response	1	554405	2101	1
dp	110	Picture	21	562760	0	2	3154	3	0	3000
dp	111	Response	2	571703	5623	1
dp	112	Picture	11	571723	0	1	3153	2	0	3000
dp	113	Response	1	578921	3879	2
dp	114	Picture	10	583009	0	1	3153	2	0	3000
dp	116	Picture	20	593963	0	1	3153	2	0	3000
dp	118	Picture	21	604751	0	1	3153	2	0	3000
dp	120	Picture	11	614875	0	1	3153	3	0	3000
dp	120	Response	2	615549	674	1
dp	121	Response	1	620594	2400	1
dp	122	Picture	20	626161	0	1	3153	2	0	3000
dp	123	Response	2	633061	3581	2
dp	124	Picture	10	637115	0	1	3153	2	0	3000
dp	125	Response	1	641517	1083	1
dp	126	Picture	11	647737	0	1	3153	3	0	3000
dp	127	Response	2	651238	182	1
dp	127	Response	1	655451	4395	2
dp	128	Picture	20	656533	0	2	3154	3	0	3000
dp	129	Response	2	663375	3522	1
dp	130	Picture	11	665661	0	4	3154	5	0	3000
dp	131	Response	1	670530	1549	1
dp	132	Picture	11	676781	0	4	3154	5	0	3000
dp	133	Response	1	682310	2209	1
dp	134	Picture	11	687072	0	1	3153	2	0	3000
dp	135	Response	1	695068	4677	1
dp	136	Picture	20	695702	0	1	3154	2	0	3000
dp	137	Response	2	701429	2408	1
dp	138	Picture	21	704333	0	1	3153	2	0	3000
dp	139	Response	1	709027	1375	1
dp	139	Response	2	712673	5021	1
dp	140	Picture	21	713793	0	1	3153	2	0	3000
dp	142	Picture	10	723419	0	1	3154	2	0	3000
dp	144	Picture	10	732215	0	2	3154	3	0	3000
dp	144	Response	1	732768	553	1
dp	146	Picture	10	741510	0	1	3153	2	0	3000
dp	148	Picture	10	751634	0	1	3153	2	0	3000
dp	148	Response	1	754694	3060	1
dp	150	Picture	20	760928	0	2	3154	3	0	3000
dp	151	Response	2	766507	2259	1
dp	152	Picture	21	769393	0	1	3153	2	0	3000
dp	153	Response	1	774517	1805	1
dp	153	Response	2	779224	6512	1
dp	154	Picture	21	780181	0	1	3153	2	0	3000
dp	156	Picture	20	789475	0	1	3153	3	0	3000
dp	157	Response	2	793008	214	1
dp	158	Picture	10	798271	0	2	3154	3	0	3000
dp	160	Picture	11	807234	0	1	3153	2	0	3000
dp	160	Response	2	810490	3256	2
dp	162	Picture	11	816362	0	1	3153	3	0	3000
dp	163	Response	1	820152	471	1
dp	164	Picture	21	825822	0	2	3154	3	0	3000
dp	164	Response	1	828691	2869	1
dp	165	Response	2	832704	3562	2
dp	165	Response	2	834570	5428	1
dp	166	Picture	10	836610	0	2	3154	3	0	3000
dp	168	Picture	11	846071	0	1	3153	2	0	3000
dp	169	Response	1	850194	804	1
dp	170	Picture	21	857357	0	1	3153	2	0	3000
dp	171	Response	2	862897	2221	1
dp	172	Picture	11	868643	0	1	3153	2	0	3000
dp	173	Response	1	873685	1723	2
dp	174	Picture	10	879762	0	2	3154	3	0	3000
dp	175	Response	1	886475	3393	1
dp	176	Picture	10	889555	0	1	3153	2	0	3000
dp	178	Picture	11	900177	0	1	3153	2	0	3000
dp	178	Response	1	903009	2832	1
dp	180	Picture	11	909803	0	1	3153	2	0	3000
dp	181	Response	2	917657	4535	1
dp	182	Picture	10	921255	0	1	3153	2	0	3000
dp	182	Response	1	922275	1020	1
dp	184	Picture	11	931379	0	1	3153	3	0	3000
dp	185	Response	1	935090	392	1
dp	186	Picture	11	940673	0	2	3154	3	0	3000
dp	187	Response	1	946608	2615	1
dp	188	Picture	21	950631	0	2	3154	3	0	3000
dp	190	Picture	10	959261	0	4	3154	5	0	3000
dp	191	Response	1	967770	5189	1
dp	192	Picture	10	968722	0	1	3154	2	0	3000
dp	194	Picture	20	979344	0	2	3154	3	0	3000
dp	195	Response	2	985657	2993	2
dp	196	Picture	20	990298	0	2	3154	3	0	3000
dp	198	Picture	11	1000920	0	2	3154	3	0	3000
dp	200	Picture	21	1009717	0	1	3153	2	0	3000
dp	201	Response	2	1016284	3248	2
dp	202	Picture	10	1018845	0	1	3153	3	0	3000
dp	203	Response	1	1024894	2730	2
dp	204	Picture	21	1030297	0	1	3153	2	0	3000
dp	205	Response	2	1034240	624	1
dp	206	Picture	11	1039259	0	2	3154	3	0	3000
dp	207	Response	1	1045740	3161	1
dp	208	Picture	20	1047890	0	1	3153	2	0	3000
dp	210	Picture	10	1058844	0	1	3153	2	0	3000
dp	212	Picture	20	1069964	0	1	3153	2	0	3000
dp	214	Picture	21	1078760	0	1	3154	2	0	3000
dp	214	Response	2	1079579	819	1
dp	215	Response	1	1085827	3748	2
dp	216	Picture	21	1090046	0	1	3153	3	0	3000
dp	218	Picture	21	1099008	0	2	3154	3	0	3000
dp	219	Response	2	1107874	5546	2
dp	220	Picture	21	1108469	0	1	3153	2	0	3000
dp	222	Picture	20	1118095	0	1	3153	2	0	3000
dp	222	Response	2	1118548	453	1
dp	224	Picture	10	1128053	0	1	3153	3	0	3000
dp	226	Picture	21	1139339	0	1	3153	3	0	3000
dp	228	Picture	10	1147803	0	2	3154	3	0	3000
dp	230	Picture	20	1156932	0	1	3153	2	0	3000
dp	232	Picture	21	1168381	0	4	3156	5	0	3000
dp	232	Response	2	1170741	2360	2
dp	234	Picture	10	1178674	0	1	3153	2	0	3000
dp	234	Response	2	1181445	2771	1
dp	236	Picture	20	1187304	0	1	3154	2	0	3000
dp	238	Picture	11	1196764	0	2	3154	3	0	3000
dp	240	Picture	11	1207552	0	2	3154	3	0	3000
dp	240	Response	2	1210783	3231	1
dp	241	Response	1	1211947	1075	1
dp	242	Picture	10	1217677	0	1	3153	2	0	3000
dp	243	Response	1	1222330	1334	1
dp	244	Picture	20	1227967	0	1	3153	2	0	3000
dp	245	Response	1	1232473	1187	1
dp	245	Response	2	1234206	2920	1
dp	246	Picture	20	1238091	0	1	3153	2	0	3000
dp	247	Response	2	1242854	1444	2
dp	248	Picture	21	1247219	0	2	3154	3	0	3000
dp	249	Response	2	1252049	1510	2
dp	250	Picture	21	1258007	0	2	3154	3	0	3000
dp	251	Response	2	1261687	360	1
dp	252	Picture	10	1268629	0	2	3154	3	0	3000
dp	253	Response	2	1272476	527	2
dp	253	Response	1	1276628	4679	2
dp	254	Picture	11	1277094	0	1	3153	2	0	3000
dp	255	Response	1	1283936	3523	1
dp	256	Picture	10	1286056	0	1	3154	2	0	3000
dp	257	Response	1	1292396	3021	1
dp	258	Picture	11	1297508	0	1	3153	3	0	3000
dp	259	Response	1	1301440	613	1
dp	260	Picture	20	1307300	0	2	3154	3	0	3000
dp	261	Response	2	1313434	2814	1
dp	262	Picture	21	1316761	0	1	3153	2	0	3000
dp	263	Response	2	1320920	840	1
dp	264	Picture	10	1326055	0	1	3153	2	0	3000
dp	265	Response	2	1329551	177	1
dp	266	Picture	10	1335847	0	1	3153	3	0	3000
dp	266	Response	1	1339100	3253	2
dp	268	Picture	20	1346967	0	1	3153	2	0	3000
dp	270	Picture	11	1357755	0	1	3153	3	0	3000
dp	271	Response	2	1363441	2367	1
dp	271	Response	1	1365200	4126	2
dp	272	Picture	10	1368377	0	2	3153	4	0	3000
dp	273	Response	1	1374720	3024	2
dp	274	Picture	11	1377173	0	2	3154	3	0	3000
dp	275	Response	1	1382351	1858	1
dp	276	Picture	21	1386966	0	1	3153	2	0	3000
dp	277	Response	1	1391752	1467	1
dp	278	Picture	10	1398086	0	1	3153	2	0	3000
dp	278	Response	2	1400780	2694	2
dp	280	Picture	11	1407214	0	1	3153	3	0	3000
dp	281	Response	1	1413840	3307	1
dp	282	Picture	10	1417504	0	1	3153	3	0	3000
dp	283	Response	1	1424216	3393	1
dp	284	Picture	21	1428790	0	1	3153	3	0	3000
dp	285	Response	2	1434235	2126	1
dp	286	Picture	10	1439080	0	1	3154	2	0	3000
dp	287	Response	1	1444464	2065	2
dp	288	Picture	20	1448374	0	2	3154	3	0	3000
dp	289	Response	2	1456519	4825	1
dp	290	Picture	11	1458167	0	1	3153	2	0	3000
dp	291	Response	1	1464538	3052	1
dp	292	Picture	10	1466631	0	1	3153	3	0	3000
dp	293	Response	2	1473918	3968	1
dp	294	Picture	10	1477917	0	1	3153	3	0	3000
dp	295	Response	1	1486839	5603	50
dp	296	Picture	20	1487045	0	2	3154	3	0	3000
dp	297	Response	1	1496118	5753	1
dp	298	Picture	21	1496506	0	1	3153	2	0	3000
dp	300	Picture	21	1507957	0	2	3154	3	0	3000
dp	301	Response	2	1513795	2518	1
dp	303	Picture	11	1537500	0	1	3154	2	0	3000
dp	304	Response	1	1544033	3214	1
dp	305	Picture	11	1547126	0	2	3154	3	0	3000
dp	306	Response	1	1552666	2220	2
dp	307	Picture	10	1555923	0	1	3153	2	0	3000
dp	308	Response	1	1560770	1528	1
dp	309	Picture	21	1565715	0	1	3153	2	0	3000
dp	310	Response	1	1569727	693	1
dp	311	Picture	20	1576171	0	1	3153	3	0	3000
dp	311	Response	2	1576653	482	1
dp	312	Response	1	1582251	2761	1
dp	313	Picture	21	1584635	0	2	3154	3	0	3000
dp	315	Picture	10	1593764	0	1	3153	2	0	3000
dp	315	Response	2	1594270	506	1
dp	316	Response	1	1599984	2901	1
dp	317	Picture	11	1603722	0	1	3153	2	0	3000
dp	318	Response	1	1610733	3692	1
dp	319	Picture	11	1614178	0	1	3153	3	0	3000
dp	320	Response	2	1618182	685	1
dp	320	Response	1	1620914	3417	1
dp	321	Picture	20	1625464	0	2	3153	4	0	3000
dp	322	Response	1	1631462	2681	1
dp	323	Picture	10	1636252	0	1	3153	3	0	3000
dp	324	Response	1	1643096	3525	2
dp	325	Picture	10	1644716	0	2	3154	3	0	3000
dp	326	Response	1	1652610	4574	1
dp	327	Picture	21	1654011	0	1	3153	2	0	3000
dp	328	Response	2	1661572	4242	1
dp	329	Picture	10	1663305	0	1	3153	3	0	3000
dp	330	Response	1	1670526	3902	2
dp	331	Picture	10	1672765	0	2	3154	3	0	3000
dp	333	Picture	21	1682558	0	1	3153	2	0	3000
dp	334	Response	2	1689350	3473	1
dp	335	Picture	21	1692018	0	1	3153	2	0	3000
dp	336	Response	2	1699541	4204	2
dp	337	Picture	20	1700814	0	1	3154	2	0	3000
dp	338	Response	1	1707822	3688	1
dp	339	Picture	20	1710440	0	2	3154	3	0	3000
dp	341	Picture	11	1719901	0	1	3153	2	0	3000
dp	343	Picture	20	1729361	0	1	3153	3	0	3000
dp	343	Response	1	1730924	1563	1
dp	344	Response	2	1737225	4545	1
dp	345	Picture	11	1738821	0	2	3154	3	0	3000
dp	346	Response	1	1744953	2812	2
dp	347	Picture	10	1749775	0	2	3154	3	0	3000
dp	348	Response	1	1757001	3906	1
dp	349	Picture	20	1759733	0	2	3154	3	0	3000
dp	351	Picture	21	1769360	0	1	3153	2	0	3000
dp	351	Response	2	1770107	747	1
dp	352	Response	1	1776585	3906	1
dp	353	Picture	20	1778820	0	1	3153	2	0	3000
dp	353	Response	2	1779522	702	1
dp	354	Response	1	1786882	4743	1
dp	355	Picture	11	1789442	0	1	3153	3	0	3000
dp	357	Picture	21	1799400	0	1	3154	2	0	3000
dp	358	Response	2	1804522	1802	2
dp	359	Picture	21	1809690	0	2	3154	3	0	3000
dp	360	Response	2	1816309	3299	1
dp	361	Picture	21	1818487	0	1	3153	2	0	3000
dp	363	Picture	21	1827117	0	1	3154	2	0	3000
dp	363	Response	2	1829095	1978	1
dp	365	Picture	21	1836743	0	2	3154	3	0	3000
dp	366	Response	2	1841587	1526	2
dp	367	Picture	11	1845374	0	1	3153	2	0	3000
dp	368	Response	1	1851491	2798	1
dp	369	Picture	21	1856162	0	1	3153	2	0	3000
dp	370	Response	2	1863485	4004	1
dp	371	Picture	21	1865622	0	1	3153	3	0	3000
dp	373	Picture	11	1877074	0	1	3153	3	0	3000
dp	374	Response	1	1880665	272	2
dp	375	Picture	11	1886866	0	1	3154	2	0	3000
dp	377	Picture	21	1898152	0	1	3154	2	0	3000
dp	378	Response	2	1901501	29	2
dp	379	Picture	11	1907446	0	2	3154	3	0	3000
dp	380	Response	2	1914999	4233	2
dp	381	Picture	10	1918732	0	2	3154	3	0	3000
dp	381	Response	1	1920688	1956	1
dp	383	Picture	10	1929022	0	2	3154	3	0	3000
dp	384	Response	1	1933966	1624	1
dp	385	Picture	10	1937819	0	1	3153	2	0	3000
dp	387	Picture	20	1946449	0	2	3154	3	0	3000
dp	387	Response	1	1949019	2570	2
dp	388	Response	2	1953844	4075	1
dp	389	Picture	10	1957569	0	2	3154	3	0	3000
dp	391	Picture	20	1967361	0	2	3154	3	0	3000
dp	391	Response	1	1968572	1211	1
dp	392	Response	2	1977373	6692	1
dp	393	Picture	10	1978813	0	2	3154	3	0	3000
dp	394	Response	1	1985480	3347	2
dp	395	Picture	20	1989601	0	2	3154	3	0	3000
dp	396	Response	2	1995972	3051	1
dp	397	Picture	11	2000057	0	2	3154	3	0	3000
dp	398	Response	1	2004312	935	1
dp	399	Picture	21	2009518	0	1	3153	2	0	3000
dp	400	Response	2	2014282	1445	1
dp	401	Picture	11	2019310	0	1	3153	2	0	3000
dp	402	Response	1	2025892	3263	1
dp	403	Picture	20	2028770	0	1	3154	2	0	3000
dp	404	Response	2	2034200	2110	1
dp	405	Picture	11	2039226	0	2	3154	3	0	3000
dp	406	Response	1	2043867	1321	1
dp	407	Picture	11	2049019	0	1	3153	2	0	3000
dp	408	Response	2	2052530	192	2
dp	409	Picture	21	2060304	0	2	3154	3	0	3000
dp	410	Response	1	2064907	1283	1
dp	411	Picture	20	2069433	0	1	3153	2	0	3000
dp	413	Picture	20	2078561	0	1	3154	2	0	3000
dp	414	Response	2	2086174	4294	2
dp	415	Picture	21	2088021	0	2	3154	3	0	3000
dp	416	Response	2	2091741	400	1
dp	417	Picture	21	2097482	0	1	3153	2	0	3000
dp	418	Response	2	2101925	1124	1
dp	419	Picture	20	2108602	0	1	3153	2	0	3000
dp	420	Response	2	2112585	664	2
dp	421	Picture	11	2119224	0	1	3153	2	0	3000
dp	421	Response	2	2120332	1108	2
dp	422	Response	1	2127134	4592	1
dp	423	Picture	10	2128518	0	1	3153	2	0	3000
dp	424	Response	1	2135199	3362	1
dp	425	Picture	10	2139804	0	1	3153	2	0	3000
dp	427	Picture	21	2149596	0	1	3153	3	0	3000
dp	428	Response	1	2155763	2848	2
dp	429	Picture	21	2159388	0	2	3154	5	0	3000
dp	429	Response	2	2161007	1619	2
dp	431	Picture	11	2170840	0	2	3154	3	0	3000
dp	432	Response	2	2176972	2812	1
dp	433	Picture	20	2180134	0	2	3154	3	0	3000
dp	435	Picture	11	2190093	0	1	3153	2	0	3000
dp	436	Response	2	2197005	3593	1
dp	437	Picture	10	2198889	0	1	3153	3	0	3000
dp	438	Response	1	2202910	702	1
dp	439	Picture	21	2208847	0	2	3154	3	0	3000
dp	440	Response	1	2216730	4563	1
dp	441	Picture	21	2220133	0	1	3154	2	0	3000
dp	442	Response	2	2224060	607	1
dp	443	Picture	20	2231253	0	1	3154	2	0	3000
dp	444	Response	1	2236734	2162	2
dp	444	Response	2	2238311	3739	1
dp	445	Picture	21	2241543	0	2	3154	3	0	3000
dp	446	Response	1	2246064	1202	1
dp	447	Picture	11	2251667	0	2	3154	3	0	3000
dp	449	Picture	10	2260464	0	1	3153	2	0	3000
dp	450	Response	1	2265688	1905	1
dp	451	Picture	10	2270920	0	1	3153	2	0	3000
dp	452	Response	1	2275973	1734	1
dp	453	Picture	20	2279716	0	2	3153	4	0	3000
dp	454	Response	2	2285782	2746	1
dp	455	Picture	11	2289840	0	2	3154	3	0	3000
dp	456	Response	1	2293883	723	2
dp	457	Picture	11	2299633	0	1	3153	2	0	3000
dp	457	Response	2	2302930	3297	1
dp	459	Picture	11	2311085	0	1	3153	2	0	3000
dp	459	Response	2	2314174	3089	2
dp	461	Picture	21	2322039	0	1	3153	2	0	3000
dp	461	Response	1	2324788	2749	1
dp	463	Picture	11	2332661	0	1	3153	2	0	3000
dp	464	Response	2	2336307	327	2
dp	465	Picture	21	2342453	0	1	3153	2	0	3000
dp	466	Response	2	2349953	4181	1
dp	467	Picture	21	2352909	0	1	3153	2	0	3000
dp	469	Picture	20	2363199	0	1	3153	3	0	3000
dp	469	Response	2	2363713	514	1
dp	471	Picture	20	2373987	0	1	3153	3	0	3000
dp	472	Response	2	2379124	1818	1
dp	473	Picture	11	2382617	0	2	3154	3	0	3000
dp	474	Response	1	2387731	1794	1
dp	475	Picture	20	2391414	0	1	3153	2	0	3000
dp	476	Response	2	2397015	2282	1
dp	477	Picture	20	2401206	0	1	3153	3	0	3000
dp	478	Response	1	2407093	2568	1
dp	479	Picture	11	2410168	0	2	3154	3	0	3000
dp	480	Response	1	2416458	2970	2
dp	481	Picture	20	2419131	0	1	3153	2	0	3000
dp	482	Response	2	2426976	4526	1
dp	483	Picture	21	2430085	0	1	3153	2	0	3000
dp	484	Response	2	2436079	2675	1
dp	485	Picture	21	2440375	0	1	3153	2	0	3000
dp	487	Picture	11	2451495	0	1	3153	2	0	3000
dp	488	Response	2	2457607	2793	1
dp	489	Picture	21	2462947	0	1	3153	2	0	3000
dp	489	Response	1	2464395	1448	1
dp	490	Response	2	2469829	3563	2
dp	491	Picture	11	2473237	0	1	3153	2	0	3000
dp	492	Response	1	2477817	1261	2
dp	493	Picture	21	2482531	0	1	3154	2	0	3000
dp	494	Response	2	2487212	1361	2
dp	495	Picture	21	2493817	0	1	3154	2	0	3000
dp	496	Response	1	2497416	280	1
dp	497	Picture	21	2505269	0	1	3153	3	0	3000
dp	498	Response	2	2513976	5388	1
dp	499	Picture	21	2515725	0	1	3154	2	0	3000
dp	501	Picture	10	2525849	0	2	3154	3	0	3000
dp	502	Response	1	2534695	5526	2
dp	503	Picture	21	2536803	0	2	3154	3	0	3000
dp	505	Picture	21	2547757	0	1	3154	2	0	3000
dp	507	Picture	10	2559209	0	1	3154	2	0	3000
dp	508	Response	1	2565170	2641	1
dp	509	Picture	11	2569831	0	1	3154	2	0	3000
dp	510	Response	1	2575244	2093	2
dp	511	Picture	20	2580785	0	1	3154	2	0	3000
dp	512	Response	1	2589032	4927	1
dp	513	Picture	21	2590411	0	2	3154	3	0	3000
dp	514	Response	2	2596512	2781	1
dp	515	Picture	21	2600204	0	1	3153	2	0	3000
dp	516	Response	2	2608421	4898	1
dp	517	Picture	21	2609498	0	1	3153	2	0	3000
dp	519	Picture	11	2619788	0	1	3153	3	0	3000
dp	520	Response	2	2623344	237	2
dp	520	Response	1	2626942	3835	4
dp	521	Picture	11	2628418	0	2	3154	3	0	3000
dp	523	Picture	10	2639041	0	1	3153	2	0	3000
dp	523	Response	1	2641064	2023	1
dp	525	Picture	21	2648667	0	1	3153	2	0	3000
dp	526	Response	2	2653475	1489	2
dp	527	Picture	11	2658957	0	1	3153	2	0	3000
dp	528	Response	2	2666855	4579	1
dp	529	Picture	21	2667753	0	2	3154	3	0	3000
dp	531	Picture	20	2677214	0	1	3153	2	0	3000
dp	531	Response	2	2677881	667	2
dp	533	Picture	20	2686674	0	1	3153	2	0	3000
dp	534	Response	2	2691884	1891	1
dp	535	Picture	10	2695304	0	2	3154	3	0	3000
dp	537	Picture	11	2706424	0	2	3154	3	0	3000
dp	538	Response	1	2712547	2805	2
dp	539	Picture	10	2715387	0	1	3153	2	0	3000
dp	540	Response	2	2722419	3713	2
dp	541	Picture	10	2726341	0	1	3153	2	0	3000
dp	542	Response	1	2731148	1488	2
dp	543	Picture	11	2735303	0	1	3153	2	0	3000
dp	544	Response	2	2739604	982	2
dp	545	Picture	11	2746091	0	1	3153	2	0	3000
dp	546	Response	1	2749717	307	1
dp	547	Picture	21	2755053	0	2	3154	3	0	3000
dp	547	Response	1	2758084	3031	2
dp	549	Picture	20	2764514	0	1	3153	2	0	3000
dp	550	Response	2	2772286	4453	1
dp	551	Picture	21	2775799	0	2	3154	3	0	3000
dp	552	Response	2	2784487	5368	1
dp	553	Picture	21	2787251	0	2	3154	3	0	3000
dp	555	Picture	11	2798371	0	2	3154	3	0	3000
dp	556	Response	2	2806656	4965	1
dp	557	Picture	10	2807666	0	1	3153	2	0	3000
dp	558	Response	1	2814914	3929	2
dp	559	Picture	21	2818620	0	1	3153	2	0	3000
dp	561	Picture	10	2827416	0	1	3153	3	0	3000
dp	562	Response	1	2833923	3188	1
dp	563	Picture	10	2837208	0	2	3154	3	0	3000
dp	564	Response	1	2841561	1033	1
dp	565	Picture	21	2847662	0	4	3156	5	0	3000
dp	566	Response	2	2854025	3041	1
dp	567	Picture	21	2858950	0	2	3154	3	0	3000
dp	568	Response	2	2862335	65	2
dp	569	Picture	11	2870236	0	1	3154	2	0	3000
dp	570	Response	1	2875717	2161	1
dp	571	Picture	11	2880028	0	2	3154	5	0	3000
dp	572	Response	1	2887654	4306	1
dp	573	Picture	20	2890816	0	2	3154	3	0	3000
dp	574	Response	2	2897712	3576	2
dp	575	Picture	21	2901438	0	2	3154	3	0	3000
dp	576	Response	2	2906141	1383	1
dp	577	Picture	11	2912392	0	2	3154	3	0	3000
dp	578	Response	1	2916967	1255	1
dp	579	Picture	21	2921355	0	1	3153	2	0	3000
dp	580	Response	2	2928169	3495	2
dp	581	Picture	11	2932641	0	1	3153	2	0	3000
dp	582	Response	1	2937161	1201	1
dp	583	Picture	21	2943595	0	1	3153	2	0	3000
dp	584	Response	2	2947122	208	2
dp	585	Picture	11	2952391	0	1	3154	2	0	3000
dp	586	Response	1	2958529	2818	1
dp	587	Picture	20	2961022	0	1	3153	2	0	3000
dp	588	Response	2	2968025	3684	1
dp	589	Picture	21	2971312	0	1	3153	2	0	3000
dp	590	Response	2	2979021	4390	2
dp	591	Picture	21	2981602	0	1	3153	2	0	3000
dp	592	Response	1	2986062	1141	1
dp	592	Response	2	2988468	3547	1
dp	593	Picture	10	2992058	0	1	3153	2	0	3000
dp	594	Response	1	2998813	3436	2
dp	595	Picture	21	3003510	0	1	3153	2	0	3000
dp	595	Response	2	3006765	3255	1
dp	597	Picture	10	3012970	0	1	3153	3	0	3000
dp	598	Response	1	3016342	53	1
dp	599	Picture	21	3022098	0	2	3154	3	0	3000
dp	599	Response	2	3025259	3161	2
dp	601	Picture	10	3031061	0	1	3153	2	0	3000
dp	601	Response	1	3034187	3126	2


Event Type	Code	Type	Response	RT	RT Uncertainty	Time	Uncertainty	Duration	Uncertainty	ReqTime	ReqDur

Picture	11	other				10414	1	3153	2	0	3000
Picture	20	other				19708	1	3153	5	0	3000
Picture	11	other				30330	1	3153	2	0	3000
Picture	21	other				40952	1	3153	3	0	3000
Picture	20	other				52238	1	3153	2	0	3000
Picture	20	other				62030	1	3154	2	0	3000
Picture	21	other				71324	2	3154	3	0	3000
Picture	10	other				81946	2	3154	3	0	3000
Picture	20	other				90909	1	3153	2	0	3000
Picture	21	other				101863	1	3153	2	0	3000
Picture	20	other				112153	1	3153	3	0	3000
Picture	20	other				121447	2	3154	3	0	3000
Picture	21	other				132069	2	3154	3	0	3000
Picture	20	other				141696	1	3153	2	0	3000
Picture	11	other				152318	1	3153	2	0	3000
Picture	20	other				161280	1	3153	3	0	3000
Picture	21	other				172400	1	3153	2	0	3000
Picture	11	other				183686	1	3153	2	0	3000
Picture	10	other				193312	1	3154	2	0	3000
Picture	10	other				204598	1	3153	3	0	3000
Picture	20	other				215718	1	3153	3	0	3000
Picture	10	other				224680	2	3154	3	0	3000
Picture	10	other				235468	2	3154	3	0	3000
Picture	10	other				246422	2	3154	3	0	3000
Picture	20	other				255219	1	3153	2	0	3000
Picture	21	other				265841	1	3153	2	0	3000
Picture	11	other				276297	1	3153	2	0	3000
Picture	20	other				286753	1	3153	3	0	3000
Picture	11	other				297541	1	3153	3	0	3000
Picture	10	other				307665	1	3154	2	0	3000
Picture	10	other				318287	2	3154	3	0	3000
Picture	11	other				328411	2	3154	3	0	3000
Picture	20	other				339531	2	3154	3	0	3000
Picture	11	other				350651	2	3154	3	0	3000
Picture	20	other				360941	2	3154	3	0	3000
Picture	11	other				372227	2	3154	3	0	3000
Picture	21	other				381854	1	3153	2	0	3000
Picture	21	other				391480	1	3153	2	0	3000
Picture	10	other				401272	1	3153	3	0	3000
Picture	10	other				411562	1	3154	2	0	3000
Picture	21	other				420856	2	3154	3	0	3000
Picture	20	other				430815	1	3153	2	0	3000
Picture	21	other				442101	1	3153	2	0	3000
Picture	21	other				452391	1	3153	2	0	3000
Picture	21	other				462681	1	3153	2	0	3000
Picture	11	other				472141	4	3153	6	0	3000
Picture	10	other				482763	1	3154	2	0	3000
Picture	20	other				491228	1	3153	2	0	3000
Picture	10	other				501684	1	3153	2	0	3000
Picture	11	other				512306	1	3153	2	0	3000
Picture	10	other				523592	1	3153	2	0	3000
Picture	21	other				534878	1	3153	2	0	3000
Picture	10	other				543674	1	3153	3	0	3000
Picture	10	other				552304	2	3154	3	0	3000
Picture	21	other				562760	2	3154	3	0	3000
Picture	11	other				571723	1	3153	2	0	3000
Picture	10	other				583009	1	3153	2	0	3000
Picture	20	other				593963	1	3153	2	0	3000
Picture	21	other				604751	1	3153	2	0	3000
Picture	11	other				614875	1	3153	3	0	3000
Picture	20	other				626161	1	3153	2	0	3000
Picture	10	other				637115	1	3153	2	0	3000
Picture	11	other				647737	1	3153	3	0	3000
Picture	20	other				656533	2	3154	3	0	3000
Picture	11	other				665661	4	3154	5	0	3000
Picture	11	other				676781	4	3154	5	0	3000
Picture	11	other				687072	1	3153	2	0	3000
Picture	20	other				695702	1	3154	2	0	3000
Picture	21	other				704333	1	3153	2	0	3000
Picture	21	other				713793	1	3153	2	0	3000
Picture	10	other				723419	1	3154	2	0	3000
Picture	10	other				732215	2	3154	3	0	3000
Picture	10	other				741510	1	3153	2	0	3000
Picture	10	other				751634	1	3153	2	0	3000
Picture	20	other				760928	2	3154	3	0	3000
Picture	21	other				769393	1	3153	2	0	3000
Picture	21	other				780181	1	3153	2	0	3000
Picture	20	other				789475	1	3153	3	0	3000
Picture	10	other				798271	2	3154	3	0	3000
Picture	11	other				807234	1	3153	2	0	3000
Picture	11	other				816362	1	3153	3	0	3000
Picture	21	other				825822	2	3154	3	0	3000
Picture	10	other				836610	2	3154	3	0	3000
Picture	11	other				846071	1	3153	2	0	3000
Picture	21	other				857357	1	3153	2	0	3000
Picture	11	other				868643	1	3153	2	0	3000
Picture	10	other				879762	2	3154	3	0	3000
Picture	10	other				889555	1	3153	2	0	3000
Picture	11	other				900177	1	3153	2	0	3000
Picture	11	other				909803	1	3153	2	0	3000
Picture	10	other				921255	1	3153	2	0	3000
Picture	11	other				931379	1	3153	3	0	3000
Picture	11	other				940673	2	3154	3	0	3000
Picture	21	other				950631	2	3154	3	0	3000
Picture	10	other				959261	4	3154	5	0	3000
Picture	10	other				968722	1	3154	2	0	3000
Picture	20	other				979344	2	3154	3	0	3000
Picture	20	other				990298	2	3154	3	0	3000
Picture	11	other				1000920	2	3154	3	0	3000
Picture	21	other				1009717	1	3153	2	0	3000
Picture	10	other				1018845	1	3153	3	0	3000
Picture	21	other				1030297	1	3153	2	0	3000
Picture	11	other				1039259	2	3154	3	0	3000
Picture	20	other				1047890	1	3153	2	0	3000
Picture	10	other				1058844	1	3153	2	0	3000
Picture	20	other				1069964	1	3153	2	0	3000
Picture	21	other				1078760	1	3154	2	0	3000
Picture	21	other				1090046	1	3153	3	0	3000
Picture	21	other				1099008	2	3154	3	0	3000
Picture	21	other				1108469	1	3153	2	0	3000
Picture	20	other				1118095	1	3153	2	0	3000
Picture	10	other				1128053	1	3153	3	0	3000
Picture	21	other				1139339	1	3153	3	0	3000
Picture	10	other				1147803	2	3154	3	0	3000
Picture	20	other				1156932	1	3153	2	0	3000
Picture	21	other				1168381	4	3156	5	0	3000
Picture	10	other				1178674	1	3153	2	0	3000
Picture	20	other				1187304	1	3154	2	0	3000
Picture	11	other				1196764	2	3154	3	0	3000
Picture	11	other				1207552	2	3154	3	0	3000
Picture	10	other				1217677	1	3153	2	0	3000
Picture	20	other				1227967	1	3153	2	0	3000
Picture	20	other				1238091	1	3153	2	0	3000
Picture	21	other				1247219	2	3154	3	0	3000
Picture	21	other				1258007	2	3154	3	0	3000
Picture	10	other				1268629	2	3154	3	0	3000
Picture	11	other				1277094	1	3153	2	0	3000
Picture	10	other				1286056	1	3154	2	0	3000
Picture	11	other				1297508	1	3153	3	0	3000
Picture	20	other				1307300	2	3154	3	0	3000
Picture	21	other				1316761	1	3153	2	0	3000
Picture	10	other				1326055	1	3153	2	0	3000
Picture	10	other				1335847	1	3153	3	0	3000
Picture	20	other				1346967	1	3153	2	0	3000
Picture	11	other				1357755	1	3153	3	0	3000
Picture	10	other				1368377	2	3153	4	0	3000
Picture	11	other				1377173	2	3154	3	0	3000
Picture	21	other				1386966	1	3153	2	0	3000
Picture	10	other				1398086	1	3153	2	0	3000
Picture	11	other				1407214	1	3153	3	0	3000
Picture	10	other				1417504	1	3153	3	0	3000
Picture	21	other				1428790	1	3153	3	0	3000
Picture	10	other				1439080	1	3154	2	0	3000
Picture	20	other				1448374	2	3154	3	0	3000
Picture	11	other				1458167	1	3153	2	0	3000
Picture	10	other				1466631	1	3153	3	0	3000
Picture	10	other				1477917	1	3153	3	0	3000
Picture	20	other				1487045	2	3154	3	0	3000
Picture	21	other				1496506	1	3153	2	0	3000
Picture	21	other				1507957	2	3154	3	0	3000
Picture	11	other				1537500	1	3154	2	0	3000
Picture	11	other				1547126	2	3154	3	0	3000
Picture	10	other				1555923	1	3153	2	0	3000
Picture	21	other				1565715	1	3153	2	0	3000
Picture	20	other				1576171	1	3153	3	0	3000
Picture	21	other				1584635	2	3154	3	0	3000
Picture	10	other				1593764	1	3153	2	0	3000
Picture	11	other				1603722	1	3153	2	0	3000
Picture	11	other				1614178	1	3153	3	0	3000
Picture	20	other				1625464	2	3153	4	0	3000
Picture	10	other				1636252	1	3153	3	0	3000
Picture	10	other				1644716	2	3154	3	0	3000
Picture	21	other				1654011	1	3153	2	0	3000
Picture	10	other				1663305	1	3153	3	0	3000
Picture	10	other				1672765	2	3154	3	0	3000
Picture	21	other				1682558	1	3153	2	0	3000
Picture	21	other				1692018	1	3153	2	0	3000
Picture	20	other				1700814	1	3154	2	0	3000
Picture	20	other				1710440	2	3154	3	0	3000
Picture	11	other				1719901	1	3153	2	0	3000
Picture	20	other				1729361	1	3153	3	0	3000
Picture	11	other				1738821	2	3154	3	0	3000
Picture	10	other				1749775	2	3154	3	0	3000
Picture	20	other				1759733	2	3154	3	0	3000
Picture	21	other				1769360	1	3153	2	0	3000
Picture	20	other				1778820	1	3153	2	0	3000
Picture	11	other				1789442	1	3153	3	0	3000
Picture	21	other				1799400	1	3154	2	0	3000
Picture	21	other				1809690	2	3154	3	0	3000
Picture	21	other				1818487	1	3153	2	0	3000
Picture	21	other				1827117	1	3154	2	0	3000
Picture	21	other				1836743	2	3154	3	0	3000
Picture	11	other				1845374	1	3153	2	0	3000
Picture	21	other				1856162	1	3153	2	0	3000
Picture	21	other				1865622	1	3153	3	0	3000
Picture	11	other				1877074	1	3153	3	0	3000
Picture	11	other				1886866	1	3154	2	0	3000
Picture	21	other				1898152	1	3154	2	0	3000
Picture	11	other				1907446	2	3154	3	0	3000
Picture	10	other				1918732	2	3154	3	0	3000
Picture	10	other				1929022	2	3154	3	0	3000
Picture	10	other				1937819	1	3153	2	0	3000
Picture	20	other				1946449	2	3154	3	0	3000
Picture	10	other				1957569	2	3154	3	0	3000
Picture	20	other				1967361	2	3154	3	0	3000
Picture	10	other				1978813	2	3154	3	0	3000
Picture	20	other				1989601	2	3154	3	0	3000
Picture	11	other				2000057	2	3154	3	0	3000
Picture	21	other				2009518	1	3153	2	0	3000
Picture	11	other				2019310	1	3153	2	0	3000
Picture	20	other				2028770	1	3154	2	0	3000
Picture	11	other				2039226	2	3154	3	0	3000
Picture	11	other				2049019	1	3153	2	0	3000
Picture	21	other				2060304	2	3154	3	0	3000
Picture	20	other				2069433	1	3153	2	0	3000
Picture	20	other				2078561	1	3154	2	0	3000
Picture	21	other				2088021	2	3154	3	0	3000
Picture	21	other				2097482	1	3153	2	0	3000
Picture	20	other				2108602	1	3153	2	0	3000
Picture	11	other				2119224	1	3153	2	0	3000
Picture	10	other				2128518	1	3153	2	0	3000
Picture	10	other				2139804	1	3153	2	0	3000
Picture	21	other				2149596	1	3153	3	0	3000
Picture	21	other				2159388	2	3154	5	0	3000
Picture	11	other				2170840	2	3154	3	0	3000
Picture	20	other				2180134	2	3154	3	0	3000
Picture	11	other				2190093	1	3153	2	0	3000
Picture	10	other				2198889	1	3153	3	0	3000
Picture	21	other				2208847	2	3154	3	0	3000
Picture	21	other				2220133	1	3154	2	0	3000
Picture	20	other				2231253	1	3154	2	0	3000
Picture	21	other				2241543	2	3154	3	0	3000
Picture	11	other				2251667	2	3154	3	0	3000
Picture	10	other				2260464	1	3153	2	0	3000
Picture	10	other				2270920	1	3153	2	0	3000
Picture	20	other				2279716	2	3153	4	0	3000
Picture	11	other				2289840	2	3154	3	0	3000
Picture	11	other				2299633	1	3153	2	0	3000
Picture	11	other				2311085	1	3153	2	0	3000
Picture	21	other				2322039	1	3153	2	0	3000
Picture	11	other				2332661	1	3153	2	0	3000
Picture	21	other				2342453	1	3153	2	0	3000
Picture	21	other				2352909	1	3153	2	0	3000
Picture	20	other				2363199	1	3153	3	0	3000
Picture	20	other				2373987	1	3153	3	0	3000
Picture	11	other				2382617	2	3154	3	0	3000
Picture	20	other				2391414	1	3153	2	0	3000
Picture	20	other				2401206	1	3153	3	0	3000
Picture	11	other				2410168	2	3154	3	0	3000
Picture	20	other				2419131	1	3153	2	0	3000
Picture	21	other				2430085	1	3153	2	0	3000
Picture	21	other				2440375	1	3153	2	0	3000
Picture	11	other				2451495	1	3153	2	0	3000
Picture	21	other				2462947	1	3153	2	0	3000
Picture	11	other				2473237	1	3153	2	0	3000
Picture	21	other				2482531	1	3154	2	0	3000
Picture	21	other				2493817	1	3154	2	0	3000
Picture	21	other				2505269	1	3153	3	0	3000
Picture	21	other				2515725	1	3154	2	0	3000
Picture	10	other				2525849	2	3154	3	0	3000
Picture	21	other				2536803	2	3154	3	0	3000
Picture	21	other				2547757	1	3154	2	0	3000
Picture	10	other				2559209	1	3154	2	0	3000
Picture	11	other				2569831	1	3154	2	0	3000
Picture	20	other				2580785	1	3154	2	0	3000
Picture	21	other				2590411	2	3154	3	0	3000
Picture	21	other				2600204	1	3153	2	0	3000
Picture	21	other				2609498	1	3153	2	0	3000
Picture	11	other				2619788	1	3153	3	0	3000
Picture	11	other				2628418	2	3154	3	0	3000
Picture	10	other				2639041	1	3153	2	0	3000
Picture	21	other				2648667	1	3153	2	0	3000
Picture	11	other				2658957	1	3153	2	0	3000
Picture	21	other				2667753	2	3154	3	0	3000
Picture	20	other				2677214	1	3153	2	0	3000
Picture	20	other				2686674	1	3153	2	0	3000
Picture	10	other				2695304	2	3154	3	0	3000
Picture	11	other				2706424	2	3154	3	0	3000
Picture	10	other				2715387	1	3153	2	0	3000
Picture	10	other				2726341	1	3153	2	0	3000
Picture	11	other				2735303	1	3153	2	0	3000
Picture	11	other				2746091	1	3153	2	0	3000
Picture	21	other				2755053	2	3154	3	0	3000
Picture	20	other				2764514	1	3153	2	0	3000
Picture	21	other				2775799	2	3154	3	0	3000
Picture	21	other				2787251	2	3154	3	0	3000
Picture	11	other				2798371	2	3154	3	0	3000
Picture	10	other				2807666	1	3153	2	0	3000
Picture	21	other				2818620	1	3153	2	0	3000
Picture	10	other				2827416	1	3153	3	0	3000
Picture	10	other				2837208	2	3154	3	0	3000
Picture	21	other				2847662	4	3156	5	0	3000
Picture	21	other				2858950	2	3154	3	0	3000
Picture	11	other				2870236	1	3154	2	0	3000
Picture	11	other				2880028	2	3154	5	0	3000
Picture	20	other				2890816	2	3154	3	0	3000
Picture	21	other				2901438	2	3154	3	0	3000
Picture	11	other				2912392	2	3154	3	0	3000
Picture	21	other				2921355	1	3153	2	0	3000
Picture	11	other				2932641	1	3153	2	0	3000
Picture	21	other				2943595	1	3153	2	0	3000
Picture	11	other				2952391	1	3154	2	0	3000
Picture	20	other				2961022	1	3153	2	0	3000
Picture	21	other				2971312	1	3153	2	0	3000
Picture	21	other				2981602	1	3153	2	0	3000
Picture	10	other				2992058	1	3153	2	0	3000
Picture	21	other				3003510	1	3153	2	0	3000
Picture	10	other				3012970	1	3153	3	0	3000
Picture	21	other				3022098	2	3154	3	0	3000
Picture	10	other				3031061	1	3153	2	0	3000
