Scenario - GO/NO-GO
Logfile written - 07/05/2011 15:06:12

Subject	Trial	Event Type	Code	Time	TTime	Uncertainty	Duration	Uncertainty	ReqTime	ReqDur

dp	2	Picture	22	289	0	2	3154	3	0	3000
dp	2	Response	1	7548	7259	1
dp	2	Response	1	34571	34282	1
dp	3	Picture	22	38960	0	2	3154	3	0	3000
dp	3	Response	1	43988	5028	1
dp	4	Picture	22	70827	0	1	3153	2	0	3000
dp	4	Response	1	77867	7040	1
dp	5	Picture	22	104850	0	2	3154	3	0	3000
dp	5	Response	1	109599	4749	1
dp	6	Picture	22	142028	0	1	3153	2	0	3000
dp	6	Response	1	148169	6141	1
dp	7	Picture	33	170408	0	2	3154	3	0	3000
dp	8	Picture	22	200945	0	4	3155	5	0	3000
dp	8	Response	1	205188	4243	1
dp	9	Picture	22	230655	0	2	3154	3	0	3000
dp	9	Response	1	236269	5614	1
dp	10	Picture	22	267999	0	1	3153	2	0	3000
dp	10	Response	1	271918	3919	1
dp	11	Picture	22	296877	0	2	3153	4	0	3000
dp	11	Response	1	301353	4476	2
dp	12	Picture	22	336710	0	1	3153	3	0	3000
dp	12	Response	1	342539	5829	1
dp	13	Picture	33	374219	0	1	3153	3	0	3000
dp	13	Response	1	379156	4937	1
dp	14	Picture	22	403430	0	1	3153	2	0	3000
dp	14	Response	1	407342	3912	1
dp	15	Picture	22	441769	0	1	3153	2	0	3000
dp	15	Response	1	447518	5749	2
dp	16	Picture	22	472971	0	1	3153	3	0	3000
dp	16	Response	1	478089	5118	2
dp	17	Picture	22	509650	0	2	3154	3	0	3000
dp	17	Response	1	515037	5387	1
dp	18	Picture	22	539691	0	1	3153	2	0	3000
dp	18	Response	1	545525	5834	1
dp	19	Picture	33	578694	0	1	3153	2	0	3000
dp	20	Picture	22	611722	0	1	3153	2	0	3000
dp	20	Response	1	615554	3832	1
dp	20	Response	1	630605	18883	1
dp	21	Picture	22	640766	0	2	3154	3	0	3000
dp	21	Response	1	655030	14264	1
dp	22	Picture	22	675620	0	1	3153	3	0	3000
dp	22	Response	1	682124	6504	1
dp	22	Response	1	694104	18484	2
dp	23	Picture	22	713959	0	1	3153	3	0	3000
dp	23	Response	1	719050	5091	1
dp	24	Picture	22	752464	0	1	3153	3	0	3000
dp	24	Response	1	757256	4792	2
dp	25	Picture	33	789807	0	1	3154	2	0	3000
dp	26	Picture	22	818520	0	1	3153	3	0	3000
dp	26	Response	1	822511	3991	2
dp	26	Response	1	844323	25803	1
dp	27	Picture	22	852212	0	1	3153	2	0	3000
dp	27	Response	1	857304	5092	1
dp	28	Picture	22	881256	0	2	3154	3	0	3000
dp	28	Response	1	887874	6618	1
dp	29	Picture	22	913621	0	1	3153	2	0	3000
dp	29	Response	1	917473	3852	1
dp	30	Picture	22	949802	0	1	3153	2	0	3000
dp	30	Response	1	956445	6643	2
dp	31	Picture	22	988639	0	1	3153	2	0	3000
dp	31	Response	1	993505	4866	6
dp	32	Picture	22	1019509	0	1	3154	2	0	3000
dp	32	Response	1	1029593	10084	1
dp	33	Picture	33	1059176	0	1	3153	2	0	3000
dp	34	Picture	22	1088387	0	1	3153	2	0	3000
dp	34	Response	1	1094925	6538	2
dp	35	Picture	22	1126892	0	1	3153	2	0	3000
dp	35	Response	1	1131511	4619	2
dp	36	Picture	22	1166060	0	2	3154	3	0	3000
dp	36	Response	1	1170693	4633	1
dp	37	Picture	22	1201080	0	1	3153	3	0	3000
dp	37	Response	1	1208488	7408	1
dp	38	Picture	22	1231286	0	2	3154	3	0	3000
dp	38	Response	1	1240628	9342	1
dp	39	Picture	33	1261659	0	1	3153	2	0	3000
dp	39	Response	1	1266939	5280	1
dp	40	Picture	22	1293025	0	4	3156	5	0	3000
dp	40	Response	1	1301754	8729	1
dp	41	Picture	22	1326055	0	1	3154	2	0	3000
dp	41	Response	1	1334451	8396	1
dp	42	Picture	22	1354270	0	1	3153	3	0	3000
dp	42	Response	1	1360103	5833	1
dp	43	Picture	33	1382817	0	1	3153	2	0	3000
dp	44	Picture	22	1418002	0	2	3154	3	0	3000
dp	44	Response	1	1423182	5180	1
dp	45	Picture	22	1455843	0	2	3154	3	0	3000
dp	45	Response	1	1460531	4688	2
dp	46	Picture	22	1492357	0	1	3153	2	0	3000
dp	46	Response	1	1497590	5233	1
dp	47	Picture	22	1530198	0	1	3153	2	0	3000
dp	47	Response	1	1538444	8246	1
dp	48	Picture	22	1564056	0	1	3153	2	0	3000
dp	48	Response	1	1571873	7817	1
dp	49	Picture	22	1598079	0	2	3154	3	0	3000
dp	49	Response	1	1605508	7429	1
dp	50	Picture	22	1631937	0	2	3154	3	0	3000
dp	50	Response	1	1637845	5908	1
dp	51	Picture	33	1666957	0	1	3153	2	0	3000
dp	52	Picture	22	1702308	0	2	3154	3	0	3000
dp	52	Response	1	1707485	5177	2
dp	53	Picture	22	1737992	0	1	3153	2	0	3000
dp	53	Response	1	1741976	3984	1
dp	54	Picture	22	1776829	0	1	3153	2	0	3000
dp	54	Response	1	1784160	7331	1
dp	55	Picture	33	1809027	0	1	3153	2	0	3000
dp	56	Picture	22	1848528	0	1	3153	2	0	3000
dp	56	Response	1	1854633	6105	2
dp	57	Picture	22	1881888	0	1	3153	2	0	3000
dp	57	Response	1	1886211	4323	1
dp	58	Picture	22	1910600	0	2	3154	3	0	3000
dp	58	Response	1	1914751	4151	2
dp	59	Picture	22	1941139	0	1	3153	2	0	3000
dp	59	Response	1	1947376	6237	1
dp	60	Picture	22	1980806	0	1	3153	2	0	3000
dp	60	Response	1	1985921	5115	1
dp	61	Picture	33	2009518	0	2	3154	3	0	3000
dp	61	Response	1	2013373	3855	1
dp	62	Picture	22	2045368	0	1	3153	2	0	3000
dp	63	Picture	22	2076404	0	1	3153	3	0	3000
dp	63	Response	1	2090388	13984	1
dp	64	Picture	22	2109100	0	1	3154	2	0	3000
dp	64	Response	1	2114647	5547	1
dp	65	Picture	33	2144452	0	1	3153	2	0	3000
dp	66	Picture	22	2179637	0	1	3154	2	0	3000
dp	66	Response	1	2183784	4147	2
dp	67	Picture	22	2212499	0	2	3154	3	0	3000
dp	67	Response	1	2218037	5538	1
dp	68	Picture	22	2240880	0	1	3153	3	0	3000
dp	68	Response	1	2247428	6548	1
dp	69	Picture	22	2279053	0	1	3153	3	0	3000
dp	69	Response	1	2283596	4543	1
dp	70	Picture	22	2309425	0	2	3154	3	0	3000
dp	70	Response	1	2317082	7657	1
dp	71	Picture	22	2341458	0	1	3153	2	0	3000
dp	71	Response	1	2345146	3688	1
dp	72	Picture	22	2374320	0	1	3153	2	0	3000
dp	72	Response	1	2383616	9296	1
dp	73	Picture	33	2405024	0	1	3153	3	0	3000
dp	74	Picture	22	2435397	0	1	3153	2	0	3000
dp	74	Response	1	2440763	5366	1
dp	75	Picture	22	2465437	0	1	3153	3	0	3000
dp	75	Response	1	2474253	8816	1
dp	76	Picture	22	2505436	0	1	3153	2	0	3000
dp	76	Response	1	2511331	5895	2
dp	77	Picture	22	2543443	0	1	3153	2	0	3000
dp	77	Response	1	2552389	8946	1
dp	77	Response	1	2558674	15231	1
dp	78	Picture	22	2575143	0	1	3153	3	0	3000
dp	78	Response	1	2581727	6584	1
dp	79	Picture	33	2611988	0	2	3154	3	0	3000
dp	79	Response	1	2622815	10827	2
dp	80	Picture	22	2641033	0	1	3153	3	0	3000
dp	80	Response	1	2647017	5984	2
dp	81	Picture	22	2676551	0	1	3153	2	0	3000
dp	81	Response	1	2690404	13853	2
dp	82	Picture	22	2711238	0	1	3154	2	0	3000
dp	82	Response	1	2720975	9737	1
dp	83	Picture	22	2739453	0	1	3153	3	0	3000
dp	83	Response	1	2750579	11126	2
dp	84	Picture	22	2771319	0	2	3154	3	0	3000
dp	84	Response	1	2777234	5915	1
dp	85	Picture	33	2803849	0	2	3154	3	0	3000
dp	86	Picture	22	2832894	0	1	3153	3	0	3000
dp	86	Response	1	2836961	4067	1
dp	87	Picture	22	2867250	0	1	3153	2	0	3000
dp	87	Response	1	2872809	5559	2
dp	88	Picture	22	2896958	0	2	3154	3	0	3000
dp	88	Response	1	2903322	6364	2
dp	89	Picture	22	2925173	0	1	3154	2	0	3000
dp	89	Response	1	2945828	20655	1
dp	90	Picture	22	2956209	0	2	3154	3	0	3000
dp	90	Response	1	2962345	6136	2
dp	91	Picture	22	2986416	0	1	3153	2	0	3000
dp	91	Response	1	2992444	6028	1
dp	92	Picture	22	3015627	0	1	3153	2	0	3000
dp	92	Response	1	3019380	3753	1
dp	93	Picture	33	3053634	0	1	3153	2	0	3000
dp	94	Picture	22	3087492	0	1	3153	2	0	3000
dp	94	Response	1	3094918	7426	2
dp	95	Picture	22	3119358	0	1	3153	2	0	3000
dp	95	Response	1	3125863	6505	1
dp	96	Picture	22	3148402	0	2	3154	3	0	3000
dp	96	Response	1	3160968	12566	1
dp	97	Picture	33	3176617	0	2	3154	3	0	3000
dp	98	Picture	22	3213794	0	2	3154	3	0	3000
dp	98	Response	1	3219891	6097	2
dp	99	Picture	22	3243501	0	6	3155	8	0	3000
dp	99	Response	1	3252570	9069	1
dp	100	Picture	22	3282174	0	1	3153	3	0	3000
dp	100	Response	1	3288274	6100	1
dp	101	Picture	22	3312546	0	2	3154	3	0	3000
dp	101	Response	1	3318204	5658	1
dp	102	Picture	22	3349226	0	1	3153	2	0	3000
dp	102	Response	1	3354285	5059	1
dp	103	Picture	22	3383084	0	1	3153	2	0	3000
dp	103	Response	1	3389808	6724	1
dp	104	Picture	22	3418269	0	1	3154	2	0	3000
dp	104	Response	1	3425242	6973	1
dp	105	Picture	33	3451131	0	1	3154	2	0	3000
dp	106	Picture	22	3485819	0	1	3153	2	0	3000
dp	106	Response	1	3493385	7566	2
dp	107	Picture	22	3521004	0	2	3154	3	0	3000
dp	107	Response	1	3530099	9095	1
dp	108	Picture	22	3553037	0	1	3153	2	0	3000
dp	108	Response	1	3564479	11442	1
dp	109	Picture	22	3587724	0	1	3154	2	0	3000
dp	109	Response	1	3594615	6891	1
dp	110	Picture	22	3619424	0	2	3154	3	0	3000
dp	110	Response	1	3624216	4792	2
dp	111	Picture	22	3653116	0	2	3154	3	0	3000
dp	111	Response	1	3659924	6808	1
dp	112	Picture	22	3692285	0	1	3154	2	0	3000
dp	112	Response	1	3698350	6065	1
dp	113	Picture	33	3731952	0	1	3153	2	0	3000
dp	113	Response	1	3762817	30865	1
dp	114	Picture	22	3765146	0	1	3153	2	0	3000
dp	114	Response	1	3771901	6755	2
dp	115	Picture	22	3800165	0	2	3154	3	0	3000
dp	115	Response	1	3807333	7168	2
dp	116	Picture	22	3835185	0	1	3153	3	0	3000
dp	116	Response	1	3841913	6728	1
dp	117	Picture	22	3869707	0	1	3153	2	0	3000
dp	117	Response	1	3874989	5282	2
dp	118	Picture	22	3901573	0	1	3153	3	0	3000
dp	118	Response	1	3906653	5080	1
dp	119	Picture	22	3932609	0	2	3154	3	0	3000
dp	119	Response	1	3939406	6797	1
dp	119	Response	1	3956398	23789	1
dp	120	Picture	22	3970450	0	2	3154	3	0	3000
dp	120	Response	1	3978998	8548	1
dp	121	Picture	33	4003146	0	2	3154	3	0	3000
dp	122	Picture	22	4038996	0	1	3153	2	0	3000
dp	122	Response	1	4044104	5108	1
dp	123	Picture	22	4074181	0	2	3154	3	0	3000
dp	123	Response	1	4085456	11275	2
dp	124	Picture	22	4107707	0	2	3154	3	0	3000
dp	124	Response	1	4114672	6965	2
dp	125	Picture	22	4137748	0	1	3153	2	0	3000
dp	126	Picture	22	4166461	0	1	3153	2	0	3000
dp	126	Response	1	4176742	10281	1
dp	127	Picture	33	4204302	0	1	3153	2	0	3000
dp	128	Picture	22	4236998	0	1	3153	2	0	3000
dp	128	Response	1	4244258	7260	1
dp	129	Picture	22	4272515	0	2	3154	3	0	3000
dp	129	Response	1	4279460	6945	1
dp	130	Picture	22	4311684	0	1	3154	2	0	3000
dp	130	Response	1	4322815	11131	1
dp	131	Picture	22	4341061	0	1	3153	2	0	3000
dp	131	Response	1	4347194	6133	1
dp	132	Picture	22	4377740	0	1	3154	2	0	3000
dp	132	Response	1	4381592	3852	1
dp	133	Picture	22	4414087	0	2	3154	3	0	3000
dp	133	Response	1	4418626	4539	1
dp	134	Picture	22	4449937	0	1	3153	2	0	3000
dp	134	Response	1	4453825	3888	2
dp	135	Picture	33	4485786	0	2	3154	3	0	3000
dp	136	Picture	22	4515163	0	1	3153	3	0	3000
dp	136	Response	1	4520099	4936	1
dp	137	Picture	22	4544872	0	1	3153	2	0	3000
dp	137	Response	1	4550590	5718	1
dp	138	Picture	22	4578563	0	2	3154	3	0	3000
dp	138	Response	1	4583231	4668	1
dp	139	Picture	22	4609932	0	1	3153	2	0	3000
dp	139	Response	1	4620645	10713	2
dp	140	Picture	22	4638479	0	1	3153	2	0	3000
dp	140	Response	1	4643555	5076	2
dp	141	Picture	33	4667357	0	1	3154	2	0	3000
dp	142	Picture	22	4706858	0	1	3153	3	0	3000
dp	142	Response	1	4712882	6024	1
dp	143	Picture	22	4744533	0	1	3154	2	0	3000
dp	143	Response	1	4752115	7582	2
dp	144	Picture	22	4783702	0	1	3153	3	0	3000
dp	144	Response	1	4789648	5946	1
dp	145	Picture	33	4817062	0	1	3153	2	0	3000
dp	145	Response	1	4851546	34484	1
dp	146	Picture	22	4855401	0	1	3153	3	0	3000
dp	146	Response	1	4862376	6975	1
dp	147	Picture	33	4893574	0	1	3153	3	0	3000
dp	147	Response	1	4893600	26	1
dp	148	Picture	22	4926934	0	1	3153	2	0	3000
dp	148	Response	1	4931101	4167	1
dp	149	Picture	22	4964277	0	1	3154	2	0	3000
dp	149	Response	1	4969929	5652	2
dp	150	Picture	22	4998633	0	1	3153	2	0	3000
dp	150	Response	1	5019840	21207	2
dp	151	Picture	22	5029503	0	1	3154	2	0	3000
dp	151	Response	1	5040955	11452	2
dp	152	Picture	22	5069502	0	1	3153	2	0	3000
dp	152	Response	1	5081314	11812	1
dp	153	Picture	33	5101036	0	1	3154	2	0	3000
dp	154	Response	1	8051943	2913398	1
dp	156	Picture	22	8062102	0	1	3153	2	0	3000
dp	156	Response	1	8072320	10218	2
dp	157	Picture	22	8097453	0	2	3154	3	0	3000
dp	157	Response	1	8103038	5585	2
dp	158	Picture	22	8134465	0	1	3153	2	0	3000
dp	158	Response	1	8139306	4841	1
dp	159	Picture	33	8168986	0	2	3154	3	0	3000
dp	160	Picture	22	8204172	0	1	3153	2	0	3000
dp	160	Response	1	8209666	5494	1
dp	161	Picture	22	8235706	0	1	3154	2	0	3000
dp	161	Response	1	8240324	4618	1
dp	162	Picture	22	8265249	0	1	3153	2	0	3000
dp	162	Response	1	8270077	4828	1
dp	163	Picture	22	8293630	0	1	3153	2	0	3000
dp	163	Response	1	8299269	5639	1
dp	164	Picture	22	8321844	0	2	3154	3	0	3000
dp	164	Response	1	8326864	5020	1
dp	165	Picture	33	8351885	0	1	3153	2	0	3000
dp	166	Picture	22	8383253	0	1	3154	2	0	3000
dp	166	Response	1	8387197	3944	1
dp	167	Picture	22	8413958	0	1	3153	2	0	3000
dp	167	Response	1	8420132	6174	1
dp	168	Picture	22	8449807	0	1	3153	3	0	3000
dp	168	Response	1	8457278	7471	1
dp	169	Picture	22	8480511	0	2	3154	3	0	3000
dp	169	Response	1	8485467	4956	2
dp	170	Picture	22	8508892	0	2	3154	3	0	3000
dp	170	Response	1	8512978	4086	1
dp	171	Picture	33	8537439	0	1	3153	3	0	3000
dp	172	Picture	22	8577106	0	4	3153	5	0	3000
dp	172	Response	1	8581039	3933	1
dp	173	Picture	22	8614615	0	1	3153	3	0	3000
dp	173	Response	1	8619776	5161	1
dp	174	Picture	22	8645319	0	2	3154	3	0	3000
dp	174	Response	1	8650614	5295	1
dp	175	Picture	33	8679841	0	1	3153	3	0	3000
dp	176	Picture	22	8709052	0	1	3153	2	0	3000
dp	176	Response	1	8714461	5409	1
dp	177	Picture	22	8738262	0	2	3154	3	0	3000
dp	177	Response	1	8745128	6866	1
dp	178	Picture	22	8766975	0	1	3154	2	0	3000
dp	178	Response	1	8771989	5014	1
dp	179	Picture	22	8801995	0	1	3153	2	0	3000
dp	179	Response	1	8808102	6107	1
dp	180	Picture	22	8836682	0	2	3154	3	0	3000
dp	180	Response	1	8841326	4644	1
dp	181	Picture	22	8874524	0	1	3153	2	0	3000
dp	181	Response	1	8882566	8042	1
dp	182	Picture	22	8913692	0	2	3154	3	0	3000
dp	182	Response	1	8922183	8491	2
dp	183	Picture	33	8947550	0	1	3154	2	0	3000
dp	184	Picture	22	8975765	0	1	3153	3	0	3000
dp	184	Response	1	8979681	3916	1
dp	185	Picture	33	9011946	0	2	3154	3	0	3000
dp	186	Picture	22	9048128	0	1	3153	2	0	3000
dp	186	Response	1	9052393	4265	1
dp	187	Picture	22	9081488	0	1	3153	2	0	3000
dp	187	Response	1	9087209	5721	1
dp	188	Picture	22	9113852	0	1	3153	2	0	3000
dp	188	Response	1	9120787	6935	1
dp	188	Response	1	9149190	35338	1
dp	189	Picture	22	9153021	0	1	3153	2	0	3000
dp	189	Response	1	9158896	5875	1
dp	190	Picture	22	9183725	0	1	3153	3	0	3000
dp	190	Response	1	9193165	9440	1
dp	191	Picture	22	9223392	0	1	3153	2	0	3000
dp	191	Response	1	9230309	6917	1
dp	192	Picture	22	9252105	0	1	3153	2	0	3000
dp	192	Response	1	9258879	6774	1
dp	193	Picture	33	9285464	0	2	3154	3	0	3000
dp	194	Picture	22	9325131	0	2	3154	3	0	3000
dp	194	Response	1	9330247	5116	1
dp	195	Picture	22	9360649	0	1	3153	2	0	3000
dp	195	Response	1	9365953	5304	1
dp	196	Picture	22	9398822	0	1	3153	2	0	3000
dp	196	Response	1	9403694	4872	1
dp	197	Picture	33	9428198	0	2	3154	3	0	3000
dp	198	Picture	22	9459567	0	1	3153	2	0	3000
dp	198	Response	1	9465455	5888	1
dp	199	Picture	22	9495250	0	1	3154	2	0	3000
dp	199	Response	1	9501574	6324	1
dp	200	Picture	22	9525954	0	2	3152	6	0	3000
dp	200	Response	1	9531679	5725	2
dp	201	Picture	22	9561472	0	1	3153	3	0	3000
dp	201	Response	1	9566412	4940	1
dp	202	Picture	22	9594168	0	1	3153	3	0	3000
dp	202	Response	1	9599255	5087	1
dp	203	Picture	33	9628690	0	1	3153	2	0	3000
dp	204	Picture	22	9667693	0	1	3153	2	0	3000
dp	204	Response	1	9674942	7249	1
dp	205	Picture	22	9699061	0	1	3153	3	0	3000
dp	205	Response	1	9702895	3834	1
dp	206	Picture	22	9733417	0	1	3153	2	0	3000
dp	206	Response	1	9738127	4710	2
dp	207	Picture	22	9767772	0	2	3154	3	0	3000
dp	207	Response	1	9772448	4676	2
dp	208	Picture	22	9800468	0	2	3154	3	0	3000
dp	208	Response	1	9805082	4614	1
dp	209	Picture	22	9828683	0	2	3154	3	0	3000
dp	209	Response	1	9834151	5468	1
dp	210	Picture	22	9867022	0	2	3154	3	0	3000
dp	210	Response	1	9871447	4425	2
dp	211	Picture	33	9905195	0	2	3154	3	0	3000
dp	212	Picture	22	9939717	0	1	3153	3	0	3000
dp	212	Response	1	9943760	4043	1
dp	213	Picture	33	9974903	0	1	3153	2	0	3000
dp	214	Picture	22	10008262	0	2	3154	3	0	3000
dp	214	Response	1	10014037	5775	1
dp	215	Picture	22	10040461	0	1	3153	2	0	3000
dp	215	Response	1	10046530	6069	1
dp	216	Picture	22	10076974	0	1	3153	2	0	3000
dp	216	Response	1	10085742	8768	2
dp	217	Picture	33	10108342	0	1	3154	2	0	3000
dp	218	Picture	22	10145685	0	2	3154	3	0	3000
dp	218	Response	1	10150969	5284	1
dp	219	Picture	22	10183360	0	2	3154	3	0	3000
dp	219	Response	1	10189675	6315	1
dp	220	Picture	22	10215725	0	1	3153	2	0	3000
dp	220	Response	1	10223783	8058	1
dp	221	Picture	22	10247591	0	1	3153	2	0	3000
dp	221	Response	1	10255298	7707	1
dp	222	Picture	22	10283772	0	1	3154	2	0	3000
dp	222	Response	1	10288842	5070	1
dp	223	Picture	33	10316966	0	1	3153	3	0	3000
dp	224	Picture	22	10350658	0	1	3153	2	0	3000
dp	224	Response	1	10354067	3409	1
dp	225	Picture	22	10384184	0	1	3153	2	0	3000
dp	225	Response	1	10390621	6437	1
dp	226	Picture	22	10414722	0	1	3154	2	0	3000
dp	226	Response	1	10420517	5795	1
dp	227	Picture	33	10449078	0	1	3153	3	0	3000
dp	228	Picture	22	10487417	0	1	3153	2	0	3000
dp	228	Response	1	10492754	5337	1
dp	229	Picture	33	10518619	0	2	3154	3	0	3000
dp	230	Picture	22	10557124	0	1	3154	2	0	3000
dp	230	Response	1	10561993	4869	1
dp	231	Picture	22	10588658	0	2	3154	3	0	3000
dp	231	Response	1	10595186	6528	2
dp	232	Picture	22	10618533	0	1	3153	3	0	3000
dp	232	Response	1	10624820	6287	1
dp	233	Picture	22	10652225	0	1	3153	2	0	3000
dp	233	Response	1	10656304	4079	1
dp	234	Picture	22	10689568	0	1	3153	3	0	3000
dp	234	Response	1	10696161	6593	2
dp	235	Picture	33	10726413	0	2	3154	3	0	3000
dp	236	Picture	22	10759109	0	2	3154	3	0	3000
dp	236	Response	1	10764042	4933	1
dp	237	Picture	22	10794461	0	1	3153	2	0	3000
dp	237	Response	1	10801954	7493	1
dp	238	Picture	22	10833962	0	1	3153	2	0	3000
dp	238	Response	1	10840363	6401	1
dp	239	Picture	22	10867321	0	2	3154	3	0	3000
dp	239	Response	1	10871583	4262	1
dp	240	Picture	22	10896698	0	2	3154	3	0	3000
dp	240	Response	1	10905573	8875	1
dp	241	Picture	22	10934041	0	2	3154	3	0	3000
dp	242	Picture	22	10968065	0	1	3154	2	0	3000
dp	243	Picture	33	10997608	0	1	3153	2	0	3000
dp	244	Picture	22	11035449	0	1	3153	2	0	3000
dp	244	Response	1	11040612	5163	1
dp	245	Picture	33	11071962	0	1	3154	2	0	3000
dp	246	Picture	22	11101671	0	1	3153	2	0	3000
dp	246	Response	1	11106983	5312	2
dp	247	Picture	22	11134201	0	1	3153	2	0	3000
dp	247	Response	1	11140768	6567	1
dp	248	Picture	22	11165569	0	1	3153	3	0	3000
dp	248	Response	1	11169815	4246	1
dp	249	Picture	33	11196937	0	2	3154	3	0	3000
dp	250	Picture	22	11230961	0	1	3154	2	0	3000
dp	250	Response	1	11235700	4739	1
dp	251	Picture	22	11265317	0	1	3153	2	0	3000
dp	251	Response	1	11269817	4500	1
dp	252	Picture	22	11299341	0	1	3153	2	0	3000
dp	252	Response	1	11307763	8422	1
dp	253	Picture	22	11331705	0	1	3153	2	0	3000
dp	253	Response	1	11337782	6077	1
dp	254	Picture	22	11362741	0	1	3153	3	0	3000
dp	254	Response	1	11369218	6477	1
dp	255	Picture	22	11394441	0	2	3154	3	0	3000
dp	255	Response	1	11410286	15845	1
dp	256	Picture	22	11427801	0	1	3154	2	0	3000
dp	256	Response	1	11437533	9732	2
dp	257	Picture	33	11464978	0	2	3154	3	0	3000
dp	258	Picture	22	11504313	0	2	3154	3	0	3000
dp	258	Response	1	11508691	4378	1
dp	259	Picture	22	11542652	0	2	3154	3	0	3000
dp	259	Response	1	11548927	6275	1
dp	260	Picture	22	11573191	0	1	3153	2	0	3000
dp	260	Response	1	11578172	4981	1
dp	261	Picture	33	11601405	0	2	3154	3	0	3000
dp	261	Response	1	11606892	5487	1
dp	262	Picture	22	11629952	0	2	3154	3	0	3000
dp	262	Response	1	11635548	5596	1
dp	263	Picture	22	11668623	0	1	3154	2	0	3000
dp	263	Response	1	11673992	5369	1
dp	264	Picture	22	11707792	0	1	3153	3	0	3000
dp	264	Response	1	11713291	5499	1
dp	265	Picture	33	11741318	0	1	3153	3	0	3000
dp	266	Picture	22	11775506	0	4	3155	5	0	3000
dp	266	Response	1	11781520	6014	2
dp	267	Picture	22	11811523	0	1	3154	2	0	3000
dp	267	Response	1	11821019	9496	2
dp	268	Picture	22	11850360	0	1	3153	3	0	3000
dp	268	Response	1	11855864	5504	1
dp	269	Picture	22	11887205	0	2	3154	3	0	3000
dp	269	Response	1	11892013	4808	2
dp	270	Picture	22	11919237	0	2	3154	3	0	3000
dp	270	Response	1	11925535	6298	2
dp	271	Picture	22	11956415	0	1	3153	2	0	3000
dp	271	Response	1	11961175	4760	1
dp	272	Picture	22	11989443	0	1	3153	2	0	3000
dp	272	Response	1	11997752	8309	2
dp	273	Picture	33	12022802	0	2	3154	3	0	3000
dp	273	Response	1	12052510	29708	2
dp	274	Picture	22	12057822	0	1	3153	3	0	3000
dp	275	Picture	33	12094501	0	2	3154	3	0	3000
dp	276	Picture	22	12133006	0	2	3154	3	0	3000
dp	276	Response	1	12137902	4896	1
dp	277	Picture	22	12167528	0	1	3153	3	0	3000
dp	277	Response	1	12175287	7759	1
dp	278	Picture	22	12203875	0	2	3154	3	0	3000
dp	278	Response	1	12210459	6584	1
dp	279	Picture	33	12236405	0	2	3154	3	0	3000
dp	280	Picture	22	12269599	0	2	3154	3	0	3000
dp	280	Response	1	12275391	5792	2
dp	281	Picture	22	12299474	0	1	3153	2	0	3000
dp	281	Response	1	12304727	5253	1
dp	282	Picture	22	12337481	0	1	3153	3	0	3000
dp	282	Response	1	12343256	5775	1
dp	283	Picture	22	12372335	0	1	3153	2	0	3000
dp	283	Response	1	12381022	8687	4
dp	284	Picture	22	12403039	0	1	3153	3	0	3000
dp	284	Response	1	12417227	14188	1
dp	285	Picture	33	12437395	0	1	3153	2	0	3000
dp	286	Picture	22	12471087	0	1	3153	2	0	3000
dp	286	Response	1	12474969	3882	1
dp	287	Picture	22	12502621	0	1	3153	2	0	3000
dp	287	Response	1	12508491	5870	1
dp	288	Picture	22	12531500	0	1	3153	2	0	3000
dp	288	Response	1	12537451	5951	1
dp	289	Picture	22	12569175	0	1	3153	2	0	3000
dp	289	Response	1	12575481	6306	1
dp	290	Picture	22	12597887	0	2	3154	3	0	3000
dp	290	Response	1	12603380	5493	29
dp	291	Picture	33	12628592	0	1	3153	2	0	3000
dp	292	Picture	22	12661620	0	1	3153	2	0	3000
dp	292	Response	1	12666545	4925	1
dp	293	Picture	22	12690830	0	2	3154	3	0	3000
dp	293	Response	1	12696503	5673	2
dp	294	Picture	22	12721535	0	1	3153	2	0	3000
dp	294	Response	1	12726077	4542	1
dp	295	Picture	22	12756886	0	2	3154	3	0	3000
dp	295	Response	1	12760751	3865	1
dp	296	Picture	22	12794727	0	2	3154	3	0	3000
dp	296	Response	1	12799478	4751	1
dp	297	Picture	33	12829249	0	1	3154	2	0	3000
dp	298	Picture	22	12863771	0	1	3153	2	0	3000
dp	298	Response	1	12872205	8434	1
dp	299	Picture	22	12900616	0	1	3154	2	0	3000
dp	299	Response	1	12917217	16601	2
dp	299	Response	1	12923365	22749	1
dp	300	Picture	22	12932980	0	2	3154	3	0	3000
dp	300	Response	1	12940028	7048	2
dp	301	Picture	33	12964846	0	2	3154	3	0	3000
dp	302	Picture	22	12998040	0	2	3154	3	0	3000
dp	302	Response	1	13004762	6722	1
dp	303	Picture	22	13031732	0	1	3154	2	0	3000
dp	303	Response	1	13036440	4708	1
dp	304	Picture	22	13062603	0	1	3153	2	0	3000
dp	304	Response	1	13068002	5399	1
dp	305	Picture	22	13096626	0	2	3154	3	0	3000
dp	305	Response	1	13101771	5145	1
dp	306	Picture	22	13127995	0	1	3153	2	0	3000
dp	306	Response	1	13132347	4352	1
dp	307	Picture	33	13156707	0	3	3154	4	0	3000


Event Type	Code	Type	Response	RT	RT Uncertainty	Time	Uncertainty	Duration	Uncertainty	ReqTime	ReqDur

Picture	22	hit	1	7259	3	289	2	3154	3	0	3000
Picture	22	hit	1	5028	3	38960	2	3154	3	0	3000
Picture	22	hit	1	7040	2	70827	1	3153	2	0	3000
Picture	22	hit	1	4749	3	104850	2	3154	3	0	3000
Picture	22	hit	1	6141	2	142028	1	3153	2	0	3000
Picture	33	miss				170408	2	3154	3	0	3000
Picture	22	hit	1	4243	5	200945	4	3155	5	0	3000
Picture	22	hit	1	5614	3	230655	2	3154	3	0	3000
Picture	22	hit	1	3919	2	267999	1	3153	2	0	3000
Picture	22	hit	1	4476	4	296877	2	3153	4	0	3000
Picture	22	hit	1	5829	2	336710	1	3153	3	0	3000
Picture	33	hit	1	4937	2	374219	1	3153	3	0	3000
Picture	22	hit	1	3912	2	403430	1	3153	2	0	3000
Picture	22	hit	1	5749	3	441769	1	3153	2	0	3000
Picture	22	hit	1	5118	3	472971	1	3153	3	0	3000
Picture	22	hit	1	5387	3	509650	2	3154	3	0	3000
Picture	22	hit	1	5834	2	539691	1	3153	2	0	3000
Picture	33	miss				578694	1	3153	2	0	3000
Picture	22	hit	1	3832	2	611722	1	3153	2	0	3000
Picture	22	hit	1	14264	3	640766	2	3154	3	0	3000
Picture	22	hit	1	6504	2	675620	1	3153	3	0	3000
Picture	22	hit	1	5091	2	713959	1	3153	3	0	3000
Picture	22	hit	1	4792	3	752464	1	3153	3	0	3000
Picture	33	miss				789807	1	3154	2	0	3000
Picture	22	hit	1	3991	3	818520	1	3153	3	0	3000
Picture	22	hit	1	5092	2	852212	1	3153	2	0	3000
Picture	22	hit	1	6618	3	881256	2	3154	3	0	3000
Picture	22	hit	1	3852	2	913621	1	3153	2	0	3000
Picture	22	hit	1	6643	3	949802	1	3153	2	0	3000
Picture	22	hit	1	4866	7	988639	1	3153	2	0	3000
Picture	22	hit	1	10084	2	1019509	1	3154	2	0	3000
Picture	33	miss				1059176	1	3153	2	0	3000
Picture	22	hit	1	6538	3	1088387	1	3153	2	0	3000
Picture	22	hit	1	4619	3	1126892	1	3153	2	0	3000
Picture	22	hit	1	4633	3	1166060	2	3154	3	0	3000
Picture	22	hit	1	7408	2	1201080	1	3153	3	0	3000
Picture	22	hit	1	9342	3	1231286	2	3154	3	0	3000
Picture	33	hit	1	5280	2	1261659	1	3153	2	0	3000
Picture	22	hit	1	8729	5	1293025	4	3156	5	0	3000
Picture	22	hit	1	8396	2	1326055	1	3154	2	0	3000
Picture	22	hit	1	5833	2	1354270	1	3153	3	0	3000
Picture	33	miss				1382817	1	3153	2	0	3000
Picture	22	hit	1	5180	3	1418002	2	3154	3	0	3000
Picture	22	hit	1	4688	4	1455843	2	3154	3	0	3000
Picture	22	hit	1	5233	2	1492357	1	3153	2	0	3000
Picture	22	hit	1	8246	2	1530198	1	3153	2	0	3000
Picture	22	hit	1	7817	2	1564056	1	3153	2	0	3000
Picture	22	hit	1	7429	3	1598079	2	3154	3	0	3000
Picture	22	hit	1	5908	3	1631937	2	3154	3	0	3000
Picture	33	miss				1666957	1	3153	2	0	3000
Picture	22	hit	1	5177	4	1702308	2	3154	3	0	3000
Picture	22	hit	1	3984	2	1737992	1	3153	2	0	3000
Picture	22	hit	1	7331	2	1776829	1	3153	2	0	3000
Picture	33	miss				1809027	1	3153	2	0	3000
Picture	22	hit	1	6105	3	1848528	1	3153	2	0	3000
Picture	22	hit	1	4323	2	1881888	1	3153	2	0	3000
Picture	22	hit	1	4151	4	1910600	2	3154	3	0	3000
Picture	22	hit	1	6237	2	1941139	1	3153	2	0	3000
Picture	22	hit	1	5115	2	1980806	1	3153	2	0	3000
Picture	33	hit	1	3855	3	2009518	2	3154	3	0	3000
Picture	22	miss				2045368	1	3153	2	0	3000
Picture	22	hit	1	13984	2	2076404	1	3153	3	0	3000
Picture	22	hit	1	5547	2	2109100	1	3154	2	0	3000
Picture	33	miss				2144452	1	3153	2	0	3000
Picture	22	hit	1	4147	3	2179637	1	3154	2	0	3000
Picture	22	hit	1	5538	3	2212499	2	3154	3	0	3000
Picture	22	hit	1	6548	2	2240880	1	3153	3	0	3000
Picture	22	hit	1	4543	2	2279053	1	3153	3	0	3000
Picture	22	hit	1	7657	3	2309425	2	3154	3	0	3000
Picture	22	hit	1	3688	2	2341458	1	3153	2	0	3000
Picture	22	hit	1	9296	2	2374320	1	3153	2	0	3000
Picture	33	miss				2405024	1	3153	3	0	3000
Picture	22	hit	1	5366	2	2435397	1	3153	2	0	3000
Picture	22	hit	1	8816	2	2465437	1	3153	3	0	3000
Picture	22	hit	1	5895	3	2505436	1	3153	2	0	3000
Picture	22	hit	1	8946	2	2543443	1	3153	2	0	3000
Picture	22	hit	1	6584	2	2575143	1	3153	3	0	3000
Picture	33	hit	1	10827	4	2611988	2	3154	3	0	3000
Picture	22	hit	1	5984	3	2641033	1	3153	3	0	3000
Picture	22	hit	1	13853	3	2676551	1	3153	2	0	3000
Picture	22	hit	1	9737	2	2711238	1	3154	2	0	3000
Picture	22	hit	1	11126	3	2739453	1	3153	3	0	3000
Picture	22	hit	1	5915	3	2771319	2	3154	3	0	3000
Picture	33	miss				2803849	2	3154	3	0	3000
Picture	22	hit	1	4067	2	2832894	1	3153	3	0	3000
Picture	22	hit	1	5559	3	2867250	1	3153	2	0	3000
Picture	22	hit	1	6364	4	2896958	2	3154	3	0	3000
Picture	22	hit	1	20655	2	2925173	1	3154	2	0	3000
Picture	22	hit	1	6136	4	2956209	2	3154	3	0	3000
Picture	22	hit	1	6028	2	2986416	1	3153	2	0	3000
Picture	22	hit	1	3753	2	3015627	1	3153	2	0	3000
Picture	33	miss				3053634	1	3153	2	0	3000
Picture	22	hit	1	7426	3	3087492	1	3153	2	0	3000
Picture	22	hit	1	6505	2	3119358	1	3153	2	0	3000
Picture	22	hit	1	12566	3	3148402	2	3154	3	0	3000
Picture	33	miss				3176617	2	3154	3	0	3000
Picture	22	hit	1	6097	4	3213794	2	3154	3	0	3000
Picture	22	hit	1	9069	7	3243501	6	3155	8	0	3000
Picture	22	hit	1	6100	2	3282174	1	3153	3	0	3000
Picture	22	hit	1	5658	3	3312546	2	3154	3	0	3000
Picture	22	hit	1	5059	2	3349226	1	3153	2	0	3000
Picture	22	hit	1	6724	2	3383084	1	3153	2	0	3000
Picture	22	hit	1	6973	2	3418269	1	3154	2	0	3000
Picture	33	miss				3451131	1	3154	2	0	3000
Picture	22	hit	1	7566	3	3485819	1	3153	2	0	3000
Picture	22	hit	1	9095	3	3521004	2	3154	3	0	3000
Picture	22	hit	1	11442	2	3553037	1	3153	2	0	3000
Picture	22	hit	1	6891	2	3587724	1	3154	2	0	3000
Picture	22	hit	1	4792	4	3619424	2	3154	3	0	3000
Picture	22	hit	1	6808	3	3653116	2	3154	3	0	3000
Picture	22	hit	1	6065	2	3692285	1	3154	2	0	3000
Picture	33	hit	1	30865	2	3731952	1	3153	2	0	3000
Picture	22	hit	1	6755	3	3765146	1	3153	2	0	3000
Picture	22	hit	1	7168	4	3800165	2	3154	3	0	3000
Picture	22	hit	1	6728	2	3835185	1	3153	3	0	3000
Picture	22	hit	1	5282	3	3869707	1	3153	2	0	3000
Picture	22	hit	1	5080	2	3901573	1	3153	3	0	3000
Picture	22	hit	1	6797	3	3932609	2	3154	3	0	3000
Picture	22	hit	1	8548	3	3970450	2	3154	3	0	3000
Picture	33	miss				4003146	2	3154	3	0	3000
Picture	22	hit	1	5108	2	4038996	1	3153	2	0	3000
Picture	22	hit	1	11275	4	4074181	2	3154	3	0	3000
Picture	22	hit	1	6965	4	4107707	2	3154	3	0	3000
Picture	22	miss				4137748	1	3153	2	0	3000
Picture	22	hit	1	10281	2	4166461	1	3153	2	0	3000
Picture	33	miss				4204302	1	3153	2	0	3000
Picture	22	hit	1	7260	2	4236998	1	3153	2	0	3000
Picture	22	hit	1	6945	3	4272515	2	3154	3	0	3000
Picture	22	hit	1	11131	2	4311684	1	3154	2	0	3000
Picture	22	hit	1	6133	2	4341061	1	3153	2	0	3000
Picture	22	hit	1	3852	2	4377740	1	3154	2	0	3000
Picture	22	hit	1	4539	3	4414087	2	3154	3	0	3000
Picture	22	hit	1	3888	3	4449937	1	3153	2	0	3000
Picture	33	miss				4485786	2	3154	3	0	3000
Picture	22	hit	1	4936	2	4515163	1	3153	3	0	3000
Picture	22	hit	1	5718	2	4544872	1	3153	2	0	3000
Picture	22	hit	1	4668	3	4578563	2	3154	3	0	3000
Picture	22	hit	1	10713	3	4609932	1	3153	2	0	3000
Picture	22	hit	1	5076	3	4638479	1	3153	2	0	3000
Picture	33	miss				4667357	1	3154	2	0	3000
Picture	22	hit	1	6024	2	4706858	1	3153	3	0	3000
Picture	22	hit	1	7582	3	4744533	1	3154	2	0	3000
Picture	22	hit	1	5946	2	4783702	1	3153	3	0	3000
Picture	33	hit	1	34484	2	4817062	1	3153	2	0	3000
Picture	22	hit	1	6975	2	4855401	1	3153	3	0	3000
Picture	33	hit	1	26	2	4893574	1	3153	3	0	3000
Picture	22	hit	1	4167	2	4926934	1	3153	2	0	3000
Picture	22	hit	1	5652	3	4964277	1	3154	2	0	3000
Picture	22	hit	1	21207	3	4998633	1	3153	2	0	3000
Picture	22	hit	1	11452	3	5029503	1	3154	2	0	3000
Picture	22	hit	1	11812	2	5069502	1	3153	2	0	3000
Picture	33	miss				5101036	1	3154	2	0	3000
Picture	22	hit	1	10218	3	8062102	1	3153	2	0	3000
Picture	22	hit	1	5585	4	8097453	2	3154	3	0	3000
Picture	22	hit	1	4841	2	8134465	1	3153	2	0	3000
Picture	33	miss				8168986	2	3154	3	0	3000
Picture	22	hit	1	5494	2	8204172	1	3153	2	0	3000
Picture	22	hit	1	4618	2	8235706	1	3154	2	0	3000
Picture	22	hit	1	4828	2	8265249	1	3153	2	0	3000
Picture	22	hit	1	5639	2	8293630	1	3153	2	0	3000
Picture	22	hit	1	5020	3	8321844	2	3154	3	0	3000
Picture	33	miss				8351885	1	3153	2	0	3000
Picture	22	hit	1	3944	2	8383253	1	3154	2	0	3000
Picture	22	hit	1	6174	2	8413958	1	3153	2	0	3000
Picture	22	hit	1	7471	2	8449807	1	3153	3	0	3000
Picture	22	hit	1	4956	4	8480511	2	3154	3	0	3000
Picture	22	hit	1	4086	3	8508892	2	3154	3	0	3000
Picture	33	miss				8537439	1	3153	3	0	3000
Picture	22	hit	1	3933	5	8577106	4	3153	5	0	3000
Picture	22	hit	1	5161	2	8614615	1	3153	3	0	3000
Picture	22	hit	1	5295	3	8645319	2	3154	3	0	3000
Picture	33	miss				8679841	1	3153	3	0	3000
Picture	22	hit	1	5409	2	8709052	1	3153	2	0	3000
Picture	22	hit	1	6866	3	8738262	2	3154	3	0	3000
Picture	22	hit	1	5014	2	8766975	1	3154	2	0	3000
Picture	22	hit	1	6107	2	8801995	1	3153	2	0	3000
Picture	22	hit	1	4644	3	8836682	2	3154	3	0	3000
Picture	22	hit	1	8042	2	8874524	1	3153	2	0	3000
Picture	22	hit	1	8491	4	8913692	2	3154	3	0	3000
Picture	33	miss				8947550	1	3154	2	0	3000
Picture	22	hit	1	3916	2	8975765	1	3153	3	0	3000
Picture	33	miss				9011946	2	3154	3	0	3000
Picture	22	hit	1	4265	2	9048128	1	3153	2	0	3000
Picture	22	hit	1	5721	2	9081488	1	3153	2	0	3000
Picture	22	hit	1	6935	2	9113852	1	3153	2	0	3000
Picture	22	hit	1	5875	2	9153021	1	3153	2	0	3000
Picture	22	hit	1	9440	2	9183725	1	3153	3	0	3000
Picture	22	hit	1	6917	2	9223392	1	3153	2	0	3000
Picture	22	hit	1	6774	2	9252105	1	3153	2	0	3000
Picture	33	miss				9285464	2	3154	3	0	3000
Picture	22	hit	1	5116	3	9325131	2	3154	3	0	3000
Picture	22	hit	1	5304	2	9360649	1	3153	2	0	3000
Picture	22	hit	1	4872	2	9398822	1	3153	2	0	3000
Picture	33	miss				9428198	2	3154	3	0	3000
Picture	22	hit	1	5888	2	9459567	1	3153	2	0	3000
Picture	22	hit	1	6324	2	9495250	1	3154	2	0	3000
Picture	22	hit	1	5725	4	9525954	2	3152	6	0	3000
Picture	22	hit	1	4940	2	9561472	1	3153	3	0	3000
Picture	22	hit	1	5087	2	9594168	1	3153	3	0	3000
Picture	33	miss				9628690	1	3153	2	0	3000
Picture	22	hit	1	7249	2	9667693	1	3153	2	0	3000
Picture	22	hit	1	3834	2	9699061	1	3153	3	0	3000
Picture	22	hit	1	4710	3	9733417	1	3153	2	0	3000
Picture	22	hit	1	4676	4	9767772	2	3154	3	0	3000
Picture	22	hit	1	4614	3	9800468	2	3154	3	0	3000
Picture	22	hit	1	5468	3	9828683	2	3154	3	0	3000
Picture	22	hit	1	4425	4	9867022	2	3154	3	0	3000
Picture	33	miss				9905195	2	3154	3	0	3000
Picture	22	hit	1	4043	2	9939717	1	3153	3	0	3000
Picture	33	miss				9974903	1	3153	2	0	3000
Picture	22	hit	1	5775	3	10008262	2	3154	3	0	3000
Picture	22	hit	1	6069	2	10040461	1	3153	2	0	3000
Picture	22	hit	1	8768	3	10076974	1	3153	2	0	3000
Picture	33	miss				10108342	1	3154	2	0	3000
Picture	22	hit	1	5284	3	10145685	2	3154	3	0	3000
Picture	22	hit	1	6315	3	10183360	2	3154	3	0	3000
Picture	22	hit	1	8058	2	10215725	1	3153	2	0	3000
Picture	22	hit	1	7707	2	10247591	1	3153	2	0	3000
Picture	22	hit	1	5070	2	10283772	1	3154	2	0	3000
Picture	33	miss				10316966	1	3153	3	0	3000
Picture	22	hit	1	3409	2	10350658	1	3153	2	0	3000
Picture	22	hit	1	6437	2	10384184	1	3153	2	0	3000
Picture	22	hit	1	5795	2	10414722	1	3154	2	0	3000
Picture	33	miss				10449078	1	3153	3	0	3000
Picture	22	hit	1	5337	2	10487417	1	3153	2	0	3000
Picture	33	miss				10518619	2	3154	3	0	3000
Picture	22	hit	1	4869	2	10557124	1	3154	2	0	3000
Picture	22	hit	1	6528	4	10588658	2	3154	3	0	3000
Picture	22	hit	1	6287	2	10618533	1	3153	3	0	3000
Picture	22	hit	1	4079	2	10652225	1	3153	2	0	3000
Picture	22	hit	1	6593	3	10689568	1	3153	3	0	3000
Picture	33	miss				10726413	2	3154	3	0	3000
Picture	22	hit	1	4933	3	10759109	2	3154	3	0	3000
Picture	22	hit	1	7493	2	10794461	1	3153	2	0	3000
Picture	22	hit	1	6401	2	10833962	1	3153	2	0	3000
Picture	22	hit	1	4262	3	10867321	2	3154	3	0	3000
Picture	22	hit	1	8875	3	10896698	2	3154	3	0	3000
Picture	22	miss				10934041	2	3154	3	0	3000
Picture	22	miss				10968065	1	3154	2	0	3000
Picture	33	miss				10997608	1	3153	2	0	3000
Picture	22	hit	1	5163	2	11035449	1	3153	2	0	3000
Picture	33	miss				11071962	1	3154	2	0	3000
Picture	22	hit	1	5312	3	11101671	1	3153	2	0	3000
Picture	22	hit	1	6567	2	11134201	1	3153	2	0	3000
Picture	22	hit	1	4246	2	11165569	1	3153	3	0	3000
Picture	33	miss				11196937	2	3154	3	0	3000
Picture	22	hit	1	4739	2	11230961	1	3154	2	0	3000
Picture	22	hit	1	4500	2	11265317	1	3153	2	0	3000
Picture	22	hit	1	8422	2	11299341	1	3153	2	0	3000
Picture	22	hit	1	6077	2	11331705	1	3153	2	0	3000
Picture	22	hit	1	6477	2	11362741	1	3153	3	0	3000
Picture	22	hit	1	15845	3	11394441	2	3154	3	0	3000
Picture	22	hit	1	9732	3	11427801	1	3154	2	0	3000
Picture	33	miss				11464978	2	3154	3	0	3000
Picture	22	hit	1	4378	3	11504313	2	3154	3	0	3000
Picture	22	hit	1	6275	3	11542652	2	3154	3	0	3000
Picture	22	hit	1	4981	2	11573191	1	3153	2	0	3000
Picture	33	hit	1	5487	3	11601405	2	3154	3	0	3000
Picture	22	hit	1	5596	3	11629952	2	3154	3	0	3000
Picture	22	hit	1	5369	2	11668623	1	3154	2	0	3000
Picture	22	hit	1	5499	2	11707792	1	3153	3	0	3000
Picture	33	miss				11741318	1	3153	3	0	3000
Picture	22	hit	1	6014	6	11775506	4	3155	5	0	3000
Picture	22	hit	1	9496	3	11811523	1	3154	2	0	3000
Picture	22	hit	1	5504	2	11850360	1	3153	3	0	3000
Picture	22	hit	1	4808	4	11887205	2	3154	3	0	3000
Picture	22	hit	1	6298	4	11919237	2	3154	3	0	3000
Picture	22	hit	1	4760	2	11956415	1	3153	2	0	3000
Picture	22	hit	1	8309	3	11989443	1	3153	2	0	3000
Picture	33	hit	1	29708	4	12022802	2	3154	3	0	3000
Picture	22	miss				12057822	1	3153	3	0	3000
Picture	33	miss				12094501	2	3154	3	0	3000
Picture	22	hit	1	4896	3	12133006	2	3154	3	0	3000
Picture	22	hit	1	7759	2	12167528	1	3153	3	0	3000
Picture	22	hit	1	6584	3	12203875	2	3154	3	0	3000
Picture	33	miss				12236405	2	3154	3	0	3000
Picture	22	hit	1	5792	4	12269599	2	3154	3	0	3000
Picture	22	hit	1	5253	2	12299474	1	3153	2	0	3000
Picture	22	hit	1	5775	2	12337481	1	3153	3	0	3000
Picture	22	hit	1	8687	5	12372335	1	3153	2	0	3000
Picture	22	hit	1	14188	2	12403039	1	3153	3	0	3000
Picture	33	miss				12437395	1	3153	2	0	3000
Picture	22	hit	1	3882	2	12471087	1	3153	2	0	3000
Picture	22	hit	1	5870	2	12502621	1	3153	2	0	3000
Picture	22	hit	1	5951	2	12531500	1	3153	2	0	3000
Picture	22	hit	1	6306	2	12569175	1	3153	2	0	3000
Picture	22	hit	1	5493	31	12597887	2	3154	3	0	3000
Picture	33	miss				12628592	1	3153	2	0	3000
Picture	22	hit	1	4925	2	12661620	1	3153	2	0	3000
Picture	22	hit	1	5673	4	12690830	2	3154	3	0	3000
Picture	22	hit	1	4542	2	12721535	1	3153	2	0	3000
Picture	22	hit	1	3865	3	12756886	2	3154	3	0	3000
Picture	22	hit	1	4751	3	12794727	2	3154	3	0	3000
Picture	33	miss				12829249	1	3154	2	0	3000
Picture	22	hit	1	8434	2	12863771	1	3153	2	0	3000
Picture	22	hit	1	16601	3	12900616	1	3154	2	0	3000
Picture	22	hit	1	7048	4	12932980	2	3154	3	0	3000
Picture	33	miss				12964846	2	3154	3	0	3000
Picture	22	hit	1	6722	3	12998040	2	3154	3	0	3000
Picture	22	hit	1	4708	2	13031732	1	3154	2	0	3000
Picture	22	hit	1	5399	2	13062603	1	3153	2	0	3000
Picture	22	hit	1	5145	3	13096626	2	3154	3	0	3000
Picture	22	hit	1	4352	2	13127995	1	3153	2	0	3000
Picture	33	miss				13156707	3	3154	4	0	3000
