Scenario - GO/NO-GO
Logfile written - 07/05/2011 15:11:47

Subject	Trial	Event Type	Code	Time	TTime	Uncertainty	Duration	Uncertainty	ReqTime	ReqDur

dp	2	Picture	22	289	0	2	3154	3	0	3000
dp	2	Response	1	7754	7465	1
dp	3	Picture	22	9916	0	1	3153	2	0	3000
dp	3	Response	1	17112	7196	1
dp	4	Picture	22	18712	0	1	3153	3	0	3000
dp	4	Response	1	25821	7109	1
dp	5	Picture	33	27177	0	1	3153	2	0	3000
dp	6	Picture	22	36139	0	1	3153	2	0	3000
dp	6	Response	1	39247	3108	1
dp	7	Picture	22	45101	0	2	3154	3	0	3000
dp	7	Response	1	49724	4623	1
dp	8	Picture	22	55889	0	2	3154	3	0	3000
dp	8	Response	1	60876	4987	2
dp	9	Picture	33	64354	0	1	3153	2	0	3000
dp	10	Picture	22	73648	0	1	3153	3	0	3000
dp	10	Response	1	78153	4505	2
dp	11	Picture	22	82942	0	2	3154	3	0	3000
dp	11	Response	1	85769	2827	1
dp	12	Picture	22	93398	0	2	3154	3	0	3000
dp	12	Response	1	96687	3289	1
dp	13	Picture	22	102527	0	1	3153	2	0	3000
dp	13	Response	1	107337	4810	1
dp	14	Picture	22	113315	0	1	3153	2	0	3000
dp	14	Response	1	117543	4228	1
dp	15	Picture	33	124103	0	1	3153	2	0	3000
dp	16	Picture	22	135057	0	1	3153	2	0	3000
dp	16	Response	1	138240	3183	1
dp	17	Picture	22	143687	0	2	3154	3	0	3000
dp	17	Response	1	147121	3434	2
dp	18	Picture	22	152816	0	1	3153	2	0	3000
dp	18	Response	1	156065	3249	2
dp	19	Picture	33	163438	0	1	3153	2	0	3000
dp	19	Response	1	165861	2423	1
dp	20	Picture	22	172234	0	1	3153	3	0	3000
dp	20	Response	1	177247	5013	1
dp	21	Picture	22	181196	0	2	3154	3	0	3000
dp	21	Response	1	184655	3459	1
dp	22	Picture	22	190989	0	1	3153	2	0	3000
dp	22	Response	1	193679	2690	2
dp	23	Picture	33	199453	0	1	3153	3	0	3000
dp	24	Picture	22	208249	0	2	3154	3	0	3000
dp	24	Response	1	211485	3236	1
dp	25	Picture	33	217710	0	1	3153	2	0	3000
dp	25	Response	1	219805	2095	1
dp	26	Picture	22	227004	0	1	3153	3	0	3000
dp	26	Response	1	230427	3423	1
dp	27	Picture	22	235468	0	2	3154	3	0	3000
dp	27	Response	1	240251	4783	1
dp	28	Picture	22	245759	0	1	3153	2	0	3000
dp	28	Response	1	249894	4135	2
dp	29	Picture	33	256713	0	1	3153	2	0	3000
dp	30	Picture	22	265841	0	1	3153	3	0	3000
dp	30	Response	1	268859	3018	1
dp	31	Picture	22	275799	0	1	3153	3	0	3000
dp	31	Response	1	278356	2557	2
dp	32	Picture	22	284927	0	2	3154	3	0	3000
dp	32	Response	1	288237	3310	2
dp	33	Picture	33	294222	0	1	3153	2	0	3000
dp	34	Picture	22	304678	0	1	3153	2	0	3000
dp	34	Response	1	307608	2930	1
dp	35	Picture	22	312810	0	2	3154	3	0	3000
dp	35	Response	1	317872	5062	2
dp	36	Picture	22	323598	0	2	3154	3	0	3000
dp	36	Response	1	327281	3683	1
dp	37	Picture	33	331731	0	1	3153	2	0	3000
dp	38	Picture	22	340029	0	2	3154	3	0	3000
dp	38	Response	1	345059	5030	1
dp	39	Picture	22	348660	0	1	3153	2	0	3000
dp	39	Response	1	354320	5660	1
dp	40	Picture	22	356958	0	2	3154	3	0	3000
dp	40	Response	1	362638	5680	2
dp	41	Picture	22	367580	0	2	3154	3	0	3000
dp	41	Response	1	371073	3493	2
dp	42	Picture	22	378368	0	2	3154	3	0	3000
dp	42	Response	1	381248	2880	2
dp	43	Picture	33	388161	0	1	3153	2	0	3000
dp	44	Picture	22	397953	0	1	3153	2	0	3000
dp	44	Response	1	401529	3576	1
dp	45	Picture	22	408243	0	1	3153	2	0	3000
dp	45	Response	1	411262	3019	2
dp	46	Picture	22	418367	0	1	3153	3	0	3000
dp	46	Response	1	421706	3339	1
dp	47	Picture	22	429155	0	1	3153	3	0	3000
dp	47	Response	1	432298	3143	1
dp	48	Picture	22	438449	0	2	3154	3	0	3000
dp	48	Response	1	442711	4262	1
dp	49	Picture	33	448739	0	2	3154	3	0	3000
dp	49	Response	1	458019	9280	1
dp	50	Picture	22	459362	0	1	3153	2	0	3000
dp	51	Picture	22	469320	0	1	3153	2	0	3000
dp	51	Response	1	472003	2683	1
dp	52	Picture	22	479942	0	3	3153	4	0	3000
dp	52	Response	1	483119	3177	1
dp	53	Picture	22	488572	0	2	3154	3	0	3000
dp	53	Response	1	492825	4253	1
dp	54	Picture	22	497037	0	1	3153	2	0	3000
dp	54	Response	1	502529	5492	1
dp	55	Picture	22	507161	0	1	3153	2	0	3000
dp	55	Response	1	512146	4985	1
dp	56	Picture	22	515625	0	2	3154	3	0	3000
dp	56	Response	1	521325	5700	1
dp	57	Picture	33	525749	0	2	3153	5	0	3000
dp	58	Picture	22	536205	0	2	3154	3	0	3000
dp	58	Response	1	542696	6491	1
dp	59	Picture	22	545168	0	1	3153	2	0	3000
dp	59	Response	1	550133	4965	2
dp	60	Picture	22	555956	0	1	3153	2	0	3000
dp	60	Response	1	559427	3471	1
dp	61	Picture	33	564918	0	2	3154	3	0	3000
dp	62	Picture	22	575706	0	2	3154	3	0	3000
dp	62	Response	1	579448	3742	2
dp	63	Picture	22	584337	0	1	3153	2	0	3000
dp	63	Response	1	589628	5291	2
dp	64	Picture	22	593963	0	1	3153	3	0	3000
dp	64	Response	1	598804	4841	1
dp	65	Picture	22	603589	0	1	3154	2	0	3000
dp	65	Response	1	608480	4891	1
dp	66	Picture	22	614543	0	1	3154	2	0	3000
dp	66	Response	1	617507	2964	2
dp	67	Picture	33	624667	0	2	3154	3	0	3000
dp	67	Response	1	627566	2899	1
dp	68	Picture	22	634791	0	2	3154	3	0	3000
dp	68	Response	1	639070	4279	2
dp	69	Picture	22	643256	0	1	3153	3	0	3000
dp	69	Response	1	648038	4782	1
dp	70	Picture	22	653380	0	1	3154	2	0	3000
dp	70	Response	1	657217	3837	1
dp	71	Picture	33	663836	0	1	3154	2	0	3000
dp	72	Picture	22	673130	0	2	3154	3	0	3000
dp	72	Response	1	675325	2195	1
dp	73	Picture	22	682923	0	1	3153	2	0	3000
dp	73	Response	1	684945	2022	1
dp	74	Picture	22	693545	0	1	3153	2	0	3000
dp	74	Response	1	694889	1344	1
dp	75	Picture	33	702341	0	1	3154	2	0	3000
dp	75	Response	1	705865	3524	2
dp	76	Picture	22	711801	0	2	3154	3	0	3000
dp	76	Response	1	715280	3479	1
dp	77	Picture	22	720432	0	1	3153	2	0	3000
dp	77	Response	1	723954	3522	2
dp	78	Picture	22	729726	0	1	3154	2	0	3000
dp	78	Response	1	737028	7302	2
dp	79	Picture	22	738689	0	1	3153	2	0	3000
dp	79	Response	1	745759	7070	2
dp	80	Picture	22	747983	0	1	3153	2	0	3000
dp	81	Picture	22	757443	0	1	3153	3	0	3000
dp	81	Response	1	760442	2999	3
dp	82	Picture	22	766571	0	2	3154	3	0	3000
dp	82	Response	1	772711	6140	1
dp	83	Picture	33	776032	0	1	3153	2	0	3000
dp	84	Picture	22	785160	0	1	3153	3	0	3000
dp	84	Response	1	790874	5714	1
dp	85	Picture	22	793790	0	2	3154	3	0	3000
dp	85	Response	1	800135	6345	1
dp	86	Picture	22	803583	0	1	3153	2	0	3000
dp	86	Response	1	810784	7201	1
dp	87	Picture	33	814371	0	1	3153	2	0	3000
dp	88	Picture	22	823499	0	1	3153	3	0	3000
dp	88	Response	1	826564	3065	1
dp	89	Picture	33	834287	0	1	3153	3	0	3000
dp	90	Picture	22	843249	0	2	3154	3	0	3000
dp	90	Response	1	845556	2307	1
dp	91	Picture	22	851714	0	1	3153	2	0	3000
dp	91	Response	1	855118	3404	1
dp	92	Picture	22	862502	0	1	3153	2	0	3000
dp	92	Response	1	865796	3294	2
dp	93	Picture	33	872294	0	1	3153	3	0	3000
dp	94	Picture	22	883248	0	1	3154	2	0	3000
dp	94	Response	1	885170	1922	1
dp	95	Picture	33	891879	0	1	3153	2	0	3000
dp	95	Response	1	902217	10338	1
dp	96	Picture	22	902832	0	2	3154	3	0	3000
dp	97	Picture	22	913123	0	1	3149	7	0	3000
dp	98	Picture	22	923745	0	1	3153	2	0	3000
dp	98	Response	1	926487	2742	1
dp	99	Picture	33	933371	0	1	3153	2	0	3000
dp	100	Picture	22	944159	0	1	3153	2	0	3000
dp	100	Response	1	947370	3211	1
dp	101	Picture	22	952291	0	2	3154	3	0	3000
dp	101	Response	1	955918	3627	2
dp	102	Picture	22	961420	0	1	3153	2	0	3000
dp	102	Response	1	964946	3526	2
dp	103	Picture	22	970880	0	1	3153	3	0	3000
dp	103	Response	1	975598	4718	1
dp	104	Picture	22	979676	0	2	3154	3	0	3000
dp	104	Response	1	986694	7018	1
dp	105	Picture	33	989967	0	1	3153	2	0	3000
dp	106	Picture	22	998763	0	1	3153	3	0	3000
dp	106	Response	1	1006805	8042	1
dp	107	Picture	22	1008223	0	1	3154	2	0	3000
dp	108	Picture	22	1017850	0	1	3153	2	0	3000
dp	108	Response	1	1019874	2024	1
dp	109	Picture	22	1028803	0	2	3154	3	0	3000
dp	109	Response	1	1031496	2693	2
dp	110	Picture	22	1038762	0	1	3153	2	0	3000
dp	110	Response	1	1042206	3444	2
dp	111	Picture	33	1048056	0	1	3153	3	0	3000
dp	112	Picture	22	1057184	0	2	3154	3	0	3000
dp	112	Response	1	1061611	4427	2
dp	113	Picture	22	1066976	0	2	3154	3	0	3000
dp	113	Response	1	1069785	2809	1
dp	114	Picture	22	1075275	0	1	3153	3	0	3000
dp	114	Response	1	1078574	3299	1
dp	115	Picture	22	1086229	0	1	3145	11	0	3000
dp	115	Response	1	1089779	3550	1
dp	116	Picture	22	1096021	0	1	3154	2	0	3000
dp	116	Response	1	1102607	6586	2
dp	117	Picture	33	1105979	0	2	3154	3	0	3000
dp	118	Picture	22	1115772	0	1	3153	2	0	3000
dp	118	Response	1	1119176	3404	1
dp	119	Picture	22	1124900	0	1	3153	3	0	3000
dp	119	Response	1	1128673	3773	1
dp	120	Picture	22	1134692	0	1	3154	2	0	3000
dp	120	Response	1	1137644	2952	1
dp	121	Picture	22	1145480	0	1	3154	2	0	3000
dp	121	Response	1	1146026	546	1
dp	122	Picture	22	1153613	0	1	3153	2	0	3000
dp	122	Response	1	1155917	2304	2
dp	123	Picture	22	1163073	0	1	3153	3	0	3000
dp	123	Response	1	1164186	1113	1
dp	123	Response	1	1173950	10877	2
dp	124	Picture	22	1174027	0	1	3153	3	0	3000
dp	125	Picture	33	1183487	0	1	3154	2	0	3000
dp	125	Response	1	1184791	1304	2
dp	126	Picture	22	1194441	0	1	3154	2	0	3000
dp	126	Response	1	1196683	2242	1
dp	127	Picture	22	1203238	0	1	3153	2	0	3000
dp	127	Response	1	1206858	3620	1
dp	128	Picture	22	1212366	0	1	3153	3	0	3000
dp	128	Response	1	1215650	3284	1
dp	129	Picture	22	1222490	0	1	3154	2	0	3000
dp	129	Response	1	1226036	3546	2
dp	130	Picture	22	1231120	0	2	3154	3	0	3000
dp	130	Response	1	1235656	4536	1
dp	131	Picture	33	1241079	0	1	3153	2	0	3000
dp	132	Picture	22	1251037	0	1	3153	2	0	3000
dp	132	Response	1	1251227	190	1
dp	133	Picture	33	1260331	0	1	3154	2	0	3000
dp	133	Response	1	1262770	2439	1
dp	134	Picture	22	1268962	0	1	3153	2	0	3000
dp	134	Response	1	1273009	4047	1
dp	135	Picture	22	1279916	0	1	3153	2	0	3000
dp	135	Response	1	1282714	2798	1
dp	136	Picture	22	1288712	0	1	3153	3	0	3000
dp	136	Response	1	1291741	3029	1
dp	137	Picture	22	1298006	0	2	3154	3	0	3000
dp	137	Response	1	1301091	3085	2
dp	138	Picture	22	1307964	0	2	3154	3	0	3000
dp	138	Response	1	1311120	3156	1
dp	139	Picture	33	1317425	0	1	3153	2	0	3000
dp	140	Picture	22	1325557	0	2	3154	3	0	3000
dp	140	Response	1	1327750	2193	1
dp	141	Picture	33	1334852	0	1	3153	2	0	3000
dp	141	Response	1	1337810	2958	1
dp	142	Picture	22	1344478	0	1	3153	2	0	3000
dp	142	Response	1	1347603	3125	1
dp	143	Picture	33	1355598	0	1	3153	2	0	3000
dp	144	Picture	22	1366718	0	1	3153	2	0	3000
dp	144	Response	1	1369004	2286	1
dp	145	Picture	33	1376012	0	1	3153	3	0	3000
dp	146	Picture	22	1384808	0	2	3154	3	0	3000
dp	146	Response	1	1387020	2212	3
dp	147	Picture	22	1394269	0	1	3153	2	0	3000
dp	147	Response	1	1401473	7204	1
dp	148	Picture	22	1403895	0	1	3153	2	0	3000
dp	148	Response	1	1409119	5224	2
dp	149	Picture	22	1413023	0	1	3154	2	0	3000
dp	149	Response	1	1417057	4034	1
dp	150	Picture	22	1422650	0	1	3153	2	0	3000
dp	150	Response	1	1426289	3639	1
dp	151	Picture	22	1432774	0	1	3153	2	0	3000
dp	151	Response	1	1436289	3515	1
dp	152	Picture	22	1442234	0	1	3153	2	0	3000
dp	152	Response	1	1445404	3170	2
dp	153	Picture	33	1452026	0	1	3154	2	0	3000
dp	153	Response	1	1452837	811	1
dp	154	Picture	22	1461154	0	2	3154	3	0	3000
dp	154	Response	1	1462279	1125	1
dp	155	Picture	22	1469619	0	1	3153	3	0	3000
dp	155	Response	1	1474104	4485	1
dp	156	Picture	22	1480075	0	1	3153	3	0	3000
dp	157	Picture	33	1490697	0	1	3153	3	0	3000
dp	158	Picture	22	1500489	0	2	3154	3	0	3000
dp	158	Response	1	1503877	3388	1
dp	159	Picture	22	1510945	0	2	3154	3	0	3000
dp	159	Response	1	1520867	9922	1
dp	160	Picture	22	1521899	0	2	3154	3	0	3000
dp	160	Response	1	1529707	7808	1
dp	161	Picture	22	1531526	0	1	3153	2	0	3000
dp	161	Response	1	1539366	7840	4
dp	162	Picture	22	1541152	0	1	3153	2	0	3000
dp	162	Response	1	1548318	7166	1
dp	163	Picture	33	1549948	0	1	3154	2	0	3000
dp	164	Picture	22	1559077	0	1	3153	2	0	3000
dp	164	Response	1	1563782	4705	1
dp	165	Picture	22	1570031	0	1	3153	2	0	3000
dp	165	Response	1	1573198	3167	1
dp	166	Picture	22	1580985	0	1	3153	2	0	3000
dp	166	Response	1	1584535	3550	1
dp	167	Picture	33	1590611	0	1	3153	2	0	3000
dp	168	Picture	22	1601233	0	1	3153	2	0	3000
dp	168	Response	1	1604442	3209	1
dp	169	Picture	33	1609531	0	2	3154	3	0	3000
dp	170	Picture	22	1617830	0	1	3153	2	0	3000
dp	170	Response	1	1622198	4368	1
dp	171	Picture	22	1628120	0	1	3153	3	0	3000
dp	172	Picture	22	1639074	0	1	3153	3	0	3000
dp	172	Response	1	1642131	3057	2
dp	173	Picture	22	1650028	0	1	3153	3	0	3000
dp	173	Response	1	1653428	3400	2
dp	174	Picture	22	1658658	0	2	3154	3	0	3000
dp	174	Response	1	1662725	4067	1
dp	175	Picture	33	1667787	0	1	3153	2	0	3000
dp	176	Picture	22	1676417	0	1	3154	2	0	3000
dp	176	Response	1	1679361	2944	2
dp	177	Picture	22	1686209	0	2	3154	3	0	3000
dp	177	Response	1	1689424	3215	1
dp	178	Picture	22	1696168	0	1	3153	2	0	3000
dp	178	Response	1	1698658	2490	2
dp	179	Picture	22	1704964	0	1	3153	2	0	3000
dp	179	Response	1	1707869	2905	1
dp	180	Picture	22	1715088	0	1	3153	3	0	3000
dp	180	Response	1	1717874	2786	1
dp	181	Picture	33	1724216	0	2	3154	3	0	3000
dp	182	Picture	22	1733843	0	1	3153	2	0	3000
dp	182	Response	1	1735039	1196	1
dp	183	Picture	22	1743635	0	1	3153	2	0	3000
dp	183	Response	1	1744989	1354	1
dp	184	Picture	22	1753759	0	1	3153	2	0	3000
dp	184	Response	1	1754939	1180	1
dp	185	Picture	33	1764215	0	1	3153	3	0	3000
dp	185	Response	1	1766891	2676	1
dp	186	Picture	22	1772348	0	1	3153	2	0	3000
dp	186	Response	1	1775968	3620	1
dp	187	Picture	22	1780646	0	1	3154	2	0	3000
dp	187	Response	1	1786627	5981	2
dp	188	Picture	22	1788779	0	1	3153	2	0	3000
dp	188	Response	1	1795857	7078	1
dp	189	Picture	22	1798737	0	1	3153	2	0	3000
dp	189	Response	1	1806333	7596	1
dp	190	Picture	22	1807533	0	1	3154	2	0	3000
dp	190	Response	1	1815774	8241	2
dp	191	Picture	33	1815998	0	1	3153	2	0	3000
dp	192	Picture	22	1824628	0	1	3153	3	0	3000
dp	192	Response	1	1826074	1446	1
dp	193	Picture	22	1833424	0	2	3154	3	0	3000
dp	193	Response	1	1834419	995	2
dp	193	Response	1	1842566	9142	1
dp	194	Picture	22	1844378	0	2	3154	3	0	3000
dp	195	Picture	33	1854005	0	1	3153	2	0	3000
dp	195	Response	1	1856781	2776	1
dp	196	Picture	22	1864793	0	1	3153	2	0	3000
dp	197	Picture	22	1874585	0	1	3153	2	0	3000
dp	197	Response	1	1878034	3449	1
dp	198	Picture	22	1884377	0	1	3153	3	0	3000
dp	198	Response	1	1888951	4574	1
dp	199	Picture	22	1893339	0	2	3154	3	0	3000
dp	199	Response	1	1900812	7473	1
dp	200	Picture	22	1903962	0	1	3153	2	0	3000
dp	200	Response	1	1909668	5706	1
dp	201	Picture	33	1913256	0	1	3153	2	0	3000
dp	202	Picture	22	1922052	0	2	3154	3	0	3000
dp	202	Response	1	1923396	1344	1
dp	203	Picture	22	1931513	0	1	3153	2	0	3000
dp	203	Response	1	1937027	5514	1
dp	204	Picture	22	1940309	0	1	3153	2	0	3000
dp	204	Response	1	1946180	5871	1
dp	205	Picture	22	1950931	0	1	3153	3	0	3000
dp	205	Response	1	1957278	6347	1
dp	206	Picture	22	1960391	0	2	3154	3	0	3000
dp	206	Response	1	1964309	3918	1
dp	207	Picture	33	1970515	0	2	3154	3	0	3000
dp	207	Response	1	1978912	8397	1
dp	208	Picture	22	1981303	0	2	3154	3	0	3000
dp	208	Response	1	1988474	7171	2
dp	209	Picture	22	1992422	0	4	3155	5	0	3000
dp	209	Response	1	1997087	4665	1
dp	210	Picture	22	2001552	0	1	3153	2	0	3000
dp	210	Response	1	2006894	5342	1
dp	211	Picture	33	2011676	0	1	3153	2	0	3000
dp	211	Response	1	2019051	7375	2
dp	212	Picture	22	2020970	0	1	3154	2	0	3000
dp	213	Picture	22	2030264	0	2	3154	3	0	3000
dp	213	Response	1	2030739	475	1
dp	214	Picture	22	2041218	0	2	3154	3	0	3000
dp	214	Response	1	2042560	1342	1
dp	215	Picture	33	2049683	0	1	3153	2	0	3000
dp	216	Picture	22	2058479	0	2	3154	3	0	3000
dp	216	Response	1	2061052	2573	1
dp	217	Picture	33	2069267	0	2	3154	3	0	3000
dp	217	Response	1	2070269	1002	2
dp	218	Picture	22	2077898	0	1	3153	2	0	3000
dp	218	Response	1	2084229	6331	1
dp	219	Picture	22	2088354	0	1	3153	2	0	3000
dp	219	Response	1	2092893	4539	2
dp	220	Picture	22	2097648	0	1	3154	2	0	3000
dp	220	Response	1	2101776	4128	2
dp	221	Picture	22	2107606	0	2	3154	3	0	3000
dp	221	Response	1	2110926	3320	1
dp	222	Picture	22	2117564	0	2	3154	3	0	3000
dp	222	Response	1	2121866	4302	1
dp	223	Picture	33	2128518	0	2	3154	3	0	3000
dp	223	Response	1	2135552	7034	2
dp	224	Picture	22	2136817	0	1	3153	3	0	3000
dp	225	Picture	33	2147605	0	1	3153	3	0	3000
dp	225	Response	1	2150309	2704	2
dp	226	Picture	22	2156899	0	2	3154	3	0	3000
dp	226	Response	1	2161483	4584	2
dp	227	Picture	33	2165364	0	1	3153	2	0	3000
dp	228	Picture	22	2174990	0	1	3153	3	0	3000
dp	229	Picture	22	2185280	0	1	3153	3	0	3000
dp	229	Response	1	2190580	5300	3
dp	230	Picture	22	2195238	0	2	3154	3	0	3000
dp	230	Response	1	2198709	3471	1
dp	231	Picture	22	2204533	0	1	3153	2	0	3000
dp	231	Response	1	2210684	6151	1
dp	232	Picture	22	2214491	0	1	3153	2	0	3000
dp	232	Response	1	2219933	5442	1
dp	233	Picture	22	2224283	0	1	3153	3	0	3000
dp	233	Response	1	2229217	4934	1
dp	234	Picture	22	2234573	0	1	3154	2	0	3000
dp	234	Response	1	2238352	3779	1
dp	235	Picture	33	2243370	0	1	3153	2	0	3000
dp	236	Picture	22	2254158	0	1	3153	2	0	3000
dp	236	Response	1	2256748	2590	1
dp	237	Picture	22	2263950	0	1	3153	2	0	3000
dp	237	Response	1	2265546	1596	1
dp	238	Picture	22	2273078	0	1	3153	3	0	3000
dp	238	Response	1	2276483	3405	2
dp	239	Picture	22	2282372	0	2	3154	3	0	3000
dp	239	Response	1	2285104	2732	1
dp	240	Picture	22	2291169	0	1	3153	2	0	3000
dp	240	Response	1	2294408	3239	1
dp	241	Picture	33	2299467	0	2	3154	3	0	3000
dp	242	Picture	22	2309425	0	2	3154	3	0	3000
dp	242	Response	1	2312581	3156	1
dp	243	Picture	22	2319550	0	1	3153	2	0	3000
dp	243	Response	1	2319812	262	2
dp	244	Picture	22	2329342	0	1	3153	2	0	3000
dp	244	Response	1	2330114	772	1
dp	244	Response	1	2339354	10012	3
dp	245	Picture	22	2340130	0	1	3153	2	0	3000
dp	246	Picture	22	2348926	0	1	3154	2	0	3000
dp	246	Response	1	2349949	1023	1
dp	247	Picture	33	2357391	0	1	3153	2	0	3000
dp	247	Response	1	2358658	1267	2
dp	248	Picture	22	2368179	0	1	3153	2	0	3000
dp	248	Response	1	2368576	397	1
dp	248	Response	1	2377281	9102	1
dp	249	Picture	22	2378303	0	1	3153	2	0	3000
dp	250	Picture	22	2386435	0	2	3154	3	0	3000
dp	250	Response	1	2388074	1639	1
dp	251	Picture	22	2394900	0	1	3153	2	0	3000
dp	251	Response	1	2399625	4725	1
dp	252	Picture	22	2405024	0	1	3153	3	0	3000
dp	252	Response	1	2408484	3460	2
dp	253	Picture	22	2415646	0	1	3153	3	0	3000
dp	253	Response	1	2417221	1575	1
dp	254	Picture	22	2424608	0	2	3154	3	0	3000
dp	254	Response	1	2426951	2343	1
dp	255	Picture	33	2434567	0	1	3153	2	0	3000
dp	256	Picture	22	2443529	0	1	3153	2	0	3000
dp	256	Response	1	2445332	1803	1
dp	256	Response	1	2451630	8101	1
dp	257	Picture	22	2453487	0	1	3154	2	0	3000
dp	257	Response	1	2463165	9678	1
dp	258	Picture	22	2464109	0	1	3154	2	0	3000
dp	259	Picture	22	2472242	0	1	3153	2	0	3000
dp	259	Response	1	2481577	9335	1
dp	260	Picture	22	2483196	0	1	3153	2	0	3000
dp	261	Picture	33	2491494	0	1	3154	2	0	3000
dp	262	Picture	22	2499793	0	1	3153	2	0	3000
dp	262	Response	1	2501928	2135	1
dp	263	Picture	22	2508091	0	1	3153	3	0	3000
dp	263	Response	1	2518505	10414	1
dp	264	Picture	22	2519045	0	1	3154	2	0	3000
dp	264	Response	1	2528799	9754	1
dp	265	Picture	22	2529003	0	1	3154	2	0	3000
dp	266	Picture	22	2539957	0	2	3154	3	0	3000
dp	266	Response	1	2542422	2465	1
dp	267	Picture	22	2550911	0	2	3154	3	0	3000
dp	267	Response	1	2555342	4431	2
dp	268	Picture	22	2561699	0	2	3154	3	0	3000
dp	268	Response	1	2567053	5354	1
dp	269	Picture	33	2572487	0	2	3154	3	0	3000
dp	270	Picture	22	2583109	0	2	3153	6	0	3000
dp	270	Response	1	2583358	249	1
dp	271	Picture	22	2592570	0	1	3153	2	0	3000
dp	271	Response	1	2599404	6834	1
dp	272	Picture	22	2603026	0	1	3153	2	0	3000
dp	273	Picture	22	2611490	0	1	3154	2	0	3000
dp	273	Response	1	2611630	140	1
dp	274	Picture	22	2619622	0	4	3154	5	0	3000
dp	274	Response	1	2621640	2018	1
dp	275	Picture	33	2628585	0	1	3154	2	0	3000
dp	275	Response	1	2630797	2212	1
dp	276	Picture	22	2639041	0	1	3154	2	0	3000
dp	276	Response	1	2641868	2827	1
dp	277	Picture	22	2648999	0	2	3154	3	0	3000
dp	277	Response	1	2652547	3548	1
dp	278	Picture	22	2659289	0	2	3154	3	0	3000
dp	278	Response	1	2661734	2445	1
dp	279	Picture	33	2667920	0	1	3153	2	0	3000
dp	279	Response	1	2671571	3651	2
dp	280	Picture	22	2678708	0	1	3153	2	0	3000
dp	280	Response	1	2681432	2724	2
dp	281	Picture	22	2688998	0	1	3153	3	0	3000
dp	281	Response	1	2691582	2584	2
dp	282	Picture	22	2697960	0	2	3154	3	0	3000
dp	282	Response	1	2701114	3154	2
dp	283	Picture	33	2706425	0	1	3153	2	0	3000
dp	284	Picture	22	2714723	0	2	3154	3	0	3000
dp	284	Response	1	2715215	492	2
dp	285	Picture	22	2725345	0	2	3154	3	0	3000
dp	285	Response	1	2726273	928	1
dp	286	Picture	22	2735636	0	1	3153	2	0	3000
dp	286	Response	1	2739228	3592	1
dp	287	Picture	33	2744764	0	1	3153	2	0	3000
dp	288	Picture	22	2754224	0	1	3154	2	0	3000
dp	288	Response	1	2757302	3078	4
dp	289	Picture	22	2765344	0	1	3153	3	0	3000
dp	289	Response	1	2768642	3298	1
dp	290	Picture	22	2774306	0	2	3154	3	0	3000
dp	290	Response	1	2777788	3482	2
dp	291	Picture	33	2784431	0	1	3153	2	0	3000
dp	291	Response	1	2792835	8404	1
dp	292	Picture	22	2794389	0	1	3153	2	0	3000
dp	292	Response	1	2804368	9979	1
dp	293	Picture	22	2805011	0	1	3153	2	0	3000
dp	294	Picture	22	2813143	0	2	3154	3	0	3000
dp	294	Response	1	2817259	4116	1
dp	295	Picture	33	2823433	0	2	3154	3	0	3000
dp	296	Picture	22	2832230	0	1	3152	5	0	3000
dp	296	Response	1	2834818	2588	1
dp	297	Picture	22	2841690	0	1	3154	2	0	3000
dp	297	Response	1	2846661	4971	1
dp	298	Picture	22	2851150	0	2	3154	3	0	3000
dp	298	Response	1	2859509	8359	1
dp	299	Picture	22	2861275	0	1	3153	2	0	3000
dp	299	Response	1	2868951	7676	1
dp	300	Picture	22	2870901	0	1	3153	2	0	3000
dp	301	Picture	33	2880361	0	1	3154	2	0	3000


Event Type	Code	Type	Response	RT	RT Uncertainty	Time	Uncertainty	Duration	Uncertainty	ReqTime	ReqDur

Picture	22	hit	1	7465	3	289	2	3154	3	0	3000
Picture	22	hit	1	7196	2	9916	1	3153	2	0	3000
Picture	22	hit	1	7109	2	18712	1	3153	3	0	3000
Picture	33	miss				27177	1	3153	2	0	3000
Picture	22	hit	1	3108	2	36139	1	3153	2	0	3000
Picture	22	hit	1	4623	3	45101	2	3154	3	0	3000
Picture	22	hit	1	4987	4	55889	2	3154	3	0	3000
Picture	33	miss				64354	1	3153	2	0	3000
Picture	22	hit	1	4505	3	73648	1	3153	3	0	3000
Picture	22	hit	1	2827	3	82942	2	3154	3	0	3000
Picture	22	hit	1	3289	3	93398	2	3154	3	0	3000
Picture	22	hit	1	4810	2	102527	1	3153	2	0	3000
Picture	22	hit	1	4228	2	113315	1	3153	2	0	3000
Picture	33	miss				124103	1	3153	2	0	3000
Picture	22	hit	1	3183	2	135057	1	3153	2	0	3000
Picture	22	hit	1	3434	4	143687	2	3154	3	0	3000
Picture	22	hit	1	3249	3	152816	1	3153	2	0	3000
Picture	33	hit	1	2423	2	163438	1	3153	2	0	3000
Picture	22	hit	1	5013	2	172234	1	3153	3	0	3000
Picture	22	hit	1	3459	3	181196	2	3154	3	0	3000
Picture	22	hit	1	2690	3	190989	1	3153	2	0	3000
Picture	33	miss				199453	1	3153	3	0	3000
Picture	22	hit	1	3236	3	208249	2	3154	3	0	3000
Picture	33	hit	1	2095	2	217710	1	3153	2	0	3000
Picture	22	hit	1	3423	2	227004	1	3153	3	0	3000
Picture	22	hit	1	4783	3	235468	2	3154	3	0	3000
Picture	22	hit	1	4135	3	245759	1	3153	2	0	3000
Picture	33	miss				256713	1	3153	2	0	3000
Picture	22	hit	1	3018	2	265841	1	3153	3	0	3000
Picture	22	hit	1	2557	3	275799	1	3153	3	0	3000
Picture	22	hit	1	3310	4	284927	2	3154	3	0	3000
Picture	33	miss				294222	1	3153	2	0	3000
Picture	22	hit	1	2930	2	304678	1	3153	2	0	3000
Picture	22	hit	1	5062	4	312810	2	3154	3	0	3000
Picture	22	hit	1	3683	3	323598	2	3154	3	0	3000
Picture	33	miss				331731	1	3153	2	0	3000
Picture	22	hit	1	5030	3	340029	2	3154	3	0	3000
Picture	22	hit	1	5660	2	348660	1	3153	2	0	3000
Picture	22	hit	1	5680	4	356958	2	3154	3	0	3000
Picture	22	hit	1	3493	4	367580	2	3154	3	0	3000
Picture	22	hit	1	2880	4	378368	2	3154	3	0	3000
Picture	33	miss				388161	1	3153	2	0	3000
Picture	22	hit	1	3576	2	397953	1	3153	2	0	3000
Picture	22	hit	1	3019	3	408243	1	3153	2	0	3000
Picture	22	hit	1	3339	2	418367	1	3153	3	0	3000
Picture	22	hit	1	3143	2	429155	1	3153	3	0	3000
Picture	22	hit	1	4262	3	438449	2	3154	3	0	3000
Picture	33	hit	1	9280	3	448739	2	3154	3	0	3000
Picture	22	miss				459362	1	3153	2	0	3000
Picture	22	hit	1	2683	2	469320	1	3153	2	0	3000
Picture	22	hit	1	3177	4	479942	3	3153	4	0	3000
Picture	22	hit	1	4253	3	488572	2	3154	3	0	3000
Picture	22	hit	1	5492	2	497037	1	3153	2	0	3000
Picture	22	hit	1	4985	2	507161	1	3153	2	0	3000
Picture	22	hit	1	5700	3	515625	2	3154	3	0	3000
Picture	33	miss				525749	2	3153	5	0	3000
Picture	22	hit	1	6491	3	536205	2	3154	3	0	3000
Picture	22	hit	1	4965	3	545168	1	3153	2	0	3000
Picture	22	hit	1	3471	2	555956	1	3153	2	0	3000
Picture	33	miss				564918	2	3154	3	0	3000
Picture	22	hit	1	3742	4	575706	2	3154	3	0	3000
Picture	22	hit	1	5291	3	584337	1	3153	2	0	3000
Picture	22	hit	1	4841	2	593963	1	3153	3	0	3000
Picture	22	hit	1	4891	2	603589	1	3154	2	0	3000
Picture	22	hit	1	2964	3	614543	1	3154	2	0	3000
Picture	33	hit	1	2899	3	624667	2	3154	3	0	3000
Picture	22	hit	1	4279	4	634791	2	3154	3	0	3000
Picture	22	hit	1	4782	2	643256	1	3153	3	0	3000
Picture	22	hit	1	3837	2	653380	1	3154	2	0	3000
Picture	33	miss				663836	1	3154	2	0	3000
Picture	22	hit	1	2195	3	673130	2	3154	3	0	3000
Picture	22	hit	1	2022	2	682923	1	3153	2	0	3000
Picture	22	hit	1	1344	2	693545	1	3153	2	0	3000
Picture	33	hit	1	3524	3	702341	1	3154	2	0	3000
Picture	22	hit	1	3479	3	711801	2	3154	3	0	3000
Picture	22	hit	1	3522	3	720432	1	3153	2	0	3000
Picture	22	hit	1	7302	3	729726	1	3154	2	0	3000
Picture	22	hit	1	7070	3	738689	1	3153	2	0	3000
Picture	22	miss				747983	1	3153	2	0	3000
Picture	22	hit	1	2999	4	757443	1	3153	3	0	3000
Picture	22	hit	1	6140	3	766571	2	3154	3	0	3000
Picture	33	miss				776032	1	3153	2	0	3000
Picture	22	hit	1	5714	2	785160	1	3153	3	0	3000
Picture	22	hit	1	6345	3	793790	2	3154	3	0	3000
Picture	22	hit	1	7201	2	803583	1	3153	2	0	3000
Picture	33	miss				814371	1	3153	2	0	3000
Picture	22	hit	1	3065	2	823499	1	3153	3	0	3000
Picture	33	miss				834287	1	3153	3	0	3000
Picture	22	hit	1	2307	3	843249	2	3154	3	0	3000
Picture	22	hit	1	3404	2	851714	1	3153	2	0	3000
Picture	22	hit	1	3294	3	862502	1	3153	2	0	3000
Picture	33	miss				872294	1	3153	3	0	3000
Picture	22	hit	1	1922	2	883248	1	3154	2	0	3000
Picture	33	hit	1	10338	2	891879	1	3153	2	0	3000
Picture	22	miss				902832	2	3154	3	0	3000
Picture	22	miss				913123	1	3149	7	0	3000
Picture	22	hit	1	2742	2	923745	1	3153	2	0	3000
Picture	33	miss				933371	1	3153	2	0	3000
Picture	22	hit	1	3211	2	944159	1	3153	2	0	3000
Picture	22	hit	1	3627	4	952291	2	3154	3	0	3000
Picture	22	hit	1	3526	3	961420	1	3153	2	0	3000
Picture	22	hit	1	4718	2	970880	1	3153	3	0	3000
Picture	22	hit	1	7018	3	979676	2	3154	3	0	3000
Picture	33	miss				989967	1	3153	2	0	3000
Picture	22	hit	1	8042	2	998763	1	3153	3	0	3000
Picture	22	miss				1008223	1	3154	2	0	3000
Picture	22	hit	1	2024	2	1017850	1	3153	2	0	3000
Picture	22	hit	1	2693	4	1028803	2	3154	3	0	3000
Picture	22	hit	1	3444	3	1038762	1	3153	2	0	3000
Picture	33	miss				1048056	1	3153	3	0	3000
Picture	22	hit	1	4427	4	1057184	2	3154	3	0	3000
Picture	22	hit	1	2809	3	1066976	2	3154	3	0	3000
Picture	22	hit	1	3299	2	1075275	1	3153	3	0	3000
Picture	22	hit	1	3550	2	1086229	1	3145	11	0	3000
Picture	22	hit	1	6586	3	1096021	1	3154	2	0	3000
Picture	33	miss				1105979	2	3154	3	0	3000
Picture	22	hit	1	3404	2	1115772	1	3153	2	0	3000
Picture	22	hit	1	3773	2	1124900	1	3153	3	0	3000
Picture	22	hit	1	2952	2	1134692	1	3154	2	0	3000
Picture	22	hit	1	546	2	1145480	1	3154	2	0	3000
Picture	22	hit	1	2304	3	1153613	1	3153	2	0	3000
Picture	22	hit	1	1113	2	1163073	1	3153	3	0	3000
Picture	22	miss				1174027	1	3153	3	0	3000
Picture	33	hit	1	1304	3	1183487	1	3154	2	0	3000
Picture	22	hit	1	2242	2	1194441	1	3154	2	0	3000
Picture	22	hit	1	3620	2	1203238	1	3153	2	0	3000
Picture	22	hit	1	3284	2	1212366	1	3153	3	0	3000
Picture	22	hit	1	3546	3	1222490	1	3154	2	0	3000
Picture	22	hit	1	4536	3	1231120	2	3154	3	0	3000
Picture	33	miss				1241079	1	3153	2	0	3000
Picture	22	hit	1	190	2	1251037	1	3153	2	0	3000
Picture	33	hit	1	2439	2	1260331	1	3154	2	0	3000
Picture	22	hit	1	4047	2	1268962	1	3153	2	0	3000
Picture	22	hit	1	2798	2	1279916	1	3153	2	0	3000
Picture	22	hit	1	3029	2	1288712	1	3153	3	0	3000
Picture	22	hit	1	3085	4	1298006	2	3154	3	0	3000
Picture	22	hit	1	3156	3	1307964	2	3154	3	0	3000
Picture	33	miss				1317425	1	3153	2	0	3000
Picture	22	hit	1	2193	3	1325557	2	3154	3	0	3000
Picture	33	hit	1	2958	2	1334852	1	3153	2	0	3000
Picture	22	hit	1	3125	2	1344478	1	3153	2	0	3000
Picture	33	miss				1355598	1	3153	2	0	3000
Picture	22	hit	1	2286	2	1366718	1	3153	2	0	3000
Picture	33	miss				1376012	1	3153	3	0	3000
Picture	22	hit	1	2212	5	1384808	2	3154	3	0	3000
Picture	22	hit	1	7204	2	1394269	1	3153	2	0	3000
Picture	22	hit	1	5224	3	1403895	1	3153	2	0	3000
Picture	22	hit	1	4034	2	1413023	1	3154	2	0	3000
Picture	22	hit	1	3639	2	1422650	1	3153	2	0	3000
Picture	22	hit	1	3515	2	1432774	1	3153	2	0	3000
Picture	22	hit	1	3170	3	1442234	1	3153	2	0	3000
Picture	33	hit	1	811	2	1452026	1	3154	2	0	3000
Picture	22	hit	1	1125	3	1461154	2	3154	3	0	3000
Picture	22	hit	1	4485	2	1469619	1	3153	3	0	3000
Picture	22	miss				1480075	1	3153	3	0	3000
Picture	33	miss				1490697	1	3153	3	0	3000
Picture	22	hit	1	3388	3	1500489	2	3154	3	0	3000
Picture	22	hit	1	9922	3	1510945	2	3154	3	0	3000
Picture	22	hit	1	7808	3	1521899	2	3154	3	0	3000
Picture	22	hit	1	7840	5	1531526	1	3153	2	0	3000
Picture	22	hit	1	7166	2	1541152	1	3153	2	0	3000
Picture	33	miss				1549948	1	3154	2	0	3000
Picture	22	hit	1	4705	2	1559077	1	3153	2	0	3000
Picture	22	hit	1	3167	2	1570031	1	3153	2	0	3000
Picture	22	hit	1	3550	2	1580985	1	3153	2	0	3000
Picture	33	miss				1590611	1	3153	2	0	3000
Picture	22	hit	1	3209	2	1601233	1	3153	2	0	3000
Picture	33	miss				1609531	2	3154	3	0	3000
Picture	22	hit	1	4368	2	1617830	1	3153	2	0	3000
Picture	22	miss				1628120	1	3153	3	0	3000
Picture	22	hit	1	3057	3	1639074	1	3153	3	0	3000
Picture	22	hit	1	3400	3	1650028	1	3153	3	0	3000
Picture	22	hit	1	4067	3	1658658	2	3154	3	0	3000
Picture	33	miss				1667787	1	3153	2	0	3000
Picture	22	hit	1	2944	3	1676417	1	3154	2	0	3000
Picture	22	hit	1	3215	3	1686209	2	3154	3	0	3000
Picture	22	hit	1	2490	3	1696168	1	3153	2	0	3000
Picture	22	hit	1	2905	2	1704964	1	3153	2	0	3000
Picture	22	hit	1	2786	2	1715088	1	3153	3	0	3000
Picture	33	miss				1724216	2	3154	3	0	3000
Picture	22	hit	1	1196	2	1733843	1	3153	2	0	3000
Picture	22	hit	1	1354	2	1743635	1	3153	2	0	3000
Picture	22	hit	1	1180	2	1753759	1	3153	2	0	3000
Picture	33	hit	1	2676	2	1764215	1	3153	3	0	3000
Picture	22	hit	1	3620	2	1772348	1	3153	2	0	3000
Picture	22	hit	1	5981	3	1780646	1	3154	2	0	3000
Picture	22	hit	1	7078	2	1788779	1	3153	2	0	3000
Picture	22	hit	1	7596	2	1798737	1	3153	2	0	3000
Picture	22	hit	1	8241	3	1807533	1	3154	2	0	3000
Picture	33	miss				1815998	1	3153	2	0	3000
Picture	22	hit	1	1446	2	1824628	1	3153	3	0	3000
Picture	22	hit	1	995	4	1833424	2	3154	3	0	3000
Picture	22	miss				1844378	2	3154	3	0	3000
Picture	33	hit	1	2776	2	1854005	1	3153	2	0	3000
Picture	22	miss				1864793	1	3153	2	0	3000
Picture	22	hit	1	3449	2	1874585	1	3153	2	0	3000
Picture	22	hit	1	4574	2	1884377	1	3153	3	0	3000
Picture	22	hit	1	7473	3	1893339	2	3154	3	0	3000
Picture	22	hit	1	5706	2	1903962	1	3153	2	0	3000
Picture	33	miss				1913256	1	3153	2	0	3000
Picture	22	hit	1	1344	3	1922052	2	3154	3	0	3000
Picture	22	hit	1	5514	2	1931513	1	3153	2	0	3000
Picture	22	hit	1	5871	2	1940309	1	3153	2	0	3000
Picture	22	hit	1	6347	2	1950931	1	3153	3	0	3000
Picture	22	hit	1	3918	3	1960391	2	3154	3	0	3000
Picture	33	hit	1	8397	3	1970515	2	3154	3	0	3000
Picture	22	hit	1	7171	4	1981303	2	3154	3	0	3000
Picture	22	hit	1	4665	5	1992422	4	3155	5	0	3000
Picture	22	hit	1	5342	2	2001552	1	3153	2	0	3000
Picture	33	hit	1	7375	3	2011676	1	3153	2	0	3000
Picture	22	miss				2020970	1	3154	2	0	3000
Picture	22	hit	1	475	3	2030264	2	3154	3	0	3000
Picture	22	hit	1	1342	3	2041218	2	3154	3	0	3000
Picture	33	miss				2049683	1	3153	2	0	3000
Picture	22	hit	1	2573	3	2058479	2	3154	3	0	3000
Picture	33	hit	1	1002	4	2069267	2	3154	3	0	3000
Picture	22	hit	1	6331	2	2077898	1	3153	2	0	3000
Picture	22	hit	1	4539	3	2088354	1	3153	2	0	3000
Picture	22	hit	1	4128	3	2097648	1	3154	2	0	3000
Picture	22	hit	1	3320	3	2107606	2	3154	3	0	3000
Picture	22	hit	1	4302	3	2117564	2	3154	3	0	3000
Picture	33	hit	1	7034	4	2128518	2	3154	3	0	3000
Picture	22	miss				2136817	1	3153	3	0	3000
Picture	33	hit	1	2704	3	2147605	1	3153	3	0	3000
Picture	22	hit	1	4584	4	2156899	2	3154	3	0	3000
Picture	33	miss				2165364	1	3153	2	0	3000
Picture	22	miss				2174990	1	3153	3	0	3000
Picture	22	hit	1	5300	4	2185280	1	3153	3	0	3000
Picture	22	hit	1	3471	3	2195238	2	3154	3	0	3000
Picture	22	hit	1	6151	2	2204533	1	3153	2	0	3000
Picture	22	hit	1	5442	2	2214491	1	3153	2	0	3000
Picture	22	hit	1	4934	2	2224283	1	3153	3	0	3000
Picture	22	hit	1	3779	2	2234573	1	3154	2	0	3000
Picture	33	miss				2243370	1	3153	2	0	3000
Picture	22	hit	1	2590	2	2254158	1	3153	2	0	3000
Picture	22	hit	1	1596	2	2263950	1	3153	2	0	3000
Picture	22	hit	1	3405	3	2273078	1	3153	3	0	3000
Picture	22	hit	1	2732	3	2282372	2	3154	3	0	3000
Picture	22	hit	1	3239	2	2291169	1	3153	2	0	3000
Picture	33	miss				2299467	2	3154	3	0	3000
Picture	22	hit	1	3156	3	2309425	2	3154	3	0	3000
Picture	22	hit	1	262	3	2319550	1	3153	2	0	3000
Picture	22	hit	1	772	2	2329342	1	3153	2	0	3000
Picture	22	miss				2340130	1	3153	2	0	3000
Picture	22	hit	1	1023	2	2348926	1	3154	2	0	3000
Picture	33	hit	1	1267	3	2357391	1	3153	2	0	3000
Picture	22	hit	1	397	2	2368179	1	3153	2	0	3000
Picture	22	miss				2378303	1	3153	2	0	3000
Picture	22	hit	1	1639	3	2386435	2	3154	3	0	3000
Picture	22	hit	1	4725	2	2394900	1	3153	2	0	3000
Picture	22	hit	1	3460	3	2405024	1	3153	3	0	3000
Picture	22	hit	1	1575	2	2415646	1	3153	3	0	3000
Picture	22	hit	1	2343	3	2424608	2	3154	3	0	3000
Picture	33	miss				2434567	1	3153	2	0	3000
Picture	22	hit	1	1803	2	2443529	1	3153	2	0	3000
Picture	22	hit	1	9678	2	2453487	1	3154	2	0	3000
Picture	22	miss				2464109	1	3154	2	0	3000
Picture	22	hit	1	9335	2	2472242	1	3153	2	0	3000
Picture	22	miss				2483196	1	3153	2	0	3000
Picture	33	miss				2491494	1	3154	2	0	3000
Picture	22	hit	1	2135	2	2499793	1	3153	2	0	3000
Picture	22	hit	1	10414	2	2508091	1	3153	3	0	3000
Picture	22	hit	1	9754	2	2519045	1	3154	2	0	3000
Picture	22	miss				2529003	1	3154	2	0	3000
Picture	22	hit	1	2465	3	2539957	2	3154	3	0	3000
Picture	22	hit	1	4431	4	2550911	2	3154	3	0	3000
Picture	22	hit	1	5354	3	2561699	2	3154	3	0	3000
Picture	33	miss				2572487	2	3154	3	0	3000
Picture	22	hit	1	249	3	2583109	2	3153	6	0	3000
Picture	22	hit	1	6834	2	2592570	1	3153	2	0	3000
Picture	22	miss				2603026	1	3153	2	0	3000
Picture	22	hit	1	140	2	2611490	1	3154	2	0	3000
Picture	22	hit	1	2018	5	2619622	4	3154	5	0	3000
Picture	33	hit	1	2212	2	2628585	1	3154	2	0	3000
Picture	22	hit	1	2827	2	2639041	1	3154	2	0	3000
Picture	22	hit	1	3548	3	2648999	2	3154	3	0	3000
Picture	22	hit	1	2445	3	2659289	2	3154	3	0	3000
Picture	33	hit	1	3651	3	2667920	1	3153	2	0	3000
Picture	22	hit	1	2724	3	2678708	1	3153	2	0	3000
Picture	22	hit	1	2584	3	2688998	1	3153	3	0	3000
Picture	22	hit	1	3154	4	2697960	2	3154	3	0	3000
Picture	33	miss				2706425	1	3153	2	0	3000
Picture	22	hit	1	492	4	2714723	2	3154	3	0	3000
Picture	22	hit	1	928	3	2725345	2	3154	3	0	3000
Picture	22	hit	1	3592	2	2735636	1	3153	2	0	3000
Picture	33	miss				2744764	1	3153	2	0	3000
Picture	22	hit	1	3078	5	2754224	1	3154	2	0	3000
Picture	22	hit	1	3298	2	2765344	1	3153	3	0	3000
Picture	22	hit	1	3482	4	2774306	2	3154	3	0	3000
Picture	33	hit	1	8404	2	2784431	1	3153	2	0	3000
Picture	22	hit	1	9979	2	2794389	1	3153	2	0	3000
Picture	22	miss				2805011	1	3153	2	0	3000
Picture	22	hit	1	4116	3	2813143	2	3154	3	0	3000
Picture	33	miss				2823433	2	3154	3	0	3000
Picture	22	hit	1	2588	2	2832230	1	3152	5	0	3000
Picture	22	hit	1	4971	2	2841690	1	3154	2	0	3000
Picture	22	hit	1	8359	3	2851150	2	3154	3	0	3000
Picture	22	hit	1	7676	2	2861275	1	3153	2	0	3000
Picture	22	miss				2870901	1	3153	2	0	3000
Picture	33	miss				2880361	1	3154	2	0	3000
