Scenario - EFT rapido Abril 2011
Logfile written - 06/05/2012 12:19:48

Subject	Trial	Event Type	Code	Time	TTime	Uncertainty	Duration	Uncertainty	ReqTime	ReqDur	Stim Type	Pair Index

mc	2	Picture	20	10499	0	1	3166	2	0	3000	other	0
mc	3	Response	2	15796	1964	1
mc	4	Picture	10	20165	0	1	3167	2	0	3000	other	0
mc	5	Response	2	24077	579	1
mc	5	Response	1	26421	2923	1
mc	6	Picture	20	31331	0	2	3167	3	0	3000	other	0
mc	7	Response	2	35796	1131	1
mc	8	Picture	10	40831	0	1	3167	2	0	3000	other	0
mc	9	Response	1	45171	1007	1
mc	10	Picture	10	49997	0	2	3167	3	0	3000	other	0
mc	11	Response	1	55796	2465	1
mc	12	Picture	10	59497	0	1	3167	2	0	3000	other	0
mc	13	Response	1	64234	1404	1
mc	14	Picture	11	69497	0	1	3166	3	0	3000	other	0
mc	14	Response	1	72671	3174	1
mc	16	Picture	11	78830	0	1	3167	2	0	3000	other	0
mc	16	Response	1	81889	3059	2
mc	18	Picture	20	90163	0	1	3167	2	0	3000	other	0
mc	18	Response	1	93452	3289	1
mc	19	Response	2	96108	2612	1
mc	20	Picture	21	98829	0	1	3167	2	0	3000	other	0
mc	21	Response	2	105639	3476	1
mc	22	Picture	21	107329	0	1	3167	2	0	3000	other	0
mc	23	Response	2	111733	1071	1
mc	24	Picture	20	115829	0	1	3166	2	0	3000	other	0
mc	25	Response	2	119857	695	2
mc	26	Picture	11	125162	0	1	3166	3	0	3000	other	0
mc	27	Response	1	129858	1363	1
mc	28	Picture	11	133828	0	1	3167	2	0	3000	other	0
mc	29	Response	1	139076	1914	1
mc	30	Picture	21	144328	0	1	3167	2	0	3000	other	0
mc	31	Response	2	149076	1415	1
mc	32	Picture	10	155494	0	1	3167	2	0	3000	other	0
mc	33	Response	1	161888	3060	1
mc	34	Picture	10	166827	0	1	3167	2	0	3000	other	0
mc	35	Response	2	171263	1102	2
mc	35	Response	1	173920	3759	1
mc	36	Picture	11	177660	0	1	3167	2	0	3000	other	0
mc	37	Response	1	185638	4644	1
mc	38	Picture	10	187493	0	1	3167	2	0	3000	other	0
mc	39	Response	1	193450	2623	2
mc	40	Picture	20	196493	0	1	3167	2	0	3000	other	0
mc	41	Response	2	202200	2374	2
mc	42	Picture	10	206993	0	1	3166	2	0	3000	other	0
mc	43	Response	1	212357	2031	1
mc	44	Picture	21	216326	0	1	3166	2	0	3000	other	0
mc	45	Response	2	220950	1291	1
mc	46	Picture	21	227659	0	1	3166	2	0	3000	other	0
mc	47	Response	2	232513	1521	1
mc	48	Picture	20	236325	0	1	3167	2	0	3000	other	0
mc	49	Response	2	243763	4105	1
mc	50	Picture	10	246158	0	1	3167	2	0	3000	other	0
mc	51	Response	1	251731	2240	1
mc	52	Picture	21	255991	0	1	3167	2	0	3000	other	0
mc	53	Response	2	260638	1313	1
mc	54	Picture	20	264658	0	1	3166	2	0	3000	other	0
mc	55	Response	2	271731	3740	1
mc	56	Picture	20	273157	0	2	3167	3	0	3000	other	0
mc	57	Response	2	278293	1802	1
mc	58	Picture	20	284490	0	2	3167	3	0	3000	other	0
mc	59	Response	1	288762	938	1
mc	59	Response	2	291887	4063	1
mc	60	Picture	21	294990	0	1	3167	2	0	3000	other	0
mc	61	Response	2	301106	2783	1
mc	62	Picture	21	305823	0	1	3167	2	0	3000	other	0
mc	63	Response	2	309543	387	1
mc	64	Picture	20	314323	0	1	3166	2	0	3000	other	0
mc	65	Response	2	318293	637	1
mc	66	Picture	10	323656	0	1	3166	3	0	3000	other	0
mc	66	Response	2	326937	3281	1
mc	67	Response	1	330168	3179	1
mc	68	Picture	20	333656	0	1	3166	2	0	3000	other	0
mc	69	Response	2	338918	1929	1
mc	70	Picture	11	344322	0	1	3167	2	0	3000	other	0
mc	71	Response	1	348762	1107	1
mc	72	Picture	10	352988	0	1	3167	2	0	3000	other	0
mc	73	Response	1	359230	2908	1
mc	74	Picture	20	363488	0	1	3167	2	0	3000	other	0
mc	75	Response	2	369387	2566	1
mc	76	Picture	11	373821	0	1	3167	2	0	3000	other	0
mc	77	Response	1	379386	2232	1
mc	78	Picture	10	383821	0	1	3166	2	0	3000	other	0
mc	79	Response	1	390636	3482	1
mc	80	Picture	10	394487	0	1	3167	2	0	3000	other	0
mc	81	Response	1	399855	2035	1
mc	82	Picture	10	404153	0	2	3167	3	0	3000	other	0
mc	83	Response	1	409542	2055	1
mc	84	Picture	10	415486	0	2	3167	3	0	3000	other	0
mc	85	Response	1	420323	1503	1
mc	86	Picture	10	424986	0	1	3167	2	0	3000	other	0
mc	87	Response	1	430167	1848	1
mc	88	Picture	10	435153	0	1	3166	2	0	3000	other	0
mc	89	Response	1	440479	1993	1
mc	90	Picture	11	446486	0	1	3166	2	0	3000	other	0
mc	91	Response	1	451575	1756	1
mc	92	Picture	21	457485	0	1	3167	2	0	3000	other	0
mc	93	Response	2	463448	2630	1
mc	94	Picture	10	466152	0	1	3166	2	0	3000	other	0
mc	95	Response	1	472046	2561	1
mc	96	Picture	21	477318	0	1	3166	3	0	3000	other	0
mc	97	Response	2	481729	1078	1
mc	98	Picture	11	487818	0	1	3166	2	0	3000	other	0
mc	99	Response	1	492666	1515	1
mc	100	Picture	21	498817	0	1	3167	2	0	3000	other	0
mc	101	Response	2	504230	2080	1
mc	102	Picture	11	507817	0	1	3167	2	0	3000	other	0
mc	103	Response	1	511885	735	1
mc	104	Picture	20	518983	0	1	3167	2	0	3000	other	0
mc	105	Response	2	522354	37	1
mc	106	Picture	20	529816	0	1	3167	2	0	3000	other	0
mc	106	Response	1	532510	2694	1
mc	108	Picture	20	539983	0	1	3166	2	0	3000	other	0
mc	109	Response	2	545322	2006	1
mc	110	Picture	10	549982	0	1	3167	2	0	3000	other	0
mc	111	Response	1	555009	1693	1
mc	112	Picture	21	560149	0	1	3166	2	0	3000	other	0
mc	113	Response	2	565166	1684	1
mc	114	Picture	11	569482	0	1	3166	2	0	3000	other	0
mc	115	Response	1	574853	2038	1
mc	116	Picture	11	578815	0	1	3166	2	0	3000	other	0
mc	117	Response	1	584697	2549	1
mc	118	Picture	10	588648	0	1	3166	3	0	3000	other	0
mc	119	Response	1	596259	4278	1
mc	120	Picture	11	597481	0	1	3167	2	0	3000	other	0
mc	122	Picture	10	606314	0	1	3167	2	0	3000	other	0
mc	122	Response	1	607665	1351	1
mc	124	Picture	11	617314	0	1	3166	2	0	3000	other	0
mc	125	Response	1	621415	768	1
mc	126	Picture	11	626147	0	1	3166	2	0	3000	other	0
mc	127	Response	1	632044	2564	1
mc	128	Picture	21	635646	0	2	3167	3	0	3000	other	0
mc	129	Response	2	641572	2592	1
mc	130	Picture	21	646313	0	1	3166	2	0	3000	other	0
mc	131	Response	2	652821	3175	1
mc	132	Picture	11	654979	0	1	3167	2	0	3000	other	0
mc	133	Response	1	662196	3884	1
mc	134	Picture	10	664979	0	1	3166	3	0	3000	other	0
mc	135	Response	1	672508	4196	2
mc	136	Picture	20	675479	0	1	3166	2	0	3000	other	0
mc	137	Response	2	681727	2915	1
mc	138	Picture	11	684312	0	1	3166	2	0	3000	other	0
mc	139	Response	1	689227	1582	1
mc	140	Picture	20	693311	0	1	3167	2	0	3000	other	0
mc	141	Response	2	699383	2738	1
mc	142	Picture	10	702978	0	1	3166	2	0	3000	other	0
mc	143	Response	1	707508	1197	1
mc	144	Picture	20	711977	0	2	3167	3	0	3000	other	0
mc	145	Response	2	716726	1415	1
mc	146	Picture	21	723144	0	1	3166	2	0	3000	other	0
mc	147	Response	2	727664	1187	1
mc	148	Picture	20	733310	0	1	3167	2	0	3000	other	0
mc	149	Response	2	737820	1177	1
mc	150	Picture	10	743977	0	1	3166	2	0	3000	other	0
mc	151	Response	1	748601	1291	1
mc	152	Picture	20	754143	0	1	3166	2	0	3000	other	0
mc	153	Response	2	759226	1750	1
mc	154	Picture	10	764809	0	1	3167	2	0	3000	other	0
mc	155	Response	1	769851	1709	1
mc	156	Picture	21	773309	0	1	3167	2	0	3000	other	0
mc	157	Response	2	779226	2584	1
mc	158	Picture	21	782809	0	1	3166	2	0	3000	other	0
mc	159	Response	2	788913	2771	1
mc	160	Picture	10	791808	0	2	3167	3	0	3000	other	0
mc	161	Response	1	798444	3302	2
mc	162	Picture	10	801141	0	2	3167	3	0	3000	other	0
mc	163	Response	1	809382	4907	1
mc	164	Picture	10	810141	0	1	3167	2	0	3000	other	0
mc	165	Response	1	818913	5439	1
mc	166	Picture	21	820474	0	1	3167	2	0	3000	other	0
mc	167	Response	2	825475	1668	2
mc	168	Picture	20	829141	0	1	3166	2	0	3000	other	0
mc	169	Response	2	836100	3626	2
mc	170	Picture	21	839974	0	1	3166	2	0	3000	other	0
mc	171	Response	2	845788	2481	1
mc	172	Picture	20	850973	0	1	3167	2	0	3000	other	0
mc	173	Response	2	856725	2418	1
mc	174	Picture	20	861140	0	1	3166	2	0	3000	other	0
mc	175	Response	2	869850	5377	1
mc	176	Picture	21	872306	0	1	3167	2	0	3000	other	0
mc	177	Response	2	879850	4211	1
mc	178	Picture	20	883472	0	1	3167	2	0	3000	other	0
mc	179	Response	2	891100	4294	1
mc	180	Picture	21	892805	0	1	3167	2	0	3000	other	0
mc	181	Response	2	900631	4492	1
mc	182	Picture	11	904138	0	1	3167	2	0	3000	other	0
mc	183	Response	1	909068	1596	1
mc	184	Picture	21	912805	0	1	3166	2	0	3000	other	0
mc	185	Response	2	917350	1212	1
mc	186	Picture	21	922971	0	1	3167	2	0	3000	other	0
mc	187	Response	2	927506	1202	1
mc	188	Picture	10	932304	0	1	3167	2	0	3000	other	0
mc	189	Response	1	937974	2337	1
mc	190	Picture	20	941971	0	1	3166	2	0	3000	other	0
mc	191	Response	2	946255	951	2
mc	192	Picture	10	950470	0	1	3167	2	0	3000	other	0
mc	193	Response	1	954068	264	1
mc	194	Picture	11	960303	0	1	3167	2	0	3000	other	0
mc	195	Response	1	966880	3243	1
mc	196	Picture	10	969803	0	1	3167	2	0	3000	other	0
mc	197	Response	1	975943	2807	1
mc	198	Picture	11	981303	0	1	3166	2	0	3000	other	0
mc	199	Response	1	985630	994	1
mc	200	Picture	11	991636	0	1	3166	2	0	3000	other	0
mc	201	Response	1	995630	661	1
mc	202	Picture	21	1001802	0	1	3167	2	0	3000	other	0
mc	203	Response	2	1006569	1434	2
mc	204	Picture	10	1012135	0	1	3167	2	0	3000	other	0
mc	205	Response	2	1017661	2193	1
mc	205	Response	1	1019848	4380	2
mc	206	Picture	11	1023135	0	1	3166	2	0	3000	other	0
mc	207	Response	1	1029848	3380	1
mc	208	Picture	11	1032134	0	2	3167	3	0	3000	other	0
mc	209	Response	1	1040317	4849	1
mc	210	Picture	10	1041134	0	1	3167	2	0	3000	other	0
mc	212	Picture	10	1051801	0	1	3166	2	0	3000	other	0
mc	212	Response	1	1052192	391	1
mc	214	Picture	21	1060634	0	1	3166	2	0	3000	other	0
mc	215	Response	2	1065786	1819	1
mc	216	Picture	21	1071967	0	1	3166	2	0	3000	other	0
mc	217	Response	2	1077504	2204	1
mc	218	Picture	11	1083300	0	1	3166	2	0	3000	other	0
mc	219	Response	1	1091570	4937	1
mc	220	Picture	20	1092966	0	1	3167	2	0	3000	other	0
mc	221	Response	2	1102347	6048	2
mc	222	Picture	21	1103632	0	1	3167	2	0	3000	other	0
mc	223	Response	2	1110004	3038	1
mc	224	Picture	20	1113299	0	1	3166	2	0	3000	other	0
mc	225	Response	2	1119691	3059	2
mc	226	Picture	21	1124132	0	1	3166	2	0	3000	other	0
mc	227	Response	2	1132972	5507	1
mc	228	Picture	21	1134965	0	1	3166	2	0	3000	other	0
mc	229	Response	2	1138753	455	2
mc	230	Picture	10	1145131	0	1	3167	2	0	3000	other	0
mc	231	Response	1	1150160	1696	1
mc	232	Picture	11	1154131	0	1	3166	2	0	3000	other	0
mc	233	Response	1	1160003	2539	1
mc	234	Picture	10	1162964	0	1	3166	2	0	3000	other	0
mc	235	Response	1	1171409	5112	1
mc	236	Picture	20	1173297	0	1	3166	2	0	3000	other	0
mc	237	Response	2	1179691	3061	1
mc	238	Picture	10	1183130	0	1	3166	3	0	3000	other	0
mc	239	Response	1	1189847	3384	1
mc	240	Picture	11	1192130	0	1	3166	2	0	3000	other	0
mc	242	Picture	11	1202963	0	1	3166	2	0	3000	other	0
mc	243	Response	2	1210159	3863	1
mc	244	Picture	20	1212129	0	1	3167	2	0	3000	other	0
mc	245	Response	2	1216878	1416	1
mc	246	Picture	10	1221629	0	1	3166	2	0	3000	other	0
mc	246	Response	1	1224377	2748	2
mc	248	Picture	20	1230462	0	1	3166	2	0	3000	other	0
mc	248	Response	2	1233753	3291	1
mc	250	Picture	21	1239962	0	1	3166	2	0	3000	other	0
mc	250	Response	1	1243284	3322	1
mc	252	Picture	10	1248795	0	1	3166	2	0	3000	other	0
mc	253	Response	1	1254065	1937	2
mc	254	Picture	21	1259628	0	1	3166	2	0	3000	other	0
mc	255	Response	2	1263127	166	1
mc	256	Picture	10	1270127	0	1	3167	2	0	3000	other	0
mc	257	Response	1	1275158	1697	1
mc	258	Picture	21	1281627	0	1	3167	2	0	3000	other	0
mc	259	Response	2	1287658	2698	1
mc	260	Picture	11	1292793	0	1	3167	2	0	3000	other	0
mc	261	Response	1	1297033	907	1
mc	262	Picture	11	1302960	0	1	3166	2	0	3000	other	0
mc	263	Response	1	1311252	4959	1
mc	264	Picture	20	1314293	0	1	3166	2	0	3000	other	0
mc	265	Response	2	1319845	2219	2
mc	266	Picture	21	1323792	0	1	3167	2	0	3000	other	0
mc	267	Response	1	1328595	1469	1
mc	267	Response	2	1331876	4750	2
mc	268	Picture	10	1334625	0	1	3167	2	0	3000	other	0
mc	269	Response	1	1339689	1730	1
mc	270	Picture	10	1343792	0	1	3166	2	0	3000	other	0
mc	271	Response	1	1348751	1626	2
mc	272	Picture	11	1355125	0	1	3166	2	0	3000	other	0
mc	273	Response	1	1359220	762	1
mc	274	Picture	11	1366458	0	1	3166	2	0	3000	other	0
mc	275	Response	1	1371095	1304	1
mc	276	Picture	10	1376957	0	1	3167	2	0	3000	other	0
mc	277	Response	1	1382189	1898	1
mc	278	Picture	11	1386290	0	2	3167	3	0	3000	other	0
mc	279	Response	1	1390470	846	1
mc	280	Picture	21	1395290	0	1	3167	2	0	3000	other	0
mc	281	Response	2	1401719	3096	2
mc	282	Picture	21	1403790	0	1	3167	2	0	3000	other	0
mc	283	Response	2	1411875	4752	2
mc	284	Picture	21	1413123	0	1	3167	2	0	3000	other	0
mc	285	Response	2	1420626	4170	1
mc	286	Picture	10	1421623	0	1	3166	2	0	3000	other	0
mc	287	Response	1	1429688	4732	1
mc	288	Picture	11	1431289	0	1	3167	2	0	3000	other	0
mc	290	Picture	20	1440955	0	2	3167	3	0	3000	other	0
mc	290	Response	1	1443907	2952	1
mc	291	Response	2	1446407	2118	1
mc	292	Picture	11	1452122	0	1	3166	2	0	3000	other	0
mc	293	Response	1	1456094	639	1
mc	294	Picture	20	1461455	0	1	3166	2	0	3000	other	0
mc	295	Response	2	1467344	2556	1
mc	296	Picture	11	1472788	0	1	3166	2	0	3000	other	0
mc	296	Response	1	1476094	3306	1
mc	298	Picture	11	1483121	0	1	3166	2	0	3000	other	0
mc	299	Response	1	1488281	1827	1
mc	300	Picture	11	1492621	0	1	3166	2	0	3000	other	0
mc	301	Response	1	1498594	2640	1
mc	303	Picture	20	1523120	0	1	3166	2	0	3000	other	0
mc	304	Response	2	1531718	5265	1
mc	305	Picture	11	1534453	0	1	3166	2	0	3000	other	0
mc	306	Response	1	1539531	1745	1
mc	307	Picture	20	1545286	0	1	3166	2	0	3000	other	0
mc	308	Response	2	1549687	1068	1
mc	309	Picture	11	1555952	0	1	3167	2	0	3000	other	0
mc	310	Response	1	1560156	871	1
mc	311	Picture	11	1565285	0	1	3167	2	0	3000	other	0
mc	312	Response	1	1571406	2788	1
mc	313	Picture	20	1576118	0	1	3167	2	0	3000	other	0
mc	314	Response	2	1580624	1173	1
mc	315	Picture	11	1586451	0	1	3167	2	0	3000	other	0
mc	316	Response	1	1589999	215	1
mc	317	Picture	11	1595117	0	2	3167	3	0	3000	other	0
mc	318	Response	1	1600312	1861	1
mc	319	Picture	20	1606450	0	2	3167	3	0	3000	other	0
mc	320	Response	2	1610311	527	1
mc	321	Picture	11	1616617	0	1	3166	2	0	3000	other	0
mc	322	Response	1	1620936	986	1
mc	323	Picture	20	1626950	0	1	3166	2	0	3000	other	0
mc	324	Response	1	1632968	2685	1
mc	324	Response	2	1633906	3623	1
mc	325	Picture	10	1635783	0	1	3167	2	0	3000	other	0
mc	326	Response	1	1641092	1976	1
mc	327	Picture	11	1646283	0	1	3166	2	0	3000	other	0
mc	328	Response	1	1652498	2882	1
mc	329	Picture	11	1657282	0	1	3167	2	0	3000	other	0
mc	330	Response	1	1661405	789	1
mc	331	Picture	11	1666949	0	1	3166	2	0	3000	other	0
mc	332	Response	1	1670779	497	2
mc	333	Picture	21	1676948	0	1	3167	2	0	3000	other	0
mc	334	Response	2	1681717	1435	1
mc	335	Picture	11	1687948	0	1	3167	2	0	3000	other	0
mc	336	Response	1	1692498	1217	1
mc	337	Picture	11	1697948	0	1	3166	2	0	3000	other	0
mc	338	Response	1	1702654	1373	1
mc	339	Picture	11	1706781	0	1	3166	2	0	3000	other	0
mc	340	Response	1	1713435	3321	2
mc	341	Picture	11	1717280	0	2	3167	3	0	3000	other	0
mc	342	Response	1	1723279	2665	1
mc	343	Picture	21	1725780	0	1	3167	2	0	3000	other	0
mc	344	Response	2	1731404	2291	1
mc	345	Picture	10	1735280	0	1	3166	3	0	3000	other	0
mc	346	Response	1	1741404	2791	1
mc	347	Picture	21	1745280	0	1	3166	2	0	3000	other	0
mc	348	Response	2	1749841	1228	1
mc	349	Picture	20	1755279	0	1	3167	2	0	3000	other	0
mc	350	Response	1	1758747	134	2
mc	350	Response	2	1763903	5290	1
mc	351	Picture	21	1764946	0	1	3166	2	0	3000	other	0
mc	352	Response	2	1769841	1562	1
mc	353	Picture	21	1774112	0	1	3167	2	0	3000	other	0
mc	354	Response	2	1779216	1771	1
mc	355	Picture	21	1784945	0	1	3167	2	0	3000	other	0
mc	356	Response	2	1788903	625	1
mc	357	Picture	11	1795445	0	1	3166	2	0	3000	other	0
mc	358	Response	1	1799997	1219	1
mc	359	Picture	20	1805611	0	1	3167	2	0	3000	other	0
mc	360	Response	1	1810622	1678	1
mc	360	Response	2	1813278	4334	1
mc	361	Picture	21	1815278	0	1	3166	2	0	3000	other	0
mc	362	Response	1	1819840	1229	2
mc	362	Response	2	1822340	3729	2
mc	363	Picture	10	1825944	0	1	3166	2	0	3000	other	0
mc	364	Response	1	1831715	2438	1
mc	365	Picture	11	1835444	0	1	3166	2	0	3000	other	0
mc	366	Response	1	1841715	2938	1
mc	367	Picture	20	1845610	0	1	3167	2	0	3000	other	0
mc	368	Response	2	1850622	1679	1
mc	369	Picture	20	1854776	0	1	3167	2	0	3000	other	0
mc	370	Response	2	1859996	1886	1
mc	371	Picture	21	1866109	0	1	3167	2	0	3000	other	0
mc	372	Response	2	1870934	1491	1
mc	373	Picture	20	1875942	0	1	3167	2	0	3000	other	0
mc	374	Response	2	1882027	2751	1
mc	375	Picture	21	1885942	0	1	3167	2	0	3000	other	0
mc	376	Response	2	1890777	1502	1
mc	377	Picture	20	1894608	0	2	3167	3	0	3000	other	0
mc	378	Response	2	1901871	3929	1
mc	379	Picture	21	1905775	0	1	3166	2	0	3000	other	0
mc	380	Response	2	1909996	888	1
mc	381	Picture	11	1914275	0	1	3166	2	0	3000	other	0
mc	382	Response	1	1920308	2700	1
mc	383	Picture	11	1924441	0	1	3166	3	0	3000	other	0
mc	384	Response	1	1929214	1440	1
mc	385	Picture	21	1933441	0	1	3166	2	0	3000	other	0
mc	386	Response	2	1937964	1190	1
mc	387	Picture	11	1942440	0	1	3167	2	0	3000	other	0
mc	388	Response	1	1946715	941	1
mc	389	Picture	11	1951440	0	1	3167	2	0	3000	other	0
mc	390	Response	1	1956089	1316	1
mc	391	Picture	11	1960773	0	1	3167	2	0	3000	other	0
mc	392	Response	1	1965151	1045	2
mc	393	Picture	10	1969606	0	1	3167	2	0	3000	other	0
mc	394	Response	1	1976089	3150	1
mc	395	Picture	20	1980106	0	1	3166	2	0	3000	other	0
mc	396	Response	2	1985933	2494	1
mc	397	Picture	11	1989439	0	1	3166	3	0	3000	other	0
mc	398	Response	1	1995620	2848	1
mc	399	Picture	21	2000439	0	1	3166	2	0	3000	other	0
mc	400	Response	2	2004682	910	2
mc	401	Picture	20	2009272	0	1	3166	2	0	3000	other	0
mc	402	Response	1	2013901	1296	1
mc	402	Response	2	2019057	6452	1
mc	403	Picture	21	2019271	0	1	3167	2	0	3000	other	0
mc	404	Response	2	2029213	6608	1
mc	405	Picture	11	2030271	0	1	3167	2	0	3000	other	0
mc	406	Response	1	2036984	3380	1
mc	407	Picture	10	2041271	0	1	3166	2	0	3000	other	0
mc	408	Response	2	2045932	1328	1
mc	409	Picture	21	2049770	0	2	3167	3	0	3000	other	0
mc	409	Response	1	2050463	693	1
mc	410	Response	2	2054995	1891	1
mc	411	Picture	10	2061103	0	2	3167	3	0	3000	other	0
mc	412	Response	1	2066245	1808	1
mc	413	Picture	10	2072270	0	1	3166	2	0	3000	other	0
mc	414	Response	1	2078275	2672	2
mc	415	Picture	21	2082936	0	1	3167	2	0	3000	other	0
mc	416	Response	2	2088119	1850	1
mc	417	Picture	10	2091936	0	1	3166	2	0	3000	other	0
mc	419	Picture	10	2101436	0	1	3166	2	0	3000	other	0
mc	419	Response	1	2102181	745	2
mc	421	Picture	10	2111269	0	1	3166	2	0	3000	other	0
mc	421	Response	1	2114056	2787	1
mc	423	Picture	21	2120602	0	1	3166	2	0	3000	other	0
mc	424	Response	2	2125462	1527	2
mc	425	Picture	10	2131435	0	1	3166	2	0	3000	other	0
mc	426	Response	1	2137650	2882	1
mc	427	Picture	21	2142434	0	1	3167	2	0	3000	other	0
mc	428	Response	2	2146399	631	2
mc	429	Picture	10	2151934	0	1	3167	2	0	3000	other	0
mc	430	Response	1	2156244	977	1
mc	431	Picture	11	2163267	0	1	3167	2	0	3000	other	0
mc	432	Response	2	2167181	581	1
mc	433	Picture	21	2173767	0	1	3166	2	0	3000	other	0
mc	434	Response	2	2178743	1643	1
mc	435	Picture	11	2184600	0	1	3166	2	0	3000	other	0
mc	436	Response	1	2189055	1122	1
mc	437	Picture	10	2194099	0	2	3167	3	0	3000	other	0
mc	438	Response	2	2199680	2247	2
mc	438	Response	1	2202493	5060	1
mc	439	Picture	11	2203599	0	1	3167	2	0	3000	other	0
mc	440	Response	1	2210149	3217	1
mc	441	Picture	21	2214099	0	1	3166	2	0	3000	other	0
mc	442	Response	2	2219992	2560	2
mc	443	Picture	21	2224099	0	1	3166	2	0	3000	other	0
mc	444	Response	1	2231540	4108	2
mc	445	Picture	10	2233098	0	1	3167	2	0	3000	other	0
mc	446	Response	1	2238899	2468	1
mc	447	Picture	20	2244265	0	1	3166	2	0	3000	other	0
mc	448	Response	2	2249524	1926	1
mc	449	Picture	10	2253931	0	1	3167	2	0	3000	other	0
mc	450	Response	1	2259524	2260	1
mc	451	Picture	11	2265097	0	1	3167	2	0	3000	other	0
mc	452	Response	1	2273586	5155	1
mc	453	Picture	21	2275764	0	1	3166	2	0	3000	other	0
mc	454	Response	2	2280461	1364	1
mc	455	Picture	10	2286263	0	1	3167	2	0	3000	other	0
mc	456	Response	1	2289680	83	1
mc	457	Picture	21	2295096	0	1	3167	2	0	3000	other	0
mc	458	Response	2	2298742	312	1
mc	459	Picture	11	2305263	0	1	3166	2	0	3000	other	0
mc	459	Response	1	2308586	3323	1
mc	461	Picture	20	2315429	0	1	3167	2	0	3000	other	0
mc	461	Response	2	2318273	2844	1
mc	463	Picture	10	2325095	0	2	3167	3	0	3000	other	0
mc	463	Response	1	2327960	2865	1
mc	465	Picture	10	2335595	0	1	3167	2	0	3000	other	0
mc	465	Response	2	2338429	2834	2
mc	467	Picture	11	2345095	0	1	3166	2	0	3000	other	0
mc	467	Response	1	2347647	2552	2
mc	469	Picture	20	2354928	0	1	3166	3	0	3000	other	0
mc	470	Response	2	2359366	1105	1
mc	471	Picture	10	2365761	0	1	3166	3	0	3000	other	0
mc	472	Response	1	2369991	897	1
mc	473	Picture	21	2374927	0	1	3167	2	0	3000	other	0
mc	474	Response	2	2379522	1261	1
mc	475	Picture	21	2384094	0	1	3166	2	0	3000	other	0
mc	476	Response	2	2390460	3033	1
mc	477	Picture	10	2395260	0	1	3167	2	0	3000	other	0
mc	478	Response	1	2400928	2335	2
mc	479	Picture	11	2404260	0	1	3166	2	0	3000	other	0
mc	480	Response	1	2409990	2397	2
mc	481	Picture	20	2413093	0	1	3166	2	0	3000	other	0
mc	482	Response	2	2418740	2314	2
mc	483	Picture	11	2422593	0	1	3166	2	0	3000	other	0
mc	484	Response	1	2427647	1721	1
mc	485	Picture	21	2433426	0	1	3166	2	0	3000	other	0
mc	486	Response	2	2437334	575	1
mc	487	Picture	21	2442259	0	1	3166	2	0	3000	other	0
mc	488	Response	1	2447178	1586	1
mc	489	Picture	20	2452758	0	1	3167	2	0	3000	other	0
mc	490	Response	2	2457802	1710	2
mc	491	Picture	20	2463758	0	1	3167	2	0	3000	other	0
mc	492	Response	2	2471084	3993	1
mc	493	Picture	11	2474258	0	1	3166	2	0	3000	other	0
mc	494	Response	1	2479678	2087	1
mc	495	Picture	11	2482924	0	1	3167	2	0	3000	other	0
mc	496	Response	1	2487021	764	1
mc	497	Picture	20	2492757	0	1	3167	2	0	3000	other	0
mc	498	Response	2	2497334	1244	1
mc	499	Picture	11	2501590	0	1	3167	2	0	3000	other	0
mc	500	Response	1	2506556	1633	1
mc	501	Picture	11	2511590	0	1	3166	2	0	3000	other	0
mc	502	Response	1	2517802	2879	1
mc	503	Picture	21	2520256	0	1	3167	2	0	3000	other	0
mc	504	Response	2	2528271	4682	1
mc	505	Picture	21	2531089	0	1	3167	2	0	3000	other	0
mc	506	Response	2	2538114	3692	1
mc	507	Picture	11	2540589	0	1	3167	2	0	3000	other	0
mc	508	Response	1	2546083	2161	1
mc	509	Picture	20	2550589	0	1	3166	2	0	3000	other	0
mc	510	Response	2	2555771	1849	1
mc	511	Picture	20	2561755	0	1	3167	2	0	3000	other	0
mc	512	Response	1	2565302	214	1
mc	512	Response	2	2569676	4588	1
mc	513	Picture	21	2572088	0	1	3167	2	0	3000	other	0
mc	514	Response	1	2576864	1443	1
mc	514	Response	2	2579676	4255	1
mc	515	Picture	10	2582921	0	1	3167	2	0	3000	other	0
mc	516	Response	2	2587176	922	1
mc	516	Response	1	2589364	3110	1
mc	517	Picture	10	2593087	0	1	3167	2	0	3000	other	0
mc	518	Response	1	2599207	2786	1
mc	519	Picture	20	2603254	0	1	3166	2	0	3000	other	0
mc	520	Response	2	2608582	1995	2
mc	521	Picture	11	2612253	0	2	3167	3	0	3000	other	0
mc	522	Response	1	2617645	2058	1
mc	523	Picture	20	2621753	0	1	3167	2	0	3000	other	0
mc	524	Response	2	2625457	371	1
mc	525	Picture	10	2631753	0	1	3166	3	0	3000	other	0
mc	526	Response	1	2637489	2403	1
mc	527	Picture	10	2641753	0	1	3166	2	0	3000	other	0
mc	528	Response	2	2646863	1777	1
mc	529	Picture	11	2652419	0	1	3166	3	0	3000	other	0
mc	530	Response	1	2655769	17	1
mc	531	Picture	10	2662252	0	1	3167	2	0	3000	other	0
mc	532	Response	1	2666239	654	1
mc	533	Picture	21	2670752	0	1	3166	2	0	3000	other	0
mc	534	Response	2	2675457	1372	1
mc	535	Picture	20	2681585	0	1	3166	2	0	3000	other	0
mc	536	Response	2	2689050	4132	1
mc	537	Picture	10	2692418	0	1	3166	2	0	3000	other	0
mc	538	Response	1	2697644	1893	1
mc	539	Picture	11	2702417	0	2	3167	3	0	3000	other	0
mc	540	Response	1	2706862	1111	2
mc	541	Picture	11	2713584	0	1	3166	2	0	3000	other	0
mc	542	Response	1	2718269	1352	1
mc	543	Picture	21	2724750	0	1	3167	2	0	3000	other	0
mc	545	Picture	11	2733416	0	2	3167	3	0	3000	other	0
mc	546	Response	1	2739831	3081	1
mc	547	Picture	21	2744250	0	1	3166	2	0	3000	other	0
mc	548	Response	2	2748268	685	2
mc	549	Picture	20	2755416	0	1	3166	2	0	3000	other	0
mc	549	Response	1	2758425	3009	1
mc	551	Picture	11	2765082	0	1	3167	2	0	3000	other	0
mc	552	Response	1	2770612	2197	1
mc	553	Picture	11	2776249	0	1	3166	2	0	3000	other	0
mc	554	Response	1	2783893	4311	2
mc	555	Picture	21	2785915	0	1	3166	3	0	3000	other	0
mc	556	Response	2	2791862	2614	1
mc	557	Picture	11	2795915	0	1	3166	2	0	3000	other	0
mc	558	Response	1	2800612	1364	1
mc	559	Picture	10	2805581	0	1	3167	2	0	3000	other	0
mc	560	Response	1	2811861	2947	2
mc	561	Picture	20	2815914	0	1	3167	2	0	3000	other	0
mc	562	Response	1	2822331	3084	1
mc	563	Picture	10	2825080	0	1	3167	2	0	3000	other	0
mc	564	Response	1	2831705	3291	1
mc	565	Picture	10	2833580	0	1	3167	2	0	3000	other	0
mc	567	Picture	11	2843913	0	1	3167	2	0	3000	other	0
mc	568	Response	1	2847330	84	1
mc	569	Picture	20	2855246	0	1	3167	2	0	3000	other	0
mc	570	Response	2	2861550	2971	1
mc	571	Picture	21	2866079	0	1	3167	2	0	3000	other	0
mc	572	Response	2	2872642	3230	2
mc	573	Picture	10	2877245	0	2	3167	3	0	3000	other	0
mc	574	Response	1	2883580	3001	1
mc	575	Picture	21	2886079	0	1	3166	2	0	3000	other	0
mc	576	Response	2	2891079	1667	1
mc	577	Picture	10	2896912	0	1	3166	2	0	3000	other	0
mc	578	Response	1	2900298	53	1
mc	579	Picture	10	2906411	0	1	3167	2	0	3000	other	0
mc	579	Response	2	2909517	3106	1
mc	581	Picture	21	2915744	0	1	3167	2	0	3000	other	0
mc	582	Response	2	2920923	1845	1
mc	583	Picture	20	2924244	0	1	3167	2	0	3000	other	0
mc	584	Response	2	2929673	2096	1
mc	585	Picture	11	2935577	0	1	3167	2	0	3000	other	0
mc	586	Response	1	2940923	2013	1
mc	587	Picture	20	2944577	0	1	3166	2	0	3000	other	0
mc	588	Response	2	2949673	1763	1
mc	589	Picture	10	2955410	0	1	3166	2	0	3000	other	0
mc	590	Response	1	2960297	1554	2
mc	591	Picture	10	2964743	0	1	3166	2	0	3000	other	0
mc	592	Response	1	2971235	3159	2
mc	593	Picture	20	2973243	0	1	3166	2	0	3000	other	0
mc	594	Response	2	2979360	2784	1
mc	595	Picture	11	2982742	0	1	3167	2	0	3000	other	0
mc	596	Response	1	2988266	2190	1
mc	597	Picture	21	2991742	0	1	3167	2	0	3000	other	0
mc	598	Response	2	2995766	691	1
mc	599	Picture	20	3002075	0	1	3167	2	0	3000	other	0
mc	600	Response	2	3008735	3327	1
mc	601	Picture	20	3012408	0	1	3167	2	0	3000	other	0
mc	602	Response	2	3020005	4264	2


Event Type	Code	Type	Response	RT	RT Uncertainty	Time	Uncertainty	Duration	Uncertainty	ReqTime	ReqDur

Picture	20	other				10499	1	3166	2	0	3000
Picture	10	other				20165	1	3167	2	0	3000
Picture	20	other				31331	2	3167	3	0	3000
Picture	10	other				40831	1	3167	2	0	3000
Picture	10	other				49997	2	3167	3	0	3000
Picture	10	other				59497	1	3167	2	0	3000
Picture	11	other				69497	1	3166	3	0	3000
Picture	11	other				78830	1	3167	2	0	3000
Picture	20	other				90163	1	3167	2	0	3000
Picture	21	other				98829	1	3167	2	0	3000
Picture	21	other				107329	1	3167	2	0	3000
Picture	20	other				115829	1	3166	2	0	3000
Picture	11	other				125162	1	3166	3	0	3000
Picture	11	other				133828	1	3167	2	0	3000
Picture	21	other				144328	1	3167	2	0	3000
Picture	10	other				155494	1	3167	2	0	3000
Picture	10	other				166827	1	3167	2	0	3000
Picture	11	other				177660	1	3167	2	0	3000
Picture	10	other				187493	1	3167	2	0	3000
Picture	20	other				196493	1	3167	2	0	3000
Picture	10	other				206993	1	3166	2	0	3000
Picture	21	other				216326	1	3166	2	0	3000
Picture	21	other				227659	1	3166	2	0	3000
Picture	20	other				236325	1	3167	2	0	3000
Picture	10	other				246158	1	3167	2	0	3000
Picture	21	other				255991	1	3167	2	0	3000
Picture	20	other				264658	1	3166	2	0	3000
Picture	20	other				273157	2	3167	3	0	3000
Picture	20	other				284490	2	3167	3	0	3000
Picture	21	other				294990	1	3167	2	0	3000
Picture	21	other				305823	1	3167	2	0	3000
Picture	20	other				314323	1	3166	2	0	3000
Picture	10	other				323656	1	3166	3	0	3000
Picture	20	other				333656	1	3166	2	0	3000
Picture	11	other				344322	1	3167	2	0	3000
Picture	10	other				352988	1	3167	2	0	3000
Picture	20	other				363488	1	3167	2	0	3000
Picture	11	other				373821	1	3167	2	0	3000
Picture	10	other				383821	1	3166	2	0	3000
Picture	10	other				394487	1	3167	2	0	3000
Picture	10	other				404153	2	3167	3	0	3000
Picture	10	other				415486	2	3167	3	0	3000
Picture	10	other				424986	1	3167	2	0	3000
Picture	10	other				435153	1	3166	2	0	3000
Picture	11	other				446486	1	3166	2	0	3000
Picture	21	other				457485	1	3167	2	0	3000
Picture	10	other				466152	1	3166	2	0	3000
Picture	21	other				477318	1	3166	3	0	3000
Picture	11	other				487818	1	3166	2	0	3000
Picture	21	other				498817	1	3167	2	0	3000
Picture	11	other				507817	1	3167	2	0	3000
Picture	20	other				518983	1	3167	2	0	3000
Picture	20	other				529816	1	3167	2	0	3000
Picture	20	other				539983	1	3166	2	0	3000
Picture	10	other				549982	1	3167	2	0	3000
Picture	21	other				560149	1	3166	2	0	3000
Picture	11	other				569482	1	3166	2	0	3000
Picture	11	other				578815	1	3166	2	0	3000
Picture	10	other				588648	1	3166	3	0	3000
Picture	11	other				597481	1	3167	2	0	3000
Picture	10	other				606314	1	3167	2	0	3000
Picture	11	other				617314	1	3166	2	0	3000
Picture	11	other				626147	1	3166	2	0	3000
Picture	21	other				635646	2	3167	3	0	3000
Picture	21	other				646313	1	3166	2	0	3000
Picture	11	other				654979	1	3167	2	0	3000
Picture	10	other				664979	1	3166	3	0	3000
Picture	20	other				675479	1	3166	2	0	3000
Picture	11	other				684312	1	3166	2	0	3000
Picture	20	other				693311	1	3167	2	0	3000
Picture	10	other				702978	1	3166	2	0	3000
Picture	20	other				711977	2	3167	3	0	3000
Picture	21	other				723144	1	3166	2	0	3000
Picture	20	other				733310	1	3167	2	0	3000
Picture	10	other				743977	1	3166	2	0	3000
Picture	20	other				754143	1	3166	2	0	3000
Picture	10	other				764809	1	3167	2	0	3000
Picture	21	other				773309	1	3167	2	0	3000
Picture	21	other				782809	1	3166	2	0	3000
Picture	10	other				791808	2	3167	3	0	3000
Picture	10	other				801141	2	3167	3	0	3000
Picture	10	other				810141	1	3167	2	0	3000
Picture	21	other				820474	1	3167	2	0	3000
Picture	20	other				829141	1	3166	2	0	3000
Picture	21	other				839974	1	3166	2	0	3000
Picture	20	other				850973	1	3167	2	0	3000
Picture	20	other				861140	1	3166	2	0	3000
Picture	21	other				872306	1	3167	2	0	3000
Picture	20	other				883472	1	3167	2	0	3000
Picture	21	other				892805	1	3167	2	0	3000
Picture	11	other				904138	1	3167	2	0	3000
Picture	21	other				912805	1	3166	2	0	3000
Picture	21	other				922971	1	3167	2	0	3000
Picture	10	other				932304	1	3167	2	0	3000
Picture	20	other				941971	1	3166	2	0	3000
Picture	10	other				950470	1	3167	2	0	3000
Picture	11	other				960303	1	3167	2	0	3000
Picture	10	other				969803	1	3167	2	0	3000
Picture	11	other				981303	1	3166	2	0	3000
Picture	11	other				991636	1	3166	2	0	3000
Picture	21	other				1001802	1	3167	2	0	3000
Picture	10	other				1012135	1	3167	2	0	3000
Picture	11	other				1023135	1	3166	2	0	3000
Picture	11	other				1032134	2	3167	3	0	3000
Picture	10	other				1041134	1	3167	2	0	3000
Picture	10	other				1051801	1	3166	2	0	3000
Picture	21	other				1060634	1	3166	2	0	3000
Picture	21	other				1071967	1	3166	2	0	3000
Picture	11	other				1083300	1	3166	2	0	3000
Picture	20	other				1092966	1	3167	2	0	3000
Picture	21	other				1103632	1	3167	2	0	3000
Picture	20	other				1113299	1	3166	2	0	3000
Picture	21	other				1124132	1	3166	2	0	3000
Picture	21	other				1134965	1	3166	2	0	3000
Picture	10	other				1145131	1	3167	2	0	3000
Picture	11	other				1154131	1	3166	2	0	3000
Picture	10	other				1162964	1	3166	2	0	3000
Picture	20	other				1173297	1	3166	2	0	3000
Picture	10	other				1183130	1	3166	3	0	3000
Picture	11	other				1192130	1	3166	2	0	3000
Picture	11	other				1202963	1	3166	2	0	3000
Picture	20	other				1212129	1	3167	2	0	3000
Picture	10	other				1221629	1	3166	2	0	3000
Picture	20	other				1230462	1	3166	2	0	3000
Picture	21	other				1239962	1	3166	2	0	3000
Picture	10	other				1248795	1	3166	2	0	3000
Picture	21	other				1259628	1	3166	2	0	3000
Picture	10	other				1270127	1	3167	2	0	3000
Picture	21	other				1281627	1	3167	2	0	3000
Picture	11	other				1292793	1	3167	2	0	3000
Picture	11	other				1302960	1	3166	2	0	3000
Picture	20	other				1314293	1	3166	2	0	3000
Picture	21	other				1323792	1	3167	2	0	3000
Picture	10	other				1334625	1	3167	2	0	3000
Picture	10	other				1343792	1	3166	2	0	3000
Picture	11	other				1355125	1	3166	2	0	3000
Picture	11	other				1366458	1	3166	2	0	3000
Picture	10	other				1376957	1	3167	2	0	3000
Picture	11	other				1386290	2	3167	3	0	3000
Picture	21	other				1395290	1	3167	2	0	3000
Picture	21	other				1403790	1	3167	2	0	3000
Picture	21	other				1413123	1	3167	2	0	3000
Picture	10	other				1421623	1	3166	2	0	3000
Picture	11	other				1431289	1	3167	2	0	3000
Picture	20	other				1440955	2	3167	3	0	3000
Picture	11	other				1452122	1	3166	2	0	3000
Picture	20	other				1461455	1	3166	2	0	3000
Picture	11	other				1472788	1	3166	2	0	3000
Picture	11	other				1483121	1	3166	2	0	3000
Picture	11	other				1492621	1	3166	2	0	3000
Picture	20	other				1523120	1	3166	2	0	3000
Picture	11	other				1534453	1	3166	2	0	3000
Picture	20	other				1545286	1	3166	2	0	3000
Picture	11	other				1555952	1	3167	2	0	3000
Picture	11	other				1565285	1	3167	2	0	3000
Picture	20	other				1576118	1	3167	2	0	3000
Picture	11	other				1586451	1	3167	2	0	3000
Picture	11	other				1595117	2	3167	3	0	3000
Picture	20	other				1606450	2	3167	3	0	3000
Picture	11	other				1616617	1	3166	2	0	3000
Picture	20	other				1626950	1	3166	2	0	3000
Picture	10	other				1635783	1	3167	2	0	3000
Picture	11	other				1646283	1	3166	2	0	3000
Picture	11	other				1657282	1	3167	2	0	3000
Picture	11	other				1666949	1	3166	2	0	3000
Picture	21	other				1676948	1	3167	2	0	3000
Picture	11	other				1687948	1	3167	2	0	3000
Picture	11	other				1697948	1	3166	2	0	3000
Picture	11	other				1706781	1	3166	2	0	3000
Picture	11	other				1717280	2	3167	3	0	3000
Picture	21	other				1725780	1	3167	2	0	3000
Picture	10	other				1735280	1	3166	3	0	3000
Picture	21	other				1745280	1	3166	2	0	3000
Picture	20	other				1755279	1	3167	2	0	3000
Picture	21	other				1764946	1	3166	2	0	3000
Picture	21	other				1774112	1	3167	2	0	3000
Picture	21	other				1784945	1	3167	2	0	3000
Picture	11	other				1795445	1	3166	2	0	3000
Picture	20	other				1805611	1	3167	2	0	3000
Picture	21	other				1815278	1	3166	2	0	3000
Picture	10	other				1825944	1	3166	2	0	3000
Picture	11	other				1835444	1	3166	2	0	3000
Picture	20	other				1845610	1	3167	2	0	3000
Picture	20	other				1854776	1	3167	2	0	3000
Picture	21	other				1866109	1	3167	2	0	3000
Picture	20	other				1875942	1	3167	2	0	3000
Picture	21	other				1885942	1	3167	2	0	3000
Picture	20	other				1894608	2	3167	3	0	3000
Picture	21	other				1905775	1	3166	2	0	3000
Picture	11	other				1914275	1	3166	2	0	3000
Picture	11	other				1924441	1	3166	3	0	3000
Picture	21	other				1933441	1	3166	2	0	3000
Picture	11	other				1942440	1	3167	2	0	3000
Picture	11	other				1951440	1	3167	2	0	3000
Picture	11	other				1960773	1	3167	2	0	3000
Picture	10	other				1969606	1	3167	2	0	3000
Picture	20	other				1980106	1	3166	2	0	3000
Picture	11	other				1989439	1	3166	3	0	3000
Picture	21	other				2000439	1	3166	2	0	3000
Picture	20	other				2009272	1	3166	2	0	3000
Picture	21	other				2019271	1	3167	2	0	3000
Picture	11	other				2030271	1	3167	2	0	3000
Picture	10	other				2041271	1	3166	2	0	3000
Picture	21	other				2049770	2	3167	3	0	3000
Picture	10	other				2061103	2	3167	3	0	3000
Picture	10	other				2072270	1	3166	2	0	3000
Picture	21	other				2082936	1	3167	2	0	3000
Picture	10	other				2091936	1	3166	2	0	3000
Picture	10	other				2101436	1	3166	2	0	3000
Picture	10	other				2111269	1	3166	2	0	3000
Picture	21	other				2120602	1	3166	2	0	3000
Picture	10	other				2131435	1	3166	2	0	3000
Picture	21	other				2142434	1	3167	2	0	3000
Picture	10	other				2151934	1	3167	2	0	3000
Picture	11	other				2163267	1	3167	2	0	3000
Picture	21	other				2173767	1	3166	2	0	3000
Picture	11	other				2184600	1	3166	2	0	3000
Picture	10	other				2194099	2	3167	3	0	3000
Picture	11	other				2203599	1	3167	2	0	3000
Picture	21	other				2214099	1	3166	2	0	3000
Picture	21	other				2224099	1	3166	2	0	3000
Picture	10	other				2233098	1	3167	2	0	3000
Picture	20	other				2244265	1	3166	2	0	3000
Picture	10	other				2253931	1	3167	2	0	3000
Picture	11	other				2265097	1	3167	2	0	3000
Picture	21	other				2275764	1	3166	2	0	3000
Picture	10	other				2286263	1	3167	2	0	3000
Picture	21	other				2295096	1	3167	2	0	3000
Picture	11	other				2305263	1	3166	2	0	3000
Picture	20	other				2315429	1	3167	2	0	3000
Picture	10	other				2325095	2	3167	3	0	3000
Picture	10	other				2335595	1	3167	2	0	3000
Picture	11	other				2345095	1	3166	2	0	3000
Picture	20	other				2354928	1	3166	3	0	3000
Picture	10	other				2365761	1	3166	3	0	3000
Picture	21	other				2374927	1	3167	2	0	3000
Picture	21	other				2384094	1	3166	2	0	3000
Picture	10	other				2395260	1	3167	2	0	3000
Picture	11	other				2404260	1	3166	2	0	3000
Picture	20	other				2413093	1	3166	2	0	3000
Picture	11	other				2422593	1	3166	2	0	3000
Picture	21	other				2433426	1	3166	2	0	3000
Picture	21	other				2442259	1	3166	2	0	3000
Picture	20	other				2452758	1	3167	2	0	3000
Picture	20	other				2463758	1	3167	2	0	3000
Picture	11	other				2474258	1	3166	2	0	3000
Picture	11	other				2482924	1	3167	2	0	3000
Picture	20	other				2492757	1	3167	2	0	3000
Picture	11	other				2501590	1	3167	2	0	3000
Picture	11	other				2511590	1	3166	2	0	3000
Picture	21	other				2520256	1	3167	2	0	3000
Picture	21	other				2531089	1	3167	2	0	3000
Picture	11	other				2540589	1	3167	2	0	3000
Picture	20	other				2550589	1	3166	2	0	3000
Picture	20	other				2561755	1	3167	2	0	3000
Picture	21	other				2572088	1	3167	2	0	3000
Picture	10	other				2582921	1	3167	2	0	3000
Picture	10	other				2593087	1	3167	2	0	3000
Picture	20	other				2603254	1	3166	2	0	3000
Picture	11	other				2612253	2	3167	3	0	3000
Picture	20	other				2621753	1	3167	2	0	3000
Picture	10	other				2631753	1	3166	3	0	3000
Picture	10	other				2641753	1	3166	2	0	3000
Picture	11	other				2652419	1	3166	3	0	3000
Picture	10	other				2662252	1	3167	2	0	3000
Picture	21	other				2670752	1	3166	2	0	3000
Picture	20	other				2681585	1	3166	2	0	3000
Picture	10	other				2692418	1	3166	2	0	3000
Picture	11	other				2702417	2	3167	3	0	3000
Picture	11	other				2713584	1	3166	2	0	3000
Picture	21	other				2724750	1	3167	2	0	3000
Picture	11	other				2733416	2	3167	3	0	3000
Picture	21	other				2744250	1	3166	2	0	3000
Picture	20	other				2755416	1	3166	2	0	3000
Picture	11	other				2765082	1	3167	2	0	3000
Picture	11	other				2776249	1	3166	2	0	3000
Picture	21	other				2785915	1	3166	3	0	3000
Picture	11	other				2795915	1	3166	2	0	3000
Picture	10	other				2805581	1	3167	2	0	3000
Picture	20	other				2815914	1	3167	2	0	3000
Picture	10	other				2825080	1	3167	2	0	3000
Picture	10	other				2833580	1	3167	2	0	3000
Picture	11	other				2843913	1	3167	2	0	3000
Picture	20	other				2855246	1	3167	2	0	3000
Picture	21	other				2866079	1	3167	2	0	3000
Picture	10	other				2877245	2	3167	3	0	3000
Picture	21	other				2886079	1	3166	2	0	3000
Picture	10	other				2896912	1	3166	2	0	3000
Picture	10	other				2906411	1	3167	2	0	3000
Picture	21	other				2915744	1	3167	2	0	3000
Picture	20	other				2924244	1	3167	2	0	3000
Picture	11	other				2935577	1	3167	2	0	3000
Picture	20	other				2944577	1	3166	2	0	3000
Picture	10	other				2955410	1	3166	2	0	3000
Picture	10	other				2964743	1	3166	2	0	3000
Picture	20	other				2973243	1	3166	2	0	3000
Picture	11	other				2982742	1	3167	2	0	3000
Picture	21	other				2991742	1	3167	2	0	3000
Picture	20	other				3002075	1	3167	2	0	3000
Picture	20	other				3012408	1	3167	2	0	3000
