Scenario - EFT lento Abril 2011
Logfile written - 06/05/2012 12:11:27

Subject	Trial	Event Type	Code	Time	TTime	Uncertainty	Duration	Uncertainty	ReqTime	ReqDur	Stim Type	Pair Index

mc	2	Picture	21	10499	0	1	3166	2	0	3000	other	0
mc	3	Response	2	16507	2675	2
mc	4	Picture	20	43664	0	1	3167	2	0	3000	other	0
mc	5	Response	2	50882	3884	1
mc	6	Picture	10	80830	0	1	3166	3	0	3000	other	0
mc	7	Response	1	86819	2656	1
mc	8	Picture	11	113996	0	1	3166	2	0	3000	other	0
mc	9	Response	1	121663	4334	1
mc	10	Picture	21	151661	0	1	3167	2	0	3000	other	0
mc	11	Response	2	157131	2137	1
mc	12	Picture	20	182494	0	1	3166	2	0	3000	other	0
mc	13	Response	2	189005	3178	2
mc	14	Picture	20	211659	0	1	3167	2	0	3000	other	0
mc	15	Response	2	217755	2762	2
mc	16	Picture	21	247658	0	1	3167	2	0	3000	other	0
mc	17	Response	2	252598	1607	2
mc	18	Picture	20	280824	0	1	3166	3	0	3000	other	0
mc	19	Response	2	284786	629	1
mc	20	Picture	20	316989	0	2	3167	3	0	3000	other	0
mc	21	Response	2	322754	2431	1
mc	22	Picture	10	352488	0	1	3167	2	0	3000	other	0
mc	23	Response	1	359004	3182	1
mc	24	Picture	10	388987	0	1	3167	2	0	3000	other	0
mc	25	Response	1	395722	3401	1
mc	26	Picture	10	422653	0	1	3167	2	0	3000	other	0
mc	27	Response	1	429472	3486	1
mc	28	Picture	11	455652	0	1	3167	2	0	3000	other	0
mc	29	Response	1	461972	2987	1
mc	30	Picture	11	485651	0	1	3167	2	0	3000	other	0
mc	31	Response	1	490096	1112	1
mc	32	Picture	21	514150	0	1	3167	2	0	3000	other	0
mc	33	Response	2	519158	1675	2
mc	34	Picture	11	545816	0	1	3166	3	0	3000	other	0
mc	34	Response	2	549002	3186	1
mc	35	Response	1	552283	3134	2
mc	36	Picture	21	580315	0	1	3166	2	0	3000	other	0
mc	37	Response	2	585564	1916	1
mc	38	Picture	11	614647	0	1	3167	2	0	3000	other	0
mc	39	Response	1	621189	3209	1
mc	40	Picture	20	650313	0	1	3166	2	0	3000	other	0
mc	41	Response	2	656970	3324	1
mc	42	Picture	21	682978	0	2	3167	3	0	3000	other	0
mc	43	Response	2	687594	1282	1
mc	44	Picture	20	717644	0	1	3167	2	0	3000	other	0
mc	45	Response	2	725408	4431	2
mc	46	Picture	21	748810	0	1	3166	2	0	3000	other	0
mc	47	Response	2	758375	6232	1
mc	48	Picture	20	780142	0	1	3167	2	0	3000	other	0
mc	49	Response	2	786030	2555	2
mc	50	Picture	20	814641	0	1	3167	2	0	3000	other	0
mc	51	Response	2	822280	4306	1
mc	52	Picture	10	853307	0	1	3166	2	0	3000	other	0
mc	53	Response	1	859780	3140	1
mc	54	Picture	21	886972	0	1	3167	2	0	3000	other	0
mc	55	Response	2	892592	2287	1
mc	56	Picture	21	916971	0	1	3167	2	0	3000	other	0
mc	57	Response	2	920873	568	2
mc	58	Picture	21	950137	0	1	3167	2	0	3000	other	0
mc	59	Response	2	955092	1622	1
mc	60	Picture	21	986803	0	1	3166	2	0	3000	other	0
mc	61	Response	2	990403	267	2
mc	62	Picture	21	1025301	0	2	3167	3	0	3000	other	0
mc	63	Response	2	1029934	1299	2
mc	64	Picture	20	1060300	0	1	3167	2	0	3000	other	0
mc	65	Response	2	1064309	675	1
mc	66	Picture	21	1100132	0	2	3167	3	0	3000	other	0
mc	67	Response	2	1104934	1468	1
mc	68	Picture	20	1137798	0	1	3167	2	0	3000	other	0
mc	69	Response	2	1144465	3334	1
mc	70	Picture	20	1175130	0	1	3167	2	0	3000	other	0
mc	71	Response	2	1181964	3501	1
mc	72	Picture	10	1207296	0	1	3166	3	0	3000	other	0
mc	73	Response	1	1214777	4148	1
mc	74	Picture	21	1246628	0	1	3167	2	0	3000	other	0
mc	75	Response	2	1251182	1221	2
mc	76	Picture	10	1279127	0	1	3167	2	0	3000	other	0
mc	77	Response	1	1284620	2160	1
mc	78	Picture	20	1310293	0	1	3166	2	0	3000	other	0
mc	79	Response	2	1315402	1776	1
mc	80	Picture	20	1342958	0	2	3167	3	0	3000	other	0
mc	81	Response	2	1348993	2701	2
mc	82	Picture	11	1376791	0	1	3166	2	0	3000	other	0
mc	83	Response	1	1381806	1682	1
mc	84	Picture	11	1412456	0	1	3167	2	0	3000	other	0
mc	85	Response	1	1417743	1953	1
mc	86	Picture	21	1445122	0	1	3167	2	0	3000	other	0
mc	87	Response	2	1449462	1007	1
mc	88	Picture	20	1479788	0	1	3166	2	0	3000	other	0
mc	89	Response	2	1486179	3058	2
mc	90	Picture	21	1513120	0	1	3167	2	0	3000	other	0
mc	91	Response	2	1518055	1602	1
mc	92	Picture	21	1552952	0	1	3167	2	0	3000	other	0
mc	93	Response	2	1556804	519	1
mc	94	Picture	11	1582118	0	1	3166	3	0	3000	other	0
mc	95	Response	1	1587898	2447	1
mc	96	Picture	11	1622283	0	1	3167	2	0	3000	other	0
mc	97	Response	1	1626803	1186	1
mc	98	Picture	11	1657782	0	1	3167	2	0	3000	other	0
mc	99	Response	1	1662741	1625	1
mc	100	Picture	10	1689448	0	1	3167	2	0	3000	other	0
mc	101	Response	1	1695084	2303	1
mc	102	Picture	20	1718114	0	1	3166	2	0	3000	other	0
mc	103	Response	2	1724459	3012	1
mc	104	Picture	21	1747280	0	1	3166	2	0	3000	other	0
mc	105	Response	2	1752271	1658	1
mc	106	Picture	11	1778279	0	1	3166	2	0	3000	other	0
mc	107	Response	1	1787114	5502	2
mc	108	Picture	21	1814944	0	1	3167	2	0	3000	other	0
mc	109	Response	2	1818520	243	1
mc	110	Picture	21	1849110	0	1	3166	2	0	3000	other	0
mc	111	Response	2	1852895	452	1
mc	112	Picture	11	1879942	0	1	3167	2	0	3000	other	0
mc	113	Response	1	1885238	1963	1
mc	114	Picture	11	1909941	0	1	3167	2	0	3000	other	0
mc	115	Response	1	1915238	1963	1
mc	116	Picture	10	1940440	0	2	3167	3	0	3000	other	0
mc	117	Response	2	1943831	57	1
mc	117	Response	1	1946956	3182	2
mc	118	Picture	11	1976606	0	1	3167	2	0	3000	other	0
mc	119	Response	1	1981800	1861	1
mc	120	Picture	20	2005438	0	2	3167	3	0	3000	other	0
mc	121	Response	2	2011334	2562	1
mc	122	Picture	10	2044271	0	1	3166	2	0	3000	other	0
mc	123	Response	1	2050237	2633	1
mc	124	Picture	11	2082269	0	2	3167	3	0	3000	other	0
mc	125	Response	1	2088674	3071	2
mc	126	Picture	21	2111935	0	1	3167	2	0	3000	other	0
mc	127	Response	2	2118361	3093	1
mc	128	Picture	10	2151934	0	1	3167	2	0	3000	other	0
mc	129	Response	1	2157580	2313	1
mc	130	Picture	11	2183100	0	1	3166	2	0	3000	other	0
mc	131	Response	1	2189297	2864	2
mc	132	Picture	10	2217599	0	1	3166	2	0	3000	other	0
mc	133	Response	1	2224766	3834	1
mc	134	Picture	21	2251764	0	1	3167	2	0	3000	other	0
mc	135	Response	2	2258203	3105	1
mc	136	Picture	11	2284430	0	1	3167	2	0	3000	other	0
mc	137	Response	1	2290703	2940	1
mc	138	Picture	11	2324596	0	1	3166	2	0	3000	other	0
mc	139	Response	1	2330078	2149	1
mc	140	Picture	11	2362928	0	1	3166	2	0	3000	other	0
mc	141	Response	1	2368671	2410	1
mc	142	Picture	21	2393760	0	1	3167	2	0	3000	other	0
mc	143	Response	2	2399764	2671	2
mc	144	Picture	21	2429259	0	1	3167	2	0	3000	other	0
mc	145	Response	2	2432889	297	1
mc	146	Picture	10	2459425	0	1	3166	2	0	3000	other	0
mc	147	Response	1	2466795	4037	1
mc	148	Picture	10	2494924	0	1	3166	2	0	3000	other	0
mc	149	Response	1	2501330	3073	1
mc	150	Picture	21	2534423	0	1	3166	2	0	3000	other	0
mc	151	Response	2	2540544	2788	1
mc	152	Picture	20	2563422	0	1	3166	2	0	3000	other	0
mc	153	Response	2	2569606	2851	2
mc	154	Picture	20	2598254	0	1	3166	3	0	3000	other	0
mc	155	Response	2	2604293	2706	2
mc	156	Picture	21	2636919	0	2	3167	3	0	3000	other	0
mc	157	Response	2	2645231	4978	1
mc	158	Picture	21	2669085	0	1	3167	2	0	3000	other	0
mc	159	Response	2	2676328	3910	1
mc	160	Picture	11	2704251	0	1	3166	2	0	3000	other	0
mc	161	Response	1	2709448	1864	2
mc	162	Picture	21	2742916	0	1	3167	2	0	3000	other	0
mc	163	Response	2	2746636	387	1
mc	164	Picture	21	2782582	0	1	3166	2	0	3000	other	0
mc	165	Response	2	2788823	2908	1
mc	166	Picture	11	2820747	0	1	3167	2	0	3000	other	0
mc	167	Response	1	2825541	1461	1
mc	168	Picture	11	2849580	0	1	3166	2	0	3000	other	0
mc	169	Response	1	2855698	2785	1
mc	170	Picture	20	2887745	0	1	3167	2	0	3000	other	0
mc	171	Response	2	2893822	2744	1
mc	172	Picture	10	2924577	0	2	3167	3	0	3000	other	0
mc	173	Response	2	2930228	2317	1
mc	174	Picture	11	2955076	0	2	3167	3	0	3000	other	0
mc	175	Response	1	2960071	1661	2
mc	176	Picture	11	2985576	0	1	3166	2	0	3000	other	0
mc	177	Response	1	2992571	3662	1
mc	178	Picture	20	3021908	0	1	3166	2	0	3000	other	0
mc	178	Response	1	3025227	3319	1
mc	179	Response	2	3028664	3423	1
mc	180	Picture	11	3059740	0	1	3167	2	0	3000	other	0
mc	181	Response	1	3064445	1372	2
mc	182	Picture	10	3091406	0	1	3166	2	0	3000	other	0
mc	183	Response	2	3095539	800	1
mc	184	Picture	20	3124071	0	1	3167	2	0	3000	other	0
mc	185	Response	2	3129601	2196	1
mc	186	Picture	11	3152737	0	1	3167	2	0	3000	other	0
mc	187	Response	1	3157725	1655	2
mc	188	Picture	20	3186903	0	1	3166	2	0	3000	other	0
mc	189	Response	2	3192881	2645	1
mc	190	Picture	20	3217902	0	1	3166	3	0	3000	other	0
mc	191	Response	1	3225537	4302	1
mc	191	Response	2	3225800	4565	4
mc	192	Picture	21	3254567	0	2	3167	3	0	3000	other	0
mc	193	Response	2	3260537	2636	1
mc	194	Picture	11	3286566	0	2	3167	3	0	3000	other	0
mc	195	Response	1	3291630	1730	2
mc	196	Picture	11	3326232	0	1	3167	2	0	3000	other	0
mc	197	Response	1	3333036	3471	1
mc	198	Picture	11	3356898	0	1	3166	2	0	3000	other	0
mc	199	Response	1	3363505	3274	1
mc	199	Response	1	3372879	12648	1
mc	200	Picture	11	3393730	0	1	3166	3	0	3000	other	0
mc	201	Response	1	3399129	2066	2
mc	202	Picture	10	3423729	0	1	3167	2	0	3000	other	0
mc	203	Response	1	3430692	3630	1
mc	204	Picture	10	3461228	0	1	3166	3	0	3000	other	0
mc	205	Response	1	3467253	2692	2
mc	206	Picture	10	3495394	0	1	3166	2	0	3000	other	0
mc	207	Response	1	3501941	3214	1
mc	208	Picture	20	3528226	0	1	3166	2	0	3000	other	0
mc	209	Response	1	3536471	4912	2
mc	209	Response	2	3540065	8506	1
mc	210	Picture	20	3565058	0	1	3167	2	0	3000	other	0
mc	211	Response	2	3570846	2455	1
mc	212	Picture	20	3597724	0	1	3166	2	0	3000	other	0
mc	213	Response	2	3603034	1977	1
mc	214	Picture	20	3633056	0	1	3167	2	0	3000	other	0
mc	215	Response	2	3637720	1331	1
mc	216	Picture	11	3671555	0	1	3166	2	0	3000	other	0
mc	217	Response	1	3678033	3145	1
mc	218	Picture	10	3707387	0	1	3167	2	0	3000	other	0
mc	219	Response	2	3715377	4657	1
mc	220	Picture	11	3737553	0	1	3166	3	0	3000	other	0
mc	221	Response	2	3744907	4021	1
mc	222	Picture	10	3774385	0	1	3167	2	0	3000	other	0
mc	223	Response	1	3780688	2970	1
mc	224	Picture	21	3811717	0	1	3167	2	0	3000	other	0
mc	225	Response	2	3817719	2668	1
mc	226	Picture	11	3841550	0	1	3166	2	0	3000	other	0
mc	227	Response	1	3846625	1742	1
mc	228	Picture	11	3873215	0	2	3167	3	0	3000	other	0
mc	229	Response	1	3877718	1169	1
mc	230	Picture	10	3907548	0	1	3166	2	0	3000	other	0
mc	231	Response	1	3913191	2310	1
mc	232	Picture	11	3947213	0	1	3167	2	0	3000	other	0
mc	233	Response	1	3951624	1078	1
mc	234	Picture	21	3987045	0	1	3167	2	0	3000	other	0
mc	235	Response	2	3992248	1869	1
mc	235	Response	2	4013811	23432	1
mc	236	Picture	11	4017044	0	2	3167	3	0	3000	other	0
mc	237	Response	1	4022248	1870	1
mc	238	Picture	10	4050377	0	1	3166	2	0	3000	other	0
mc	239	Response	2	4054435	725	1
mc	240	Picture	21	4079709	0	1	3167	2	0	3000	other	0
mc	241	Response	2	4084122	1080	1
mc	242	Picture	20	4114375	0	1	3166	2	0	3000	other	0
mc	243	Response	2	4119747	2039	1
mc	244	Picture	11	4143541	0	1	3166	2	0	3000	other	0
mc	245	Response	1	4149434	2560	1
mc	246	Picture	21	4175540	0	1	3166	2	0	3000	other	0
mc	247	Response	2	4179434	561	1
mc	248	Picture	11	4205539	0	1	3166	2	0	3000	other	0
mc	249	Response	1	4210527	1655	1
mc	250	Picture	11	4235538	0	1	3166	2	0	3000	other	0
mc	251	Response	1	4240527	1656	1
mc	252	Picture	20	4268537	0	1	3166	2	0	3000	other	0
mc	253	Response	2	4274902	3032	1
mc	254	Picture	11	4308702	0	1	3167	2	0	3000	other	0
mc	255	Response	1	4313338	1302	2
mc	256	Picture	11	4341368	0	1	3167	2	0	3000	other	0
mc	258	Picture	20	4377034	0	1	3166	2	0	3000	other	0
mc	259	Response	2	4382713	2346	1
mc	260	Picture	11	4410366	0	1	3166	3	0	3000	other	0
mc	261	Response	1	4415525	1826	1
mc	262	Picture	10	4450198	0	1	3167	2	0	3000	other	0
mc	262	Response	2	4453337	3139	1
mc	263	Response	1	4457868	4337	1
mc	264	Picture	11	4487530	0	1	3167	2	0	3000	other	0
mc	265	Response	1	4493024	2161	1
mc	266	Picture	10	4524862	0	2	3167	3	0	3000	other	0
mc	267	Response	2	4529430	1234	1
mc	268	Picture	21	4555862	0	1	3166	2	0	3000	other	0
mc	269	Response	2	4562555	3360	1
mc	270	Picture	21	4589694	0	1	3166	2	0	3000	other	0
mc	271	Response	2	4595523	2496	1
mc	272	Picture	11	4624693	0	1	3166	2	0	3000	other	0
mc	273	Response	1	4630523	2497	1
mc	274	Picture	11	4657858	0	2	3167	3	0	3000	other	0
mc	275	Response	1	4663179	1987	1
mc	276	Picture	11	4698024	0	1	3166	2	0	3000	other	0
mc	277	Response	1	4703647	2290	1
mc	278	Picture	21	4733856	0	1	3167	2	0	3000	other	0
mc	280	Picture	11	4767188	0	2	3167	3	0	3000	other	0
mc	281	Response	1	4772240	1718	1
mc	282	Picture	11	4807521	0	1	3166	2	0	3000	other	0
mc	283	Response	1	4813021	2167	1
mc	284	Picture	10	4840353	0	1	3166	3	0	3000	other	0
mc	285	Response	1	4847083	3397	1
mc	286	Picture	10	4878518	0	2	3167	3	0	3000	other	0
mc	287	Response	1	4886145	4293	2
mc	288	Picture	11	4909351	0	1	3166	2	0	3000	other	0
mc	289	Response	1	4914583	1899	1
mc	290	Picture	21	4949516	0	1	3167	2	0	3000	other	0
mc	291	Response	2	4954895	2045	1
mc	292	Picture	11	4979182	0	1	3167	2	0	3000	other	0
mc	293	Response	1	4983332	817	1
mc	294	Picture	10	5019181	0	1	3166	2	0	3000	other	0
mc	295	Response	1	5027238	4724	1
mc	296	Picture	21	5057013	0	1	3167	2	0	3000	other	0
mc	297	Response	2	5063956	3610	1
mc	298	Picture	20	5096679	0	1	3166	2	0	3000	other	0
mc	299	Response	2	5102550	2538	1
mc	300	Picture	10	5125178	0	1	3166	2	0	3000	other	0
mc	300	Response	2	5128486	3308	2
mc	302	Response	2	6872220	1712543	1
mc	304	Picture	10	6892624	0	1	3167	2	0	3000	other	0
mc	305	Response	1	6899093	3135	2
mc	306	Picture	20	6925290	0	1	3167	2	0	3000	other	0
mc	307	Response	1	6928781	158	1
mc	307	Response	2	6931905	3282	2
mc	308	Picture	20	6960289	0	1	3167	2	0	3000	other	0
mc	309	Response	1	6966593	2971	1
mc	309	Response	2	6968936	5314	1
mc	310	Picture	21	6995621	0	1	3167	2	0	3000	other	0
mc	311	Response	2	7000811	1856	1
mc	312	Picture	10	7024787	0	1	3167	2	0	3000	other	0
mc	313	Response	1	7030967	2847	1
mc	314	Picture	21	7058786	0	1	3167	2	0	3000	other	0
mc	315	Response	2	7062685	566	2
mc	316	Picture	21	7089118	0	2	3167	3	0	3000	other	0
mc	317	Response	2	7093935	1483	2
mc	318	Picture	20	7126617	0	1	3167	2	0	3000	other	0
mc	319	Response	2	7132997	3046	2
mc	320	Picture	21	7157783	0	1	3167	2	0	3000	other	0
mc	321	Response	2	7163466	2350	1
mc	322	Picture	11	7190115	0	1	3167	2	0	3000	other	0
mc	323	Response	1	7194716	1267	1
mc	324	Picture	21	7219281	0	1	3167	2	0	3000	other	0
mc	325	Response	2	7223622	1008	1
mc	326	Picture	21	7251780	0	1	3167	2	0	3000	other	0
mc	327	Response	2	7255809	696	1
mc	328	Picture	21	7290946	0	1	3166	2	0	3000	other	0
mc	329	Response	2	7295652	1373	1
mc	330	Picture	20	7323611	0	1	3167	2	0	3000	other	0
mc	331	Response	2	7329089	2144	1
mc	332	Picture	20	7354444	0	1	3166	2	0	3000	other	0
mc	333	Response	2	7360964	3187	1
mc	334	Picture	10	7390609	0	1	3167	2	0	3000	other	0
mc	335	Response	2	7394714	771	1
mc	335	Response	1	7397526	3583	1
mc	336	Picture	21	7430275	0	1	3166	2	0	3000	other	0
mc	337	Response	2	7435650	2042	2
mc	338	Picture	11	7459441	0	1	3166	2	0	3000	other	0
mc	339	Response	1	7466119	3345	1
mc	340	Picture	20	7492773	0	1	3167	2	0	3000	other	0
mc	341	Response	2	7500025	3919	1
mc	342	Picture	20	7527605	0	1	3167	2	0	3000	other	0
mc	343	Response	2	7533618	2680	2
mc	344	Picture	20	7558438	0	1	3166	2	0	3000	other	0
mc	345	Response	2	7564087	2316	1
mc	346	Picture	10	7590603	0	1	3167	2	0	3000	other	0
mc	347	Response	1	7596430	2493	1
mc	348	Picture	20	7624102	0	1	3167	2	0	3000	other	0
mc	349	Response	2	7631117	3681	2
mc	350	Picture	21	7655601	0	1	3167	2	0	3000	other	0
mc	351	Response	2	7661742	2807	1
mc	352	Picture	20	7686767	0	1	3167	2	0	3000	other	0
mc	353	Response	2	7691585	1485	1
mc	354	Picture	21	7720266	0	1	3167	2	0	3000	other	0
mc	356	Picture	11	7750432	0	1	3166	2	0	3000	other	0
mc	357	Response	1	7755803	2038	1
mc	358	Picture	10	7787264	0	1	3167	2	0	3000	other	0
mc	359	Response	1	7794397	3800	1
mc	360	Picture	11	7822596	0	1	3167	2	0	3000	other	0
mc	361	Response	1	7827209	1279	1
mc	362	Picture	11	7862762	0	1	3166	2	0	3000	other	0
mc	363	Response	1	7866896	801	2
mc	364	Picture	21	7895761	0	1	3166	2	0	3000	other	0
mc	365	Response	2	7900958	1864	2
mc	366	Picture	10	7933426	0	1	3167	2	0	3000	other	0
mc	367	Response	1	7939083	2323	1
mc	368	Picture	20	7969759	0	1	3166	2	0	3000	other	0
mc	369	Response	2	7975335	2243	1
mc	370	Picture	10	8009424	0	1	3167	2	0	3000	other	0
mc	371	Response	1	8015334	2577	2
mc	372	Picture	21	8044090	0	1	3166	2	0	3000	other	0
mc	373	Response	2	8048144	721	1
mc	374	Picture	11	8077422	0	1	3167	2	0	3000	other	0
mc	375	Response	1	8083300	2545	1
mc	376	Picture	11	8115587	0	2	3167	3	0	3000	other	0
mc	377	Response	1	8120800	1879	1
mc	377	Pause		8125018	6097		390466
mc	377	Resume		8125018	6097
mc	378	Picture	10	8153441	0	1	3167	2	0	3000	other	0
mc	379	Response	1	8159704	2930	1
mc	380	Picture	10	8189940	0	1	3167	2	0	3000	other	0
mc	381	Response	1	8196734	3461	1
mc	382	Picture	10	8224939	0	1	3167	2	0	3000	other	0
mc	383	Response	1	8230172	1900	1
mc	384	Picture	20	8254271	0	1	3167	2	0	3000	other	0
mc	385	Response	2	8260328	2723	1
mc	386	Picture	21	8285770	0	2	3167	3	0	3000	other	0
mc	387	Response	2	8290483	1379	2
mc	388	Picture	20	8320603	0	1	3166	2	0	3000	other	0
mc	389	Response	1	8325952	2016	1
mc	389	Response	2	8326891	2955	1
mc	390	Picture	21	8352602	0	1	3166	2	0	3000	other	0
mc	391	Response	2	8356889	954	1
mc	392	Picture	11	8388101	0	1	3166	2	0	3000	other	0
mc	393	Response	1	8394076	2642	1
mc	394	Picture	21	8420100	0	1	3166	2	0	3000	other	0
mc	395	Response	2	8425169	1736	2
mc	396	Picture	21	8450265	0	2	3167	3	0	3000	other	0
mc	397	Response	2	8455325	1726	2
mc	398	Picture	10	8485098	0	1	3166	2	0	3000	other	0
mc	399	Response	1	8491732	3301	1
mc	400	Picture	11	8522097	0	1	3166	2	0	3000	other	0
mc	401	Response	1	8527044	1614	1
mc	402	Picture	21	8558096	0	1	3166	2	0	3000	other	0
mc	403	Response	2	8562825	1396	1
mc	404	Picture	21	8587261	0	1	3167	2	0	3000	other	0
mc	405	Response	2	8592668	2073	1
mc	406	Picture	11	8624260	0	1	3167	2	0	3000	other	0
mc	407	Response	1	8629386	1793	2
mc	408	Picture	10	8664426	0	1	3166	2	0	3000	other	0
mc	409	Response	1	8670636	2877	1
mc	410	Picture	10	8694091	0	2	3167	3	0	3000	other	0
mc	411	Response	1	8700479	3054	2
mc	412	Picture	10	8727924	0	1	3166	2	0	3000	other	0
mc	413	Response	1	8733916	2659	1
mc	414	Picture	10	8763923	0	1	3166	2	0	3000	other	0
mc	415	Response	1	8769853	2597	2
mc	416	Picture	20	8799922	0	1	3166	2	0	3000	other	0
mc	417	Response	2	8805635	2380	1
mc	418	Picture	10	8838087	0	1	3167	2	0	3000	other	0
mc	419	Response	1	8843603	2183	1
mc	420	Picture	11	8871919	0	2	3167	3	0	3000	other	0
mc	421	Response	1	8878290	3037	1
mc	422	Picture	11	8905085	0	1	3167	2	0	3000	other	0
mc	423	Response	1	8909852	1434	1
mc	424	Picture	10	8933751	0	1	3166	3	0	3000	other	0
mc	425	Response	2	8938602	1518	1
mc	426	Picture	11	8969250	0	1	3166	2	0	3000	other	0
mc	427	Response	1	8973601	1018	2
mc	428	Picture	20	8999082	0	1	3167	2	0	3000	other	0
mc	429	Response	2	9005633	3218	1
mc	430	Picture	10	9037081	0	1	3167	2	0	3000	other	0
mc	431	Response	1	9043757	3343	1
mc	432	Picture	21	9076580	0	1	3166	3	0	3000	other	0
mc	433	Response	2	9081569	1656	1
mc	434	Picture	11	9115579	0	1	3166	2	0	3000	other	0
mc	435	Response	1	9120944	2032	1
mc	436	Picture	10	9144745	0	1	3166	2	0	3000	other	0
mc	437	Response	1	9150319	2241	1
mc	438	Picture	10	9177744	0	1	3166	2	0	3000	other	0
mc	439	Response	1	9182974	1897	1
mc	440	Picture	11	9218076	0	1	3166	2	0	3000	other	0
mc	441	Response	1	9223443	2034	1
mc	442	Picture	11	9246908	0	1	3167	2	0	3000	other	0
mc	443	Response	1	9254224	3983	1
mc	444	Picture	11	9279907	0	1	3167	2	0	3000	other	0
mc	445	Response	1	9284692	1452	2
mc	446	Picture	10	9311573	0	1	3166	2	0	3000	other	0
mc	447	Response	2	9315942	1036	1
mc	448	Picture	21	9341405	0	1	3167	2	0	3000	other	0
mc	449	Response	2	9347035	2297	1
mc	450	Picture	10	9373904	0	1	3167	2	0	3000	other	0
mc	451	Response	1	9379535	2298	1
mc	452	Picture	20	9414236	0	1	3167	2	0	3000	other	0
mc	453	Response	2	9420160	2590	1
mc	454	Picture	20	9444235	0	2	3167	3	0	3000	other	0
mc	455	Response	2	9451409	3840	1
mc	456	Picture	20	9473068	0	1	3167	2	0	3000	other	0
mc	457	Response	2	9477815	1414	1
mc	458	Picture	20	9508067	0	1	3166	3	0	3000	other	0
mc	459	Response	2	9512346	946	1
mc	460	Picture	21	9537733	0	1	3166	2	0	3000	other	0
mc	461	Response	2	9542814	1748	2
mc	462	Picture	10	9573898	0	1	3167	2	0	3000	other	0
mc	463	Response	2	9578595	1364	2
mc	464	Picture	10	9611730	0	2	3167	3	0	3000	other	0
mc	465	Response	1	9618908	3844	1
mc	466	Picture	10	9648229	0	1	3167	2	0	3000	other	0
mc	467	Response	2	9652813	1250	1
mc	468	Picture	11	9682062	0	1	3166	2	0	3000	other	0
mc	469	Response	1	9686719	1324	1
mc	470	Picture	21	9719227	0	1	3167	2	0	3000	other	0
mc	471	Response	2	9724687	2127	2
mc	472	Picture	11	9747726	0	1	3167	2	0	3000	other	0
mc	473	Response	1	9753594	2534	1
mc	474	Picture	20	9783392	0	1	3166	3	0	3000	other	0
mc	475	Response	2	9790468	3743	1
mc	476	Picture	21	9814891	0	1	3167	2	0	3000	other	0
mc	477	Response	2	9819374	1150	1
mc	478	Picture	20	9849890	0	1	3166	3	0	3000	other	0
mc	479	Response	2	9854686	1463	2
mc	480	Picture	21	9881389	0	1	3167	2	0	3000	other	0
mc	481	Response	2	9884844	122	1
mc	482	Picture	20	9909888	0	1	3167	2	0	3000	other	0
mc	483	Response	2	9914998	1777	1
mc	484	Picture	21	9941887	0	1	3167	2	0	3000	other	0
mc	485	Response	2	9946404	1184	2
mc	486	Picture	10	9972553	0	1	3166	3	0	3000	other	0
mc	487	Response	1	9979529	3643	1
mc	488	Picture	10	10010552	0	1	3166	2	0	3000	other	0
mc	489	Response	1	10016872	2987	2
mc	490	Picture	10	10043051	0	1	3166	2	0	3000	other	0
mc	491	Response	1	10048122	1738	1
mc	492	Picture	21	10083216	0	1	3167	2	0	3000	other	0
mc	493	Response	2	10087984	1435	1
mc	494	Picture	10	10120548	0	2	3167	3	0	3000	other	0
mc	495	Response	1	10126402	2520	1
mc	496	Picture	11	10158381	0	1	3166	2	0	3000	other	0
mc	497	Response	1	10164371	2657	1
mc	498	Picture	11	10188546	0	1	3167	2	0	3000	other	0
mc	499	Response	1	10195933	4053	1
mc	500	Picture	10	10217212	0	1	3167	2	0	3000	other	0
mc	501	Response	2	10222182	1637	1
mc	502	Picture	11	10253878	0	1	3166	2	0	3000	other	0
mc	503	Response	1	10263276	6065	1
mc	504	Picture	11	10290210	0	1	3167	2	0	3000	other	0
mc	505	Response	1	10295307	1764	1
mc	506	Picture	21	10323042	0	1	3167	2	0	3000	other	0
mc	507	Response	2	10328119	1743	1
mc	508	Picture	21	10363041	0	1	3167	2	0	3000	other	0
mc	509	Response	2	10369056	2682	1
mc	510	Picture	11	10403040	0	1	3166	3	0	3000	other	0
mc	511	Response	1	10408431	2058	1
mc	512	Picture	10	10439705	0	2	3167	3	0	3000	other	0
mc	513	Response	1	10447337	4298	1
mc	514	Picture	20	10469705	0	1	3166	2	0	3000	other	0
mc	515	Response	2	10475461	2423	1
mc	516	Picture	20	10501704	0	1	3166	2	0	3000	other	0
mc	517	Response	2	10510305	5268	1
mc	518	Picture	21	10535203	0	1	3166	2	0	3000	other	0
mc	519	Response	2	10539679	1143	2
mc	520	Picture	20	10564368	0	1	3167	2	0	3000	other	0
mc	521	Response	2	10571867	4165	1
mc	522	Picture	20	10593201	0	1	3166	2	0	3000	other	0
mc	523	Response	2	10598898	2364	1
mc	524	Picture	21	10624867	0	1	3166	2	0	3000	other	0
mc	525	Response	2	10632022	3822	1
mc	526	Picture	10	10653532	0	1	3167	2	0	3000	other	0
mc	527	Response	2	10659678	2812	1
mc	528	Picture	10	10689698	0	1	3166	3	0	3000	other	0
mc	529	Response	2	10694209	1178	1
mc	530	Picture	20	10725697	0	1	3166	2	0	3000	other	0
mc	531	Response	2	10731709	2679	1
mc	532	Picture	21	10762362	0	1	3167	2	0	3000	other	0
mc	533	Response	2	10767958	2262	1
mc	534	Picture	10	10791528	0	1	3167	2	0	3000	other	0
mc	535	Response	1	10798583	3722	1
mc	536	Picture	11	10823027	0	1	3167	2	0	3000	other	0
mc	537	Response	1	10827801	1441	2
mc	538	Picture	11	10851860	0	1	3166	2	0	3000	other	0
mc	539	Response	1	10856707	1514	1
mc	540	Picture	10	10884192	0	1	3167	2	0	3000	other	0
mc	541	Response	2	10888738	1213	1
mc	542	Picture	10	10913358	0	1	3166	2	0	3000	other	0
mc	543	Response	1	10918738	2047	1
mc	544	Picture	11	10944190	0	1	3167	2	0	3000	other	0
mc	545	Response	1	10949363	1840	1
mc	546	Picture	20	10977523	0	1	3166	2	0	3000	other	0
mc	547	Response	2	10983112	2256	1
mc	548	Picture	20	11015521	0	1	3167	2	0	3000	other	0
mc	549	Response	2	11022330	3475	2
mc	550	Picture	11	11049187	0	1	3167	2	0	3000	other	0
mc	551	Response	1	11054518	1998	1
mc	552	Picture	20	11088353	0	1	3166	2	0	3000	other	0
mc	553	Response	2	11095769	4083	1
mc	554	Picture	20	11127685	0	1	3166	2	0	3000	other	0
mc	555	Response	2	11134048	3030	1
mc	556	Picture	21	11165684	0	1	3166	2	0	3000	other	0
mc	557	Response	2	11169985	968	1
mc	558	Picture	11	11200349	0	1	3167	2	0	3000	other	0
mc	559	Response	1	11206235	2553	1
mc	560	Picture	10	11231515	0	1	3166	2	0	3000	other	0
mc	561	Response	1	11237329	2481	1
mc	562	Picture	20	11262514	0	1	3167	2	0	3000	other	0
mc	563	Response	2	11266860	1013	1
mc	564	Picture	21	11293680	0	1	3166	2	0	3000	other	0
mc	565	Response	2	11299203	2190	1
mc	566	Picture	10	11328679	0	1	3166	2	0	3000	other	0
mc	567	Response	1	11334829	2817	1
mc	568	Picture	10	11366011	0	1	3166	2	0	3000	other	0
mc	569	Response	1	11373421	4077	1
mc	570	Picture	20	11403176	0	1	3167	2	0	3000	other	0
mc	571	Response	2	11410139	3629	1
mc	572	Picture	11	11438342	0	1	3167	2	0	3000	other	0
mc	573	Response	1	11444201	2526	2
mc	574	Picture	10	11467174	0	2	3167	3	0	3000	other	0
mc	575	Response	1	11473732	3224	2
mc	576	Picture	20	11502340	0	1	3167	2	0	3000	other	0
mc	577	Response	2	11509044	3371	1
mc	578	Picture	11	11542339	0	1	3166	2	0	3000	other	0
mc	579	Response	1	11547638	1966	1
mc	580	Picture	11	11579004	0	1	3167	2	0	3000	other	0
mc	581	Response	1	11584513	2175	1
mc	582	Picture	21	11613837	0	1	3166	2	0	3000	other	0
mc	583	Response	2	11619512	2342	1
mc	584	Picture	21	11650002	0	1	3167	2	0	3000	other	0
mc	585	Response	2	11655137	1802	1
mc	586	Picture	10	11683168	0	1	3166	3	0	3000	other	0
mc	587	Response	1	11692636	6135	2
mc	588	Picture	11	11718167	0	1	3166	2	0	3000	other	0
mc	589	Response	2	11724980	3480	1
mc	590	Picture	20	11747666	0	1	3167	2	0	3000	other	0
mc	591	Response	2	11753886	2887	1
mc	592	Picture	11	11786665	0	1	3166	2	0	3000	other	0
mc	593	Response	1	11791854	1856	1
mc	594	Picture	11	11821830	0	1	3167	2	0	3000	other	0
mc	595	Response	1	11827323	2159	1
mc	596	Picture	11	11852163	0	1	3166	2	0	3000	other	0
mc	597	Response	1	11858103	2607	2
mc	598	Picture	11	11887162	0	1	3166	2	0	3000	other	0
mc	599	Response	1	11891541	1046	1
mc	600	Picture	21	11922327	0	1	3167	2	0	3000	other	0
mc	601	Response	2	11927009	1348	1
mc	602	Picture	21	11957826	0	1	3167	2	0	3000	other	0
mc	603	Response	2	11967790	6631	1
mc	604	Response	2	12024977	36985	1


Event Type	Code	Type	Response	RT	RT Uncertainty	Time	Uncertainty	Duration	Uncertainty	ReqTime	ReqDur

Picture	21	other				10499	1	3166	2	0	3000
Picture	20	other				43664	1	3167	2	0	3000
Picture	10	other				80830	1	3166	3	0	3000
Picture	11	other				113996	1	3166	2	0	3000
Picture	21	other				151661	1	3167	2	0	3000
Picture	20	other				182494	1	3166	2	0	3000
Picture	20	other				211659	1	3167	2	0	3000
Picture	21	other				247658	1	3167	2	0	3000
Picture	20	other				280824	1	3166	3	0	3000
Picture	20	other				316989	2	3167	3	0	3000
Picture	10	other				352488	1	3167	2	0	3000
Picture	10	other				388987	1	3167	2	0	3000
Picture	10	other				422653	1	3167	2	0	3000
Picture	11	other				455652	1	3167	2	0	3000
Picture	11	other				485651	1	3167	2	0	3000
Picture	21	other				514150	1	3167	2	0	3000
Picture	11	other				545816	1	3166	3	0	3000
Picture	21	other				580315	1	3166	2	0	3000
Picture	11	other				614647	1	3167	2	0	3000
Picture	20	other				650313	1	3166	2	0	3000
Picture	21	other				682978	2	3167	3	0	3000
Picture	20	other				717644	1	3167	2	0	3000
Picture	21	other				748810	1	3166	2	0	3000
Picture	20	other				780142	1	3167	2	0	3000
Picture	20	other				814641	1	3167	2	0	3000
Picture	10	other				853307	1	3166	2	0	3000
Picture	21	other				886972	1	3167	2	0	3000
Picture	21	other				916971	1	3167	2	0	3000
Picture	21	other				950137	1	3167	2	0	3000
Picture	21	other				986803	1	3166	2	0	3000
Picture	21	other				1025301	2	3167	3	0	3000
Picture	20	other				1060300	1	3167	2	0	3000
Picture	21	other				1100132	2	3167	3	0	3000
Picture	20	other				1137798	1	3167	2	0	3000
Picture	20	other				1175130	1	3167	2	0	3000
Picture	10	other				1207296	1	3166	3	0	3000
Picture	21	other				1246628	1	3167	2	0	3000
Picture	10	other				1279127	1	3167	2	0	3000
Picture	20	other				1310293	1	3166	2	0	3000
Picture	20	other				1342958	2	3167	3	0	3000
Picture	11	other				1376791	1	3166	2	0	3000
Picture	11	other				1412456	1	3167	2	0	3000
Picture	21	other				1445122	1	3167	2	0	3000
Picture	20	other				1479788	1	3166	2	0	3000
Picture	21	other				1513120	1	3167	2	0	3000
Picture	21	other				1552952	1	3167	2	0	3000
Picture	11	other				1582118	1	3166	3	0	3000
Picture	11	other				1622283	1	3167	2	0	3000
Picture	11	other				1657782	1	3167	2	0	3000
Picture	10	other				1689448	1	3167	2	0	3000
Picture	20	other				1718114	1	3166	2	0	3000
Picture	21	other				1747280	1	3166	2	0	3000
Picture	11	other				1778279	1	3166	2	0	3000
Picture	21	other				1814944	1	3167	2	0	3000
Picture	21	other				1849110	1	3166	2	0	3000
Picture	11	other				1879942	1	3167	2	0	3000
Picture	11	other				1909941	1	3167	2	0	3000
Picture	10	other				1940440	2	3167	3	0	3000
Picture	11	other				1976606	1	3167	2	0	3000
Picture	20	other				2005438	2	3167	3	0	3000
Picture	10	other				2044271	1	3166	2	0	3000
Picture	11	other				2082269	2	3167	3	0	3000
Picture	21	other				2111935	1	3167	2	0	3000
Picture	10	other				2151934	1	3167	2	0	3000
Picture	11	other				2183100	1	3166	2	0	3000
Picture	10	other				2217599	1	3166	2	0	3000
Picture	21	other				2251764	1	3167	2	0	3000
Picture	11	other				2284430	1	3167	2	0	3000
Picture	11	other				2324596	1	3166	2	0	3000
Picture	11	other				2362928	1	3166	2	0	3000
Picture	21	other				2393760	1	3167	2	0	3000
Picture	21	other				2429259	1	3167	2	0	3000
Picture	10	other				2459425	1	3166	2	0	3000
Picture	10	other				2494924	1	3166	2	0	3000
Picture	21	other				2534423	1	3166	2	0	3000
Picture	20	other				2563422	1	3166	2	0	3000
Picture	20	other				2598254	1	3166	3	0	3000
Picture	21	other				2636919	2	3167	3	0	3000
Picture	21	other				2669085	1	3167	2	0	3000
Picture	11	other				2704251	1	3166	2	0	3000
Picture	21	other				2742916	1	3167	2	0	3000
Picture	21	other				2782582	1	3166	2	0	3000
Picture	11	other				2820747	1	3167	2	0	3000
Picture	11	other				2849580	1	3166	2	0	3000
Picture	20	other				2887745	1	3167	2	0	3000
Picture	10	other				2924577	2	3167	3	0	3000
Picture	11	other				2955076	2	3167	3	0	3000
Picture	11	other				2985576	1	3166	2	0	3000
Picture	20	other				3021908	1	3166	2	0	3000
Picture	11	other				3059740	1	3167	2	0	3000
Picture	10	other				3091406	1	3166	2	0	3000
Picture	20	other				3124071	1	3167	2	0	3000
Picture	11	other				3152737	1	3167	2	0	3000
Picture	20	other				3186903	1	3166	2	0	3000
Picture	20	other				3217902	1	3166	3	0	3000
Picture	21	other				3254567	2	3167	3	0	3000
Picture	11	other				3286566	2	3167	3	0	3000
Picture	11	other				3326232	1	3167	2	0	3000
Picture	11	other				3356898	1	3166	2	0	3000
Picture	11	other				3393730	1	3166	3	0	3000
Picture	10	other				3423729	1	3167	2	0	3000
Picture	10	other				3461228	1	3166	3	0	3000
Picture	10	other				3495394	1	3166	2	0	3000
Picture	20	other				3528226	1	3166	2	0	3000
Picture	20	other				3565058	1	3167	2	0	3000
Picture	20	other				3597724	1	3166	2	0	3000
Picture	20	other				3633056	1	3167	2	0	3000
Picture	11	other				3671555	1	3166	2	0	3000
Picture	10	other				3707387	1	3167	2	0	3000
Picture	11	other				3737553	1	3166	3	0	3000
Picture	10	other				3774385	1	3167	2	0	3000
Picture	21	other				3811717	1	3167	2	0	3000
Picture	11	other				3841550	1	3166	2	0	3000
Picture	11	other				3873215	2	3167	3	0	3000
Picture	10	other				3907548	1	3166	2	0	3000
Picture	11	other				3947213	1	3167	2	0	3000
Picture	21	other				3987045	1	3167	2	0	3000
Picture	11	other				4017044	2	3167	3	0	3000
Picture	10	other				4050377	1	3166	2	0	3000
Picture	21	other				4079709	1	3167	2	0	3000
Picture	20	other				4114375	1	3166	2	0	3000
Picture	11	other				4143541	1	3166	2	0	3000
Picture	21	other				4175540	1	3166	2	0	3000
Picture	11	other				4205539	1	3166	2	0	3000
Picture	11	other				4235538	1	3166	2	0	3000
Picture	20	other				4268537	1	3166	2	0	3000
Picture	11	other				4308702	1	3167	2	0	3000
Picture	11	other				4341368	1	3167	2	0	3000
Picture	20	other				4377034	1	3166	2	0	3000
Picture	11	other				4410366	1	3166	3	0	3000
Picture	10	other				4450198	1	3167	2	0	3000
Picture	11	other				4487530	1	3167	2	0	3000
Picture	10	other				4524862	2	3167	3	0	3000
Picture	21	other				4555862	1	3166	2	0	3000
Picture	21	other				4589694	1	3166	2	0	3000
Picture	11	other				4624693	1	3166	2	0	3000
Picture	11	other				4657858	2	3167	3	0	3000
Picture	11	other				4698024	1	3166	2	0	3000
Picture	21	other				4733856	1	3167	2	0	3000
Picture	11	other				4767188	2	3167	3	0	3000
Picture	11	other				4807521	1	3166	2	0	3000
Picture	10	other				4840353	1	3166	3	0	3000
Picture	10	other				4878518	2	3167	3	0	3000
Picture	11	other				4909351	1	3166	2	0	3000
Picture	21	other				4949516	1	3167	2	0	3000
Picture	11	other				4979182	1	3167	2	0	3000
Picture	10	other				5019181	1	3166	2	0	3000
Picture	21	other				5057013	1	3167	2	0	3000
Picture	20	other				5096679	1	3166	2	0	3000
Picture	10	other				5125178	1	3166	2	0	3000
Picture	10	other				6892624	1	3167	2	0	3000
Picture	20	other				6925290	1	3167	2	0	3000
Picture	20	other				6960289	1	3167	2	0	3000
Picture	21	other				6995621	1	3167	2	0	3000
Picture	10	other				7024787	1	3167	2	0	3000
Picture	21	other				7058786	1	3167	2	0	3000
Picture	21	other				7089118	2	3167	3	0	3000
Picture	20	other				7126617	1	3167	2	0	3000
Picture	21	other				7157783	1	3167	2	0	3000
Picture	11	other				7190115	1	3167	2	0	3000
Picture	21	other				7219281	1	3167	2	0	3000
Picture	21	other				7251780	1	3167	2	0	3000
Picture	21	other				7290946	1	3166	2	0	3000
Picture	20	other				7323611	1	3167	2	0	3000
Picture	20	other				7354444	1	3166	2	0	3000
Picture	10	other				7390609	1	3167	2	0	3000
Picture	21	other				7430275	1	3166	2	0	3000
Picture	11	other				7459441	1	3166	2	0	3000
Picture	20	other				7492773	1	3167	2	0	3000
Picture	20	other				7527605	1	3167	2	0	3000
Picture	20	other				7558438	1	3166	2	0	3000
Picture	10	other				7590603	1	3167	2	0	3000
Picture	20	other				7624102	1	3167	2	0	3000
Picture	21	other				7655601	1	3167	2	0	3000
Picture	20	other				7686767	1	3167	2	0	3000
Picture	21	other				7720266	1	3167	2	0	3000
Picture	11	other				7750432	1	3166	2	0	3000
Picture	10	other				7787264	1	3167	2	0	3000
Picture	11	other				7822596	1	3167	2	0	3000
Picture	11	other				7862762	1	3166	2	0	3000
Picture	21	other				7895761	1	3166	2	0	3000
Picture	10	other				7933426	1	3167	2	0	3000
Picture	20	other				7969759	1	3166	2	0	3000
Picture	10	other				8009424	1	3167	2	0	3000
Picture	21	other				8044090	1	3166	2	0	3000
Picture	11	other				8077422	1	3167	2	0	3000
Picture	11	other				8115587	2	3167	3	0	3000
Picture	10	other				8153441	1	3167	2	0	3000
Picture	10	other				8189940	1	3167	2	0	3000
Picture	10	other				8224939	1	3167	2	0	3000
Picture	20	other				8254271	1	3167	2	0	3000
Picture	21	other				8285770	2	3167	3	0	3000
Picture	20	other				8320603	1	3166	2	0	3000
Picture	21	other				8352602	1	3166	2	0	3000
Picture	11	other				8388101	1	3166	2	0	3000
Picture	21	other				8420100	1	3166	2	0	3000
Picture	21	other				8450265	2	3167	3	0	3000
Picture	10	other				8485098	1	3166	2	0	3000
Picture	11	other				8522097	1	3166	2	0	3000
Picture	21	other				8558096	1	3166	2	0	3000
Picture	21	other				8587261	1	3167	2	0	3000
Picture	11	other				8624260	1	3167	2	0	3000
Picture	10	other				8664426	1	3166	2	0	3000
Picture	10	other				8694091	2	3167	3	0	3000
Picture	10	other				8727924	1	3166	2	0	3000
Picture	10	other				8763923	1	3166	2	0	3000
Picture	20	other				8799922	1	3166	2	0	3000
Picture	10	other				8838087	1	3167	2	0	3000
Picture	11	other				8871919	2	3167	3	0	3000
Picture	11	other				8905085	1	3167	2	0	3000
Picture	10	other				8933751	1	3166	3	0	3000
Picture	11	other				8969250	1	3166	2	0	3000
Picture	20	other				8999082	1	3167	2	0	3000
Picture	10	other				9037081	1	3167	2	0	3000
Picture	21	other				9076580	1	3166	3	0	3000
Picture	11	other				9115579	1	3166	2	0	3000
Picture	10	other				9144745	1	3166	2	0	3000
Picture	10	other				9177744	1	3166	2	0	3000
Picture	11	other				9218076	1	3166	2	0	3000
Picture	11	other				9246908	1	3167	2	0	3000
Picture	11	other				9279907	1	3167	2	0	3000
Picture	10	other				9311573	1	3166	2	0	3000
Picture	21	other				9341405	1	3167	2	0	3000
Picture	10	other				9373904	1	3167	2	0	3000
Picture	20	other				9414236	1	3167	2	0	3000
Picture	20	other				9444235	2	3167	3	0	3000
Picture	20	other				9473068	1	3167	2	0	3000
Picture	20	other				9508067	1	3166	3	0	3000
Picture	21	other				9537733	1	3166	2	0	3000
Picture	10	other				9573898	1	3167	2	0	3000
Picture	10	other				9611730	2	3167	3	0	3000
Picture	10	other				9648229	1	3167	2	0	3000
Picture	11	other				9682062	1	3166	2	0	3000
Picture	21	other				9719227	1	3167	2	0	3000
Picture	11	other				9747726	1	3167	2	0	3000
Picture	20	other				9783392	1	3166	3	0	3000
Picture	21	other				9814891	1	3167	2	0	3000
Picture	20	other				9849890	1	3166	3	0	3000
Picture	21	other				9881389	1	3167	2	0	3000
Picture	20	other				9909888	1	3167	2	0	3000
Picture	21	other				9941887	1	3167	2	0	3000
Picture	10	other				9972553	1	3166	3	0	3000
Picture	10	other				10010552	1	3166	2	0	3000
Picture	10	other				10043051	1	3166	2	0	3000
Picture	21	other				10083216	1	3167	2	0	3000
Picture	10	other				10120548	2	3167	3	0	3000
Picture	11	other				10158381	1	3166	2	0	3000
Picture	11	other				10188546	1	3167	2	0	3000
Picture	10	other				10217212	1	3167	2	0	3000
Picture	11	other				10253878	1	3166	2	0	3000
Picture	11	other				10290210	1	3167	2	0	3000
Picture	21	other				10323042	1	3167	2	0	3000
Picture	21	other				10363041	1	3167	2	0	3000
Picture	11	other				10403040	1	3166	3	0	3000
Picture	10	other				10439705	2	3167	3	0	3000
Picture	20	other				10469705	1	3166	2	0	3000
Picture	20	other				10501704	1	3166	2	0	3000
Picture	21	other				10535203	1	3166	2	0	3000
Picture	20	other				10564368	1	3167	2	0	3000
Picture	20	other				10593201	1	3166	2	0	3000
Picture	21	other				10624867	1	3166	2	0	3000
Picture	10	other				10653532	1	3167	2	0	3000
Picture	10	other				10689698	1	3166	3	0	3000
Picture	20	other				10725697	1	3166	2	0	3000
Picture	21	other				10762362	1	3167	2	0	3000
Picture	10	other				10791528	1	3167	2	0	3000
Picture	11	other				10823027	1	3167	2	0	3000
Picture	11	other				10851860	1	3166	2	0	3000
Picture	10	other				10884192	1	3167	2	0	3000
Picture	10	other				10913358	1	3166	2	0	3000
Picture	11	other				10944190	1	3167	2	0	3000
Picture	20	other				10977523	1	3166	2	0	3000
Picture	20	other				11015521	1	3167	2	0	3000
Picture	11	other				11049187	1	3167	2	0	3000
Picture	20	other				11088353	1	3166	2	0	3000
Picture	20	other				11127685	1	3166	2	0	3000
Picture	21	other				11165684	1	3166	2	0	3000
Picture	11	other				11200349	1	3167	2	0	3000
Picture	10	other				11231515	1	3166	2	0	3000
Picture	20	other				11262514	1	3167	2	0	3000
Picture	21	other				11293680	1	3166	2	0	3000
Picture	10	other				11328679	1	3166	2	0	3000
Picture	10	other				11366011	1	3166	2	0	3000
Picture	20	other				11403176	1	3167	2	0	3000
Picture	11	other				11438342	1	3167	2	0	3000
Picture	10	other				11467174	2	3167	3	0	3000
Picture	20	other				11502340	1	3167	2	0	3000
Picture	11	other				11542339	1	3166	2	0	3000
Picture	11	other				11579004	1	3167	2	0	3000
Picture	21	other				11613837	1	3166	2	0	3000
Picture	21	other				11650002	1	3167	2	0	3000
Picture	10	other				11683168	1	3166	3	0	3000
Picture	11	other				11718167	1	3166	2	0	3000
Picture	20	other				11747666	1	3167	2	0	3000
Picture	11	other				11786665	1	3166	2	0	3000
Picture	11	other				11821830	1	3167	2	0	3000
Picture	11	other				11852163	1	3166	2	0	3000
Picture	11	other				11887162	1	3166	2	0	3000
Picture	21	other				11922327	1	3167	2	0	3000
Picture	21	other				11957826	1	3167	2	0	3000
