Scenario - GO/NO-GO
Logfile written - 06/05/2012 11:36:30

Subject	Trial	Event Type	Code	Time	TTime	Uncertainty	Duration	Uncertainty	ReqTime	ReqDur	Stim Type	Pair Index

mc	2	Picture	22	332	0	1	3167	2	0	3000	hit	2
mc	2	Response	1	5510	5178	1
mc	3	Picture	22	38831	0	1	3167	2	0	3000	hit	4
mc	3	Response	1	42380	3549	1
mc	4	Picture	22	78163	0	1	3167	2	0	3000	hit	6
mc	4	Response	1	81911	3748	1
mc	5	Picture	22	113996	0	1	3166	2	0	3000	hit	8
mc	5	Response	1	117223	3227	1
mc	6	Picture	22	145661	0	1	3167	2	0	3000	hit	10
mc	6	Response	1	149098	3437	1
mc	7	Picture	33	185660	0	1	3167	2	0	3000	hit	12
mc	7	Response	1	190660	5000	1
mc	8	Picture	22	222659	0	1	3167	2	0	3000	miss	0
mc	9	Picture	22	255325	0	1	3166	2	0	3000	hit	15
mc	9	Response	1	258472	3147	1
mc	10	Picture	22	289657	0	1	3166	3	0	3000	miss	0
mc	11	Picture	33	323656	0	1	3166	3	0	3000	miss	0
mc	12	Picture	22	356822	0	1	3166	2	0	3000	hit	19
mc	12	Response	1	361752	4930	2
mc	13	Picture	22	392987	0	1	3167	2	0	3000	hit	21
mc	13	Response	1	397380	4393	1
mc	14	Picture	22	429486	0	1	3167	2	0	3000	hit	23
mc	14	Response	1	435033	5547	1
mc	15	Picture	22	463152	0	1	3166	2	0	3000	hit	25
mc	15	Response	1	467220	4068	1
mc	16	Picture	22	500484	0	1	3166	2	0	3000	hit	27
mc	16	Response	1	504407	3923	1
mc	17	Picture	33	536149	0	2	3167	3	0	3000	miss	0
mc	18	Picture	22	571648	0	1	3167	2	0	3000	hit	30
mc	18	Response	1	575969	4321	1
mc	19	Picture	22	604647	0	1	3167	2	0	3000	miss	0
mc	20	Picture	22	637646	0	1	3167	2	0	3000	hit	33
mc	20	Response	1	642062	4416	1
mc	21	Picture	33	671979	0	1	3166	2	0	3000	miss	0
mc	22	Picture	22	709978	0	1	3166	2	0	3000	hit	36
mc	22	Response	1	714404	4426	2
mc	23	Picture	33	738977	0	1	3166	2	0	3000	miss	0
mc	24	Picture	22	775976	0	1	3166	2	0	3000	hit	39
mc	24	Response	1	779717	3741	1
mc	25	Picture	22	806975	0	1	3166	2	0	3000	hit	41
mc	25	Response	1	810810	3835	2
mc	26	Picture	22	836807	0	1	3167	2	0	3000	hit	43
mc	26	Response	1	840653	3846	2
mc	27	Picture	22	868473	0	1	3166	2	0	3000	hit	45
mc	27	Response	1	872841	4368	1
mc	28	Picture	22	898138	0	2	3167	3	0	3000	hit	47
mc	28	Response	1	902216	4078	1
mc	29	Picture	33	937637	0	1	3167	2	0	3000	miss	0
mc	30	Picture	22	972470	0	1	3166	2	0	3000	hit	50
mc	30	Response	1	977373	4903	1
mc	31	Picture	22	1007969	0	1	3166	2	0	3000	hit	52
mc	31	Response	1	1012214	4245	2
mc	32	Picture	22	1036468	0	1	3166	2	0	3000	hit	54
mc	32	Response	1	1040183	3715	1
mc	33	Picture	22	1070467	0	1	3166	2	0	3000	hit	56
mc	33	Response	1	1075651	5184	1
mc	34	Picture	22	1102799	0	1	3167	2	0	3000	hit	58
mc	34	Response	1	1107682	4883	1
mc	35	Picture	22	1139631	0	1	3167	2	0	3000	hit	60
mc	35	Response	1	1144244	4613	1
mc	36	Picture	22	1177463	0	1	3167	2	0	3000	hit	62
mc	36	Response	1	1180962	3499	2
mc	37	Picture	33	1212796	0	1	3166	2	0	3000	miss	0
mc	38	Picture	22	1242961	0	1	3167	2	0	3000	hit	65
mc	38	Response	1	1247524	4563	2
mc	39	Picture	22	1280627	0	1	3167	2	0	3000	hit	67
mc	39	Response	1	1284086	3459	2
mc	40	Picture	22	1317792	0	2	3167	3	0	3000	hit	69
mc	40	Response	1	1322211	4419	1
mc	41	Picture	22	1350958	0	1	3167	2	0	3000	hit	71
mc	41	Response	1	1355336	4378	1
mc	42	Picture	22	1382291	0	1	3166	2	0	3000	hit	73
mc	42	Response	1	1387679	5388	1
mc	43	Picture	33	1420789	0	1	3167	2	0	3000	hit	75
mc	43	Response	1	1424710	3921	2
mc	44	Picture	22	1452788	0	1	3167	2	0	3000	miss	0
mc	45	Picture	22	1488121	0	1	3166	2	0	3000	hit	78
mc	45	Response	1	1492678	4557	1
mc	46	Picture	22	1518620	0	1	3166	2	0	3000	hit	80
mc	46	Response	1	1522678	4058	1
mc	47	Picture	33	1554952	0	1	3167	2	0	3000	miss	0
mc	48	Picture	22	1588618	0	1	3166	2	0	3000	hit	83
mc	48	Response	1	1592521	3903	1
mc	49	Picture	33	1623783	0	1	3167	2	0	3000	hit	85
mc	49	Response	1	1627833	4050	1
mc	50	Picture	22	1655616	0	1	3166	2	0	3000	miss	0
mc	51	Picture	22	1684448	0	1	3167	2	0	3000	hit	88
mc	51	Response	1	1688458	4010	1
mc	52	Picture	22	1720780	0	1	3167	2	0	3000	hit	90
mc	52	Response	1	1724394	3614	2
mc	53	Picture	33	1750946	0	1	3167	2	0	3000	miss	0
mc	54	Picture	22	1781278	0	2	3167	3	0	3000	hit	93
mc	54	Response	1	1789707	8429	1
mc	55	Picture	22	1815111	0	1	3166	2	0	3000	hit	95
mc	55	Response	1	1819551	4440	1
mc	56	Picture	22	1852776	0	1	3167	2	0	3000	hit	97
mc	56	Response	1	1857364	4588	1
mc	57	Picture	33	1880942	0	1	3167	2	0	3000	miss	0
mc	58	Picture	22	1912608	0	1	3166	2	0	3000	hit	100
mc	58	Response	1	1916737	4129	1
mc	59	Picture	22	1951607	0	1	3166	2	0	3000	hit	102
mc	59	Response	1	1955486	3879	1
mc	60	Picture	22	1991605	0	2	3167	3	0	3000	hit	104
mc	60	Response	1	1996735	5130	2
mc	61	Picture	33	2029438	0	1	3166	2	0	3000	miss	0
mc	62	Picture	22	2062437	0	1	3166	2	0	3000	hit	107
mc	62	Response	1	2066423	3986	1
mc	63	Picture	22	2100936	0	1	3166	2	0	3000	hit	109
mc	63	Response	1	2109391	8455	1
mc	64	Picture	22	2135101	0	1	3167	2	0	3000	hit	111
mc	64	Response	1	2141891	6790	1
mc	65	Picture	33	2170600	0	1	3167	2	0	3000	hit	113
mc	65	Response	1	2175483	4883	2
mc	66	Picture	22	2203932	0	1	3167	2	0	3000	miss	0
mc	67	Picture	22	2237931	0	1	3167	2	0	3000	hit	116
mc	67	Response	1	2242046	4115	1
mc	68	Picture	22	2267597	0	1	3167	2	0	3000	hit	118
mc	68	Response	1	2272826	5229	2
mc	69	Picture	22	2297596	0	1	3167	2	0	3000	hit	120
mc	69	Response	1	2302358	4762	1
mc	70	Picture	22	2326429	0	1	3166	2	0	3000	hit	122
mc	70	Response	1	2330795	4366	1
mc	71	Picture	22	2360428	0	1	3166	2	0	3000	hit	124
mc	71	Response	1	2365795	5367	1
mc	72	Picture	22	2399426	0	2	3167	3	0	3000	hit	126
mc	72	Response	1	2405169	5743	1
mc	73	Picture	33	2437425	0	1	3167	2	0	3000	hit	128
mc	73	Response	1	2441574	4149	2
mc	74	Picture	22	2466424	0	2	3167	3	0	3000	hit	130
mc	74	Response	1	2472043	5619	1
mc	75	Picture	22	2506090	0	1	3166	3	0	3000	hit	132
mc	75	Response	1	2509387	3297	1
mc	76	Picture	22	2538922	0	1	3167	2	0	3000	hit	134
mc	76	Response	1	2542824	3902	1
mc	77	Picture	33	2573755	0	1	3166	2	0	3000	miss	0
mc	78	Picture	22	2612587	0	1	3166	2	0	3000	hit	137
mc	78	Response	1	2615948	3361	1
mc	79	Picture	22	2645586	0	1	3166	2	0	3000	hit	139
mc	79	Response	1	2649229	3643	1
mc	80	Picture	22	2682751	0	1	3167	2	0	3000	hit	141
mc	80	Response	1	2686104	3353	1
mc	81	Picture	22	2711917	0	1	3167	2	0	3000	hit	143
mc	81	Response	1	2716260	4343	1
mc	82	Picture	22	2742749	0	2	3167	3	0	3000	hit	145
mc	82	Response	1	2747197	4448	1
mc	83	Picture	22	2774915	0	1	3167	2	0	3000	hit	147
mc	83	Response	1	2779384	4469	1
mc	84	Picture	22	2803248	0	1	3166	2	0	3000	hit	149
mc	84	Response	1	2806727	3479	2
mc	85	Picture	33	2832913	0	1	3167	2	0	3000	hit	151
mc	85	Response	1	2836571	3658	1
mc	86	Picture	22	2862079	0	1	3167	2	0	3000	hit	153
mc	86	Response	1	2865633	3554	1
mc	87	Picture	22	2896078	0	1	3167	2	0	3000	hit	155
mc	87	Response	1	2899227	3149	1
mc	88	Picture	22	2933577	0	1	3167	2	0	3000	hit	157
mc	88	Response	1	2936882	3305	1
mc	89	Picture	33	2967409	0	1	3167	2	0	3000	hit	159
mc	89	Response	1	2971257	3848	1
mc	90	Picture	22	3001908	0	1	3167	2	0	3000	hit	161
mc	90	Response	1	3006413	4505	1
mc	91	Picture	22	3038241	0	1	3166	2	0	3000	hit	163
mc	91	Response	1	3041256	3015	2
mc	92	Picture	22	3073573	0	1	3166	2	0	3000	hit	165
mc	92	Response	1	3077351	3778	2
mc	93	Picture	22	3113405	0	1	3167	2	0	3000	hit	167
mc	93	Response	1	3118599	5194	1
mc	94	Picture	22	3151070	0	2	3167	3	0	3000	hit	169
mc	94	Response	1	3156567	5497	2
mc	95	Picture	33	3190569	0	1	3167	2	0	3000	miss	0
mc	96	Picture	22	3224735	0	1	3166	3	0	3000	hit	172
mc	96	Response	1	3228442	3707	1
mc	97	Picture	33	3261567	0	1	3167	2	0	3000	miss	0
mc	98	Picture	22	3296066	0	1	3167	2	0	3000	hit	175
mc	98	Response	1	3299848	3782	1
mc	99	Picture	22	3327565	0	1	3167	2	0	3000	hit	177
mc	99	Response	1	3333441	5876	1
mc	100	Picture	22	3356398	0	1	3166	2	0	3000	hit	179
mc	100	Response	1	3361097	4699	1
mc	101	Picture	22	3390897	0	1	3166	2	0	3000	hit	181
mc	101	Response	1	3395159	4262	1
mc	102	Picture	22	3421729	0	1	3167	2	0	3000	hit	183
mc	102	Response	1	3426096	4367	1
mc	103	Picture	22	3453395	0	1	3166	2	0	3000	hit	185
mc	103	Response	1	3457814	4419	1
mc	104	Picture	22	3488394	0	1	3166	2	0	3000	hit	187
mc	104	Response	1	3492189	3795	1
mc	105	Picture	33	3518559	0	1	3167	2	0	3000	miss	0
mc	106	Picture	22	3553058	0	1	3167	2	0	3000	hit	190
mc	106	Response	1	3556563	3505	2
mc	107	Picture	33	3585057	0	1	3167	2	0	3000	hit	192
mc	107	Response	1	3588595	3538	1
mc	108	Picture	22	3616556	0	1	3167	2	0	3000	hit	194
mc	108	Response	1	3624846	8290	2
mc	109	Picture	33	3647555	0	2	3167	3	0	3000	miss	0
mc	110	Picture	22	3684054	0	1	3167	2	0	3000	hit	197
mc	110	Response	1	3687499	3445	2
mc	111	Picture	22	3715553	0	2	3167	3	0	3000	hit	199
mc	111	Response	1	3719062	3509	1
mc	112	Picture	22	3744386	0	1	3166	2	0	3000	hit	201
mc	112	Response	1	3749062	4676	1
mc	113	Picture	22	3782385	0	1	3166	2	0	3000	hit	203
mc	113	Response	1	3789061	6676	1
mc	114	Picture	22	3821050	0	1	3167	2	0	3000	hit	205
mc	114	Response	1	3825311	4261	1
mc	115	Picture	22	3856382	0	2	3167	3	0	3000	hit	207
mc	115	Response	1	3860467	4085	1
mc	116	Picture	22	3885048	0	1	3167	2	0	3000	hit	209
mc	116	Response	1	3889060	4012	1
mc	117	Picture	33	3916047	0	1	3167	2	0	3000	miss	0
mc	118	Picture	22	3946046	0	2	3167	3	0	3000	hit	212
mc	118	Response	1	3949684	3638	2
mc	119	Picture	22	3982045	0	1	3167	2	0	3000	hit	214
mc	119	Response	1	3985778	3733	1
mc	120	Picture	22	4016711	0	1	3167	2	0	3000	hit	216
mc	120	Response	1	4020309	3598	1
mc	121	Picture	22	4049043	0	1	3167	2	0	3000	hit	218
mc	121	Response	1	4054215	5172	1
mc	122	Picture	22	4082709	0	1	3167	2	0	3000	hit	220
mc	122	Response	1	4086714	4005	1
mc	123	Picture	22	4120208	0	1	3166	2	0	3000	hit	222
mc	123	Response	1	4124995	4787	1
mc	124	Picture	22	4157207	0	1	3166	2	0	3000	hit	224
mc	124	Response	1	4162026	4819	1
mc	125	Picture	33	4189372	0	2	3167	3	0	3000	miss	0
mc	126	Picture	22	4222371	0	2	3167	3	0	3000	hit	227
mc	126	Response	1	4225619	3248	1
mc	127	Picture	22	4253204	0	1	3166	2	0	3000	hit	229
mc	127	Response	1	4257181	3977	1
mc	128	Picture	22	4289369	0	2	3167	3	0	3000	hit	231
mc	128	Response	1	4293431	4062	1
mc	129	Picture	22	4324202	0	1	3166	2	0	3000	hit	233
mc	129	Response	1	4328743	4541	2
mc	130	Picture	22	4359534	0	1	3167	2	0	3000	hit	235
mc	130	Response	1	4363430	3896	1
mc	131	Picture	33	4389033	0	1	3167	2	0	3000	miss	0
mc	132	Picture	22	4421199	0	1	3166	2	0	3000	hit	238
mc	132	Response	1	4424523	3324	2
mc	133	Picture	22	4449865	0	1	3166	2	0	3000	hit	240
mc	133	Response	1	4453273	3408	1
mc	134	Picture	22	4484197	0	1	3166	3	0	3000	hit	242
mc	134	Response	1	4487492	3295	1
mc	135	Picture	22	4513863	0	1	3166	2	0	3000	hit	244
mc	135	Response	1	4518741	4878	1
mc	136	Picture	22	4550195	0	1	3166	3	0	3000	hit	246
mc	136	Response	1	4554837	4642	1
mc	137	Picture	22	4579194	0	1	3167	2	0	3000	hit	248
mc	137	Response	1	4583272	4078	1
mc	138	Picture	22	4609526	0	2	3167	3	0	3000	hit	250
mc	138	Response	1	4613740	4214	1
mc	139	Picture	33	4642525	0	2	3167	3	0	3000	miss	0
mc	140	Picture	22	4679191	0	1	3167	2	0	3000	hit	253
mc	140	Response	1	4682177	2986	1
mc	141	Picture	22	4715357	0	1	3166	2	0	3000	hit	255
mc	141	Response	1	4719052	3695	1
mc	142	Picture	22	4751855	0	2	3167	3	0	3000	hit	257
mc	142	Response	1	4754835	2980	1
mc	143	Picture	33	4785188	0	1	3166	2	0	3000	hit	259
mc	143	Response	1	4788582	3394	1
mc	144	Picture	22	4814520	0	1	3167	2	0	3000	hit	261
mc	144	Response	1	4818113	3593	1
mc	145	Picture	22	4850852	0	2	3167	3	0	3000	hit	263
mc	145	Response	1	4853894	3042	1
mc	146	Picture	22	4889685	0	1	3166	2	0	3000	hit	265
mc	146	Response	1	4895300	5615	1
mc	147	Picture	22	4923517	0	1	3167	2	0	3000	hit	267
mc	147	Response	1	4928112	4595	1
mc	148	Picture	22	4956516	0	1	3167	2	0	3000	hit	269
mc	148	Response	1	4960143	3627	1
mc	149	Picture	33	4994181	0	2	3167	3	0	3000	miss	0
mc	150	Picture	22	5027680	0	2	3167	3	0	3000	hit	272
mc	150	Response	1	5030768	3088	1
mc	151	Picture	33	5062179	0	2	3167	3	0	3000	hit	274
mc	151	Response	1	5065610	3431	2
mc	152	Response	1	7440587	2348075	1
mc	154	Picture	22	7450774	0	1	3167	2	0	3000	miss	0
mc	155	Picture	22	7484606	0	1	3167	2	0	3000	hit	278
mc	155	Response	1	7491211	6605	1
mc	156	Picture	22	7519605	0	1	3166	3	0	3000	hit	280
mc	156	Response	1	7522773	3168	1
mc	157	Picture	22	7548104	0	2	3167	3	0	3000	hit	282
mc	157	Response	1	7551835	3731	1
mc	158	Picture	22	7584603	0	1	3167	2	0	3000	hit	284
mc	158	Response	1	7587451	2848	1
mc	159	Picture	33	7615769	0	1	3167	2	0	3000	hit	286
mc	159	Response	1	7619335	3566	1
mc	160	Picture	22	7649935	0	1	3166	2	0	3000	hit	288
mc	160	Response	1	7653553	3618	1
mc	161	Picture	22	7683600	0	1	3167	2	0	3000	hit	290
mc	161	Response	1	7687459	3859	1
mc	162	Picture	22	7714599	0	1	3167	2	0	3000	hit	292
mc	162	Response	1	7718396	3797	1
mc	163	Picture	22	7749098	0	1	3167	2	0	3000	hit	294
mc	163	Response	1	7753240	4142	1
mc	164	Picture	22	7784431	0	1	3166	2	0	3000	hit	296
mc	164	Response	1	7788083	3652	1
mc	165	Picture	33	7819763	0	1	3166	3	0	3000	miss	0
mc	166	Picture	22	7850262	0	1	3167	2	0	3000	hit	299
mc	166	Response	1	7852614	2352	1
mc	167	Picture	33	7885761	0	1	3166	3	0	3000	miss	0
mc	168	Picture	22	7921593	0	1	3167	2	0	3000	hit	302
mc	168	Response	1	7925364	3771	1
mc	169	Picture	22	7959425	0	1	3167	2	0	3000	hit	304
mc	169	Response	1	7963238	3813	1
mc	170	Picture	22	7996091	0	1	3166	3	0	3000	hit	306
mc	170	Response	1	7999955	3864	2
mc	171	Picture	22	8032090	0	1	3166	2	0	3000	hit	308
mc	171	Response	1	8038002	5912	1
mc	172	Picture	22	8061756	0	1	3166	2	0	3000	hit	310
mc	172	Response	1	8065580	3824	1
mc	173	Picture	22	8092421	0	1	3167	2	0	3000	hit	312
mc	173	Response	1	8095892	3471	1
mc	174	Picture	22	8125920	0	1	3167	2	0	3000	hit	314
mc	174	Response	1	8129799	3879	1
mc	175	Picture	33	8162919	0	1	3167	2	0	3000	hit	316
mc	175	Response	1	8166204	3285	1
mc	176	Picture	22	8197418	0	1	3167	2	0	3000	hit	318
mc	176	Response	1	8201360	3942	1
mc	177	Picture	22	8231417	0	1	3167	2	0	3000	hit	320
mc	177	Response	1	8235578	4161	1
mc	178	Picture	22	8259916	0	1	3167	2	0	3000	hit	322
mc	178	Response	1	8265578	5662	1
mc	179	Picture	33	8292249	0	1	3166	2	0	3000	miss	0
mc	180	Picture	22	8325248	0	1	3166	2	0	3000	hit	325
mc	180	Response	1	8328077	2829	1
mc	181	Picture	33	8358413	0	1	3167	2	0	3000	miss	0
mc	182	Picture	22	8392912	0	1	3167	2	0	3000	hit	328
mc	182	Response	1	8397764	4852	1
mc	183	Picture	22	8425078	0	1	3167	2	0	3000	hit	330
mc	183	Response	1	8429326	4248	2
mc	184	Picture	22	8459077	0	1	3166	3	0	3000	hit	332
mc	184	Response	1	8462138	3061	2
mc	185	Picture	22	8491909	0	1	3167	2	0	3000	hit	334
mc	185	Response	1	8497138	5229	1
mc	186	Picture	22	8520408	0	1	3167	2	0	3000	hit	336
mc	186	Response	1	8524169	3761	1
mc	187	Picture	22	8553074	0	1	3167	2	0	3000	hit	338
mc	187	Response	1	8557762	4688	1
mc	188	Picture	22	8581407	0	1	3166	2	0	3000	hit	340
mc	188	Response	1	8585731	4324	1
mc	189	Picture	33	8621072	0	1	3167	2	0	3000	miss	0
mc	190	Picture	22	8653238	0	1	3166	2	0	3000	hit	343
mc	190	Response	1	8656668	3430	1
mc	191	Picture	22	8692570	0	1	3166	2	0	3000	hit	345
mc	191	Response	1	8697605	5035	1
mc	192	Picture	22	8726736	0	1	3166	2	0	3000	hit	347
mc	192	Response	1	8730260	3524	2
mc	193	Picture	22	8764068	0	1	3166	2	0	3000	hit	349
mc	193	Response	1	8769323	5255	1
mc	194	Picture	22	8802900	0	1	3166	2	0	3000	hit	351
mc	194	Response	1	8807916	5016	1
mc	195	Picture	22	8833066	0	1	3166	2	0	3000	hit	353
mc	195	Response	1	8837293	4227	1
mc	196	Picture	22	8868898	0	1	3166	3	0	3000	hit	355
mc	196	Response	1	8873697	4799	1
mc	197	Picture	33	8900564	0	1	3166	2	0	3000	miss	0
mc	198	Picture	22	8938062	0	2	3167	3	0	3000	hit	358
mc	198	Response	1	8941508	3446	2
mc	199	Picture	22	8971061	0	2	3167	3	0	3000	hit	360
mc	199	Response	1	8974321	3260	1
mc	200	Picture	22	9004727	0	1	3167	2	0	3000	hit	362
mc	200	Response	1	9008539	3812	1
mc	201	Picture	22	9035060	0	1	3166	2	0	3000	hit	364
mc	201	Response	1	9040414	5354	1
mc	202	Picture	22	9070392	0	1	3166	2	0	3000	hit	366
mc	202	Response	1	9073851	3459	1
mc	203	Picture	33	9107057	0	1	3167	2	0	3000	miss	0
mc	204	Picture	22	9138056	0	2	3167	3	0	3000	hit	369
mc	204	Response	1	9141819	3763	1
mc	205	Picture	22	9176222	0	1	3167	2	0	3000	hit	371
mc	205	Response	1	9179162	2940	1
mc	206	Picture	22	9207388	0	1	3166	2	0	3000	hit	373
mc	206	Response	1	9211975	4587	1
mc	207	Picture	22	9237720	0	1	3167	2	0	3000	hit	375
mc	207	Response	1	9242755	5035	2
mc	208	Picture	22	9275719	0	1	3166	3	0	3000	hit	377
mc	208	Response	1	9279788	4069	1
mc	209	Picture	33	9311885	0	1	3166	2	0	3000	miss	0
mc	210	Picture	22	9347217	0	1	3166	2	0	3000	hit	380
mc	210	Response	1	9352286	5069	1
mc	211	Picture	22	9377049	0	1	3167	2	0	3000	hit	382
mc	211	Response	1	9380098	3049	1
mc	212	Picture	22	9411715	0	1	3166	2	0	3000	hit	384
mc	212	Response	1	9415253	3538	2
mc	213	Picture	33	9449380	0	1	3167	2	0	3000	miss	0
mc	214	Picture	22	9480213	0	1	3166	2	0	3000	hit	387
mc	214	Response	1	9488847	8634	1
mc	215	Picture	22	9513045	0	1	3167	2	0	3000	hit	389
mc	215	Response	1	9516659	3614	1
mc	216	Picture	22	9548377	0	1	3167	2	0	3000	hit	391
mc	216	Response	1	9552284	3907	1
mc	217	Picture	22	9588043	0	1	3166	2	0	3000	hit	393
mc	217	Response	1	9593221	5178	1
mc	218	Picture	22	9627208	0	1	3167	2	0	3000	hit	395
mc	218	Response	1	9631657	4449	2
mc	219	Picture	22	9655541	0	1	3166	2	0	3000	hit	397
mc	219	Response	1	9663220	7679	1
mc	220	Picture	22	9692540	0	1	3166	2	0	3000	hit	399
mc	220	Response	1	9697438	4898	1
mc	221	Picture	33	9726705	0	1	3167	2	0	3000	miss	0
mc	222	Picture	22	9760704	0	1	3167	2	0	3000	hit	402
mc	222	Response	1	9765563	4859	1
mc	223	Picture	22	9797370	0	1	3166	2	0	3000	hit	404
mc	223	Response	1	9801344	3974	1
mc	224	Picture	22	9825536	0	1	3166	2	0	3000	hit	406
mc	224	Response	1	9828687	3151	1
mc	225	Picture	33	9864534	0	2	3167	3	0	3000	miss	0
mc	226	Picture	22	9903867	0	1	3166	2	0	3000	hit	409
mc	226	Response	1	9906967	3100	1
mc	227	Picture	22	9941365	0	2	3167	3	0	3000	hit	411
mc	227	Response	1	9944311	2946	1
mc	228	Picture	22	9972365	0	1	3166	2	0	3000	hit	413
mc	228	Response	1	9975560	3195	2
mc	229	Picture	22	10009030	0	1	3167	2	0	3000	hit	415
mc	229	Response	1	10011966	2936	1
mc	230	Picture	22	10046862	0	1	3167	2	0	3000	hit	417
mc	230	Response	1	10050716	3854	1
mc	231	Picture	22	10080028	0	1	3167	2	0	3000	hit	419
mc	231	Response	1	10084153	4125	1
mc	232	Picture	22	10111360	0	1	3167	2	0	3000	hit	421
mc	232	Response	1	10116653	5293	1
mc	233	Picture	33	10148193	0	1	3166	2	0	3000	miss	0
mc	234	Picture	22	10185525	0	1	3166	2	0	3000	hit	424
mc	234	Response	1	10188840	3315	1
mc	235	Picture	22	10215691	0	1	3166	2	0	3000	hit	426
mc	235	Response	1	10219308	3617	1
mc	236	Picture	22	10244690	0	1	3166	2	0	3000	hit	428
mc	236	Response	1	10248682	3992	2
mc	237	Picture	33	10280022	0	1	3167	2	0	3000	miss	0
mc	238	Picture	22	10318354	0	1	3167	2	0	3000	hit	431
mc	238	Response	1	10322119	3765	1
mc	239	Picture	22	10354853	0	1	3167	2	0	3000	hit	433
mc	239	Response	1	10359150	4297	1
mc	240	Picture	22	10386019	0	1	3166	2	0	3000	hit	435
mc	240	Response	1	10391025	5006	1
mc	241	Picture	22	10421351	0	1	3167	2	0	3000	hit	437
mc	241	Response	1	10424931	3580	1
mc	242	Picture	22	10452183	0	1	3167	2	0	3000	hit	439
mc	242	Response	1	10458212	6029	2
mc	243	Picture	33	10486349	0	1	3167	2	0	3000	hit	441
mc	243	Response	1	10490399	4050	1
mc	244	Picture	22	10521681	0	1	3167	2	0	3000	hit	443
mc	244	Response	1	10525712	4031	1
mc	245	Picture	22	10555180	0	1	3167	2	0	3000	hit	445
mc	245	Response	1	10558054	2874	1
mc	246	Picture	22	10593012	0	2	3167	3	0	3000	hit	447
mc	246	Response	1	10596492	3480	1
mc	247	Picture	22	10631678	0	1	3167	2	0	3000	hit	449
mc	247	Response	1	10635553	3875	2
mc	248	Picture	22	10667677	0	1	3166	2	0	3000	hit	451
mc	248	Response	1	10671022	3345	1
mc	249	Picture	22	10698176	0	1	3167	2	0	3000	hit	453
mc	249	Response	1	10705401	7225	1
mc	250	Picture	22	10735841	0	2	3167	3	0	3000	hit	455
mc	250	Response	1	10741178	5337	1
mc	251	Picture	33	10774340	0	1	3167	2	0	3000	miss	0
mc	252	Picture	22	10806673	0	1	3166	2	0	3000	hit	458
mc	252	Response	1	10811489	4816	2
mc	253	Picture	22	10846505	0	1	3166	2	0	3000	hit	460
mc	253	Response	1	10851020	4515	1
mc	254	Picture	22	10880670	0	2	3167	3	0	3000	hit	462
mc	254	Response	1	10884926	4256	1
mc	255	Picture	22	10920169	0	1	3167	2	0	3000	hit	464
mc	255	Response	1	10925627	5458	1
mc	256	Picture	22	10957668	0	1	3167	2	0	3000	hit	466
mc	256	Response	1	10961175	3507	1
mc	257	Picture	33	10996500	0	1	3167	2	0	3000	hit	468
mc	257	Response	1	10999300	2800	1
mc	258	Picture	22	11031333	0	1	3166	2	0	3000	hit	470
mc	258	Response	1	11036019	4686	1
mc	259	Picture	22	11068831	0	2	3167	3	0	3000	hit	472
mc	259	Response	1	11071331	2500	1
mc	260	Picture	22	11100497	0	1	3167	2	0	3000	hit	474
mc	260	Response	1	11104455	3958	1
mc	261	Picture	22	11137163	0	1	3166	2	0	3000	hit	476
mc	261	Response	1	11140861	3698	2
mc	262	Picture	22	11171328	0	1	3167	2	0	3000	hit	478
mc	262	Response	1	11174142	2814	1
mc	263	Picture	33	11205327	0	1	3167	2	0	3000	hit	480
mc	263	Response	1	11209141	3814	2
mc	264	Picture	22	11233993	0	1	3167	2	0	3000	hit	482
mc	264	Response	1	11237269	3276	1
mc	265	Picture	22	11264992	0	1	3167	2	0	3000	hit	484
mc	265	Response	1	11268516	3524	1
mc	266	Picture	22	11301158	0	1	3166	2	0	3000	hit	486
mc	266	Response	1	11303985	2827	1
mc	267	Picture	22	11334157	0	1	3166	2	0	3000	hit	488
mc	267	Response	1	11339453	5296	1
mc	268	Picture	22	11364156	0	1	3166	2	0	3000	hit	490
mc	268	Response	1	11368202	4046	1
mc	269	Picture	33	11394488	0	1	3167	2	0	3000	miss	0
mc	270	Picture	22	11433320	0	2	3167	3	0	3000	hit	493
mc	270	Response	1	11436795	3475	2
mc	271	Picture	22	11468319	0	1	3167	2	0	3000	hit	495
mc	271	Response	1	11472107	3788	2
mc	272	Picture	22	11502485	0	1	3167	2	0	3000	hit	497
mc	272	Response	1	11509138	6653	2
mc	273	Picture	22	11540651	0	1	3166	2	0	3000	hit	499
mc	273	Response	1	11546794	6143	1
mc	274	Picture	22	11569316	0	1	3167	2	0	3000	hit	501
mc	274	Response	1	11573669	4353	1
mc	275	Picture	33	11599649	0	1	3166	2	0	3000	miss	0
mc	276	Picture	22	11636814	0	1	3167	2	0	3000	hit	504
mc	276	Response	1	11640231	3417	1
mc	277	Picture	22	11665313	0	2	3167	3	0	3000	hit	506
mc	277	Response	1	11671012	5699	1
mc	278	Picture	22	11705312	0	1	3167	2	0	3000	hit	508
mc	278	Response	1	11710230	4918	1
mc	279	Picture	22	11744478	0	1	3166	2	0	3000	hit	510
mc	279	Response	1	11748667	4189	1
mc	280	Picture	22	11780143	0	1	3167	2	0	3000	hit	512
mc	280	Response	1	11784292	4149	1
mc	281	Picture	22	11817309	0	1	3166	2	0	3000	hit	514
mc	281	Response	1	11822729	5420	1
mc	282	Picture	22	11849141	0	1	3167	2	0	3000	hit	516
mc	282	Response	1	11852885	3744	1
mc	283	Picture	33	11882640	0	1	3167	2	0	3000	miss	0
mc	284	Picture	22	11912306	0	1	3167	2	0	3000	hit	519
mc	284	Response	1	11916009	3703	1
mc	285	Picture	33	11949805	0	1	3166	2	0	3000	hit	521
mc	285	Response	1	11952884	3079	1
mc	286	Picture	22	11987804	0	1	3166	2	0	3000	hit	523
mc	286	Response	1	11991321	3517	1
mc	287	Picture	22	12026136	0	1	3166	2	0	3000	hit	525
mc	287	Response	1	12029133	2997	1
mc	288	Picture	22	12065635	0	1	3166	2	0	3000	hit	527
mc	288	Response	1	12068976	3341	1
mc	289	Picture	33	12102967	0	1	3166	2	0	3000	hit	529
mc	289	Response	1	12106320	3353	2
mc	290	Picture	22	12134299	0	1	3167	2	0	3000	hit	531
mc	290	Response	1	12138038	3739	1
mc	291	Picture	22	12169132	0	1	3166	2	0	3000	hit	533
mc	291	Response	1	12172726	3594	1
mc	292	Picture	22	12206964	0	1	3166	2	0	3000	hit	535
mc	292	Response	1	12215538	8574	1
mc	293	Picture	33	12238963	0	1	3166	2	0	3000	miss	0
mc	294	Picture	22	12269628	0	2	3167	3	0	3000	hit	538
mc	294	Response	1	12273349	3721	1
mc	295	Picture	33	12308294	0	1	3167	2	0	3000	miss	0
mc	296	Picture	22	12348293	0	1	3166	2	0	3000	hit	541
mc	296	Response	1	12351473	3180	2
mc	297	Picture	22	12380958	0	2	3167	3	0	3000	hit	543
mc	297	Response	1	12384911	3953	1
mc	298	Picture	22	12414791	0	1	3166	2	0	3000	hit	545
mc	298	Response	1	12417723	2932	1
mc	299	Picture	33	12450623	0	1	3167	2	0	3000	miss	0
mc	300	Picture	22	12490622	0	1	3166	2	0	3000	hit	548
mc	300	Response	1	12493659	3037	2
mc	301	Picture	22	12521288	0	1	3166	2	0	3000	hit	550
mc	301	Response	1	12528191	6903	1
mc	302	Picture	22	12549787	0	1	3166	2	0	3000	hit	552
mc	302	Response	1	12553659	3872	1
mc	303	Picture	33	12578952	0	2	3167	3	0	3000	miss	0


Event Type	Code	Type	Response	RT	RT Uncertainty	Time	Uncertainty	Duration	Uncertainty	ReqTime	ReqDur

Picture	22	hit	1	5178	2	332	1	3167	2	0	3000
Picture	22	hit	1	3549	2	38831	1	3167	2	0	3000
Picture	22	hit	1	3748	2	78163	1	3167	2	0	3000
Picture	22	hit	1	3227	2	113996	1	3166	2	0	3000
Picture	22	hit	1	3437	2	145661	1	3167	2	0	3000
Picture	33	hit	1	5000	2	185660	1	3167	2	0	3000
Picture	22	miss				222659	1	3167	2	0	3000
Picture	22	hit	1	3147	2	255325	1	3166	2	0	3000
Picture	22	miss				289657	1	3166	3	0	3000
Picture	33	miss				323656	1	3166	3	0	3000
Picture	22	hit	1	4930	3	356822	1	3166	2	0	3000
Picture	22	hit	1	4393	2	392987	1	3167	2	0	3000
Picture	22	hit	1	5547	2	429486	1	3167	2	0	3000
Picture	22	hit	1	4068	2	463152	1	3166	2	0	3000
Picture	22	hit	1	3923	2	500484	1	3166	2	0	3000
Picture	33	miss				536149	2	3167	3	0	3000
Picture	22	hit	1	4321	2	571648	1	3167	2	0	3000
Picture	22	miss				604647	1	3167	2	0	3000
Picture	22	hit	1	4416	2	637646	1	3167	2	0	3000
Picture	33	miss				671979	1	3166	2	0	3000
Picture	22	hit	1	4426	3	709978	1	3166	2	0	3000
Picture	33	miss				738977	1	3166	2	0	3000
Picture	22	hit	1	3741	2	775976	1	3166	2	0	3000
Picture	22	hit	1	3835	3	806975	1	3166	2	0	3000
Picture	22	hit	1	3846	3	836807	1	3167	2	0	3000
Picture	22	hit	1	4368	2	868473	1	3166	2	0	3000
Picture	22	hit	1	4078	3	898138	2	3167	3	0	3000
Picture	33	miss				937637	1	3167	2	0	3000
Picture	22	hit	1	4903	2	972470	1	3166	2	0	3000
Picture	22	hit	1	4245	3	1007969	1	3166	2	0	3000
Picture	22	hit	1	3715	2	1036468	1	3166	2	0	3000
Picture	22	hit	1	5184	2	1070467	1	3166	2	0	3000
Picture	22	hit	1	4883	2	1102799	1	3167	2	0	3000
Picture	22	hit	1	4613	2	1139631	1	3167	2	0	3000
Picture	22	hit	1	3499	3	1177463	1	3167	2	0	3000
Picture	33	miss				1212796	1	3166	2	0	3000
Picture	22	hit	1	4563	3	1242961	1	3167	2	0	3000
Picture	22	hit	1	3459	3	1280627	1	3167	2	0	3000
Picture	22	hit	1	4419	3	1317792	2	3167	3	0	3000
Picture	22	hit	1	4378	2	1350958	1	3167	2	0	3000
Picture	22	hit	1	5388	2	1382291	1	3166	2	0	3000
Picture	33	hit	1	3921	3	1420789	1	3167	2	0	3000
Picture	22	miss				1452788	1	3167	2	0	3000
Picture	22	hit	1	4557	2	1488121	1	3166	2	0	3000
Picture	22	hit	1	4058	2	1518620	1	3166	2	0	3000
Picture	33	miss				1554952	1	3167	2	0	3000
Picture	22	hit	1	3903	2	1588618	1	3166	2	0	3000
Picture	33	hit	1	4050	2	1623783	1	3167	2	0	3000
Picture	22	miss				1655616	1	3166	2	0	3000
Picture	22	hit	1	4010	2	1684448	1	3167	2	0	3000
Picture	22	hit	1	3614	3	1720780	1	3167	2	0	3000
Picture	33	miss				1750946	1	3167	2	0	3000
Picture	22	hit	1	8429	3	1781278	2	3167	3	0	3000
Picture	22	hit	1	4440	2	1815111	1	3166	2	0	3000
Picture	22	hit	1	4588	2	1852776	1	3167	2	0	3000
Picture	33	miss				1880942	1	3167	2	0	3000
Picture	22	hit	1	4129	2	1912608	1	3166	2	0	3000
Picture	22	hit	1	3879	2	1951607	1	3166	2	0	3000
Picture	22	hit	1	5130	4	1991605	2	3167	3	0	3000
Picture	33	miss				2029438	1	3166	2	0	3000
Picture	22	hit	1	3986	2	2062437	1	3166	2	0	3000
Picture	22	hit	1	8455	2	2100936	1	3166	2	0	3000
Picture	22	hit	1	6790	2	2135101	1	3167	2	0	3000
Picture	33	hit	1	4883	3	2170600	1	3167	2	0	3000
Picture	22	miss				2203932	1	3167	2	0	3000
Picture	22	hit	1	4115	2	2237931	1	3167	2	0	3000
Picture	22	hit	1	5229	3	2267597	1	3167	2	0	3000
Picture	22	hit	1	4762	2	2297596	1	3167	2	0	3000
Picture	22	hit	1	4366	2	2326429	1	3166	2	0	3000
Picture	22	hit	1	5367	2	2360428	1	3166	2	0	3000
Picture	22	hit	1	5743	3	2399426	2	3167	3	0	3000
Picture	33	hit	1	4149	3	2437425	1	3167	2	0	3000
Picture	22	hit	1	5619	3	2466424	2	3167	3	0	3000
Picture	22	hit	1	3297	2	2506090	1	3166	3	0	3000
Picture	22	hit	1	3902	2	2538922	1	3167	2	0	3000
Picture	33	miss				2573755	1	3166	2	0	3000
Picture	22	hit	1	3361	2	2612587	1	3166	2	0	3000
Picture	22	hit	1	3643	2	2645586	1	3166	2	0	3000
Picture	22	hit	1	3353	2	2682751	1	3167	2	0	3000
Picture	22	hit	1	4343	2	2711917	1	3167	2	0	3000
Picture	22	hit	1	4448	3	2742749	2	3167	3	0	3000
Picture	22	hit	1	4469	2	2774915	1	3167	2	0	3000
Picture	22	hit	1	3479	3	2803248	1	3166	2	0	3000
Picture	33	hit	1	3658	2	2832913	1	3167	2	0	3000
Picture	22	hit	1	3554	2	2862079	1	3167	2	0	3000
Picture	22	hit	1	3149	2	2896078	1	3167	2	0	3000
Picture	22	hit	1	3305	2	2933577	1	3167	2	0	3000
Picture	33	hit	1	3848	2	2967409	1	3167	2	0	3000
Picture	22	hit	1	4505	2	3001908	1	3167	2	0	3000
Picture	22	hit	1	3015	3	3038241	1	3166	2	0	3000
Picture	22	hit	1	3778	3	3073573	1	3166	2	0	3000
Picture	22	hit	1	5194	2	3113405	1	3167	2	0	3000
Picture	22	hit	1	5497	4	3151070	2	3167	3	0	3000
Picture	33	miss				3190569	1	3167	2	0	3000
Picture	22	hit	1	3707	2	3224735	1	3166	3	0	3000
Picture	33	miss				3261567	1	3167	2	0	3000
Picture	22	hit	1	3782	2	3296066	1	3167	2	0	3000
Picture	22	hit	1	5876	2	3327565	1	3167	2	0	3000
Picture	22	hit	1	4699	2	3356398	1	3166	2	0	3000
Picture	22	hit	1	4262	2	3390897	1	3166	2	0	3000
Picture	22	hit	1	4367	2	3421729	1	3167	2	0	3000
Picture	22	hit	1	4419	2	3453395	1	3166	2	0	3000
Picture	22	hit	1	3795	2	3488394	1	3166	2	0	3000
Picture	33	miss				3518559	1	3167	2	0	3000
Picture	22	hit	1	3505	3	3553058	1	3167	2	0	3000
Picture	33	hit	1	3538	2	3585057	1	3167	2	0	3000
Picture	22	hit	1	8290	3	3616556	1	3167	2	0	3000
Picture	33	miss				3647555	2	3167	3	0	3000
Picture	22	hit	1	3445	3	3684054	1	3167	2	0	3000
Picture	22	hit	1	3509	3	3715553	2	3167	3	0	3000
Picture	22	hit	1	4676	2	3744386	1	3166	2	0	3000
Picture	22	hit	1	6676	2	3782385	1	3166	2	0	3000
Picture	22	hit	1	4261	2	3821050	1	3167	2	0	3000
Picture	22	hit	1	4085	3	3856382	2	3167	3	0	3000
Picture	22	hit	1	4012	2	3885048	1	3167	2	0	3000
Picture	33	miss				3916047	1	3167	2	0	3000
Picture	22	hit	1	3638	4	3946046	2	3167	3	0	3000
Picture	22	hit	1	3733	2	3982045	1	3167	2	0	3000
Picture	22	hit	1	3598	2	4016711	1	3167	2	0	3000
Picture	22	hit	1	5172	2	4049043	1	3167	2	0	3000
Picture	22	hit	1	4005	2	4082709	1	3167	2	0	3000
Picture	22	hit	1	4787	2	4120208	1	3166	2	0	3000
Picture	22	hit	1	4819	2	4157207	1	3166	2	0	3000
Picture	33	miss				4189372	2	3167	3	0	3000
Picture	22	hit	1	3248	3	4222371	2	3167	3	0	3000
Picture	22	hit	1	3977	2	4253204	1	3166	2	0	3000
Picture	22	hit	1	4062	3	4289369	2	3167	3	0	3000
Picture	22	hit	1	4541	3	4324202	1	3166	2	0	3000
Picture	22	hit	1	3896	2	4359534	1	3167	2	0	3000
Picture	33	miss				4389033	1	3167	2	0	3000
Picture	22	hit	1	3324	3	4421199	1	3166	2	0	3000
Picture	22	hit	1	3408	2	4449865	1	3166	2	0	3000
Picture	22	hit	1	3295	2	4484197	1	3166	3	0	3000
Picture	22	hit	1	4878	2	4513863	1	3166	2	0	3000
Picture	22	hit	1	4642	2	4550195	1	3166	3	0	3000
Picture	22	hit	1	4078	2	4579194	1	3167	2	0	3000
Picture	22	hit	1	4214	3	4609526	2	3167	3	0	3000
Picture	33	miss				4642525	2	3167	3	0	3000
Picture	22	hit	1	2986	2	4679191	1	3167	2	0	3000
Picture	22	hit	1	3695	2	4715357	1	3166	2	0	3000
Picture	22	hit	1	2980	3	4751855	2	3167	3	0	3000
Picture	33	hit	1	3394	2	4785188	1	3166	2	0	3000
Picture	22	hit	1	3593	2	4814520	1	3167	2	0	3000
Picture	22	hit	1	3042	3	4850852	2	3167	3	0	3000
Picture	22	hit	1	5615	2	4889685	1	3166	2	0	3000
Picture	22	hit	1	4595	2	4923517	1	3167	2	0	3000
Picture	22	hit	1	3627	2	4956516	1	3167	2	0	3000
Picture	33	miss				4994181	2	3167	3	0	3000
Picture	22	hit	1	3088	3	5027680	2	3167	3	0	3000
Picture	33	hit	1	3431	4	5062179	2	3167	3	0	3000
Picture	22	miss				7450774	1	3167	2	0	3000
Picture	22	hit	1	6605	2	7484606	1	3167	2	0	3000
Picture	22	hit	1	3168	2	7519605	1	3166	3	0	3000
Picture	22	hit	1	3731	3	7548104	2	3167	3	0	3000
Picture	22	hit	1	2848	2	7584603	1	3167	2	0	3000
Picture	33	hit	1	3566	2	7615769	1	3167	2	0	3000
Picture	22	hit	1	3618	2	7649935	1	3166	2	0	3000
Picture	22	hit	1	3859	2	7683600	1	3167	2	0	3000
Picture	22	hit	1	3797	2	7714599	1	3167	2	0	3000
Picture	22	hit	1	4142	2	7749098	1	3167	2	0	3000
Picture	22	hit	1	3652	2	7784431	1	3166	2	0	3000
Picture	33	miss				7819763	1	3166	3	0	3000
Picture	22	hit	1	2352	2	7850262	1	3167	2	0	3000
Picture	33	miss				7885761	1	3166	3	0	3000
Picture	22	hit	1	3771	2	7921593	1	3167	2	0	3000
Picture	22	hit	1	3813	2	7959425	1	3167	2	0	3000
Picture	22	hit	1	3864	3	7996091	1	3166	3	0	3000
Picture	22	hit	1	5912	2	8032090	1	3166	2	0	3000
Picture	22	hit	1	3824	2	8061756	1	3166	2	0	3000
Picture	22	hit	1	3471	2	8092421	1	3167	2	0	3000
Picture	22	hit	1	3879	2	8125920	1	3167	2	0	3000
Picture	33	hit	1	3285	2	8162919	1	3167	2	0	3000
Picture	22	hit	1	3942	2	8197418	1	3167	2	0	3000
Picture	22	hit	1	4161	2	8231417	1	3167	2	0	3000
Picture	22	hit	1	5662	2	8259916	1	3167	2	0	3000
Picture	33	miss				8292249	1	3166	2	0	3000
Picture	22	hit	1	2829	2	8325248	1	3166	2	0	3000
Picture	33	miss				8358413	1	3167	2	0	3000
Picture	22	hit	1	4852	2	8392912	1	3167	2	0	3000
Picture	22	hit	1	4248	3	8425078	1	3167	2	0	3000
Picture	22	hit	1	3061	3	8459077	1	3166	3	0	3000
Picture	22	hit	1	5229	2	8491909	1	3167	2	0	3000
Picture	22	hit	1	3761	2	8520408	1	3167	2	0	3000
Picture	22	hit	1	4688	2	8553074	1	3167	2	0	3000
Picture	22	hit	1	4324	2	8581407	1	3166	2	0	3000
Picture	33	miss				8621072	1	3167	2	0	3000
Picture	22	hit	1	3430	2	8653238	1	3166	2	0	3000
Picture	22	hit	1	5035	2	8692570	1	3166	2	0	3000
Picture	22	hit	1	3524	3	8726736	1	3166	2	0	3000
Picture	22	hit	1	5255	2	8764068	1	3166	2	0	3000
Picture	22	hit	1	5016	2	8802900	1	3166	2	0	3000
Picture	22	hit	1	4227	2	8833066	1	3166	2	0	3000
Picture	22	hit	1	4799	2	8868898	1	3166	3	0	3000
Picture	33	miss				8900564	1	3166	2	0	3000
Picture	22	hit	1	3446	4	8938062	2	3167	3	0	3000
Picture	22	hit	1	3260	3	8971061	2	3167	3	0	3000
Picture	22	hit	1	3812	2	9004727	1	3167	2	0	3000
Picture	22	hit	1	5354	2	9035060	1	3166	2	0	3000
Picture	22	hit	1	3459	2	9070392	1	3166	2	0	3000
Picture	33	miss				9107057	1	3167	2	0	3000
Picture	22	hit	1	3763	3	9138056	2	3167	3	0	3000
Picture	22	hit	1	2940	2	9176222	1	3167	2	0	3000
Picture	22	hit	1	4587	2	9207388	1	3166	2	0	3000
Picture	22	hit	1	5035	3	9237720	1	3167	2	0	3000
Picture	22	hit	1	4069	2	9275719	1	3166	3	0	3000
Picture	33	miss				9311885	1	3166	2	0	3000
Picture	22	hit	1	5069	2	9347217	1	3166	2	0	3000
Picture	22	hit	1	3049	2	9377049	1	3167	2	0	3000
Picture	22	hit	1	3538	3	9411715	1	3166	2	0	3000
Picture	33	miss				9449380	1	3167	2	0	3000
Picture	22	hit	1	8634	2	9480213	1	3166	2	0	3000
Picture	22	hit	1	3614	2	9513045	1	3167	2	0	3000
Picture	22	hit	1	3907	2	9548377	1	3167	2	0	3000
Picture	22	hit	1	5178	2	9588043	1	3166	2	0	3000
Picture	22	hit	1	4449	3	9627208	1	3167	2	0	3000
Picture	22	hit	1	7679	2	9655541	1	3166	2	0	3000
Picture	22	hit	1	4898	2	9692540	1	3166	2	0	3000
Picture	33	miss				9726705	1	3167	2	0	3000
Picture	22	hit	1	4859	2	9760704	1	3167	2	0	3000
Picture	22	hit	1	3974	2	9797370	1	3166	2	0	3000
Picture	22	hit	1	3151	2	9825536	1	3166	2	0	3000
Picture	33	miss				9864534	2	3167	3	0	3000
Picture	22	hit	1	3100	2	9903867	1	3166	2	0	3000
Picture	22	hit	1	2946	3	9941365	2	3167	3	0	3000
Picture	22	hit	1	3195	3	9972365	1	3166	2	0	3000
Picture	22	hit	1	2936	2	10009030	1	3167	2	0	3000
Picture	22	hit	1	3854	2	10046862	1	3167	2	0	3000
Picture	22	hit	1	4125	2	10080028	1	3167	2	0	3000
Picture	22	hit	1	5293	2	10111360	1	3167	2	0	3000
Picture	33	miss				10148193	1	3166	2	0	3000
Picture	22	hit	1	3315	2	10185525	1	3166	2	0	3000
Picture	22	hit	1	3617	2	10215691	1	3166	2	0	3000
Picture	22	hit	1	3992	3	10244690	1	3166	2	0	3000
Picture	33	miss				10280022	1	3167	2	0	3000
Picture	22	hit	1	3765	2	10318354	1	3167	2	0	3000
Picture	22	hit	1	4297	2	10354853	1	3167	2	0	3000
Picture	22	hit	1	5006	2	10386019	1	3166	2	0	3000
Picture	22	hit	1	3580	2	10421351	1	3167	2	0	3000
Picture	22	hit	1	6029	3	10452183	1	3167	2	0	3000
Picture	33	hit	1	4050	2	10486349	1	3167	2	0	3000
Picture	22	hit	1	4031	2	10521681	1	3167	2	0	3000
Picture	22	hit	1	2874	2	10555180	1	3167	2	0	3000
Picture	22	hit	1	3480	3	10593012	2	3167	3	0	3000
Picture	22	hit	1	3875	3	10631678	1	3167	2	0	3000
Picture	22	hit	1	3345	2	10667677	1	3166	2	0	3000
Picture	22	hit	1	7225	2	10698176	1	3167	2	0	3000
Picture	22	hit	1	5337	3	10735841	2	3167	3	0	3000
Picture	33	miss				10774340	1	3167	2	0	3000
Picture	22	hit	1	4816	3	10806673	1	3166	2	0	3000
Picture	22	hit	1	4515	2	10846505	1	3166	2	0	3000
Picture	22	hit	1	4256	3	10880670	2	3167	3	0	3000
Picture	22	hit	1	5458	2	10920169	1	3167	2	0	3000
Picture	22	hit	1	3507	2	10957668	1	3167	2	0	3000
Picture	33	hit	1	2800	2	10996500	1	3167	2	0	3000
Picture	22	hit	1	4686	2	11031333	1	3166	2	0	3000
Picture	22	hit	1	2500	3	11068831	2	3167	3	0	3000
Picture	22	hit	1	3958	2	11100497	1	3167	2	0	3000
Picture	22	hit	1	3698	3	11137163	1	3166	2	0	3000
Picture	22	hit	1	2814	2	11171328	1	3167	2	0	3000
Picture	33	hit	1	3814	3	11205327	1	3167	2	0	3000
Picture	22	hit	1	3276	2	11233993	1	3167	2	0	3000
Picture	22	hit	1	3524	2	11264992	1	3167	2	0	3000
Picture	22	hit	1	2827	2	11301158	1	3166	2	0	3000
Picture	22	hit	1	5296	2	11334157	1	3166	2	0	3000
Picture	22	hit	1	4046	2	11364156	1	3166	2	0	3000
Picture	33	miss				11394488	1	3167	2	0	3000
Picture	22	hit	1	3475	4	11433320	2	3167	3	0	3000
Picture	22	hit	1	3788	3	11468319	1	3167	2	0	3000
Picture	22	hit	1	6653	3	11502485	1	3167	2	0	3000
Picture	22	hit	1	6143	2	11540651	1	3166	2	0	3000
Picture	22	hit	1	4353	2	11569316	1	3167	2	0	3000
Picture	33	miss				11599649	1	3166	2	0	3000
Picture	22	hit	1	3417	2	11636814	1	3167	2	0	3000
Picture	22	hit	1	5699	3	11665313	2	3167	3	0	3000
Picture	22	hit	1	4918	2	11705312	1	3167	2	0	3000
Picture	22	hit	1	4189	2	11744478	1	3166	2	0	3000
Picture	22	hit	1	4149	2	11780143	1	3167	2	0	3000
Picture	22	hit	1	5420	2	11817309	1	3166	2	0	3000
Picture	22	hit	1	3744	2	11849141	1	3167	2	0	3000
Picture	33	miss				11882640	1	3167	2	0	3000
Picture	22	hit	1	3703	2	11912306	1	3167	2	0	3000
Picture	33	hit	1	3079	2	11949805	1	3166	2	0	3000
Picture	22	hit	1	3517	2	11987804	1	3166	2	0	3000
Picture	22	hit	1	2997	2	12026136	1	3166	2	0	3000
Picture	22	hit	1	3341	2	12065635	1	3166	2	0	3000
Picture	33	hit	1	3353	3	12102967	1	3166	2	0	3000
Picture	22	hit	1	3739	2	12134299	1	3167	2	0	3000
Picture	22	hit	1	3594	2	12169132	1	3166	2	0	3000
Picture	22	hit	1	8574	2	12206964	1	3166	2	0	3000
Picture	33	miss				12238963	1	3166	2	0	3000
Picture	22	hit	1	3721	3	12269628	2	3167	3	0	3000
Picture	33	miss				12308294	1	3167	2	0	3000
Picture	22	hit	1	3180	3	12348293	1	3166	2	0	3000
Picture	22	hit	1	3953	3	12380958	2	3167	3	0	3000
Picture	22	hit	1	2932	2	12414791	1	3166	2	0	3000
Picture	33	miss				12450623	1	3167	2	0	3000
Picture	22	hit	1	3037	3	12490622	1	3166	2	0	3000
Picture	22	hit	1	6903	2	12521288	1	3166	2	0	3000
Picture	22	hit	1	3872	2	12549787	1	3166	2	0	3000
Picture	33	miss				12578952	2	3167	3	0	3000
