Scenario - GO/NO-GO
Logfile written - 06/05/2012 11:47:32

Subject	Trial	Event Type	Code	Time	TTime	Uncertainty	Duration	Uncertainty	ReqTime	ReqDur	Stim Type	Pair Index

mc	2	Picture	22	332	0	1	3167	2	0	3000	hit	2
mc	2	Response	1	4620	4288	1
mc	3	Picture	22	9832	0	1	3167	2	0	3000	hit	4
mc	3	Response	1	13255	3423	1
mc	4	Picture	22	19165	0	1	3167	2	0	3000	hit	6
mc	4	Response	1	21808	2643	1
mc	5	Picture	22	30165	0	1	3166	2	0	3000	hit	8
mc	5	Response	1	33682	3517	1
mc	6	Picture	22	40998	0	1	3166	2	0	3000	hit	10
mc	6	Response	1	43839	2841	1
mc	7	Picture	22	49331	0	1	3166	2	0	3000	hit	12
mc	7	Response	1	52589	3258	1
mc	8	Picture	22	60164	0	1	3166	2	0	3000	hit	14
mc	8	Response	1	63369	3205	2
mc	9	Picture	33	70497	0	1	3166	3	0	3000	miss	0
mc	10	Picture	22	79497	0	1	3166	2	0	3000	hit	17
mc	10	Response	1	82744	3247	2
mc	11	Picture	22	89496	0	1	3167	2	0	3000	hit	19
mc	11	Response	1	92432	2936	1
mc	12	Picture	22	98163	0	1	3166	2	0	3000	hit	21
mc	12	Response	1	100869	2706	1
mc	13	Picture	33	108996	0	1	3166	2	0	3000	hit	23
mc	13	Response	1	112431	3435	2
mc	14	Picture	22	118662	0	1	3167	2	0	3000	hit	25
mc	14	Response	1	122119	3457	1
mc	15	Picture	22	127662	0	1	3166	2	0	3000	hit	27
mc	15	Response	1	131025	3363	2
mc	16	Picture	22	138328	0	1	3167	2	0	3000	hit	29
mc	16	Response	1	141807	3479	1
mc	17	Picture	22	146995	0	1	3166	2	0	3000	hit	31
mc	17	Response	1	150244	3249	1
mc	18	Picture	22	157661	0	1	3166	3	0	3000	hit	33
mc	18	Response	1	160712	3051	2
mc	19	Picture	33	166827	0	1	3167	2	0	3000	miss	0
mc	20	Picture	22	175160	0	1	3167	2	0	3000	hit	36
mc	20	Response	1	177901	2741	1
mc	21	Picture	22	184660	0	1	3167	2	0	3000	hit	38
mc	21	Response	1	187278	2618	1
mc	22	Picture	22	195660	0	1	3166	2	0	3000	hit	40
mc	22	Response	1	198681	3021	1
mc	23	Picture	33	204493	0	1	3166	2	0	3000	miss	0
mc	24	Picture	22	213493	0	1	3166	2	0	3000	hit	43
mc	24	Response	1	216337	2844	1
mc	25	Picture	33	224326	0	1	3166	2	0	3000	miss	0
mc	26	Picture	22	235325	0	1	3167	2	0	3000	hit	46
mc	26	Response	1	239461	4136	2
mc	27	Picture	22	244658	0	1	3167	2	0	3000	hit	48
mc	27	Response	1	249149	4491	1
mc	28	Picture	22	255658	0	1	3167	2	0	3000	hit	50
mc	28	Response	1	258837	3179	1
mc	29	Picture	22	265324	0	1	3167	2	0	3000	hit	52
mc	29	Response	1	269930	4606	1
mc	30	Picture	22	275657	0	1	3167	2	0	3000	hit	54
mc	30	Response	1	279149	3492	1
mc	31	Picture	22	284990	0	2	3167	3	0	3000	hit	56
mc	31	Response	1	288680	3690	1
mc	32	Picture	22	295490	0	1	3167	2	0	3000	hit	58
mc	32	Response	1	298680	3190	1
mc	33	Picture	33	306323	0	1	3167	2	0	3000	miss	0
mc	34	Picture	22	316989	0	2	3167	3	0	3000	hit	61
mc	34	Response	1	319773	2784	2
mc	35	Picture	22	327322	0	2	3167	3	0	3000	hit	63
mc	35	Response	1	329930	2608	1
mc	36	Picture	22	338489	0	1	3166	2	0	3000	hit	65
mc	36	Response	1	341179	2690	1
mc	37	Picture	33	348322	0	1	3166	2	0	3000	hit	67
mc	37	Response	1	350867	2545	1
mc	38	Picture	22	356488	0	1	3167	2	0	3000	hit	69
mc	38	Response	1	360398	3910	1
mc	39	Picture	33	366988	0	1	3166	3	0	3000	hit	71
mc	39	Response	1	369460	2472	1
mc	40	Picture	22	376154	0	1	3167	2	0	3000	hit	73
mc	40	Response	1	380085	3931	2
mc	41	Picture	22	384821	0	1	3166	2	0	3000	hit	75
mc	41	Response	1	389773	4952	1
mc	42	Picture	22	395320	0	1	3167	2	0	3000	hit	77
mc	42	Response	1	397741	2421	1
mc	43	Picture	22	406320	0	1	3167	2	0	3000	hit	79
mc	43	Response	1	409304	2984	1
mc	44	Picture	22	414986	0	2	3167	3	0	3000	hit	81
mc	44	Response	1	419772	4786	1
mc	45	Picture	33	424819	0	2	3167	3	0	3000	miss	0
mc	46	Picture	22	433153	0	1	3166	2	0	3000	hit	84
mc	46	Response	1	436022	2869	1
mc	47	Picture	33	442819	0	1	3167	2	0	3000	hit	86
mc	47	Response	1	445553	2734	2
mc	48	Picture	22	451652	0	1	3167	2	0	3000	hit	88
mc	48	Response	1	456178	4526	1
mc	49	Picture	22	460818	0	2	3167	3	0	3000	hit	90
mc	49	Response	1	463209	2391	2
mc	49	Response	1	470710	9892	1
mc	50	Picture	22	471651	0	2	3167	3	0	3000	miss	0
mc	51	Picture	33	481984	0	2	3167	3	0	3000	hit	94
mc	51	Response	1	484459	2475	1
mc	52	Picture	22	490984	0	1	3167	2	0	3000	hit	96
mc	52	Response	1	495397	4413	1
mc	53	Picture	22	500151	0	1	3166	2	0	3000	hit	98
mc	53	Response	1	502740	2589	2
mc	54	Picture	22	509650	0	1	3167	2	0	3000	hit	100
mc	54	Response	1	512427	2777	2
mc	55	Picture	22	519483	0	1	3167	2	0	3000	hit	102
mc	55	Response	1	522275	2792	1
mc	56	Picture	22	530316	0	1	3167	2	0	3000	hit	104
mc	56	Response	1	537274	6958	1
mc	57	Picture	33	540649	0	1	3167	2	0	3000	miss	0
mc	58	Picture	22	549982	0	1	3167	2	0	3000	hit	107
mc	58	Response	1	553677	3695	1
mc	59	Picture	22	560482	0	1	3167	2	0	3000	hit	109
mc	59	Response	1	563052	2570	1
mc	60	Picture	22	569648	0	2	3167	3	0	3000	hit	111
mc	60	Response	1	572583	2935	1
mc	61	Picture	22	578815	0	1	3166	2	0	3000	hit	113
mc	61	Response	1	582427	3612	1
mc	62	Picture	22	588481	0	1	3167	2	0	3000	hit	115
mc	62	Response	1	591177	2696	1
mc	63	Picture	33	596814	0	1	3167	2	0	3000	hit	117
mc	63	Response	1	599458	2644	1
mc	64	Picture	22	605647	0	1	3167	2	0	3000	hit	119
mc	64	Response	1	610396	4749	1
mc	65	Picture	22	615647	0	1	3167	2	0	3000	hit	121
mc	65	Response	1	618364	2717	1
mc	66	Picture	22	624980	0	1	3167	2	0	3000	hit	123
mc	66	Response	1	627897	2917	2
mc	67	Picture	33	635980	0	1	3166	2	0	3000	miss	0
mc	68	Picture	22	644480	0	1	3166	2	0	3000	hit	126
mc	68	Response	1	647426	2946	1
mc	69	Picture	22	653479	0	1	3167	2	0	3000	hit	128
mc	69	Response	1	656489	3010	1
mc	70	Picture	22	663646	0	1	3166	2	0	3000	hit	130
mc	70	Response	1	667583	3937	1
mc	71	Picture	33	674479	0	1	3166	2	0	3000	miss	0
mc	72	Picture	22	683978	0	1	3167	2	0	3000	hit	133
mc	72	Response	1	686489	2511	1
mc	73	Picture	22	692145	0	1	3166	2	0	3000	hit	135
mc	73	Response	1	696020	3875	1
mc	74	Picture	22	700644	0	2	3167	3	0	3000	hit	137
mc	74	Response	1	703832	3188	1
mc	75	Picture	22	711644	0	1	3167	2	0	3000	hit	139
mc	75	Response	1	715863	4219	2
mc	76	Picture	22	722144	0	1	3166	2	0	3000	hit	141
mc	76	Response	1	727425	5281	1
mc	77	Picture	33	731144	0	1	3166	2	0	3000	miss	0
mc	78	Picture	22	739310	0	1	3167	2	0	3000	hit	144
mc	78	Response	1	741957	2647	1
mc	79	Picture	22	749976	0	1	3167	2	0	3000	hit	146
mc	79	Response	1	752894	2918	1
mc	80	Picture	22	758309	0	1	3167	2	0	3000	hit	148
mc	80	Response	1	763362	5053	2
mc	81	Picture	22	768976	0	1	3166	2	0	3000	hit	150
mc	81	Response	1	772894	3918	1
mc	82	Picture	22	778809	0	1	3166	2	0	3000	hit	152
mc	82	Response	1	782272	3463	2
mc	83	Picture	22	789642	0	1	3166	2	0	3000	hit	154
mc	83	Response	1	796799	7157	2
mc	84	Picture	22	798808	0	1	3167	2	0	3000	hit	156
mc	84	Response	1	803518	4710	1
mc	85	Picture	33	808975	0	1	3166	2	0	3000	miss	0
mc	86	Picture	22	817474	0	1	3167	2	0	3000	hit	159
mc	86	Response	1	819924	2450	1
mc	87	Picture	22	828141	0	1	3166	2	0	3000	hit	161
mc	87	Response	1	830862	2721	1
mc	88	Picture	22	836307	0	1	3167	2	0	3000	hit	163
mc	88	Response	1	839612	3305	1
mc	89	Picture	22	845140	0	1	3167	2	0	3000	hit	165
mc	89	Response	1	848518	3378	1
mc	90	Picture	22	854806	0	2	3167	3	0	3000	hit	167
mc	90	Response	1	857580	2774	1
mc	91	Picture	22	864306	0	1	3167	2	0	3000	hit	169
mc	91	Response	1	867580	3274	2
mc	92	Picture	22	874806	0	1	3166	2	0	3000	hit	171
mc	92	Response	1	878518	3712	1
mc	93	Picture	33	883472	0	1	3167	2	0	3000	miss	0
mc	94	Picture	22	893639	0	1	3166	2	0	3000	hit	174
mc	94	Response	1	896018	2379	1
mc	95	Picture	33	903972	0	1	3166	2	0	3000	hit	176
mc	95	Response	1	906486	2514	1
mc	96	Picture	22	912971	0	1	3167	2	0	3000	hit	178
mc	96	Response	1	917268	4297	1
mc	97	Picture	22	923138	0	1	3166	2	0	3000	hit	180
mc	97	Response	1	925705	2567	1
mc	98	Picture	22	933137	0	2	3167	3	0	3000	hit	182
mc	98	Response	1	934455	1318	1
mc	99	Picture	33	942304	0	1	3166	2	0	3000	miss	0
mc	100	Picture	22	950637	0	1	3166	3	0	3000	hit	185
mc	100	Response	1	951955	1318	1
mc	101	Picture	22	960803	0	1	3167	2	0	3000	hit	187
mc	101	Response	1	962110	1307	2
mc	102	Picture	22	970136	0	1	3167	2	0	3000	hit	189
mc	102	Response	1	973516	3380	2
mc	103	Picture	33	980969	0	1	3167	2	0	3000	hit	191
mc	103	Response	1	983985	3016	1
mc	104	Picture	22	990469	0	1	3167	2	0	3000	hit	193
mc	104	Response	1	993204	2735	1
mc	105	Picture	22	1000802	0	1	3167	2	0	3000	hit	195
mc	105	Response	1	1003673	2871	1
mc	106	Picture	22	1009302	0	1	3166	2	0	3000	hit	197
mc	106	Response	1	1011954	2652	1
mc	107	Picture	22	1018635	0	1	3166	2	0	3000	hit	199
mc	107	Response	1	1022423	3788	1
mc	108	Picture	22	1028968	0	1	3166	3	0	3000	hit	201
mc	108	Response	1	1032110	3142	1
mc	109	Picture	22	1037801	0	1	3167	2	0	3000	hit	203
mc	109	Response	1	1041953	4152	2
mc	110	Picture	22	1047801	0	1	3166	2	0	3000	hit	205
mc	110	Response	1	1051016	3215	1
mc	111	Picture	33	1055967	0	1	3167	2	0	3000	miss	0
mc	112	Picture	22	1066967	0	1	3166	2	0	3000	hit	208
mc	112	Response	1	1069609	2642	1
mc	113	Picture	22	1075966	0	2	3167	3	0	3000	hit	210
mc	113	Response	1	1078985	3019	1
mc	114	Picture	22	1086633	0	1	3166	2	0	3000	hit	212
mc	114	Response	1	1088672	2039	1
mc	115	Picture	22	1097466	0	1	3166	2	0	3000	hit	214
mc	115	Response	1	1101015	3549	2
mc	116	Picture	22	1107466	0	1	3166	2	0	3000	hit	216
mc	116	Response	1	1111953	4487	1
mc	117	Picture	22	1118299	0	1	3166	2	0	3000	hit	218
mc	117	Response	1	1121953	3654	1
mc	118	Picture	22	1126965	0	1	3166	3	0	3000	hit	220
mc	118	Response	1	1129609	2644	1
mc	119	Picture	33	1135631	0	1	3167	2	0	3000	miss	0
mc	120	Picture	22	1146464	0	1	3167	2	0	3000	hit	223
mc	120	Response	1	1149452	2988	2
mc	121	Picture	33	1156797	0	1	3167	2	0	3000	hit	225
mc	121	Response	1	1160078	3281	1
mc	122	Picture	22	1165297	0	1	3167	2	0	3000	hit	227
mc	122	Response	1	1169296	3999	1
mc	123	Picture	22	1174963	0	2	3167	3	0	3000	hit	229
mc	123	Response	1	1179296	4333	1
mc	124	Picture	22	1183130	0	1	3166	3	0	3000	hit	231
mc	124	Response	1	1186171	3041	1
mc	125	Picture	22	1193296	0	1	3167	2	0	3000	hit	233
mc	125	Response	1	1196483	3187	1
mc	126	Picture	22	1202296	0	1	3167	2	0	3000	hit	235
mc	126	Response	1	1206015	3719	1
mc	127	Picture	22	1212296	0	1	3166	2	0	3000	hit	237
mc	127	Response	1	1216639	4343	2
mc	128	Picture	22	1223295	0	1	3167	2	0	3000	hit	239
mc	128	Response	1	1226795	3500	1
mc	129	Picture	33	1232462	0	1	3166	2	0	3000	miss	0
mc	130	Picture	22	1241961	0	2	3167	3	0	3000	hit	242
mc	130	Response	1	1246014	4053	1
mc	131	Picture	22	1250128	0	1	3166	2	0	3000	hit	244
mc	131	Response	1	1253358	3230	1
mc	132	Picture	22	1259628	0	1	3166	2	0	3000	hit	246
mc	132	Response	1	1262420	2792	1
mc	133	Picture	33	1269294	0	1	3167	2	0	3000	hit	248
mc	133	Response	1	1272265	2971	1
mc	134	Picture	22	1279627	0	1	3167	2	0	3000	hit	250
mc	134	Response	1	1282992	3365	1
mc	135	Picture	22	1289627	0	1	3166	2	0	3000	hit	252
mc	135	Response	1	1291639	2012	1
mc	136	Picture	22	1299126	0	1	3167	2	0	3000	hit	254
mc	136	Response	1	1302107	2981	2
mc	137	Picture	22	1310126	0	1	3167	2	0	3000	hit	256
mc	137	Response	1	1313201	3075	1
mc	138	Picture	22	1318959	0	1	3167	2	0	3000	hit	258
mc	138	Response	1	1323826	4867	1
mc	139	Picture	33	1328459	0	1	3166	2	0	3000	miss	0
mc	140	Picture	22	1338792	0	1	3166	2	0	3000	hit	261
mc	140	Response	1	1342266	3474	1
mc	141	Picture	22	1349458	0	1	3167	2	0	3000	hit	263
mc	141	Response	1	1351170	1712	1
mc	142	Picture	22	1360291	0	1	3167	2	0	3000	hit	265
mc	142	Response	1	1362575	2284	1
mc	143	Picture	22	1370791	0	1	3166	3	0	3000	hit	267
mc	143	Response	1	1373825	3034	2
mc	144	Picture	22	1381624	0	1	3166	3	0	3000	hit	269
mc	144	Response	1	1385075	3451	2
mc	145	Picture	33	1392124	0	1	3166	2	0	3000	hit	271
mc	145	Response	1	1395629	3505	2
mc	146	Picture	22	1402457	0	1	3166	2	0	3000	hit	273
mc	146	Response	1	1405388	2931	1
mc	147	Picture	22	1412123	0	1	3167	2	0	3000	hit	275
mc	147	Response	1	1414450	2327	1
mc	148	Picture	22	1420623	0	1	3166	2	0	3000	hit	277
mc	148	Response	1	1423825	3202	1
mc	149	Picture	22	1429122	0	2	3167	3	0	3000	hit	279
mc	149	Response	1	1432265	3143	1
mc	150	Picture	22	1438289	0	1	3166	2	0	3000	hit	281
mc	150	Response	1	1442106	3817	1
mc	151	Picture	22	1447789	0	1	3166	2	0	3000	hit	283
mc	151	Response	1	1451325	3536	1
mc	152	Picture	22	1457622	0	1	3166	2	0	3000	hit	285
mc	152	Response	1	1461168	3546	1
mc	153	Picture	33	1466455	0	1	3166	2	0	3000	miss	0
mc	154	Picture	22	1477121	0	1	3167	2	0	3000	hit	288
mc	154	Response	1	1479762	2641	1
mc	155	Picture	22	1486121	0	1	3166	2	0	3000	hit	290
mc	155	Response	1	1493199	7078	1
mc	156	Picture	22	1496287	0	1	3167	2	0	3000	hit	292
mc	156	Response	1	1500699	4412	1
mc	157	Picture	22	1504454	0	1	3166	2	0	3000	hit	294
mc	157	Response	1	1507730	3276	1
mc	158	Picture	22	1513953	0	1	3167	2	0	3000	hit	296
mc	158	Response	1	1517105	3152	1
mc	159	Picture	33	1522286	0	1	3167	2	0	3000	hit	298
mc	159	Response	1	1525386	3100	1
mc	160	Picture	22	1533119	0	1	3167	2	0	3000	hit	300
mc	160	Response	1	1535698	2579	2
mc	161	Picture	33	1542619	0	1	3167	2	0	3000	hit	302
mc	161	Response	1	1544917	2298	1
mc	162	Picture	22	1551785	0	2	3167	3	0	3000	hit	304
mc	162	Response	1	1559761	7976	1
mc	163	Picture	22	1561118	0	2	3167	3	0	3000	hit	306
mc	163	Response	1	1567417	6299	1
mc	164	Picture	22	1569452	0	1	3166	2	0	3000	hit	308
mc	164	Response	1	1577417	7965	1
mc	165	Picture	22	1579285	0	1	3166	2	0	3000	hit	310
mc	165	Response	1	1585858	6573	1
mc	166	Picture	22	1589451	0	1	3167	2	0	3000	hit	312
mc	166	Response	1	1593667	4216	1
mc	167	Picture	22	1598617	0	1	3167	2	0	3000	hit	314
mc	167	Response	1	1602104	3487	2
mc	168	Picture	22	1608950	0	1	3167	2	0	3000	hit	316
mc	168	Response	1	1613354	4404	1
mc	169	Picture	33	1619617	0	1	3166	2	0	3000	miss	0
mc	170	Picture	22	1628616	0	2	3167	3	0	3000	hit	319
mc	170	Response	1	1632416	3800	1
mc	171	Picture	33	1639283	0	1	3166	2	0	3000	hit	321
mc	171	Response	1	1642264	2981	1
mc	172	Picture	22	1648116	0	1	3166	2	0	3000	hit	323
mc	172	Response	1	1651947	3831	1
mc	173	Picture	22	1657616	0	1	3166	2	0	3000	hit	325
mc	173	Response	1	1660385	2769	1
mc	174	Picture	22	1668282	0	1	3166	3	0	3000	hit	327
mc	174	Response	1	1670854	2572	1
mc	175	Picture	22	1677448	0	1	3167	2	0	3000	hit	329
mc	175	Response	1	1680385	2937	1
mc	176	Picture	22	1685948	0	1	3167	2	0	3000	hit	331
mc	176	Response	1	1689603	3655	1
mc	177	Picture	33	1695114	0	2	3167	3	0	3000	hit	333
mc	177	Response	1	1698197	3083	1
mc	178	Picture	22	1705947	0	2	3167	3	0	3000	hit	335
mc	178	Response	1	1708978	3031	1
mc	179	Picture	22	1714114	0	1	3166	2	0	3000	hit	337
mc	179	Response	1	1717103	2989	1
mc	180	Picture	22	1723114	0	1	3166	2	0	3000	hit	339
mc	180	Response	1	1723665	551	2
mc	181	Picture	33	1731447	0	1	3166	2	0	3000	miss	0
mc	182	Picture	22	1740113	0	1	3167	2	0	3000	hit	342
mc	182	Response	1	1745384	5271	1
mc	183	Picture	22	1750779	0	2	3167	3	0	3000	hit	344
mc	183	Response	1	1753352	2573	2
mc	184	Picture	22	1760612	0	2	3167	3	0	3000	hit	346
mc	184	Response	1	1763196	2584	1
mc	185	Picture	22	1771279	0	1	3166	2	0	3000	hit	348
mc	185	Response	1	1774602	3323	2
mc	186	Picture	22	1782112	0	1	3166	2	0	3000	hit	350
mc	186	Response	1	1784915	2803	1
mc	187	Picture	33	1790778	0	1	3167	2	0	3000	miss	0
mc	188	Picture	22	1798945	0	1	3166	2	0	3000	hit	353
mc	188	Response	1	1801946	3001	1
mc	189	Picture	33	1807944	0	1	3167	2	0	3000	hit	355
mc	189	Response	1	1810696	2752	1
mc	190	Picture	22	1818277	0	1	3167	2	0	3000	hit	357
mc	190	Response	1	1821008	2731	1
mc	191	Picture	22	1828110	0	2	3167	3	0	3000	hit	359
mc	191	Response	1	1830071	1961	1
mc	192	Picture	22	1836277	0	1	3166	2	0	3000	hit	361
mc	192	Response	1	1838820	2543	1
mc	193	Picture	33	1846110	0	1	3166	3	0	3000	miss	0
mc	194	Picture	22	1856110	0	1	3166	2	0	3000	hit	364
mc	194	Response	1	1858977	2867	1
mc	195	Picture	33	1866276	0	1	3167	2	0	3000	hit	366
mc	195	Response	1	1869133	2857	1
mc	196	Picture	22	1876776	0	1	3166	2	0	3000	hit	368
mc	196	Response	1	1879602	2826	1
mc	197	Picture	22	1885609	0	1	3166	2	0	3000	hit	370
mc	197	Response	1	1888195	2586	1
mc	198	Picture	22	1895275	0	1	3167	2	0	3000	hit	372
mc	198	Response	1	1898820	3545	1
mc	199	Picture	22	1906108	0	1	3167	2	0	3000	hit	374
mc	199	Response	1	1910851	4743	1
mc	200	Picture	22	1916108	0	1	3166	2	0	3000	hit	376
mc	200	Response	1	1919913	3805	1
mc	201	Picture	22	1924774	0	1	3167	2	0	3000	hit	378
mc	201	Response	1	1929132	4358	1
mc	202	Picture	22	1933274	0	1	3166	3	0	3000	hit	380
mc	202	Response	1	1937413	4139	1
mc	203	Picture	33	1943774	0	1	3166	2	0	3000	miss	0
mc	204	Picture	22	1952773	0	1	3167	2	0	3000	hit	383
mc	204	Response	1	1955538	2765	1
mc	205	Picture	33	1963106	0	1	3167	2	0	3000	hit	385
mc	205	Response	1	1965855	2749	1
mc	206	Picture	22	1972939	0	1	3167	2	0	3000	hit	387
mc	206	Response	1	1976632	3693	1
mc	207	Picture	22	1982939	0	1	3167	2	0	3000	hit	389
mc	207	Response	1	1986944	4005	1
mc	208	Picture	22	1993439	0	1	3166	2	0	3000	hit	391
mc	208	Response	1	1997884	4445	1
mc	209	Picture	22	2001772	0	1	3166	2	0	3000	hit	393
mc	209	Response	1	2006631	4859	1
mc	210	Picture	22	2012772	0	1	3166	2	0	3000	hit	395
mc	210	Response	1	2018037	5265	1
mc	211	Picture	33	2021938	0	1	3166	3	0	3000	miss	0
mc	212	Picture	22	2031938	0	1	3166	2	0	3000	hit	398
mc	212	Response	1	2033193	1255	1
mc	213	Picture	22	2041104	0	1	3167	2	0	3000	hit	400
mc	213	Response	1	2043975	2871	1
mc	214	Picture	22	2049937	0	1	3167	2	0	3000	hit	402
mc	214	Response	1	2054599	4662	2
mc	215	Picture	22	2059603	0	2	3167	3	0	3000	hit	404
mc	215	Response	1	2063193	3590	2
mc	216	Picture	22	2068770	0	1	3166	2	0	3000	hit	406
mc	216	Response	1	2072099	3329	1
mc	217	Picture	33	2079769	0	2	3167	3	0	3000	hit	408
mc	217	Response	1	2082881	3112	1
mc	218	Picture	22	2089769	0	1	3167	2	0	3000	hit	410
mc	218	Response	1	2090849	1080	1
mc	219	Picture	22	2098936	0	1	3166	2	0	3000	hit	412
mc	219	Response	1	2101474	2538	1
mc	220	Picture	22	2108102	0	1	3167	2	0	3000	hit	414
mc	220	Response	1	2110849	2747	1
mc	221	Picture	22	2118768	0	1	3167	2	0	3000	hit	416
mc	221	Response	1	2123349	4581	1
mc	222	Picture	22	2126935	0	1	3166	2	0	3000	hit	418
mc	222	Response	1	2131005	4070	1
mc	223	Picture	33	2136934	0	2	3167	3	0	3000	miss	0
mc	224	Picture	22	2145934	0	1	3167	2	0	3000	hit	421
mc	224	Response	1	2148817	2883	1
mc	225	Picture	22	2156767	0	1	3167	2	0	3000	hit	423
mc	225	Response	1	2161005	4238	1
mc	226	Picture	22	2166934	0	1	3166	2	0	3000	hit	425
mc	226	Response	1	2172880	5946	1
mc	227	Picture	22	2176933	0	1	3167	2	0	3000	hit	427
mc	227	Response	1	2180692	3759	1
mc	228	Picture	22	2185100	0	1	3166	2	0	3000	hit	429
mc	228	Response	1	2189754	4654	1
mc	229	Picture	33	2196099	0	1	3167	2	0	3000	hit	431
mc	229	Response	1	2199598	3499	1
mc	230	Picture	22	2206266	0	1	3166	2	0	3000	hit	433
mc	230	Response	1	2209442	3176	1
mc	231	Picture	22	2215265	0	1	3167	2	0	3000	hit	435
mc	231	Response	1	2217881	2616	1
mc	232	Picture	22	2225265	0	1	3167	2	0	3000	hit	437
mc	232	Response	1	2227566	2301	1
mc	233	Picture	22	2235765	0	1	3166	2	0	3000	hit	439
mc	233	Response	1	2238191	2426	1
mc	234	Picture	22	2244431	0	1	3167	2	0	3000	hit	441
mc	234	Response	1	2247882	3451	2
mc	235	Picture	33	2253264	0	1	3167	2	0	3000	miss	0
mc	236	Picture	22	2262264	0	1	3167	2	0	3000	hit	444
mc	236	Response	1	2264754	2490	1
mc	237	Picture	22	2272930	0	1	3167	2	0	3000	hit	446
mc	237	Response	1	2275535	2605	1
mc	238	Picture	22	2283930	0	1	3167	2	0	3000	hit	448
mc	238	Response	1	2286940	3010	2
mc	239	Picture	33	2294430	0	1	3166	2	0	3000	miss	0
mc	240	Picture	22	2302763	0	1	3166	2	0	3000	hit	451
mc	240	Response	1	2308659	5896	1
mc	241	Picture	33	2311762	0	2	3167	3	0	3000	hit	453
mc	241	Response	1	2315378	3616	2
mc	242	Picture	22	2320596	0	1	3166	2	0	3000	hit	455
mc	242	Response	1	2324440	3844	1
mc	243	Picture	22	2330762	0	1	3166	3	0	3000	hit	457
mc	243	Response	1	2333503	2741	1
mc	244	Picture	22	2340428	0	1	3167	2	0	3000	hit	459
mc	244	Response	1	2342878	2450	1
mc	245	Picture	33	2348595	0	1	3166	2	0	3000	hit	461
mc	245	Response	1	2351629	3034	1
mc	246	Picture	22	2357594	0	2	3167	3	0	3000	hit	463
mc	246	Response	1	2360534	2940	1
mc	247	Picture	33	2365761	0	1	3166	2	0	3000	hit	465
mc	247	Response	1	2368411	2650	1
mc	248	Picture	22	2374427	0	1	3167	2	0	3000	hit	467
mc	248	Response	1	2376940	2513	1
mc	249	Picture	33	2384094	0	1	3166	2	0	3000	hit	469
mc	249	Response	1	2387096	3002	1
mc	250	Picture	22	2393760	0	1	3167	2	0	3000	hit	471
mc	250	Response	1	2396629	2869	1
mc	251	Picture	22	2404260	0	1	3166	2	0	3000	hit	473
mc	251	Response	1	2408502	4242	1
mc	252	Picture	22	2414759	0	1	3167	2	0	3000	hit	475
mc	252	Response	1	2418190	3431	1
mc	253	Picture	22	2423759	0	1	3167	2	0	3000	hit	477
mc	253	Response	1	2428190	4431	1
mc	254	Picture	22	2432926	0	1	3166	2	0	3000	hit	479
mc	254	Response	1	2437879	4953	1
mc	255	Picture	22	2442925	0	1	3167	2	0	3000	hit	481
mc	255	Response	1	2448502	5577	1
mc	256	Picture	22	2451925	0	1	3167	2	0	3000	hit	483
mc	256	Response	1	2455845	3920	1
mc	257	Picture	33	2460258	0	1	3167	2	0	3000	miss	0
mc	258	Picture	22	2468758	0	1	3166	2	0	3000	hit	486
mc	258	Response	1	2471626	2868	2
mc	259	Picture	22	2478924	0	1	3167	2	0	3000	hit	488
mc	259	Response	1	2481939	3015	1
mc	260	Picture	22	2488591	0	1	3166	2	0	3000	hit	490
mc	260	Response	1	2493345	4754	1
mc	261	Picture	22	2496757	0	1	3166	3	0	3000	hit	492
mc	261	Response	1	2501157	4400	1
mc	262	Picture	22	2507257	0	1	3166	2	0	3000	hit	494
mc	262	Response	1	2511768	4511	1
mc	263	Picture	33	2516590	0	1	3166	2	0	3000	miss	0
mc	264	Picture	22	2526756	0	1	3167	2	0	3000	miss	0
mc	265	Picture	22	2536422	0	1	3167	2	0	3000	miss	0
mc	266	Picture	22	2547422	0	1	3167	2	0	3000	hit	499
mc	266	Response	1	2550376	2954	1
mc	267	Picture	22	2558422	0	1	3166	2	0	3000	hit	501
mc	267	Response	1	2561001	2579	1
mc	268	Picture	22	2567921	0	2	3167	3	0	3000	hit	503
mc	268	Response	1	2571000	3079	2
mc	269	Picture	22	2578754	0	2	3167	3	0	3000	hit	505
mc	269	Response	1	2581000	2246	2
mc	270	Picture	22	2589754	0	1	3167	2	0	3000	hit	507
mc	270	Response	1	2593344	3590	1
mc	271	Picture	33	2599754	0	1	3166	2	0	3000	miss	0
mc	272	Picture	22	2608587	0	1	3166	2	0	3000	hit	510
mc	272	Response	1	2612406	3819	1
mc	273	Picture	22	2617420	0	1	3167	2	0	3000	hit	512
mc	273	Response	1	2622406	4986	1
mc	274	Picture	22	2625586	0	1	3167	2	0	3000	hit	514
mc	274	Response	1	2629750	4164	1
mc	275	Picture	22	2633919	0	2	3167	3	0	3000	hit	516
mc	275	Response	1	2637253	3334	1
mc	276	Picture	22	2644252	0	2	3167	3	0	3000	hit	518
mc	276	Response	1	2647406	3154	1
mc	277	Picture	33	2654419	0	1	3166	2	0	3000	hit	520
mc	277	Response	1	2657876	3457	1
mc	278	Picture	22	2664252	0	1	3166	2	0	3000	hit	522
mc	278	Response	1	2667562	3310	1
mc	279	Picture	22	2673585	0	1	3166	3	0	3000	hit	524
mc	279	Response	1	2675843	2258	1
mc	280	Picture	22	2682585	0	1	3166	2	0	3000	hit	526
mc	280	Response	1	2685062	2477	1
mc	281	Picture	33	2692751	0	1	3167	2	0	3000	hit	528
mc	281	Response	1	2695843	3092	2
mc	282	Picture	22	2701751	0	1	3166	2	0	3000	hit	530
mc	282	Response	1	2704593	2842	1
mc	283	Picture	33	2712584	0	1	3166	2	0	3000	hit	532
mc	283	Response	1	2715218	2634	1
mc	284	Picture	22	2720917	0	1	3166	2	0	3000	hit	534
mc	284	Response	1	2724124	3207	1
mc	285	Picture	33	2731417	0	1	3166	2	0	3000	hit	536
mc	285	Response	1	2735218	3801	1
mc	286	Picture	22	2742416	0	1	3167	2	0	3000	hit	538
mc	286	Response	1	2745217	2801	1
mc	287	Picture	33	2752749	0	1	3167	2	0	3000	miss	0
mc	288	Picture	22	2761416	0	1	3166	2	0	3000	hit	541
mc	288	Response	1	2765847	4431	1
mc	289	Picture	22	2771582	0	1	3167	2	0	3000	hit	543
mc	289	Response	1	2777405	5823	1
mc	290	Picture	22	2780748	0	1	3167	2	0	3000	hit	545
mc	290	Response	1	2784436	3688	1
mc	291	Picture	22	2790415	0	1	3166	2	0	3000	hit	547
mc	291	Response	1	2793811	3396	1
mc	292	Picture	22	2801248	0	1	3166	2	0	3000	hit	549
mc	292	Response	1	2804748	3500	1
mc	293	Picture	33	2810247	0	2	3167	3	0	3000	miss	0
mc	294	Picture	22	2819914	0	1	3166	2	0	3000	hit	552
mc	294	Response	1	2823654	3740	1
mc	295	Picture	33	2830747	0	1	3166	2	0	3000	miss	0
mc	296	Picture	22	2841580	0	1	3166	2	0	3000	hit	555
mc	296	Response	1	2844435	2855	2
mc	297	Picture	22	2850580	0	1	3166	2	0	3000	hit	557
mc	297	Response	1	2857717	7137	1
mc	298	Picture	22	2859913	0	1	3166	2	0	3000	hit	559
mc	298	Response	1	2863810	3897	1
mc	299	Picture	22	2868579	0	1	3167	2	0	3000	hit	561
mc	299	Response	1	2871466	2887	1
mc	300	Picture	22	2877412	0	1	3167	2	0	3000	hit	563
mc	300	Response	1	2879747	2335	2
mc	301	Picture	33	2885912	0	1	3166	2	0	3000	miss	0


Event Type	Code	Type	Response	RT	RT Uncertainty	Time	Uncertainty	Duration	Uncertainty	ReqTime	ReqDur

Picture	22	hit	1	4288	2	332	1	3167	2	0	3000
Picture	22	hit	1	3423	2	9832	1	3167	2	0	3000
Picture	22	hit	1	2643	2	19165	1	3167	2	0	3000
Picture	22	hit	1	3517	2	30165	1	3166	2	0	3000
Picture	22	hit	1	2841	2	40998	1	3166	2	0	3000
Picture	22	hit	1	3258	2	49331	1	3166	2	0	3000
Picture	22	hit	1	3205	3	60164	1	3166	2	0	3000
Picture	33	miss				70497	1	3166	3	0	3000
Picture	22	hit	1	3247	3	79497	1	3166	2	0	3000
Picture	22	hit	1	2936	2	89496	1	3167	2	0	3000
Picture	22	hit	1	2706	2	98163	1	3166	2	0	3000
Picture	33	hit	1	3435	3	108996	1	3166	2	0	3000
Picture	22	hit	1	3457	2	118662	1	3167	2	0	3000
Picture	22	hit	1	3363	3	127662	1	3166	2	0	3000
Picture	22	hit	1	3479	2	138328	1	3167	2	0	3000
Picture	22	hit	1	3249	2	146995	1	3166	2	0	3000
Picture	22	hit	1	3051	3	157661	1	3166	3	0	3000
Picture	33	miss				166827	1	3167	2	0	3000
Picture	22	hit	1	2741	2	175160	1	3167	2	0	3000
Picture	22	hit	1	2618	2	184660	1	3167	2	0	3000
Picture	22	hit	1	3021	2	195660	1	3166	2	0	3000
Picture	33	miss				204493	1	3166	2	0	3000
Picture	22	hit	1	2844	2	213493	1	3166	2	0	3000
Picture	33	miss				224326	1	3166	2	0	3000
Picture	22	hit	1	4136	3	235325	1	3167	2	0	3000
Picture	22	hit	1	4491	2	244658	1	3167	2	0	3000
Picture	22	hit	1	3179	2	255658	1	3167	2	0	3000
Picture	22	hit	1	4606	2	265324	1	3167	2	0	3000
Picture	22	hit	1	3492	2	275657	1	3167	2	0	3000
Picture	22	hit	1	3690	3	284990	2	3167	3	0	3000
Picture	22	hit	1	3190	2	295490	1	3167	2	0	3000
Picture	33	miss				306323	1	3167	2	0	3000
Picture	22	hit	1	2784	4	316989	2	3167	3	0	3000
Picture	22	hit	1	2608	3	327322	2	3167	3	0	3000
Picture	22	hit	1	2690	2	338489	1	3166	2	0	3000
Picture	33	hit	1	2545	2	348322	1	3166	2	0	3000
Picture	22	hit	1	3910	2	356488	1	3167	2	0	3000
Picture	33	hit	1	2472	2	366988	1	3166	3	0	3000
Picture	22	hit	1	3931	3	376154	1	3167	2	0	3000
Picture	22	hit	1	4952	2	384821	1	3166	2	0	3000
Picture	22	hit	1	2421	2	395320	1	3167	2	0	3000
Picture	22	hit	1	2984	2	406320	1	3167	2	0	3000
Picture	22	hit	1	4786	3	414986	2	3167	3	0	3000
Picture	33	miss				424819	2	3167	3	0	3000
Picture	22	hit	1	2869	2	433153	1	3166	2	0	3000
Picture	33	hit	1	2734	3	442819	1	3167	2	0	3000
Picture	22	hit	1	4526	2	451652	1	3167	2	0	3000
Picture	22	hit	1	2391	4	460818	2	3167	3	0	3000
Picture	22	miss				471651	2	3167	3	0	3000
Picture	33	hit	1	2475	3	481984	2	3167	3	0	3000
Picture	22	hit	1	4413	2	490984	1	3167	2	0	3000
Picture	22	hit	1	2589	3	500151	1	3166	2	0	3000
Picture	22	hit	1	2777	3	509650	1	3167	2	0	3000
Picture	22	hit	1	2792	2	519483	1	3167	2	0	3000
Picture	22	hit	1	6958	2	530316	1	3167	2	0	3000
Picture	33	miss				540649	1	3167	2	0	3000
Picture	22	hit	1	3695	2	549982	1	3167	2	0	3000
Picture	22	hit	1	2570	2	560482	1	3167	2	0	3000
Picture	22	hit	1	2935	3	569648	2	3167	3	0	3000
Picture	22	hit	1	3612	2	578815	1	3166	2	0	3000
Picture	22	hit	1	2696	2	588481	1	3167	2	0	3000
Picture	33	hit	1	2644	2	596814	1	3167	2	0	3000
Picture	22	hit	1	4749	2	605647	1	3167	2	0	3000
Picture	22	hit	1	2717	2	615647	1	3167	2	0	3000
Picture	22	hit	1	2917	3	624980	1	3167	2	0	3000
Picture	33	miss				635980	1	3166	2	0	3000
Picture	22	hit	1	2946	2	644480	1	3166	2	0	3000
Picture	22	hit	1	3010	2	653479	1	3167	2	0	3000
Picture	22	hit	1	3937	2	663646	1	3166	2	0	3000
Picture	33	miss				674479	1	3166	2	0	3000
Picture	22	hit	1	2511	2	683978	1	3167	2	0	3000
Picture	22	hit	1	3875	2	692145	1	3166	2	0	3000
Picture	22	hit	1	3188	3	700644	2	3167	3	0	3000
Picture	22	hit	1	4219	3	711644	1	3167	2	0	3000
Picture	22	hit	1	5281	2	722144	1	3166	2	0	3000
Picture	33	miss				731144	1	3166	2	0	3000
Picture	22	hit	1	2647	2	739310	1	3167	2	0	3000
Picture	22	hit	1	2918	2	749976	1	3167	2	0	3000
Picture	22	hit	1	5053	3	758309	1	3167	2	0	3000
Picture	22	hit	1	3918	2	768976	1	3166	2	0	3000
Picture	22	hit	1	3463	3	778809	1	3166	2	0	3000
Picture	22	hit	1	7157	3	789642	1	3166	2	0	3000
Picture	22	hit	1	4710	2	798808	1	3167	2	0	3000
Picture	33	miss				808975	1	3166	2	0	3000
Picture	22	hit	1	2450	2	817474	1	3167	2	0	3000
Picture	22	hit	1	2721	2	828141	1	3166	2	0	3000
Picture	22	hit	1	3305	2	836307	1	3167	2	0	3000
Picture	22	hit	1	3378	2	845140	1	3167	2	0	3000
Picture	22	hit	1	2774	3	854806	2	3167	3	0	3000
Picture	22	hit	1	3274	3	864306	1	3167	2	0	3000
Picture	22	hit	1	3712	2	874806	1	3166	2	0	3000
Picture	33	miss				883472	1	3167	2	0	3000
Picture	22	hit	1	2379	2	893639	1	3166	2	0	3000
Picture	33	hit	1	2514	2	903972	1	3166	2	0	3000
Picture	22	hit	1	4297	2	912971	1	3167	2	0	3000
Picture	22	hit	1	2567	2	923138	1	3166	2	0	3000
Picture	22	hit	1	1318	3	933137	2	3167	3	0	3000
Picture	33	miss				942304	1	3166	2	0	3000
Picture	22	hit	1	1318	2	950637	1	3166	3	0	3000
Picture	22	hit	1	1307	3	960803	1	3167	2	0	3000
Picture	22	hit	1	3380	3	970136	1	3167	2	0	3000
Picture	33	hit	1	3016	2	980969	1	3167	2	0	3000
Picture	22	hit	1	2735	2	990469	1	3167	2	0	3000
Picture	22	hit	1	2871	2	1000802	1	3167	2	0	3000
Picture	22	hit	1	2652	2	1009302	1	3166	2	0	3000
Picture	22	hit	1	3788	2	1018635	1	3166	2	0	3000
Picture	22	hit	1	3142	2	1028968	1	3166	3	0	3000
Picture	22	hit	1	4152	3	1037801	1	3167	2	0	3000
Picture	22	hit	1	3215	2	1047801	1	3166	2	0	3000
Picture	33	miss				1055967	1	3167	2	0	3000
Picture	22	hit	1	2642	2	1066967	1	3166	2	0	3000
Picture	22	hit	1	3019	3	1075966	2	3167	3	0	3000
Picture	22	hit	1	2039	2	1086633	1	3166	2	0	3000
Picture	22	hit	1	3549	3	1097466	1	3166	2	0	3000
Picture	22	hit	1	4487	2	1107466	1	3166	2	0	3000
Picture	22	hit	1	3654	2	1118299	1	3166	2	0	3000
Picture	22	hit	1	2644	2	1126965	1	3166	3	0	3000
Picture	33	miss				1135631	1	3167	2	0	3000
Picture	22	hit	1	2988	3	1146464	1	3167	2	0	3000
Picture	33	hit	1	3281	2	1156797	1	3167	2	0	3000
Picture	22	hit	1	3999	2	1165297	1	3167	2	0	3000
Picture	22	hit	1	4333	3	1174963	2	3167	3	0	3000
Picture	22	hit	1	3041	2	1183130	1	3166	3	0	3000
Picture	22	hit	1	3187	2	1193296	1	3167	2	0	3000
Picture	22	hit	1	3719	2	1202296	1	3167	2	0	3000
Picture	22	hit	1	4343	3	1212296	1	3166	2	0	3000
Picture	22	hit	1	3500	2	1223295	1	3167	2	0	3000
Picture	33	miss				1232462	1	3166	2	0	3000
Picture	22	hit	1	4053	3	1241961	2	3167	3	0	3000
Picture	22	hit	1	3230	2	1250128	1	3166	2	0	3000
Picture	22	hit	1	2792	2	1259628	1	3166	2	0	3000
Picture	33	hit	1	2971	2	1269294	1	3167	2	0	3000
Picture	22	hit	1	3365	2	1279627	1	3167	2	0	3000
Picture	22	hit	1	2012	2	1289627	1	3166	2	0	3000
Picture	22	hit	1	2981	3	1299126	1	3167	2	0	3000
Picture	22	hit	1	3075	2	1310126	1	3167	2	0	3000
Picture	22	hit	1	4867	2	1318959	1	3167	2	0	3000
Picture	33	miss				1328459	1	3166	2	0	3000
Picture	22	hit	1	3474	2	1338792	1	3166	2	0	3000
Picture	22	hit	1	1712	2	1349458	1	3167	2	0	3000
Picture	22	hit	1	2284	2	1360291	1	3167	2	0	3000
Picture	22	hit	1	3034	3	1370791	1	3166	3	0	3000
Picture	22	hit	1	3451	3	1381624	1	3166	3	0	3000
Picture	33	hit	1	3505	3	1392124	1	3166	2	0	3000
Picture	22	hit	1	2931	2	1402457	1	3166	2	0	3000
Picture	22	hit	1	2327	2	1412123	1	3167	2	0	3000
Picture	22	hit	1	3202	2	1420623	1	3166	2	0	3000
Picture	22	hit	1	3143	3	1429122	2	3167	3	0	3000
Picture	22	hit	1	3817	2	1438289	1	3166	2	0	3000
Picture	22	hit	1	3536	2	1447789	1	3166	2	0	3000
Picture	22	hit	1	3546	2	1457622	1	3166	2	0	3000
Picture	33	miss				1466455	1	3166	2	0	3000
Picture	22	hit	1	2641	2	1477121	1	3167	2	0	3000
Picture	22	hit	1	7078	2	1486121	1	3166	2	0	3000
Picture	22	hit	1	4412	2	1496287	1	3167	2	0	3000
Picture	22	hit	1	3276	2	1504454	1	3166	2	0	3000
Picture	22	hit	1	3152	2	1513953	1	3167	2	0	3000
Picture	33	hit	1	3100	2	1522286	1	3167	2	0	3000
Picture	22	hit	1	2579	3	1533119	1	3167	2	0	3000
Picture	33	hit	1	2298	2	1542619	1	3167	2	0	3000
Picture	22	hit	1	7976	3	1551785	2	3167	3	0	3000
Picture	22	hit	1	6299	3	1561118	2	3167	3	0	3000
Picture	22	hit	1	7965	2	1569452	1	3166	2	0	3000
Picture	22	hit	1	6573	2	1579285	1	3166	2	0	3000
Picture	22	hit	1	4216	2	1589451	1	3167	2	0	3000
Picture	22	hit	1	3487	3	1598617	1	3167	2	0	3000
Picture	22	hit	1	4404	2	1608950	1	3167	2	0	3000
Picture	33	miss				1619617	1	3166	2	0	3000
Picture	22	hit	1	3800	3	1628616	2	3167	3	0	3000
Picture	33	hit	1	2981	2	1639283	1	3166	2	0	3000
Picture	22	hit	1	3831	2	1648116	1	3166	2	0	3000
Picture	22	hit	1	2769	2	1657616	1	3166	2	0	3000
Picture	22	hit	1	2572	2	1668282	1	3166	3	0	3000
Picture	22	hit	1	2937	2	1677448	1	3167	2	0	3000
Picture	22	hit	1	3655	2	1685948	1	3167	2	0	3000
Picture	33	hit	1	3083	3	1695114	2	3167	3	0	3000
Picture	22	hit	1	3031	3	1705947	2	3167	3	0	3000
Picture	22	hit	1	2989	2	1714114	1	3166	2	0	3000
Picture	22	hit	1	551	3	1723114	1	3166	2	0	3000
Picture	33	miss				1731447	1	3166	2	0	3000
Picture	22	hit	1	5271	2	1740113	1	3167	2	0	3000
Picture	22	hit	1	2573	4	1750779	2	3167	3	0	3000
Picture	22	hit	1	2584	3	1760612	2	3167	3	0	3000
Picture	22	hit	1	3323	3	1771279	1	3166	2	0	3000
Picture	22	hit	1	2803	2	1782112	1	3166	2	0	3000
Picture	33	miss				1790778	1	3167	2	0	3000
Picture	22	hit	1	3001	2	1798945	1	3166	2	0	3000
Picture	33	hit	1	2752	2	1807944	1	3167	2	0	3000
Picture	22	hit	1	2731	2	1818277	1	3167	2	0	3000
Picture	22	hit	1	1961	3	1828110	2	3167	3	0	3000
Picture	22	hit	1	2543	2	1836277	1	3166	2	0	3000
Picture	33	miss				1846110	1	3166	3	0	3000
Picture	22	hit	1	2867	2	1856110	1	3166	2	0	3000
Picture	33	hit	1	2857	2	1866276	1	3167	2	0	3000
Picture	22	hit	1	2826	2	1876776	1	3166	2	0	3000
Picture	22	hit	1	2586	2	1885609	1	3166	2	0	3000
Picture	22	hit	1	3545	2	1895275	1	3167	2	0	3000
Picture	22	hit	1	4743	2	1906108	1	3167	2	0	3000
Picture	22	hit	1	3805	2	1916108	1	3166	2	0	3000
Picture	22	hit	1	4358	2	1924774	1	3167	2	0	3000
Picture	22	hit	1	4139	2	1933274	1	3166	3	0	3000
Picture	33	miss				1943774	1	3166	2	0	3000
Picture	22	hit	1	2765	2	1952773	1	3167	2	0	3000
Picture	33	hit	1	2749	2	1963106	1	3167	2	0	3000
Picture	22	hit	1	3693	2	1972939	1	3167	2	0	3000
Picture	22	hit	1	4005	2	1982939	1	3167	2	0	3000
Picture	22	hit	1	4445	2	1993439	1	3166	2	0	3000
Picture	22	hit	1	4859	2	2001772	1	3166	2	0	3000
Picture	22	hit	1	5265	2	2012772	1	3166	2	0	3000
Picture	33	miss				2021938	1	3166	3	0	3000
Picture	22	hit	1	1255	2	2031938	1	3166	2	0	3000
Picture	22	hit	1	2871	2	2041104	1	3167	2	0	3000
Picture	22	hit	1	4662	3	2049937	1	3167	2	0	3000
Picture	22	hit	1	3590	4	2059603	2	3167	3	0	3000
Picture	22	hit	1	3329	2	2068770	1	3166	2	0	3000
Picture	33	hit	1	3112	3	2079769	2	3167	3	0	3000
Picture	22	hit	1	1080	2	2089769	1	3167	2	0	3000
Picture	22	hit	1	2538	2	2098936	1	3166	2	0	3000
Picture	22	hit	1	2747	2	2108102	1	3167	2	0	3000
Picture	22	hit	1	4581	2	2118768	1	3167	2	0	3000
Picture	22	hit	1	4070	2	2126935	1	3166	2	0	3000
Picture	33	miss				2136934	2	3167	3	0	3000
Picture	22	hit	1	2883	2	2145934	1	3167	2	0	3000
Picture	22	hit	1	4238	2	2156767	1	3167	2	0	3000
Picture	22	hit	1	5946	2	2166934	1	3166	2	0	3000
Picture	22	hit	1	3759	2	2176933	1	3167	2	0	3000
Picture	22	hit	1	4654	2	2185100	1	3166	2	0	3000
Picture	33	hit	1	3499	2	2196099	1	3167	2	0	3000
Picture	22	hit	1	3176	2	2206266	1	3166	2	0	3000
Picture	22	hit	1	2616	2	2215265	1	3167	2	0	3000
Picture	22	hit	1	2301	2	2225265	1	3167	2	0	3000
Picture	22	hit	1	2426	2	2235765	1	3166	2	0	3000
Picture	22	hit	1	3451	3	2244431	1	3167	2	0	3000
Picture	33	miss				2253264	1	3167	2	0	3000
Picture	22	hit	1	2490	2	2262264	1	3167	2	0	3000
Picture	22	hit	1	2605	2	2272930	1	3167	2	0	3000
Picture	22	hit	1	3010	3	2283930	1	3167	2	0	3000
Picture	33	miss				2294430	1	3166	2	0	3000
Picture	22	hit	1	5896	2	2302763	1	3166	2	0	3000
Picture	33	hit	1	3616	4	2311762	2	3167	3	0	3000
Picture	22	hit	1	3844	2	2320596	1	3166	2	0	3000
Picture	22	hit	1	2741	2	2330762	1	3166	3	0	3000
Picture	22	hit	1	2450	2	2340428	1	3167	2	0	3000
Picture	33	hit	1	3034	2	2348595	1	3166	2	0	3000
Picture	22	hit	1	2940	3	2357594	2	3167	3	0	3000
Picture	33	hit	1	2650	2	2365761	1	3166	2	0	3000
Picture	22	hit	1	2513	2	2374427	1	3167	2	0	3000
Picture	33	hit	1	3002	2	2384094	1	3166	2	0	3000
Picture	22	hit	1	2869	2	2393760	1	3167	2	0	3000
Picture	22	hit	1	4242	2	2404260	1	3166	2	0	3000
Picture	22	hit	1	3431	2	2414759	1	3167	2	0	3000
Picture	22	hit	1	4431	2	2423759	1	3167	2	0	3000
Picture	22	hit	1	4953	2	2432926	1	3166	2	0	3000
Picture	22	hit	1	5577	2	2442925	1	3167	2	0	3000
Picture	22	hit	1	3920	2	2451925	1	3167	2	0	3000
Picture	33	miss				2460258	1	3167	2	0	3000
Picture	22	hit	1	2868	3	2468758	1	3166	2	0	3000
Picture	22	hit	1	3015	2	2478924	1	3167	2	0	3000
Picture	22	hit	1	4754	2	2488591	1	3166	2	0	3000
Picture	22	hit	1	4400	2	2496757	1	3166	3	0	3000
Picture	22	hit	1	4511	2	2507257	1	3166	2	0	3000
Picture	33	miss				2516590	1	3166	2	0	3000
Picture	22	miss				2526756	1	3167	2	0	3000
Picture	22	miss				2536422	1	3167	2	0	3000
Picture	22	hit	1	2954	2	2547422	1	3167	2	0	3000
Picture	22	hit	1	2579	2	2558422	1	3166	2	0	3000
Picture	22	hit	1	3079	4	2567921	2	3167	3	0	3000
Picture	22	hit	1	2246	4	2578754	2	3167	3	0	3000
Picture	22	hit	1	3590	2	2589754	1	3167	2	0	3000
Picture	33	miss				2599754	1	3166	2	0	3000
Picture	22	hit	1	3819	2	2608587	1	3166	2	0	3000
Picture	22	hit	1	4986	2	2617420	1	3167	2	0	3000
Picture	22	hit	1	4164	2	2625586	1	3167	2	0	3000
Picture	22	hit	1	3334	3	2633919	2	3167	3	0	3000
Picture	22	hit	1	3154	3	2644252	2	3167	3	0	3000
Picture	33	hit	1	3457	2	2654419	1	3166	2	0	3000
Picture	22	hit	1	3310	2	2664252	1	3166	2	0	3000
Picture	22	hit	1	2258	2	2673585	1	3166	3	0	3000
Picture	22	hit	1	2477	2	2682585	1	3166	2	0	3000
Picture	33	hit	1	3092	3	2692751	1	3167	2	0	3000
Picture	22	hit	1	2842	2	2701751	1	3166	2	0	3000
Picture	33	hit	1	2634	2	2712584	1	3166	2	0	3000
Picture	22	hit	1	3207	2	2720917	1	3166	2	0	3000
Picture	33	hit	1	3801	2	2731417	1	3166	2	0	3000
Picture	22	hit	1	2801	2	2742416	1	3167	2	0	3000
Picture	33	miss				2752749	1	3167	2	0	3000
Picture	22	hit	1	4431	2	2761416	1	3166	2	0	3000
Picture	22	hit	1	5823	2	2771582	1	3167	2	0	3000
Picture	22	hit	1	3688	2	2780748	1	3167	2	0	3000
Picture	22	hit	1	3396	2	2790415	1	3166	2	0	3000
Picture	22	hit	1	3500	2	2801248	1	3166	2	0	3000
Picture	33	miss				2810247	2	3167	3	0	3000
Picture	22	hit	1	3740	2	2819914	1	3166	2	0	3000
Picture	33	miss				2830747	1	3166	2	0	3000
Picture	22	hit	1	2855	3	2841580	1	3166	2	0	3000
Picture	22	hit	1	7137	2	2850580	1	3166	2	0	3000
Picture	22	hit	1	3897	2	2859913	1	3166	2	0	3000
Picture	22	hit	1	2887	2	2868579	1	3167	2	0	3000
Picture	22	hit	1	2335	3	2877412	1	3167	2	0	3000
Picture	33	miss				2885912	1	3166	2	0	3000
