Scenario - EFT lento Abril 2011
Logfile written - 07/06/2012 16:25:30

Subject	Trial	Event Type	Code	Time	TTime	Uncertainty	Duration	Uncertainty	ReqTime	ReqDur	Stim Type	Pair Index

DE	2	Picture	11	10252	0	1	3084	2	0	3000	other	0
DE	3	Response	1	15431	2012	1
DE	4	Picture	11	49840	0	1	3084	2	0	3000	other	0
DE	5	Response	1	54494	1487	1
DE	6	Picture	20	78510	0	1	3084	2	0	3000	other	0
DE	7	Response	2	83713	2036	1
DE	8	Picture	11	110681	0	1	3083	2	0	3000	other	0
DE	9	Response	1	114776	928	1
DE	10	Picture	21	148269	0	1	3083	2	0	3000	other	0
DE	11	Response	2	151837	401	1
DE	12	Picture	21	186023	0	1	3084	2	0	3000	other	0
DE	13	Response	2	191055	1865	2
DE	14	Picture	20	217694	0	1	3083	3	0	3000	other	0
DE	15	Response	2	222930	2069	1
DE	16	Picture	20	254948	0	1	3084	2	0	3000	other	0
DE	17	Response	2	260117	2002	1
DE	18	Picture	20	284869	0	1	3083	2	0	3000	other	0
DE	19	Response	2	290586	2550	1
DE	20	Picture	20	324707	0	1	3084	2	0	3000	other	0
DE	21	Response	1	328867	993	1
DE	22	Picture	21	363628	0	1	3084	2	0	3000	other	0
DE	23	Response	2	367929	1134	1
DE	24	Picture	11	402883	0	1	3084	2	0	3000	other	0
DE	25	Response	2	406210	160	2
DE	26	Picture	21	436804	0	1	3083	3	0	3000	other	0
DE	27	Response	2	441679	1708	1
DE	28	Picture	11	466141	0	1	3083	2	0	3000	other	0
DE	29	Response	1	470116	808	1
DE	30	Picture	10	499478	0	1	3084	2	0	3000	other	0
DE	31	Response	2	506522	3877	1
DE	32	Picture	10	537149	0	1	3084	2	0	3000	other	0
DE	33	Response	1	543397	3081	1
DE	34	Picture	20	566153	0	1	3084	2	0	3000	other	0
DE	35	Response	1	569961	641	1
DE	36	Picture	21	601824	0	1	3084	2	0	3000	other	0
DE	37	Response	2	606678	1687	1
DE	38	Picture	20	640245	0	1	3084	2	0	3000	other	0
DE	39	Response	2	645896	2484	1
DE	40	Picture	11	672999	0	1	3084	2	0	3000	other	0
DE	41	Response	1	681052	4886	1
DE	42	Picture	21	701503	0	1	3083	2	0	3000	other	0
DE	43	Response	2	705739	1069	2
DE	44	Picture	11	735007	0	1	3083	3	0	3000	other	0
DE	45	Response	1	739801	1627	2
DE	46	Picture	11	772178	0	1	3084	2	0	3000	other	0
DE	47	Response	1	776989	1644	1
DE	48	Picture	20	809849	0	1	3084	2	0	3000	other	0
DE	49	Response	2	814645	1629	1
DE	50	Picture	11	845437	0	1	3084	2	0	3000	other	0
DE	51	Response	1	851676	3072	1
DE	52	Picture	10	884942	0	1	3083	2	0	3000	other	0
DE	53	Response	1	891832	3723	1
DE	54	Picture	20	915445	0	1	3084	2	0	3000	other	0
DE	55	Response	2	922145	3533	1
DE	56	Picture	20	948783	0	1	3084	2	0	3000	other	0
DE	57	Response	2	954175	2225	1
DE	58	Picture	10	986037	0	1	3084	2	0	3000	other	0
DE	59	Response	1	991675	2471	1
DE	60	Picture	10	1024292	0	1	3084	2	0	3000	other	0
DE	61	Response	1	1030269	2810	1
DE	62	Picture	10	1059130	0	1	3083	2	0	3000	other	0
DE	63	Response	1	1064331	2034	1
DE	64	Picture	21	1092800	0	1	3084	2	0	3000	other	0
DE	65	Response	2	1099643	3676	1
DE	66	Picture	20	1128638	0	1	3084	2	0	3000	other	0
DE	67	Response	2	1133706	1901	1
DE	68	Picture	21	1163559	0	1	3084	2	0	3000	other	0
DE	69	Response	2	1167612	886	1
DE	70	Picture	11	1203314	0	1	3084	2	0	3000	other	0
DE	71	Response	1	1207768	1287	1
DE	72	Picture	11	1240902	0	1	3083	2	0	3000	other	0
DE	73	Response	1	1246049	1980	1
DE	74	Picture	21	1274322	0	2	3084	3	0	3000	other	0
DE	75	Response	2	1281517	4028	1
DE	76	Picture	21	1304826	0	1	3084	2	0	3000	other	0
DE	77	Response	2	1309017	1024	1
DE	78	Picture	11	1341664	0	1	3084	2	0	3000	other	0
DE	79	Response	1	1347298	2467	1
DE	80	Picture	21	1376335	0	1	3084	2	0	3000	other	0
DE	81	Response	2	1380423	921	1
DE	82	Picture	21	1410506	0	1	3083	2	0	3000	other	0
DE	83	Response	2	1415110	1437	1
DE	84	Picture	21	1450344	0	1	3084	2	0	3000	other	0
DE	85	Response	2	1454641	1130	1
DE	86	Picture	10	1485682	0	1	3083	2	0	3000	other	0
DE	87	Response	1	1495266	6417	1
DE	88	Picture	11	1515268	0	2	3084	3	0	3000	other	0
DE	89	Response	1	1519797	1361	1
DE	90	Picture	20	1553606	0	2	3084	3	0	3000	other	0
DE	91	Response	2	1560422	3648	1
DE	92	Picture	21	1589194	0	1	3084	2	0	3000	other	0
DE	93	Response	2	1596046	3685	1
DE	94	Picture	11	1620031	0	1	3084	2	0	3000	other	0
DE	95	Response	1	1625890	2692	1
DE	96	Picture	11	1648285	0	1	3083	2	0	3000	other	0
DE	97	Response	1	1654640	3188	1
DE	98	Picture	10	1686039	0	1	3084	2	0	3000	other	0
DE	99	Response	1	1692296	3090	1
DE	100	Picture	20	1714376	0	1	3084	2	0	3000	other	0
DE	101	Response	2	1721827	4284	1
DE	102	Picture	10	1753964	0	1	3084	2	0	3000	other	0
DE	103	Response	2	1760264	3133	1
DE	104	Picture	10	1787218	0	1	3084	2	0	3000	other	0
DE	105	Response	1	1794109	3724	1
DE	106	Picture	21	1826890	0	1	3083	3	0	3000	other	0
DE	107	Response	2	1835888	5831	2
DE	108	Picture	20	1860060	0	2	3084	3	0	3000	other	0
DE	109	Response	2	1865888	2660	2
DE	110	Picture	20	1896648	0	1	3084	2	0	3000	other	0
DE	111	Response	2	1905419	5604	1
DE	112	Picture	20	1927402	0	1	3084	2	0	3000	other	0
DE	113	Response	2	1935263	4694	1
DE	114	Picture	21	1962406	0	1	3084	2	0	3000	other	0
DE	115	Response	2	1966825	1252	1
DE	116	Picture	21	1992493	0	1	3084	2	0	3000	other	0
DE	117	Response	2	1998388	2728	1
DE	118	Picture	20	2020747	0	1	3083	2	0	3000	other	0
DE	119	Response	2	2025731	1817	1
DE	120	Picture	11	2060835	0	1	3084	2	0	3000	other	0
DE	121	Response	1	2066512	2510	1
DE	122	Picture	21	2091922	0	1	3084	2	0	3000	other	0
DE	123	Response	2	2099324	4235	1
DE	124	Picture	10	2123259	0	1	3084	2	0	3000	other	0
DE	126	Picture	11	2158013	0	2	3084	3	0	3000	other	0
DE	127	Response	1	2162293	1113	1
DE	128	Picture	11	2193018	0	1	3083	2	0	3000	other	0
DE	129	Response	1	2198074	1889	1
DE	130	Picture	20	2227522	0	1	3084	2	0	3000	other	0
DE	131	Response	2	2235730	5041	1
DE	132	Picture	10	2257276	0	1	3083	2	0	3000	other	0
DE	133	Response	1	2263854	3411	2
DE	134	Picture	21	2294447	0	1	3083	2	0	3000	other	0
DE	135	Response	2	2300575	2961	1
DE	136	Picture	11	2332701	0	1	3084	2	0	3000	other	0
DE	137	Response	2	2336354	486	1
DE	138	Picture	20	2366039	0	1	3083	3	0	3000	other	0
DE	139	Response	2	2372917	3711	1
DE	140	Picture	10	2403543	0	1	3084	2	0	3000	other	0
DE	142	Picture	21	2438964	0	1	3084	2	0	3000	other	0
DE	143	Response	2	2444948	2817	1
DE	144	Picture	20	2475469	0	1	3083	3	0	3000	other	0
DE	145	Response	2	2481666	3030	1
DE	146	Picture	10	2505722	0	2	3084	3	0	3000	other	0
DE	147	Response	1	2514327	5438	1
DE	148	Picture	10	2538560	0	1	3083	3	0	3000	other	0
DE	149	Response	2	2544478	2751	1
DE	150	Picture	10	2569647	0	1	3084	2	0	3000	other	0
DE	151	Response	1	2580259	7445	1
DE	152	Picture	21	2607235	0	1	3084	2	0	3000	other	0
DE	153	Response	2	2612603	2201	1
DE	154	Picture	20	2639405	0	1	3084	2	0	3000	other	0
DE	155	Response	2	2644477	1905	1
DE	156	Picture	20	2672659	0	2	3084	3	0	3000	other	0
DE	157	Response	2	2677602	1775	1
DE	158	Picture	21	2709247	0	1	3084	2	0	3000	other	0
DE	159	Response	2	2713539	1125	2
DE	160	Picture	20	2745335	0	1	3084	2	0	3000	other	0
DE	161	Response	2	2750258	1756	1
DE	162	Picture	21	2775589	0	1	3083	2	0	3000	other	0
DE	163	Response	2	2779164	408	1
DE	164	Picture	11	2805509	0	1	3084	2	0	3000	other	0
DE	165	Response	2	2809633	957	1
DE	166	Picture	21	2835013	0	1	3083	2	0	3000	other	0
DE	167	Response	2	2840726	2546	1
DE	168	Picture	20	2874101	0	1	3083	2	0	3000	other	0
DE	169	Response	2	2883695	6427	1
DE	170	Picture	21	2911522	0	1	3084	2	0	3000	other	0
DE	171	Response	2	2919006	4317	2
DE	172	Picture	11	2945026	0	1	3084	2	0	3000	other	0
DE	173	Response	1	2951975	3782	2
DE	174	Picture	11	2979030	0	1	3084	2	0	3000	other	0
DE	175	Response	1	2983694	1497	1
DE	176	Picture	10	3017201	0	2	3084	3	0	3000	other	0
DE	177	Response	2	3021506	1138	1
DE	178	Picture	21	3045955	0	1	3084	2	0	3000	other	0
DE	179	Response	2	3052600	3478	1
DE	180	Picture	21	3074958	0	2	3084	3	0	3000	other	0
DE	181	Response	2	3079945	1820	1
DE	182	Picture	11	3109129	0	1	3084	2	0	3000	other	0
DE	183	Response	1	3115048	2752	1
DE	184	Picture	21	3148217	0	1	3084	2	0	3000	other	0
DE	185	Response	2	3154474	3090	1
DE	186	Picture	11	3182388	0	1	3084	2	0	3000	other	0
DE	187	Response	1	3188536	2981	2
DE	188	Picture	11	3215892	0	1	3084	2	0	3000	other	0
DE	189	Response	1	3220880	1821	1
DE	190	Picture	11	3255314	0	1	3083	3	0	3000	other	0
DE	191	Response	1	3261661	3180	1
DE	192	Picture	10	3288651	0	1	3084	2	0	3000	other	0
DE	193	Response	1	3297755	5937	1
DE	194	Picture	11	3325656	0	1	3083	2	0	3000	other	0
DE	195	Response	1	3330254	1431	1
DE	196	Picture	11	3355326	0	1	3084	2	0	3000	other	0
DE	197	Response	1	3359629	1136	1
DE	198	Picture	11	3390580	0	1	3084	2	0	3000	other	0
DE	199	Response	1	3394321	574	1
DE	200	Picture	11	3419750	0	2	3084	3	0	3000	other	0
DE	201	Response	1	3424316	1399	1
DE	202	Picture	20	3455838	0	1	3084	2	0	3000	other	0
DE	203	Response	1	3459472	467	1
DE	204	Picture	11	3486342	0	1	3084	2	0	3000	other	0
DE	205	Response	1	3491347	1838	1
DE	206	Picture	11	3523263	0	1	3084	2	0	3000	other	0
DE	207	Response	1	3527596	1166	1
DE	208	Picture	10	3557101	0	1	3083	2	0	3000	other	0
DE	209	Response	1	3565253	4985	1
DE	210	Picture	11	3587354	0	1	3084	2	0	3000	other	0
DE	211	Response	1	3592283	1762	2
DE	212	Picture	11	3618025	0	1	3083	2	0	3000	other	0
DE	213	Response	1	3624159	2967	1
DE	214	Picture	10	3648945	0	1	3084	2	0	3000	other	0
DE	215	Response	1	3659002	6890	1
DE	216	Picture	21	3687616	0	2	3084	3	0	3000	other	0
DE	217	Response	2	3694627	3844	1
DE	218	Picture	11	3716203	0	1	3084	2	0	3000	other	0
DE	220	Picture	11	3751374	0	1	3084	2	0	3000	other	0
DE	221	Response	1	3754940	399	1
DE	222	Picture	20	3783545	0	1	3083	3	0	3000	other	0
DE	223	Response	2	3789782	3070	1
DE	224	Picture	11	3818216	0	1	3083	2	0	3000	other	0
DE	225	Response	1	3823064	1681	1
DE	226	Picture	10	3848469	0	1	3084	2	0	3000	other	0
DE	227	Response	1	3856032	4396	1
DE	228	Picture	10	3879806	0	2	3084	3	0	3000	other	0
DE	229	Response	2	3884469	1495	1
DE	230	Picture	20	3913394	0	1	3084	2	0	3000	other	0
DE	231	Response	1	3917438	877	1
DE	232	Picture	11	3952232	0	1	3084	2	0	3000	other	0
DE	233	Response	1	3958688	3289	1
DE	234	Picture	20	3990487	0	1	3083	2	0	3000	other	0
DE	235	Response	2	4001031	7377	1
DE	236	Picture	10	4021157	0	1	3084	2	0	3000	other	0
DE	237	Response	1	4027906	3582	1
DE	238	Picture	10	4052077	0	2	3084	3	0	3000	other	0
DE	239	Response	1	4057437	2192	1
DE	240	Picture	21	4087082	0	1	3083	2	0	3000	other	0
DE	241	Response	1	4093687	3438	1
DE	242	Picture	10	4123586	0	1	3084	2	0	3000	other	0
DE	243	Response	1	4130718	3965	1
DE	244	Picture	20	4152340	0	1	3083	2	0	3000	other	0
DE	245	Response	2	4159311	3804	1
DE	246	Picture	20	4187344	0	1	3084	2	0	3000	other	0
DE	247	Response	2	4193686	3175	1
DE	248	Picture	21	4226849	0	1	3083	2	0	3000	other	0
DE	249	Response	2	4231499	1483	1
DE	250	Picture	11	4266604	0	1	3083	2	0	3000	other	0
DE	251	Response	1	4271498	1727	2
DE	252	Picture	20	4298691	0	1	3084	2	0	3000	other	0
DE	253	Response	2	4304154	2296	1
DE	254	Picture	20	4333362	0	1	3083	2	0	3000	other	0
DE	256	Picture	10	4362365	0	1	3084	2	0	3000	other	0
DE	257	Response	1	4370562	5030	1
DE	258	Picture	21	4396453	0	1	3083	2	0	3000	other	0
DE	259	Response	2	4402435	2815	1
DE	260	Picture	21	4427123	0	1	3084	2	0	3000	other	0
DE	261	Response	2	4432903	2613	1
DE	262	Picture	11	4464878	0	1	3083	3	0	3000	other	0
DE	263	Response	1	4468059	14	1
DE	264	Picture	21	4500049	0	1	3083	2	0	3000	other	0
DE	265	Response	2	4504309	1093	2
DE	266	Picture	21	4536136	0	2	3084	3	0	3000	other	0
DE	267	Response	2	4540872	1569	1
DE	268	Picture	10	4574474	0	2	3084	3	0	3000	other	0
DE	269	Response	2	4578215	574	1
DE	270	Picture	20	4611062	0	1	3084	2	0	3000	other	0
DE	271	Response	1	4616808	2579	2
DE	272	Picture	20	4642983	0	1	3083	3	0	3000	other	0
DE	273	Response	2	4649621	3471	1
DE	274	Picture	10	4672570	0	1	3083	2	0	3000	other	0
DE	275	Response	1	4677746	2009	1
DE	276	Picture	10	4711658	0	1	3083	3	0	3000	other	0
DE	277	Response	1	4716495	1670	1
DE	278	Picture	10	4743578	0	1	3084	2	0	3000	other	0
DE	279	Response	1	4749620	2875	1
DE	280	Picture	20	4772499	0	1	3083	2	0	3000	other	0
DE	281	Response	2	4786026	10360	1
DE	282	Picture	21	4800835	0	1	3084	2	0	3000	other	0
DE	283	Response	2	4804933	931	1
DE	284	Picture	10	4839090	0	1	3084	2	0	3000	other	0
DE	285	Response	1	4846495	4238	1
DE	286	Picture	20	4877011	0	1	3084	2	0	3000	other	0
DE	287	Response	2	4883994	3816	2
DE	288	Picture	20	4910349	0	1	3083	2	0	3000	other	0
DE	289	Response	2	4916182	2666	1
DE	290	Picture	21	4945353	0	1	3084	2	0	3000	other	0
DE	291	Response	2	4951025	2505	1
DE	292	Picture	10	4975357	0	1	3083	2	0	3000	other	0
DE	294	Picture	11	5005027	0	1	3084	2	0	3000	other	0
DE	295	Response	1	5012119	3925	1
DE	296	Picture	20	5042781	0	2	3084	3	0	3000	other	0
DE	297	Response	2	5051180	5231	2
DE	298	Picture	11	5073952	0	1	3084	2	0	3000	other	0
DE	299	Response	1	5080399	3280	1
DE	300	Picture	10	5102955	0	2	3084	3	0	3000	other	0
DE	301	Response	1	5112274	6151	1
DE	302	Response	1	7101324	1968365	1
DE	304	Picture	21	7121535	0	1	3083	2	0	3000	other	0
DE	305	Response	2	7127574	2872	1
DE	306	Picture	20	7154622	0	1	3084	2	0	3000	other	0
DE	307	Response	1	7158355	566	1
DE	308	Picture	21	7190126	0	1	3084	2	0	3000	other	0
DE	309	Response	2	7195073	1780	1
DE	310	Picture	10	7228964	0	2	3084	3	0	3000	other	0
DE	311	Response	1	7234448	2316	1
DE	312	Picture	10	7267469	0	1	3084	2	0	3000	other	0
DE	313	Response	1	7272729	2093	1
DE	314	Picture	11	7304974	0	1	3083	2	0	3000	other	0
DE	315	Response	1	7309135	994	1
DE	316	Picture	11	7340561	0	1	3084	2	0	3000	other	0
DE	317	Response	1	7346010	2282	1
DE	318	Picture	11	7373315	0	1	3084	2	0	3000	other	0
DE	319	Response	1	7377103	621	1
DE	320	Picture	20	7409320	0	1	3083	3	0	3000	other	0
DE	320	Response	1	7412259	2939	2
DE	322	Picture	21	7440657	0	1	3084	2	0	3000	other	0
DE	323	Response	2	7444759	935	1
DE	324	Picture	20	7471244	0	1	3084	2	0	3000	other	0
DE	325	Response	2	7478509	4098	1
DE	326	Picture	10	7503748	0	1	3084	2	0	3000	other	0
DE	327	Response	1	7509759	2844	1
DE	328	Picture	20	7532668	0	1	3084	2	0	3000	other	0
DE	329	Response	2	7538657	2822	2
DE	330	Picture	10	7561672	0	1	3083	2	0	3000	other	0
DE	331	Response	1	7566164	1325	2
DE	332	Picture	10	7590592	0	1	3084	2	0	3000	other	0
DE	333	Response	1	7596321	2562	1
DE	334	Picture	10	7627346	0	1	3084	2	0	3000	other	0
DE	335	Response	1	7631789	1276	1
DE	336	Picture	10	7665184	0	1	3084	2	0	3000	other	0
DE	337	Response	1	7671008	2657	1
DE	338	Picture	20	7698605	0	1	3084	2	0	3000	other	0
DE	339	Response	2	7703664	1892	1
DE	340	Picture	10	7730109	0	1	3084	2	0	3000	other	0
DE	341	Response	1	7735070	1794	1
DE	342	Picture	20	7761613	0	1	3083	2	0	3000	other	0
DE	343	Response	2	7767882	3102	1
DE	344	Picture	10	7796117	0	1	3084	2	0	3000	other	0
DE	345	Response	1	7801319	2035	1
DE	346	Picture	10	7830954	0	2	3084	3	0	3000	other	0
DE	347	Response	1	7838038	3916	1
DE	348	Picture	11	7868792	0	1	3084	2	0	3000	other	0
DE	349	Response	1	7873194	1235	1
DE	350	Picture	21	7905547	0	1	3084	2	0	3000	other	0
DE	351	Response	1	7909600	886	1
DE	351	Response	2	7911162	2448	1
DE	352	Picture	10	7943968	0	1	3084	2	0	3000	other	0
DE	353	Response	1	7949756	2621	1
DE	354	Picture	10	7981556	0	1	3084	2	0	3000	other	0
DE	355	Response	1	7987412	2689	1
DE	356	Picture	11	8019644	0	1	3084	2	0	3000	other	0
DE	357	Response	1	8024599	1788	1
DE	358	Picture	10	8054565	0	1	3084	2	0	3000	other	0
DE	359	Response	2	8059599	1867	1
DE	360	Picture	11	8089569	0	1	3084	2	0	3000	other	0
DE	361	Response	1	8093505	769	1
DE	362	Picture	11	8125407	0	1	3084	2	0	3000	other	0
DE	363	Response	1	8130380	1806	1
DE	364	Picture	21	8160911	0	1	3084	2	0	3000	other	0
DE	365	Response	2	8165067	989	1
DE	366	Picture	11	8189998	0	1	3084	2	0	3000	other	0
DE	367	Response	1	8194598	1433	1
DE	368	Picture	21	8223252	0	1	3084	2	0	3000	other	0
DE	369	Response	2	8227254	835	1
DE	370	Picture	21	8253006	0	1	3084	2	0	3000	other	0
DE	371	Response	2	8257723	1550	1
DE	372	Picture	10	8288510	0	1	3084	2	0	3000	other	0
DE	373	Response	1	8294911	3234	1
DE	374	Picture	20	8322681	0	1	3084	2	0	3000	other	0
DE	375	Response	2	8329285	3437	1
DE	376	Picture	21	8354935	0	1	3084	2	0	3000	other	0
DE	377	Response	2	8359441	1339	1
DE	378	Picture	10	8394773	0	1	3084	2	0	3000	other	0
DE	379	Response	2	8399597	1657	1
DE	380	Picture	11	8431444	0	1	3084	2	0	3000	other	0
DE	381	Response	1	8435534	923	1
DE	382	Picture	20	8461781	0	1	3084	2	0	3000	other	0
DE	383	Response	2	8471003	6055	1
DE	384	Picture	21	8492285	0	1	3084	2	0	3000	other	0
DE	385	Response	2	8498190	2738	1
DE	386	Picture	11	8530040	0	1	3083	2	0	3000	other	0
DE	387	Response	1	8534596	1389	1
DE	388	Picture	21	8562544	0	1	3083	2	0	3000	other	0
DE	389	Response	2	8569908	4197	1
DE	390	Picture	20	8599048	0	1	3084	2	0	3000	other	0
DE	391	Response	2	8604908	2693	1
DE	392	Picture	20	8628885	0	1	3084	2	0	3000	other	0
DE	393	Response	2	8635533	3481	1
DE	394	Picture	10	8664973	0	1	3083	2	0	3000	other	0
DE	395	Response	2	8671470	3330	1
DE	396	Picture	21	8695226	0	2	3084	3	0	3000	other	0
DE	397	Response	2	8700688	2295	2
DE	398	Picture	20	8734231	0	1	3084	2	0	3000	other	0
DE	399	Response	2	8739438	2040	1
DE	400	Picture	10	8764818	0	1	3084	2	0	3000	other	0
DE	401	Response	1	8773032	5047	2
DE	402	Picture	11	8804573	0	1	3084	2	0	3000	other	0
DE	403	Response	1	8809750	2010	2
DE	404	Picture	20	8839661	0	1	3083	2	0	3000	other	0
DE	405	Response	2	8845219	2391	1
DE	406	Picture	10	8876498	0	2	3084	3	0	3000	other	0
DE	407	Response	1	8883968	4302	2
DE	408	Picture	21	8910003	0	1	3083	2	0	3000	other	0
DE	409	Response	2	8914906	1736	1
DE	410	Picture	11	8938756	0	1	3084	2	0	3000	other	0
DE	411	Response	1	8943187	1264	1
DE	412	Picture	21	8968343	0	1	3084	2	0	3000	other	0
DE	413	Response	2	8972718	1208	1
DE	414	Picture	11	9005598	0	1	3083	2	0	3000	other	0
DE	415	Response	1	9009749	984	1
DE	416	Picture	11	9043519	0	1	3084	2	0	3000	other	0
DE	417	Response	1	9048343	1657	1
DE	418	Picture	21	9072606	0	1	3083	2	0	3000	other	0
DE	419	Response	2	9076936	1163	1
DE	420	Picture	21	9102693	0	1	3083	2	0	3000	other	0
DE	421	Response	2	9107717	1857	2
DE	422	Picture	10	9140947	0	1	3084	2	0	3000	other	0
DE	423	Response	1	9150061	5947	1
DE	424	Picture	21	9172285	0	1	3083	2	0	3000	other	0
DE	425	Response	2	9177717	2265	1
DE	426	Picture	20	9202955	0	1	3084	2	0	3000	other	0
DE	427	Response	2	9209592	3470	1
DE	428	Picture	10	9241876	0	1	3084	2	0	3000	other	0
DE	429	Response	2	9246623	1580	1
DE	430	Picture	10	9279798	0	1	3083	2	0	3000	other	0
DE	431	Response	1	9283654	689	2
DE	432	Picture	10	9308551	0	1	3084	2	0	3000	other	0
DE	433	Response	2	9314747	3029	1
DE	434	Picture	11	9343639	0	1	3083	2	0	3000	other	0
DE	435	Response	1	9349122	2316	1
DE	436	Picture	10	9377726	0	1	3084	2	0	3000	other	0
DE	437	Response	1	9383184	2291	2
DE	438	Picture	10	9415147	0	2	3084	3	0	3000	other	0
DE	439	Response	1	9421309	2995	1
DE	440	Picture	11	9445568	0	1	3083	3	0	3000	other	0
DE	441	Response	1	9449904	1169	1
DE	442	Picture	21	9475655	0	1	3083	3	0	3000	other	0
DE	443	Response	2	9480840	2018	1
DE	444	Picture	11	9508075	0	2	3084	3	0	3000	other	0
DE	445	Response	1	9513652	2410	1
DE	446	Picture	20	9540579	0	1	3084	2	0	3000	other	0
DE	447	Response	2	9546620	2874	2
DE	448	Picture	11	9570250	0	1	3083	2	0	3000	other	0
DE	449	Response	1	9574746	1329	1
DE	450	Picture	21	9603254	0	1	3083	2	0	3000	other	0
DE	451	Response	2	9608495	2074	2
DE	452	Picture	10	9638008	0	1	3084	2	0	3000	other	0
DE	453	Response	2	9641933	758	1
DE	454	Picture	21	9667178	0	1	3084	2	0	3000	other	0
DE	455	Response	2	9673495	3150	1
DE	456	Picture	20	9706183	0	1	3084	2	0	3000	other	0
DE	457	Response	2	9710995	1645	1
DE	458	Picture	21	9738103	0	2	3084	3	0	3000	other	0
DE	459	Response	2	9742869	1599	2
DE	460	Picture	11	9777108	0	1	3084	2	0	3000	other	0
DE	461	Response	1	9781463	1188	1
DE	462	Picture	11	9815363	0	1	3084	2	0	3000	other	0
DE	463	Response	1	9821150	2620	2
DE	464	Picture	11	9854118	0	1	3083	2	0	3000	other	0
DE	465	Response	1	9858650	1365	1
DE	466	Picture	20	9883121	0	1	3084	2	0	3000	other	0
DE	467	Response	1	9887556	1268	1
DE	468	Picture	21	9916375	0	1	3084	2	0	3000	other	0
DE	469	Response	2	9920837	1295	1
DE	470	Picture	21	9955047	0	1	3083	2	0	3000	other	0
DE	471	Response	2	9959900	1686	1
DE	472	Picture	11	9988134	0	1	3084	2	0	3000	other	0
DE	473	Response	1	9992868	1567	1
DE	474	Picture	21	10024138	0	1	3084	2	0	3000	other	0
DE	475	Response	2	10028180	875	1
DE	476	Picture	20	10063310	0	1	3083	2	0	3000	other	0
DE	477	Response	1	10067086	609	1
DE	478	Picture	21	10099981	0	1	3084	2	0	3000	other	0
DE	479	Response	2	10106148	3000	2
DE	480	Picture	20	10139652	0	1	3084	2	0	3000	other	0
DE	481	Response	2	10146617	3798	1
DE	482	Picture	10	10169906	0	1	3084	2	0	3000	other	0
DE	483	Response	1	10176304	3231	1
DE	484	Picture	21	10202493	0	1	3084	2	0	3000	other	0
DE	485	Response	2	10207554	1894	1
DE	486	Picture	21	10232747	0	1	3084	2	0	3000	other	0
DE	487	Response	2	10237241	1327	1
DE	488	Picture	10	10263167	0	1	3084	2	0	3000	other	0
DE	489	Response	1	10271147	4813	2
DE	490	Picture	11	10301839	0	1	3083	2	0	3000	other	0
DE	491	Response	1	10306460	1454	1
DE	492	Picture	10	10338760	0	1	3084	2	0	3000	other	0
DE	493	Response	1	10344272	2345	1
DE	494	Picture	21	10369264	0	1	3083	2	0	3000	other	0
DE	495	Response	2	10374428	1997	1
DE	496	Picture	21	10398434	0	1	3084	2	0	3000	other	0
DE	497	Response	2	10404740	3139	1
DE	498	Picture	21	10436438	0	2	3084	3	0	3000	other	0
DE	499	Response	2	10443334	3728	1
DE	500	Picture	10	10475860	0	1	3084	2	0	3000	other	0
DE	502	Picture	11	10507364	0	1	3083	3	0	3000	other	0
DE	503	Response	1	10511927	1396	1
DE	504	Picture	21	10545452	0	1	3083	2	0	3000	other	0
DE	505	Response	2	10549583	964	1
DE	506	Picture	20	10577039	0	1	3084	2	0	3000	other	0
DE	507	Response	2	10588020	7814	1
DE	508	Picture	21	10607793	0	1	3083	2	0	3000	other	0
DE	509	Response	2	10613333	2373	1
DE	509	Response	1	10629270	18310	1
DE	510	Picture	21	10647131	0	1	3083	3	0	3000	other	0
DE	511	Response	1	10651301	1003	1
DE	511	Response	2	10657707	7409	1
DE	512	Picture	11	10681718	0	1	3084	2	0	3000	other	0
DE	513	Response	1	10686926	2041	1
DE	514	Picture	11	10712889	0	1	3084	2	0	3000	other	0
DE	515	Response	1	10718332	2276	1
DE	516	Picture	11	10743476	0	1	3084	2	0	3000	other	0
DE	517	Response	1	10747707	1064	1
DE	518	Picture	20	10775396	0	1	3084	2	0	3000	other	0
DE	519	Response	2	10781613	3050	1
DE	520	Picture	20	10812068	0	1	3083	2	0	3000	other	0
DE	521	Response	2	10819425	4190	1
DE	522	Picture	11	10848572	0	1	3084	2	0	3000	other	0
DE	523	Response	1	10853018	1279	1
DE	524	Picture	21	10880909	0	1	3084	2	0	3000	other	0
DE	525	Response	2	10885518	1442	2
DE	526	Picture	10	10912080	0	1	3083	2	0	3000	other	0
DE	527	Response	2	10916612	1365	1
DE	528	Picture	20	10947667	0	1	3084	2	0	3000	other	0
DE	529	Response	2	10952862	2028	1
DE	530	Picture	10	10978004	0	1	3084	2	0	3000	other	0
DE	532	Picture	11	11017759	0	1	3084	2	0	3000	other	0
DE	533	Response	1	11024267	3341	2
DE	534	Picture	20	11046679	0	2	3084	3	0	3000	other	0
DE	535	Response	2	11051924	2078	1
DE	536	Picture	20	11082434	0	1	3083	3	0	3000	other	0
DE	537	Response	2	11088642	3041	2
DE	538	Picture	20	11120938	0	2	3084	3	0	3000	other	0
DE	539	Response	2	11126142	2036	1
DE	540	Picture	10	11152442	0	1	3084	2	0	3000	other	0
DE	541	Response	1	11159423	3814	1
DE	542	Picture	20	11190697	0	1	3084	2	0	3000	other	0
DE	543	Response	2	11197704	3840	1
DE	544	Picture	10	11220534	0	1	3084	2	0	3000	other	0
DE	545	Response	1	11228329	4628	1
DE	546	Picture	10	11254038	0	1	3084	2	0	3000	other	0
DE	547	Response	1	11260359	3154	2
DE	548	Picture	10	11284792	0	1	3083	3	0	3000	other	0
DE	549	Response	2	11290672	2713	1
DE	550	Picture	20	11318963	0	1	3083	2	0	3000	other	0
DE	551	Response	2	11324421	2291	2
DE	552	Picture	11	11355134	0	1	3083	2	0	3000	other	0
DE	553	Response	1	11360359	2058	1
DE	554	Picture	10	11388221	0	1	3084	2	0	3000	other	0
DE	555	Response	1	11397077	5689	2
DE	556	Picture	10	11423725	0	1	3084	2	0	3000	other	0
DE	557	Response	1	11433952	7060	2
DE	558	Picture	10	11459980	0	1	3083	3	0	3000	other	0
DE	559	Response	1	11466608	3461	2
DE	560	Picture	21	11493651	0	1	3083	2	0	3000	other	0
DE	561	Response	2	11501296	4478	1
DE	562	Picture	10	11526988	0	1	3084	2	0	3000	other	0
DE	563	Response	1	11532858	2703	1
DE	564	Picture	20	11559075	0	1	3084	2	0	3000	other	0
DE	565	Response	1	11564733	2491	1
DE	566	Picture	11	11589996	0	1	3083	2	0	3000	other	0
DE	567	Response	1	11594890	1727	1
DE	568	Picture	11	11620499	0	1	3084	2	0	3000	other	0
DE	569	Response	1	11625045	1379	1
DE	570	Picture	21	11649420	0	1	3083	2	0	3000	other	0
DE	571	Response	2	11656920	4333	1
DE	572	Picture	21	11687674	0	1	3084	2	0	3000	other	0
DE	573	Response	2	11693169	2328	2
DE	574	Picture	20	11718011	0	1	3084	2	0	3000	other	0
DE	575	Response	2	11724732	3554	1
DE	576	Picture	20	11748765	0	1	3084	2	0	3000	other	0
DE	577	Response	2	11754106	2174	1
DE	578	Picture	20	11777852	0	1	3084	2	0	3000	other	0
DE	580	Picture	20	11812356	0	1	3084	2	0	3000	other	0
DE	581	Response	2	11818325	2802	1
DE	582	Picture	10	11851111	0	1	3083	2	0	3000	other	0
DE	583	Response	1	11857231	2953	1
DE	584	Picture	10	11886448	0	1	3084	2	0	3000	other	0
DE	585	Response	2	11890512	897	1
DE	586	Picture	10	11922786	0	1	3084	2	0	3000	other	0
DE	587	Response	1	11929575	3622	1
DE	588	Picture	10	11954790	0	1	3084	2	0	3000	other	0
DE	589	Response	1	11960668	2711	1
DE	590	Picture	10	11984627	0	1	3084	2	0	3000	other	0
DE	591	Response	1	11989418	1624	1
DE	592	Picture	20	12018798	0	1	3084	2	0	3000	other	0
DE	593	Response	2	12026917	4952	2
DE	594	Picture	11	12047968	0	1	3084	2	0	3000	other	0
DE	595	Response	1	12054417	3282	1
DE	596	Picture	20	12083222	0	1	3084	2	0	3000	other	0
DE	597	Response	2	12090511	4122	1
DE	598	Picture	21	12119227	0	1	3083	2	0	3000	other	0
DE	599	Response	2	12123791	1397	1
DE	600	Picture	20	12156815	0	1	3083	2	0	3000	other	0
DE	601	Response	2	12163010	3028	2
DE	602	Picture	21	12194819	0	1	3084	2	0	3000	other	0
DE	603	Response	2	12199728	1742	2
DE	604	Response	1	12278947	49457	1


Event Type	Code	Type	Response	RT	RT Uncertainty	Time	Uncertainty	Duration	Uncertainty	ReqTime	ReqDur

Picture	11	other				10252	1	3084	2	0	3000
Picture	11	other				49840	1	3084	2	0	3000
Picture	20	other				78510	1	3084	2	0	3000
Picture	11	other				110681	1	3083	2	0	3000
Picture	21	other				148269	1	3083	2	0	3000
Picture	21	other				186023	1	3084	2	0	3000
Picture	20	other				217694	1	3083	3	0	3000
Picture	20	other				254948	1	3084	2	0	3000
Picture	20	other				284869	1	3083	2	0	3000
Picture	20	other				324707	1	3084	2	0	3000
Picture	21	other				363628	1	3084	2	0	3000
Picture	11	other				402883	1	3084	2	0	3000
Picture	21	other				436804	1	3083	3	0	3000
Picture	11	other				466141	1	3083	2	0	3000
Picture	10	other				499478	1	3084	2	0	3000
Picture	10	other				537149	1	3084	2	0	3000
Picture	20	other				566153	1	3084	2	0	3000
Picture	21	other				601824	1	3084	2	0	3000
Picture	20	other				640245	1	3084	2	0	3000
Picture	11	other				672999	1	3084	2	0	3000
Picture	21	other				701503	1	3083	2	0	3000
Picture	11	other				735007	1	3083	3	0	3000
Picture	11	other				772178	1	3084	2	0	3000
Picture	20	other				809849	1	3084	2	0	3000
Picture	11	other				845437	1	3084	2	0	3000
Picture	10	other				884942	1	3083	2	0	3000
Picture	20	other				915445	1	3084	2	0	3000
Picture	20	other				948783	1	3084	2	0	3000
Picture	10	other				986037	1	3084	2	0	3000
Picture	10	other				1024292	1	3084	2	0	3000
Picture	10	other				1059130	1	3083	2	0	3000
Picture	21	other				1092800	1	3084	2	0	3000
Picture	20	other				1128638	1	3084	2	0	3000
Picture	21	other				1163559	1	3084	2	0	3000
Picture	11	other				1203314	1	3084	2	0	3000
Picture	11	other				1240902	1	3083	2	0	3000
Picture	21	other				1274322	2	3084	3	0	3000
Picture	21	other				1304826	1	3084	2	0	3000
Picture	11	other				1341664	1	3084	2	0	3000
Picture	21	other				1376335	1	3084	2	0	3000
Picture	21	other				1410506	1	3083	2	0	3000
Picture	21	other				1450344	1	3084	2	0	3000
Picture	10	other				1485682	1	3083	2	0	3000
Picture	11	other				1515268	2	3084	3	0	3000
Picture	20	other				1553606	2	3084	3	0	3000
Picture	21	other				1589194	1	3084	2	0	3000
Picture	11	other				1620031	1	3084	2	0	3000
Picture	11	other				1648285	1	3083	2	0	3000
Picture	10	other				1686039	1	3084	2	0	3000
Picture	20	other				1714376	1	3084	2	0	3000
Picture	10	other				1753964	1	3084	2	0	3000
Picture	10	other				1787218	1	3084	2	0	3000
Picture	21	other				1826890	1	3083	3	0	3000
Picture	20	other				1860060	2	3084	3	0	3000
Picture	20	other				1896648	1	3084	2	0	3000
Picture	20	other				1927402	1	3084	2	0	3000
Picture	21	other				1962406	1	3084	2	0	3000
Picture	21	other				1992493	1	3084	2	0	3000
Picture	20	other				2020747	1	3083	2	0	3000
Picture	11	other				2060835	1	3084	2	0	3000
Picture	21	other				2091922	1	3084	2	0	3000
Picture	10	other				2123259	1	3084	2	0	3000
Picture	11	other				2158013	2	3084	3	0	3000
Picture	11	other				2193018	1	3083	2	0	3000
Picture	20	other				2227522	1	3084	2	0	3000
Picture	10	other				2257276	1	3083	2	0	3000
Picture	21	other				2294447	1	3083	2	0	3000
Picture	11	other				2332701	1	3084	2	0	3000
Picture	20	other				2366039	1	3083	3	0	3000
Picture	10	other				2403543	1	3084	2	0	3000
Picture	21	other				2438964	1	3084	2	0	3000
Picture	20	other				2475469	1	3083	3	0	3000
Picture	10	other				2505722	2	3084	3	0	3000
Picture	10	other				2538560	1	3083	3	0	3000
Picture	10	other				2569647	1	3084	2	0	3000
Picture	21	other				2607235	1	3084	2	0	3000
Picture	20	other				2639405	1	3084	2	0	3000
Picture	20	other				2672659	2	3084	3	0	3000
Picture	21	other				2709247	1	3084	2	0	3000
Picture	20	other				2745335	1	3084	2	0	3000
Picture	21	other				2775589	1	3083	2	0	3000
Picture	11	other				2805509	1	3084	2	0	3000
Picture	21	other				2835013	1	3083	2	0	3000
Picture	20	other				2874101	1	3083	2	0	3000
Picture	21	other				2911522	1	3084	2	0	3000
Picture	11	other				2945026	1	3084	2	0	3000
Picture	11	other				2979030	1	3084	2	0	3000
Picture	10	other				3017201	2	3084	3	0	3000
Picture	21	other				3045955	1	3084	2	0	3000
Picture	21	other				3074958	2	3084	3	0	3000
Picture	11	other				3109129	1	3084	2	0	3000
Picture	21	other				3148217	1	3084	2	0	3000
Picture	11	other				3182388	1	3084	2	0	3000
Picture	11	other				3215892	1	3084	2	0	3000
Picture	11	other				3255314	1	3083	3	0	3000
Picture	10	other				3288651	1	3084	2	0	3000
Picture	11	other				3325656	1	3083	2	0	3000
Picture	11	other				3355326	1	3084	2	0	3000
Picture	11	other				3390580	1	3084	2	0	3000
Picture	11	other				3419750	2	3084	3	0	3000
Picture	20	other				3455838	1	3084	2	0	3000
Picture	11	other				3486342	1	3084	2	0	3000
Picture	11	other				3523263	1	3084	2	0	3000
Picture	10	other				3557101	1	3083	2	0	3000
Picture	11	other				3587354	1	3084	2	0	3000
Picture	11	other				3618025	1	3083	2	0	3000
Picture	10	other				3648945	1	3084	2	0	3000
Picture	21	other				3687616	2	3084	3	0	3000
Picture	11	other				3716203	1	3084	2	0	3000
Picture	11	other				3751374	1	3084	2	0	3000
Picture	20	other				3783545	1	3083	3	0	3000
Picture	11	other				3818216	1	3083	2	0	3000
Picture	10	other				3848469	1	3084	2	0	3000
Picture	10	other				3879806	2	3084	3	0	3000
Picture	20	other				3913394	1	3084	2	0	3000
Picture	11	other				3952232	1	3084	2	0	3000
Picture	20	other				3990487	1	3083	2	0	3000
Picture	10	other				4021157	1	3084	2	0	3000
Picture	10	other				4052077	2	3084	3	0	3000
Picture	21	other				4087082	1	3083	2	0	3000
Picture	10	other				4123586	1	3084	2	0	3000
Picture	20	other				4152340	1	3083	2	0	3000
Picture	20	other				4187344	1	3084	2	0	3000
Picture	21	other				4226849	1	3083	2	0	3000
Picture	11	other				4266604	1	3083	2	0	3000
Picture	20	other				4298691	1	3084	2	0	3000
Picture	20	other				4333362	1	3083	2	0	3000
Picture	10	other				4362365	1	3084	2	0	3000
Picture	21	other				4396453	1	3083	2	0	3000
Picture	21	other				4427123	1	3084	2	0	3000
Picture	11	other				4464878	1	3083	3	0	3000
Picture	21	other				4500049	1	3083	2	0	3000
Picture	21	other				4536136	2	3084	3	0	3000
Picture	10	other				4574474	2	3084	3	0	3000
Picture	20	other				4611062	1	3084	2	0	3000
Picture	20	other				4642983	1	3083	3	0	3000
Picture	10	other				4672570	1	3083	2	0	3000
Picture	10	other				4711658	1	3083	3	0	3000
Picture	10	other				4743578	1	3084	2	0	3000
Picture	20	other				4772499	1	3083	2	0	3000
Picture	21	other				4800835	1	3084	2	0	3000
Picture	10	other				4839090	1	3084	2	0	3000
Picture	20	other				4877011	1	3084	2	0	3000
Picture	20	other				4910349	1	3083	2	0	3000
Picture	21	other				4945353	1	3084	2	0	3000
Picture	10	other				4975357	1	3083	2	0	3000
Picture	11	other				5005027	1	3084	2	0	3000
Picture	20	other				5042781	2	3084	3	0	3000
Picture	11	other				5073952	1	3084	2	0	3000
Picture	10	other				5102955	2	3084	3	0	3000
Picture	21	other				7121535	1	3083	2	0	3000
Picture	20	other				7154622	1	3084	2	0	3000
Picture	21	other				7190126	1	3084	2	0	3000
Picture	10	other				7228964	2	3084	3	0	3000
Picture	10	other				7267469	1	3084	2	0	3000
Picture	11	other				7304974	1	3083	2	0	3000
Picture	11	other				7340561	1	3084	2	0	3000
Picture	11	other				7373315	1	3084	2	0	3000
Picture	20	other				7409320	1	3083	3	0	3000
Picture	21	other				7440657	1	3084	2	0	3000
Picture	20	other				7471244	1	3084	2	0	3000
Picture	10	other				7503748	1	3084	2	0	3000
Picture	20	other				7532668	1	3084	2	0	3000
Picture	10	other				7561672	1	3083	2	0	3000
Picture	10	other				7590592	1	3084	2	0	3000
Picture	10	other				7627346	1	3084	2	0	3000
Picture	10	other				7665184	1	3084	2	0	3000
Picture	20	other				7698605	1	3084	2	0	3000
Picture	10	other				7730109	1	3084	2	0	3000
Picture	20	other				7761613	1	3083	2	0	3000
Picture	10	other				7796117	1	3084	2	0	3000
Picture	10	other				7830954	2	3084	3	0	3000
Picture	11	other				7868792	1	3084	2	0	3000
Picture	21	other				7905547	1	3084	2	0	3000
Picture	10	other				7943968	1	3084	2	0	3000
Picture	10	other				7981556	1	3084	2	0	3000
Picture	11	other				8019644	1	3084	2	0	3000
Picture	10	other				8054565	1	3084	2	0	3000
Picture	11	other				8089569	1	3084	2	0	3000
Picture	11	other				8125407	1	3084	2	0	3000
Picture	21	other				8160911	1	3084	2	0	3000
Picture	11	other				8189998	1	3084	2	0	3000
Picture	21	other				8223252	1	3084	2	0	3000
Picture	21	other				8253006	1	3084	2	0	3000
Picture	10	other				8288510	1	3084	2	0	3000
Picture	20	other				8322681	1	3084	2	0	3000
Picture	21	other				8354935	1	3084	2	0	3000
Picture	10	other				8394773	1	3084	2	0	3000
Picture	11	other				8431444	1	3084	2	0	3000
Picture	20	other				8461781	1	3084	2	0	3000
Picture	21	other				8492285	1	3084	2	0	3000
Picture	11	other				8530040	1	3083	2	0	3000
Picture	21	other				8562544	1	3083	2	0	3000
Picture	20	other				8599048	1	3084	2	0	3000
Picture	20	other				8628885	1	3084	2	0	3000
Picture	10	other				8664973	1	3083	2	0	3000
Picture	21	other				8695226	2	3084	3	0	3000
Picture	20	other				8734231	1	3084	2	0	3000
Picture	10	other				8764818	1	3084	2	0	3000
Picture	11	other				8804573	1	3084	2	0	3000
Picture	20	other				8839661	1	3083	2	0	3000
Picture	10	other				8876498	2	3084	3	0	3000
Picture	21	other				8910003	1	3083	2	0	3000
Picture	11	other				8938756	1	3084	2	0	3000
Picture	21	other				8968343	1	3084	2	0	3000
Picture	11	other				9005598	1	3083	2	0	3000
Picture	11	other				9043519	1	3084	2	0	3000
Picture	21	other				9072606	1	3083	2	0	3000
Picture	21	other				9102693	1	3083	2	0	3000
Picture	10	other				9140947	1	3084	2	0	3000
Picture	21	other				9172285	1	3083	2	0	3000
Picture	20	other				9202955	1	3084	2	0	3000
Picture	10	other				9241876	1	3084	2	0	3000
Picture	10	other				9279798	1	3083	2	0	3000
Picture	10	other				9308551	1	3084	2	0	3000
Picture	11	other				9343639	1	3083	2	0	3000
Picture	10	other				9377726	1	3084	2	0	3000
Picture	10	other				9415147	2	3084	3	0	3000
Picture	11	other				9445568	1	3083	3	0	3000
Picture	21	other				9475655	1	3083	3	0	3000
Picture	11	other				9508075	2	3084	3	0	3000
Picture	20	other				9540579	1	3084	2	0	3000
Picture	11	other				9570250	1	3083	2	0	3000
Picture	21	other				9603254	1	3083	2	0	3000
Picture	10	other				9638008	1	3084	2	0	3000
Picture	21	other				9667178	1	3084	2	0	3000
Picture	20	other				9706183	1	3084	2	0	3000
Picture	21	other				9738103	2	3084	3	0	3000
Picture	11	other				9777108	1	3084	2	0	3000
Picture	11	other				9815363	1	3084	2	0	3000
Picture	11	other				9854118	1	3083	2	0	3000
Picture	20	other				9883121	1	3084	2	0	3000
Picture	21	other				9916375	1	3084	2	0	3000
Picture	21	other				9955047	1	3083	2	0	3000
Picture	11	other				9988134	1	3084	2	0	3000
Picture	21	other				10024138	1	3084	2	0	3000
Picture	20	other				10063310	1	3083	2	0	3000
Picture	21	other				10099981	1	3084	2	0	3000
Picture	20	other				10139652	1	3084	2	0	3000
Picture	10	other				10169906	1	3084	2	0	3000
Picture	21	other				10202493	1	3084	2	0	3000
Picture	21	other				10232747	1	3084	2	0	3000
Picture	10	other				10263167	1	3084	2	0	3000
Picture	11	other				10301839	1	3083	2	0	3000
Picture	10	other				10338760	1	3084	2	0	3000
Picture	21	other				10369264	1	3083	2	0	3000
Picture	21	other				10398434	1	3084	2	0	3000
Picture	21	other				10436438	2	3084	3	0	3000
Picture	10	other				10475860	1	3084	2	0	3000
Picture	11	other				10507364	1	3083	3	0	3000
Picture	21	other				10545452	1	3083	2	0	3000
Picture	20	other				10577039	1	3084	2	0	3000
Picture	21	other				10607793	1	3083	2	0	3000
Picture	21	other				10647131	1	3083	3	0	3000
Picture	11	other				10681718	1	3084	2	0	3000
Picture	11	other				10712889	1	3084	2	0	3000
Picture	11	other				10743476	1	3084	2	0	3000
Picture	20	other				10775396	1	3084	2	0	3000
Picture	20	other				10812068	1	3083	2	0	3000
Picture	11	other				10848572	1	3084	2	0	3000
Picture	21	other				10880909	1	3084	2	0	3000
Picture	10	other				10912080	1	3083	2	0	3000
Picture	20	other				10947667	1	3084	2	0	3000
Picture	10	other				10978004	1	3084	2	0	3000
Picture	11	other				11017759	1	3084	2	0	3000
Picture	20	other				11046679	2	3084	3	0	3000
Picture	20	other				11082434	1	3083	3	0	3000
Picture	20	other				11120938	2	3084	3	0	3000
Picture	10	other				11152442	1	3084	2	0	3000
Picture	20	other				11190697	1	3084	2	0	3000
Picture	10	other				11220534	1	3084	2	0	3000
Picture	10	other				11254038	1	3084	2	0	3000
Picture	10	other				11284792	1	3083	3	0	3000
Picture	20	other				11318963	1	3083	2	0	3000
Picture	11	other				11355134	1	3083	2	0	3000
Picture	10	other				11388221	1	3084	2	0	3000
Picture	10	other				11423725	1	3084	2	0	3000
Picture	10	other				11459980	1	3083	3	0	3000
Picture	21	other				11493651	1	3083	2	0	3000
Picture	10	other				11526988	1	3084	2	0	3000
Picture	20	other				11559075	1	3084	2	0	3000
Picture	11	other				11589996	1	3083	2	0	3000
Picture	11	other				11620499	1	3084	2	0	3000
Picture	21	other				11649420	1	3083	2	0	3000
Picture	21	other				11687674	1	3084	2	0	3000
Picture	20	other				11718011	1	3084	2	0	3000
Picture	20	other				11748765	1	3084	2	0	3000
Picture	20	other				11777852	1	3084	2	0	3000
Picture	20	other				11812356	1	3084	2	0	3000
Picture	10	other				11851111	1	3083	2	0	3000
Picture	10	other				11886448	1	3084	2	0	3000
Picture	10	other				11922786	1	3084	2	0	3000
Picture	10	other				11954790	1	3084	2	0	3000
Picture	10	other				11984627	1	3084	2	0	3000
Picture	20	other				12018798	1	3084	2	0	3000
Picture	11	other				12047968	1	3084	2	0	3000
Picture	20	other				12083222	1	3084	2	0	3000
Picture	21	other				12119227	1	3083	2	0	3000
Picture	20	other				12156815	1	3083	2	0	3000
Picture	21	other				12194819	1	3084	2	0	3000
