Scenario - EFT rapido Abril 2011
Logfile written - 07/06/2012 16:31:03

Subject	Trial	Event Type	Code	Time	TTime	Uncertainty	Duration	Uncertainty	ReqTime	ReqDur	Stim Type	Pair Index

DE	2	Picture	21	10252	0	1	3084	2	0	3000	other	0
DE	3	Response	2	16223	2804	2
DE	4	Picture	21	19920	0	1	3083	2	0	3000	other	0
DE	6	Picture	10	28337	0	1	3084	2	0	3000	other	0
DE	8	Picture	21	39172	0	1	3084	2	0	3000	other	0
DE	9	Response	2	47161	4822	1
DE	10	Picture	11	49090	0	1	3084	2	0	3000	other	0
DE	11	Response	1	56223	3966	1
DE	12	Picture	10	57424	0	1	3084	2	0	3000	other	0
DE	13	Response	1	64506	3915	1
DE	14	Picture	10	68176	0	1	3083	2	0	3000	other	0
DE	15	Response	1	73722	2379	2
DE	16	Picture	21	77343	0	1	3084	2	0	3000	other	0
DE	17	Response	2	82941	2431	1
DE	18	Picture	21	88428	0	1	3084	2	0	3000	other	0
DE	19	Response	2	92629	1034	1
DE	20	Picture	20	99596	0	1	3084	2	0	3000	other	0
DE	21	Response	2	105132	2369	1
DE	22	Picture	21	108847	0	1	3084	2	0	3000	other	0
DE	23	Response	2	114035	2021	1
DE	24	Picture	10	118848	0	1	3084	2	0	3000	other	0
DE	25	Response	1	125598	3583	1
DE	26	Picture	11	128350	0	1	3083	2	0	3000	other	0
DE	27	Response	1	133878	2361	2
DE	28	Picture	11	137101	0	1	3083	2	0	3000	other	0
DE	29	Response	1	141847	1579	2
DE	30	Picture	11	146518	0	2	3084	3	0	3000	other	0
DE	31	Response	1	150284	599	2
DE	32	Picture	10	157103	0	1	3084	2	0	3000	other	0
DE	33	Response	2	161378	1108	1
DE	34	Picture	21	165604	0	1	3084	2	0	3000	other	0
DE	35	Response	2	171847	3076	1
DE	36	Picture	11	175355	0	1	3084	2	0	3000	other	0
DE	37	Response	1	179190	668	2
DE	38	Picture	10	185273	0	1	3084	2	0	3000	other	0
DE	39	Response	1	190128	1688	2
DE	40	Picture	21	196108	0	1	3084	2	0	3000	other	0
DE	41	Response	2	201691	2416	1
DE	42	Picture	20	207026	0	1	3084	2	0	3000	other	0
DE	43	Response	2	215597	5404	1
DE	44	Picture	11	216610	0	1	3084	2	0	3000	other	0
DE	45	Response	1	222160	2383	1
DE	46	Picture	20	226195	0	1	3083	3	0	3000	other	0
DE	47	Response	2	232003	2641	1
DE	48	Picture	21	237279	0	2	3084	3	0	3000	other	0
DE	49	Response	2	241534	1087	1
DE	50	Picture	11	246447	0	1	3084	2	0	3000	other	0
DE	51	Response	1	250909	1295	1
DE	52	Picture	11	257199	0	1	3083	2	0	3000	other	0
DE	53	Response	1	261534	1168	1
DE	54	Picture	10	266200	0	1	3083	2	0	3000	other	0
DE	55	Response	1	271847	2480	1
DE	56	Picture	10	275701	0	1	3084	2	0	3000	other	0
DE	57	Response	1	281065	2197	1
DE	58	Picture	11	284702	0	1	3084	2	0	3000	other	0
DE	59	Response	1	288721	852	2
DE	60	Picture	11	293953	0	1	3084	2	0	3000	other	0
DE	61	Response	1	297471	351	2
DE	62	Picture	21	302621	0	1	3083	3	0	3000	other	0
DE	63	Response	2	307471	1683	1
DE	64	Picture	10	313455	0	2	3084	3	0	3000	other	0
DE	65	Response	1	318409	1787	1
DE	66	Picture	10	322790	0	1	3084	2	0	3000	other	0
DE	67	Response	1	327940	1983	1
DE	68	Picture	11	332708	0	1	3083	3	0	3000	other	0
DE	69	Response	1	336534	659	1
DE	70	Picture	11	343542	0	2	3084	3	0	3000	other	0
DE	71	Response	1	349034	2325	1
DE	72	Picture	11	354710	0	2	3084	3	0	3000	other	0
DE	73	Response	1	358252	375	1
DE	74	Picture	21	363211	0	2	3084	3	0	3000	other	0
DE	75	Response	1	366690	311	1
DE	76	Picture	11	372463	0	1	3083	2	0	3000	other	0
DE	77	Response	1	376690	1060	1
DE	78	Picture	21	381214	0	1	3083	2	0	3000	other	0
DE	79	Response	2	385283	902	1
DE	80	Picture	20	391965	0	1	3084	2	0	3000	other	0
DE	81	Response	1	396690	1558	1
DE	82	Picture	10	401133	0	1	3083	3	0	3000	other	0
DE	83	Response	1	407158	2858	1
DE	84	Picture	20	411134	0	1	3084	2	0	3000	other	0
DE	85	Response	2	418408	4107	1
DE	86	Picture	21	419385	0	1	3084	2	0	3000	other	0
DE	87	Response	2	425129	2577	1
DE	88	Picture	21	429803	0	1	3084	2	0	3000	other	0
DE	89	Response	2	435908	2938	1
DE	90	Picture	20	439054	0	1	3084	2	0	3000	other	0
DE	91	Response	2	445439	3218	1
DE	92	Picture	20	449222	0	1	3084	2	0	3000	other	0
DE	93	Response	1	455130	2741	1
DE	94	Picture	11	459973	0	1	3084	2	0	3000	other	0
DE	95	Response	1	466220	3080	2
DE	96	Picture	20	470225	0	1	3083	2	0	3000	other	0
DE	97	Response	2	478881	5489	1
DE	98	Picture	21	478976	0	1	3083	2	0	3000	other	0
DE	100	Picture	21	487227	0	1	3083	2	0	3000	other	0
DE	101	Response	2	491220	826	1
DE	102	Picture	11	497811	0	1	3084	2	0	3000	other	0
DE	103	Response	1	501689	711	1
DE	104	Picture	21	507146	0	1	3083	2	0	3000	other	0
DE	105	Response	2	513407	3094	1
DE	106	Picture	11	517980	0	1	3084	2	0	3000	other	0
DE	107	Response	1	522157	1010	2
DE	108	Picture	21	526731	0	1	3084	2	0	3000	other	0
DE	109	Response	2	533563	3665	2
DE	110	Picture	21	537899	0	2	3084	3	0	3000	other	0
DE	111	Response	2	541845	779	1
DE	112	Picture	10	546901	0	1	3083	2	0	3000	other	0
DE	114	Picture	11	557985	0	1	3084	2	0	3000	other	0
DE	116	Picture	11	566486	0	1	3084	2	0	3000	other	0
DE	118	Picture	21	576904	0	1	3084	2	0	3000	other	0
DE	119	Response	2	582001	1930	1
DE	120	Picture	11	585405	0	1	3084	2	0	3000	other	0
DE	121	Response	1	592001	3429	1
DE	122	Picture	20	596573	0	1	3084	2	0	3000	other	0
DE	124	Picture	10	606158	0	1	3083	3	0	3000	other	0
DE	125	Response	1	615127	5802	1
DE	126	Picture	10	615242	0	1	3084	2	0	3000	other	0
DE	127	Response	2	620750	2341	2
DE	128	Picture	20	624493	0	1	3084	2	0	3000	other	0
DE	130	Picture	20	634328	0	1	3084	2	0	3000	other	0
DE	130	Response	1	637313	2985	1
DE	132	Picture	21	644829	0	1	3084	2	0	3000	other	0
DE	134	Picture	21	654747	0	1	3084	2	0	3000	other	0
DE	135	Response	2	658719	805	1
DE	136	Picture	21	663248	0	1	3084	2	0	3000	other	0
DE	137	Response	2	668563	2148	1
DE	138	Picture	10	672166	0	1	3083	3	0	3000	other	0
DE	139	Response	2	676844	1511	1
DE	139	Response	1	680281	4948	1
DE	140	Picture	20	682250	0	1	3084	2	0	3000	other	0
DE	142	Picture	20	692752	0	1	3083	2	0	3000	other	0
DE	142	Response	2	694968	2216	2
DE	144	Picture	20	701836	0	1	3084	2	0	3000	other	0
DE	145	Response	2	705750	747	1
DE	146	Picture	10	712754	0	1	3084	2	0	3000	other	0
DE	147	Response	1	717781	1860	1
DE	148	Picture	11	721672	0	1	3083	3	0	3000	other	0
DE	149	Response	1	726062	1223	1
DE	150	Picture	10	731506	0	1	3084	2	0	3000	other	0
DE	151	Response	1	734812	139	1
DE	152	Picture	20	742508	0	1	3083	3	0	3000	other	0
DE	153	Response	2	747312	1637	1
DE	154	Picture	21	752342	0	1	3084	2	0	3000	other	0
DE	155	Response	2	757468	1959	1
DE	156	Picture	21	760760	0	1	3084	2	0	3000	other	0
DE	158	Picture	20	769344	0	1	3084	2	0	3000	other	0
DE	159	Response	2	773041	530	1
DE	160	Picture	20	779929	0	1	3084	2	0	3000	other	0
DE	160	Response	2	782937	3008	1
DE	162	Picture	10	790013	0	2	3084	3	0	3000	other	0
DE	163	Response	2	794187	1006	1
DE	163	Response	1	796061	2880	1
DE	164	Picture	10	800348	0	1	3084	2	0	3000	other	0
DE	165	Response	1	805749	2234	1
DE	166	Picture	11	809933	0	1	3083	2	0	3000	other	0
DE	168	Picture	20	819434	0	1	3083	2	0	3000	other	0
DE	168	Response	1	821687	2253	1
DE	170	Picture	21	828268	0	1	3084	2	0	3000	other	0
DE	171	Response	2	839343	7908	1
DE	172	Picture	10	839353	0	1	3084	2	0	3000	other	0
DE	174	Picture	21	849937	0	2	3084	3	0	3000	other	0
DE	176	Picture	20	860022	0	1	3084	2	0	3000	other	0
DE	176	Response	1	862468	2446	1
DE	178	Picture	11	870440	0	1	3084	2	0	3000	other	0
DE	178	Response	2	873516	3076	4
DE	180	Picture	11	879358	0	1	3083	2	0	3000	other	0
DE	181	Response	1	882780	255	1
DE	182	Picture	20	889026	0	1	3083	2	0	3000	other	0
DE	183	Response	1	892936	743	1
DE	184	Picture	11	897277	0	1	3083	2	0	3000	other	0
DE	185	Response	1	902467	2023	2
DE	186	Picture	21	907861	0	1	3084	2	0	3000	other	0
DE	187	Response	2	911686	658	1
DE	188	Picture	21	916195	0	2	3084	3	0	3000	other	0
DE	190	Picture	10	925697	0	1	3083	2	0	3000	other	0
DE	190	Response	2	928561	2864	1
DE	192	Picture	11	935365	0	1	3083	2	0	3000	other	0
DE	193	Response	1	939499	967	1
DE	194	Picture	21	945532	0	1	3084	2	0	3000	other	0
DE	195	Response	2	951374	2675	1
DE	196	Picture	20	956284	0	1	3083	2	0	3000	other	0
DE	197	Response	1	959967	516	1
DE	198	Picture	10	965702	0	1	3083	2	0	3000	other	0
DE	199	Response	1	970279	1410	2
DE	200	Picture	21	975536	0	1	3084	2	0	3000	other	0
DE	201	Response	2	980279	1576	1
DE	202	Picture	10	986537	0	1	3084	2	0	3000	other	0
DE	203	Response	1	991217	1513	1
DE	204	Picture	10	995955	0	1	3084	2	0	3000	other	0
DE	205	Response	1	1001998	2876	1
DE	206	Picture	21	1004623	0	1	3084	2	0	3000	other	0
DE	207	Response	2	1009654	1864	1
DE	208	Picture	11	1015291	0	1	3084	2	0	3000	other	0
DE	209	Response	1	1019342	884	1
DE	210	Picture	11	1024125	0	1	3084	2	0	3000	other	0
DE	211	Response	1	1028404	1112	1
DE	212	Picture	20	1032543	0	1	3084	2	0	3000	other	0
DE	213	Response	2	1038091	2381	2
DE	214	Picture	10	1042961	0	1	3084	2	0	3000	other	0
DE	215	Response	1	1046998	870	1
DE	216	Picture	11	1051879	0	1	3083	2	0	3000	other	0
DE	217	Response	1	1056373	1327	1
DE	218	Picture	20	1061046	0	2	3084	3	0	3000	other	0
DE	219	Response	2	1066216	2002	2
DE	220	Picture	10	1072048	0	1	3084	2	0	3000	other	0
DE	221	Response	1	1075279	64	1
DE	222	Picture	20	1081716	0	1	3083	2	0	3000	other	0
DE	223	Response	2	1085278	395	2
DE	224	Picture	11	1092300	0	1	3084	2	0	3000	other	0
DE	224	Response	1	1095125	2825	1
DE	226	Picture	10	1103468	0	1	3084	2	0	3000	other	0
DE	227	Response	2	1107466	831	1
DE	228	Picture	21	1113386	0	1	3084	2	0	3000	other	0
DE	229	Response	2	1118247	1694	1
DE	230	Picture	20	1123971	0	1	3084	2	0	3000	other	0
DE	231	Response	1	1127466	328	1
DE	232	Picture	10	1133222	0	1	3084	2	0	3000	other	0
DE	233	Response	1	1137934	1545	2
DE	234	Picture	21	1142306	0	1	3084	2	0	3000	other	0
DE	235	Response	2	1146528	1055	1
DE	236	Picture	10	1151974	0	1	3084	2	0	3000	other	0
DE	236	Response	1	1154653	2679	1
DE	238	Picture	21	1160559	0	1	3083	2	0	3000	other	0
DE	239	Response	2	1163872	146	1
DE	240	Picture	10	1170560	0	1	3084	2	0	3000	other	0
DE	240	Response	1	1171997	1437	1
DE	242	Picture	20	1180228	0	1	3083	2	0	3000	other	0
DE	242	Response	2	1182934	2706	2
DE	244	Picture	10	1190979	0	1	3084	2	0	3000	other	0
DE	244	Response	1	1193715	2736	1
DE	246	Picture	11	1201647	0	1	3084	2	0	3000	other	0
DE	247	Response	1	1206528	1714	1
DE	248	Picture	11	1210815	0	1	3083	2	0	3000	other	0
DE	249	Response	1	1214965	983	1
DE	250	Picture	20	1220483	0	1	3083	2	0	3000	other	0
DE	250	Response	1	1223403	2920	1
DE	252	Picture	21	1230984	0	1	3084	2	0	3000	other	0
DE	252	Response	2	1233871	2887	1
DE	254	Picture	21	1241068	0	1	3084	2	0	3000	other	0
DE	255	Response	2	1245434	1199	1
DE	256	Picture	11	1249319	0	2	3084	3	0	3000	other	0
DE	257	Response	1	1253090	604	2
DE	258	Picture	10	1259404	0	1	3084	2	0	3000	other	0
DE	259	Response	1	1264340	1769	1
DE	260	Picture	11	1269905	0	1	3084	2	0	3000	other	0
DE	261	Response	1	1273418	346	1
DE	262	Picture	21	1278156	0	1	3084	2	0	3000	other	0
DE	263	Response	2	1282934	1611	1
DE	264	Picture	21	1288491	0	1	3084	2	0	3000	other	0
DE	265	Response	2	1292934	1276	1
DE	266	Picture	10	1298992	0	1	3084	2	0	3000	other	0
DE	267	Response	1	1303871	1712	1
DE	268	Picture	20	1307410	0	1	3084	2	0	3000	other	0
DE	269	Response	2	1313715	3138	1
DE	270	Picture	21	1318328	0	1	3084	2	0	3000	other	0
DE	271	Response	2	1322933	1438	1
DE	272	Picture	20	1327996	0	1	3083	2	0	3000	other	0
DE	273	Response	1	1331840	677	1
DE	274	Picture	20	1338164	0	1	3083	2	0	3000	other	0
DE	275	Response	2	1341840	509	1
DE	276	Picture	21	1348748	0	1	3084	2	0	3000	other	0
DE	276	Response	2	1351839	3091	2
DE	278	Picture	21	1359499	0	2	3084	3	0	3000	other	0
DE	278	Response	2	1362620	3121	2
DE	280	Picture	21	1368501	0	1	3083	2	0	3000	other	0
DE	281	Response	2	1371996	328	1
DE	282	Picture	11	1377335	0	1	3084	2	0	3000	other	0
DE	283	Response	2	1380589	87	2
DE	284	Picture	20	1387836	0	1	3084	2	0	3000	other	0
DE	284	Response	1	1390121	2285	1
DE	286	Picture	11	1397421	0	1	3083	3	0	3000	other	0
DE	287	Response	1	1400589	2	1
DE	288	Picture	20	1406839	0	1	3083	2	0	3000	other	0
DE	288	Response	1	1409651	2812	1
DE	290	Picture	11	1417340	0	1	3084	2	0	3000	other	0
DE	290	Response	2	1419496	2156	1
DE	292	Picture	21	1426174	0	1	3084	2	0	3000	other	0
DE	293	Response	2	1431214	1873	1
DE	294	Picture	21	1435259	0	1	3083	2	0	3000	other	0
DE	295	Response	2	1442151	3725	2
DE	296	Picture	11	1444427	0	1	3083	2	0	3000	other	0
DE	297	Response	1	1451058	3464	1
DE	298	Picture	11	1452928	0	1	3083	2	0	3000	other	0
DE	299	Response	1	1457463	1368	2
DE	300	Picture	20	1464096	0	1	3083	2	0	3000	other	0
DE	301	Response	2	1469495	2232	1
DE	303	Picture	10	1494183	0	1	3083	2	0	3000	other	0
DE	304	Response	1	1499338	1988	1
DE	305	Picture	10	1504934	0	1	3084	2	0	3000	other	0
DE	306	Response	1	1509495	1394	1
DE	307	Picture	11	1514602	0	1	3083	2	0	3000	other	0
DE	308	Response	1	1518874	1105	1
DE	309	Picture	11	1524103	0	1	3084	2	0	3000	other	0
DE	310	Response	1	1527620	350	1
DE	311	Picture	10	1533854	0	1	3084	2	0	3000	other	0
DE	312	Response	2	1537932	911	1
DE	313	Picture	20	1544022	0	1	3084	2	0	3000	other	0
DE	313	Response	1	1547151	3129	1
DE	315	Picture	20	1552440	0	1	3083	2	0	3000	other	0
DE	317	Picture	20	1562358	0	1	3083	2	0	3000	other	0
DE	318	Response	1	1566370	845	1
DE	319	Picture	10	1572192	0	1	3084	2	0	3000	other	0
DE	321	Picture	21	1580943	0	1	3084	2	0	3000	other	0
DE	321	Response	1	1583557	2614	1
DE	323	Picture	10	1591361	0	1	3084	2	0	3000	other	0
DE	323	Response	1	1593869	2508	1
DE	325	Picture	11	1600946	0	1	3083	2	0	3000	other	0
DE	325	Response	2	1603401	2455	1
DE	327	Picture	21	1609280	0	1	3084	2	0	3000	other	0
DE	328	Response	1	1612463	16	1
DE	329	Picture	20	1618614	0	1	3084	2	0	3000	other	0
DE	330	Response	1	1622619	838	1
DE	331	Picture	20	1629532	0	1	3084	2	0	3000	other	0
DE	332	Response	2	1639338	6639	1
DE	333	Picture	21	1640450	0	1	3084	2	0	3000	other	0
DE	335	Picture	11	1650202	0	1	3083	2	0	3000	other	0
DE	335	Response	1	1652150	1948	1
DE	337	Picture	21	1660203	0	1	3083	3	0	3000	other	0
DE	337	Response	2	1661837	1634	2
DE	339	Picture	20	1669621	0	1	3083	2	0	3000	other	0
DE	339	Response	1	1671994	2373	1
DE	341	Picture	20	1678288	0	1	3084	2	0	3000	other	0
DE	342	Response	1	1682619	1164	1
DE	343	Picture	21	1688706	0	1	3084	2	0	3000	other	0
DE	344	Response	2	1693087	1214	1
DE	345	Picture	10	1699291	0	1	3084	2	0	3000	other	0
DE	346	Response	1	1705121	2663	1
DE	347	Picture	11	1710042	0	1	3084	2	0	3000	other	0
DE	348	Response	1	1714180	971	2
DE	349	Picture	11	1719627	0	1	3083	2	0	3000	other	0
DE	350	Response	1	1723556	762	1
DE	351	Picture	21	1729211	0	1	3084	2	0	3000	other	0
DE	352	Response	2	1734024	1646	1
DE	353	Picture	21	1740379	0	1	3084	2	0	3000	other	0
DE	354	Response	2	1744337	791	1
DE	355	Picture	21	1749964	0	1	3083	2	0	3000	other	0
DE	356	Response	2	1757305	4174	1
DE	357	Picture	20	1759465	0	1	3084	2	0	3000	other	0
DE	358	Response	1	1764930	2298	1
DE	359	Picture	11	1768466	0	1	3084	2	0	3000	other	0
DE	360	Response	1	1774493	2860	1
DE	361	Picture	11	1776884	0	1	3083	2	0	3000	other	0
DE	362	Response	1	1781056	1005	1
DE	363	Picture	21	1786718	0	1	3084	2	0	3000	other	0
DE	364	Response	1	1791212	1327	1
DE	365	Picture	20	1795553	0	1	3083	2	0	3000	other	0
DE	367	Picture	10	1804804	0	1	3083	2	0	3000	other	0
DE	368	Response	1	1813711	5740	2
DE	369	Picture	11	1814972	0	1	3083	2	0	3000	other	0
DE	371	Picture	10	1823723	0	1	3083	2	0	3000	other	0
DE	371	Response	1	1825586	1863	1
DE	373	Picture	11	1832724	0	1	3084	2	0	3000	other	0
DE	374	Response	1	1836836	945	1
DE	375	Picture	20	1842892	0	1	3083	2	0	3000	other	0
DE	375	Response	1	1845743	2851	1
DE	377	Picture	20	1853893	0	1	3084	2	0	3000	other	0
DE	377	Response	2	1856992	3099	2
DE	379	Picture	10	1863394	0	1	3084	2	0	3000	other	0
DE	380	Response	2	1866992	431	2
DE	381	Picture	20	1871895	0	1	3084	2	0	3000	other	0
DE	381	Response	1	1874648	2753	1
DE	383	Picture	11	1882063	0	1	3084	2	0	3000	other	0
DE	384	Response	1	1885430	200	1
DE	385	Picture	21	1890648	0	1	3083	2	0	3000	other	0
DE	386	Response	2	1894804	989	1
DE	387	Picture	10	1900982	0	1	3084	2	0	3000	other	0
DE	388	Response	1	1905273	1124	1
DE	389	Picture	10	1912067	0	1	3083	3	0	3000	other	0
DE	390	Response	1	1916367	1133	1
DE	391	Picture	21	1920651	0	1	3084	2	0	3000	other	0
DE	392	Response	2	1925586	1768	1
DE	393	Picture	11	1931069	0	1	3084	2	0	3000	other	0
DE	394	Response	1	1934961	725	1
DE	395	Picture	10	1939653	0	2	3084	3	0	3000	other	0
DE	396	Response	1	1945586	2765	1
DE	397	Picture	10	1949905	0	1	3083	2	0	3000	other	0
DE	398	Response	1	1954179	1107	1
DE	399	Picture	20	1960323	0	1	3083	2	0	3000	other	0
DE	399	Response	2	1963085	2762	2
DE	401	Picture	21	1968740	0	1	3084	2	0	3000	other	0
DE	402	Response	2	1973867	1960	1
DE	403	Picture	11	1978908	0	1	3084	2	0	3000	other	0
DE	404	Response	1	1982773	698	1
DE	405	Picture	20	1987743	0	1	3083	2	0	3000	other	0
DE	406	Response	1	1992148	1238	1
DE	407	Picture	21	1997577	0	1	3084	2	0	3000	other	0
DE	408	Response	2	2001210	466	1
DE	409	Picture	11	2006745	0	1	3084	2	0	3000	other	0
DE	409	Response	1	2009804	3059	1
DE	411	Picture	10	2015163	0	1	3083	2	0	3000	other	0
DE	412	Response	1	2020898	2568	1
DE	413	Picture	20	2024414	0	1	3084	2	0	3000	other	0
DE	414	Response	1	2029491	1910	1
DE	415	Picture	10	2034498	0	1	3084	2	0	3000	other	0
DE	416	Response	1	2038871	1206	1
DE	417	Picture	11	2045583	0	1	3084	2	0	3000	other	0
DE	418	Response	1	2049335	585	1
DE	419	Picture	21	2054417	0	2	3084	3	0	3000	other	0
DE	420	Response	2	2059492	1907	1
DE	421	Picture	21	2063585	0	1	3084	2	0	3000	other	0
DE	422	Response	2	2069335	2583	1
DE	423	Picture	21	2073836	0	2	3084	3	0	3000	other	0
DE	424	Response	2	2077147	143	2
DE	425	Picture	11	2082754	0	1	3084	2	0	3000	other	0
DE	426	Response	1	2087303	1382	1
DE	427	Picture	11	2091589	0	1	3083	2	0	3000	other	0
DE	428	Response	1	2095897	1141	1
DE	429	Picture	10	2101340	0	1	3084	2	0	3000	other	0
DE	430	Response	2	2106678	2171	2
DE	431	Picture	10	2111591	0	1	3084	2	0	3000	other	0
DE	432	Response	1	2116365	1607	2
DE	433	Picture	20	2120592	0	1	3084	2	0	3000	other	0
DE	434	Response	1	2123866	107	1
DE	435	Picture	21	2128927	0	1	3083	2	0	3000	other	0
DE	436	Response	2	2133240	1146	1
DE	437	Picture	20	2137344	0	1	3084	2	0	3000	other	0
DE	438	Response	2	2143084	2573	2
DE	439	Picture	11	2147762	0	1	3084	2	0	3000	other	0
DE	440	Response	1	2151990	1061	1
DE	441	Picture	11	2156347	0	1	3083	2	0	3000	other	0
DE	442	Response	1	2160740	1226	1
DE	443	Picture	20	2164764	0	1	3084	2	0	3000	other	0
DE	444	Response	2	2170116	2185	1
DE	445	Picture	20	2173432	0	1	3084	2	0	3000	other	0
DE	446	Response	2	2180271	3672	2
DE	447	Picture	20	2183933	0	1	3084	2	0	3000	other	0
DE	447	Response	1	2186990	3057	1
DE	449	Picture	11	2194601	0	1	3084	2	0	3000	other	0
DE	450	Response	1	2198870	1102	1
DE	451	Picture	20	2205436	0	1	3084	2	0	3000	other	0
DE	452	Response	2	2210115	1512	1
DE	453	Picture	10	2215687	0	1	3084	2	0	3000	other	0
DE	454	Response	1	2219803	949	1
DE	455	Picture	21	2225772	0	1	3083	2	0	3000	other	0
DE	456	Response	2	2230271	1332	1
DE	457	Picture	11	2236773	0	1	3084	2	0	3000	other	0
DE	458	Response	1	2240427	487	1
DE	459	Picture	21	2245191	0	1	3083	2	0	3000	other	0
DE	460	Response	2	2249646	1288	1
DE	461	Picture	20	2254775	0	1	3084	2	0	3000	other	0
DE	462	Response	1	2258709	767	1
DE	463	Picture	11	2264943	0	1	3084	2	0	3000	other	0
DE	464	Response	1	2269177	1067	2
DE	465	Picture	10	2274528	0	1	3083	2	0	3000	other	0
DE	466	Response	2	2278708	1013	1
DE	467	Picture	20	2284362	0	1	3084	2	0	3000	other	0
DE	468	Response	2	2289645	2116	2
DE	469	Picture	10	2293280	0	1	3084	2	0	3000	other	0
DE	470	Response	1	2296833	386	1
DE	471	Picture	20	2303198	0	1	3083	3	0	3000	other	0
DE	472	Response	2	2308084	1719	1
DE	473	Picture	11	2312366	0	1	3083	2	0	3000	other	0
DE	474	Response	1	2317771	2238	1
DE	475	Picture	20	2321700	0	1	3084	2	0	3000	other	0
DE	476	Response	2	2328864	3997	1
DE	477	Picture	20	2331201	0	1	3084	2	0	3000	other	0
DE	479	Picture	21	2340952	0	1	3084	2	0	3000	other	0
DE	479	Response	2	2341364	412	1
DE	481	Picture	11	2352037	0	1	3084	2	0	3000	other	0
DE	481	Response	2	2354645	2608	1
DE	483	Picture	10	2361038	0	1	3084	2	0	3000	other	0
DE	484	Response	1	2366051	1846	2
DE	485	Picture	20	2370873	0	1	3083	2	0	3000	other	0
DE	486	Response	2	2375426	1386	1
DE	487	Picture	20	2381207	0	1	3084	2	0	3000	other	0
DE	488	Response	2	2386520	2146	1
DE	489	Picture	10	2392292	0	1	3084	2	0	3000	other	0
DE	490	Response	1	2396208	749	1
DE	491	Picture	10	2401293	0	1	3084	2	0	3000	other	0
DE	492	Response	1	2405115	655	1
DE	493	Picture	10	2409544	0	1	3084	2	0	3000	other	0
DE	494	Response	1	2413864	1153	1
DE	495	Picture	21	2419045	0	1	3084	2	0	3000	other	0
DE	496	Response	1	2422770	558	1
DE	496	Response	2	2423864	1652	1
DE	497	Picture	21	2430130	0	1	3084	2	0	3000	other	0
DE	498	Response	1	2434645	1348	1
DE	499	Picture	20	2440131	0	1	3084	2	0	3000	other	0
DE	501	Picture	11	2448882	0	1	3084	2	0	3000	other	0
DE	502	Response	1	2454957	2908	2
DE	503	Picture	21	2459383	0	2	3084	3	0	3000	other	0
DE	504	Response	2	2463240	689	2
DE	505	Picture	21	2470218	0	1	3084	2	0	3000	other	0
DE	506	Response	2	2474645	1260	1
DE	507	Picture	11	2478886	0	1	3084	2	0	3000	other	0
DE	508	Response	1	2483395	1342	1
DE	509	Picture	11	2488220	0	1	3084	2	0	3000	other	0
DE	510	Response	1	2492301	914	1
DE	511	Picture	11	2497055	0	1	3083	2	0	3000	other	0
DE	512	Response	1	2501676	1454	1
DE	513	Picture	20	2506556	0	1	3084	2	0	3000	other	0
DE	514	Response	1	2510738	1015	1
DE	515	Picture	10	2515640	0	1	3084	2	0	3000	other	0
DE	516	Response	1	2521676	2869	1
DE	517	Picture	10	2526475	0	1	3084	2	0	3000	other	0
DE	517	Response	2	2529175	2700	1
DE	519	Picture	21	2536143	0	1	3084	2	0	3000	other	0
DE	520	Response	2	2541363	2053	1
DE	521	Picture	11	2546227	0	1	3084	2	0	3000	other	0
DE	522	Response	1	2550738	1344	1
DE	523	Picture	10	2556812	0	1	3084	2	0	3000	other	0
DE	524	Response	2	2561519	1540	1
DE	525	Picture	11	2566897	0	1	3083	2	0	3000	other	0
DE	526	Response	1	2570894	830	1
DE	527	Picture	10	2578148	0	1	3084	2	0	3000	other	0
DE	528	Response	1	2582613	1298	1
DE	529	Picture	10	2587482	0	1	3084	2	0	3000	other	0
DE	530	Response	1	2591675	1026	1
DE	531	Picture	10	2598317	0	1	3084	2	0	3000	other	0
DE	532	Response	1	2603550	2066	1
DE	533	Picture	10	2608068	0	1	3084	2	0	3000	other	0
DE	534	Response	2	2611363	128	1
DE	535	Picture	20	2618486	0	1	3084	2	0	3000	other	0
DE	536	Response	1	2621675	22	1
DE	537	Picture	11	2626737	0	1	3084	2	0	3000	other	0
DE	538	Response	1	2631831	1927	1
DE	539	Picture	11	2635488	0	1	3084	2	0	3000	other	0
DE	540	Response	1	2639956	1301	1
DE	541	Picture	11	2644823	0	1	3083	2	0	3000	other	0
DE	542	Response	1	2648862	872	1
DE	543	Picture	20	2653407	0	1	3084	2	0	3000	other	0
DE	544	Response	1	2656831	257	1
DE	545	Picture	10	2662575	0	1	3084	2	0	3000	other	0
DE	546	Response	2	2667143	1401	2
DE	547	Picture	10	2671659	0	1	3084	2	0	3000	other	0
DE	548	Response	1	2680425	5599	1
DE	549	Picture	10	2680660	0	2	3084	3	0	3000	other	0
DE	551	Picture	11	2689495	0	1	3084	2	0	3000	other	0
DE	552	Response	1	2694019	1357	1
DE	553	Picture	21	2699746	0	1	3084	2	0	3000	other	0
DE	553	Response	2	2702768	3022	1
DE	555	Picture	10	2708914	0	1	3084	2	0	3000	other	0
DE	555	Response	1	2711987	3073	1
DE	557	Picture	10	2718248	0	1	3084	2	0	3000	other	0
DE	558	Response	2	2721518	103	1
DE	559	Picture	21	2728000	0	1	3083	2	0	3000	other	0
DE	560	Response	1	2731831	664	1
DE	561	Picture	20	2736834	0	1	3084	2	0	3000	other	0
DE	563	Picture	11	2746002	0	1	3083	2	0	3000	other	0
DE	563	Response	2	2748862	2860	1
DE	565	Picture	11	2754753	0	1	3083	3	0	3000	other	0
DE	566	Response	1	2760424	2504	1
DE	567	Picture	20	2763087	0	1	3084	2	0	3000	other	0
DE	568	Response	2	2772143	5889	1
DE	569	Picture	10	2774088	0	2	3084	3	0	3000	other	0
DE	571	Picture	11	2782923	0	1	3084	2	0	3000	other	0
DE	571	Response	1	2786049	3126	1
DE	573	Picture	10	2793341	0	1	3084	2	0	3000	other	0
DE	574	Response	1	2796517	9	2
DE	575	Picture	20	2802009	0	1	3083	2	0	3000	other	0
DE	576	Response	2	2806205	1029	1
DE	577	Picture	11	2811093	0	1	3084	2	0	3000	other	0
DE	578	Response	1	2814798	538	2
DE	579	Picture	20	2820511	0	1	3084	2	0	3000	other	0
DE	580	Response	2	2824954	1276	2
DE	581	Picture	10	2830679	0	1	3083	2	0	3000	other	0
DE	582	Response	1	2834955	1109	1
DE	583	Picture	10	2840597	0	1	3083	2	0	3000	other	0
DE	584	Response	2	2844329	565	1
DE	585	Picture	10	2851515	0	1	3083	2	0	3000	other	0
DE	586	Response	1	2856361	1679	1
DE	587	Picture	10	2862349	0	1	3084	2	0	3000	other	0
DE	588	Response	1	2866204	688	2
DE	589	Picture	11	2871850	0	1	3084	2	0	3000	other	0
DE	590	Response	1	2876204	1187	2
DE	591	Picture	20	2881018	0	1	3084	2	0	3000	other	0
DE	592	Response	2	2885892	1707	1
DE	593	Picture	20	2891436	0	1	3084	2	0	3000	other	0
DE	594	Response	2	2896517	1914	1
DE	595	Picture	20	2900437	0	1	3084	2	0	3000	other	0
DE	596	Response	2	2904017	413	1
DE	597	Picture	20	2909022	0	1	3083	2	0	3000	other	0
DE	597	Response	2	2911673	2651	1
DE	599	Picture	21	2917523	0	1	3083	2	0	3000	other	0
DE	599	Response	2	2920266	2743	2
DE	601	Picture	11	2926940	0	2	3084	3	0	3000	other	0
DE	602	Response	1	2931204	1097	1


Event Type	Code	Type	Response	RT	RT Uncertainty	Time	Uncertainty	Duration	Uncertainty	ReqTime	ReqDur

Picture	21	other				10252	1	3084	2	0	3000
Picture	21	other				19920	1	3083	2	0	3000
Picture	10	other				28337	1	3084	2	0	3000
Picture	21	other				39172	1	3084	2	0	3000
Picture	11	other				49090	1	3084	2	0	3000
Picture	10	other				57424	1	3084	2	0	3000
Picture	10	other				68176	1	3083	2	0	3000
Picture	21	other				77343	1	3084	2	0	3000
Picture	21	other				88428	1	3084	2	0	3000
Picture	20	other				99596	1	3084	2	0	3000
Picture	21	other				108847	1	3084	2	0	3000
Picture	10	other				118848	1	3084	2	0	3000
Picture	11	other				128350	1	3083	2	0	3000
Picture	11	other				137101	1	3083	2	0	3000
Picture	11	other				146518	2	3084	3	0	3000
Picture	10	other				157103	1	3084	2	0	3000
Picture	21	other				165604	1	3084	2	0	3000
Picture	11	other				175355	1	3084	2	0	3000
Picture	10	other				185273	1	3084	2	0	3000
Picture	21	other				196108	1	3084	2	0	3000
Picture	20	other				207026	1	3084	2	0	3000
Picture	11	other				216610	1	3084	2	0	3000
Picture	20	other				226195	1	3083	3	0	3000
Picture	21	other				237279	2	3084	3	0	3000
Picture	11	other				246447	1	3084	2	0	3000
Picture	11	other				257199	1	3083	2	0	3000
Picture	10	other				266200	1	3083	2	0	3000
Picture	10	other				275701	1	3084	2	0	3000
Picture	11	other				284702	1	3084	2	0	3000
Picture	11	other				293953	1	3084	2	0	3000
Picture	21	other				302621	1	3083	3	0	3000
Picture	10	other				313455	2	3084	3	0	3000
Picture	10	other				322790	1	3084	2	0	3000
Picture	11	other				332708	1	3083	3	0	3000
Picture	11	other				343542	2	3084	3	0	3000
Picture	11	other				354710	2	3084	3	0	3000
Picture	21	other				363211	2	3084	3	0	3000
Picture	11	other				372463	1	3083	2	0	3000
Picture	21	other				381214	1	3083	2	0	3000
Picture	20	other				391965	1	3084	2	0	3000
Picture	10	other				401133	1	3083	3	0	3000
Picture	20	other				411134	1	3084	2	0	3000
Picture	21	other				419385	1	3084	2	0	3000
Picture	21	other				429803	1	3084	2	0	3000
Picture	20	other				439054	1	3084	2	0	3000
Picture	20	other				449222	1	3084	2	0	3000
Picture	11	other				459973	1	3084	2	0	3000
Picture	20	other				470225	1	3083	2	0	3000
Picture	21	other				478976	1	3083	2	0	3000
Picture	21	other				487227	1	3083	2	0	3000
Picture	11	other				497811	1	3084	2	0	3000
Picture	21	other				507146	1	3083	2	0	3000
Picture	11	other				517980	1	3084	2	0	3000
Picture	21	other				526731	1	3084	2	0	3000
Picture	21	other				537899	2	3084	3	0	3000
Picture	10	other				546901	1	3083	2	0	3000
Picture	11	other				557985	1	3084	2	0	3000
Picture	11	other				566486	1	3084	2	0	3000
Picture	21	other				576904	1	3084	2	0	3000
Picture	11	other				585405	1	3084	2	0	3000
Picture	20	other				596573	1	3084	2	0	3000
Picture	10	other				606158	1	3083	3	0	3000
Picture	10	other				615242	1	3084	2	0	3000
Picture	20	other				624493	1	3084	2	0	3000
Picture	20	other				634328	1	3084	2	0	3000
Picture	21	other				644829	1	3084	2	0	3000
Picture	21	other				654747	1	3084	2	0	3000
Picture	21	other				663248	1	3084	2	0	3000
Picture	10	other				672166	1	3083	3	0	3000
Picture	20	other				682250	1	3084	2	0	3000
Picture	20	other				692752	1	3083	2	0	3000
Picture	20	other				701836	1	3084	2	0	3000
Picture	10	other				712754	1	3084	2	0	3000
Picture	11	other				721672	1	3083	3	0	3000
Picture	10	other				731506	1	3084	2	0	3000
Picture	20	other				742508	1	3083	3	0	3000
Picture	21	other				752342	1	3084	2	0	3000
Picture	21	other				760760	1	3084	2	0	3000
Picture	20	other				769344	1	3084	2	0	3000
Picture	20	other				779929	1	3084	2	0	3000
Picture	10	other				790013	2	3084	3	0	3000
Picture	10	other				800348	1	3084	2	0	3000
Picture	11	other				809933	1	3083	2	0	3000
Picture	20	other				819434	1	3083	2	0	3000
Picture	21	other				828268	1	3084	2	0	3000
Picture	10	other				839353	1	3084	2	0	3000
Picture	21	other				849937	2	3084	3	0	3000
Picture	20	other				860022	1	3084	2	0	3000
Picture	11	other				870440	1	3084	2	0	3000
Picture	11	other				879358	1	3083	2	0	3000
Picture	20	other				889026	1	3083	2	0	3000
Picture	11	other				897277	1	3083	2	0	3000
Picture	21	other				907861	1	3084	2	0	3000
Picture	21	other				916195	2	3084	3	0	3000
Picture	10	other				925697	1	3083	2	0	3000
Picture	11	other				935365	1	3083	2	0	3000
Picture	21	other				945532	1	3084	2	0	3000
Picture	20	other				956284	1	3083	2	0	3000
Picture	10	other				965702	1	3083	2	0	3000
Picture	21	other				975536	1	3084	2	0	3000
Picture	10	other				986537	1	3084	2	0	3000
Picture	10	other				995955	1	3084	2	0	3000
Picture	21	other				1004623	1	3084	2	0	3000
Picture	11	other				1015291	1	3084	2	0	3000
Picture	11	other				1024125	1	3084	2	0	3000
Picture	20	other				1032543	1	3084	2	0	3000
Picture	10	other				1042961	1	3084	2	0	3000
Picture	11	other				1051879	1	3083	2	0	3000
Picture	20	other				1061046	2	3084	3	0	3000
Picture	10	other				1072048	1	3084	2	0	3000
Picture	20	other				1081716	1	3083	2	0	3000
Picture	11	other				1092300	1	3084	2	0	3000
Picture	10	other				1103468	1	3084	2	0	3000
Picture	21	other				1113386	1	3084	2	0	3000
Picture	20	other				1123971	1	3084	2	0	3000
Picture	10	other				1133222	1	3084	2	0	3000
Picture	21	other				1142306	1	3084	2	0	3000
Picture	10	other				1151974	1	3084	2	0	3000
Picture	21	other				1160559	1	3083	2	0	3000
Picture	10	other				1170560	1	3084	2	0	3000
Picture	20	other				1180228	1	3083	2	0	3000
Picture	10	other				1190979	1	3084	2	0	3000
Picture	11	other				1201647	1	3084	2	0	3000
Picture	11	other				1210815	1	3083	2	0	3000
Picture	20	other				1220483	1	3083	2	0	3000
Picture	21	other				1230984	1	3084	2	0	3000
Picture	21	other				1241068	1	3084	2	0	3000
Picture	11	other				1249319	2	3084	3	0	3000
Picture	10	other				1259404	1	3084	2	0	3000
Picture	11	other				1269905	1	3084	2	0	3000
Picture	21	other				1278156	1	3084	2	0	3000
Picture	21	other				1288491	1	3084	2	0	3000
Picture	10	other				1298992	1	3084	2	0	3000
Picture	20	other				1307410	1	3084	2	0	3000
Picture	21	other				1318328	1	3084	2	0	3000
Picture	20	other				1327996	1	3083	2	0	3000
Picture	20	other				1338164	1	3083	2	0	3000
Picture	21	other				1348748	1	3084	2	0	3000
Picture	21	other				1359499	2	3084	3	0	3000
Picture	21	other				1368501	1	3083	2	0	3000
Picture	11	other				1377335	1	3084	2	0	3000
Picture	20	other				1387836	1	3084	2	0	3000
Picture	11	other				1397421	1	3083	3	0	3000
Picture	20	other				1406839	1	3083	2	0	3000
Picture	11	other				1417340	1	3084	2	0	3000
Picture	21	other				1426174	1	3084	2	0	3000
Picture	21	other				1435259	1	3083	2	0	3000
Picture	11	other				1444427	1	3083	2	0	3000
Picture	11	other				1452928	1	3083	2	0	3000
Picture	20	other				1464096	1	3083	2	0	3000
Picture	10	other				1494183	1	3083	2	0	3000
Picture	10	other				1504934	1	3084	2	0	3000
Picture	11	other				1514602	1	3083	2	0	3000
Picture	11	other				1524103	1	3084	2	0	3000
Picture	10	other				1533854	1	3084	2	0	3000
Picture	20	other				1544022	1	3084	2	0	3000
Picture	20	other				1552440	1	3083	2	0	3000
Picture	20	other				1562358	1	3083	2	0	3000
Picture	10	other				1572192	1	3084	2	0	3000
Picture	21	other				1580943	1	3084	2	0	3000
Picture	10	other				1591361	1	3084	2	0	3000
Picture	11	other				1600946	1	3083	2	0	3000
Picture	21	other				1609280	1	3084	2	0	3000
Picture	20	other				1618614	1	3084	2	0	3000
Picture	20	other				1629532	1	3084	2	0	3000
Picture	21	other				1640450	1	3084	2	0	3000
Picture	11	other				1650202	1	3083	2	0	3000
Picture	21	other				1660203	1	3083	3	0	3000
Picture	20	other				1669621	1	3083	2	0	3000
Picture	20	other				1678288	1	3084	2	0	3000
Picture	21	other				1688706	1	3084	2	0	3000
Picture	10	other				1699291	1	3084	2	0	3000
Picture	11	other				1710042	1	3084	2	0	3000
Picture	11	other				1719627	1	3083	2	0	3000
Picture	21	other				1729211	1	3084	2	0	3000
Picture	21	other				1740379	1	3084	2	0	3000
Picture	21	other				1749964	1	3083	2	0	3000
Picture	20	other				1759465	1	3084	2	0	3000
Picture	11	other				1768466	1	3084	2	0	3000
Picture	11	other				1776884	1	3083	2	0	3000
Picture	21	other				1786718	1	3084	2	0	3000
Picture	20	other				1795553	1	3083	2	0	3000
Picture	10	other				1804804	1	3083	2	0	3000
Picture	11	other				1814972	1	3083	2	0	3000
Picture	10	other				1823723	1	3083	2	0	3000
Picture	11	other				1832724	1	3084	2	0	3000
Picture	20	other				1842892	1	3083	2	0	3000
Picture	20	other				1853893	1	3084	2	0	3000
Picture	10	other				1863394	1	3084	2	0	3000
Picture	20	other				1871895	1	3084	2	0	3000
Picture	11	other				1882063	1	3084	2	0	3000
Picture	21	other				1890648	1	3083	2	0	3000
Picture	10	other				1900982	1	3084	2	0	3000
Picture	10	other				1912067	1	3083	3	0	3000
Picture	21	other				1920651	1	3084	2	0	3000
Picture	11	other				1931069	1	3084	2	0	3000
Picture	10	other				1939653	2	3084	3	0	3000
Picture	10	other				1949905	1	3083	2	0	3000
Picture	20	other				1960323	1	3083	2	0	3000
Picture	21	other				1968740	1	3084	2	0	3000
Picture	11	other				1978908	1	3084	2	0	3000
Picture	20	other				1987743	1	3083	2	0	3000
Picture	21	other				1997577	1	3084	2	0	3000
Picture	11	other				2006745	1	3084	2	0	3000
Picture	10	other				2015163	1	3083	2	0	3000
Picture	20	other				2024414	1	3084	2	0	3000
Picture	10	other				2034498	1	3084	2	0	3000
Picture	11	other				2045583	1	3084	2	0	3000
Picture	21	other				2054417	2	3084	3	0	3000
Picture	21	other				2063585	1	3084	2	0	3000
Picture	21	other				2073836	2	3084	3	0	3000
Picture	11	other				2082754	1	3084	2	0	3000
Picture	11	other				2091589	1	3083	2	0	3000
Picture	10	other				2101340	1	3084	2	0	3000
Picture	10	other				2111591	1	3084	2	0	3000
Picture	20	other				2120592	1	3084	2	0	3000
Picture	21	other				2128927	1	3083	2	0	3000
Picture	20	other				2137344	1	3084	2	0	3000
Picture	11	other				2147762	1	3084	2	0	3000
Picture	11	other				2156347	1	3083	2	0	3000
Picture	20	other				2164764	1	3084	2	0	3000
Picture	20	other				2173432	1	3084	2	0	3000
Picture	20	other				2183933	1	3084	2	0	3000
Picture	11	other				2194601	1	3084	2	0	3000
Picture	20	other				2205436	1	3084	2	0	3000
Picture	10	other				2215687	1	3084	2	0	3000
Picture	21	other				2225772	1	3083	2	0	3000
Picture	11	other				2236773	1	3084	2	0	3000
Picture	21	other				2245191	1	3083	2	0	3000
Picture	20	other				2254775	1	3084	2	0	3000
Picture	11	other				2264943	1	3084	2	0	3000
Picture	10	other				2274528	1	3083	2	0	3000
Picture	20	other				2284362	1	3084	2	0	3000
Picture	10	other				2293280	1	3084	2	0	3000
Picture	20	other				2303198	1	3083	3	0	3000
Picture	11	other				2312366	1	3083	2	0	3000
Picture	20	other				2321700	1	3084	2	0	3000
Picture	20	other				2331201	1	3084	2	0	3000
Picture	21	other				2340952	1	3084	2	0	3000
Picture	11	other				2352037	1	3084	2	0	3000
Picture	10	other				2361038	1	3084	2	0	3000
Picture	20	other				2370873	1	3083	2	0	3000
Picture	20	other				2381207	1	3084	2	0	3000
Picture	10	other				2392292	1	3084	2	0	3000
Picture	10	other				2401293	1	3084	2	0	3000
Picture	10	other				2409544	1	3084	2	0	3000
Picture	21	other				2419045	1	3084	2	0	3000
Picture	21	other				2430130	1	3084	2	0	3000
Picture	20	other				2440131	1	3084	2	0	3000
Picture	11	other				2448882	1	3084	2	0	3000
Picture	21	other				2459383	2	3084	3	0	3000
Picture	21	other				2470218	1	3084	2	0	3000
Picture	11	other				2478886	1	3084	2	0	3000
Picture	11	other				2488220	1	3084	2	0	3000
Picture	11	other				2497055	1	3083	2	0	3000
Picture	20	other				2506556	1	3084	2	0	3000
Picture	10	other				2515640	1	3084	2	0	3000
Picture	10	other				2526475	1	3084	2	0	3000
Picture	21	other				2536143	1	3084	2	0	3000
Picture	11	other				2546227	1	3084	2	0	3000
Picture	10	other				2556812	1	3084	2	0	3000
Picture	11	other				2566897	1	3083	2	0	3000
Picture	10	other				2578148	1	3084	2	0	3000
Picture	10	other				2587482	1	3084	2	0	3000
Picture	10	other				2598317	1	3084	2	0	3000
Picture	10	other				2608068	1	3084	2	0	3000
Picture	20	other				2618486	1	3084	2	0	3000
Picture	11	other				2626737	1	3084	2	0	3000
Picture	11	other				2635488	1	3084	2	0	3000
Picture	11	other				2644823	1	3083	2	0	3000
Picture	20	other				2653407	1	3084	2	0	3000
Picture	10	other				2662575	1	3084	2	0	3000
Picture	10	other				2671659	1	3084	2	0	3000
Picture	10	other				2680660	2	3084	3	0	3000
Picture	11	other				2689495	1	3084	2	0	3000
Picture	21	other				2699746	1	3084	2	0	3000
Picture	10	other				2708914	1	3084	2	0	3000
Picture	10	other				2718248	1	3084	2	0	3000
Picture	21	other				2728000	1	3083	2	0	3000
Picture	20	other				2736834	1	3084	2	0	3000
Picture	11	other				2746002	1	3083	2	0	3000
Picture	11	other				2754753	1	3083	3	0	3000
Picture	20	other				2763087	1	3084	2	0	3000
Picture	10	other				2774088	2	3084	3	0	3000
Picture	11	other				2782923	1	3084	2	0	3000
Picture	10	other				2793341	1	3084	2	0	3000
Picture	20	other				2802009	1	3083	2	0	3000
Picture	11	other				2811093	1	3084	2	0	3000
Picture	20	other				2820511	1	3084	2	0	3000
Picture	10	other				2830679	1	3083	2	0	3000
Picture	10	other				2840597	1	3083	2	0	3000
Picture	10	other				2851515	1	3083	2	0	3000
Picture	10	other				2862349	1	3084	2	0	3000
Picture	11	other				2871850	1	3084	2	0	3000
Picture	20	other				2881018	1	3084	2	0	3000
Picture	20	other				2891436	1	3084	2	0	3000
Picture	20	other				2900437	1	3084	2	0	3000
Picture	20	other				2909022	1	3083	2	0	3000
Picture	21	other				2917523	1	3083	2	0	3000
Picture	11	other				2926940	2	3084	3	0	3000

The following output port codes were not sent because of a conflict on the port.
Port	Code	Time(ms)
1	10	83935.3
