Scenario - GO/NO-GO
Logfile written - 07/06/2012 16:03:10

Subject	Trial	Event Type	Code	Time	TTime	Uncertainty	Duration	Uncertainty	ReqTime	ReqDur	Stim Type	Pair Index

DE	2	Picture	22	167	0	1	3084	2	0	3000	hit	2
DE	2	Response	1	7876	7709	2
DE	3	Picture	22	10168	0	2	3084	3	0	3000	hit	4
DE	3	Response	1	13657	3489	1
DE	4	Picture	22	20670	0	1	3083	3	0	3000	hit	6
DE	4	Response	1	24126	3456	1
DE	5	Picture	33	30838	0	1	3083	2	0	3000	miss	0
DE	6	Picture	22	39839	0	1	3083	3	0	3000	hit	9
DE	6	Response	1	42563	2724	2
DE	7	Picture	22	49257	0	1	3083	2	0	3000	hit	11
DE	7	Response	1	52719	3462	2
DE	8	Picture	22	58091	0	1	3084	2	0	3000	hit	13
DE	8	Response	1	61157	3066	1
DE	9	Picture	22	66175	0	1	3084	2	0	3000	hit	15
DE	9	Response	1	69907	3732	1
DE	10	Picture	22	74843	0	1	3084	2	0	3000	hit	17
DE	10	Response	1	77876	3033	1
DE	11	Picture	33	84761	0	1	3084	2	0	3000	miss	0
DE	12	Picture	22	94595	0	2	3084	3	0	3000	hit	20
DE	12	Response	1	96001	1406	1
DE	12	Response	1	105219	10624	2
DE	13	Picture	22	105263	0	1	3084	2	0	3000	miss	0
DE	14	Picture	22	113931	0	1	3084	2	0	3000	hit	24
DE	14	Response	1	115063	1132	1
DE	15	Picture	22	123016	0	1	3083	2	0	3000	hit	26
DE	15	Response	1	126938	3922	1
DE	16	Picture	22	133850	0	1	3084	2	0	3000	hit	28
DE	16	Response	1	137250	3400	1
DE	17	Picture	22	142935	0	1	3083	2	0	3000	hit	30
DE	17	Response	1	146470	3535	1
DE	18	Picture	22	151686	0	1	3083	2	0	3000	hit	32
DE	18	Response	1	154594	2908	1
DE	19	Picture	33	161687	0	1	3084	2	0	3000	miss	0
DE	20	Picture	22	170021	0	1	3084	2	0	3000	hit	35
DE	20	Response	1	172095	2074	2
DE	21	Picture	33	180856	0	1	3084	2	0	3000	hit	37
DE	21	Response	1	181625	769	1
DE	22	Picture	22	191024	0	1	3084	2	0	3000	hit	39
DE	22	Response	1	194906	3882	1
DE	23	Picture	22	200192	0	1	3083	2	0	3000	hit	41
DE	23	Response	1	203500	3308	1
DE	24	Picture	22	208943	0	1	3083	2	0	3000	hit	43
DE	24	Response	1	212095	3152	1
DE	25	Picture	22	219611	0	1	3083	2	0	3000	hit	45
DE	25	Response	1	222562	2951	1
DE	26	Picture	22	230445	0	1	3084	2	0	3000	hit	47
DE	26	Response	1	233187	2742	1
DE	27	Picture	33	241113	0	1	3084	2	0	3000	hit	49
DE	27	Response	1	243656	2543	1
DE	28	Picture	22	250448	0	1	3083	2	0	3000	hit	51
DE	28	Response	1	253500	3052	1
DE	29	Picture	22	259199	0	1	3083	3	0	3000	hit	53
DE	29	Response	1	262562	3363	1
DE	30	Picture	22	269200	0	1	3084	2	0	3000	hit	55
DE	30	Response	1	272094	2894	1
DE	31	Picture	33	280201	0	1	3084	2	0	3000	miss	0
DE	32	Picture	22	288369	0	1	3084	2	0	3000	hit	58
DE	32	Response	1	290843	2474	1
DE	33	Picture	22	298954	0	1	3083	2	0	3000	hit	60
DE	33	Response	1	300999	2045	1
DE	34	Picture	22	308121	0	2	3084	3	0	3000	hit	62
DE	34	Response	1	310530	2409	2
DE	35	Picture	22	317456	0	1	3084	2	0	3000	hit	64
DE	35	Response	1	320062	2606	1
DE	36	Picture	22	328207	0	1	3084	2	0	3000	hit	66
DE	36	Response	1	332874	4667	1
DE	37	Picture	33	336792	0	1	3083	2	0	3000	hit	68
DE	37	Response	1	339436	2644	2
DE	38	Picture	22	346543	0	1	3083	2	0	3000	hit	70
DE	38	Response	1	348030	1487	1
DE	39	Picture	33	356044	0	1	3084	2	0	3000	hit	72
DE	39	Response	1	358811	2767	2
DE	40	Picture	22	365462	0	1	3083	2	0	3000	hit	74
DE	40	Response	1	369123	3661	2
DE	41	Picture	22	375713	0	1	3084	2	0	3000	hit	76
DE	41	Response	1	377717	2004	1
DE	42	Picture	22	385297	0	2	3084	3	0	3000	hit	78
DE	42	Response	1	386936	1639	1
DE	43	Picture	22	394132	0	1	3084	2	0	3000	hit	80
DE	43	Response	1	395686	1554	1
DE	44	Picture	22	404050	0	1	3083	2	0	3000	hit	82
DE	44	Response	1	406624	2574	1
DE	45	Picture	33	412884	0	1	3084	2	0	3000	hit	84
DE	45	Response	1	415846	2962	2
DE	46	Picture	22	421469	0	1	3083	2	0	3000	hit	86
DE	46	Response	1	425530	4061	1
DE	47	Picture	22	430636	0	1	3084	2	0	3000	hit	88
DE	47	Response	1	433967	3331	1
DE	48	Picture	22	439804	0	1	3084	2	0	3000	hit	90
DE	48	Response	1	442717	2913	1
DE	49	Picture	22	448222	0	1	3083	3	0	3000	hit	92
DE	49	Response	1	452093	3871	1
DE	50	Picture	22	456973	0	1	3084	2	0	3000	hit	94
DE	50	Response	1	460685	3712	2
DE	51	Picture	33	467807	0	2	3084	3	0	3000	hit	96
DE	51	Response	1	470998	3191	1
DE	52	Picture	22	476642	0	1	3084	2	0	3000	hit	98
DE	52	Response	1	480061	3419	1
DE	53	Picture	22	484810	0	1	3083	2	0	3000	hit	100
DE	53	Response	1	488654	3844	1
DE	54	Picture	22	492894	0	1	3084	2	0	3000	hit	102
DE	54	Response	1	496935	4041	1
DE	55	Picture	33	503145	0	1	3084	2	0	3000	miss	0
DE	56	Picture	22	512146	0	1	3084	2	0	3000	hit	105
DE	56	Response	1	514748	2602	1
DE	57	Picture	22	520731	0	1	3083	2	0	3000	hit	107
DE	57	Response	1	523810	3079	2
DE	58	Picture	22	531649	0	1	3083	2	0	3000	hit	109
DE	58	Response	1	535529	3880	1
DE	59	Picture	22	542483	0	1	3084	2	0	3000	hit	111
DE	59	Response	1	545216	2733	1
DE	60	Picture	22	553151	0	1	3084	2	0	3000	hit	113
DE	60	Response	1	556779	3628	1
DE	61	Picture	22	563319	0	1	3084	2	0	3000	hit	115
DE	61	Response	1	566623	3304	1
DE	62	Picture	22	572904	0	1	3083	2	0	3000	hit	117
DE	62	Response	1	576779	3875	1
DE	63	Picture	33	582988	0	1	3084	2	0	3000	miss	0
DE	64	Picture	22	592656	0	1	3084	2	0	3000	hit	120
DE	64	Response	1	595528	2872	1
DE	65	Picture	22	601990	0	2	3084	3	0	3000	hit	122
DE	65	Response	1	604903	2913	2
DE	66	Picture	22	611408	0	1	3084	2	0	3000	hit	124
DE	66	Response	1	614747	3339	1
DE	67	Picture	22	619826	0	1	3084	2	0	3000	hit	126
DE	67	Response	1	623653	3827	1
DE	68	Picture	22	629160	0	2	3084	3	0	3000	hit	128
DE	68	Response	1	632559	3399	1
DE	69	Picture	22	639662	0	1	3083	2	0	3000	hit	130
DE	69	Response	1	643028	3366	2
DE	70	Picture	22	648830	0	1	3083	2	0	3000	hit	132
DE	70	Response	1	652247	3417	1
DE	71	Picture	33	658914	0	1	3084	2	0	3000	miss	0
DE	72	Picture	22	668749	0	1	3083	2	0	3000	hit	135
DE	72	Response	1	671778	3029	1
DE	73	Picture	22	677666	0	1	3084	2	0	3000	hit	137
DE	73	Response	1	681467	3801	1
DE	74	Picture	22	688418	0	1	3083	2	0	3000	hit	139
DE	74	Response	1	691309	2891	1
DE	75	Picture	33	697835	0	2	3084	3	0	3000	miss	0
DE	76	Picture	22	706920	0	1	3084	2	0	3000	hit	142
DE	76	Response	1	711934	5014	1
DE	77	Picture	22	715338	0	1	3083	2	0	3000	hit	144
DE	77	Response	1	718184	2846	1
DE	78	Picture	22	724922	0	1	3084	2	0	3000	hit	146
DE	78	Response	1	727559	2637	1
DE	79	Picture	33	733423	0	1	3084	2	0	3000	miss	0
DE	80	Picture	22	743174	0	1	3084	2	0	3000	hit	149
DE	80	Response	1	747090	3916	1
DE	81	Picture	22	751925	0	1	3084	2	0	3000	hit	151
DE	81	Response	1	754747	2822	1
DE	82	Picture	22	761010	0	1	3084	2	0	3000	hit	153
DE	82	Response	1	763496	2486	1
DE	83	Picture	22	770428	0	1	3083	2	0	3000	hit	155
DE	83	Response	1	773340	2912	1
DE	84	Picture	22	780929	0	1	3084	2	0	3000	hit	157
DE	84	Response	1	784902	3973	1
DE	85	Picture	33	790930	0	1	3084	2	0	3000	hit	159
DE	85	Response	1	794121	3191	1
DE	86	Picture	22	800181	0	1	3084	2	0	3000	hit	161
DE	86	Response	1	803808	3627	2
DE	87	Picture	22	810599	0	1	3084	2	0	3000	hit	163
DE	87	Response	1	813964	3365	2
DE	88	Picture	22	820934	0	1	3084	2	0	3000	hit	165
DE	88	Response	1	823965	3031	1
DE	89	Picture	33	831018	0	1	3084	2	0	3000	hit	167
DE	89	Response	1	833652	2634	1
DE	90	Picture	22	841686	0	1	3084	2	0	3000	hit	169
DE	90	Response	1	846933	5247	1
DE	91	Picture	22	851271	0	1	3084	2	0	3000	hit	171
DE	91	Response	1	854121	2850	1
DE	92	Picture	22	862022	0	1	3084	2	0	3000	hit	173
DE	92	Response	1	865058	3036	2
DE	93	Picture	22	872107	0	1	3083	2	0	3000	hit	175
DE	93	Response	1	875370	3263	1
DE	94	Picture	22	880774	0	2	3084	3	0	3000	hit	177
DE	94	Response	1	884277	3503	1
DE	95	Picture	22	891192	0	1	3084	2	0	3000	hit	179
DE	95	Response	1	894746	3554	1
DE	96	Picture	22	901610	0	1	3084	2	0	3000	hit	181
DE	96	Response	1	905214	3604	1
DE	97	Picture	33	912612	0	1	3083	2	0	3000	miss	0
DE	98	Picture	22	920946	0	1	3084	2	0	3000	hit	184
DE	98	Response	1	923964	3018	1
DE	99	Picture	22	929780	0	1	3084	2	0	3000	hit	186
DE	99	Response	1	933183	3403	1
DE	100	Picture	22	940032	0	1	3083	2	0	3000	hit	188
DE	100	Response	1	942714	2682	1
DE	101	Picture	33	950366	0	1	3084	2	0	3000	hit	190
DE	101	Response	1	953026	2660	2
DE	102	Picture	22	961368	0	1	3083	2	0	3000	hit	192
DE	102	Response	1	965682	4314	2
DE	103	Picture	22	970535	0	1	3084	2	0	3000	hit	194
DE	103	Response	1	974120	3585	1
DE	104	Picture	22	979786	0	2	3084	3	0	3000	hit	196
DE	104	Response	1	984433	4647	1
DE	105	Picture	22	990204	0	2	3084	3	0	3000	hit	198
DE	105	Response	1	993651	3447	1
DE	106	Picture	22	999372	0	1	3084	2	0	3000	hit	200
DE	106	Response	1	1002557	3185	1
DE	107	Picture	22	1009873	0	2	3084	3	0	3000	hit	202
DE	107	Response	1	1012870	2997	1
DE	108	Picture	22	1019125	0	1	3083	2	0	3000	hit	204
DE	108	Response	1	1022091	2966	1
DE	109	Picture	33	1028209	0	1	3084	2	0	3000	miss	0
DE	110	Picture	22	1038210	0	1	3084	2	0	3000	hit	207
DE	110	Response	1	1039901	1691	1
DE	111	Picture	22	1046295	0	1	3083	2	0	3000	hit	209
DE	111	Response	1	1050682	4387	1
DE	112	Picture	22	1055879	0	1	3084	2	0	3000	hit	211
DE	112	Response	1	1059432	3553	1
DE	113	Picture	33	1065297	0	1	3084	2	0	3000	miss	0
DE	114	Picture	22	1074965	0	1	3083	2	0	3000	hit	214
DE	114	Response	1	1077244	2279	2
DE	115	Picture	22	1085549	0	1	3084	2	0	3000	hit	216
DE	115	Response	1	1087869	2320	1
DE	116	Picture	22	1096301	0	1	3083	2	0	3000	hit	218
DE	116	Response	1	1098338	2037	1
DE	117	Picture	22	1106802	0	1	3084	2	0	3000	hit	220
DE	117	Response	1	1109900	3098	1
DE	118	Picture	22	1116553	0	1	3084	2	0	3000	hit	222
DE	118	Response	1	1120369	3816	1
DE	119	Picture	22	1127471	0	1	3084	2	0	3000	hit	224
DE	119	Response	1	1131150	3679	1
DE	120	Picture	22	1138139	0	1	3084	2	0	3000	hit	226
DE	120	Response	1	1141619	3480	1
DE	121	Picture	33	1148307	0	1	3084	2	0	3000	miss	0
DE	122	Picture	22	1157391	0	2	3084	3	0	3000	hit	229
DE	122	Response	1	1160213	2822	1
DE	123	Picture	22	1165559	0	1	3084	2	0	3000	hit	231
DE	123	Response	1	1168806	3247	2
DE	124	Picture	22	1173810	0	1	3084	2	0	3000	hit	233
DE	124	Response	1	1177556	3746	1
DE	125	Picture	22	1183895	0	1	3083	2	0	3000	hit	235
DE	125	Response	1	1186775	2880	1
DE	126	Picture	22	1194063	0	1	3083	2	0	3000	hit	237
DE	126	Response	1	1197087	3024	1
DE	127	Picture	33	1204314	0	1	3084	2	0	3000	miss	0
DE	128	Picture	22	1214398	0	1	3084	2	0	3000	hit	240
DE	128	Response	1	1216618	2220	1
DE	129	Picture	22	1223316	0	1	3084	2	0	3000	hit	242
DE	129	Response	1	1226931	3615	1
DE	130	Picture	22	1232651	0	1	3083	2	0	3000	hit	244
DE	130	Response	1	1236618	3967	2
DE	131	Picture	22	1243485	0	1	3084	2	0	3000	hit	246
DE	131	Response	1	1246931	3446	1
DE	132	Picture	22	1253070	0	1	3083	2	0	3000	hit	248
DE	132	Response	1	1256618	3548	1
DE	133	Picture	33	1261737	0	2	3084	3	0	3000	miss	0
DE	134	Picture	22	1270155	0	1	3084	2	0	3000	hit	251
DE	134	Response	1	1274899	4744	2
DE	135	Picture	33	1279156	0	1	3084	2	0	3000	miss	0
DE	136	Picture	22	1289241	0	1	3084	2	0	3000	hit	254
DE	136	Response	1	1291022	1781	1
DE	137	Picture	22	1297909	0	1	3083	2	0	3000	hit	256
DE	137	Response	1	1301774	3865	2
DE	138	Picture	22	1307326	0	1	3084	2	0	3000	hit	258
DE	138	Response	1	1310524	3198	1
DE	139	Picture	33	1315744	0	1	3084	2	0	3000	miss	0
DE	140	Picture	22	1325162	0	1	3084	2	0	3000	hit	261
DE	140	Response	1	1326774	1612	1
DE	141	Picture	22	1333663	0	1	3084	2	0	3000	hit	263
DE	141	Response	1	1341149	7486	1
DE	142	Picture	22	1342664	0	1	3084	2	0	3000	hit	265
DE	142	Response	1	1347399	4735	1
DE	143	Picture	22	1352332	0	1	3084	2	0	3000	hit	267
DE	143	Response	1	1355212	2880	1
DE	144	Picture	22	1361083	0	1	3084	2	0	3000	hit	269
DE	144	Response	1	1364274	3191	1
DE	145	Picture	33	1370334	0	1	3084	2	0	3000	miss	0
DE	146	Picture	22	1381085	0	1	3084	2	0	3000	hit	272
DE	146	Response	1	1383336	2251	1
DE	147	Picture	22	1389920	0	1	3083	2	0	3000	hit	274
DE	147	Response	1	1393180	3260	1
DE	148	Picture	22	1400004	0	1	3084	2	0	3000	hit	276
DE	148	Response	1	1403660	3656	1
DE	149	Picture	33	1410089	0	1	3084	2	0	3000	miss	0
DE	150	Picture	22	1421174	0	1	3083	2	0	3000	hit	279
DE	150	Response	1	1423492	2318	1
DE	151	Picture	22	1429341	0	1	3084	2	0	3000	hit	281
DE	151	Response	1	1432242	2901	1
DE	152	Picture	22	1439342	0	2	3084	3	0	3000	hit	283
DE	152	Response	1	1442398	3056	1
DE	153	Picture	33	1447427	0	1	3083	2	0	3000	miss	0
DE	154	Picture	22	1457428	0	1	3084	2	0	3000	hit	286
DE	154	Response	1	1460055	2627	1
DE	155	Picture	22	1467096	0	1	3084	2	0	3000	hit	288
DE	155	Response	1	1469898	2802	1
DE	156	Picture	22	1475764	0	1	3083	2	0	3000	hit	290
DE	156	Response	1	1478335	2571	2
DE	157	Picture	33	1484515	0	1	3083	2	0	3000	miss	0
DE	158	Picture	22	1494599	0	1	3084	2	0	3000	hit	293
DE	158	Response	1	1496304	1705	2
DE	159	Picture	33	1504267	0	1	3084	2	0	3000	hit	295
DE	159	Response	1	1507085	2818	2
DE	160	Picture	22	1513768	0	1	3084	2	0	3000	hit	297
DE	160	Response	1	1516773	3005	1
DE	161	Picture	22	1521852	0	2	3084	3	0	3000	hit	299
DE	161	Response	1	1525210	3358	1
DE	162	Picture	22	1530187	0	1	3084	2	0	3000	hit	301
DE	162	Response	1	1533179	2992	1
DE	163	Picture	22	1539355	0	1	3083	2	0	3000	hit	303
DE	163	Response	1	1542710	3355	1
DE	164	Picture	22	1547606	0	1	3083	2	0	3000	hit	305
DE	164	Response	1	1551772	4166	1
DE	165	Picture	33	1557440	0	1	3084	2	0	3000	miss	0
DE	166	Picture	22	1565691	0	1	3084	2	0	3000	hit	308
DE	166	Response	1	1568491	2800	1
DE	167	Picture	22	1574776	0	1	3083	2	0	3000	hit	310
DE	167	Response	1	1577554	2778	1
DE	168	Picture	22	1585777	0	1	3084	2	0	3000	hit	312
DE	168	Response	1	1588804	3027	1
DE	169	Picture	33	1596195	0	1	3084	2	0	3000	miss	0
DE	170	Picture	22	1605613	0	1	3083	2	0	3000	hit	315
DE	170	Response	1	1608178	2565	1
DE	171	Picture	33	1615697	0	1	3084	2	0	3000	miss	0
DE	172	Picture	22	1626115	0	1	3084	2	0	3000	hit	318
DE	172	Response	1	1628335	2220	1
DE	173	Picture	22	1635866	0	1	3084	2	0	3000	hit	320
DE	173	Response	1	1641303	5437	1
DE	174	Picture	22	1644367	0	1	3084	2	0	3000	hit	322
DE	174	Response	1	1649116	4749	1
DE	175	Picture	22	1654952	0	1	3084	2	0	3000	hit	324
DE	175	Response	1	1658647	3695	1
DE	176	Picture	22	1665287	0	1	3083	2	0	3000	hit	326
DE	176	Response	1	1667866	2579	1
DE	177	Picture	33	1676038	0	1	3084	2	0	3000	hit	328
DE	177	Response	1	1678491	2453	1
DE	178	Picture	22	1686456	0	1	3084	2	0	3000	miss	0
DE	179	Picture	22	1695790	0	1	3084	2	0	3000	hit	331
DE	179	Response	1	1696615	825	1
DE	180	Picture	22	1704291	0	1	3084	2	0	3000	hit	333
DE	180	Response	1	1704584	293	1
DE	181	Picture	22	1713792	0	2	3084	3	0	3000	hit	335
DE	181	Response	1	1715521	1729	2
DE	182	Picture	22	1723460	0	1	3084	2	0	3000	hit	337
DE	182	Response	1	1725990	2530	1
DE	183	Picture	33	1732628	0	1	3084	2	0	3000	miss	0
DE	184	Picture	22	1743129	0	2	3084	3	0	3000	hit	340
DE	184	Response	1	1745678	2549	1
DE	185	Picture	22	1751797	0	1	3084	2	0	3000	hit	342
DE	185	Response	1	1755053	3256	1
DE	186	Picture	22	1762298	0	1	3084	2	0	3000	hit	344
DE	186	Response	1	1765053	2755	1
DE	187	Picture	22	1771716	0	1	3084	2	0	3000	hit	346
DE	187	Response	1	1775210	3494	1
DE	188	Picture	22	1781301	0	1	3083	2	0	3000	hit	348
DE	188	Response	1	1784740	3439	1
DE	189	Picture	22	1789552	0	1	3083	2	0	3000	hit	350
DE	189	Response	1	1793490	3938	1
DE	190	Picture	22	1799636	0	1	3084	2	0	3000	hit	352
DE	190	Response	1	1803177	3541	1
DE	191	Picture	33	1809471	0	1	3084	2	0	3000	miss	0
DE	192	Picture	22	1818139	0	1	3083	2	0	3000	hit	355
DE	192	Response	1	1820364	2225	2
DE	193	Picture	33	1827223	0	1	3084	2	0	3000	hit	357
DE	193	Response	1	1829896	2673	1
DE	194	Picture	22	1836557	0	2	3084	3	0	3000	hit	359
DE	194	Response	1	1838958	2401	1
DE	195	Picture	22	1845642	0	1	3084	2	0	3000	hit	361
DE	195	Response	1	1848646	3004	1
DE	196	Picture	22	1853893	0	1	3084	2	0	3000	hit	363
DE	196	Response	1	1856770	2877	2
DE	197	Picture	22	1862727	0	1	3084	2	0	3000	hit	365
DE	197	Response	1	1865520	2793	2
DE	198	Picture	22	1871562	0	1	3083	2	0	3000	hit	367
DE	198	Response	1	1875837	4275	2
DE	199	Picture	22	1881146	0	1	3084	2	0	3000	hit	369
DE	199	Response	1	1883958	2812	1
DE	200	Picture	22	1889564	0	1	3084	2	0	3000	hit	371
DE	200	Response	1	1892864	3300	1
DE	201	Picture	33	1899232	0	1	3083	2	0	3000	miss	0
DE	202	Picture	22	1908733	0	1	3084	2	0	3000	hit	374
DE	202	Response	1	1910834	2101	1
DE	203	Picture	22	1919151	0	1	3084	2	0	3000	hit	376
DE	203	Response	1	1921614	2463	1
DE	204	Picture	22	1927319	0	1	3083	2	0	3000	hit	378
DE	204	Response	1	1930209	2890	1
DE	205	Picture	22	1936153	0	1	3084	2	0	3000	hit	380
DE	205	Response	1	1938958	2805	1
DE	206	Picture	22	1944404	0	1	3084	2	0	3000	hit	382
DE	206	Response	1	1946614	2210	1
DE	207	Picture	22	1954738	0	2	3084	3	0	3000	hit	384
DE	207	Response	1	1957395	2657	1
DE	208	Picture	22	1963406	0	1	3084	2	0	3000	hit	386
DE	208	Response	1	1967239	3833	1
DE	209	Picture	33	1973157	0	2	3084	3	0	3000	hit	388
DE	209	Response	1	1976614	3457	1
DE	210	Picture	22	1982242	0	1	3084	2	0	3000	hit	390
DE	210	Response	1	1985676	3434	1
DE	211	Picture	22	1992993	0	1	3084	2	0	3000	hit	392
DE	211	Response	1	1995989	2996	1
DE	212	Picture	22	2002994	0	1	3084	2	0	3000	hit	394
DE	212	Response	1	2006144	3150	2
DE	213	Picture	22	2012246	0	1	3083	2	0	3000	hit	396
DE	213	Response	1	2015363	3117	1
DE	214	Picture	22	2020663	0	1	3084	2	0	3000	hit	398
DE	214	Response	1	2025364	4701	1
DE	215	Picture	33	2029581	0	1	3084	2	0	3000	hit	400
DE	215	Response	1	2038531	8950	1
DE	216	Picture	22	2038915	0	2	3084	3	0	3000	miss	0
DE	217	Picture	22	2048000	0	1	3084	2	0	3000	hit	403
DE	217	Response	1	2049426	1426	1
DE	218	Picture	22	2056668	0	1	3083	2	0	3000	hit	405
DE	218	Response	1	2059270	2602	1
DE	219	Picture	22	2066085	0	1	3084	2	0	3000	hit	407
DE	219	Response	1	2068957	2872	1
DE	220	Picture	22	2074586	0	2	3084	3	0	3000	hit	409
DE	220	Response	1	2078645	4059	1
DE	221	Picture	33	2083504	0	1	3084	2	0	3000	miss	0
DE	222	Picture	22	2094339	0	1	3084	2	0	3000	hit	412
DE	222	Response	1	2097082	2743	1
DE	223	Picture	22	2102840	0	1	3084	2	0	3000	hit	414
DE	223	Response	1	2107707	4867	1
DE	224	Picture	22	2113091	0	1	3084	2	0	3000	hit	416
DE	224	Response	1	2115675	2584	1
DE	225	Picture	33	2121259	0	1	3083	3	0	3000	hit	418
DE	225	Response	1	2123800	2541	2
DE	226	Picture	22	2130177	0	1	3083	2	0	3000	hit	420
DE	226	Response	1	2132863	2686	1
DE	227	Picture	22	2138594	0	1	3084	2	0	3000	hit	422
DE	227	Response	1	2141456	2862	2
DE	228	Picture	22	2149262	0	1	3084	2	0	3000	hit	424
DE	228	Response	1	2152238	2976	1
DE	229	Picture	22	2157847	0	1	3083	2	0	3000	hit	426
DE	229	Response	1	2161612	3765	1
DE	230	Picture	22	2168681	0	1	3084	2	0	3000	hit	428
DE	230	Response	1	2171144	2463	1
DE	231	Picture	22	2176932	0	1	3084	2	0	3000	hit	430
DE	231	Response	1	2178800	1868	1
DE	232	Picture	22	2185183	0	1	3084	2	0	3000	hit	432
DE	232	Response	1	2187862	2679	1
DE	232	Response	1	2196144	10961	1
DE	233	Picture	33	2196185	0	1	3083	2	0	3000	miss	0
DE	234	Picture	22	2205102	0	1	3084	2	0	3000	hit	436
DE	234	Response	1	2210362	5260	2
DE	235	Picture	22	2215520	0	1	3084	2	0	3000	hit	438
DE	235	Response	1	2216925	1405	1
DE	236	Picture	22	2223855	0	1	3083	2	0	3000	hit	440
DE	236	Response	1	2226612	2757	2
DE	237	Picture	33	2233606	0	1	3084	2	0	3000	miss	0
DE	238	Picture	22	2241940	0	1	3084	2	0	3000	hit	443
DE	238	Response	1	2243956	2016	1
DE	239	Picture	22	2252525	0	1	3083	3	0	3000	miss	0
DE	240	Picture	22	2262943	0	1	3083	2	0	3000	hit	446
DE	240	Response	1	2265206	2263	1
DE	241	Picture	22	2271694	0	1	3083	3	0	3000	hit	448
DE	241	Response	1	2274737	3043	1
DE	242	Picture	22	2282362	0	1	3083	2	0	3000	hit	450
DE	242	Response	1	2285518	3156	1
DE	243	Picture	33	2291696	0	1	3084	2	0	3000	hit	452
DE	243	Response	1	2294893	3197	1
DE	244	Picture	22	2301614	0	1	3084	2	0	3000	hit	454
DE	244	Response	1	2304268	2654	1
DE	245	Picture	22	2310615	0	1	3084	2	0	3000	hit	456
DE	245	Response	1	2315674	5059	1
DE	246	Picture	22	2320283	0	1	3084	2	0	3000	hit	458
DE	246	Response	1	2323955	3672	2
DE	247	Picture	22	2331368	0	1	3083	2	0	3000	hit	460
DE	247	Response	1	2333955	2587	1
DE	248	Picture	22	2339869	0	1	3083	2	0	3000	hit	462
DE	248	Response	1	2344267	4398	2
DE	249	Picture	33	2348203	0	1	3084	2	0	3000	miss	0
DE	250	Picture	22	2358288	0	1	3083	2	0	3000	hit	465
DE	250	Response	1	2361611	3323	1
DE	251	Picture	22	2367622	0	1	3084	2	0	3000	hit	467
DE	251	Response	1	2372861	5239	1
DE	252	Picture	22	2378290	0	1	3084	2	0	3000	hit	469
DE	252	Response	1	2380517	2227	1
DE	253	Picture	33	2387041	0	1	3084	2	0	3000	miss	0
DE	254	Picture	22	2397126	0	1	3083	2	0	3000	hit	472
DE	254	Response	1	2400204	3078	2
DE	255	Picture	22	2406293	0	2	3084	3	0	3000	hit	474
DE	255	Response	1	2409580	3287	1
DE	256	Picture	22	2414711	0	1	3084	2	0	3000	hit	476
DE	256	Response	1	2424267	9556	1
DE	257	Picture	22	2424879	0	1	3084	2	0	3000	miss	0
DE	258	Picture	22	2434630	0	1	3084	2	0	3000	hit	479
DE	258	Response	1	2437861	3231	1
DE	259	Picture	33	2444298	0	1	3084	2	0	3000	hit	481
DE	259	Response	1	2446923	2625	1
DE	260	Picture	22	2454049	0	1	3084	2	0	3000	hit	483
DE	260	Response	1	2456767	2718	1
DE	261	Picture	22	2464551	0	1	3083	2	0	3000	hit	485
DE	261	Response	1	2467080	2529	1
DE	262	Picture	22	2473218	0	1	3084	2	0	3000	hit	487
DE	262	Response	1	2476455	3237	1
DE	263	Picture	22	2481969	0	1	3084	2	0	3000	hit	489
DE	263	Response	1	2484891	2922	2
DE	264	Picture	22	2492137	0	1	3084	2	0	3000	hit	491
DE	264	Response	1	2494891	2754	2
DE	265	Picture	33	2502555	0	1	3084	2	0	3000	miss	0
DE	266	Picture	22	2512556	0	2	3084	3	0	3000	hit	494
DE	266	Response	1	2514892	2336	1
DE	267	Picture	22	2522974	0	1	3084	2	0	3000	hit	496
DE	267	Response	1	2525205	2231	1
DE	268	Picture	22	2532809	0	1	3084	2	0	3000	hit	498
DE	268	Response	1	2535204	2395	1
DE	269	Picture	22	2542727	0	1	3083	3	0	3000	hit	500
DE	269	Response	1	2545516	2789	1
DE	270	Picture	22	2552228	0	1	3084	2	0	3000	hit	502
DE	270	Response	1	2555360	3132	1
DE	271	Picture	33	2560729	0	1	3084	2	0	3000	miss	0
DE	272	Picture	22	2571647	0	1	3084	2	0	3000	hit	505
DE	272	Response	1	2574266	2619	1
DE	273	Picture	22	2580148	0	1	3084	2	0	3000	hit	507
DE	273	Response	1	2583016	2868	1
DE	274	Picture	22	2589316	0	1	3083	3	0	3000	hit	509
DE	274	Response	1	2591766	2450	1
DE	275	Picture	33	2599650	0	1	3084	2	0	3000	hit	511
DE	275	Response	1	2600829	1179	1
DE	276	Picture	22	2608318	0	1	3084	2	0	3000	hit	513
DE	276	Response	1	2610829	2511	1
DE	277	Picture	22	2617986	0	1	3084	2	0	3000	hit	515
DE	277	Response	1	2620828	2842	1
DE	278	Picture	22	2627987	0	1	3084	2	0	3000	hit	517
DE	278	Response	1	2630203	2216	2
DE	279	Picture	33	2637322	0	1	3083	2	0	3000	miss	0
DE	280	Picture	22	2647156	0	1	3084	2	0	3000	hit	520
DE	280	Response	1	2650047	2891	1
DE	281	Picture	22	2657574	0	1	3084	2	0	3000	hit	522
DE	281	Response	1	2660047	2473	2
DE	282	Picture	22	2666742	0	1	3084	2	0	3000	hit	524
DE	282	Response	1	2669266	2524	1
DE	283	Picture	33	2677660	0	1	3084	2	0	3000	hit	526
DE	283	Response	1	2680516	2856	1
DE	284	Picture	22	2686328	0	1	3083	2	0	3000	hit	528
DE	284	Response	1	2689266	2938	1
DE	285	Picture	22	2695995	0	2	3084	3	0	3000	hit	530
DE	285	Response	1	2699109	3114	1
DE	286	Picture	22	2706830	0	1	3084	2	0	3000	hit	532
DE	286	Response	1	2708171	1341	2
DE	287	Picture	22	2715665	0	1	3083	2	0	3000	hit	534
DE	287	Response	1	2718953	3288	1
DE	288	Picture	22	2724166	0	1	3083	2	0	3000	hit	536
DE	288	Response	1	2727547	3381	1
DE	289	Picture	33	2735000	0	1	3084	2	0	3000	miss	0
DE	290	Picture	22	2745001	0	1	3084	2	0	3000	hit	539
DE	290	Response	1	2747078	2077	1
DE	291	Picture	33	2754003	0	1	3083	2	0	3000	hit	541
DE	291	Response	1	2757234	3231	1
DE	292	Picture	22	2763420	0	1	3084	2	0	3000	hit	543
DE	292	Response	1	2766296	2876	1
DE	293	Picture	22	2773672	0	1	3083	2	0	3000	hit	545
DE	293	Response	1	2776452	2780	1
DE	294	Picture	22	2782839	0	1	3084	2	0	3000	hit	547
DE	294	Response	1	2785984	3145	1
DE	295	Picture	33	2792924	0	1	3084	2	0	3000	miss	0
DE	296	Picture	22	2802425	0	1	3084	2	0	3000	hit	550
DE	296	Response	1	2804890	2465	1
DE	297	Picture	22	2812010	0	1	3083	2	0	3000	hit	552
DE	297	Response	1	2816296	4286	1
DE	298	Picture	22	2820261	0	1	3083	2	0	3000	hit	554
DE	298	Response	1	2823952	3691	1
DE	299	Picture	22	2830428	0	2	3084	3	0	3000	hit	556
DE	299	Response	1	2833015	2587	1
DE	300	Picture	22	2840846	0	2	3084	3	0	3000	hit	558
DE	300	Response	1	2843483	2637	1
DE	301	Picture	33	2851348	0	1	3083	2	0	3000	hit	560
DE	301	Response	1	2857233	5885	1


Event Type	Code	Type	Response	RT	RT Uncertainty	Time	Uncertainty	Duration	Uncertainty	ReqTime	ReqDur

Picture	22	hit	1	7709	3	167	1	3084	2	0	3000
Picture	22	hit	1	3489	3	10168	2	3084	3	0	3000
Picture	22	hit	1	3456	2	20670	1	3083	3	0	3000
Picture	33	miss				30838	1	3083	2	0	3000
Picture	22	hit	1	2724	3	39839	1	3083	3	0	3000
Picture	22	hit	1	3462	3	49257	1	3083	2	0	3000
Picture	22	hit	1	3066	2	58091	1	3084	2	0	3000
Picture	22	hit	1	3732	2	66175	1	3084	2	0	3000
Picture	22	hit	1	3033	2	74843	1	3084	2	0	3000
Picture	33	miss				84761	1	3084	2	0	3000
Picture	22	hit	1	1406	3	94595	2	3084	3	0	3000
Picture	22	miss				105263	1	3084	2	0	3000
Picture	22	hit	1	1132	2	113931	1	3084	2	0	3000
Picture	22	hit	1	3922	2	123016	1	3083	2	0	3000
Picture	22	hit	1	3400	2	133850	1	3084	2	0	3000
Picture	22	hit	1	3535	2	142935	1	3083	2	0	3000
Picture	22	hit	1	2908	2	151686	1	3083	2	0	3000
Picture	33	miss				161687	1	3084	2	0	3000
Picture	22	hit	1	2074	3	170021	1	3084	2	0	3000
Picture	33	hit	1	769	2	180856	1	3084	2	0	3000
Picture	22	hit	1	3882	2	191024	1	3084	2	0	3000
Picture	22	hit	1	3308	2	200192	1	3083	2	0	3000
Picture	22	hit	1	3152	2	208943	1	3083	2	0	3000
Picture	22	hit	1	2951	2	219611	1	3083	2	0	3000
Picture	22	hit	1	2742	2	230445	1	3084	2	0	3000
Picture	33	hit	1	2543	2	241113	1	3084	2	0	3000
Picture	22	hit	1	3052	2	250448	1	3083	2	0	3000
Picture	22	hit	1	3363	2	259199	1	3083	3	0	3000
Picture	22	hit	1	2894	2	269200	1	3084	2	0	3000
Picture	33	miss				280201	1	3084	2	0	3000
Picture	22	hit	1	2474	2	288369	1	3084	2	0	3000
Picture	22	hit	1	2045	2	298954	1	3083	2	0	3000
Picture	22	hit	1	2409	4	308121	2	3084	3	0	3000
Picture	22	hit	1	2606	2	317456	1	3084	2	0	3000
Picture	22	hit	1	4667	2	328207	1	3084	2	0	3000
Picture	33	hit	1	2644	3	336792	1	3083	2	0	3000
Picture	22	hit	1	1487	2	346543	1	3083	2	0	3000
Picture	33	hit	1	2767	3	356044	1	3084	2	0	3000
Picture	22	hit	1	3661	3	365462	1	3083	2	0	3000
Picture	22	hit	1	2004	2	375713	1	3084	2	0	3000
Picture	22	hit	1	1639	3	385297	2	3084	3	0	3000
Picture	22	hit	1	1554	2	394132	1	3084	2	0	3000
Picture	22	hit	1	2574	2	404050	1	3083	2	0	3000
Picture	33	hit	1	2962	3	412884	1	3084	2	0	3000
Picture	22	hit	1	4061	2	421469	1	3083	2	0	3000
Picture	22	hit	1	3331	2	430636	1	3084	2	0	3000
Picture	22	hit	1	2913	2	439804	1	3084	2	0	3000
Picture	22	hit	1	3871	2	448222	1	3083	3	0	3000
Picture	22	hit	1	3712	3	456973	1	3084	2	0	3000
Picture	33	hit	1	3191	3	467807	2	3084	3	0	3000
Picture	22	hit	1	3419	2	476642	1	3084	2	0	3000
Picture	22	hit	1	3844	2	484810	1	3083	2	0	3000
Picture	22	hit	1	4041	2	492894	1	3084	2	0	3000
Picture	33	miss				503145	1	3084	2	0	3000
Picture	22	hit	1	2602	2	512146	1	3084	2	0	3000
Picture	22	hit	1	3079	3	520731	1	3083	2	0	3000
Picture	22	hit	1	3880	2	531649	1	3083	2	0	3000
Picture	22	hit	1	2733	2	542483	1	3084	2	0	3000
Picture	22	hit	1	3628	2	553151	1	3084	2	0	3000
Picture	22	hit	1	3304	2	563319	1	3084	2	0	3000
Picture	22	hit	1	3875	2	572904	1	3083	2	0	3000
Picture	33	miss				582988	1	3084	2	0	3000
Picture	22	hit	1	2872	2	592656	1	3084	2	0	3000
Picture	22	hit	1	2913	4	601990	2	3084	3	0	3000
Picture	22	hit	1	3339	2	611408	1	3084	2	0	3000
Picture	22	hit	1	3827	2	619826	1	3084	2	0	3000
Picture	22	hit	1	3399	3	629160	2	3084	3	0	3000
Picture	22	hit	1	3366	3	639662	1	3083	2	0	3000
Picture	22	hit	1	3417	2	648830	1	3083	2	0	3000
Picture	33	miss				658914	1	3084	2	0	3000
Picture	22	hit	1	3029	2	668749	1	3083	2	0	3000
Picture	22	hit	1	3801	2	677666	1	3084	2	0	3000
Picture	22	hit	1	2891	2	688418	1	3083	2	0	3000
Picture	33	miss				697835	2	3084	3	0	3000
Picture	22	hit	1	5014	2	706920	1	3084	2	0	3000
Picture	22	hit	1	2846	2	715338	1	3083	2	0	3000
Picture	22	hit	1	2637	2	724922	1	3084	2	0	3000
Picture	33	miss				733423	1	3084	2	0	3000
Picture	22	hit	1	3916	2	743174	1	3084	2	0	3000
Picture	22	hit	1	2822	2	751925	1	3084	2	0	3000
Picture	22	hit	1	2486	2	761010	1	3084	2	0	3000
Picture	22	hit	1	2912	2	770428	1	3083	2	0	3000
Picture	22	hit	1	3973	2	780929	1	3084	2	0	3000
Picture	33	hit	1	3191	2	790930	1	3084	2	0	3000
Picture	22	hit	1	3627	3	800181	1	3084	2	0	3000
Picture	22	hit	1	3365	3	810599	1	3084	2	0	3000
Picture	22	hit	1	3031	2	820934	1	3084	2	0	3000
Picture	33	hit	1	2634	2	831018	1	3084	2	0	3000
Picture	22	hit	1	5247	2	841686	1	3084	2	0	3000
Picture	22	hit	1	2850	2	851271	1	3084	2	0	3000
Picture	22	hit	1	3036	3	862022	1	3084	2	0	3000
Picture	22	hit	1	3263	2	872107	1	3083	2	0	3000
Picture	22	hit	1	3503	3	880774	2	3084	3	0	3000
Picture	22	hit	1	3554	2	891192	1	3084	2	0	3000
Picture	22	hit	1	3604	2	901610	1	3084	2	0	3000
Picture	33	miss				912612	1	3083	2	0	3000
Picture	22	hit	1	3018	2	920946	1	3084	2	0	3000
Picture	22	hit	1	3403	2	929780	1	3084	2	0	3000
Picture	22	hit	1	2682	2	940032	1	3083	2	0	3000
Picture	33	hit	1	2660	3	950366	1	3084	2	0	3000
Picture	22	hit	1	4314	3	961368	1	3083	2	0	3000
Picture	22	hit	1	3585	2	970535	1	3084	2	0	3000
Picture	22	hit	1	4647	3	979786	2	3084	3	0	3000
Picture	22	hit	1	3447	3	990204	2	3084	3	0	3000
Picture	22	hit	1	3185	2	999372	1	3084	2	0	3000
Picture	22	hit	1	2997	3	1009873	2	3084	3	0	3000
Picture	22	hit	1	2966	2	1019125	1	3083	2	0	3000
Picture	33	miss				1028209	1	3084	2	0	3000
Picture	22	hit	1	1691	2	1038210	1	3084	2	0	3000
Picture	22	hit	1	4387	2	1046295	1	3083	2	0	3000
Picture	22	hit	1	3553	2	1055879	1	3084	2	0	3000
Picture	33	miss				1065297	1	3084	2	0	3000
Picture	22	hit	1	2279	3	1074965	1	3083	2	0	3000
Picture	22	hit	1	2320	2	1085549	1	3084	2	0	3000
Picture	22	hit	1	2037	2	1096301	1	3083	2	0	3000
Picture	22	hit	1	3098	2	1106802	1	3084	2	0	3000
Picture	22	hit	1	3816	2	1116553	1	3084	2	0	3000
Picture	22	hit	1	3679	2	1127471	1	3084	2	0	3000
Picture	22	hit	1	3480	2	1138139	1	3084	2	0	3000
Picture	33	miss				1148307	1	3084	2	0	3000
Picture	22	hit	1	2822	3	1157391	2	3084	3	0	3000
Picture	22	hit	1	3247	3	1165559	1	3084	2	0	3000
Picture	22	hit	1	3746	2	1173810	1	3084	2	0	3000
Picture	22	hit	1	2880	2	1183895	1	3083	2	0	3000
Picture	22	hit	1	3024	2	1194063	1	3083	2	0	3000
Picture	33	miss				1204314	1	3084	2	0	3000
Picture	22	hit	1	2220	2	1214398	1	3084	2	0	3000
Picture	22	hit	1	3615	2	1223316	1	3084	2	0	3000
Picture	22	hit	1	3967	3	1232651	1	3083	2	0	3000
Picture	22	hit	1	3446	2	1243485	1	3084	2	0	3000
Picture	22	hit	1	3548	2	1253070	1	3083	2	0	3000
Picture	33	miss				1261737	2	3084	3	0	3000
Picture	22	hit	1	4744	3	1270155	1	3084	2	0	3000
Picture	33	miss				1279156	1	3084	2	0	3000
Picture	22	hit	1	1781	2	1289241	1	3084	2	0	3000
Picture	22	hit	1	3865	3	1297909	1	3083	2	0	3000
Picture	22	hit	1	3198	2	1307326	1	3084	2	0	3000
Picture	33	miss				1315744	1	3084	2	0	3000
Picture	22	hit	1	1612	2	1325162	1	3084	2	0	3000
Picture	22	hit	1	7486	2	1333663	1	3084	2	0	3000
Picture	22	hit	1	4735	2	1342664	1	3084	2	0	3000
Picture	22	hit	1	2880	2	1352332	1	3084	2	0	3000
Picture	22	hit	1	3191	2	1361083	1	3084	2	0	3000
Picture	33	miss				1370334	1	3084	2	0	3000
Picture	22	hit	1	2251	2	1381085	1	3084	2	0	3000
Picture	22	hit	1	3260	2	1389920	1	3083	2	0	3000
Picture	22	hit	1	3656	2	1400004	1	3084	2	0	3000
Picture	33	miss				1410089	1	3084	2	0	3000
Picture	22	hit	1	2318	2	1421174	1	3083	2	0	3000
Picture	22	hit	1	2901	2	1429341	1	3084	2	0	3000
Picture	22	hit	1	3056	3	1439342	2	3084	3	0	3000
Picture	33	miss				1447427	1	3083	2	0	3000
Picture	22	hit	1	2627	2	1457428	1	3084	2	0	3000
Picture	22	hit	1	2802	2	1467096	1	3084	2	0	3000
Picture	22	hit	1	2571	3	1475764	1	3083	2	0	3000
Picture	33	miss				1484515	1	3083	2	0	3000
Picture	22	hit	1	1705	3	1494599	1	3084	2	0	3000
Picture	33	hit	1	2818	3	1504267	1	3084	2	0	3000
Picture	22	hit	1	3005	2	1513768	1	3084	2	0	3000
Picture	22	hit	1	3358	3	1521852	2	3084	3	0	3000
Picture	22	hit	1	2992	2	1530187	1	3084	2	0	3000
Picture	22	hit	1	3355	2	1539355	1	3083	2	0	3000
Picture	22	hit	1	4166	2	1547606	1	3083	2	0	3000
Picture	33	miss				1557440	1	3084	2	0	3000
Picture	22	hit	1	2800	2	1565691	1	3084	2	0	3000
Picture	22	hit	1	2778	2	1574776	1	3083	2	0	3000
Picture	22	hit	1	3027	2	1585777	1	3084	2	0	3000
Picture	33	miss				1596195	1	3084	2	0	3000
Picture	22	hit	1	2565	2	1605613	1	3083	2	0	3000
Picture	33	miss				1615697	1	3084	2	0	3000
Picture	22	hit	1	2220	2	1626115	1	3084	2	0	3000
Picture	22	hit	1	5437	2	1635866	1	3084	2	0	3000
Picture	22	hit	1	4749	2	1644367	1	3084	2	0	3000
Picture	22	hit	1	3695	2	1654952	1	3084	2	0	3000
Picture	22	hit	1	2579	2	1665287	1	3083	2	0	3000
Picture	33	hit	1	2453	2	1676038	1	3084	2	0	3000
Picture	22	miss				1686456	1	3084	2	0	3000
Picture	22	hit	1	825	2	1695790	1	3084	2	0	3000
Picture	22	hit	1	293	2	1704291	1	3084	2	0	3000
Picture	22	hit	1	1729	4	1713792	2	3084	3	0	3000
Picture	22	hit	1	2530	2	1723460	1	3084	2	0	3000
Picture	33	miss				1732628	1	3084	2	0	3000
Picture	22	hit	1	2549	3	1743129	2	3084	3	0	3000
Picture	22	hit	1	3256	2	1751797	1	3084	2	0	3000
Picture	22	hit	1	2755	2	1762298	1	3084	2	0	3000
Picture	22	hit	1	3494	2	1771716	1	3084	2	0	3000
Picture	22	hit	1	3439	2	1781301	1	3083	2	0	3000
Picture	22	hit	1	3938	2	1789552	1	3083	2	0	3000
Picture	22	hit	1	3541	2	1799636	1	3084	2	0	3000
Picture	33	miss				1809471	1	3084	2	0	3000
Picture	22	hit	1	2225	3	1818139	1	3083	2	0	3000
Picture	33	hit	1	2673	2	1827223	1	3084	2	0	3000
Picture	22	hit	1	2401	3	1836557	2	3084	3	0	3000
Picture	22	hit	1	3004	2	1845642	1	3084	2	0	3000
Picture	22	hit	1	2877	3	1853893	1	3084	2	0	3000
Picture	22	hit	1	2793	3	1862727	1	3084	2	0	3000
Picture	22	hit	1	4275	3	1871562	1	3083	2	0	3000
Picture	22	hit	1	2812	2	1881146	1	3084	2	0	3000
Picture	22	hit	1	3300	2	1889564	1	3084	2	0	3000
Picture	33	miss				1899232	1	3083	2	0	3000
Picture	22	hit	1	2101	2	1908733	1	3084	2	0	3000
Picture	22	hit	1	2463	2	1919151	1	3084	2	0	3000
Picture	22	hit	1	2890	2	1927319	1	3083	2	0	3000
Picture	22	hit	1	2805	2	1936153	1	3084	2	0	3000
Picture	22	hit	1	2210	2	1944404	1	3084	2	0	3000
Picture	22	hit	1	2657	3	1954738	2	3084	3	0	3000
Picture	22	hit	1	3833	2	1963406	1	3084	2	0	3000
Picture	33	hit	1	3457	3	1973157	2	3084	3	0	3000
Picture	22	hit	1	3434	2	1982242	1	3084	2	0	3000
Picture	22	hit	1	2996	2	1992993	1	3084	2	0	3000
Picture	22	hit	1	3150	3	2002994	1	3084	2	0	3000
Picture	22	hit	1	3117	2	2012246	1	3083	2	0	3000
Picture	22	hit	1	4701	2	2020663	1	3084	2	0	3000
Picture	33	hit	1	8950	2	2029581	1	3084	2	0	3000
Picture	22	miss				2038915	2	3084	3	0	3000
Picture	22	hit	1	1426	2	2048000	1	3084	2	0	3000
Picture	22	hit	1	2602	2	2056668	1	3083	2	0	3000
Picture	22	hit	1	2872	2	2066085	1	3084	2	0	3000
Picture	22	hit	1	4059	3	2074586	2	3084	3	0	3000
Picture	33	miss				2083504	1	3084	2	0	3000
Picture	22	hit	1	2743	2	2094339	1	3084	2	0	3000
Picture	22	hit	1	4867	2	2102840	1	3084	2	0	3000
Picture	22	hit	1	2584	2	2113091	1	3084	2	0	3000
Picture	33	hit	1	2541	3	2121259	1	3083	3	0	3000
Picture	22	hit	1	2686	2	2130177	1	3083	2	0	3000
Picture	22	hit	1	2862	3	2138594	1	3084	2	0	3000
Picture	22	hit	1	2976	2	2149262	1	3084	2	0	3000
Picture	22	hit	1	3765	2	2157847	1	3083	2	0	3000
Picture	22	hit	1	2463	2	2168681	1	3084	2	0	3000
Picture	22	hit	1	1868	2	2176932	1	3084	2	0	3000
Picture	22	hit	1	2679	2	2185183	1	3084	2	0	3000
Picture	33	miss				2196185	1	3083	2	0	3000
Picture	22	hit	1	5260	3	2205102	1	3084	2	0	3000
Picture	22	hit	1	1405	2	2215520	1	3084	2	0	3000
Picture	22	hit	1	2757	3	2223855	1	3083	2	0	3000
Picture	33	miss				2233606	1	3084	2	0	3000
Picture	22	hit	1	2016	2	2241940	1	3084	2	0	3000
Picture	22	miss				2252525	1	3083	3	0	3000
Picture	22	hit	1	2263	2	2262943	1	3083	2	0	3000
Picture	22	hit	1	3043	2	2271694	1	3083	3	0	3000
Picture	22	hit	1	3156	2	2282362	1	3083	2	0	3000
Picture	33	hit	1	3197	2	2291696	1	3084	2	0	3000
Picture	22	hit	1	2654	2	2301614	1	3084	2	0	3000
Picture	22	hit	1	5059	2	2310615	1	3084	2	0	3000
Picture	22	hit	1	3672	3	2320283	1	3084	2	0	3000
Picture	22	hit	1	2587	2	2331368	1	3083	2	0	3000
Picture	22	hit	1	4398	3	2339869	1	3083	2	0	3000
Picture	33	miss				2348203	1	3084	2	0	3000
Picture	22	hit	1	3323	2	2358288	1	3083	2	0	3000
Picture	22	hit	1	5239	2	2367622	1	3084	2	0	3000
Picture	22	hit	1	2227	2	2378290	1	3084	2	0	3000
Picture	33	miss				2387041	1	3084	2	0	3000
Picture	22	hit	1	3078	3	2397126	1	3083	2	0	3000
Picture	22	hit	1	3287	3	2406293	2	3084	3	0	3000
Picture	22	hit	1	9556	2	2414711	1	3084	2	0	3000
Picture	22	miss				2424879	1	3084	2	0	3000
Picture	22	hit	1	3231	2	2434630	1	3084	2	0	3000
Picture	33	hit	1	2625	2	2444298	1	3084	2	0	3000
Picture	22	hit	1	2718	2	2454049	1	3084	2	0	3000
Picture	22	hit	1	2529	2	2464551	1	3083	2	0	3000
Picture	22	hit	1	3237	2	2473218	1	3084	2	0	3000
Picture	22	hit	1	2922	3	2481969	1	3084	2	0	3000
Picture	22	hit	1	2754	3	2492137	1	3084	2	0	3000
Picture	33	miss				2502555	1	3084	2	0	3000
Picture	22	hit	1	2336	3	2512556	2	3084	3	0	3000
Picture	22	hit	1	2231	2	2522974	1	3084	2	0	3000
Picture	22	hit	1	2395	2	2532809	1	3084	2	0	3000
Picture	22	hit	1	2789	2	2542727	1	3083	3	0	3000
Picture	22	hit	1	3132	2	2552228	1	3084	2	0	3000
Picture	33	miss				2560729	1	3084	2	0	3000
Picture	22	hit	1	2619	2	2571647	1	3084	2	0	3000
Picture	22	hit	1	2868	2	2580148	1	3084	2	0	3000
Picture	22	hit	1	2450	2	2589316	1	3083	3	0	3000
Picture	33	hit	1	1179	2	2599650	1	3084	2	0	3000
Picture	22	hit	1	2511	2	2608318	1	3084	2	0	3000
Picture	22	hit	1	2842	2	2617986	1	3084	2	0	3000
Picture	22	hit	1	2216	3	2627987	1	3084	2	0	3000
Picture	33	miss				2637322	1	3083	2	0	3000
Picture	22	hit	1	2891	2	2647156	1	3084	2	0	3000
Picture	22	hit	1	2473	3	2657574	1	3084	2	0	3000
Picture	22	hit	1	2524	2	2666742	1	3084	2	0	3000
Picture	33	hit	1	2856	2	2677660	1	3084	2	0	3000
Picture	22	hit	1	2938	2	2686328	1	3083	2	0	3000
Picture	22	hit	1	3114	3	2695995	2	3084	3	0	3000
Picture	22	hit	1	1341	3	2706830	1	3084	2	0	3000
Picture	22	hit	1	3288	2	2715665	1	3083	2	0	3000
Picture	22	hit	1	3381	2	2724166	1	3083	2	0	3000
Picture	33	miss				2735000	1	3084	2	0	3000
Picture	22	hit	1	2077	2	2745001	1	3084	2	0	3000
Picture	33	hit	1	3231	2	2754003	1	3083	2	0	3000
Picture	22	hit	1	2876	2	2763420	1	3084	2	0	3000
Picture	22	hit	1	2780	2	2773672	1	3083	2	0	3000
Picture	22	hit	1	3145	2	2782839	1	3084	2	0	3000
Picture	33	miss				2792924	1	3084	2	0	3000
Picture	22	hit	1	2465	2	2802425	1	3084	2	0	3000
Picture	22	hit	1	4286	2	2812010	1	3083	2	0	3000
Picture	22	hit	1	3691	2	2820261	1	3083	2	0	3000
Picture	22	hit	1	2587	3	2830428	2	3084	3	0	3000
Picture	22	hit	1	2637	3	2840846	2	3084	3	0	3000
Picture	33	hit	1	5885	2	2851348	1	3083	2	0	3000

The following output port codes were not sent because of a conflict on the port.
Port	Code	Time(ms)
1	2	10526.3
1	3	219619
