Scenario - GO/NO-GO
Logfile written - 07/06/2012 15:55:08

Subject	Trial	Event Type	Code	Time	TTime	Uncertainty	Duration	Uncertainty	ReqTime	ReqDur	Stim Type	Pair Index

DE	2	Picture	22	167	0	1	3084	2	0	3000	hit	2
DE	2	Response	1	4671	4504	1
DE	3	Picture	22	29087	0	2	3084	3	0	3000	hit	4
DE	3	Response	1	32952	3865	1
DE	4	Picture	22	61425	0	1	3083	2	0	3000	hit	6
DE	4	Response	1	64827	3402	1
DE	5	Picture	33	94095	0	1	3084	2	0	3000	hit	8
DE	5	Response	1	97483	3388	1
DE	6	Picture	22	122516	0	1	3083	2	0	3000	hit	10
DE	6	Response	1	126077	3561	2
DE	7	Picture	22	154853	0	1	3083	3	0	3000	hit	12
DE	7	Response	1	158264	3411	1
DE	8	Picture	22	186273	0	1	3084	2	0	3000	hit	14
DE	8	Response	1	190139	3866	1
DE	9	Picture	22	217860	0	2	3084	3	0	3000	hit	16
DE	9	Response	1	221389	3529	1
DE	10	Picture	22	249781	0	1	3084	2	0	3000	hit	18
DE	10	Response	1	252794	3013	2
DE	11	Picture	22	287452	0	1	3084	2	0	3000	hit	20
DE	11	Response	1	291388	3936	1
DE	12	Picture	22	324873	0	2	3084	3	0	3000	hit	22
DE	12	Response	1	329513	4640	1
DE	13	Picture	33	364795	0	1	3084	2	0	3000	miss	0
DE	14	Picture	22	401549	0	2	3084	3	0	3000	hit	25
DE	14	Response	1	407638	6089	1
DE	15	Picture	22	435554	0	1	3083	2	0	3000	hit	27
DE	15	Response	1	440137	4583	2
DE	16	Picture	22	464557	0	1	3084	2	0	3000	hit	29
DE	16	Response	1	467952	3395	1
DE	17	Picture	22	499728	0	1	3084	2	0	3000	hit	31
DE	17	Response	1	504200	4472	1
DE	18	Picture	22	538399	0	2	3084	3	0	3000	hit	33
DE	18	Response	1	545450	7051	1
DE	19	Picture	22	574570	0	2	3084	3	0	3000	hit	35
DE	19	Response	1	578262	3692	1
DE	20	Picture	22	604074	0	1	3084	2	0	3000	hit	37
DE	20	Response	1	608262	4188	1
DE	21	Picture	33	636411	0	1	3084	2	0	3000	miss	0
DE	22	Picture	22	675166	0	1	3084	2	0	3000	hit	40
DE	22	Response	1	679043	3877	1
DE	23	Picture	22	707920	0	1	3084	2	0	3000	hit	42
DE	23	Response	1	712480	4560	1
DE	24	Picture	22	747508	0	1	3084	2	0	3000	hit	44
DE	24	Response	1	750449	2941	1
DE	25	Picture	22	784513	0	1	3083	2	0	3000	hit	46
DE	25	Response	1	787792	3279	1
DE	26	Picture	22	820850	0	2	3084	3	0	3000	hit	48
DE	26	Response	1	824354	3504	2
DE	27	Picture	33	858272	0	1	3083	2	0	3000	miss	0
DE	28	Picture	22	891609	0	1	3084	2	0	3000	hit	51
DE	28	Response	1	895292	3683	1
DE	29	Picture	22	921946	0	1	3084	2	0	3000	hit	53
DE	29	Response	1	925760	3814	1
DE	30	Picture	22	953700	0	1	3084	2	0	3000	hit	55
DE	30	Response	1	957166	3466	1
DE	31	Picture	22	992038	0	1	3084	2	0	3000	hit	57
DE	31	Response	1	995604	3566	1
DE	32	Picture	22	1031209	0	1	3084	2	0	3000	hit	59
DE	32	Response	1	1035291	4082	1
DE	33	Picture	22	1065380	0	1	3084	2	0	3000	hit	61
DE	33	Response	1	1069509	4129	2
DE	34	Picture	22	1093884	0	1	3083	2	0	3000	hit	63
DE	34	Response	1	1097634	3750	2
DE	35	Picture	33	1132722	0	1	3083	2	0	3000	miss	0
DE	36	Picture	22	1169976	0	1	3084	2	0	3000	hit	66
DE	36	Response	1	1174352	4376	2
DE	37	Picture	22	1205231	0	1	3083	2	0	3000	hit	68
DE	37	Response	1	1209649	4418	1
DE	38	Picture	22	1234734	0	1	3084	2	0	3000	hit	70
DE	38	Response	1	1238884	4150	1
DE	39	Picture	22	1270322	0	1	3084	2	0	3000	hit	72
DE	39	Response	1	1273883	3561	2
DE	40	Picture	22	1307410	0	1	3083	2	0	3000	hit	74
DE	40	Response	1	1309664	2254	1
DE	41	Picture	22	1345748	0	1	3083	2	0	3000	hit	76
DE	41	Response	1	1349196	3448	1
DE	42	Picture	22	1379502	0	1	3083	3	0	3000	hit	78
DE	42	Response	1	1383101	3599	2
DE	43	Picture	33	1413006	0	1	3084	2	0	3000	hit	80
DE	43	Response	1	1416226	3220	1
DE	44	Picture	22	1441759	0	1	3084	2	0	3000	hit	82
DE	44	Response	1	1445601	3842	1
DE	45	Picture	33	1478430	0	2	3084	3	0	3000	miss	0
DE	46	Picture	22	1516935	0	1	3084	2	0	3000	hit	85
DE	46	Response	1	1521226	4291	1
DE	47	Picture	33	1553690	0	1	3083	2	0	3000	miss	0
DE	48	Picture	22	1587944	0	1	3083	3	0	3000	hit	88
DE	48	Response	1	1591850	3906	1
DE	49	Picture	33	1618698	0	1	3083	2	0	3000	miss	0
DE	50	Picture	22	1648868	0	1	3084	2	0	3000	hit	91
DE	50	Response	1	1652631	3763	1
DE	51	Picture	22	1683955	0	2	3084	3	0	3000	hit	93
DE	51	Response	1	1688725	4770	1
DE	52	Picture	22	1718210	0	1	3083	2	0	3000	hit	95
DE	52	Response	1	1722631	4421	1
DE	53	Picture	33	1752130	0	2	3084	3	0	3000	miss	0
DE	54	Picture	22	1784051	0	1	3084	2	0	3000	hit	98
DE	54	Response	1	1787945	3894	1
DE	55	Picture	22	1813971	0	1	3084	2	0	3000	hit	100
DE	55	Response	1	1818880	4909	2
DE	56	Picture	22	1843142	0	1	3083	2	0	3000	hit	102
DE	56	Response	1	1848880	5738	2
DE	57	Picture	22	1876146	0	1	3083	2	0	3000	hit	104
DE	57	Response	1	1881849	5703	1
DE	58	Picture	22	1916150	0	1	3084	2	0	3000	hit	106
DE	58	Response	1	1920443	4293	1
DE	59	Picture	22	1944987	0	1	3084	2	0	3000	hit	108
DE	59	Response	1	1948254	3267	2
DE	60	Picture	22	1981825	0	1	3084	2	0	3000	hit	110
DE	60	Response	1	1984817	2992	1
DE	61	Picture	33	2014912	0	2	3084	3	0	3000	hit	112
DE	61	Response	1	2019505	4593	1
DE	62	Picture	22	2051417	0	1	3084	2	0	3000	hit	114
DE	62	Response	1	2057629	6212	1
DE	63	Picture	22	2088338	0	1	3084	2	0	3000	hit	116
DE	63	Response	1	2092318	3980	1
DE	64	Picture	22	2116508	0	1	3084	2	0	3000	hit	118
DE	64	Response	1	2120285	3777	1
DE	65	Picture	33	2151596	0	1	3083	2	0	3000	miss	0
DE	66	Picture	22	2182683	0	1	3084	2	0	3000	hit	121
DE	66	Response	1	2187159	4476	2
DE	67	Picture	33	2215520	0	1	3084	2	0	3000	miss	0
DE	68	Picture	22	2250024	0	1	3084	2	0	3000	hit	124
DE	68	Response	1	2254503	4479	1
DE	69	Picture	33	2289362	0	2	3084	3	0	3000	miss	0
DE	70	Picture	22	2317616	0	1	3084	2	0	3000	hit	127
DE	70	Response	1	2320909	3293	1
DE	71	Picture	22	2353537	0	1	3084	2	0	3000	hit	129
DE	71	Response	1	2359503	5966	1
DE	72	Picture	22	2388791	0	1	3084	2	0	3000	hit	131
DE	72	Response	1	2393721	4930	1
DE	73	Picture	22	2427463	0	1	3083	2	0	3000	hit	133
DE	73	Response	1	2431221	3758	1
DE	74	Picture	22	2465384	0	1	3084	2	0	3000	hit	135
DE	74	Response	1	2468877	3493	1
DE	75	Picture	22	2500722	0	1	3083	2	0	3000	hit	137
DE	75	Response	1	2505283	4561	1
DE	76	Picture	22	2538726	0	1	3084	2	0	3000	hit	139
DE	76	Response	1	2542782	4056	2
DE	77	Picture	33	2577147	0	2	3084	3	0	3000	miss	0
DE	78	Picture	22	2614152	0	1	3084	2	0	3000	hit	142
DE	78	Response	1	2617782	3630	2
DE	79	Picture	22	2644822	0	1	3084	2	0	3000	hit	144
DE	79	Response	1	2650751	5929	1
DE	80	Picture	22	2681494	0	1	3083	2	0	3000	hit	146
DE	80	Response	1	2684501	3007	1
DE	81	Picture	22	2714081	0	1	3084	2	0	3000	hit	148
DE	81	Response	1	2717781	3700	2
DE	82	Picture	22	2742501	0	1	3084	2	0	3000	hit	150
DE	82	Response	1	2747625	5124	1
DE	83	Picture	33	2770671	0	1	3084	2	0	3000	hit	152
DE	83	Response	1	2774031	3360	1
DE	84	Picture	22	2799675	0	1	3083	2	0	3000	hit	154
DE	84	Response	1	2803875	4200	1
DE	85	Picture	22	2833679	0	1	3083	2	0	3000	hit	156
DE	85	Response	1	2837156	3477	1
DE	86	Picture	22	2871850	0	1	3084	2	0	3000	hit	158
DE	86	Response	1	2877624	5774	1
DE	87	Picture	22	2904437	0	1	3084	2	0	3000	hit	160
DE	87	Response	1	2908406	3969	1
DE	88	Picture	22	2935774	0	2	3084	3	0	3000	hit	162
DE	88	Response	1	2939031	3257	1
DE	89	Picture	33	2973196	0	1	3083	2	0	3000	hit	164
DE	89	Response	1	2975905	2709	2
DE	90	Picture	22	3005033	0	1	3084	2	0	3000	hit	166
DE	90	Response	1	3009811	4778	2
DE	91	Picture	33	3041704	0	1	3084	2	0	3000	hit	168
DE	91	Response	1	3044655	2951	1
DE	92	Picture	22	3078709	0	1	3083	2	0	3000	hit	170
DE	92	Response	1	3082623	3914	2
DE	93	Picture	22	3115380	0	1	3083	2	0	3000	hit	172
DE	93	Response	1	3119186	3806	1
DE	94	Picture	22	3148800	0	1	3084	2	0	3000	hit	174
DE	94	Response	1	3152154	3354	1
DE	95	Picture	22	3187638	0	2	3084	3	0	3000	hit	176
DE	95	Response	1	3192623	4985	1
DE	96	Picture	22	3219226	0	1	3083	2	0	3000	hit	178
DE	96	Response	1	3223404	4178	1
DE	97	Picture	33	3247729	0	1	3084	2	0	3000	hit	180
DE	97	Response	1	3252154	4425	1
DE	98	Picture	22	3285317	0	1	3084	2	0	3000	hit	182
DE	98	Response	1	3289028	3711	1
DE	99	Picture	22	3314487	0	1	3084	2	0	3000	hit	184
DE	99	Response	1	3318559	4072	2
DE	100	Picture	22	3347491	0	1	3084	2	0	3000	hit	186
DE	100	Response	1	3353559	6068	1
DE	101	Picture	22	3378662	0	1	3083	2	0	3000	hit	188
DE	101	Response	1	3382465	3803	1
DE	102	Picture	22	3409499	0	1	3083	3	0	3000	hit	190
DE	102	Response	1	3414340	4841	1
DE	103	Picture	33	3446420	0	1	3084	2	0	3000	miss	0
DE	104	Picture	22	3479757	0	1	3084	2	0	3000	hit	193
DE	104	Response	1	3484184	4427	1
DE	105	Picture	22	3519262	0	1	3084	2	0	3000	hit	195
DE	105	Response	1	3522621	3359	1
DE	106	Picture	22	3553016	0	1	3084	2	0	3000	hit	197
DE	106	Response	1	3556996	3980	1
DE	107	Picture	22	3591438	0	1	3083	2	0	3000	hit	199
DE	107	Response	1	3594964	3526	1
DE	108	Picture	22	3630776	0	1	3083	2	0	3000	hit	201
DE	108	Response	1	3634339	3563	1
DE	109	Picture	22	3659279	0	1	3084	2	0	3000	hit	203
DE	109	Response	1	3663714	4435	1
DE	110	Picture	22	3695867	0	1	3084	2	0	3000	hit	205
DE	110	Response	1	3699026	3159	1
DE	111	Picture	33	3735538	0	2	3084	3	0	3000	hit	207
DE	111	Response	1	3739026	3488	1
DE	112	Picture	22	3769959	0	1	3084	2	0	3000	hit	209
DE	112	Response	1	3774182	4223	1
DE	113	Picture	22	3799546	0	1	3084	2	0	3000	hit	211
DE	113	Response	1	3804338	4792	1
DE	114	Picture	22	3838968	0	1	3083	2	0	3000	hit	213
DE	114	Response	1	3842619	3651	1
DE	115	Picture	22	3867304	0	2	3084	3	0	3000	hit	215
DE	115	Response	1	3871994	4690	1
DE	116	Picture	22	3898225	0	1	3084	2	0	3000	hit	217
DE	116	Response	1	3901838	3613	1
DE	117	Picture	33	3938230	0	1	3083	3	0	3000	miss	0
DE	118	Picture	22	3976401	0	1	3084	2	0	3000	hit	220
DE	118	Response	1	3980900	4499	1
DE	119	Picture	33	4013489	0	1	3084	2	0	3000	miss	0
DE	120	Picture	22	4043076	0	1	3084	2	0	3000	hit	223
DE	120	Response	1	4046993	3917	1
DE	121	Picture	33	4074413	0	1	3084	2	0	3000	miss	0
DE	122	Picture	22	4106500	0	1	3084	2	0	3000	hit	226
DE	122	Response	1	4110273	3773	2
DE	123	Picture	33	4144422	0	1	3083	2	0	3000	miss	0
DE	124	Picture	22	4177509	0	1	3084	2	0	3000	hit	229
DE	124	Response	1	4183398	5889	1
DE	125	Picture	22	4212346	0	2	3084	3	0	3000	hit	231
DE	125	Response	1	4216992	4646	1
DE	126	Picture	22	4243767	0	1	3084	2	0	3000	hit	233
DE	126	Response	1	4247305	3538	1
DE	127	Picture	22	4282438	0	1	3084	2	0	3000	hit	235
DE	127	Response	1	4287617	5179	1
DE	128	Picture	22	4314192	0	1	3084	2	0	3000	hit	237
DE	128	Response	1	4319022	4830	1
DE	129	Picture	22	4353364	0	1	3083	2	0	3000	hit	239
DE	129	Response	1	4358085	4721	1
DE	130	Picture	22	4391368	0	1	3084	2	0	3000	hit	241
DE	130	Response	1	4397772	6404	1
DE	131	Picture	33	4424456	0	1	3083	2	0	3000	hit	243
DE	131	Response	1	4427772	3316	1
DE	132	Picture	22	4455709	0	2	3084	3	0	3000	hit	245
DE	132	Response	1	4461835	6126	1
DE	133	Picture	22	4490047	0	1	3084	2	0	3000	hit	247
DE	133	Response	1	4493865	3818	1
DE	134	Picture	22	4522468	0	1	3083	2	0	3000	hit	249
DE	134	Response	1	4527147	4679	1
DE	135	Picture	33	4562139	0	1	3084	2	0	3000	miss	0
DE	136	Picture	22	4590226	0	1	3083	3	0	3000	hit	252
DE	136	Response	1	4593865	3639	1
DE	137	Picture	22	4625730	0	1	3084	2	0	3000	hit	254
DE	137	Response	1	4632304	6574	1
DE	138	Picture	22	4660318	0	1	3083	2	0	3000	hit	256
DE	138	Response	1	4665271	4953	1
DE	139	Picture	22	4695655	0	1	3084	2	0	3000	hit	258
DE	139	Response	1	4699021	3366	1
DE	140	Picture	22	4732743	0	1	3084	2	0	3000	hit	260
DE	140	Response	1	4736676	3933	2
DE	141	Picture	22	4761663	0	1	3084	2	0	3000	hit	262
DE	141	Response	1	4765895	4232	2
DE	142	Picture	22	4794417	0	1	3084	2	0	3000	hit	264
DE	142	Response	1	4799801	5384	1
DE	143	Picture	33	4824338	0	1	3083	2	0	3000	hit	266
DE	143	Response	1	4829488	5150	1
DE	144	Picture	22	4856592	0	1	3083	2	0	3000	hit	268
DE	144	Response	1	4861051	4459	1
DE	145	Picture	22	4885678	0	1	3084	2	0	3000	hit	270
DE	145	Response	1	4889644	3966	2
DE	146	Picture	22	4914765	0	1	3084	2	0	3000	hit	272
DE	146	Response	1	4918863	4098	1
DE	147	Picture	22	4949686	0	1	3084	2	0	3000	hit	274
DE	147	Response	1	4954019	4333	1
DE	148	Picture	22	4989524	0	1	3084	2	0	3000	hit	276
DE	148	Response	1	4993550	4026	1
DE	149	Picture	33	5018861	0	1	3084	2	0	3000	hit	278
DE	149	Response	1	5023237	4376	1
DE	150	Picture	22	5049782	0	1	3083	2	0	3000	hit	280
DE	150	Response	1	5053394	3612	1
DE	151	Picture	22	5089620	0	1	3084	2	0	3000	hit	282
DE	151	Response	1	5092768	3148	1
DE	152	Picture	22	5118540	0	1	3084	2	0	3000	hit	284
DE	152	Response	1	5122612	4072	1
DE	153	Picture	33	5158212	0	1	3083	2	0	3000	hit	286
DE	153	Response	1	5161049	2837	1
DE	154	Response	1	5549485	355769	1
DE	156	Picture	22	5559594	0	1	3083	2	0	3000	hit	289
DE	156	Response	1	5568078	8484	1
DE	157	Picture	22	5592764	0	2	3084	3	0	3000	hit	291
DE	157	Response	1	5596203	3439	1
DE	158	Picture	22	5623101	0	2	3084	3	0	3000	hit	293
DE	158	Response	1	5626827	3726	2
DE	159	Picture	22	5658939	0	1	3084	2	0	3000	hit	295
DE	159	Response	1	5662452	3513	1
DE	160	Picture	22	5690610	0	1	3083	2	0	3000	hit	297
DE	160	Response	1	5694640	4030	1
DE	161	Picture	22	5730114	0	2	3084	3	0	3000	hit	299
DE	161	Response	1	5733233	3119	2
DE	162	Picture	22	5759035	0	1	3083	2	0	3000	hit	301
DE	162	Response	1	5763546	4511	1
DE	163	Picture	33	5790205	0	1	3084	2	0	3000	hit	303
DE	163	Response	1	5793545	3340	2
DE	164	Picture	22	5822876	0	1	3083	3	0	3000	hit	305
DE	164	Response	1	5826514	3638	1
DE	165	Picture	22	5860797	0	1	3084	2	0	3000	hit	307
DE	165	Response	1	5864483	3686	1
DE	166	Picture	22	5896385	0	1	3083	2	0	3000	hit	309
DE	166	Response	1	5899951	3566	1
DE	167	Picture	22	5932222	0	2	3084	3	0	3000	hit	311
DE	167	Response	1	5936201	3979	1
DE	168	Picture	22	5965143	0	1	3084	2	0	3000	hit	313
DE	168	Response	1	5968388	3245	1
DE	169	Picture	33	6001064	0	1	3084	2	0	3000	miss	0
DE	170	Picture	22	6040069	0	1	3084	2	0	3000	hit	316
DE	170	Response	1	6042851	2782	2
DE	171	Picture	22	6072073	0	1	3083	3	0	3000	hit	318
DE	171	Response	1	6076044	3971	2
DE	172	Picture	22	6100243	0	1	3084	2	0	3000	hit	320
DE	172	Response	1	6104481	4238	1
DE	173	Picture	33	6136664	0	1	3084	2	0	3000	miss	0
DE	174	Picture	22	6175252	0	1	3084	2	0	3000	hit	323
DE	174	Response	1	6178387	3135	1
DE	175	Picture	22	6209756	0	1	3084	2	0	3000	hit	325
DE	175	Response	1	6215262	5506	1
DE	176	Picture	22	6241010	0	1	3084	2	0	3000	hit	327
DE	176	Response	1	6245730	4720	1
DE	177	Picture	22	6272264	0	1	3084	2	0	3000	hit	329
DE	177	Response	1	6276512	4248	1
DE	178	Picture	22	6306268	0	1	3084	2	0	3000	hit	331
DE	178	Response	1	6309948	3680	2
DE	179	Picture	22	6342022	0	1	3084	2	0	3000	hit	333
DE	179	Response	1	6345730	3708	1
DE	180	Picture	22	6379027	0	1	3083	3	0	3000	hit	335
DE	180	Response	1	6383542	4515	1
DE	181	Picture	33	6415865	0	1	3083	2	0	3000	miss	0
DE	182	Picture	22	6453286	0	1	3084	2	0	3000	hit	338
DE	182	Response	1	6458542	5256	1
DE	183	Picture	22	6489707	0	1	3084	2	0	3000	hit	340
DE	183	Response	1	6494010	4303	1
DE	184	Picture	22	6525711	0	1	3084	2	0	3000	hit	342
DE	184	Response	1	6530416	4705	1
DE	185	Picture	22	6560716	0	1	3083	2	0	3000	hit	344
DE	185	Response	1	6564947	4231	1
DE	186	Picture	22	6594720	0	1	3083	2	0	3000	hit	346
DE	186	Response	1	6598385	3665	1
DE	187	Picture	33	6624723	0	1	3084	2	0	3000	miss	0
DE	188	Picture	22	6660894	0	2	3084	3	0	3000	hit	349
DE	188	Response	1	6663697	2803	1
DE	189	Picture	22	6695732	0	1	3084	2	0	3000	hit	351
DE	189	Response	1	6700415	4683	1
DE	190	Picture	22	6727819	0	1	3084	2	0	3000	hit	353
DE	190	Response	1	6730728	2909	1
DE	191	Picture	22	6766074	0	1	3084	2	0	3000	hit	355
DE	191	Response	1	6770415	4341	1
DE	192	Picture	22	6805829	0	1	3083	2	0	3000	hit	357
DE	192	Response	1	6808695	2866	1
DE	193	Picture	22	6845334	0	1	3083	2	0	3000	hit	359
DE	193	Response	1	6849789	4455	1
DE	194	Picture	22	6879088	0	1	3083	2	0	3000	hit	361
DE	194	Response	1	6883226	4138	1
DE	195	Picture	33	6911925	0	1	3084	2	0	3000	miss	0
DE	196	Picture	22	6947929	0	1	3084	2	0	3000	hit	364
DE	196	Response	1	6951039	3110	2
DE	197	Picture	22	6976600	0	1	3083	2	0	3000	hit	366
DE	197	Response	1	6981820	5220	1
DE	198	Picture	22	7013354	0	1	3084	2	0	3000	hit	368
DE	198	Response	1	7019007	5653	1
DE	199	Picture	33	7045525	0	1	3083	2	0	3000	miss	0
DE	200	Picture	22	7084113	0	1	3083	2	0	3000	hit	371
DE	200	Response	1	7091507	7394	1
DE	201	Picture	22	7117367	0	1	3083	2	0	3000	hit	373
DE	201	Response	1	7121506	4139	1
DE	202	Picture	22	7157038	0	1	3084	2	0	3000	hit	375
DE	202	Response	1	7161038	4000	1
DE	203	Picture	22	7192876	0	1	3084	2	0	3000	hit	377
DE	203	Response	1	7198537	5661	1
DE	204	Picture	22	7221046	0	1	3084	2	0	3000	hit	379
DE	204	Response	1	7225725	4679	1
DE	205	Picture	33	7259634	0	1	3084	2	0	3000	miss	0
DE	206	Picture	22	7288221	0	1	3083	3	0	3000	hit	382
DE	206	Response	1	7293380	5159	2
DE	207	Picture	22	7327392	0	1	3084	2	0	3000	hit	384
DE	207	Response	1	7331192	3800	2
DE	208	Picture	22	7360230	0	1	3083	2	0	3000	hit	386
DE	208	Response	1	7364005	3775	1
DE	209	Picture	22	7389483	0	1	3084	2	0	3000	hit	388
DE	209	Response	1	7393692	4209	1
DE	210	Picture	22	7423654	0	1	3084	2	0	3000	hit	390
DE	210	Response	1	7426973	3319	2
DE	211	Picture	33	7461325	0	1	3084	2	0	3000	hit	392
DE	211	Response	1	7464629	3304	1
DE	212	Picture	22	7497330	0	1	3083	2	0	3000	hit	394
DE	212	Response	1	7501665	4335	1
DE	213	Picture	22	7533834	0	1	3084	2	0	3000	hit	396
DE	213	Response	1	7538222	4388	1
DE	214	Picture	22	7569755	0	1	3084	2	0	3000	hit	398
DE	214	Response	1	7573066	3311	1
DE	215	Picture	22	7599342	0	1	3084	2	0	3000	hit	400
DE	215	Response	1	7603222	3880	1
DE	216	Picture	22	7632846	0	1	3084	2	0	3000	hit	402
DE	216	Response	1	7636659	3813	1
DE	217	Picture	33	7669350	0	2	3084	3	0	3000	hit	404
DE	217	Response	1	7673847	4497	1
DE	218	Picture	22	7709355	0	1	3084	2	0	3000	hit	406
DE	218	Response	1	7714002	4647	2
DE	219	Picture	22	7744610	0	1	3083	2	0	3000	hit	408
DE	219	Response	1	7748378	3768	1
DE	220	Picture	22	7782614	0	1	3084	2	0	3000	hit	410
DE	220	Response	1	7787752	5138	2
DE	221	Picture	22	7817285	0	1	3084	2	0	3000	hit	412
DE	221	Response	1	7821815	4530	1
DE	222	Picture	22	7852873	0	1	3084	2	0	3000	hit	414
DE	222	Response	1	7856345	3472	1
DE	223	Picture	33	7886544	0	1	3083	2	0	3000	miss	0
DE	224	Picture	22	7920714	0	2	3084	3	0	3000	hit	417
DE	224	Response	1	7924627	3913	1
DE	225	Picture	22	7960469	0	1	3084	2	0	3000	hit	419
DE	225	Response	1	7965564	5095	1
DE	226	Picture	22	7991140	0	1	3083	2	0	3000	hit	421
DE	226	Response	1	7996501	5361	1
DE	227	Picture	33	8027394	0	1	3084	2	0	3000	hit	423
DE	227	Response	1	8031657	4263	1
DE	228	Picture	22	8065565	0	1	3084	2	0	3000	hit	425
DE	228	Response	1	8070719	5154	1
DE	229	Picture	33	8102320	0	1	3084	2	0	3000	miss	0
DE	230	Picture	22	8132407	0	1	3084	2	0	3000	hit	428
DE	230	Response	1	8137125	4718	1
DE	231	Picture	22	8161077	0	1	3084	2	0	3000	hit	430
DE	231	Response	1	8164468	3391	2
DE	232	Picture	22	8194248	0	1	3083	2	0	3000	hit	432
DE	232	Response	1	8200094	5846	1
DE	233	Picture	22	8233836	0	1	3084	2	0	3000	hit	434
DE	233	Response	1	8237593	3757	1
DE	234	Picture	22	8262506	0	1	3084	2	0	3000	hit	436
DE	234	Response	1	8266499	3993	1
DE	235	Picture	33	8293510	0	1	3084	2	0	3000	hit	438
DE	235	Response	1	8296499	2989	1
DE	236	Picture	22	8333098	0	1	3084	2	0	3000	hit	440
DE	236	Response	1	8336031	2933	1
DE	237	Picture	22	8369269	0	1	3084	2	0	3000	hit	442
DE	237	Response	1	8372436	3167	1
DE	238	Picture	22	8398523	0	1	3083	2	0	3000	hit	444
DE	238	Response	1	8403218	4695	1
DE	239	Picture	22	8436777	0	1	3084	2	0	3000	hit	446
DE	239	Response	1	8440561	3784	1
DE	240	Picture	22	8471781	0	2	3084	3	0	3000	hit	448
DE	240	Response	1	8476186	4405	1
DE	241	Picture	22	8507453	0	1	3083	2	0	3000	hit	450
DE	241	Response	1	8510560	3107	2
DE	242	Picture	22	8537706	0	1	3084	2	0	3000	hit	452
DE	242	Response	1	8541185	3479	1
DE	243	Picture	33	8569377	0	1	3083	2	0	3000	hit	454
DE	243	Response	1	8572904	3527	1
DE	244	Picture	22	8602297	0	1	3084	2	0	3000	hit	456
DE	244	Response	1	8606185	3888	1
DE	245	Picture	22	8639385	0	1	3084	2	0	3000	hit	458
DE	245	Response	1	8642747	3362	1
DE	246	Picture	22	8673556	0	1	3084	2	0	3000	hit	460
DE	246	Response	1	8677278	3722	1
DE	247	Picture	22	8710977	0	1	3084	2	0	3000	hit	462
DE	247	Response	1	8714778	3801	1
DE	248	Picture	22	8750149	0	1	3083	2	0	3000	hit	464
DE	248	Response	1	8754622	4473	1
DE	249	Picture	33	8787737	0	1	3083	2	0	3000	miss	0
DE	250	Picture	22	8826325	0	1	3083	2	0	3000	hit	467
DE	250	Response	1	8829621	3296	1
DE	251	Picture	22	8860412	0	1	3084	2	0	3000	hit	469
DE	251	Response	1	8865090	4678	1
DE	252	Picture	22	8891249	0	1	3084	2	0	3000	hit	471
DE	252	Response	1	8894621	3372	1
DE	253	Picture	33	8925503	0	1	3084	2	0	3000	hit	473
DE	253	Response	1	8928527	3024	1
DE	254	Picture	22	8964508	0	1	3084	2	0	3000	hit	475
DE	254	Response	1	8968995	4487	1
DE	255	Picture	22	8995012	0	1	3084	2	0	3000	hit	477
DE	255	Response	1	8998370	3358	1
DE	256	Picture	22	9034267	0	1	3083	2	0	3000	hit	479
DE	256	Response	1	9036807	2540	1
DE	257	Picture	22	9070188	0	1	3083	2	0	3000	hit	481
DE	257	Response	1	9073838	3650	1
DE	258	Picture	22	9105359	0	1	3083	2	0	3000	hit	483
DE	258	Response	1	9109775	4416	1
DE	259	Picture	33	9133445	0	1	3084	2	0	3000	miss	0
DE	260	Picture	22	9166949	0	2	3084	3	0	3000	hit	486
DE	260	Response	1	9170556	3607	1
DE	261	Picture	22	9198370	0	1	3084	2	0	3000	hit	488
DE	261	Response	1	9201962	3592	1
DE	262	Picture	22	9230624	0	1	3084	2	0	3000	hit	490
DE	262	Response	1	9234150	3526	1
DE	263	Picture	33	9260377	0	2	3084	3	0	3000	hit	492
DE	263	Response	1	9263837	3460	1
DE	264	Picture	22	9290131	0	1	3084	2	0	3000	hit	494
DE	264	Response	1	9294150	4019	1
DE	265	Picture	33	9322052	0	1	3083	2	0	3000	miss	0
DE	266	Picture	22	9353472	0	1	3084	2	0	3000	hit	497
DE	266	Response	1	9357742	4270	1
DE	267	Picture	22	9390227	0	1	3083	2	0	3000	hit	499
DE	267	Response	1	9393524	3297	1
DE	268	Picture	22	9429731	0	2	3084	3	0	3000	hit	501
DE	268	Response	1	9433054	3323	2
DE	269	Picture	33	9458068	0	1	3084	2	0	3000	hit	503
DE	269	Response	1	9462276	4208	1
DE	270	Picture	22	9492406	0	1	3083	2	0	3000	hit	505
DE	270	Response	1	9495554	3148	2
DE	271	Picture	22	9524493	0	1	3084	2	0	3000	hit	507
DE	271	Response	1	9528992	4499	1
DE	272	Picture	22	9554163	0	1	3084	2	0	3000	hit	509
DE	272	Response	1	9557900	3737	1
DE	273	Picture	22	9585500	0	1	3084	2	0	3000	hit	511
DE	273	Response	1	9588523	3023	1
DE	274	Picture	22	9615837	0	2	3084	3	0	3000	hit	513
DE	274	Response	1	9619147	3310	2
DE	275	Picture	33	9646841	0	1	3084	2	0	3000	miss	0
DE	276	Picture	22	9684096	0	1	3083	2	0	3000	hit	516
DE	276	Response	1	9688991	4895	1
DE	277	Picture	22	9721434	0	1	3083	2	0	3000	hit	518
DE	277	Response	1	9725553	4119	1
DE	278	Picture	22	9757688	0	1	3084	2	0	3000	hit	520
DE	278	Response	1	9761334	3646	1
DE	279	Picture	22	9791442	0	1	3084	2	0	3000	hit	522
DE	279	Response	1	9796178	4736	1
DE	280	Picture	22	9828697	0	1	3083	2	0	3000	hit	524
DE	280	Response	1	9833677	4980	1
DE	281	Picture	33	9857700	0	1	3084	2	0	3000	hit	526
DE	281	Response	1	9861490	3790	1
DE	282	Picture	22	9892204	0	1	3084	2	0	3000	hit	528
DE	282	Response	1	9896020	3816	2
DE	283	Picture	22	9921208	0	1	3084	2	0	3000	hit	530
DE	283	Response	1	9923989	2781	2
DE	284	Picture	22	9951295	0	1	3084	2	0	3000	hit	532
DE	284	Response	1	9955239	3944	1
DE	285	Picture	33	9985132	0	1	3084	2	0	3000	miss	0
DE	286	Picture	22	10017136	0	1	3084	2	0	3000	hit	535
DE	286	Response	1	10021021	3885	1
DE	287	Picture	22	10051557	0	1	3084	2	0	3000	hit	537
DE	287	Response	1	10054613	3056	2
DE	287	Response	1	10086645	35088	1
DE	288	Picture	22	10088312	0	1	3083	2	0	3000	miss	0
DE	289	Picture	22	10125816	0	1	3084	2	0	3000	hit	541
DE	289	Response	1	10130395	4579	2
DE	290	Picture	22	10157820	0	1	3084	2	0	3000	hit	543
DE	290	Response	1	10166020	8200	1
DE	291	Picture	22	10186240	0	1	3084	2	0	3000	hit	545
DE	291	Response	1	10190550	4310	1
DE	292	Picture	22	10218577	0	2	3084	3	0	3000	hit	547
DE	292	Response	1	10223050	4473	1
DE	293	Picture	33	10251331	0	2	3084	3	0	3000	miss	0
DE	294	Picture	22	10291420	0	1	3083	2	0	3000	hit	550
DE	294	Response	1	10295080	3660	2
DE	295	Picture	33	10323007	0	1	3084	2	0	3000	miss	0
DE	296	Picture	22	10353594	0	1	3084	2	0	3000	hit	553
DE	296	Response	1	10356955	3361	1
DE	297	Picture	33	10390682	0	1	3083	2	0	3000	miss	0
DE	298	Picture	22	10430270	0	1	3084	2	0	3000	hit	556
DE	298	Response	1	10433361	3091	1
DE	299	Picture	22	10468608	0	1	3084	2	0	3000	hit	558
DE	299	Response	1	10471954	3346	2
DE	300	Picture	22	10497445	0	1	3083	2	0	3000	hit	560
DE	300	Response	1	10501017	3572	1
DE	301	Picture	22	10532282	0	1	3084	2	0	3000	hit	562
DE	301	Response	1	10535548	3266	1
DE	302	Picture	22	10571787	0	1	3084	2	0	3000	hit	564
DE	302	Response	1	10576173	4386	1
DE	303	Picture	33	10608625	0	1	3084	2	0	3000	hit	566
DE	303	Response	1	10641173	32548	1


Event Type	Code	Type	Response	RT	RT Uncertainty	Time	Uncertainty	Duration	Uncertainty	ReqTime	ReqDur

Picture	22	hit	1	4504	2	167	1	3084	2	0	3000
Picture	22	hit	1	3865	3	29087	2	3084	3	0	3000
Picture	22	hit	1	3402	2	61425	1	3083	2	0	3000
Picture	33	hit	1	3388	2	94095	1	3084	2	0	3000
Picture	22	hit	1	3561	3	122516	1	3083	2	0	3000
Picture	22	hit	1	3411	2	154853	1	3083	3	0	3000
Picture	22	hit	1	3866	2	186273	1	3084	2	0	3000
Picture	22	hit	1	3529	3	217860	2	3084	3	0	3000
Picture	22	hit	1	3013	3	249781	1	3084	2	0	3000
Picture	22	hit	1	3936	2	287452	1	3084	2	0	3000
Picture	22	hit	1	4640	3	324873	2	3084	3	0	3000
Picture	33	miss				364795	1	3084	2	0	3000
Picture	22	hit	1	6089	3	401549	2	3084	3	0	3000
Picture	22	hit	1	4583	3	435554	1	3083	2	0	3000
Picture	22	hit	1	3395	2	464557	1	3084	2	0	3000
Picture	22	hit	1	4472	2	499728	1	3084	2	0	3000
Picture	22	hit	1	7051	3	538399	2	3084	3	0	3000
Picture	22	hit	1	3692	3	574570	2	3084	3	0	3000
Picture	22	hit	1	4188	2	604074	1	3084	2	0	3000
Picture	33	miss				636411	1	3084	2	0	3000
Picture	22	hit	1	3877	2	675166	1	3084	2	0	3000
Picture	22	hit	1	4560	2	707920	1	3084	2	0	3000
Picture	22	hit	1	2941	2	747508	1	3084	2	0	3000
Picture	22	hit	1	3279	2	784513	1	3083	2	0	3000
Picture	22	hit	1	3504	4	820850	2	3084	3	0	3000
Picture	33	miss				858272	1	3083	2	0	3000
Picture	22	hit	1	3683	2	891609	1	3084	2	0	3000
Picture	22	hit	1	3814	2	921946	1	3084	2	0	3000
Picture	22	hit	1	3466	2	953700	1	3084	2	0	3000
Picture	22	hit	1	3566	2	992038	1	3084	2	0	3000
Picture	22	hit	1	4082	2	1031209	1	3084	2	0	3000
Picture	22	hit	1	4129	3	1065380	1	3084	2	0	3000
Picture	22	hit	1	3750	3	1093884	1	3083	2	0	3000
Picture	33	miss				1132722	1	3083	2	0	3000
Picture	22	hit	1	4376	3	1169976	1	3084	2	0	3000
Picture	22	hit	1	4418	2	1205231	1	3083	2	0	3000
Picture	22	hit	1	4150	2	1234734	1	3084	2	0	3000
Picture	22	hit	1	3561	3	1270322	1	3084	2	0	3000
Picture	22	hit	1	2254	2	1307410	1	3083	2	0	3000
Picture	22	hit	1	3448	2	1345748	1	3083	2	0	3000
Picture	22	hit	1	3599	3	1379502	1	3083	3	0	3000
Picture	33	hit	1	3220	2	1413006	1	3084	2	0	3000
Picture	22	hit	1	3842	2	1441759	1	3084	2	0	3000
Picture	33	miss				1478430	2	3084	3	0	3000
Picture	22	hit	1	4291	2	1516935	1	3084	2	0	3000
Picture	33	miss				1553690	1	3083	2	0	3000
Picture	22	hit	1	3906	2	1587944	1	3083	3	0	3000
Picture	33	miss				1618698	1	3083	2	0	3000
Picture	22	hit	1	3763	2	1648868	1	3084	2	0	3000
Picture	22	hit	1	4770	3	1683955	2	3084	3	0	3000
Picture	22	hit	1	4421	2	1718210	1	3083	2	0	3000
Picture	33	miss				1752130	2	3084	3	0	3000
Picture	22	hit	1	3894	2	1784051	1	3084	2	0	3000
Picture	22	hit	1	4909	3	1813971	1	3084	2	0	3000
Picture	22	hit	1	5738	3	1843142	1	3083	2	0	3000
Picture	22	hit	1	5703	2	1876146	1	3083	2	0	3000
Picture	22	hit	1	4293	2	1916150	1	3084	2	0	3000
Picture	22	hit	1	3267	3	1944987	1	3084	2	0	3000
Picture	22	hit	1	2992	2	1981825	1	3084	2	0	3000
Picture	33	hit	1	4593	3	2014912	2	3084	3	0	3000
Picture	22	hit	1	6212	2	2051417	1	3084	2	0	3000
Picture	22	hit	1	3980	2	2088338	1	3084	2	0	3000
Picture	22	hit	1	3777	2	2116508	1	3084	2	0	3000
Picture	33	miss				2151596	1	3083	2	0	3000
Picture	22	hit	1	4476	3	2182683	1	3084	2	0	3000
Picture	33	miss				2215520	1	3084	2	0	3000
Picture	22	hit	1	4479	2	2250024	1	3084	2	0	3000
Picture	33	miss				2289362	2	3084	3	0	3000
Picture	22	hit	1	3293	2	2317616	1	3084	2	0	3000
Picture	22	hit	1	5966	2	2353537	1	3084	2	0	3000
Picture	22	hit	1	4930	2	2388791	1	3084	2	0	3000
Picture	22	hit	1	3758	2	2427463	1	3083	2	0	3000
Picture	22	hit	1	3493	2	2465384	1	3084	2	0	3000
Picture	22	hit	1	4561	2	2500722	1	3083	2	0	3000
Picture	22	hit	1	4056	3	2538726	1	3084	2	0	3000
Picture	33	miss				2577147	2	3084	3	0	3000
Picture	22	hit	1	3630	3	2614152	1	3084	2	0	3000
Picture	22	hit	1	5929	2	2644822	1	3084	2	0	3000
Picture	22	hit	1	3007	2	2681494	1	3083	2	0	3000
Picture	22	hit	1	3700	3	2714081	1	3084	2	0	3000
Picture	22	hit	1	5124	2	2742501	1	3084	2	0	3000
Picture	33	hit	1	3360	2	2770671	1	3084	2	0	3000
Picture	22	hit	1	4200	2	2799675	1	3083	2	0	3000
Picture	22	hit	1	3477	2	2833679	1	3083	2	0	3000
Picture	22	hit	1	5774	2	2871850	1	3084	2	0	3000
Picture	22	hit	1	3969	2	2904437	1	3084	2	0	3000
Picture	22	hit	1	3257	3	2935774	2	3084	3	0	3000
Picture	33	hit	1	2709	3	2973196	1	3083	2	0	3000
Picture	22	hit	1	4778	3	3005033	1	3084	2	0	3000
Picture	33	hit	1	2951	2	3041704	1	3084	2	0	3000
Picture	22	hit	1	3914	3	3078709	1	3083	2	0	3000
Picture	22	hit	1	3806	2	3115380	1	3083	2	0	3000
Picture	22	hit	1	3354	2	3148800	1	3084	2	0	3000
Picture	22	hit	1	4985	3	3187638	2	3084	3	0	3000
Picture	22	hit	1	4178	2	3219226	1	3083	2	0	3000
Picture	33	hit	1	4425	2	3247729	1	3084	2	0	3000
Picture	22	hit	1	3711	2	3285317	1	3084	2	0	3000
Picture	22	hit	1	4072	3	3314487	1	3084	2	0	3000
Picture	22	hit	1	6068	2	3347491	1	3084	2	0	3000
Picture	22	hit	1	3803	2	3378662	1	3083	2	0	3000
Picture	22	hit	1	4841	2	3409499	1	3083	3	0	3000
Picture	33	miss				3446420	1	3084	2	0	3000
Picture	22	hit	1	4427	2	3479757	1	3084	2	0	3000
Picture	22	hit	1	3359	2	3519262	1	3084	2	0	3000
Picture	22	hit	1	3980	2	3553016	1	3084	2	0	3000
Picture	22	hit	1	3526	2	3591438	1	3083	2	0	3000
Picture	22	hit	1	3563	2	3630776	1	3083	2	0	3000
Picture	22	hit	1	4435	2	3659279	1	3084	2	0	3000
Picture	22	hit	1	3159	2	3695867	1	3084	2	0	3000
Picture	33	hit	1	3488	3	3735538	2	3084	3	0	3000
Picture	22	hit	1	4223	2	3769959	1	3084	2	0	3000
Picture	22	hit	1	4792	2	3799546	1	3084	2	0	3000
Picture	22	hit	1	3651	2	3838968	1	3083	2	0	3000
Picture	22	hit	1	4690	3	3867304	2	3084	3	0	3000
Picture	22	hit	1	3613	2	3898225	1	3084	2	0	3000
Picture	33	miss				3938230	1	3083	3	0	3000
Picture	22	hit	1	4499	2	3976401	1	3084	2	0	3000
Picture	33	miss				4013489	1	3084	2	0	3000
Picture	22	hit	1	3917	2	4043076	1	3084	2	0	3000
Picture	33	miss				4074413	1	3084	2	0	3000
Picture	22	hit	1	3773	3	4106500	1	3084	2	0	3000
Picture	33	miss				4144422	1	3083	2	0	3000
Picture	22	hit	1	5889	2	4177509	1	3084	2	0	3000
Picture	22	hit	1	4646	3	4212346	2	3084	3	0	3000
Picture	22	hit	1	3538	2	4243767	1	3084	2	0	3000
Picture	22	hit	1	5179	2	4282438	1	3084	2	0	3000
Picture	22	hit	1	4830	2	4314192	1	3084	2	0	3000
Picture	22	hit	1	4721	2	4353364	1	3083	2	0	3000
Picture	22	hit	1	6404	2	4391368	1	3084	2	0	3000
Picture	33	hit	1	3316	2	4424456	1	3083	2	0	3000
Picture	22	hit	1	6126	3	4455709	2	3084	3	0	3000
Picture	22	hit	1	3818	2	4490047	1	3084	2	0	3000
Picture	22	hit	1	4679	2	4522468	1	3083	2	0	3000
Picture	33	miss				4562139	1	3084	2	0	3000
Picture	22	hit	1	3639	2	4590226	1	3083	3	0	3000
Picture	22	hit	1	6574	2	4625730	1	3084	2	0	3000
Picture	22	hit	1	4953	2	4660318	1	3083	2	0	3000
Picture	22	hit	1	3366	2	4695655	1	3084	2	0	3000
Picture	22	hit	1	3933	3	4732743	1	3084	2	0	3000
Picture	22	hit	1	4232	3	4761663	1	3084	2	0	3000
Picture	22	hit	1	5384	2	4794417	1	3084	2	0	3000
Picture	33	hit	1	5150	2	4824338	1	3083	2	0	3000
Picture	22	hit	1	4459	2	4856592	1	3083	2	0	3000
Picture	22	hit	1	3966	3	4885678	1	3084	2	0	3000
Picture	22	hit	1	4098	2	4914765	1	3084	2	0	3000
Picture	22	hit	1	4333	2	4949686	1	3084	2	0	3000
Picture	22	hit	1	4026	2	4989524	1	3084	2	0	3000
Picture	33	hit	1	4376	2	5018861	1	3084	2	0	3000
Picture	22	hit	1	3612	2	5049782	1	3083	2	0	3000
Picture	22	hit	1	3148	2	5089620	1	3084	2	0	3000
Picture	22	hit	1	4072	2	5118540	1	3084	2	0	3000
Picture	33	hit	1	2837	2	5158212	1	3083	2	0	3000
Picture	22	hit	1	8484	2	5559594	1	3083	2	0	3000
Picture	22	hit	1	3439	3	5592764	2	3084	3	0	3000
Picture	22	hit	1	3726	4	5623101	2	3084	3	0	3000
Picture	22	hit	1	3513	2	5658939	1	3084	2	0	3000
Picture	22	hit	1	4030	2	5690610	1	3083	2	0	3000
Picture	22	hit	1	3119	4	5730114	2	3084	3	0	3000
Picture	22	hit	1	4511	2	5759035	1	3083	2	0	3000
Picture	33	hit	1	3340	3	5790205	1	3084	2	0	3000
Picture	22	hit	1	3638	2	5822876	1	3083	3	0	3000
Picture	22	hit	1	3686	2	5860797	1	3084	2	0	3000
Picture	22	hit	1	3566	2	5896385	1	3083	2	0	3000
Picture	22	hit	1	3979	3	5932222	2	3084	3	0	3000
Picture	22	hit	1	3245	2	5965143	1	3084	2	0	3000
Picture	33	miss				6001064	1	3084	2	0	3000
Picture	22	hit	1	2782	3	6040069	1	3084	2	0	3000
Picture	22	hit	1	3971	3	6072073	1	3083	3	0	3000
Picture	22	hit	1	4238	2	6100243	1	3084	2	0	3000
Picture	33	miss				6136664	1	3084	2	0	3000
Picture	22	hit	1	3135	2	6175252	1	3084	2	0	3000
Picture	22	hit	1	5506	2	6209756	1	3084	2	0	3000
Picture	22	hit	1	4720	2	6241010	1	3084	2	0	3000
Picture	22	hit	1	4248	2	6272264	1	3084	2	0	3000
Picture	22	hit	1	3680	3	6306268	1	3084	2	0	3000
Picture	22	hit	1	3708	2	6342022	1	3084	2	0	3000
Picture	22	hit	1	4515	2	6379027	1	3083	3	0	3000
Picture	33	miss				6415865	1	3083	2	0	3000
Picture	22	hit	1	5256	2	6453286	1	3084	2	0	3000
Picture	22	hit	1	4303	2	6489707	1	3084	2	0	3000
Picture	22	hit	1	4705	2	6525711	1	3084	2	0	3000
Picture	22	hit	1	4231	2	6560716	1	3083	2	0	3000
Picture	22	hit	1	3665	2	6594720	1	3083	2	0	3000
Picture	33	miss				6624723	1	3084	2	0	3000
Picture	22	hit	1	2803	3	6660894	2	3084	3	0	3000
Picture	22	hit	1	4683	2	6695732	1	3084	2	0	3000
Picture	22	hit	1	2909	2	6727819	1	3084	2	0	3000
Picture	22	hit	1	4341	2	6766074	1	3084	2	0	3000
Picture	22	hit	1	2866	2	6805829	1	3083	2	0	3000
Picture	22	hit	1	4455	2	6845334	1	3083	2	0	3000
Picture	22	hit	1	4138	2	6879088	1	3083	2	0	3000
Picture	33	miss				6911925	1	3084	2	0	3000
Picture	22	hit	1	3110	3	6947929	1	3084	2	0	3000
Picture	22	hit	1	5220	2	6976600	1	3083	2	0	3000
Picture	22	hit	1	5653	2	7013354	1	3084	2	0	3000
Picture	33	miss				7045525	1	3083	2	0	3000
Picture	22	hit	1	7394	2	7084113	1	3083	2	0	3000
Picture	22	hit	1	4139	2	7117367	1	3083	2	0	3000
Picture	22	hit	1	4000	2	7157038	1	3084	2	0	3000
Picture	22	hit	1	5661	2	7192876	1	3084	2	0	3000
Picture	22	hit	1	4679	2	7221046	1	3084	2	0	3000
Picture	33	miss				7259634	1	3084	2	0	3000
Picture	22	hit	1	5159	3	7288221	1	3083	3	0	3000
Picture	22	hit	1	3800	3	7327392	1	3084	2	0	3000
Picture	22	hit	1	3775	2	7360230	1	3083	2	0	3000
Picture	22	hit	1	4209	2	7389483	1	3084	2	0	3000
Picture	22	hit	1	3319	3	7423654	1	3084	2	0	3000
Picture	33	hit	1	3304	2	7461325	1	3084	2	0	3000
Picture	22	hit	1	4335	2	7497330	1	3083	2	0	3000
Picture	22	hit	1	4388	2	7533834	1	3084	2	0	3000
Picture	22	hit	1	3311	2	7569755	1	3084	2	0	3000
Picture	22	hit	1	3880	2	7599342	1	3084	2	0	3000
Picture	22	hit	1	3813	2	7632846	1	3084	2	0	3000
Picture	33	hit	1	4497	3	7669350	2	3084	3	0	3000
Picture	22	hit	1	4647	3	7709355	1	3084	2	0	3000
Picture	22	hit	1	3768	2	7744610	1	3083	2	0	3000
Picture	22	hit	1	5138	3	7782614	1	3084	2	0	3000
Picture	22	hit	1	4530	2	7817285	1	3084	2	0	3000
Picture	22	hit	1	3472	2	7852873	1	3084	2	0	3000
Picture	33	miss				7886544	1	3083	2	0	3000
Picture	22	hit	1	3913	3	7920714	2	3084	3	0	3000
Picture	22	hit	1	5095	2	7960469	1	3084	2	0	3000
Picture	22	hit	1	5361	2	7991140	1	3083	2	0	3000
Picture	33	hit	1	4263	2	8027394	1	3084	2	0	3000
Picture	22	hit	1	5154	2	8065565	1	3084	2	0	3000
Picture	33	miss				8102320	1	3084	2	0	3000
Picture	22	hit	1	4718	2	8132407	1	3084	2	0	3000
Picture	22	hit	1	3391	3	8161077	1	3084	2	0	3000
Picture	22	hit	1	5846	2	8194248	1	3083	2	0	3000
Picture	22	hit	1	3757	2	8233836	1	3084	2	0	3000
Picture	22	hit	1	3993	2	8262506	1	3084	2	0	3000
Picture	33	hit	1	2989	2	8293510	1	3084	2	0	3000
Picture	22	hit	1	2933	2	8333098	1	3084	2	0	3000
Picture	22	hit	1	3167	2	8369269	1	3084	2	0	3000
Picture	22	hit	1	4695	2	8398523	1	3083	2	0	3000
Picture	22	hit	1	3784	2	8436777	1	3084	2	0	3000
Picture	22	hit	1	4405	3	8471781	2	3084	3	0	3000
Picture	22	hit	1	3107	3	8507453	1	3083	2	0	3000
Picture	22	hit	1	3479	2	8537706	1	3084	2	0	3000
Picture	33	hit	1	3527	2	8569377	1	3083	2	0	3000
Picture	22	hit	1	3888	2	8602297	1	3084	2	0	3000
Picture	22	hit	1	3362	2	8639385	1	3084	2	0	3000
Picture	22	hit	1	3722	2	8673556	1	3084	2	0	3000
Picture	22	hit	1	3801	2	8710977	1	3084	2	0	3000
Picture	22	hit	1	4473	2	8750149	1	3083	2	0	3000
Picture	33	miss				8787737	1	3083	2	0	3000
Picture	22	hit	1	3296	2	8826325	1	3083	2	0	3000
Picture	22	hit	1	4678	2	8860412	1	3084	2	0	3000
Picture	22	hit	1	3372	2	8891249	1	3084	2	0	3000
Picture	33	hit	1	3024	2	8925503	1	3084	2	0	3000
Picture	22	hit	1	4487	2	8964508	1	3084	2	0	3000
Picture	22	hit	1	3358	2	8995012	1	3084	2	0	3000
Picture	22	hit	1	2540	2	9034267	1	3083	2	0	3000
Picture	22	hit	1	3650	2	9070188	1	3083	2	0	3000
Picture	22	hit	1	4416	2	9105359	1	3083	2	0	3000
Picture	33	miss				9133445	1	3084	2	0	3000
Picture	22	hit	1	3607	3	9166949	2	3084	3	0	3000
Picture	22	hit	1	3592	2	9198370	1	3084	2	0	3000
Picture	22	hit	1	3526	2	9230624	1	3084	2	0	3000
Picture	33	hit	1	3460	3	9260377	2	3084	3	0	3000
Picture	22	hit	1	4019	2	9290131	1	3084	2	0	3000
Picture	33	miss				9322052	1	3083	2	0	3000
Picture	22	hit	1	4270	2	9353472	1	3084	2	0	3000
Picture	22	hit	1	3297	2	9390227	1	3083	2	0	3000
Picture	22	hit	1	3323	4	9429731	2	3084	3	0	3000
Picture	33	hit	1	4208	2	9458068	1	3084	2	0	3000
Picture	22	hit	1	3148	3	9492406	1	3083	2	0	3000
Picture	22	hit	1	4499	2	9524493	1	3084	2	0	3000
Picture	22	hit	1	3737	2	9554163	1	3084	2	0	3000
Picture	22	hit	1	3023	2	9585500	1	3084	2	0	3000
Picture	22	hit	1	3310	4	9615837	2	3084	3	0	3000
Picture	33	miss				9646841	1	3084	2	0	3000
Picture	22	hit	1	4895	2	9684096	1	3083	2	0	3000
Picture	22	hit	1	4119	2	9721434	1	3083	2	0	3000
Picture	22	hit	1	3646	2	9757688	1	3084	2	0	3000
Picture	22	hit	1	4736	2	9791442	1	3084	2	0	3000
Picture	22	hit	1	4980	2	9828697	1	3083	2	0	3000
Picture	33	hit	1	3790	2	9857700	1	3084	2	0	3000
Picture	22	hit	1	3816	3	9892204	1	3084	2	0	3000
Picture	22	hit	1	2781	3	9921208	1	3084	2	0	3000
Picture	22	hit	1	3944	2	9951295	1	3084	2	0	3000
Picture	33	miss				9985132	1	3084	2	0	3000
Picture	22	hit	1	3885	2	10017136	1	3084	2	0	3000
Picture	22	hit	1	3056	3	10051557	1	3084	2	0	3000
Picture	22	miss				10088312	1	3083	2	0	3000
Picture	22	hit	1	4579	3	10125816	1	3084	2	0	3000
Picture	22	hit	1	8200	2	10157820	1	3084	2	0	3000
Picture	22	hit	1	4310	2	10186240	1	3084	2	0	3000
Picture	22	hit	1	4473	3	10218577	2	3084	3	0	3000
Picture	33	miss				10251331	2	3084	3	0	3000
Picture	22	hit	1	3660	3	10291420	1	3083	2	0	3000
Picture	33	miss				10323007	1	3084	2	0	3000
Picture	22	hit	1	3361	2	10353594	1	3084	2	0	3000
Picture	33	miss				10390682	1	3083	2	0	3000
Picture	22	hit	1	3091	2	10430270	1	3084	2	0	3000
Picture	22	hit	1	3346	3	10468608	1	3084	2	0	3000
Picture	22	hit	1	3572	2	10497445	1	3083	2	0	3000
Picture	22	hit	1	3266	2	10532282	1	3084	2	0	3000
Picture	22	hit	1	4386	2	10571787	1	3084	2	0	3000
Picture	33	hit	1	32548	2	10608625	1	3084	2	0	3000
