Scenario - EFT lento Abril 2011
Logfile written - 07/12/2011 11:43:34

Subject	Trial	Event Type	Code	Time	TTime	Uncertainty	Duration	Uncertainty	ReqTime	ReqDur

pgs	2	Picture	20	10414	0	1	3153	2	0	3000
pgs	3	Response	2	15253	1529	1
pgs	4	Picture	11	39126	0	2	3154	3	0	3000
pgs	5	Response	1	42740	294	1
pgs	6	Picture	21	70163	0	1	3153	2	0	3000
pgs	7	Response	2	73501	19	1
pgs	8	Picture	11	103357	0	1	3153	2	0	3000
pgs	9	Response	1	107096	420	2
pgs	10	Picture	20	139704	0	1	3153	2	0	3000
pgs	11	Response	2	143441	418	1
pgs	12	Picture	11	171238	0	1	3154	2	0	3000
pgs	13	Response	1	176114	1556	1
pgs	14	Picture	20	202274	0	2	3154	3	0	3000
pgs	15	Response	2	205992	398	1
pgs	16	Picture	20	239618	0	1	3153	2	0	3000
pgs	17	Response	2	245304	2367	2
pgs	18	Picture	20	279782	0	2	3154	3	0	3000
pgs	19	Response	2	285420	2318	1
pgs	20	Picture	10	315300	0	1	3153	2	0	3000
pgs	21	Response	2	320016	1397	1
pgs	22	Picture	10	352809	0	1	3153	2	0	3000
pgs	23	Response	1	359627	3499	1
pgs	24	Picture	21	386999	0	1	3153	2	0	3000
pgs	25	Response	2	393167	2849	2
pgs	26	Picture	11	425504	0	1	3153	2	0	3000
pgs	27	Response	1	429924	1101	1
pgs	28	Picture	11	461353	0	1	3153	3	0	3000
pgs	29	Response	1	465681	1009	2
pgs	30	Picture	21	494879	0	1	3153	2	0	3000
pgs	31	Response	2	499373	1175	2
pgs	32	Picture	11	525251	0	2	3154	3	0	3000
pgs	33	Response	1	529040	469	2
pgs	34	Picture	21	565084	0	2	3154	3	0	3000
pgs	35	Response	2	569169	766	1
pgs	36	Picture	10	601597	0	2	3154	3	0	3000
pgs	38	Picture	10	639107	0	1	3153	2	0	3000
pgs	39	Response	1	645758	3334	1
pgs	40	Picture	20	677777	0	2	3154	3	0	3000
pgs	41	Response	2	684853	3756	1
pgs	42	Picture	10	707486	0	1	3153	3	0	3000
pgs	43	Response	1	711454	649	1
pgs	44	Picture	10	742506	0	1	3153	2	0	3000
pgs	45	Response	1	747921	2096	1
pgs	46	Picture	21	774040	0	1	3153	2	0	3000
pgs	47	Response	2	779271	1912	1
pgs	48	Picture	20	804910	0	2	3154	3	0	3000
pgs	49	Response	2	818536	10306	1
pgs	50	Picture	10	838768	0	1	3153	3	0	3000
pgs	51	Response	1	844756	2669	1
pgs	52	Picture	21	875281	0	2	3154	3	0	3000
pgs	53	Response	2	878908	307	1
pgs	54	Picture	20	903828	0	1	3154	2	0	3000
pgs	55	Response	2	911025	3877	2
pgs	56	Picture	20	939512	0	1	3153	2	0	3000
pgs	57	Response	2	945720	2889	1
pgs	58	Picture	21	968390	0	2	3154	3	0	3000
pgs	59	Response	2	974883	3173	2
pgs	60	Picture	21	1000754	0	2	3154	3	0	3000
pgs	61	Response	2	1006111	2037	1
pgs	62	Picture	11	1031459	0	1	3153	2	0	3000
pgs	63	Response	1	1036667	1889	1
pgs	64	Picture	10	1061167	0	2	3154	3	0	3000
pgs	65	Response	1	1070742	6255	2
pgs	66	Picture	10	1090378	0	1	3153	3	0	3000
pgs	67	Response	1	1096071	2374	1
pgs	68	Picture	10	1125398	0	1	3153	2	0	3000
pgs	69	Response	1	1131705	2988	1
pgs	70	Picture	11	1155936	0	1	3153	3	0	3000
pgs	71	Response	1	1160255	1000	1
pgs	72	Picture	20	1185479	0	1	3153	2	0	3000
pgs	73	Response	2	1194747	5949	1
pgs	74	Picture	11	1224481	0	2	3154	3	0	3000
pgs	75	Response	1	1229254	1453	2
pgs	76	Picture	11	1258173	0	2	3154	3	0	3000
pgs	77	Response	1	1265311	3818	1
pgs	78	Picture	21	1295184	0	2	3154	3	0	3000
pgs	79	Response	2	1300949	2445	1
pgs	80	Picture	10	1334851	0	2	3154	3	0	3000
pgs	81	Response	1	1341138	2967	2
pgs	82	Picture	10	1373854	0	1	3154	2	0	3000
pgs	83	Response	1	1379407	2233	1
pgs	84	Picture	11	1407048	0	1	3153	3	0	3000
pgs	85	Response	1	1414217	3850	1
pgs	86	Picture	21	1439080	0	2	3154	3	0	3000
pgs	87	Response	2	1443863	1463	1
pgs	88	Picture	10	1468457	0	1	3153	2	0	3000
pgs	89	Response	1	1474243	2467	1
pgs	90	Picture	21	1504472	0	2	3154	3	0	3000
pgs	91	Response	2	1509086	1294	2
pgs	92	Picture	20	1544471	0	1	3153	2	0	3000
pgs	93	Response	1	1548409	619	1
pgs	94	Picture	21	1578495	0	1	3153	2	0	3000
pgs	95	Response	2	1583422	1608	1
pgs	96	Picture	20	1609365	0	1	3153	3	0	3000
pgs	97	Response	2	1614097	1413	2
pgs	98	Picture	10	1646376	0	2	3154	3	0	3000
pgs	99	Response	2	1652187	2491	1
pgs	99	Response	1	1656117	6421	1
pgs	100	Picture	11	1678408	0	2	3154	3	0	3000
pgs	101	Response	1	1683278	1550	2
pgs	102	Picture	20	1712432	0	1	3154	2	0	3000
pgs	103	Response	2	1719177	3425	2
pgs	104	Picture	20	1746290	0	1	3153	3	0	3000
pgs	105	Response	1	1751890	2281	1
pgs	106	Picture	20	1775833	0	1	3151	5	0	3000
pgs	107	Response	2	1783711	4559	1
pgs	108	Picture	21	1810188	0	2	3154	3	0	3000
pgs	109	Response	2	1823280	9772	1
pgs	110	Picture	20	1844876	0	1	3153	3	0	3000
pgs	111	Response	2	1851104	2909	1
pgs	112	Picture	10	1877904	0	1	3153	2	0	3000
pgs	113	Response	1	1884676	3453	1
pgs	114	Picture	20	1912260	0	1	3153	2	0	3000
pgs	115	Response	2	1919932	4353	1
pgs	116	Picture	20	1945620	0	1	3153	2	0	3000
pgs	117	Response	2	1952269	3330	1
pgs	118	Picture	20	1979643	0	2	3154	3	0	3000
pgs	119	Response	1	1984658	1695	1
pgs	119	Response	2	1986266	3303	1
pgs	120	Picture	21	2016157	0	1	3153	2	0	3000
pgs	121	Response	2	2020743	1267	1
pgs	122	Picture	21	2056321	0	2	3154	3	0	3000
pgs	123	Response	2	2062656	3015	1
pgs	124	Picture	11	2092005	0	1	3153	2	0	3000
pgs	125	Response	1	2096672	1348	1
pgs	126	Picture	20	2122045	0	2	3154	3	0	3000
pgs	128	Picture	10	2154741	0	2	3154	3	0	3000
pgs	130	Picture	20	2189927	0	1	3153	2	0	3000
pgs	131	Response	2	2195405	2159	2
pgs	132	Picture	11	2227934	0	1	3153	2	0	3000
pgs	133	Response	1	2232166	913	1
pgs	134	Picture	21	2257808	0	2	3154	3	0	3000
pgs	135	Response	2	2263431	2303	1
pgs	136	Picture	10	2296147	0	2	3154	3	0	3000
pgs	136	Response	2	2299130	2983	1
pgs	138	Picture	21	2331001	0	1	3153	3	0	3000
pgs	139	Response	2	2338258	3938	1
pgs	140	Picture	10	2359548	0	1	3153	2	0	3000
pgs	141	Response	1	2367195	4328	1
pgs	142	Picture	21	2393572	0	1	3153	2	0	3000
pgs	143	Response	2	2399730	2839	1
pgs	144	Picture	21	2426268	0	1	3153	2	0	3000
pgs	145	Response	2	2432438	2851	1
pgs	146	Picture	20	2462781	0	1	3153	2	0	3000
pgs	147	Response	2	2469614	3514	1
pgs	148	Picture	11	2497303	0	1	3153	2	0	3000
pgs	149	Response	1	2504195	3573	1
pgs	150	Picture	10	2530994	0	2	3154	3	0	3000
pgs	151	Response	1	2538708	4394	1
pgs	152	Picture	10	2567508	0	1	3153	2	0	3000
pgs	152	Response	2	2569858	2350	1
pgs	154	Picture	20	2599540	0	1	3153	2	0	3000
pgs	155	Response	2	2607859	5000	1
pgs	156	Picture	10	2629580	0	2	3154	3	0	3000
pgs	157	Response	1	2635387	2487	1
pgs	158	Picture	11	2664102	0	1	3153	3	0	3000
pgs	159	Response	1	2672081	4660	1
pgs	159	Response	2	2701045	33624	2
pgs	160	Picture	10	2703105	0	1	3153	2	0	3000
pgs	162	Picture	20	2742108	0	1	3153	2	0	3000
pgs	162	Response	2	2744381	2273	1
pgs	164	Picture	20	2773642	0	1	3153	3	0	3000
pgs	165	Response	1	2777939	978	1
pgs	166	Picture	21	2810487	0	2	3154	3	0	3000
pgs	167	Response	2	2817177	3370	1
pgs	168	Picture	21	2842022	0	1	3153	2	0	3000
pgs	169	Response	2	2846820	1479	1
pgs	170	Picture	20	2876045	0	2	3154	3	0	3000
pgs	171	Response	2	2882577	3212	1
pgs	172	Picture	21	2905256	0	1	3153	3	0	3000
pgs	173	Response	1	2909627	1052	1
pgs	174	Picture	20	2940442	0	1	3153	2	0	3000
pgs	175	Response	1	2944725	964	1
pgs	176	Picture	21	2979444	0	2	3154	3	0	3000
pgs	177	Response	2	2984636	1872	1
pgs	178	Picture	10	3011311	0	1	3153	3	0	3000
pgs	179	Response	1	3023135	8505	1
pgs	180	Picture	11	3039857	0	2	3154	3	0	3000
pgs	181	Response	1	3048254	5077	2
pgs	182	Picture	11	3073881	0	1	3154	2	0	3000
pgs	183	Response	1	3079551	2350	1
pgs	184	Picture	11	3109233	0	1	3153	2	0	3000
pgs	185	Response	1	3115039	2487	2
pgs	186	Picture	11	3141431	0	1	3153	5	0	3000
pgs	187	Response	1	3146192	1442	1
pgs	188	Picture	10	3180268	0	1	3153	2	0	3000
pgs	189	Response	1	3185575	1988	1
pgs	190	Picture	11	3217445	0	1	3153	2	0	3000
pgs	191	Response	1	3221059	295	2
pgs	192	Picture	20	3255120	0	1	3153	2	0	3000
pgs	193	Response	2	3262427	3988	1
pgs	194	Picture	10	3291633	0	2	3154	3	0	3000
pgs	195	Response	1	3298141	3188	1
pgs	196	Picture	20	3323333	0	2	3154	3	0	3000
pgs	197	Response	2	3330611	3958	1
pgs	198	Picture	11	3360511	0	1	3153	2	0	3000
pgs	199	Response	1	3366244	2414	2
pgs	200	Picture	21	3393705	0	1	3153	2	0	3000
pgs	201	Response	2	3399398	2374	2
pgs	202	Picture	10	3426401	0	1	3153	2	0	3000
pgs	203	Response	1	3438423	8703	1
pgs	204	Picture	20	3459429	0	1	3153	2	0	3000
pgs	205	Response	2	3464815	2067	1
pgs	206	Picture	11	3499095	0	2	3154	3	0	3000
pgs	207	Response	1	3504796	2381	2
pgs	208	Picture	10	3531459	0	2	3154	3	0	3000
pgs	210	Picture	20	3567973	0	1	3153	2	0	3000
pgs	211	Response	2	3571901	609	1
pgs	212	Picture	11	3599673	0	1	3151	5	0	3000
pgs	213	Response	1	3604325	1333	1
pgs	214	Picture	21	3632867	0	1	3153	2	0	3000
pgs	215	Response	2	3637929	1743	1
pgs	216	Picture	21	3663571	0	2	3154	3	0	3000
pgs	217	Response	1	3667781	890	1
pgs	218	Picture	11	3703902	0	1	3153	2	0	3000
pgs	219	Response	1	3708638	1417	2
pgs	220	Picture	10	3738755	0	2	3154	3	0	3000
pgs	221	Response	1	3750536	8461	1
pgs	222	Picture	10	3771120	0	1	3153	2	0	3000
pgs	223	Response	1	3779033	4594	1
pgs	224	Picture	10	3802322	0	1	3153	2	0	3000
pgs	225	Response	1	3811749	6108	2
pgs	226	Picture	11	3838171	0	2	3154	3	0	3000
pgs	227	Response	1	3842271	780	1
pgs	228	Picture	20	3872693	0	1	3153	3	0	3000
pgs	229	Response	2	3879589	3577	1
pgs	230	Picture	10	3910368	0	1	3154	2	0	3000
pgs	231	Response	1	3920689	7002	1
pgs	232	Picture	10	3940243	0	1	3153	2	0	3000
pgs	233	Response	2	3943627	65	1
pgs	234	Picture	20	3971445	0	1	3153	2	0	3000
pgs	235	Response	2	3977297	2533	1
pgs	235	Response	1	4004111	29347	1
pgs	236	Picture	21	4008788	0	1	3153	3	0	3000
pgs	237	Response	2	4015797	3689	1
pgs	238	Picture	10	4042480	0	1	3153	2	0	3000
pgs	239	Response	2	4047273	1474	1
pgs	240	Picture	10	4076338	0	1	3153	2	0	3000
pgs	240	Response	1	4079018	2680	1
pgs	242	Picture	20	4114013	0	1	3153	2	0	3000
pgs	244	Picture	11	4154177	0	2	3154	3	0	3000
pgs	244	Response	1	4157377	3200	1
pgs	246	Picture	20	4191355	0	1	3153	2	0	3000
pgs	248	Picture	11	4227868	0	1	3153	3	0	3000
pgs	248	Response	2	4230214	2346	1
pgs	250	Picture	21	4260896	0	1	3153	3	0	3000
pgs	251	Response	2	4266155	1940	1
pgs	252	Picture	11	4297077	0	2	3154	3	0	3000
pgs	253	Response	1	4303978	3581	1
pgs	254	Picture	10	4336412	0	1	3154	2	0	3000
pgs	256	Picture	11	4373091	0	2	3154	3	0	3000
pgs	257	Response	1	4383549	7138	1
pgs	258	Picture	11	4403298	0	1	3153	2	0	3000
pgs	258	Response	2	4406333	3035	1
pgs	260	Picture	10	4440143	0	2	3154	3	0	3000
pgs	261	Response	2	4446724	3261	1
pgs	262	Picture	10	4479312	0	1	3153	3	0	3000
pgs	263	Response	1	4483653	1022	1
pgs	264	Picture	21	4512838	0	1	3153	2	0	3000
pgs	265	Response	2	4518343	2186	1
pgs	266	Picture	20	4549019	0	2	3154	3	0	3000
pgs	267	Response	2	4556127	3788	1
pgs	268	Picture	11	4583209	0	1	3153	3	0	3000
pgs	269	Response	1	4588609	2081	1
pgs	270	Picture	11	4617233	0	1	3153	2	0	3000
pgs	271	Response	1	4622289	1737	2
pgs	272	Picture	20	4647107	0	2	3154	3	0	3000
pgs	273	Response	2	4653971	3544	1
pgs	274	Picture	21	4682127	0	1	3153	2	0	3000
pgs	275	Response	2	4687474	2028	1
pgs	276	Picture	20	4713495	0	2	3154	3	0	3000
pgs	277	Response	2	4720453	3638	1
pgs	278	Picture	20	4743702	0	1	3153	2	0	3000
pgs	279	Response	2	4749802	2781	1
pgs	280	Picture	20	4776730	0	1	3153	2	0	3000
pgs	281	Response	2	4784259	4210	1
pgs	282	Picture	21	4810090	0	1	3153	2	0	3000
pgs	283	Response	2	4814709	1300	1
pgs	284	Picture	21	4845607	0	1	3153	3	0	3000
pgs	285	Response	2	4849458	532	2
pgs	286	Picture	11	4884776	0	1	3153	2	0	3000
pgs	287	Response	1	4889910	1815	1
pgs	288	Picture	11	4923779	0	1	3153	2	0	3000
pgs	289	Response	1	4928138	1040	2
pgs	290	Picture	11	4959794	0	1	3154	2	0	3000
pgs	291	Response	1	4965247	2133	1
pgs	292	Picture	20	4995976	0	1	3153	2	0	3000
pgs	293	Response	1	5000261	966	1
pgs	294	Picture	10	5034315	0	1	3153	2	0	3000
pgs	295	Response	2	5037808	174	1
pgs	296	Picture	21	5065517	0	1	3153	2	0	3000
pgs	297	Response	2	5070796	1960	1
pgs	298	Picture	21	5104022	0	1	3153	2	0	3000
pgs	299	Response	2	5109296	1955	2
pgs	300	Picture	21	5133896	0	2	3154	3	0	3000
pgs	301	Response	2	5138703	1487	1
pgs	302	Response	2	6983668	1819399	2
pgs	304	Picture	21	7004042	0	2	3154	3	0	3000
pgs	305	Response	2	7007987	625	1
pgs	306	Picture	10	7034415	0	1	3153	2	0	3000
pgs	307	Response	2	7038304	570	1
pgs	307	Response	2	7071864	34130	1
pgs	308	Picture	20	7073583	0	2	3154	3	0	3000
pgs	310	Picture	20	7104288	0	1	3153	2	0	3000
pgs	310	Response	1	7107110	2822	1
pgs	312	Picture	11	7135822	0	1	3154	2	0	3000
pgs	312	Response	1	7138691	2869	1
pgs	314	Picture	21	7167854	0	2	3154	3	0	3000
pgs	315	Response	2	7171514	340	1
pgs	316	Picture	20	7201214	0	2	3154	3	0	3000
pgs	317	Response	1	7205104	570	1
pgs	318	Picture	10	7229761	0	1	3153	2	0	3000
pgs	319	Response	2	7234148	1068	2
pgs	319	Response	2	7265738	32658	2
pgs	320	Picture	11	7268100	0	1	3153	3	0	3000
pgs	322	Picture	21	7298804	0	2	3154	3	0	3000
pgs	323	Response	2	7303198	1074	2
pgs	324	Picture	20	7331002	0	2	3154	3	0	3000
pgs	325	Response	1	7335193	871	1
pgs	326	Picture	20	7371333	0	1	3153	3	0	3000
pgs	327	Response	2	7376496	1844	1
pgs	328	Picture	20	7404029	0	1	3154	2	0	3000
pgs	329	Response	2	7410117	2769	2
pgs	330	Picture	21	7437057	0	1	3153	3	0	3000
pgs	330	Response	1	7440373	3316	1
pgs	332	Picture	21	7466434	0	1	3153	2	0	3000
pgs	333	Response	2	7470047	294	1
pgs	334	Picture	20	7499296	0	1	3153	2	0	3000
pgs	335	Response	2	7508983	6368	1
pgs	336	Picture	20	7530664	0	1	3153	2	0	3000
pgs	337	Response	2	7537471	3488	1
pgs	338	Picture	11	7565020	0	1	3153	2	0	3000
pgs	338	Response	2	7567993	2973	1
pgs	340	Picture	10	7605184	0	2	3154	3	0	3000
pgs	341	Response	2	7608803	299	2
pgs	342	Picture	11	7643523	0	2	3154	3	0	3000
pgs	343	Response	1	7646856	13	2
pgs	344	Picture	10	7679871	0	1	3153	2	0	3000
pgs	345	Response	2	7683877	687	2
pgs	346	Picture	11	7716384	0	1	3153	3	0	3000
pgs	347	Response	1	7721185	1482	1
pgs	348	Picture	11	7745595	0	1	3153	2	0	3000
pgs	349	Response	1	7750418	1504	1
pgs	350	Picture	20	7774473	0	2	3152	5	0	3000
pgs	351	Response	2	7781029	3236	2
pgs	352	Picture	21	7803684	0	1	3153	3	0	3000
pgs	353	Response	2	7808447	1444	1
pgs	354	Picture	11	7836380	0	1	3153	3	0	3000
pgs	355	Response	1	7843042	3343	2
pgs	356	Picture	21	7869242	0	1	3153	3	0	3000
pgs	357	Response	2	7874924	2363	1
pgs	358	Picture	10	7905423	0	2	3154	3	0	3000
pgs	359	Response	2	7909223	480	1
pgs	360	Picture	10	7934136	0	1	3154	2	0	3000
pgs	360	Response	1	7937290	3154	2
pgs	362	Picture	20	7968990	0	1	3153	2	0	3000
pgs	363	Response	2	7975255	2946	1
pgs	364	Picture	21	8004009	0	2	3154	3	0	3000
pgs	366	Picture	21	8032556	0	1	3154	2	0	3000
pgs	367	Response	2	8037720	1844	2
pgs	368	Picture	20	8064754	0	2	3154	3	0	3000
pgs	369	Response	2	8070492	2418	1
pgs	370	Picture	21	8100105	0	4	3154	5	0	3000
pgs	371	Response	2	8104881	1456	1
pgs	372	Picture	11	8135955	0	2	3154	3	0	3000
pgs	373	Response	1	8140391	1116	1
pgs	374	Picture	11	8175290	0	1	3153	3	0	3000
pgs	375	Response	1	8180393	1784	2
pgs	376	Picture	10	8205994	0	2	3154	3	0	3000
pgs	377	Response	2	8216203	6889	1
pgs	378	Picture	20	8243172	0	1	3153	2	0	3000
pgs	379	Response	2	8249059	2568	1
pgs	380	Picture	20	8281511	0	1	3153	2	0	3000
pgs	381	Response	2	8288206	3376	1
pgs	382	Picture	10	8320327	0	60	3123	117	0	3000
pgs	383	Response	1	8327943	4276	2
pgs	384	Picture	11	8357359	0	1	3153	2	0	3000
pgs	385	Response	1	8362211	1533	1
pgs	386	Picture	10	8388893	0	1	3153	2	0	3000
pgs	387	Response	1	8396806	4594	1
pgs	388	Picture	20	8427066	0	1	3153	3	0	3000
pgs	389	Response	2	8434385	4000	2
pgs	390	Picture	10	8462418	0	1	3153	2	0	3000
pgs	391	Response	1	8468448	2711	2
pgs	392	Picture	20	8500922	0	2	3154	3	0	3000
pgs	393	Response	2	8508508	4266	1
pgs	394	Picture	20	8539759	0	2	3154	3	0	3000
pgs	395	Response	2	8545405	2326	1
pgs	396	Picture	20	8570132	0	1	3153	2	0	3000
pgs	397	Response	2	8575569	2118	2
pgs	398	Picture	21	8599177	0	1	3153	2	0	3000
pgs	399	Response	2	8605058	2562	1
pgs	400	Picture	11	8635358	0	1	3153	2	0	3000
pgs	401	Response	1	8639895	1218	1
pgs	402	Picture	10	8674029	0	1	3153	2	0	3000
pgs	402	Response	2	8676676	2647	1
pgs	404	Picture	20	8704069	0	2	3154	3	0	3000
pgs	405	Response	2	8709943	2554	1
pgs	406	Picture	20	8739255	0	1	3153	2	0	3000
pgs	407	Response	2	8745456	2882	2
pgs	408	Picture	10	8778922	0	1	3153	2	0	3000
pgs	409	Response	1	8785551	3310	1
pgs	410	Picture	21	8812447	0	2	3154	3	0	3000
pgs	411	Response	2	8817576	1809	2
pgs	412	Picture	20	8842820	0	1	3153	2	0	3000
pgs	413	Response	2	8850931	4792	2
pgs	414	Picture	21	8883317	0	1	3153	2	0	3000
pgs	415	Response	2	8887711	1075	2
pgs	416	Picture	10	8922983	0	2	3154	3	0	3000
pgs	417	Response	1	8929372	3069	1
pgs	418	Picture	21	8961156	0	2	3154	3	0	3000
pgs	419	Response	2	8966857	2381	1
pgs	420	Picture	10	8996176	0	1	3153	2	0	3000
pgs	422	Picture	11	9027378	0	2	3154	3	0	3000
pgs	423	Response	1	9034966	4268	1
pgs	424	Picture	21	9061734	0	1	3153	2	0	3000
pgs	425	Response	2	9067733	2680	2
pgs	426	Picture	10	9093600	0	1	3154	2	0	3000
pgs	427	Response	1	9099940	3021	1
pgs	428	Picture	11	9128122	0	1	3153	2	0	3000
pgs	429	Response	1	9133715	2274	1
pgs	430	Picture	10	9161648	0	1	3153	2	0	3000
pgs	431	Response	1	9166950	1983	1
pgs	432	Picture	10	9197497	0	1	3154	2	0	3000
pgs	433	Response	1	9201042	226	1
pgs	434	Picture	10	9235006	0	2	3154	3	0	3000
pgs	435	Response	1	9242050	3724	1
pgs	436	Picture	10	9271686	0	1	3153	2	0	3000
pgs	437	Response	1	9277800	2795	1
pgs	438	Picture	11	9305543	0	2	3154	3	0	3000
pgs	439	Response	2	9311150	2287	1
pgs	439	Response	1	9312255	3392	1
pgs	440	Picture	20	9338239	0	2	3154	3	0	3000
pgs	441	Response	1	9343168	1609	1
pgs	441	Response	2	9345611	4052	1
pgs	442	Picture	10	9378238	0	1	3153	3	0	3000
pgs	443	Response	1	9385173	3616	1
pgs	444	Picture	11	9407283	0	1	3153	2	0	3000
pgs	445	Response	1	9414105	3503	2
pgs	446	Picture	11	9439315	0	1	3153	2	0	3000
pgs	447	Response	1	9444861	2227	1
pgs	448	Picture	11	9477654	0	1	3153	2	0	3000
pgs	449	Response	1	9482441	1468	1
pgs	450	Picture	21	9506864	0	2	3154	3	0	3000
pgs	451	Response	2	9512351	2167	1
pgs	452	Picture	21	9546697	0	2	3154	3	0	3000
pgs	453	Response	2	9551523	1506	2
pgs	454	Picture	20	9576240	0	1	3153	2	0	3000
pgs	455	Response	2	9583555	3996	1
pgs	456	Picture	10	9607442	0	1	3154	2	0	3000
pgs	457	Response	2	9611806	1045	1
pgs	457	Response	1	9614427	3666	2
pgs	458	Picture	21	9646279	0	1	3153	3	0	3000
pgs	459	Response	2	9651182	1584	1
pgs	460	Picture	10	9685448	0	1	3153	2	0	3000
pgs	461	Response	1	9689800	1033	1
pgs	462	Picture	11	9714824	0	2	3154	3	0	3000
pgs	463	Response	1	9719818	1674	1
pgs	464	Picture	21	9750010	0	1	3153	3	0	3000
pgs	465	Response	2	9755333	2004	2
pgs	466	Picture	20	9779054	0	2	3154	3	0	3000
pgs	467	Response	2	9784286	1912	1
pgs	468	Picture	11	9814738	0	1	3154	2	0	3000
pgs	469	Response	1	9820413	2355	2
pgs	470	Picture	10	9852413	0	2	3154	3	0	3000
pgs	471	Response	2	9857197	1464	1
pgs	472	Picture	20	9881458	0	1	3153	3	0	3000
pgs	474	Picture	11	9911167	0	1	3153	2	0	3000
pgs	475	Response	1	9916360	1874	1
pgs	476	Picture	10	9943531	0	1	3153	2	0	3000
pgs	477	Response	1	9950156	3306	1
pgs	478	Picture	21	9976891	0	1	3153	2	0	3000
pgs	479	Response	2	9981894	1684	1
pgs	480	Picture	11	10011578	0	1	3154	2	0	3000
pgs	481	Response	1	10016963	2065	1
pgs	482	Picture	20	10040291	0	1	3153	2	0	3000
pgs	483	Response	2	10047220	3610	2
pgs	484	Picture	21	10076140	0	2	3154	3	0	3000
pgs	485	Response	2	10081784	2324	1
pgs	486	Picture	10	10105019	0	1	3154	2	0	3000
pgs	487	Response	1	10114699	6360	1
pgs	488	Picture	10	10135226	0	1	3153	2	0	3000
pgs	489	Response	1	10140910	2365	2
pgs	490	Picture	11	10170909	0	1	3153	3	0	3000
pgs	491	Response	1	10176361	2133	2
pgs	492	Picture	11	10206924	0	2	3154	3	0	3000
pgs	493	Response	1	10212524	2280	1
pgs	494	Picture	11	10245263	0	2	3154	3	0	3000
pgs	495	Response	1	10250110	1527	1
pgs	496	Picture	10	10281113	0	1	3153	2	0	3000
pgs	497	Response	1	10289526	5094	1
pgs	498	Picture	11	10317625	0	4	3155	5	0	3000
pgs	499	Response	1	10323297	2351	1
pgs	500	Picture	20	10348829	0	1	3153	2	0	3000
pgs	501	Response	2	10356151	4003	1
pgs	502	Picture	10	10379865	0	1	3153	2	0	3000
pgs	503	Response	1	10387292	4108	1
pgs	504	Picture	20	10418204	0	1	3153	2	0	3000
pgs	505	Response	1	10422444	921	2
pgs	506	Picture	11	10453887	0	2	3154	3	0	3000
pgs	507	Response	1	10459194	1987	2
pgs	508	Picture	11	10491396	0	2	3154	3	0	3000
pgs	509	Response	1	10496094	1378	1
pgs	510	Picture	10	10522101	0	1	3153	2	0	3000
pgs	511	Response	1	10529010	3590	2
pgs	512	Picture	10	10556291	0	1	3153	2	0	3000
pgs	513	Response	2	10561246	1636	1
pgs	514	Picture	20	10593302	0	1	3153	2	0	3000
pgs	515	Response	2	10599192	2571	1
pgs	516	Picture	20	10631309	0	1	3153	2	0	3000
pgs	517	Response	2	10636799	2171	1
pgs	518	Picture	21	10664005	0	1	3153	2	0	3000
pgs	519	Response	2	10668973	1649	1
pgs	520	Picture	11	10702676	0	1	3153	2	0	3000
pgs	521	Response	1	10708646	2651	1
pgs	522	Picture	10	10733878	0	1	3154	2	0	3000
pgs	523	Response	1	10740259	3062	2
pgs	524	Picture	10	10773047	0	1	3153	2	0	3000
pgs	525	Response	1	10776597	231	1
pgs	526	Picture	11	10804249	0	1	3154	2	0	3000
pgs	527	Response	1	10809185	1616	2
pgs	528	Picture	20	10836613	0	2	3154	3	0	3000
pgs	530	Picture	21	10868148	0	1	3153	2	0	3000
pgs	531	Response	2	10872032	565	1
pgs	532	Picture	20	10905325	0	1	3153	2	0	3000
pgs	533	Response	2	10914279	5635	1
pgs	534	Picture	20	10940842	0	2	3154	3	0	3000
pgs	535	Response	2	10947138	2976	1
pgs	536	Picture	21	10971547	0	1	3153	2	0	3000
pgs	537	Response	2	10976890	2024	1
pgs	538	Picture	11	11007064	0	1	3154	2	0	3000
pgs	539	Response	1	11012310	1927	1
pgs	540	Picture	20	11036607	0	1	3153	2	0	3000
pgs	541	Response	1	11040796	870	1
pgs	541	Response	2	11067980	28054	2
pgs	542	Picture	11	11072954	0	1	3153	3	0	3000
pgs	543	Response	1	11079403	3130	1
pgs	543	Response	2	11100946	24673	1
pgs	544	Picture	10	11109965	0	2	3154	3	0	3000
pgs	545	Response	2	11113772	487	1
pgs	546	Picture	21	11145317	0	1	3153	2	0	3000
pgs	547	Response	2	11150319	1683	1
pgs	548	Picture	20	11182660	0	1	3153	3	0	3000
pgs	549	Response	1	11191407	5428	1
pgs	549	Response	2	11192485	6506	1
pgs	550	Picture	10	11215190	0	1	3153	3	0	3000
pgs	551	Response	2	11219860	1351	1
pgs	552	Picture	21	11245563	0	1	3153	2	0	3000
pgs	553	Response	2	11249041	159	2
pgs	554	Picture	21	11284067	0	2	3154	3	0	3000
pgs	555	Response	2	11287738	351	1
pgs	555	Response	1	11288338	951	1
pgs	556	Picture	20	11312614	0	2	3154	3	0	3000
pgs	557	Response	2	11319632	3698	1
pgs	558	Picture	10	11343153	0	1	3153	2	0	3000
pgs	559	Response	1	11348952	2480	1
pgs	560	Picture	21	11382653	0	2	3154	3	0	3000
pgs	560	Response	2	11385966	3313	1
pgs	562	Picture	10	11413856	0	1	3153	2	0	3000
pgs	563	Response	1	11420208	3033	1
pgs	564	Picture	10	11443896	0	2	3154	3	0	3000
pgs	565	Response	1	11449840	2624	1
pgs	566	Picture	10	11479248	0	1	3153	2	0	3000
pgs	567	Response	1	11484292	1725	1
pgs	568	Picture	21	11512940	0	1	3153	2	0	3000
pgs	569	Response	2	11517647	1388	1
pgs	570	Picture	10	11551776	0	2	3154	3	0	3000
pgs	571	Response	1	11555843	747	1
pgs	572	Picture	21	11584141	0	1	3153	2	0	3000
pgs	573	Response	2	11588495	1035	1
pgs	574	Picture	20	11614181	0	1	3154	2	0	3000
pgs	575	Response	2	11619337	1837	1
pgs	576	Picture	20	11651856	0	1	3154	2	0	3000
pgs	577	Response	2	11659332	4156	1
pgs	578	Picture	20	11685382	0	1	3153	3	0	3000
pgs	579	Response	2	11689804	1103	1
pgs	580	Picture	21	11714425	0	4	3155	5	0	3000
pgs	581	Response	2	11718669	923	1
pgs	582	Picture	21	11748948	0	2	3154	3	0	3000
pgs	583	Response	2	11752759	494	2
pgs	584	Picture	11	11782308	0	2	3154	3	0	3000
pgs	585	Response	1	11788148	2520	2
pgs	586	Picture	20	11814340	0	2	3154	3	0	3000
pgs	587	Response	1	11819496	1836	1
pgs	587	Response	2	11821172	3512	1
pgs	587	Response	2	11848572	30912	2
pgs	587	Response	2	11853128	35468	1
pgs	588	Picture	20	11853841	0	2	3154	3	0	3000
pgs	589	Response	2	11857930	769	1
pgs	590	Picture	10	11893122	0	93	3042	94	0	3000
pgs	591	Response	2	11897785	1456	1
pgs	592	Picture	21	11929357	0	2	3154	3	0	3000
pgs	593	Response	2	11933518	841	1
pgs	594	Picture	10	11967199	0	1	3153	2	0	3000
pgs	595	Response	1	11977949	7431	1
pgs	596	Picture	10	12003048	0	1	3153	2	0	3000
pgs	597	Response	1	12010236	3869	1
pgs	598	Picture	20	12042549	0	1	3153	2	0	3000
pgs	599	Response	2	12048868	3000	1
pgs	600	Picture	10	12076241	0	1	3153	2	0	3000
pgs	601	Response	2	12084031	4471	2
pgs	602	Picture	11	12108107	0	1	3153	2	0	3000
pgs	603	Response	1	12113375	1949	1
pgs	604	Response	2	12244329	101369	1


Event Type	Code	Type	Response	RT	RT Uncertainty	Time	Uncertainty	Duration	Uncertainty	ReqTime	ReqDur

Picture	20	other				10414	1	3153	2	0	3000
Picture	11	other				39126	2	3154	3	0	3000
Picture	21	other				70163	1	3153	2	0	3000
Picture	11	other				103357	1	3153	2	0	3000
Picture	20	other				139704	1	3153	2	0	3000
Picture	11	other				171238	1	3154	2	0	3000
Picture	20	other				202274	2	3154	3	0	3000
Picture	20	other				239618	1	3153	2	0	3000
Picture	20	other				279782	2	3154	3	0	3000
Picture	10	other				315300	1	3153	2	0	3000
Picture	10	other				352809	1	3153	2	0	3000
Picture	21	other				386999	1	3153	2	0	3000
Picture	11	other				425504	1	3153	2	0	3000
Picture	11	other				461353	1	3153	3	0	3000
Picture	21	other				494879	1	3153	2	0	3000
Picture	11	other				525251	2	3154	3	0	3000
Picture	21	other				565084	2	3154	3	0	3000
Picture	10	other				601597	2	3154	3	0	3000
Picture	10	other				639107	1	3153	2	0	3000
Picture	20	other				677777	2	3154	3	0	3000
Picture	10	other				707486	1	3153	3	0	3000
Picture	10	other				742506	1	3153	2	0	3000
Picture	21	other				774040	1	3153	2	0	3000
Picture	20	other				804910	2	3154	3	0	3000
Picture	10	other				838768	1	3153	3	0	3000
Picture	21	other				875281	2	3154	3	0	3000
Picture	20	other				903828	1	3154	2	0	3000
Picture	20	other				939512	1	3153	2	0	3000
Picture	21	other				968390	2	3154	3	0	3000
Picture	21	other				1000754	2	3154	3	0	3000
Picture	11	other				1031459	1	3153	2	0	3000
Picture	10	other				1061167	2	3154	3	0	3000
Picture	10	other				1090378	1	3153	3	0	3000
Picture	10	other				1125398	1	3153	2	0	3000
Picture	11	other				1155936	1	3153	3	0	3000
Picture	20	other				1185479	1	3153	2	0	3000
Picture	11	other				1224481	2	3154	3	0	3000
Picture	11	other				1258173	2	3154	3	0	3000
Picture	21	other				1295184	2	3154	3	0	3000
Picture	10	other				1334851	2	3154	3	0	3000
Picture	10	other				1373854	1	3154	2	0	3000
Picture	11	other				1407048	1	3153	3	0	3000
Picture	21	other				1439080	2	3154	3	0	3000
Picture	10	other				1468457	1	3153	2	0	3000
Picture	21	other				1504472	2	3154	3	0	3000
Picture	20	other				1544471	1	3153	2	0	3000
Picture	21	other				1578495	1	3153	2	0	3000
Picture	20	other				1609365	1	3153	3	0	3000
Picture	10	other				1646376	2	3154	3	0	3000
Picture	11	other				1678408	2	3154	3	0	3000
Picture	20	other				1712432	1	3154	2	0	3000
Picture	20	other				1746290	1	3153	3	0	3000
Picture	20	other				1775833	1	3151	5	0	3000
Picture	21	other				1810188	2	3154	3	0	3000
Picture	20	other				1844876	1	3153	3	0	3000
Picture	10	other				1877904	1	3153	2	0	3000
Picture	20	other				1912260	1	3153	2	0	3000
Picture	20	other				1945620	1	3153	2	0	3000
Picture	20	other				1979643	2	3154	3	0	3000
Picture	21	other				2016157	1	3153	2	0	3000
Picture	21	other				2056321	2	3154	3	0	3000
Picture	11	other				2092005	1	3153	2	0	3000
Picture	20	other				2122045	2	3154	3	0	3000
Picture	10	other				2154741	2	3154	3	0	3000
Picture	20	other				2189927	1	3153	2	0	3000
Picture	11	other				2227934	1	3153	2	0	3000
Picture	21	other				2257808	2	3154	3	0	3000
Picture	10	other				2296147	2	3154	3	0	3000
Picture	21	other				2331001	1	3153	3	0	3000
Picture	10	other				2359548	1	3153	2	0	3000
Picture	21	other				2393572	1	3153	2	0	3000
Picture	21	other				2426268	1	3153	2	0	3000
Picture	20	other				2462781	1	3153	2	0	3000
Picture	11	other				2497303	1	3153	2	0	3000
Picture	10	other				2530994	2	3154	3	0	3000
Picture	10	other				2567508	1	3153	2	0	3000
Picture	20	other				2599540	1	3153	2	0	3000
Picture	10	other				2629580	2	3154	3	0	3000
Picture	11	other				2664102	1	3153	3	0	3000
Picture	10	other				2703105	1	3153	2	0	3000
Picture	20	other				2742108	1	3153	2	0	3000
Picture	20	other				2773642	1	3153	3	0	3000
Picture	21	other				2810487	2	3154	3	0	3000
Picture	21	other				2842022	1	3153	2	0	3000
Picture	20	other				2876045	2	3154	3	0	3000
Picture	21	other				2905256	1	3153	3	0	3000
Picture	20	other				2940442	1	3153	2	0	3000
Picture	21	other				2979444	2	3154	3	0	3000
Picture	10	other				3011311	1	3153	3	0	3000
Picture	11	other				3039857	2	3154	3	0	3000
Picture	11	other				3073881	1	3154	2	0	3000
Picture	11	other				3109233	1	3153	2	0	3000
Picture	11	other				3141431	1	3153	5	0	3000
Picture	10	other				3180268	1	3153	2	0	3000
Picture	11	other				3217445	1	3153	2	0	3000
Picture	20	other				3255120	1	3153	2	0	3000
Picture	10	other				3291633	2	3154	3	0	3000
Picture	20	other				3323333	2	3154	3	0	3000
Picture	11	other				3360511	1	3153	2	0	3000
Picture	21	other				3393705	1	3153	2	0	3000
Picture	10	other				3426401	1	3153	2	0	3000
Picture	20	other				3459429	1	3153	2	0	3000
Picture	11	other				3499095	2	3154	3	0	3000
Picture	10	other				3531459	2	3154	3	0	3000
Picture	20	other				3567973	1	3153	2	0	3000
Picture	11	other				3599673	1	3151	5	0	3000
Picture	21	other				3632867	1	3153	2	0	3000
Picture	21	other				3663571	2	3154	3	0	3000
Picture	11	other				3703902	1	3153	2	0	3000
Picture	10	other				3738755	2	3154	3	0	3000
Picture	10	other				3771120	1	3153	2	0	3000
Picture	10	other				3802322	1	3153	2	0	3000
Picture	11	other				3838171	2	3154	3	0	3000
Picture	20	other				3872693	1	3153	3	0	3000
Picture	10	other				3910368	1	3154	2	0	3000
Picture	10	other				3940243	1	3153	2	0	3000
Picture	20	other				3971445	1	3153	2	0	3000
Picture	21	other				4008788	1	3153	3	0	3000
Picture	10	other				4042480	1	3153	2	0	3000
Picture	10	other				4076338	1	3153	2	0	3000
Picture	20	other				4114013	1	3153	2	0	3000
Picture	11	other				4154177	2	3154	3	0	3000
Picture	20	other				4191355	1	3153	2	0	3000
Picture	11	other				4227868	1	3153	3	0	3000
Picture	21	other				4260896	1	3153	3	0	3000
Picture	11	other				4297077	2	3154	3	0	3000
Picture	10	other				4336412	1	3154	2	0	3000
Picture	11	other				4373091	2	3154	3	0	3000
Picture	11	other				4403298	1	3153	2	0	3000
Picture	10	other				4440143	2	3154	3	0	3000
Picture	10	other				4479312	1	3153	3	0	3000
Picture	21	other				4512838	1	3153	2	0	3000
Picture	20	other				4549019	2	3154	3	0	3000
Picture	11	other				4583209	1	3153	3	0	3000
Picture	11	other				4617233	1	3153	2	0	3000
Picture	20	other				4647107	2	3154	3	0	3000
Picture	21	other				4682127	1	3153	2	0	3000
Picture	20	other				4713495	2	3154	3	0	3000
Picture	20	other				4743702	1	3153	2	0	3000
Picture	20	other				4776730	1	3153	2	0	3000
Picture	21	other				4810090	1	3153	2	0	3000
Picture	21	other				4845607	1	3153	3	0	3000
Picture	11	other				4884776	1	3153	2	0	3000
Picture	11	other				4923779	1	3153	2	0	3000
Picture	11	other				4959794	1	3154	2	0	3000
Picture	20	other				4995976	1	3153	2	0	3000
Picture	10	other				5034315	1	3153	2	0	3000
Picture	21	other				5065517	1	3153	2	0	3000
Picture	21	other				5104022	1	3153	2	0	3000
Picture	21	other				5133896	2	3154	3	0	3000
Picture	21	other				7004042	2	3154	3	0	3000
Picture	10	other				7034415	1	3153	2	0	3000
Picture	20	other				7073583	2	3154	3	0	3000
Picture	20	other				7104288	1	3153	2	0	3000
Picture	11	other				7135822	1	3154	2	0	3000
Picture	21	other				7167854	2	3154	3	0	3000
Picture	20	other				7201214	2	3154	3	0	3000
Picture	10	other				7229761	1	3153	2	0	3000
Picture	11	other				7268100	1	3153	3	0	3000
Picture	21	other				7298804	2	3154	3	0	3000
Picture	20	other				7331002	2	3154	3	0	3000
Picture	20	other				7371333	1	3153	3	0	3000
Picture	20	other				7404029	1	3154	2	0	3000
Picture	21	other				7437057	1	3153	3	0	3000
Picture	21	other				7466434	1	3153	2	0	3000
Picture	20	other				7499296	1	3153	2	0	3000
Picture	20	other				7530664	1	3153	2	0	3000
Picture	11	other				7565020	1	3153	2	0	3000
Picture	10	other				7605184	2	3154	3	0	3000
Picture	11	other				7643523	2	3154	3	0	3000
Picture	10	other				7679871	1	3153	2	0	3000
Picture	11	other				7716384	1	3153	3	0	3000
Picture	11	other				7745595	1	3153	2	0	3000
Picture	20	other				7774473	2	3152	5	0	3000
Picture	21	other				7803684	1	3153	3	0	3000
Picture	11	other				7836380	1	3153	3	0	3000
Picture	21	other				7869242	1	3153	3	0	3000
Picture	10	other				7905423	2	3154	3	0	3000
Picture	10	other				7934136	1	3154	2	0	3000
Picture	20	other				7968990	1	3153	2	0	3000
Picture	21	other				8004009	2	3154	3	0	3000
Picture	21	other				8032556	1	3154	2	0	3000
Picture	20	other				8064754	2	3154	3	0	3000
Picture	21	other				8100105	4	3154	5	0	3000
Picture	11	other				8135955	2	3154	3	0	3000
Picture	11	other				8175290	1	3153	3	0	3000
Picture	10	other				8205994	2	3154	3	0	3000
Picture	20	other				8243172	1	3153	2	0	3000
Picture	20	other				8281511	1	3153	2	0	3000
Picture	10	other				8320327	60	3123	117	0	3000
Picture	11	other				8357359	1	3153	2	0	3000
Picture	10	other				8388893	1	3153	2	0	3000
Picture	20	other				8427066	1	3153	3	0	3000
Picture	10	other				8462418	1	3153	2	0	3000
Picture	20	other				8500922	2	3154	3	0	3000
Picture	20	other				8539759	2	3154	3	0	3000
Picture	20	other				8570132	1	3153	2	0	3000
Picture	21	other				8599177	1	3153	2	0	3000
Picture	11	other				8635358	1	3153	2	0	3000
Picture	10	other				8674029	1	3153	2	0	3000
Picture	20	other				8704069	2	3154	3	0	3000
Picture	20	other				8739255	1	3153	2	0	3000
Picture	10	other				8778922	1	3153	2	0	3000
Picture	21	other				8812447	2	3154	3	0	3000
Picture	20	other				8842820	1	3153	2	0	3000
Picture	21	other				8883317	1	3153	2	0	3000
Picture	10	other				8922983	2	3154	3	0	3000
Picture	21	other				8961156	2	3154	3	0	3000
Picture	10	other				8996176	1	3153	2	0	3000
Picture	11	other				9027378	2	3154	3	0	3000
Picture	21	other				9061734	1	3153	2	0	3000
Picture	10	other				9093600	1	3154	2	0	3000
Picture	11	other				9128122	1	3153	2	0	3000
Picture	10	other				9161648	1	3153	2	0	3000
Picture	10	other				9197497	1	3154	2	0	3000
Picture	10	other				9235006	2	3154	3	0	3000
Picture	10	other				9271686	1	3153	2	0	3000
Picture	11	other				9305543	2	3154	3	0	3000
Picture	20	other				9338239	2	3154	3	0	3000
Picture	10	other				9378238	1	3153	3	0	3000
Picture	11	other				9407283	1	3153	2	0	3000
Picture	11	other				9439315	1	3153	2	0	3000
Picture	11	other				9477654	1	3153	2	0	3000
Picture	21	other				9506864	2	3154	3	0	3000
Picture	21	other				9546697	2	3154	3	0	3000
Picture	20	other				9576240	1	3153	2	0	3000
Picture	10	other				9607442	1	3154	2	0	3000
Picture	21	other				9646279	1	3153	3	0	3000
Picture	10	other				9685448	1	3153	2	0	3000
Picture	11	other				9714824	2	3154	3	0	3000
Picture	21	other				9750010	1	3153	3	0	3000
Picture	20	other				9779054	2	3154	3	0	3000
Picture	11	other				9814738	1	3154	2	0	3000
Picture	10	other				9852413	2	3154	3	0	3000
Picture	20	other				9881458	1	3153	3	0	3000
Picture	11	other				9911167	1	3153	2	0	3000
Picture	10	other				9943531	1	3153	2	0	3000
Picture	21	other				9976891	1	3153	2	0	3000
Picture	11	other				10011578	1	3154	2	0	3000
Picture	20	other				10040291	1	3153	2	0	3000
Picture	21	other				10076140	2	3154	3	0	3000
Picture	10	other				10105019	1	3154	2	0	3000
Picture	10	other				10135226	1	3153	2	0	3000
Picture	11	other				10170909	1	3153	3	0	3000
Picture	11	other				10206924	2	3154	3	0	3000
Picture	11	other				10245263	2	3154	3	0	3000
Picture	10	other				10281113	1	3153	2	0	3000
Picture	11	other				10317625	4	3155	5	0	3000
Picture	20	other				10348829	1	3153	2	0	3000
Picture	10	other				10379865	1	3153	2	0	3000
Picture	20	other				10418204	1	3153	2	0	3000
Picture	11	other				10453887	2	3154	3	0	3000
Picture	11	other				10491396	2	3154	3	0	3000
Picture	10	other				10522101	1	3153	2	0	3000
Picture	10	other				10556291	1	3153	2	0	3000
Picture	20	other				10593302	1	3153	2	0	3000
Picture	20	other				10631309	1	3153	2	0	3000
Picture	21	other				10664005	1	3153	2	0	3000
Picture	11	other				10702676	1	3153	2	0	3000
Picture	10	other				10733878	1	3154	2	0	3000
Picture	10	other				10773047	1	3153	2	0	3000
Picture	11	other				10804249	1	3154	2	0	3000
Picture	20	other				10836613	2	3154	3	0	3000
Picture	21	other				10868148	1	3153	2	0	3000
Picture	20	other				10905325	1	3153	2	0	3000
Picture	20	other				10940842	2	3154	3	0	3000
Picture	21	other				10971547	1	3153	2	0	3000
Picture	11	other				11007064	1	3154	2	0	3000
Picture	20	other				11036607	1	3153	2	0	3000
Picture	11	other				11072954	1	3153	3	0	3000
Picture	10	other				11109965	2	3154	3	0	3000
Picture	21	other				11145317	1	3153	2	0	3000
Picture	20	other				11182660	1	3153	3	0	3000
Picture	10	other				11215190	1	3153	3	0	3000
Picture	21	other				11245563	1	3153	2	0	3000
Picture	21	other				11284067	2	3154	3	0	3000
Picture	20	other				11312614	2	3154	3	0	3000
Picture	10	other				11343153	1	3153	2	0	3000
Picture	21	other				11382653	2	3154	3	0	3000
Picture	10	other				11413856	1	3153	2	0	3000
Picture	10	other				11443896	2	3154	3	0	3000
Picture	10	other				11479248	1	3153	2	0	3000
Picture	21	other				11512940	1	3153	2	0	3000
Picture	10	other				11551776	2	3154	3	0	3000
Picture	21	other				11584141	1	3153	2	0	3000
Picture	20	other				11614181	1	3154	2	0	3000
Picture	20	other				11651856	1	3154	2	0	3000
Picture	20	other				11685382	1	3153	3	0	3000
Picture	21	other				11714425	4	3155	5	0	3000
Picture	21	other				11748948	2	3154	3	0	3000
Picture	11	other				11782308	2	3154	3	0	3000
Picture	20	other				11814340	2	3154	3	0	3000
Picture	20	other				11853841	2	3154	3	0	3000
Picture	10	other				11893122	93	3042	94	0	3000
Picture	21	other				11929357	2	3154	3	0	3000
Picture	10	other				11967199	1	3153	2	0	3000
Picture	10	other				12003048	1	3153	2	0	3000
Picture	20	other				12042549	1	3153	2	0	3000
Picture	10	other				12076241	1	3153	2	0	3000
Picture	11	other				12108107	1	3153	2	0	3000
