Scenario - EFT rapido Abril 2011
Logfile written - 07/12/2011 11:53:10

Subject	Trial	Event Type	Code	Time	TTime	Uncertainty	Duration	Uncertainty	ReqTime	ReqDur

pgs	2	Picture	21	10414	0	1	3153	2	0	3000
pgs	3	Response	2	16196	2463	1
pgs	4	Picture	21	21368	0	1	3153	2	0	3000
pgs	5	Response	2	26381	1694	1
pgs	6	Picture	20	32819	0	2	3154	3	0	3000
pgs	7	Response	1	37095	956	1
pgs	8	Picture	20	42778	0	1	3153	2	0	3000
pgs	9	Response	2	47304	1207	1
pgs	10	Picture	21	53732	0	1	3153	2	0	3000
pgs	11	Response	2	59996	2945	1
pgs	12	Picture	21	62528	0	1	3153	3	0	3000
pgs	13	Response	2	68641	2794	2
pgs	14	Picture	11	72486	0	1	3154	2	0	3000
pgs	15	Response	1	77701	1895	1
pgs	16	Picture	21	83772	0	1	3154	2	0	3000
pgs	17	Response	2	88298	1206	1
pgs	18	Picture	10	92569	0	1	3153	2	0	3000
pgs	19	Response	2	99186	3298	1
pgs	20	Picture	20	103854	0	2	3154	3	0	3000
pgs	21	Response	2	109426	2252	1
pgs	22	Picture	11	112485	0	1	3153	2	0	3000
pgs	23	Response	1	117159	1355	1
pgs	24	Picture	10	121447	0	2	3154	3	0	3000
pgs	25	Response	2	126784	2017	1
pgs	26	Picture	20	131071	0	5	3156	6	0	3000
pgs	27	Response	2	136551	2158	1
pgs	28	Picture	11	140866	0	1	3153	2	0	3000
pgs	29	Response	1	145729	1544	1
pgs	30	Picture	10	151156	0	1	3153	2	0	3000
pgs	31	Response	1	157240	2765	1
pgs	32	Picture	21	159786	0	2	3154	3	0	3000
pgs	34	Picture	11	168251	0	1	3153	2	0	3000
pgs	35	Response	1	172504	934	1
pgs	36	Picture	21	177545	0	1	3153	3	0	3000
pgs	37	Response	2	181573	709	1
pgs	38	Picture	21	187669	0	1	3154	2	0	3000
pgs	39	Response	2	192844	1855	1
pgs	40	Picture	11	196465	0	2	3154	3	0	3000
pgs	41	Response	1	200717	932	1
pgs	42	Picture	21	206424	0	1	3153	2	0	3000
pgs	43	Response	1	213180	3437	1
pgs	44	Picture	10	217544	0	1	3153	2	0	3000
pgs	45	Response	1	223033	2170	2
pgs	46	Picture	21	228664	0	1	3153	2	0	3000
pgs	47	Response	2	233309	1326	1
pgs	48	Picture	10	238124	0	1	3153	2	0	3000
pgs	49	Response	1	242957	1514	1
pgs	50	Picture	11	246920	0	2	3154	3	0	3000
pgs	51	Response	1	252137	1897	1
pgs	52	Picture	21	256049	0	1	3153	3	0	3000
pgs	53	Response	2	261677	2309	2
pgs	54	Picture	10	266007	0	1	3153	2	0	3000
pgs	55	Response	1	271095	1769	1
pgs	56	Picture	20	275633	0	1	3153	3	0	3000
pgs	57	Response	1	280101	1149	1
pgs	58	Picture	21	286753	0	1	3153	3	0	3000
pgs	59	Response	2	292771	2699	1
pgs	60	Picture	20	297209	0	1	3154	2	0	3000
pgs	61	Response	1	302099	1570	1
pgs	62	Picture	10	307997	0	1	3154	2	0	3000
pgs	63	Response	1	314324	3007	1
pgs	64	Picture	11	319449	0	1	3153	3	0	3000
pgs	65	Response	1	324363	1595	1
pgs	66	Picture	10	329573	0	1	3154	2	0	3000
pgs	67	Response	1	335911	3018	2
pgs	68	Picture	21	340361	0	2	3154	3	0	3000
pgs	69	Response	2	345806	2125	2
pgs	70	Picture	11	351813	0	1	3154	2	0	3000
pgs	71	Response	1	357594	2462	2
pgs	72	Picture	20	361273	0	2	3154	3	0	3000
pgs	73	Response	2	366543	1950	2
pgs	74	Picture	11	371232	0	1	3153	2	0	3000
pgs	75	Response	1	375489	938	1
pgs	76	Picture	11	380526	0	1	3153	2	0	3000
pgs	77	Response	1	386355	2510	2
pgs	78	Picture	20	390982	0	1	3153	3	0	3000
pgs	79	Response	2	396419	2118	1
pgs	80	Picture	10	402434	0	1	3153	2	0	3000
pgs	80	Response	1	405512	3078	1
pgs	82	Picture	21	411728	0	1	3154	2	0	3000
pgs	82	Response	2	414813	3085	1
pgs	84	Picture	10	421686	0	2	3154	3	0	3000
pgs	84	Response	1	423993	2307	1
pgs	86	Picture	10	431810	0	2	3154	3	0	3000
pgs	86	Response	2	433385	1575	2
pgs	88	Picture	21	440441	0	1	3153	2	0	3000
pgs	89	Response	2	444694	934	1
pgs	90	Picture	10	450731	0	1	3153	3	0	3000
pgs	90	Response	1	453724	2993	1
pgs	92	Picture	11	462017	0	1	3153	3	0	3000
pgs	93	Response	1	468073	2737	1
pgs	94	Picture	21	471477	0	2	3154	3	0	3000
pgs	95	Response	1	475515	718	1
pgs	95	Response	2	479268	4471	1
pgs	96	Picture	10	480440	0	1	3153	2	0	3000
pgs	97	Response	1	485998	2239	2
pgs	98	Picture	21	489070	0	1	3153	3	0	3000
pgs	99	Response	2	494946	2557	1
pgs	100	Picture	20	498696	0	2	3154	3	0	3000
pgs	101	Response	1	503118	1102	2
pgs	102	Picture	20	509484	0	2	3154	3	0	3000
pgs	102	Response	1	512213	2729	1
pgs	104	Picture	21	518779	0	1	3153	2	0	3000
pgs	104	Response	2	520809	2030	2
pgs	106	Picture	11	530064	0	2	3154	3	0	3000
pgs	106	Response	2	530530	466	1
pgs	108	Picture	11	539359	0	1	3153	2	0	3000
pgs	110	Picture	20	547989	0	1	3154	2	0	3000
pgs	110	Response	1	549315	1326	2
pgs	111	Response	2	558059	6750	2
pgs	112	Picture	21	558279	0	2	3154	3	0	3000
pgs	114	Picture	10	569399	0	2	3154	3	0	3000
pgs	114	Response	2	570501	1102	1
pgs	116	Picture	21	578030	0	1	3153	2	0	3000
pgs	116	Response	1	580515	2485	1
pgs	118	Picture	10	586660	0	1	3154	2	0	3000
pgs	118	Response	2	587457	797	1
pgs	120	Picture	11	597614	0	1	3154	2	0	3000
pgs	121	Response	1	608127	7194	1
pgs	122	Picture	21	608236	0	1	3154	2	0	3000
pgs	124	Picture	10	617696	0	2	3154	3	0	3000
pgs	126	Picture	11	627489	0	1	3153	2	0	3000
pgs	126	Response	1	628682	1193	1
pgs	128	Picture	11	637280	0	3	3154	4	0	3000
pgs	128	Response	2	638107	827	1
pgs	130	Picture	21	647239	0	1	3154	2	0	3000
pgs	130	Response	1	647343	104	1
pgs	132	Picture	11	658691	0	1	3153	3	0	3000
pgs	133	Response	1	668377	6367	1
pgs	134	Picture	10	668815	0	1	3154	2	0	3000
pgs	136	Picture	20	677943	0	2	3154	3	0	3000
pgs	136	Response	2	679105	1162	1
pgs	138	Picture	11	686574	0	1	3153	2	0	3000
pgs	138	Response	1	689061	2487	1
pgs	140	Picture	20	697362	0	1	3153	2	0	3000
pgs	140	Response	2	698724	1362	1
pgs	142	Picture	10	708482	0	1	3153	2	0	3000
pgs	142	Response	1	709717	1235	2
pgs	143	Response	2	718098	6297	1
pgs	144	Picture	20	718606	0	1	3153	3	0	3000
pgs	145	Response	1	728177	6252	2
pgs	146	Picture	20	729726	0	1	3153	3	0	3000
pgs	147	Response	2	740311	7266	1
pgs	148	Picture	21	740846	0	1	3153	3	0	3000
pgs	150	Picture	10	749310	0	2	3154	3	0	3000
pgs	152	Picture	20	759601	0	1	3153	2	0	3000
pgs	153	Response	2	765094	2174	1
pgs	154	Picture	20	769559	0	1	3153	2	0	3000
pgs	155	Response	2	776348	3470	1
pgs	156	Picture	21	778853	0	1	3153	3	0	3000
pgs	158	Picture	20	788479	0	2	3152	6	0	3000
pgs	158	Response	2	791344	2865	1
pgs	160	Picture	21	799266	0	4	3155	5	0	3000
pgs	161	Response	2	803496	909	1
pgs	162	Picture	10	809059	0	2	3154	3	0	3000
pgs	163	Response	1	815893	3514	1
pgs	164	Picture	11	817856	0	1	3153	2	0	3000
pgs	165	Response	1	823866	2691	1
pgs	166	Picture	11	828644	0	1	3153	2	0	3000
pgs	167	Response	1	833585	1622	1
pgs	168	Picture	11	839266	0	1	3153	2	0	3000
pgs	169	Response	1	844778	2193	1
pgs	170	Picture	10	850552	0	1	3153	2	0	3000
pgs	171	Response	1	857083	3212	2
pgs	172	Picture	10	860842	0	1	3153	3	0	3000
pgs	173	Response	1	867774	3613	2
pgs	174	Picture	20	870302	0	2	3154	3	0	3000
pgs	175	Response	2	878349	4727	2
pgs	176	Picture	21	881256	0	2	3154	3	0	3000
pgs	177	Response	2	888935	4359	73
pgs	178	Picture	10	889887	0	1	3153	2	0	3000
pgs	179	Response	1	897874	4668	2
pgs	180	Picture	11	899347	0	1	3153	2	0	3000
pgs	182	Picture	20	907977	0	2	3154	3	0	3000
pgs	182	Response	1	908035	58	1
pgs	183	Response	2	916719	5422	2
pgs	184	Picture	10	916940	0	1	3153	2	0	3000
pgs	186	Picture	21	926566	0	1	3153	2	0	3000
pgs	186	Response	1	927509	943	1
pgs	187	Response	2	935013	5128	1
pgs	188	Picture	21	937520	0	1	3153	2	0	3000
pgs	189	Response	1	942476	1637	1
pgs	189	Response	2	945238	4399	1
pgs	190	Picture	20	947644	0	1	3154	2	0	3000
pgs	191	Response	2	954346	3382	1
pgs	192	Picture	11	957934	0	2	3154	3	0	3000
pgs	193	Response	1	962590	1336	1
pgs	194	Picture	10	967892	0	2	3154	3	0	3000
pgs	195	Response	2	972950	1738	1
pgs	196	Picture	10	977685	0	1	3153	2	0	3000
pgs	197	Response	1	983641	2637	1
pgs	198	Picture	11	986315	0	1	3153	3	0	3000
pgs	199	Response	1	994482	4848	2
pgs	200	Picture	21	996605	0	1	3154	2	0	3000
pgs	201	Response	2	1001182	1257	1
pgs	202	Picture	21	1005899	0	2	3154	3	0	3000
pgs	203	Response	2	1010950	1731	1
pgs	204	Picture	10	1014862	0	1	3153	2	0	3000
pgs	205	Response	2	1021192	3011	1
pgs	205	Response	1	1021820	3639	1
pgs	206	Picture	21	1025152	0	1	3153	2	0	3000
pgs	207	Response	1	1033373	4902	1
pgs	208	Picture	21	1035110	0	1	3154	2	0	3000
pgs	210	Picture	10	1044238	0	2	3154	3	0	3000
pgs	210	Response	2	1044448	210	2
pgs	211	Response	1	1051163	3605	1
pgs	212	Picture	11	1054363	0	1	3153	2	0	3000
pgs	213	Response	1	1061296	3614	1
pgs	214	Picture	21	1065815	0	1	3106	95	0	3000
pgs	215	Response	2	1072280	3146	1
pgs	216	Picture	21	1076934	0	2	3154	3	0	3000
pgs	217	Response	2	1082965	2711	1
pgs	218	Picture	21	1086395	0	1	3153	2	0	3000
pgs	219	Response	2	1092411	2697	1
pgs	220	Picture	20	1096351	0	4	3155	5	0	3000
pgs	221	Response	2	1103512	3840	1
pgs	222	Picture	11	1105813	0	1	3154	2	0	3000
pgs	223	Response	1	1111185	2052	1
pgs	224	Picture	10	1114444	0	1	3153	2	0	3000
pgs	225	Response	1	1121612	3849	1
pgs	226	Picture	20	1125398	0	1	3153	2	0	3000
pgs	227	Response	2	1131583	2866	2
pgs	228	Picture	11	1134360	0	1	3153	2	0	3000
pgs	229	Response	1	1141175	3496	2
pgs	230	Picture	20	1144816	0	1	3153	3	0	3000
pgs	231	Response	2	1153019	4884	1
pgs	232	Picture	20	1155936	0	1	3153	3	0	3000
pgs	233	Response	2	1161949	2696	1
pgs	234	Picture	10	1165894	0	1	3154	2	0	3000
pgs	235	Response	1	1171364	2150	1
pgs	236	Picture	20	1174857	0	1	3153	2	0	3000
pgs	237	Response	2	1180286	2110	1
pgs	238	Picture	20	1184815	0	1	3153	2	0	3000
pgs	239	Response	2	1191114	2980	1
pgs	240	Picture	10	1195437	0	1	3153	2	0	3000
pgs	241	Response	1	1202449	3693	1
pgs	242	Picture	10	1204565	0	1	3154	2	0	3000
pgs	243	Response	1	1213071	5187	4
pgs	244	Picture	20	1215187	0	1	3154	2	0	3000
pgs	245	Response	2	1221603	3096	2
pgs	246	Picture	20	1226639	0	1	3152	5	0	3000
pgs	247	Response	2	1231489	1531	2
pgs	248	Picture	20	1235601	0	2	3154	3	0	3000
pgs	249	Response	2	1240674	1753	1
pgs	250	Picture	11	1245228	0	1	3153	2	0	3000
pgs	251	Response	1	1250466	1919	1
pgs	252	Picture	11	1255186	0	1	3153	2	0	3000
pgs	253	Response	1	1259925	1420	1
pgs	254	Picture	20	1266638	0	1	3153	5	0	3000
pgs	254	Response	1	1269325	2687	1
pgs	256	Picture	10	1276762	0	1	3153	2	0	3000
pgs	257	Response	2	1283890	3809	1
pgs	258	Picture	10	1286056	0	3	3154	4	0	3000
pgs	259	Response	1	1290990	1614	2
pgs	260	Picture	20	1297010	0	1	3154	2	0	3000
pgs	261	Response	1	1301687	1357	2
pgs	262	Picture	11	1305641	0	1	3153	2	0	3000
pgs	262	Response	2	1306055	414	1
pgs	263	Response	1	1312374	3414	1
pgs	264	Picture	10	1315101	0	1	3153	2	0	3000
pgs	265	Response	2	1321763	3343	1
pgs	266	Picture	20	1325557	0	1	3153	3	0	3000
pgs	267	Response	1	1331084	2208	1
pgs	268	Picture	20	1335017	0	2	3154	3	0	3000
pgs	270	Picture	20	1346137	0	2	3154	3	0	3000
pgs	271	Response	2	1350310	853	1
pgs	272	Picture	20	1355100	0	1	3153	2	0	3000
pgs	273	Response	2	1361560	3141	1
pgs	274	Picture	21	1365722	0	1	3153	2	0	3000
pgs	275	Response	2	1371847	2806	1
pgs	276	Picture	21	1376842	0	1	3153	2	0	3000
pgs	277	Response	2	1380861	700	1
pgs	278	Picture	20	1387298	0	1	3153	2	0	3000
pgs	278	Response	2	1390170	2872	1
pgs	280	Picture	10	1396592	0	1	3153	3	0	3000
pgs	282	Picture	11	1405554	0	2	3154	3	0	3000
pgs	282	Response	1	1407912	2358	1
pgs	284	Picture	21	1416508	0	2	3154	3	0	3000
pgs	284	Response	1	1419149	2641	1
pgs	285	Response	2	1422078	2250	1
pgs	286	Picture	21	1426467	0	1	3153	2	0	3000
pgs	287	Response	2	1431054	1268	2
pgs	288	Picture	11	1435263	0	1	3153	2	0	3000
pgs	289	Response	2	1440030	1448	1
pgs	289	Response	1	1442060	3478	1
pgs	290	Picture	21	1446383	0	1	3153	2	0	3000
pgs	291	Response	2	1451252	1550	2
pgs	292	Picture	11	1457337	0	1	3153	2	0	3000
pgs	293	Response	1	1461795	1139	1
pgs	294	Picture	10	1468457	0	1	3153	2	0	3000
pgs	294	Response	2	1471400	2943	1
pgs	296	Picture	20	1478415	0	1	3153	3	0	3000
pgs	298	Picture	21	1489867	0	1	3153	2	0	3000
pgs	298	Response	2	1489930	63	1
pgs	299	Response	1	1495618	2432	2
pgs	299	Response	2	1497234	4048	1
pgs	300	Picture	21	1501151	0	4	3155	5	0	3000
pgs	301	Response	2	1504947	475	1
pgs	303	Picture	20	1530363	0	2	3154	3	0	3000
pgs	304	Response	2	1536476	2793	1
pgs	305	Picture	10	1539160	0	1	3153	2	0	3000
pgs	306	Response	1	1544498	2019	1
pgs	307	Picture	20	1547790	0	2	3154	3	0	3000
pgs	308	Response	2	1553981	2871	1
pgs	309	Picture	11	1558246	0	2	3154	3	0	3000
pgs	310	Response	1	1562514	948	1
pgs	311	Picture	10	1569532	0	2	3154	3	0	3000
pgs	312	Response	1	1572940	88	1
pgs	312	Response	2	1575064	2212	1
pgs	313	Picture	21	1579325	0	1	3151	6	0	3000
pgs	314	Response	2	1585691	3047	1
pgs	315	Picture	20	1587955	0	1	3153	3	0	3000
pgs	316	Response	2	1594871	3597	2
pgs	317	Picture	10	1598079	0	1	3154	2	0	3000
pgs	318	Response	1	1605297	3899	1
pgs	319	Picture	21	1609365	0	1	3153	3	0	3000
pgs	320	Response	2	1613770	1086	1
pgs	321	Picture	21	1619821	0	1	3154	2	0	3000
pgs	322	Response	2	1623755	615	1
pgs	323	Picture	21	1630775	0	1	3154	2	0	3000
pgs	324	Response	2	1634949	855	1
pgs	325	Picture	10	1640069	0	2	3154	3	0	3000
pgs	326	Response	1	1645078	1689	1
pgs	327	Picture	21	1650857	0	2	3154	3	0	3000
pgs	328	Response	2	1654828	651	1
pgs	329	Picture	11	1660982	0	1	3153	2	0	3000
pgs	330	Response	1	1664926	625	2
pgs	331	Picture	20	1670774	0	1	3153	2	0	3000
pgs	331	Response	2	1673755	2981	1
pgs	333	Picture	21	1680400	0	1	3151	5	0	3000
pgs	334	Response	1	1684290	571	1
pgs	335	Picture	10	1689362	0	2	3154	3	0	3000
pgs	336	Response	2	1694419	1737	1
pgs	337	Picture	21	1700316	0	2	3154	3	0	3000
pgs	338	Response	2	1704005	369	2
pgs	339	Picture	20	1709777	0	1	3153	2	0	3000
pgs	341	Picture	20	1718739	0	1	3153	3	0	3000
pgs	341	Response	2	1719234	495	1
pgs	342	Response	2	1726309	4251	1
pgs	343	Picture	11	1727701	0	2	3154	3	0	3000
pgs	344	Response	1	1735837	4816	1
pgs	345	Picture	10	1736830	0	1	3153	2	0	3000
pgs	346	Response	1	1744669	4520	1
pgs	347	Picture	11	1747120	0	1	3153	2	0	3000
pgs	348	Response	1	1753469	3030	1
pgs	349	Picture	11	1758240	0	1	3153	2	0	3000
pgs	350	Response	1	1762011	452	1
pgs	351	Picture	21	1767534	0	1	3154	2	0	3000
pgs	352	Response	1	1771824	971	2
pgs	353	Picture	21	1778820	0	1	3153	3	0	3000
pgs	354	Response	2	1783667	1528	1
pgs	355	Picture	21	1790106	0	1	3153	3	0	3000
pgs	355	Response	2	1793234	3128	1
pgs	357	Picture	10	1801558	0	1	3153	2	0	3000
pgs	357	Response	2	1803979	2421	1
pgs	359	Picture	20	1810520	0	2	3154	3	0	3000
pgs	360	Response	2	1816439	2599	1
pgs	361	Picture	20	1820810	0	2	3154	3	0	3000
pgs	362	Response	2	1829282	5152	2
pgs	363	Picture	21	1830769	0	1	3153	2	0	3000
pgs	364	Response	2	1838817	4729	1
pgs	365	Picture	11	1841059	0	1	3153	2	0	3000
pgs	366	Response	1	1845725	1347	2
pgs	367	Picture	21	1852345	0	1	3153	2	0	3000
pgs	368	Response	2	1856924	1260	1
pgs	369	Picture	11	1862303	0	1	3153	2	0	3000
pgs	370	Response	1	1865959	337	1
pgs	371	Picture	11	1873257	0	1	3153	2	0	3000
pgs	371	Response	2	1876387	3130	1
pgs	373	Picture	20	1884377	0	1	3153	2	0	3000
pgs	374	Response	2	1892469	4773	2
pgs	375	Picture	10	1894667	0	1	3153	2	0	3000
pgs	376	Response	2	1900994	3008	1
pgs	376	Response	1	1902276	4290	1
pgs	377	Picture	21	1904791	0	1	3153	3	0	3000
pgs	378	Response	2	1910579	2469	1
pgs	379	Picture	11	1915081	0	1	3154	2	0	3000
pgs	380	Response	1	1920202	1801	1
pgs	381	Picture	10	1925039	0	2	3152	6	0	3000
pgs	382	Response	1	1931340	2981	1
pgs	383	Picture	11	1933670	0	1	3153	2	0	3000
pgs	384	Response	1	1939997	3008	2
pgs	385	Picture	10	1943462	0	1	3153	2	0	3000
pgs	386	Response	2	1949870	3089	1
pgs	386	Response	1	1951508	4727	1
pgs	387	Picture	21	1954250	0	1	3153	2	0	3000
pgs	388	Response	2	1960438	2869	1
pgs	389	Picture	21	1964208	0	1	3154	2	0	3000
pgs	390	Response	2	1969145	1617	2
pgs	391	Picture	11	1974498	0	2	3154	3	0	3000
pgs	392	Response	1	1981603	3785	1
pgs	393	Picture	10	1985452	0	2	3154	3	0	3000
pgs	394	Response	1	1991882	3110	2
pgs	395	Picture	20	1994747	0	1	3153	2	0	3000
pgs	396	Response	2	2001772	3706	2
pgs	397	Picture	10	2004373	0	1	3153	2	0	3000
pgs	398	Response	1	2010235	2543	1
pgs	399	Picture	20	2015161	0	1	3153	2	0	3000
pgs	400	Response	1	2021252	2772	2
pgs	401	Picture	10	2024787	0	1	3153	3	0	3000
pgs	403	Picture	21	2035409	0	1	3154	2	0	3000
pgs	403	Response	1	2036879	1470	1
pgs	404	Response	2	2042455	3727	1
pgs	405	Picture	11	2045035	0	2	3154	3	0	3000
pgs	406	Response	1	2052228	3873	1
pgs	407	Picture	20	2056487	0	2	3154	3	0	3000
pgs	408	Response	1	2060791	984	1
pgs	409	Picture	21	2067441	0	2	3154	3	0	3000
pgs	409	Response	2	2070120	2679	1
pgs	411	Picture	21	2078395	0	2	3154	3	0	3000
pgs	412	Response	2	2083427	1712	2
pgs	413	Picture	10	2089349	0	2	3154	3	0	3000
pgs	413	Response	2	2092450	3101	1
pgs	415	Picture	10	2099471	0	4	3156	5	0	3000
pgs	416	Response	1	2103753	960	1
pgs	417	Picture	21	2109432	0	1	3153	2	0	3000
pgs	418	Response	2	2116096	3345	1
pgs	419	Picture	21	2119722	0	1	3153	2	0	3000
pgs	420	Response	2	2126661	3620	2
pgs	421	Picture	10	2130012	0	1	3153	2	0	3000
pgs	422	Response	1	2137388	4057	1
pgs	423	Picture	20	2140800	0	1	3151	5	0	3000
pgs	424	Response	2	2147726	3607	1
pgs	425	Picture	11	2150260	0	1	3153	3	0	3000
pgs	427	Picture	11	2160882	0	1	3154	2	0	3000
pgs	427	Response	1	2161895	1013	1
pgs	428	Response	1	2171050	6848	2
pgs	429	Picture	10	2171338	0	2	3154	3	0	3000
pgs	431	Picture	11	2182292	0	2	3154	3	0	3000
pgs	431	Response	1	2184263	1971	1
pgs	433	Picture	21	2191255	0	1	3153	2	0	3000
pgs	434	Response	1	2194810	236	1
pgs	435	Picture	11	2199719	0	1	3153	3	0	3000
pgs	436	Response	1	2204853	1815	1
pgs	437	Picture	21	2209843	0	1	3154	2	0	3000
pgs	438	Response	2	2213505	342	1
pgs	439	Picture	21	2218308	0	1	3153	2	0	3000
pgs	440	Response	1	2221979	352	2
pgs	441	Picture	11	2227934	0	1	3153	2	0	3000
pgs	442	Response	1	2233474	2221	2
pgs	443	Picture	11	2236564	0	2	3154	3	0	3000
pgs	445	Picture	20	2248016	0	2	3154	3	0	3000
pgs	447	Picture	20	2257974	0	2	3154	3	0	3000
pgs	449	Picture	10	2266937	0	1	3153	2	0	3000
pgs	449	Response	2	2269592	2655	1
pgs	450	Response	1	2278094	7838	1
pgs	451	Picture	11	2278389	0	1	3153	2	0	3000
pgs	452	Response	1	2285538	3830	2
pgs	453	Picture	20	2287683	0	1	3153	3	0	3000
pgs	454	Response	1	2294995	3993	1
pgs	455	Picture	10	2298305	0	1	3153	3	0	3000
pgs	456	Response	1	2305446	3822	1
pgs	457	Picture	20	2308595	0	1	3154	2	0	3000
pgs	458	Response	2	2314928	3013	1
pgs	459	Picture	20	2318885	0	2	3154	3	0	3000
pgs	461	Picture	20	2329341	0	2	3154	3	0	3000
pgs	461	Response	2	2332487	3146	1
pgs	463	Picture	11	2340129	0	2	3154	3	0	3000
pgs	463	Response	2	2343234	3105	1
pgs	464	Response	1	2345052	1603	1
pgs	465	Picture	11	2350088	0	1	3153	2	0	3000
pgs	466	Response	1	2354244	837	1
pgs	467	Picture	21	2360212	0	1	3153	2	0	3000
pgs	468	Response	2	2364556	1025	1
pgs	469	Picture	20	2370336	0	1	3153	2	0	3000
pgs	470	Response	1	2375093	1438	1
pgs	471	Picture	20	2380460	0	1	3153	3	0	3000
pgs	471	Response	2	2380589	129	1
pgs	473	Picture	20	2391912	0	1	3153	2	0	3000
pgs	473	Response	2	2394547	2635	1
pgs	475	Picture	21	2400376	0	2	3154	3	0	3000
pgs	476	Response	1	2404726	1030	1
pgs	476	Response	2	2406311	2615	2
pgs	477	Picture	20	2409837	0	1	3153	2	0	3000
pgs	478	Response	2	2416424	3268	1
pgs	479	Picture	10	2419463	0	1	3153	2	0	3000
pgs	480	Response	2	2426692	3910	1
pgs	480	Response	1	2429900	7118	1
pgs	481	Picture	10	2430417	0	1	3153	2	0	3000
pgs	483	Picture	11	2439213	0	2	3154	3	0	3000
pgs	483	Response	1	2441098	1885	1
pgs	485	Picture	21	2449171	0	2	3154	3	0	3000
pgs	485	Response	1	2451935	2764	1
pgs	487	Picture	20	2459791	0	4	3156	5	0	3000
pgs	487	Response	1	2462798	3007	2
pgs	489	Picture	11	2470581	0	2	3154	3	0	3000
pgs	489	Response	1	2473542	2961	1
pgs	491	Picture	20	2480374	0	1	3153	2	0	3000
pgs	491	Response	2	2483197	2823	2
pgs	493	Picture	10	2489004	0	1	3154	2	0	3000
pgs	493	Response	2	2492053	3049	1
pgs	495	Picture	20	2499460	0	2	3154	3	0	3000
pgs	496	Response	2	2505956	3176	1
pgs	497	Picture	21	2509086	0	2	3154	3	0	3000
pgs	498	Response	2	2516495	4089	2
pgs	499	Picture	20	2519211	0	1	3153	2	0	3000
pgs	500	Response	2	2527689	5159	1
pgs	501	Picture	20	2529169	0	1	3153	2	0	3000
pgs	502	Response	2	2536814	4326	1
pgs	503	Picture	21	2538961	0	1	3153	3	0	3000
pgs	504	Response	2	2546141	3861	1
pgs	505	Picture	20	2549251	0	1	3154	2	0	3000
pgs	506	Response	2	2556209	3639	1
pgs	507	Picture	10	2558379	0	2	3154	3	0	3000
pgs	508	Response	1	2565597	3898	1
pgs	509	Picture	11	2568006	0	1	3153	2	0	3000
pgs	510	Response	1	2575024	3699	1
pgs	511	Picture	21	2578960	0	1	3151	5	0	3000
pgs	512	Response	2	2584652	2373	1
pgs	513	Picture	20	2588918	0	1	3153	2	0	3000
pgs	514	Response	2	2595692	3455	1
pgs	515	Picture	21	2600370	0	1	3153	2	0	3000
pgs	516	Response	2	2606372	2683	2
pgs	517	Picture	10	2609166	0	1	3154	2	0	3000
pgs	518	Response	1	2615913	3428	1
pgs	519	Picture	20	2620120	0	1	3154	2	0	3000
pgs	520	Response	2	2626930	3490	1
pgs	521	Picture	20	2631240	0	1	3154	2	0	3000
pgs	522	Response	2	2637459	2899	1
pgs	523	Picture	20	2641862	0	1	3154	2	0	3000
pgs	524	Response	2	2647999	2817	1
pgs	525	Picture	21	2652816	0	1	3154	2	0	3000
pgs	526	Response	2	2659283	3147	2
pgs	527	Picture	10	2661281	0	1	3153	2	0	3000
pgs	528	Response	1	2669975	5375	1
pgs	529	Picture	21	2670907	0	1	3153	2	0	3000
pgs	530	Response	2	2676625	2399	1
pgs	531	Picture	21	2680367	0	1	3154	2	0	3000
pgs	532	Response	2	2686109	2423	1
pgs	533	Picture	10	2689993	0	2	3154	3	0	3000
pgs	534	Response	1	2696178	2867	1
pgs	535	Picture	21	2700615	0	2	3154	3	0	3000
pgs	535	Response	2	2703919	3304	1
pgs	537	Picture	10	2711237	0	2	3154	3	0	3000
pgs	537	Response	1	2713602	2365	2
pgs	539	Picture	10	2719868	0	1	3153	2	0	3000
pgs	539	Response	2	2722699	2831	2
pgs	541	Picture	20	2730158	0	1	3153	3	0	3000
pgs	541	Response	1	2731611	1453	1
pgs	542	Response	2	2739253	5776	2
pgs	543	Picture	21	2740780	0	1	3153	3	0	3000
pgs	544	Response	2	2747228	3129	1
pgs	545	Picture	20	2751900	0	1	3153	3	0	3000
pgs	546	Response	1	2758016	2797	1
pgs	546	Response	2	2759811	4592	1
pgs	547	Picture	20	2761028	0	2	3154	3	0	3000
pgs	548	Response	2	2766879	2531	1
pgs	549	Picture	21	2769991	0	1	3153	2	0	3000
pgs	550	Response	2	2776161	2851	1
pgs	551	Picture	10	2779949	0	1	3153	2	0	3000
pgs	552	Response	1	2785848	2580	1
pgs	553	Picture	20	2790737	0	1	3153	2	0	3000
pgs	554	Response	2	2797751	3695	1
pgs	555	Picture	20	2801691	0	1	3153	2	0	3000
pgs	556	Response	2	2806931	1921	1
pgs	557	Picture	20	2812313	0	1	3153	3	0	3000
pgs	558	Response	2	2817562	1930	1
pgs	559	Picture	21	2821607	0	2	3154	3	0	3000
pgs	560	Response	2	2827632	2705	2
pgs	561	Picture	11	2832063	0	2	3154	3	0	3000
pgs	562	Response	1	2837972	2589	1
pgs	563	Picture	11	2842188	0	1	3153	2	0	3000
pgs	564	Response	1	2848511	3004	4
pgs	565	Picture	10	2852146	0	1	3153	2	0	3000
pgs	566	Response	1	2859798	4333	1
pgs	567	Picture	21	2862934	0	1	3153	2	0	3000
pgs	568	Response	2	2869461	3208	1
pgs	569	Picture	10	2872394	0	1	3153	3	0	3000
pgs	570	Response	1	2879714	4003	1
pgs	571	Picture	11	2882518	0	1	3154	2	0	3000
pgs	572	Response	1	2890144	4306	1
pgs	573	Picture	20	2892476	0	2	3154	3	0	3000
pgs	574	Response	2	2898623	2827	1
pgs	575	Picture	20	2903264	0	2	3154	3	0	3000
pgs	576	Response	2	2910257	3673	2
pgs	577	Picture	21	2911895	0	1	3153	2	0	3000
pgs	578	Response	2	2921121	5907	1
pgs	579	Picture	20	2922849	0	1	3153	2	0	3000
pgs	581	Picture	21	2931811	0	1	3154	2	0	3000
pgs	581	Response	2	2932613	802	1
pgs	583	Picture	21	2941769	0	2	3154	3	0	3000
pgs	583	Response	2	2944101	2332	1
pgs	585	Picture	11	2952225	0	2	3154	3	0	3000
pgs	585	Response	2	2954994	2769	1
pgs	586	Response	1	2960300	4755	1
pgs	587	Picture	11	2962018	0	1	3153	2	0	3000
pgs	588	Response	1	2966315	978	2
pgs	589	Picture	21	2970814	0	1	3153	3	0	3000
pgs	590	Response	2	2976617	2484	1
pgs	591	Picture	10	2981934	0	1	3153	3	0	3000
pgs	592	Response	1	2988360	3107	1
pgs	593	Picture	10	2993220	0	1	3153	2	0	3000
pgs	594	Response	1	2999485	2946	1
pgs	595	Picture	21	3002680	0	1	3154	2	0	3000
pgs	596	Response	2	3008148	2148	2
pgs	597	Picture	21	3013136	0	2	3154	3	0	3000
pgs	598	Response	2	3018986	2530	2
pgs	599	Picture	21	3021933	0	1	3153	2	0	3000
pgs	600	Response	2	3030149	4897	1
pgs	601	Picture	21	3032057	0	1	3153	2	0	3000
pgs	602	Response	2	3038329	2953	2


Event Type	Code	Type	Response	RT	RT Uncertainty	Time	Uncertainty	Duration	Uncertainty	ReqTime	ReqDur

Picture	21	other				10414	1	3153	2	0	3000
Picture	21	other				21368	1	3153	2	0	3000
Picture	20	other				32819	2	3154	3	0	3000
Picture	20	other				42778	1	3153	2	0	3000
Picture	21	other				53732	1	3153	2	0	3000
Picture	21	other				62528	1	3153	3	0	3000
Picture	11	other				72486	1	3154	2	0	3000
Picture	21	other				83772	1	3154	2	0	3000
Picture	10	other				92569	1	3153	2	0	3000
Picture	20	other				103854	2	3154	3	0	3000
Picture	11	other				112485	1	3153	2	0	3000
Picture	10	other				121447	2	3154	3	0	3000
Picture	20	other				131071	5	3156	6	0	3000
Picture	11	other				140866	1	3153	2	0	3000
Picture	10	other				151156	1	3153	2	0	3000
Picture	21	other				159786	2	3154	3	0	3000
Picture	11	other				168251	1	3153	2	0	3000
Picture	21	other				177545	1	3153	3	0	3000
Picture	21	other				187669	1	3154	2	0	3000
Picture	11	other				196465	2	3154	3	0	3000
Picture	21	other				206424	1	3153	2	0	3000
Picture	10	other				217544	1	3153	2	0	3000
Picture	21	other				228664	1	3153	2	0	3000
Picture	10	other				238124	1	3153	2	0	3000
Picture	11	other				246920	2	3154	3	0	3000
Picture	21	other				256049	1	3153	3	0	3000
Picture	10	other				266007	1	3153	2	0	3000
Picture	20	other				275633	1	3153	3	0	3000
Picture	21	other				286753	1	3153	3	0	3000
Picture	20	other				297209	1	3154	2	0	3000
Picture	10	other				307997	1	3154	2	0	3000
Picture	11	other				319449	1	3153	3	0	3000
Picture	10	other				329573	1	3154	2	0	3000
Picture	21	other				340361	2	3154	3	0	3000
Picture	11	other				351813	1	3154	2	0	3000
Picture	20	other				361273	2	3154	3	0	3000
Picture	11	other				371232	1	3153	2	0	3000
Picture	11	other				380526	1	3153	2	0	3000
Picture	20	other				390982	1	3153	3	0	3000
Picture	10	other				402434	1	3153	2	0	3000
Picture	21	other				411728	1	3154	2	0	3000
Picture	10	other				421686	2	3154	3	0	3000
Picture	10	other				431810	2	3154	3	0	3000
Picture	21	other				440441	1	3153	2	0	3000
Picture	10	other				450731	1	3153	3	0	3000
Picture	11	other				462017	1	3153	3	0	3000
Picture	21	other				471477	2	3154	3	0	3000
Picture	10	other				480440	1	3153	2	0	3000
Picture	21	other				489070	1	3153	3	0	3000
Picture	20	other				498696	2	3154	3	0	3000
Picture	20	other				509484	2	3154	3	0	3000
Picture	21	other				518779	1	3153	2	0	3000
Picture	11	other				530064	2	3154	3	0	3000
Picture	11	other				539359	1	3153	2	0	3000
Picture	20	other				547989	1	3154	2	0	3000
Picture	21	other				558279	2	3154	3	0	3000
Picture	10	other				569399	2	3154	3	0	3000
Picture	21	other				578030	1	3153	2	0	3000
Picture	10	other				586660	1	3154	2	0	3000
Picture	11	other				597614	1	3154	2	0	3000
Picture	21	other				608236	1	3154	2	0	3000
Picture	10	other				617696	2	3154	3	0	3000
Picture	11	other				627489	1	3153	2	0	3000
Picture	11	other				637280	3	3154	4	0	3000
Picture	21	other				647239	1	3154	2	0	3000
Picture	11	other				658691	1	3153	3	0	3000
Picture	10	other				668815	1	3154	2	0	3000
Picture	20	other				677943	2	3154	3	0	3000
Picture	11	other				686574	1	3153	2	0	3000
Picture	20	other				697362	1	3153	2	0	3000
Picture	10	other				708482	1	3153	2	0	3000
Picture	20	other				718606	1	3153	3	0	3000
Picture	20	other				729726	1	3153	3	0	3000
Picture	21	other				740846	1	3153	3	0	3000
Picture	10	other				749310	2	3154	3	0	3000
Picture	20	other				759601	1	3153	2	0	3000
Picture	20	other				769559	1	3153	2	0	3000
Picture	21	other				778853	1	3153	3	0	3000
Picture	20	other				788479	2	3152	6	0	3000
Picture	21	other				799266	4	3155	5	0	3000
Picture	10	other				809059	2	3154	3	0	3000
Picture	11	other				817856	1	3153	2	0	3000
Picture	11	other				828644	1	3153	2	0	3000
Picture	11	other				839266	1	3153	2	0	3000
Picture	10	other				850552	1	3153	2	0	3000
Picture	10	other				860842	1	3153	3	0	3000
Picture	20	other				870302	2	3154	3	0	3000
Picture	21	other				881256	2	3154	3	0	3000
Picture	10	other				889887	1	3153	2	0	3000
Picture	11	other				899347	1	3153	2	0	3000
Picture	20	other				907977	2	3154	3	0	3000
Picture	10	other				916940	1	3153	2	0	3000
Picture	21	other				926566	1	3153	2	0	3000
Picture	21	other				937520	1	3153	2	0	3000
Picture	20	other				947644	1	3154	2	0	3000
Picture	11	other				957934	2	3154	3	0	3000
Picture	10	other				967892	2	3154	3	0	3000
Picture	10	other				977685	1	3153	2	0	3000
Picture	11	other				986315	1	3153	3	0	3000
Picture	21	other				996605	1	3154	2	0	3000
Picture	21	other				1005899	2	3154	3	0	3000
Picture	10	other				1014862	1	3153	2	0	3000
Picture	21	other				1025152	1	3153	2	0	3000
Picture	21	other				1035110	1	3154	2	0	3000
Picture	10	other				1044238	2	3154	3	0	3000
Picture	11	other				1054363	1	3153	2	0	3000
Picture	21	other				1065815	1	3106	95	0	3000
Picture	21	other				1076934	2	3154	3	0	3000
Picture	21	other				1086395	1	3153	2	0	3000
Picture	20	other				1096351	4	3155	5	0	3000
Picture	11	other				1105813	1	3154	2	0	3000
Picture	10	other				1114444	1	3153	2	0	3000
Picture	20	other				1125398	1	3153	2	0	3000
Picture	11	other				1134360	1	3153	2	0	3000
Picture	20	other				1144816	1	3153	3	0	3000
Picture	20	other				1155936	1	3153	3	0	3000
Picture	10	other				1165894	1	3154	2	0	3000
Picture	20	other				1174857	1	3153	2	0	3000
Picture	20	other				1184815	1	3153	2	0	3000
Picture	10	other				1195437	1	3153	2	0	3000
Picture	10	other				1204565	1	3154	2	0	3000
Picture	20	other				1215187	1	3154	2	0	3000
Picture	20	other				1226639	1	3152	5	0	3000
Picture	20	other				1235601	2	3154	3	0	3000
Picture	11	other				1245228	1	3153	2	0	3000
Picture	11	other				1255186	1	3153	2	0	3000
Picture	20	other				1266638	1	3153	5	0	3000
Picture	10	other				1276762	1	3153	2	0	3000
Picture	10	other				1286056	3	3154	4	0	3000
Picture	20	other				1297010	1	3154	2	0	3000
Picture	11	other				1305641	1	3153	2	0	3000
Picture	10	other				1315101	1	3153	2	0	3000
Picture	20	other				1325557	1	3153	3	0	3000
Picture	20	other				1335017	2	3154	3	0	3000
Picture	20	other				1346137	2	3154	3	0	3000
Picture	20	other				1355100	1	3153	2	0	3000
Picture	21	other				1365722	1	3153	2	0	3000
Picture	21	other				1376842	1	3153	2	0	3000
Picture	20	other				1387298	1	3153	2	0	3000
Picture	10	other				1396592	1	3153	3	0	3000
Picture	11	other				1405554	2	3154	3	0	3000
Picture	21	other				1416508	2	3154	3	0	3000
Picture	21	other				1426467	1	3153	2	0	3000
Picture	11	other				1435263	1	3153	2	0	3000
Picture	21	other				1446383	1	3153	2	0	3000
Picture	11	other				1457337	1	3153	2	0	3000
Picture	10	other				1468457	1	3153	2	0	3000
Picture	20	other				1478415	1	3153	3	0	3000
Picture	21	other				1489867	1	3153	2	0	3000
Picture	21	other				1501151	4	3155	5	0	3000
Picture	20	other				1530363	2	3154	3	0	3000
Picture	10	other				1539160	1	3153	2	0	3000
Picture	20	other				1547790	2	3154	3	0	3000
Picture	11	other				1558246	2	3154	3	0	3000
Picture	10	other				1569532	2	3154	3	0	3000
Picture	21	other				1579325	1	3151	6	0	3000
Picture	20	other				1587955	1	3153	3	0	3000
Picture	10	other				1598079	1	3154	2	0	3000
Picture	21	other				1609365	1	3153	3	0	3000
Picture	21	other				1619821	1	3154	2	0	3000
Picture	21	other				1630775	1	3154	2	0	3000
Picture	10	other				1640069	2	3154	3	0	3000
Picture	21	other				1650857	2	3154	3	0	3000
Picture	11	other				1660982	1	3153	2	0	3000
Picture	20	other				1670774	1	3153	2	0	3000
Picture	21	other				1680400	1	3151	5	0	3000
Picture	10	other				1689362	2	3154	3	0	3000
Picture	21	other				1700316	2	3154	3	0	3000
Picture	20	other				1709777	1	3153	2	0	3000
Picture	20	other				1718739	1	3153	3	0	3000
Picture	11	other				1727701	2	3154	3	0	3000
Picture	10	other				1736830	1	3153	2	0	3000
Picture	11	other				1747120	1	3153	2	0	3000
Picture	11	other				1758240	1	3153	2	0	3000
Picture	21	other				1767534	1	3154	2	0	3000
Picture	21	other				1778820	1	3153	3	0	3000
Picture	21	other				1790106	1	3153	3	0	3000
Picture	10	other				1801558	1	3153	2	0	3000
Picture	20	other				1810520	2	3154	3	0	3000
Picture	20	other				1820810	2	3154	3	0	3000
Picture	21	other				1830769	1	3153	2	0	3000
Picture	11	other				1841059	1	3153	2	0	3000
Picture	21	other				1852345	1	3153	2	0	3000
Picture	11	other				1862303	1	3153	2	0	3000
Picture	11	other				1873257	1	3153	2	0	3000
Picture	20	other				1884377	1	3153	2	0	3000
Picture	10	other				1894667	1	3153	2	0	3000
Picture	21	other				1904791	1	3153	3	0	3000
Picture	11	other				1915081	1	3154	2	0	3000
Picture	10	other				1925039	2	3152	6	0	3000
Picture	11	other				1933670	1	3153	2	0	3000
Picture	10	other				1943462	1	3153	2	0	3000
Picture	21	other				1954250	1	3153	2	0	3000
Picture	21	other				1964208	1	3154	2	0	3000
Picture	11	other				1974498	2	3154	3	0	3000
Picture	10	other				1985452	2	3154	3	0	3000
Picture	20	other				1994747	1	3153	2	0	3000
Picture	10	other				2004373	1	3153	2	0	3000
Picture	20	other				2015161	1	3153	2	0	3000
Picture	10	other				2024787	1	3153	3	0	3000
Picture	21	other				2035409	1	3154	2	0	3000
Picture	11	other				2045035	2	3154	3	0	3000
Picture	20	other				2056487	2	3154	3	0	3000
Picture	21	other				2067441	2	3154	3	0	3000
Picture	21	other				2078395	2	3154	3	0	3000
Picture	10	other				2089349	2	3154	3	0	3000
Picture	10	other				2099471	4	3156	5	0	3000
Picture	21	other				2109432	1	3153	2	0	3000
Picture	21	other				2119722	1	3153	2	0	3000
Picture	10	other				2130012	1	3153	2	0	3000
Picture	20	other				2140800	1	3151	5	0	3000
Picture	11	other				2150260	1	3153	3	0	3000
Picture	11	other				2160882	1	3154	2	0	3000
Picture	10	other				2171338	2	3154	3	0	3000
Picture	11	other				2182292	2	3154	3	0	3000
Picture	21	other				2191255	1	3153	2	0	3000
Picture	11	other				2199719	1	3153	3	0	3000
Picture	21	other				2209843	1	3154	2	0	3000
Picture	21	other				2218308	1	3153	2	0	3000
Picture	11	other				2227934	1	3153	2	0	3000
Picture	11	other				2236564	2	3154	3	0	3000
Picture	20	other				2248016	2	3154	3	0	3000
Picture	20	other				2257974	2	3154	3	0	3000
Picture	10	other				2266937	1	3153	2	0	3000
Picture	11	other				2278389	1	3153	2	0	3000
Picture	20	other				2287683	1	3153	3	0	3000
Picture	10	other				2298305	1	3153	3	0	3000
Picture	20	other				2308595	1	3154	2	0	3000
Picture	20	other				2318885	2	3154	3	0	3000
Picture	20	other				2329341	2	3154	3	0	3000
Picture	11	other				2340129	2	3154	3	0	3000
Picture	11	other				2350088	1	3153	2	0	3000
Picture	21	other				2360212	1	3153	2	0	3000
Picture	20	other				2370336	1	3153	2	0	3000
Picture	20	other				2380460	1	3153	3	0	3000
Picture	20	other				2391912	1	3153	2	0	3000
Picture	21	other				2400376	2	3154	3	0	3000
Picture	20	other				2409837	1	3153	2	0	3000
Picture	10	other				2419463	1	3153	2	0	3000
Picture	10	other				2430417	1	3153	2	0	3000
Picture	11	other				2439213	2	3154	3	0	3000
Picture	21	other				2449171	2	3154	3	0	3000
Picture	20	other				2459791	4	3156	5	0	3000
Picture	11	other				2470581	2	3154	3	0	3000
Picture	20	other				2480374	1	3153	2	0	3000
Picture	10	other				2489004	1	3154	2	0	3000
Picture	20	other				2499460	2	3154	3	0	3000
Picture	21	other				2509086	2	3154	3	0	3000
Picture	20	other				2519211	1	3153	2	0	3000
Picture	20	other				2529169	1	3153	2	0	3000
Picture	21	other				2538961	1	3153	3	0	3000
Picture	20	other				2549251	1	3154	2	0	3000
Picture	10	other				2558379	2	3154	3	0	3000
Picture	11	other				2568006	1	3153	2	0	3000
Picture	21	other				2578960	1	3151	5	0	3000
Picture	20	other				2588918	1	3153	2	0	3000
Picture	21	other				2600370	1	3153	2	0	3000
Picture	10	other				2609166	1	3154	2	0	3000
Picture	20	other				2620120	1	3154	2	0	3000
Picture	20	other				2631240	1	3154	2	0	3000
Picture	20	other				2641862	1	3154	2	0	3000
Picture	21	other				2652816	1	3154	2	0	3000
Picture	10	other				2661281	1	3153	2	0	3000
Picture	21	other				2670907	1	3153	2	0	3000
Picture	21	other				2680367	1	3154	2	0	3000
Picture	10	other				2689993	2	3154	3	0	3000
Picture	21	other				2700615	2	3154	3	0	3000
Picture	10	other				2711237	2	3154	3	0	3000
Picture	10	other				2719868	1	3153	2	0	3000
Picture	20	other				2730158	1	3153	3	0	3000
Picture	21	other				2740780	1	3153	3	0	3000
Picture	20	other				2751900	1	3153	3	0	3000
Picture	20	other				2761028	2	3154	3	0	3000
Picture	21	other				2769991	1	3153	2	0	3000
Picture	10	other				2779949	1	3153	2	0	3000
Picture	20	other				2790737	1	3153	2	0	3000
Picture	20	other				2801691	1	3153	2	0	3000
Picture	20	other				2812313	1	3153	3	0	3000
Picture	21	other				2821607	2	3154	3	0	3000
Picture	11	other				2832063	2	3154	3	0	3000
Picture	11	other				2842188	1	3153	2	0	3000
Picture	10	other				2852146	1	3153	2	0	3000
Picture	21	other				2862934	1	3153	2	0	3000
Picture	10	other				2872394	1	3153	3	0	3000
Picture	11	other				2882518	1	3154	2	0	3000
Picture	20	other				2892476	2	3154	3	0	3000
Picture	20	other				2903264	2	3154	3	0	3000
Picture	21	other				2911895	1	3153	2	0	3000
Picture	20	other				2922849	1	3153	2	0	3000
Picture	21	other				2931811	1	3154	2	0	3000
Picture	21	other				2941769	2	3154	3	0	3000
Picture	11	other				2952225	2	3154	3	0	3000
Picture	11	other				2962018	1	3153	2	0	3000
Picture	21	other				2970814	1	3153	3	0	3000
Picture	10	other				2981934	1	3153	3	0	3000
Picture	10	other				2993220	1	3153	2	0	3000
Picture	21	other				3002680	1	3154	2	0	3000
Picture	21	other				3013136	2	3154	3	0	3000
Picture	21	other				3021933	1	3153	2	0	3000
Picture	21	other				3032057	1	3153	2	0	3000
