Scenario - GO/NO-GO
Logfile written - 07/12/2011 11:07:53

Subject	Trial	Event Type	Code	Time	TTime	Uncertainty	Duration	Uncertainty	ReqTime	ReqDur

pgs	2	Picture	22	289	0	2	3154	3	0	3000
pgs	2	Response	1	6707	6418	1
pgs	3	Picture	22	34147	0	2	3154	3	0	3000
pgs	3	Response	1	38349	4202	1
pgs	4	Picture	22	63358	0	1	3153	2	0	3000
pgs	4	Response	1	66603	3245	1
pgs	5	Picture	33	95722	0	1	3153	3	0	3000
pgs	6	Picture	22	127256	0	4	3154	5	0	3000
pgs	6	Response	1	132403	5147	1
pgs	7	Picture	22	165595	0	1	3154	2	0	3000
pgs	7	Response	1	168132	2537	1
pgs	8	Picture	22	194972	0	1	3153	2	0	3000
pgs	8	Response	1	199630	4658	1
pgs	9	Picture	22	226838	0	1	3153	3	0	3000
pgs	9	Response	1	231274	4436	1
pgs	10	Picture	22	256049	0	1	3153	2	0	3000
pgs	10	Response	1	259963	3914	1
pgs	11	Picture	33	294056	0	1	3153	2	0	3000
pgs	11	Response	1	296596	2540	1
pgs	12	Picture	22	328743	0	2	3153	6	0	3000
pgs	12	Response	1	332017	3274	1
pgs	13	Picture	22	362933	0	1	3153	3	0	3000
pgs	13	Response	1	366621	3688	2
pgs	13	Response	1	397652	34719	1
pgs	14	Picture	22	398948	0	2	3154	3	0	3000
pgs	15	Picture	33	436126	0	1	3153	2	0	3000
pgs	16	Picture	22	470481	0	2	3154	3	0	3000
pgs	16	Response	1	474492	4011	1
pgs	17	Picture	22	503343	0	2	3154	3	0	3000
pgs	17	Response	1	508111	4768	1
pgs	18	Picture	22	535376	0	1	3153	2	0	3000
pgs	18	Response	1	538272	2896	1
pgs	19	Picture	33	564752	0	1	3154	2	0	3000
pgs	19	Response	1	567870	3118	2
pgs	20	Picture	22	602759	0	2	3154	3	0	3000
pgs	20	Response	1	606854	4095	1
pgs	21	Picture	22	635787	0	1	3154	2	0	3000
pgs	21	Response	1	639442	3655	1
pgs	22	Picture	22	670973	0	1	3153	2	0	3000
pgs	22	Response	1	674418	3445	1
pgs	23	Picture	22	706822	0	1	3154	2	0	3000
pgs	23	Response	1	710223	3401	1
pgs	24	Picture	22	746655	0	1	3153	3	0	3000
pgs	24	Response	1	750667	4012	1
pgs	25	Picture	22	776695	0	2	3154	3	0	3000
pgs	25	Response	1	781215	4520	1
pgs	26	Picture	22	805408	0	1	3154	2	0	3000
pgs	26	Response	1	809896	4488	1
pgs	27	Picture	33	838595	0	77	3161	78	0	3000
pgs	28	Picture	22	871796	0	1	3153	3	0	3000
pgs	28	Response	1	875709	3913	1
pgs	29	Picture	22	909637	0	1	3153	3	0	3000
pgs	29	Response	1	913875	4238	1
pgs	30	Picture	22	940176	0	1	3153	2	0	3000
pgs	30	Response	1	944599	4423	2
pgs	31	Picture	22	969718	0	1	3154	2	0	3000
pgs	31	Response	1	972137	2419	1
pgs	32	Picture	22	997933	0	1	3153	3	0	3000
pgs	32	Response	1	1002475	4542	1
pgs	33	Picture	22	1027807	0	2	3154	3	0	3000
pgs	33	Response	1	1031486	3679	1
pgs	34	Picture	22	1061001	0	2	3154	3	0	3000
pgs	34	Response	1	1064074	3073	2
pgs	35	Picture	33	1093863	0	2	3154	3	0	3000
pgs	35	Response	1	1097224	3361	1
pgs	36	Picture	22	1121912	0	2	3154	3	0	3000
pgs	36	Response	1	1129058	7146	1
pgs	37	Picture	22	1156268	0	1	3153	3	0	3000
pgs	37	Response	1	1159930	3662	1
pgs	38	Picture	22	1194939	0	1	3153	2	0	3000
pgs	38	Response	1	1198363	3424	2
pgs	39	Picture	22	1227469	0	1	3153	3	0	3000
pgs	39	Response	1	1232693	5224	2
pgs	40	Picture	22	1262654	0	2	3154	3	0	3000
pgs	40	Response	1	1265600	2946	1
pgs	41	Picture	33	1292695	0	1	3153	3	0	3000
pgs	41	Response	1	1295877	3182	1
pgs	42	Picture	22	1326553	0	1	3153	2	0	3000
pgs	42	Response	1	1331201	4648	2
pgs	43	Picture	22	1364228	0	1	3153	3	0	3000
pgs	43	Response	1	1367888	3660	1
pgs	44	Picture	22	1394932	0	2	3154	3	0	3000
pgs	44	Response	1	1398476	3544	1
pgs	45	Picture	22	1431778	0	1	3153	2	0	3000
pgs	45	Response	1	1435068	3290	1
pgs	46	Picture	22	1469453	0	1	3153	2	0	3000
pgs	46	Response	1	1473020	3567	1
pgs	47	Picture	33	1505966	0	1	3153	3	0	3000
pgs	48	Picture	22	1537168	0	2	3154	3	0	3000
pgs	48	Response	1	1540365	3197	1
pgs	49	Picture	22	1570860	0	1	3153	3	0	3000
pgs	49	Response	1	1575494	4634	2
pgs	50	Picture	22	1602560	0	2	3154	3	0	3000
pgs	50	Response	1	1605801	3241	1
pgs	51	Picture	33	1637580	0	1	3153	2	0	3000
pgs	52	Picture	22	1670774	0	1	3153	2	0	3000
pgs	52	Response	1	1675392	4618	1
pgs	53	Picture	22	1703138	0	1	3153	3	0	3000
pgs	53	Response	1	1706260	3122	2
pgs	54	Picture	22	1734672	0	1	3154	2	0	3000
pgs	54	Response	1	1744844	10172	2
pgs	55	Picture	33	1765874	0	2	3154	3	0	3000
pgs	55	Response	1	1769783	3909	2
pgs	56	Picture	22	1794753	0	1	3154	2	0	3000
pgs	56	Response	1	1801695	6942	1
pgs	57	Picture	33	1830603	0	1	3153	2	0	3000
pgs	57	Response	1	1833223	2620	2
pgs	58	Picture	22	1868610	0	1	3153	2	0	3000
pgs	58	Response	1	1873346	4736	2
pgs	59	Picture	22	1900144	0	1	3153	2	0	3000
pgs	59	Response	1	1904214	4070	1
pgs	60	Picture	22	1937155	0	1	3154	2	0	3000
pgs	60	Response	1	1941590	4435	1
pgs	60	Response	1	1945100	7945	1
pgs	61	Picture	22	1976490	0	1	3153	2	0	3000
pgs	61	Response	1	1979653	3163	1
pgs	62	Picture	22	2013003	0	2	3154	3	0	3000
pgs	62	Response	1	2018087	5084	1
pgs	63	Picture	33	2047691	0	1	3153	2	0	3000
pgs	64	Picture	22	2086528	0	1	3153	2	0	3000
pgs	64	Response	1	2089764	3236	2
pgs	65	Picture	22	2115573	0	1	3153	2	0	3000
pgs	65	Response	1	2119904	4331	2
pgs	66	Picture	22	2144617	0	1	3154	2	0	3000
pgs	66	Response	1	2147835	3218	1
pgs	67	Picture	33	2179471	0	1	3153	2	0	3000
pgs	68	Picture	22	2212167	0	1	3153	2	0	3000
pgs	68	Response	1	2215482	3315	1
pgs	69	Picture	22	2245693	0	1	3153	2	0	3000
pgs	69	Response	1	2249514	3821	1
pgs	70	Picture	22	2276895	0	1	3153	3	0	3000
pgs	70	Response	1	2280178	3283	1
pgs	71	Picture	22	2310255	0	1	3153	2	0	3000
pgs	72	Picture	22	2349092	0	1	3153	2	0	3000
pgs	73	Picture	33	2378966	0	2	3154	3	0	3000
pgs	74	Picture	22	2417637	0	1	3154	2	0	3000
pgs	74	Response	1	2420183	2546	1
pgs	75	Picture	33	2452657	0	1	3153	2	0	3000
pgs	76	Picture	22	2491494	0	1	3153	2	0	3000
pgs	76	Response	1	2494421	2927	1
pgs	77	Picture	22	2527841	0	1	3154	2	0	3000
pgs	77	Response	1	2531677	3836	1
pgs	78	Picture	22	2559873	0	1	3154	2	0	3000
pgs	78	Response	1	2566064	6191	1
pgs	79	Picture	33	2590910	0	1	3153	2	0	3000
pgs	80	Picture	22	2626759	0	1	3153	3	0	3000
pgs	80	Response	1	2630462	3703	2
pgs	81	Picture	22	2656634	0	1	3153	2	0	3000
pgs	81	Response	1	2660648	4014	1
pgs	82	Picture	22	2688334	0	1	3153	2	0	3000
pgs	82	Response	1	2691736	3402	2
pgs	83	Picture	22	2726839	0	1	3153	2	0	3000
pgs	83	Response	1	2730523	3684	1
pgs	84	Picture	22	2766505	0	2	3154	3	0	3000
pgs	84	Response	1	2770405	3900	1
pgs	85	Picture	33	2801857	0	1	3153	2	0	3000
pgs	86	Picture	22	2830736	0	1	3153	2	0	3000
pgs	86	Response	1	2834124	3388	2
pgs	87	Picture	22	2863100	0	1	3153	2	0	3000
pgs	88	Picture	22	2899613	0	1	3153	3	0	3000
pgs	88	Response	1	2903153	3540	1
pgs	89	Picture	22	2930483	0	2	3154	3	0	3000
pgs	89	Response	1	2933914	3431	2
pgs	90	Picture	22	2959362	0	1	3154	2	0	3000
pgs	90	Response	1	2964018	4656	1
pgs	91	Picture	33	2989237	0	1	3153	2	0	3000
pgs	92	Picture	22	3019941	0	1	3153	3	0	3000
pgs	92	Response	1	3023002	3061	2
pgs	93	Picture	22	3056288	0	2	3154	3	0	3000
pgs	93	Response	1	3059099	2811	1
pgs	94	Picture	22	3089648	0	2	3154	3	0	3000
pgs	94	Response	1	3094657	5009	1
pgs	95	Picture	33	3122012	0	2	3154	3	0	3000
pgs	96	Picture	22	3159190	0	1	3153	2	0	3000
pgs	96	Response	1	3162559	3369	1
pgs	97	Picture	22	3189728	0	1	3153	3	0	3000
pgs	97	Response	1	3193072	3344	2
pgs	98	Picture	22	3220598	0	2	3154	3	0	3000
pgs	98	Response	1	3224530	3932	1
pgs	99	Picture	33	3259103	0	2	3154	3	0	3000
pgs	100	Picture	22	3292297	0	2	3154	3	0	3000
pgs	100	Response	1	3295453	3156	2
pgs	101	Picture	22	3323500	0	1	3153	2	0	3000
pgs	101	Response	1	3325999	2499	1
pgs	102	Picture	22	3360345	0	1	3153	2	0	3000
pgs	102	Response	1	3363514	3169	1
pgs	103	Picture	33	3394369	0	1	3153	2	0	3000
pgs	103	Response	1	3428440	34071	1
pgs	104	Picture	22	3430052	0	1	3153	3	0	3000
pgs	105	Picture	22	3458765	0	1	3153	2	0	3000
pgs	105	Response	1	3459119	354	1
pgs	105	Response	1	3487079	28314	1
pgs	105	Response	1	3491598	32833	1
pgs	106	Picture	22	3492457	0	1	3153	2	0	3000
pgs	107	Picture	22	3522331	0	1	3154	2	0	3000
pgs	107	Response	1	3527300	4969	1
pgs	108	Picture	22	3558513	0	1	3153	2	0	3000
pgs	108	Response	1	3562011	3498	1
pgs	109	Picture	22	3593864	0	1	3152	5	0	3000
pgs	109	Response	1	3597283	3419	1
pgs	110	Picture	22	3625398	0	2	3154	3	0	3000
pgs	110	Response	1	3629984	4586	1
pgs	111	Picture	33	3659920	0	1	3153	3	0	3000
pgs	112	Picture	22	3690292	0	2	3154	3	0	3000
pgs	112	Response	1	3693715	3423	1
pgs	113	Picture	22	3722159	0	1	3153	2	0	3000
pgs	113	Response	1	3725684	3525	1
pgs	114	Picture	22	3751701	0	1	3154	2	0	3000
pgs	114	Response	1	3754379	2678	1
pgs	115	Picture	22	3788878	0	2	3154	3	0	3000
pgs	115	Response	1	3792081	3203	1
pgs	116	Picture	22	3819085	0	1	3153	2	0	3000
pgs	116	Response	1	3822810	3725	1
pgs	117	Picture	33	3853109	0	1	3153	2	0	3000
pgs	117	Response	1	3856229	3120	2
pgs	118	Picture	22	3890286	0	1	3153	3	0	3000
pgs	118	Response	1	3893455	3169	1
pgs	119	Picture	22	3920492	0	2	3154	3	0	3000
pgs	119	Response	1	3923117	2625	2
pgs	120	Picture	22	3949371	0	1	3154	2	0	3000
pgs	120	Response	1	3951925	2554	2
pgs	121	Picture	22	3982067	0	1	3154	2	0	3000
pgs	121	Response	1	3987233	5166	1
pgs	122	Picture	22	4017585	0	1	3153	2	0	3000
pgs	122	Response	1	4022385	4800	1
pgs	123	Picture	33	4049617	0	1	3153	2	0	3000
pgs	123	Response	1	4053669	4052	1
pgs	124	Picture	22	4089450	0	1	3153	2	0	3000
pgs	124	Response	1	4092809	3359	1
pgs	125	Picture	22	4129282	0	1	3154	2	0	3000
pgs	125	Response	1	4133029	3747	2
pgs	126	Picture	22	4166293	0	2	3154	3	0	3000
pgs	126	Response	1	4170198	3905	2
pgs	127	Picture	22	4199321	0	2	3154	3	0	3000
pgs	127	Response	1	4205056	5735	1
pgs	128	Picture	22	4238656	0	1	3154	2	0	3000
pgs	128	Response	1	4243654	4998	1
pgs	129	Picture	33	4272680	0	1	3153	3	0	3000
pgs	130	Picture	22	4310521	0	1	3153	3	0	3000
pgs	130	Response	1	4313188	2667	2
pgs	131	Picture	22	4346039	0	1	3153	2	0	3000
pgs	131	Response	1	4349052	3013	1
pgs	132	Picture	22	4375249	0	1	3154	2	0	3000
pgs	132	Response	1	4380634	5385	2
pgs	133	Picture	22	4409107	0	1	3153	3	0	3000
pgs	133	Response	1	4414135	5028	1
pgs	134	Picture	22	4441803	0	1	3153	3	0	3000
pgs	134	Response	1	4445537	3734	1
pgs	135	Picture	33	4478150	0	4	3154	5	0	3000
pgs	136	Picture	22	4517485	0	1	3154	2	0	3000
pgs	136	Response	1	4524547	7062	1
pgs	137	Picture	22	4556156	0	1	3154	2	0	3000
pgs	137	Response	1	4559139	2983	2
pgs	138	Picture	22	4587856	0	2	3154	3	0	3000
pgs	138	Response	1	4591581	3725	1
pgs	139	Picture	33	4627025	0	1	3154	2	0	3000
pgs	139	Response	1	4632287	5262	2
pgs	140	Picture	22	4656402	0	1	3153	2	0	3000
pgs	140	Response	1	4661406	5004	2
pgs	141	Picture	22	4688102	0	1	3153	3	0	3000
pgs	141	Response	1	4691323	3221	2
pgs	142	Picture	22	4721628	0	1	3153	2	0	3000
pgs	142	Response	1	4726535	4907	2
pgs	143	Picture	22	4756813	0	2	3154	3	0	3000
pgs	143	Response	1	4763230	6417	1
pgs	144	Picture	22	4796480	0	1	3154	2	0	3000
pgs	144	Response	1	4798839	2359	2
pgs	144	Response	1	4818292	21812	1
pgs	145	Picture	33	4831334	0	1	3153	2	0	3000
pgs	146	Picture	22	4862536	0	2	3154	3	0	3000
pgs	146	Response	1	4866323	3787	2
pgs	147	Picture	22	4891913	0	1	3153	2	0	3000
pgs	147	Response	1	4895101	3188	1
pgs	148	Picture	22	4924277	0	1	3153	2	0	3000
pgs	148	Response	1	4927865	3588	1
pgs	149	Picture	22	4963446	0	1	3153	2	0	3000
pgs	149	Response	1	4972229	8783	1
pgs	150	Picture	22	5000456	0	4	3154	5	0	3000
pgs	150	Response	1	5008979	8523	2
pgs	151	Picture	33	5035808	0	2	3154	3	0	3000
pgs	152	Response	1	5071843	4500	1
pgs	154	Picture	22	5082114	0	1	3153	3	0	3000
pgs	154	Response	1	5086536	4422	1
pgs	155	Picture	22	5112818	0	2	3154	3	0	3000
pgs	155	Response	1	5117720	4902	2
pgs	156	Picture	22	5150991	0	2	3154	3	0	3000
pgs	156	Response	1	5154820	3829	2
pgs	157	Picture	33	5186343	0	1	3153	5	0	3000
pgs	158	Picture	22	5226176	0	1	3153	2	0	3000
pgs	158	Response	1	5229997	3821	2
pgs	159	Picture	22	5261693	0	1	3154	2	0	3000
pgs	159	Response	1	5266071	4378	1
pgs	160	Picture	22	5299534	0	1	3154	2	0	3000
pgs	160	Response	1	5302584	3050	1
pgs	161	Picture	33	5336545	0	2	3154	3	0	3000
pgs	162	Picture	22	5365256	0	4	3156	5	0	3000
pgs	162	Response	1	5368840	3584	1
pgs	163	Picture	33	5397124	0	2	3154	3	0	3000
pgs	163	Response	1	5399319	2195	2
pgs	163	Response	1	5415330	18206	1
pgs	164	Picture	22	5433804	0	1	3153	2	0	3000
pgs	164	Response	1	5436273	2469	1
pgs	165	Picture	22	5469819	0	1	3153	3	0	3000
pgs	165	Response	1	5475664	5845	1
pgs	165	Response	1	5503025	33206	1
pgs	166	Picture	22	5509486	0	1	3153	2	0	3000
pgs	167	Picture	22	5544339	0	2	3154	3	0	3000
pgs	167	Response	1	5547946	3607	2
pgs	168	Picture	22	5573550	0	1	3154	2	0	3000
pgs	169	Picture	33	5606412	0	1	3153	3	0	3000
pgs	169	Response	1	5609940	3528	1
pgs	170	Picture	22	5635457	0	1	3153	2	0	3000
pgs	170	Response	1	5638632	3175	1
pgs	171	Picture	22	5664170	0	1	3153	2	0	3000
pgs	171	Response	1	5667581	3411	1
pgs	172	Picture	22	5695538	0	1	3153	2	0	3000
pgs	172	Response	1	5699986	4448	1
pgs	173	Picture	22	5733877	0	1	3153	2	0	3000
pgs	173	Response	1	5737295	3418	2
pgs	174	Picture	22	5769394	0	2	3154	3	0	3000
pgs	174	Response	1	5773861	4467	1
pgs	175	Picture	22	5800431	0	1	3153	2	0	3000
pgs	175	Response	1	5803496	3065	1
pgs	176	Picture	22	5835284	0	2	3154	3	0	3000
pgs	176	Response	1	5840035	4751	1
pgs	177	Picture	33	5868976	0	1	3153	3	0	3000
pgs	177	Response	1	5871908	2932	1
pgs	178	Picture	22	5904991	0	2	3154	3	0	3000
pgs	179	Picture	22	5936194	0	1	3153	2	0	3000
pgs	179	Response	1	5936829	635	1
pgs	180	Picture	22	5971545	0	2	3154	3	0	3000
pgs	180	Response	1	5976182	4637	2
pgs	181	Picture	33	6000424	0	1	3152	5	0	3000
pgs	182	Picture	22	6029303	0	1	3153	2	0	3000
pgs	182	Response	1	6033485	4182	2
pgs	183	Picture	33	6061335	0	1	3153	2	0	3000
pgs	183	Response	1	6065209	3874	2
pgs	184	Picture	22	6100836	0	1	3153	2	0	3000
pgs	184	Response	1	6104284	3448	2
pgs	185	Picture	22	6139507	0	1	3153	2	0	3000
pgs	185	Response	1	6143010	3503	2
pgs	186	Picture	22	6176352	0	1	3153	2	0	3000
pgs	186	Response	1	6179458	3106	1
pgs	187	Picture	22	6210376	0	1	3153	2	0	3000
pgs	187	Response	1	6215138	4762	1
pgs	188	Picture	22	6246557	0	1	3153	3	0	3000
pgs	188	Response	1	6250579	4022	1
pgs	188	Response	1	6286206	39649	1
pgs	189	Picture	22	6286390	0	1	3153	2	0	3000
pgs	190	Picture	22	6314439	0	1	3153	2	0	3000
pgs	190	Response	1	6319556	5117	2
pgs	191	Picture	33	6347467	0	1	3153	2	0	3000
pgs	192	Picture	22	6384146	0	1	3153	2	0	3000
pgs	192	Response	1	6386459	2313	2
pgs	193	Picture	22	6418668	0	1	3153	2	0	3000
pgs	193	Response	1	6425712	7044	2
pgs	194	Picture	22	6446882	0	2	3154	3	0	3000
pgs	194	Response	1	6452124	5242	1
pgs	195	Picture	33	6486549	0	1	3154	2	0	3000
pgs	196	Picture	22	6523726	0	2	3154	3	0	3000
pgs	196	Response	1	6527088	3362	1
pgs	196	Response	1	6558197	34471	2
pgs	197	Picture	22	6563061	0	1	3154	2	0	3000
pgs	197	Response	1	6597135	34074	1
pgs	198	Picture	22	6597583	0	1	3153	2	0	3000
pgs	199	Picture	22	6628118	0	5	3157	6	0	3000
pgs	199	Response	1	6632926	4808	1
pgs	200	Picture	22	6663141	0	1	3153	2	0	3000
pgs	200	Response	1	6666481	3340	2
pgs	201	Picture	33	6702642	0	1	3153	2	0	3000
pgs	202	Picture	22	6735338	0	1	3153	2	0	3000
pgs	202	Response	1	6739234	3896	1
pgs	203	Picture	22	6763884	0	2	3154	3	0	3000
pgs	203	Response	1	6769568	5684	1
pgs	204	Picture	22	6794257	0	1	3153	2	0	3000
pgs	204	Response	1	6798605	4348	1
pgs	205	Picture	22	6827949	0	1	3153	2	0	3000
pgs	206	Picture	22	6860146	0	2	3154	3	0	3000
pgs	206	Response	1	6865364	5218	2
pgs	207	Picture	33	6897158	0	1	3153	3	0	3000
pgs	207	Response	1	6910088	12930	2
pgs	207	Response	1	6928037	30879	1
pgs	208	Picture	22	6929854	0	1	3154	2	0	3000
pgs	209	Picture	33	6963048	0	1	3153	3	0	3000
pgs	209	Response	1	6966020	2972	1
pgs	210	Picture	22	6996408	0	1	3153	2	0	3000
pgs	210	Response	1	7000198	3790	1
pgs	211	Picture	22	7034747	0	1	3153	2	0	3000
pgs	211	Response	1	7040463	5716	2
pgs	212	Picture	22	7065119	0	2	3154	3	0	3000
pgs	212	Response	1	7068646	3527	1
pgs	213	Picture	22	7098147	0	2	3154	3	0	3000
pgs	213	Response	1	7101531	3384	1
pgs	214	Picture	22	7136320	0	2	3154	3	0	3000
pgs	214	Response	1	7139719	3399	1
pgs	215	Picture	22	7176319	0	1	3153	3	0	3000
pgs	215	Response	1	7181210	4891	1
pgs	216	Picture	22	7208019	0	1	3154	2	0	3000
pgs	216	Response	1	7212663	4644	1
pgs	217	Picture	33	7242541	0	1	3153	2	0	3000
pgs	218	Picture	22	7274573	0	1	3153	3	0	3000
pgs	218	Response	1	7279586	5013	1
pgs	219	Picture	22	7312082	0	1	3154	2	0	3000
pgs	219	Response	1	7314967	2885	2
pgs	220	Picture	22	7343450	0	2	3154	3	0	3000
pgs	220	Response	1	7347073	3623	1
pgs	221	Picture	22	7374155	0	1	3153	2	0	3000
pgs	221	Response	1	7377348	3193	1
pgs	222	Picture	22	7404195	0	2	3154	3	0	3000
pgs	222	Response	1	7406314	2119	2
pgs	223	Picture	22	7443696	0	1	3154	2	0	3000
pgs	223	Response	1	7447986	4290	1
pgs	224	Picture	22	7479877	0	2	3154	3	0	3000
pgs	224	Response	1	7514266	34389	1
pgs	225	Picture	33	7517553	0	1	3153	2	0	3000
pgs	226	Picture	22	7553568	0	1	3153	3	0	3000
pgs	226	Response	1	7557732	4164	1
pgs	227	Picture	22	7593069	0	1	3153	2	0	3000
pgs	227	Response	1	7596899	3830	2
pgs	228	Picture	22	7631242	0	1	3153	2	0	3000
pgs	228	Response	1	7634826	3584	1
pgs	229	Picture	22	7670079	0	1	3153	2	0	3000
pgs	229	Response	1	7675305	5226	1
pgs	230	Picture	22	7705928	0	1	3154	2	0	3000
pgs	230	Response	1	7709389	3461	1
pgs	231	Picture	22	7736301	0	1	3153	2	0	3000
pgs	231	Response	1	7740730	4429	1
pgs	232	Picture	22	7764681	0	2	3154	3	0	3000
pgs	232	Response	1	7769351	4670	1
pgs	233	Picture	33	7798207	0	1	3154	2	0	3000
pgs	234	Picture	22	7829907	0	2	3154	3	0	3000
pgs	234	Response	1	7833118	3211	2
pgs	235	Picture	22	7858952	0	1	3154	2	0	3000
pgs	235	Response	1	7861857	2905	1
pgs	236	Picture	22	7887997	0	1	3153	2	0	3000
pgs	236	Response	1	7891163	3166	2
pgs	237	Picture	33	7924344	0	1	3154	2	0	3000
pgs	237	Response	1	7927348	3004	2
pgs	238	Picture	22	7957704	0	1	3153	4	0	3000
pgs	238	Response	1	7961696	3992	1
pgs	239	Picture	22	7995711	0	1	3154	2	0	3000
pgs	239	Response	1	8000980	5269	1
pgs	240	Picture	22	8034548	0	1	3153	3	0	3000
pgs	240	Response	1	8041154	6606	2
pgs	241	Picture	33	8067078	0	1	3154	2	0	3000
pgs	241	Response	1	8070520	3442	2
pgs	242	Picture	22	8101268	0	1	3153	2	0	3000
pgs	242	Response	1	8106533	5265	1
pgs	243	Picture	22	8132304	0	1	3154	2	0	3000
pgs	243	Response	1	8137517	5213	2
pgs	244	Picture	22	8163838	0	2	3154	3	0	3000
pgs	244	Response	1	8164135	297	2
pgs	245	Picture	22	8199522	0	1	3153	2	0	3000
pgs	246	Picture	22	8237861	0	1	3153	2	0	3000
pgs	246	Response	1	8241296	3435	1
pgs	247	Picture	33	8275204	0	1	3153	3	0	3000
pgs	248	Picture	22	8307568	0	1	3154	2	0	3000
pgs	249	Picture	22	8340098	0	1	3154	2	0	3000
pgs	249	Response	1	8346680	6582	2
pgs	250	Picture	22	8373458	0	1	3153	3	0	3000
pgs	250	Response	1	8376012	2554	1
pgs	251	Picture	22	8407814	0	1	3153	2	0	3000
pgs	251	Response	1	8410570	2756	1
pgs	251	Response	1	8420820	13006	1
pgs	252	Picture	22	8447812	0	2	3154	3	0	3000
pgs	252	Response	1	8450195	2383	1
pgs	253	Picture	33	8485488	0	1	3153	2	0	3000
pgs	253	Response	1	8490162	4674	1
pgs	253	Response	1	8497196	11708	1
pgs	253	Response	1	8505651	20163	1
pgs	254	Picture	22	8524656	0	2	3154	3	0	3000
pgs	255	Picture	22	8558846	0	1	3154	2	0	3000
pgs	255	Response	1	8564929	6083	1
pgs	256	Picture	22	8590546	0	2	3154	3	0	3000
pgs	256	Response	1	8593673	3127	2
pgs	257	Picture	22	8624736	0	1	3154	2	0	3000
pgs	257	Response	1	8629093	4357	1
pgs	258	Picture	22	8656436	0	2	3154	3	0	3000
pgs	258	Response	1	8659577	3141	1
pgs	259	Picture	33	8689298	0	2	3154	3	0	3000
pgs	260	Picture	22	8723488	0	1	3153	3	0	3000
pgs	260	Response	1	8753171	29683	1
pgs	261	Picture	22	8759006	0	1	3153	2	0	3000
pgs	261	Response	1	8791274	32268	2
pgs	262	Picture	22	8792697	0	2	3154	3	0	3000
pgs	263	Picture	33	8824232	0	1	3153	2	0	3000
pgs	264	Picture	22	8852778	0	2	3154	3	0	3000
pgs	264	Response	1	8859414	6636	1
pgs	265	Picture	22	8885308	0	2	3154	3	0	3000
pgs	265	Response	1	8890019	4711	1
pgs	266	Picture	22	8925141	0	1	3154	2	0	3000
pgs	266	Response	1	8929597	4456	2
pgs	267	Picture	22	8962982	0	2	3154	3	0	3000
pgs	267	Response	1	8970234	7252	1
pgs	268	Picture	22	8991861	0	1	3153	3	0	3000
pgs	268	Response	1	8995105	3244	1
pgs	269	Picture	33	9022565	0	2	3154	3	0	3000
pgs	269	Response	1	9025290	2725	1
pgs	270	Picture	22	9052772	0	1	3153	2	0	3000
pgs	270	Response	1	9055652	2880	1
pgs	271	Picture	22	9082646	0	2	3154	3	0	3000
pgs	271	Response	1	9085748	3102	1
pgs	272	Picture	22	9116670	0	1	3154	2	0	3000
pgs	272	Response	1	9119565	2895	2
pgs	273	Picture	22	9154677	0	2	3154	3	0	3000
pgs	273	Response	1	9158677	4000	1
pgs	274	Picture	22	9187871	0	1	3153	3	0	3000
pgs	274	Response	1	9192616	4745	2
pgs	275	Picture	22	9220567	0	1	3154	2	0	3000
pgs	275	Response	1	9225052	4485	1
pgs	276	Picture	22	9259404	0	1	3153	3	0	3000
pgs	276	Response	1	9262592	3188	1
pgs	277	Picture	33	9297909	0	1	3153	3	0	3000
pgs	278	Picture	22	9337742	0	1	3153	2	0	3000
pgs	278	Response	1	9341768	4026	1
pgs	279	Picture	22	9373591	0	1	3154	2	0	3000
pgs	279	Response	1	9378065	4474	2
pgs	280	Picture	22	9412096	0	1	3153	3	0	3000
pgs	280	Response	1	9417554	5458	2
pgs	281	Picture	22	9448112	0	1	3153	2	0	3000
pgs	281	Response	1	9451759	3647	2
pgs	282	Picture	22	9476492	0	2	3154	3	0	3000
pgs	282	Response	1	9479821	3329	1
pgs	283	Picture	22	9512176	0	1	3153	2	0	3000
pgs	283	Response	1	9515500	3324	1
pgs	284	Picture	22	9545702	0	1	3153	2	0	3000
pgs	284	Response	1	9548873	3171	1
pgs	285	Picture	33	9576572	0	1	3153	3	0	3000
pgs	285	Response	1	9580063	3491	1
pgs	286	Picture	22	9609932	0	1	3153	3	0	3000
pgs	286	Response	1	9613969	4037	1
pgs	287	Picture	22	9646777	0	4	3154	5	0	3000
pgs	287	Response	1	9650649	3872	1
pgs	288	Picture	22	9682461	0	1	3153	2	0	3000
pgs	288	Response	1	9686382	3921	1
pgs	289	Picture	33	9710841	0	2	3154	3	0	3000
pgs	290	Picture	22	9741546	0	1	3153	2	0	3000
pgs	290	Response	1	9744300	2754	1
pgs	290	Response	1	9769343	27797	3
pgs	291	Picture	22	9774740	0	1	3153	2	0	3000
pgs	292	Picture	22	9814738	0	2	3154	3	0	3000
pgs	292	Response	1	9817357	2619	1
pgs	293	Picture	22	9842953	0	2	3154	3	0	3000
pgs	293	Response	1	9847511	4558	1
pgs	294	Picture	22	9876645	0	1	3154	2	0	3000
pgs	294	Response	1	9880090	3445	1
pgs	295	Picture	22	9908677	0	2	3154	3	0	3000
pgs	295	Response	1	9911810	3133	2
pgs	296	Picture	22	9947348	0	2	3154	3	0	3000
pgs	296	Response	1	9950148	2800	1
pgs	297	Picture	33	9984857	0	2	3154	3	0	3000
pgs	297	Response	1	9987892	3035	2
pgs	297	Response	1	9995870	11013	2
pgs	297	Response	1	10003133	18276	1
pgs	298	Picture	22	10018549	0	2	3154	3	0	3000
pgs	298	Response	1	10022990	4441	2
pgs	299	Picture	22	10057884	0	1	3153	3	0	3000
pgs	299	Response	1	10061180	3296	1
pgs	300	Picture	22	10086763	0	1	3153	2	0	3000
pgs	300	Response	1	10116675	29912	1
pgs	301	Picture	22	10121782	0	2	3154	3	0	3000
pgs	302	Picture	22	10156636	0	1	3153	2	0	3000
pgs	302	Response	1	10160573	3937	1
pgs	303	Picture	33	10187506	0	2	3154	3	0	3000


Event Type	Code	Type	Response	RT	RT Uncertainty	Time	Uncertainty	Duration	Uncertainty	ReqTime	ReqDur

Picture	22	hit	1	6418	3	289	2	3154	3	0	3000
Picture	22	hit	1	4202	3	34147	2	3154	3	0	3000
Picture	22	hit	1	3245	2	63358	1	3153	2	0	3000
Picture	33	miss				95722	1	3153	3	0	3000
Picture	22	hit	1	5147	5	127256	4	3154	5	0	3000
Picture	22	hit	1	2537	2	165595	1	3154	2	0	3000
Picture	22	hit	1	4658	2	194972	1	3153	2	0	3000
Picture	22	hit	1	4436	2	226838	1	3153	3	0	3000
Picture	22	hit	1	3914	2	256049	1	3153	2	0	3000
Picture	33	hit	1	2540	2	294056	1	3153	2	0	3000
Picture	22	hit	1	3274	3	328743	2	3153	6	0	3000
Picture	22	hit	1	3688	3	362933	1	3153	3	0	3000
Picture	22	miss				398948	2	3154	3	0	3000
Picture	33	miss				436126	1	3153	2	0	3000
Picture	22	hit	1	4011	3	470481	2	3154	3	0	3000
Picture	22	hit	1	4768	3	503343	2	3154	3	0	3000
Picture	22	hit	1	2896	2	535376	1	3153	2	0	3000
Picture	33	hit	1	3118	3	564752	1	3154	2	0	3000
Picture	22	hit	1	4095	3	602759	2	3154	3	0	3000
Picture	22	hit	1	3655	2	635787	1	3154	2	0	3000
Picture	22	hit	1	3445	2	670973	1	3153	2	0	3000
Picture	22	hit	1	3401	2	706822	1	3154	2	0	3000
Picture	22	hit	1	4012	2	746655	1	3153	3	0	3000
Picture	22	hit	1	4520	3	776695	2	3154	3	0	3000
Picture	22	hit	1	4488	2	805408	1	3154	2	0	3000
Picture	33	miss				838595	77	3161	78	0	3000
Picture	22	hit	1	3913	2	871796	1	3153	3	0	3000
Picture	22	hit	1	4238	2	909637	1	3153	3	0	3000
Picture	22	hit	1	4423	3	940176	1	3153	2	0	3000
Picture	22	hit	1	2419	2	969718	1	3154	2	0	3000
Picture	22	hit	1	4542	2	997933	1	3153	3	0	3000
Picture	22	hit	1	3679	3	1027807	2	3154	3	0	3000
Picture	22	hit	1	3073	4	1061001	2	3154	3	0	3000
Picture	33	hit	1	3361	3	1093863	2	3154	3	0	3000
Picture	22	hit	1	7146	3	1121912	2	3154	3	0	3000
Picture	22	hit	1	3662	2	1156268	1	3153	3	0	3000
Picture	22	hit	1	3424	3	1194939	1	3153	2	0	3000
Picture	22	hit	1	5224	3	1227469	1	3153	3	0	3000
Picture	22	hit	1	2946	3	1262654	2	3154	3	0	3000
Picture	33	hit	1	3182	2	1292695	1	3153	3	0	3000
Picture	22	hit	1	4648	3	1326553	1	3153	2	0	3000
Picture	22	hit	1	3660	2	1364228	1	3153	3	0	3000
Picture	22	hit	1	3544	3	1394932	2	3154	3	0	3000
Picture	22	hit	1	3290	2	1431778	1	3153	2	0	3000
Picture	22	hit	1	3567	2	1469453	1	3153	2	0	3000
Picture	33	miss				1505966	1	3153	3	0	3000
Picture	22	hit	1	3197	3	1537168	2	3154	3	0	3000
Picture	22	hit	1	4634	3	1570860	1	3153	3	0	3000
Picture	22	hit	1	3241	3	1602560	2	3154	3	0	3000
Picture	33	miss				1637580	1	3153	2	0	3000
Picture	22	hit	1	4618	2	1670774	1	3153	2	0	3000
Picture	22	hit	1	3122	3	1703138	1	3153	3	0	3000
Picture	22	hit	1	10172	3	1734672	1	3154	2	0	3000
Picture	33	hit	1	3909	4	1765874	2	3154	3	0	3000
Picture	22	hit	1	6942	2	1794753	1	3154	2	0	3000
Picture	33	hit	1	2620	3	1830603	1	3153	2	0	3000
Picture	22	hit	1	4736	3	1868610	1	3153	2	0	3000
Picture	22	hit	1	4070	2	1900144	1	3153	2	0	3000
Picture	22	hit	1	4435	2	1937155	1	3154	2	0	3000
Picture	22	hit	1	3163	2	1976490	1	3153	2	0	3000
Picture	22	hit	1	5084	3	2013003	2	3154	3	0	3000
Picture	33	miss				2047691	1	3153	2	0	3000
Picture	22	hit	1	3236	3	2086528	1	3153	2	0	3000
Picture	22	hit	1	4331	3	2115573	1	3153	2	0	3000
Picture	22	hit	1	3218	2	2144617	1	3154	2	0	3000
Picture	33	miss				2179471	1	3153	2	0	3000
Picture	22	hit	1	3315	2	2212167	1	3153	2	0	3000
Picture	22	hit	1	3821	2	2245693	1	3153	2	0	3000
Picture	22	hit	1	3283	2	2276895	1	3153	3	0	3000
Picture	22	miss				2310255	1	3153	2	0	3000
Picture	22	miss				2349092	1	3153	2	0	3000
Picture	33	miss				2378966	2	3154	3	0	3000
Picture	22	hit	1	2546	2	2417637	1	3154	2	0	3000
Picture	33	miss				2452657	1	3153	2	0	3000
Picture	22	hit	1	2927	2	2491494	1	3153	2	0	3000
Picture	22	hit	1	3836	2	2527841	1	3154	2	0	3000
Picture	22	hit	1	6191	2	2559873	1	3154	2	0	3000
Picture	33	miss				2590910	1	3153	2	0	3000
Picture	22	hit	1	3703	3	2626759	1	3153	3	0	3000
Picture	22	hit	1	4014	2	2656634	1	3153	2	0	3000
Picture	22	hit	1	3402	3	2688334	1	3153	2	0	3000
Picture	22	hit	1	3684	2	2726839	1	3153	2	0	3000
Picture	22	hit	1	3900	3	2766505	2	3154	3	0	3000
Picture	33	miss				2801857	1	3153	2	0	3000
Picture	22	hit	1	3388	3	2830736	1	3153	2	0	3000
Picture	22	miss				2863100	1	3153	2	0	3000
Picture	22	hit	1	3540	2	2899613	1	3153	3	0	3000
Picture	22	hit	1	3431	4	2930483	2	3154	3	0	3000
Picture	22	hit	1	4656	2	2959362	1	3154	2	0	3000
Picture	33	miss				2989237	1	3153	2	0	3000
Picture	22	hit	1	3061	3	3019941	1	3153	3	0	3000
Picture	22	hit	1	2811	3	3056288	2	3154	3	0	3000
Picture	22	hit	1	5009	3	3089648	2	3154	3	0	3000
Picture	33	miss				3122012	2	3154	3	0	3000
Picture	22	hit	1	3369	2	3159190	1	3153	2	0	3000
Picture	22	hit	1	3344	3	3189728	1	3153	3	0	3000
Picture	22	hit	1	3932	3	3220598	2	3154	3	0	3000
Picture	33	miss				3259103	2	3154	3	0	3000
Picture	22	hit	1	3156	4	3292297	2	3154	3	0	3000
Picture	22	hit	1	2499	2	3323500	1	3153	2	0	3000
Picture	22	hit	1	3169	2	3360345	1	3153	2	0	3000
Picture	33	hit	1	34071	2	3394369	1	3153	2	0	3000
Picture	22	miss				3430052	1	3153	3	0	3000
Picture	22	hit	1	354	2	3458765	1	3153	2	0	3000
Picture	22	miss				3492457	1	3153	2	0	3000
Picture	22	hit	1	4969	2	3522331	1	3154	2	0	3000
Picture	22	hit	1	3498	2	3558513	1	3153	2	0	3000
Picture	22	hit	1	3419	2	3593864	1	3152	5	0	3000
Picture	22	hit	1	4586	3	3625398	2	3154	3	0	3000
Picture	33	miss				3659920	1	3153	3	0	3000
Picture	22	hit	1	3423	3	3690292	2	3154	3	0	3000
Picture	22	hit	1	3525	2	3722159	1	3153	2	0	3000
Picture	22	hit	1	2678	2	3751701	1	3154	2	0	3000
Picture	22	hit	1	3203	3	3788878	2	3154	3	0	3000
Picture	22	hit	1	3725	2	3819085	1	3153	2	0	3000
Picture	33	hit	1	3120	3	3853109	1	3153	2	0	3000
Picture	22	hit	1	3169	2	3890286	1	3153	3	0	3000
Picture	22	hit	1	2625	4	3920492	2	3154	3	0	3000
Picture	22	hit	1	2554	3	3949371	1	3154	2	0	3000
Picture	22	hit	1	5166	2	3982067	1	3154	2	0	3000
Picture	22	hit	1	4800	2	4017585	1	3153	2	0	3000
Picture	33	hit	1	4052	2	4049617	1	3153	2	0	3000
Picture	22	hit	1	3359	2	4089450	1	3153	2	0	3000
Picture	22	hit	1	3747	3	4129282	1	3154	2	0	3000
Picture	22	hit	1	3905	4	4166293	2	3154	3	0	3000
Picture	22	hit	1	5735	3	4199321	2	3154	3	0	3000
Picture	22	hit	1	4998	2	4238656	1	3154	2	0	3000
Picture	33	miss				4272680	1	3153	3	0	3000
Picture	22	hit	1	2667	3	4310521	1	3153	3	0	3000
Picture	22	hit	1	3013	2	4346039	1	3153	2	0	3000
Picture	22	hit	1	5385	3	4375249	1	3154	2	0	3000
Picture	22	hit	1	5028	2	4409107	1	3153	3	0	3000
Picture	22	hit	1	3734	2	4441803	1	3153	3	0	3000
Picture	33	miss				4478150	4	3154	5	0	3000
Picture	22	hit	1	7062	2	4517485	1	3154	2	0	3000
Picture	22	hit	1	2983	3	4556156	1	3154	2	0	3000
Picture	22	hit	1	3725	3	4587856	2	3154	3	0	3000
Picture	33	hit	1	5262	3	4627025	1	3154	2	0	3000
Picture	22	hit	1	5004	3	4656402	1	3153	2	0	3000
Picture	22	hit	1	3221	3	4688102	1	3153	3	0	3000
Picture	22	hit	1	4907	3	4721628	1	3153	2	0	3000
Picture	22	hit	1	6417	3	4756813	2	3154	3	0	3000
Picture	22	hit	1	2359	3	4796480	1	3154	2	0	3000
Picture	33	miss				4831334	1	3153	2	0	3000
Picture	22	hit	1	3787	4	4862536	2	3154	3	0	3000
Picture	22	hit	1	3188	2	4891913	1	3153	2	0	3000
Picture	22	hit	1	3588	2	4924277	1	3153	2	0	3000
Picture	22	hit	1	8783	2	4963446	1	3153	2	0	3000
Picture	22	hit	1	8523	6	5000456	4	3154	5	0	3000
Picture	33	miss				5035808	2	3154	3	0	3000
Picture	22	hit	1	4422	2	5082114	1	3153	3	0	3000
Picture	22	hit	1	4902	4	5112818	2	3154	3	0	3000
Picture	22	hit	1	3829	4	5150991	2	3154	3	0	3000
Picture	33	miss				5186343	1	3153	5	0	3000
Picture	22	hit	1	3821	3	5226176	1	3153	2	0	3000
Picture	22	hit	1	4378	2	5261693	1	3154	2	0	3000
Picture	22	hit	1	3050	2	5299534	1	3154	2	0	3000
Picture	33	miss				5336545	2	3154	3	0	3000
Picture	22	hit	1	3584	5	5365256	4	3156	5	0	3000
Picture	33	hit	1	2195	4	5397124	2	3154	3	0	3000
Picture	22	hit	1	2469	2	5433804	1	3153	2	0	3000
Picture	22	hit	1	5845	2	5469819	1	3153	3	0	3000
Picture	22	miss				5509486	1	3153	2	0	3000
Picture	22	hit	1	3607	4	5544339	2	3154	3	0	3000
Picture	22	miss				5573550	1	3154	2	0	3000
Picture	33	hit	1	3528	2	5606412	1	3153	3	0	3000
Picture	22	hit	1	3175	2	5635457	1	3153	2	0	3000
Picture	22	hit	1	3411	2	5664170	1	3153	2	0	3000
Picture	22	hit	1	4448	2	5695538	1	3153	2	0	3000
Picture	22	hit	1	3418	3	5733877	1	3153	2	0	3000
Picture	22	hit	1	4467	3	5769394	2	3154	3	0	3000
Picture	22	hit	1	3065	2	5800431	1	3153	2	0	3000
Picture	22	hit	1	4751	3	5835284	2	3154	3	0	3000
Picture	33	hit	1	2932	2	5868976	1	3153	3	0	3000
Picture	22	miss				5904991	2	3154	3	0	3000
Picture	22	hit	1	635	2	5936194	1	3153	2	0	3000
Picture	22	hit	1	4637	4	5971545	2	3154	3	0	3000
Picture	33	miss				6000424	1	3152	5	0	3000
Picture	22	hit	1	4182	3	6029303	1	3153	2	0	3000
Picture	33	hit	1	3874	3	6061335	1	3153	2	0	3000
Picture	22	hit	1	3448	3	6100836	1	3153	2	0	3000
Picture	22	hit	1	3503	3	6139507	1	3153	2	0	3000
Picture	22	hit	1	3106	2	6176352	1	3153	2	0	3000
Picture	22	hit	1	4762	2	6210376	1	3153	2	0	3000
Picture	22	hit	1	4022	2	6246557	1	3153	3	0	3000
Picture	22	miss				6286390	1	3153	2	0	3000
Picture	22	hit	1	5117	3	6314439	1	3153	2	0	3000
Picture	33	miss				6347467	1	3153	2	0	3000
Picture	22	hit	1	2313	3	6384146	1	3153	2	0	3000
Picture	22	hit	1	7044	3	6418668	1	3153	2	0	3000
Picture	22	hit	1	5242	3	6446882	2	3154	3	0	3000
Picture	33	miss				6486549	1	3154	2	0	3000
Picture	22	hit	1	3362	3	6523726	2	3154	3	0	3000
Picture	22	hit	1	34074	2	6563061	1	3154	2	0	3000
Picture	22	miss				6597583	1	3153	2	0	3000
Picture	22	hit	1	4808	6	6628118	5	3157	6	0	3000
Picture	22	hit	1	3340	3	6663141	1	3153	2	0	3000
Picture	33	miss				6702642	1	3153	2	0	3000
Picture	22	hit	1	3896	2	6735338	1	3153	2	0	3000
Picture	22	hit	1	5684	3	6763884	2	3154	3	0	3000
Picture	22	hit	1	4348	2	6794257	1	3153	2	0	3000
Picture	22	miss				6827949	1	3153	2	0	3000
Picture	22	hit	1	5218	4	6860146	2	3154	3	0	3000
Picture	33	hit	1	12930	3	6897158	1	3153	3	0	3000
Picture	22	miss				6929854	1	3154	2	0	3000
Picture	33	hit	1	2972	2	6963048	1	3153	3	0	3000
Picture	22	hit	1	3790	2	6996408	1	3153	2	0	3000
Picture	22	hit	1	5716	3	7034747	1	3153	2	0	3000
Picture	22	hit	1	3527	3	7065119	2	3154	3	0	3000
Picture	22	hit	1	3384	3	7098147	2	3154	3	0	3000
Picture	22	hit	1	3399	3	7136320	2	3154	3	0	3000
Picture	22	hit	1	4891	2	7176319	1	3153	3	0	3000
Picture	22	hit	1	4644	2	7208019	1	3154	2	0	3000
Picture	33	miss				7242541	1	3153	2	0	3000
Picture	22	hit	1	5013	2	7274573	1	3153	3	0	3000
Picture	22	hit	1	2885	3	7312082	1	3154	2	0	3000
Picture	22	hit	1	3623	3	7343450	2	3154	3	0	3000
Picture	22	hit	1	3193	2	7374155	1	3153	2	0	3000
Picture	22	hit	1	2119	4	7404195	2	3154	3	0	3000
Picture	22	hit	1	4290	2	7443696	1	3154	2	0	3000
Picture	22	hit	1	34389	3	7479877	2	3154	3	0	3000
Picture	33	miss				7517553	1	3153	2	0	3000
Picture	22	hit	1	4164	2	7553568	1	3153	3	0	3000
Picture	22	hit	1	3830	3	7593069	1	3153	2	0	3000
Picture	22	hit	1	3584	2	7631242	1	3153	2	0	3000
Picture	22	hit	1	5226	2	7670079	1	3153	2	0	3000
Picture	22	hit	1	3461	2	7705928	1	3154	2	0	3000
Picture	22	hit	1	4429	2	7736301	1	3153	2	0	3000
Picture	22	hit	1	4670	3	7764681	2	3154	3	0	3000
Picture	33	miss				7798207	1	3154	2	0	3000
Picture	22	hit	1	3211	4	7829907	2	3154	3	0	3000
Picture	22	hit	1	2905	2	7858952	1	3154	2	0	3000
Picture	22	hit	1	3166	3	7887997	1	3153	2	0	3000
Picture	33	hit	1	3004	3	7924344	1	3154	2	0	3000
Picture	22	hit	1	3992	2	7957704	1	3153	4	0	3000
Picture	22	hit	1	5269	2	7995711	1	3154	2	0	3000
Picture	22	hit	1	6606	3	8034548	1	3153	3	0	3000
Picture	33	hit	1	3442	3	8067078	1	3154	2	0	3000
Picture	22	hit	1	5265	2	8101268	1	3153	2	0	3000
Picture	22	hit	1	5213	3	8132304	1	3154	2	0	3000
Picture	22	hit	1	297	4	8163838	2	3154	3	0	3000
Picture	22	miss				8199522	1	3153	2	0	3000
Picture	22	hit	1	3435	2	8237861	1	3153	2	0	3000
Picture	33	miss				8275204	1	3153	3	0	3000
Picture	22	miss				8307568	1	3154	2	0	3000
Picture	22	hit	1	6582	3	8340098	1	3154	2	0	3000
Picture	22	hit	1	2554	2	8373458	1	3153	3	0	3000
Picture	22	hit	1	2756	2	8407814	1	3153	2	0	3000
Picture	22	hit	1	2383	3	8447812	2	3154	3	0	3000
Picture	33	hit	1	4674	2	8485488	1	3153	2	0	3000
Picture	22	miss				8524656	2	3154	3	0	3000
Picture	22	hit	1	6083	2	8558846	1	3154	2	0	3000
Picture	22	hit	1	3127	4	8590546	2	3154	3	0	3000
Picture	22	hit	1	4357	2	8624736	1	3154	2	0	3000
Picture	22	hit	1	3141	3	8656436	2	3154	3	0	3000
Picture	33	miss				8689298	2	3154	3	0	3000
Picture	22	hit	1	29683	2	8723488	1	3153	3	0	3000
Picture	22	hit	1	32268	3	8759006	1	3153	2	0	3000
Picture	22	miss				8792697	2	3154	3	0	3000
Picture	33	miss				8824232	1	3153	2	0	3000
Picture	22	hit	1	6636	3	8852778	2	3154	3	0	3000
Picture	22	hit	1	4711	3	8885308	2	3154	3	0	3000
Picture	22	hit	1	4456	3	8925141	1	3154	2	0	3000
Picture	22	hit	1	7252	3	8962982	2	3154	3	0	3000
Picture	22	hit	1	3244	2	8991861	1	3153	3	0	3000
Picture	33	hit	1	2725	3	9022565	2	3154	3	0	3000
Picture	22	hit	1	2880	2	9052772	1	3153	2	0	3000
Picture	22	hit	1	3102	3	9082646	2	3154	3	0	3000
Picture	22	hit	1	2895	3	9116670	1	3154	2	0	3000
Picture	22	hit	1	4000	3	9154677	2	3154	3	0	3000
Picture	22	hit	1	4745	3	9187871	1	3153	3	0	3000
Picture	22	hit	1	4485	2	9220567	1	3154	2	0	3000
Picture	22	hit	1	3188	2	9259404	1	3153	3	0	3000
Picture	33	miss				9297909	1	3153	3	0	3000
Picture	22	hit	1	4026	2	9337742	1	3153	2	0	3000
Picture	22	hit	1	4474	3	9373591	1	3154	2	0	3000
Picture	22	hit	1	5458	3	9412096	1	3153	3	0	3000
Picture	22	hit	1	3647	3	9448112	1	3153	2	0	3000
Picture	22	hit	1	3329	3	9476492	2	3154	3	0	3000
Picture	22	hit	1	3324	2	9512176	1	3153	2	0	3000
Picture	22	hit	1	3171	2	9545702	1	3153	2	0	3000
Picture	33	hit	1	3491	2	9576572	1	3153	3	0	3000
Picture	22	hit	1	4037	2	9609932	1	3153	3	0	3000
Picture	22	hit	1	3872	5	9646777	4	3154	5	0	3000
Picture	22	hit	1	3921	2	9682461	1	3153	2	0	3000
Picture	33	miss				9710841	2	3154	3	0	3000
Picture	22	hit	1	2754	2	9741546	1	3153	2	0	3000
Picture	22	miss				9774740	1	3153	2	0	3000
Picture	22	hit	1	2619	3	9814738	2	3154	3	0	3000
Picture	22	hit	1	4558	3	9842953	2	3154	3	0	3000
Picture	22	hit	1	3445	2	9876645	1	3154	2	0	3000
Picture	22	hit	1	3133	4	9908677	2	3154	3	0	3000
Picture	22	hit	1	2800	3	9947348	2	3154	3	0	3000
Picture	33	hit	1	3035	4	9984857	2	3154	3	0	3000
Picture	22	hit	1	4441	4	10018549	2	3154	3	0	3000
Picture	22	hit	1	3296	2	10057884	1	3153	3	0	3000
Picture	22	hit	1	29912	2	10086763	1	3153	2	0	3000
Picture	22	miss				10121782	2	3154	3	0	3000
Picture	22	hit	1	3937	2	10156636	1	3153	2	0	3000
Picture	33	miss				10187506	2	3154	3	0	3000
