Scenario - GO/NO-GO
Logfile written - 07/12/2011 11:14:37

Subject	Trial	Event Type	Code	Time	TTime	Uncertainty	Duration	Uncertainty	ReqTime	ReqDur

pgs	2	Picture	22	289	0	2	3154	3	0	3000
pgs	3	Picture	22	8588	0	1	3153	3	0	3000
pgs	3	Response	1	12542	3954	1
pgs	4	Picture	22	18380	0	1	3154	2	0	3000
pgs	4	Response	1	20671	2291	2
pgs	5	Picture	22	27508	0	2	3154	3	0	3000
pgs	5	Response	1	29383	1875	2
pgs	6	Picture	22	36637	0	1	3001	2	0	3000
pgs	6	Response	1	38540	1903	2
pgs	7	Picture	33	46097	0	1	3153	3	0	3000
pgs	7	Response	1	48057	1960	1
pgs	8	Picture	22	55225	0	2	3154	3	0	3000
pgs	8	Response	1	57838	2613	2
pgs	9	Picture	22	64354	0	1	3153	2	0	3000
pgs	9	Response	1	68464	4110	1
pgs	10	Picture	22	75474	0	1	3153	2	0	3000
pgs	10	Response	1	79156	3682	1
pgs	11	Picture	33	85266	0	1	3153	2	0	3000
pgs	12	Picture	22	94394	0	1	3154	2	0	3000
pgs	12	Response	1	96074	1680	1
pgs	13	Picture	22	103191	0	1	3153	2	0	3000
pgs	13	Response	1	104638	1447	1
pgs	13	Response	1	112173	8982	1
pgs	14	Picture	22	112319	0	1	3153	2	0	3000
pgs	15	Picture	22	121779	0	2	3152	6	0	3000
pgs	16	Picture	22	132235	0	2	3154	3	0	3000
pgs	16	Response	1	134155	1920	1
pgs	17	Picture	33	140700	0	1	3153	2	0	3000
pgs	17	Response	1	150046	9346	2
pgs	18	Picture	22	151156	0	1	3153	2	0	3000
pgs	18	Response	1	159066	7910	1
pgs	19	Picture	22	159952	0	2	3154	3	0	3000
pgs	19	Response	1	170040	10088	1
pgs	20	Picture	22	170408	0	2	3154	3	0	3000
pgs	20	Response	1	179825	9417	1
pgs	21	Picture	33	180864	0	2	3154	3	0	3000
pgs	22	Picture	22	190657	0	1	3153	2	0	3000
pgs	23	Picture	22	200449	0	1	3153	2	0	3000
pgs	23	Response	1	200900	451	1
pgs	24	Picture	22	209909	0	1	3153	3	0	3000
pgs	24	Response	1	210152	243	1
pgs	25	Picture	33	218208	0	1	3153	2	0	3000
pgs	25	Response	1	220167	1959	2
pgs	26	Picture	22	228000	0	1	3153	2	0	3000
pgs	26	Response	1	229061	1061	1
pgs	27	Picture	22	236962	0	1	3154	2	0	3000
pgs	28	Picture	22	245427	0	1	3153	2	0	3000
pgs	28	Response	1	248528	3101	1
pgs	29	Picture	33	256381	0	1	3153	2	0	3000
pgs	29	Response	1	264918	8537	1
pgs	30	Picture	22	266007	0	1	3153	2	0	3000
pgs	30	Response	1	275007	9000	1
pgs	31	Picture	22	277127	0	1	3153	2	0	3000
pgs	31	Response	1	287454	10327	2
pgs	32	Picture	22	287749	0	1	3153	2	0	3000
pgs	33	Picture	22	297209	0	1	3154	2	0	3000
pgs	33	Response	1	298926	1717	1
pgs	34	Picture	22	308163	0	1	3154	2	0	3000
pgs	34	Response	1	311472	3309	1
pgs	35	Picture	22	317623	0	2	3154	3	0	3000
pgs	35	Response	1	320689	3066	2
pgs	36	Picture	22	327582	0	1	3153	2	0	3000
pgs	36	Response	1	329719	2137	1
pgs	37	Picture	33	337872	0	1	3153	2	0	3000
pgs	38	Picture	22	346834	0	1	3153	3	0	3000
pgs	38	Response	1	348180	1346	1
pgs	39	Picture	22	357124	0	1	3154	2	0	3000
pgs	39	Response	1	357490	366	1
pgs	40	Picture	22	367580	0	1	3154	2	0	3000
pgs	40	Response	1	367694	114	1
pgs	41	Picture	33	377538	0	2	3153	6	0	3000
pgs	41	Response	1	378887	1349	1
pgs	42	Picture	22	386335	0	1	3153	2	0	3000
pgs	42	Response	1	389108	2773	1
pgs	43	Picture	22	394633	0	2	3154	3	0	3000
pgs	43	Response	1	397850	3217	1
pgs	44	Picture	22	405089	0	2	3154	3	0	3000
pgs	44	Response	1	408361	3272	1
pgs	45	Picture	22	415379	0	2	3152	6	0	3000
pgs	45	Response	1	416727	1348	1
pgs	46	Picture	22	424674	0	1	3153	2	0	3000
pgs	47	Picture	33	433470	0	1	3154	2	0	3000
pgs	47	Response	1	434187	717	1
pgs	48	Picture	22	444258	0	2	3153	6	0	3000
pgs	48	Response	1	449037	4779	1
pgs	49	Picture	22	454216	0	2	3154	3	0	3000
pgs	49	Response	1	459323	5107	1
pgs	50	Picture	22	463011	0	4	3155	5	0	3000
pgs	50	Response	1	465833	2822	1
pgs	51	Picture	22	472473	0	1	3153	3	0	3000
pgs	51	Response	1	475501	3028	1
pgs	52	Picture	22	480937	0	2	3154	3	0	3000
pgs	52	Response	1	484985	4048	2
pgs	53	Picture	33	491560	0	1	3153	2	0	3000
pgs	54	Picture	22	501518	0	1	3153	2	0	3000
pgs	54	Response	1	502936	1418	1
pgs	55	Picture	22	511974	0	1	3153	2	0	3000
pgs	55	Response	1	514634	2660	1
pgs	56	Picture	22	521102	0	1	3154	2	0	3000
pgs	56	Response	1	523698	2596	1
pgs	57	Picture	33	531558	0	2	3154	3	0	3000
pgs	57	Response	1	540123	8565	1
pgs	58	Picture	22	540687	0	1	3153	2	0	3000
pgs	58	Response	1	549997	9310	1
pgs	59	Picture	33	550313	0	1	3153	2	0	3000
pgs	60	Picture	22	558777	0	2	3154	3	0	3000
pgs	60	Response	1	560789	2012	1
pgs	61	Picture	33	568238	0	1	3153	2	0	3000
pgs	61	Response	1	577361	9123	1
pgs	62	Picture	22	578196	0	1	3153	2	0	3000
pgs	63	Picture	33	587988	0	1	3153	2	0	3000
pgs	63	Response	1	596961	8973	1
pgs	64	Picture	22	598444	0	1	3153	3	0	3000
pgs	65	Picture	22	608402	0	1	3154	2	0	3000
pgs	66	Picture	22	616867	0	1	3153	2	0	3000
pgs	66	Response	1	617462	595	1
pgs	67	Picture	22	627655	0	1	3153	2	0	3000
pgs	67	Response	1	631220	3565	1
pgs	68	Picture	22	637779	0	1	3153	2	0	3000
pgs	68	Response	1	640958	3179	1
pgs	69	Picture	33	646077	0	2	3154	3	0	3000
pgs	70	Picture	22	654542	0	1	3153	2	0	3000
pgs	70	Response	1	657311	2769	1
pgs	71	Picture	22	663338	0	1	3154	2	0	3000
pgs	71	Response	1	667585	4247	1
pgs	72	Picture	22	672301	0	1	3153	2	0	3000
pgs	72	Response	1	674557	2256	1
pgs	72	Response	1	683364	11063	1
pgs	73	Picture	22	683420	0	2	3154	3	0	3000
pgs	74	Picture	22	693213	0	1	3153	2	0	3000
pgs	74	Response	1	693711	498	1
pgs	75	Picture	33	703503	0	1	3153	2	0	3000
pgs	75	Response	1	704081	578	1
pgs	76	Picture	22	714125	0	1	3153	2	0	3000
pgs	76	Response	1	724822	10697	1
pgs	77	Picture	33	724913	0	1	3153	2	0	3000
pgs	77	Response	1	734253	9340	2
pgs	78	Picture	22	734871	0	1	3154	2	0	3000
pgs	79	Picture	22	743170	0	1	3153	2	0	3000
pgs	80	Picture	22	752962	0	1	3153	2	0	3000
pgs	80	Response	1	753855	893	1
pgs	81	Picture	22	763584	0	1	3153	2	0	3000
pgs	81	Response	1	765168	1584	1
pgs	82	Picture	22	774538	0	1	3153	2	0	3000
pgs	82	Response	1	774829	291	2
pgs	83	Picture	22	784330	0	1	3153	3	0	3000
pgs	83	Response	1	786583	2253	1
pgs	84	Picture	22	794454	0	1	3154	2	0	3000
pgs	84	Response	1	796447	1993	1
pgs	85	Picture	33	803914	0	2	3154	3	0	3000
pgs	86	Picture	22	813707	0	1	3153	2	0	3000
pgs	86	Response	1	815353	1646	1
pgs	87	Picture	33	824495	0	1	3153	2	0	3000
pgs	88	Picture	22	834451	0	4	3155	5	0	3000
pgs	88	Response	1	836944	2493	2
pgs	89	Picture	22	845241	0	1	3153	2	0	3000
pgs	90	Picture	22	855199	0	1	3153	3	0	3000
pgs	90	Response	1	858827	3628	1
pgs	91	Picture	33	864825	0	2	3154	3	0	3000
pgs	91	Response	1	865833	1008	2
pgs	92	Picture	22	875447	0	2	3154	3	0	3000
pgs	92	Response	1	877952	2505	1
pgs	93	Picture	22	886235	0	2	3154	3	0	3000
pgs	94	Picture	22	894866	0	1	3153	2	0	3000
pgs	94	Response	1	895702	836	2
pgs	95	Picture	22	903496	0	2	3154	3	0	3000
pgs	95	Response	1	905836	2340	1
pgs	96	Picture	22	911629	0	1	3153	2	0	3000
pgs	96	Response	1	915023	3394	1
pgs	97	Picture	22	920093	0	1	3154	2	0	3000
pgs	97	Response	1	923145	3052	2
pgs	98	Picture	22	929553	0	2	3154	3	0	3000
pgs	98	Response	1	932066	2513	1
pgs	99	Picture	33	938184	0	1	3153	2	0	3000
pgs	100	Picture	22	947312	0	2	3154	3	0	3000
pgs	100	Response	1	947774	462	2
pgs	101	Picture	33	956771	0	4	3155	5	0	3000
pgs	101	Response	1	964491	7720	2
pgs	102	Picture	22	965735	0	1	3153	2	0	3000
pgs	103	Picture	22	975361	0	1	3153	3	0	3000
pgs	104	Picture	22	986149	0	1	3154	2	0	3000
pgs	104	Response	1	986294	145	1
pgs	104	Response	1	996055	9906	1
pgs	105	Picture	22	997103	0	1	3154	2	0	3000
pgs	105	Response	1	1007217	10114	2
pgs	106	Picture	22	1008057	0	1	3153	3	0	3000
pgs	107	Picture	33	1017185	0	2	3154	3	0	3000
pgs	107	Response	1	1019894	2709	1
pgs	108	Picture	22	1027808	0	1	3153	2	0	3000
pgs	108	Response	1	1028626	818	1
pgs	109	Picture	22	1037268	0	1	3153	2	0	3000
pgs	110	Picture	22	1047392	0	1	3153	2	0	3000
pgs	110	Response	1	1049918	2526	1
pgs	111	Picture	22	1058014	0	1	3153	3	0	3000
pgs	112	Picture	22	1067474	0	2	3154	3	0	3000
pgs	112	Response	1	1070408	2934	1
pgs	113	Picture	33	1076437	0	1	3153	2	0	3000
pgs	114	Picture	22	1086893	0	1	3153	2	0	3000
pgs	114	Response	1	1086978	85	2
pgs	114	Response	1	1096974	10081	2
pgs	115	Picture	22	1097017	0	1	3153	2	0	3000
pgs	115	Response	1	1107617	10600	1
pgs	116	Picture	22	1107971	0	1	3153	2	0	3000
pgs	116	Response	1	1118251	10280	1
pgs	117	Picture	22	1118593	0	1	3153	2	0	3000
pgs	118	Picture	22	1129547	0	1	3153	2	0	3000
pgs	118	Response	1	1130538	991	1
pgs	119	Picture	22	1139007	0	1	3154	2	0	3000
pgs	119	Response	1	1142083	3076	2
pgs	120	Picture	22	1149629	0	1	3154	2	0	3000
pgs	120	Response	1	1152647	3018	1
pgs	121	Picture	33	1158924	0	1	3153	2	0	3000
pgs	121	Response	1	1162002	3078	2
pgs	122	Picture	22	1167720	0	1	3153	2	0	3000
pgs	122	Response	1	1169494	1774	1
pgs	123	Picture	22	1176350	0	2	3154	3	0	3000
pgs	123	Response	1	1179028	2678	2
pgs	124	Picture	22	1184981	0	1	3153	2	0	3000
pgs	124	Response	1	1187801	2820	1
pgs	125	Picture	33	1194771	0	4	3155	6	0	3000
pgs	125	Response	1	1197192	2421	1
pgs	125	Response	1	1204598	9827	1
pgs	126	Picture	22	1205893	0	1	3153	3	0	3000
pgs	127	Picture	22	1216017	0	1	3154	2	0	3000
pgs	127	Response	1	1216481	464	1
pgs	128	Picture	22	1225975	0	2	3154	3	0	3000
pgs	128	Response	1	1226762	787	2
pgs	129	Picture	22	1236929	0	2	3154	3	0	3000
pgs	129	Response	1	1237280	351	1
pgs	130	Picture	22	1245394	0	1	3153	2	0	3000
pgs	130	Response	1	1248865	3471	1
pgs	131	Picture	33	1254356	0	1	3154	2	0	3000
pgs	132	Picture	22	1262987	0	1	3153	2	0	3000
pgs	132	Response	1	1265338	2351	1
pgs	133	Picture	22	1273774	0	2	3154	3	0	3000
pgs	133	Response	1	1274529	755	2
pgs	134	Picture	22	1283069	0	1	3153	2	0	3000
pgs	134	Response	1	1287058	3989	1
pgs	135	Picture	22	1293525	0	1	3153	3	0	3000
pgs	135	Response	1	1296748	3223	2
pgs	136	Picture	22	1304479	0	1	3153	3	0	3000
pgs	136	Response	1	1307740	3261	1
pgs	137	Picture	33	1313939	0	1	3152	5	0	3000
pgs	138	Picture	22	1323897	0	2	3154	3	0	3000
pgs	138	Response	1	1328390	4493	1
pgs	139	Picture	22	1333358	0	1	3153	2	0	3000
pgs	139	Response	1	1335637	2279	1
pgs	140	Picture	22	1341988	0	1	3153	3	0	3000
pgs	140	Response	1	1345549	3561	2
pgs	141	Picture	22	1352444	0	1	3154	2	0	3000
pgs	141	Response	1	1355395	2951	2
pgs	142	Picture	22	1363066	0	1	3154	2	0	3000
pgs	142	Response	1	1365823	2757	1
pgs	143	Picture	22	1373522	0	2	3154	3	0	3000
pgs	143	Response	1	1376611	3089	4
pgs	144	Picture	22	1382153	0	1	3153	2	0	3000
pgs	144	Response	1	1385895	3742	2
pgs	145	Picture	33	1392775	0	1	3153	2	0	3000
pgs	145	Response	1	1401679	8904	2
pgs	146	Picture	22	1403563	0	1	3153	2	0	3000
pgs	146	Response	1	1411327	7764	1
pgs	147	Picture	33	1414683	0	1	3153	2	0	3000
pgs	148	Picture	22	1425139	0	1	3153	2	0	3000
pgs	148	Response	1	1427601	2462	1
pgs	149	Picture	22	1435595	0	1	3153	2	0	3000
pgs	149	Response	1	1439749	4154	1
pgs	150	Picture	22	1445387	0	1	3154	2	0	3000
pgs	150	Response	1	1450247	4860	1
pgs	151	Picture	22	1456009	0	1	3154	2	0	3000
pgs	151	Response	1	1459705	3696	1
pgs	152	Picture	22	1466131	0	4	3156	5	0	3000
pgs	152	Response	1	1469580	3449	1
pgs	153	Picture	22	1474930	0	1	3153	2	0	3000
pgs	153	Response	1	1479368	4438	1
pgs	154	Picture	22	1484556	0	1	3153	2	0	3000
pgs	154	Response	1	1491932	7376	1
pgs	155	Picture	33	1494514	0	1	3154	2	0	3000
pgs	156	Picture	22	1503145	0	1	3153	2	0	3000
pgs	156	Response	1	1504245	1100	1
pgs	156	Response	1	1510706	7561	1
pgs	157	Picture	33	1512771	0	1	3153	2	0	3000
pgs	158	Picture	22	1522563	0	1	3153	3	0	3000
pgs	158	Response	1	1525431	2868	1
pgs	159	Picture	22	1532023	0	2	3154	3	0	3000
pgs	159	Response	1	1536770	4747	1
pgs	160	Picture	22	1541981	0	2	3154	3	0	3000
pgs	160	Response	1	1544509	2528	1
pgs	161	Picture	22	1550446	0	1	3153	2	0	3000
pgs	161	Response	1	1553376	2930	1
pgs	162	Picture	22	1559242	0	2	3154	3	0	3000
pgs	162	Response	1	1562301	3059	1
pgs	163	Picture	22	1568537	0	1	3153	2	0	3000
pgs	163	Response	1	1571163	2626	1
pgs	164	Picture	22	1577333	0	1	3153	3	0	3000
pgs	164	Response	1	1580262	2929	1
pgs	165	Picture	33	1586295	0	2	3154	3	0	3000
pgs	165	Response	1	1588535	2240	1
pgs	166	Picture	22	1596254	0	1	3153	2	0	3000
pgs	166	Response	1	1598932	2678	1
pgs	167	Picture	22	1604884	0	1	3153	3	0	3000
pgs	167	Response	1	1607857	2973	1
pgs	168	Picture	22	1614842	0	1	3154	2	0	3000
pgs	168	Response	1	1617966	3124	1
pgs	169	Picture	22	1623473	0	1	3153	2	0	3000
pgs	169	Response	1	1627176	3703	1
pgs	170	Picture	22	1632601	0	1	3153	2	0	3000
pgs	170	Response	1	1636421	3820	1
pgs	171	Picture	33	1641231	0	2	3154	3	0	3000
pgs	172	Picture	22	1651687	0	2	3154	3	0	3000
pgs	172	Response	1	1652074	387	2
pgs	173	Picture	22	1661480	0	1	3153	2	0	3000
pgs	173	Response	1	1661778	298	1
pgs	173	Response	1	1670173	8693	2
pgs	174	Picture	22	1671272	0	1	3153	2	0	3000
pgs	174	Response	1	1680125	8853	1
pgs	175	Picture	33	1681894	0	1	3153	2	0	3000
pgs	176	Picture	22	1691022	0	2	3154	3	0	3000
pgs	176	Response	1	1694689	3667	1
pgs	177	Picture	22	1700316	0	2	3154	3	0	3000
pgs	177	Response	1	1703245	2929	1
pgs	178	Picture	22	1708781	0	1	3153	3	0	3000
pgs	178	Response	1	1711253	2472	1
pgs	179	Picture	22	1718739	0	1	3154	2	0	3000
pgs	179	Response	1	1721334	2595	1
pgs	180	Picture	22	1727701	0	2	3154	3	0	3000
pgs	180	Response	1	1730687	2986	1
pgs	181	Picture	22	1738158	0	1	3153	2	0	3000
pgs	181	Response	1	1739913	1755	1
pgs	182	Picture	22	1747784	0	1	3153	2	0	3000
pgs	182	Response	1	1748391	607	1
pgs	183	Picture	33	1756082	0	2	3154	3	0	3000
pgs	183	Response	1	1758216	2134	1
pgs	184	Picture	22	1765377	0	1	3153	2	0	3000
pgs	184	Response	1	1767866	2489	2
pgs	185	Picture	22	1773509	0	1	3154	2	0	3000
pgs	185	Response	1	1776895	3386	1
pgs	186	Picture	22	1782803	0	2	3154	3	0	3000
pgs	186	Response	1	1785701	2898	2
pgs	187	Picture	22	1790936	0	1	3153	2	0	3000
pgs	187	Response	1	1793549	2613	1
pgs	188	Picture	22	1801060	0	1	3153	3	0	3000
pgs	188	Response	1	1804569	3509	1
pgs	189	Picture	33	1810520	0	2	3154	3	0	3000
pgs	190	Picture	22	1818819	0	1	3152	5	0	3000
pgs	190	Response	1	1820067	1248	2
pgs	190	Response	1	1828994	10175	2
pgs	191	Picture	22	1829109	0	1	3153	3	0	3000
pgs	192	Picture	22	1837241	0	2	3154	3	0	3000
pgs	192	Response	1	1838283	1042	1
pgs	192	Response	1	1847638	10397	2
pgs	193	Picture	22	1848195	0	2	3154	3	0	3000
pgs	193	Response	1	1856845	8650	1
pgs	194	Picture	22	1857988	0	1	3153	2	0	3000
pgs	195	Picture	33	1866784	0	1	3153	3	0	3000
pgs	195	Response	1	1867301	517	1
pgs	195	Response	1	1877690	10906	2
pgs	196	Picture	22	1877738	0	1	3153	3	0	3000
pgs	196	Response	1	1887665	9927	1
pgs	197	Picture	22	1888194	0	1	3154	2	0	3000
pgs	198	Picture	22	1896659	0	1	3153	2	0	3000
pgs	198	Response	1	1906099	9440	2
pgs	199	Picture	22	1907281	0	1	3153	2	0	3000
pgs	199	Response	1	1917235	9954	1
pgs	200	Picture	22	1917239	0	1	3153	2	0	3000
pgs	201	Picture	22	1926201	0	2	3154	3	0	3000
pgs	201	Response	1	1928960	2759	1
pgs	202	Picture	22	1937155	0	2	3154	3	0	3000
pgs	202	Response	1	1939762	2607	1
pgs	203	Picture	33	1947943	0	2	3154	3	0	3000
pgs	203	Response	1	1949598	1655	1
pgs	204	Picture	22	1958565	0	2	3154	3	0	3000
pgs	204	Response	1	1959140	575	2
pgs	204	Response	1	1968167	9602	2
pgs	205	Picture	22	1968689	0	2	3154	3	0	3000
pgs	205	Response	1	1977000	8311	1
pgs	206	Picture	22	1979477	0	2	3154	3	0	3000
pgs	207	Picture	22	1988938	0	1	3153	2	0	3000
pgs	207	Response	1	1991531	2593	2
pgs	208	Picture	22	1998730	0	1	3153	3	0	3000
pgs	208	Response	1	2001040	2310	1
pgs	209	Picture	33	2007360	0	2	3154	3	0	3000
pgs	210	Picture	22	2015991	0	1	3153	2	0	3000
pgs	210	Response	1	2019501	3510	1
pgs	211	Picture	22	2024455	0	2	3154	3	0	3000
pgs	211	Response	1	2028329	3874	2
pgs	212	Picture	22	2034082	0	1	3153	2	0	3000
pgs	212	Response	1	2037518	3436	1
pgs	213	Picture	33	2043708	0	1	3153	2	0	3000
pgs	214	Picture	22	2052006	0	1	3154	2	0	3000
pgs	214	Response	1	2055068	3062	1
pgs	215	Picture	22	2060471	0	1	3153	2	0	3000
pgs	215	Response	1	2063989	3518	1
pgs	216	Picture	22	2069433	0	1	3153	3	0	3000
pgs	216	Response	1	2072472	3039	1
pgs	217	Picture	22	2077897	0	2	3154	3	0	3000
pgs	217	Response	1	2080801	2904	1
pgs	218	Picture	22	2086860	0	1	3153	2	0	3000
pgs	218	Response	1	2090518	3658	1
pgs	219	Picture	22	2097648	0	1	3153	2	0	3000
pgs	219	Response	1	2102861	5213	1
pgs	220	Picture	22	2107772	0	1	3153	3	0	3000
pgs	220	Response	1	2112983	5211	1
pgs	221	Picture	33	2116071	0	1	3153	2	0	3000
pgs	222	Picture	22	2125365	0	1	3153	2	0	3000
pgs	222	Response	1	2128310	2945	1
pgs	223	Picture	22	2135655	0	1	3153	2	0	3000
pgs	223	Response	1	2137992	2337	2
pgs	224	Picture	22	2144119	0	2	3154	3	0	3000
pgs	224	Response	1	2149826	5707	1
pgs	225	Picture	33	2154741	0	2	3154	3	0	3000
pgs	226	Picture	22	2164368	0	1	3153	2	0	3000
pgs	226	Response	1	2165006	638	1
pgs	227	Picture	22	2172998	0	1	3154	2	0	3000
pgs	227	Response	1	2175575	2577	2
pgs	228	Picture	22	2181794	0	2	3154	3	0	3000
pgs	228	Response	1	2187360	5566	1
pgs	229	Picture	22	2190425	0	1	3153	2	0	3000
pgs	229	Response	1	2194747	4322	1
pgs	230	Picture	22	2198723	0	2	3154	3	0	3000
pgs	230	Response	1	2202369	3646	2
pgs	231	Picture	33	2207520	0	1	3153	2	0	3000
pgs	232	Picture	22	2216150	0	2	3154	3	0	3000
pgs	232	Response	1	2217786	1636	1
pgs	233	Picture	22	2224449	0	1	3153	2	0	3000
pgs	233	Response	1	2227559	3110	1
pgs	234	Picture	22	2235071	0	1	3153	2	0	3000
pgs	234	Response	1	2237370	2299	1
pgs	235	Picture	22	2245693	0	1	3153	2	0	3000
pgs	235	Response	1	2246972	1279	1
pgs	236	Picture	22	2256149	0	1	3153	2	0	3000
pgs	236	Response	1	2256216	67	1
pgs	237	Picture	33	2264281	0	2	3154	3	0	3000
pgs	237	Response	1	2266054	1773	2
pgs	238	Picture	22	2273244	0	1	3153	2	0	3000
pgs	238	Response	1	2273829	585	1
pgs	239	Picture	22	2283202	0	1	3153	3	0	3000
pgs	239	Response	1	2284828	1626	2
pgs	240	Picture	22	2291998	0	2	3154	3	0	3000
pgs	241	Picture	33	2300463	0	1	3153	2	0	3000
pgs	242	Picture	22	2310753	0	1	3153	2	0	3000
pgs	243	Picture	33	2321209	0	1	3153	3	0	3000
pgs	243	Response	1	2321536	327	1
pgs	244	Picture	22	2330669	0	1	3154	2	0	3000
pgs	244	Response	1	2334638	3969	1
pgs	245	Picture	22	2341457	0	2	3154	3	0	3000
pgs	245	Response	1	2345222	3765	2
pgs	246	Picture	22	2352245	0	2	3154	3	0	3000
pgs	246	Response	1	2354086	1841	1
pgs	247	Picture	22	2362535	0	2	3154	3	0	3000
pgs	247	Response	1	2364107	1572	1
pgs	248	Picture	22	2372494	0	1	3153	2	0	3000
pgs	248	Response	1	2373385	891	1
pgs	249	Picture	33	2382784	0	1	3153	2	0	3000
pgs	249	Response	1	2383697	913	5
pgs	250	Picture	22	2392576	0	1	3153	2	0	3000
pgs	250	Response	1	2393657	1081	1
pgs	251	Picture	22	2403364	0	1	3153	3	0	3000
pgs	251	Response	1	2403581	217	2
pgs	252	Picture	22	2411662	0	2	3154	3	0	3000
pgs	252	Response	1	2414068	2406	1
pgs	253	Picture	33	2422118	0	2	3154	3	0	3000
pgs	253	Response	1	2424459	2341	1
pgs	254	Picture	22	2430583	0	1	3153	3	0	3000
pgs	254	Response	1	2433638	3055	1
pgs	255	Picture	22	2440873	0	1	3154	2	0	3000
pgs	255	Response	1	2443383	2510	1
pgs	256	Picture	22	2449669	0	2	3154	3	0	3000
pgs	256	Response	1	2452746	3077	2
pgs	257	Picture	22	2460126	0	1	3153	2	0	3000
pgs	257	Response	1	2465094	4968	1
pgs	258	Picture	22	2470084	0	1	3153	2	0	3000
pgs	258	Response	1	2473356	3272	1
pgs	259	Picture	22	2480374	0	1	3153	2	0	3000
pgs	259	Response	1	2484156	3782	1
pgs	260	Picture	22	2488506	0	2	3154	3	0	3000
pgs	260	Response	1	2492253	3747	1
pgs	261	Picture	33	2497801	0	1	3153	2	0	3000
pgs	262	Picture	22	2506099	0	1	3152	5	0	3000
pgs	262	Response	1	2509031	2932	1
pgs	263	Picture	22	2514564	0	1	3153	2	0	3000
pgs	263	Response	1	2516296	1732	1
pgs	263	Response	1	2524338	9774	1
pgs	264	Picture	22	2525020	0	1	3153	2	0	3000
pgs	265	Picture	22	2534148	0	1	3153	3	0	3000
pgs	265	Response	1	2538195	4047	1
pgs	266	Picture	22	2543774	0	2	3154	3	0	3000
pgs	266	Response	1	2545909	2135	2
pgs	267	Picture	22	2552903	0	1	3153	2	0	3000
pgs	267	Response	1	2553707	804	1
pgs	268	Picture	22	2561367	0	1	3153	3	0	3000
pgs	268	Response	1	2562155	788	1
pgs	268	Response	1	2571400	10033	1
pgs	269	Picture	33	2572487	0	1	3153	3	0	3000
pgs	270	Picture	22	2581449	0	2	3154	3	0	3000
pgs	270	Response	1	2582570	1121	1
pgs	271	Picture	22	2591076	0	1	3153	2	0	3000
pgs	271	Response	1	2591154	78	1
pgs	272	Picture	22	2601532	0	1	3153	2	0	3000
pgs	272	Response	1	2605273	3741	1
pgs	273	Picture	33	2611822	0	1	3153	2	0	3000
pgs	273	Response	1	2613811	1989	1
pgs	274	Picture	22	2621780	0	1	3151	5	0	3000
pgs	274	Response	1	2624799	3019	1
pgs	275	Picture	22	2631904	0	1	3154	2	0	3000
pgs	275	Response	1	2634753	2849	1
pgs	276	Picture	22	2640866	0	2	3154	3	0	3000
pgs	276	Response	1	2643820	2954	1
pgs	277	Picture	22	2650659	0	1	3152	5	0	3000
pgs	277	Response	1	2653659	3000	2
pgs	278	Picture	22	2661447	0	1	3153	2	0	3000
pgs	278	Response	1	2663762	2315	1
pgs	279	Picture	22	2671073	0	1	3153	3	0	3000
pgs	279	Response	1	2673894	2821	2
pgs	280	Picture	22	2679703	0	2	3154	3	0	3000
pgs	280	Response	1	2684264	4561	1
pgs	281	Picture	33	2690325	0	2	3154	3	0	3000
pgs	281	Response	1	2697646	7321	1
pgs	282	Picture	22	2701445	0	2	3154	3	0	3000
pgs	282	Response	1	2707160	5715	2
pgs	283	Picture	22	2712399	0	2	3154	3	0	3000
pgs	283	Response	1	2718088	5689	2
pgs	284	Picture	22	2722358	0	1	3153	2	0	3000
pgs	284	Response	1	2725711	3353	1
pgs	285	Picture	22	2731984	0	1	3153	2	0	3000
pgs	285	Response	1	2734511	2527	1
pgs	286	Picture	22	2741610	0	1	3154	2	0	3000
pgs	286	Response	1	2742750	1140	1
pgs	287	Picture	33	2750904	0	2	3154	3	0	3000
pgs	288	Picture	22	2761526	0	2	3154	3	0	3000
pgs	288	Response	1	2761773	247	2
pgs	289	Picture	22	2769659	0	1	3153	3	0	3000
pgs	289	Response	1	2770704	1045	1
pgs	290	Picture	22	2778953	0	2	3154	3	0	3000
pgs	291	Picture	22	2787584	0	1	3153	2	0	3000
pgs	291	Response	1	2791314	3730	2
pgs	292	Picture	22	2796712	0	1	3153	3	0	3000
pgs	292	Response	1	2801468	4756	1
pgs	293	Picture	33	2807832	0	1	3153	3	0	3000
pgs	294	Picture	22	2816131	0	1	3153	2	0	3000
pgs	294	Response	1	2818651	2520	1
pgs	295	Picture	22	2824595	0	1	3153	2	0	3000
pgs	295	Response	1	2827510	2915	1
pgs	296	Picture	22	2833391	0	2	3154	3	0	3000
pgs	296	Response	1	2836571	3180	1
pgs	297	Picture	22	2843681	0	2	3154	3	0	3000
pgs	297	Response	1	2846875	3194	1
pgs	298	Picture	22	2853142	0	1	3153	2	0	3000
pgs	298	Response	1	2856169	3027	1
pgs	299	Picture	33	2862934	0	1	3153	2	0	3000
pgs	300	Picture	22	2873722	0	1	3153	2	0	3000
pgs	300	Response	1	2874855	1133	2
pgs	301	Picture	22	2883846	0	1	3154	2	0	3000
pgs	302	Picture	22	2894468	0	1	3154	2	0	3000
pgs	302	Response	1	2898146	3678	1
pgs	303	Picture	22	2904094	0	2	3154	3	0	3000
pgs	303	Response	1	2907242	3148	1
pgs	304	Picture	22	2912559	0	1	3153	2	0	3000
pgs	304	Response	1	2916483	3924	1
pgs	305	Picture	33	2921023	0	2	3154	3	0	3000


Event Type	Code	Type	Response	RT	RT Uncertainty	Time	Uncertainty	Duration	Uncertainty	ReqTime	ReqDur

Picture	22	miss				289	2	3154	3	0	3000
Picture	22	hit	1	3954	2	8588	1	3153	3	0	3000
Picture	22	hit	1	2291	3	18380	1	3154	2	0	3000
Picture	22	hit	1	1875	4	27508	2	3154	3	0	3000
Picture	22	hit	1	1903	3	36637	1	3001	2	0	3000
Picture	33	hit	1	1960	2	46097	1	3153	3	0	3000
Picture	22	hit	1	2613	4	55225	2	3154	3	0	3000
Picture	22	hit	1	4110	2	64354	1	3153	2	0	3000
Picture	22	hit	1	3682	2	75474	1	3153	2	0	3000
Picture	33	miss				85266	1	3153	2	0	3000
Picture	22	hit	1	1680	2	94394	1	3154	2	0	3000
Picture	22	hit	1	1447	2	103191	1	3153	2	0	3000
Picture	22	miss				112319	1	3153	2	0	3000
Picture	22	miss				121779	2	3152	6	0	3000
Picture	22	hit	1	1920	3	132235	2	3154	3	0	3000
Picture	33	hit	1	9346	3	140700	1	3153	2	0	3000
Picture	22	hit	1	7910	2	151156	1	3153	2	0	3000
Picture	22	hit	1	10088	3	159952	2	3154	3	0	3000
Picture	22	hit	1	9417	3	170408	2	3154	3	0	3000
Picture	33	miss				180864	2	3154	3	0	3000
Picture	22	miss				190657	1	3153	2	0	3000
Picture	22	hit	1	451	2	200449	1	3153	2	0	3000
Picture	22	hit	1	243	2	209909	1	3153	3	0	3000
Picture	33	hit	1	1959	3	218208	1	3153	2	0	3000
Picture	22	hit	1	1061	2	228000	1	3153	2	0	3000
Picture	22	miss				236962	1	3154	2	0	3000
Picture	22	hit	1	3101	2	245427	1	3153	2	0	3000
Picture	33	hit	1	8537	2	256381	1	3153	2	0	3000
Picture	22	hit	1	9000	2	266007	1	3153	2	0	3000
Picture	22	hit	1	10327	3	277127	1	3153	2	0	3000
Picture	22	miss				287749	1	3153	2	0	3000
Picture	22	hit	1	1717	2	297209	1	3154	2	0	3000
Picture	22	hit	1	3309	2	308163	1	3154	2	0	3000
Picture	22	hit	1	3066	4	317623	2	3154	3	0	3000
Picture	22	hit	1	2137	2	327582	1	3153	2	0	3000
Picture	33	miss				337872	1	3153	2	0	3000
Picture	22	hit	1	1346	2	346834	1	3153	3	0	3000
Picture	22	hit	1	366	2	357124	1	3154	2	0	3000
Picture	22	hit	1	114	2	367580	1	3154	2	0	3000
Picture	33	hit	1	1349	3	377538	2	3153	6	0	3000
Picture	22	hit	1	2773	2	386335	1	3153	2	0	3000
Picture	22	hit	1	3217	3	394633	2	3154	3	0	3000
Picture	22	hit	1	3272	3	405089	2	3154	3	0	3000
Picture	22	hit	1	1348	3	415379	2	3152	6	0	3000
Picture	22	miss				424674	1	3153	2	0	3000
Picture	33	hit	1	717	2	433470	1	3154	2	0	3000
Picture	22	hit	1	4779	3	444258	2	3153	6	0	3000
Picture	22	hit	1	5107	3	454216	2	3154	3	0	3000
Picture	22	hit	1	2822	5	463011	4	3155	5	0	3000
Picture	22	hit	1	3028	2	472473	1	3153	3	0	3000
Picture	22	hit	1	4048	4	480937	2	3154	3	0	3000
Picture	33	miss				491560	1	3153	2	0	3000
Picture	22	hit	1	1418	2	501518	1	3153	2	0	3000
Picture	22	hit	1	2660	2	511974	1	3153	2	0	3000
Picture	22	hit	1	2596	2	521102	1	3154	2	0	3000
Picture	33	hit	1	8565	3	531558	2	3154	3	0	3000
Picture	22	hit	1	9310	2	540687	1	3153	2	0	3000
Picture	33	miss				550313	1	3153	2	0	3000
Picture	22	hit	1	2012	3	558777	2	3154	3	0	3000
Picture	33	hit	1	9123	2	568238	1	3153	2	0	3000
Picture	22	miss				578196	1	3153	2	0	3000
Picture	33	hit	1	8973	2	587988	1	3153	2	0	3000
Picture	22	miss				598444	1	3153	3	0	3000
Picture	22	miss				608402	1	3154	2	0	3000
Picture	22	hit	1	595	2	616867	1	3153	2	0	3000
Picture	22	hit	1	3565	2	627655	1	3153	2	0	3000
Picture	22	hit	1	3179	2	637779	1	3153	2	0	3000
Picture	33	miss				646077	2	3154	3	0	3000
Picture	22	hit	1	2769	2	654542	1	3153	2	0	3000
Picture	22	hit	1	4247	2	663338	1	3154	2	0	3000
Picture	22	hit	1	2256	2	672301	1	3153	2	0	3000
Picture	22	miss				683420	2	3154	3	0	3000
Picture	22	hit	1	498	2	693213	1	3153	2	0	3000
Picture	33	hit	1	578	2	703503	1	3153	2	0	3000
Picture	22	hit	1	10697	2	714125	1	3153	2	0	3000
Picture	33	hit	1	9340	3	724913	1	3153	2	0	3000
Picture	22	miss				734871	1	3154	2	0	3000
Picture	22	miss				743170	1	3153	2	0	3000
Picture	22	hit	1	893	2	752962	1	3153	2	0	3000
Picture	22	hit	1	1584	2	763584	1	3153	2	0	3000
Picture	22	hit	1	291	3	774538	1	3153	2	0	3000
Picture	22	hit	1	2253	2	784330	1	3153	3	0	3000
Picture	22	hit	1	1993	2	794454	1	3154	2	0	3000
Picture	33	miss				803914	2	3154	3	0	3000
Picture	22	hit	1	1646	2	813707	1	3153	2	0	3000
Picture	33	miss				824495	1	3153	2	0	3000
Picture	22	hit	1	2493	6	834451	4	3155	5	0	3000
Picture	22	miss				845241	1	3153	2	0	3000
Picture	22	hit	1	3628	2	855199	1	3153	3	0	3000
Picture	33	hit	1	1008	4	864825	2	3154	3	0	3000
Picture	22	hit	1	2505	3	875447	2	3154	3	0	3000
Picture	22	miss				886235	2	3154	3	0	3000
Picture	22	hit	1	836	3	894866	1	3153	2	0	3000
Picture	22	hit	1	2340	3	903496	2	3154	3	0	3000
Picture	22	hit	1	3394	2	911629	1	3153	2	0	3000
Picture	22	hit	1	3052	3	920093	1	3154	2	0	3000
Picture	22	hit	1	2513	3	929553	2	3154	3	0	3000
Picture	33	miss				938184	1	3153	2	0	3000
Picture	22	hit	1	462	4	947312	2	3154	3	0	3000
Picture	33	hit	1	7720	6	956771	4	3155	5	0	3000
Picture	22	miss				965735	1	3153	2	0	3000
Picture	22	miss				975361	1	3153	3	0	3000
Picture	22	hit	1	145	2	986149	1	3154	2	0	3000
Picture	22	hit	1	10114	3	997103	1	3154	2	0	3000
Picture	22	miss				1008057	1	3153	3	0	3000
Picture	33	hit	1	2709	3	1017185	2	3154	3	0	3000
Picture	22	hit	1	818	2	1027808	1	3153	2	0	3000
Picture	22	miss				1037268	1	3153	2	0	3000
Picture	22	hit	1	2526	2	1047392	1	3153	2	0	3000
Picture	22	miss				1058014	1	3153	3	0	3000
Picture	22	hit	1	2934	3	1067474	2	3154	3	0	3000
Picture	33	miss				1076437	1	3153	2	0	3000
Picture	22	hit	1	85	3	1086893	1	3153	2	0	3000
Picture	22	hit	1	10600	2	1097017	1	3153	2	0	3000
Picture	22	hit	1	10280	2	1107971	1	3153	2	0	3000
Picture	22	miss				1118593	1	3153	2	0	3000
Picture	22	hit	1	991	2	1129547	1	3153	2	0	3000
Picture	22	hit	1	3076	3	1139007	1	3154	2	0	3000
Picture	22	hit	1	3018	2	1149629	1	3154	2	0	3000
Picture	33	hit	1	3078	3	1158924	1	3153	2	0	3000
Picture	22	hit	1	1774	2	1167720	1	3153	2	0	3000
Picture	22	hit	1	2678	4	1176350	2	3154	3	0	3000
Picture	22	hit	1	2820	2	1184981	1	3153	2	0	3000
Picture	33	hit	1	2421	5	1194771	4	3155	6	0	3000
Picture	22	miss				1205893	1	3153	3	0	3000
Picture	22	hit	1	464	2	1216017	1	3154	2	0	3000
Picture	22	hit	1	787	4	1225975	2	3154	3	0	3000
Picture	22	hit	1	351	3	1236929	2	3154	3	0	3000
Picture	22	hit	1	3471	2	1245394	1	3153	2	0	3000
Picture	33	miss				1254356	1	3154	2	0	3000
Picture	22	hit	1	2351	2	1262987	1	3153	2	0	3000
Picture	22	hit	1	755	4	1273774	2	3154	3	0	3000
Picture	22	hit	1	3989	2	1283069	1	3153	2	0	3000
Picture	22	hit	1	3223	3	1293525	1	3153	3	0	3000
Picture	22	hit	1	3261	2	1304479	1	3153	3	0	3000
Picture	33	miss				1313939	1	3152	5	0	3000
Picture	22	hit	1	4493	3	1323897	2	3154	3	0	3000
Picture	22	hit	1	2279	2	1333358	1	3153	2	0	3000
Picture	22	hit	1	3561	3	1341988	1	3153	3	0	3000
Picture	22	hit	1	2951	3	1352444	1	3154	2	0	3000
Picture	22	hit	1	2757	2	1363066	1	3154	2	0	3000
Picture	22	hit	1	3089	6	1373522	2	3154	3	0	3000
Picture	22	hit	1	3742	3	1382153	1	3153	2	0	3000
Picture	33	hit	1	8904	3	1392775	1	3153	2	0	3000
Picture	22	hit	1	7764	2	1403563	1	3153	2	0	3000
Picture	33	miss				1414683	1	3153	2	0	3000
Picture	22	hit	1	2462	2	1425139	1	3153	2	0	3000
Picture	22	hit	1	4154	2	1435595	1	3153	2	0	3000
Picture	22	hit	1	4860	2	1445387	1	3154	2	0	3000
Picture	22	hit	1	3696	2	1456009	1	3154	2	0	3000
Picture	22	hit	1	3449	5	1466131	4	3156	5	0	3000
Picture	22	hit	1	4438	2	1474930	1	3153	2	0	3000
Picture	22	hit	1	7376	2	1484556	1	3153	2	0	3000
Picture	33	miss				1494514	1	3154	2	0	3000
Picture	22	hit	1	1100	2	1503145	1	3153	2	0	3000
Picture	33	miss				1512771	1	3153	2	0	3000
Picture	22	hit	1	2868	2	1522563	1	3153	3	0	3000
Picture	22	hit	1	4747	3	1532023	2	3154	3	0	3000
Picture	22	hit	1	2528	3	1541981	2	3154	3	0	3000
Picture	22	hit	1	2930	2	1550446	1	3153	2	0	3000
Picture	22	hit	1	3059	3	1559242	2	3154	3	0	3000
Picture	22	hit	1	2626	2	1568537	1	3153	2	0	3000
Picture	22	hit	1	2929	2	1577333	1	3153	3	0	3000
Picture	33	hit	1	2240	3	1586295	2	3154	3	0	3000
Picture	22	hit	1	2678	2	1596254	1	3153	2	0	3000
Picture	22	hit	1	2973	2	1604884	1	3153	3	0	3000
Picture	22	hit	1	3124	2	1614842	1	3154	2	0	3000
Picture	22	hit	1	3703	2	1623473	1	3153	2	0	3000
Picture	22	hit	1	3820	2	1632601	1	3153	2	0	3000
Picture	33	miss				1641231	2	3154	3	0	3000
Picture	22	hit	1	387	4	1651687	2	3154	3	0	3000
Picture	22	hit	1	298	2	1661480	1	3153	2	0	3000
Picture	22	hit	1	8853	2	1671272	1	3153	2	0	3000
Picture	33	miss				1681894	1	3153	2	0	3000
Picture	22	hit	1	3667	3	1691022	2	3154	3	0	3000
Picture	22	hit	1	2929	3	1700316	2	3154	3	0	3000
Picture	22	hit	1	2472	2	1708781	1	3153	3	0	3000
Picture	22	hit	1	2595	2	1718739	1	3154	2	0	3000
Picture	22	hit	1	2986	3	1727701	2	3154	3	0	3000
Picture	22	hit	1	1755	2	1738158	1	3153	2	0	3000
Picture	22	hit	1	607	2	1747784	1	3153	2	0	3000
Picture	33	hit	1	2134	3	1756082	2	3154	3	0	3000
Picture	22	hit	1	2489	3	1765377	1	3153	2	0	3000
Picture	22	hit	1	3386	2	1773509	1	3154	2	0	3000
Picture	22	hit	1	2898	4	1782803	2	3154	3	0	3000
Picture	22	hit	1	2613	2	1790936	1	3153	2	0	3000
Picture	22	hit	1	3509	2	1801060	1	3153	3	0	3000
Picture	33	miss				1810520	2	3154	3	0	3000
Picture	22	hit	1	1248	3	1818819	1	3152	5	0	3000
Picture	22	miss				1829109	1	3153	3	0	3000
Picture	22	hit	1	1042	3	1837241	2	3154	3	0	3000
Picture	22	hit	1	8650	3	1848195	2	3154	3	0	3000
Picture	22	miss				1857988	1	3153	2	0	3000
Picture	33	hit	1	517	2	1866784	1	3153	3	0	3000
Picture	22	hit	1	9927	2	1877738	1	3153	3	0	3000
Picture	22	miss				1888194	1	3154	2	0	3000
Picture	22	hit	1	9440	3	1896659	1	3153	2	0	3000
Picture	22	miss				1907281	1	3153	2	0	3000
Picture	22	miss				1917239	1	3153	2	0	3000
Picture	22	hit	1	2759	3	1926201	2	3154	3	0	3000
Picture	22	hit	1	2607	3	1937155	2	3154	3	0	3000
Picture	33	hit	1	1655	3	1947943	2	3154	3	0	3000
Picture	22	hit	1	575	4	1958565	2	3154	3	0	3000
Picture	22	hit	1	8311	3	1968689	2	3154	3	0	3000
Picture	22	miss				1979477	2	3154	3	0	3000
Picture	22	hit	1	2593	3	1988938	1	3153	2	0	3000
Picture	22	hit	1	2310	2	1998730	1	3153	3	0	3000
Picture	33	miss				2007360	2	3154	3	0	3000
Picture	22	hit	1	3510	2	2015991	1	3153	2	0	3000
Picture	22	hit	1	3874	4	2024455	2	3154	3	0	3000
Picture	22	hit	1	3436	2	2034082	1	3153	2	0	3000
Picture	33	miss				2043708	1	3153	2	0	3000
Picture	22	hit	1	3062	2	2052006	1	3154	2	0	3000
Picture	22	hit	1	3518	2	2060471	1	3153	2	0	3000
Picture	22	hit	1	3039	2	2069433	1	3153	3	0	3000
Picture	22	hit	1	2904	3	2077897	2	3154	3	0	3000
Picture	22	hit	1	3658	2	2086860	1	3153	2	0	3000
Picture	22	hit	1	5213	2	2097648	1	3153	2	0	3000
Picture	22	hit	1	5211	2	2107772	1	3153	3	0	3000
Picture	33	miss				2116071	1	3153	2	0	3000
Picture	22	hit	1	2945	2	2125365	1	3153	2	0	3000
Picture	22	hit	1	2337	3	2135655	1	3153	2	0	3000
Picture	22	hit	1	5707	3	2144119	2	3154	3	0	3000
Picture	33	miss				2154741	2	3154	3	0	3000
Picture	22	hit	1	638	2	2164368	1	3153	2	0	3000
Picture	22	hit	1	2577	3	2172998	1	3154	2	0	3000
Picture	22	hit	1	5566	3	2181794	2	3154	3	0	3000
Picture	22	hit	1	4322	2	2190425	1	3153	2	0	3000
Picture	22	hit	1	3646	4	2198723	2	3154	3	0	3000
Picture	33	miss				2207520	1	3153	2	0	3000
Picture	22	hit	1	1636	3	2216150	2	3154	3	0	3000
Picture	22	hit	1	3110	2	2224449	1	3153	2	0	3000
Picture	22	hit	1	2299	2	2235071	1	3153	2	0	3000
Picture	22	hit	1	1279	2	2245693	1	3153	2	0	3000
Picture	22	hit	1	67	2	2256149	1	3153	2	0	3000
Picture	33	hit	1	1773	4	2264281	2	3154	3	0	3000
Picture	22	hit	1	585	2	2273244	1	3153	2	0	3000
Picture	22	hit	1	1626	3	2283202	1	3153	3	0	3000
Picture	22	miss				2291998	2	3154	3	0	3000
Picture	33	miss				2300463	1	3153	2	0	3000
Picture	22	miss				2310753	1	3153	2	0	3000
Picture	33	hit	1	327	2	2321209	1	3153	3	0	3000
Picture	22	hit	1	3969	2	2330669	1	3154	2	0	3000
Picture	22	hit	1	3765	4	2341457	2	3154	3	0	3000
Picture	22	hit	1	1841	3	2352245	2	3154	3	0	3000
Picture	22	hit	1	1572	3	2362535	2	3154	3	0	3000
Picture	22	hit	1	891	2	2372494	1	3153	2	0	3000
Picture	33	hit	1	913	6	2382784	1	3153	2	0	3000
Picture	22	hit	1	1081	2	2392576	1	3153	2	0	3000
Picture	22	hit	1	217	3	2403364	1	3153	3	0	3000
Picture	22	hit	1	2406	3	2411662	2	3154	3	0	3000
Picture	33	hit	1	2341	3	2422118	2	3154	3	0	3000
Picture	22	hit	1	3055	2	2430583	1	3153	3	0	3000
Picture	22	hit	1	2510	2	2440873	1	3154	2	0	3000
Picture	22	hit	1	3077	4	2449669	2	3154	3	0	3000
Picture	22	hit	1	4968	2	2460126	1	3153	2	0	3000
Picture	22	hit	1	3272	2	2470084	1	3153	2	0	3000
Picture	22	hit	1	3782	2	2480374	1	3153	2	0	3000
Picture	22	hit	1	3747	3	2488506	2	3154	3	0	3000
Picture	33	miss				2497801	1	3153	2	0	3000
Picture	22	hit	1	2932	2	2506099	1	3152	5	0	3000
Picture	22	hit	1	1732	2	2514564	1	3153	2	0	3000
Picture	22	miss				2525020	1	3153	2	0	3000
Picture	22	hit	1	4047	2	2534148	1	3153	3	0	3000
Picture	22	hit	1	2135	4	2543774	2	3154	3	0	3000
Picture	22	hit	1	804	2	2552903	1	3153	2	0	3000
Picture	22	hit	1	788	2	2561367	1	3153	3	0	3000
Picture	33	miss				2572487	1	3153	3	0	3000
Picture	22	hit	1	1121	3	2581449	2	3154	3	0	3000
Picture	22	hit	1	78	2	2591076	1	3153	2	0	3000
Picture	22	hit	1	3741	2	2601532	1	3153	2	0	3000
Picture	33	hit	1	1989	2	2611822	1	3153	2	0	3000
Picture	22	hit	1	3019	2	2621780	1	3151	5	0	3000
Picture	22	hit	1	2849	2	2631904	1	3154	2	0	3000
Picture	22	hit	1	2954	3	2640866	2	3154	3	0	3000
Picture	22	hit	1	3000	3	2650659	1	3152	5	0	3000
Picture	22	hit	1	2315	2	2661447	1	3153	2	0	3000
Picture	22	hit	1	2821	3	2671073	1	3153	3	0	3000
Picture	22	hit	1	4561	3	2679703	2	3154	3	0	3000
Picture	33	hit	1	7321	3	2690325	2	3154	3	0	3000
Picture	22	hit	1	5715	4	2701445	2	3154	3	0	3000
Picture	22	hit	1	5689	4	2712399	2	3154	3	0	3000
Picture	22	hit	1	3353	2	2722358	1	3153	2	0	3000
Picture	22	hit	1	2527	2	2731984	1	3153	2	0	3000
Picture	22	hit	1	1140	2	2741610	1	3154	2	0	3000
Picture	33	miss				2750904	2	3154	3	0	3000
Picture	22	hit	1	247	4	2761526	2	3154	3	0	3000
Picture	22	hit	1	1045	2	2769659	1	3153	3	0	3000
Picture	22	miss				2778953	2	3154	3	0	3000
Picture	22	hit	1	3730	3	2787584	1	3153	2	0	3000
Picture	22	hit	1	4756	2	2796712	1	3153	3	0	3000
Picture	33	miss				2807832	1	3153	3	0	3000
Picture	22	hit	1	2520	2	2816131	1	3153	2	0	3000
Picture	22	hit	1	2915	2	2824595	1	3153	2	0	3000
Picture	22	hit	1	3180	3	2833391	2	3154	3	0	3000
Picture	22	hit	1	3194	3	2843681	2	3154	3	0	3000
Picture	22	hit	1	3027	2	2853142	1	3153	2	0	3000
Picture	33	miss				2862934	1	3153	2	0	3000
Picture	22	hit	1	1133	3	2873722	1	3153	2	0	3000
Picture	22	miss				2883846	1	3154	2	0	3000
Picture	22	hit	1	3678	2	2894468	1	3154	2	0	3000
Picture	22	hit	1	3148	3	2904094	2	3154	3	0	3000
Picture	22	hit	1	3924	2	2912559	1	3153	2	0	3000
Picture	33	miss				2921023	2	3154	3	0	3000
