Scenario - GO/NO-GO
Logfile written - 04/25/2011 16:01:57

Subject	Trial	Event Type	Code	Time	TTime	Uncertainty	Duration	Uncertainty	ReqTime	ReqDur

WW	2	Picture	22	289	0	2	3154	3	0	3000
WW	3	Picture	22	9750	0	1	3153	2	0	3000
WW	3	Response	1	13865	4115	1
WW	4	Picture	22	18878	0	1	3154	2	0	3000
WW	4	Response	1	21872	2994	1
WW	5	Picture	33	27342	0	2	3154	3	0	3000
WW	6	Picture	22	37799	0	1	3153	2	0	3000
WW	6	Response	1	40055	2256	1
WW	7	Picture	22	46761	0	1	3153	2	0	3000
WW	7	Response	1	48794	2033	1
WW	8	Picture	22	57217	0	1	3153	3	0	3000
WW	8	Response	1	59719	2502	2
WW	9	Picture	22	66677	0	2	3154	3	0	3000
WW	9	Response	1	69135	2458	1
WW	10	Picture	22	76470	0	1	3153	2	0	3000
WW	10	Response	1	80440	3970	1
WW	11	Picture	22	85930	0	1	3153	2	0	3000
WW	11	Response	1	88705	2775	2
WW	12	Picture	22	95556	0	1	3153	3	0	3000
WW	12	Response	1	98008	2452	1
WW	13	Picture	33	105182	0	2	3154	3	0	3000
WW	13	Response	1	107104	1922	1
WW	14	Picture	22	115804	0	2	3154	3	0	3000
WW	14	Response	1	118262	2458	1
WW	15	Picture	22	125597	0	1	3153	2	0	3000
WW	15	Response	1	128062	2465	1
WW	16	Picture	22	133729	0	1	3154	2	0	3000
WW	16	Response	1	135829	2100	1
WW	16	Response	1	142684	8955	1
WW	17	Picture	22	143355	0	2	3154	3	0	3000
WW	18	Picture	22	153811	0	2	3154	3	0	3000
WW	18	Response	1	156974	3163	2
WW	19	Picture	33	164765	0	2	3154	3	0	3000
WW	19	Response	1	167423	2658	1
WW	20	Picture	22	173230	0	1	3153	2	0	3000
WW	20	Response	1	176623	3393	2
WW	21	Picture	22	184184	0	1	3153	2	0	3000
WW	21	Response	1	186866	2682	2
WW	22	Picture	22	192814	0	2	3154	3	0	3000
WW	22	Response	1	195131	2317	1
WW	23	Picture	33	201445	0	1	3153	2	0	3000
WW	23	Response	1	203899	2454	2
WW	24	Picture	22	211569	0	1	3153	2	0	3000
WW	24	Response	1	214310	2741	2
WW	25	Picture	22	222025	0	1	3153	2	0	3000
WW	25	Response	1	223987	1962	2
WW	26	Picture	22	232647	0	1	3153	3	0	3000
WW	26	Response	1	235233	2586	2
WW	27	Picture	22	242771	0	1	3154	2	0	3000
WW	27	Response	1	247154	4383	2
WW	28	Picture	22	251899	0	2	3154	3	0	3000
WW	28	Response	1	255242	3343	2
WW	29	Picture	33	260198	0	1	3153	2	0	3000
WW	30	Picture	22	269160	0	2	3154	3	0	3000
WW	30	Response	1	271535	2375	1
WW	31	Picture	22	279450	0	2	3154	3	0	3000
WW	31	Response	1	282958	3508	1
WW	32	Picture	22	290404	0	2	3154	3	0	3000
WW	33	Picture	22	301358	0	2	3154	3	0	3000
WW	33	Response	1	304268	2910	1
WW	34	Picture	22	311483	0	1	3153	2	0	3000
WW	34	Response	1	314333	2850	1
WW	35	Picture	22	320611	0	1	3153	2	0	3000
WW	35	Response	1	323634	3023	1
WW	36	Picture	22	331233	0	1	3153	2	0	3000
WW	36	Response	1	334556	3323	1
WW	37	Picture	33	342353	0	1	3153	3	0	3000
WW	38	Picture	22	352809	0	1	3153	3	0	3000
WW	38	Response	1	355333	2524	1
WW	39	Picture	22	363597	0	1	3153	3	0	3000
WW	39	Response	1	366403	2806	1
WW	40	Picture	22	373721	0	1	3154	2	0	3000
WW	40	Response	1	376353	2632	1
WW	41	Picture	33	382020	0	1	3153	2	0	3000
WW	42	Picture	22	390816	0	1	3154	2	0	3000
WW	42	Response	1	393354	2538	1
WW	43	Picture	22	399446	0	2	3154	3	0	3000
WW	43	Response	1	402270	2824	1
WW	44	Picture	22	408077	0	1	3153	2	0	3000
WW	44	Response	1	410776	2699	2
WW	45	Picture	33	418699	0	1	3153	3	0	3000
WW	45	Response	1	421202	2503	1
WW	46	Picture	22	427329	0	2	3154	3	0	3000
WW	46	Response	1	430703	3374	2
WW	47	Picture	22	435794	0	1	3153	2	0	3000
WW	47	Response	1	438764	2970	2
WW	48	Picture	22	445918	0	1	3153	3	0	3000
WW	48	Response	1	449217	3299	1
WW	49	Picture	33	456042	0	1	3154	2	0	3000
WW	49	Response	1	458573	2531	2
WW	50	Picture	22	465336	0	2	3154	3	0	3000
WW	50	Response	1	468549	3213	1
WW	51	Picture	22	474963	0	1	3153	2	0	3000
WW	51	Response	1	477703	2740	1
WW	52	Picture	22	483925	0	1	3153	3	0	3000
WW	52	Response	1	487326	3401	1
WW	53	Picture	33	494713	0	1	3153	3	0	3000
WW	54	Picture	22	504173	0	2	3154	3	0	3000
WW	54	Response	1	506896	2723	1
WW	55	Picture	22	513302	0	1	3153	2	0	3000
WW	55	Response	1	515959	2657	1
WW	56	Picture	22	522596	0	1	3153	3	0	3000
WW	56	Response	1	525670	3074	1
WW	57	Picture	33	531392	0	2	3154	3	0	3000
WW	58	Picture	22	542512	0	2	3154	3	0	3000
WW	58	Response	1	545592	3080	1
WW	59	Picture	22	551143	0	1	3153	2	0	3000
WW	59	Response	1	555309	4166	1
WW	60	Picture	22	562097	0	1	3153	2	0	3000
WW	60	Response	1	565053	2956	1
WW	61	Picture	33	572553	0	1	3153	2	0	3000
WW	62	Picture	22	582843	0	1	3153	3	0	3000
WW	62	Response	1	585947	3104	2
WW	63	Picture	22	591805	0	2	3154	3	0	3000
WW	63	Response	1	594809	3004	1
WW	64	Picture	22	602759	0	2	3154	3	0	3000
WW	64	Response	1	605495	2736	1
WW	65	Picture	33	612883	0	2	3154	3	0	3000
WW	66	Picture	22	623505	0	2	3154	3	0	3000
WW	66	Response	1	626684	3179	1
WW	67	Picture	22	633464	0	1	3153	2	0	3000
WW	67	Response	1	635839	2375	1
WW	68	Picture	22	641596	0	1	3154	2	0	3000
WW	68	Response	1	644518	2922	1
WW	69	Picture	33	652218	0	2	3154	3	0	3000
WW	70	Picture	22	661845	0	1	3153	2	0	3000
WW	70	Response	1	666768	4923	2
WW	71	Picture	22	671139	0	1	3153	2	0	3000
WW	71	Response	1	673885	2746	1
WW	72	Picture	22	679603	0	2	3154	3	0	3000
WW	72	Response	1	682176	2573	1
WW	73	Picture	22	688898	0	1	3153	2	0	3000
WW	73	Response	1	692033	3135	1
WW	74	Picture	22	699520	0	1	3153	2	0	3000
WW	74	Response	1	703099	3579	1
WW	75	Picture	33	707984	0	1	3153	3	0	3000
WW	76	Picture	22	716614	0	2	3154	3	0	3000
WW	76	Response	1	719391	2777	1
WW	77	Picture	33	727403	0	1	3153	2	0	3000
WW	77	Response	1	729871	2468	2
WW	78	Picture	22	737361	0	1	3153	2	0	3000
WW	78	Response	1	741411	4050	2
WW	79	Picture	22	745825	0	1	3154	2	0	3000
WW	79	Response	1	750123	4298	1
WW	80	Picture	22	756945	0	1	3154	2	0	3000
WW	80	Response	1	760044	3099	1
WW	81	Picture	33	767235	0	1	3154	2	0	3000
WW	82	Picture	22	778023	0	2	3154	3	0	3000
WW	82	Response	1	780733	2710	1
WW	83	Picture	22	786654	0	1	3153	2	0	3000
WW	83	Response	1	789651	2997	1
WW	84	Picture	22	795450	0	1	3154	2	0	3000
WW	84	Response	1	798540	3090	2
WW	85	Picture	22	806072	0	1	3154	2	0	3000
WW	85	Response	1	808668	2596	1
WW	86	Picture	22	816362	0	1	3154	2	0	3000
WW	86	Response	1	818818	2456	2
WW	87	Picture	33	825988	0	2	3154	3	0	3000
WW	88	Picture	22	836279	0	1	3153	2	0	3000
WW	88	Response	1	839153	2874	1
WW	89	Picture	33	845241	0	1	3153	2	0	3000
WW	90	Picture	22	854701	0	2	3154	3	0	3000
WW	90	Response	1	858276	3575	1
WW	91	Picture	22	862834	0	1	3153	2	0	3000
WW	91	Response	1	866221	3387	2
WW	92	Picture	22	871796	0	1	3154	2	0	3000
WW	92	Response	1	875165	3369	2
WW	93	Picture	22	880758	0	2	3154	3	0	3000
WW	93	Response	1	884874	4116	1
WW	94	Picture	22	889555	0	1	3153	2	0	3000
WW	94	Response	1	893877	4322	1
WW	95	Picture	33	899015	0	1	3154	2	0	3000
WW	95	Response	1	906186	7171	1
WW	96	Picture	22	908973	0	2	3154	3	0	3000
WW	97	Picture	22	918102	0	1	3153	2	0	3000
WW	97	Response	1	920895	2793	1
WW	98	Picture	22	928226	0	1	3153	2	0	3000
WW	98	Response	1	931932	3706	1
WW	99	Picture	22	938018	0	1	3153	3	0	3000
WW	99	Response	1	941971	3953	1
WW	100	Picture	22	948640	0	1	3153	3	0	3000
WW	100	Response	1	951682	3042	2
WW	101	Picture	33	959262	0	1	3154	2	0	3000
WW	102	Picture	22	967395	0	1	3153	2	0	3000
WW	102	Response	1	970302	2907	1
WW	103	Picture	22	975859	0	1	3153	3	0	3000
WW	103	Response	1	979100	3241	1
WW	104	Picture	22	986315	0	1	3154	2	0	3000
WW	104	Response	1	989169	2854	1
WW	105	Picture	22	995278	0	1	3153	2	0	3000
WW	105	Response	1	1000446	5168	1
WW	106	Picture	22	1004074	0	1	3153	2	0	3000
WW	106	Response	1	1006708	2634	1
WW	107	Picture	22	1013202	0	2	3154	3	0	3000
WW	107	Response	1	1017127	3925	1
WW	108	Picture	22	1023160	0	2	3154	3	0	3000
WW	108	Response	1	1026773	3613	2
WW	109	Picture	33	1032953	0	1	3153	2	0	3000
WW	110	Picture	22	1041749	0	1	3153	3	0	3000
WW	110	Response	1	1044652	2903	2
WW	111	Picture	22	1050877	0	2	3154	3	0	3000
WW	111	Response	1	1053535	2658	2
WW	112	Picture	22	1060172	0	1	3153	2	0	3000
WW	112	Response	1	1063482	3310	1
WW	113	Picture	22	1069798	0	1	3153	2	0	3000
WW	113	Response	1	1072572	2774	1
WW	114	Picture	22	1079424	0	1	3154	2	0	3000
WW	114	Response	1	1082401	2977	1
WW	115	Picture	22	1089216	0	2	3154	3	0	3000
WW	115	Response	1	1092906	3690	2
WW	116	Picture	22	1098511	0	1	3153	2	0	3000
WW	116	Response	1	1101524	3013	1
WW	117	Picture	33	1106643	0	1	3154	2	0	3000
WW	118	Picture	22	1115108	0	1	3153	2	0	3000
WW	118	Response	1	1118582	3474	1
WW	119	Picture	22	1126228	0	1	3153	2	0	3000
WW	119	Response	1	1129381	3153	1
WW	120	Picture	22	1135024	0	1	3153	3	0	3000
WW	120	Response	1	1138495	3471	1
WW	121	Picture	33	1143986	0	2	3154	3	0	3000
WW	122	Picture	22	1155106	0	2	3154	3	0	3000
WW	122	Response	1	1157998	2892	1
WW	123	Picture	33	1164235	0	1	3153	2	0	3000
WW	123	Response	1	1167593	3358	1
WW	124	Picture	22	1174359	0	1	3153	2	0	3000
WW	124	Response	1	1178801	4442	1
WW	125	Picture	22	1182989	0	1	3154	2	0	3000
WW	125	Response	1	1186328	3339	1
WW	126	Picture	22	1192947	0	2	3154	3	0	3000
WW	126	Response	1	1195566	2619	1
WW	127	Picture	33	1201412	0	1	3153	2	0	3000
WW	128	Picture	22	1210374	0	1	3154	2	0	3000
WW	128	Response	1	1213982	3608	4
WW	129	Picture	22	1220166	0	2	3154	3	0	3000
WW	129	Response	1	1224930	4764	1
WW	130	Picture	22	1229461	0	1	3153	2	0	3000
WW	130	Response	1	1231807	2346	1
WW	131	Picture	33	1237593	0	2	3154	3	0	3000
WW	131	Response	1	1246918	9325	2
WW	132	Picture	22	1247551	0	2	3154	3	0	3000
WW	133	Picture	22	1256514	0	1	3153	2	0	3000
WW	133	Response	1	1259054	2540	1
WW	134	Picture	22	1266638	0	1	3153	2	0	3000
WW	134	Response	1	1268970	2332	1
WW	135	Picture	33	1277094	0	1	3153	3	0	3000
WW	136	Picture	22	1287052	0	1	3154	2	0	3000
WW	136	Response	1	1289859	2807	2
WW	137	Picture	22	1295351	0	1	3153	2	0	3000
WW	137	Response	1	1299214	3863	2
WW	138	Picture	22	1304479	0	1	3153	3	0	3000
WW	138	Response	1	1307566	3087	1
WW	139	Picture	22	1314769	0	1	3154	2	0	3000
WW	139	Response	1	1318747	3978	1
WW	140	Picture	22	1325391	0	1	3154	2	0	3000
WW	140	Response	1	1328988	3597	1
WW	141	Picture	22	1336179	0	1	3154	2	0	3000
WW	141	Response	1	1339318	3139	2
WW	142	Picture	22	1347299	0	1	3154	2	0	3000
WW	142	Response	1	1350716	3417	1
WW	143	Picture	33	1356759	0	2	3154	3	0	3000
WW	144	Picture	22	1367050	0	1	3153	2	0	3000
WW	144	Response	1	1370989	3939	2
WW	145	Picture	22	1376012	0	1	3153	3	0	3000
WW	145	Response	1	1379582	3570	1
WW	146	Picture	22	1386634	0	1	3153	3	0	3000
WW	146	Response	1	1389973	3339	1
WW	147	Picture	33	1396592	0	1	3154	2	0	3000
WW	148	Picture	22	1406218	0	2	3154	3	0	3000
WW	148	Response	1	1409419	3201	1
WW	149	Picture	22	1416840	0	2	3154	3	0	3000
WW	149	Response	1	1420283	3443	4
WW	150	Picture	22	1424973	0	1	3153	3	0	3000
WW	150	Response	1	1428753	3780	1
WW	151	Picture	22	1435927	0	1	3153	3	0	3000
WW	151	Response	1	1439262	3335	1
WW	152	Picture	22	1445885	0	1	3154	2	0	3000
WW	152	Response	1	1448676	2791	1
WW	153	Picture	22	1456839	0	1	3154	2	0	3000
WW	153	Response	1	1459834	2995	2
WW	154	Picture	22	1466465	0	2	3154	3	0	3000
WW	154	Response	1	1469277	2812	1
WW	155	Picture	33	1475594	0	1	3153	2	0	3000
WW	156	Picture	22	1486382	0	1	3153	2	0	3000
WW	156	Response	1	1488985	2603	1
WW	157	Picture	22	1496672	0	1	3153	2	0	3000
WW	157	Response	1	1500231	3559	1
WW	158	Picture	22	1506298	0	1	3154	2	0	3000
WW	158	Response	1	1512807	6509	1
WW	159	Picture	33	1516256	0	2	3154	5	0	3000
WW	160	Picture	22	1526878	0	2	3154	3	0	3000
WW	160	Response	1	1529656	2778	1
WW	161	Picture	33	1537500	0	2	3154	3	0	3000
WW	162	Picture	22	1547957	0	1	3153	2	0	3000
WW	162	Response	1	1550779	2822	1
WW	163	Picture	22	1557251	0	1	3153	2	0	3000
WW	163	Response	1	1560850	3599	1
WW	164	Picture	22	1566877	0	1	3153	3	0	3000
WW	164	Response	1	1570718	3841	1
WW	165	Picture	22	1576669	0	1	3154	2	0	3000
WW	165	Response	1	1580522	3853	1
WW	166	Picture	22	1585134	0	1	3153	2	0	3000
WW	166	Response	1	1590854	5720	1
WW	167	Picture	33	1593598	0	1	3154	2	0	3000
WW	168	Picture	22	1603722	0	2	3154	3	0	3000
WW	168	Response	1	1607055	3333	2
WW	169	Picture	22	1613846	0	2	3154	3	0	3000
WW	169	Response	1	1618424	4578	2
WW	170	Picture	22	1622975	0	1	3153	2	0	3000
WW	170	Response	1	1630170	7195	4
WW	171	Picture	22	1631439	0	1	3154	2	0	3000
WW	172	Picture	22	1640899	0	2	3154	3	0	3000
WW	172	Response	1	1641799	900	1
WW	173	Picture	22	1649032	0	1	3153	3	0	3000
WW	173	Response	1	1651895	2863	1
WW	174	Picture	22	1658492	0	2	3154	3	0	3000
WW	174	Response	1	1661963	3471	1
WW	175	Picture	33	1666791	0	1	3153	2	0	3000
WW	176	Picture	22	1675089	0	1	3154	2	0	3000
WW	176	Response	1	1682003	6914	1
WW	177	Picture	33	1685545	0	2	3154	3	0	3000
WW	178	Picture	22	1695835	0	2	3154	3	0	3000
WW	178	Response	1	1699449	3614	1
WW	179	Picture	33	1705794	0	1	3153	2	0	3000
WW	179	Response	1	1708569	2775	2
WW	180	Picture	22	1714424	0	1	3153	3	0	3000
WW	181	Picture	22	1725212	0	1	3154	2	0	3000
WW	181	Response	1	1729023	3811	1
WW	182	Picture	22	1735170	0	1	3154	2	0	3000
WW	182	Response	1	1738061	2891	1
WW	183	Picture	22	1744630	0	2	3154	3	0	3000
WW	183	Response	1	1752312	7682	1
WW	184	Picture	22	1754755	0	1	3153	2	0	3000
WW	184	Response	1	1759338	4583	1
WW	185	Picture	22	1763883	0	1	3153	3	0	3000
WW	186	Picture	22	1772513	0	2	3154	3	0	3000
WW	186	Response	1	1775370	2857	1
WW	187	Picture	33	1782804	0	1	3153	2	0	3000
WW	187	Response	1	1783457	653	1
WW	188	Picture	22	1792098	0	1	3153	2	0	3000
WW	188	Response	1	1795012	2914	1
WW	189	Picture	22	1802222	0	1	3153	3	0	3000
WW	189	Response	1	1805046	2824	2
WW	190	Picture	22	1811682	0	1	3154	2	0	3000
WW	190	Response	1	1814581	2899	1
WW	191	Picture	33	1820147	0	1	3153	2	0	3000
WW	192	Picture	22	1829429	0	19	3165	21	0	3000
WW	192	Response	1	1832641	3212	1
WW	193	Picture	22	1840561	0	1	3153	2	0	3000
WW	193	Response	1	1843480	2919	1
WW	194	Picture	22	1849689	0	2	3154	3	0	3000
WW	194	Response	1	1853070	3381	1
WW	195	Picture	33	1857822	0	1	3153	2	0	3000
WW	196	Picture	22	1868610	0	1	3153	2	0	3000
WW	196	Response	1	1871752	3142	2
WW	197	Picture	22	1879564	0	1	3153	2	0	3000
WW	197	Response	1	1882759	3195	1
WW	198	Picture	22	1888194	0	1	3154	2	0	3000
WW	198	Response	1	1891819	3625	2
WW	199	Picture	22	1898816	0	2	3154	3	0	3000
WW	199	Response	1	1903922	5106	1
WW	200	Picture	22	1909770	0	2	3154	3	0	3000
WW	200	Response	1	1913161	3391	2
WW	201	Picture	22	1920392	0	2	3154	3	0	3000
WW	201	Response	1	1924025	3633	1
WW	202	Picture	22	1929521	0	1	3153	2	0	3000
WW	202	Response	1	1933114	3593	1
WW	203	Picture	33	1939479	0	1	3153	2	0	3000
WW	204	Picture	22	1950433	0	1	3153	2	0	3000
WW	204	Response	1	1953474	3041	2
WW	205	Picture	22	1960557	0	1	3153	3	0	3000
WW	205	Response	1	1964396	3839	2
WW	206	Picture	22	1970681	0	1	3154	2	0	3000
WW	206	Response	1	1973959	3278	2
WW	207	Picture	22	1981635	0	1	3154	2	0	3000
WW	208	Picture	22	1991095	0	2	3154	3	0	3000
WW	209	Picture	33	1999560	0	1	3153	2	0	3000
WW	210	Picture	22	2010680	0	1	3153	2	0	3000
WW	210	Response	1	2013822	3142	2
WW	211	Picture	22	2019642	0	1	3154	2	0	3000
WW	211	Response	1	2024215	4573	1
WW	212	Picture	22	2029268	0	2	3154	3	0	3000
WW	212	Response	1	2034335	5067	2
WW	213	Picture	22	2040388	0	2	3154	3	0	3000
WW	213	Response	1	2045313	4925	1
WW	214	Picture	22	2049849	0	1	3153	2	0	3000
WW	214	Response	1	2053343	3494	1
WW	215	Picture	33	2060305	0	1	3153	2	0	3000
WW	215	Response	1	2063676	3371	2
WW	216	Picture	22	2071259	0	1	3153	2	0	3000
WW	216	Response	1	2074474	3215	1
WW	217	Picture	22	2081383	0	1	3153	2	0	3000
WW	217	Response	1	2083950	2567	1
WW	218	Picture	22	2090511	0	1	3154	2	0	3000
WW	218	Response	1	2093309	2798	1
WW	219	Picture	22	2099308	0	1	3153	2	0	3000
WW	219	Response	1	2103641	4333	1
WW	220	Picture	22	2108934	0	1	3153	2	0	3000
WW	220	Response	1	2111878	2944	1
WW	221	Picture	22	2117066	0	2	3154	3	0	3000
WW	221	Response	1	2120382	3316	2
WW	222	Picture	22	2127191	0	1	3153	2	0	3000
WW	222	Response	1	2130007	2816	2
WW	223	Picture	33	2136983	0	1	3153	2	0	3000
WW	223	Response	1	2140221	3238	2
WW	224	Picture	22	2146775	0	1	3153	3	0	3000
WW	224	Response	1	2149698	2923	1
WW	225	Picture	22	2155405	0	2	3154	3	0	3000
WW	225	Response	1	2157970	2565	1
WW	226	Picture	22	2165364	0	1	3153	2	0	3000
WW	226	Response	1	2168095	2731	1
WW	227	Picture	22	2175654	0	1	3153	2	0	3000
WW	227	Response	1	2179221	3567	2
WW	228	Picture	22	2184616	0	1	3153	3	0	3000
WW	228	Response	1	2187490	2874	1
WW	229	Picture	33	2195570	0	1	3154	2	0	3000
WW	230	Picture	22	2204864	0	2	3154	3	0	3000
WW	230	Response	1	2207590	2726	1
WW	231	Picture	33	2214989	0	1	3153	2	0	3000
WW	231	Response	1	2218092	3103	2
WW	232	Picture	22	2225611	0	1	3153	2	0	3000
WW	232	Response	1	2228147	2536	1
WW	233	Picture	22	2233909	0	1	3154	2	0	3000
WW	233	Response	1	2237739	3830	1
WW	234	Picture	22	2243203	0	2	3154	3	0	3000
WW	234	Response	1	2249991	6788	1
WW	235	Picture	22	2253825	0	2	3154	3	0	3000
WW	235	Response	1	2256899	3074	2
WW	236	Picture	22	2264613	0	2	3154	3	0	3000
WW	236	Response	1	2267523	2910	2
WW	237	Picture	33	2274904	0	1	3153	2	0	3000
WW	238	Picture	22	2283036	0	1	3154	2	0	3000
WW	238	Response	1	2286174	3138	1
WW	239	Picture	22	2291169	0	1	3153	2	0	3000
WW	240	Picture	22	2302123	0	1	3153	2	0	3000
WW	241	Picture	22	2313077	0	1	3153	2	0	3000
WW	241	Response	1	2317748	4671	1
WW	242	Picture	22	2322537	0	1	3153	2	0	3000
WW	242	Response	1	2327311	4774	1
WW	243	Picture	33	2331997	0	1	3154	2	0	3000
WW	244	Picture	22	2341623	0	2	3154	3	0	3000
WW	244	Response	1	2349529	7906	2
WW	245	Picture	22	2350918	0	1	3153	2	0	3000
WW	246	Picture	22	2361540	0	1	3153	2	0	3000
WW	246	Response	1	2367765	6225	1
WW	247	Picture	33	2371000	0	1	3153	3	0	3000
WW	248	Picture	22	2380958	0	1	3154	2	0	3000
WW	248	Response	1	2384023	3065	1
WW	249	Picture	22	2391082	0	2	3154	3	0	3000
WW	249	Response	1	2393322	2240	1
WW	250	Picture	22	2400045	0	1	3153	2	0	3000
WW	251	Picture	33	2409173	0	1	3153	3	0	3000
WW	252	Picture	22	2419131	0	1	3154	2	0	3000
WW	252	Response	1	2422419	3288	1
WW	253	Picture	22	2427264	0	1	3153	2	0	3000
WW	254	Picture	22	2436724	0	1	3153	3	0	3000
WW	254	Response	1	2439362	2638	1
WW	255	Picture	33	2446018	0	2	3154	3	0	3000
WW	255	Response	1	2449133	3115	1
WW	256	Picture	22	2455645	0	1	3153	2	0	3000
WW	256	Response	1	2459730	4085	2
WW	257	Picture	22	2465271	0	1	3153	2	0	3000
WW	258	Picture	22	2473901	0	1	3154	2	0	3000
WW	258	Response	1	2476589	2688	1
WW	259	Picture	22	2484855	0	1	3154	2	0	3000
WW	259	Response	1	2488426	3571	2
WW	260	Picture	22	2495145	0	2	3154	3	0	3000
WW	260	Response	1	2505724	10579	1
WW	261	Picture	33	2506265	0	1	3154	2	0	3000
WW	262	Picture	22	2515726	0	1	3153	2	0	3000
WW	262	Response	1	2519894	4168	1
WW	263	Picture	33	2524024	0	1	3153	3	0	3000
WW	264	Picture	22	2534978	0	1	3153	3	0	3000
WW	264	Response	1	2537637	2659	1
WW	265	Picture	22	2544106	0	2	3154	3	0	3000
WW	266	Picture	22	2553235	0	1	3153	2	0	3000
WW	267	Picture	33	2562695	0	1	3153	3	0	3000
WW	268	Picture	22	2570827	0	2	3154	3	0	3000
WW	268	Response	1	2573726	2899	1
WW	269	Picture	22	2581284	0	1	3153	2	0	3000
WW	270	Picture	22	2591076	0	1	3153	2	0	3000
WW	270	Response	1	2594183	3107	1
WW	271	Picture	33	2600868	0	1	3153	2	0	3000
WW	272	Picture	22	2611158	0	1	3153	3	0	3000
WW	272	Response	1	2614047	2889	1
WW	273	Picture	22	2622112	0	1	3153	3	0	3000
WW	273	Response	1	2624766	2654	1
WW	274	Picture	22	2630742	0	2	3154	3	0	3000
WW	274	Response	1	2633567	2825	2
WW	275	Picture	22	2641365	0	1	3153	2	0	3000
WW	275	Response	1	2644045	2680	1
WW	276	Picture	22	2652485	0	1	3153	2	0	3000
WW	276	Response	1	2655259	2774	2
WW	277	Picture	22	2662775	0	1	3153	2	0	3000
WW	277	Response	1	2665766	2991	1
WW	278	Picture	22	2673065	0	1	3153	2	0	3000
WW	278	Response	1	2676390	3325	2
WW	279	Picture	33	2683853	0	1	3153	2	0	3000
WW	280	Picture	22	2693147	0	1	3153	3	0	3000
WW	280	Response	1	2693658	511	1
WW	281	Picture	33	2703935	0	1	3154	2	0	3000
WW	282	Picture	22	2713727	0	2	3154	3	0	3000
WW	282	Response	1	2714147	420	1
WW	283	Picture	33	2722358	0	1	3153	2	0	3000
WW	284	Picture	22	2730822	0	1	3154	2	0	3000
WW	284	Response	1	2733845	3023	2
WW	285	Picture	22	2740117	0	1	3153	2	0	3000
WW	285	Response	1	2743020	2903	1
WW	286	Picture	22	2749079	0	1	3153	2	0	3000
WW	286	Response	1	2751583	2504	1
WW	287	Picture	22	2757377	0	2	3154	3	0	3000
WW	287	Response	1	2760055	2678	1
WW	288	Picture	22	2765510	0	1	3153	2	0	3000
WW	288	Response	1	2768613	3103	1
WW	289	Picture	33	2775800	0	1	3153	3	0	3000
WW	290	Picture	22	2785426	0	1	3154	2	0	3000
WW	290	Response	1	2788624	3198	1
WW	291	Picture	22	2795882	0	2	3154	3	0	3000
WW	291	Response	1	2799047	3165	2
WW	292	Picture	22	2804679	0	1	3153	2	0	3000
WW	292	Response	1	2807169	2490	1
WW	293	Picture	22	2814803	0	1	3153	2	0	3000
WW	293	Response	1	2817411	2608	1
WW	294	Picture	22	2824097	0	1	3154	2	0	3000
WW	294	Response	1	2825824	1727	1
WW	295	Picture	22	2833557	0	2	3154	3	0	3000
WW	295	Response	1	2836339	2782	1
WW	296	Picture	22	2842852	0	1	3153	2	0	3000
WW	296	Response	1	2844986	2134	1
WW	297	Picture	33	2852810	0	1	3153	2	0	3000
WW	298	Picture	22	2861606	0	2	3154	3	0	3000
WW	298	Response	1	2864320	2714	1
WW	299	Picture	22	2870237	0	1	3153	2	0	3000
WW	299	Response	1	2873176	2939	1
WW	300	Picture	22	2881191	0	1	3153	2	0	3000
WW	300	Response	1	2884657	3466	2
WW	301	Picture	33	2890153	0	1	3153	3	0	3000


Event Type	Code	Type	Response	RT	RT Uncertainty	Time	Uncertainty	Duration	Uncertainty	ReqTime	ReqDur

Picture	22	miss				289	2	3154	3	0	3000
Picture	22	hit	1	4115	2	9750	1	3153	2	0	3000
Picture	22	hit	1	2994	2	18878	1	3154	2	0	3000
Picture	33	miss				27342	2	3154	3	0	3000
Picture	22	hit	1	2256	2	37799	1	3153	2	0	3000
Picture	22	hit	1	2033	2	46761	1	3153	2	0	3000
Picture	22	hit	1	2502	3	57217	1	3153	3	0	3000
Picture	22	hit	1	2458	3	66677	2	3154	3	0	3000
Picture	22	hit	1	3970	2	76470	1	3153	2	0	3000
Picture	22	hit	1	2775	3	85930	1	3153	2	0	3000
Picture	22	hit	1	2452	2	95556	1	3153	3	0	3000
Picture	33	hit	1	1922	3	105182	2	3154	3	0	3000
Picture	22	hit	1	2458	3	115804	2	3154	3	0	3000
Picture	22	hit	1	2465	2	125597	1	3153	2	0	3000
Picture	22	hit	1	2100	2	133729	1	3154	2	0	3000
Picture	22	miss				143355	2	3154	3	0	3000
Picture	22	hit	1	3163	4	153811	2	3154	3	0	3000
Picture	33	hit	1	2658	3	164765	2	3154	3	0	3000
Picture	22	hit	1	3393	3	173230	1	3153	2	0	3000
Picture	22	hit	1	2682	3	184184	1	3153	2	0	3000
Picture	22	hit	1	2317	3	192814	2	3154	3	0	3000
Picture	33	hit	1	2454	3	201445	1	3153	2	0	3000
Picture	22	hit	1	2741	3	211569	1	3153	2	0	3000
Picture	22	hit	1	1962	3	222025	1	3153	2	0	3000
Picture	22	hit	1	2586	3	232647	1	3153	3	0	3000
Picture	22	hit	1	4383	3	242771	1	3154	2	0	3000
Picture	22	hit	1	3343	4	251899	2	3154	3	0	3000
Picture	33	miss				260198	1	3153	2	0	3000
Picture	22	hit	1	2375	3	269160	2	3154	3	0	3000
Picture	22	hit	1	3508	3	279450	2	3154	3	0	3000
Picture	22	miss				290404	2	3154	3	0	3000
Picture	22	hit	1	2910	3	301358	2	3154	3	0	3000
Picture	22	hit	1	2850	2	311483	1	3153	2	0	3000
Picture	22	hit	1	3023	2	320611	1	3153	2	0	3000
Picture	22	hit	1	3323	2	331233	1	3153	2	0	3000
Picture	33	miss				342353	1	3153	3	0	3000
Picture	22	hit	1	2524	2	352809	1	3153	3	0	3000
Picture	22	hit	1	2806	2	363597	1	3153	3	0	3000
Picture	22	hit	1	2632	2	373721	1	3154	2	0	3000
Picture	33	miss				382020	1	3153	2	0	3000
Picture	22	hit	1	2538	2	390816	1	3154	2	0	3000
Picture	22	hit	1	2824	3	399446	2	3154	3	0	3000
Picture	22	hit	1	2699	3	408077	1	3153	2	0	3000
Picture	33	hit	1	2503	2	418699	1	3153	3	0	3000
Picture	22	hit	1	3374	4	427329	2	3154	3	0	3000
Picture	22	hit	1	2970	3	435794	1	3153	2	0	3000
Picture	22	hit	1	3299	2	445918	1	3153	3	0	3000
Picture	33	hit	1	2531	3	456042	1	3154	2	0	3000
Picture	22	hit	1	3213	3	465336	2	3154	3	0	3000
Picture	22	hit	1	2740	2	474963	1	3153	2	0	3000
Picture	22	hit	1	3401	2	483925	1	3153	3	0	3000
Picture	33	miss				494713	1	3153	3	0	3000
Picture	22	hit	1	2723	3	504173	2	3154	3	0	3000
Picture	22	hit	1	2657	2	513302	1	3153	2	0	3000
Picture	22	hit	1	3074	2	522596	1	3153	3	0	3000
Picture	33	miss				531392	2	3154	3	0	3000
Picture	22	hit	1	3080	3	542512	2	3154	3	0	3000
Picture	22	hit	1	4166	2	551143	1	3153	2	0	3000
Picture	22	hit	1	2956	2	562097	1	3153	2	0	3000
Picture	33	miss				572553	1	3153	2	0	3000
Picture	22	hit	1	3104	3	582843	1	3153	3	0	3000
Picture	22	hit	1	3004	3	591805	2	3154	3	0	3000
Picture	22	hit	1	2736	3	602759	2	3154	3	0	3000
Picture	33	miss				612883	2	3154	3	0	3000
Picture	22	hit	1	3179	3	623505	2	3154	3	0	3000
Picture	22	hit	1	2375	2	633464	1	3153	2	0	3000
Picture	22	hit	1	2922	2	641596	1	3154	2	0	3000
Picture	33	miss				652218	2	3154	3	0	3000
Picture	22	hit	1	4923	3	661845	1	3153	2	0	3000
Picture	22	hit	1	2746	2	671139	1	3153	2	0	3000
Picture	22	hit	1	2573	3	679603	2	3154	3	0	3000
Picture	22	hit	1	3135	2	688898	1	3153	2	0	3000
Picture	22	hit	1	3579	2	699520	1	3153	2	0	3000
Picture	33	miss				707984	1	3153	3	0	3000
Picture	22	hit	1	2777	3	716614	2	3154	3	0	3000
Picture	33	hit	1	2468	3	727403	1	3153	2	0	3000
Picture	22	hit	1	4050	3	737361	1	3153	2	0	3000
Picture	22	hit	1	4298	2	745825	1	3154	2	0	3000
Picture	22	hit	1	3099	2	756945	1	3154	2	0	3000
Picture	33	miss				767235	1	3154	2	0	3000
Picture	22	hit	1	2710	3	778023	2	3154	3	0	3000
Picture	22	hit	1	2997	2	786654	1	3153	2	0	3000
Picture	22	hit	1	3090	3	795450	1	3154	2	0	3000
Picture	22	hit	1	2596	2	806072	1	3154	2	0	3000
Picture	22	hit	1	2456	3	816362	1	3154	2	0	3000
Picture	33	miss				825988	2	3154	3	0	3000
Picture	22	hit	1	2874	2	836279	1	3153	2	0	3000
Picture	33	miss				845241	1	3153	2	0	3000
Picture	22	hit	1	3575	3	854701	2	3154	3	0	3000
Picture	22	hit	1	3387	3	862834	1	3153	2	0	3000
Picture	22	hit	1	3369	3	871796	1	3154	2	0	3000
Picture	22	hit	1	4116	3	880758	2	3154	3	0	3000
Picture	22	hit	1	4322	2	889555	1	3153	2	0	3000
Picture	33	hit	1	7171	2	899015	1	3154	2	0	3000
Picture	22	miss				908973	2	3154	3	0	3000
Picture	22	hit	1	2793	2	918102	1	3153	2	0	3000
Picture	22	hit	1	3706	2	928226	1	3153	2	0	3000
Picture	22	hit	1	3953	2	938018	1	3153	3	0	3000
Picture	22	hit	1	3042	3	948640	1	3153	3	0	3000
Picture	33	miss				959262	1	3154	2	0	3000
Picture	22	hit	1	2907	2	967395	1	3153	2	0	3000
Picture	22	hit	1	3241	2	975859	1	3153	3	0	3000
Picture	22	hit	1	2854	2	986315	1	3154	2	0	3000
Picture	22	hit	1	5168	2	995278	1	3153	2	0	3000
Picture	22	hit	1	2634	2	1004074	1	3153	2	0	3000
Picture	22	hit	1	3925	3	1013202	2	3154	3	0	3000
Picture	22	hit	1	3613	4	1023160	2	3154	3	0	3000
Picture	33	miss				1032953	1	3153	2	0	3000
Picture	22	hit	1	2903	3	1041749	1	3153	3	0	3000
Picture	22	hit	1	2658	4	1050877	2	3154	3	0	3000
Picture	22	hit	1	3310	2	1060172	1	3153	2	0	3000
Picture	22	hit	1	2774	2	1069798	1	3153	2	0	3000
Picture	22	hit	1	2977	2	1079424	1	3154	2	0	3000
Picture	22	hit	1	3690	4	1089216	2	3154	3	0	3000
Picture	22	hit	1	3013	2	1098511	1	3153	2	0	3000
Picture	33	miss				1106643	1	3154	2	0	3000
Picture	22	hit	1	3474	2	1115108	1	3153	2	0	3000
Picture	22	hit	1	3153	2	1126228	1	3153	2	0	3000
Picture	22	hit	1	3471	2	1135024	1	3153	3	0	3000
Picture	33	miss				1143986	2	3154	3	0	3000
Picture	22	hit	1	2892	3	1155106	2	3154	3	0	3000
Picture	33	hit	1	3358	2	1164235	1	3153	2	0	3000
Picture	22	hit	1	4442	2	1174359	1	3153	2	0	3000
Picture	22	hit	1	3339	2	1182989	1	3154	2	0	3000
Picture	22	hit	1	2619	3	1192947	2	3154	3	0	3000
Picture	33	miss				1201412	1	3153	2	0	3000
Picture	22	hit	1	3608	5	1210374	1	3154	2	0	3000
Picture	22	hit	1	4764	3	1220166	2	3154	3	0	3000
Picture	22	hit	1	2346	2	1229461	1	3153	2	0	3000
Picture	33	hit	1	9325	4	1237593	2	3154	3	0	3000
Picture	22	miss				1247551	2	3154	3	0	3000
Picture	22	hit	1	2540	2	1256514	1	3153	2	0	3000
Picture	22	hit	1	2332	2	1266638	1	3153	2	0	3000
Picture	33	miss				1277094	1	3153	3	0	3000
Picture	22	hit	1	2807	3	1287052	1	3154	2	0	3000
Picture	22	hit	1	3863	3	1295351	1	3153	2	0	3000
Picture	22	hit	1	3087	2	1304479	1	3153	3	0	3000
Picture	22	hit	1	3978	2	1314769	1	3154	2	0	3000
Picture	22	hit	1	3597	2	1325391	1	3154	2	0	3000
Picture	22	hit	1	3139	3	1336179	1	3154	2	0	3000
Picture	22	hit	1	3417	2	1347299	1	3154	2	0	3000
Picture	33	miss				1356759	2	3154	3	0	3000
Picture	22	hit	1	3939	3	1367050	1	3153	2	0	3000
Picture	22	hit	1	3570	2	1376012	1	3153	3	0	3000
Picture	22	hit	1	3339	2	1386634	1	3153	3	0	3000
Picture	33	miss				1396592	1	3154	2	0	3000
Picture	22	hit	1	3201	3	1406218	2	3154	3	0	3000
Picture	22	hit	1	3443	6	1416840	2	3154	3	0	3000
Picture	22	hit	1	3780	2	1424973	1	3153	3	0	3000
Picture	22	hit	1	3335	2	1435927	1	3153	3	0	3000
Picture	22	hit	1	2791	2	1445885	1	3154	2	0	3000
Picture	22	hit	1	2995	3	1456839	1	3154	2	0	3000
Picture	22	hit	1	2812	3	1466465	2	3154	3	0	3000
Picture	33	miss				1475594	1	3153	2	0	3000
Picture	22	hit	1	2603	2	1486382	1	3153	2	0	3000
Picture	22	hit	1	3559	2	1496672	1	3153	2	0	3000
Picture	22	hit	1	6509	2	1506298	1	3154	2	0	3000
Picture	33	miss				1516256	2	3154	5	0	3000
Picture	22	hit	1	2778	3	1526878	2	3154	3	0	3000
Picture	33	miss				1537500	2	3154	3	0	3000
Picture	22	hit	1	2822	2	1547957	1	3153	2	0	3000
Picture	22	hit	1	3599	2	1557251	1	3153	2	0	3000
Picture	22	hit	1	3841	2	1566877	1	3153	3	0	3000
Picture	22	hit	1	3853	2	1576669	1	3154	2	0	3000
Picture	22	hit	1	5720	2	1585134	1	3153	2	0	3000
Picture	33	miss				1593598	1	3154	2	0	3000
Picture	22	hit	1	3333	4	1603722	2	3154	3	0	3000
Picture	22	hit	1	4578	4	1613846	2	3154	3	0	3000
Picture	22	hit	1	7195	5	1622975	1	3153	2	0	3000
Picture	22	miss				1631439	1	3154	2	0	3000
Picture	22	hit	1	900	3	1640899	2	3154	3	0	3000
Picture	22	hit	1	2863	2	1649032	1	3153	3	0	3000
Picture	22	hit	1	3471	3	1658492	2	3154	3	0	3000
Picture	33	miss				1666791	1	3153	2	0	3000
Picture	22	hit	1	6914	2	1675089	1	3154	2	0	3000
Picture	33	miss				1685545	2	3154	3	0	3000
Picture	22	hit	1	3614	3	1695835	2	3154	3	0	3000
Picture	33	hit	1	2775	3	1705794	1	3153	2	0	3000
Picture	22	miss				1714424	1	3153	3	0	3000
Picture	22	hit	1	3811	2	1725212	1	3154	2	0	3000
Picture	22	hit	1	2891	2	1735170	1	3154	2	0	3000
Picture	22	hit	1	7682	3	1744630	2	3154	3	0	3000
Picture	22	hit	1	4583	2	1754755	1	3153	2	0	3000
Picture	22	miss				1763883	1	3153	3	0	3000
Picture	22	hit	1	2857	3	1772513	2	3154	3	0	3000
Picture	33	hit	1	653	2	1782804	1	3153	2	0	3000
Picture	22	hit	1	2914	2	1792098	1	3153	2	0	3000
Picture	22	hit	1	2824	3	1802222	1	3153	3	0	3000
Picture	22	hit	1	2899	2	1811682	1	3154	2	0	3000
Picture	33	miss				1820147	1	3153	2	0	3000
Picture	22	hit	1	3212	20	1829429	19	3165	21	0	3000
Picture	22	hit	1	2919	2	1840561	1	3153	2	0	3000
Picture	22	hit	1	3381	3	1849689	2	3154	3	0	3000
Picture	33	miss				1857822	1	3153	2	0	3000
Picture	22	hit	1	3142	3	1868610	1	3153	2	0	3000
Picture	22	hit	1	3195	2	1879564	1	3153	2	0	3000
Picture	22	hit	1	3625	3	1888194	1	3154	2	0	3000
Picture	22	hit	1	5106	3	1898816	2	3154	3	0	3000
Picture	22	hit	1	3391	4	1909770	2	3154	3	0	3000
Picture	22	hit	1	3633	3	1920392	2	3154	3	0	3000
Picture	22	hit	1	3593	2	1929521	1	3153	2	0	3000
Picture	33	miss				1939479	1	3153	2	0	3000
Picture	22	hit	1	3041	3	1950433	1	3153	2	0	3000
Picture	22	hit	1	3839	3	1960557	1	3153	3	0	3000
Picture	22	hit	1	3278	3	1970681	1	3154	2	0	3000
Picture	22	miss				1981635	1	3154	2	0	3000
Picture	22	miss				1991095	2	3154	3	0	3000
Picture	33	miss				1999560	1	3153	2	0	3000
Picture	22	hit	1	3142	3	2010680	1	3153	2	0	3000
Picture	22	hit	1	4573	2	2019642	1	3154	2	0	3000
Picture	22	hit	1	5067	4	2029268	2	3154	3	0	3000
Picture	22	hit	1	4925	3	2040388	2	3154	3	0	3000
Picture	22	hit	1	3494	2	2049849	1	3153	2	0	3000
Picture	33	hit	1	3371	3	2060305	1	3153	2	0	3000
Picture	22	hit	1	3215	2	2071259	1	3153	2	0	3000
Picture	22	hit	1	2567	2	2081383	1	3153	2	0	3000
Picture	22	hit	1	2798	2	2090511	1	3154	2	0	3000
Picture	22	hit	1	4333	2	2099308	1	3153	2	0	3000
Picture	22	hit	1	2944	2	2108934	1	3153	2	0	3000
Picture	22	hit	1	3316	4	2117066	2	3154	3	0	3000
Picture	22	hit	1	2816	3	2127191	1	3153	2	0	3000
Picture	33	hit	1	3238	3	2136983	1	3153	2	0	3000
Picture	22	hit	1	2923	2	2146775	1	3153	3	0	3000
Picture	22	hit	1	2565	3	2155405	2	3154	3	0	3000
Picture	22	hit	1	2731	2	2165364	1	3153	2	0	3000
Picture	22	hit	1	3567	3	2175654	1	3153	2	0	3000
Picture	22	hit	1	2874	2	2184616	1	3153	3	0	3000
Picture	33	miss				2195570	1	3154	2	0	3000
Picture	22	hit	1	2726	3	2204864	2	3154	3	0	3000
Picture	33	hit	1	3103	3	2214989	1	3153	2	0	3000
Picture	22	hit	1	2536	2	2225611	1	3153	2	0	3000
Picture	22	hit	1	3830	2	2233909	1	3154	2	0	3000
Picture	22	hit	1	6788	3	2243203	2	3154	3	0	3000
Picture	22	hit	1	3074	4	2253825	2	3154	3	0	3000
Picture	22	hit	1	2910	4	2264613	2	3154	3	0	3000
Picture	33	miss				2274904	1	3153	2	0	3000
Picture	22	hit	1	3138	2	2283036	1	3154	2	0	3000
Picture	22	miss				2291169	1	3153	2	0	3000
Picture	22	miss				2302123	1	3153	2	0	3000
Picture	22	hit	1	4671	2	2313077	1	3153	2	0	3000
Picture	22	hit	1	4774	2	2322537	1	3153	2	0	3000
Picture	33	miss				2331997	1	3154	2	0	3000
Picture	22	hit	1	7906	4	2341623	2	3154	3	0	3000
Picture	22	miss				2350918	1	3153	2	0	3000
Picture	22	hit	1	6225	2	2361540	1	3153	2	0	3000
Picture	33	miss				2371000	1	3153	3	0	3000
Picture	22	hit	1	3065	2	2380958	1	3154	2	0	3000
Picture	22	hit	1	2240	3	2391082	2	3154	3	0	3000
Picture	22	miss				2400045	1	3153	2	0	3000
Picture	33	miss				2409173	1	3153	3	0	3000
Picture	22	hit	1	3288	2	2419131	1	3154	2	0	3000
Picture	22	miss				2427264	1	3153	2	0	3000
Picture	22	hit	1	2638	2	2436724	1	3153	3	0	3000
Picture	33	hit	1	3115	3	2446018	2	3154	3	0	3000
Picture	22	hit	1	4085	3	2455645	1	3153	2	0	3000
Picture	22	miss				2465271	1	3153	2	0	3000
Picture	22	hit	1	2688	2	2473901	1	3154	2	0	3000
Picture	22	hit	1	3571	3	2484855	1	3154	2	0	3000
Picture	22	hit	1	10579	3	2495145	2	3154	3	0	3000
Picture	33	miss				2506265	1	3154	2	0	3000
Picture	22	hit	1	4168	2	2515726	1	3153	2	0	3000
Picture	33	miss				2524024	1	3153	3	0	3000
Picture	22	hit	1	2659	2	2534978	1	3153	3	0	3000
Picture	22	miss				2544106	2	3154	3	0	3000
Picture	22	miss				2553235	1	3153	2	0	3000
Picture	33	miss				2562695	1	3153	3	0	3000
Picture	22	hit	1	2899	3	2570827	2	3154	3	0	3000
Picture	22	miss				2581284	1	3153	2	0	3000
Picture	22	hit	1	3107	2	2591076	1	3153	2	0	3000
Picture	33	miss				2600868	1	3153	2	0	3000
Picture	22	hit	1	2889	2	2611158	1	3153	3	0	3000
Picture	22	hit	1	2654	2	2622112	1	3153	3	0	3000
Picture	22	hit	1	2825	4	2630742	2	3154	3	0	3000
Picture	22	hit	1	2680	2	2641365	1	3153	2	0	3000
Picture	22	hit	1	2774	3	2652485	1	3153	2	0	3000
Picture	22	hit	1	2991	2	2662775	1	3153	2	0	3000
Picture	22	hit	1	3325	3	2673065	1	3153	2	0	3000
Picture	33	miss				2683853	1	3153	2	0	3000
Picture	22	hit	1	511	2	2693147	1	3153	3	0	3000
Picture	33	miss				2703935	1	3154	2	0	3000
Picture	22	hit	1	420	3	2713727	2	3154	3	0	3000
Picture	33	miss				2722358	1	3153	2	0	3000
Picture	22	hit	1	3023	3	2730822	1	3154	2	0	3000
Picture	22	hit	1	2903	2	2740117	1	3153	2	0	3000
Picture	22	hit	1	2504	2	2749079	1	3153	2	0	3000
Picture	22	hit	1	2678	3	2757377	2	3154	3	0	3000
Picture	22	hit	1	3103	2	2765510	1	3153	2	0	3000
Picture	33	miss				2775800	1	3153	3	0	3000
Picture	22	hit	1	3198	2	2785426	1	3154	2	0	3000
Picture	22	hit	1	3165	4	2795882	2	3154	3	0	3000
Picture	22	hit	1	2490	2	2804679	1	3153	2	0	3000
Picture	22	hit	1	2608	2	2814803	1	3153	2	0	3000
Picture	22	hit	1	1727	2	2824097	1	3154	2	0	3000
Picture	22	hit	1	2782	3	2833557	2	3154	3	0	3000
Picture	22	hit	1	2134	2	2842852	1	3153	2	0	3000
Picture	33	miss				2852810	1	3153	2	0	3000
Picture	22	hit	1	2714	3	2861606	2	3154	3	0	3000
Picture	22	hit	1	2939	2	2870237	1	3153	2	0	3000
Picture	22	hit	1	3466	3	2881191	1	3153	2	0	3000
Picture	33	miss				2890153	1	3153	3	0	3000
