Scenario - GO/NO-GO
Logfile written - 04/25/2011 15:55:05

Subject	Trial	Event Type	Code	Time	TTime	Uncertainty	Duration	Uncertainty	ReqTime	ReqDur

WW	2	Picture	22	289	0	2	3154	3	0	3000
WW	2	Response	1	4893	4604	1
WW	3	Picture	22	35309	0	1	3153	3	0	3000
WW	3	Response	1	38423	3114	1
WW	4	Picture	22	67009	0	2	3154	3	0	3000
WW	4	Response	1	70066	3057	1
WW	5	Picture	22	106510	0	1	3153	3	0	3000
WW	5	Response	1	111121	4611	1
WW	6	Picture	22	139206	0	1	3153	3	0	3000
WW	6	Response	1	143171	3965	1
WW	7	Picture	33	178707	0	1	3153	2	0	3000
WW	8	Picture	22	215552	0	1	3153	3	0	3000
WW	8	Response	1	218542	2990	1
WW	9	Picture	22	244431	0	1	3153	2	0	3000
WW	9	Response	1	248763	4332	2
WW	10	Picture	22	275965	0	1	3153	3	0	3000
WW	10	Response	1	279813	3848	1
WW	11	Picture	33	311151	0	1	3153	2	0	3000
WW	12	Picture	22	347830	0	1	3153	2	0	3000
WW	12	Response	1	350967	3137	1
WW	13	Picture	22	385505	0	1	3153	3	0	3000
WW	13	Response	1	388863	3358	1
WW	14	Picture	22	419861	0	1	3153	2	0	3000
WW	14	Response	1	423157	3296	2
WW	15	Picture	22	459693	0	2	3154	3	0	3000
WW	15	Response	1	462648	2955	1
WW	16	Picture	22	499360	0	1	3153	3	0	3000
WW	16	Response	1	502438	3078	1
WW	17	Picture	33	536703	0	2	3154	3	0	3000
WW	18	Picture	22	570395	0	1	3154	2	0	3000
WW	18	Response	1	572913	2518	1
WW	19	Picture	33	610228	0	1	3153	2	0	3000
WW	19	Response	1	614381	4153	1
WW	20	Picture	22	649729	0	1	3153	2	0	3000
WW	20	Response	1	652893	3164	1
WW	21	Picture	22	686242	0	1	3153	2	0	3000
WW	21	Response	1	690555	4313	1
WW	22	Picture	22	719602	0	1	3153	2	0	3000
WW	22	Response	1	723847	4245	1
WW	23	Picture	22	757609	0	1	3153	2	0	3000
WW	23	Response	1	761187	3578	1
WW	24	Picture	22	785990	0	1	3153	2	0	3000
WW	24	Response	1	789879	3889	1
WW	25	Picture	22	821673	0	1	3154	2	0	3000
WW	25	Response	1	825238	3565	1
WW	26	Picture	22	857025	0	1	3153	2	0	3000
WW	26	Response	1	861392	4367	1
WW	27	Picture	33	887729	0	1	3154	2	0	3000
WW	28	Picture	22	923744	0	2	3154	3	0	3000
WW	28	Response	1	926735	2991	1
WW	29	Picture	22	957768	0	2	3154	3	0	3000
WW	29	Response	1	961359	3591	2
WW	30	Picture	22	992124	0	1	3153	3	0	3000
WW	30	Response	1	996395	4271	1
WW	31	Picture	22	1028803	0	2	3154	3	0	3000
WW	31	Response	1	1031811	3008	2
WW	32	Picture	22	1061167	0	2	3154	3	0	3000
WW	32	Response	1	1064189	3022	1
WW	33	Picture	33	1093863	0	2	3154	3	0	3000
WW	34	Picture	22	1130709	0	1	3153	2	0	3000
WW	34	Response	1	1134220	3511	2
WW	35	Picture	22	1160583	0	1	3154	2	0	3000
WW	35	Response	1	1164565	3982	2
WW	36	Picture	22	1191785	0	2	3154	3	0	3000
WW	36	Response	1	1195972	4187	1
WW	37	Picture	22	1231784	0	1	3154	2	0	3000
WW	37	Response	1	1235170	3386	2
WW	38	Picture	22	1269791	0	1	3154	2	0	3000
WW	38	Response	1	1273009	3218	1
WW	39	Picture	33	1301325	0	2	3154	3	0	3000
WW	40	Picture	22	1339664	0	2	3154	3	0	3000
WW	40	Response	1	1342664	3000	2
WW	41	Picture	22	1377339	0	2	3154	3	0	3000
WW	41	Response	1	1381862	4523	2
WW	42	Picture	22	1416840	0	2	3154	3	0	3000
WW	42	Response	1	1419768	2928	1
WW	43	Picture	22	1450200	0	1	3154	2	0	3000
WW	43	Response	1	1453180	2980	1
WW	44	Picture	22	1485884	0	1	3153	2	0	3000
WW	44	Response	1	1489426	3542	1
WW	45	Picture	22	1522729	0	1	3153	2	0	3000
WW	45	Response	1	1525586	2857	2
WW	46	Picture	22	1560238	0	1	3153	3	0	3000
WW	46	Response	1	1563868	3630	1
WW	47	Picture	33	1589781	0	1	3153	2	0	3000
WW	48	Picture	22	1624136	0	2	3154	3	0	3000
WW	48	Response	1	1626847	2711	2
WW	49	Picture	22	1652351	0	1	3154	2	0	3000
WW	49	Response	1	1656305	3954	1
WW	50	Picture	22	1681562	0	1	3153	2	0	3000
WW	50	Response	1	1686584	5022	2
WW	51	Picture	33	1710938	0	2	3154	3	0	3000
WW	52	Picture	22	1743800	0	2	3154	3	0	3000
WW	52	Response	1	1747318	3518	1
WW	53	Picture	22	1775501	0	1	3153	2	0	3000
WW	53	Response	1	1779193	3692	1
WW	54	Picture	22	1814338	0	1	3153	2	0	3000
WW	54	Response	1	1817536	3198	1
WW	55	Picture	22	1849855	0	1	3153	3	0	3000
WW	55	Response	1	1852918	3063	2
WW	56	Picture	22	1885041	0	1	3153	2	0	3000
WW	56	Response	1	1887833	2792	1
WW	57	Picture	33	1914417	0	2	3154	3	0	3000
WW	58	Picture	22	1946781	0	2	3154	3	0	3000
WW	58	Response	1	1949391	2610	1
WW	59	Picture	22	1977984	0	1	3153	2	0	3000
WW	59	Response	1	1981029	3045	1
WW	60	Picture	22	2013003	0	1	3154	2	0	3000
WW	60	Response	1	2017123	4120	1
WW	61	Picture	22	2050678	0	2	3154	3	0	3000
WW	61	Response	1	2053373	2695	2
WW	62	Picture	22	2087690	0	1	3153	2	0	3000
WW	62	Response	1	2090945	3255	1
WW	63	Picture	33	2123705	0	1	3153	3	0	3000
WW	64	Picture	22	2153745	0	2	3154	3	0	3000
WW	64	Response	1	2156970	3225	1
WW	65	Picture	22	2188433	0	1	3154	2	0	3000
WW	65	Response	1	2191183	2750	2
WW	66	Picture	22	2223453	0	1	3153	2	0	3000
WW	66	Response	1	2226344	2891	1
WW	67	Picture	33	2263285	0	2	3154	3	0	3000
WW	68	Picture	22	2298969	0	1	3153	2	0	3000
WW	68	Response	1	2303692	4723	2
WW	69	Picture	22	2332329	0	1	3153	2	0	3000
WW	69	Response	1	2336017	3688	2
WW	70	Picture	22	2371332	0	1	3153	2	0	3000
WW	70	Response	1	2375832	4500	1
WW	71	Picture	22	2406849	0	1	3154	2	0	3000
WW	71	Response	1	2410246	3397	1
WW	72	Picture	22	2437222	0	1	3153	2	0	3000
WW	72	Response	1	2440526	3304	2
WW	73	Picture	33	2475561	0	1	3153	2	0	3000
WW	74	Picture	22	2514729	0	2	3154	3	0	3000
WW	74	Response	1	2518731	4002	1
WW	75	Picture	22	2549085	0	1	3154	2	0	3000
WW	76	Picture	22	2583773	0	1	3153	2	0	3000
WW	76	Response	1	2586899	3126	2
WW	77	Picture	22	2618294	0	2	3154	3	0	3000
WW	78	Picture	22	2650991	0	1	3153	2	0	3000
WW	78	Response	1	2655073	4082	1
WW	79	Picture	33	2682359	0	1	3153	2	0	3000
WW	80	Picture	22	2716714	0	2	3154	3	0	3000
WW	80	Response	1	2721158	4444	2
WW	81	Picture	22	2747751	0	1	3153	2	0	3000
WW	81	Response	1	2750969	3218	1
WW	82	Picture	22	2784098	0	1	3154	2	0	3000
WW	82	Response	1	2786857	2759	2
WW	83	Picture	22	2815466	0	2	3154	3	0	3000
WW	83	Response	1	2827795	12329	1
WW	84	Picture	22	2846005	0	1	3153	2	0	3000
WW	84	Response	1	2850082	4077	1
WW	85	Picture	22	2885340	0	1	3153	2	0	3000
WW	85	Response	1	2890134	4794	2
WW	86	Picture	22	2923181	0	1	3153	2	0	3000
WW	86	Response	1	2926141	2960	1
WW	87	Picture	33	2962681	0	2	3154	3	0	3000
WW	88	Picture	22	3001020	0	2	3154	3	0	3000
WW	88	Response	1	3004323	3303	1
WW	89	Picture	22	3040521	0	1	3154	2	0	3000
WW	89	Response	1	3043809	3288	1
WW	90	Picture	22	3078694	0	1	3154	2	0	3000
WW	90	Response	1	3081383	2689	1
WW	91	Picture	22	3113216	0	1	3153	2	0	3000
WW	91	Response	1	3116563	3347	2
WW	92	Picture	22	3145414	0	1	3153	3	0	3000
WW	92	Response	1	3148470	3056	1
WW	93	Picture	33	3179438	0	1	3153	2	0	3000
WW	93	Response	1	3212521	33083	2
WW	94	Picture	22	3218607	0	1	3153	2	0	3000
WW	95	Picture	22	3253626	0	2	3154	3	0	3000
WW	95	Response	1	3256970	3344	2
WW	96	Picture	22	3289144	0	1	3153	2	0	3000
WW	96	Response	1	3291824	2680	2
WW	97	Picture	22	3324495	0	1	3154	2	0	3000
WW	97	Response	1	3329075	4580	1
WW	98	Picture	22	3356361	0	2	3154	3	0	3000
WW	98	Response	1	3360744	4383	1
WW	99	Picture	22	3385406	0	1	3153	3	0	3000
WW	99	Response	1	3388782	3376	2
WW	100	Picture	22	3418434	0	1	3153	3	0	3000
WW	100	Response	1	3421897	3463	1
WW	101	Picture	33	3450466	0	1	3154	2	0	3000
WW	102	Picture	22	3480175	0	1	3153	2	0	3000
WW	102	Response	1	3483489	3314	2
WW	103	Picture	33	3508556	0	1	3153	2	0	3000
WW	104	Picture	22	3542413	0	2	3154	3	0	3000
WW	104	Response	1	3545998	3585	1
WW	105	Picture	22	3572454	0	1	3153	2	0	3000
WW	105	Response	1	3576458	4004	1
WW	106	Picture	22	3609631	0	1	3153	3	0	3000
WW	106	Response	1	3613973	4342	1
WW	107	Picture	33	3641165	0	2	3154	3	0	3000
WW	108	Picture	22	3678508	0	2	3154	3	0	3000
WW	109	Picture	22	3713528	0	1	3153	3	0	3000
WW	109	Response	1	3716318	2790	1
WW	110	Picture	22	3747220	0	1	3153	2	0	3000
WW	110	Response	1	3749875	2655	2
WW	111	Picture	22	3779418	0	1	3153	3	0	3000
WW	111	Response	1	3782549	3131	1
WW	112	Picture	22	3808629	0	1	3153	2	0	3000
WW	112	Response	1	3813072	4443	1
WW	113	Picture	33	3838005	0	1	3154	2	0	3000
WW	113	Response	1	3841439	3434	1
WW	114	Picture	22	3872361	0	1	3153	2	0	3000
WW	114	Response	1	3875557	3196	2
WW	115	Picture	22	3909870	0	1	3154	2	0	3000
WW	115	Response	1	3912897	3027	2
WW	116	Picture	22	3943562	0	1	3153	2	0	3000
WW	116	Response	1	3948578	5016	1
WW	117	Picture	22	3983063	0	1	3153	2	0	3000
WW	117	Response	1	3985969	2906	1
WW	118	Picture	22	4011278	0	1	3153	2	0	3000
WW	118	Response	1	4015190	3912	1
WW	119	Picture	33	4047957	0	1	3153	2	0	3000
WW	119	Response	1	4051169	3212	2
WW	120	Picture	22	4083308	0	2	3154	3	0	3000
WW	120	Response	1	4087089	3781	2
WW	121	Picture	22	4116668	0	2	3154	3	0	3000
WW	121	Response	1	4120558	3890	2
WW	122	Picture	22	4156335	0	1	3153	3	0	3000
WW	122	Response	1	4160106	3771	1
WW	123	Picture	22	4187869	0	1	3154	2	0	3000
WW	123	Response	1	4192307	4438	2
WW	124	Picture	22	4217412	0	1	3153	2	0	3000
WW	124	Response	1	4221413	4001	1
WW	125	Picture	33	4253427	0	1	3154	2	0	3000
WW	125	Response	1	4257331	3904	1
WW	126	Picture	22	4281642	0	1	3154	2	0	3000
WW	127	Picture	22	4319151	0	1	3154	2	0	3000
WW	127	Response	1	4322521	3370	1
WW	128	Picture	22	4351017	0	2	3154	3	0	3000
WW	128	Response	1	4355458	4441	1
WW	129	Picture	22	4389024	0	2	3154	3	0	3000
WW	129	Response	1	4392380	3356	1
WW	130	Picture	22	4420061	0	1	3153	2	0	3000
WW	131	Picture	22	4459727	0	2	3154	3	0	3000
WW	131	Response	1	4462346	2619	1
WW	132	Picture	22	4489768	0	1	3153	3	0	3000
WW	132	Response	1	4493158	3390	1
WW	133	Picture	33	4525119	0	2	3154	3	0	3000
WW	134	Picture	22	4562961	0	1	3153	2	0	3000
WW	134	Response	1	4566048	3087	1
WW	135	Picture	22	4598478	0	1	3153	3	0	3000
WW	135	Response	1	4603621	5143	1
WW	136	Picture	22	4630510	0	2	3154	3	0	3000
WW	136	Response	1	4634846	4336	2
WW	137	Picture	22	4667687	0	2	3154	3	0	3000
WW	137	Response	1	4670617	2930	1
WW	138	Picture	22	4702209	0	1	3154	2	0	3000
WW	139	Picture	22	4739552	0	2	3154	3	0	3000
WW	139	Response	1	4742594	3042	1
WW	140	Picture	22	4772248	0	2	3154	3	0	3000
WW	140	Response	1	4775945	3697	2
WW	141	Picture	33	4803285	0	1	3153	2	0	3000
WW	142	Picture	22	4832163	0	2	3154	3	0	3000
WW	142	Response	1	4836122	3959	1
WW	143	Picture	33	4866353	0	1	3153	3	0	3000
WW	144	Picture	22	4905190	0	1	3153	3	0	3000
WW	144	Response	1	4908865	3675	1
WW	145	Picture	22	4939048	0	1	3153	2	0	3000
WW	145	Response	1	4944314	5266	1
WW	146	Picture	22	4973071	0	2	3154	3	0	3000
WW	146	Response	1	4977673	4602	1
WW	147	Picture	22	5009419	0	1	3153	2	0	3000
WW	147	Response	1	5014033	4614	1
WW	148	Picture	22	5039957	0	2	3154	3	0	3000
WW	148	Response	1	5044107	4150	1
WW	149	Picture	33	5069500	0	1	3153	2	0	3000
WW	150	Picture	22	5102030	0	1	3153	2	0	3000
WW	150	Response	1	5105521	3491	1
WW	151	Picture	22	5136718	0	1	3153	2	0	3000
WW	151	Response	1	5140588	3870	2
WW	152	Picture	22	5166260	0	1	3154	2	0	3000
WW	152	Response	1	5169988	3728	1
WW	153	Picture	22	5195139	0	1	3153	2	0	3000
WW	154	Picture	22	5224183	0	2	3154	3	0	3000
WW	154	Response	1	5228242	4059	2
WW	155	Picture	33	5253892	0	1	3153	3	0	3000
WW	156	Response	1	5318014	32920	2
WW	158	Picture	22	5328246	0	2	3154	3	0	3000
WW	159	Picture	22	5368245	0	1	3154	2	0	3000
WW	159	Response	1	5371249	3004	1
WW	160	Picture	22	5398618	0	1	3153	2	0	3000
WW	160	Response	1	5403006	4388	1
WW	161	Picture	22	5430484	0	1	3153	2	0	3000
WW	161	Response	1	5433346	2862	2
WW	162	Picture	22	5465337	0	2	3154	3	0	3000
WW	162	Response	1	5468378	3041	2
WW	163	Picture	22	5498531	0	2	3154	3	0	3000
WW	163	Response	1	5501377	2846	1
WW	164	Picture	22	5535377	0	1	3153	2	0	3000
WW	164	Response	1	5538860	3483	1
WW	165	Picture	33	5566911	0	1	3153	2	0	3000
WW	166	Picture	22	5604586	0	1	3153	3	0	3000
WW	166	Response	1	5608092	3506	1
WW	167	Picture	22	5635456	0	2	3154	3	0	3000
WW	167	Response	1	5639059	3603	1
WW	168	Picture	22	5664003	0	1	3153	3	0	3000
WW	168	Response	1	5668514	4511	1
WW	169	Picture	33	5692218	0	1	3153	2	0	3000
WW	170	Picture	22	5720599	0	1	3153	2	0	3000
WW	170	Response	1	5723465	2866	1
WW	171	Picture	22	5759933	0	2	3154	3	0	3000
WW	171	Response	1	5763544	3611	1
WW	172	Picture	22	5793625	0	2	3154	3	0	3000
WW	172	Response	1	5796872	3247	1
WW	173	Picture	22	5822338	0	1	3153	3	0	3000
WW	173	Response	1	5827306	4968	1
WW	174	Picture	22	5855034	0	1	3154	2	0	3000
WW	174	Response	1	5863759	8725	1
WW	175	Picture	33	5890054	0	1	3153	2	0	3000
WW	176	Picture	22	5927065	0	1	3153	3	0	3000
WW	176	Response	1	5930869	3804	1
WW	177	Picture	22	5966898	0	1	3153	2	0	3000
WW	177	Response	1	5970359	3461	1
WW	178	Picture	22	5997270	0	1	3153	3	0	3000
WW	178	Response	1	6000378	3108	1
WW	179	Picture	22	6034945	0	1	3154	2	0	3000
WW	179	Response	1	6038786	3841	2
WW	180	Picture	22	6066479	0	2	3146	15	0	3000
WW	180	Response	1	6070135	3656	2
WW	181	Picture	33	6102329	0	1	3153	2	0	3000
WW	182	Picture	22	6135191	0	1	3153	2	0	3000
WW	182	Response	1	6138486	3295	1
WW	183	Picture	22	6164070	0	1	3153	2	0	3000
WW	183	Response	1	6168536	4466	1
WW	184	Picture	22	6201081	0	1	3153	2	0	3000
WW	184	Response	1	6204401	3320	1
WW	185	Picture	22	6233777	0	1	3153	2	0	3000
WW	185	Response	1	6237461	3684	1
WW	186	Picture	22	6263983	0	1	3154	2	0	3000
WW	186	Response	1	6267420	3437	1
WW	187	Picture	33	6298339	0	1	3153	3	0	3000
WW	188	Picture	22	6329209	0	2	3154	3	0	3000
WW	188	Response	1	6333529	4320	1
WW	189	Picture	22	6357756	0	1	3154	2	0	3000
WW	189	Response	1	6362165	4409	2
WW	190	Picture	22	6396593	0	1	3153	3	0	3000
WW	190	Response	1	6400689	4096	1
WW	191	Picture	33	6430285	0	1	3153	2	0	3000
WW	192	Picture	22	6466466	0	1	3154	2	0	3000
WW	192	Response	1	6469184	2718	1
WW	193	Picture	22	6502648	0	1	3153	2	0	3000
WW	193	Response	1	6506376	3728	1
WW	194	Picture	22	6534846	0	1	3153	2	0	3000
WW	194	Response	1	6542719	7873	1
WW	195	Picture	22	6565218	0	1	3154	2	0	3000
WW	195	Response	1	6568960	3742	1
WW	196	Picture	22	6604387	0	1	3153	3	0	3000
WW	196	Response	1	6607795	3408	1
WW	197	Picture	33	6641232	0	2	3154	3	0	3000
WW	198	Picture	22	6671937	0	1	3153	2	0	3000
WW	198	Response	1	6674909	2972	2
WW	199	Picture	33	6701977	0	1	3154	2	0	3000
WW	200	Picture	22	6733511	0	2	3154	3	0	3000
WW	200	Response	1	6736679	3168	1
WW	201	Picture	22	6766373	0	2	3154	3	0	3000
WW	201	Response	1	6773754	7381	1
WW	202	Picture	22	6800729	0	1	3154	2	0	3000
WW	203	Picture	33	6829442	0	1	3153	2	0	3000
WW	204	Picture	22	6867283	0	1	3153	2	0	3000
WW	204	Response	1	6870726	3443	1
WW	205	Picture	22	6898485	0	2	3154	3	0	3000
WW	205	Response	1	6903430	4945	1
WW	206	Picture	22	6930849	0	2	3154	3	0	3000
WW	206	Response	1	6936782	5933	1
WW	207	Picture	22	6966201	0	1	3153	2	0	3000
WW	207	Response	1	6970518	4317	1
WW	208	Picture	22	7002216	0	2	3154	3	0	3000
WW	208	Response	1	7006239	4023	1
WW	209	Picture	33	7036572	0	1	3153	2	0	3000
WW	209	Response	1	7041338	4766	1
WW	210	Picture	22	7069600	0	1	3153	2	0	3000
WW	210	Response	1	7072978	3378	1
WW	211	Picture	22	7107109	0	1	3153	3	0	3000
WW	211	Response	1	7111578	4469	1
WW	212	Picture	22	7139639	0	1	3154	2	0	3000
WW	212	Response	1	7143215	3576	1
WW	213	Picture	22	7176484	0	2	3154	3	0	3000
WW	213	Response	1	7180370	3886	1
WW	214	Picture	22	7216649	0	1	3153	3	0	3000
WW	214	Response	1	7221247	4598	1
WW	215	Picture	33	7251005	0	1	3153	2	0	3000
WW	216	Picture	22	7286190	0	2	3154	3	0	3000
WW	216	Response	1	7289923	3733	2
WW	217	Picture	22	7321210	0	1	3153	2	0	3000
WW	217	Response	1	7324844	3634	1
WW	218	Picture	22	7353408	0	1	3153	3	0	3000
WW	218	Response	1	7356928	3520	2
WW	219	Picture	33	7391747	0	1	3153	3	0	3000
WW	220	Picture	22	7431082	0	1	3153	2	0	3000
WW	220	Response	1	7435225	4143	2
WW	221	Picture	22	7466599	0	2	3154	3	0	3000
WW	221	Response	1	7471765	5166	2
WW	222	Picture	22	7504606	0	2	3154	3	0	3000
WW	222	Response	1	7508430	3824	1
WW	223	Picture	22	7537468	0	2	3154	3	0	3000
WW	223	Response	1	7546739	9271	1
WW	224	Picture	22	7567841	0	1	3153	2	0	3000
WW	224	Response	1	7571500	3659	2
WW	225	Picture	33	7603192	0	2	3154	3	0	3000
WW	225	Response	1	7606680	3488	1
WW	226	Picture	22	7635556	0	2	3154	3	0	3000
WW	226	Response	1	7638889	3333	2
WW	227	Picture	22	7665597	0	1	3153	3	0	3000
WW	227	Response	1	7669737	4140	2
WW	228	Picture	22	7696799	0	1	3154	2	0	3000
WW	228	Response	1	7700965	4166	1
WW	229	Picture	22	7726508	0	1	3153	2	0	3000
WW	229	Response	1	7732455	5947	1
WW	230	Picture	22	7761029	0	2	3154	3	0	3000
WW	230	Response	1	7767991	6962	1
WW	231	Picture	33	7794721	0	2	3154	3	0	3000
WW	232	Picture	22	7826421	0	2	3154	3	0	3000
WW	232	Response	1	7829905	3484	1
WW	233	Picture	22	7865258	0	2	3154	3	0	3000
WW	233	Response	1	7869571	4313	2
WW	234	Picture	22	7895133	0	1	3153	3	0	3000
WW	234	Response	1	7899764	4631	1
WW	235	Picture	22	7927165	0	1	3154	2	0	3000
WW	235	Response	1	7930755	3590	1
WW	236	Picture	22	7964508	0	2	3154	3	0	3000
WW	236	Response	1	7967789	3281	2
WW	237	Picture	22	8001519	0	2	3154	3	0	3000
WW	237	Response	1	8008313	6794	1
WW	238	Picture	22	8031560	0	1	3153	3	0	3000
WW	238	Response	1	8034852	3292	1
WW	239	Picture	33	8065584	0	1	3153	2	0	3000
WW	240	Picture	22	8104089	0	1	3153	2	0	3000
WW	240	Response	1	8107127	3038	2
WW	241	Picture	22	8141930	0	1	3153	2	0	3000
WW	242	Picture	22	8171472	0	2	3154	3	0	3000
WW	243	Picture	22	8207986	0	1	3153	2	0	3000
WW	243	Response	1	8211772	3786	1
WW	244	Picture	22	8244831	0	1	3153	3	0	3000
WW	244	Response	1	8249339	4508	1
WW	245	Picture	22	8274042	0	1	3153	2	0	3000
WW	245	Response	1	8280239	6197	1
WW	246	Picture	22	8312381	0	1	3153	2	0	3000
WW	246	Response	1	8316065	3684	1
WW	247	Picture	33	8341591	0	2	3154	3	0	3000
WW	247	Response	1	8345256	3665	1
WW	248	Picture	22	8381092	0	1	3153	3	0	3000
WW	248	Response	1	8384452	3360	1
WW	249	Picture	22	8418435	0	2	3154	3	0	3000
WW	249	Response	1	8423113	4678	2
WW	250	Picture	22	8447314	0	1	3153	2	0	3000
WW	250	Response	1	8451361	4047	1
WW	251	Picture	22	8478516	0	2	3154	3	0	3000
WW	251	Response	1	8482738	4222	1
WW	252	Picture	22	8509553	0	1	3153	2	0	3000
WW	252	Response	1	8515230	5677	1
WW	253	Picture	33	8545900	0	1	3153	2	0	3000
WW	253	Response	1	8548876	2976	1
WW	254	Picture	22	8586065	0	1	3153	2	0	3000
WW	254	Response	1	8589256	3191	1
WW	255	Picture	22	8618097	0	1	3153	2	0	3000
WW	255	Response	1	8625061	6964	1
WW	256	Picture	22	8652618	0	2	3154	3	0	3000
WW	256	Response	1	8656228	3610	1
WW	257	Picture	33	8683655	0	1	3153	2	0	3000
WW	258	Picture	22	8723321	0	2	3154	3	0	3000
WW	258	Response	1	8726196	2875	1
WW	259	Picture	22	8763154	0	1	3154	2	0	3000
WW	259	Response	1	8767736	4582	2
WW	260	Picture	22	8793693	0	1	3153	2	0	3000
WW	260	Response	1	8802478	8785	2
WW	261	Picture	22	8827882	0	2	3154	3	0	3000
WW	261	Response	1	8833143	5261	1
WW	262	Picture	22	8857923	0	1	3153	2	0	3000
WW	262	Response	1	8863011	5088	2
WW	263	Picture	33	8890785	0	1	3153	2	0	3000
WW	264	Picture	22	8921323	0	2	3154	3	0	3000
WW	264	Response	1	8924686	3363	1
WW	265	Picture	22	8960990	0	1	3153	3	0	3000
WW	265	Response	1	8965143	4153	1
WW	266	Picture	22	8998333	0	1	3154	2	0	3000
WW	266	Response	1	9002444	4111	1
WW	267	Picture	33	9028374	0	1	3153	2	0	3000
WW	268	Picture	22	9061402	0	1	3153	2	0	3000
WW	268	Response	1	9065298	3896	1
WW	269	Picture	22	9093102	0	1	3153	2	0	3000
WW	269	Response	1	9096905	3803	1
WW	270	Picture	22	9130943	0	1	3153	2	0	3000
WW	270	Response	1	9134791	3848	1
WW	271	Picture	33	9165465	0	1	3153	2	0	3000
WW	271	Response	1	9168612	3147	1
WW	272	Picture	22	9201480	0	1	3153	3	0	3000
WW	272	Response	1	9205378	3898	1
WW	273	Picture	22	9240151	0	1	3153	2	0	3000
WW	273	Response	1	9246160	6009	1
WW	274	Picture	22	9275337	0	1	3153	2	0	3000
WW	274	Response	1	9280457	5120	1
WW	275	Picture	22	9305211	0	2	3153	4	0	3000
WW	275	Response	1	9308347	3136	2
WW	276	Picture	22	9335252	0	1	3153	2	0	3000
WW	276	Response	1	9338108	2856	1
WW	276	Response	1	9363319	28067	1
WW	277	Picture	33	9371931	0	1	3153	2	0	3000
WW	278	Picture	22	9402469	0	2	3154	3	0	3000
WW	278	Response	1	9405367	2898	1
WW	279	Picture	22	9434501	0	2	3154	3	0	3000
WW	279	Response	1	9437746	3245	1
WW	280	Picture	22	9466534	0	1	3153	2	0	3000
WW	280	Response	1	9473484	6950	1
WW	281	Picture	22	9506034	0	2	3154	3	0	3000
WW	281	Response	1	9509549	3515	2
WW	282	Picture	22	9535411	0	1	3153	3	0	3000
WW	282	Response	1	9540247	4836	1
WW	283	Picture	33	9568605	0	1	3153	2	0	3000
WW	284	Picture	22	9603459	0	1	3153	2	0	3000
WW	284	Response	1	9606877	3418	1
WW	285	Picture	22	9637814	0	2	3154	3	0	3000
WW	285	Response	1	9641316	3502	1
WW	286	Picture	22	9667689	0	1	3153	3	0	3000
WW	286	Response	1	9673572	5883	1
WW	287	Picture	22	9705530	0	1	3153	2	0	3000
WW	287	Response	1	9709282	3752	1
WW	288	Picture	22	9743869	0	1	3153	2	0	3000
WW	288	Response	1	9748148	4279	1
WW	289	Picture	33	9775403	0	1	3153	3	0	3000
WW	290	Picture	22	9804282	0	1	3153	2	0	3000
WW	290	Response	1	9808667	4385	1
WW	291	Picture	33	9843119	0	1	3153	2	0	3000
WW	292	Picture	22	9872827	0	2	3154	3	0	3000
WW	292	Response	1	9876616	3789	1
WW	293	Picture	22	9908013	0	1	3153	2	0	3000
WW	293	Response	1	9912026	4013	1
WW	294	Picture	22	9943696	0	2	3154	3	0	3000
WW	294	Response	1	9949127	5431	1
WW	295	Picture	22	9976558	0	2	3154	3	0	3000
WW	295	Response	1	9983565	7007	1
WW	296	Picture	22	10015229	0	1	3154	2	0	3000
WW	296	Response	1	10020011	4782	2
WW	297	Picture	33	10045270	0	1	3153	2	0	3000
WW	298	Picture	22	10073817	0	1	3153	2	0	3000
WW	298	Response	1	10077527	3710	1
WW	299	Picture	22	10102197	0	2	3154	3	0	3000
WW	299	Response	1	10105628	3431	1
WW	300	Picture	22	10139375	0	1	3153	2	0	3000
WW	300	Response	1	10142573	3198	2
WW	301	Picture	33	10177880	0	1	3153	2	0	3000
WW	301	Response	1	10182062	4182	1
WW	302	Picture	22	10215887	0	1	3153	2	0	3000
WW	302	Response	1	10219045	3158	1
WW	303	Picture	33	10255885	0	2	3154	3	0	3000


Event Type	Code	Type	Response	RT	RT Uncertainty	Time	Uncertainty	Duration	Uncertainty	ReqTime	ReqDur

Picture	22	hit	1	4604	3	289	2	3154	3	0	3000
Picture	22	hit	1	3114	2	35309	1	3153	3	0	3000
Picture	22	hit	1	3057	3	67009	2	3154	3	0	3000
Picture	22	hit	1	4611	2	106510	1	3153	3	0	3000
Picture	22	hit	1	3965	2	139206	1	3153	3	0	3000
Picture	33	miss				178707	1	3153	2	0	3000
Picture	22	hit	1	2990	2	215552	1	3153	3	0	3000
Picture	22	hit	1	4332	3	244431	1	3153	2	0	3000
Picture	22	hit	1	3848	2	275965	1	3153	3	0	3000
Picture	33	miss				311151	1	3153	2	0	3000
Picture	22	hit	1	3137	2	347830	1	3153	2	0	3000
Picture	22	hit	1	3358	2	385505	1	3153	3	0	3000
Picture	22	hit	1	3296	3	419861	1	3153	2	0	3000
Picture	22	hit	1	2955	3	459693	2	3154	3	0	3000
Picture	22	hit	1	3078	2	499360	1	3153	3	0	3000
Picture	33	miss				536703	2	3154	3	0	3000
Picture	22	hit	1	2518	2	570395	1	3154	2	0	3000
Picture	33	hit	1	4153	2	610228	1	3153	2	0	3000
Picture	22	hit	1	3164	2	649729	1	3153	2	0	3000
Picture	22	hit	1	4313	2	686242	1	3153	2	0	3000
Picture	22	hit	1	4245	2	719602	1	3153	2	0	3000
Picture	22	hit	1	3578	2	757609	1	3153	2	0	3000
Picture	22	hit	1	3889	2	785990	1	3153	2	0	3000
Picture	22	hit	1	3565	2	821673	1	3154	2	0	3000
Picture	22	hit	1	4367	2	857025	1	3153	2	0	3000
Picture	33	miss				887729	1	3154	2	0	3000
Picture	22	hit	1	2991	3	923744	2	3154	3	0	3000
Picture	22	hit	1	3591	4	957768	2	3154	3	0	3000
Picture	22	hit	1	4271	2	992124	1	3153	3	0	3000
Picture	22	hit	1	3008	4	1028803	2	3154	3	0	3000
Picture	22	hit	1	3022	3	1061167	2	3154	3	0	3000
Picture	33	miss				1093863	2	3154	3	0	3000
Picture	22	hit	1	3511	3	1130709	1	3153	2	0	3000
Picture	22	hit	1	3982	3	1160583	1	3154	2	0	3000
Picture	22	hit	1	4187	3	1191785	2	3154	3	0	3000
Picture	22	hit	1	3386	3	1231784	1	3154	2	0	3000
Picture	22	hit	1	3218	2	1269791	1	3154	2	0	3000
Picture	33	miss				1301325	2	3154	3	0	3000
Picture	22	hit	1	3000	4	1339664	2	3154	3	0	3000
Picture	22	hit	1	4523	4	1377339	2	3154	3	0	3000
Picture	22	hit	1	2928	3	1416840	2	3154	3	0	3000
Picture	22	hit	1	2980	2	1450200	1	3154	2	0	3000
Picture	22	hit	1	3542	2	1485884	1	3153	2	0	3000
Picture	22	hit	1	2857	3	1522729	1	3153	2	0	3000
Picture	22	hit	1	3630	2	1560238	1	3153	3	0	3000
Picture	33	miss				1589781	1	3153	2	0	3000
Picture	22	hit	1	2711	4	1624136	2	3154	3	0	3000
Picture	22	hit	1	3954	2	1652351	1	3154	2	0	3000
Picture	22	hit	1	5022	3	1681562	1	3153	2	0	3000
Picture	33	miss				1710938	2	3154	3	0	3000
Picture	22	hit	1	3518	3	1743800	2	3154	3	0	3000
Picture	22	hit	1	3692	2	1775501	1	3153	2	0	3000
Picture	22	hit	1	3198	2	1814338	1	3153	2	0	3000
Picture	22	hit	1	3063	3	1849855	1	3153	3	0	3000
Picture	22	hit	1	2792	2	1885041	1	3153	2	0	3000
Picture	33	miss				1914417	2	3154	3	0	3000
Picture	22	hit	1	2610	3	1946781	2	3154	3	0	3000
Picture	22	hit	1	3045	2	1977984	1	3153	2	0	3000
Picture	22	hit	1	4120	2	2013003	1	3154	2	0	3000
Picture	22	hit	1	2695	4	2050678	2	3154	3	0	3000
Picture	22	hit	1	3255	2	2087690	1	3153	2	0	3000
Picture	33	miss				2123705	1	3153	3	0	3000
Picture	22	hit	1	3225	3	2153745	2	3154	3	0	3000
Picture	22	hit	1	2750	3	2188433	1	3154	2	0	3000
Picture	22	hit	1	2891	2	2223453	1	3153	2	0	3000
Picture	33	miss				2263285	2	3154	3	0	3000
Picture	22	hit	1	4723	3	2298969	1	3153	2	0	3000
Picture	22	hit	1	3688	3	2332329	1	3153	2	0	3000
Picture	22	hit	1	4500	2	2371332	1	3153	2	0	3000
Picture	22	hit	1	3397	2	2406849	1	3154	2	0	3000
Picture	22	hit	1	3304	3	2437222	1	3153	2	0	3000
Picture	33	miss				2475561	1	3153	2	0	3000
Picture	22	hit	1	4002	3	2514729	2	3154	3	0	3000
Picture	22	miss				2549085	1	3154	2	0	3000
Picture	22	hit	1	3126	3	2583773	1	3153	2	0	3000
Picture	22	miss				2618294	2	3154	3	0	3000
Picture	22	hit	1	4082	2	2650991	1	3153	2	0	3000
Picture	33	miss				2682359	1	3153	2	0	3000
Picture	22	hit	1	4444	4	2716714	2	3154	3	0	3000
Picture	22	hit	1	3218	2	2747751	1	3153	2	0	3000
Picture	22	hit	1	2759	3	2784098	1	3154	2	0	3000
Picture	22	hit	1	12329	3	2815466	2	3154	3	0	3000
Picture	22	hit	1	4077	2	2846005	1	3153	2	0	3000
Picture	22	hit	1	4794	3	2885340	1	3153	2	0	3000
Picture	22	hit	1	2960	2	2923181	1	3153	2	0	3000
Picture	33	miss				2962681	2	3154	3	0	3000
Picture	22	hit	1	3303	3	3001020	2	3154	3	0	3000
Picture	22	hit	1	3288	2	3040521	1	3154	2	0	3000
Picture	22	hit	1	2689	2	3078694	1	3154	2	0	3000
Picture	22	hit	1	3347	3	3113216	1	3153	2	0	3000
Picture	22	hit	1	3056	2	3145414	1	3153	3	0	3000
Picture	33	hit	1	33083	3	3179438	1	3153	2	0	3000
Picture	22	miss				3218607	1	3153	2	0	3000
Picture	22	hit	1	3344	4	3253626	2	3154	3	0	3000
Picture	22	hit	1	2680	3	3289144	1	3153	2	0	3000
Picture	22	hit	1	4580	2	3324495	1	3154	2	0	3000
Picture	22	hit	1	4383	3	3356361	2	3154	3	0	3000
Picture	22	hit	1	3376	3	3385406	1	3153	3	0	3000
Picture	22	hit	1	3463	2	3418434	1	3153	3	0	3000
Picture	33	miss				3450466	1	3154	2	0	3000
Picture	22	hit	1	3314	3	3480175	1	3153	2	0	3000
Picture	33	miss				3508556	1	3153	2	0	3000
Picture	22	hit	1	3585	3	3542413	2	3154	3	0	3000
Picture	22	hit	1	4004	2	3572454	1	3153	2	0	3000
Picture	22	hit	1	4342	2	3609631	1	3153	3	0	3000
Picture	33	miss				3641165	2	3154	3	0	3000
Picture	22	miss				3678508	2	3154	3	0	3000
Picture	22	hit	1	2790	2	3713528	1	3153	3	0	3000
Picture	22	hit	1	2655	3	3747220	1	3153	2	0	3000
Picture	22	hit	1	3131	2	3779418	1	3153	3	0	3000
Picture	22	hit	1	4443	2	3808629	1	3153	2	0	3000
Picture	33	hit	1	3434	2	3838005	1	3154	2	0	3000
Picture	22	hit	1	3196	3	3872361	1	3153	2	0	3000
Picture	22	hit	1	3027	3	3909870	1	3154	2	0	3000
Picture	22	hit	1	5016	2	3943562	1	3153	2	0	3000
Picture	22	hit	1	2906	2	3983063	1	3153	2	0	3000
Picture	22	hit	1	3912	2	4011278	1	3153	2	0	3000
Picture	33	hit	1	3212	3	4047957	1	3153	2	0	3000
Picture	22	hit	1	3781	4	4083308	2	3154	3	0	3000
Picture	22	hit	1	3890	4	4116668	2	3154	3	0	3000
Picture	22	hit	1	3771	2	4156335	1	3153	3	0	3000
Picture	22	hit	1	4438	3	4187869	1	3154	2	0	3000
Picture	22	hit	1	4001	2	4217412	1	3153	2	0	3000
Picture	33	hit	1	3904	2	4253427	1	3154	2	0	3000
Picture	22	miss				4281642	1	3154	2	0	3000
Picture	22	hit	1	3370	2	4319151	1	3154	2	0	3000
Picture	22	hit	1	4441	3	4351017	2	3154	3	0	3000
Picture	22	hit	1	3356	3	4389024	2	3154	3	0	3000
Picture	22	miss				4420061	1	3153	2	0	3000
Picture	22	hit	1	2619	3	4459727	2	3154	3	0	3000
Picture	22	hit	1	3390	2	4489768	1	3153	3	0	3000
Picture	33	miss				4525119	2	3154	3	0	3000
Picture	22	hit	1	3087	2	4562961	1	3153	2	0	3000
Picture	22	hit	1	5143	2	4598478	1	3153	3	0	3000
Picture	22	hit	1	4336	4	4630510	2	3154	3	0	3000
Picture	22	hit	1	2930	3	4667687	2	3154	3	0	3000
Picture	22	miss				4702209	1	3154	2	0	3000
Picture	22	hit	1	3042	3	4739552	2	3154	3	0	3000
Picture	22	hit	1	3697	4	4772248	2	3154	3	0	3000
Picture	33	miss				4803285	1	3153	2	0	3000
Picture	22	hit	1	3959	3	4832163	2	3154	3	0	3000
Picture	33	miss				4866353	1	3153	3	0	3000
Picture	22	hit	1	3675	2	4905190	1	3153	3	0	3000
Picture	22	hit	1	5266	2	4939048	1	3153	2	0	3000
Picture	22	hit	1	4602	3	4973071	2	3154	3	0	3000
Picture	22	hit	1	4614	2	5009419	1	3153	2	0	3000
Picture	22	hit	1	4150	3	5039957	2	3154	3	0	3000
Picture	33	miss				5069500	1	3153	2	0	3000
Picture	22	hit	1	3491	2	5102030	1	3153	2	0	3000
Picture	22	hit	1	3870	3	5136718	1	3153	2	0	3000
Picture	22	hit	1	3728	2	5166260	1	3154	2	0	3000
Picture	22	miss				5195139	1	3153	2	0	3000
Picture	22	hit	1	4059	4	5224183	2	3154	3	0	3000
Picture	33	miss				5253892	1	3153	3	0	3000
Picture	22	miss				5328246	2	3154	3	0	3000
Picture	22	hit	1	3004	2	5368245	1	3154	2	0	3000
Picture	22	hit	1	4388	2	5398618	1	3153	2	0	3000
Picture	22	hit	1	2862	3	5430484	1	3153	2	0	3000
Picture	22	hit	1	3041	4	5465337	2	3154	3	0	3000
Picture	22	hit	1	2846	3	5498531	2	3154	3	0	3000
Picture	22	hit	1	3483	2	5535377	1	3153	2	0	3000
Picture	33	miss				5566911	1	3153	2	0	3000
Picture	22	hit	1	3506	2	5604586	1	3153	3	0	3000
Picture	22	hit	1	3603	3	5635456	2	3154	3	0	3000
Picture	22	hit	1	4511	2	5664003	1	3153	3	0	3000
Picture	33	miss				5692218	1	3153	2	0	3000
Picture	22	hit	1	2866	2	5720599	1	3153	2	0	3000
Picture	22	hit	1	3611	3	5759933	2	3154	3	0	3000
Picture	22	hit	1	3247	3	5793625	2	3154	3	0	3000
Picture	22	hit	1	4968	2	5822338	1	3153	3	0	3000
Picture	22	hit	1	8725	2	5855034	1	3154	2	0	3000
Picture	33	miss				5890054	1	3153	2	0	3000
Picture	22	hit	1	3804	2	5927065	1	3153	3	0	3000
Picture	22	hit	1	3461	2	5966898	1	3153	2	0	3000
Picture	22	hit	1	3108	2	5997270	1	3153	3	0	3000
Picture	22	hit	1	3841	3	6034945	1	3154	2	0	3000
Picture	22	hit	1	3656	4	6066479	2	3146	15	0	3000
Picture	33	miss				6102329	1	3153	2	0	3000
Picture	22	hit	1	3295	2	6135191	1	3153	2	0	3000
Picture	22	hit	1	4466	2	6164070	1	3153	2	0	3000
Picture	22	hit	1	3320	2	6201081	1	3153	2	0	3000
Picture	22	hit	1	3684	2	6233777	1	3153	2	0	3000
Picture	22	hit	1	3437	2	6263983	1	3154	2	0	3000
Picture	33	miss				6298339	1	3153	3	0	3000
Picture	22	hit	1	4320	3	6329209	2	3154	3	0	3000
Picture	22	hit	1	4409	3	6357756	1	3154	2	0	3000
Picture	22	hit	1	4096	2	6396593	1	3153	3	0	3000
Picture	33	miss				6430285	1	3153	2	0	3000
Picture	22	hit	1	2718	2	6466466	1	3154	2	0	3000
Picture	22	hit	1	3728	2	6502648	1	3153	2	0	3000
Picture	22	hit	1	7873	2	6534846	1	3153	2	0	3000
Picture	22	hit	1	3742	2	6565218	1	3154	2	0	3000
Picture	22	hit	1	3408	2	6604387	1	3153	3	0	3000
Picture	33	miss				6641232	2	3154	3	0	3000
Picture	22	hit	1	2972	3	6671937	1	3153	2	0	3000
Picture	33	miss				6701977	1	3154	2	0	3000
Picture	22	hit	1	3168	3	6733511	2	3154	3	0	3000
Picture	22	hit	1	7381	3	6766373	2	3154	3	0	3000
Picture	22	miss				6800729	1	3154	2	0	3000
Picture	33	miss				6829442	1	3153	2	0	3000
Picture	22	hit	1	3443	2	6867283	1	3153	2	0	3000
Picture	22	hit	1	4945	3	6898485	2	3154	3	0	3000
Picture	22	hit	1	5933	3	6930849	2	3154	3	0	3000
Picture	22	hit	1	4317	2	6966201	1	3153	2	0	3000
Picture	22	hit	1	4023	3	7002216	2	3154	3	0	3000
Picture	33	hit	1	4766	2	7036572	1	3153	2	0	3000
Picture	22	hit	1	3378	2	7069600	1	3153	2	0	3000
Picture	22	hit	1	4469	2	7107109	1	3153	3	0	3000
Picture	22	hit	1	3576	2	7139639	1	3154	2	0	3000
Picture	22	hit	1	3886	3	7176484	2	3154	3	0	3000
Picture	22	hit	1	4598	2	7216649	1	3153	3	0	3000
Picture	33	miss				7251005	1	3153	2	0	3000
Picture	22	hit	1	3733	4	7286190	2	3154	3	0	3000
Picture	22	hit	1	3634	2	7321210	1	3153	2	0	3000
Picture	22	hit	1	3520	3	7353408	1	3153	3	0	3000
Picture	33	miss				7391747	1	3153	3	0	3000
Picture	22	hit	1	4143	3	7431082	1	3153	2	0	3000
Picture	22	hit	1	5166	4	7466599	2	3154	3	0	3000
Picture	22	hit	1	3824	3	7504606	2	3154	3	0	3000
Picture	22	hit	1	9271	3	7537468	2	3154	3	0	3000
Picture	22	hit	1	3659	3	7567841	1	3153	2	0	3000
Picture	33	hit	1	3488	3	7603192	2	3154	3	0	3000
Picture	22	hit	1	3333	4	7635556	2	3154	3	0	3000
Picture	22	hit	1	4140	3	7665597	1	3153	3	0	3000
Picture	22	hit	1	4166	2	7696799	1	3154	2	0	3000
Picture	22	hit	1	5947	2	7726508	1	3153	2	0	3000
Picture	22	hit	1	6962	3	7761029	2	3154	3	0	3000
Picture	33	miss				7794721	2	3154	3	0	3000
Picture	22	hit	1	3484	3	7826421	2	3154	3	0	3000
Picture	22	hit	1	4313	4	7865258	2	3154	3	0	3000
Picture	22	hit	1	4631	2	7895133	1	3153	3	0	3000
Picture	22	hit	1	3590	2	7927165	1	3154	2	0	3000
Picture	22	hit	1	3281	4	7964508	2	3154	3	0	3000
Picture	22	hit	1	6794	3	8001519	2	3154	3	0	3000
Picture	22	hit	1	3292	2	8031560	1	3153	3	0	3000
Picture	33	miss				8065584	1	3153	2	0	3000
Picture	22	hit	1	3038	3	8104089	1	3153	2	0	3000
Picture	22	miss				8141930	1	3153	2	0	3000
Picture	22	miss				8171472	2	3154	3	0	3000
Picture	22	hit	1	3786	2	8207986	1	3153	2	0	3000
Picture	22	hit	1	4508	2	8244831	1	3153	3	0	3000
Picture	22	hit	1	6197	2	8274042	1	3153	2	0	3000
Picture	22	hit	1	3684	2	8312381	1	3153	2	0	3000
Picture	33	hit	1	3665	3	8341591	2	3154	3	0	3000
Picture	22	hit	1	3360	2	8381092	1	3153	3	0	3000
Picture	22	hit	1	4678	4	8418435	2	3154	3	0	3000
Picture	22	hit	1	4047	2	8447314	1	3153	2	0	3000
Picture	22	hit	1	4222	3	8478516	2	3154	3	0	3000
Picture	22	hit	1	5677	2	8509553	1	3153	2	0	3000
Picture	33	hit	1	2976	2	8545900	1	3153	2	0	3000
Picture	22	hit	1	3191	2	8586065	1	3153	2	0	3000
Picture	22	hit	1	6964	2	8618097	1	3153	2	0	3000
Picture	22	hit	1	3610	3	8652618	2	3154	3	0	3000
Picture	33	miss				8683655	1	3153	2	0	3000
Picture	22	hit	1	2875	3	8723321	2	3154	3	0	3000
Picture	22	hit	1	4582	3	8763154	1	3154	2	0	3000
Picture	22	hit	1	8785	3	8793693	1	3153	2	0	3000
Picture	22	hit	1	5261	3	8827882	2	3154	3	0	3000
Picture	22	hit	1	5088	3	8857923	1	3153	2	0	3000
Picture	33	miss				8890785	1	3153	2	0	3000
Picture	22	hit	1	3363	3	8921323	2	3154	3	0	3000
Picture	22	hit	1	4153	2	8960990	1	3153	3	0	3000
Picture	22	hit	1	4111	2	8998333	1	3154	2	0	3000
Picture	33	miss				9028374	1	3153	2	0	3000
Picture	22	hit	1	3896	2	9061402	1	3153	2	0	3000
Picture	22	hit	1	3803	2	9093102	1	3153	2	0	3000
Picture	22	hit	1	3848	2	9130943	1	3153	2	0	3000
Picture	33	hit	1	3147	2	9165465	1	3153	2	0	3000
Picture	22	hit	1	3898	2	9201480	1	3153	3	0	3000
Picture	22	hit	1	6009	2	9240151	1	3153	2	0	3000
Picture	22	hit	1	5120	2	9275337	1	3153	2	0	3000
Picture	22	hit	1	3136	4	9305211	2	3153	4	0	3000
Picture	22	hit	1	2856	2	9335252	1	3153	2	0	3000
Picture	33	miss				9371931	1	3153	2	0	3000
Picture	22	hit	1	2898	3	9402469	2	3154	3	0	3000
Picture	22	hit	1	3245	3	9434501	2	3154	3	0	3000
Picture	22	hit	1	6950	2	9466534	1	3153	2	0	3000
Picture	22	hit	1	3515	4	9506034	2	3154	3	0	3000
Picture	22	hit	1	4836	2	9535411	1	3153	3	0	3000
Picture	33	miss				9568605	1	3153	2	0	3000
Picture	22	hit	1	3418	2	9603459	1	3153	2	0	3000
Picture	22	hit	1	3502	3	9637814	2	3154	3	0	3000
Picture	22	hit	1	5883	2	9667689	1	3153	3	0	3000
Picture	22	hit	1	3752	2	9705530	1	3153	2	0	3000
Picture	22	hit	1	4279	2	9743869	1	3153	2	0	3000
Picture	33	miss				9775403	1	3153	3	0	3000
Picture	22	hit	1	4385	2	9804282	1	3153	2	0	3000
Picture	33	miss				9843119	1	3153	2	0	3000
Picture	22	hit	1	3789	3	9872827	2	3154	3	0	3000
Picture	22	hit	1	4013	2	9908013	1	3153	2	0	3000
Picture	22	hit	1	5431	3	9943696	2	3154	3	0	3000
Picture	22	hit	1	7007	3	9976558	2	3154	3	0	3000
Picture	22	hit	1	4782	3	10015229	1	3154	2	0	3000
Picture	33	miss				10045270	1	3153	2	0	3000
Picture	22	hit	1	3710	2	10073817	1	3153	2	0	3000
Picture	22	hit	1	3431	3	10102197	2	3154	3	0	3000
Picture	22	hit	1	3198	3	10139375	1	3153	2	0	3000
Picture	33	hit	1	4182	2	10177880	1	3153	2	0	3000
Picture	22	hit	1	3158	2	10215887	1	3153	2	0	3000
Picture	33	miss				10255885	2	3154	3	0	3000
