Scenario - EFT rapido Abril 2011
Logfile written - 06/07/2012 11:31:47

Subject	Trial	Event Type	Code	Time	TTime	Uncertainty	Duration	Uncertainty	ReqTime	ReqDur	Stim Type	Pair Index

JM	2	Picture	20	10499	0	1	3166	2	0	3000	other	0
JM	3	Response	1	17332	3500	2
JM	4	Picture	11	20832	0	1	3166	2	0	3000	other	0
JM	5	Response	1	25770	1605	1
JM	6	Picture	21	29998	0	1	3167	2	0	3000	other	0
JM	7	Response	2	35926	2595	1
JM	8	Picture	20	39165	0	1	3166	2	0	3000	other	0
JM	9	Response	1	44051	1553	1
JM	10	Picture	11	48498	0	1	3166	2	0	3000	other	0
JM	11	Response	2	52332	501	1
JM	12	Picture	10	57664	0	1	3167	2	0	3000	other	0
JM	13	Response	2	63427	2430	1
JM	14	Picture	21	68997	0	1	3167	2	0	3000	other	0
JM	15	Response	1	72644	314	1
JM	16	Picture	21	78497	0	1	3167	2	0	3000	other	0
JM	17	Response	2	83426	1596	1
JM	18	Picture	11	88497	0	1	3166	2	0	3000	other	0
JM	19	Response	1	92019	189	2
JM	20	Picture	11	99663	0	1	3167	2	0	3000	other	0
JM	21	Response	1	104363	1367	1
JM	22	Picture	20	108329	0	2	3167	3	0	3000	other	0
JM	23	Response	1	114519	2856	1
JM	24	Picture	21	118496	0	1	3166	3	0	3000	other	0
JM	25	Response	2	123738	1909	1
JM	26	Picture	10	128496	0	1	3166	2	0	3000	other	0
JM	27	Response	2	134678	2849	2
JM	28	Picture	10	137495	0	1	3167	2	0	3000	other	0
JM	29	Response	2	143269	2440	2
JM	30	Picture	10	148328	0	2	3167	3	0	3000	other	0
JM	31	Response	2	152800	1138	1
JM	32	Picture	10	159661	0	2	3167	3	0	3000	other	0
JM	33	Response	2	163113	118	1
JM	34	Picture	21	169828	0	1	3166	2	0	3000	other	0
JM	34	Response	2	172644	2816	1
JM	36	Picture	21	180994	0	1	3167	2	0	3000	other	0
JM	36	Response	2	184206	3212	1
JM	38	Picture	20	191327	0	1	3167	2	0	3000	other	0
JM	39	Response	2	195613	953	1
JM	39	Response	1	196862	2202	1
JM	40	Picture	21	200327	0	1	3167	2	0	3000	other	0
JM	41	Response	2	205300	1640	1
JM	42	Picture	21	210993	0	1	3167	2	0	3000	other	0
JM	43	Response	2	217800	3473	1
JM	44	Picture	21	221493	0	1	3167	2	0	3000	other	0
JM	45	Response	2	226393	1567	2
JM	46	Picture	20	230326	0	1	3167	2	0	3000	other	0
JM	47	Response	1	237019	3360	1
JM	48	Picture	21	239326	0	1	3167	2	0	3000	other	0
JM	49	Response	2	242956	297	1
JM	50	Picture	20	248826	0	1	3166	2	0	3000	other	0
JM	51	Response	1	253580	1421	2
JM	52	Picture	20	258325	0	2	3167	3	0	3000	other	0
JM	52	Response	2	258893	568	1
JM	54	Picture	11	269658	0	2	3167	3	0	3000	other	0
JM	55	Response	1	274678	1686	1
JM	56	Picture	10	280825	0	1	3166	2	0	3000	other	0
JM	57	Response	2	284677	519	1
JM	58	Picture	20	292158	0	1	3166	3	0	3000	other	0
JM	59	Response	1	298893	3402	1
JM	60	Picture	21	301158	0	1	3166	2	0	3000	other	0
JM	61	Response	2	306237	1746	1
JM	62	Picture	11	310824	0	1	3167	2	0	3000	other	0
JM	63	Response	1	314205	48	2
JM	64	Picture	11	321657	0	1	3167	2	0	3000	other	0
JM	65	Response	1	326862	1872	1
JM	66	Picture	10	332157	0	1	3166	2	0	3000	other	0
JM	67	Response	2	336236	746	2
JM	68	Picture	11	340823	0	1	3167	2	0	3000	other	0
JM	69	Response	1	346861	2705	2
JM	70	Picture	21	350823	0	1	3167	2	0	3000	other	0
JM	71	Response	2	355143	987	1
JM	72	Picture	21	361489	0	1	3167	2	0	3000	other	0
JM	73	Response	2	367330	2507	1
JM	74	Picture	11	372322	0	1	3167	2	0	3000	other	0
JM	75	Response	1	376861	1205	1
JM	76	Picture	21	383489	0	1	3166	2	0	3000	other	0
JM	76	Response	2	384049	560	1
JM	78	Picture	21	394822	0	1	3166	2	0	3000	other	0
JM	78	Response	1	397955	3133	1
JM	80	Picture	21	404655	0	1	3166	2	0	3000	other	0
JM	80	Response	2	404829	174	2
JM	82	Picture	21	414488	0	1	3166	3	0	3000	other	0
JM	83	Response	2	419986	2165	1
JM	84	Picture	20	422988	0	1	3166	2	0	3000	other	0
JM	85	Response	2	426861	540	1
JM	86	Picture	20	433154	0	1	3167	2	0	3000	other	0
JM	88	Picture	10	441654	0	1	3166	2	0	3000	other	0
JM	88	Response	1	444986	3332	1
JM	90	Picture	11	451487	0	1	3167	2	0	3000	other	0
JM	92	Picture	11	461820	0	1	3167	2	0	3000	other	0
JM	92	Response	2	464204	2384	2
JM	94	Picture	21	470986	0	1	3167	2	0	3000	other	0
JM	95	Response	2	475454	1134	1
JM	96	Picture	21	480486	0	1	3167	2	0	3000	other	0
JM	97	Response	2	484829	1010	1
JM	98	Picture	11	491319	0	1	3167	2	0	3000	other	0
JM	99	Response	2	495767	1115	1
JM	99	Response	1	497173	2521	1
JM	100	Picture	10	501152	0	1	3167	2	0	3000	other	0
JM	101	Response	2	506860	2375	1
JM	102	Picture	20	510485	0	1	3167	2	0	3000	other	0
JM	103	Response	1	516392	2573	1
JM	104	Picture	21	520818	0	1	3167	2	0	3000	other	0
JM	104	Response	2	521391	573	1
JM	106	Picture	21	531985	0	1	3166	2	0	3000	other	0
JM	106	Response	1	535297	3312	2
JM	108	Picture	10	541151	0	1	3167	2	0	3000	other	0
JM	109	Response	2	547485	3001	1
JM	110	Picture	21	551651	0	1	3166	3	0	3000	other	0
JM	110	Response	1	552016	365	1
JM	112	Picture	10	561317	0	1	3167	2	0	3000	other	0
JM	113	Response	2	565614	963	1
JM	114	Picture	20	571150	0	1	3167	2	0	3000	other	0
JM	115	Response	1	575453	969	1
JM	116	Picture	20	582150	0	1	3167	2	0	3000	other	0
JM	116	Response	2	585297	3147	1
JM	118	Picture	21	592650	0	1	3166	2	0	3000	other	0
JM	118	Response	1	595454	2804	1
JM	120	Picture	11	602483	0	1	3166	2	0	3000	other	0
JM	122	Picture	20	612149	0	1	3167	2	0	3000	other	0
JM	123	Response	1	617953	2471	1
JM	124	Picture	20	621649	0	1	3167	2	0	3000	other	0
JM	125	Response	1	628265	3283	2
JM	126	Picture	20	630315	0	2	3167	3	0	3000	other	0
JM	128	Picture	21	639315	0	1	3167	2	0	3000	other	0
JM	128	Response	1	642328	3013	1
JM	129	Response	2	646547	3899	1
JM	130	Picture	21	649982	0	1	3166	2	0	3000	other	0
JM	131	Response	2	654516	1201	1
JM	132	Picture	10	660981	0	1	3167	2	0	3000	other	0
JM	132	Response	2	663578	2597	1
JM	134	Picture	10	670981	0	1	3167	2	0	3000	other	0
JM	135	Response	2	675609	1295	1
JM	136	Picture	10	680314	0	1	3167	2	0	3000	other	0
JM	136	Response	1	683422	3108	1
JM	137	Response	2	688265	4618	1
JM	138	Picture	21	690980	0	2	3167	3	0	3000	other	0
JM	139	Response	2	696703	2389	1
JM	140	Picture	10	699480	0	1	3167	2	0	3000	other	0
JM	141	Response	2	707952	5139	2
JM	142	Picture	21	709813	0	1	3167	2	0	3000	other	0
JM	143	Response	2	718265	5118	1
JM	144	Picture	10	720980	0	1	3166	2	0	3000	other	0
JM	145	Response	2	731234	6921	1
JM	146	Picture	20	731979	0	1	3167	2	0	3000	other	0
JM	147	Response	1	739984	4671	1
JM	148	Picture	11	741312	0	2	3167	3	0	3000	other	0
JM	149	Response	1	749515	4869	1
JM	150	Picture	21	750646	0	1	3166	2	0	3000	other	0
JM	151	Response	2	756859	2880	1
JM	152	Picture	21	761645	0	1	3167	2	0	3000	other	0
JM	153	Response	2	765613	635	1
JM	154	Picture	21	772812	0	1	3166	2	0	3000	other	0
JM	155	Response	2	777171	1026	1
JM	156	Picture	21	783311	0	1	3167	2	0	3000	other	0
JM	157	Response	2	787484	839	1
JM	158	Picture	20	793811	0	1	3167	2	0	3000	other	0
JM	159	Response	2	799827	2683	1
JM	160	Picture	20	802477	0	2	3167	3	0	3000	other	0
JM	161	Response	1	807796	1985	1
JM	162	Picture	10	812811	0	1	3166	2	0	3000	other	0
JM	163	Response	1	816546	402	1
JM	164	Picture	21	823644	0	1	3166	2	0	3000	other	0
JM	164	Response	2	825139	1495	1
JM	165	Response	2	834202	7225	1
JM	166	Picture	20	834977	0	1	3166	2	0	3000	other	0
JM	167	Response	1	841233	2923	1
JM	168	Picture	11	843476	0	1	3167	2	0	3000	other	0
JM	169	Response	1	849982	3172	2
JM	170	Picture	11	854143	0	1	3166	2	0	3000	other	0
JM	170	Response	2	856232	2089	2
JM	171	Response	1	862172	4696	1
JM	172	Picture	20	863809	0	1	3167	2	0	3000	other	0
JM	173	Response	1	869201	2059	2
JM	174	Picture	10	874142	0	1	3167	2	0	3000	other	0
JM	174	Response	1	875139	997	1
JM	175	Response	2	880296	2821	1
JM	176	Picture	11	884309	0	1	3166	2	0	3000	other	0
JM	177	Response	2	887795	153	1
JM	177	Response	1	890295	2653	1
JM	178	Picture	21	895308	0	1	3167	2	0	3000	other	0
JM	179	Response	2	900451	1809	1
JM	180	Picture	21	905141	0	1	3167	2	0	3000	other	0
JM	181	Response	2	911545	3070	1
JM	182	Picture	21	915308	0	1	3166	2	0	3000	other	0
JM	183	Response	2	920607	1966	1
JM	184	Picture	10	924808	0	1	3166	2	0	3000	other	0
JM	186	Picture	11	934474	0	1	3166	3	0	3000	other	0
JM	186	Response	2	935295	821	1
JM	187	Response	1	942170	4363	1
JM	188	Picture	21	945474	0	1	3166	2	0	3000	other	0
JM	189	Response	2	950920	2113	1
JM	190	Picture	21	954973	0	1	3167	2	0	3000	other	0
JM	191	Response	2	963263	4956	1
JM	192	Picture	20	964973	0	1	3167	2	0	3000	other	0
JM	193	Response	1	970763	2457	1
JM	194	Picture	20	973473	0	1	3166	3	0	3000	other	0
JM	195	Response	1	979826	3020	1
JM	196	Picture	20	984139	0	1	3167	2	0	3000	other	0
JM	196	Response	2	987325	3186	2
JM	198	Picture	20	994472	0	1	3167	2	0	3000	other	0
JM	199	Response	1	1001388	3582	1
JM	200	Picture	10	1004639	0	1	3166	2	0	3000	other	0
JM	200	Response	1	1007638	2999	1
JM	201	Response	2	1013263	5291	1
JM	202	Picture	10	1013805	0	1	3167	2	0	3000	other	0
JM	204	Picture	21	1023305	0	1	3166	3	0	3000	other	0
JM	204	Response	2	1025919	2614	1
JM	206	Picture	21	1032638	0	1	3167	2	0	3000	other	0
JM	206	Response	2	1034981	2343	1
JM	208	Picture	10	1041471	0	1	3167	2	0	3000	other	0
JM	209	Response	2	1044981	177	2
JM	210	Picture	21	1052637	0	2	3167	3	0	3000	other	0
JM	210	Response	2	1055762	3125	2
JM	212	Picture	11	1063470	0	2	3167	3	0	3000	other	0
JM	213	Response	1	1067950	1146	1
JM	214	Picture	21	1074803	0	2	3167	3	0	3000	other	0
JM	215	Response	2	1079981	1844	1
JM	216	Picture	21	1083470	0	1	3167	2	0	3000	other	0
JM	217	Response	2	1087325	522	1
JM	218	Picture	11	1094136	0	1	3167	2	0	3000	other	0
JM	218	Response	2	1095450	1314	1
JM	219	Response	1	1102794	5324	1
JM	220	Picture	11	1105303	0	1	3166	2	0	3000	other	0
JM	221	Response	1	1111231	2595	1
JM	222	Picture	21	1116302	0	1	3167	2	0	3000	other	0
JM	223	Response	2	1121075	1439	1
JM	224	Picture	20	1125969	0	1	3166	2	0	3000	other	0
JM	225	Response	1	1131856	2554	1
JM	226	Picture	20	1136468	0	2	3167	3	0	3000	other	0
JM	227	Response	1	1141856	2054	1
JM	228	Picture	21	1145968	0	1	3167	2	0	3000	other	0
JM	229	Response	2	1152793	3492	1
JM	230	Picture	11	1155135	0	1	3166	2	0	3000	other	0
JM	231	Response	1	1161544	3076	1
JM	232	Picture	20	1166134	0	1	3167	2	0	3000	other	0
JM	233	Response	1	1171856	2388	1
JM	234	Picture	11	1175801	0	1	3166	2	0	3000	other	0
JM	235	Response	1	1183105	3971	2
JM	236	Picture	20	1186967	0	1	3167	2	0	3000	other	0
JM	238	Picture	21	1196967	0	1	3166	2	0	3000	other	0
JM	238	Response	1	1197793	826	1
JM	239	Response	2	1203106	2806	1
JM	240	Picture	11	1207800	0	1	3166	3	0	3000	other	0
JM	241	Response	1	1212949	1816	1
JM	242	Picture	20	1218800	0	1	3166	2	0	3000	other	0
JM	243	Response	1	1224199	2066	1
JM	244	Picture	10	1229633	0	1	3166	2	0	3000	other	0
JM	244	Response	2	1231386	1753	1
JM	246	Picture	10	1240132	0	1	3167	2	0	3000	other	0
JM	246	Response	2	1242324	2192	1
JM	248	Picture	21	1251299	0	1	3166	2	0	3000	other	0
JM	248	Response	1	1253886	2587	2
JM	249	Response	2	1258261	3629	1
JM	250	Picture	21	1261132	0	1	3166	2	0	3000	other	0
JM	251	Response	2	1266855	2390	1
JM	252	Picture	11	1271465	0	1	3166	2	0	3000	other	0
JM	253	Response	1	1275917	1119	1
JM	254	Picture	10	1282631	0	1	3167	2	0	3000	other	0
JM	255	Response	2	1286386	422	1
JM	256	Picture	10	1292464	0	1	3167	2	0	3000	other	0
JM	256	Response	1	1295761	3297	1
JM	258	Picture	21	1302131	0	1	3166	2	0	3000	other	0
JM	258	Response	2	1305136	3005	1
JM	260	Picture	11	1313130	0	2	3167	3	0	3000	other	0
JM	261	Response	1	1317792	1328	1
JM	262	Picture	20	1321630	0	1	3167	2	0	3000	other	0
JM	263	Response	1	1328417	3454	1
JM	264	Picture	20	1331797	0	1	3166	2	0	3000	other	0
JM	265	Response	1	1337636	2506	1
JM	266	Picture	20	1342296	0	1	3167	2	0	3000	other	0
JM	267	Response	1	1347167	1537	1
JM	268	Picture	11	1351463	0	1	3166	2	0	3000	other	0
JM	269	Response	1	1358886	4090	1
JM	270	Picture	21	1362796	0	1	3166	2	0	3000	other	0
JM	271	Response	2	1370604	4475	1
JM	272	Picture	20	1371629	0	1	3166	2	0	3000	other	0
JM	273	Response	1	1377010	2048	1
JM	274	Picture	21	1380295	0	1	3167	2	0	3000	other	0
JM	275	Response	2	1384510	881	1
JM	276	Picture	10	1390462	0	1	3166	2	0	3000	other	0
JM	278	Picture	20	1400628	0	1	3167	2	0	3000	other	0
JM	279	Response	1	1408416	4455	2
JM	280	Picture	11	1409794	0	2	3167	3	0	3000	other	0
JM	281	Response	2	1413729	601	1
JM	282	Picture	21	1420294	0	1	3167	2	0	3000	other	0
JM	282	Response	1	1420604	310	1
JM	283	Response	1	1426698	3071	1
JM	283	Response	2	1430447	6820	1
JM	284	Picture	11	1431127	0	1	3167	2	0	3000	other	0
JM	285	Response	1	1434670	210	2
JM	286	Picture	21	1441960	0	1	3167	2	0	3000	other	0
JM	287	Response	2	1447657	2363	1
JM	288	Picture	10	1452960	0	1	3167	2	0	3000	other	0
JM	289	Response	1	1457010	717	1
JM	289	Response	2	1461697	5404	2
JM	290	Picture	11	1462793	0	1	3167	2	0	3000	other	0
JM	292	Picture	11	1473293	0	1	3166	2	0	3000	other	0
JM	293	Response	1	1478376	1750	2
JM	294	Picture	11	1482793	0	1	3166	2	0	3000	other	0
JM	294	Response	1	1485608	2815	1
JM	296	Picture	21	1493126	0	1	3166	2	0	3000	other	0
JM	297	Response	2	1497010	551	1
JM	298	Picture	11	1501959	0	1	3166	2	0	3000	other	0
JM	298	Response	2	1505291	3332	1
JM	299	Response	1	1507009	1717	1
JM	300	Picture	10	1510625	0	1	3167	2	0	3000	other	0
JM	301	Response	1	1517166	3208	1
JM	302	Response	2	1520290	332	2
JM	303	Picture	10	1540291	0	1	3167	2	0	3000	other	0
JM	304	Response	2	1548884	5260	1
JM	305	Picture	10	1548957	0	1	3167	2	0	3000	other	0
JM	306	Response	2	1554509	2218	1
JM	307	Picture	20	1560290	0	2	3167	3	0	3000	other	0
JM	308	Response	1	1565759	2135	1
JM	309	Picture	10	1569457	0	1	3166	2	0	3000	other	0
JM	309	Response	1	1572167	2710	1
JM	310	Response	2	1577634	4844	1
JM	311	Picture	20	1580457	0	1	3166	2	0	3000	other	0
JM	312	Response	1	1585446	1656	2
JM	313	Picture	11	1589623	0	1	3167	2	0	3000	other	0
JM	314	Response	1	1594509	1553	1
JM	315	Picture	11	1598289	0	1	3167	2	0	3000	other	0
JM	316	Response	1	1603571	1948	2
JM	317	Picture	21	1609289	0	1	3167	2	0	3000	other	0
JM	318	Response	1	1613415	793	1
JM	318	Response	2	1616853	4231	1
JM	319	Picture	11	1619789	0	1	3166	2	0	3000	other	0
JM	320	Response	1	1625915	2793	1
JM	321	Picture	10	1629789	0	1	3166	2	0	3000	other	0
JM	322	Response	2	1634352	1230	2
JM	323	Picture	10	1641122	0	1	3166	2	0	3000	other	0
JM	324	Response	2	1646852	2397	2
JM	325	Picture	10	1649621	0	1	3167	2	0	3000	other	0
JM	326	Response	2	1655290	2335	1
JM	327	Picture	21	1659288	0	1	3166	2	0	3000	other	0
JM	328	Response	2	1663415	794	1
JM	329	Picture	10	1669287	0	2	3167	3	0	3000	other	0
JM	330	Response	2	1673259	638	1
JM	331	Picture	11	1677954	0	1	3166	3	0	3000	other	0
JM	332	Response	1	1683571	2284	1
JM	333	Picture	20	1689287	0	1	3167	2	0	3000	other	0
JM	335	Picture	20	1699620	0	1	3167	2	0	3000	other	0
JM	336	Response	2	1704508	1555	1
JM	337	Picture	20	1709786	0	1	3167	2	0	3000	other	0
JM	339	Picture	11	1719953	0	1	3166	2	0	3000	other	0
JM	340	Response	1	1724508	1222	1
JM	341	Picture	11	1728953	0	1	3166	2	0	3000	other	0
JM	342	Response	1	1733258	972	1
JM	343	Picture	10	1738619	0	1	3167	2	0	3000	other	0
JM	344	Response	2	1744039	2087	1
JM	345	Picture	10	1749785	0	1	3167	2	0	3000	other	0
JM	347	Picture	11	1760785	0	1	3167	2	0	3000	other	0
JM	348	Response	1	1766383	2265	1
JM	349	Picture	11	1771951	0	1	3167	2	0	3000	other	0
JM	350	Response	1	1776383	1098	1
JM	351	Picture	21	1783284	0	2	3167	3	0	3000	other	0
JM	352	Response	2	1787633	1015	1
JM	353	Picture	11	1792284	0	1	3167	2	0	3000	other	0
JM	354	Response	2	1799039	3422	1
JM	355	Picture	10	1803451	0	1	3166	2	0	3000	other	0
JM	357	Picture	21	1814617	0	1	3166	3	0	3000	other	0
JM	357	Response	2	1814976	359	1
JM	359	Picture	11	1824783	0	1	3167	2	0	3000	other	0
JM	361	Picture	21	1833783	0	1	3167	2	0	3000	other	0
JM	361	Response	1	1834195	412	1
JM	362	Response	2	1840288	3172	2
JM	363	Picture	11	1842616	0	1	3167	2	0	3000	other	0
JM	364	Response	1	1847320	1371	1
JM	365	Picture	10	1851783	0	1	3166	2	0	3000	other	0
JM	365	Response	2	1853882	2099	1
JM	367	Picture	10	1860782	0	1	3167	2	0	3000	other	0
JM	367	Response	1	1863726	2944	1
JM	368	Response	2	1871069	6953	1
JM	369	Picture	11	1871282	0	1	3167	2	0	3000	other	0
JM	370	Response	1	1877632	3017	1
JM	371	Picture	21	1882448	0	2	3167	3	0	3000	other	0
JM	371	Response	2	1883569	1121	1
JM	373	Picture	21	1893781	0	2	3167	3	0	3000	other	0
JM	373	Response	1	1896381	2600	2
JM	375	Picture	20	1904614	0	2	3167	3	0	3000	other	0
JM	376	Response	1	1909194	1246	1
JM	377	Picture	20	1914448	0	1	3166	2	0	3000	other	0
JM	378	Response	1	1920600	2819	2
JM	379	Picture	10	1924781	0	1	3166	2	0	3000	other	0
JM	380	Response	2	1930131	2017	1
JM	381	Picture	10	1934780	0	1	3167	2	0	3000	other	0
JM	382	Response	2	1940600	2486	1
JM	383	Picture	11	1944113	0	2	3167	3	0	3000	other	0
JM	384	Response	1	1952475	5028	1
JM	385	Picture	10	1953946	0	2	3167	3	0	3000	other	0
JM	385	Response	2	1957162	3216	2
JM	387	Picture	11	1962613	0	1	3167	2	0	3000	other	0
JM	388	Response	1	1968413	2467	1
JM	389	Picture	21	1972113	0	1	3166	2	0	3000	other	0
JM	389	Response	2	1973725	1612	1
JM	391	Picture	11	1983112	0	1	3167	2	0	3000	other	0
JM	391	Response	1	1986069	2957	1
JM	393	Picture	21	1992945	0	2	3167	3	0	3000	other	0
JM	393	Response	2	1994666	1721	1
JM	395	Picture	11	2004112	0	1	3166	2	0	3000	other	0
JM	396	Response	1	2008725	1280	1
JM	396	Response	2	2013725	6280	1
JM	397	Picture	11	2014612	0	1	3166	2	0	3000	other	0
JM	399	Picture	10	2023445	0	1	3166	2	0	3000	other	0
JM	399	Response	1	2025604	2159	1
JM	400	Response	2	2032787	6009	1
JM	401	Picture	20	2032944	0	1	3167	2	0	3000	other	0
JM	402	Response	1	2040287	4009	1
JM	403	Picture	20	2041777	0	2	3167	3	0	3000	other	0
JM	405	Picture	11	2053110	0	2	3167	3	0	3000	other	0
JM	406	Response	1	2057943	1499	1
JM	407	Picture	11	2062110	0	1	3167	2	0	3000	other	0
JM	408	Response	1	2066849	1405	2
JM	409	Picture	11	2071777	0	1	3166	2	0	3000	other	0
JM	410	Response	1	2077162	2052	1
JM	411	Picture	20	2081276	0	1	3167	2	0	3000	other	0
JM	412	Response	1	2086693	2083	1
JM	413	Picture	20	2091943	0	1	3166	2	0	3000	other	0
JM	414	Response	1	2099037	3761	1
JM	415	Picture	10	2101776	0	1	3166	2	0	3000	other	0
JM	417	Picture	11	2110942	0	1	3167	2	0	3000	other	0
JM	418	Response	1	2117942	3666	2
JM	419	Picture	10	2121775	0	1	3167	2	0	3000	other	0
JM	420	Response	2	2125442	333	1
JM	421	Picture	11	2131275	0	1	3167	2	0	3000	other	0
JM	422	Response	1	2134817	209	2
JM	423	Picture	21	2141108	0	1	3167	2	0	3000	other	0
JM	423	Response	2	2143724	2616	1
JM	424	Response	1	2152159	7718	4
JM	425	Picture	21	2152441	0	1	3167	2	0	3000	other	0
JM	427	Picture	10	2162108	0	1	3166	2	0	3000	other	0
JM	428	Response	1	2168568	3127	1
JM	429	Picture	21	2173274	0	1	3167	2	0	3000	other	0
JM	430	Response	2	2182317	5710	1
JM	431	Picture	11	2182607	0	1	3167	2	0	3000	other	0
JM	433	Picture	21	2193273	0	2	3167	3	0	3000	other	0
JM	433	Response	2	2196379	3106	2
JM	435	Picture	20	2204273	0	1	3167	2	0	3000	other	0
JM	435	Response	2	2207317	3044	1
JM	437	Picture	10	2213606	0	1	3167	2	0	3000	other	0
JM	437	Response	2	2216848	3242	2
JM	439	Picture	21	2222939	0	1	3167	2	0	3000	other	0
JM	439	Response	1	2224973	2034	1
JM	441	Picture	10	2233439	0	1	3167	2	0	3000	other	0
JM	441	Response	2	2234817	1378	1
JM	443	Picture	21	2243939	0	1	3166	2	0	3000	other	0
JM	444	Response	2	2251848	4576	1
JM	445	Picture	20	2255272	0	1	3166	2	0	3000	other	0
JM	446	Response	1	2261379	2774	1
JM	447	Picture	10	2264272	0	1	3166	2	0	3000	other	0
JM	448	Response	2	2275598	7993	1
JM	449	Picture	10	2275605	0	1	3166	2	0	3000	other	0
JM	451	Picture	10	2285938	0	1	3166	2	0	3000	other	0
JM	451	Response	2	2287004	1066	1
JM	453	Picture	21	2296771	0	1	3166	2	0	3000	other	0
JM	453	Response	1	2299817	3046	1
JM	455	Picture	10	2307437	0	1	3167	2	0	3000	other	0
JM	455	Response	2	2308566	1129	2
JM	457	Picture	20	2318103	0	1	3167	2	0	3000	other	0
JM	458	Response	1	2323254	1817	1
JM	459	Picture	11	2329436	0	1	3167	2	0	3000	other	0
JM	460	Response	1	2334347	1577	2
JM	461	Picture	21	2338270	0	1	3166	2	0	3000	other	0
JM	462	Response	1	2342941	1338	1
JM	463	Picture	21	2348603	0	1	3166	2	0	3000	other	0
JM	464	Response	2	2353254	1318	1
JM	465	Picture	10	2359769	0	1	3167	2	0	3000	other	0
JM	466	Response	2	2364816	1714	1
JM	467	Picture	10	2371269	0	1	3166	2	0	3000	other	0
JM	468	Response	2	2375910	1308	1
JM	469	Picture	10	2380768	0	1	3167	2	0	3000	other	0
JM	470	Response	2	2385441	1339	1
JM	471	Picture	21	2391101	0	2	3167	3	0	3000	other	0
JM	472	Response	2	2395597	1162	1
JM	473	Picture	10	2401434	0	2	3167	3	0	3000	other	0
JM	474	Response	2	2407628	2860	1
JM	475	Picture	20	2410101	0	1	3166	3	0	3000	other	0
JM	476	Response	1	2416222	2788	1
JM	477	Picture	21	2420101	0	1	3166	2	0	3000	other	0
JM	478	Response	2	2424503	1069	1
JM	479	Picture	10	2431267	0	1	3167	2	0	3000	other	0
JM	479	Response	2	2432163	896	1
JM	481	Picture	11	2442267	0	1	3166	2	0	3000	other	0
JM	481	Response	2	2443096	829	2
JM	482	Response	1	2448722	3122	1
JM	483	Picture	11	2452100	0	1	3166	2	0	3000	other	0
JM	484	Response	2	2456846	1413	2
JM	485	Picture	20	2463099	0	2	3167	3	0	3000	other	0
JM	486	Response	1	2467315	882	1
JM	487	Picture	10	2474266	0	1	3166	2	0	3000	other	0
JM	488	Response	2	2480128	2529	1
JM	489	Picture	10	2483099	0	1	3167	2	0	3000	other	0
JM	490	Response	2	2489034	2602	1
JM	491	Picture	11	2493265	0	1	3167	2	0	3000	other	0
JM	492	Response	1	2499502	2903	2
JM	493	Picture	11	2503265	0	1	3167	2	0	3000	other	0
JM	494	Response	1	2508877	2279	2
JM	495	Picture	11	2512598	0	1	3167	2	0	3000	other	0
JM	496	Response	1	2517627	1696	1
JM	497	Picture	20	2522265	0	1	3166	2	0	3000	other	0
JM	498	Response	1	2529502	3908	1
JM	499	Picture	20	2532264	0	1	3167	2	0	3000	other	0
JM	500	Response	1	2537471	1873	1
JM	501	Picture	20	2542264	0	1	3167	2	0	3000	other	0
JM	502	Response	1	2547471	1877	1
JM	503	Picture	11	2553430	0	1	3167	2	0	3000	other	0
JM	504	Response	1	2557783	1019	2
JM	505	Picture	21	2563763	0	2	3167	3	0	3000	other	0
JM	506	Response	2	2569033	1936	1
JM	507	Picture	20	2573930	0	1	3166	2	0	3000	other	0
JM	508	Response	2	2577783	520	1
JM	508	Response	1	2579033	1770	1
JM	509	Picture	10	2584096	0	1	3167	2	0	3000	other	0
JM	510	Response	2	2589971	2542	1
JM	511	Picture	11	2594429	0	1	3167	2	0	3000	other	0
JM	512	Response	1	2603564	5801	1
JM	513	Picture	10	2603596	0	1	3166	2	0	3000	other	0
JM	514	Response	2	2609814	2885	1
JM	515	Picture	11	2613929	0	1	3166	2	0	3000	other	0
JM	517	Picture	11	2623762	0	1	3166	2	0	3000	other	0
JM	518	Response	1	2633720	6625	1
JM	519	Picture	21	2634595	0	1	3166	2	0	3000	other	0
JM	520	Response	2	2641845	3917	2
JM	521	Picture	20	2644761	0	1	3167	2	0	3000	other	0
JM	522	Response	1	2650752	2657	1
JM	523	Picture	21	2653761	0	1	3167	2	0	3000	other	0
JM	525	Picture	11	2663427	0	2	3167	3	0	3000	other	0
JM	526	Response	1	2673876	7115	1
JM	527	Picture	20	2673927	0	1	3167	2	0	3000	other	0
JM	529	Picture	10	2684094	0	1	3166	2	0	3000	other	0
JM	529	Response	1	2685438	1344	2
JM	530	Response	2	2692782	5355	1
JM	531	Picture	21	2694927	0	1	3166	2	0	3000	other	0
JM	533	Picture	10	2703426	0	1	3167	2	0	3000	other	0
JM	535	Picture	10	2712759	0	2	3167	3	0	3000	other	0
JM	536	Response	2	2716845	752	1
JM	537	Picture	11	2721759	0	1	3167	2	0	3000	other	0
JM	538	Response	2	2726220	1128	1
JM	539	Picture	21	2733092	0	1	3167	2	0	3000	other	0
JM	539	Response	1	2734814	1722	1
JM	541	Picture	20	2741592	0	1	3167	2	0	3000	other	0
JM	542	Response	1	2745599	674	1
JM	543	Picture	11	2752258	0	1	3167	2	0	3000	other	0
JM	543	Response	2	2753251	993	1
JM	545	Picture	10	2762758	0	1	3167	2	0	3000	other	0
JM	545	Response	1	2763719	961	1
JM	547	Picture	11	2773091	0	1	3167	2	0	3000	other	0
JM	547	Response	1	2776219	3128	1
JM	549	Picture	21	2782424	0	1	3167	2	0	3000	other	0
JM	549	Response	2	2784969	2545	2
JM	551	Picture	20	2790924	0	1	3167	2	0	3000	other	0
JM	551	Response	1	2792938	2014	1
JM	553	Picture	10	2799590	0	2	3167	3	0	3000	other	0
JM	553	Response	2	2802469	2879	1
JM	555	Picture	20	2809757	0	1	3166	2	0	3000	other	0
JM	555	Response	1	2811219	1462	1
JM	557	Picture	20	2820090	0	1	3166	3	0	3000	other	0
JM	557	Response	2	2823407	3317	1
JM	559	Picture	20	2829256	0	1	3167	2	0	3000	other	0
JM	560	Response	1	2836063	3473	1
JM	561	Picture	21	2837923	0	1	3166	2	0	3000	other	0
JM	562	Response	2	2843250	1994	1
JM	563	Picture	21	2847256	0	1	3166	2	0	3000	other	0
JM	564	Response	2	2852312	1723	1
JM	565	Picture	20	2858255	0	2	3167	3	0	3000	other	0
JM	566	Response	1	2866531	4942	1
JM	567	Picture	11	2868422	0	1	3166	3	0	3000	other	0
JM	568	Response	1	2877937	6182	2
JM	569	Picture	20	2878922	0	1	3166	2	0	3000	other	0
JM	570	Response	1	2889031	6776	2
JM	571	Picture	10	2889921	0	1	3167	2	0	3000	other	0
JM	572	Response	2	2895906	2651	1
JM	573	Picture	10	2898754	0	2	3167	3	0	3000	other	0
JM	574	Response	2	2906062	3974	1
JM	575	Picture	21	2908088	0	1	3166	2	0	3000	other	0
JM	576	Response	2	2914031	2610	1
JM	577	Picture	21	2917421	0	1	3166	2	0	3000	other	0
JM	578	Response	2	2922468	1714	1
JM	579	Picture	20	2928254	0	1	3166	2	0	3000	other	0
JM	580	Response	1	2934187	2600	1
JM	581	Picture	21	2936920	0	1	3167	2	0	3000	other	0
JM	582	Response	2	2942937	2684	1
JM	583	Picture	10	2946586	0	2	3167	3	0	3000	other	0
JM	585	Picture	10	2956086	0	1	3167	2	0	3000	other	0
JM	587	Picture	21	2965419	0	1	3167	2	0	3000	other	0
JM	589	Picture	11	2973919	0	1	3167	2	0	3000	other	0
JM	589	Response	2	2976218	2299	1
JM	590	Response	1	2979343	2091	1
JM	591	Picture	10	2983419	0	1	3166	2	0	3000	other	0
JM	592	Response	2	2987937	1185	1
JM	593	Picture	10	2992919	0	1	3166	2	0	3000	other	0
JM	594	Response	2	2998561	2309	1
JM	595	Picture	20	3002585	0	1	3167	2	0	3000	other	0
JM	596	Response	1	3007780	1862	1
JM	597	Picture	10	3013918	0	1	3167	2	0	3000	other	0
JM	597	Response	2	3015593	1675	1
JM	599	Picture	21	3023418	0	1	3166	2	0	3000	other	0
JM	600	Response	2	3029660	2909	1
JM	601	Picture	20	3033251	0	1	3166	2	0	3000	other	0
JM	602	Response	1	3040905	4321	1


Event Type	Code	Type	Response	RT	RT Uncertainty	Time	Uncertainty	Duration	Uncertainty	ReqTime	ReqDur

Picture	20	other				10499	1	3166	2	0	3000
Picture	11	other				20832	1	3166	2	0	3000
Picture	21	other				29998	1	3167	2	0	3000
Picture	20	other				39165	1	3166	2	0	3000
Picture	11	other				48498	1	3166	2	0	3000
Picture	10	other				57664	1	3167	2	0	3000
Picture	21	other				68997	1	3167	2	0	3000
Picture	21	other				78497	1	3167	2	0	3000
Picture	11	other				88497	1	3166	2	0	3000
Picture	11	other				99663	1	3167	2	0	3000
Picture	20	other				108329	2	3167	3	0	3000
Picture	21	other				118496	1	3166	3	0	3000
Picture	10	other				128496	1	3166	2	0	3000
Picture	10	other				137495	1	3167	2	0	3000
Picture	10	other				148328	2	3167	3	0	3000
Picture	10	other				159661	2	3167	3	0	3000
Picture	21	other				169828	1	3166	2	0	3000
Picture	21	other				180994	1	3167	2	0	3000
Picture	20	other				191327	1	3167	2	0	3000
Picture	21	other				200327	1	3167	2	0	3000
Picture	21	other				210993	1	3167	2	0	3000
Picture	21	other				221493	1	3167	2	0	3000
Picture	20	other				230326	1	3167	2	0	3000
Picture	21	other				239326	1	3167	2	0	3000
Picture	20	other				248826	1	3166	2	0	3000
Picture	20	other				258325	2	3167	3	0	3000
Picture	11	other				269658	2	3167	3	0	3000
Picture	10	other				280825	1	3166	2	0	3000
Picture	20	other				292158	1	3166	3	0	3000
Picture	21	other				301158	1	3166	2	0	3000
Picture	11	other				310824	1	3167	2	0	3000
Picture	11	other				321657	1	3167	2	0	3000
Picture	10	other				332157	1	3166	2	0	3000
Picture	11	other				340823	1	3167	2	0	3000
Picture	21	other				350823	1	3167	2	0	3000
Picture	21	other				361489	1	3167	2	0	3000
Picture	11	other				372322	1	3167	2	0	3000
Picture	21	other				383489	1	3166	2	0	3000
Picture	21	other				394822	1	3166	2	0	3000
Picture	21	other				404655	1	3166	2	0	3000
Picture	21	other				414488	1	3166	3	0	3000
Picture	20	other				422988	1	3166	2	0	3000
Picture	20	other				433154	1	3167	2	0	3000
Picture	10	other				441654	1	3166	2	0	3000
Picture	11	other				451487	1	3167	2	0	3000
Picture	11	other				461820	1	3167	2	0	3000
Picture	21	other				470986	1	3167	2	0	3000
Picture	21	other				480486	1	3167	2	0	3000
Picture	11	other				491319	1	3167	2	0	3000
Picture	10	other				501152	1	3167	2	0	3000
Picture	20	other				510485	1	3167	2	0	3000
Picture	21	other				520818	1	3167	2	0	3000
Picture	21	other				531985	1	3166	2	0	3000
Picture	10	other				541151	1	3167	2	0	3000
Picture	21	other				551651	1	3166	3	0	3000
Picture	10	other				561317	1	3167	2	0	3000
Picture	20	other				571150	1	3167	2	0	3000
Picture	20	other				582150	1	3167	2	0	3000
Picture	21	other				592650	1	3166	2	0	3000
Picture	11	other				602483	1	3166	2	0	3000
Picture	20	other				612149	1	3167	2	0	3000
Picture	20	other				621649	1	3167	2	0	3000
Picture	20	other				630315	2	3167	3	0	3000
Picture	21	other				639315	1	3167	2	0	3000
Picture	21	other				649982	1	3166	2	0	3000
Picture	10	other				660981	1	3167	2	0	3000
Picture	10	other				670981	1	3167	2	0	3000
Picture	10	other				680314	1	3167	2	0	3000
Picture	21	other				690980	2	3167	3	0	3000
Picture	10	other				699480	1	3167	2	0	3000
Picture	21	other				709813	1	3167	2	0	3000
Picture	10	other				720980	1	3166	2	0	3000
Picture	20	other				731979	1	3167	2	0	3000
Picture	11	other				741312	2	3167	3	0	3000
Picture	21	other				750646	1	3166	2	0	3000
Picture	21	other				761645	1	3167	2	0	3000
Picture	21	other				772812	1	3166	2	0	3000
Picture	21	other				783311	1	3167	2	0	3000
Picture	20	other				793811	1	3167	2	0	3000
Picture	20	other				802477	2	3167	3	0	3000
Picture	10	other				812811	1	3166	2	0	3000
Picture	21	other				823644	1	3166	2	0	3000
Picture	20	other				834977	1	3166	2	0	3000
Picture	11	other				843476	1	3167	2	0	3000
Picture	11	other				854143	1	3166	2	0	3000
Picture	20	other				863809	1	3167	2	0	3000
Picture	10	other				874142	1	3167	2	0	3000
Picture	11	other				884309	1	3166	2	0	3000
Picture	21	other				895308	1	3167	2	0	3000
Picture	21	other				905141	1	3167	2	0	3000
Picture	21	other				915308	1	3166	2	0	3000
Picture	10	other				924808	1	3166	2	0	3000
Picture	11	other				934474	1	3166	3	0	3000
Picture	21	other				945474	1	3166	2	0	3000
Picture	21	other				954973	1	3167	2	0	3000
Picture	20	other				964973	1	3167	2	0	3000
Picture	20	other				973473	1	3166	3	0	3000
Picture	20	other				984139	1	3167	2	0	3000
Picture	20	other				994472	1	3167	2	0	3000
Picture	10	other				1004639	1	3166	2	0	3000
Picture	10	other				1013805	1	3167	2	0	3000
Picture	21	other				1023305	1	3166	3	0	3000
Picture	21	other				1032638	1	3167	2	0	3000
Picture	10	other				1041471	1	3167	2	0	3000
Picture	21	other				1052637	2	3167	3	0	3000
Picture	11	other				1063470	2	3167	3	0	3000
Picture	21	other				1074803	2	3167	3	0	3000
Picture	21	other				1083470	1	3167	2	0	3000
Picture	11	other				1094136	1	3167	2	0	3000
Picture	11	other				1105303	1	3166	2	0	3000
Picture	21	other				1116302	1	3167	2	0	3000
Picture	20	other				1125969	1	3166	2	0	3000
Picture	20	other				1136468	2	3167	3	0	3000
Picture	21	other				1145968	1	3167	2	0	3000
Picture	11	other				1155135	1	3166	2	0	3000
Picture	20	other				1166134	1	3167	2	0	3000
Picture	11	other				1175801	1	3166	2	0	3000
Picture	20	other				1186967	1	3167	2	0	3000
Picture	21	other				1196967	1	3166	2	0	3000
Picture	11	other				1207800	1	3166	3	0	3000
Picture	20	other				1218800	1	3166	2	0	3000
Picture	10	other				1229633	1	3166	2	0	3000
Picture	10	other				1240132	1	3167	2	0	3000
Picture	21	other				1251299	1	3166	2	0	3000
Picture	21	other				1261132	1	3166	2	0	3000
Picture	11	other				1271465	1	3166	2	0	3000
Picture	10	other				1282631	1	3167	2	0	3000
Picture	10	other				1292464	1	3167	2	0	3000
Picture	21	other				1302131	1	3166	2	0	3000
Picture	11	other				1313130	2	3167	3	0	3000
Picture	20	other				1321630	1	3167	2	0	3000
Picture	20	other				1331797	1	3166	2	0	3000
Picture	20	other				1342296	1	3167	2	0	3000
Picture	11	other				1351463	1	3166	2	0	3000
Picture	21	other				1362796	1	3166	2	0	3000
Picture	20	other				1371629	1	3166	2	0	3000
Picture	21	other				1380295	1	3167	2	0	3000
Picture	10	other				1390462	1	3166	2	0	3000
Picture	20	other				1400628	1	3167	2	0	3000
Picture	11	other				1409794	2	3167	3	0	3000
Picture	21	other				1420294	1	3167	2	0	3000
Picture	11	other				1431127	1	3167	2	0	3000
Picture	21	other				1441960	1	3167	2	0	3000
Picture	10	other				1452960	1	3167	2	0	3000
Picture	11	other				1462793	1	3167	2	0	3000
Picture	11	other				1473293	1	3166	2	0	3000
Picture	11	other				1482793	1	3166	2	0	3000
Picture	21	other				1493126	1	3166	2	0	3000
Picture	11	other				1501959	1	3166	2	0	3000
Picture	10	other				1510625	1	3167	2	0	3000
Picture	10	other				1540291	1	3167	2	0	3000
Picture	10	other				1548957	1	3167	2	0	3000
Picture	20	other				1560290	2	3167	3	0	3000
Picture	10	other				1569457	1	3166	2	0	3000
Picture	20	other				1580457	1	3166	2	0	3000
Picture	11	other				1589623	1	3167	2	0	3000
Picture	11	other				1598289	1	3167	2	0	3000
Picture	21	other				1609289	1	3167	2	0	3000
Picture	11	other				1619789	1	3166	2	0	3000
Picture	10	other				1629789	1	3166	2	0	3000
Picture	10	other				1641122	1	3166	2	0	3000
Picture	10	other				1649621	1	3167	2	0	3000
Picture	21	other				1659288	1	3166	2	0	3000
Picture	10	other				1669287	2	3167	3	0	3000
Picture	11	other				1677954	1	3166	3	0	3000
Picture	20	other				1689287	1	3167	2	0	3000
Picture	20	other				1699620	1	3167	2	0	3000
Picture	20	other				1709786	1	3167	2	0	3000
Picture	11	other				1719953	1	3166	2	0	3000
Picture	11	other				1728953	1	3166	2	0	3000
Picture	10	other				1738619	1	3167	2	0	3000
Picture	10	other				1749785	1	3167	2	0	3000
Picture	11	other				1760785	1	3167	2	0	3000
Picture	11	other				1771951	1	3167	2	0	3000
Picture	21	other				1783284	2	3167	3	0	3000
Picture	11	other				1792284	1	3167	2	0	3000
Picture	10	other				1803451	1	3166	2	0	3000
Picture	21	other				1814617	1	3166	3	0	3000
Picture	11	other				1824783	1	3167	2	0	3000
Picture	21	other				1833783	1	3167	2	0	3000
Picture	11	other				1842616	1	3167	2	0	3000
Picture	10	other				1851783	1	3166	2	0	3000
Picture	10	other				1860782	1	3167	2	0	3000
Picture	11	other				1871282	1	3167	2	0	3000
Picture	21	other				1882448	2	3167	3	0	3000
Picture	21	other				1893781	2	3167	3	0	3000
Picture	20	other				1904614	2	3167	3	0	3000
Picture	20	other				1914448	1	3166	2	0	3000
Picture	10	other				1924781	1	3166	2	0	3000
Picture	10	other				1934780	1	3167	2	0	3000
Picture	11	other				1944113	2	3167	3	0	3000
Picture	10	other				1953946	2	3167	3	0	3000
Picture	11	other				1962613	1	3167	2	0	3000
Picture	21	other				1972113	1	3166	2	0	3000
Picture	11	other				1983112	1	3167	2	0	3000
Picture	21	other				1992945	2	3167	3	0	3000
Picture	11	other				2004112	1	3166	2	0	3000
Picture	11	other				2014612	1	3166	2	0	3000
Picture	10	other				2023445	1	3166	2	0	3000
Picture	20	other				2032944	1	3167	2	0	3000
Picture	20	other				2041777	2	3167	3	0	3000
Picture	11	other				2053110	2	3167	3	0	3000
Picture	11	other				2062110	1	3167	2	0	3000
Picture	11	other				2071777	1	3166	2	0	3000
Picture	20	other				2081276	1	3167	2	0	3000
Picture	20	other				2091943	1	3166	2	0	3000
Picture	10	other				2101776	1	3166	2	0	3000
Picture	11	other				2110942	1	3167	2	0	3000
Picture	10	other				2121775	1	3167	2	0	3000
Picture	11	other				2131275	1	3167	2	0	3000
Picture	21	other				2141108	1	3167	2	0	3000
Picture	21	other				2152441	1	3167	2	0	3000
Picture	10	other				2162108	1	3166	2	0	3000
Picture	21	other				2173274	1	3167	2	0	3000
Picture	11	other				2182607	1	3167	2	0	3000
Picture	21	other				2193273	2	3167	3	0	3000
Picture	20	other				2204273	1	3167	2	0	3000
Picture	10	other				2213606	1	3167	2	0	3000
Picture	21	other				2222939	1	3167	2	0	3000
Picture	10	other				2233439	1	3167	2	0	3000
Picture	21	other				2243939	1	3166	2	0	3000
Picture	20	other				2255272	1	3166	2	0	3000
Picture	10	other				2264272	1	3166	2	0	3000
Picture	10	other				2275605	1	3166	2	0	3000
Picture	10	other				2285938	1	3166	2	0	3000
Picture	21	other				2296771	1	3166	2	0	3000
Picture	10	other				2307437	1	3167	2	0	3000
Picture	20	other				2318103	1	3167	2	0	3000
Picture	11	other				2329436	1	3167	2	0	3000
Picture	21	other				2338270	1	3166	2	0	3000
Picture	21	other				2348603	1	3166	2	0	3000
Picture	10	other				2359769	1	3167	2	0	3000
Picture	10	other				2371269	1	3166	2	0	3000
Picture	10	other				2380768	1	3167	2	0	3000
Picture	21	other				2391101	2	3167	3	0	3000
Picture	10	other				2401434	2	3167	3	0	3000
Picture	20	other				2410101	1	3166	3	0	3000
Picture	21	other				2420101	1	3166	2	0	3000
Picture	10	other				2431267	1	3167	2	0	3000
Picture	11	other				2442267	1	3166	2	0	3000
Picture	11	other				2452100	1	3166	2	0	3000
Picture	20	other				2463099	2	3167	3	0	3000
Picture	10	other				2474266	1	3166	2	0	3000
Picture	10	other				2483099	1	3167	2	0	3000
Picture	11	other				2493265	1	3167	2	0	3000
Picture	11	other				2503265	1	3167	2	0	3000
Picture	11	other				2512598	1	3167	2	0	3000
Picture	20	other				2522265	1	3166	2	0	3000
Picture	20	other				2532264	1	3167	2	0	3000
Picture	20	other				2542264	1	3167	2	0	3000
Picture	11	other				2553430	1	3167	2	0	3000
Picture	21	other				2563763	2	3167	3	0	3000
Picture	20	other				2573930	1	3166	2	0	3000
Picture	10	other				2584096	1	3167	2	0	3000
Picture	11	other				2594429	1	3167	2	0	3000
Picture	10	other				2603596	1	3166	2	0	3000
Picture	11	other				2613929	1	3166	2	0	3000
Picture	11	other				2623762	1	3166	2	0	3000
Picture	21	other				2634595	1	3166	2	0	3000
Picture	20	other				2644761	1	3167	2	0	3000
Picture	21	other				2653761	1	3167	2	0	3000
Picture	11	other				2663427	2	3167	3	0	3000
Picture	20	other				2673927	1	3167	2	0	3000
Picture	10	other				2684094	1	3166	2	0	3000
Picture	21	other				2694927	1	3166	2	0	3000
Picture	10	other				2703426	1	3167	2	0	3000
Picture	10	other				2712759	2	3167	3	0	3000
Picture	11	other				2721759	1	3167	2	0	3000
Picture	21	other				2733092	1	3167	2	0	3000
Picture	20	other				2741592	1	3167	2	0	3000
Picture	11	other				2752258	1	3167	2	0	3000
Picture	10	other				2762758	1	3167	2	0	3000
Picture	11	other				2773091	1	3167	2	0	3000
Picture	21	other				2782424	1	3167	2	0	3000
Picture	20	other				2790924	1	3167	2	0	3000
Picture	10	other				2799590	2	3167	3	0	3000
Picture	20	other				2809757	1	3166	2	0	3000
Picture	20	other				2820090	1	3166	3	0	3000
Picture	20	other				2829256	1	3167	2	0	3000
Picture	21	other				2837923	1	3166	2	0	3000
Picture	21	other				2847256	1	3166	2	0	3000
Picture	20	other				2858255	2	3167	3	0	3000
Picture	11	other				2868422	1	3166	3	0	3000
Picture	20	other				2878922	1	3166	2	0	3000
Picture	10	other				2889921	1	3167	2	0	3000
Picture	10	other				2898754	2	3167	3	0	3000
Picture	21	other				2908088	1	3166	2	0	3000
Picture	21	other				2917421	1	3166	2	0	3000
Picture	20	other				2928254	1	3166	2	0	3000
Picture	21	other				2936920	1	3167	2	0	3000
Picture	10	other				2946586	2	3167	3	0	3000
Picture	10	other				2956086	1	3167	2	0	3000
Picture	21	other				2965419	1	3167	2	0	3000
Picture	11	other				2973919	1	3167	2	0	3000
Picture	10	other				2983419	1	3166	2	0	3000
Picture	10	other				2992919	1	3166	2	0	3000
Picture	20	other				3002585	1	3167	2	0	3000
Picture	10	other				3013918	1	3167	2	0	3000
Picture	21	other				3023418	1	3166	2	0	3000
Picture	20	other				3033251	1	3166	2	0	3000

The following output port codes were not sent because of a conflict on the port.
Port	Code	Time(ms)
1	10	227561
1	10	260360
