Scenario - EFT lento Abril 2011
Logfile written - 06/07/2012 11:25:56

Subject	Trial	Event Type	Code	Time	TTime	Uncertainty	Duration	Uncertainty	ReqTime	ReqDur	Stim Type	Pair Index

JM	2	Picture	10	10499	0	1	3166	2	0	3000	other	0
JM	4	Picture	21	49331	0	1	3167	2	0	3000	other	0
JM	6	Picture	20	86830	0	1	3167	2	0	3000	other	0
JM	7	Response	1	94439	4276	1
JM	8	Picture	10	118496	0	1	3166	2	0	3000	other	0
JM	10	Picture	11	153328	0	1	3167	2	0	3000	other	0
JM	11	Response	2	171155	14494	1
JM	12	Picture	11	185494	0	1	3167	2	0	3000	other	0
JM	14	Picture	11	216827	0	1	3166	2	0	3000	other	0
JM	15	Response	1	222405	2245	1
JM	16	Picture	10	248492	0	1	3167	2	0	3000	other	0
JM	17	Response	2	255373	3547	2
JM	18	Picture	10	281991	0	2	3167	3	0	3000	other	0
JM	19	Response	2	288654	3329	1
JM	20	Picture	21	312824	0	1	3167	2	0	3000	other	0
JM	21	Response	2	319747	3590	2
JM	22	Picture	20	342323	0	1	3167	2	0	3000	other	0
JM	23	Response	1	349123	3467	1
JM	24	Picture	10	376322	0	1	3167	2	0	3000	other	0
JM	25	Response	2	381466	1810	1
JM	26	Picture	21	407655	0	1	3166	2	0	3000	other	0
JM	27	Response	2	415060	4072	1
JM	28	Picture	21	441154	0	1	3166	2	0	3000	other	0
JM	29	Response	2	446309	1822	2
JM	30	Picture	21	474986	0	1	3167	2	0	3000	other	0
JM	31	Response	2	479278	958	1
JM	32	Picture	11	506819	0	1	3166	2	0	3000	other	0
JM	33	Response	1	519903	9751	1
JM	34	Picture	20	538151	0	1	3167	2	0	3000	other	0
JM	35	Response	1	543340	1856	1
JM	36	Picture	20	576817	0	1	3166	2	0	3000	other	0
JM	37	Response	1	584436	4286	1
JM	38	Picture	11	608149	0	1	3167	2	0	3000	other	0
JM	39	Response	1	618496	7013	1
JM	40	Picture	21	637482	0	1	3166	3	0	3000	other	0
JM	41	Response	2	643339	2524	1
JM	42	Picture	21	672314	0	1	3167	2	0	3000	other	0
JM	43	Response	2	679433	3785	1
JM	44	Picture	20	701813	0	2	3167	3	0	3000	other	0
JM	45	Response	1	710370	5223	1
JM	46	Picture	11	740646	0	1	3166	2	0	3000	other	0
JM	47	Response	1	749276	5297	1
JM	47	Response	1	761463	17484	1
JM	48	Picture	20	769312	0	1	3166	2	0	3000	other	0
JM	49	Response	1	782869	10224	2
JM	50	Picture	10	804144	0	1	3167	2	0	3000	other	0
JM	51	Response	2	810682	3205	1
JM	52	Picture	20	834310	0	1	3167	2	0	3000	other	0
JM	53	Response	1	841619	3976	1
JM	54	Picture	20	874142	0	1	3167	2	0	3000	other	0
JM	55	Response	1	878963	1488	1
JM	56	Picture	21	906641	0	1	3167	2	0	3000	other	0
JM	57	Response	2	912713	2738	1
JM	58	Picture	11	935807	0	1	3167	2	0	3000	other	0
JM	59	Response	1	943962	4822	1
JM	60	Picture	11	969806	0	1	3167	2	0	3000	other	0
JM	61	Response	1	978337	5197	1
JM	62	Picture	20	1010139	0	1	3166	2	0	3000	other	0
JM	63	Response	1	1014743	1271	1
JM	64	Picture	20	1041471	0	1	3167	2	0	3000	other	0
JM	65	Response	1	1047087	2283	1
JM	66	Picture	10	1072970	0	1	3167	2	0	3000	other	0
JM	67	Response	2	1079742	3439	2
JM	68	Picture	20	1113136	0	1	3166	2	0	3000	other	0
JM	69	Response	1	1120055	3586	1
JM	70	Picture	20	1150468	0	1	3167	2	0	3000	other	0
JM	71	Response	1	1159117	5316	1
JM	72	Picture	10	1188467	0	1	3167	2	0	3000	other	0
JM	73	Response	2	1195679	3879	1
JM	74	Picture	21	1222466	0	1	3167	2	0	3000	other	0
JM	75	Response	2	1229741	3942	2
JM	76	Picture	20	1262632	0	1	3166	2	0	3000	other	0
JM	77	Response	1	1271460	5495	1
JM	78	Picture	10	1302631	0	1	3166	2	0	3000	other	0
JM	79	Response	2	1308647	2683	1
JM	80	Picture	21	1339630	0	1	3166	2	0	3000	other	0
JM	81	Response	2	1347553	4590	1
JM	82	Picture	11	1377295	0	1	3167	2	0	3000	other	0
JM	83	Response	1	1382553	1924	1
JM	84	Picture	10	1410294	0	2	3167	3	0	3000	other	0
JM	85	Response	2	1415365	1737	1
JM	86	Picture	21	1446960	0	1	3167	2	0	3000	other	0
JM	87	Response	2	1453490	3197	1
JM	88	Picture	20	1486292	0	1	3167	2	0	3000	other	0
JM	89	Response	1	1493333	3707	2
JM	90	Picture	20	1516958	0	1	3167	2	0	3000	other	0
JM	91	Response	1	1523802	3511	1
JM	92	Picture	10	1555291	0	1	3166	2	0	3000	other	0
JM	93	Response	2	1562552	3928	1
JM	94	Picture	11	1591290	0	1	3166	2	0	3000	other	0
JM	95	Response	1	1597868	3245	1
JM	96	Picture	11	1619955	0	2	3167	3	0	3000	other	0
JM	97	Response	1	1627864	4575	1
JM	98	Picture	11	1655621	0	1	3167	2	0	3000	other	0
JM	99	Response	1	1662239	3285	1
JM	100	Picture	11	1685787	0	1	3167	2	0	3000	other	0
JM	101	Response	1	1691613	2493	2
JM	102	Picture	21	1715786	0	1	3167	2	0	3000	other	0
JM	103	Response	1	1722394	3275	1
JM	104	Picture	21	1747285	0	1	3167	2	0	3000	other	0
JM	105	Response	2	1754581	3962	1
JM	106	Picture	21	1782618	0	1	3166	2	0	3000	other	0
JM	107	Response	2	1788644	2693	1
JM	108	Picture	10	1816283	0	2	3167	3	0	3000	other	0
JM	109	Response	2	1824112	4495	1
JM	110	Picture	10	1852283	0	1	3166	2	0	3000	other	0
JM	111	Response	2	1863174	7558	2
JM	112	Picture	11	1885448	0	1	3167	2	0	3000	other	0
JM	113	Response	1	1891143	2361	1
JM	114	Picture	21	1916781	0	1	3166	2	0	3000	other	0
JM	115	Response	2	1923486	3372	2
JM	116	Picture	11	1957113	0	1	3167	2	0	3000	other	0
JM	117	Response	1	1962080	1634	2
JM	118	Picture	20	1990945	0	2	3167	3	0	3000	other	0
JM	119	Response	1	2004893	10614	1
JM	120	Picture	21	2026778	0	1	3166	2	0	3000	other	0
JM	121	Response	2	2032704	2593	2
JM	122	Picture	21	2056777	0	1	3167	2	0	3000	other	0
JM	123	Response	2	2063173	3063	2
JM	124	Picture	20	2094943	0	1	3166	2	0	3000	other	0
JM	125	Response	1	2102235	3959	2
JM	126	Picture	20	2123775	0	1	3167	2	0	3000	other	0
JM	127	Response	1	2132704	5596	1
JM	128	Picture	11	2158608	0	1	3166	2	0	3000	other	0
JM	129	Response	1	2170516	8575	1
JM	130	Picture	20	2197273	0	1	3167	2	0	3000	other	0
JM	131	Response	1	2207860	7254	1
JM	132	Picture	20	2235106	0	1	3166	2	0	3000	other	0
JM	133	Response	1	2241453	3014	1
JM	134	Picture	20	2263605	0	1	3166	2	0	3000	other	0
JM	135	Response	1	2270359	3421	1
JM	136	Picture	20	2296104	0	1	3166	3	0	3000	other	0
JM	137	Response	1	2301609	2172	1
JM	138	Picture	21	2331936	0	1	3167	2	0	3000	other	0
JM	139	Response	1	2337863	2593	1
JM	140	Picture	10	2371602	0	1	3166	3	0	3000	other	0
JM	141	Response	2	2379265	4330	1
JM	142	Picture	21	2401434	0	1	3167	2	0	3000	other	0
JM	143	Response	2	2408796	4028	1
JM	144	Picture	11	2435933	0	2	3167	3	0	3000	other	0
JM	145	Response	1	2449108	9841	1
JM	146	Picture	11	2467433	0	1	3166	2	0	3000	other	0
JM	147	Response	1	2478326	7560	2
JM	148	Picture	10	2501765	0	1	3167	2	0	3000	other	0
JM	149	Response	2	2508795	3697	1
JM	150	Picture	21	2532598	0	1	3166	2	0	3000	other	0
JM	151	Response	2	2539576	3645	1
JM	152	Picture	20	2570930	0	1	3166	2	0	3000	other	0
JM	153	Response	1	2579888	5625	1
JM	154	Picture	10	2607429	0	1	3166	2	0	3000	other	0
JM	155	Response	2	2615825	5063	2
JM	156	Picture	10	2638928	0	1	3167	2	0	3000	other	0
JM	157	Response	2	2644421	2160	1
JM	158	Picture	11	2670760	0	2	3167	3	0	3000	other	0
JM	159	Response	1	2677388	3294	1
JM	160	Picture	21	2707926	0	1	3167	2	0	3000	other	0
JM	161	Response	2	2714731	3472	1
JM	162	Picture	11	2738425	0	1	3167	2	0	3000	other	0
JM	163	Response	1	2752856	11097	1
JM	164	Picture	21	2775091	0	1	3167	2	0	3000	other	0
JM	165	Response	2	2781449	3025	2
JM	166	Picture	21	2808090	0	1	3167	2	0	3000	other	0
JM	167	Response	2	2815824	4401	1
JM	168	Picture	21	2839256	0	1	3167	2	0	3000	other	0
JM	169	Response	2	2845824	3235	1
JM	170	Picture	11	2870422	0	1	3166	2	0	3000	other	0
JM	171	Response	1	2875824	2069	1
JM	172	Picture	10	2905421	0	1	3166	2	0	3000	other	0
JM	173	Response	2	2912385	3631	2
JM	174	Picture	11	2935253	0	1	3167	2	0	3000	other	0
JM	175	Response	1	2941292	2705	1
JM	176	Picture	10	2971086	0	1	3166	2	0	3000	other	0
JM	177	Response	1	2978010	3591	1
JM	177	Response	2	2978011	3592	1
JM	178	Picture	11	3008251	0	2	3167	3	0	3000	other	0
JM	179	Response	1	3016760	5175	1
JM	180	Picture	20	3040084	0	1	3166	3	0	3000	other	0
JM	181	Response	1	3046916	3499	1
JM	182	Picture	11	3070416	0	2	3167	3	0	3000	other	0
JM	183	Response	1	3075978	2228	2
JM	184	Picture	20	3109582	0	1	3167	2	0	3000	other	0
JM	185	Response	1	3115509	2594	1
JM	186	Picture	10	3144081	0	1	3167	2	0	3000	other	0
JM	187	Response	2	3152853	5439	1
JM	188	Picture	20	3181913	0	2	3167	3	0	3000	other	0
JM	189	Response	1	3191447	6200	1
JM	190	Picture	20	3212579	0	1	3167	2	0	3000	other	0
JM	192	Picture	10	3250912	0	1	3166	2	0	3000	other	0
JM	193	Response	2	3256758	2513	1
JM	194	Picture	11	3290077	0	1	3167	2	0	3000	other	0
JM	195	Response	1	3294883	1473	1
JM	196	Picture	20	3319910	0	1	3166	2	0	3000	other	0
JM	197	Response	1	3325977	2734	1
JM	198	Picture	11	3352242	0	1	3167	2	0	3000	other	0
JM	199	Response	1	3357539	1964	1
JM	200	Picture	10	3388574	0	2	3167	3	0	3000	other	0
JM	201	Response	2	3394726	2818	1
JM	202	Picture	20	3426240	0	1	3167	2	0	3000	other	0
JM	203	Response	1	3433476	3903	1
JM	204	Picture	11	3456239	0	1	3167	2	0	3000	other	0
JM	205	Response	1	3463476	3903	1
JM	206	Picture	11	3487405	0	1	3167	2	0	3000	other	0
JM	207	Response	1	3495194	4456	1
JM	208	Picture	10	3524238	0	1	3166	2	0	3000	other	0
JM	209	Response	2	3531600	4029	1
JM	210	Picture	11	3562903	0	1	3167	2	0	3000	other	0
JM	211	Response	1	3569886	3650	1
JM	212	Picture	11	3592736	0	1	3166	2	0	3000	other	0
JM	213	Response	1	3597069	1000	1
JM	214	Picture	20	3622235	0	1	3166	3	0	3000	other	0
JM	215	Response	1	3628787	3219	1
JM	216	Picture	20	3650901	0	1	3166	2	0	3000	other	0
JM	217	Response	1	3657693	3459	1
JM	218	Picture	11	3689233	0	1	3167	2	0	3000	other	0
JM	219	Response	1	3697224	4658	2
JM	220	Picture	10	3718732	0	1	3167	2	0	3000	other	0
JM	221	Response	2	3727380	5315	1
JM	222	Picture	21	3748731	0	2	3167	3	0	3000	other	0
JM	223	Response	2	3758786	6721	1
JM	224	Picture	10	3777731	0	1	3166	2	0	3000	other	0
JM	225	Response	2	3785817	4753	1
JM	226	Picture	20	3807063	0	1	3167	2	0	3000	other	0
JM	227	Response	1	3818786	8390	1
JM	228	Picture	11	3847229	0	1	3166	2	0	3000	other	0
JM	229	Response	1	3853004	2442	1
JM	230	Picture	21	3879395	0	1	3166	2	0	3000	other	0
JM	231	Response	2	3885817	3089	1
JM	232	Picture	21	3916394	0	1	3166	2	0	3000	other	0
JM	233	Response	2	3923160	3433	1
JM	234	Picture	20	3953893	0	1	3166	2	0	3000	other	0
JM	235	Response	1	3963941	6715	1
JM	236	Picture	21	3993058	0	1	3167	2	0	3000	other	0
JM	237	Response	2	3999566	3175	1
JM	238	Picture	10	4026224	0	1	3167	2	0	3000	other	0
JM	240	Picture	21	4063890	0	1	3166	2	0	3000	other	0
JM	241	Response	2	4069409	2186	1
JM	242	Picture	20	4093889	0	1	3166	2	0	3000	other	0
JM	243	Response	1	4101909	4687	1
JM	244	Picture	11	4133221	0	1	3167	2	0	3000	other	0
JM	245	Response	1	4140034	3480	1
JM	246	Picture	20	4170720	0	1	3167	2	0	3000	other	0
JM	247	Response	1	4176127	2074	1
JM	248	Picture	21	4200886	0	1	3167	2	0	3000	other	0
JM	249	Response	2	4210971	6752	1
JM	250	Picture	21	4240385	0	1	3166	3	0	3000	other	0
JM	251	Response	2	4248314	4596	1
JM	252	Picture	20	4276217	0	1	3167	2	0	3000	other	0
JM	253	Response	1	4284251	4700	1
JM	254	Picture	20	4312550	0	1	3166	2	0	3000	other	0
JM	255	Response	1	4325657	9774	1
JM	256	Picture	21	4345715	0	1	3167	2	0	3000	other	0
JM	257	Response	2	4352532	3483	1
JM	258	Picture	11	4375548	0	1	3167	2	0	3000	other	0
JM	259	Response	1	4382532	3651	1
JM	260	Picture	21	4405714	0	1	3166	2	0	3000	other	0
JM	261	Response	2	4414410	5363	1
JM	262	Picture	20	4445213	0	1	3166	2	0	3000	other	0
JM	263	Response	1	4454562	6016	1
JM	264	Picture	21	4481878	0	2	3167	3	0	3000	other	0
JM	265	Response	2	4488781	3569	1
JM	266	Picture	11	4521877	0	1	3167	2	0	3000	other	0
JM	267	Response	1	4530031	4820	1
JM	268	Picture	21	4554876	0	2	3167	3	0	3000	other	0
JM	269	Response	2	4562999	4789	2
JM	270	Picture	21	4588376	0	1	3166	2	0	3000	other	0
JM	271	Response	2	4597530	5821	1
JM	272	Picture	10	4626541	0	1	3167	2	0	3000	other	0
JM	273	Response	2	4633467	3593	2
JM	274	Picture	21	4660374	0	1	3166	2	0	3000	other	0
JM	275	Response	2	4667373	3666	1
JM	276	Picture	20	4692373	0	1	3166	2	0	3000	other	0
JM	277	Response	1	4699405	3699	1
JM	278	Picture	20	4730205	0	1	3167	2	0	3000	other	0
JM	279	Response	1	4734873	1335	1
JM	280	Picture	21	4765371	0	1	3166	2	0	3000	other	0
JM	281	Response	2	4772373	3669	1
JM	282	Picture	10	4794703	0	1	3167	2	0	3000	other	0
JM	283	Response	2	4800654	2617	1
JM	284	Picture	11	4830536	0	1	3166	2	0	3000	other	0
JM	285	Response	1	4837846	3977	1
JM	286	Picture	10	4867035	0	1	3166	2	0	3000	other	0
JM	287	Response	2	4878935	8567	1
JM	288	Picture	20	4904034	0	1	3166	2	0	3000	other	0
JM	289	Response	1	4917060	9693	1
JM	290	Picture	21	4942366	0	1	3167	2	0	3000	other	0
JM	291	Response	2	4953152	7453	1
JM	292	Picture	10	4974365	0	1	3167	2	0	3000	other	0
JM	293	Response	2	4986434	8736	1
JM	294	Picture	20	5004864	0	1	3167	2	0	3000	other	0
JM	295	Response	1	5015965	7767	1
JM	296	Picture	11	5045030	0	1	3167	2	0	3000	other	0
JM	297	Response	1	5050339	1976	1
JM	298	Picture	21	5079529	0	1	3167	2	0	3000	other	0
JM	299	Response	2	5087527	4665	1
JM	300	Picture	11	5117361	0	1	3167	2	0	3000	other	0
JM	301	Response	1	5122683	1988	1
JM	302	Response	2	6735328	1589467	1
JM	304	Picture	20	6755817	0	1	3167	2	0	3000	other	0
JM	305	Response	1	6763765	4615	1
JM	306	Picture	11	6786316	0	2	3167	3	0	3000	other	0
JM	307	Response	1	6795327	5677	1
JM	308	Picture	11	6824315	0	1	3167	2	0	3000	other	0
JM	309	Response	1	6830171	2522	1
JM	310	Picture	11	6858481	0	1	3167	2	0	3000	other	0
JM	311	Response	1	6864392	2578	1
JM	312	Picture	11	6888980	0	1	3167	2	0	3000	other	0
JM	313	Response	1	6894545	2231	2
JM	314	Picture	21	6917813	0	1	3166	2	0	3000	other	0
JM	315	Response	2	6925327	4181	1
JM	316	Picture	11	6949812	0	1	3167	2	0	3000	other	0
JM	317	Response	1	6955014	1869	1
JM	318	Picture	11	6983478	0	1	3166	2	0	3000	other	0
JM	319	Response	1	6989388	2577	1
JM	320	Picture	21	7021143	0	2	3167	3	0	3000	other	0
JM	321	Response	2	7027045	2568	1
JM	322	Picture	21	7050809	0	1	3167	2	0	3000	other	0
JM	323	Response	2	7056732	2589	1
JM	324	Picture	11	7082308	0	2	3167	3	0	3000	other	0
JM	325	Response	1	7087825	2183	1
JM	326	Picture	21	7118474	0	1	3167	2	0	3000	other	0
JM	327	Response	2	7126107	4300	1
JM	328	Picture	11	7152807	0	1	3166	2	0	3000	other	0
JM	329	Response	1	7160012	3872	2
JM	330	Picture	11	7190139	0	1	3166	3	0	3000	other	0
JM	331	Response	1	7195012	1540	1
JM	332	Picture	11	7224471	0	1	3167	2	0	3000	other	0
JM	333	Response	1	7230168	2363	1
JM	334	Picture	10	7260637	0	1	3167	2	0	3000	other	0
JM	335	Response	2	7266106	2136	1
JM	336	Picture	20	7292969	0	2	3167	3	0	3000	other	0
JM	337	Response	1	7298761	2458	2
JM	338	Picture	21	7323969	0	1	3166	2	0	3000	other	0
JM	339	Response	2	7330167	2865	1
JM	340	Picture	21	7355468	0	1	3166	2	0	3000	other	0
JM	341	Response	2	7366417	7616	1
JM	342	Picture	20	7384300	0	1	3167	2	0	3000	other	0
JM	343	Response	1	7391417	3783	1
JM	344	Picture	11	7416633	0	1	3166	2	0	3000	other	0
JM	345	Response	1	7425167	5201	1
JM	346	Picture	20	7455298	0	2	3167	3	0	3000	other	0
JM	347	Response	1	7461417	2785	1
JM	348	Picture	20	7491464	0	1	3167	2	0	3000	other	0
JM	349	Response	1	7499541	4744	2
JM	350	Picture	10	7530963	0	1	3167	2	0	3000	other	0
JM	351	Response	2	7537979	3683	1
JM	352	Picture	21	7569962	0	1	3167	2	0	3000	other	0
JM	353	Response	2	7576259	2964	1
JM	354	Picture	21	7604794	0	1	3167	2	0	3000	other	0
JM	355	Response	2	7612197	4069	1
JM	356	Picture	10	7643127	0	1	3166	2	0	3000	other	0
JM	357	Response	2	7650790	4330	1
JM	358	Picture	10	7671626	0	1	3167	2	0	3000	other	0
JM	359	Response	2	7676415	1456	1
JM	360	Picture	10	7709792	0	1	3166	2	0	3000	other	0
JM	361	Response	2	7715633	2508	2
JM	362	Picture	11	7748957	0	1	3167	2	0	3000	other	0
JM	363	Response	1	7756883	4593	1
JM	364	Picture	11	7781790	0	1	3166	2	0	3000	other	0
JM	365	Response	1	7788602	3479	1
JM	366	Picture	21	7821455	0	1	3167	2	0	3000	other	0
JM	367	Response	2	7827664	2876	1
JM	368	Picture	10	7851121	0	1	3167	2	0	3000	other	0
JM	369	Response	2	7857976	3522	2
JM	370	Picture	20	7889953	0	1	3167	2	0	3000	other	0
JM	371	Response	1	7895789	2502	1
JM	372	Picture	21	7927786	0	1	3166	2	0	3000	other	0
JM	373	Response	2	7932820	1701	1
JM	374	Picture	21	7964618	0	1	3167	2	0	3000	other	0
JM	375	Response	2	7970944	2993	1
JM	376	Picture	20	8002450	0	1	3167	2	0	3000	other	0
JM	377	Response	1	8008288	2504	1
JM	378	Picture	21	8037616	0	1	3167	2	0	3000	other	0
JM	379	Response	2	8045162	4213	1
JM	380	Picture	10	8074115	0	1	3167	2	0	3000	other	0
JM	381	Response	2	8081725	4277	1
JM	382	Picture	10	8104281	0	1	3167	2	0	3000	other	0
JM	383	Response	2	8112037	4423	1
JM	384	Picture	11	8141947	0	1	3166	2	0	3000	other	0
JM	385	Response	1	8149381	4101	1
JM	386	Picture	21	8170613	0	1	3166	2	0	3000	other	0
JM	387	Response	2	8177193	3247	2
JM	388	Picture	21	8207278	0	1	3167	2	0	3000	other	0
JM	389	Response	2	8214692	4081	1
JM	390	Picture	10	8240444	0	1	3167	2	0	3000	other	0
JM	391	Response	2	8251879	8102	2
JM	392	Picture	10	8274110	0	1	3166	2	0	3000	other	0
JM	393	Response	2	8279223	1780	2
JM	394	Picture	21	8303776	0	1	3166	2	0	3000	other	0
JM	395	Response	2	8313286	6177	1
JM	396	Picture	20	8334941	0	2	3167	3	0	3000	other	0
JM	397	Response	1	8344380	6105	2
JM	398	Picture	10	8374274	0	1	3166	2	0	3000	other	0
JM	399	Response	2	8382191	4584	2
JM	400	Picture	21	8407439	0	2	3167	3	0	3000	other	0
JM	401	Response	2	8416722	5949	1
JM	402	Picture	21	8447105	0	1	3167	2	0	3000	other	0
JM	403	Response	2	8452035	1597	1
JM	404	Picture	21	8481271	0	1	3166	2	0	3000	other	0
JM	405	Response	2	8490628	6024	1
JM	406	Picture	10	8514437	0	1	3166	2	0	3000	other	0
JM	407	Response	2	8522346	4576	2
JM	408	Picture	11	8547102	0	1	3167	2	0	3000	other	0
JM	409	Response	1	8555002	4566	1
JM	410	Picture	11	8578102	0	1	3166	2	0	3000	other	0
JM	411	Response	1	8584534	3099	1
JM	412	Picture	20	8616767	0	1	3167	2	0	3000	other	0
JM	413	Response	1	8622502	2402	1
JM	414	Picture	11	8654433	0	1	3166	2	0	3000	other	0
JM	415	Response	1	8667033	9267	1
JM	416	Picture	10	8684599	0	1	3166	2	0	3000	other	0
JM	417	Response	2	8692345	4413	1
JM	418	Picture	11	8714765	0	1	3166	2	0	3000	other	0
JM	419	Response	1	8722345	4247	1
JM	420	Picture	11	8750764	0	1	3166	2	0	3000	other	0
JM	421	Response	1	8756876	2779	2
JM	422	Picture	11	8787429	0	1	3167	2	0	3000	other	0
JM	423	Response	1	8794532	3770	1
JM	424	Picture	10	8818262	0	1	3166	2	0	3000	other	0
JM	425	Response	2	8835313	13718	1
JM	426	Picture	11	8854094	0	1	3167	2	0	3000	other	0
JM	427	Response	1	8859375	1948	1
JM	428	Picture	11	8891593	0	1	3167	2	0	3000	other	0
JM	429	Response	1	8899063	4137	1
JM	430	Picture	10	8922926	0	1	3166	2	0	3000	other	0
JM	431	Response	2	8927969	1710	1
JM	432	Picture	21	8957925	0	1	3166	2	0	3000	other	0
JM	433	Response	2	8964376	3118	1
JM	434	Picture	21	8986424	0	1	3166	3	0	3000	other	0
JM	435	Response	2	8994846	5089	1
JM	436	Picture	10	9025090	0	1	3166	2	0	3000	other	0
JM	437	Response	1	9036874	8451	1
JM	438	Picture	10	9059589	0	1	3166	2	0	3000	other	0
JM	439	Response	2	9065468	2546	1
JM	440	Picture	11	9088421	0	1	3167	2	0	3000	other	0
JM	441	Response	1	9096093	4339	1
JM	442	Picture	10	9119754	0	1	3166	2	0	3000	other	0
JM	443	Response	2	9128748	5661	2
JM	444	Picture	10	9159419	0	1	3167	2	0	3000	other	0
JM	445	Response	2	9167498	4745	1
JM	446	Picture	20	9189085	0	1	3167	2	0	3000	other	0
JM	448	Picture	10	9221918	0	1	3166	2	0	3000	other	0
JM	449	Response	2	9228435	3184	1
JM	450	Picture	21	9259083	0	1	3167	2	0	3000	other	0
JM	451	Response	2	9268122	5706	1
JM	452	Picture	11	9296082	0	1	3167	2	0	3000	other	0
JM	453	Response	1	9302341	2926	1
JM	454	Picture	11	9330248	0	1	3167	2	0	3000	other	0
JM	455	Response	1	9336403	2822	2
JM	456	Picture	21	9363747	0	1	3167	2	0	3000	other	0
JM	457	Response	2	9369215	2135	2
JM	458	Picture	11	9392246	0	1	3167	2	0	3000	other	0
JM	459	Response	1	9401090	5510	1
JM	460	Picture	20	9430579	0	1	3166	2	0	3000	other	0
JM	461	Response	1	9440778	6866	1
JM	462	Picture	11	9461578	0	1	3166	2	0	3000	other	0
JM	464	Picture	11	9492410	0	1	3167	2	0	3000	other	0
JM	465	Response	1	9497027	1283	1
JM	466	Picture	10	9532743	0	1	3166	2	0	3000	other	0
JM	467	Response	2	9542495	6419	2
JM	468	Picture	10	9562075	0	1	3167	2	0	3000	other	0
JM	469	Response	2	9571402	5994	1
JM	470	Picture	11	9598574	0	1	3167	2	0	3000	other	0
JM	471	Response	1	9604370	2463	1
JM	472	Picture	10	9634573	0	1	3167	2	0	3000	other	0
JM	473	Response	2	9641245	3339	1
JM	474	Picture	10	9664739	0	1	3167	2	0	3000	other	0
JM	475	Response	2	9671088	3016	2
JM	476	Picture	11	9699238	0	1	3167	2	0	3000	other	0
JM	477	Response	1	9706557	3986	1
JM	478	Picture	21	9729071	0	1	3166	2	0	3000	other	0
JM	479	Response	2	9737811	5407	1
JM	480	Picture	20	9766403	0	1	3167	2	0	3000	other	0
JM	481	Response	1	9775619	5883	1
JM	482	Picture	21	9799735	0	1	3167	2	0	3000	other	0
JM	483	Response	2	9806087	3018	2
JM	484	Picture	10	9838401	0	1	3167	2	0	3000	other	0
JM	485	Response	2	9846400	4666	1
JM	486	Picture	11	9872733	0	2	3167	3	0	3000	other	0
JM	487	Response	1	9879056	2989	1
JM	488	Picture	20	9907899	0	1	3167	2	0	3000	other	0
JM	489	Response	1	9913430	2198	1
JM	490	Picture	20	9945398	0	1	3167	2	0	3000	other	0
JM	491	Response	1	9956086	7355	1
JM	492	Picture	20	9979897	0	1	3167	2	0	3000	other	0
JM	493	Response	1	9990930	7700	1
JM	494	Picture	21	10018063	0	1	3166	2	0	3000	other	0
JM	495	Response	2	10023430	2034	1
JM	496	Picture	10	10049062	0	1	3167	2	0	3000	other	0
JM	497	Response	2	10062336	9941	1
JM	498	Picture	21	10079395	0	1	3166	2	0	3000	other	0
JM	499	Response	2	10085929	3201	1
JM	500	Picture	20	10108894	0	1	3166	2	0	3000	other	0
JM	501	Response	1	10113742	1515	1
JM	502	Picture	21	10148559	0	1	3167	2	0	3000	other	0
JM	503	Response	2	10155617	3724	1
JM	504	Picture	20	10186725	0	1	3167	2	0	3000	other	0
JM	505	Response	1	10191866	1808	1
JM	506	Picture	20	10223891	0	1	3166	2	0	3000	other	0
JM	507	Response	1	10230303	3079	1
JM	508	Picture	10	10263556	0	1	3167	2	0	3000	other	0
JM	509	Response	2	10270303	3414	1
JM	510	Picture	21	10294389	0	1	3166	2	0	3000	other	0
JM	511	Response	2	10306396	8674	2
JM	512	Picture	20	10326555	0	1	3166	2	0	3000	other	0
JM	513	Response	2	10338740	8852	1
JM	514	Picture	10	10364054	0	1	3166	2	0	3000	other	0
JM	515	Response	2	10370459	3072	1
JM	516	Picture	10	10401886	0	1	3166	2	0	3000	other	0
JM	517	Response	2	10411240	6021	1
JM	518	Picture	21	10441718	0	1	3167	2	0	3000	other	0
JM	519	Response	2	10451083	6032	1
JM	520	Picture	20	10474217	0	1	3167	2	0	3000	other	0
JM	521	Response	1	10488583	11033	1
JM	522	Picture	21	10513050	0	1	3166	2	0	3000	other	0
JM	523	Response	2	10521395	5012	1
JM	524	Picture	11	10547382	0	1	3167	2	0	3000	other	0
JM	525	Response	2	10557489	6774	1
JM	526	Picture	20	10579714	0	1	3167	2	0	3000	other	0
JM	527	Response	1	10585613	2565	2
JM	528	Picture	20	10615213	0	2	3167	3	0	3000	other	0
JM	529	Response	1	10621394	2847	2
JM	530	Picture	11	10655046	0	1	3166	2	0	3000	other	0
JM	531	Response	1	10664364	5985	1
JM	532	Picture	11	10683712	0	1	3166	2	0	3000	other	0
JM	533	Response	1	10693425	6380	1
JM	534	Picture	11	10717877	0	1	3167	2	0	3000	other	0
JM	535	Response	1	10724675	3464	1
JM	536	Picture	21	10757876	0	1	3167	2	0	3000	other	0
JM	537	Response	2	10764987	3777	1
JM	538	Picture	10	10794542	0	1	3167	2	0	3000	other	0
JM	539	Response	2	10801237	3362	1
JM	540	Picture	10	10827874	0	2	3167	3	0	3000	other	0
JM	541	Response	2	10837487	6279	1
JM	542	Picture	20	10864540	0	1	3167	2	0	3000	other	0
JM	543	Response	1	10872955	5082	1
JM	544	Picture	10	10899206	0	1	3166	2	0	3000	other	0
JM	545	Response	2	10905923	3384	2
JM	546	Picture	20	10931872	0	1	3166	2	0	3000	other	0
JM	548	Picture	21	10965871	0	1	3166	2	0	3000	other	0
JM	549	Response	2	10972174	2970	1
JM	550	Picture	20	11005536	0	1	3167	2	0	3000	other	0
JM	551	Response	1	11016704	7834	1
JM	552	Picture	21	11040869	0	1	3166	2	0	3000	other	0
JM	553	Response	2	11051860	7658	1
JM	554	Picture	20	11076868	0	1	3166	2	0	3000	other	0
JM	555	Response	1	11084829	4628	1
JM	556	Picture	10	11108867	0	1	3166	2	0	3000	other	0
JM	558	Picture	11	11137866	0	1	3167	2	0	3000	other	0
JM	559	Response	1	11143578	2379	1
JM	560	Picture	10	11174532	0	1	3166	2	0	3000	other	0
JM	561	Response	2	11181703	3838	1
JM	562	Picture	20	11208364	0	1	3167	2	0	3000	other	0
JM	563	Response	1	11213109	1412	1
JM	564	Picture	10	11244363	0	1	3167	2	0	3000	other	0
JM	565	Response	2	11250296	2600	1
JM	566	Picture	20	11281196	0	1	3166	2	0	3000	other	0
JM	567	Response	1	11287327	2798	1
JM	568	Picture	11	11318695	0	1	3166	2	0	3000	other	0
JM	569	Response	1	11323890	1862	1
JM	570	Picture	10	11348194	0	1	3166	2	0	3000	other	0
JM	571	Response	2	11358108	6581	1
JM	572	Picture	20	11385193	0	1	3166	2	0	3000	other	0
JM	573	Response	1	11393576	5050	1
JM	574	Picture	21	11424525	0	1	3167	2	0	3000	other	0
JM	575	Response	2	11434982	7124	1
JM	576	Picture	11	11460857	0	1	3167	2	0	3000	other	0
JM	577	Response	1	11467951	3760	1
JM	578	Picture	20	11499190	0	1	3166	2	0	3000	other	0
JM	579	Response	1	11503419	896	1
JM	580	Picture	10	11528689	0	1	3166	3	0	3000	other	0
JM	581	Response	2	11537798	5776	2
JM	582	Picture	20	11559688	0	1	3167	2	0	3000	other	0
JM	583	Response	1	11565138	2117	1
JM	584	Picture	11	11592354	0	1	3166	2	0	3000	other	0
JM	585	Response	1	11609356	13669	1
JM	586	Picture	20	11628353	0	1	3166	3	0	3000	other	0
JM	587	Response	1	11634356	2670	1
JM	588	Picture	20	11664519	0	1	3166	2	0	3000	other	0
JM	589	Response	1	11670137	2285	1
JM	590	Picture	21	11701684	0	1	3167	2	0	3000	other	0
JM	591	Response	2	11708574	3557	2
JM	592	Picture	21	11735017	0	1	3166	2	0	3000	other	0
JM	593	Response	2	11744043	5693	1
JM	594	Picture	10	11770516	0	1	3166	2	0	3000	other	0
JM	595	Response	2	11778573	4724	2
JM	596	Picture	20	11809848	0	1	3167	2	0	3000	other	0
JM	597	Response	1	11819042	5861	1
JM	598	Picture	21	11844347	0	1	3167	2	0	3000	other	0
JM	599	Response	2	11850917	3237	1
JM	600	Picture	10	11876680	0	1	3166	2	0	3000	other	0
JM	601	Response	2	11883417	3404	1
JM	602	Picture	21	11911012	0	1	3167	2	0	3000	other	0
JM	603	Response	2	11918729	4384	1
JM	604	Response	1	12283101	334923	2


Event Type	Code	Type	Response	RT	RT Uncertainty	Time	Uncertainty	Duration	Uncertainty	ReqTime	ReqDur

Picture	10	other				10499	1	3166	2	0	3000
Picture	21	other				49331	1	3167	2	0	3000
Picture	20	other				86830	1	3167	2	0	3000
Picture	10	other				118496	1	3166	2	0	3000
Picture	11	other				153328	1	3167	2	0	3000
Picture	11	other				185494	1	3167	2	0	3000
Picture	11	other				216827	1	3166	2	0	3000
Picture	10	other				248492	1	3167	2	0	3000
Picture	10	other				281991	2	3167	3	0	3000
Picture	21	other				312824	1	3167	2	0	3000
Picture	20	other				342323	1	3167	2	0	3000
Picture	10	other				376322	1	3167	2	0	3000
Picture	21	other				407655	1	3166	2	0	3000
Picture	21	other				441154	1	3166	2	0	3000
Picture	21	other				474986	1	3167	2	0	3000
Picture	11	other				506819	1	3166	2	0	3000
Picture	20	other				538151	1	3167	2	0	3000
Picture	20	other				576817	1	3166	2	0	3000
Picture	11	other				608149	1	3167	2	0	3000
Picture	21	other				637482	1	3166	3	0	3000
Picture	21	other				672314	1	3167	2	0	3000
Picture	20	other				701813	2	3167	3	0	3000
Picture	11	other				740646	1	3166	2	0	3000
Picture	20	other				769312	1	3166	2	0	3000
Picture	10	other				804144	1	3167	2	0	3000
Picture	20	other				834310	1	3167	2	0	3000
Picture	20	other				874142	1	3167	2	0	3000
Picture	21	other				906641	1	3167	2	0	3000
Picture	11	other				935807	1	3167	2	0	3000
Picture	11	other				969806	1	3167	2	0	3000
Picture	20	other				1010139	1	3166	2	0	3000
Picture	20	other				1041471	1	3167	2	0	3000
Picture	10	other				1072970	1	3167	2	0	3000
Picture	20	other				1113136	1	3166	2	0	3000
Picture	20	other				1150468	1	3167	2	0	3000
Picture	10	other				1188467	1	3167	2	0	3000
Picture	21	other				1222466	1	3167	2	0	3000
Picture	20	other				1262632	1	3166	2	0	3000
Picture	10	other				1302631	1	3166	2	0	3000
Picture	21	other				1339630	1	3166	2	0	3000
Picture	11	other				1377295	1	3167	2	0	3000
Picture	10	other				1410294	2	3167	3	0	3000
Picture	21	other				1446960	1	3167	2	0	3000
Picture	20	other				1486292	1	3167	2	0	3000
Picture	20	other				1516958	1	3167	2	0	3000
Picture	10	other				1555291	1	3166	2	0	3000
Picture	11	other				1591290	1	3166	2	0	3000
Picture	11	other				1619955	2	3167	3	0	3000
Picture	11	other				1655621	1	3167	2	0	3000
Picture	11	other				1685787	1	3167	2	0	3000
Picture	21	other				1715786	1	3167	2	0	3000
Picture	21	other				1747285	1	3167	2	0	3000
Picture	21	other				1782618	1	3166	2	0	3000
Picture	10	other				1816283	2	3167	3	0	3000
Picture	10	other				1852283	1	3166	2	0	3000
Picture	11	other				1885448	1	3167	2	0	3000
Picture	21	other				1916781	1	3166	2	0	3000
Picture	11	other				1957113	1	3167	2	0	3000
Picture	20	other				1990945	2	3167	3	0	3000
Picture	21	other				2026778	1	3166	2	0	3000
Picture	21	other				2056777	1	3167	2	0	3000
Picture	20	other				2094943	1	3166	2	0	3000
Picture	20	other				2123775	1	3167	2	0	3000
Picture	11	other				2158608	1	3166	2	0	3000
Picture	20	other				2197273	1	3167	2	0	3000
Picture	20	other				2235106	1	3166	2	0	3000
Picture	20	other				2263605	1	3166	2	0	3000
Picture	20	other				2296104	1	3166	3	0	3000
Picture	21	other				2331936	1	3167	2	0	3000
Picture	10	other				2371602	1	3166	3	0	3000
Picture	21	other				2401434	1	3167	2	0	3000
Picture	11	other				2435933	2	3167	3	0	3000
Picture	11	other				2467433	1	3166	2	0	3000
Picture	10	other				2501765	1	3167	2	0	3000
Picture	21	other				2532598	1	3166	2	0	3000
Picture	20	other				2570930	1	3166	2	0	3000
Picture	10	other				2607429	1	3166	2	0	3000
Picture	10	other				2638928	1	3167	2	0	3000
Picture	11	other				2670760	2	3167	3	0	3000
Picture	21	other				2707926	1	3167	2	0	3000
Picture	11	other				2738425	1	3167	2	0	3000
Picture	21	other				2775091	1	3167	2	0	3000
Picture	21	other				2808090	1	3167	2	0	3000
Picture	21	other				2839256	1	3167	2	0	3000
Picture	11	other				2870422	1	3166	2	0	3000
Picture	10	other				2905421	1	3166	2	0	3000
Picture	11	other				2935253	1	3167	2	0	3000
Picture	10	other				2971086	1	3166	2	0	3000
Picture	11	other				3008251	2	3167	3	0	3000
Picture	20	other				3040084	1	3166	3	0	3000
Picture	11	other				3070416	2	3167	3	0	3000
Picture	20	other				3109582	1	3167	2	0	3000
Picture	10	other				3144081	1	3167	2	0	3000
Picture	20	other				3181913	2	3167	3	0	3000
Picture	20	other				3212579	1	3167	2	0	3000
Picture	10	other				3250912	1	3166	2	0	3000
Picture	11	other				3290077	1	3167	2	0	3000
Picture	20	other				3319910	1	3166	2	0	3000
Picture	11	other				3352242	1	3167	2	0	3000
Picture	10	other				3388574	2	3167	3	0	3000
Picture	20	other				3426240	1	3167	2	0	3000
Picture	11	other				3456239	1	3167	2	0	3000
Picture	11	other				3487405	1	3167	2	0	3000
Picture	10	other				3524238	1	3166	2	0	3000
Picture	11	other				3562903	1	3167	2	0	3000
Picture	11	other				3592736	1	3166	2	0	3000
Picture	20	other				3622235	1	3166	3	0	3000
Picture	20	other				3650901	1	3166	2	0	3000
Picture	11	other				3689233	1	3167	2	0	3000
Picture	10	other				3718732	1	3167	2	0	3000
Picture	21	other				3748731	2	3167	3	0	3000
Picture	10	other				3777731	1	3166	2	0	3000
Picture	20	other				3807063	1	3167	2	0	3000
Picture	11	other				3847229	1	3166	2	0	3000
Picture	21	other				3879395	1	3166	2	0	3000
Picture	21	other				3916394	1	3166	2	0	3000
Picture	20	other				3953893	1	3166	2	0	3000
Picture	21	other				3993058	1	3167	2	0	3000
Picture	10	other				4026224	1	3167	2	0	3000
Picture	21	other				4063890	1	3166	2	0	3000
Picture	20	other				4093889	1	3166	2	0	3000
Picture	11	other				4133221	1	3167	2	0	3000
Picture	20	other				4170720	1	3167	2	0	3000
Picture	21	other				4200886	1	3167	2	0	3000
Picture	21	other				4240385	1	3166	3	0	3000
Picture	20	other				4276217	1	3167	2	0	3000
Picture	20	other				4312550	1	3166	2	0	3000
Picture	21	other				4345715	1	3167	2	0	3000
Picture	11	other				4375548	1	3167	2	0	3000
Picture	21	other				4405714	1	3166	2	0	3000
Picture	20	other				4445213	1	3166	2	0	3000
Picture	21	other				4481878	2	3167	3	0	3000
Picture	11	other				4521877	1	3167	2	0	3000
Picture	21	other				4554876	2	3167	3	0	3000
Picture	21	other				4588376	1	3166	2	0	3000
Picture	10	other				4626541	1	3167	2	0	3000
Picture	21	other				4660374	1	3166	2	0	3000
Picture	20	other				4692373	1	3166	2	0	3000
Picture	20	other				4730205	1	3167	2	0	3000
Picture	21	other				4765371	1	3166	2	0	3000
Picture	10	other				4794703	1	3167	2	0	3000
Picture	11	other				4830536	1	3166	2	0	3000
Picture	10	other				4867035	1	3166	2	0	3000
Picture	20	other				4904034	1	3166	2	0	3000
Picture	21	other				4942366	1	3167	2	0	3000
Picture	10	other				4974365	1	3167	2	0	3000
Picture	20	other				5004864	1	3167	2	0	3000
Picture	11	other				5045030	1	3167	2	0	3000
Picture	21	other				5079529	1	3167	2	0	3000
Picture	11	other				5117361	1	3167	2	0	3000
Picture	20	other				6755817	1	3167	2	0	3000
Picture	11	other				6786316	2	3167	3	0	3000
Picture	11	other				6824315	1	3167	2	0	3000
Picture	11	other				6858481	1	3167	2	0	3000
Picture	11	other				6888980	1	3167	2	0	3000
Picture	21	other				6917813	1	3166	2	0	3000
Picture	11	other				6949812	1	3167	2	0	3000
Picture	11	other				6983478	1	3166	2	0	3000
Picture	21	other				7021143	2	3167	3	0	3000
Picture	21	other				7050809	1	3167	2	0	3000
Picture	11	other				7082308	2	3167	3	0	3000
Picture	21	other				7118474	1	3167	2	0	3000
Picture	11	other				7152807	1	3166	2	0	3000
Picture	11	other				7190139	1	3166	3	0	3000
Picture	11	other				7224471	1	3167	2	0	3000
Picture	10	other				7260637	1	3167	2	0	3000
Picture	20	other				7292969	2	3167	3	0	3000
Picture	21	other				7323969	1	3166	2	0	3000
Picture	21	other				7355468	1	3166	2	0	3000
Picture	20	other				7384300	1	3167	2	0	3000
Picture	11	other				7416633	1	3166	2	0	3000
Picture	20	other				7455298	2	3167	3	0	3000
Picture	20	other				7491464	1	3167	2	0	3000
Picture	10	other				7530963	1	3167	2	0	3000
Picture	21	other				7569962	1	3167	2	0	3000
Picture	21	other				7604794	1	3167	2	0	3000
Picture	10	other				7643127	1	3166	2	0	3000
Picture	10	other				7671626	1	3167	2	0	3000
Picture	10	other				7709792	1	3166	2	0	3000
Picture	11	other				7748957	1	3167	2	0	3000
Picture	11	other				7781790	1	3166	2	0	3000
Picture	21	other				7821455	1	3167	2	0	3000
Picture	10	other				7851121	1	3167	2	0	3000
Picture	20	other				7889953	1	3167	2	0	3000
Picture	21	other				7927786	1	3166	2	0	3000
Picture	21	other				7964618	1	3167	2	0	3000
Picture	20	other				8002450	1	3167	2	0	3000
Picture	21	other				8037616	1	3167	2	0	3000
Picture	10	other				8074115	1	3167	2	0	3000
Picture	10	other				8104281	1	3167	2	0	3000
Picture	11	other				8141947	1	3166	2	0	3000
Picture	21	other				8170613	1	3166	2	0	3000
Picture	21	other				8207278	1	3167	2	0	3000
Picture	10	other				8240444	1	3167	2	0	3000
Picture	10	other				8274110	1	3166	2	0	3000
Picture	21	other				8303776	1	3166	2	0	3000
Picture	20	other				8334941	2	3167	3	0	3000
Picture	10	other				8374274	1	3166	2	0	3000
Picture	21	other				8407439	2	3167	3	0	3000
Picture	21	other				8447105	1	3167	2	0	3000
Picture	21	other				8481271	1	3166	2	0	3000
Picture	10	other				8514437	1	3166	2	0	3000
Picture	11	other				8547102	1	3167	2	0	3000
Picture	11	other				8578102	1	3166	2	0	3000
Picture	20	other				8616767	1	3167	2	0	3000
Picture	11	other				8654433	1	3166	2	0	3000
Picture	10	other				8684599	1	3166	2	0	3000
Picture	11	other				8714765	1	3166	2	0	3000
Picture	11	other				8750764	1	3166	2	0	3000
Picture	11	other				8787429	1	3167	2	0	3000
Picture	10	other				8818262	1	3166	2	0	3000
Picture	11	other				8854094	1	3167	2	0	3000
Picture	11	other				8891593	1	3167	2	0	3000
Picture	10	other				8922926	1	3166	2	0	3000
Picture	21	other				8957925	1	3166	2	0	3000
Picture	21	other				8986424	1	3166	3	0	3000
Picture	10	other				9025090	1	3166	2	0	3000
Picture	10	other				9059589	1	3166	2	0	3000
Picture	11	other				9088421	1	3167	2	0	3000
Picture	10	other				9119754	1	3166	2	0	3000
Picture	10	other				9159419	1	3167	2	0	3000
Picture	20	other				9189085	1	3167	2	0	3000
Picture	10	other				9221918	1	3166	2	0	3000
Picture	21	other				9259083	1	3167	2	0	3000
Picture	11	other				9296082	1	3167	2	0	3000
Picture	11	other				9330248	1	3167	2	0	3000
Picture	21	other				9363747	1	3167	2	0	3000
Picture	11	other				9392246	1	3167	2	0	3000
Picture	20	other				9430579	1	3166	2	0	3000
Picture	11	other				9461578	1	3166	2	0	3000
Picture	11	other				9492410	1	3167	2	0	3000
Picture	10	other				9532743	1	3166	2	0	3000
Picture	10	other				9562075	1	3167	2	0	3000
Picture	11	other				9598574	1	3167	2	0	3000
Picture	10	other				9634573	1	3167	2	0	3000
Picture	10	other				9664739	1	3167	2	0	3000
Picture	11	other				9699238	1	3167	2	0	3000
Picture	21	other				9729071	1	3166	2	0	3000
Picture	20	other				9766403	1	3167	2	0	3000
Picture	21	other				9799735	1	3167	2	0	3000
Picture	10	other				9838401	1	3167	2	0	3000
Picture	11	other				9872733	2	3167	3	0	3000
Picture	20	other				9907899	1	3167	2	0	3000
Picture	20	other				9945398	1	3167	2	0	3000
Picture	20	other				9979897	1	3167	2	0	3000
Picture	21	other				10018063	1	3166	2	0	3000
Picture	10	other				10049062	1	3167	2	0	3000
Picture	21	other				10079395	1	3166	2	0	3000
Picture	20	other				10108894	1	3166	2	0	3000
Picture	21	other				10148559	1	3167	2	0	3000
Picture	20	other				10186725	1	3167	2	0	3000
Picture	20	other				10223891	1	3166	2	0	3000
Picture	10	other				10263556	1	3167	2	0	3000
Picture	21	other				10294389	1	3166	2	0	3000
Picture	20	other				10326555	1	3166	2	0	3000
Picture	10	other				10364054	1	3166	2	0	3000
Picture	10	other				10401886	1	3166	2	0	3000
Picture	21	other				10441718	1	3167	2	0	3000
Picture	20	other				10474217	1	3167	2	0	3000
Picture	21	other				10513050	1	3166	2	0	3000
Picture	11	other				10547382	1	3167	2	0	3000
Picture	20	other				10579714	1	3167	2	0	3000
Picture	20	other				10615213	2	3167	3	0	3000
Picture	11	other				10655046	1	3166	2	0	3000
Picture	11	other				10683712	1	3166	2	0	3000
Picture	11	other				10717877	1	3167	2	0	3000
Picture	21	other				10757876	1	3167	2	0	3000
Picture	10	other				10794542	1	3167	2	0	3000
Picture	10	other				10827874	2	3167	3	0	3000
Picture	20	other				10864540	1	3167	2	0	3000
Picture	10	other				10899206	1	3166	2	0	3000
Picture	20	other				10931872	1	3166	2	0	3000
Picture	21	other				10965871	1	3166	2	0	3000
Picture	20	other				11005536	1	3167	2	0	3000
Picture	21	other				11040869	1	3166	2	0	3000
Picture	20	other				11076868	1	3166	2	0	3000
Picture	10	other				11108867	1	3166	2	0	3000
Picture	11	other				11137866	1	3167	2	0	3000
Picture	10	other				11174532	1	3166	2	0	3000
Picture	20	other				11208364	1	3167	2	0	3000
Picture	10	other				11244363	1	3167	2	0	3000
Picture	20	other				11281196	1	3166	2	0	3000
Picture	11	other				11318695	1	3166	2	0	3000
Picture	10	other				11348194	1	3166	2	0	3000
Picture	20	other				11385193	1	3166	2	0	3000
Picture	21	other				11424525	1	3167	2	0	3000
Picture	11	other				11460857	1	3167	2	0	3000
Picture	20	other				11499190	1	3166	2	0	3000
Picture	10	other				11528689	1	3166	3	0	3000
Picture	20	other				11559688	1	3167	2	0	3000
Picture	11	other				11592354	1	3166	2	0	3000
Picture	20	other				11628353	1	3166	3	0	3000
Picture	20	other				11664519	1	3166	2	0	3000
Picture	21	other				11701684	1	3167	2	0	3000
Picture	21	other				11735017	1	3166	2	0	3000
Picture	10	other				11770516	1	3166	2	0	3000
Picture	20	other				11809848	1	3167	2	0	3000
Picture	21	other				11844347	1	3167	2	0	3000
Picture	10	other				11876680	1	3166	2	0	3000
Picture	21	other				11911012	1	3167	2	0	3000

The following output port codes were not sent because of a conflict on the port.
Port	Code	Time(ms)
1	2	297801
