Scenario - GO/NO-GO
Logfile written - 06/07/2012 11:03:17

Subject	Trial	Event Type	Code	Time	TTime	Uncertainty	Duration	Uncertainty	ReqTime	ReqDur	Stim Type	Pair Index

JM	2	Picture	22	332	0	1	3167	2	0	3000	hit	2
JM	2	Response	1	6278	5946	1
JM	3	Picture	22	9165	0	2	3167	3	0	3000	hit	4
JM	3	Response	1	14558	5393	1
JM	4	Picture	22	19832	0	1	3166	2	0	3000	hit	6
JM	4	Response	1	25808	5976	1
JM	5	Picture	33	30165	0	1	3166	3	0	3000	miss	0
JM	6	Picture	22	39831	0	1	3167	2	0	3000	hit	9
JM	6	Response	1	43308	3477	1
JM	7	Picture	22	48331	0	1	3167	2	0	3000	hit	11
JM	7	Response	1	52683	4352	1
JM	8	Picture	22	58831	0	1	3166	2	0	3000	hit	13
JM	8	Response	1	63151	4320	2
JM	9	Picture	33	69164	0	1	3166	2	0	3000	miss	0
JM	10	Picture	22	79330	0	1	3167	2	0	3000	hit	16
JM	10	Response	1	82527	3197	1
JM	11	Picture	22	87830	0	1	3167	2	0	3000	hit	18
JM	11	Response	1	91902	4072	1
JM	12	Picture	22	98330	0	1	3166	2	0	3000	hit	20
JM	12	Response	1	102683	4353	1
JM	13	Picture	22	108329	0	2	3167	3	0	3000	hit	22
JM	13	Response	1	113307	4978	2
JM	14	Picture	22	118163	0	1	3166	2	0	3000	hit	24
JM	14	Response	1	123307	5144	1
JM	15	Picture	33	127662	0	1	3167	2	0	3000	miss	0
JM	16	Picture	22	137329	0	1	3166	2	0	3000	hit	27
JM	16	Response	1	140495	3166	1
JM	17	Picture	22	147662	0	1	3166	2	0	3000	hit	29
JM	17	Response	1	150183	2521	1
JM	18	Picture	22	156828	0	1	3167	2	0	3000	hit	31
JM	18	Response	1	160026	3198	1
JM	19	Picture	33	167328	0	1	3166	3	0	3000	miss	0
JM	20	Picture	22	177494	0	1	3167	2	0	3000	hit	34
JM	20	Response	1	180026	2532	1
JM	21	Picture	22	187994	0	1	3167	2	0	3000	hit	36
JM	21	Response	1	189713	1719	1
JM	22	Picture	22	196494	0	1	3166	2	0	3000	hit	38
JM	22	Response	1	203776	7282	1
JM	23	Picture	33	206327	0	1	3166	2	0	3000	miss	0
JM	24	Picture	22	216493	0	1	3167	2	0	3000	hit	41
JM	24	Response	1	220650	4157	1
JM	25	Picture	22	225993	0	1	3167	2	0	3000	hit	43
JM	25	Response	1	229557	3564	1
JM	26	Picture	22	234326	0	1	3167	2	0	3000	hit	45
JM	26	Response	1	238150	3824	1
JM	27	Picture	22	242826	0	1	3166	2	0	3000	hit	47
JM	27	Response	1	246744	3918	1
JM	28	Picture	22	252159	0	1	3166	3	0	3000	hit	49
JM	28	Response	1	255807	3648	1
JM	29	Picture	33	262825	0	1	3167	2	0	3000	miss	0
JM	30	Picture	22	271492	0	1	3166	2	0	3000	hit	52
JM	30	Response	1	274088	2596	1
JM	30	Response	1	281275	9783	1
JM	31	Picture	22	282325	0	1	3166	2	0	3000	miss	0
JM	32	Picture	22	291658	0	1	3166	2	0	3000	hit	56
JM	32	Response	1	300494	8836	1
JM	33	Picture	22	301491	0	1	3166	3	0	3000	hit	58
JM	33	Response	1	307213	5722	1
JM	34	Picture	22	310991	0	1	3166	2	0	3000	hit	60
JM	34	Response	1	314088	3097	1
JM	35	Picture	33	320490	0	1	3167	2	0	3000	hit	62
JM	35	Response	1	322368	1878	2
JM	36	Picture	22	330157	0	1	3166	2	0	3000	hit	64
JM	36	Response	1	333462	3305	1
JM	37	Picture	22	339323	0	1	3167	2	0	3000	hit	66
JM	37	Response	1	341275	1952	1
JM	38	Picture	22	347990	0	1	3166	2	0	3000	hit	68
JM	38	Response	1	348775	785	1
JM	39	Picture	33	357156	0	1	3167	2	0	3000	hit	70
JM	39	Response	1	358462	1306	1
JM	40	Picture	22	366656	0	1	3166	2	0	3000	hit	72
JM	40	Response	1	371275	4619	1
JM	41	Picture	22	376656	0	1	3166	2	0	3000	hit	74
JM	41	Response	1	377993	1337	1
JM	42	Picture	22	385489	0	1	3166	2	0	3000	hit	76
JM	42	Response	1	387993	2504	1
JM	43	Picture	33	395988	0	1	3167	2	0	3000	miss	0
JM	44	Picture	22	405488	0	1	3167	2	0	3000	hit	79
JM	44	Response	1	406899	1411	2
JM	44	Response	1	415649	10161	1
JM	45	Picture	22	415988	0	1	3166	2	0	3000	miss	0
JM	46	Picture	22	426488	0	1	3166	2	0	3000	hit	83
JM	46	Response	1	429712	3224	1
JM	47	Picture	22	435321	0	1	3166	2	0	3000	hit	85
JM	47	Response	1	440180	4859	1
JM	48	Picture	22	446154	0	1	3166	2	0	3000	hit	87
JM	48	Response	1	451899	5745	1
JM	49	Picture	22	455820	0	1	3167	2	0	3000	hit	89
JM	49	Response	1	462838	7018	1
JM	50	Picture	22	464486	0	2	3167	3	0	3000	hit	91
JM	50	Response	1	470805	6319	1
JM	51	Picture	33	472986	0	1	3167	2	0	3000	miss	0
JM	52	Picture	22	483319	0	1	3167	2	0	3000	hit	94
JM	52	Response	1	487680	4361	1
JM	53	Picture	22	491652	0	2	3167	3	0	3000	hit	96
JM	53	Response	1	495024	3372	1
JM	54	Picture	22	500319	0	1	3166	2	0	3000	hit	98
JM	54	Response	1	503618	3299	1
JM	55	Picture	22	509319	0	1	3166	2	0	3000	hit	100
JM	55	Response	1	514711	5392	1
JM	56	Picture	22	518985	0	1	3167	2	0	3000	miss	0
JM	57	Picture	33	527151	0	2	3167	3	0	3000	hit	103
JM	57	Response	1	527523	372	2
JM	58	Picture	22	535485	0	1	3166	2	0	3000	hit	105
JM	58	Response	1	541586	6101	1
JM	59	Picture	33	544318	0	1	3166	2	0	3000	hit	107
JM	59	Response	1	551586	7268	1
JM	60	Picture	22	553817	0	2	3167	3	0	3000	miss	0
JM	61	Picture	22	562984	0	1	3166	2	0	3000	hit	110
JM	61	Response	1	565336	2352	1
JM	62	Picture	22	571150	0	1	3167	2	0	3000	hit	112
JM	62	Response	1	575492	4342	1
JM	63	Picture	22	579817	0	1	3166	2	0	3000	hit	114
JM	63	Response	1	585648	5831	1
JM	64	Picture	22	590650	0	1	3166	2	0	3000	hit	116
JM	64	Response	1	595023	4373	1
JM	65	Picture	33	600983	0	1	3166	2	0	3000	miss	0
JM	66	Picture	22	610149	0	1	3167	2	0	3000	hit	119
JM	66	Response	1	612839	2690	1
JM	67	Picture	22	620816	0	1	3166	2	0	3000	hit	121
JM	67	Response	1	620960	144	1
JM	68	Picture	22	628982	0	1	3167	2	0	3000	hit	123
JM	68	Response	1	632211	3229	1
JM	69	Picture	33	639482	0	1	3166	2	0	3000	hit	125
JM	69	Response	1	641741	2259	1
JM	70	Picture	22	650481	0	2	3167	3	0	3000	hit	127
JM	70	Response	1	653929	3448	1
JM	71	Picture	22	659315	0	1	3166	2	0	3000	hit	129
JM	71	Response	1	662991	3676	1
JM	72	Picture	22	667814	0	1	3167	2	0	3000	hit	131
JM	72	Response	1	671272	3458	1
JM	73	Picture	33	678481	0	1	3166	2	0	3000	hit	133
JM	73	Response	1	680335	1854	1
JM	74	Picture	22	689480	0	1	3167	2	0	3000	hit	135
JM	74	Response	1	695491	6011	1
JM	75	Picture	22	700147	0	1	3166	2	0	3000	hit	137
JM	75	Response	1	703928	3781	1
JM	76	Picture	22	709480	0	1	3166	2	0	3000	hit	139
JM	76	Response	1	714553	5073	1
JM	77	Picture	22	719480	0	1	3166	2	0	3000	hit	141
JM	77	Response	1	724866	5386	1
JM	78	Picture	22	730479	0	1	3167	2	0	3000	hit	143
JM	78	Response	1	735022	4543	2
JM	79	Picture	33	739479	0	1	3167	2	0	3000	miss	0
JM	80	Picture	22	747812	0	1	3167	2	0	3000	hit	146
JM	80	Response	1	751140	3328	1
JM	81	Picture	22	758645	0	1	3167	2	0	3000	hit	148
JM	81	Response	1	762678	4033	1
JM	82	Picture	22	768145	0	1	3167	2	0	3000	hit	150
JM	82	Response	1	772990	4845	1
JM	83	Picture	22	778145	0	1	3166	2	0	3000	hit	152
JM	83	Response	1	782053	3908	1
JM	84	Picture	22	786978	0	1	3166	2	0	3000	hit	154
JM	84	Response	1	792990	6012	1
JM	85	Picture	33	795311	0	1	3166	3	0	3000	miss	0
JM	86	Picture	22	803477	0	1	3167	2	0	3000	hit	157
JM	86	Response	1	807678	4201	1
JM	87	Picture	22	813644	0	1	3166	2	0	3000	hit	159
JM	87	Response	1	817677	4033	2
JM	88	Picture	22	822977	0	1	3166	2	0	3000	hit	161
JM	88	Response	1	828302	5325	2
JM	89	Picture	22	831977	0	1	3166	2	0	3000	hit	163
JM	89	Response	1	837990	6013	1
JM	90	Picture	22	842810	0	1	3166	2	0	3000	hit	165
JM	90	Response	1	846896	4086	1
JM	91	Picture	22	852643	0	1	3166	2	0	3000	miss	0
JM	92	Picture	22	862142	0	1	3167	2	0	3000	hit	168
JM	92	Response	1	867521	5379	1
JM	93	Picture	33	873142	0	1	3167	2	0	3000	miss	0
JM	94	Picture	22	883642	0	1	3166	2	0	3000	hit	171
JM	94	Response	1	887365	3723	1
JM	95	Picture	22	894642	0	1	3166	2	0	3000	hit	173
JM	95	Response	1	897364	2722	2
JM	96	Picture	22	905641	0	1	3167	2	0	3000	hit	175
JM	96	Response	1	909552	3911	1
JM	97	Picture	22	914474	0	1	3167	2	0	3000	hit	177
JM	97	Response	1	923458	8984	1
JM	98	Picture	22	924974	0	1	3167	2	0	3000	miss	0
JM	99	Picture	33	933140	0	2	3167	3	0	3000	hit	180
JM	99	Response	1	935021	1881	1
JM	100	Picture	22	942640	0	1	3167	2	0	3000	hit	182
JM	100	Response	1	950176	7536	2
JM	101	Picture	22	953307	0	1	3166	2	0	3000	hit	184
JM	101	Response	1	961270	7963	1
JM	102	Picture	22	961806	0	1	3167	2	0	3000	miss	0
JM	103	Picture	22	971973	0	1	3166	2	0	3000	hit	187
JM	103	Response	1	972520	547	1
JM	104	Picture	22	981972	0	2	3167	3	0	3000	hit	189
JM	104	Response	1	985020	3048	1
JM	105	Picture	22	991806	0	1	3166	2	0	3000	hit	191
JM	105	Response	1	995645	3839	1
JM	106	Picture	22	1000139	0	1	3166	2	0	3000	hit	193
JM	106	Response	1	1004551	4412	1
JM	107	Picture	33	1010805	0	1	3167	2	0	3000	miss	0
JM	108	Picture	22	1019805	0	1	3166	2	0	3000	hit	196
JM	108	Response	1	1022364	2559	1
JM	109	Picture	22	1029305	0	1	3166	2	0	3000	hit	198
JM	109	Response	1	1032208	2903	1
JM	110	Picture	22	1038971	0	1	3167	2	0	3000	hit	200
JM	110	Response	1	1040488	1517	2
JM	111	Picture	22	1047304	0	1	3167	2	0	3000	hit	202
JM	111	Response	1	1050645	3341	1
JM	112	Picture	22	1056470	0	2	3167	3	0	3000	hit	204
JM	112	Response	1	1060020	3550	1
JM	113	Picture	22	1064804	0	1	3166	2	0	3000	hit	206
JM	113	Response	1	1068301	3497	1
JM	114	Picture	22	1073470	0	1	3167	2	0	3000	hit	208
JM	114	Response	1	1076582	3112	2
JM	115	Picture	33	1083470	0	1	3166	2	0	3000	hit	210
JM	115	Response	1	1084394	924	2
JM	116	Picture	22	1092636	0	1	3167	2	0	3000	hit	212
JM	116	Response	1	1098613	5977	1
JM	117	Picture	22	1100969	0	1	3167	2	0	3000	hit	214
JM	117	Response	1	1105175	4206	2
JM	118	Picture	22	1111636	0	1	3166	2	0	3000	hit	216
JM	118	Response	1	1112675	1039	2
JM	119	Picture	33	1121802	0	1	3167	2	0	3000	hit	218
JM	119	Response	1	1122050	248	2
JM	120	Picture	22	1132802	0	1	3166	2	0	3000	hit	220
JM	120	Response	1	1134082	1280	1
JM	120	Response	1	1141894	9092	1
JM	121	Picture	22	1141968	0	1	3167	2	0	3000	hit	223
JM	121	Response	1	1150494	8526	1
JM	122	Picture	22	1151801	0	1	3167	2	0	3000	miss	0
JM	123	Picture	22	1162801	0	1	3167	2	0	3000	hit	226
JM	123	Response	1	1168300	5499	1
JM	124	Picture	22	1170967	0	1	3167	2	0	3000	hit	228
JM	124	Response	1	1176582	5615	1
JM	125	Picture	33	1181967	0	1	3167	2	0	3000	miss	0
JM	126	Picture	22	1191967	0	1	3166	2	0	3000	hit	231
JM	126	Response	1	1195019	3052	1
JM	127	Picture	22	1202467	0	1	3166	2	0	3000	hit	233
JM	127	Response	1	1202835	368	1
JM	128	Picture	22	1210966	0	1	3167	2	0	3000	hit	235
JM	128	Response	1	1213612	2646	1
JM	129	Picture	22	1220966	0	1	3167	2	0	3000	hit	237
JM	129	Response	1	1222050	1084	1
JM	130	Picture	22	1229132	0	2	3167	3	0	3000	hit	239
JM	130	Response	1	1231269	2137	1
JM	131	Picture	33	1238632	0	1	3167	2	0	3000	hit	241
JM	131	Response	1	1239706	1074	1
JM	132	Picture	22	1246799	0	1	3166	2	0	3000	hit	243
JM	132	Response	1	1250019	3220	1
JM	133	Picture	22	1257298	0	1	3167	2	0	3000	hit	245
JM	133	Response	1	1260487	3189	1
JM	134	Picture	22	1266131	0	2	3167	3	0	3000	hit	247
JM	134	Response	1	1268299	2168	1
JM	135	Picture	22	1276465	0	1	3166	2	0	3000	hit	249
JM	135	Response	1	1282833	6368	1
JM	136	Picture	22	1284798	0	1	3166	2	0	3000	hit	251
JM	136	Response	1	1290174	5376	2
JM	137	Picture	33	1295297	0	1	3167	2	0	3000	hit	253
JM	137	Response	1	1297518	2221	1
JM	138	Picture	22	1303464	0	1	3166	2	0	3000	hit	255
JM	138	Response	1	1307987	4523	1
JM	139	Picture	22	1312964	0	1	3166	2	0	3000	hit	257
JM	139	Response	1	1316112	3148	1
JM	140	Picture	22	1323463	0	1	3167	2	0	3000	hit	259
JM	140	Response	1	1324237	774	1
JM	140	Response	1	1332205	8742	2
JM	141	Picture	22	1334463	0	1	3167	2	0	3000	miss	0
JM	142	Picture	22	1345463	0	1	3166	2	0	3000	hit	263
JM	142	Response	1	1347986	2523	2
JM	143	Picture	33	1356296	0	1	3166	2	0	3000	hit	265
JM	143	Response	1	1356424	128	1
JM	144	Picture	22	1365795	0	2	3167	3	0	3000	hit	267
JM	144	Response	1	1367205	1410	1
JM	144	Response	1	1375643	9848	1
JM	145	Picture	22	1376795	0	1	3167	2	0	3000	miss	0
JM	146	Picture	22	1386128	0	1	3167	2	0	3000	hit	271
JM	146	Response	1	1387361	1233	1
JM	147	Picture	22	1395628	0	1	3167	2	0	3000	hit	273
JM	147	Response	1	1399393	3765	1
JM	148	Picture	22	1403961	0	1	3167	2	0	3000	hit	275
JM	148	Response	1	1408142	4181	1
JM	149	Picture	33	1414294	0	1	3167	2	0	3000	hit	277
JM	149	Response	1	1415330	1036	1
JM	150	Picture	22	1424627	0	1	3167	2	0	3000	hit	279
JM	150	Response	1	1428767	4140	1
JM	151	Picture	22	1434127	0	1	3167	2	0	3000	hit	281
JM	151	Response	1	1437516	3389	2
JM	152	Picture	22	1444460	0	1	3167	2	0	3000	hit	283
JM	152	Response	1	1447049	2589	1
JM	153	Picture	22	1453293	0	1	3167	2	0	3000	hit	285
JM	153	Response	1	1455486	2193	1
JM	154	Picture	22	1462126	0	1	3167	2	0	3000	hit	287
JM	154	Response	1	1463610	1484	2
JM	155	Picture	33	1470626	0	1	3167	2	0	3000	hit	289
JM	155	Response	1	1472048	1422	2
JM	156	Picture	22	1479959	0	1	3167	2	0	3000	hit	291
JM	156	Response	1	1481267	1308	1
JM	157	Picture	33	1489459	0	1	3166	2	0	3000	hit	293
JM	157	Response	1	1490642	1183	1
JM	158	Picture	22	1500458	0	2	3167	3	0	3000	hit	295
JM	158	Response	1	1502048	1590	1
JM	159	Picture	22	1510625	0	1	3166	3	0	3000	hit	297
JM	159	Response	1	1515017	4392	1
JM	160	Picture	22	1519958	0	1	3167	2	0	3000	hit	299
JM	160	Response	1	1524235	4277	1
JM	161	Picture	33	1529791	0	1	3167	2	0	3000	miss	0
JM	162	Picture	22	1540457	0	1	3167	2	0	3000	hit	302
JM	162	Response	1	1541423	966	1
JM	163	Picture	22	1549957	0	1	3167	2	0	3000	hit	304
JM	163	Response	1	1554079	4122	1
JM	164	Picture	22	1560124	0	1	3166	2	0	3000	hit	306
JM	164	Response	1	1565016	4892	2
JM	165	Picture	22	1569123	0	1	3167	2	0	3000	hit	308
JM	165	Response	1	1578610	9487	1
JM	166	Picture	22	1579790	0	1	3166	2	0	3000	hit	310
JM	166	Response	1	1586110	6320	1
JM	167	Picture	33	1589456	0	1	3167	2	0	3000	hit	312
JM	167	Response	1	1598297	8841	1
JM	168	Picture	22	1598789	0	1	3167	2	0	3000	miss	0
JM	169	Picture	22	1607956	0	1	3166	2	0	3000	hit	315
JM	169	Response	1	1610797	2841	1
JM	170	Picture	22	1617955	0	1	3167	2	0	3000	hit	317
JM	170	Response	1	1619860	1905	1
JM	171	Picture	22	1626455	0	1	3167	2	0	3000	hit	319
JM	171	Response	1	1629079	2624	1
JM	172	Picture	22	1636121	0	2	3167	3	0	3000	hit	321
JM	172	Response	1	1637516	1395	1
JM	173	Picture	22	1646788	0	1	3166	3	0	3000	hit	323
JM	173	Response	1	1647203	415	1
JM	174	Picture	22	1655288	0	1	3166	2	0	3000	hit	325
JM	174	Response	1	1657672	2384	1
JM	175	Picture	33	1664287	0	2	3167	3	0	3000	miss	0
JM	176	Picture	22	1674287	0	1	3167	2	0	3000	hit	328
JM	176	Response	1	1675797	1510	1
JM	177	Picture	22	1683120	0	1	3167	2	0	3000	hit	330
JM	177	Response	1	1685328	2208	1
JM	178	Picture	22	1692787	0	1	3166	2	0	3000	hit	332
JM	178	Response	1	1694234	1447	1
JM	179	Picture	22	1701620	0	1	3166	2	0	3000	hit	334
JM	179	Response	1	1705328	3708	1
JM	180	Picture	22	1710953	0	1	3166	2	0	3000	hit	336
JM	180	Response	1	1713685	2732	1
JM	181	Picture	33	1720286	0	1	3166	3	0	3000	hit	338
JM	181	Response	1	1722359	2073	1
JM	182	Picture	22	1728452	0	1	3167	2	0	3000	hit	340
JM	182	Response	1	1733921	5469	1
JM	183	Picture	22	1738952	0	1	3167	2	0	3000	hit	342
JM	183	Response	1	1740796	1844	2
JM	184	Picture	22	1748952	0	1	3166	2	0	3000	hit	344
JM	184	Response	1	1749078	126	1
JM	185	Picture	22	1758118	0	1	3167	2	0	3000	hit	346
JM	185	Response	1	1758140	22	1
JM	186	Picture	22	1766618	0	1	3167	2	0	3000	hit	348
JM	186	Response	1	1767671	1053	1
JM	187	Picture	33	1776451	0	1	3167	2	0	3000	hit	350
JM	187	Response	1	1776577	126	2
JM	188	Picture	22	1786784	0	1	3167	2	0	3000	hit	352
JM	188	Response	1	1787202	418	1
JM	189	Picture	22	1796450	0	2	3167	3	0	3000	hit	354
JM	189	Response	1	1796889	439	2
JM	190	Picture	22	1804950	0	1	3167	2	0	3000	hit	356
JM	190	Response	1	1806108	1158	1
JM	191	Picture	33	1815283	0	1	3167	2	0	3000	hit	358
JM	191	Response	1	1815952	669	1
JM	192	Picture	22	1823616	0	2	3167	3	0	3000	hit	360
JM	192	Response	1	1826889	3273	1
JM	193	Picture	22	1834616	0	1	3167	2	0	3000	hit	362
JM	193	Response	1	1838920	4304	2
JM	194	Picture	22	1844616	0	1	3166	2	0	3000	hit	364
JM	194	Response	1	1847202	2586	1
JM	195	Picture	33	1855116	0	1	3166	2	0	3000	hit	366
JM	195	Response	1	1856264	1148	1
JM	196	Picture	22	1863615	0	1	3167	2	0	3000	hit	368
JM	196	Response	1	1867282	3667	1
JM	197	Picture	22	1871782	0	1	3166	2	0	3000	hit	370
JM	197	Response	1	1874858	3076	1
JM	198	Picture	22	1881115	0	1	3166	3	0	3000	hit	372
JM	198	Response	1	1881889	774	1
JM	199	Picture	22	1890281	0	1	3167	2	0	3000	hit	374
JM	199	Response	1	1892830	2549	2
JM	200	Picture	22	1900781	0	1	3167	2	0	3000	hit	376
JM	200	Response	1	1901420	639	1
JM	201	Picture	33	1909781	0	1	3166	2	0	3000	hit	378
JM	201	Response	1	1909858	77	1
JM	202	Picture	22	1919114	0	1	3166	2	0	3000	hit	380
JM	202	Response	1	1922514	3400	1
JM	203	Picture	22	1928447	0	1	3167	2	0	3000	hit	382
JM	203	Response	1	1931264	2817	1
JM	204	Picture	22	1937780	0	1	3167	2	0	3000	hit	384
JM	204	Response	1	1939076	1296	1
JM	205	Picture	33	1946613	0	1	3167	2	0	3000	hit	386
JM	205	Response	1	1947670	1057	1
JM	206	Picture	22	1955946	0	1	3167	2	0	3000	hit	388
JM	206	Response	1	1957514	1568	1
JM	206	Response	1	1965170	9224	1
JM	207	Picture	22	1965613	0	1	3166	2	0	3000	miss	0
JM	208	Picture	22	1976112	0	1	3167	2	0	3000	hit	392
JM	208	Response	1	1981107	4995	1
JM	209	Picture	22	1986779	0	1	3166	2	0	3000	hit	394
JM	209	Response	1	1990638	3859	1
JM	210	Picture	22	1995112	0	1	3166	2	0	3000	hit	396
JM	210	Response	1	1999857	4745	1
JM	211	Picture	33	2004945	0	1	3166	3	0	3000	miss	0
JM	212	Picture	22	2013945	0	1	3166	2	0	3000	hit	399
JM	212	Response	1	2016576	2631	1
JM	213	Picture	22	2022778	0	1	3166	2	0	3000	hit	401
JM	213	Response	1	2025638	2860	1
JM	214	Picture	22	2032944	0	1	3167	2	0	3000	hit	403
JM	214	Response	1	2038138	5194	1
JM	215	Picture	22	2042611	0	1	3166	2	0	3000	hit	405
JM	215	Response	1	2049700	7089	2
JM	216	Picture	22	2051277	0	1	3167	2	0	3000	hit	407
JM	216	Response	1	2056419	5142	1
JM	217	Picture	22	2061610	0	1	3167	2	0	3000	hit	409
JM	217	Response	1	2065950	4340	2
JM	218	Picture	22	2069943	0	1	3167	2	0	3000	hit	411
JM	218	Response	1	2075325	5382	1
JM	219	Picture	33	2079110	0	1	3166	2	0	3000	miss	0
JM	220	Picture	22	2089609	0	1	3167	2	0	3000	hit	414
JM	220	Response	1	2092044	2435	1
JM	221	Picture	22	2099276	0	1	3166	2	0	3000	hit	416
JM	221	Response	1	2100325	1049	1
JM	222	Picture	22	2109275	0	1	3167	2	0	3000	hit	418
JM	222	Response	1	2110325	1050	1
JM	223	Picture	33	2119775	0	1	3167	2	0	3000	hit	420
JM	223	Response	1	2121419	1644	1
JM	224	Picture	22	2128108	0	1	3167	2	0	3000	hit	422
JM	224	Response	1	2132200	4092	1
JM	225	Picture	22	2137608	0	1	3167	2	0	3000	hit	424
JM	225	Response	1	2140324	2716	2
JM	226	Picture	22	2145774	0	2	3167	3	0	3000	hit	426
JM	226	Response	1	2149075	3301	1
JM	227	Picture	22	2155941	0	1	3166	2	0	3000	hit	428
JM	227	Response	1	2159856	3915	1
JM	228	Picture	22	2166107	0	1	3167	2	0	3000	hit	430
JM	228	Response	1	2169856	3749	1
JM	229	Picture	22	2175607	0	1	3167	2	0	3000	hit	432
JM	229	Response	1	2182043	6436	1
JM	230	Picture	22	2185273	0	1	3167	2	0	3000	hit	434
JM	230	Response	1	2189387	4114	1
JM	231	Picture	33	2194273	0	1	3167	2	0	3000	hit	436
JM	231	Response	1	2197668	3395	2
JM	232	Picture	22	2204606	0	1	3167	2	0	3000	hit	438
JM	232	Response	1	2208293	3687	1
JM	233	Picture	22	2214773	0	1	3166	2	0	3000	hit	440
JM	233	Response	1	2218606	3833	1
JM	234	Picture	22	2223606	0	1	3166	2	0	3000	hit	442
JM	234	Response	1	2227827	4221	1
JM	235	Picture	33	2233772	0	1	3167	2	0	3000	hit	444
JM	235	Response	1	2237512	3740	1
JM	236	Picture	22	2243272	0	1	3166	2	0	3000	hit	446
JM	236	Response	1	2247980	4708	1
JM	237	Picture	22	2253605	0	1	3166	2	0	3000	hit	448
JM	237	Response	1	2254699	1094	1
JM	238	Picture	22	2262938	0	1	3167	2	0	3000	hit	450
JM	238	Response	1	2267042	4104	2
JM	239	Picture	33	2272438	0	1	3166	2	0	3000	miss	0
JM	240	Picture	22	2281937	0	2	3167	3	0	3000	hit	453
JM	240	Response	1	2284074	2137	1
JM	241	Picture	22	2291770	0	2	3167	3	0	3000	hit	455
JM	241	Response	1	2295949	4179	1
JM	242	Picture	22	2302104	0	1	3166	2	0	3000	hit	457
JM	242	Response	1	2305324	3220	1
JM	243	Picture	22	2312270	0	1	3166	3	0	3000	hit	459
JM	243	Response	1	2316261	3991	1
JM	244	Picture	22	2322436	0	1	3167	2	0	3000	hit	461
JM	244	Response	1	2325480	3044	1
JM	245	Picture	33	2331603	0	1	3166	2	0	3000	hit	463
JM	245	Response	1	2334542	2939	1
JM	246	Picture	22	2342269	0	1	3167	2	0	3000	hit	465
JM	246	Response	1	2343136	867	1
JM	247	Picture	22	2350936	0	1	3166	2	0	3000	hit	467
JM	247	Response	1	2352199	1263	1
JM	247	Response	1	2359386	8450	1
JM	248	Picture	22	2360269	0	1	3166	2	0	3000	miss	0
JM	249	Picture	22	2369435	0	1	3167	2	0	3000	hit	471
JM	249	Response	1	2370323	888	2
JM	250	Picture	22	2380268	0	1	3167	2	0	3000	hit	473
JM	250	Response	1	2383917	3649	1
JM	251	Picture	33	2390434	0	2	3167	3	0	3000	hit	475
JM	251	Response	1	2393292	2858	1
JM	252	Picture	22	2400601	0	1	3166	3	0	3000	hit	477
JM	252	Response	1	2403917	3316	1
JM	253	Picture	22	2411267	0	1	3167	2	0	3000	hit	479
JM	253	Response	1	2412667	1400	1
JM	254	Picture	22	2419600	0	1	3167	2	0	3000	hit	481
JM	254	Response	1	2423135	3535	1
JM	255	Picture	22	2429100	0	1	3167	2	0	3000	hit	483
JM	255	Response	1	2432825	3725	1
JM	256	Picture	22	2438767	0	1	3166	2	0	3000	hit	485
JM	256	Response	1	2441417	2650	1
JM	257	Picture	33	2447933	0	1	3167	2	0	3000	hit	487
JM	257	Response	1	2451573	3640	1
JM	258	Picture	22	2457266	0	1	3167	2	0	3000	hit	489
JM	258	Response	1	2460479	3213	1
JM	259	Picture	22	2465432	0	2	3167	3	0	3000	hit	491
JM	259	Response	1	2468603	3171	2
JM	260	Picture	22	2475599	0	1	3166	2	0	3000	hit	493
JM	260	Response	1	2476416	817	2
JM	260	Response	1	2484073	8474	1
JM	261	Picture	22	2486265	0	1	3167	2	0	3000	hit	496
JM	261	Response	1	2491728	5463	2
JM	262	Picture	22	2494598	0	1	3167	2	0	3000	hit	498
JM	262	Response	1	2500166	5568	1
JM	263	Picture	33	2503598	0	1	3167	2	0	3000	miss	0
JM	264	Picture	22	2514098	0	1	3166	2	0	3000	hit	501
JM	264	Response	1	2516260	2162	1
JM	265	Picture	22	2522931	0	1	3166	3	0	3000	hit	503
JM	265	Response	1	2524228	1297	2
JM	266	Picture	22	2531597	0	1	3167	2	0	3000	hit	505
JM	266	Response	1	2532826	1229	1
JM	267	Picture	33	2540264	0	1	3166	2	0	3000	miss	0
JM	268	Picture	22	2549597	0	1	3166	3	0	3000	hit	508
JM	268	Response	1	2551416	1819	1
JM	269	Picture	22	2558097	0	1	3166	2	0	3000	hit	510
JM	269	Response	1	2560634	2537	1
JM	270	Picture	22	2567430	0	1	3166	2	0	3000	hit	512
JM	270	Response	1	2568603	1173	1
JM	271	Picture	22	2577596	0	1	3167	2	0	3000	hit	514
JM	271	Response	1	2579853	2257	1
JM	272	Picture	22	2586763	0	1	3166	2	0	3000	hit	516
JM	272	Response	1	2591103	4340	1
JM	273	Picture	22	2596429	0	1	3167	2	0	3000	hit	518
JM	273	Response	1	2601415	4986	1
JM	274	Picture	22	2607262	0	1	3167	2	0	3000	hit	520
JM	274	Response	1	2613603	6341	1
JM	275	Picture	33	2616762	0	1	3166	2	0	3000	miss	0
JM	276	Picture	22	2626261	0	2	3167	3	0	3000	hit	523
JM	276	Response	1	2630478	4217	1
JM	277	Picture	22	2636095	0	1	3166	2	0	3000	hit	525
JM	277	Response	1	2638915	2820	1
JM	278	Picture	22	2646928	0	1	3166	2	0	3000	hit	527
JM	278	Response	1	2648134	1206	1
JM	279	Picture	22	2657761	0	1	3166	2	0	3000	hit	529
JM	279	Response	1	2659384	1623	1
JM	280	Picture	22	2666094	0	1	3166	2	0	3000	hit	531
JM	280	Response	1	2672665	6571	1
JM	281	Picture	22	2677093	0	2	3167	3	0	3000	hit	533
JM	281	Response	1	2681884	4791	1
JM	282	Picture	22	2686760	0	1	3166	2	0	3000	hit	535
JM	282	Response	1	2690009	3249	1
JM	283	Picture	33	2695426	0	1	3167	2	0	3000	miss	0
JM	284	Picture	22	2704259	0	1	3167	2	0	3000	hit	538
JM	284	Response	1	2706883	2624	1
JM	285	Picture	22	2712759	0	1	3167	2	0	3000	hit	540
JM	285	Response	1	2715790	3031	1
JM	286	Picture	22	2721592	0	1	3167	2	0	3000	hit	542
JM	286	Response	1	2724696	3104	1
JM	287	Picture	22	2731925	0	1	3167	2	0	3000	hit	544
JM	287	Response	1	2735321	3396	1
JM	288	Picture	22	2742758	0	1	3167	2	0	3000	hit	546
JM	288	Response	1	2745008	2250	1
JM	289	Picture	33	2753425	0	1	3166	2	0	3000	miss	0
JM	290	Picture	22	2762591	0	1	3167	2	0	3000	hit	549
JM	290	Response	1	2765477	2886	1
JM	291	Picture	22	2771924	0	1	3167	2	0	3000	hit	551
JM	291	Response	1	2772508	584	1
JM	292	Picture	22	2780091	0	1	3166	2	0	3000	hit	553
JM	292	Response	1	2783445	3354	1
JM	293	Picture	22	2790424	0	1	3166	2	0	3000	hit	555
JM	293	Response	1	2795008	4584	1
JM	294	Picture	22	2800757	0	1	3166	2	0	3000	hit	557
JM	294	Response	1	2803289	2532	1
JM	295	Picture	22	2810090	0	1	3166	2	0	3000	hit	559
JM	295	Response	1	2814070	3980	1
JM	296	Picture	22	2818256	0	1	3167	2	0	3000	hit	561
JM	296	Response	1	2822822	4566	1
JM	297	Picture	33	2828089	0	1	3167	2	0	3000	hit	563
JM	297	Response	1	2837507	9418	1
JM	298	Picture	22	2838922	0	1	3167	2	0	3000	miss	0
JM	299	Picture	22	2847922	0	1	3167	2	0	3000	hit	566
JM	299	Response	1	2848445	523	1
JM	300	Picture	22	2857255	0	1	3167	2	0	3000	hit	568
JM	300	Response	1	2857823	568	1
JM	301	Picture	22	2865922	0	1	3166	2	0	3000	hit	570
JM	301	Response	1	2868601	2679	1
JM	302	Picture	22	2874421	0	2	3167	3	0	3000	miss	0
JM	303	Picture	33	2883421	0	1	3167	2	0	3000	miss	0


Event Type	Code	Type	Response	RT	RT Uncertainty	Time	Uncertainty	Duration	Uncertainty	ReqTime	ReqDur

Picture	22	hit	1	5946	2	332	1	3167	2	0	3000
Picture	22	hit	1	5393	3	9165	2	3167	3	0	3000
Picture	22	hit	1	5976	2	19832	1	3166	2	0	3000
Picture	33	miss				30165	1	3166	3	0	3000
Picture	22	hit	1	3477	2	39831	1	3167	2	0	3000
Picture	22	hit	1	4352	2	48331	1	3167	2	0	3000
Picture	22	hit	1	4320	3	58831	1	3166	2	0	3000
Picture	33	miss				69164	1	3166	2	0	3000
Picture	22	hit	1	3197	2	79330	1	3167	2	0	3000
Picture	22	hit	1	4072	2	87830	1	3167	2	0	3000
Picture	22	hit	1	4353	2	98330	1	3166	2	0	3000
Picture	22	hit	1	4978	4	108329	2	3167	3	0	3000
Picture	22	hit	1	5144	2	118163	1	3166	2	0	3000
Picture	33	miss				127662	1	3167	2	0	3000
Picture	22	hit	1	3166	2	137329	1	3166	2	0	3000
Picture	22	hit	1	2521	2	147662	1	3166	2	0	3000
Picture	22	hit	1	3198	2	156828	1	3167	2	0	3000
Picture	33	miss				167328	1	3166	3	0	3000
Picture	22	hit	1	2532	2	177494	1	3167	2	0	3000
Picture	22	hit	1	1719	2	187994	1	3167	2	0	3000
Picture	22	hit	1	7282	2	196494	1	3166	2	0	3000
Picture	33	miss				206327	1	3166	2	0	3000
Picture	22	hit	1	4157	2	216493	1	3167	2	0	3000
Picture	22	hit	1	3564	2	225993	1	3167	2	0	3000
Picture	22	hit	1	3824	2	234326	1	3167	2	0	3000
Picture	22	hit	1	3918	2	242826	1	3166	2	0	3000
Picture	22	hit	1	3648	2	252159	1	3166	3	0	3000
Picture	33	miss				262825	1	3167	2	0	3000
Picture	22	hit	1	2596	2	271492	1	3166	2	0	3000
Picture	22	miss				282325	1	3166	2	0	3000
Picture	22	hit	1	8836	2	291658	1	3166	2	0	3000
Picture	22	hit	1	5722	2	301491	1	3166	3	0	3000
Picture	22	hit	1	3097	2	310991	1	3166	2	0	3000
Picture	33	hit	1	1878	3	320490	1	3167	2	0	3000
Picture	22	hit	1	3305	2	330157	1	3166	2	0	3000
Picture	22	hit	1	1952	2	339323	1	3167	2	0	3000
Picture	22	hit	1	785	2	347990	1	3166	2	0	3000
Picture	33	hit	1	1306	2	357156	1	3167	2	0	3000
Picture	22	hit	1	4619	2	366656	1	3166	2	0	3000
Picture	22	hit	1	1337	2	376656	1	3166	2	0	3000
Picture	22	hit	1	2504	2	385489	1	3166	2	0	3000
Picture	33	miss				395988	1	3167	2	0	3000
Picture	22	hit	1	1411	3	405488	1	3167	2	0	3000
Picture	22	miss				415988	1	3166	2	0	3000
Picture	22	hit	1	3224	2	426488	1	3166	2	0	3000
Picture	22	hit	1	4859	2	435321	1	3166	2	0	3000
Picture	22	hit	1	5745	2	446154	1	3166	2	0	3000
Picture	22	hit	1	7018	2	455820	1	3167	2	0	3000
Picture	22	hit	1	6319	3	464486	2	3167	3	0	3000
Picture	33	miss				472986	1	3167	2	0	3000
Picture	22	hit	1	4361	2	483319	1	3167	2	0	3000
Picture	22	hit	1	3372	3	491652	2	3167	3	0	3000
Picture	22	hit	1	3299	2	500319	1	3166	2	0	3000
Picture	22	hit	1	5392	2	509319	1	3166	2	0	3000
Picture	22	miss				518985	1	3167	2	0	3000
Picture	33	hit	1	372	4	527151	2	3167	3	0	3000
Picture	22	hit	1	6101	2	535485	1	3166	2	0	3000
Picture	33	hit	1	7268	2	544318	1	3166	2	0	3000
Picture	22	miss				553817	2	3167	3	0	3000
Picture	22	hit	1	2352	2	562984	1	3166	2	0	3000
Picture	22	hit	1	4342	2	571150	1	3167	2	0	3000
Picture	22	hit	1	5831	2	579817	1	3166	2	0	3000
Picture	22	hit	1	4373	2	590650	1	3166	2	0	3000
Picture	33	miss				600983	1	3166	2	0	3000
Picture	22	hit	1	2690	2	610149	1	3167	2	0	3000
Picture	22	hit	1	144	2	620816	1	3166	2	0	3000
Picture	22	hit	1	3229	2	628982	1	3167	2	0	3000
Picture	33	hit	1	2259	2	639482	1	3166	2	0	3000
Picture	22	hit	1	3448	3	650481	2	3167	3	0	3000
Picture	22	hit	1	3676	2	659315	1	3166	2	0	3000
Picture	22	hit	1	3458	2	667814	1	3167	2	0	3000
Picture	33	hit	1	1854	2	678481	1	3166	2	0	3000
Picture	22	hit	1	6011	2	689480	1	3167	2	0	3000
Picture	22	hit	1	3781	2	700147	1	3166	2	0	3000
Picture	22	hit	1	5073	2	709480	1	3166	2	0	3000
Picture	22	hit	1	5386	2	719480	1	3166	2	0	3000
Picture	22	hit	1	4543	3	730479	1	3167	2	0	3000
Picture	33	miss				739479	1	3167	2	0	3000
Picture	22	hit	1	3328	2	747812	1	3167	2	0	3000
Picture	22	hit	1	4033	2	758645	1	3167	2	0	3000
Picture	22	hit	1	4845	2	768145	1	3167	2	0	3000
Picture	22	hit	1	3908	2	778145	1	3166	2	0	3000
Picture	22	hit	1	6012	2	786978	1	3166	2	0	3000
Picture	33	miss				795311	1	3166	3	0	3000
Picture	22	hit	1	4201	2	803477	1	3167	2	0	3000
Picture	22	hit	1	4033	3	813644	1	3166	2	0	3000
Picture	22	hit	1	5325	3	822977	1	3166	2	0	3000
Picture	22	hit	1	6013	2	831977	1	3166	2	0	3000
Picture	22	hit	1	4086	2	842810	1	3166	2	0	3000
Picture	22	miss				852643	1	3166	2	0	3000
Picture	22	hit	1	5379	2	862142	1	3167	2	0	3000
Picture	33	miss				873142	1	3167	2	0	3000
Picture	22	hit	1	3723	2	883642	1	3166	2	0	3000
Picture	22	hit	1	2722	3	894642	1	3166	2	0	3000
Picture	22	hit	1	3911	2	905641	1	3167	2	0	3000
Picture	22	hit	1	8984	2	914474	1	3167	2	0	3000
Picture	22	miss				924974	1	3167	2	0	3000
Picture	33	hit	1	1881	3	933140	2	3167	3	0	3000
Picture	22	hit	1	7536	3	942640	1	3167	2	0	3000
Picture	22	hit	1	7963	2	953307	1	3166	2	0	3000
Picture	22	miss				961806	1	3167	2	0	3000
Picture	22	hit	1	547	2	971973	1	3166	2	0	3000
Picture	22	hit	1	3048	3	981972	2	3167	3	0	3000
Picture	22	hit	1	3839	2	991806	1	3166	2	0	3000
Picture	22	hit	1	4412	2	1000139	1	3166	2	0	3000
Picture	33	miss				1010805	1	3167	2	0	3000
Picture	22	hit	1	2559	2	1019805	1	3166	2	0	3000
Picture	22	hit	1	2903	2	1029305	1	3166	2	0	3000
Picture	22	hit	1	1517	3	1038971	1	3167	2	0	3000
Picture	22	hit	1	3341	2	1047304	1	3167	2	0	3000
Picture	22	hit	1	3550	3	1056470	2	3167	3	0	3000
Picture	22	hit	1	3497	2	1064804	1	3166	2	0	3000
Picture	22	hit	1	3112	3	1073470	1	3167	2	0	3000
Picture	33	hit	1	924	3	1083470	1	3166	2	0	3000
Picture	22	hit	1	5977	2	1092636	1	3167	2	0	3000
Picture	22	hit	1	4206	3	1100969	1	3167	2	0	3000
Picture	22	hit	1	1039	3	1111636	1	3166	2	0	3000
Picture	33	hit	1	248	3	1121802	1	3167	2	0	3000
Picture	22	hit	1	1280	2	1132802	1	3166	2	0	3000
Picture	22	hit	1	8526	2	1141968	1	3167	2	0	3000
Picture	22	miss				1151801	1	3167	2	0	3000
Picture	22	hit	1	5499	2	1162801	1	3167	2	0	3000
Picture	22	hit	1	5615	2	1170967	1	3167	2	0	3000
Picture	33	miss				1181967	1	3167	2	0	3000
Picture	22	hit	1	3052	2	1191967	1	3166	2	0	3000
Picture	22	hit	1	368	2	1202467	1	3166	2	0	3000
Picture	22	hit	1	2646	2	1210966	1	3167	2	0	3000
Picture	22	hit	1	1084	2	1220966	1	3167	2	0	3000
Picture	22	hit	1	2137	3	1229132	2	3167	3	0	3000
Picture	33	hit	1	1074	2	1238632	1	3167	2	0	3000
Picture	22	hit	1	3220	2	1246799	1	3166	2	0	3000
Picture	22	hit	1	3189	2	1257298	1	3167	2	0	3000
Picture	22	hit	1	2168	3	1266131	2	3167	3	0	3000
Picture	22	hit	1	6368	2	1276465	1	3166	2	0	3000
Picture	22	hit	1	5376	3	1284798	1	3166	2	0	3000
Picture	33	hit	1	2221	2	1295297	1	3167	2	0	3000
Picture	22	hit	1	4523	2	1303464	1	3166	2	0	3000
Picture	22	hit	1	3148	2	1312964	1	3166	2	0	3000
Picture	22	hit	1	774	2	1323463	1	3167	2	0	3000
Picture	22	miss				1334463	1	3167	2	0	3000
Picture	22	hit	1	2523	3	1345463	1	3166	2	0	3000
Picture	33	hit	1	128	2	1356296	1	3166	2	0	3000
Picture	22	hit	1	1410	3	1365795	2	3167	3	0	3000
Picture	22	miss				1376795	1	3167	2	0	3000
Picture	22	hit	1	1233	2	1386128	1	3167	2	0	3000
Picture	22	hit	1	3765	2	1395628	1	3167	2	0	3000
Picture	22	hit	1	4181	2	1403961	1	3167	2	0	3000
Picture	33	hit	1	1036	2	1414294	1	3167	2	0	3000
Picture	22	hit	1	4140	2	1424627	1	3167	2	0	3000
Picture	22	hit	1	3389	3	1434127	1	3167	2	0	3000
Picture	22	hit	1	2589	2	1444460	1	3167	2	0	3000
Picture	22	hit	1	2193	2	1453293	1	3167	2	0	3000
Picture	22	hit	1	1484	3	1462126	1	3167	2	0	3000
Picture	33	hit	1	1422	3	1470626	1	3167	2	0	3000
Picture	22	hit	1	1308	2	1479959	1	3167	2	0	3000
Picture	33	hit	1	1183	2	1489459	1	3166	2	0	3000
Picture	22	hit	1	1590	3	1500458	2	3167	3	0	3000
Picture	22	hit	1	4392	2	1510625	1	3166	3	0	3000
Picture	22	hit	1	4277	2	1519958	1	3167	2	0	3000
Picture	33	miss				1529791	1	3167	2	0	3000
Picture	22	hit	1	966	2	1540457	1	3167	2	0	3000
Picture	22	hit	1	4122	2	1549957	1	3167	2	0	3000
Picture	22	hit	1	4892	3	1560124	1	3166	2	0	3000
Picture	22	hit	1	9487	2	1569123	1	3167	2	0	3000
Picture	22	hit	1	6320	2	1579790	1	3166	2	0	3000
Picture	33	hit	1	8841	2	1589456	1	3167	2	0	3000
Picture	22	miss				1598789	1	3167	2	0	3000
Picture	22	hit	1	2841	2	1607956	1	3166	2	0	3000
Picture	22	hit	1	1905	2	1617955	1	3167	2	0	3000
Picture	22	hit	1	2624	2	1626455	1	3167	2	0	3000
Picture	22	hit	1	1395	3	1636121	2	3167	3	0	3000
Picture	22	hit	1	415	2	1646788	1	3166	3	0	3000
Picture	22	hit	1	2384	2	1655288	1	3166	2	0	3000
Picture	33	miss				1664287	2	3167	3	0	3000
Picture	22	hit	1	1510	2	1674287	1	3167	2	0	3000
Picture	22	hit	1	2208	2	1683120	1	3167	2	0	3000
Picture	22	hit	1	1447	2	1692787	1	3166	2	0	3000
Picture	22	hit	1	3708	2	1701620	1	3166	2	0	3000
Picture	22	hit	1	2732	2	1710953	1	3166	2	0	3000
Picture	33	hit	1	2073	2	1720286	1	3166	3	0	3000
Picture	22	hit	1	5469	2	1728452	1	3167	2	0	3000
Picture	22	hit	1	1844	3	1738952	1	3167	2	0	3000
Picture	22	hit	1	126	2	1748952	1	3166	2	0	3000
Picture	22	hit	1	22	2	1758118	1	3167	2	0	3000
Picture	22	hit	1	1053	2	1766618	1	3167	2	0	3000
Picture	33	hit	1	126	3	1776451	1	3167	2	0	3000
Picture	22	hit	1	418	2	1786784	1	3167	2	0	3000
Picture	22	hit	1	439	4	1796450	2	3167	3	0	3000
Picture	22	hit	1	1158	2	1804950	1	3167	2	0	3000
Picture	33	hit	1	669	2	1815283	1	3167	2	0	3000
Picture	22	hit	1	3273	3	1823616	2	3167	3	0	3000
Picture	22	hit	1	4304	3	1834616	1	3167	2	0	3000
Picture	22	hit	1	2586	2	1844616	1	3166	2	0	3000
Picture	33	hit	1	1148	2	1855116	1	3166	2	0	3000
Picture	22	hit	1	3667	2	1863615	1	3167	2	0	3000
Picture	22	hit	1	3076	2	1871782	1	3166	2	0	3000
Picture	22	hit	1	774	2	1881115	1	3166	3	0	3000
Picture	22	hit	1	2549	3	1890281	1	3167	2	0	3000
Picture	22	hit	1	639	2	1900781	1	3167	2	0	3000
Picture	33	hit	1	77	2	1909781	1	3166	2	0	3000
Picture	22	hit	1	3400	2	1919114	1	3166	2	0	3000
Picture	22	hit	1	2817	2	1928447	1	3167	2	0	3000
Picture	22	hit	1	1296	2	1937780	1	3167	2	0	3000
Picture	33	hit	1	1057	2	1946613	1	3167	2	0	3000
Picture	22	hit	1	1568	2	1955946	1	3167	2	0	3000
Picture	22	miss				1965613	1	3166	2	0	3000
Picture	22	hit	1	4995	2	1976112	1	3167	2	0	3000
Picture	22	hit	1	3859	2	1986779	1	3166	2	0	3000
Picture	22	hit	1	4745	2	1995112	1	3166	2	0	3000
Picture	33	miss				2004945	1	3166	3	0	3000
Picture	22	hit	1	2631	2	2013945	1	3166	2	0	3000
Picture	22	hit	1	2860	2	2022778	1	3166	2	0	3000
Picture	22	hit	1	5194	2	2032944	1	3167	2	0	3000
Picture	22	hit	1	7089	3	2042611	1	3166	2	0	3000
Picture	22	hit	1	5142	2	2051277	1	3167	2	0	3000
Picture	22	hit	1	4340	3	2061610	1	3167	2	0	3000
Picture	22	hit	1	5382	2	2069943	1	3167	2	0	3000
Picture	33	miss				2079110	1	3166	2	0	3000
Picture	22	hit	1	2435	2	2089609	1	3167	2	0	3000
Picture	22	hit	1	1049	2	2099276	1	3166	2	0	3000
Picture	22	hit	1	1050	2	2109275	1	3167	2	0	3000
Picture	33	hit	1	1644	2	2119775	1	3167	2	0	3000
Picture	22	hit	1	4092	2	2128108	1	3167	2	0	3000
Picture	22	hit	1	2716	3	2137608	1	3167	2	0	3000
Picture	22	hit	1	3301	3	2145774	2	3167	3	0	3000
Picture	22	hit	1	3915	2	2155941	1	3166	2	0	3000
Picture	22	hit	1	3749	2	2166107	1	3167	2	0	3000
Picture	22	hit	1	6436	2	2175607	1	3167	2	0	3000
Picture	22	hit	1	4114	2	2185273	1	3167	2	0	3000
Picture	33	hit	1	3395	3	2194273	1	3167	2	0	3000
Picture	22	hit	1	3687	2	2204606	1	3167	2	0	3000
Picture	22	hit	1	3833	2	2214773	1	3166	2	0	3000
Picture	22	hit	1	4221	2	2223606	1	3166	2	0	3000
Picture	33	hit	1	3740	2	2233772	1	3167	2	0	3000
Picture	22	hit	1	4708	2	2243272	1	3166	2	0	3000
Picture	22	hit	1	1094	2	2253605	1	3166	2	0	3000
Picture	22	hit	1	4104	3	2262938	1	3167	2	0	3000
Picture	33	miss				2272438	1	3166	2	0	3000
Picture	22	hit	1	2137	3	2281937	2	3167	3	0	3000
Picture	22	hit	1	4179	3	2291770	2	3167	3	0	3000
Picture	22	hit	1	3220	2	2302104	1	3166	2	0	3000
Picture	22	hit	1	3991	2	2312270	1	3166	3	0	3000
Picture	22	hit	1	3044	2	2322436	1	3167	2	0	3000
Picture	33	hit	1	2939	2	2331603	1	3166	2	0	3000
Picture	22	hit	1	867	2	2342269	1	3167	2	0	3000
Picture	22	hit	1	1263	2	2350936	1	3166	2	0	3000
Picture	22	miss				2360269	1	3166	2	0	3000
Picture	22	hit	1	888	3	2369435	1	3167	2	0	3000
Picture	22	hit	1	3649	2	2380268	1	3167	2	0	3000
Picture	33	hit	1	2858	3	2390434	2	3167	3	0	3000
Picture	22	hit	1	3316	2	2400601	1	3166	3	0	3000
Picture	22	hit	1	1400	2	2411267	1	3167	2	0	3000
Picture	22	hit	1	3535	2	2419600	1	3167	2	0	3000
Picture	22	hit	1	3725	2	2429100	1	3167	2	0	3000
Picture	22	hit	1	2650	2	2438767	1	3166	2	0	3000
Picture	33	hit	1	3640	2	2447933	1	3167	2	0	3000
Picture	22	hit	1	3213	2	2457266	1	3167	2	0	3000
Picture	22	hit	1	3171	4	2465432	2	3167	3	0	3000
Picture	22	hit	1	817	3	2475599	1	3166	2	0	3000
Picture	22	hit	1	5463	3	2486265	1	3167	2	0	3000
Picture	22	hit	1	5568	2	2494598	1	3167	2	0	3000
Picture	33	miss				2503598	1	3167	2	0	3000
Picture	22	hit	1	2162	2	2514098	1	3166	2	0	3000
Picture	22	hit	1	1297	3	2522931	1	3166	3	0	3000
Picture	22	hit	1	1229	2	2531597	1	3167	2	0	3000
Picture	33	miss				2540264	1	3166	2	0	3000
Picture	22	hit	1	1819	2	2549597	1	3166	3	0	3000
Picture	22	hit	1	2537	2	2558097	1	3166	2	0	3000
Picture	22	hit	1	1173	2	2567430	1	3166	2	0	3000
Picture	22	hit	1	2257	2	2577596	1	3167	2	0	3000
Picture	22	hit	1	4340	2	2586763	1	3166	2	0	3000
Picture	22	hit	1	4986	2	2596429	1	3167	2	0	3000
Picture	22	hit	1	6341	2	2607262	1	3167	2	0	3000
Picture	33	miss				2616762	1	3166	2	0	3000
Picture	22	hit	1	4217	3	2626261	2	3167	3	0	3000
Picture	22	hit	1	2820	2	2636095	1	3166	2	0	3000
Picture	22	hit	1	1206	2	2646928	1	3166	2	0	3000
Picture	22	hit	1	1623	2	2657761	1	3166	2	0	3000
Picture	22	hit	1	6571	2	2666094	1	3166	2	0	3000
Picture	22	hit	1	4791	3	2677093	2	3167	3	0	3000
Picture	22	hit	1	3249	2	2686760	1	3166	2	0	3000
Picture	33	miss				2695426	1	3167	2	0	3000
Picture	22	hit	1	2624	2	2704259	1	3167	2	0	3000
Picture	22	hit	1	3031	2	2712759	1	3167	2	0	3000
Picture	22	hit	1	3104	2	2721592	1	3167	2	0	3000
Picture	22	hit	1	3396	2	2731925	1	3167	2	0	3000
Picture	22	hit	1	2250	2	2742758	1	3167	2	0	3000
Picture	33	miss				2753425	1	3166	2	0	3000
Picture	22	hit	1	2886	2	2762591	1	3167	2	0	3000
Picture	22	hit	1	584	2	2771924	1	3167	2	0	3000
Picture	22	hit	1	3354	2	2780091	1	3166	2	0	3000
Picture	22	hit	1	4584	2	2790424	1	3166	2	0	3000
Picture	22	hit	1	2532	2	2800757	1	3166	2	0	3000
Picture	22	hit	1	3980	2	2810090	1	3166	2	0	3000
Picture	22	hit	1	4566	2	2818256	1	3167	2	0	3000
Picture	33	hit	1	9418	2	2828089	1	3167	2	0	3000
Picture	22	miss				2838922	1	3167	2	0	3000
Picture	22	hit	1	523	2	2847922	1	3167	2	0	3000
Picture	22	hit	1	568	2	2857255	1	3167	2	0	3000
Picture	22	hit	1	2679	2	2865922	1	3166	2	0	3000
Picture	22	miss				2874421	2	3167	3	0	3000
Picture	33	miss				2883421	1	3167	2	0	3000

The following output port codes were not sent because of a conflict on the port.
Port	Code	Time(ms)
1	1	62096
1	2	114197
1	1	135642
1	1	174908
1	1	175814
1	1	177658
1	1	190986
