Scenario - GO/NO-GO
Logfile written - 06/07/2012 10:50:38

Subject	Trial	Event Type	Code	Time	TTime	Uncertainty	Duration	Uncertainty	ReqTime	ReqDur	Stim Type	Pair Index

JM	2	Picture	22	332	0	1	3167	2	0	3000	hit	2
JM	2	Response	1	9979	9647	1
JM	3	Picture	22	31498	0	1	3167	2	0	3000	hit	4
JM	3	Response	1	37479	5981	1
JM	4	Picture	22	64664	0	1	3167	2	0	3000	hit	6
JM	4	Response	1	70291	5627	1
JM	5	Picture	22	101830	0	1	3166	2	0	3000	hit	8
JM	5	Response	1	107166	5336	1
JM	6	Picture	22	140662	0	1	3166	3	0	3000	hit	10
JM	6	Response	1	146228	5566	1
JM	7	Picture	22	175994	0	1	3167	2	0	3000	hit	12
JM	7	Response	1	182009	6015	1
JM	8	Picture	22	205160	0	1	3167	2	0	3000	hit	14
JM	8	Response	1	212946	7786	1
JM	9	Picture	33	233326	0	1	3167	2	0	3000	miss	0
JM	10	Picture	22	267158	0	2	3167	3	0	3000	hit	17
JM	10	Response	1	272164	5006	2
JM	11	Picture	22	297991	0	1	3167	2	0	3000	hit	19
JM	11	Response	1	307633	9642	1
JM	12	Picture	22	334990	0	1	3167	2	0	3000	hit	21
JM	12	Response	1	342945	7955	1
JM	13	Picture	33	363323	0	1	3166	2	0	3000	miss	0
JM	14	Picture	22	401655	0	1	3166	2	0	3000	hit	24
JM	14	Response	1	408882	7227	2
JM	15	Picture	22	432321	0	1	3166	2	0	3000	hit	26
JM	15	Response	1	440601	8280	1
JM	16	Picture	22	471320	0	1	3166	2	0	3000	hit	28
JM	16	Response	1	477319	5999	1
JM	17	Picture	33	508819	0	1	3166	2	0	3000	miss	0
JM	18	Picture	22	547651	0	1	3166	2	0	3000	hit	31
JM	18	Response	1	553569	5918	1
JM	19	Picture	22	577483	0	1	3167	2	0	3000	hit	33
JM	19	Response	1	584975	7492	1
JM	20	Picture	22	607983	0	1	3166	2	0	3000	hit	35
JM	20	Response	1	614818	6835	2
JM	21	Picture	33	647648	0	1	3167	2	0	3000	miss	0
JM	22	Picture	22	684814	0	1	3166	2	0	3000	hit	38
JM	22	Response	1	703412	18598	1
JM	23	Picture	22	715980	0	1	3166	2	0	3000	hit	40
JM	23	Response	1	725130	9150	2
JM	24	Picture	22	745979	0	1	3166	2	0	3000	hit	42
JM	24	Response	1	755130	9151	1
JM	25	Picture	33	780811	0	1	3167	2	0	3000	miss	0
JM	26	Picture	22	820810	0	1	3167	2	0	3000	hit	45
JM	26	Response	1	835911	15101	1
JM	27	Picture	33	859476	0	1	3166	2	0	3000	miss	0
JM	28	Picture	22	893975	0	1	3166	2	0	3000	hit	48
JM	28	Response	1	903723	9748	1
JM	29	Picture	22	926807	0	1	3167	2	0	3000	hit	50
JM	29	Response	1	932160	5353	1
JM	30	Picture	22	959973	0	1	3167	2	0	3000	hit	52
JM	30	Response	1	968410	8437	1
JM	31	Picture	33	992472	0	1	3167	2	0	3000	miss	0
JM	32	Picture	22	1022471	0	1	3167	2	0	3000	hit	55
JM	32	Response	1	1027784	5313	2
JM	33	Picture	22	1050971	0	1	3166	2	0	3000	hit	57
JM	33	Response	1	1062784	11813	1
JM	34	Picture	22	1081636	0	2	3167	3	0	3000	hit	59
JM	34	Response	1	1091065	9429	1
JM	35	Picture	22	1111802	0	1	3167	2	0	3000	hit	61
JM	35	Response	1	1118565	6763	1
JM	36	Picture	22	1144301	0	1	3167	2	0	3000	hit	63
JM	36	Response	1	1149815	5514	1
JM	37	Picture	22	1182134	0	1	3166	2	0	3000	hit	65
JM	37	Response	1	1188408	6274	1
JM	38	Picture	22	1220466	0	1	3167	2	0	3000	hit	67
JM	38	Response	1	1226846	6380	1
JM	39	Picture	33	1250632	0	1	3166	2	0	3000	miss	0
JM	40	Picture	22	1290297	0	2	3167	3	0	3000	hit	70
JM	40	Response	1	1297939	7642	1
JM	41	Picture	22	1324796	0	2	3167	3	0	3000	hit	72
JM	41	Response	1	1329345	4549	1
JM	42	Picture	22	1353129	0	1	3167	2	0	3000	hit	74
JM	42	Response	1	1361376	8247	1
JM	43	Picture	22	1386795	0	1	3166	2	0	3000	hit	76
JM	43	Response	1	1391844	5049	1
JM	44	Picture	22	1421794	0	1	3166	3	0	3000	hit	78
JM	44	Response	1	1427625	5831	1
JM	45	Picture	22	1454293	0	1	3167	2	0	3000	hit	80
JM	45	Response	1	1458875	4582	1
JM	46	Picture	22	1483126	0	1	3166	2	0	3000	hit	82
JM	46	Response	1	1488239	5113	1
JM	47	Picture	33	1513458	0	1	3167	2	0	3000	hit	84
JM	47	Response	1	1521375	7917	1
JM	48	Picture	22	1550124	0	1	3166	2	0	3000	hit	86
JM	48	Response	1	1556531	6407	1
JM	49	Picture	22	1590123	0	1	3166	2	0	3000	hit	88
JM	49	Response	1	1595905	5782	2
JM	50	Picture	22	1618955	0	1	3167	2	0	3000	hit	90
JM	50	Response	1	1626374	7419	1
JM	51	Picture	22	1651121	0	1	3167	2	0	3000	hit	92
JM	51	Response	1	1659499	8378	1
JM	52	Picture	22	1686453	0	1	3167	2	0	3000	hit	94
JM	52	Response	1	1692936	6483	1
JM	53	Picture	22	1720119	0	1	3167	2	0	3000	hit	96
JM	53	Response	1	1729967	9848	1
JM	54	Picture	22	1753285	0	1	3167	2	0	3000	hit	98
JM	54	Response	1	1759029	5744	1
JM	55	Picture	33	1785451	0	1	3166	2	0	3000	miss	0
JM	56	Picture	22	1824116	0	1	3167	2	0	3000	hit	101
JM	56	Response	1	1829341	5225	1
JM	57	Picture	22	1856115	0	2	3167	3	0	3000	hit	103
JM	57	Response	1	1860752	4637	1
JM	58	Picture	22	1885615	0	1	3166	2	0	3000	hit	105
JM	58	Response	1	1892935	7320	1
JM	59	Picture	22	1915114	0	1	3166	3	0	3000	hit	107
JM	59	Response	1	1921997	6883	1
JM	60	Picture	22	1944946	0	1	3167	2	0	3000	hit	109
JM	60	Response	1	1950591	5645	1
JM	61	Picture	33	1984112	0	1	3167	2	0	3000	miss	0
JM	62	Picture	22	2018111	0	1	3167	2	0	3000	hit	112
JM	62	Response	1	2024184	6073	1
JM	63	Picture	22	2051444	0	1	3166	2	0	3000	hit	114
JM	63	Response	1	2059965	8521	1
JM	64	Picture	22	2084276	0	1	3167	2	0	3000	hit	116
JM	64	Response	1	2089808	5532	2
JM	65	Picture	33	2118275	0	1	3167	2	0	3000	miss	0
JM	66	Picture	22	2157607	0	1	3167	2	0	3000	hit	119
JM	66	Response	1	2164183	6576	1
JM	67	Picture	22	2195773	0	1	3167	2	0	3000	hit	121
JM	67	Response	1	2203870	8097	1
JM	68	Picture	22	2235439	0	1	3166	2	0	3000	hit	123
JM	68	Response	1	2243401	7962	1
JM	69	Picture	22	2270938	0	1	3166	2	0	3000	hit	125
JM	69	Response	1	2276370	5432	1
JM	70	Picture	22	2306437	0	1	3166	2	0	3000	hit	127
JM	70	Response	1	2314338	7901	1
JM	71	Picture	33	2339602	0	2	3167	3	0	3000	miss	0
JM	72	Picture	22	2375101	0	2	3167	3	0	3000	hit	130
JM	72	Response	1	2379494	4393	1
JM	73	Picture	22	2403934	0	1	3167	2	0	3000	hit	132
JM	73	Response	1	2409494	5560	1
JM	74	Picture	22	2442266	0	1	3167	2	0	3000	hit	134
JM	74	Response	1	2447775	5509	1
JM	75	Picture	22	2481932	0	1	3166	3	0	3000	hit	136
JM	75	Response	1	2486993	5061	1
JM	76	Picture	22	2513431	0	1	3167	2	0	3000	hit	138
JM	76	Response	1	2519180	5749	1
JM	77	Picture	33	2549597	0	1	3166	2	0	3000	miss	0
JM	78	Picture	22	2583263	0	1	3166	2	0	3000	hit	141
JM	78	Response	1	2591367	8104	2
JM	79	Picture	22	2621261	0	2	3167	3	0	3000	hit	143
JM	79	Response	1	2627305	6044	1
JM	80	Picture	22	2653094	0	1	3167	2	0	3000	hit	145
JM	80	Response	1	2659961	6867	1
JM	81	Picture	22	2690093	0	1	3167	2	0	3000	hit	147
JM	81	Response	1	2694804	4711	2
JM	82	Picture	22	2725592	0	1	3167	2	0	3000	hit	149
JM	82	Response	1	2731523	5931	1
JM	83	Picture	22	2759758	0	1	3166	2	0	3000	hit	151
JM	83	Response	1	2769647	9889	1
JM	84	Picture	22	2797757	0	1	3166	2	0	3000	hit	153
JM	84	Response	1	2805741	7984	2
JM	85	Picture	33	2836756	0	1	3166	2	0	3000	miss	0
JM	86	Picture	22	2869921	0	2	3167	3	0	3000	hit	156
JM	86	Response	1	2876678	6757	1
JM	87	Picture	33	2899754	0	1	3167	2	0	3000	miss	0
JM	88	Picture	22	2936920	0	1	3166	2	0	3000	hit	159
JM	88	Response	1	2941834	4914	1
JM	89	Picture	33	2970419	0	1	3166	2	0	3000	miss	0
JM	90	Picture	22	3002251	0	1	3167	2	0	3000	hit	162
JM	90	Response	1	3007614	5363	2
JM	91	Picture	22	3033084	0	1	3166	2	0	3000	hit	164
JM	91	Response	1	3039958	6874	1
JM	92	Picture	22	3073249	0	1	3167	2	0	3000	hit	166
JM	92	Response	1	3079645	6396	1
JM	93	Picture	33	3101582	0	1	3166	2	0	3000	miss	0
JM	94	Picture	22	3133248	0	1	3166	2	0	3000	hit	169
JM	94	Response	1	3140742	7494	1
JM	95	Picture	22	3165413	0	2	3167	3	0	3000	hit	171
JM	95	Response	1	3172926	7513	1
JM	96	Picture	22	3199079	0	1	3167	2	0	3000	hit	173
JM	96	Response	1	3206832	7753	1
JM	97	Picture	22	3235578	0	1	3167	2	0	3000	hit	175
JM	97	Response	1	3241363	5785	1
JM	98	Picture	22	3265411	0	1	3166	2	0	3000	hit	177
JM	98	Response	1	3270742	5331	1
JM	99	Picture	33	3297243	0	1	3167	2	0	3000	miss	0
JM	100	Picture	22	3326576	0	1	3166	2	0	3000	hit	180
JM	100	Response	1	3334175	7599	1
JM	101	Picture	22	3363741	0	2	3167	3	0	3000	hit	182
JM	101	Response	1	3372768	9027	1
JM	102	Picture	22	3396074	0	1	3166	3	0	3000	hit	184
JM	102	Response	1	3403862	7788	1
JM	103	Picture	22	3430073	0	1	3167	2	0	3000	hit	186
JM	103	Response	1	3438081	8008	1
JM	104	Picture	22	3458572	0	1	3167	2	0	3000	hit	188
JM	104	Response	1	3469955	11383	1
JM	105	Picture	33	3494738	0	1	3166	3	0	3000	miss	0
JM	106	Picture	22	3529737	0	1	3167	2	0	3000	hit	191
JM	106	Response	1	3535111	5374	1
JM	107	Picture	22	3557903	0	1	3166	2	0	3000	hit	193
JM	107	Response	1	3565579	7676	1
JM	108	Picture	22	3597568	0	2	3167	3	0	3000	hit	195
JM	108	Response	1	3603548	5980	1
JM	109	Picture	33	3635401	0	1	3166	2	0	3000	miss	0
JM	110	Picture	22	3672400	0	1	3166	2	0	3000	hit	198
JM	110	Response	1	3678078	5678	2
JM	111	Picture	22	3705066	0	1	3166	2	0	3000	hit	200
JM	111	Response	1	3710891	5825	1
JM	112	Picture	22	3737231	0	1	3167	2	0	3000	hit	202
JM	112	Response	1	3743391	6160	1
JM	113	Picture	22	3776064	0	1	3166	2	0	3000	hit	204
JM	113	Response	1	3782609	6545	1
JM	114	Picture	22	3806396	0	1	3167	2	0	3000	hit	206
JM	114	Response	1	3812921	6525	1
JM	115	Picture	22	3836562	0	1	3167	2	0	3000	hit	208
JM	115	Response	1	3844327	7765	1
JM	116	Picture	22	3873561	0	1	3167	2	0	3000	hit	210
JM	116	Response	1	3882296	8735	1
JM	117	Picture	33	3912727	0	1	3166	2	0	3000	miss	0
JM	118	Picture	22	3949059	0	1	3167	2	0	3000	hit	213
JM	118	Response	1	3954014	4955	1
JM	119	Picture	22	3981558	0	1	3167	2	0	3000	hit	215
JM	119	Response	1	3991514	9956	1
JM	120	Picture	22	4012057	0	1	3167	2	0	3000	hit	217
JM	120	Response	1	4017920	5863	1
JM	121	Picture	33	4042056	0	2	3167	3	0	3000	miss	0
JM	122	Picture	22	4078555	0	2	3167	3	0	3000	hit	220
JM	122	Response	1	4084169	5614	2
JM	123	Picture	33	4107388	0	1	3167	2	0	3000	miss	0
JM	124	Picture	22	4147220	0	1	3167	2	0	3000	hit	223
JM	124	Response	1	4153388	6168	1
JM	125	Picture	22	4180219	0	2	3167	3	0	3000	hit	225
JM	125	Response	1	4185888	5669	1
JM	126	Picture	22	4212052	0	1	3166	3	0	3000	hit	227
JM	126	Response	1	4217606	5554	1
JM	127	Picture	22	4246718	0	1	3166	2	0	3000	hit	229
JM	127	Response	1	4251981	5263	1
JM	128	Picture	22	4283383	0	1	3167	2	0	3000	hit	231
JM	128	Response	1	4289949	6566	1
JM	129	Picture	33	4319882	0	1	3167	2	0	3000	miss	0
JM	130	Picture	22	4352381	0	2	3167	3	0	3000	hit	234
JM	130	Response	1	4359636	7255	1
JM	131	Picture	22	4388880	0	2	3167	3	0	3000	hit	236
JM	131	Response	1	4395261	6381	1
JM	132	Picture	22	4419546	0	1	3167	2	0	3000	hit	238
JM	132	Response	1	4430105	10559	1
JM	133	Picture	33	4448212	0	1	3167	2	0	3000	miss	0
JM	134	Picture	22	4487544	0	2	3167	3	0	3000	hit	241
JM	134	Response	1	4494323	6779	1
JM	135	Picture	22	4523543	0	2	3167	3	0	3000	hit	243
JM	135	Response	1	4528385	4842	1
JM	136	Picture	22	4555043	0	1	3166	2	0	3000	hit	245
JM	136	Response	1	4563697	8654	1
JM	137	Picture	33	4584709	0	1	3166	2	0	3000	miss	0
JM	138	Picture	22	4617208	0	1	3166	2	0	3000	hit	248
JM	138	Response	1	4623697	6489	2
JM	139	Picture	22	4651873	0	1	3167	2	0	3000	hit	250
JM	139	Response	1	4660259	8386	1
JM	140	Picture	22	4686539	0	1	3167	2	0	3000	hit	252
JM	140	Response	1	4691509	4970	2
JM	141	Picture	33	4715038	0	1	3167	2	0	3000	miss	0
JM	142	Picture	22	4745371	0	1	3166	2	0	3000	hit	255
JM	142	Response	1	4751040	5669	1
JM	143	Picture	22	4785036	0	2	3167	3	0	3000	hit	257
JM	143	Response	1	4790415	5379	1
JM	144	Picture	22	4814702	0	1	3167	2	0	3000	hit	259
JM	144	Response	1	4820883	6181	1
JM	145	Picture	22	4848701	0	1	3167	2	0	3000	hit	261
JM	145	Response	1	4853383	4682	1
JM	146	Picture	22	4883867	0	1	3167	2	0	3000	hit	263
JM	146	Response	1	4890258	6391	1
JM	147	Picture	33	4918700	0	1	3166	2	0	3000	miss	0
JM	148	Picture	22	4951699	0	1	3166	2	0	3000	hit	266
JM	148	Response	1	4961038	9339	2
JM	149	Picture	33	4982531	0	1	3167	2	0	3000	miss	0
JM	150	Picture	22	5011030	0	1	3167	2	0	3000	hit	269
JM	150	Response	1	5018226	7196	1
JM	151	Picture	22	5043363	0	1	3166	2	0	3000	hit	271
JM	151	Response	1	5049006	5643	2
JM	152	Picture	22	5081528	0	2	3167	3	0	3000	hit	273
JM	152	Response	1	5087131	5603	1
JM	153	Picture	22	5118694	0	1	3167	2	0	3000	hit	275
JM	153	Response	1	5123381	4687	1
JM	154	Picture	22	5154860	0	1	3166	2	0	3000	hit	277
JM	154	Response	1	5162912	8052	1
JM	155	Picture	33	5183026	0	1	3166	2	0	3000	miss	0
JM	156	Response	1	6189624	967599	1
JM	158	Picture	22	6199832	0	1	3166	2	0	3000	hit	281
JM	158	Response	1	6206342	6510	2
JM	159	Picture	22	6238997	0	1	3167	2	0	3000	hit	283
JM	159	Response	1	6243686	4689	1
JM	160	Picture	22	6273663	0	1	3167	2	0	3000	hit	285
JM	160	Response	1	6277748	4085	1
JM	161	Picture	33	6308162	0	1	3167	2	0	3000	miss	0
JM	162	Picture	22	6336828	0	1	3167	2	0	3000	hit	288
JM	162	Response	1	6344466	7638	2
JM	163	Picture	22	6368827	0	1	3167	2	0	3000	hit	290
JM	163	Response	1	6375403	6576	2
JM	164	Picture	22	6405659	0	1	3167	2	0	3000	hit	292
JM	164	Response	1	6411185	5526	1
JM	165	Picture	22	6444992	0	1	3166	2	0	3000	hit	294
JM	165	Response	1	6450559	5567	2
JM	166	Picture	22	6484157	0	1	3167	2	0	3000	hit	296
JM	166	Response	1	6490090	5933	1
JM	167	Picture	33	6523490	0	1	3166	2	0	3000	miss	0
JM	168	Picture	22	6559489	0	1	3166	2	0	3000	hit	299
JM	168	Response	1	6567434	7945	1
JM	169	Picture	22	6595488	0	1	3166	2	0	3000	hit	301
JM	169	Response	1	6600089	4601	1
JM	170	Picture	22	6627820	0	1	3167	2	0	3000	hit	303
JM	170	Response	1	6632277	4457	1
JM	171	Picture	33	6660986	0	1	3166	2	0	3000	hit	305
JM	171	Response	1	6665089	4103	1
JM	172	Picture	22	6699318	0	1	3167	2	0	3000	hit	307
JM	172	Response	1	6705245	5927	1
JM	173	Picture	22	6738150	0	2	3167	3	0	3000	hit	309
JM	173	Response	1	6743682	5532	1
JM	174	Picture	22	6776149	0	2	3167	3	0	3000	hit	311
JM	174	Response	1	6782119	5970	1
JM	175	Picture	22	6807482	0	1	3166	3	0	3000	hit	313
JM	175	Response	1	6813838	6356	1
JM	176	Picture	22	6847147	0	2	3167	3	0	3000	hit	315
JM	176	Response	1	6853213	6066	1
JM	177	Picture	33	6880813	0	1	3167	2	0	3000	hit	317
JM	177	Response	1	6884150	3337	1
JM	178	Picture	22	6920312	0	1	3167	2	0	3000	hit	319
JM	178	Response	1	6926650	6338	1
JM	179	Picture	22	6949311	0	2	3167	3	0	3000	hit	321
JM	179	Response	1	6954306	4995	1
JM	180	Picture	22	6983144	0	1	3166	2	0	3000	hit	323
JM	180	Response	1	6989305	6161	2
JM	181	Picture	22	7020309	0	2	3167	3	0	3000	hit	325
JM	181	Response	1	7028368	8059	1
JM	182	Picture	22	7049309	0	1	3166	2	0	3000	hit	327
JM	182	Response	1	7057742	8433	2
JM	183	Picture	33	7082141	0	1	3167	2	0	3000	miss	0
JM	184	Picture	22	7117307	0	1	3166	3	0	3000	hit	330
JM	184	Response	1	7122742	5435	1
JM	185	Picture	22	7155473	0	1	3166	2	0	3000	hit	332
JM	185	Response	1	7164773	9300	1
JM	186	Picture	22	7189805	0	1	3167	2	0	3000	hit	334
JM	186	Response	1	7195867	6062	1
JM	187	Picture	33	7218471	0	1	3166	2	0	3000	miss	0
JM	188	Picture	22	7251970	0	1	3167	2	0	3000	hit	337
JM	188	Response	1	7258210	6240	1
JM	189	Picture	22	7285802	0	1	3167	2	0	3000	hit	339
JM	189	Response	1	7290241	4439	1
JM	190	Picture	22	7317968	0	1	3167	2	0	3000	hit	341
JM	190	Response	1	7323835	5867	1
JM	191	Picture	33	7349301	0	1	3166	2	0	3000	miss	0
JM	192	Picture	22	7381466	0	2	3167	3	0	3000	hit	344
JM	192	Response	1	7386959	5493	1
JM	193	Picture	22	7410299	0	1	3167	2	0	3000	hit	346
JM	193	Response	1	7419459	9160	1
JM	194	Picture	22	7438798	0	1	3167	2	0	3000	hit	348
JM	194	Response	1	7446021	7223	1
JM	195	Picture	22	7467964	0	1	3167	2	0	3000	hit	350
JM	195	Response	1	7474146	6182	1
JM	196	Picture	22	7503963	0	1	3167	2	0	3000	hit	352
JM	196	Response	1	7509146	5183	1
JM	197	Picture	33	7540962	0	1	3167	2	0	3000	miss	0
JM	198	Picture	22	7574961	0	1	3167	2	0	3000	hit	355
JM	198	Response	1	7579926	4965	1
JM	199	Picture	22	7605294	0	1	3166	2	0	3000	hit	357
JM	199	Response	1	7610712	5418	1
JM	200	Picture	22	7638293	0	1	3166	2	0	3000	hit	359
JM	200	Response	1	7644926	6633	1
JM	201	Picture	33	7672125	0	1	3167	2	0	3000	miss	0
JM	202	Picture	22	7704624	0	1	3167	2	0	3000	hit	362
JM	202	Response	1	7711488	6864	1
JM	203	Picture	22	7735790	0	1	3167	2	0	3000	hit	364
JM	203	Response	1	7745238	9448	1
JM	204	Picture	22	7768123	0	1	3166	2	0	3000	hit	366
JM	204	Response	1	7773675	5552	1
JM	205	Picture	33	7798122	0	1	3166	3	0	3000	miss	0
JM	206	Picture	22	7836454	0	1	3167	2	0	3000	hit	369
JM	206	Response	1	7843674	7220	2
JM	207	Picture	22	7869287	0	1	3166	2	0	3000	hit	371
JM	207	Response	1	7877112	7825	1
JM	208	Picture	22	7902286	0	1	3166	2	0	3000	hit	373
JM	208	Response	1	7910080	7794	1
JM	209	Picture	22	7938618	0	1	3167	2	0	3000	miss	0
JM	210	Picture	22	7970784	0	1	3166	3	0	3000	miss	0
JM	211	Picture	33	7999950	0	1	3166	2	0	3000	miss	0
JM	212	Picture	22	8038615	0	1	3167	2	0	3000	hit	378
JM	212	Response	1	8045235	6620	2
JM	213	Picture	22	8074281	0	1	3167	2	0	3000	hit	380
JM	213	Response	1	8085235	10954	1
JM	214	Picture	22	8106780	0	1	3167	2	0	3000	hit	382
JM	214	Response	1	8117110	10330	1
JM	215	Picture	22	8139279	0	1	3167	2	0	3000	hit	384
JM	215	Response	1	8146797	7518	1
JM	216	Picture	22	8178112	0	1	3166	2	0	3000	hit	386
JM	216	Response	1	8182735	4623	1
JM	217	Picture	22	8208944	0	1	3167	2	0	3000	hit	388
JM	217	Response	1	8212890	3946	1
JM	218	Picture	22	8241277	0	1	3166	2	0	3000	hit	390
JM	218	Response	1	8246531	5254	1
JM	219	Picture	33	8273276	0	1	3166	2	0	3000	miss	0
JM	220	Picture	22	8309108	0	1	3167	2	0	3000	hit	393
JM	220	Response	1	8314765	5657	1
JM	221	Picture	22	8339274	0	1	3167	2	0	3000	hit	395
JM	221	Response	1	8347890	8616	1
JM	222	Picture	22	8375273	0	1	3167	2	0	3000	hit	397
JM	222	Response	1	8381014	5741	2
JM	223	Picture	22	8409939	0	1	3166	2	0	3000	hit	399
JM	223	Response	1	8416327	6388	1
JM	224	Picture	22	8441605	0	1	3166	2	0	3000	hit	401
JM	224	Response	1	8451639	10034	1
JM	225	Picture	33	8477437	0	1	3166	3	0	3000	miss	0
JM	226	Picture	22	8516103	0	1	3166	2	0	3000	hit	404
JM	226	Response	1	8521795	5692	1
JM	227	Picture	22	8547102	0	1	3166	2	0	3000	hit	406
JM	227	Response	1	8555857	8755	1
JM	228	Picture	22	8578101	0	1	3166	2	0	3000	hit	408
JM	228	Response	1	8582888	4787	1
JM	229	Picture	22	8610767	0	1	3166	2	0	3000	hit	410
JM	229	Response	1	8617263	6496	1
JM	230	Picture	22	8647099	0	1	3167	2	0	3000	hit	412
JM	230	Response	1	8655856	8757	2
JM	231	Picture	33	8677765	0	1	3166	2	0	3000	miss	0
JM	232	Picture	22	8710431	0	1	3166	2	0	3000	hit	415
JM	232	Response	1	8714762	4331	1
JM	233	Picture	33	8746763	0	1	3167	2	0	3000	miss	0
JM	234	Picture	22	8776429	0	1	3166	2	0	3000	hit	418
JM	234	Response	1	8782418	5989	1
JM	235	Picture	22	8810428	0	1	3166	3	0	3000	hit	420
JM	235	Response	1	8819136	8708	1
JM	236	Picture	22	8850427	0	1	3166	2	0	3000	hit	422
JM	236	Response	1	8857261	6834	2
JM	237	Picture	33	8882759	0	1	3167	2	0	3000	miss	0
JM	238	Picture	22	8917758	0	1	3167	2	0	3000	hit	425
JM	238	Response	1	8922886	5128	1
JM	239	Picture	22	8951091	0	1	3166	2	0	3000	hit	427
JM	239	Response	1	8958667	7576	1
JM	240	Picture	22	8983757	0	1	3166	2	0	3000	hit	429
JM	240	Response	1	8988823	5066	1
JM	241	Picture	33	9015422	0	1	3167	2	0	3000	miss	0
JM	242	Picture	22	9047588	0	1	3167	2	0	3000	hit	432
JM	242	Response	1	9052416	4828	1
JM	243	Picture	22	9086254	0	1	3166	2	0	3000	hit	434
JM	243	Response	1	9097103	10849	2
JM	244	Picture	22	9124586	0	1	3167	2	0	3000	hit	436
JM	244	Response	1	9131165	6579	1
JM	245	Picture	33	9162252	0	1	3166	2	0	3000	miss	0
JM	246	Picture	22	9195584	0	1	3167	2	0	3000	miss	0
JM	247	Picture	22	9232083	0	1	3167	2	0	3000	hit	440
JM	247	Response	1	9238665	6582	1
JM	248	Picture	22	9262082	0	1	3167	2	0	3000	hit	442
JM	248	Response	1	9266164	4082	2
JM	249	Picture	33	9299248	0	1	3167	2	0	3000	miss	0
JM	250	Picture	22	9329581	0	1	3166	2	0	3000	hit	445
JM	250	Response	1	9336008	6427	1
JM	251	Picture	22	9357913	0	1	3167	2	0	3000	hit	447
JM	251	Response	1	9364289	6376	1
JM	252	Picture	22	9392746	0	1	3166	2	0	3000	hit	449
JM	252	Response	1	9397257	4511	1
JM	253	Picture	33	9426078	0	1	3167	2	0	3000	miss	0
JM	254	Picture	22	9462244	0	1	3166	2	0	3000	hit	452
JM	254	Response	1	9467100	4856	2
JM	255	Picture	22	9502243	0	1	3166	2	0	3000	hit	454
JM	255	Response	1	9508663	6420	1
JM	256	Picture	22	9535575	0	1	3167	2	0	3000	hit	456
JM	256	Response	1	9543662	8087	2
JM	257	Picture	22	9566574	0	1	3167	2	0	3000	hit	458
JM	257	Response	1	9571944	5370	1
JM	258	Picture	22	9604906	0	2	3167	3	0	3000	hit	460
JM	258	Response	1	9611787	6881	1
JM	259	Picture	33	9635072	0	1	3167	2	0	3000	miss	0
JM	260	Picture	22	9674571	0	1	3167	2	0	3000	hit	463
JM	260	Response	1	9680380	5809	2
JM	261	Picture	22	9714404	0	1	3166	2	0	3000	hit	465
JM	261	Response	1	9719286	4882	1
JM	262	Picture	22	9754069	0	1	3167	2	0	3000	hit	467
JM	262	Response	1	9759442	5373	1
JM	263	Picture	33	9784068	0	1	3167	2	0	3000	miss	0
JM	264	Picture	22	9815067	0	2	3167	3	0	3000	hit	470
JM	264	Response	1	9821004	5937	1
JM	265	Picture	22	9846567	0	1	3166	2	0	3000	hit	472
JM	265	Response	1	9851785	5218	1
JM	266	Picture	22	9885066	0	1	3166	2	0	3000	hit	474
JM	266	Response	1	9896785	11719	1
JM	267	Picture	33	9921731	0	1	3167	2	0	3000	miss	0
JM	268	Picture	22	9955730	0	1	3167	2	0	3000	hit	477
JM	268	Response	1	9961785	6055	1
JM	269	Picture	22	9991063	0	1	3166	2	0	3000	hit	479
JM	269	Response	1	9997543	6480	1
JM	270	Picture	22	10024729	0	1	3166	2	0	3000	hit	481
JM	270	Response	1	10029597	4868	1
JM	271	Picture	33	10054228	0	1	3166	2	0	3000	miss	0
JM	272	Picture	22	10093727	0	1	3166	2	0	3000	hit	484
JM	272	Response	1	10098346	4619	1
JM	273	Picture	33	10131726	0	1	3166	2	0	3000	miss	0
JM	274	Picture	22	10170058	0	1	3167	2	0	3000	hit	487
JM	274	Response	1	10176627	6569	1
JM	275	Picture	22	10204890	0	1	3167	2	0	3000	hit	489
JM	275	Response	1	10210220	5330	1
JM	276	Picture	22	10238723	0	1	3166	2	0	3000	hit	491
JM	276	Response	1	10246474	7751	1
JM	277	Picture	22	10272888	0	2	3167	3	0	3000	hit	493
JM	277	Response	1	10278657	5769	1
JM	278	Picture	22	10302888	0	1	3166	2	0	3000	hit	495
JM	278	Response	1	10308032	5144	1
JM	279	Picture	22	10335053	0	2	3167	3	0	3000	hit	497
JM	279	Response	1	10339282	4229	1
JM	280	Picture	22	10373719	0	1	3167	2	0	3000	hit	499
JM	280	Response	1	10377875	4156	1
JM	281	Picture	33	10402718	0	1	3167	2	0	3000	miss	0
JM	282	Picture	22	10442551	0	1	3166	2	0	3000	hit	502
JM	282	Response	1	10447875	5324	1
JM	283	Picture	22	10479716	0	1	3167	2	0	3000	hit	504
JM	283	Response	1	10487406	7690	1
JM	284	Picture	22	10512715	0	1	3167	2	0	3000	hit	506
JM	284	Response	1	10519124	6409	1
JM	285	Picture	22	10546881	0	1	3167	2	0	3000	hit	508
JM	285	Response	1	10552093	5212	1
JM	286	Picture	22	10576047	0	1	3167	2	0	3000	hit	510
JM	286	Response	1	10583343	7296	1
JM	287	Picture	33	10613546	0	1	3167	2	0	3000	miss	0
JM	288	Picture	22	10652045	0	1	3167	2	0	3000	hit	513
JM	288	Response	1	10660998	8953	2
JM	289	Picture	22	10684711	0	1	3166	2	0	3000	hit	515
JM	289	Response	1	10694123	9412	1
JM	290	Picture	22	10717543	0	1	3167	2	0	3000	hit	517
JM	290	Response	1	10724571	7028	2
JM	291	Picture	33	10746376	0	1	3166	2	0	3000	miss	0
JM	292	Picture	22	10781041	0	2	3167	3	0	3000	hit	520
JM	292	Response	1	10787404	6363	1
JM	293	Picture	22	10820374	0	1	3166	2	0	3000	hit	522
JM	293	Response	1	10827560	7186	1
JM	294	Picture	22	10858206	0	1	3167	2	0	3000	hit	524
JM	294	Response	1	10863809	5603	2
JM	295	Picture	22	10898038	0	1	3167	2	0	3000	hit	526
JM	295	Response	1	10905059	7021	1
JM	296	Picture	22	10937204	0	1	3166	3	0	3000	hit	528
JM	296	Response	1	10944434	7230	1
JM	297	Picture	33	10971536	0	1	3167	2	0	3000	miss	0
JM	298	Picture	22	11007369	0	1	3166	2	0	3000	hit	531
JM	298	Response	1	11012246	4877	1
JM	299	Picture	33	11044868	0	1	3166	2	0	3000	miss	0
JM	300	Picture	22	11083533	0	1	3167	2	0	3000	hit	534
JM	300	Response	1	11088808	5275	1
JM	301	Picture	22	11123199	0	1	3166	3	0	3000	hit	536
JM	301	Response	1	11131308	8109	1
JM	302	Picture	22	11161865	0	1	3166	2	0	3000	hit	538
JM	302	Response	1	11168964	7099	1
JM	303	Picture	22	11192864	0	1	3166	2	0	3000	hit	540
JM	303	Response	1	11199432	6568	1
JM	304	Picture	22	11224196	0	1	3167	2	0	3000	hit	542
JM	304	Response	1	11230688	6492	1
JM	305	Picture	33	11256195	0	1	3167	2	0	3000	miss	0


Event Type	Code	Type	Response	RT	RT Uncertainty	Time	Uncertainty	Duration	Uncertainty	ReqTime	ReqDur

Picture	22	hit	1	9647	2	332	1	3167	2	0	3000
Picture	22	hit	1	5981	2	31498	1	3167	2	0	3000
Picture	22	hit	1	5627	2	64664	1	3167	2	0	3000
Picture	22	hit	1	5336	2	101830	1	3166	2	0	3000
Picture	22	hit	1	5566	2	140662	1	3166	3	0	3000
Picture	22	hit	1	6015	2	175994	1	3167	2	0	3000
Picture	22	hit	1	7786	2	205160	1	3167	2	0	3000
Picture	33	miss				233326	1	3167	2	0	3000
Picture	22	hit	1	5006	4	267158	2	3167	3	0	3000
Picture	22	hit	1	9642	2	297991	1	3167	2	0	3000
Picture	22	hit	1	7955	2	334990	1	3167	2	0	3000
Picture	33	miss				363323	1	3166	2	0	3000
Picture	22	hit	1	7227	3	401655	1	3166	2	0	3000
Picture	22	hit	1	8280	2	432321	1	3166	2	0	3000
Picture	22	hit	1	5999	2	471320	1	3166	2	0	3000
Picture	33	miss				508819	1	3166	2	0	3000
Picture	22	hit	1	5918	2	547651	1	3166	2	0	3000
Picture	22	hit	1	7492	2	577483	1	3167	2	0	3000
Picture	22	hit	1	6835	3	607983	1	3166	2	0	3000
Picture	33	miss				647648	1	3167	2	0	3000
Picture	22	hit	1	18598	2	684814	1	3166	2	0	3000
Picture	22	hit	1	9150	3	715980	1	3166	2	0	3000
Picture	22	hit	1	9151	2	745979	1	3166	2	0	3000
Picture	33	miss				780811	1	3167	2	0	3000
Picture	22	hit	1	15101	2	820810	1	3167	2	0	3000
Picture	33	miss				859476	1	3166	2	0	3000
Picture	22	hit	1	9748	2	893975	1	3166	2	0	3000
Picture	22	hit	1	5353	2	926807	1	3167	2	0	3000
Picture	22	hit	1	8437	2	959973	1	3167	2	0	3000
Picture	33	miss				992472	1	3167	2	0	3000
Picture	22	hit	1	5313	3	1022471	1	3167	2	0	3000
Picture	22	hit	1	11813	2	1050971	1	3166	2	0	3000
Picture	22	hit	1	9429	3	1081636	2	3167	3	0	3000
Picture	22	hit	1	6763	2	1111802	1	3167	2	0	3000
Picture	22	hit	1	5514	2	1144301	1	3167	2	0	3000
Picture	22	hit	1	6274	2	1182134	1	3166	2	0	3000
Picture	22	hit	1	6380	2	1220466	1	3167	2	0	3000
Picture	33	miss				1250632	1	3166	2	0	3000
Picture	22	hit	1	7642	3	1290297	2	3167	3	0	3000
Picture	22	hit	1	4549	3	1324796	2	3167	3	0	3000
Picture	22	hit	1	8247	2	1353129	1	3167	2	0	3000
Picture	22	hit	1	5049	2	1386795	1	3166	2	0	3000
Picture	22	hit	1	5831	2	1421794	1	3166	3	0	3000
Picture	22	hit	1	4582	2	1454293	1	3167	2	0	3000
Picture	22	hit	1	5113	2	1483126	1	3166	2	0	3000
Picture	33	hit	1	7917	2	1513458	1	3167	2	0	3000
Picture	22	hit	1	6407	2	1550124	1	3166	2	0	3000
Picture	22	hit	1	5782	3	1590123	1	3166	2	0	3000
Picture	22	hit	1	7419	2	1618955	1	3167	2	0	3000
Picture	22	hit	1	8378	2	1651121	1	3167	2	0	3000
Picture	22	hit	1	6483	2	1686453	1	3167	2	0	3000
Picture	22	hit	1	9848	2	1720119	1	3167	2	0	3000
Picture	22	hit	1	5744	2	1753285	1	3167	2	0	3000
Picture	33	miss				1785451	1	3166	2	0	3000
Picture	22	hit	1	5225	2	1824116	1	3167	2	0	3000
Picture	22	hit	1	4637	3	1856115	2	3167	3	0	3000
Picture	22	hit	1	7320	2	1885615	1	3166	2	0	3000
Picture	22	hit	1	6883	2	1915114	1	3166	3	0	3000
Picture	22	hit	1	5645	2	1944946	1	3167	2	0	3000
Picture	33	miss				1984112	1	3167	2	0	3000
Picture	22	hit	1	6073	2	2018111	1	3167	2	0	3000
Picture	22	hit	1	8521	2	2051444	1	3166	2	0	3000
Picture	22	hit	1	5532	3	2084276	1	3167	2	0	3000
Picture	33	miss				2118275	1	3167	2	0	3000
Picture	22	hit	1	6576	2	2157607	1	3167	2	0	3000
Picture	22	hit	1	8097	2	2195773	1	3167	2	0	3000
Picture	22	hit	1	7962	2	2235439	1	3166	2	0	3000
Picture	22	hit	1	5432	2	2270938	1	3166	2	0	3000
Picture	22	hit	1	7901	2	2306437	1	3166	2	0	3000
Picture	33	miss				2339602	2	3167	3	0	3000
Picture	22	hit	1	4393	3	2375101	2	3167	3	0	3000
Picture	22	hit	1	5560	2	2403934	1	3167	2	0	3000
Picture	22	hit	1	5509	2	2442266	1	3167	2	0	3000
Picture	22	hit	1	5061	2	2481932	1	3166	3	0	3000
Picture	22	hit	1	5749	2	2513431	1	3167	2	0	3000
Picture	33	miss				2549597	1	3166	2	0	3000
Picture	22	hit	1	8104	3	2583263	1	3166	2	0	3000
Picture	22	hit	1	6044	3	2621261	2	3167	3	0	3000
Picture	22	hit	1	6867	2	2653094	1	3167	2	0	3000
Picture	22	hit	1	4711	3	2690093	1	3167	2	0	3000
Picture	22	hit	1	5931	2	2725592	1	3167	2	0	3000
Picture	22	hit	1	9889	2	2759758	1	3166	2	0	3000
Picture	22	hit	1	7984	3	2797757	1	3166	2	0	3000
Picture	33	miss				2836756	1	3166	2	0	3000
Picture	22	hit	1	6757	3	2869921	2	3167	3	0	3000
Picture	33	miss				2899754	1	3167	2	0	3000
Picture	22	hit	1	4914	2	2936920	1	3166	2	0	3000
Picture	33	miss				2970419	1	3166	2	0	3000
Picture	22	hit	1	5363	3	3002251	1	3167	2	0	3000
Picture	22	hit	1	6874	2	3033084	1	3166	2	0	3000
Picture	22	hit	1	6396	2	3073249	1	3167	2	0	3000
Picture	33	miss				3101582	1	3166	2	0	3000
Picture	22	hit	1	7494	2	3133248	1	3166	2	0	3000
Picture	22	hit	1	7513	3	3165413	2	3167	3	0	3000
Picture	22	hit	1	7753	2	3199079	1	3167	2	0	3000
Picture	22	hit	1	5785	2	3235578	1	3167	2	0	3000
Picture	22	hit	1	5331	2	3265411	1	3166	2	0	3000
Picture	33	miss				3297243	1	3167	2	0	3000
Picture	22	hit	1	7599	2	3326576	1	3166	2	0	3000
Picture	22	hit	1	9027	3	3363741	2	3167	3	0	3000
Picture	22	hit	1	7788	2	3396074	1	3166	3	0	3000
Picture	22	hit	1	8008	2	3430073	1	3167	2	0	3000
Picture	22	hit	1	11383	2	3458572	1	3167	2	0	3000
Picture	33	miss				3494738	1	3166	3	0	3000
Picture	22	hit	1	5374	2	3529737	1	3167	2	0	3000
Picture	22	hit	1	7676	2	3557903	1	3166	2	0	3000
Picture	22	hit	1	5980	3	3597568	2	3167	3	0	3000
Picture	33	miss				3635401	1	3166	2	0	3000
Picture	22	hit	1	5678	3	3672400	1	3166	2	0	3000
Picture	22	hit	1	5825	2	3705066	1	3166	2	0	3000
Picture	22	hit	1	6160	2	3737231	1	3167	2	0	3000
Picture	22	hit	1	6545	2	3776064	1	3166	2	0	3000
Picture	22	hit	1	6525	2	3806396	1	3167	2	0	3000
Picture	22	hit	1	7765	2	3836562	1	3167	2	0	3000
Picture	22	hit	1	8735	2	3873561	1	3167	2	0	3000
Picture	33	miss				3912727	1	3166	2	0	3000
Picture	22	hit	1	4955	2	3949059	1	3167	2	0	3000
Picture	22	hit	1	9956	2	3981558	1	3167	2	0	3000
Picture	22	hit	1	5863	2	4012057	1	3167	2	0	3000
Picture	33	miss				4042056	2	3167	3	0	3000
Picture	22	hit	1	5614	4	4078555	2	3167	3	0	3000
Picture	33	miss				4107388	1	3167	2	0	3000
Picture	22	hit	1	6168	2	4147220	1	3167	2	0	3000
Picture	22	hit	1	5669	3	4180219	2	3167	3	0	3000
Picture	22	hit	1	5554	2	4212052	1	3166	3	0	3000
Picture	22	hit	1	5263	2	4246718	1	3166	2	0	3000
Picture	22	hit	1	6566	2	4283383	1	3167	2	0	3000
Picture	33	miss				4319882	1	3167	2	0	3000
Picture	22	hit	1	7255	3	4352381	2	3167	3	0	3000
Picture	22	hit	1	6381	3	4388880	2	3167	3	0	3000
Picture	22	hit	1	10559	2	4419546	1	3167	2	0	3000
Picture	33	miss				4448212	1	3167	2	0	3000
Picture	22	hit	1	6779	3	4487544	2	3167	3	0	3000
Picture	22	hit	1	4842	3	4523543	2	3167	3	0	3000
Picture	22	hit	1	8654	2	4555043	1	3166	2	0	3000
Picture	33	miss				4584709	1	3166	2	0	3000
Picture	22	hit	1	6489	3	4617208	1	3166	2	0	3000
Picture	22	hit	1	8386	2	4651873	1	3167	2	0	3000
Picture	22	hit	1	4970	3	4686539	1	3167	2	0	3000
Picture	33	miss				4715038	1	3167	2	0	3000
Picture	22	hit	1	5669	2	4745371	1	3166	2	0	3000
Picture	22	hit	1	5379	3	4785036	2	3167	3	0	3000
Picture	22	hit	1	6181	2	4814702	1	3167	2	0	3000
Picture	22	hit	1	4682	2	4848701	1	3167	2	0	3000
Picture	22	hit	1	6391	2	4883867	1	3167	2	0	3000
Picture	33	miss				4918700	1	3166	2	0	3000
Picture	22	hit	1	9339	3	4951699	1	3166	2	0	3000
Picture	33	miss				4982531	1	3167	2	0	3000
Picture	22	hit	1	7196	2	5011030	1	3167	2	0	3000
Picture	22	hit	1	5643	3	5043363	1	3166	2	0	3000
Picture	22	hit	1	5603	3	5081528	2	3167	3	0	3000
Picture	22	hit	1	4687	2	5118694	1	3167	2	0	3000
Picture	22	hit	1	8052	2	5154860	1	3166	2	0	3000
Picture	33	miss				5183026	1	3166	2	0	3000
Picture	22	hit	1	6510	3	6199832	1	3166	2	0	3000
Picture	22	hit	1	4689	2	6238997	1	3167	2	0	3000
Picture	22	hit	1	4085	2	6273663	1	3167	2	0	3000
Picture	33	miss				6308162	1	3167	2	0	3000
Picture	22	hit	1	7638	3	6336828	1	3167	2	0	3000
Picture	22	hit	1	6576	3	6368827	1	3167	2	0	3000
Picture	22	hit	1	5526	2	6405659	1	3167	2	0	3000
Picture	22	hit	1	5567	3	6444992	1	3166	2	0	3000
Picture	22	hit	1	5933	2	6484157	1	3167	2	0	3000
Picture	33	miss				6523490	1	3166	2	0	3000
Picture	22	hit	1	7945	2	6559489	1	3166	2	0	3000
Picture	22	hit	1	4601	2	6595488	1	3166	2	0	3000
Picture	22	hit	1	4457	2	6627820	1	3167	2	0	3000
Picture	33	hit	1	4103	2	6660986	1	3166	2	0	3000
Picture	22	hit	1	5927	2	6699318	1	3167	2	0	3000
Picture	22	hit	1	5532	3	6738150	2	3167	3	0	3000
Picture	22	hit	1	5970	3	6776149	2	3167	3	0	3000
Picture	22	hit	1	6356	2	6807482	1	3166	3	0	3000
Picture	22	hit	1	6066	3	6847147	2	3167	3	0	3000
Picture	33	hit	1	3337	2	6880813	1	3167	2	0	3000
Picture	22	hit	1	6338	2	6920312	1	3167	2	0	3000
Picture	22	hit	1	4995	3	6949311	2	3167	3	0	3000
Picture	22	hit	1	6161	3	6983144	1	3166	2	0	3000
Picture	22	hit	1	8059	3	7020309	2	3167	3	0	3000
Picture	22	hit	1	8433	3	7049309	1	3166	2	0	3000
Picture	33	miss				7082141	1	3167	2	0	3000
Picture	22	hit	1	5435	2	7117307	1	3166	3	0	3000
Picture	22	hit	1	9300	2	7155473	1	3166	2	0	3000
Picture	22	hit	1	6062	2	7189805	1	3167	2	0	3000
Picture	33	miss				7218471	1	3166	2	0	3000
Picture	22	hit	1	6240	2	7251970	1	3167	2	0	3000
Picture	22	hit	1	4439	2	7285802	1	3167	2	0	3000
Picture	22	hit	1	5867	2	7317968	1	3167	2	0	3000
Picture	33	miss				7349301	1	3166	2	0	3000
Picture	22	hit	1	5493	3	7381466	2	3167	3	0	3000
Picture	22	hit	1	9160	2	7410299	1	3167	2	0	3000
Picture	22	hit	1	7223	2	7438798	1	3167	2	0	3000
Picture	22	hit	1	6182	2	7467964	1	3167	2	0	3000
Picture	22	hit	1	5183	2	7503963	1	3167	2	0	3000
Picture	33	miss				7540962	1	3167	2	0	3000
Picture	22	hit	1	4965	2	7574961	1	3167	2	0	3000
Picture	22	hit	1	5418	2	7605294	1	3166	2	0	3000
Picture	22	hit	1	6633	2	7638293	1	3166	2	0	3000
Picture	33	miss				7672125	1	3167	2	0	3000
Picture	22	hit	1	6864	2	7704624	1	3167	2	0	3000
Picture	22	hit	1	9448	2	7735790	1	3167	2	0	3000
Picture	22	hit	1	5552	2	7768123	1	3166	2	0	3000
Picture	33	miss				7798122	1	3166	3	0	3000
Picture	22	hit	1	7220	3	7836454	1	3167	2	0	3000
Picture	22	hit	1	7825	2	7869287	1	3166	2	0	3000
Picture	22	hit	1	7794	2	7902286	1	3166	2	0	3000
Picture	22	miss				7938618	1	3167	2	0	3000
Picture	22	miss				7970784	1	3166	3	0	3000
Picture	33	miss				7999950	1	3166	2	0	3000
Picture	22	hit	1	6620	3	8038615	1	3167	2	0	3000
Picture	22	hit	1	10954	2	8074281	1	3167	2	0	3000
Picture	22	hit	1	10330	2	8106780	1	3167	2	0	3000
Picture	22	hit	1	7518	2	8139279	1	3167	2	0	3000
Picture	22	hit	1	4623	2	8178112	1	3166	2	0	3000
Picture	22	hit	1	3946	2	8208944	1	3167	2	0	3000
Picture	22	hit	1	5254	2	8241277	1	3166	2	0	3000
Picture	33	miss				8273276	1	3166	2	0	3000
Picture	22	hit	1	5657	2	8309108	1	3167	2	0	3000
Picture	22	hit	1	8616	2	8339274	1	3167	2	0	3000
Picture	22	hit	1	5741	3	8375273	1	3167	2	0	3000
Picture	22	hit	1	6388	2	8409939	1	3166	2	0	3000
Picture	22	hit	1	10034	2	8441605	1	3166	2	0	3000
Picture	33	miss				8477437	1	3166	3	0	3000
Picture	22	hit	1	5692	2	8516103	1	3166	2	0	3000
Picture	22	hit	1	8755	2	8547102	1	3166	2	0	3000
Picture	22	hit	1	4787	2	8578101	1	3166	2	0	3000
Picture	22	hit	1	6496	2	8610767	1	3166	2	0	3000
Picture	22	hit	1	8757	3	8647099	1	3167	2	0	3000
Picture	33	miss				8677765	1	3166	2	0	3000
Picture	22	hit	1	4331	2	8710431	1	3166	2	0	3000
Picture	33	miss				8746763	1	3167	2	0	3000
Picture	22	hit	1	5989	2	8776429	1	3166	2	0	3000
Picture	22	hit	1	8708	2	8810428	1	3166	3	0	3000
Picture	22	hit	1	6834	3	8850427	1	3166	2	0	3000
Picture	33	miss				8882759	1	3167	2	0	3000
Picture	22	hit	1	5128	2	8917758	1	3167	2	0	3000
Picture	22	hit	1	7576	2	8951091	1	3166	2	0	3000
Picture	22	hit	1	5066	2	8983757	1	3166	2	0	3000
Picture	33	miss				9015422	1	3167	2	0	3000
Picture	22	hit	1	4828	2	9047588	1	3167	2	0	3000
Picture	22	hit	1	10849	3	9086254	1	3166	2	0	3000
Picture	22	hit	1	6579	2	9124586	1	3167	2	0	3000
Picture	33	miss				9162252	1	3166	2	0	3000
Picture	22	miss				9195584	1	3167	2	0	3000
Picture	22	hit	1	6582	2	9232083	1	3167	2	0	3000
Picture	22	hit	1	4082	3	9262082	1	3167	2	0	3000
Picture	33	miss				9299248	1	3167	2	0	3000
Picture	22	hit	1	6427	2	9329581	1	3166	2	0	3000
Picture	22	hit	1	6376	2	9357913	1	3167	2	0	3000
Picture	22	hit	1	4511	2	9392746	1	3166	2	0	3000
Picture	33	miss				9426078	1	3167	2	0	3000
Picture	22	hit	1	4856	3	9462244	1	3166	2	0	3000
Picture	22	hit	1	6420	2	9502243	1	3166	2	0	3000
Picture	22	hit	1	8087	3	9535575	1	3167	2	0	3000
Picture	22	hit	1	5370	2	9566574	1	3167	2	0	3000
Picture	22	hit	1	6881	3	9604906	2	3167	3	0	3000
Picture	33	miss				9635072	1	3167	2	0	3000
Picture	22	hit	1	5809	3	9674571	1	3167	2	0	3000
Picture	22	hit	1	4882	2	9714404	1	3166	2	0	3000
Picture	22	hit	1	5373	2	9754069	1	3167	2	0	3000
Picture	33	miss				9784068	1	3167	2	0	3000
Picture	22	hit	1	5937	3	9815067	2	3167	3	0	3000
Picture	22	hit	1	5218	2	9846567	1	3166	2	0	3000
Picture	22	hit	1	11719	2	9885066	1	3166	2	0	3000
Picture	33	miss				9921731	1	3167	2	0	3000
Picture	22	hit	1	6055	2	9955730	1	3167	2	0	3000
Picture	22	hit	1	6480	2	9991063	1	3166	2	0	3000
Picture	22	hit	1	4868	2	10024729	1	3166	2	0	3000
Picture	33	miss				10054228	1	3166	2	0	3000
Picture	22	hit	1	4619	2	10093727	1	3166	2	0	3000
Picture	33	miss				10131726	1	3166	2	0	3000
Picture	22	hit	1	6569	2	10170058	1	3167	2	0	3000
Picture	22	hit	1	5330	2	10204890	1	3167	2	0	3000
Picture	22	hit	1	7751	2	10238723	1	3166	2	0	3000
Picture	22	hit	1	5769	3	10272888	2	3167	3	0	3000
Picture	22	hit	1	5144	2	10302888	1	3166	2	0	3000
Picture	22	hit	1	4229	3	10335053	2	3167	3	0	3000
Picture	22	hit	1	4156	2	10373719	1	3167	2	0	3000
Picture	33	miss				10402718	1	3167	2	0	3000
Picture	22	hit	1	5324	2	10442551	1	3166	2	0	3000
Picture	22	hit	1	7690	2	10479716	1	3167	2	0	3000
Picture	22	hit	1	6409	2	10512715	1	3167	2	0	3000
Picture	22	hit	1	5212	2	10546881	1	3167	2	0	3000
Picture	22	hit	1	7296	2	10576047	1	3167	2	0	3000
Picture	33	miss				10613546	1	3167	2	0	3000
Picture	22	hit	1	8953	3	10652045	1	3167	2	0	3000
Picture	22	hit	1	9412	2	10684711	1	3166	2	0	3000
Picture	22	hit	1	7028	3	10717543	1	3167	2	0	3000
Picture	33	miss				10746376	1	3166	2	0	3000
Picture	22	hit	1	6363	3	10781041	2	3167	3	0	3000
Picture	22	hit	1	7186	2	10820374	1	3166	2	0	3000
Picture	22	hit	1	5603	3	10858206	1	3167	2	0	3000
Picture	22	hit	1	7021	2	10898038	1	3167	2	0	3000
Picture	22	hit	1	7230	2	10937204	1	3166	3	0	3000
Picture	33	miss				10971536	1	3167	2	0	3000
Picture	22	hit	1	4877	2	11007369	1	3166	2	0	3000
Picture	33	miss				11044868	1	3166	2	0	3000
Picture	22	hit	1	5275	2	11083533	1	3167	2	0	3000
Picture	22	hit	1	8109	2	11123199	1	3166	3	0	3000
Picture	22	hit	1	7099	2	11161865	1	3166	2	0	3000
Picture	22	hit	1	6568	2	11192864	1	3166	2	0	3000
Picture	22	hit	1	6492	2	11224196	1	3167	2	0	3000
Picture	33	miss				11256195	1	3167	2	0	3000
