Scenario - GO/NO-GO
Logfile written - 04/11/2011 14:42:18

Trial	Event Type	Code	Time	TTime	Uncertainty	Duration	Uncertainty	ReqTime	ReqDur

1	Picture	22	-9834	0	2	3154	3	0	3000
1	Response	1	-3423	6411	1
2	Picture	22	-1535	0	1	3152	2	0	3000
2	Response	1	1392	2927	1
3	Picture	22	7924	0	1	3153	3	0	3000
3	Response	1	10602	2678	2
4	Picture	22	16056	0	2	3154	3	0	3000
4	Response	1	18807	2751	1
5	Picture	22	26181	0	1	3153	2	0	3000
5	Response	1	29580	3399	2
6	Picture	22	34977	0	1	3153	3	0	3000
6	Response	1	37995	3018	1
7	Picture	22	43939	0	2	3154	3	0	3000
7	Response	1	46375	2436	1
8	Picture	33	52238	0	1	3153	2	0	3000
9	Picture	22	60868	0	2	3154	3	0	3000
9	Response	1	63430	2562	2
10	Picture	22	71324	0	2	3154	3	0	3000
10	Response	1	74145	2821	1
11	Picture	22	80453	0	1	3153	2	0	3000
11	Response	1	82910	2457	1
12	Picture	22	90577	0	1	3153	2	0	3000
12	Response	1	93443	2866	1
13	Picture	22	100369	0	1	3153	3	0	3000
13	Response	1	103268	2899	1
14	Picture	22	110825	0	1	3153	3	0	3000
14	Response	1	113538	2713	1
15	Picture	22	119621	0	2	3154	3	0	3000
15	Response	1	123041	3420	1
16	Picture	33	129580	0	1	3153	2	0	3000
17	Picture	22	138376	0	1	3153	3	0	3000
17	Response	1	140834	2458	1
18	Picture	22	146508	0	2	3154	3	0	3000
18	Response	1	149188	2680	1
19	Picture	22	155139	0	1	3153	2	0	3000
19	Response	1	157480	2341	2
20	Picture	22	164267	0	1	3154	2	0	3000
20	Response	1	166571	2304	1
21	Picture	22	172732	0	1	3153	2	0	3000
21	Response	1	175185	2453	2
22	Picture	22	183354	0	1	3153	2	0	3000
22	Response	1	186077	2723	1
23	Picture	22	192482	0	1	3154	2	0	3000
23	Response	1	195580	3098	1
24	Picture	33	203270	0	1	3154	2	0	3000
25	Picture	22	213726	0	1	3154	2	0	3000
25	Response	1	215821	2095	1
26	Picture	22	224514	0	1	3154	2	0	3000
26	Response	1	226359	1845	1
27	Picture	22	233809	0	1	3153	2	0	3000
27	Response	1	235920	2111	2
28	Picture	33	241941	0	1	3153	3	0	3000
28	Response	1	244420	2479	2
29	Picture	22	253061	0	1	3153	3	0	3000
29	Response	1	255509	2448	1
30	Picture	22	263019	0	1	3154	2	0	3000
30	Response	1	265391	2372	1
31	Picture	22	272645	0	2	3154	3	0	3000
31	Response	1	275394	2749	1
32	Picture	33	283101	0	2	3154	3	0	3000
33	Picture	22	291898	0	1	3153	2	0	3000
33	Response	1	294307	2409	1
34	Picture	22	302354	0	1	3153	2	0	3000
34	Response	1	304606	2252	1
35	Picture	22	311648	0	1	3154	2	0	3000
35	Response	1	313778	2130	1
36	Picture	33	321440	0	2	3154	3	0	3000
37	Picture	22	332394	0	2	3154	3	0	3000
37	Response	1	334636	2242	1
38	Picture	22	341523	0	1	3153	2	0	3000
38	Response	1	343608	2085	1
39	Picture	22	351481	0	1	3153	2	0	3000
39	Response	1	353878	2397	1
40	Picture	22	362435	0	1	3153	2	0	3000
40	Response	1	365414	2979	1
41	Picture	22	371231	0	1	3154	2	0	3000
41	Response	1	374178	2947	1
42	Picture	33	381853	0	2	3154	3	0	3000
43	Picture	22	390816	0	1	3153	2	0	3000
43	Response	1	392973	2157	2
44	Picture	22	401106	0	1	3153	2	0	3000
44	Response	1	403187	2081	1
45	Picture	22	410566	0	1	3153	3	0	3000
45	Response	1	412926	2360	1
46	Picture	33	420358	0	2	3154	3	0	3000
47	Picture	22	430814	0	2	3154	3	0	3000
47	Response	1	432842	2028	2
48	Picture	22	441270	0	2	3154	3	0	3000
48	Response	1	443437	2167	1
49	Picture	22	449735	0	1	3153	2	0	3000
49	Response	1	452608	2873	1
50	Picture	22	457867	0	2	3154	3	0	3000
50	Response	1	460786	2919	1
51	Picture	22	468323	0	2	3154	3	0	3000
51	Response	1	472200	3877	1
52	Picture	22	479111	0	2	3154	3	0	3000
52	Response	1	482294	3183	1
53	Picture	22	487576	0	1	3153	3	0	3000
53	Response	1	490671	3095	1
54	Picture	33	497036	0	1	3154	2	0	3000
55	Picture	22	506994	0	2	3154	3	0	3000
55	Response	1	509287	2293	2
56	Picture	22	516787	0	1	3153	2	0	3000
56	Response	1	518818	2031	1
57	Picture	22	527740	0	2	3154	3	0	3000
57	Response	1	529911	2171	1
58	Picture	22	538363	0	1	3153	2	0	3000
58	Response	1	540710	2347	1
59	Picture	22	548653	0	1	3153	2	0	3000
59	Response	1	552039	3386	1
60	Picture	33	558943	0	1	3153	2	0	3000
61	Picture	22	567905	0	1	3154	2	0	3000
61	Response	1	570272	2367	1
62	Picture	22	578527	0	1	3154	2	0	3000
62	Response	1	580748	2221	1
63	Picture	22	588817	0	2	3154	3	0	3000
63	Response	1	590898	2081	1
64	Picture	22	599937	0	2	3154	3	0	3000
64	Response	1	602078	2141	1
65	Picture	22	609066	0	1	3153	2	0	3000
65	Response	1	611640	2574	1
66	Picture	22	618194	0	1	3153	2	0	3000
66	Response	1	620549	2355	1
67	Picture	22	629148	0	1	3153	2	0	3000
67	Response	1	632469	3321	1
68	Picture	33	637944	0	1	3154	2	0	3000
69	Picture	22	646907	0	1	3153	2	0	3000
69	Response	1	649137	2230	1
70	Picture	22	656035	0	1	3153	3	0	3000
70	Response	1	658343	2308	1
71	Picture	22	664499	0	2	3154	3	0	3000
71	Response	1	666695	2196	1
72	Picture	22	673296	0	1	3153	2	0	3000
72	Response	1	675400	2104	1
73	Picture	22	682424	0	1	3154	2	0	3000
73	Response	1	684105	1681	1
74	Picture	33	693046	0	1	3154	2	0	3000
74	Response	1	695794	2748	1
75	Picture	22	701677	0	1	3153	2	0	3000
75	Response	1	704704	3027	2
76	Picture	22	712299	0	1	3153	2	0	3000
76	Response	1	714560	2261	1
77	Picture	22	722091	0	1	3153	2	0	3000
77	Response	1	724357	2266	2
78	Picture	22	731717	0	1	3153	3	0	3000
78	Response	1	734214	2497	1
79	Picture	22	741675	0	2	3154	3	0	3000
79	Response	1	744366	2691	2
80	Picture	33	752795	0	1	3154	2	0	3000
81	Picture	22	761426	0	1	3153	2	0	3000
81	Response	1	763986	2560	2
82	Picture	22	772380	0	1	3153	2	0	3000
82	Response	1	772457	77	2
83	Picture	22	781508	0	1	3153	3	0	3000
83	Response	1	783761	2253	1
84	Picture	33	790304	0	2	3154	3	0	3000
85	Picture	22	800926	0	2	3154	3	0	3000
85	Response	1	803378	2452	1
86	Picture	33	810719	0	1	3153	2	0	3000
86	Response	1	813056	2337	2
87	Picture	22	819349	0	1	3153	3	0	3000
87	Response	1	824352	5003	1
88	Picture	22	830137	0	1	3153	3	0	3000
88	Response	1	834527	4390	2
89	Picture	22	838601	0	2	3154	3	0	3000
89	Response	1	842550	3949	1
90	Picture	22	848726	0	1	3153	2	0	3000
90	Response	1	851786	3060	1
91	Picture	22	857024	0	1	3153	3	0	3000
91	Response	1	860284	3260	1
92	Picture	33	867978	0	1	3153	3	0	3000
93	Picture	22	878434	0	1	3154	2	0	3000
93	Response	1	880759	2325	1
94	Picture	22	888558	0	2	3154	3	0	3000
94	Response	1	890964	2406	2
95	Picture	22	898682	0	2	3154	3	0	3000
95	Response	1	901112	2430	1
96	Picture	22	906815	0	1	3153	2	0	3000
96	Response	1	911703	4888	1
97	Picture	22	916109	0	1	3154	2	0	3000
97	Response	1	919611	3502	2
98	Picture	22	927063	0	2	3154	3	0	3000
98	Response	1	931212	4149	1
99	Picture	22	935860	0	1	3153	2	0	3000
99	Response	1	939742	3882	1
100	Picture	33	945984	0	1	3153	2	0	3000
101	Picture	22	954780	0	1	3154	2	0	3000
101	Response	1	958683	3903	1
102	Picture	22	965402	0	1	3154	2	0	3000
102	Response	1	967980	2578	1
103	Picture	22	975526	0	2	3154	3	0	3000
103	Response	1	978660	3134	2
104	Picture	33	984323	0	1	3153	2	0	3000
105	Picture	22	993949	0	1	3153	2	0	3000
105	Response	1	996306	2357	2
106	Picture	22	1003243	0	1	3154	2	0	3000
106	Response	1	1005659	2416	1
107	Picture	22	1012537	0	2	3154	3	0	3000
107	Response	1	1015276	2739	1
108	Picture	22	1021334	0	1	3153	2	0	3000
108	Response	1	1024039	2705	1
109	Picture	22	1029798	0	2	3154	3	0	3000
109	Response	1	1032595	2797	2
110	Picture	33	1039922	0	2	3154	3	0	3000
111	Picture	22	1048553	0	1	3153	2	0	3000
111	Response	1	1050947	2394	1
112	Picture	22	1059175	0	1	3153	2	0	3000
112	Response	1	1061659	2484	2
113	Picture	22	1067805	0	2	3154	3	0	3000
113	Response	1	1071663	3858	1
114	Picture	33	1078593	0	2	3154	3	0	3000
115	Picture	22	1088717	0	2	3154	3	0	3000
115	Response	1	1091167	2450	2
116	Picture	33	1099671	0	2	3154	3	0	3000
116	Response	1	1101969	2298	2
117	Picture	22	1108800	0	1	3153	2	0	3000
117	Response	1	1112790	3990	1
118	Picture	22	1117264	0	2	3154	3	0	3000
118	Response	1	1121081	3817	1
119	Picture	22	1127222	0	2	3154	3	0	3000
119	Response	1	1131057	3835	1
120	Picture	22	1137015	0	1	3153	2	0	3000
120	Response	1	1140824	3809	1
121	Picture	22	1146641	0	1	3153	2	0	3000
121	Response	1	1150355	3714	1
122	Picture	33	1156267	0	1	3154	2	0	3000
123	Picture	22	1165064	0	1	3153	2	0	3000
123	Response	1	1167585	2521	1
124	Picture	22	1174524	0	1	3153	2	0	3000
124	Response	1	1176470	1946	1
125	Picture	22	1184980	0	1	3153	2	0	3000
125	Response	1	1187386	2406	2
126	Picture	33	1193278	0	2	3154	3	0	3000
127	Picture	22	1204232	0	2	3154	3	0	3000
127	Response	1	1206741	2509	1
128	Picture	22	1213693	0	1	3153	2	0	3000
128	Response	1	1216006	2313	2
129	Picture	22	1223319	0	1	3153	2	0	3000
129	Response	1	1225741	2422	2
130	Picture	22	1232779	0	1	3154	2	0	3000
130	Response	1	1235448	2669	2
131	Picture	22	1241741	0	2	3154	3	0	3000
131	Response	1	1244329	2588	2
132	Picture	33	1250704	0	1	3153	2	0	3000
133	Picture	22	1259998	0	1	3154	2	0	3000
133	Response	1	1261794	1796	1
134	Picture	22	1270454	0	1	3154	2	0	3000
134	Response	1	1270678	224	1
135	Picture	22	1278753	0	1	3153	2	0	3000
135	Response	1	1280976	2223	1
136	Picture	22	1289209	0	1	3153	2	0	3000
136	Response	1	1291834	2625	2
137	Picture	22	1297839	0	1	3154	2	0	3000
137	Response	1	1300300	2461	1
138	Picture	33	1306304	0	1	3153	2	0	3000
139	Picture	22	1316760	0	1	3153	2	0	3000
139	Response	1	1319210	2450	1
140	Picture	22	1326884	0	1	3153	2	0	3000
140	Response	1	1329327	2443	1
141	Picture	22	1336012	0	1	3154	2	0	3000
141	Response	1	1338622	2610	2
142	Picture	33	1344311	0	1	3153	2	0	3000
142	Response	1	1347059	2748	1
143	Picture	22	1353605	0	1	3153	2	0	3000
143	Response	1	1356493	2888	1
144	Picture	33	1362235	0	2	3154	3	0	3000
145	Picture	22	1370534	0	1	3153	2	0	3000
145	Response	1	1373335	2801	1
146	Picture	33	1380160	0	1	3153	3	0	3000
147	Picture	22	1390450	0	1	3154	2	0	3000
147	Response	1	1393073	2623	1
148	Picture	22	1399247	0	1	3153	2	0	3000
148	Response	1	1403162	3915	1
149	Picture	22	1408209	0	1	3153	2	0	3000
149	Response	1	1411097	2888	2
150	Picture	22	1418499	0	1	3153	3	0	3000
150	Response	1	1421719	3220	2
151	Picture	22	1427295	0	2	3154	3	0	3000
151	Response	1	1430538	3243	1
152	Picture	33	1437751	0	2	3154	3	0	3000
153	Picture	22	1447710	0	1	3153	2	0	3000
153	Response	1	1450156	2446	2
154	Picture	22	1456838	0	1	3153	2	0	3000
154	Response	1	1459654	2816	1
155	Picture	22	1466298	0	1	3154	2	0	3000
155	Response	1	1468507	2209	1
156	Picture	22	1475593	0	1	3153	2	0	3000
156	Response	1	1478097	2504	1
157	Picture	22	1486215	0	1	3153	2	0	3000
157	Response	1	1489193	2978	1
158	Picture	33	1494513	0	1	3153	3	0	3000
159	Picture	22	1505301	0	1	3153	3	0	3000
159	Response	1	1508017	2716	2
160	Picture	22	1513765	0	2	3154	3	0	3000
160	Response	1	1516457	2692	1
161	Picture	22	1523558	0	1	3153	2	0	3000
161	Response	1	1525755	2197	1
162	Picture	33	1533682	0	1	3153	2	0	3000
163	Picture	22	1542146	0	2	3154	3	0	3000
163	Response	1	1544667	2521	1
164	Picture	22	1550777	0	1	3153	2	0	3000
164	Response	1	1553345	2568	1
165	Picture	22	1561399	0	1	3153	2	0	3000
165	Response	1	1563911	2512	1
166	Picture	33	1569531	0	1	3154	2	0	3000
167	Picture	22	1579323	0	2	3154	3	0	3000
167	Response	1	1581643	2320	1
168	Picture	22	1587622	0	1	3153	3	0	3000
168	Response	1	1590230	2608	2
169	Picture	22	1597082	0	1	3154	2	0	3000
169	Response	1	1600619	3537	1
170	Picture	22	1605215	0	1	3153	2	0	3000
170	Response	1	1608083	2868	1
171	Picture	22	1615173	0	1	3153	2	0	3000
171	Response	1	1618997	3824	1
172	Picture	22	1625463	0	1	3153	2	0	3000
172	Response	1	1628557	3094	1
173	Picture	22	1634591	0	2	3154	3	0	3000
173	Response	1	1637584	2993	1
174	Picture	33	1644383	0	2	3154	3	0	3000
175	Picture	22	1653844	0	1	3153	2	0	3000
175	Response	1	1656169	2325	1
176	Picture	22	1663802	0	1	3153	3	0	3000
176	Response	1	1665906	2104	1
177	Picture	22	1673096	0	2	3154	3	0	3000
177	Response	1	1675436	2340	1
178	Picture	22	1683054	0	2	3154	3	0	3000
178	Response	1	1685762	2708	2
179	Picture	22	1691353	0	1	3153	2	0	3000
179	Response	1	1694586	3233	1
180	Picture	33	1700315	0	2	3154	3	0	3000
181	Picture	22	1708614	0	1	3153	2	0	3000
181	Response	1	1711079	2465	1
182	Picture	33	1717410	0	1	3153	3	0	3000
182	Response	1	1719933	2523	2
183	Picture	22	1726870	0	2	3154	3	0	3000
183	Response	1	1730111	3241	1
184	Picture	22	1735169	0	1	3153	2	0	3000
184	Response	1	1738341	3172	2
185	Picture	22	1743301	0	2	3154	3	0	3000
185	Response	1	1747371	4070	1
186	Picture	22	1753425	0	2	3154	3	0	3000
186	Response	1	1756397	2972	1
187	Picture	22	1764379	0	2	3154	3	0	3000
187	Response	1	1766604	2225	2
188	Picture	33	1773010	0	1	3153	2	0	3000
188	Response	1	1775869	2859	2
189	Picture	22	1781474	0	2	3154	3	0	3000
189	Response	1	1786897	5423	1
190	Picture	22	1791764	0	2	3154	3	0	3000
190	Response	1	1794893	3129	1
191	Picture	22	1800395	0	1	3153	2	0	3000
191	Response	1	1803335	2940	1
192	Picture	33	1810685	0	1	3153	3	0	3000
193	Picture	22	1821473	0	1	3153	3	0	3000
193	Response	1	1823749	2276	1
194	Picture	22	1830601	0	2	3154	3	0	3000
194	Response	1	1833811	3210	1
195	Picture	22	1840228	0	1	3153	2	0	3000
195	Response	1	1843754	3526	2
196	Picture	22	1849190	0	1	3153	2	0	3000
196	Response	1	1853108	3918	1
197	Picture	22	1857820	0	2	3154	3	0	3000
197	Response	1	1862609	4789	1
198	Picture	33	1867281	0	1	3153	2	0	3000
199	Picture	22	1875745	0	1	3153	3	0	3000
199	Response	1	1877949	2204	1
200	Picture	22	1885039	0	2	3154	3	0	3000
200	Response	1	1887862	2823	1
201	Picture	22	1895329	0	2	3154	3	0	3000
201	Response	1	1898160	2831	2
202	Picture	22	1904790	0	1	3153	2	0	3000
202	Response	1	1910051	5261	1
203	Picture	22	1913752	0	1	3153	3	0	3000
203	Response	1	1922204	8452	1
204	Picture	33	1924042	0	1	3154	2	0	3000
205	Picture	22	1935162	0	1	3154	2	0	3000
205	Response	1	1938486	3324	1
206	Picture	22	1946116	0	1	3153	3	0	3000
206	Response	1	1949343	3227	1
207	Picture	22	1956572	0	1	3154	2	0	3000
207	Response	1	1959257	2685	1
208	Picture	33	1965369	0	1	3153	2	0	3000
209	Picture	22	1973501	0	1	3153	3	0	3000
209	Response	1	1976339	2838	1
210	Picture	22	1983957	0	1	3154	2	0	3000
210	Response	1	1986930	2973	1
211	Picture	22	1993085	0	2	3154	3	0	3000
211	Response	1	1997639	4554	1
212	Picture	33	2003708	0	1	3153	2	0	3000
213	Picture	22	2014330	0	1	3153	2	0	3000
213	Response	1	2018291	3961	1
214	Picture	22	2023458	0	1	3153	2	0	3000
214	Response	1	2026551	3093	2
215	Picture	22	2031590	0	2	3154	3	0	3000
215	Response	1	2034754	3164	1
216	Picture	22	2039889	0	1	3153	2	0	3000
216	Response	1	2043132	3243	2
217	Picture	22	2049183	0	1	3154	2	0	3000
217	Response	1	2052277	3094	1
218	Picture	33	2059805	0	1	3154	2	0	3000
219	Picture	22	2070261	0	2	3154	3	0	3000
219	Response	1	2073221	2960	1
220	Picture	33	2081049	0	2	3154	3	0	3000
221	Picture	22	2091173	0	2	3154	3	0	3000
221	Response	1	2093901	2728	1
222	Picture	22	2099306	0	1	3153	3	0	3000
222	Response	1	2103667	4361	1
223	Picture	22	2108766	0	1	3154	2	0	3000
223	Response	1	2111662	2896	1
224	Picture	33	2119056	0	2	3154	3	0	3000
225	Picture	22	2127189	0	1	3153	2	0	3000
225	Response	1	2129982	2793	1
226	Picture	22	2137977	0	1	3153	2	0	3000
226	Response	1	2141309	3332	2
227	Picture	22	2147935	0	1	3153	3	0	3000
227	Response	1	2151930	3995	1
228	Picture	33	2157063	0	2	3154	3	0	3000
229	Picture	22	2166358	0	1	3153	2	0	3000
229	Response	1	2169629	3271	2
230	Picture	22	2176316	0	1	3153	2	0	3000
230	Response	1	2178865	2549	1
231	Picture	22	2187436	0	1	3153	2	0	3000
231	Response	1	2191756	4320	2
232	Picture	22	2198224	0	1	3153	2	0	3000
232	Response	1	2202142	3918	1
233	Picture	22	2206522	0	1	3154	2	0	3000
233	Response	1	2211491	4969	1
234	Picture	33	2215485	0	1	3153	2	0	3000
235	Picture	22	2224115	0	1	3153	3	0	3000
235	Response	1	2226505	2390	1
236	Picture	22	2232248	0	1	3153	2	0	3000
236	Response	1	2235293	3045	1
237	Picture	22	2242040	0	1	3153	2	0	3000
237	Response	1	2245027	2987	2
238	Picture	22	2250172	0	2	3154	3	0	3000
238	Response	1	2253258	3086	2
239	Picture	22	2260462	0	2	3154	3	0	3000
239	Response	1	2263817	3355	2
240	Picture	22	2271416	0	2	3154	3	0	3000
240	Response	1	2274849	3433	1
241	Picture	22	2280877	0	1	3153	2	0	3000
241	Response	1	2283815	2938	1
242	Picture	33	2289839	0	1	3153	3	0	3000
243	Picture	22	2298635	0	2	3154	3	0	3000
243	Response	1	2301280	2645	1
244	Picture	22	2307598	0	1	3153	2	0	3000
244	Response	1	2310129	2531	1
245	Picture	22	2316892	0	1	3153	3	0	3000
245	Response	1	2319419	2527	2
246	Picture	33	2327846	0	1	3153	3	0	3000
247	Picture	22	2337970	0	1	3154	2	0	3000
247	Response	1	2340483	2513	1
248	Picture	33	2348592	0	1	3154	2	0	3000
249	Picture	22	2358716	0	2	3154	3	0	3000
249	Response	1	2361752	3036	2
250	Picture	22	2367181	0	1	3153	2	0	3000
250	Response	1	2370603	3422	2
251	Picture	22	2375811	0	1	3154	2	0	3000
251	Response	1	2378687	2876	1
252	Picture	22	2384276	0	1	3153	2	0	3000
252	Response	1	2387333	3057	2
253	Picture	22	2393404	0	1	3153	2	0	3000
253	Response	1	2396510	3106	1
254	Picture	33	2402864	0	2	3154	3	0	3000
255	Picture	22	2412822	0	2	3154	3	0	3000
255	Response	1	2416042	3220	1
256	Picture	33	2421453	0	1	3153	2	0	3000
257	Picture	22	2431909	0	1	3153	2	0	3000
257	Response	1	2434864	2955	2
258	Picture	22	2441701	0	1	3154	2	0	3000
258	Response	1	2444715	3014	2
259	Picture	22	2450332	0	1	3153	2	0	3000
259	Response	1	2453595	3263	1
260	Picture	22	2460954	0	1	3153	2	0	3000
260	Response	1	2464570	3616	1
261	Picture	22	2469750	0	1	3153	3	0	3000
261	Response	1	2472566	2816	1
262	Picture	22	2478380	0	2	3154	3	0	3000
262	Response	1	2481829	3449	1
263	Picture	22	2488007	0	1	3153	2	0	3000
263	Response	1	2491059	3052	2
264	Picture	33	2498297	0	1	3153	2	0	3000
265	Picture	22	2507259	0	1	3154	2	0	3000
265	Response	1	2510382	3123	1
266	Picture	33	2517549	0	1	3154	2	0	3000
267	Picture	22	2526346	0	1	3153	2	0	3000
267	Response	1	2528789	2443	1
268	Picture	33	2535972	0	1	3153	2	0	3000
269	Picture	22	2545930	0	1	3153	3	0	3000
269	Response	1	2549025	3095	2
270	Picture	22	2555390	0	1	3154	2	0	3000
270	Response	1	2558578	3188	2
271	Picture	22	2564850	0	2	3154	3	0	3000
271	Response	1	2567900	3050	1
272	Picture	22	2574975	0	1	3153	2	0	3000
272	Response	1	2578046	3071	1
273	Picture	22	2583771	0	1	3153	3	0	3000
273	Response	1	2587630	3859	2
274	Picture	22	2594393	0	1	3153	3	0	3000
274	Response	1	2597657	3264	1
275	Picture	22	2605347	0	1	3153	3	0	3000
275	Response	1	2608512	3165	1
276	Picture	33	2616301	0	1	3153	3	0	3000
277	Picture	22	2625595	0	2	3154	3	0	3000
277	Response	1	2628333	2738	1
278	Picture	22	2636383	0	2	3154	3	0	3000
278	Response	1	2638692	2309	1
279	Picture	22	2645180	0	1	3153	2	0	3000
279	Response	1	2647723	2543	1
280	Picture	22	2653312	0	1	3154	2	0	3000
280	Response	1	2656221	2909	1
281	Picture	22	2662441	0	1	3153	2	0	3000
281	Response	1	2665043	2602	1
282	Picture	22	2672233	0	1	3153	2	0	3000
282	Response	1	2674546	2313	1
283	Picture	22	2681527	0	1	3154	2	0	3000
283	Response	1	2684049	2522	1
284	Picture	33	2691651	0	1	3154	2	0	3000
285	Picture	22	2700780	0	1	3153	2	0	3000
285	Response	1	2703134	2354	2
286	Picture	22	2711734	0	1	3153	2	0	3000
286	Response	1	2714050	2316	1
287	Picture	22	2721692	0	1	3153	2	0	3000
287	Response	1	2724346	2654	2
288	Picture	22	2731152	0	1	3153	3	0	3000
288	Response	1	2733728	2576	1
289	Picture	22	2740446	0	2	3154	3	0	3000
289	Response	1	2743522	3076	2
290	Picture	33	2749243	0	1	3153	2	0	3000
291	Picture	22	2759533	0	1	3153	2	0	3000
291	Response	1	2762165	2632	2
292	Picture	33	2768827	0	1	3153	3	0	3000
292	Response	1	2771046	2219	1
293	Picture	22	2778785	0	2	3154	3	0	3000
293	Response	1	2782256	3471	2
294	Picture	22	2787084	0	1	3153	2	0	3000
294	Response	1	2790988	3904	1
295	Picture	22	2796212	0	1	3153	3	0	3000
295	Response	1	2799216	3004	4
296	Picture	22	2805672	0	2	3154	3	0	3000
296	Response	1	2808447	2775	1
297	Picture	22	2815464	0	2	3154	3	0	3000
297	Response	1	2818119	2655	2
298	Picture	33	2823597	0	1	3153	3	0	3000
299	Picture	22	2832891	0	2	3154	3	0	3000
299	Response	1	2835939	3048	1
300	Picture	33	2843513	0	2	3154	3	0	3000
300	Response	1	2846000	2487	1


Event Type	Code	Type	Response	RT	RT Uncertainty	Time	Uncertainty	Duration	Uncertainty	ReqTime	ReqDur

Picture	22	hit	1	6411	3	-9834	2	3154	3	0	3000
Picture	22	hit	1	2927	2	-1535	1	3152	2	0	3000
Picture	22	hit	1	2678	3	7924	1	3153	3	0	3000
Picture	22	hit	1	2751	3	16056	2	3154	3	0	3000
Picture	22	hit	1	3399	3	26181	1	3153	2	0	3000
Picture	22	hit	1	3018	2	34977	1	3153	3	0	3000
Picture	22	hit	1	2436	3	43939	2	3154	3	0	3000
Picture	33	miss				52238	1	3153	2	0	3000
Picture	22	hit	1	2562	4	60868	2	3154	3	0	3000
Picture	22	hit	1	2821	3	71324	2	3154	3	0	3000
Picture	22	hit	1	2457	2	80453	1	3153	2	0	3000
Picture	22	hit	1	2866	2	90577	1	3153	2	0	3000
Picture	22	hit	1	2899	2	100369	1	3153	3	0	3000
Picture	22	hit	1	2713	2	110825	1	3153	3	0	3000
Picture	22	hit	1	3420	3	119621	2	3154	3	0	3000
Picture	33	miss				129580	1	3153	2	0	3000
Picture	22	hit	1	2458	2	138376	1	3153	3	0	3000
Picture	22	hit	1	2680	3	146508	2	3154	3	0	3000
Picture	22	hit	1	2341	3	155139	1	3153	2	0	3000
Picture	22	hit	1	2304	2	164267	1	3154	2	0	3000
Picture	22	hit	1	2453	3	172732	1	3153	2	0	3000
Picture	22	hit	1	2723	2	183354	1	3153	2	0	3000
Picture	22	hit	1	3098	2	192482	1	3154	2	0	3000
Picture	33	miss				203270	1	3154	2	0	3000
Picture	22	hit	1	2095	2	213726	1	3154	2	0	3000
Picture	22	hit	1	1845	2	224514	1	3154	2	0	3000
Picture	22	hit	1	2111	3	233809	1	3153	2	0	3000
Picture	33	hit	1	2479	3	241941	1	3153	3	0	3000
Picture	22	hit	1	2448	2	253061	1	3153	3	0	3000
Picture	22	hit	1	2372	2	263019	1	3154	2	0	3000
Picture	22	hit	1	2749	3	272645	2	3154	3	0	3000
Picture	33	miss				283101	2	3154	3	0	3000
Picture	22	hit	1	2409	2	291898	1	3153	2	0	3000
Picture	22	hit	1	2252	2	302354	1	3153	2	0	3000
Picture	22	hit	1	2130	2	311648	1	3154	2	0	3000
Picture	33	miss				321440	2	3154	3	0	3000
Picture	22	hit	1	2242	3	332394	2	3154	3	0	3000
Picture	22	hit	1	2085	2	341523	1	3153	2	0	3000
Picture	22	hit	1	2397	2	351481	1	3153	2	0	3000
Picture	22	hit	1	2979	2	362435	1	3153	2	0	3000
Picture	22	hit	1	2947	2	371231	1	3154	2	0	3000
Picture	33	miss				381853	2	3154	3	0	3000
Picture	22	hit	1	2157	3	390816	1	3153	2	0	3000
Picture	22	hit	1	2081	2	401106	1	3153	2	0	3000
Picture	22	hit	1	2360	2	410566	1	3153	3	0	3000
Picture	33	miss				420358	2	3154	3	0	3000
Picture	22	hit	1	2028	4	430814	2	3154	3	0	3000
Picture	22	hit	1	2167	3	441270	2	3154	3	0	3000
Picture	22	hit	1	2873	2	449735	1	3153	2	0	3000
Picture	22	hit	1	2919	3	457867	2	3154	3	0	3000
Picture	22	hit	1	3877	3	468323	2	3154	3	0	3000
Picture	22	hit	1	3183	3	479111	2	3154	3	0	3000
Picture	22	hit	1	3095	2	487576	1	3153	3	0	3000
Picture	33	miss				497036	1	3154	2	0	3000
Picture	22	hit	1	2293	4	506994	2	3154	3	0	3000
Picture	22	hit	1	2031	2	516787	1	3153	2	0	3000
Picture	22	hit	1	2171	3	527740	2	3154	3	0	3000
Picture	22	hit	1	2347	2	538363	1	3153	2	0	3000
Picture	22	hit	1	3386	2	548653	1	3153	2	0	3000
Picture	33	miss				558943	1	3153	2	0	3000
Picture	22	hit	1	2367	2	567905	1	3154	2	0	3000
Picture	22	hit	1	2221	2	578527	1	3154	2	0	3000
Picture	22	hit	1	2081	3	588817	2	3154	3	0	3000
Picture	22	hit	1	2141	3	599937	2	3154	3	0	3000
Picture	22	hit	1	2574	2	609066	1	3153	2	0	3000
Picture	22	hit	1	2355	2	618194	1	3153	2	0	3000
Picture	22	hit	1	3321	2	629148	1	3153	2	0	3000
Picture	33	miss				637944	1	3154	2	0	3000
Picture	22	hit	1	2230	2	646907	1	3153	2	0	3000
Picture	22	hit	1	2308	2	656035	1	3153	3	0	3000
Picture	22	hit	1	2196	3	664499	2	3154	3	0	3000
Picture	22	hit	1	2104	2	673296	1	3153	2	0	3000
Picture	22	hit	1	1681	2	682424	1	3154	2	0	3000
Picture	33	hit	1	2748	2	693046	1	3154	2	0	3000
Picture	22	hit	1	3027	3	701677	1	3153	2	0	3000
Picture	22	hit	1	2261	2	712299	1	3153	2	0	3000
Picture	22	hit	1	2266	3	722091	1	3153	2	0	3000
Picture	22	hit	1	2497	2	731717	1	3153	3	0	3000
Picture	22	hit	1	2691	4	741675	2	3154	3	0	3000
Picture	33	miss				752795	1	3154	2	0	3000
Picture	22	hit	1	2560	3	761426	1	3153	2	0	3000
Picture	22	hit	1	77	3	772380	1	3153	2	0	3000
Picture	22	hit	1	2253	2	781508	1	3153	3	0	3000
Picture	33	miss				790304	2	3154	3	0	3000
Picture	22	hit	1	2452	3	800926	2	3154	3	0	3000
Picture	33	hit	1	2337	3	810719	1	3153	2	0	3000
Picture	22	hit	1	5003	2	819349	1	3153	3	0	3000
Picture	22	hit	1	4390	3	830137	1	3153	3	0	3000
Picture	22	hit	1	3949	3	838601	2	3154	3	0	3000
Picture	22	hit	1	3060	2	848726	1	3153	2	0	3000
Picture	22	hit	1	3260	2	857024	1	3153	3	0	3000
Picture	33	miss				867978	1	3153	3	0	3000
Picture	22	hit	1	2325	2	878434	1	3154	2	0	3000
Picture	22	hit	1	2406	4	888558	2	3154	3	0	3000
Picture	22	hit	1	2430	3	898682	2	3154	3	0	3000
Picture	22	hit	1	4888	2	906815	1	3153	2	0	3000
Picture	22	hit	1	3502	3	916109	1	3154	2	0	3000
Picture	22	hit	1	4149	3	927063	2	3154	3	0	3000
Picture	22	hit	1	3882	2	935860	1	3153	2	0	3000
Picture	33	miss				945984	1	3153	2	0	3000
Picture	22	hit	1	3903	2	954780	1	3154	2	0	3000
Picture	22	hit	1	2578	2	965402	1	3154	2	0	3000
Picture	22	hit	1	3134	4	975526	2	3154	3	0	3000
Picture	33	miss				984323	1	3153	2	0	3000
Picture	22	hit	1	2357	3	993949	1	3153	2	0	3000
Picture	22	hit	1	2416	2	1003243	1	3154	2	0	3000
Picture	22	hit	1	2739	3	1012537	2	3154	3	0	3000
Picture	22	hit	1	2705	2	1021334	1	3153	2	0	3000
Picture	22	hit	1	2797	4	1029798	2	3154	3	0	3000
Picture	33	miss				1039922	2	3154	3	0	3000
Picture	22	hit	1	2394	2	1048553	1	3153	2	0	3000
Picture	22	hit	1	2484	3	1059175	1	3153	2	0	3000
Picture	22	hit	1	3858	3	1067805	2	3154	3	0	3000
Picture	33	miss				1078593	2	3154	3	0	3000
Picture	22	hit	1	2450	4	1088717	2	3154	3	0	3000
Picture	33	hit	1	2298	4	1099671	2	3154	3	0	3000
Picture	22	hit	1	3990	2	1108800	1	3153	2	0	3000
Picture	22	hit	1	3817	3	1117264	2	3154	3	0	3000
Picture	22	hit	1	3835	3	1127222	2	3154	3	0	3000
Picture	22	hit	1	3809	2	1137015	1	3153	2	0	3000
Picture	22	hit	1	3714	2	1146641	1	3153	2	0	3000
Picture	33	miss				1156267	1	3154	2	0	3000
Picture	22	hit	1	2521	2	1165064	1	3153	2	0	3000
Picture	22	hit	1	1946	2	1174524	1	3153	2	0	3000
Picture	22	hit	1	2406	3	1184980	1	3153	2	0	3000
Picture	33	miss				1193278	2	3154	3	0	3000
Picture	22	hit	1	2509	3	1204232	2	3154	3	0	3000
Picture	22	hit	1	2313	3	1213693	1	3153	2	0	3000
Picture	22	hit	1	2422	3	1223319	1	3153	2	0	3000
Picture	22	hit	1	2669	3	1232779	1	3154	2	0	3000
Picture	22	hit	1	2588	4	1241741	2	3154	3	0	3000
Picture	33	miss				1250704	1	3153	2	0	3000
Picture	22	hit	1	1796	2	1259998	1	3154	2	0	3000
Picture	22	hit	1	224	2	1270454	1	3154	2	0	3000
Picture	22	hit	1	2223	2	1278753	1	3153	2	0	3000
Picture	22	hit	1	2625	3	1289209	1	3153	2	0	3000
Picture	22	hit	1	2461	2	1297839	1	3154	2	0	3000
Picture	33	miss				1306304	1	3153	2	0	3000
Picture	22	hit	1	2450	2	1316760	1	3153	2	0	3000
Picture	22	hit	1	2443	2	1326884	1	3153	2	0	3000
Picture	22	hit	1	2610	3	1336012	1	3154	2	0	3000
Picture	33	hit	1	2748	2	1344311	1	3153	2	0	3000
Picture	22	hit	1	2888	2	1353605	1	3153	2	0	3000
Picture	33	miss				1362235	2	3154	3	0	3000
Picture	22	hit	1	2801	2	1370534	1	3153	2	0	3000
Picture	33	miss				1380160	1	3153	3	0	3000
Picture	22	hit	1	2623	2	1390450	1	3154	2	0	3000
Picture	22	hit	1	3915	2	1399247	1	3153	2	0	3000
Picture	22	hit	1	2888	3	1408209	1	3153	2	0	3000
Picture	22	hit	1	3220	3	1418499	1	3153	3	0	3000
Picture	22	hit	1	3243	3	1427295	2	3154	3	0	3000
Picture	33	miss				1437751	2	3154	3	0	3000
Picture	22	hit	1	2446	3	1447710	1	3153	2	0	3000
Picture	22	hit	1	2816	2	1456838	1	3153	2	0	3000
Picture	22	hit	1	2209	2	1466298	1	3154	2	0	3000
Picture	22	hit	1	2504	2	1475593	1	3153	2	0	3000
Picture	22	hit	1	2978	2	1486215	1	3153	2	0	3000
Picture	33	miss				1494513	1	3153	3	0	3000
Picture	22	hit	1	2716	3	1505301	1	3153	3	0	3000
Picture	22	hit	1	2692	3	1513765	2	3154	3	0	3000
Picture	22	hit	1	2197	2	1523558	1	3153	2	0	3000
Picture	33	miss				1533682	1	3153	2	0	3000
Picture	22	hit	1	2521	3	1542146	2	3154	3	0	3000
Picture	22	hit	1	2568	2	1550777	1	3153	2	0	3000
Picture	22	hit	1	2512	2	1561399	1	3153	2	0	3000
Picture	33	miss				1569531	1	3154	2	0	3000
Picture	22	hit	1	2320	3	1579323	2	3154	3	0	3000
Picture	22	hit	1	2608	3	1587622	1	3153	3	0	3000
Picture	22	hit	1	3537	2	1597082	1	3154	2	0	3000
Picture	22	hit	1	2868	2	1605215	1	3153	2	0	3000
Picture	22	hit	1	3824	2	1615173	1	3153	2	0	3000
Picture	22	hit	1	3094	2	1625463	1	3153	2	0	3000
Picture	22	hit	1	2993	3	1634591	2	3154	3	0	3000
Picture	33	miss				1644383	2	3154	3	0	3000
Picture	22	hit	1	2325	2	1653844	1	3153	2	0	3000
Picture	22	hit	1	2104	2	1663802	1	3153	3	0	3000
Picture	22	hit	1	2340	3	1673096	2	3154	3	0	3000
Picture	22	hit	1	2708	4	1683054	2	3154	3	0	3000
Picture	22	hit	1	3233	2	1691353	1	3153	2	0	3000
Picture	33	miss				1700315	2	3154	3	0	3000
Picture	22	hit	1	2465	2	1708614	1	3153	2	0	3000
Picture	33	hit	1	2523	3	1717410	1	3153	3	0	3000
Picture	22	hit	1	3241	3	1726870	2	3154	3	0	3000
Picture	22	hit	1	3172	3	1735169	1	3153	2	0	3000
Picture	22	hit	1	4070	3	1743301	2	3154	3	0	3000
Picture	22	hit	1	2972	3	1753425	2	3154	3	0	3000
Picture	22	hit	1	2225	4	1764379	2	3154	3	0	3000
Picture	33	hit	1	2859	3	1773010	1	3153	2	0	3000
Picture	22	hit	1	5423	3	1781474	2	3154	3	0	3000
Picture	22	hit	1	3129	3	1791764	2	3154	3	0	3000
Picture	22	hit	1	2940	2	1800395	1	3153	2	0	3000
Picture	33	miss				1810685	1	3153	3	0	3000
Picture	22	hit	1	2276	2	1821473	1	3153	3	0	3000
Picture	22	hit	1	3210	3	1830601	2	3154	3	0	3000
Picture	22	hit	1	3526	3	1840228	1	3153	2	0	3000
Picture	22	hit	1	3918	2	1849190	1	3153	2	0	3000
Picture	22	hit	1	4789	3	1857820	2	3154	3	0	3000
Picture	33	miss				1867281	1	3153	2	0	3000
Picture	22	hit	1	2204	2	1875745	1	3153	3	0	3000
Picture	22	hit	1	2823	3	1885039	2	3154	3	0	3000
Picture	22	hit	1	2831	4	1895329	2	3154	3	0	3000
Picture	22	hit	1	5261	2	1904790	1	3153	2	0	3000
Picture	22	hit	1	8452	2	1913752	1	3153	3	0	3000
Picture	33	miss				1924042	1	3154	2	0	3000
Picture	22	hit	1	3324	2	1935162	1	3154	2	0	3000
Picture	22	hit	1	3227	2	1946116	1	3153	3	0	3000
Picture	22	hit	1	2685	2	1956572	1	3154	2	0	3000
Picture	33	miss				1965369	1	3153	2	0	3000
Picture	22	hit	1	2838	2	1973501	1	3153	3	0	3000
Picture	22	hit	1	2973	2	1983957	1	3154	2	0	3000
Picture	22	hit	1	4554	3	1993085	2	3154	3	0	3000
Picture	33	miss				2003708	1	3153	2	0	3000
Picture	22	hit	1	3961	2	2014330	1	3153	2	0	3000
Picture	22	hit	1	3093	3	2023458	1	3153	2	0	3000
Picture	22	hit	1	3164	3	2031590	2	3154	3	0	3000
Picture	22	hit	1	3243	3	2039889	1	3153	2	0	3000
Picture	22	hit	1	3094	2	2049183	1	3154	2	0	3000
Picture	33	miss				2059805	1	3154	2	0	3000
Picture	22	hit	1	2960	3	2070261	2	3154	3	0	3000
Picture	33	miss				2081049	2	3154	3	0	3000
Picture	22	hit	1	2728	3	2091173	2	3154	3	0	3000
Picture	22	hit	1	4361	2	2099306	1	3153	3	0	3000
Picture	22	hit	1	2896	2	2108766	1	3154	2	0	3000
Picture	33	miss				2119056	2	3154	3	0	3000
Picture	22	hit	1	2793	2	2127189	1	3153	2	0	3000
Picture	22	hit	1	3332	3	2137977	1	3153	2	0	3000
Picture	22	hit	1	3995	2	2147935	1	3153	3	0	3000
Picture	33	miss				2157063	2	3154	3	0	3000
Picture	22	hit	1	3271	3	2166358	1	3153	2	0	3000
Picture	22	hit	1	2549	2	2176316	1	3153	2	0	3000
Picture	22	hit	1	4320	3	2187436	1	3153	2	0	3000
Picture	22	hit	1	3918	2	2198224	1	3153	2	0	3000
Picture	22	hit	1	4969	2	2206522	1	3154	2	0	3000
Picture	33	miss				2215485	1	3153	2	0	3000
Picture	22	hit	1	2390	2	2224115	1	3153	3	0	3000
Picture	22	hit	1	3045	2	2232248	1	3153	2	0	3000
Picture	22	hit	1	2987	3	2242040	1	3153	2	0	3000
Picture	22	hit	1	3086	4	2250172	2	3154	3	0	3000
Picture	22	hit	1	3355	4	2260462	2	3154	3	0	3000
Picture	22	hit	1	3433	3	2271416	2	3154	3	0	3000
Picture	22	hit	1	2938	2	2280877	1	3153	2	0	3000
Picture	33	miss				2289839	1	3153	3	0	3000
Picture	22	hit	1	2645	3	2298635	2	3154	3	0	3000
Picture	22	hit	1	2531	2	2307598	1	3153	2	0	3000
Picture	22	hit	1	2527	3	2316892	1	3153	3	0	3000
Picture	33	miss				2327846	1	3153	3	0	3000
Picture	22	hit	1	2513	2	2337970	1	3154	2	0	3000
Picture	33	miss				2348592	1	3154	2	0	3000
Picture	22	hit	1	3036	4	2358716	2	3154	3	0	3000
Picture	22	hit	1	3422	3	2367181	1	3153	2	0	3000
Picture	22	hit	1	2876	2	2375811	1	3154	2	0	3000
Picture	22	hit	1	3057	3	2384276	1	3153	2	0	3000
Picture	22	hit	1	3106	2	2393404	1	3153	2	0	3000
Picture	33	miss				2402864	2	3154	3	0	3000
Picture	22	hit	1	3220	3	2412822	2	3154	3	0	3000
Picture	33	miss				2421453	1	3153	2	0	3000
Picture	22	hit	1	2955	3	2431909	1	3153	2	0	3000
Picture	22	hit	1	3014	3	2441701	1	3154	2	0	3000
Picture	22	hit	1	3263	2	2450332	1	3153	2	0	3000
Picture	22	hit	1	3616	2	2460954	1	3153	2	0	3000
Picture	22	hit	1	2816	2	2469750	1	3153	3	0	3000
Picture	22	hit	1	3449	3	2478380	2	3154	3	0	3000
Picture	22	hit	1	3052	3	2488007	1	3153	2	0	3000
Picture	33	miss				2498297	1	3153	2	0	3000
Picture	22	hit	1	3123	2	2507259	1	3154	2	0	3000
Picture	33	miss				2517549	1	3154	2	0	3000
Picture	22	hit	1	2443	2	2526346	1	3153	2	0	3000
Picture	33	miss				2535972	1	3153	2	0	3000
Picture	22	hit	1	3095	3	2545930	1	3153	3	0	3000
Picture	22	hit	1	3188	3	2555390	1	3154	2	0	3000
Picture	22	hit	1	3050	3	2564850	2	3154	3	0	3000
Picture	22	hit	1	3071	2	2574975	1	3153	2	0	3000
Picture	22	hit	1	3859	3	2583771	1	3153	3	0	3000
Picture	22	hit	1	3264	2	2594393	1	3153	3	0	3000
Picture	22	hit	1	3165	2	2605347	1	3153	3	0	3000
Picture	33	miss				2616301	1	3153	3	0	3000
Picture	22	hit	1	2738	3	2625595	2	3154	3	0	3000
Picture	22	hit	1	2309	3	2636383	2	3154	3	0	3000
Picture	22	hit	1	2543	2	2645180	1	3153	2	0	3000
Picture	22	hit	1	2909	2	2653312	1	3154	2	0	3000
Picture	22	hit	1	2602	2	2662441	1	3153	2	0	3000
Picture	22	hit	1	2313	2	2672233	1	3153	2	0	3000
Picture	22	hit	1	2522	2	2681527	1	3154	2	0	3000
Picture	33	miss				2691651	1	3154	2	0	3000
Picture	22	hit	1	2354	3	2700780	1	3153	2	0	3000
Picture	22	hit	1	2316	2	2711734	1	3153	2	0	3000
Picture	22	hit	1	2654	3	2721692	1	3153	2	0	3000
Picture	22	hit	1	2576	2	2731152	1	3153	3	0	3000
Picture	22	hit	1	3076	4	2740446	2	3154	3	0	3000
Picture	33	miss				2749243	1	3153	2	0	3000
Picture	22	hit	1	2632	3	2759533	1	3153	2	0	3000
Picture	33	hit	1	2219	2	2768827	1	3153	3	0	3000
Picture	22	hit	1	3471	4	2778785	2	3154	3	0	3000
Picture	22	hit	1	3904	2	2787084	1	3153	2	0	3000
Picture	22	hit	1	3004	5	2796212	1	3153	3	0	3000
Picture	22	hit	1	2775	3	2805672	2	3154	3	0	3000
Picture	22	hit	1	2655	4	2815464	2	3154	3	0	3000
Picture	33	miss				2823597	1	3153	3	0	3000
Picture	22	hit	1	3048	3	2832891	2	3154	3	0	3000
Picture	33	hit	1	2487	3	2843513	2	3154	3	0	3000
