Scenario - EFT rapido Abril 2011
Logfile written - 05/05/2011 10:37:25

Subject	Trial	Event Type	Code	Time	TTime	Uncertainty	Duration	Uncertainty	ReqTime	ReqDur

ME	2	Picture	20	10413	0	2	3154	3	0	3000
ME	3	Response	2	15265	1532	2
ME	4	Picture	21	21036	0	1	3153	2	0	3000
ME	5	Response	2	25332	977	1
ME	6	Picture	10	30164	0	1	3153	2	0	3000
ME	7	Response	1	35160	1677	2
ME	8	Picture	10	40620	0	1	3153	3	0	3000
ME	9	Response	1	44312	373	1
ME	10	Picture	11	51574	0	1	3153	3	0	3000
ME	11	Response	1	55383	490	1
ME	12	Picture	11	62030	0	1	3154	2	0	3000
ME	12	Response	1	65275	3245	1
ME	14	Picture	21	71656	0	2	3154	3	0	3000
ME	15	Response	2	75669	693	1
ME	16	Picture	21	80287	0	1	3153	2	0	3000
ME	17	Response	2	84612	1006	1
ME	18	Picture	20	88751	0	1	3154	2	0	3000
ME	19	Response	2	93550	1479	2
ME	20	Picture	21	99207	0	2	3154	3	0	3000
ME	21	Response	2	103612	1085	1
ME	22	Picture	21	108668	0	1	3153	2	0	3000
ME	23	Response	2	112667	680	1
ME	24	Picture	21	118460	0	1	3153	2	0	3000
ME	25	Response	2	122931	1152	2
ME	26	Picture	11	128418	0	1	3153	2	0	3000
ME	27	Response	1	132900	1163	1
ME	28	Picture	21	139704	0	1	3153	2	0	3000
ME	29	Response	2	143411	388	1
ME	30	Picture	21	149662	0	1	3153	3	0	3000
ME	30	Response	1	152407	2745	1
ME	32	Picture	10	158624	0	2	3154	3	0	3000
ME	33	Response	1	162619	675	2
ME	34	Picture	20	168583	0	1	3153	2	0	3000
ME	35	Response	2	173902	2000	1
ME	36	Picture	11	178043	0	1	3153	2	0	3000
ME	37	Response	1	182604	1242	1
ME	38	Picture	21	188831	0	1	3153	2	0	3000
ME	39	Response	2	192229	79	2
ME	40	Picture	10	198955	0	1	3153	3	0	3000
ME	41	Response	1	202470	196	1
ME	42	Picture	10	207917	0	2	3154	3	0	3000
ME	43	Response	2	211856	619	2
ME	44	Picture	20	218705	0	2	3154	3	0	3000
ME	45	Response	2	224363	2338	1
ME	46	Picture	11	228332	0	1	3153	2	0	3000
ME	47	Response	1	232856	1205	1
ME	48	Picture	10	238788	0	1	3153	2	0	3000
ME	49	Response	1	245081	2974	1
ME	50	Picture	20	249410	0	1	3153	2	0	3000
ME	51	Response	2	254114	1385	1
ME	52	Picture	20	257874	0	1	3154	2	0	3000
ME	53	Response	2	263672	2478	1
ME	54	Picture	11	266504	0	2	3154	3	0	3000
ME	55	Response	1	270927	1103	1
ME	56	Picture	10	275301	0	1	3153	3	0	3000
ME	57	Response	1	280616	1996	1
ME	58	Picture	20	284097	0	2	3154	3	0	3000
ME	59	Response	2	288470	1053	2
ME	60	Picture	10	293060	0	1	3153	2	0	3000
ME	61	Response	1	296998	619	1
ME	62	Picture	10	304014	0	1	3153	2	0	3000
ME	62	Response	2	306830	2816	1
ME	64	Picture	10	315134	0	1	3153	2	0	3000
ME	65	Response	1	320556	2103	1
ME	66	Picture	11	324096	0	1	3153	3	0	3000
ME	67	Response	1	328997	1582	1
ME	68	Picture	21	332892	0	2	3154	3	0	3000
ME	69	Response	2	337176	964	2
ME	70	Picture	11	342685	0	1	3153	2	0	3000
ME	71	Response	1	346441	437	1
ME	72	Picture	21	353473	0	1	3153	2	0	3000
ME	73	Response	2	357932	1140	1
ME	74	Picture	10	362933	0	1	3153	2	0	3000
ME	75	Response	1	366312	60	1
ME	76	Picture	20	371563	0	2	3154	3	0	3000
ME	77	Response	2	375614	731	1
ME	78	Picture	10	381355	0	2	3154	3	0	3000
ME	79	Response	1	385675	1000	1
ME	80	Picture	11	390982	0	1	3153	2	0	3000
ME	81	Response	1	395362	1061	1
ME	82	Picture	20	401272	0	1	3153	2	0	3000
ME	83	Response	2	405961	1370	2
ME	84	Picture	21	409902	0	2	3154	3	0	3000
ME	85	Response	2	414812	1590	1
ME	86	Picture	10	420192	0	2	3154	3	0	3000
ME	87	Response	1	423664	152	1
ME	88	Picture	10	430482	0	2	3154	3	0	3000
ME	89	Response	1	433821	19	1
ME	90	Picture	11	440773	0	1	3153	2	0	3000
ME	91	Response	1	444690	598	2
ME	92	Picture	20	451063	0	1	3153	2	0	3000
ME	93	Response	2	455470	1088	1
ME	94	Picture	11	460357	0	1	3153	2	0	3000
ME	95	Response	1	463758	82	2
ME	96	Picture	11	470149	0	1	3154	2	0	3000
ME	97	Response	1	474448	979	2
ME	98	Picture	21	480439	0	2	3154	3	0	3000
ME	99	Response	2	484570	811	2
ME	100	Picture	10	491227	0	2	3154	3	0	3000
ME	101	Response	1	495782	1235	2
ME	102	Picture	21	502513	0	1	3154	2	0	3000
ME	103	Response	2	506149	316	1
ME	104	Picture	11	512803	0	2	3154	3	0	3000
ME	105	Response	1	516150	27	1
ME	106	Picture	10	524089	0	2	3154	3	0	3000
ME	107	Response	1	527666	257	1
ME	108	Picture	10	533550	0	1	3153	2	0	3000
ME	109	Response	1	537648	779	1
ME	110	Picture	10	542180	0	1	3153	3	0	3000
ME	111	Response	1	546716	1217	1
ME	112	Picture	20	550810	0	2	3154	3	0	3000
ME	113	Response	2	555252	1122	1
ME	114	Picture	11	560271	0	1	3153	2	0	3000
ME	115	Response	1	563751	161	2
ME	116	Picture	11	571557	0	1	3153	2	0	3000
ME	117	Response	1	577342	2466	2
ME	118	Picture	20	580021	0	1	3153	3	0	3000
ME	119	Response	2	584376	1036	1
ME	120	Picture	20	588983	0	2	3154	3	0	3000
ME	121	Response	1	593347	1044	1
ME	122	Picture	10	597448	0	1	3153	2	0	3000
ME	123	Response	1	602478	1711	1
ME	124	Picture	21	608900	0	1	3153	2	0	3000
ME	124	Response	2	611840	2940	1
ME	126	Picture	20	619522	0	1	3153	2	0	3000
ME	127	Response	1	622972	131	2
ME	127	Response	2	625826	2985	1
ME	128	Picture	11	628152	0	1	3154	2	0	3000
ME	129	Response	1	632539	1067	1
ME	130	Picture	11	638940	0	2	3154	3	0	3000
ME	131	Response	1	642637	377	2
ME	132	Picture	10	649894	0	1	3154	2	0	3000
ME	133	Response	1	654334	1120	1
ME	134	Picture	11	660682	0	2	3154	3	0	3000
ME	135	Response	1	664052	50	2
ME	136	Picture	21	670640	0	2	3154	3	0	3000
ME	137	Response	2	674538	578	1
ME	138	Picture	10	681594	0	2	3154	3	0	3000
ME	139	Response	1	686371	1457	2
ME	140	Picture	10	691387	0	1	3153	2	0	3000
ME	141	Response	1	695906	1200	1
ME	142	Picture	10	702175	0	1	3153	2	0	3000
ME	143	Response	1	705803	309	1
ME	144	Picture	10	713461	0	1	3153	2	0	3000
ME	145	Response	1	717914	1134	2
ME	146	Picture	10	723087	0	1	3153	2	0	3000
ME	147	Response	1	727247	841	2
ME	148	Picture	11	733211	0	1	3153	2	0	3000
ME	149	Response	1	736994	464	1
ME	150	Picture	10	744165	0	1	3153	2	0	3000
ME	150	Response	1	746892	2727	1
ME	152	Picture	10	755617	0	1	3153	2	0	3000
ME	153	Response	1	759980	1044	1
ME	154	Picture	10	765575	0	1	3153	3	0	3000
ME	155	Response	1	769022	128	1
ME	156	Picture	10	776861	0	1	3153	2	0	3000
ME	156	Response	1	779925	3064	2
ME	158	Picture	10	785823	0	2	3154	3	0	3000
ME	158	Response	1	788966	3143	1
ME	160	Picture	20	796113	0	2	3154	3	0	3000
ME	161	Response	2	800404	971	1
ME	162	Picture	20	805906	0	1	3153	2	0	3000
ME	163	Response	1	809938	713	1
ME	163	Response	2	811254	2029	2
ME	164	Picture	11	816694	0	1	3153	2	0	3000
ME	165	Response	1	820877	864	1
ME	166	Picture	10	825324	0	1	3153	3	0	3000
ME	167	Response	1	829803	1160	2
ME	168	Picture	11	833788	0	2	3154	3	0	3000
ME	169	Response	1	838551	1443	2
ME	170	Picture	10	844576	0	2	3154	3	0	3000
ME	171	Response	2	849072	1176	1
ME	172	Picture	10	854203	0	1	3153	2	0	3000
ME	173	Response	1	860167	2645	1
ME	174	Picture	21	865157	0	1	3153	2	0	3000
ME	175	Response	2	868963	487	2
ME	176	Picture	11	874949	0	1	3153	2	0	3000
ME	177	Response	1	878907	639	1
ME	178	Picture	21	885239	0	1	3153	3	0	3000
ME	179	Response	2	889186	628	1
ME	180	Picture	21	896525	0	1	3153	2	0	3000
ME	181	Response	2	899865	21	2
ME	182	Picture	11	904989	0	2	3154	3	0	3000
ME	183	Response	1	909365	1113	1
ME	184	Picture	20	916109	0	2	3154	3	0	3000
ME	185	Response	2	920147	718	2
ME	186	Picture	10	926731	0	2	3154	3	0	3000
ME	187	Response	1	930177	126	1
ME	188	Picture	10	936855	0	2	3154	3	0	3000
ME	189	Response	1	941989	1814	1
ME	190	Picture	20	945984	0	1	3153	2	0	3000
ME	191	Response	2	950967	1664	1
ME	192	Picture	10	955278	0	1	3154	2	0	3000
ME	193	Response	1	959138	540	1
ME	194	Picture	21	964075	0	1	3153	2	0	3000
ME	195	Response	2	968115	721	1
ME	196	Picture	10	973369	0	1	3153	2	0	3000
ME	196	Response	1	976465	3096	1
ME	198	Picture	10	982165	0	1	3154	2	0	3000
ME	199	Response	2	985565	80	2
ME	200	Picture	21	991957	0	2	3154	3	0	3000
ME	201	Response	2	996247	970	1
ME	202	Picture	10	1001086	0	1	3153	2	0	3000
ME	203	Response	1	1005095	690	2
ME	204	Picture	20	1012040	0	1	3153	2	0	3000
ME	205	Response	2	1015934	575	1
ME	206	Picture	10	1022994	0	1	3153	2	0	3000
ME	207	Response	1	1027146	833	2
ME	208	Picture	11	1032454	0	1	3153	3	0	3000
ME	209	Response	1	1035977	204	1
ME	210	Picture	21	1043740	0	1	3153	2	0	3000
ME	211	Response	2	1048323	1264	1
ME	212	Picture	11	1054030	0	1	3153	3	0	3000
ME	213	Response	1	1057850	501	1
ME	214	Picture	21	1063158	0	2	3154	3	0	3000
ME	215	Response	2	1067536	1058	1
ME	216	Picture	11	1073282	0	2	3154	3	0	3000
ME	217	Response	1	1078010	1408	1
ME	218	Picture	20	1082743	0	1	3153	2	0	3000
ME	219	Response	2	1086986	924	1
ME	220	Picture	11	1092867	0	1	3153	2	0	3000
ME	221	Response	1	1096752	566	1
ME	222	Picture	11	1104153	0	1	3153	2	0	3000
ME	223	Response	1	1107593	121	1
ME	224	Picture	21	1112783	0	2	3154	3	0	3000
ME	225	Response	2	1117312	1209	2
ME	226	Picture	10	1123073	0	2	3154	3	0	3000
ME	226	Response	1	1126253	3180	1
ME	228	Picture	11	1131870	0	1	3153	2	0	3000
ME	229	Response	1	1135734	545	2
ME	230	Picture	21	1140334	0	1	3154	2	0	3000
ME	231	Response	2	1145694	2040	1
ME	232	Picture	21	1150956	0	2	3154	3	0	3000
ME	233	Response	2	1156582	2306	2
ME	234	Picture	21	1162076	0	2	3154	3	0	3000
ME	235	Response	2	1166317	921	2
ME	236	Picture	10	1173196	0	1	3154	2	0	3000
ME	237	Response	1	1177440	925	1
ME	238	Picture	11	1181992	0	2	3154	3	0	3000
ME	239	Response	1	1185949	637	1
ME	240	Picture	20	1192781	0	1	3153	2	0	3000
ME	241	Response	2	1197018	918	2
ME	242	Picture	10	1202241	0	1	3153	2	0	3000
ME	243	Response	1	1205779	219	1
ME	244	Picture	10	1211535	0	1	3153	3	0	3000
ME	245	Response	1	1215467	613	1
ME	246	Picture	10	1220829	0	2	3154	3	0	3000
ME	246	Response	1	1224033	3204	1
ME	248	Picture	10	1231119	0	2	3154	3	0	3000
ME	248	Response	1	1234322	3203	1
ME	250	Picture	21	1242239	0	2	3154	3	0	3000
ME	250	Response	1	1244939	2700	1
ME	252	Picture	21	1253525	0	2	3154	3	0	3000
ME	253	Response	2	1257758	913	1
ME	254	Picture	20	1261990	0	1	3153	2	0	3000
ME	255	Response	2	1267021	1712	1
ME	256	Picture	21	1272280	0	1	3153	2	0	3000
ME	257	Response	2	1277348	1749	2
ME	258	Picture	10	1283732	0	1	3153	2	0	3000
ME	259	Response	1	1288561	1510	1
ME	260	Picture	10	1294852	0	1	3153	2	0	3000
ME	261	Response	1	1298659	488	1
ME	262	Picture	21	1303814	0	1	3154	2	0	3000
ME	263	Response	2	1308230	1096	1
ME	264	Picture	11	1313108	0	2	3154	3	0	3000
ME	265	Response	1	1316547	119	1
ME	266	Picture	20	1322071	0	1	3153	2	0	3000
ME	267	Response	2	1325734	344	1
ME	268	Picture	20	1331365	0	1	3154	2	0	3000
ME	269	Response	2	1336537	1853	1
ME	270	Picture	11	1340991	0	2	3154	3	0	3000
ME	271	Response	1	1345209	898	1
ME	272	Picture	21	1350784	0	1	3153	2	0	3000
ME	273	Response	2	1354808	705	2
ME	274	Picture	21	1361406	0	1	3153	2	0	3000
ME	275	Response	2	1365523	798	1
ME	276	Picture	10	1371862	0	1	3153	2	0	3000
ME	277	Response	1	1375553	372	1
ME	278	Picture	11	1381322	0	1	3153	2	0	3000
ME	279	Response	1	1385480	839	1
ME	280	Picture	21	1391778	0	1	3153	3	0	3000
ME	281	Response	2	1395733	636	1
ME	282	Picture	10	1401404	0	2	3154	3	0	3000
ME	283	Response	1	1404765	41	1
ME	284	Picture	10	1412026	0	2	3154	3	0	3000
ME	285	Response	1	1415546	200	1
ME	286	Picture	20	1421487	0	1	3153	2	0	3000
ME	287	Response	2	1425207	401	1
ME	288	Picture	20	1432109	0	1	3153	2	0	3000
ME	288	Response	1	1434827	2718	1
ME	290	Picture	21	1441569	0	1	3153	2	0	3000
ME	292	Picture	11	1452689	0	1	3153	2	0	3000
ME	292	Response	2	1453282	593	1
ME	293	Response	1	1457285	1277	1
ME	294	Picture	21	1461153	0	2	3154	3	0	3000
ME	295	Response	2	1465731	1258	1
ME	296	Picture	10	1470116	0	1	3153	2	0	3000
ME	297	Response	1	1473605	170	2
ME	298	Picture	11	1480904	0	1	3153	2	0	3000
ME	299	Response	1	1485331	1108	1
ME	300	Picture	20	1491194	0	1	3153	2	0	3000
ME	301	Response	2	1494863	350	1
ME	303	Picture	20	1521898	0	1	3154	2	0	3000
ME	304	Response	1	1528549	3332	1
ME	305	Picture	21	1532520	0	1	3154	2	0	3000
ME	306	Response	2	1537020	1180	2
ME	307	Picture	20	1541482	0	2	3154	3	0	3000
ME	308	Response	1	1545397	595	1
ME	308	Response	2	1547251	2449	2
ME	309	Picture	21	1550611	0	1	3153	2	0	3000
ME	310	Response	2	1555323	1393	1
ME	311	Picture	20	1560735	0	1	3153	3	0	3000
ME	312	Response	2	1565121	1067	1
ME	313	Picture	20	1571523	0	1	3153	3	0	3000
ME	314	Response	2	1575002	160	1
ME	315	Picture	10	1582643	0	1	3153	2	0	3000
ME	316	Response	1	1586476	514	1
ME	317	Picture	11	1592601	0	1	3154	2	0	3000
ME	318	Response	1	1596220	299	2
ME	319	Picture	10	1603057	0	2	3154	3	0	3000
ME	320	Response	1	1606934	557	1
ME	321	Picture	10	1612683	0	2	3154	3	0	3000
ME	322	Response	2	1617218	1215	1
ME	323	Picture	10	1622808	0	1	3153	2	0	3000
ME	324	Response	1	1627572	1445	1
ME	325	Picture	20	1632268	0	1	3153	2	0	3000
ME	326	Response	2	1636466	879	1
ME	327	Picture	20	1641728	0	1	3154	2	0	3000
ME	328	Response	2	1646294	1247	1
ME	329	Picture	11	1651686	0	2	3154	3	0	3000
ME	330	Response	1	1655555	549	2
ME	331	Picture	11	1660483	0	1	3153	2	0	3000
ME	332	Response	1	1664233	431	2
ME	333	Picture	11	1670939	0	1	3153	2	0	3000
ME	334	Response	1	1674274	16	1
ME	335	Picture	21	1681561	0	1	3153	2	0	3000
ME	336	Response	2	1685236	356	1
ME	337	Picture	21	1690689	0	1	3154	2	0	3000
ME	338	Response	2	1694941	932	2
ME	339	Picture	10	1700813	0	2	3154	3	0	3000
ME	339	Response	1	1704116	3303	1
ME	341	Picture	20	1709942	0	1	3153	2	0	3000
ME	342	Response	2	1714837	1576	2
ME	343	Picture	10	1720564	0	1	3153	2	0	3000
ME	343	Response	1	1723539	2975	1
ME	345	Picture	20	1730024	0	1	3153	2	0	3000
ME	345	Response	2	1733286	3262	2
ME	347	Picture	20	1741476	0	1	3153	2	0	3000
ME	348	Response	2	1745444	649	1
ME	349	Picture	20	1749940	0	2	3154	3	0	3000
ME	350	Response	2	1755089	1829	1
ME	351	Picture	10	1758571	0	1	3153	2	0	3000
ME	352	Response	1	1762844	954	1
ME	353	Picture	20	1769857	0	1	3153	2	0	3000
ME	354	Response	2	1773476	300	1
ME	355	Picture	20	1779815	0	1	3153	2	0	3000
ME	356	Response	2	1784066	932	1
ME	357	Picture	20	1788445	0	2	3154	3	0	3000
ME	358	Response	2	1793918	2153	1
ME	359	Picture	11	1798237	0	2	3154	3	0	3000
ME	360	Response	1	1802852	1295	2
ME	361	Picture	11	1808362	0	1	3153	2	0	3000
ME	362	Response	1	1812831	1150	1
ME	363	Picture	21	1817490	0	1	3153	2	0	3000
ME	364	Response	2	1821777	968	2
ME	365	Picture	10	1828444	0	1	3153	2	0	3000
ME	366	Response	1	1832873	1110	1
ME	367	Picture	21	1839398	0	1	3153	2	0	3000
ME	367	Response	2	1842532	3134	2
ME	369	Picture	21	1848028	0	2	3150	7	0	3000
ME	370	Response	2	1852122	774	2
ME	371	Picture	11	1859314	0	2	3154	3	0	3000
ME	371	Response	1	1862299	2985	1
ME	373	Picture	11	1867945	0	1	3153	2	0	3000
ME	374	Response	1	1871776	512	1
ME	375	Picture	10	1878733	0	1	3153	2	0	3000
ME	375	Response	2	1881847	3114	1
ME	377	Picture	20	1888359	0	1	3153	2	0	3000
ME	378	Response	2	1892111	433	1
ME	379	Picture	20	1898815	0	1	3153	2	0	3000
ME	380	Response	2	1903498	1364	1
ME	381	Picture	20	1909769	0	1	3153	2	0	3000
ME	382	Response	2	1914384	1296	1
ME	383	Picture	10	1920723	0	1	3153	2	0	3000
ME	384	Response	1	1925330	1288	1
ME	385	Picture	10	1929519	0	2	3154	3	0	3000
ME	386	Response	1	1933830	991	1
ME	387	Picture	20	1940639	0	2	3154	3	0	3000
ME	388	Response	2	1945934	1975	1
ME	389	Picture	11	1949602	0	1	3153	2	0	3000
ME	390	Response	1	1955669	2748	2
ME	391	Picture	21	1958730	0	1	3153	2	0	3000
ME	392	Response	2	1963584	1535	1
ME	393	Picture	10	1968854	0	1	3154	2	0	3000
ME	394	Response	1	1973824	1651	1
ME	395	Picture	21	1979476	0	1	3154	2	0	3000
ME	396	Response	2	1983097	301	2
ME	397	Picture	10	1990596	0	1	3154	2	0	3000
ME	398	Response	2	1994365	450	1
ME	399	Picture	11	2001882	0	1	3153	3	0	3000
ME	400	Response	1	2005809	608	1
ME	401	Picture	21	2012006	0	1	3154	2	0	3000
ME	402	Response	2	2016824	1498	2
ME	403	Picture	11	2021632	0	2	3154	3	0	3000
ME	404	Response	1	2025613	661	1
ME	405	Picture	20	2030927	0	1	3153	2	0	3000
ME	406	Response	2	2034478	232	2
ME	407	Picture	21	2041051	0	1	3153	2	0	3000
ME	408	Response	2	2045396	1026	1
ME	409	Picture	20	2051174	0	3	3154	5	0	3000
ME	410	Response	2	2056075	1581	1
ME	411	Picture	10	2061963	0	1	3153	3	0	3000
ME	412	Response	1	2065484	202	1
ME	413	Picture	10	2070925	0	2	3154	3	0	3000
ME	414	Response	1	2075351	1106	1
ME	415	Picture	11	2081879	0	2	3154	3	0	3000
ME	416	Response	1	2085513	314	1
ME	417	Picture	11	2092667	0	2	3154	3	0	3000
ME	418	Response	1	2096743	756	1
ME	419	Picture	11	2103123	0	2	3154	3	0	3000
ME	420	Response	1	2106928	485	1
ME	421	Picture	21	2112750	0	1	3153	2	0	3000
ME	422	Response	2	2117001	932	1
ME	423	Picture	10	2123704	0	1	3153	2	0	3000
ME	424	Response	2	2127062	39	1
ME	425	Picture	10	2134160	0	1	3153	2	0	3000
ME	426	Response	1	2138327	848	1
ME	427	Picture	10	2144616	0	1	3153	2	0	3000
ME	428	Response	1	2148132	197	2
ME	429	Picture	10	2154740	0	1	3153	2	0	3000
ME	430	Response	1	2159976	1917	1
ME	431	Picture	21	2164366	0	1	3154	2	0	3000
ME	432	Response	2	2169130	1444	1
ME	433	Picture	10	2172997	0	1	3153	2	0	3000
ME	433	Response	1	2176060	3063	2
ME	435	Picture	10	2183785	0	1	3153	2	0	3000
ME	435	Response	2	2186751	2966	1
ME	437	Picture	10	2193411	0	1	3153	2	0	3000
ME	437	Response	1	2195802	2391	2
ME	439	Picture	21	2204863	0	1	3153	2	0	3000
ME	440	Response	2	2208856	674	1
ME	441	Picture	11	2213825	0	1	3153	3	0	3000
ME	442	Response	1	2217172	28	2
ME	443	Picture	20	2223783	0	2	3154	3	0	3000
ME	444	Response	2	2229516	2413	1
ME	445	Picture	21	2232580	0	1	3153	2	0	3000
ME	445	Response	1	2235616	3036	2
ME	447	Picture	10	2242206	0	1	3153	2	0	3000
ME	448	Response	1	2246365	840	1
ME	449	Picture	10	2251832	0	1	3154	2	0	3000
ME	450	Response	1	2256431	1280	1
ME	451	Picture	11	2262288	0	2	3154	3	0	3000
ME	452	Response	1	2266619	1011	1
ME	453	Picture	11	2273407	0	3	3155	4	0	3000
ME	454	Response	1	2278083	1355	1
ME	455	Picture	20	2283200	0	2	3154	3	0	3000
ME	456	Response	2	2287943	1423	1
ME	457	Picture	10	2292495	0	1	3153	2	0	3000
ME	458	Response	1	2296408	594	1
ME	459	Picture	20	2303615	0	1	3153	2	0	3000
ME	460	Response	2	2307070	136	1
ME	461	Picture	21	2314569	0	1	3153	2	0	3000
ME	462	Response	2	2318459	571	1
ME	463	Picture	11	2324693	0	1	3153	2	0	3000
ME	464	Response	1	2328163	151	1
ME	465	Picture	21	2334651	0	1	3153	2	0	3000
ME	466	Response	2	2338356	386	1
ME	467	Picture	11	2345937	0	1	3153	2	0	3000
ME	468	Response	1	2349685	429	2
ME	469	Picture	10	2356559	0	1	3153	2	0	3000
ME	470	Response	1	2361551	1673	1
ME	471	Picture	11	2366683	0	1	3153	3	0	3000
ME	472	Response	1	2370880	878	1
ME	473	Picture	20	2376143	0	2	3154	3	0	3000
ME	474	Response	2	2381102	1639	1
ME	475	Picture	10	2384940	0	1	3153	2	0	3000
ME	476	Response	1	2388384	125	2
ME	477	Picture	20	2396226	0	1	3153	2	0	3000
ME	477	Response	2	2399433	3207	1
ME	479	Picture	10	2406350	0	1	3153	2	0	3000
ME	479	Response	1	2409552	3202	1
ME	481	Picture	10	2415478	0	1	3154	2	0	3000
ME	482	Response	1	2419268	471	1
ME	483	Picture	11	2424606	0	2	3154	3	0	3000
ME	483	Response	1	2427856	3250	1
ME	485	Picture	21	2434067	0	1	3153	2	0	3000
ME	486	Response	2	2437987	601	1
ME	487	Picture	20	2445353	0	1	3153	2	0	3000
ME	487	Response	1	2448220	2867	2
ME	489	Picture	20	2454813	0	1	3153	2	0	3000
ME	489	Response	1	2457413	2600	1
ME	491	Picture	11	2465767	0	1	3153	2	0	3000
ME	492	Response	1	2469852	766	1
ME	493	Picture	10	2476057	0	1	3153	2	0	3000
ME	494	Response	1	2482672	3296	1
ME	495	Picture	10	2487011	0	1	3153	3	0	3000
ME	496	Response	1	2492006	1676	1
ME	497	Picture	20	2497965	0	1	3153	2	0	3000
ME	498	Response	2	2505151	3867	2
ME	499	Picture	20	2508421	0	1	3153	3	0	3000
ME	500	Response	2	2513117	1377	1
ME	501	Picture	10	2517881	0	2	3154	3	0	3000
ME	502	Response	1	2521968	767	2
ME	503	Picture	20	2529333	0	1	3154	2	0	3000
ME	504	Response	2	2534845	2192	1
ME	505	Picture	11	2540785	0	1	3153	3	0	3000
ME	506	Response	1	2545731	1627	1
ME	507	Picture	10	2551075	0	1	3154	2	0	3000
ME	508	Response	1	2559401	5006	1
ME	509	Picture	10	2560369	0	2	3154	3	0	3000
ME	511	Picture	10	2571489	0	2	3154	3	0	3000
ME	511	Response	1	2574699	3210	1
ME	513	Picture	21	2579954	0	1	3153	2	0	3000
ME	514	Response	2	2584241	968	1
ME	515	Picture	21	2589414	0	1	3154	2	0	3000
ME	516	Response	2	2593832	1098	1
ME	517	Picture	20	2598211	0	1	3153	2	0	3000
ME	518	Response	2	2602949	1419	2
ME	519	Picture	20	2608667	0	1	3153	2	0	3000
ME	520	Response	2	2612895	909	2
ME	521	Picture	20	2619787	0	1	3153	2	0	3000
ME	521	Response	2	2622813	3026	1
ME	523	Picture	21	2628749	0	1	3153	3	0	3000
ME	524	Response	2	2634240	2172	2
ME	525	Picture	21	2639703	0	1	3153	2	0	3000
ME	526	Response	2	2645513	2491	1
ME	527	Picture	10	2649993	0	1	3153	3	0	3000
ME	528	Response	1	2654686	1374	1
ME	529	Picture	10	2660781	0	1	3153	3	0	3000
ME	530	Response	1	2665024	924	1
ME	531	Picture	21	2670407	0	2	3154	3	0	3000
ME	532	Response	2	2674655	928	1
ME	533	Picture	20	2679702	0	1	3153	2	0	3000
ME	534	Response	1	2684301	1280	1
ME	535	Picture	21	2690324	0	1	3153	2	0	3000
ME	536	Response	2	2695158	1515	1
ME	537	Picture	20	2699950	0	1	3153	2	0	3000
ME	538	Response	2	2705105	1836	1
ME	539	Picture	10	2709078	0	2	3154	3	0	3000
ME	540	Response	1	2714195	1797	1
ME	541	Picture	11	2719202	0	2	3154	3	0	3000
ME	542	Response	1	2723586	1064	1
ME	543	Picture	10	2729824	0	2	3154	3	0	3000
ME	543	Response	1	2732863	3039	1
ME	545	Picture	10	2738787	0	1	3153	2	0	3000
ME	546	Response	1	2742289	183	1
ME	547	Picture	10	2747417	0	2	3154	3	0	3000
ME	548	Response	1	2751003	266	1
ME	549	Picture	20	2758371	0	1	3154	2	0	3000
ME	550	Response	2	2763883	2193	2
ME	551	Picture	21	2769325	0	1	3154	2	0	3000
ME	552	Response	2	2772909	264	1
ME	553	Picture	20	2780611	0	1	3153	3	0	3000
ME	554	Response	2	2784362	432	1
ME	555	Picture	20	2792063	0	1	3153	3	0	3000
ME	556	Response	2	2795665	283	1
ME	557	Picture	21	2803017	0	1	3153	2	0	3000
ME	558	Response	2	2806788	452	1
ME	559	Picture	20	2811979	0	2	3154	3	0	3000
ME	560	Response	2	2815695	396	1
ME	561	Picture	21	2821606	0	1	3153	2	0	3000
ME	562	Response	2	2825695	770	2
ME	563	Picture	20	2830734	0	1	3153	2	0	3000
ME	564	Response	2	2835312	1259	1
ME	565	Picture	10	2840526	0	1	3154	2	0	3000
ME	566	Response	1	2845464	1619	2
ME	567	Picture	11	2851978	0	1	3153	3	0	3000
ME	568	Response	1	2855474	177	1
ME	569	Picture	20	2862766	0	1	3153	3	0	3000
ME	570	Response	2	2867111	1026	1
ME	571	Picture	20	2873886	0	1	3153	2	0	3000
ME	572	Response	2	2878026	821	1
ME	573	Picture	11	2882516	0	2	3154	3	0	3000
ME	574	Response	1	2886872	1036	1
ME	575	Picture	20	2891811	0	1	3153	2	0	3000
ME	576	Response	2	2896205	1075	1
ME	577	Picture	10	2902765	0	1	3153	2	0	3000
ME	578	Response	1	2906499	415	1
ME	579	Picture	11	2913221	0	1	3153	2	0	3000
ME	580	Response	1	2917750	1210	1
ME	581	Picture	11	2923179	0	1	3153	2	0	3000
ME	582	Response	1	2927316	818	1
ME	583	Picture	21	2933137	0	1	3154	2	0	3000
ME	583	Response	2	2936357	3220	2
ME	585	Picture	21	2944423	0	1	3153	3	0	3000
ME	586	Response	2	2948720	978	1
ME	587	Picture	10	2955377	0	1	3153	3	0	3000
ME	588	Response	2	2959399	703	1
ME	589	Picture	10	2966663	0	1	3153	2	0	3000
ME	590	Response	1	2970221	239	2
ME	591	Picture	10	2976123	0	1	3154	2	0	3000
ME	592	Response	1	2979610	167	2
ME	593	Picture	11	2985251	0	2	3154	3	0	3000
ME	594	Response	1	2989090	519	1
ME	595	Picture	11	2996371	0	2	3154	3	0	3000
ME	596	Response	1	3000436	745	2
ME	597	Picture	11	3006662	0	1	3153	2	0	3000
ME	598	Response	1	3011424	1443	2
ME	599	Picture	10	3015458	0	1	3153	3	0	3000
ME	600	Response	1	3019721	944	1
ME	601	Picture	21	3026080	0	1	3153	3	0	3000
ME	602	Response	2	3030175	776	1


Event Type	Code	Type	Response	RT	RT Uncertainty	Time	Uncertainty	Duration	Uncertainty	ReqTime	ReqDur

Picture	20	other				10413	2	3154	3	0	3000
Picture	21	other				21036	1	3153	2	0	3000
Picture	10	other				30164	1	3153	2	0	3000
Picture	10	other				40620	1	3153	3	0	3000
Picture	11	other				51574	1	3153	3	0	3000
Picture	11	other				62030	1	3154	2	0	3000
Picture	21	other				71656	2	3154	3	0	3000
Picture	21	other				80287	1	3153	2	0	3000
Picture	20	other				88751	1	3154	2	0	3000
Picture	21	other				99207	2	3154	3	0	3000
Picture	21	other				108668	1	3153	2	0	3000
Picture	21	other				118460	1	3153	2	0	3000
Picture	11	other				128418	1	3153	2	0	3000
Picture	21	other				139704	1	3153	2	0	3000
Picture	21	other				149662	1	3153	3	0	3000
Picture	10	other				158624	2	3154	3	0	3000
Picture	20	other				168583	1	3153	2	0	3000
Picture	11	other				178043	1	3153	2	0	3000
Picture	21	other				188831	1	3153	2	0	3000
Picture	10	other				198955	1	3153	3	0	3000
Picture	10	other				207917	2	3154	3	0	3000
Picture	20	other				218705	2	3154	3	0	3000
Picture	11	other				228332	1	3153	2	0	3000
Picture	10	other				238788	1	3153	2	0	3000
Picture	20	other				249410	1	3153	2	0	3000
Picture	20	other				257874	1	3154	2	0	3000
Picture	11	other				266504	2	3154	3	0	3000
Picture	10	other				275301	1	3153	3	0	3000
Picture	20	other				284097	2	3154	3	0	3000
Picture	10	other				293060	1	3153	2	0	3000
Picture	10	other				304014	1	3153	2	0	3000
Picture	10	other				315134	1	3153	2	0	3000
Picture	11	other				324096	1	3153	3	0	3000
Picture	21	other				332892	2	3154	3	0	3000
Picture	11	other				342685	1	3153	2	0	3000
Picture	21	other				353473	1	3153	2	0	3000
Picture	10	other				362933	1	3153	2	0	3000
Picture	20	other				371563	2	3154	3	0	3000
Picture	10	other				381355	2	3154	3	0	3000
Picture	11	other				390982	1	3153	2	0	3000
Picture	20	other				401272	1	3153	2	0	3000
Picture	21	other				409902	2	3154	3	0	3000
Picture	10	other				420192	2	3154	3	0	3000
Picture	10	other				430482	2	3154	3	0	3000
Picture	11	other				440773	1	3153	2	0	3000
Picture	20	other				451063	1	3153	2	0	3000
Picture	11	other				460357	1	3153	2	0	3000
Picture	11	other				470149	1	3154	2	0	3000
Picture	21	other				480439	2	3154	3	0	3000
Picture	10	other				491227	2	3154	3	0	3000
Picture	21	other				502513	1	3154	2	0	3000
Picture	11	other				512803	2	3154	3	0	3000
Picture	10	other				524089	2	3154	3	0	3000
Picture	10	other				533550	1	3153	2	0	3000
Picture	10	other				542180	1	3153	3	0	3000
Picture	20	other				550810	2	3154	3	0	3000
Picture	11	other				560271	1	3153	2	0	3000
Picture	11	other				571557	1	3153	2	0	3000
Picture	20	other				580021	1	3153	3	0	3000
Picture	20	other				588983	2	3154	3	0	3000
Picture	10	other				597448	1	3153	2	0	3000
Picture	21	other				608900	1	3153	2	0	3000
Picture	20	other				619522	1	3153	2	0	3000
Picture	11	other				628152	1	3154	2	0	3000
Picture	11	other				638940	2	3154	3	0	3000
Picture	10	other				649894	1	3154	2	0	3000
Picture	11	other				660682	2	3154	3	0	3000
Picture	21	other				670640	2	3154	3	0	3000
Picture	10	other				681594	2	3154	3	0	3000
Picture	10	other				691387	1	3153	2	0	3000
Picture	10	other				702175	1	3153	2	0	3000
Picture	10	other				713461	1	3153	2	0	3000
Picture	10	other				723087	1	3153	2	0	3000
Picture	11	other				733211	1	3153	2	0	3000
Picture	10	other				744165	1	3153	2	0	3000
Picture	10	other				755617	1	3153	2	0	3000
Picture	10	other				765575	1	3153	3	0	3000
Picture	10	other				776861	1	3153	2	0	3000
Picture	10	other				785823	2	3154	3	0	3000
Picture	20	other				796113	2	3154	3	0	3000
Picture	20	other				805906	1	3153	2	0	3000
Picture	11	other				816694	1	3153	2	0	3000
Picture	10	other				825324	1	3153	3	0	3000
Picture	11	other				833788	2	3154	3	0	3000
Picture	10	other				844576	2	3154	3	0	3000
Picture	10	other				854203	1	3153	2	0	3000
Picture	21	other				865157	1	3153	2	0	3000
Picture	11	other				874949	1	3153	2	0	3000
Picture	21	other				885239	1	3153	3	0	3000
Picture	21	other				896525	1	3153	2	0	3000
Picture	11	other				904989	2	3154	3	0	3000
Picture	20	other				916109	2	3154	3	0	3000
Picture	10	other				926731	2	3154	3	0	3000
Picture	10	other				936855	2	3154	3	0	3000
Picture	20	other				945984	1	3153	2	0	3000
Picture	10	other				955278	1	3154	2	0	3000
Picture	21	other				964075	1	3153	2	0	3000
Picture	10	other				973369	1	3153	2	0	3000
Picture	10	other				982165	1	3154	2	0	3000
Picture	21	other				991957	2	3154	3	0	3000
Picture	10	other				1001086	1	3153	2	0	3000
Picture	20	other				1012040	1	3153	2	0	3000
Picture	10	other				1022994	1	3153	2	0	3000
Picture	11	other				1032454	1	3153	3	0	3000
Picture	21	other				1043740	1	3153	2	0	3000
Picture	11	other				1054030	1	3153	3	0	3000
Picture	21	other				1063158	2	3154	3	0	3000
Picture	11	other				1073282	2	3154	3	0	3000
Picture	20	other				1082743	1	3153	2	0	3000
Picture	11	other				1092867	1	3153	2	0	3000
Picture	11	other				1104153	1	3153	2	0	3000
Picture	21	other				1112783	2	3154	3	0	3000
Picture	10	other				1123073	2	3154	3	0	3000
Picture	11	other				1131870	1	3153	2	0	3000
Picture	21	other				1140334	1	3154	2	0	3000
Picture	21	other				1150956	2	3154	3	0	3000
Picture	21	other				1162076	2	3154	3	0	3000
Picture	10	other				1173196	1	3154	2	0	3000
Picture	11	other				1181992	2	3154	3	0	3000
Picture	20	other				1192781	1	3153	2	0	3000
Picture	10	other				1202241	1	3153	2	0	3000
Picture	10	other				1211535	1	3153	3	0	3000
Picture	10	other				1220829	2	3154	3	0	3000
Picture	10	other				1231119	2	3154	3	0	3000
Picture	21	other				1242239	2	3154	3	0	3000
Picture	21	other				1253525	2	3154	3	0	3000
Picture	20	other				1261990	1	3153	2	0	3000
Picture	21	other				1272280	1	3153	2	0	3000
Picture	10	other				1283732	1	3153	2	0	3000
Picture	10	other				1294852	1	3153	2	0	3000
Picture	21	other				1303814	1	3154	2	0	3000
Picture	11	other				1313108	2	3154	3	0	3000
Picture	20	other				1322071	1	3153	2	0	3000
Picture	20	other				1331365	1	3154	2	0	3000
Picture	11	other				1340991	2	3154	3	0	3000
Picture	21	other				1350784	1	3153	2	0	3000
Picture	21	other				1361406	1	3153	2	0	3000
Picture	10	other				1371862	1	3153	2	0	3000
Picture	11	other				1381322	1	3153	2	0	3000
Picture	21	other				1391778	1	3153	3	0	3000
Picture	10	other				1401404	2	3154	3	0	3000
Picture	10	other				1412026	2	3154	3	0	3000
Picture	20	other				1421487	1	3153	2	0	3000
Picture	20	other				1432109	1	3153	2	0	3000
Picture	21	other				1441569	1	3153	2	0	3000
Picture	11	other				1452689	1	3153	2	0	3000
Picture	21	other				1461153	2	3154	3	0	3000
Picture	10	other				1470116	1	3153	2	0	3000
Picture	11	other				1480904	1	3153	2	0	3000
Picture	20	other				1491194	1	3153	2	0	3000
Picture	20	other				1521898	1	3154	2	0	3000
Picture	21	other				1532520	1	3154	2	0	3000
Picture	20	other				1541482	2	3154	3	0	3000
Picture	21	other				1550611	1	3153	2	0	3000
Picture	20	other				1560735	1	3153	3	0	3000
Picture	20	other				1571523	1	3153	3	0	3000
Picture	10	other				1582643	1	3153	2	0	3000
Picture	11	other				1592601	1	3154	2	0	3000
Picture	10	other				1603057	2	3154	3	0	3000
Picture	10	other				1612683	2	3154	3	0	3000
Picture	10	other				1622808	1	3153	2	0	3000
Picture	20	other				1632268	1	3153	2	0	3000
Picture	20	other				1641728	1	3154	2	0	3000
Picture	11	other				1651686	2	3154	3	0	3000
Picture	11	other				1660483	1	3153	2	0	3000
Picture	11	other				1670939	1	3153	2	0	3000
Picture	21	other				1681561	1	3153	2	0	3000
Picture	21	other				1690689	1	3154	2	0	3000
Picture	10	other				1700813	2	3154	3	0	3000
Picture	20	other				1709942	1	3153	2	0	3000
Picture	10	other				1720564	1	3153	2	0	3000
Picture	20	other				1730024	1	3153	2	0	3000
Picture	20	other				1741476	1	3153	2	0	3000
Picture	20	other				1749940	2	3154	3	0	3000
Picture	10	other				1758571	1	3153	2	0	3000
Picture	20	other				1769857	1	3153	2	0	3000
Picture	20	other				1779815	1	3153	2	0	3000
Picture	20	other				1788445	2	3154	3	0	3000
Picture	11	other				1798237	2	3154	3	0	3000
Picture	11	other				1808362	1	3153	2	0	3000
Picture	21	other				1817490	1	3153	2	0	3000
Picture	10	other				1828444	1	3153	2	0	3000
Picture	21	other				1839398	1	3153	2	0	3000
Picture	21	other				1848028	2	3150	7	0	3000
Picture	11	other				1859314	2	3154	3	0	3000
Picture	11	other				1867945	1	3153	2	0	3000
Picture	10	other				1878733	1	3153	2	0	3000
Picture	20	other				1888359	1	3153	2	0	3000
Picture	20	other				1898815	1	3153	2	0	3000
Picture	20	other				1909769	1	3153	2	0	3000
Picture	10	other				1920723	1	3153	2	0	3000
Picture	10	other				1929519	2	3154	3	0	3000
Picture	20	other				1940639	2	3154	3	0	3000
Picture	11	other				1949602	1	3153	2	0	3000
Picture	21	other				1958730	1	3153	2	0	3000
Picture	10	other				1968854	1	3154	2	0	3000
Picture	21	other				1979476	1	3154	2	0	3000
Picture	10	other				1990596	1	3154	2	0	3000
Picture	11	other				2001882	1	3153	3	0	3000
Picture	21	other				2012006	1	3154	2	0	3000
Picture	11	other				2021632	2	3154	3	0	3000
Picture	20	other				2030927	1	3153	2	0	3000
Picture	21	other				2041051	1	3153	2	0	3000
Picture	20	other				2051174	3	3154	5	0	3000
Picture	10	other				2061963	1	3153	3	0	3000
Picture	10	other				2070925	2	3154	3	0	3000
Picture	11	other				2081879	2	3154	3	0	3000
Picture	11	other				2092667	2	3154	3	0	3000
Picture	11	other				2103123	2	3154	3	0	3000
Picture	21	other				2112750	1	3153	2	0	3000
Picture	10	other				2123704	1	3153	2	0	3000
Picture	10	other				2134160	1	3153	2	0	3000
Picture	10	other				2144616	1	3153	2	0	3000
Picture	10	other				2154740	1	3153	2	0	3000
Picture	21	other				2164366	1	3154	2	0	3000
Picture	10	other				2172997	1	3153	2	0	3000
Picture	10	other				2183785	1	3153	2	0	3000
Picture	10	other				2193411	1	3153	2	0	3000
Picture	21	other				2204863	1	3153	2	0	3000
Picture	11	other				2213825	1	3153	3	0	3000
Picture	20	other				2223783	2	3154	3	0	3000
Picture	21	other				2232580	1	3153	2	0	3000
Picture	10	other				2242206	1	3153	2	0	3000
Picture	10	other				2251832	1	3154	2	0	3000
Picture	11	other				2262288	2	3154	3	0	3000
Picture	11	other				2273407	3	3155	4	0	3000
Picture	20	other				2283200	2	3154	3	0	3000
Picture	10	other				2292495	1	3153	2	0	3000
Picture	20	other				2303615	1	3153	2	0	3000
Picture	21	other				2314569	1	3153	2	0	3000
Picture	11	other				2324693	1	3153	2	0	3000
Picture	21	other				2334651	1	3153	2	0	3000
Picture	11	other				2345937	1	3153	2	0	3000
Picture	10	other				2356559	1	3153	2	0	3000
Picture	11	other				2366683	1	3153	3	0	3000
Picture	20	other				2376143	2	3154	3	0	3000
Picture	10	other				2384940	1	3153	2	0	3000
Picture	20	other				2396226	1	3153	2	0	3000
Picture	10	other				2406350	1	3153	2	0	3000
Picture	10	other				2415478	1	3154	2	0	3000
Picture	11	other				2424606	2	3154	3	0	3000
Picture	21	other				2434067	1	3153	2	0	3000
Picture	20	other				2445353	1	3153	2	0	3000
Picture	20	other				2454813	1	3153	2	0	3000
Picture	11	other				2465767	1	3153	2	0	3000
Picture	10	other				2476057	1	3153	2	0	3000
Picture	10	other				2487011	1	3153	3	0	3000
Picture	20	other				2497965	1	3153	2	0	3000
Picture	20	other				2508421	1	3153	3	0	3000
Picture	10	other				2517881	2	3154	3	0	3000
Picture	20	other				2529333	1	3154	2	0	3000
Picture	11	other				2540785	1	3153	3	0	3000
Picture	10	other				2551075	1	3154	2	0	3000
Picture	10	other				2560369	2	3154	3	0	3000
Picture	10	other				2571489	2	3154	3	0	3000
Picture	21	other				2579954	1	3153	2	0	3000
Picture	21	other				2589414	1	3154	2	0	3000
Picture	20	other				2598211	1	3153	2	0	3000
Picture	20	other				2608667	1	3153	2	0	3000
Picture	20	other				2619787	1	3153	2	0	3000
Picture	21	other				2628749	1	3153	3	0	3000
Picture	21	other				2639703	1	3153	2	0	3000
Picture	10	other				2649993	1	3153	3	0	3000
Picture	10	other				2660781	1	3153	3	0	3000
Picture	21	other				2670407	2	3154	3	0	3000
Picture	20	other				2679702	1	3153	2	0	3000
Picture	21	other				2690324	1	3153	2	0	3000
Picture	20	other				2699950	1	3153	2	0	3000
Picture	10	other				2709078	2	3154	3	0	3000
Picture	11	other				2719202	2	3154	3	0	3000
Picture	10	other				2729824	2	3154	3	0	3000
Picture	10	other				2738787	1	3153	2	0	3000
Picture	10	other				2747417	2	3154	3	0	3000
Picture	20	other				2758371	1	3154	2	0	3000
Picture	21	other				2769325	1	3154	2	0	3000
Picture	20	other				2780611	1	3153	3	0	3000
Picture	20	other				2792063	1	3153	3	0	3000
Picture	21	other				2803017	1	3153	2	0	3000
Picture	20	other				2811979	2	3154	3	0	3000
Picture	21	other				2821606	1	3153	2	0	3000
Picture	20	other				2830734	1	3153	2	0	3000
Picture	10	other				2840526	1	3154	2	0	3000
Picture	11	other				2851978	1	3153	3	0	3000
Picture	20	other				2862766	1	3153	3	0	3000
Picture	20	other				2873886	1	3153	2	0	3000
Picture	11	other				2882516	2	3154	3	0	3000
Picture	20	other				2891811	1	3153	2	0	3000
Picture	10	other				2902765	1	3153	2	0	3000
Picture	11	other				2913221	1	3153	2	0	3000
Picture	11	other				2923179	1	3153	2	0	3000
Picture	21	other				2933137	1	3154	2	0	3000
Picture	21	other				2944423	1	3153	3	0	3000
Picture	10	other				2955377	1	3153	3	0	3000
Picture	10	other				2966663	1	3153	2	0	3000
Picture	10	other				2976123	1	3154	2	0	3000
Picture	11	other				2985251	2	3154	3	0	3000
Picture	11	other				2996371	2	3154	3	0	3000
Picture	11	other				3006662	1	3153	2	0	3000
Picture	10	other				3015458	1	3153	3	0	3000
Picture	21	other				3026080	1	3153	3	0	3000
