Scenario - EFT lento Abril 2011
Logfile written - 05/05/2011 10:29:37

Subject	Trial	Event Type	Code	Time	TTime	Uncertainty	Duration	Uncertainty	ReqTime	ReqDur

ME	2	Picture	11	10414	0	1	3153	2	0	3000
ME	3	Response	1	16018	2285	1
ME	4	Picture	21	41450	0	1	3153	2	0	3000
ME	5	Response	2	45799	1030	1
ME	6	Picture	20	75142	0	1	3153	2	0	3000
ME	7	Response	2	83466	5005	1
ME	8	Picture	10	107672	0	1	3153	2	0	3000
ME	9	Response	1	113094	2103	1
ME	10	Picture	21	137048	0	2	3154	3	0	3000
ME	11	Response	2	142339	1971	1
ME	12	Picture	20	172400	0	1	3153	2	0	3000
ME	13	Response	2	179088	3369	1
ME	14	Picture	21	201113	0	1	3153	2	0	3000
ME	15	Response	2	206502	2070	1
ME	16	Picture	20	235966	0	1	3154	2	0	3000
ME	17	Response	2	242808	3522	1
ME	18	Picture	21	272645	0	2	3154	3	0	3000
ME	19	Response	2	277100	1135	1
ME	20	Picture	11	305341	0	2	3154	3	0	3000
ME	21	Response	1	310775	2114	1
ME	22	Picture	20	345174	0	1	3154	2	0	3000
ME	23	Response	2	352218	3724	1
ME	24	Picture	20	378202	0	1	3153	3	0	3000
ME	25	Response	2	383913	2392	1
ME	26	Picture	20	411396	0	1	3153	3	0	3000
ME	27	Response	2	416944	2229	1
ME	28	Picture	11	451561	0	1	3153	2	0	3000
ME	29	Response	1	457148	2268	1
ME	30	Picture	21	483427	0	1	3153	2	0	3000
ME	31	Response	2	488848	2102	1
ME	32	Picture	11	519940	0	1	3153	3	0	3000
ME	33	Response	1	524209	950	1
ME	34	Picture	11	553798	0	1	3153	2	0	3000
ME	35	Response	1	558653	1536	1
ME	36	Picture	20	593299	0	1	3153	2	0	3000
ME	37	Response	2	599356	2738	1
ME	38	Picture	11	631969	0	2	3154	3	0	3000
ME	39	Response	1	636518	1229	1
ME	40	Picture	10	668815	0	1	3153	2	0	3000
ME	41	Response	1	676690	4556	1
ME	42	Picture	10	699851	0	1	3153	3	0	3000
ME	43	Response	1	706319	3149	1
ME	44	Picture	11	735534	0	2	3154	3	0	3000
ME	45	Response	1	740143	1289	1
ME	46	Picture	21	764579	0	1	3153	3	0	3000
ME	47	Response	2	770243	2345	1
ME	48	Picture	10	800594	0	2	3154	3	0	3000
ME	49	Response	1	805423	1509	1
ME	50	Picture	10	834286	0	2	3154	3	0	3000
ME	51	Response	1	839485	1879	1
ME	52	Picture	21	870966	0	1	3153	2	0	3000
ME	53	Response	2	875167	882	1
ME	54	Picture	10	903662	0	1	3153	2	0	3000
ME	55	Response	1	909876	2895	1
ME	56	Picture	11	942664	0	2	3154	3	0	3000
ME	57	Response	1	948072	2088	1
ME	58	Picture	11	974033	0	1	3153	2	0	3000
ME	59	Response	1	978504	1152	1
ME	60	Picture	21	1010878	0	1	3153	2	0	3000
ME	61	Response	2	1014425	228	2
ME	62	Picture	21	1043740	0	1	3153	2	0	3000
ME	63	Response	2	1047600	541	2
ME	64	Picture	21	1073282	0	2	3154	3	0	3000
ME	65	Response	2	1077292	690	1
ME	66	Picture	20	1111787	0	2	3154	3	0	3000
ME	67	Response	2	1116407	1300	1
ME	68	Picture	20	1141994	0	1	3153	2	0	3000
ME	69	Response	2	1149906	4593	1
ME	70	Picture	20	1174192	0	1	3153	2	0	3000
ME	71	Response	2	1179386	1875	1
ME	72	Picture	10	1203734	0	2	3154	3	0	3000
ME	73	Response	1	1209727	2673	2
ME	74	Picture	20	1236762	0	2	3154	3	0	3000
ME	75	Response	2	1241924	1842	1
ME	76	Picture	11	1269790	0	2	3154	3	0	3000
ME	77	Response	1	1274566	1456	1
ME	78	Picture	11	1308461	0	2	3154	3	0	3000
ME	79	Response	1	1317019	5238	1
ME	80	Picture	20	1347630	0	1	3153	3	0	3000
ME	81	Response	2	1353562	2613	2
ME	82	Picture	21	1382816	0	1	3153	2	0	3000
ME	83	Response	2	1388122	1987	1
ME	84	Picture	20	1413520	0	1	3153	2	0	3000
ME	85	Response	2	1418816	1977	1
ME	86	Picture	10	1445220	0	1	3154	2	0	3000
ME	87	Response	2	1448891	351	1
ME	88	Picture	20	1477418	0	1	3154	2	0	3000
ME	89	Response	2	1482685	1947	1
ME	90	Picture	20	1512936	0	1	3153	2	0	3000
ME	91	Response	2	1518638	2383	1
ME	92	Picture	20	1551607	0	1	3153	2	0	3000
ME	93	Response	2	1557012	2086	1
ME	94	Picture	11	1583639	0	1	3153	2	0	3000
ME	95	Response	1	1588591	1633	1
ME	96	Picture	11	1620650	0	1	3153	2	0	3000
ME	97	Response	1	1626288	2319	2
ME	98	Picture	10	1649695	0	1	3153	2	0	3000
ME	99	Response	1	1655802	2788	1
ME	100	Picture	21	1684382	0	2	3154	3	0	3000
ME	101	Response	2	1689216	1514	1
ME	102	Picture	10	1713593	0	1	3153	2	0	3000
ME	103	Response	1	1718614	1702	1
ME	104	Picture	11	1745625	0	1	3153	3	0	3000
ME	105	Response	1	1750135	1191	1
ME	106	Picture	10	1784794	0	1	3153	2	0	3000
ME	107	Response	1	1789838	1725	1
ME	108	Picture	11	1821805	0	1	3153	3	0	3000
ME	109	Response	1	1829217	4093	1
ME	110	Picture	11	1858318	0	2	3154	3	0	3000
ME	111	Response	1	1862868	1230	1
ME	112	Picture	10	1887197	0	1	3153	3	0	3000
ME	113	Response	1	1892260	1744	1
ME	114	Picture	11	1916906	0	1	3153	2	0	3000
ME	115	Response	1	1920833	608	1
ME	116	Picture	10	1956074	0	2	3154	3	0	3000
ME	117	Response	1	1962253	2859	1
ME	118	Picture	11	1996405	0	1	3153	2	0	3000
ME	119	Response	1	2000932	1208	1
ME	120	Picture	10	2035242	0	1	3153	2	0	3000
ME	121	Response	1	2040668	2107	1
ME	122	Picture	11	2073249	0	1	3153	2	0	3000
ME	123	Response	1	2078162	1594	1
ME	124	Picture	20	2106775	0	1	3153	2	0	3000
ME	125	Response	2	2112580	2486	2
ME	126	Picture	21	2135487	0	2	3154	3	0	3000
ME	127	Response	2	2141056	2249	1
ME	128	Picture	10	2172997	0	1	3153	2	0	3000
ME	129	Response	1	2177658	1342	2
ME	130	Picture	11	2208182	0	1	3153	3	0	3000
ME	131	Response	1	2217303	5802	2
ME	132	Picture	21	2238223	0	1	3153	2	0	3000
ME	133	Response	2	2243631	2089	1
ME	134	Picture	20	2272246	0	2	3154	3	0	3000
ME	135	Response	2	2278136	2570	1
ME	136	Picture	11	2302951	0	1	3153	2	0	3000
ME	137	Response	1	2310720	4450	2
ME	138	Picture	11	2335315	0	1	3153	2	0	3000
ME	139	Response	1	2340352	1718	2
ME	140	Picture	21	2369670	0	2	3154	3	0	3000
ME	141	Response	2	2374709	1719	1
ME	142	Picture	10	2403196	0	2	3154	3	0	3000
ME	143	Response	1	2409149	2633	2
ME	144	Picture	10	2434067	0	1	3153	2	0	3000
ME	145	Response	1	2439438	2052	1
ME	146	Picture	11	2469916	0	1	3153	3	0	3000
ME	147	Response	1	2474890	1655	2
ME	148	Picture	10	2507923	0	1	3153	3	0	3000
ME	149	Response	1	2513474	2232	1
ME	150	Picture	11	2542611	0	1	3153	2	0	3000
ME	151	Response	1	2546947	1017	1
ME	152	Picture	20	2576136	0	2	3154	3	0	3000
ME	153	Response	2	2580982	1526	2
ME	154	Picture	11	2605181	0	1	3154	2	0	3000
ME	155	Response	1	2610932	2431	1
ME	156	Picture	20	2639869	0	1	3153	2	0	3000
ME	157	Response	2	2646383	3195	1
ME	158	Picture	21	2671569	0	1	3153	2	0	3000
ME	159	Response	2	2677154	2266	1
ME	160	Picture	21	2702439	0	2	3154	3	0	3000
ME	161	Response	2	2706986	1227	2
ME	162	Picture	11	2732148	0	1	3153	2	0	3000
ME	163	Response	1	2736881	1414	1
ME	164	Picture	11	2765010	0	1	3153	2	0	3000
ME	165	Response	1	2769434	1105	1
ME	166	Picture	11	2796544	0	1	3153	3	0	3000
ME	167	Response	1	2800806	943	1
ME	168	Picture	11	2832891	0	2	3154	3	0	3000
ME	169	Response	1	2839029	2818	1
ME	170	Picture	20	2870400	0	2	3154	3	0	3000
ME	171	Response	2	2884819	11099	1
ME	172	Picture	11	2904756	0	1	3154	2	0	3000
ME	173	Response	1	2908950	874	1
ME	174	Picture	11	2944423	0	1	3153	2	0	3000
ME	175	Response	1	2953059	5317	1
ME	176	Picture	11	2976953	0	1	3153	2	0	3000
ME	177	Response	1	2984103	3831	1
ME	178	Picture	20	3014296	0	1	3153	3	0	3000
ME	179	Response	2	3021439	3824	1
ME	180	Picture	21	3044668	0	2	3154	3	0	3000
ME	181	Response	2	3051800	3812	2
ME	182	Picture	20	3082675	0	2	3154	3	0	3000
ME	183	Response	2	3091229	5234	1
ME	184	Picture	11	3118691	0	1	3153	2	0	3000
ME	185	Response	1	3125399	3389	1
ME	186	Picture	21	3148067	0	2	3154	3	0	3000
ME	187	Response	2	3154377	2990	1
ME	188	Picture	10	3176780	0	1	3154	2	0	3000
ME	189	Response	1	3183317	3217	1
ME	190	Picture	10	3210472	0	1	3153	3	0	3000
ME	191	Response	1	3216930	3139	1
ME	192	Picture	10	3244330	0	1	3153	2	0	3000
ME	193	Response	1	3250870	3221	2
ME	194	Picture	20	3282005	0	1	3153	2	0	3000
ME	195	Response	2	3287444	2120	1
ME	196	Picture	20	3319846	0	1	3153	2	0	3000
ME	197	Response	2	3325873	2708	2
ME	198	Picture	21	3356359	0	2	3154	3	0	3000
ME	199	Response	2	3361847	2168	1
ME	200	Picture	21	3387230	0	1	3153	2	0	3000
ME	201	Response	2	3393209	2660	1
ME	202	Picture	11	3417436	0	1	3153	3	0	3000
ME	203	Response	1	3422740	1985	1
ME	204	Picture	20	3446315	0	1	3153	2	0	3000
ME	205	Response	2	3452338	2704	1
ME	206	Picture	21	3482662	0	1	3153	3	0	3000
ME	207	Response	2	3487140	1159	1
ME	208	Picture	11	3521997	0	1	3153	2	0	3000
ME	209	Response	1	3527193	1877	1
ME	210	Picture	21	3554527	0	1	3153	2	0	3000
ME	211	Response	2	3560071	2225	1
ME	212	Picture	20	3585563	0	1	3154	2	0	3000
ME	213	Response	2	3591332	2449	1
ME	214	Picture	10	3618923	0	1	3153	3	0	3000
ME	215	Response	1	3625252	3010	2
ME	216	Picture	21	3658424	0	1	3153	2	0	3000
ME	217	Response	2	3663778	2035	1
ME	218	Picture	20	3695933	0	1	3153	2	0	3000
ME	219	Response	2	3702013	2761	1
ME	220	Picture	10	3730123	0	1	3153	2	0	3000
ME	221	Response	1	3735790	2348	1
ME	222	Picture	10	3760661	0	1	3153	3	0	3000
ME	223	Response	1	3765655	1675	1
ME	224	Picture	21	3795681	0	1	3153	2	0	3000
ME	225	Response	2	3799781	781	1
ME	226	Picture	10	3829870	0	2	3154	3	0	3000
ME	227	Response	1	3835536	2346	1
ME	228	Picture	21	3866218	0	1	3153	2	0	3000
ME	229	Response	2	3871429	1892	1
ME	230	Picture	11	3901071	0	2	3154	3	0	3000
ME	231	Response	1	3904992	601	1
ME	232	Picture	21	3937087	0	1	3153	2	0	3000
ME	233	Response	2	3942246	1840	2
ME	234	Picture	20	3977251	0	2	3154	3	0	3000
ME	235	Response	2	3984058	3487	1
ME	236	Picture	20	4012271	0	1	3153	2	0	3000
ME	237	Response	2	4018281	2691	1
ME	238	Picture	21	4047124	0	2	3154	3	0	3000
ME	239	Response	2	4052205	1761	1
ME	240	Picture	21	4086459	0	1	3154	2	0	3000
ME	241	Response	2	4090205	426	2
ME	242	Picture	21	4118159	0	2	3154	3	0	3000
ME	243	Response	2	4123240	1761	1
ME	244	Picture	20	4155171	0	1	3153	2	0	3000
ME	245	Response	2	4160941	2451	1
ME	246	Picture	21	4193841	0	2	3154	3	0	3000
ME	247	Response	2	4198463	1302	1
ME	248	Picture	11	4227699	0	2	3154	3	0	3000
ME	249	Response	1	4234505	3486	1
ME	250	Picture	10	4261059	0	1	3154	2	0	3000
ME	251	Response	1	4266830	2452	1
ME	252	Picture	10	4298568	0	2	3154	3	0	3000
ME	253	Response	1	4304500	2612	2
ME	254	Picture	10	4329107	0	1	3153	2	0	3000
ME	255	Response	1	4334901	2475	1
ME	256	Picture	21	4360807	0	1	3153	2	0	3000
ME	257	Response	2	4365588	1462	2
ME	258	Picture	21	4398150	0	1	3153	3	0	3000
ME	259	Response	2	4403280	1811	1
ME	260	Picture	20	4431012	0	1	3153	2	0	3000
ME	261	Response	2	4436039	1708	1
ME	262	Picture	20	4464040	0	1	3153	2	0	3000
ME	263	Response	2	4470190	2831	2
ME	264	Picture	10	4502545	0	1	3153	2	0	3000
ME	265	Response	1	4508327	2463	2
ME	266	Picture	20	4539722	0	1	3153	3	0	3000
ME	267	Response	2	4545226	2185	1
ME	268	Picture	20	4576235	0	2	3154	3	0	3000
ME	269	Response	2	4582130	2575	1
ME	270	Picture	21	4612085	0	1	3153	2	0	3000
ME	271	Response	2	4616142	738	1
ME	272	Picture	21	4641295	0	2	3154	3	0	3000
ME	273	Response	2	4645624	1009	1
ME	274	Picture	21	4677477	0	1	3153	2	0	3000
ME	275	Response	2	4681019	223	2
ME	276	Picture	11	4710173	0	1	3153	2	0	3000
ME	277	Response	1	4716117	2625	1
ME	278	Picture	11	4742371	0	1	3153	2	0	3000
ME	279	Response	1	4747342	1652	1
ME	280	Picture	11	4782867	0	2	3154	3	0	3000
ME	281	Response	1	4788521	2334	1
ME	282	Picture	11	4819215	0	1	3153	2	0	3000
ME	283	Response	1	4824471	1937	1
ME	284	Picture	21	4857720	0	1	3153	2	0	3000
ME	285	Response	2	4862076	1037	1
ME	286	Picture	20	4889752	0	1	3153	2	0	3000
ME	287	Response	2	4895846	2775	1
ME	288	Picture	10	4922946	0	1	3153	2	0	3000
ME	289	Response	1	4930207	3942	1
ME	290	Picture	10	4953318	0	1	3153	3	0	3000
ME	291	Response	1	4959309	2672	1
ME	292	Picture	11	4988006	0	1	3153	2	0	3000
ME	293	Response	1	4994171	2846	1
ME	294	Picture	21	5023689	0	1	3154	2	0	3000
ME	295	Response	2	5028736	1728	1
ME	296	Picture	11	5057713	0	1	3153	2	0	3000
ME	297	Response	1	5062210	1178	1
ME	298	Picture	10	5086426	0	1	3153	2	0	3000
ME	299	Response	1	5092610	2865	1
ME	300	Picture	11	5121445	0	1	3154	2	0	3000
ME	301	Response	1	5126525	1760	1
ME	302	Response	2	5457933	297651	1
ME	304	Picture	11	5478280	0	1	3153	2	0	3000
ME	305	Response	1	5483623	2024	2
ME	306	Picture	20	5509648	0	1	3153	2	0	3000
ME	307	Response	2	5515732	2765	1
ME	308	Picture	21	5548319	0	1	3153	2	0	3000
ME	309	Response	2	5553209	1571	1
ME	310	Picture	21	5577529	0	2	3154	3	0	3000
ME	311	Response	2	5581207	358	1
ME	312	Picture	20	5616864	0	1	3154	2	0	3000
ME	313	Response	2	5621791	1607	1
ME	314	Picture	20	5647403	0	1	3153	2	0	3000
ME	315	Response	2	5652535	1813	1
ME	316	Picture	10	5677941	0	1	3153	3	0	3000
ME	317	Response	1	5688152	6892	1
ME	318	Picture	10	5717940	0	1	3153	2	0	3000
ME	319	Response	2	5723331	2072	3
ME	320	Picture	11	5752793	0	2	3154	3	0	3000
ME	321	Response	1	5758220	2107	1
ME	322	Picture	21	5782170	0	1	3153	2	0	3000
ME	323	Response	2	5787230	1741	1
ME	324	Picture	10	5813538	0	1	3154	2	0	3000
ME	325	Response	1	5819394	2536	1
ME	326	Picture	21	5852707	0	1	3153	2	0	3000
ME	327	Response	2	5860010	3984	1
ME	328	Picture	10	5892042	0	1	3153	2	0	3000
ME	329	Response	1	5900506	5145	1
ME	330	Picture	21	5922580	0	1	3154	2	0	3000
ME	331	Response	2	5928570	2671	1
ME	332	Picture	11	5952787	0	1	3153	2	0	3000
ME	333	Response	1	5956928	822	2
ME	334	Picture	20	5985980	0	2	3154	3	0	3000
ME	335	Response	2	5992377	3077	1
ME	336	Picture	10	6023158	0	1	3153	2	0	3000
ME	337	Response	1	6028261	1784	2
ME	338	Picture	20	6058011	0	2	3154	3	0	3000
ME	339	Response	2	6063498	2167	1
ME	340	Picture	10	6090375	0	2	3154	3	0	3000
ME	341	Response	1	6095166	1471	1
ME	342	Picture	11	6122573	0	2	3154	3	0	3000
ME	343	Response	1	6128479	2586	1
ME	344	Picture	21	6159751	0	1	3153	2	0	3000
ME	345	Response	2	6164126	1056	1
ME	346	Picture	10	6191285	0	1	3153	2	0	3000
ME	347	Response	1	6195915	1311	2
ME	348	Picture	20	6221159	0	2	3154	3	0	3000
ME	349	Response	2	6227190	2711	2
ME	350	Picture	11	6257341	0	1	3153	2	0	3000
ME	351	Response	1	6262375	1715	2
ME	352	Picture	11	6295514	0	1	3153	2	0	3000
ME	353	Response	1	6300539	1706	2
ME	354	Picture	21	6331363	0	1	3153	3	0	3000
ME	355	Response	2	6336012	1330	1
ME	356	Picture	10	6366217	0	1	3153	2	0	3000
ME	357	Response	1	6373061	3525	1
ME	358	Picture	10	6395095	0	2	3154	3	0	3000
ME	359	Response	1	6401950	3535	2
ME	360	Picture	21	6430945	0	1	3153	2	0	3000
ME	361	Response	2	6436339	2075	1
ME	362	Picture	21	6459989	0	2	3154	3	0	3000
ME	363	Response	2	6465051	1742	1
ME	364	Picture	20	6494179	0	1	3154	2	0	3000
ME	365	Response	2	6499823	2324	1
ME	366	Picture	11	6531356	0	2	3154	3	0	3000
ME	367	Response	1	6537164	2488	1
ME	368	Picture	21	6563222	0	2	3154	3	0	3000
ME	369	Response	2	6567972	1430	2
ME	370	Picture	21	6597578	0	1	3154	2	0	3000
ME	371	Response	2	6602034	1136	1
ME	372	Picture	20	6627951	0	1	3153	2	0	3000
ME	373	Response	2	6634378	3108	1
ME	374	Picture	10	6665958	0	1	3153	2	0	3000
ME	375	Response	1	6673606	4329	1
ME	376	Picture	21	6704795	0	1	3153	2	0	3000
ME	377	Response	2	6709409	1295	1
ME	378	Picture	10	6743299	0	2	3154	3	0	3000
ME	379	Response	1	6750055	3436	1
ME	380	Picture	21	6773506	0	1	3153	2	0	3000
ME	381	Response	2	6778531	1706	1
ME	382	Picture	21	6812509	0	1	3153	2	0	3000
ME	383	Response	2	6816344	516	2
ME	384	Picture	11	6848026	0	1	3154	2	0	3000
ME	385	Response	1	6853444	2098	1
ME	386	Picture	10	6885535	0	2	3154	3	0	3000
ME	387	Response	1	6890956	2101	1
ME	388	Picture	11	6924870	0	1	3154	2	0	3000
ME	389	Response	1	6929799	1610	1
ME	390	Picture	21	6955408	0	2	3154	3	0	3000
ME	391	Response	2	6960080	1352	1
ME	392	Picture	10	6994079	0	2	3154	3	0	3000
ME	393	Response	1	7000167	2768	1
ME	394	Picture	21	7030925	0	1	3153	2	0	3000
ME	395	Response	2	7038418	4174	1
ME	396	Picture	21	7064616	0	2	3154	3	0	3000
ME	397	Response	2	7071682	3746	1
ME	398	Picture	10	7104117	0	2	3154	3	0	3000
ME	399	Response	1	7112462	5025	1
ME	400	Picture	10	7132830	0	2	3153	3	0	3000
ME	401	Response	1	7139721	3572	2
ME	402	Picture	21	7165526	0	1	3153	2	0	3000
ME	403	Response	2	7172209	3364	1
ME	404	Picture	20	7202371	0	1	3154	2	0	3000
ME	405	Response	2	7209593	3903	1
ME	406	Picture	21	7240046	0	2	3154	3	0	3000
ME	407	Response	2	7244936	1570	1
ME	408	Picture	20	7274734	0	1	3153	2	0	3000
ME	409	Response	2	7280224	2171	2
ME	410	Picture	10	7304774	0	2	3154	3	0	3000
ME	411	Response	1	7310405	2311	2
ME	412	Picture	11	7339296	0	1	3153	3	0	3000
ME	413	Response	1	7344015	1400	1
ME	414	Picture	10	7375477	0	2	3154	3	0	3000
ME	415	Response	1	7380491	1694	1
ME	416	Picture	21	7414812	0	1	3154	2	0	3000
ME	417	Response	2	7420097	1965	1
ME	418	Picture	21	7453815	0	1	3153	3	0	3000
ME	419	Response	2	7458701	1567	1
ME	420	Picture	11	7489996	0	2	3154	3	0	3000
ME	421	Response	1	7494378	1062	2
ME	422	Picture	10	7519041	0	1	3153	3	0	3000
ME	423	Response	1	7524212	1852	2
ME	424	Picture	11	7558708	0	1	3153	2	0	3000
ME	425	Response	1	7562997	970	1
ME	426	Picture	20	7589744	0	1	3153	3	0	3000
ME	427	Response	2	7596195	3132	2
ME	428	Picture	11	7622606	0	1	3153	3	0	3000
ME	429	Response	1	7627146	1221	1
ME	430	Picture	21	7652315	0	1	3153	2	0	3000
ME	431	Response	2	7656529	895	1
ME	432	Picture	20	7690653	0	2	3154	3	0	3000
ME	433	Response	2	7696258	2285	1
ME	434	Picture	20	7727997	0	1	3153	2	0	3000
ME	435	Response	2	7735748	4432	1
ME	436	Picture	10	7767995	0	2	3154	3	0	3000
ME	437	Response	1	7774027	2712	1
ME	438	Picture	11	7799032	0	1	3153	2	0	3000
ME	439	Response	1	7803827	1476	1
ME	440	Picture	10	7836707	0	1	3153	2	0	3000
ME	441	Response	1	7841722	1696	1
ME	442	Picture	20	7869569	0	1	3153	2	0	3000
ME	443	Response	2	7875772	2884	1
ME	444	Picture	20	7900273	0	1	3153	3	0	3000
ME	445	Response	2	7905815	2223	1
ME	446	Picture	10	7930148	0	1	3153	2	0	3000
ME	447	Response	1	7935645	2178	1
ME	448	Picture	20	7966661	0	1	3153	2	0	3000
ME	449	Response	2	7971799	1819	2
ME	450	Picture	10	8000353	0	1	3153	2	0	3000
ME	451	Response	1	8005005	1333	1
ME	452	Picture	11	8035372	0	2	3154	3	0	3000
ME	453	Response	1	8042188	3496	1
ME	454	Picture	11	8072715	0	2	3154	3	0	3000
ME	455	Response	1	8077363	1328	2
ME	456	Picture	11	8106241	0	2	3154	3	0	3000
ME	457	Response	1	8111740	2179	1
ME	458	Picture	10	8143750	0	2	3154	3	0	3000
ME	459	Response	1	8163045	15975	1
ME	460	Picture	11	8180762	0	1	3153	2	0	3000
ME	461	Response	1	8186494	2413	1
ME	462	Picture	10	8209474	0	2	3154	3	0	3000
ME	463	Response	1	8219280	6486	2
ME	464	Picture	20	8242668	0	1	3154	2	0	3000
ME	465	Response	2	8248640	2652	2
ME	466	Picture	21	8281173	0	1	3154	2	0	3000
ME	467	Response	2	8285946	1454	1
ME	468	Picture	20	8313537	0	1	3154	2	0	3000
ME	469	Response	2	8318531	1674	1
ME	470	Picture	10	8350714	0	2	3154	3	0	3000
ME	471	Response	1	8359761	5727	1
ME	472	Picture	21	8387228	0	1	3153	2	0	3000
ME	473	Response	2	8393106	2559	1
ME	474	Picture	21	8426728	0	2	3154	3	0	3000
ME	475	Response	2	8431909	1861	1
ME	476	Picture	20	8457765	0	1	3153	2	0	3000
ME	477	Response	2	8464280	3196	1
ME	478	Picture	10	8490129	0	1	3153	2	0	3000
ME	479	Response	1	8497794	4346	1
ME	480	Picture	11	8526642	0	1	3153	3	0	3000
ME	481	Response	1	8531078	1117	1
ME	482	Picture	21	8559504	0	1	3153	3	0	3000
ME	483	Response	2	8566696	3873	1
ME	484	Picture	10	8593030	0	1	3153	2	0	3000
ME	485	Response	1	8598714	2365	1
ME	486	Picture	11	8630207	0	1	3153	3	0	3000
ME	487	Response	1	8635780	2254	2
ME	488	Picture	20	8666554	0	2	3154	3	0	3000
ME	489	Response	2	8682116	12242	1
ME	490	Picture	20	8705889	0	1	3154	2	0	3000
ME	491	Response	2	8720533	11324	1
ME	492	Picture	20	8743896	0	1	3154	2	0	3000
ME	493	Response	2	8750294	3078	2
ME	494	Picture	10	8780741	0	2	3154	3	0	3000
ME	495	Response	1	8786952	2891	2
ME	496	Picture	21	8817421	0	1	3153	2	0	3000
ME	497	Response	2	8826353	5613	1
ME	498	Picture	10	8855926	0	1	3153	2	0	3000
ME	499	Response	1	8862504	3259	2
ME	500	Picture	10	8895924	0	2	3154	3	0	3000
ME	501	Response	1	8902194	2950	1
ME	502	Picture	21	8926629	0	1	3153	2	0	3000
ME	503	Response	2	8936696	6748	1
ME	504	Picture	11	8966129	0	2	3154	3	0	3000
ME	505	Response	1	8972167	2718	1
ME	506	Picture	11	8997664	0	1	3153	2	0	3000
ME	507	Response	1	9003211	2228	1
ME	508	Picture	21	9030194	0	1	3153	2	0	3000
ME	509	Response	2	9036289	2776	1
ME	510	Picture	20	9070026	0	2	3154	3	0	3000
ME	511	Response	2	9078736	5390	1
ME	512	Picture	10	9106374	0	1	3153	2	0	3000
ME	513	Response	1	9113951	4258	1
ME	514	Picture	11	9134920	0	2	3154	3	0	3000
ME	515	Response	1	9142225	3985	1
ME	516	Picture	21	9163633	0	1	3153	3	0	3000
ME	517	Response	2	9168608	1656	1
ME	518	Picture	20	9192844	0	1	3153	2	0	3000
ME	519	Response	2	9199183	3020	1
ME	520	Picture	21	9227365	0	2	3154	3	0	3000
ME	521	Response	2	9231499	814	2
ME	522	Picture	20	9261223	0	1	3154	2	0	3000
ME	523	Response	2	9266634	2091	2
ME	524	Picture	21	9295247	0	1	3153	3	0	3000
ME	525	Response	2	9299306	740	1
ME	526	Picture	11	9327279	0	1	3154	2	0	3000
ME	527	Response	1	9333835	3237	1
ME	528	Picture	11	9367444	0	1	3153	2	0	3000
ME	529	Response	1	9371942	1179	1
ME	530	Picture	20	9401799	0	2	3154	3	0	3000
ME	531	Response	2	9406798	1679	1
ME	532	Picture	10	9440802	0	2	3154	3	0	3000
ME	533	Response	1	9446914	2792	1
ME	534	Picture	11	9471839	0	1	3153	2	0	3000
ME	535	Response	1	9476949	1791	1
ME	536	Picture	10	9510011	0	2	3154	3	0	3000
ME	537	Response	1	9515643	2312	1
ME	538	Picture	21	9542376	0	1	3153	2	0	3000
ME	539	Response	2	9547633	1938	1
ME	540	Picture	21	9581212	0	2	3154	3	0	3000
ME	541	Response	2	9587390	2858	1
ME	542	Picture	21	9620713	0	2	3154	3	0	3000
ME	543	Response	2	9625873	1840	1
ME	544	Picture	21	9654239	0	1	3153	3	0	3000
ME	545	Response	2	9659935	2377	1
ME	546	Picture	11	9689093	0	1	3153	2	0	3000
ME	547	Response	1	9694621	2209	1
ME	548	Picture	10	9721125	0	1	3153	2	0	3000
ME	549	Response	1	9726996	2552	1
ME	550	Picture	11	9755314	0	2	3154	3	0	3000
ME	551	Response	1	9760259	1625	1
ME	552	Picture	20	9785189	0	1	3153	3	0	3000
ME	553	Response	2	9791895	3387	1
ME	554	Picture	11	9820541	0	1	3153	2	0	3000
ME	555	Response	1	9826779	2919	2
ME	556	Picture	10	9854232	0	2	3154	3	0	3000
ME	557	Response	1	9861310	3758	2
ME	558	Picture	20	9891410	0	1	3153	2	0	3000
ME	559	Response	2	9897082	2353	1
ME	560	Picture	11	9926927	0	1	3153	3	0	3000
ME	561	Response	1	9931551	1305	1
ME	562	Picture	20	9966096	0	1	3153	2	0	3000
ME	563	Response	2	9971780	2365	1
ME	564	Picture	21	10003605	0	1	3153	2	0	3000
ME	565	Response	2	10009178	2254	2
ME	566	Picture	11	10036633	0	1	3153	2	0	3000
ME	567	Response	1	10043768	3816	2
ME	568	Picture	21	10073478	0	1	3154	2	0	3000
ME	569	Response	2	10078703	1906	1
ME	570	Picture	10	10108664	0	1	3153	2	0	3000
ME	571	Response	1	10114120	2137	1
ME	572	Picture	21	10143185	0	2	3154	3	0	3000
ME	573	Response	2	10147792	1287	2
ME	574	Picture	11	10179699	0	1	3153	2	0	3000
ME	575	Response	1	10187577	4559	1
ME	576	Picture	21	10215548	0	1	3153	3	0	3000
ME	577	Response	2	10219448	581	1
ME	578	Picture	21	10253555	0	1	3153	3	0	3000
ME	579	Response	2	10258347	1473	1
ME	580	Picture	20	10284757	0	2	3154	3	0	3000
ME	581	Response	2	10289951	1874	1
ME	582	Picture	20	10314964	0	1	3153	2	0	3000
ME	583	Response	2	10320872	2589	1
ME	584	Picture	20	10346996	0	1	3153	2	0	3000
ME	585	Response	2	10354044	3729	1
ME	586	Picture	20	10376041	0	1	3153	2	0	3000
ME	587	Response	2	10381392	2032	1
ME	588	Picture	20	10413550	0	1	3153	2	0	3000
ME	589	Response	2	10421235	4366	1
ME	590	Picture	10	10442262	0	2	3154	3	0	3000
ME	591	Response	1	10450122	4540	1
ME	592	Picture	20	10475954	0	1	3154	2	0	3000
ME	593	Response	2	10482226	2952	1
ME	594	Picture	10	10509978	0	1	3153	2	0	3000
ME	595	Response	1	10515284	1987	1
ME	596	Picture	20	10549313	0	1	3153	2	0	3000
ME	597	Response	2	10555044	2412	1
ME	598	Picture	21	10578191	0	2	3154	3	0	3000
ME	599	Response	2	10584814	3303	2
ME	600	Picture	21	10608066	0	1	3153	2	0	3000
ME	601	Response	2	10612869	1484	1
ME	602	Picture	21	10645243	0	1	3154	2	0	3000
ME	603	Response	2	10650143	1581	1
ME	604	Response	2	10724990	43897	2


Event Type	Code	Type	Response	RT	RT Uncertainty	Time	Uncertainty	Duration	Uncertainty	ReqTime	ReqDur

Picture	11	other				10414	1	3153	2	0	3000
Picture	21	other				41450	1	3153	2	0	3000
Picture	20	other				75142	1	3153	2	0	3000
Picture	10	other				107672	1	3153	2	0	3000
Picture	21	other				137048	2	3154	3	0	3000
Picture	20	other				172400	1	3153	2	0	3000
Picture	21	other				201113	1	3153	2	0	3000
Picture	20	other				235966	1	3154	2	0	3000
Picture	21	other				272645	2	3154	3	0	3000
Picture	11	other				305341	2	3154	3	0	3000
Picture	20	other				345174	1	3154	2	0	3000
Picture	20	other				378202	1	3153	3	0	3000
Picture	20	other				411396	1	3153	3	0	3000
Picture	11	other				451561	1	3153	2	0	3000
Picture	21	other				483427	1	3153	2	0	3000
Picture	11	other				519940	1	3153	3	0	3000
Picture	11	other				553798	1	3153	2	0	3000
Picture	20	other				593299	1	3153	2	0	3000
Picture	11	other				631969	2	3154	3	0	3000
Picture	10	other				668815	1	3153	2	0	3000
Picture	10	other				699851	1	3153	3	0	3000
Picture	11	other				735534	2	3154	3	0	3000
Picture	21	other				764579	1	3153	3	0	3000
Picture	10	other				800594	2	3154	3	0	3000
Picture	10	other				834286	2	3154	3	0	3000
Picture	21	other				870966	1	3153	2	0	3000
Picture	10	other				903662	1	3153	2	0	3000
Picture	11	other				942664	2	3154	3	0	3000
Picture	11	other				974033	1	3153	2	0	3000
Picture	21	other				1010878	1	3153	2	0	3000
Picture	21	other				1043740	1	3153	2	0	3000
Picture	21	other				1073282	2	3154	3	0	3000
Picture	20	other				1111787	2	3154	3	0	3000
Picture	20	other				1141994	1	3153	2	0	3000
Picture	20	other				1174192	1	3153	2	0	3000
Picture	10	other				1203734	2	3154	3	0	3000
Picture	20	other				1236762	2	3154	3	0	3000
Picture	11	other				1269790	2	3154	3	0	3000
Picture	11	other				1308461	2	3154	3	0	3000
Picture	20	other				1347630	1	3153	3	0	3000
Picture	21	other				1382816	1	3153	2	0	3000
Picture	20	other				1413520	1	3153	2	0	3000
Picture	10	other				1445220	1	3154	2	0	3000
Picture	20	other				1477418	1	3154	2	0	3000
Picture	20	other				1512936	1	3153	2	0	3000
Picture	20	other				1551607	1	3153	2	0	3000
Picture	11	other				1583639	1	3153	2	0	3000
Picture	11	other				1620650	1	3153	2	0	3000
Picture	10	other				1649695	1	3153	2	0	3000
Picture	21	other				1684382	2	3154	3	0	3000
Picture	10	other				1713593	1	3153	2	0	3000
Picture	11	other				1745625	1	3153	3	0	3000
Picture	10	other				1784794	1	3153	2	0	3000
Picture	11	other				1821805	1	3153	3	0	3000
Picture	11	other				1858318	2	3154	3	0	3000
Picture	10	other				1887197	1	3153	3	0	3000
Picture	11	other				1916906	1	3153	2	0	3000
Picture	10	other				1956074	2	3154	3	0	3000
Picture	11	other				1996405	1	3153	2	0	3000
Picture	10	other				2035242	1	3153	2	0	3000
Picture	11	other				2073249	1	3153	2	0	3000
Picture	20	other				2106775	1	3153	2	0	3000
Picture	21	other				2135487	2	3154	3	0	3000
Picture	10	other				2172997	1	3153	2	0	3000
Picture	11	other				2208182	1	3153	3	0	3000
Picture	21	other				2238223	1	3153	2	0	3000
Picture	20	other				2272246	2	3154	3	0	3000
Picture	11	other				2302951	1	3153	2	0	3000
Picture	11	other				2335315	1	3153	2	0	3000
Picture	21	other				2369670	2	3154	3	0	3000
Picture	10	other				2403196	2	3154	3	0	3000
Picture	10	other				2434067	1	3153	2	0	3000
Picture	11	other				2469916	1	3153	3	0	3000
Picture	10	other				2507923	1	3153	3	0	3000
Picture	11	other				2542611	1	3153	2	0	3000
Picture	20	other				2576136	2	3154	3	0	3000
Picture	11	other				2605181	1	3154	2	0	3000
Picture	20	other				2639869	1	3153	2	0	3000
Picture	21	other				2671569	1	3153	2	0	3000
Picture	21	other				2702439	2	3154	3	0	3000
Picture	11	other				2732148	1	3153	2	0	3000
Picture	11	other				2765010	1	3153	2	0	3000
Picture	11	other				2796544	1	3153	3	0	3000
Picture	11	other				2832891	2	3154	3	0	3000
Picture	20	other				2870400	2	3154	3	0	3000
Picture	11	other				2904756	1	3154	2	0	3000
Picture	11	other				2944423	1	3153	2	0	3000
Picture	11	other				2976953	1	3153	2	0	3000
Picture	20	other				3014296	1	3153	3	0	3000
Picture	21	other				3044668	2	3154	3	0	3000
Picture	20	other				3082675	2	3154	3	0	3000
Picture	11	other				3118691	1	3153	2	0	3000
Picture	21	other				3148067	2	3154	3	0	3000
Picture	10	other				3176780	1	3154	2	0	3000
Picture	10	other				3210472	1	3153	3	0	3000
Picture	10	other				3244330	1	3153	2	0	3000
Picture	20	other				3282005	1	3153	2	0	3000
Picture	20	other				3319846	1	3153	2	0	3000
Picture	21	other				3356359	2	3154	3	0	3000
Picture	21	other				3387230	1	3153	2	0	3000
Picture	11	other				3417436	1	3153	3	0	3000
Picture	20	other				3446315	1	3153	2	0	3000
Picture	21	other				3482662	1	3153	3	0	3000
Picture	11	other				3521997	1	3153	2	0	3000
Picture	21	other				3554527	1	3153	2	0	3000
Picture	20	other				3585563	1	3154	2	0	3000
Picture	10	other				3618923	1	3153	3	0	3000
Picture	21	other				3658424	1	3153	2	0	3000
Picture	20	other				3695933	1	3153	2	0	3000
Picture	10	other				3730123	1	3153	2	0	3000
Picture	10	other				3760661	1	3153	3	0	3000
Picture	21	other				3795681	1	3153	2	0	3000
Picture	10	other				3829870	2	3154	3	0	3000
Picture	21	other				3866218	1	3153	2	0	3000
Picture	11	other				3901071	2	3154	3	0	3000
Picture	21	other				3937087	1	3153	2	0	3000
Picture	20	other				3977251	2	3154	3	0	3000
Picture	20	other				4012271	1	3153	2	0	3000
Picture	21	other				4047124	2	3154	3	0	3000
Picture	21	other				4086459	1	3154	2	0	3000
Picture	21	other				4118159	2	3154	3	0	3000
Picture	20	other				4155171	1	3153	2	0	3000
Picture	21	other				4193841	2	3154	3	0	3000
Picture	11	other				4227699	2	3154	3	0	3000
Picture	10	other				4261059	1	3154	2	0	3000
Picture	10	other				4298568	2	3154	3	0	3000
Picture	10	other				4329107	1	3153	2	0	3000
Picture	21	other				4360807	1	3153	2	0	3000
Picture	21	other				4398150	1	3153	3	0	3000
Picture	20	other				4431012	1	3153	2	0	3000
Picture	20	other				4464040	1	3153	2	0	3000
Picture	10	other				4502545	1	3153	2	0	3000
Picture	20	other				4539722	1	3153	3	0	3000
Picture	20	other				4576235	2	3154	3	0	3000
Picture	21	other				4612085	1	3153	2	0	3000
Picture	21	other				4641295	2	3154	3	0	3000
Picture	21	other				4677477	1	3153	2	0	3000
Picture	11	other				4710173	1	3153	2	0	3000
Picture	11	other				4742371	1	3153	2	0	3000
Picture	11	other				4782867	2	3154	3	0	3000
Picture	11	other				4819215	1	3153	2	0	3000
Picture	21	other				4857720	1	3153	2	0	3000
Picture	20	other				4889752	1	3153	2	0	3000
Picture	10	other				4922946	1	3153	2	0	3000
Picture	10	other				4953318	1	3153	3	0	3000
Picture	11	other				4988006	1	3153	2	0	3000
Picture	21	other				5023689	1	3154	2	0	3000
Picture	11	other				5057713	1	3153	2	0	3000
Picture	10	other				5086426	1	3153	2	0	3000
Picture	11	other				5121445	1	3154	2	0	3000
Picture	11	other				5478280	1	3153	2	0	3000
Picture	20	other				5509648	1	3153	2	0	3000
Picture	21	other				5548319	1	3153	2	0	3000
Picture	21	other				5577529	2	3154	3	0	3000
Picture	20	other				5616864	1	3154	2	0	3000
Picture	20	other				5647403	1	3153	2	0	3000
Picture	10	other				5677941	1	3153	3	0	3000
Picture	10	other				5717940	1	3153	2	0	3000
Picture	11	other				5752793	2	3154	3	0	3000
Picture	21	other				5782170	1	3153	2	0	3000
Picture	10	other				5813538	1	3154	2	0	3000
Picture	21	other				5852707	1	3153	2	0	3000
Picture	10	other				5892042	1	3153	2	0	3000
Picture	21	other				5922580	1	3154	2	0	3000
Picture	11	other				5952787	1	3153	2	0	3000
Picture	20	other				5985980	2	3154	3	0	3000
Picture	10	other				6023158	1	3153	2	0	3000
Picture	20	other				6058011	2	3154	3	0	3000
Picture	10	other				6090375	2	3154	3	0	3000
Picture	11	other				6122573	2	3154	3	0	3000
Picture	21	other				6159751	1	3153	2	0	3000
Picture	10	other				6191285	1	3153	2	0	3000
Picture	20	other				6221159	2	3154	3	0	3000
Picture	11	other				6257341	1	3153	2	0	3000
Picture	11	other				6295514	1	3153	2	0	3000
Picture	21	other				6331363	1	3153	3	0	3000
Picture	10	other				6366217	1	3153	2	0	3000
Picture	10	other				6395095	2	3154	3	0	3000
Picture	21	other				6430945	1	3153	2	0	3000
Picture	21	other				6459989	2	3154	3	0	3000
Picture	20	other				6494179	1	3154	2	0	3000
Picture	11	other				6531356	2	3154	3	0	3000
Picture	21	other				6563222	2	3154	3	0	3000
Picture	21	other				6597578	1	3154	2	0	3000
Picture	20	other				6627951	1	3153	2	0	3000
Picture	10	other				6665958	1	3153	2	0	3000
Picture	21	other				6704795	1	3153	2	0	3000
Picture	10	other				6743299	2	3154	3	0	3000
Picture	21	other				6773506	1	3153	2	0	3000
Picture	21	other				6812509	1	3153	2	0	3000
Picture	11	other				6848026	1	3154	2	0	3000
Picture	10	other				6885535	2	3154	3	0	3000
Picture	11	other				6924870	1	3154	2	0	3000
Picture	21	other				6955408	2	3154	3	0	3000
Picture	10	other				6994079	2	3154	3	0	3000
Picture	21	other				7030925	1	3153	2	0	3000
Picture	21	other				7064616	2	3154	3	0	3000
Picture	10	other				7104117	2	3154	3	0	3000
Picture	10	other				7132830	2	3153	3	0	3000
Picture	21	other				7165526	1	3153	2	0	3000
Picture	20	other				7202371	1	3154	2	0	3000
Picture	21	other				7240046	2	3154	3	0	3000
Picture	20	other				7274734	1	3153	2	0	3000
Picture	10	other				7304774	2	3154	3	0	3000
Picture	11	other				7339296	1	3153	3	0	3000
Picture	10	other				7375477	2	3154	3	0	3000
Picture	21	other				7414812	1	3154	2	0	3000
Picture	21	other				7453815	1	3153	3	0	3000
Picture	11	other				7489996	2	3154	3	0	3000
Picture	10	other				7519041	1	3153	3	0	3000
Picture	11	other				7558708	1	3153	2	0	3000
Picture	20	other				7589744	1	3153	3	0	3000
Picture	11	other				7622606	1	3153	3	0	3000
Picture	21	other				7652315	1	3153	2	0	3000
Picture	20	other				7690653	2	3154	3	0	3000
Picture	20	other				7727997	1	3153	2	0	3000
Picture	10	other				7767995	2	3154	3	0	3000
Picture	11	other				7799032	1	3153	2	0	3000
Picture	10	other				7836707	1	3153	2	0	3000
Picture	20	other				7869569	1	3153	2	0	3000
Picture	20	other				7900273	1	3153	3	0	3000
Picture	10	other				7930148	1	3153	2	0	3000
Picture	20	other				7966661	1	3153	2	0	3000
Picture	10	other				8000353	1	3153	2	0	3000
Picture	11	other				8035372	2	3154	3	0	3000
Picture	11	other				8072715	2	3154	3	0	3000
Picture	11	other				8106241	2	3154	3	0	3000
Picture	10	other				8143750	2	3154	3	0	3000
Picture	11	other				8180762	1	3153	2	0	3000
Picture	10	other				8209474	2	3154	3	0	3000
Picture	20	other				8242668	1	3154	2	0	3000
Picture	21	other				8281173	1	3154	2	0	3000
Picture	20	other				8313537	1	3154	2	0	3000
Picture	10	other				8350714	2	3154	3	0	3000
Picture	21	other				8387228	1	3153	2	0	3000
Picture	21	other				8426728	2	3154	3	0	3000
Picture	20	other				8457765	1	3153	2	0	3000
Picture	10	other				8490129	1	3153	2	0	3000
Picture	11	other				8526642	1	3153	3	0	3000
Picture	21	other				8559504	1	3153	3	0	3000
Picture	10	other				8593030	1	3153	2	0	3000
Picture	11	other				8630207	1	3153	3	0	3000
Picture	20	other				8666554	2	3154	3	0	3000
Picture	20	other				8705889	1	3154	2	0	3000
Picture	20	other				8743896	1	3154	2	0	3000
Picture	10	other				8780741	2	3154	3	0	3000
Picture	21	other				8817421	1	3153	2	0	3000
Picture	10	other				8855926	1	3153	2	0	3000
Picture	10	other				8895924	2	3154	3	0	3000
Picture	21	other				8926629	1	3153	2	0	3000
Picture	11	other				8966129	2	3154	3	0	3000
Picture	11	other				8997664	1	3153	2	0	3000
Picture	21	other				9030194	1	3153	2	0	3000
Picture	20	other				9070026	2	3154	3	0	3000
Picture	10	other				9106374	1	3153	2	0	3000
Picture	11	other				9134920	2	3154	3	0	3000
Picture	21	other				9163633	1	3153	3	0	3000
Picture	20	other				9192844	1	3153	2	0	3000
Picture	21	other				9227365	2	3154	3	0	3000
Picture	20	other				9261223	1	3154	2	0	3000
Picture	21	other				9295247	1	3153	3	0	3000
Picture	11	other				9327279	1	3154	2	0	3000
Picture	11	other				9367444	1	3153	2	0	3000
Picture	20	other				9401799	2	3154	3	0	3000
Picture	10	other				9440802	2	3154	3	0	3000
Picture	11	other				9471839	1	3153	2	0	3000
Picture	10	other				9510011	2	3154	3	0	3000
Picture	21	other				9542376	1	3153	2	0	3000
Picture	21	other				9581212	2	3154	3	0	3000
Picture	21	other				9620713	2	3154	3	0	3000
Picture	21	other				9654239	1	3153	3	0	3000
Picture	11	other				9689093	1	3153	2	0	3000
Picture	10	other				9721125	1	3153	2	0	3000
Picture	11	other				9755314	2	3154	3	0	3000
Picture	20	other				9785189	1	3153	3	0	3000
Picture	11	other				9820541	1	3153	2	0	3000
Picture	10	other				9854232	2	3154	3	0	3000
Picture	20	other				9891410	1	3153	2	0	3000
Picture	11	other				9926927	1	3153	3	0	3000
Picture	20	other				9966096	1	3153	2	0	3000
Picture	21	other				10003605	1	3153	2	0	3000
Picture	11	other				10036633	1	3153	2	0	3000
Picture	21	other				10073478	1	3154	2	0	3000
Picture	10	other				10108664	1	3153	2	0	3000
Picture	21	other				10143185	2	3154	3	0	3000
Picture	11	other				10179699	1	3153	2	0	3000
Picture	21	other				10215548	1	3153	3	0	3000
Picture	21	other				10253555	1	3153	3	0	3000
Picture	20	other				10284757	2	3154	3	0	3000
Picture	20	other				10314964	1	3153	2	0	3000
Picture	20	other				10346996	1	3153	2	0	3000
Picture	20	other				10376041	1	3153	2	0	3000
Picture	20	other				10413550	1	3153	2	0	3000
Picture	10	other				10442262	2	3154	3	0	3000
Picture	20	other				10475954	1	3154	2	0	3000
Picture	10	other				10509978	1	3153	2	0	3000
Picture	20	other				10549313	1	3153	2	0	3000
Picture	21	other				10578191	2	3154	3	0	3000
Picture	21	other				10608066	1	3153	2	0	3000
Picture	21	other				10645243	1	3154	2	0	3000
