Scenario - GO/NO-GO
Logfile written - 05/05/2011 10:00:55

Subject	Trial	Event Type	Code	Time	TTime	Uncertainty	Duration	Uncertainty	ReqTime	ReqDur

ME	2	Picture	22	289	0	2	3154	3	0	3000
ME	2	Response	1	7022	6733	1
ME	3	Picture	33	8588	0	1	3153	2	0	3000
ME	4	Picture	22	19542	0	1	3153	2	0	3000
ME	4	Response	1	22214	2672	1
ME	5	Picture	22	28504	0	2	3154	3	0	3000
ME	5	Response	1	32462	3958	1
ME	6	Picture	22	39458	0	2	3154	3	0	3000
ME	6	Response	1	42038	2580	1
ME	7	Picture	22	50412	0	2	3154	3	0	3000
ME	7	Response	1	54717	4305	1
ME	8	Picture	22	60370	0	2	3154	3	0	3000
ME	8	Response	1	64351	3981	1
ME	9	Picture	33	69831	0	1	3153	2	0	3000
ME	10	Picture	22	78959	0	1	3153	3	0	3000
ME	10	Response	1	81486	2527	1
ME	11	Picture	22	88087	0	2	3154	3	0	3000
ME	11	Response	1	90430	2343	1
ME	12	Picture	22	97714	0	1	3153	2	0	3000
ME	12	Response	1	100528	2814	1
ME	13	Picture	33	108336	0	1	3153	2	0	3000
ME	14	Picture	22	117298	0	1	3153	3	0	3000
ME	14	Response	1	121653	4355	1
ME	15	Picture	22	126426	0	2	3154	3	0	3000
ME	15	Response	1	130372	3946	1
ME	16	Picture	22	135555	0	1	3153	2	0	3000
ME	16	Response	1	138888	3333	1
ME	17	Picture	22	145181	0	1	3153	2	0	3000
ME	17	Response	1	147756	2575	2
ME	18	Picture	22	153645	0	2	3154	3	0	3000
ME	18	Response	1	156475	2830	2
ME	19	Picture	33	163769	0	2	3154	3	0	3000
ME	20	Picture	22	174889	0	2	3154	3	0	3000
ME	20	Response	1	177250	2361	1
ME	21	Picture	33	183022	0	1	3153	2	0	3000
ME	22	Picture	22	193644	0	1	3153	3	0	3000
ME	22	Response	1	196159	2515	2
ME	23	Picture	22	204598	0	1	3153	3	0	3000
ME	23	Response	1	208129	3531	1
ME	24	Picture	22	215552	0	1	3153	2	0	3000
ME	24	Response	1	218146	2594	1
ME	25	Picture	22	225012	0	1	3154	2	0	3000
ME	25	Response	1	227870	2858	1
ME	26	Picture	22	235966	0	1	3154	2	0	3000
ME	26	Response	1	239489	3523	1
ME	27	Picture	33	244597	0	1	3153	2	0	3000
ME	28	Picture	22	253227	0	1	3151	6	0	3000
ME	28	Response	1	255944	2717	1
ME	29	Picture	22	263683	0	1	3153	3	0	3000
ME	29	Response	1	265992	2309	1
ME	30	Picture	22	273143	0	2	3154	3	0	3000
ME	30	Response	1	275393	2250	1
ME	31	Picture	33	284097	0	2	3154	3	0	3000
ME	32	Picture	22	294221	0	2	3154	3	0	3000
ME	32	Response	1	296786	2565	1
ME	33	Picture	22	302354	0	1	3153	3	0	3000
ME	33	Response	1	305652	3298	1
ME	34	Picture	22	310486	0	2	3154	3	0	3000
ME	34	Response	1	314253	3767	2
ME	35	Picture	22	319947	0	1	3153	2	0	3000
ME	35	Response	1	322736	2789	1
ME	36	Picture	22	329905	0	1	3153	2	0	3000
ME	36	Response	1	332195	2290	1
ME	37	Picture	33	340527	0	1	3153	3	0	3000
ME	37	Response	1	342924	2397	1
ME	38	Picture	22	349655	0	2	3154	3	0	3000
ME	38	Response	1	352261	2606	1
ME	39	Picture	33	358618	0	1	3153	2	0	3000
ME	40	Picture	22	369572	0	1	3153	2	0	3000
ME	40	Response	1	371908	2336	1
ME	41	Picture	22	378036	0	1	3153	3	0	3000
ME	41	Response	1	381926	3890	1
ME	42	Picture	22	386998	0	2	3154	3	0	3000
ME	42	Response	1	390079	3081	2
ME	43	Picture	22	396625	0	1	3153	2	0	3000
ME	43	Response	1	399448	2823	1
ME	44	Picture	22	405587	0	1	3153	3	0	3000
ME	44	Response	1	409054	3467	2
ME	45	Picture	22	414881	0	2	3154	3	0	3000
ME	45	Response	1	417983	3102	1
ME	46	Picture	22	425171	0	2	3154	3	0	3000
ME	46	Response	1	427971	2800	1
ME	47	Picture	33	434300	0	1	3153	2	0	3000
ME	48	Picture	22	443926	0	1	3153	3	0	3000
ME	48	Response	1	446501	2575	1
ME	49	Picture	22	454548	0	1	3153	3	0	3000
ME	49	Response	1	458087	3539	1
ME	50	Picture	22	464506	0	1	3154	2	0	3000
ME	50	Response	1	468370	3864	1
ME	51	Picture	22	473469	0	1	3153	2	0	3000
ME	51	Response	1	476992	3523	1
ME	52	Picture	22	483593	0	1	3153	2	0	3000
ME	52	Response	1	486473	2880	1
ME	53	Picture	33	492555	0	1	3153	3	0	3000
ME	54	Picture	22	503177	0	1	3154	2	0	3000
ME	54	Response	1	505441	2264	2
ME	55	Picture	22	513135	0	2	3154	3	0	3000
ME	55	Response	1	515401	2266	2
ME	56	Picture	22	523923	0	2	3154	3	0	3000
ME	56	Response	1	526160	2237	1
ME	57	Picture	33	534047	0	2	3154	3	0	3000
ME	58	Picture	22	542180	0	1	3153	2	0	3000
ME	58	Response	1	544275	2095	2
ME	59	Picture	22	552968	0	1	3153	2	0	3000
ME	59	Response	1	559760	6792	1
ME	60	Picture	22	562262	0	1	3154	2	0	3000
ME	60	Response	1	565372	3110	2
ME	61	Picture	22	570561	0	1	3153	2	0	3000
ME	61	Response	1	574469	3908	1
ME	62	Picture	22	580851	0	1	3153	2	0	3000
ME	62	Response	1	583982	3131	1
ME	63	Picture	22	591473	0	1	3153	2	0	3000
ME	63	Response	1	594198	2725	1
ME	64	Picture	22	602095	0	1	3153	3	0	3000
ME	64	Response	1	604922	2827	1
ME	65	Picture	33	612219	0	1	3153	3	0	3000
ME	66	Picture	22	622177	0	2	3154	3	0	3000
ME	66	Response	1	624659	2482	1
ME	67	Picture	22	631140	0	1	3153	2	0	3000
ME	67	Response	1	633849	2709	2
ME	68	Picture	22	640766	0	1	3153	2	0	3000
ME	68	Response	1	643191	2425	2
ME	69	Picture	22	650890	0	1	3153	2	0	3000
ME	69	Response	1	653209	2319	2
ME	70	Picture	22	659852	0	2	3154	3	0	3000
ME	70	Response	1	661927	2075	1
ME	71	Picture	33	668483	0	1	3153	2	0	3000
ME	72	Picture	22	678773	0	1	3153	2	0	3000
ME	72	Response	1	680244	1471	1
ME	73	Picture	22	689063	0	1	3153	2	0	3000
ME	73	Response	1	691177	2114	1
ME	74	Picture	22	698523	0	1	3154	2	0	3000
ME	74	Response	1	700750	2227	1
ME	75	Picture	33	706656	0	1	3153	2	0	3000
ME	75	Response	1	709169	2513	1
ME	76	Picture	22	715452	0	1	3154	2	0	3000
ME	76	Response	1	718012	2560	1
ME	77	Picture	22	726406	0	1	3154	2	0	3000
ME	77	Response	1	728742	2336	1
ME	78	Picture	22	736696	0	1	3154	2	0	3000
ME	78	Response	1	739172	2476	1
ME	79	Picture	33	746156	0	2	3154	3	0	3000
ME	80	Picture	22	754455	0	1	3153	2	0	3000
ME	80	Response	1	758199	3744	1
ME	81	Picture	22	764413	0	1	3154	2	0	3000
ME	81	Response	1	766707	2294	1
ME	82	Picture	22	772546	0	1	3153	2	0	3000
ME	82	Response	1	775279	2733	1
ME	83	Picture	22	781342	0	1	3153	3	0	3000
ME	83	Response	1	784766	3424	1
ME	84	Picture	22	792130	0	1	3153	3	0	3000
ME	84	Response	1	795286	3156	1
ME	85	Picture	33	800428	0	2	3154	3	0	3000
ME	86	Picture	22	810055	0	1	3153	2	0	3000
ME	86	Response	1	812330	2275	1
ME	87	Picture	22	820179	0	1	3153	2	0	3000
ME	87	Response	1	822228	2049	2
ME	88	Picture	22	828643	0	2	3154	3	0	3000
ME	88	Response	1	832366	3723	1
ME	89	Picture	22	836776	0	1	3153	2	0	3000
ME	89	Response	1	840109	3333	1
ME	90	Picture	22	847730	0	1	3153	2	0	3000
ME	90	Response	1	850540	2810	2
ME	91	Picture	22	856692	0	1	3154	2	0	3000
ME	91	Response	1	859842	3150	2
ME	92	Picture	22	867314	0	1	3154	2	0	3000
ME	92	Response	1	869711	2397	1
ME	93	Picture	33	876609	0	1	3153	2	0	3000
ME	94	Picture	22	885073	0	1	3153	3	0	3000
ME	94	Response	1	887318	2245	1
ME	95	Picture	22	893371	0	2	3154	3	0	3000
ME	95	Response	1	895559	2188	1
ME	96	Picture	22	902334	0	1	3153	2	0	3000
ME	96	Response	1	904779	2445	1
ME	97	Picture	33	910964	0	1	3154	2	0	3000
ME	98	Picture	22	920259	0	1	3153	2	0	3000
ME	98	Response	1	922626	2367	2
ME	99	Picture	22	930051	0	1	3153	2	0	3000
ME	99	Response	1	932229	2178	1
ME	100	Picture	22	939677	0	1	3153	2	0	3000
ME	100	Response	1	942241	2564	1
ME	101	Picture	33	949303	0	1	3154	2	0	3000
ME	102	Picture	22	958929	0	2	3154	3	0	3000
ME	102	Response	1	961438	2509	2
ME	103	Picture	22	969883	0	2	3154	3	0	3000
ME	103	Response	1	971802	1919	2
ME	104	Picture	22	979012	0	1	3153	2	0	3000
ME	104	Response	1	981453	2441	1
ME	105	Picture	22	989468	0	1	3153	2	0	3000
ME	105	Response	1	992291	2823	1
ME	106	Picture	22	997932	0	1	3154	2	0	3000
ME	106	Response	1	1001247	3315	1
ME	107	Picture	22	1008720	0	2	3154	3	0	3000
ME	107	Response	1	1011448	2728	2
ME	108	Picture	22	1018346	0	2	3154	3	0	3000
ME	108	Response	1	1021766	3420	1
ME	109	Picture	33	1027807	0	1	3153	2	0	3000
ME	109	Response	1	1037077	9270	1
ME	110	Picture	22	1037765	0	1	3153	2	0	3000
ME	111	Picture	22	1046893	0	2	3154	3	0	3000
ME	111	Response	1	1049280	2387	1
ME	112	Picture	22	1057515	0	2	3154	3	0	3000
ME	112	Response	1	1059978	2463	1
ME	113	Picture	22	1065814	0	1	3153	2	0	3000
ME	113	Response	1	1068937	3123	1
ME	114	Picture	22	1075274	0	1	3153	3	0	3000
ME	114	Response	1	1077805	2531	2
ME	115	Picture	22	1084236	0	2	3154	3	0	3000
ME	115	Response	1	1086856	2620	1
ME	116	Picture	22	1093863	0	1	3153	2	0	3000
ME	116	Response	1	1096494	2631	1
ME	117	Picture	33	1101995	0	1	3154	2	0	3000
ME	118	Picture	22	1112451	0	1	3154	2	0	3000
ME	118	Response	1	1114993	2542	1
ME	119	Picture	22	1121082	0	1	3153	2	0	3000
ME	119	Response	1	1123774	2692	1
ME	120	Picture	22	1131206	0	1	3153	2	0	3000
ME	120	Response	1	1133801	2595	1
ME	121	Picture	33	1141496	0	1	3153	2	0	3000
ME	121	Response	1	1143614	2118	1
ME	122	Picture	22	1151288	0	1	3153	3	0	3000
ME	122	Response	1	1153673	2385	2
ME	123	Picture	22	1161080	0	2	3154	3	0	3000
ME	123	Response	1	1163255	2175	1
ME	124	Picture	22	1169545	0	1	3153	2	0	3000
ME	124	Response	1	1173431	3886	1
ME	125	Picture	22	1179503	0	1	3153	2	0	3000
ME	125	Response	1	1182831	3328	1
ME	126	Picture	22	1189959	0	1	3153	3	0	3000
ME	126	Response	1	1192351	2392	1
ME	127	Picture	33	1199419	0	1	3154	2	0	3000
ME	128	Picture	22	1208382	0	1	3153	2	0	3000
ME	128	Response	1	1210794	2412	1
ME	129	Picture	22	1218008	0	1	3153	2	0	3000
ME	129	Response	1	1220403	2395	1
ME	130	Picture	22	1226638	0	1	3154	2	0	3000
ME	130	Response	1	1229128	2490	1
ME	131	Picture	22	1235103	0	1	3153	2	0	3000
ME	131	Response	1	1238001	2898	1
ME	132	Picture	22	1245061	0	1	3153	2	0	3000
ME	132	Response	1	1247526	2465	1
ME	133	Picture	22	1254023	0	1	3154	2	0	3000
ME	133	Response	1	1257344	3321	2
ME	134	Picture	22	1264977	0	1	3154	2	0	3000
ME	134	Response	1	1268162	3185	1
ME	135	Picture	33	1275101	0	2	3154	3	0	3000
ME	136	Picture	22	1285059	0	2	3154	3	0	3000
ME	136	Response	1	1287515	2456	1
ME	137	Picture	22	1293524	0	1	3153	2	0	3000
ME	137	Response	1	1296200	2676	1
ME	138	Picture	22	1303814	0	1	3153	3	0	3000
ME	138	Response	1	1306069	2255	1
ME	139	Picture	33	1313938	0	1	3154	2	0	3000
ME	140	Picture	22	1324228	0	2	3154	3	0	3000
ME	140	Response	1	1326546	2318	1
ME	141	Picture	22	1334850	0	2	3154	3	0	3000
ME	141	Response	1	1337123	2273	1
ME	142	Picture	22	1344145	0	1	3153	2	0	3000
ME	142	Response	1	1346756	2611	1
ME	143	Picture	22	1354933	0	1	3153	2	0	3000
ME	143	Response	1	1357572	2639	1
ME	144	Picture	22	1364393	0	1	3153	3	0	3000
ME	144	Response	1	1367179	2786	2
ME	145	Picture	33	1375181	0	1	3153	3	0	3000
ME	146	Picture	22	1385969	0	1	3153	3	0	3000
ME	146	Response	1	1388717	2748	1
ME	147	Picture	22	1394102	0	1	3153	2	0	3000
ME	147	Response	1	1397432	3330	2
ME	148	Picture	22	1403230	0	1	3153	2	0	3000
ME	148	Response	1	1406267	3037	1
ME	149	Picture	33	1412856	0	1	3153	3	0	3000
ME	150	Picture	22	1421652	0	2	3154	3	0	3000
ME	150	Response	1	1424172	2520	1
ME	151	Picture	22	1430283	0	1	3153	2	0	3000
ME	151	Response	1	1432917	2634	1
ME	152	Picture	22	1438581	0	2	3154	3	0	3000
ME	152	Response	1	1441515	2934	1
ME	153	Picture	22	1448208	0	1	3153	2	0	3000
ME	153	Response	1	1451147	2939	1
ME	154	Picture	22	1458498	0	1	3153	2	0	3000
ME	154	Response	1	1461373	2875	1
ME	155	Picture	33	1466962	0	1	3154	2	0	3000
ME	156	Picture	22	1475261	0	1	3153	2	0	3000
ME	156	Response	1	1477947	2686	1
ME	157	Picture	22	1483891	0	1	3153	3	0	3000
ME	157	Response	1	1486252	2361	1
ME	158	Picture	22	1493185	0	2	3154	3	0	3000
ME	158	Response	1	1495533	2348	1
ME	159	Picture	33	1501484	0	1	3153	2	0	3000
ME	160	Picture	22	1510778	0	1	3153	3	0	3000
ME	160	Response	1	1513378	2600	2
ME	161	Picture	22	1521234	0	1	3154	2	0	3000
ME	161	Response	1	1523808	2574	1
ME	162	Picture	22	1529699	0	1	3153	2	0	3000
ME	162	Response	1	1532668	2969	1
ME	163	Picture	22	1539657	0	1	3153	2	0	3000
ME	163	Response	1	1542336	2679	1
ME	164	Picture	22	1548287	0	1	3154	2	0	3000
ME	164	Response	1	1551502	3215	2
ME	165	Picture	33	1558909	0	1	3154	2	0	3000
ME	166	Picture	22	1569199	0	2	3154	3	0	3000
ME	166	Response	1	1571034	1835	1
ME	167	Picture	22	1578660	0	1	3153	2	0	3000
ME	167	Response	1	1582379	3719	1
ME	168	Picture	22	1588950	0	1	3153	2	0	3000
ME	168	Response	1	1591450	2500	1
ME	169	Picture	22	1597414	0	1	3154	2	0	3000
ME	169	Response	1	1600108	2694	1
ME	170	Picture	22	1608036	0	1	3154	2	0	3000
ME	170	Response	1	1611013	2977	1
ME	171	Picture	33	1617164	0	2	3154	3	0	3000
ME	172	Picture	22	1626293	0	1	3153	2	0	3000
ME	172	Response	1	1628796	2503	2
ME	173	Picture	22	1636085	0	1	3153	3	0	3000
ME	173	Response	1	1638491	2406	1
ME	174	Picture	22	1645213	0	2	3154	3	0	3000
ME	174	Response	1	1647591	2378	1
ME	175	Picture	33	1654010	0	1	3153	2	0	3000
ME	176	Picture	22	1664632	0	1	3153	2	0	3000
ME	176	Response	1	1666767	2135	2
ME	177	Picture	22	1673594	0	1	3154	2	0	3000
ME	177	Response	1	1675515	1921	1
ME	178	Picture	22	1684548	0	1	3154	2	0	3000
ME	178	Response	1	1686389	1841	2
ME	179	Picture	33	1694340	0	2	3154	3	0	3000
ME	180	Picture	22	1705128	0	2	3154	3	0	3000
ME	180	Response	1	1706751	1623	2
ME	181	Picture	22	1713759	0	1	3153	2	0	3000
ME	181	Response	1	1715942	2183	1
ME	182	Picture	22	1722389	0	1	3154	2	0	3000
ME	182	Response	1	1725224	2835	1
ME	183	Picture	33	1731352	0	1	3153	2	0	3000
ME	184	Picture	22	1741974	0	1	3153	2	0	3000
ME	184	Response	1	1744815	2841	1
ME	185	Picture	33	1752596	0	1	3153	2	0	3000
ME	186	Picture	22	1762554	0	1	3153	2	0	3000
ME	186	Response	1	1765438	2884	2
ME	187	Picture	22	1773010	0	1	3153	2	0	3000
ME	187	Response	1	1775809	2799	1
ME	188	Picture	22	1783798	0	1	3153	2	0	3000
ME	188	Response	1	1786859	3061	1
ME	189	Picture	22	1792096	0	2	3154	3	0	3000
ME	189	Response	1	1795693	3597	1
ME	190	Picture	22	1801391	0	1	3153	2	0	3000
ME	190	Response	1	1804883	3492	2
ME	191	Picture	33	1811183	0	1	3153	2	0	3000
ME	192	Picture	22	1821971	0	1	3153	2	0	3000
ME	192	Response	1	1824765	2794	1
ME	193	Picture	22	1830103	0	2	3154	3	0	3000
ME	193	Response	1	1833421	3318	1
ME	194	Picture	22	1841057	0	2	3154	3	0	3000
ME	194	Response	1	1846778	5721	1
ME	195	Picture	22	1852011	0	2	3154	3	0	3000
ME	195	Response	1	1855257	3246	2
ME	196	Picture	22	1862633	0	2	3154	3	0	3000
ME	196	Response	1	1865126	2493	1
ME	197	Picture	33	1872094	0	1	3153	2	0	3000
ME	198	Picture	22	1882550	0	1	3153	2	0	3000
ME	198	Response	1	1884948	2398	1
ME	199	Picture	22	1892674	0	1	3153	3	0	3000
ME	199	Response	1	1894402	1728	1
ME	200	Picture	22	1902134	0	1	3154	2	0	3000
ME	200	Response	1	1904450	2316	1
ME	201	Picture	22	1913254	0	1	3154	2	0	3000
ME	201	Response	1	1915443	2189	1
ME	202	Picture	22	1924208	0	1	3154	2	0	3000
ME	202	Response	1	1926583	2375	1
ME	203	Picture	33	1934664	0	1	3154	2	0	3000
ME	204	Picture	22	1944788	0	2	3154	3	0	3000
ME	204	Response	1	1947176	2388	2
ME	205	Picture	22	1954083	0	1	3153	2	0	3000
ME	205	Response	1	1956803	2720	1
ME	206	Picture	22	1963211	0	1	3153	3	0	3000
ME	206	Response	1	1965815	2604	1
ME	207	Picture	22	1971675	0	2	3154	3	0	3000
ME	207	Response	1	1974531	2856	1
ME	208	Picture	22	1980970	0	1	3153	2	0	3000
ME	208	Response	1	1983514	2544	1
ME	209	Picture	22	1991094	0	1	3153	2	0	3000
ME	209	Response	1	1993471	2377	1
ME	210	Picture	22	2001384	0	1	3153	3	0	3000
ME	210	Response	1	2004431	3047	2
ME	211	Picture	33	2010678	0	2	3154	3	0	3000
ME	212	Picture	22	2020470	0	2	3154	3	0	3000
ME	212	Response	1	2023044	2574	1
ME	213	Picture	33	2029765	0	1	3153	2	0	3000
ME	213	Response	1	2032549	2784	1
ME	214	Picture	22	2039225	0	1	3153	3	0	3000
ME	214	Response	1	2041611	2386	1
ME	215	Picture	33	2047689	0	2	3154	3	0	3000
ME	216	Picture	22	2057648	0	1	3153	2	0	3000
ME	216	Response	1	2059897	2249	1
ME	217	Picture	22	2067440	0	1	3153	2	0	3000
ME	217	Response	1	2070973	3533	2
ME	218	Picture	22	2077730	0	1	3153	3	0	3000
ME	218	Response	1	2080693	2963	1
ME	219	Picture	22	2086360	0	2	3154	3	0	3000
ME	219	Response	1	2089584	3224	1
ME	220	Picture	22	2097480	0	2	3154	3	0	3000
ME	220	Response	1	2100248	2768	2
ME	221	Picture	33	2106111	0	1	3153	2	0	3000
ME	222	Picture	22	2114741	0	1	3154	2	0	3000
ME	222	Response	1	2117299	2558	2
ME	223	Picture	22	2124533	0	2	3154	3	0	3000
ME	223	Response	1	2127018	2485	1
ME	224	Picture	22	2134160	0	1	3153	2	0	3000
ME	224	Response	1	2136591	2431	2
ME	225	Picture	22	2144284	0	1	3153	2	0	3000
ME	225	Response	1	2146846	2562	1
ME	226	Picture	22	2153744	0	1	3153	3	0	3000
ME	226	Response	1	2157006	3262	2
ME	227	Picture	33	2162872	0	2	3154	3	0	3000
ME	227	Response	1	2166256	3384	1
ME	228	Picture	22	2173328	0	2	3154	3	0	3000
ME	228	Response	1	2176149	2821	1
ME	229	Picture	22	2181627	0	1	3153	2	0	3000
ME	229	Response	1	2185018	3391	1
ME	230	Picture	22	2191087	0	1	3154	2	0	3000
ME	230	Response	1	2193326	2239	1
ME	231	Picture	22	2201045	0	2	3154	3	0	3000
ME	231	Response	1	2203705	2660	2
ME	232	Picture	22	2211501	0	2	3154	3	0	3000
ME	232	Response	1	2214052	2551	1
ME	233	Picture	33	2221460	0	1	3153	2	0	3000
ME	234	Picture	22	2229758	0	1	3153	3	0	3000
ME	234	Response	1	2232165	2407	1
ME	235	Picture	22	2239384	0	2	3154	3	0	3000
ME	235	Response	1	2247207	7823	1
ME	236	Picture	22	2248845	0	1	3153	2	0	3000
ME	236	Response	1	2251583	2738	1
ME	237	Picture	33	2257309	0	1	3153	3	0	3000
ME	238	Picture	22	2265773	0	2	3154	3	0	3000
ME	238	Response	1	2268070	2297	1
ME	239	Picture	22	2276561	0	2	3154	3	0	3000
ME	239	Response	1	2279267	2706	1
ME	240	Picture	22	2287349	0	2	3154	3	0	3000
ME	240	Response	1	2289609	2260	1
ME	241	Picture	22	2297474	0	1	3153	2	0	3000
ME	241	Response	1	2300036	2562	1
ME	242	Picture	22	2308262	0	1	3153	2	0	3000
ME	242	Response	1	2311088	2826	1
ME	243	Picture	33	2318220	0	1	3153	2	0	3000
ME	244	Picture	22	2327680	0	1	3154	2	0	3000
ME	244	Response	1	2330086	2406	1
ME	245	Picture	33	2336310	0	2	3154	3	0	3000
ME	246	Picture	22	2345107	0	1	3153	2	0	3000
ME	246	Response	1	2348046	2939	1
ME	247	Picture	22	2354899	0	1	3153	3	0	3000
ME	247	Response	1	2358621	3722	1
ME	248	Picture	22	2363695	0	2	3154	3	0	3000
ME	248	Response	1	2366746	3051	2
ME	249	Picture	22	2374649	0	2	3154	3	0	3000
ME	249	Response	1	2377443	2794	1
ME	250	Picture	22	2384276	0	1	3153	2	0	3000
ME	250	Response	1	2387401	3125	1
ME	251	Picture	33	2394566	0	1	3153	2	0	3000
ME	252	Picture	22	2404026	0	1	3153	3	0	3000
ME	252	Response	1	2406903	2877	1
ME	253	Picture	22	2414648	0	1	3154	2	0	3000
ME	253	Response	1	2417543	2895	1
ME	254	Picture	22	2425436	0	1	3154	2	0	3000
ME	254	Response	1	2427944	2508	1
ME	255	Picture	22	2434067	0	1	3153	2	0	3000
ME	255	Response	1	2437285	3218	1
ME	256	Picture	22	2444523	0	1	3153	2	0	3000
ME	256	Response	1	2447478	2955	2
ME	257	Picture	33	2455311	0	1	3153	2	0	3000
ME	258	Picture	22	2465601	0	1	3153	2	0	3000
ME	258	Response	1	2467798	2197	1
ME	259	Picture	22	2475559	0	1	3153	2	0	3000
ME	259	Response	1	2478316	2757	2
ME	260	Picture	22	2485683	0	1	3153	3	0	3000
ME	260	Response	1	2488422	2739	1
ME	261	Picture	22	2495973	0	1	3154	2	0	3000
ME	261	Response	1	2499059	3086	1
ME	262	Picture	22	2505433	0	2	3154	3	0	3000
ME	262	Response	1	2508635	3202	2
ME	263	Picture	33	2515724	0	1	3153	2	0	3000
ME	264	Picture	22	2526512	0	1	3153	2	0	3000
ME	264	Response	1	2529348	2836	1
ME	265	Picture	22	2534976	0	1	3153	3	0	3000
ME	265	Response	1	2538094	3118	1
ME	266	Picture	22	2544602	0	2	3154	3	0	3000
ME	266	Response	1	2547318	2716	1
ME	267	Picture	22	2554560	0	2	3154	3	0	3000
ME	267	Response	1	2557280	2720	2
ME	268	Picture	22	2564685	0	1	3153	2	0	3000
ME	268	Response	1	2567971	3286	1
ME	269	Picture	22	2574145	0	1	3153	2	0	3000
ME	269	Response	1	2577277	3132	1
ME	270	Picture	22	2583107	0	1	3154	2	0	3000
ME	270	Response	1	2586268	3161	1
ME	271	Picture	33	2592899	0	2	3154	3	0	3000
ME	271	Response	1	2595617	2718	1
ME	272	Picture	22	2603189	0	2	3154	3	0	3000
ME	272	Response	1	2605438	2249	1
ME	273	Picture	22	2612816	0	1	3153	2	0	3000
ME	273	Response	1	2615904	3088	2
ME	274	Picture	22	2623106	0	1	3153	2	0	3000
ME	274	Response	1	2625328	2222	1
ME	275	Picture	22	2631238	0	2	3154	3	0	3000
ME	275	Response	1	2634311	3073	2
ME	276	Picture	22	2641362	0	2	3154	3	0	3000
ME	276	Response	1	2644804	3442	1
ME	277	Picture	33	2649661	0	1	3153	2	0	3000
ME	278	Picture	22	2658291	0	2	3154	3	0	3000
ME	278	Response	1	2660759	2468	1
ME	279	Picture	33	2668415	0	2	3154	3	0	3000
ME	279	Response	1	2670037	1622	1
ME	280	Picture	22	2677710	0	1	3153	2	0	3000
ME	280	Response	1	2680023	2313	1
ME	281	Picture	22	2686506	0	1	3154	2	0	3000
ME	281	Response	1	2689032	2526	2
ME	282	Picture	22	2695469	0	1	3153	2	0	3000
ME	282	Response	1	2698221	2752	2
ME	283	Picture	33	2704431	0	1	3153	3	0	3000
ME	284	Picture	22	2715219	0	1	3153	3	0	3000
ME	284	Response	1	2717220	2001	1
ME	285	Picture	22	2725841	0	1	3153	2	0	3000
ME	285	Response	1	2728624	2783	1
ME	286	Picture	22	2734305	0	2	3154	3	0	3000
ME	286	Response	1	2737252	2947	1
ME	287	Picture	22	2745092	0	3	3155	4	0	3000
ME	287	Response	1	2748303	3211	1
ME	288	Picture	22	2755881	0	2	3154	3	0	3000
ME	288	Response	1	2759297	3416	1
ME	289	Picture	33	2766669	0	2	3154	3	0	3000
ME	289	Response	1	2769580	2911	1
ME	290	Picture	22	2776794	0	1	3153	2	0	3000
ME	290	Response	1	2779335	2541	1
ME	291	Picture	22	2785590	0	1	3153	3	0	3000
ME	291	Response	1	2788789	3199	1
ME	292	Picture	22	2794718	0	2	3154	3	0	3000
ME	292	Response	1	2797831	3113	2
ME	293	Picture	33	2805506	0	2	3154	3	0	3000
ME	294	Picture	22	2816128	0	2	3154	3	0	3000
ME	294	Response	1	2818541	2413	1
ME	295	Picture	33	2824759	0	1	3153	2	0	3000
ME	296	Picture	22	2834219	0	1	3153	3	0	3000
ME	296	Response	1	2836683	2464	1
ME	297	Picture	33	2845007	0	1	3154	2	0	3000
ME	298	Picture	22	2853638	0	1	3153	2	0	3000
ME	298	Response	1	2855829	2191	2
ME	299	Picture	22	2862102	0	1	3153	3	0	3000
ME	299	Response	1	2866758	4656	1
ME	300	Picture	22	2872890	0	1	3153	2	0	3000
ME	300	Response	1	2876156	3266	1
ME	301	Picture	22	2883346	0	1	3153	3	0	3000
ME	301	Response	1	2886264	2918	1
ME	302	Picture	22	2893304	0	2	3154	3	0	3000
ME	302	Response	1	2896551	3247	1
ME	303	Picture	33	2901769	0	1	3153	2	0	3000


Event Type	Code	Type	Response	RT	RT Uncertainty	Time	Uncertainty	Duration	Uncertainty	ReqTime	ReqDur

Picture	22	hit	1	6733	3	289	2	3154	3	0	3000
Picture	33	miss				8588	1	3153	2	0	3000
Picture	22	hit	1	2672	2	19542	1	3153	2	0	3000
Picture	22	hit	1	3958	3	28504	2	3154	3	0	3000
Picture	22	hit	1	2580	3	39458	2	3154	3	0	3000
Picture	22	hit	1	4305	3	50412	2	3154	3	0	3000
Picture	22	hit	1	3981	3	60370	2	3154	3	0	3000
Picture	33	miss				69831	1	3153	2	0	3000
Picture	22	hit	1	2527	2	78959	1	3153	3	0	3000
Picture	22	hit	1	2343	3	88087	2	3154	3	0	3000
Picture	22	hit	1	2814	2	97714	1	3153	2	0	3000
Picture	33	miss				108336	1	3153	2	0	3000
Picture	22	hit	1	4355	2	117298	1	3153	3	0	3000
Picture	22	hit	1	3946	3	126426	2	3154	3	0	3000
Picture	22	hit	1	3333	2	135555	1	3153	2	0	3000
Picture	22	hit	1	2575	3	145181	1	3153	2	0	3000
Picture	22	hit	1	2830	4	153645	2	3154	3	0	3000
Picture	33	miss				163769	2	3154	3	0	3000
Picture	22	hit	1	2361	3	174889	2	3154	3	0	3000
Picture	33	miss				183022	1	3153	2	0	3000
Picture	22	hit	1	2515	3	193644	1	3153	3	0	3000
Picture	22	hit	1	3531	2	204598	1	3153	3	0	3000
Picture	22	hit	1	2594	2	215552	1	3153	2	0	3000
Picture	22	hit	1	2858	2	225012	1	3154	2	0	3000
Picture	22	hit	1	3523	2	235966	1	3154	2	0	3000
Picture	33	miss				244597	1	3153	2	0	3000
Picture	22	hit	1	2717	2	253227	1	3151	6	0	3000
Picture	22	hit	1	2309	2	263683	1	3153	3	0	3000
Picture	22	hit	1	2250	3	273143	2	3154	3	0	3000
Picture	33	miss				284097	2	3154	3	0	3000
Picture	22	hit	1	2565	3	294221	2	3154	3	0	3000
Picture	22	hit	1	3298	2	302354	1	3153	3	0	3000
Picture	22	hit	1	3767	4	310486	2	3154	3	0	3000
Picture	22	hit	1	2789	2	319947	1	3153	2	0	3000
Picture	22	hit	1	2290	2	329905	1	3153	2	0	3000
Picture	33	hit	1	2397	2	340527	1	3153	3	0	3000
Picture	22	hit	1	2606	3	349655	2	3154	3	0	3000
Picture	33	miss				358618	1	3153	2	0	3000
Picture	22	hit	1	2336	2	369572	1	3153	2	0	3000
Picture	22	hit	1	3890	2	378036	1	3153	3	0	3000
Picture	22	hit	1	3081	4	386998	2	3154	3	0	3000
Picture	22	hit	1	2823	2	396625	1	3153	2	0	3000
Picture	22	hit	1	3467	3	405587	1	3153	3	0	3000
Picture	22	hit	1	3102	3	414881	2	3154	3	0	3000
Picture	22	hit	1	2800	3	425171	2	3154	3	0	3000
Picture	33	miss				434300	1	3153	2	0	3000
Picture	22	hit	1	2575	2	443926	1	3153	3	0	3000
Picture	22	hit	1	3539	2	454548	1	3153	3	0	3000
Picture	22	hit	1	3864	2	464506	1	3154	2	0	3000
Picture	22	hit	1	3523	2	473469	1	3153	2	0	3000
Picture	22	hit	1	2880	2	483593	1	3153	2	0	3000
Picture	33	miss				492555	1	3153	3	0	3000
Picture	22	hit	1	2264	3	503177	1	3154	2	0	3000
Picture	22	hit	1	2266	4	513135	2	3154	3	0	3000
Picture	22	hit	1	2237	3	523923	2	3154	3	0	3000
Picture	33	miss				534047	2	3154	3	0	3000
Picture	22	hit	1	2095	3	542180	1	3153	2	0	3000
Picture	22	hit	1	6792	2	552968	1	3153	2	0	3000
Picture	22	hit	1	3110	3	562262	1	3154	2	0	3000
Picture	22	hit	1	3908	2	570561	1	3153	2	0	3000
Picture	22	hit	1	3131	2	580851	1	3153	2	0	3000
Picture	22	hit	1	2725	2	591473	1	3153	2	0	3000
Picture	22	hit	1	2827	2	602095	1	3153	3	0	3000
Picture	33	miss				612219	1	3153	3	0	3000
Picture	22	hit	1	2482	3	622177	2	3154	3	0	3000
Picture	22	hit	1	2709	3	631140	1	3153	2	0	3000
Picture	22	hit	1	2425	3	640766	1	3153	2	0	3000
Picture	22	hit	1	2319	3	650890	1	3153	2	0	3000
Picture	22	hit	1	2075	3	659852	2	3154	3	0	3000
Picture	33	miss				668483	1	3153	2	0	3000
Picture	22	hit	1	1471	2	678773	1	3153	2	0	3000
Picture	22	hit	1	2114	2	689063	1	3153	2	0	3000
Picture	22	hit	1	2227	2	698523	1	3154	2	0	3000
Picture	33	hit	1	2513	2	706656	1	3153	2	0	3000
Picture	22	hit	1	2560	2	715452	1	3154	2	0	3000
Picture	22	hit	1	2336	2	726406	1	3154	2	0	3000
Picture	22	hit	1	2476	2	736696	1	3154	2	0	3000
Picture	33	miss				746156	2	3154	3	0	3000
Picture	22	hit	1	3744	2	754455	1	3153	2	0	3000
Picture	22	hit	1	2294	2	764413	1	3154	2	0	3000
Picture	22	hit	1	2733	2	772546	1	3153	2	0	3000
Picture	22	hit	1	3424	2	781342	1	3153	3	0	3000
Picture	22	hit	1	3156	2	792130	1	3153	3	0	3000
Picture	33	miss				800428	2	3154	3	0	3000
Picture	22	hit	1	2275	2	810055	1	3153	2	0	3000
Picture	22	hit	1	2049	3	820179	1	3153	2	0	3000
Picture	22	hit	1	3723	3	828643	2	3154	3	0	3000
Picture	22	hit	1	3333	2	836776	1	3153	2	0	3000
Picture	22	hit	1	2810	3	847730	1	3153	2	0	3000
Picture	22	hit	1	3150	3	856692	1	3154	2	0	3000
Picture	22	hit	1	2397	2	867314	1	3154	2	0	3000
Picture	33	miss				876609	1	3153	2	0	3000
Picture	22	hit	1	2245	2	885073	1	3153	3	0	3000
Picture	22	hit	1	2188	3	893371	2	3154	3	0	3000
Picture	22	hit	1	2445	2	902334	1	3153	2	0	3000
Picture	33	miss				910964	1	3154	2	0	3000
Picture	22	hit	1	2367	3	920259	1	3153	2	0	3000
Picture	22	hit	1	2178	2	930051	1	3153	2	0	3000
Picture	22	hit	1	2564	2	939677	1	3153	2	0	3000
Picture	33	miss				949303	1	3154	2	0	3000
Picture	22	hit	1	2509	4	958929	2	3154	3	0	3000
Picture	22	hit	1	1919	4	969883	2	3154	3	0	3000
Picture	22	hit	1	2441	2	979012	1	3153	2	0	3000
Picture	22	hit	1	2823	2	989468	1	3153	2	0	3000
Picture	22	hit	1	3315	2	997932	1	3154	2	0	3000
Picture	22	hit	1	2728	4	1008720	2	3154	3	0	3000
Picture	22	hit	1	3420	3	1018346	2	3154	3	0	3000
Picture	33	hit	1	9270	2	1027807	1	3153	2	0	3000
Picture	22	miss				1037765	1	3153	2	0	3000
Picture	22	hit	1	2387	3	1046893	2	3154	3	0	3000
Picture	22	hit	1	2463	3	1057515	2	3154	3	0	3000
Picture	22	hit	1	3123	2	1065814	1	3153	2	0	3000
Picture	22	hit	1	2531	3	1075274	1	3153	3	0	3000
Picture	22	hit	1	2620	3	1084236	2	3154	3	0	3000
Picture	22	hit	1	2631	2	1093863	1	3153	2	0	3000
Picture	33	miss				1101995	1	3154	2	0	3000
Picture	22	hit	1	2542	2	1112451	1	3154	2	0	3000
Picture	22	hit	1	2692	2	1121082	1	3153	2	0	3000
Picture	22	hit	1	2595	2	1131206	1	3153	2	0	3000
Picture	33	hit	1	2118	2	1141496	1	3153	2	0	3000
Picture	22	hit	1	2385	3	1151288	1	3153	3	0	3000
Picture	22	hit	1	2175	3	1161080	2	3154	3	0	3000
Picture	22	hit	1	3886	2	1169545	1	3153	2	0	3000
Picture	22	hit	1	3328	2	1179503	1	3153	2	0	3000
Picture	22	hit	1	2392	2	1189959	1	3153	3	0	3000
Picture	33	miss				1199419	1	3154	2	0	3000
Picture	22	hit	1	2412	2	1208382	1	3153	2	0	3000
Picture	22	hit	1	2395	2	1218008	1	3153	2	0	3000
Picture	22	hit	1	2490	2	1226638	1	3154	2	0	3000
Picture	22	hit	1	2898	2	1235103	1	3153	2	0	3000
Picture	22	hit	1	2465	2	1245061	1	3153	2	0	3000
Picture	22	hit	1	3321	3	1254023	1	3154	2	0	3000
Picture	22	hit	1	3185	2	1264977	1	3154	2	0	3000
Picture	33	miss				1275101	2	3154	3	0	3000
Picture	22	hit	1	2456	3	1285059	2	3154	3	0	3000
Picture	22	hit	1	2676	2	1293524	1	3153	2	0	3000
Picture	22	hit	1	2255	2	1303814	1	3153	3	0	3000
Picture	33	miss				1313938	1	3154	2	0	3000
Picture	22	hit	1	2318	3	1324228	2	3154	3	0	3000
Picture	22	hit	1	2273	3	1334850	2	3154	3	0	3000
Picture	22	hit	1	2611	2	1344145	1	3153	2	0	3000
Picture	22	hit	1	2639	2	1354933	1	3153	2	0	3000
Picture	22	hit	1	2786	3	1364393	1	3153	3	0	3000
Picture	33	miss				1375181	1	3153	3	0	3000
Picture	22	hit	1	2748	2	1385969	1	3153	3	0	3000
Picture	22	hit	1	3330	3	1394102	1	3153	2	0	3000
Picture	22	hit	1	3037	2	1403230	1	3153	2	0	3000
Picture	33	miss				1412856	1	3153	3	0	3000
Picture	22	hit	1	2520	3	1421652	2	3154	3	0	3000
Picture	22	hit	1	2634	2	1430283	1	3153	2	0	3000
Picture	22	hit	1	2934	3	1438581	2	3154	3	0	3000
Picture	22	hit	1	2939	2	1448208	1	3153	2	0	3000
Picture	22	hit	1	2875	2	1458498	1	3153	2	0	3000
Picture	33	miss				1466962	1	3154	2	0	3000
Picture	22	hit	1	2686	2	1475261	1	3153	2	0	3000
Picture	22	hit	1	2361	2	1483891	1	3153	3	0	3000
Picture	22	hit	1	2348	3	1493185	2	3154	3	0	3000
Picture	33	miss				1501484	1	3153	2	0	3000
Picture	22	hit	1	2600	3	1510778	1	3153	3	0	3000
Picture	22	hit	1	2574	2	1521234	1	3154	2	0	3000
Picture	22	hit	1	2969	2	1529699	1	3153	2	0	3000
Picture	22	hit	1	2679	2	1539657	1	3153	2	0	3000
Picture	22	hit	1	3215	3	1548287	1	3154	2	0	3000
Picture	33	miss				1558909	1	3154	2	0	3000
Picture	22	hit	1	1835	3	1569199	2	3154	3	0	3000
Picture	22	hit	1	3719	2	1578660	1	3153	2	0	3000
Picture	22	hit	1	2500	2	1588950	1	3153	2	0	3000
Picture	22	hit	1	2694	2	1597414	1	3154	2	0	3000
Picture	22	hit	1	2977	2	1608036	1	3154	2	0	3000
Picture	33	miss				1617164	2	3154	3	0	3000
Picture	22	hit	1	2503	3	1626293	1	3153	2	0	3000
Picture	22	hit	1	2406	2	1636085	1	3153	3	0	3000
Picture	22	hit	1	2378	3	1645213	2	3154	3	0	3000
Picture	33	miss				1654010	1	3153	2	0	3000
Picture	22	hit	1	2135	3	1664632	1	3153	2	0	3000
Picture	22	hit	1	1921	2	1673594	1	3154	2	0	3000
Picture	22	hit	1	1841	3	1684548	1	3154	2	0	3000
Picture	33	miss				1694340	2	3154	3	0	3000
Picture	22	hit	1	1623	4	1705128	2	3154	3	0	3000
Picture	22	hit	1	2183	2	1713759	1	3153	2	0	3000
Picture	22	hit	1	2835	2	1722389	1	3154	2	0	3000
Picture	33	miss				1731352	1	3153	2	0	3000
Picture	22	hit	1	2841	2	1741974	1	3153	2	0	3000
Picture	33	miss				1752596	1	3153	2	0	3000
Picture	22	hit	1	2884	3	1762554	1	3153	2	0	3000
Picture	22	hit	1	2799	2	1773010	1	3153	2	0	3000
Picture	22	hit	1	3061	2	1783798	1	3153	2	0	3000
Picture	22	hit	1	3597	3	1792096	2	3154	3	0	3000
Picture	22	hit	1	3492	3	1801391	1	3153	2	0	3000
Picture	33	miss				1811183	1	3153	2	0	3000
Picture	22	hit	1	2794	2	1821971	1	3153	2	0	3000
Picture	22	hit	1	3318	3	1830103	2	3154	3	0	3000
Picture	22	hit	1	5721	3	1841057	2	3154	3	0	3000
Picture	22	hit	1	3246	4	1852011	2	3154	3	0	3000
Picture	22	hit	1	2493	3	1862633	2	3154	3	0	3000
Picture	33	miss				1872094	1	3153	2	0	3000
Picture	22	hit	1	2398	2	1882550	1	3153	2	0	3000
Picture	22	hit	1	1728	2	1892674	1	3153	3	0	3000
Picture	22	hit	1	2316	2	1902134	1	3154	2	0	3000
Picture	22	hit	1	2189	2	1913254	1	3154	2	0	3000
Picture	22	hit	1	2375	2	1924208	1	3154	2	0	3000
Picture	33	miss				1934664	1	3154	2	0	3000
Picture	22	hit	1	2388	4	1944788	2	3154	3	0	3000
Picture	22	hit	1	2720	2	1954083	1	3153	2	0	3000
Picture	22	hit	1	2604	2	1963211	1	3153	3	0	3000
Picture	22	hit	1	2856	3	1971675	2	3154	3	0	3000
Picture	22	hit	1	2544	2	1980970	1	3153	2	0	3000
Picture	22	hit	1	2377	2	1991094	1	3153	2	0	3000
Picture	22	hit	1	3047	3	2001384	1	3153	3	0	3000
Picture	33	miss				2010678	2	3154	3	0	3000
Picture	22	hit	1	2574	3	2020470	2	3154	3	0	3000
Picture	33	hit	1	2784	2	2029765	1	3153	2	0	3000
Picture	22	hit	1	2386	2	2039225	1	3153	3	0	3000
Picture	33	miss				2047689	2	3154	3	0	3000
Picture	22	hit	1	2249	2	2057648	1	3153	2	0	3000
Picture	22	hit	1	3533	3	2067440	1	3153	2	0	3000
Picture	22	hit	1	2963	2	2077730	1	3153	3	0	3000
Picture	22	hit	1	3224	3	2086360	2	3154	3	0	3000
Picture	22	hit	1	2768	4	2097480	2	3154	3	0	3000
Picture	33	miss				2106111	1	3153	2	0	3000
Picture	22	hit	1	2558	3	2114741	1	3154	2	0	3000
Picture	22	hit	1	2485	3	2124533	2	3154	3	0	3000
Picture	22	hit	1	2431	3	2134160	1	3153	2	0	3000
Picture	22	hit	1	2562	2	2144284	1	3153	2	0	3000
Picture	22	hit	1	3262	3	2153744	1	3153	3	0	3000
Picture	33	hit	1	3384	3	2162872	2	3154	3	0	3000
Picture	22	hit	1	2821	3	2173328	2	3154	3	0	3000
Picture	22	hit	1	3391	2	2181627	1	3153	2	0	3000
Picture	22	hit	1	2239	2	2191087	1	3154	2	0	3000
Picture	22	hit	1	2660	4	2201045	2	3154	3	0	3000
Picture	22	hit	1	2551	3	2211501	2	3154	3	0	3000
Picture	33	miss				2221460	1	3153	2	0	3000
Picture	22	hit	1	2407	2	2229758	1	3153	3	0	3000
Picture	22	hit	1	7823	3	2239384	2	3154	3	0	3000
Picture	22	hit	1	2738	2	2248845	1	3153	2	0	3000
Picture	33	miss				2257309	1	3153	3	0	3000
Picture	22	hit	1	2297	3	2265773	2	3154	3	0	3000
Picture	22	hit	1	2706	3	2276561	2	3154	3	0	3000
Picture	22	hit	1	2260	3	2287349	2	3154	3	0	3000
Picture	22	hit	1	2562	2	2297474	1	3153	2	0	3000
Picture	22	hit	1	2826	2	2308262	1	3153	2	0	3000
Picture	33	miss				2318220	1	3153	2	0	3000
Picture	22	hit	1	2406	2	2327680	1	3154	2	0	3000
Picture	33	miss				2336310	2	3154	3	0	3000
Picture	22	hit	1	2939	2	2345107	1	3153	2	0	3000
Picture	22	hit	1	3722	2	2354899	1	3153	3	0	3000
Picture	22	hit	1	3051	4	2363695	2	3154	3	0	3000
Picture	22	hit	1	2794	3	2374649	2	3154	3	0	3000
Picture	22	hit	1	3125	2	2384276	1	3153	2	0	3000
Picture	33	miss				2394566	1	3153	2	0	3000
Picture	22	hit	1	2877	2	2404026	1	3153	3	0	3000
Picture	22	hit	1	2895	2	2414648	1	3154	2	0	3000
Picture	22	hit	1	2508	2	2425436	1	3154	2	0	3000
Picture	22	hit	1	3218	2	2434067	1	3153	2	0	3000
Picture	22	hit	1	2955	3	2444523	1	3153	2	0	3000
Picture	33	miss				2455311	1	3153	2	0	3000
Picture	22	hit	1	2197	2	2465601	1	3153	2	0	3000
Picture	22	hit	1	2757	3	2475559	1	3153	2	0	3000
Picture	22	hit	1	2739	2	2485683	1	3153	3	0	3000
Picture	22	hit	1	3086	2	2495973	1	3154	2	0	3000
Picture	22	hit	1	3202	4	2505433	2	3154	3	0	3000
Picture	33	miss				2515724	1	3153	2	0	3000
Picture	22	hit	1	2836	2	2526512	1	3153	2	0	3000
Picture	22	hit	1	3118	2	2534976	1	3153	3	0	3000
Picture	22	hit	1	2716	3	2544602	2	3154	3	0	3000
Picture	22	hit	1	2720	4	2554560	2	3154	3	0	3000
Picture	22	hit	1	3286	2	2564685	1	3153	2	0	3000
Picture	22	hit	1	3132	2	2574145	1	3153	2	0	3000
Picture	22	hit	1	3161	2	2583107	1	3154	2	0	3000
Picture	33	hit	1	2718	3	2592899	2	3154	3	0	3000
Picture	22	hit	1	2249	3	2603189	2	3154	3	0	3000
Picture	22	hit	1	3088	3	2612816	1	3153	2	0	3000
Picture	22	hit	1	2222	2	2623106	1	3153	2	0	3000
Picture	22	hit	1	3073	4	2631238	2	3154	3	0	3000
Picture	22	hit	1	3442	3	2641362	2	3154	3	0	3000
Picture	33	miss				2649661	1	3153	2	0	3000
Picture	22	hit	1	2468	3	2658291	2	3154	3	0	3000
Picture	33	hit	1	1622	3	2668415	2	3154	3	0	3000
Picture	22	hit	1	2313	2	2677710	1	3153	2	0	3000
Picture	22	hit	1	2526	3	2686506	1	3154	2	0	3000
Picture	22	hit	1	2752	3	2695469	1	3153	2	0	3000
Picture	33	miss				2704431	1	3153	3	0	3000
Picture	22	hit	1	2001	2	2715219	1	3153	3	0	3000
Picture	22	hit	1	2783	2	2725841	1	3153	2	0	3000
Picture	22	hit	1	2947	3	2734305	2	3154	3	0	3000
Picture	22	hit	1	3211	4	2745092	3	3155	4	0	3000
Picture	22	hit	1	3416	3	2755881	2	3154	3	0	3000
Picture	33	hit	1	2911	3	2766669	2	3154	3	0	3000
Picture	22	hit	1	2541	2	2776794	1	3153	2	0	3000
Picture	22	hit	1	3199	2	2785590	1	3153	3	0	3000
Picture	22	hit	1	3113	4	2794718	2	3154	3	0	3000
Picture	33	miss				2805506	2	3154	3	0	3000
Picture	22	hit	1	2413	3	2816128	2	3154	3	0	3000
Picture	33	miss				2824759	1	3153	2	0	3000
Picture	22	hit	1	2464	2	2834219	1	3153	3	0	3000
Picture	33	miss				2845007	1	3154	2	0	3000
Picture	22	hit	1	2191	3	2853638	1	3153	2	0	3000
Picture	22	hit	1	4656	2	2862102	1	3153	3	0	3000
Picture	22	hit	1	3266	2	2872890	1	3153	2	0	3000
Picture	22	hit	1	2918	2	2883346	1	3153	3	0	3000
Picture	22	hit	1	3247	3	2893304	2	3154	3	0	3000
Picture	33	miss				2901769	1	3153	2	0	3000
