Scenario - GO/NO-GO
Logfile written - 05/05/2011 09:48:47

Subject	Trial	Event Type	Code	Time	TTime	Uncertainty	Duration	Uncertainty	ReqTime	ReqDur

ME	2	Picture	22	290	0	1	3153	2	0	3000
ME	2	Response	1	5300	5010	2
ME	3	Picture	22	39126	0	2	3154	3	0	3000
ME	3	Response	1	44992	5866	1
ME	4	Picture	22	75308	0	1	3153	2	0	3000
ME	4	Response	1	79425	4117	2
ME	5	Picture	33	111821	0	1	3153	3	0	3000
ME	6	Picture	22	145679	0	1	3153	2	0	3000
ME	6	Response	1	150737	5058	1
ME	7	Picture	22	175719	0	2	3154	3	0	3000
ME	7	Response	1	180772	5053	1
ME	8	Picture	22	203934	0	1	3154	2	0	3000
ME	8	Response	1	210179	6245	1
ME	9	Picture	22	239286	0	1	3153	2	0	3000
ME	9	Response	1	243790	4504	1
ME	10	Picture	22	268164	0	2	3154	3	0	3000
ME	10	Response	1	274061	5897	1
ME	11	Picture	22	301856	0	1	3154	2	0	3000
ME	11	Response	1	307435	5579	2
ME	12	Picture	22	338369	0	2	3154	3	0	3000
ME	12	Response	1	342968	4599	1
ME	13	Picture	33	368908	0	1	3153	2	0	3000
ME	14	Picture	22	401936	0	1	3153	2	0	3000
ME	14	Response	1	405452	3516	2
ME	15	Picture	22	434134	0	1	3153	2	0	3000
ME	15	Response	1	439627	5493	1
ME	16	Picture	22	464174	0	2	3154	3	0	3000
ME	16	Response	1	470258	6084	1
ME	17	Picture	22	495874	0	2	3154	3	0	3000
ME	17	Response	1	501241	5367	1
ME	18	Picture	22	530728	0	1	3153	3	0	3000
ME	18	Response	1	534857	4129	1
ME	19	Picture	33	566577	0	2	3154	3	0	3000
ME	20	Picture	22	602925	0	1	3153	2	0	3000
ME	20	Response	1	607358	4433	1
ME	21	Picture	22	632965	0	2	3154	3	0	3000
ME	21	Response	1	639166	6201	2
ME	22	Picture	22	672798	0	1	3153	3	0	3000
ME	22	Response	1	678505	5707	1
ME	23	Picture	22	708315	0	2	3154	3	0	3000
ME	23	Response	1	712558	4243	1
ME	24	Picture	22	737028	0	1	3154	2	0	3000
ME	24	Response	1	742652	5624	1
ME	25	Picture	33	774537	0	2	3154	3	0	3000
ME	26	Picture	22	813706	0	1	3153	3	0	3000
ME	26	Response	1	818813	5107	1
ME	27	Picture	33	841921	0	1	3153	2	0	3000
ME	28	Picture	22	879596	0	1	3153	3	0	3000
ME	28	Response	1	885754	6158	1
ME	29	Picture	22	913288	0	1	3153	2	0	3000
ME	29	Response	1	919397	6109	1
ME	30	Picture	22	953120	0	2	3154	3	0	3000
ME	30	Response	1	958858	5738	1
ME	31	Picture	33	982829	0	1	3153	3	0	3000
ME	32	Picture	22	1020006	0	1	3154	2	0	3000
ME	32	Response	1	1024798	4792	1
ME	33	Picture	22	1049881	0	1	3153	2	0	3000
ME	33	Response	1	1055250	5369	1
ME	34	Picture	22	1080087	0	1	3154	2	0	3000
ME	34	Response	1	1083692	3605	1
ME	35	Picture	22	1116268	0	2	3154	3	0	3000
ME	35	Response	1	1121203	4935	1
ME	36	Picture	22	1148965	0	1	3153	2	0	3000
ME	36	Response	1	1152333	3368	1
ME	37	Picture	33	1179171	0	1	3153	3	0	3000
ME	38	Picture	22	1208216	0	1	3153	2	0	3000
ME	38	Response	1	1214072	5856	1
ME	39	Picture	22	1243235	0	1	3154	2	0	3000
ME	39	Response	1	1249249	6014	1
ME	40	Picture	22	1283068	0	1	3153	2	0	3000
ME	40	Response	1	1288503	5435	1
ME	41	Picture	22	1322569	0	1	3153	2	0	3000
ME	41	Response	1	1326810	4241	1
ME	42	Picture	22	1357920	0	1	3154	2	0	3000
ME	42	Response	1	1361541	3621	1
ME	43	Picture	22	1395761	0	1	3154	2	0	3000
ME	43	Response	1	1400557	4796	1
ME	44	Picture	22	1433436	0	2	3154	3	0	3000
ME	44	Response	1	1439513	6077	1
ME	45	Picture	33	1473435	0	1	3153	2	0	3000
ME	46	Picture	22	1504803	0	1	3154	2	0	3000
ME	46	Response	1	1509285	4482	1
ME	47	Picture	22	1533682	0	1	3153	2	0	3000
ME	47	Response	1	1540347	6665	1
ME	48	Picture	22	1573017	0	1	3153	2	0	3000
ME	48	Response	1	1575843	2826	1
ME	49	Picture	22	1606542	0	2	3154	3	0	3000
ME	49	Response	1	1611550	5008	1
ME	50	Picture	22	1645379	0	2	3154	3	0	3000
ME	50	Response	1	1649234	3855	1
ME	51	Picture	33	1675254	0	1	3153	2	0	3000
ME	52	Picture	22	1714257	0	1	3153	2	0	3000
ME	52	Response	1	1718179	3922	1
ME	53	Picture	33	1745625	0	1	3153	2	0	3000
ME	54	Picture	22	1782138	0	1	3154	2	0	3000
ME	54	Response	1	1787507	5369	1
ME	55	Picture	22	1814834	0	1	3154	2	0	3000
ME	55	Response	1	1818453	3619	1
ME	56	Picture	22	1847364	0	2	3154	3	0	3000
ME	56	Response	1	1852528	5164	1
ME	57	Picture	33	1887031	0	1	3153	3	0	3000
ME	58	Picture	22	1925536	0	1	3153	2	0	3000
ME	58	Response	1	1928595	3059	1
ME	59	Picture	22	1963211	0	1	3153	3	0	3000
ME	59	Response	1	1967164	3953	1
ME	60	Picture	22	1997733	0	1	3153	2	0	3000
ME	60	Response	1	2001625	3892	1
ME	61	Picture	33	2026445	0	2	3154	3	0	3000
ME	62	Picture	22	2063457	0	1	3153	2	0	3000
ME	62	Response	1	2068440	4983	1
ME	63	Picture	22	2100302	0	1	3153	2	0	3000
ME	63	Response	1	2104053	3751	2
ME	64	Picture	22	2129844	0	2	3154	3	0	3000
ME	64	Response	1	2133137	3293	1
ME	65	Picture	33	2168847	0	1	3154	2	0	3000
ME	66	Picture	22	2207020	0	1	3154	2	0	3000
ME	66	Response	1	2211680	4660	2
ME	67	Picture	22	2240546	0	1	3153	3	0	3000
ME	67	Response	1	2243864	3318	3
ME	68	Picture	22	2279051	0	1	3153	3	0	3000
ME	68	Response	1	2282491	3440	2
ME	69	Picture	33	2307266	0	1	3153	2	0	3000
ME	70	Picture	22	2336310	0	2	3154	3	0	3000
ME	70	Response	1	2340204	3894	2
ME	71	Picture	22	2366849	0	1	3153	2	0	3000
ME	71	Response	1	2370647	3798	1
ME	72	Picture	22	2406847	0	2	3154	3	0	3000
ME	72	Response	1	2411047	4200	1
ME	73	Picture	22	2438880	0	1	3153	2	0	3000
ME	73	Response	1	2441812	2932	1
ME	74	Picture	22	2469584	0	1	3153	3	0	3000
ME	74	Response	1	2472136	2552	1
ME	75	Picture	33	2508089	0	1	3153	3	0	3000
ME	76	Picture	22	2538461	0	2	3154	3	0	3000
ME	76	Response	1	2541462	3001	3
ME	77	Picture	33	2574975	0	1	3153	2	0	3000
ME	78	Picture	22	2611156	0	1	3153	3	0	3000
ME	78	Response	1	2614069	2913	1
ME	79	Picture	22	2647503	0	2	3154	3	0	3000
ME	79	Response	1	2653139	5636	2
ME	80	Picture	22	2684017	0	1	3153	2	0	3000
ME	80	Response	1	2687603	3586	2
ME	81	Picture	22	2719202	0	1	3154	2	0	3000
ME	81	Response	1	2723391	4189	1
ME	82	Picture	22	2754554	0	1	3153	2	0	3000
ME	82	Response	1	2759330	4776	2
ME	83	Picture	33	2787250	0	1	3153	2	0	3000
ME	84	Picture	22	2826584	0	2	3154	3	0	3000
ME	84	Response	1	2829870	3286	1
ME	85	Picture	22	2860608	0	1	3154	2	0	3000
ME	85	Response	1	2863771	3163	2
ME	86	Picture	22	2896458	0	1	3153	2	0	3000
ME	86	Response	1	2899917	3459	1
ME	87	Picture	33	2931311	0	1	3154	2	0	3000
ME	88	Picture	22	2970646	0	1	3153	3	0	3000
ME	88	Response	1	2974916	4270	1
ME	89	Picture	22	3008155	0	1	3154	2	0	3000
ME	89	Response	1	3011356	3201	2
ME	90	Picture	22	3047822	0	1	3153	2	0	3000
ME	90	Response	1	3052519	4697	1
ME	91	Picture	22	3082343	0	2	3154	3	0	3000
ME	91	Response	1	3085329	2986	1
ME	92	Picture	22	3115537	0	2	3154	3	0	3000
ME	92	Response	1	3118638	3101	1
ME	93	Picture	33	3147569	0	2	3154	3	0	3000
ME	93	Response	1	3151176	3607	2
ME	94	Picture	22	3185908	0	2	3154	3	0	3000
ME	94	Response	1	3189689	3781	1
ME	95	Picture	22	3218273	0	1	3153	2	0	3000
ME	95	Response	1	3221995	3722	1
ME	96	Picture	22	3256114	0	1	3153	2	0	3000
ME	96	Response	1	3259260	3146	2
ME	97	Picture	33	3290137	0	2	3154	3	0	3000
ME	98	Picture	22	3319182	0	1	3153	3	0	3000
ME	98	Response	1	3322527	3345	1
ME	99	Picture	33	3352210	0	1	3153	3	0	3000
ME	100	Picture	22	3391877	0	1	3153	2	0	3000
ME	100	Response	1	3395485	3608	1
ME	101	Picture	22	3426232	0	2	3154	3	0	3000
ME	101	Response	1	3429207	2975	1
ME	102	Picture	22	3456107	0	1	3153	2	0	3000
ME	102	Response	1	3460563	4456	2
ME	103	Picture	33	3496105	0	2	3154	3	0	3000
ME	104	Picture	22	3531291	0	1	3153	3	0	3000
ME	104	Response	1	3534403	3112	2
ME	105	Picture	22	3564651	0	1	3153	2	0	3000
ME	105	Response	1	3567829	3178	1
ME	106	Picture	22	3604650	0	1	3153	2	0	3000
ME	106	Response	1	3608732	4082	1
ME	107	Picture	33	3635188	0	1	3153	2	0	3000
ME	108	Picture	22	3669710	0	1	3153	2	0	3000
ME	108	Response	1	3673298	3588	1
ME	109	Picture	22	3703567	0	2	3154	3	0	3000
ME	109	Response	1	3707671	4104	2
ME	110	Picture	22	3738255	0	1	3153	3	0	3000
ME	110	Response	1	3743079	4824	1
ME	111	Picture	22	3770453	0	1	3112	92	0	3000
ME	111	Response	1	3773696	3243	2
ME	112	Picture	22	3807796	0	2	3154	3	0	3000
ME	112	Response	1	3812821	5025	1
ME	113	Picture	33	3837837	0	1	3153	2	0	3000
ME	114	Picture	22	3868209	0	1	3154	2	0	3000
ME	114	Response	1	3872835	4626	1
ME	115	Picture	22	3905884	0	2	3154	3	0	3000
ME	115	Response	1	3909303	3419	1
ME	116	Picture	22	3941568	0	1	3153	2	0	3000
ME	116	Response	1	3946778	5210	2
ME	117	Picture	22	3977583	0	1	3153	3	0	3000
ME	117	Response	1	3982009	4426	1
ME	118	Picture	22	4015092	0	1	3154	2	0	3000
ME	118	Response	1	4018657	3565	1
ME	119	Picture	33	4048950	0	1	3153	3	0	3000
ME	120	Picture	22	4082974	0	1	3153	2	0	3000
ME	120	Response	1	4085999	3025	1
ME	121	Picture	22	4122972	0	2	3154	3	0	3000
ME	121	Response	1	4125892	2920	1
ME	122	Picture	22	4162639	0	1	3153	3	0	3000
ME	122	Response	1	4165992	3353	2
ME	123	Picture	22	4191850	0	1	3153	2	0	3000
ME	123	Response	1	4199302	7452	1
ME	124	Picture	22	4227035	0	2	3154	3	0	3000
ME	124	Response	1	4232314	5279	1
ME	125	Picture	33	4263051	0	1	3153	2	0	3000
ME	126	Picture	22	4301888	0	1	3153	2	0	3000
ME	126	Response	1	4305715	3827	1
ME	127	Picture	22	4340392	0	2	3154	3	0	3000
ME	127	Response	1	4346289	5897	2
ME	128	Picture	22	4375744	0	1	3153	3	0	3000
ME	128	Response	1	4379355	3611	2
ME	129	Picture	22	4406780	0	2	3154	3	0	3000
ME	129	Response	1	4410445	3665	1
ME	130	Picture	22	4439310	0	2	3154	3	0	3000
ME	130	Response	1	4442894	3584	1
ME	131	Picture	22	4476322	0	1	3153	2	0	3000
ME	131	Response	1	4481636	5314	1
ME	132	Picture	22	4507856	0	1	3153	2	0	3000
ME	132	Response	1	4511929	4073	1
ME	133	Picture	33	4544701	0	1	3153	3	0	3000
ME	134	Picture	22	4577397	0	1	3153	3	0	3000
ME	134	Response	1	4583667	6270	2
ME	135	Picture	22	4608433	0	2	3154	3	0	3000
ME	135	Response	1	4613294	4861	1
ME	136	Picture	22	4646938	0	1	3154	2	0	3000
ME	136	Response	1	4649929	2991	1
ME	137	Picture	22	4680796	0	1	3153	3	0	3000
ME	137	Response	1	4684533	3737	2
ME	138	Picture	22	4710339	0	1	3153	2	0	3000
ME	138	Response	1	4713435	3096	1
ME	139	Picture	22	4743698	0	2	3154	3	0	3000
ME	139	Response	1	4746798	3100	2
ME	140	Picture	22	4776560	0	2	3154	3	0	3000
ME	140	Response	1	4780162	3602	1
ME	141	Picture	33	4805107	0	2	3154	3	0	3000
ME	141	Response	1	4808413	3306	1
ME	142	Picture	22	4835812	0	1	3153	2	0	3000
ME	142	Response	1	4839168	3356	1
ME	143	Picture	22	4875644	0	2	3154	3	0	3000
ME	143	Response	1	4879441	3797	1
ME	144	Picture	22	4910996	0	1	3153	2	0	3000
ME	144	Response	1	4915876	4880	1
ME	145	Picture	22	4945019	0	2	3154	3	0	3000
ME	145	Response	1	4948643	3624	1
ME	146	Picture	22	4974230	0	1	3153	3	0	3000
ME	146	Response	1	4977573	3343	1
ME	147	Picture	22	5010909	0	2	3154	3	0	3000
ME	147	Response	1	5014659	3750	1
ME	148	Picture	22	5046593	0	1	3153	2	0	3000
ME	148	Response	1	5049915	3322	1
ME	149	Picture	33	5079953	0	1	3153	2	0	3000
ME	150	Picture	22	5119785	0	2	3154	3	0	3000
ME	150	Response	1	5123285	3500	1
ME	151	Picture	22	5149992	0	1	3153	2	0	3000
ME	151	Response	1	5153900	3908	1
ME	152	Picture	22	5180530	0	1	3154	2	0	3000
ME	152	Response	1	5183630	3100	1
ME	153	Picture	22	5218703	0	2	3154	3	0	3000
ME	153	Response	1	5222256	3553	2
ME	154	Picture	22	5258536	0	1	3153	3	0	3000
ME	154	Response	1	5262238	3702	1
ME	155	Picture	33	5288244	0	2	3154	3	0	3000
ME	156	Response	1	6574385	1252117	1
ME	158	Picture	22	6584632	0	2	3154	3	0	3000
ME	158	Response	1	6593684	9052	2
ME	159	Picture	22	6619818	0	1	3153	3	0	3000
ME	159	Response	1	6623263	3445	1
ME	160	Picture	22	6657493	0	1	3154	2	0	3000
ME	160	Response	1	6661027	3534	2
ME	161	Picture	22	6693011	0	1	3153	2	0	3000
ME	161	Response	1	6697815	4804	1
ME	162	Picture	22	6729026	0	1	3153	3	0	3000
ME	162	Response	1	6732948	3922	2
ME	163	Picture	33	6765373	0	2	3154	3	0	3000
ME	164	Picture	22	6795912	0	1	3153	2	0	3000
ME	164	Response	1	6801646	5734	2
ME	165	Picture	33	6828608	0	1	3153	2	0	3000
ME	166	Picture	22	6867279	0	1	3153	2	0	3000
ME	166	Response	1	6869840	2561	2
ME	167	Picture	22	6904954	0	1	3153	2	0	3000
ME	167	Response	1	6908790	3836	1
ME	168	Picture	22	6941799	0	1	3153	2	0	3000
ME	168	Response	1	6944159	2360	1
ME	169	Picture	33	6977814	0	2	3154	3	0	3000
ME	170	Picture	22	7013332	0	1	3153	2	0	3000
ME	170	Response	1	7018180	4848	2
ME	171	Picture	22	7051671	0	1	3153	2	0	3000
ME	171	Response	1	7054587	2916	2
ME	172	Picture	22	7082707	0	1	3153	3	0	3000
ME	172	Response	1	7086119	3412	1
ME	173	Picture	22	7113909	0	2	3154	3	0	3000
ME	173	Response	1	7116970	3061	1
ME	174	Picture	22	7144448	0	1	3153	2	0	3000
ME	174	Response	1	7147143	2695	1
ME	175	Picture	33	7178969	0	2	3154	3	0	3000
ME	176	Picture	22	7218802	0	1	3153	3	0	3000
ME	176	Response	1	7222544	3742	1
ME	177	Picture	22	7256975	0	1	3153	3	0	3000
ME	177	Response	1	7260130	3155	1
ME	178	Picture	22	7288509	0	1	3154	2	0	3000
ME	178	Response	1	7291602	3093	1
ME	179	Picture	22	7320541	0	2	3154	3	0	3000
ME	179	Response	1	7323659	3118	1
ME	180	Picture	22	7359876	0	1	3154	2	0	3000
ME	180	Response	1	7363165	3289	2
ME	181	Picture	22	7393070	0	1	3153	3	0	3000
ME	181	Response	1	7396203	3133	1
ME	182	Picture	22	7428588	0	1	3153	2	0	3000
ME	182	Response	1	7431575	2987	1
ME	183	Picture	33	7467092	0	2	3154	3	0	3000
ME	184	Picture	22	7506593	0	1	3154	2	0	3000
ME	184	Response	1	7509898	3305	2
ME	185	Picture	22	7540285	0	1	3153	3	0	3000
ME	185	Response	1	7542998	2713	1
ME	186	Picture	22	7576466	0	2	3154	3	0	3000
ME	186	Response	1	7579047	2581	1
ME	187	Picture	22	7610324	0	1	3154	2	0	3000
ME	187	Response	1	7614794	4470	2
ME	188	Picture	22	7644182	0	1	3153	3	0	3000
ME	188	Response	1	7650430	6248	1
ME	189	Picture	33	7678538	0	1	3153	2	0	3000
ME	190	Picture	22	7716877	0	1	3153	2	0	3000
ME	190	Response	1	7720365	3488	1
ME	191	Picture	22	7752560	0	1	3153	3	0	3000
ME	191	Response	1	7755291	2731	2
ME	192	Picture	22	7788078	0	1	3153	2	0	3000
ME	192	Response	1	7791903	3825	1
ME	193	Picture	33	7822931	0	1	3154	2	0	3000
ME	194	Picture	22	7861602	0	1	3153	3	0	3000
ME	194	Response	1	7865824	4222	1
ME	195	Picture	22	7894630	0	1	3153	3	0	3000
ME	195	Response	1	7898418	3788	1
ME	196	Picture	22	7931475	0	1	3154	2	0	3000
ME	196	Response	1	7935322	3847	1
ME	197	Picture	22	7971308	0	1	3153	2	0	3000
ME	197	Response	1	7976067	4759	2
ME	198	Picture	22	8002344	0	1	3154	2	0	3000
ME	198	Response	1	8007004	4660	1
ME	199	Picture	33	8037364	0	1	3153	2	0	3000
ME	200	Picture	22	8075039	0	1	3153	2	0	3000
ME	200	Response	1	8080422	5383	1
ME	201	Picture	33	8104084	0	1	3153	2	0	3000
ME	202	Picture	22	8136116	0	1	3153	2	0	3000
ME	202	Response	1	8140987	4871	1
ME	203	Picture	33	8170139	0	2	3154	3	0	3000
ME	204	Picture	22	8203831	0	1	3154	2	0	3000
ME	204	Response	1	8209530	5699	1
ME	205	Picture	33	8236029	0	2	3154	3	0	3000
ME	206	Picture	22	8274202	0	2	3154	3	0	3000
ME	206	Response	1	8278691	4489	1
ME	207	Picture	22	8308558	0	1	3153	3	0	3000
ME	207	Response	1	8313495	4937	1
ME	208	Picture	22	8346067	0	1	3153	3	0	3000
ME	208	Response	1	8350898	4831	1
ME	209	Picture	33	8383244	0	2	3154	3	0	3000
ME	210	Picture	22	8418264	0	1	3153	2	0	3000
ME	210	Response	1	8426736	8472	1
ME	211	Picture	22	8454113	0	2	3154	3	0	3000
ME	211	Response	1	8459709	5596	2
ME	212	Picture	22	8493946	0	1	3153	3	0	3000
ME	212	Response	1	8497702	3756	2
ME	213	Picture	22	8533281	0	1	3153	2	0	3000
ME	213	Response	1	8538357	5076	1
ME	214	Picture	22	8564815	0	1	3153	2	0	3000
ME	214	Response	1	8569202	4387	1
ME	215	Picture	33	8600830	0	2	3154	3	0	3000
ME	216	Picture	22	8634522	0	1	3154	2	0	3000
ME	216	Response	1	8640314	5792	1
ME	217	Picture	22	8667716	0	1	3153	3	0	3000
ME	217	Response	1	8672136	4420	1
ME	218	Picture	22	8702404	0	1	3153	2	0	3000
ME	218	Response	1	8706584	4180	1
ME	219	Picture	33	8741572	0	2	3154	3	0	3000
ME	220	Picture	22	8777588	0	1	3153	2	0	3000
ME	220	Response	1	8782980	5392	1
ME	221	Picture	33	8815595	0	1	3153	2	0	3000
ME	222	Picture	22	8844806	0	1	3153	2	0	3000
ME	222	Response	1	8848892	4086	1
ME	223	Picture	22	8873020	0	2	3154	3	0	3000
ME	223	Response	1	8879565	6545	1
ME	224	Picture	22	8904887	0	1	3153	2	0	3000
ME	224	Response	1	8914375	9488	1
ME	225	Picture	22	8935923	0	1	3153	2	0	3000
ME	225	Response	1	8942289	6366	1
ME	226	Picture	22	8967125	0	1	3153	3	0	3000
ME	226	Response	1	8970623	3498	2
ME	227	Picture	22	9003306	0	2	3154	3	0	3000
ME	227	Response	1	9006521	3215	2
ME	228	Picture	22	9033347	0	1	3153	2	0	3000
ME	228	Response	1	9037374	4027	1
ME	229	Picture	33	9069196	0	2	3154	3	0	3000
ME	230	Picture	22	9098407	0	1	3153	3	0	3000
ME	230	Response	1	9101757	3350	2
ME	231	Picture	22	9135750	0	1	3154	2	0	3000
ME	231	Response	1	9139705	3955	2
ME	232	Picture	22	9173923	0	1	3154	2	0	3000
ME	232	Response	1	9178880	4957	1
ME	233	Picture	33	9211100	0	2	3154	3	0	3000
ME	234	Picture	22	9249937	0	1	3154	2	0	3000
ME	234	Response	1	9257317	7380	1
ME	235	Picture	22	9284625	0	1	3153	2	0	3000
ME	235	Response	1	9292095	7470	1
ME	236	Picture	22	9313338	0	1	3153	2	0	3000
ME	236	Response	1	9317124	3786	1
ME	237	Picture	33	9351013	0	1	3153	2	0	3000
ME	238	Picture	22	9387194	0	1	3153	3	0	3000
ME	238	Response	1	9391078	3884	1
ME	239	Picture	22	9415243	0	1	3153	2	0	3000
ME	239	Response	1	9418648	3405	1
ME	240	Picture	22	9452088	0	1	3154	2	0	3000
ME	240	Response	1	9455317	3229	1
ME	241	Picture	33	9490593	0	1	3153	3	0	3000
ME	242	Picture	22	9530260	0	1	3153	2	0	3000
ME	242	Response	1	9535263	5003	1
ME	243	Picture	22	9559802	0	2	3154	3	0	3000
ME	243	Response	1	9564078	4276	1
ME	244	Picture	22	9590673	0	1	3153	2	0	3000
ME	244	Response	1	9594574	3901	1
ME	245	Picture	22	9624530	0	2	3154	3	0	3000
ME	245	Response	1	9628439	3909	1
ME	246	Picture	22	9655899	0	1	3153	2	0	3000
ME	246	Response	1	9659586	3687	1
ME	247	Picture	22	9685773	0	1	3154	2	0	3000
ME	247	Response	1	9689846	4073	1
ME	248	Picture	22	9720461	0	1	3153	2	0	3000
ME	248	Response	1	9723532	3071	2
ME	249	Picture	33	9750667	0	2	3154	3	0	3000
ME	250	Picture	22	9788674	0	2	3154	3	0	3000
ME	250	Response	1	9792668	3994	1
ME	251	Picture	33	9824358	0	1	3153	2	0	3000
ME	252	Picture	22	9855062	0	1	3153	3	0	3000
ME	252	Response	1	9859764	4702	1
ME	253	Picture	22	9893401	0	1	3153	3	0	3000
ME	253	Response	1	9896934	3533	1
ME	254	Picture	22	9922446	0	1	3153	2	0	3000
ME	254	Response	1	9925923	3477	1
ME	255	Picture	33	9953316	0	1	3153	3	0	3000
ME	256	Picture	22	9987174	0	1	3153	2	0	3000
ME	256	Response	1	9990947	3773	1
ME	257	Picture	22	10026509	0	1	3153	2	0	3000
ME	257	Response	1	10030744	4235	1
ME	258	Picture	22	10059703	0	1	3153	2	0	3000
ME	258	Response	1	10063068	3365	1
ME	259	Picture	33	10088581	0	1	3154	2	0	3000
ME	260	Picture	22	10126588	0	2	3154	3	0	3000
ME	260	Response	1	10129539	2951	1
ME	261	Picture	22	10163600	0	1	3153	2	0	3000
ME	261	Response	1	10166827	3227	1
ME	262	Picture	22	10200113	0	1	3153	2	0	3000
ME	262	Response	1	10204174	4061	1
ME	263	Picture	22	10231481	0	1	3153	3	0	3000
ME	263	Response	1	10234373	2892	2
ME	264	Picture	22	10265173	0	1	3153	2	0	3000
ME	264	Response	1	10268650	3477	1
ME	265	Picture	33	10302350	0	1	3153	3	0	3000
ME	266	Picture	22	10341851	0	1	3153	2	0	3000
ME	266	Response	1	10347769	5918	1
ME	267	Picture	22	10377368	0	2	3154	3	0	3000
ME	267	Response	1	10381545	4177	1
ME	268	Picture	22	10410562	0	1	3154	2	0	3000
ME	268	Response	1	10414972	4410	1
ME	269	Picture	33	10448901	0	1	3153	3	0	3000
ME	270	Picture	22	10488900	0	1	3153	2	0	3000
ME	270	Response	1	10494442	5542	1
ME	271	Picture	22	10519272	0	1	3154	2	0	3000
ME	271	Response	1	10523244	3972	2
ME	272	Picture	22	10557445	0	1	3154	2	0	3000
ME	272	Response	1	10560507	3062	1
ME	273	Picture	22	10595950	0	1	3153	3	0	3000
ME	273	Response	1	10599653	3703	2
ME	274	Picture	22	10634455	0	1	3153	3	0	3000
ME	274	Response	1	10637652	3197	1
ME	275	Picture	33	10664164	0	1	3153	2	0	3000
ME	276	Picture	22	10694038	0	1	3153	3	0	3000
ME	276	Response	1	10697807	3769	1
ME	277	Picture	22	10732709	0	1	3153	3	0	3000
ME	277	Response	1	10737260	4551	1
ME	278	Picture	22	10765239	0	1	3153	3	0	3000
ME	278	Response	1	10770295	5056	1
ME	279	Picture	22	10800757	0	1	3153	2	0	3000
ME	279	Response	1	10804485	3728	2
ME	280	Picture	22	10836938	0	1	3153	2	0	3000
ME	280	Response	1	10843576	6638	2
ME	281	Picture	33	10871294	0	1	3153	2	0	3000
ME	282	Picture	22	10902662	0	1	3153	2	0	3000
ME	282	Response	1	10909167	6505	1
ME	283	Picture	22	10940171	0	1	3153	3	0	3000
ME	283	Response	1	10944244	4073	1
ME	284	Picture	22	10973033	0	1	3153	3	0	3000
ME	284	Response	1	10978430	5397	1
ME	285	Picture	33	11013032	0	1	3153	2	0	3000
ME	286	Picture	22	11043404	0	1	3153	2	0	3000
ME	286	Response	1	11046887	3483	1
ME	287	Picture	22	11081411	0	1	3153	3	0	3000
ME	287	Response	1	11085564	4153	2
ME	288	Picture	22	11115933	0	1	3153	2	0	3000
ME	288	Response	1	11120194	4261	1
ME	289	Picture	33	11145309	0	2	3154	3	0	3000
ME	290	Picture	22	11182984	0	2	3154	3	0	3000
ME	290	Response	1	11187320	4336	1
ME	291	Picture	22	11222817	0	1	3153	3	0	3000
ME	292	Picture	22	11253355	0	2	3154	3	0	3000
ME	292	Response	1	11260140	6785	1
ME	293	Picture	22	11288541	0	1	3153	2	0	3000
ME	293	Response	1	11291820	3279	1
ME	294	Picture	22	11317088	0	1	3153	2	0	3000
ME	294	Response	1	11322022	4934	1
ME	295	Picture	22	11354763	0	1	3153	2	0	3000
ME	295	Response	1	11360760	5997	1
ME	296	Picture	22	11383642	0	1	3153	2	0	3000
ME	296	Response	1	11388040	4398	1
ME	297	Picture	33	11420653	0	1	3153	2	0	3000
ME	298	Picture	22	11458328	0	1	3153	2	0	3000
ME	298	Response	1	11461867	3539	1
ME	299	Picture	22	11486709	0	1	3153	2	0	3000
ME	299	Response	1	11490383	3674	2
ME	300	Picture	22	11523222	0	1	3153	3	0	3000
ME	300	Response	1	11526549	3327	1
ME	301	Picture	22	11557910	0	1	3153	2	0	3000
ME	301	Response	1	11562958	5048	1
ME	302	Picture	22	11592265	0	1	3154	2	0	3000
ME	302	Response	1	11595610	3345	1
ME	303	Picture	33	11626123	0	1	3153	3	0	3000


Event Type	Code	Type	Response	RT	RT Uncertainty	Time	Uncertainty	Duration	Uncertainty	ReqTime	ReqDur

Picture	22	hit	1	5010	3	290	1	3153	2	0	3000
Picture	22	hit	1	5866	3	39126	2	3154	3	0	3000
Picture	22	hit	1	4117	3	75308	1	3153	2	0	3000
Picture	33	miss				111821	1	3153	3	0	3000
Picture	22	hit	1	5058	2	145679	1	3153	2	0	3000
Picture	22	hit	1	5053	3	175719	2	3154	3	0	3000
Picture	22	hit	1	6245	2	203934	1	3154	2	0	3000
Picture	22	hit	1	4504	2	239286	1	3153	2	0	3000
Picture	22	hit	1	5897	3	268164	2	3154	3	0	3000
Picture	22	hit	1	5579	3	301856	1	3154	2	0	3000
Picture	22	hit	1	4599	3	338369	2	3154	3	0	3000
Picture	33	miss				368908	1	3153	2	0	3000
Picture	22	hit	1	3516	3	401936	1	3153	2	0	3000
Picture	22	hit	1	5493	2	434134	1	3153	2	0	3000
Picture	22	hit	1	6084	3	464174	2	3154	3	0	3000
Picture	22	hit	1	5367	3	495874	2	3154	3	0	3000
Picture	22	hit	1	4129	2	530728	1	3153	3	0	3000
Picture	33	miss				566577	2	3154	3	0	3000
Picture	22	hit	1	4433	2	602925	1	3153	2	0	3000
Picture	22	hit	1	6201	4	632965	2	3154	3	0	3000
Picture	22	hit	1	5707	2	672798	1	3153	3	0	3000
Picture	22	hit	1	4243	3	708315	2	3154	3	0	3000
Picture	22	hit	1	5624	2	737028	1	3154	2	0	3000
Picture	33	miss				774537	2	3154	3	0	3000
Picture	22	hit	1	5107	2	813706	1	3153	3	0	3000
Picture	33	miss				841921	1	3153	2	0	3000
Picture	22	hit	1	6158	2	879596	1	3153	3	0	3000
Picture	22	hit	1	6109	2	913288	1	3153	2	0	3000
Picture	22	hit	1	5738	3	953120	2	3154	3	0	3000
Picture	33	miss				982829	1	3153	3	0	3000
Picture	22	hit	1	4792	2	1020006	1	3154	2	0	3000
Picture	22	hit	1	5369	2	1049881	1	3153	2	0	3000
Picture	22	hit	1	3605	2	1080087	1	3154	2	0	3000
Picture	22	hit	1	4935	3	1116268	2	3154	3	0	3000
Picture	22	hit	1	3368	2	1148965	1	3153	2	0	3000
Picture	33	miss				1179171	1	3153	3	0	3000
Picture	22	hit	1	5856	2	1208216	1	3153	2	0	3000
Picture	22	hit	1	6014	2	1243235	1	3154	2	0	3000
Picture	22	hit	1	5435	2	1283068	1	3153	2	0	3000
Picture	22	hit	1	4241	2	1322569	1	3153	2	0	3000
Picture	22	hit	1	3621	2	1357920	1	3154	2	0	3000
Picture	22	hit	1	4796	2	1395761	1	3154	2	0	3000
Picture	22	hit	1	6077	3	1433436	2	3154	3	0	3000
Picture	33	miss				1473435	1	3153	2	0	3000
Picture	22	hit	1	4482	2	1504803	1	3154	2	0	3000
Picture	22	hit	1	6665	2	1533682	1	3153	2	0	3000
Picture	22	hit	1	2826	2	1573017	1	3153	2	0	3000
Picture	22	hit	1	5008	3	1606542	2	3154	3	0	3000
Picture	22	hit	1	3855	3	1645379	2	3154	3	0	3000
Picture	33	miss				1675254	1	3153	2	0	3000
Picture	22	hit	1	3922	2	1714257	1	3153	2	0	3000
Picture	33	miss				1745625	1	3153	2	0	3000
Picture	22	hit	1	5369	2	1782138	1	3154	2	0	3000
Picture	22	hit	1	3619	2	1814834	1	3154	2	0	3000
Picture	22	hit	1	5164	3	1847364	2	3154	3	0	3000
Picture	33	miss				1887031	1	3153	3	0	3000
Picture	22	hit	1	3059	2	1925536	1	3153	2	0	3000
Picture	22	hit	1	3953	2	1963211	1	3153	3	0	3000
Picture	22	hit	1	3892	2	1997733	1	3153	2	0	3000
Picture	33	miss				2026445	2	3154	3	0	3000
Picture	22	hit	1	4983	2	2063457	1	3153	2	0	3000
Picture	22	hit	1	3751	3	2100302	1	3153	2	0	3000
Picture	22	hit	1	3293	3	2129844	2	3154	3	0	3000
Picture	33	miss				2168847	1	3154	2	0	3000
Picture	22	hit	1	4660	3	2207020	1	3154	2	0	3000
Picture	22	hit	1	3318	4	2240546	1	3153	3	0	3000
Picture	22	hit	1	3440	3	2279051	1	3153	3	0	3000
Picture	33	miss				2307266	1	3153	2	0	3000
Picture	22	hit	1	3894	4	2336310	2	3154	3	0	3000
Picture	22	hit	1	3798	2	2366849	1	3153	2	0	3000
Picture	22	hit	1	4200	3	2406847	2	3154	3	0	3000
Picture	22	hit	1	2932	2	2438880	1	3153	2	0	3000
Picture	22	hit	1	2552	2	2469584	1	3153	3	0	3000
Picture	33	miss				2508089	1	3153	3	0	3000
Picture	22	hit	1	3001	5	2538461	2	3154	3	0	3000
Picture	33	miss				2574975	1	3153	2	0	3000
Picture	22	hit	1	2913	2	2611156	1	3153	3	0	3000
Picture	22	hit	1	5636	4	2647503	2	3154	3	0	3000
Picture	22	hit	1	3586	3	2684017	1	3153	2	0	3000
Picture	22	hit	1	4189	2	2719202	1	3154	2	0	3000
Picture	22	hit	1	4776	3	2754554	1	3153	2	0	3000
Picture	33	miss				2787250	1	3153	2	0	3000
Picture	22	hit	1	3286	3	2826584	2	3154	3	0	3000
Picture	22	hit	1	3163	3	2860608	1	3154	2	0	3000
Picture	22	hit	1	3459	2	2896458	1	3153	2	0	3000
Picture	33	miss				2931311	1	3154	2	0	3000
Picture	22	hit	1	4270	2	2970646	1	3153	3	0	3000
Picture	22	hit	1	3201	3	3008155	1	3154	2	0	3000
Picture	22	hit	1	4697	2	3047822	1	3153	2	0	3000
Picture	22	hit	1	2986	3	3082343	2	3154	3	0	3000
Picture	22	hit	1	3101	3	3115537	2	3154	3	0	3000
Picture	33	hit	1	3607	4	3147569	2	3154	3	0	3000
Picture	22	hit	1	3781	3	3185908	2	3154	3	0	3000
Picture	22	hit	1	3722	2	3218273	1	3153	2	0	3000
Picture	22	hit	1	3146	3	3256114	1	3153	2	0	3000
Picture	33	miss				3290137	2	3154	3	0	3000
Picture	22	hit	1	3345	2	3319182	1	3153	3	0	3000
Picture	33	miss				3352210	1	3153	3	0	3000
Picture	22	hit	1	3608	2	3391877	1	3153	2	0	3000
Picture	22	hit	1	2975	3	3426232	2	3154	3	0	3000
Picture	22	hit	1	4456	3	3456107	1	3153	2	0	3000
Picture	33	miss				3496105	2	3154	3	0	3000
Picture	22	hit	1	3112	3	3531291	1	3153	3	0	3000
Picture	22	hit	1	3178	2	3564651	1	3153	2	0	3000
Picture	22	hit	1	4082	2	3604650	1	3153	2	0	3000
Picture	33	miss				3635188	1	3153	2	0	3000
Picture	22	hit	1	3588	2	3669710	1	3153	2	0	3000
Picture	22	hit	1	4104	4	3703567	2	3154	3	0	3000
Picture	22	hit	1	4824	2	3738255	1	3153	3	0	3000
Picture	22	hit	1	3243	3	3770453	1	3112	92	0	3000
Picture	22	hit	1	5025	3	3807796	2	3154	3	0	3000
Picture	33	miss				3837837	1	3153	2	0	3000
Picture	22	hit	1	4626	2	3868209	1	3154	2	0	3000
Picture	22	hit	1	3419	3	3905884	2	3154	3	0	3000
Picture	22	hit	1	5210	3	3941568	1	3153	2	0	3000
Picture	22	hit	1	4426	2	3977583	1	3153	3	0	3000
Picture	22	hit	1	3565	2	4015092	1	3154	2	0	3000
Picture	33	miss				4048950	1	3153	3	0	3000
Picture	22	hit	1	3025	2	4082974	1	3153	2	0	3000
Picture	22	hit	1	2920	3	4122972	2	3154	3	0	3000
Picture	22	hit	1	3353	3	4162639	1	3153	3	0	3000
Picture	22	hit	1	7452	2	4191850	1	3153	2	0	3000
Picture	22	hit	1	5279	3	4227035	2	3154	3	0	3000
Picture	33	miss				4263051	1	3153	2	0	3000
Picture	22	hit	1	3827	2	4301888	1	3153	2	0	3000
Picture	22	hit	1	5897	4	4340392	2	3154	3	0	3000
Picture	22	hit	1	3611	3	4375744	1	3153	3	0	3000
Picture	22	hit	1	3665	3	4406780	2	3154	3	0	3000
Picture	22	hit	1	3584	3	4439310	2	3154	3	0	3000
Picture	22	hit	1	5314	2	4476322	1	3153	2	0	3000
Picture	22	hit	1	4073	2	4507856	1	3153	2	0	3000
Picture	33	miss				4544701	1	3153	3	0	3000
Picture	22	hit	1	6270	3	4577397	1	3153	3	0	3000
Picture	22	hit	1	4861	3	4608433	2	3154	3	0	3000
Picture	22	hit	1	2991	2	4646938	1	3154	2	0	3000
Picture	22	hit	1	3737	3	4680796	1	3153	3	0	3000
Picture	22	hit	1	3096	2	4710339	1	3153	2	0	3000
Picture	22	hit	1	3100	4	4743698	2	3154	3	0	3000
Picture	22	hit	1	3602	3	4776560	2	3154	3	0	3000
Picture	33	hit	1	3306	3	4805107	2	3154	3	0	3000
Picture	22	hit	1	3356	2	4835812	1	3153	2	0	3000
Picture	22	hit	1	3797	3	4875644	2	3154	3	0	3000
Picture	22	hit	1	4880	2	4910996	1	3153	2	0	3000
Picture	22	hit	1	3624	3	4945019	2	3154	3	0	3000
Picture	22	hit	1	3343	2	4974230	1	3153	3	0	3000
Picture	22	hit	1	3750	3	5010909	2	3154	3	0	3000
Picture	22	hit	1	3322	2	5046593	1	3153	2	0	3000
Picture	33	miss				5079953	1	3153	2	0	3000
Picture	22	hit	1	3500	3	5119785	2	3154	3	0	3000
Picture	22	hit	1	3908	2	5149992	1	3153	2	0	3000
Picture	22	hit	1	3100	2	5180530	1	3154	2	0	3000
Picture	22	hit	1	3553	4	5218703	2	3154	3	0	3000
Picture	22	hit	1	3702	2	5258536	1	3153	3	0	3000
Picture	33	miss				5288244	2	3154	3	0	3000
Picture	22	hit	1	9052	4	6584632	2	3154	3	0	3000
Picture	22	hit	1	3445	2	6619818	1	3153	3	0	3000
Picture	22	hit	1	3534	3	6657493	1	3154	2	0	3000
Picture	22	hit	1	4804	2	6693011	1	3153	2	0	3000
Picture	22	hit	1	3922	3	6729026	1	3153	3	0	3000
Picture	33	miss				6765373	2	3154	3	0	3000
Picture	22	hit	1	5734	3	6795912	1	3153	2	0	3000
Picture	33	miss				6828608	1	3153	2	0	3000
Picture	22	hit	1	2561	3	6867279	1	3153	2	0	3000
Picture	22	hit	1	3836	2	6904954	1	3153	2	0	3000
Picture	22	hit	1	2360	2	6941799	1	3153	2	0	3000
Picture	33	miss				6977814	2	3154	3	0	3000
Picture	22	hit	1	4848	3	7013332	1	3153	2	0	3000
Picture	22	hit	1	2916	3	7051671	1	3153	2	0	3000
Picture	22	hit	1	3412	2	7082707	1	3153	3	0	3000
Picture	22	hit	1	3061	3	7113909	2	3154	3	0	3000
Picture	22	hit	1	2695	2	7144448	1	3153	2	0	3000
Picture	33	miss				7178969	2	3154	3	0	3000
Picture	22	hit	1	3742	2	7218802	1	3153	3	0	3000
Picture	22	hit	1	3155	2	7256975	1	3153	3	0	3000
Picture	22	hit	1	3093	2	7288509	1	3154	2	0	3000
Picture	22	hit	1	3118	3	7320541	2	3154	3	0	3000
Picture	22	hit	1	3289	3	7359876	1	3154	2	0	3000
Picture	22	hit	1	3133	2	7393070	1	3153	3	0	3000
Picture	22	hit	1	2987	2	7428588	1	3153	2	0	3000
Picture	33	miss				7467092	2	3154	3	0	3000
Picture	22	hit	1	3305	3	7506593	1	3154	2	0	3000
Picture	22	hit	1	2713	2	7540285	1	3153	3	0	3000
Picture	22	hit	1	2581	3	7576466	2	3154	3	0	3000
Picture	22	hit	1	4470	3	7610324	1	3154	2	0	3000
Picture	22	hit	1	6248	2	7644182	1	3153	3	0	3000
Picture	33	miss				7678538	1	3153	2	0	3000
Picture	22	hit	1	3488	2	7716877	1	3153	2	0	3000
Picture	22	hit	1	2731	3	7752560	1	3153	3	0	3000
Picture	22	hit	1	3825	2	7788078	1	3153	2	0	3000
Picture	33	miss				7822931	1	3154	2	0	3000
Picture	22	hit	1	4222	2	7861602	1	3153	3	0	3000
Picture	22	hit	1	3788	2	7894630	1	3153	3	0	3000
Picture	22	hit	1	3847	2	7931475	1	3154	2	0	3000
Picture	22	hit	1	4759	3	7971308	1	3153	2	0	3000
Picture	22	hit	1	4660	2	8002344	1	3154	2	0	3000
Picture	33	miss				8037364	1	3153	2	0	3000
Picture	22	hit	1	5383	2	8075039	1	3153	2	0	3000
Picture	33	miss				8104084	1	3153	2	0	3000
Picture	22	hit	1	4871	2	8136116	1	3153	2	0	3000
Picture	33	miss				8170139	2	3154	3	0	3000
Picture	22	hit	1	5699	2	8203831	1	3154	2	0	3000
Picture	33	miss				8236029	2	3154	3	0	3000
Picture	22	hit	1	4489	3	8274202	2	3154	3	0	3000
Picture	22	hit	1	4937	2	8308558	1	3153	3	0	3000
Picture	22	hit	1	4831	2	8346067	1	3153	3	0	3000
Picture	33	miss				8383244	2	3154	3	0	3000
Picture	22	hit	1	8472	2	8418264	1	3153	2	0	3000
Picture	22	hit	1	5596	4	8454113	2	3154	3	0	3000
Picture	22	hit	1	3756	3	8493946	1	3153	3	0	3000
Picture	22	hit	1	5076	2	8533281	1	3153	2	0	3000
Picture	22	hit	1	4387	2	8564815	1	3153	2	0	3000
Picture	33	miss				8600830	2	3154	3	0	3000
Picture	22	hit	1	5792	2	8634522	1	3154	2	0	3000
Picture	22	hit	1	4420	2	8667716	1	3153	3	0	3000
Picture	22	hit	1	4180	2	8702404	1	3153	2	0	3000
Picture	33	miss				8741572	2	3154	3	0	3000
Picture	22	hit	1	5392	2	8777588	1	3153	2	0	3000
Picture	33	miss				8815595	1	3153	2	0	3000
Picture	22	hit	1	4086	2	8844806	1	3153	2	0	3000
Picture	22	hit	1	6545	3	8873020	2	3154	3	0	3000
Picture	22	hit	1	9488	2	8904887	1	3153	2	0	3000
Picture	22	hit	1	6366	2	8935923	1	3153	2	0	3000
Picture	22	hit	1	3498	3	8967125	1	3153	3	0	3000
Picture	22	hit	1	3215	4	9003306	2	3154	3	0	3000
Picture	22	hit	1	4027	2	9033347	1	3153	2	0	3000
Picture	33	miss				9069196	2	3154	3	0	3000
Picture	22	hit	1	3350	3	9098407	1	3153	3	0	3000
Picture	22	hit	1	3955	3	9135750	1	3154	2	0	3000
Picture	22	hit	1	4957	2	9173923	1	3154	2	0	3000
Picture	33	miss				9211100	2	3154	3	0	3000
Picture	22	hit	1	7380	2	9249937	1	3154	2	0	3000
Picture	22	hit	1	7470	2	9284625	1	3153	2	0	3000
Picture	22	hit	1	3786	2	9313338	1	3153	2	0	3000
Picture	33	miss				9351013	1	3153	2	0	3000
Picture	22	hit	1	3884	2	9387194	1	3153	3	0	3000
Picture	22	hit	1	3405	2	9415243	1	3153	2	0	3000
Picture	22	hit	1	3229	2	9452088	1	3154	2	0	3000
Picture	33	miss				9490593	1	3153	3	0	3000
Picture	22	hit	1	5003	2	9530260	1	3153	2	0	3000
Picture	22	hit	1	4276	3	9559802	2	3154	3	0	3000
Picture	22	hit	1	3901	2	9590673	1	3153	2	0	3000
Picture	22	hit	1	3909	3	9624530	2	3154	3	0	3000
Picture	22	hit	1	3687	2	9655899	1	3153	2	0	3000
Picture	22	hit	1	4073	2	9685773	1	3154	2	0	3000
Picture	22	hit	1	3071	3	9720461	1	3153	2	0	3000
Picture	33	miss				9750667	2	3154	3	0	3000
Picture	22	hit	1	3994	3	9788674	2	3154	3	0	3000
Picture	33	miss				9824358	1	3153	2	0	3000
Picture	22	hit	1	4702	2	9855062	1	3153	3	0	3000
Picture	22	hit	1	3533	2	9893401	1	3153	3	0	3000
Picture	22	hit	1	3477	2	9922446	1	3153	2	0	3000
Picture	33	miss				9953316	1	3153	3	0	3000
Picture	22	hit	1	3773	2	9987174	1	3153	2	0	3000
Picture	22	hit	1	4235	2	10026509	1	3153	2	0	3000
Picture	22	hit	1	3365	2	10059703	1	3153	2	0	3000
Picture	33	miss				10088581	1	3154	2	0	3000
Picture	22	hit	1	2951	3	10126588	2	3154	3	0	3000
Picture	22	hit	1	3227	2	10163600	1	3153	2	0	3000
Picture	22	hit	1	4061	2	10200113	1	3153	2	0	3000
Picture	22	hit	1	2892	3	10231481	1	3153	3	0	3000
Picture	22	hit	1	3477	2	10265173	1	3153	2	0	3000
Picture	33	miss				10302350	1	3153	3	0	3000
Picture	22	hit	1	5918	2	10341851	1	3153	2	0	3000
Picture	22	hit	1	4177	3	10377368	2	3154	3	0	3000
Picture	22	hit	1	4410	2	10410562	1	3154	2	0	3000
Picture	33	miss				10448901	1	3153	3	0	3000
Picture	22	hit	1	5542	2	10488900	1	3153	2	0	3000
Picture	22	hit	1	3972	3	10519272	1	3154	2	0	3000
Picture	22	hit	1	3062	2	10557445	1	3154	2	0	3000
Picture	22	hit	1	3703	3	10595950	1	3153	3	0	3000
Picture	22	hit	1	3197	2	10634455	1	3153	3	0	3000
Picture	33	miss				10664164	1	3153	2	0	3000
Picture	22	hit	1	3769	2	10694038	1	3153	3	0	3000
Picture	22	hit	1	4551	2	10732709	1	3153	3	0	3000
Picture	22	hit	1	5056	2	10765239	1	3153	3	0	3000
Picture	22	hit	1	3728	3	10800757	1	3153	2	0	3000
Picture	22	hit	1	6638	3	10836938	1	3153	2	0	3000
Picture	33	miss				10871294	1	3153	2	0	3000
Picture	22	hit	1	6505	2	10902662	1	3153	2	0	3000
Picture	22	hit	1	4073	2	10940171	1	3153	3	0	3000
Picture	22	hit	1	5397	2	10973033	1	3153	3	0	3000
Picture	33	miss				11013032	1	3153	2	0	3000
Picture	22	hit	1	3483	2	11043404	1	3153	2	0	3000
Picture	22	hit	1	4153	3	11081411	1	3153	3	0	3000
Picture	22	hit	1	4261	2	11115933	1	3153	2	0	3000
Picture	33	miss				11145309	2	3154	3	0	3000
Picture	22	hit	1	4336	3	11182984	2	3154	3	0	3000
Picture	22	miss				11222817	1	3153	3	0	3000
Picture	22	hit	1	6785	3	11253355	2	3154	3	0	3000
Picture	22	hit	1	3279	2	11288541	1	3153	2	0	3000
Picture	22	hit	1	4934	2	11317088	1	3153	2	0	3000
Picture	22	hit	1	5997	2	11354763	1	3153	2	0	3000
Picture	22	hit	1	4398	2	11383642	1	3153	2	0	3000
Picture	33	miss				11420653	1	3153	2	0	3000
Picture	22	hit	1	3539	2	11458328	1	3153	2	0	3000
Picture	22	hit	1	3674	3	11486709	1	3153	2	0	3000
Picture	22	hit	1	3327	2	11523222	1	3153	3	0	3000
Picture	22	hit	1	5048	2	11557910	1	3153	2	0	3000
Picture	22	hit	1	3345	2	11592265	1	3154	2	0	3000
Picture	33	miss				11626123	1	3153	3	0	3000
