Scenario - EFT rapido Abril 2011
Logfile written - 05/10/2011 16:50:41

Subject	Trial	Event Type	Code	Time	TTime	Uncertainty	Duration	Uncertainty	ReqTime	ReqDur

PV	2	Picture	21	10414	0	1	3153	2	0	3000
PV	3	Response	2	15153	1420	1
PV	4	Picture	21	21865	0	2	3154	3	0	3000
PV	5	Response	2	25479	294	1
PV	6	Picture	21	30828	0	1	3153	2	0	3000
PV	7	Response	2	34240	93	2
PV	8	Picture	20	39790	0	1	3154	2	0	3000
PV	9	Response	2	43119	9	1
PV	9	Response	1	46657	3547	2
PV	10	Picture	21	48421	0	1	3153	2	0	3000
PV	11	Response	2	54028	2288	1
PV	12	Picture	10	57881	0	1	3153	2	0	3000
PV	13	Response	1	62137	937	1
PV	14	Picture	21	67341	0	1	3154	2	0	3000
PV	15	Response	2	71044	383	1
PV	16	Picture	21	76635	0	2	3154	3	0	3000
PV	17	Response	2	81077	1122	2
PV	18	Picture	10	85266	0	1	3153	2	0	3000
PV	19	Response	1	89551	966	2
PV	20	Picture	20	95390	0	1	3153	3	0	3000
PV	21	Response	1	99850	1141	1
PV	21	Response	2	103268	4559	1
PV	22	Picture	11	106178	0	1	3153	3	0	3000
PV	23	Response	1	110224	727	1
PV	24	Picture	11	115472	0	2	3154	3	0	3000
PV	25	Response	1	119577	785	1
PV	26	Picture	10	123937	0	1	3153	2	0	3000
PV	27	Response	2	128691	1435	1
PV	28	Picture	11	133397	0	1	3153	3	0	3000
PV	29	Response	1	137688	972	1
PV	30	Picture	21	144683	0	1	3153	2	0	3000
PV	31	Response	2	149227	1225	1
PV	32	Picture	21	154973	0	1	3153	3	0	3000
PV	33	Response	2	159088	796	2
PV	34	Picture	20	165429	0	1	3154	2	0	3000
PV	35	Response	2	170155	1406	1
PV	36	Picture	10	176051	0	2	3154	3	0	3000
PV	37	Response	1	180220	849	2
PV	38	Picture	20	187503	0	1	3153	3	0	3000
PV	39	Response	2	194183	3361	1
PV	40	Picture	21	198457	0	1	3154	2	0	3000
PV	41	Response	2	203925	2149	1
PV	42	Picture	20	207585	0	2	3154	3	0	3000
PV	43	Response	1	212163	1258	1
PV	44	Picture	21	217544	0	1	3153	2	0	3000
PV	45	Response	2	221546	683	2
PV	46	Picture	21	227170	0	1	3153	2	0	3000
PV	46	Response	2	230020	2850	1
PV	48	Picture	11	237294	0	1	3153	2	0	3000
PV	49	Response	1	241031	418	1
PV	50	Picture	20	246090	0	2	3154	3	0	3000
PV	51	Response	2	250622	1212	1
PV	52	Picture	11	256049	0	1	3153	2	0	3000
PV	52	Response	1	258713	2664	1
PV	54	Picture	20	265841	0	1	3153	2	0	3000
PV	55	Response	2	269394	234	1
PV	56	Picture	11	274637	0	2	3154	3	0	3000
PV	57	Response	1	278191	235	1
PV	58	Picture	21	285923	0	1	3153	3	0	3000
PV	59	Response	2	289848	606	1
PV	60	Picture	11	295383	0	2	3154	3	0	3000
PV	61	Response	1	299385	682	1
PV	62	Picture	20	304014	0	1	3153	2	0	3000
PV	63	Response	2	307941	608	2
PV	64	Picture	20	312810	0	1	3154	2	0	3000
PV	65	Response	2	317538	1408	1
PV	66	Picture	11	324096	0	1	3153	3	0	3000
PV	66	Response	2	326219	2123	1
PV	67	Response	1	329552	2137	2
PV	68	Picture	21	334718	0	1	3154	2	0	3000
PV	68	Response	2	337840	3122	1
PV	70	Picture	21	343846	0	2	3154	3	0	3000
PV	71	Response	2	347730	564	1
PV	72	Picture	20	352311	0	1	3153	2	0	3000
PV	72	Response	2	355587	3276	1
PV	73	Response	1	357758	2128	1
PV	74	Picture	20	360775	0	2	3154	3	0	3000
PV	75	Response	2	367404	3309	1
PV	76	Picture	20	370070	0	1	3153	2	0	3000
PV	77	Response	2	375316	1927	1
PV	78	Picture	10	380692	0	1	3153	2	0	3000
PV	79	Response	1	385472	1461	2
PV	80	Picture	20	389654	0	1	3153	3	0	3000
PV	81	Response	2	393553	580	1
PV	82	Picture	11	399612	0	2	3154	3	0	3000
PV	82	Response	1	402370	2758	1
PV	84	Picture	11	410898	0	1	3154	2	0	3000
PV	85	Response	1	417389	3171	1
PV	86	Picture	20	420690	0	2	3154	3	0	3000
PV	87	Response	2	424886	876	2
PV	88	Picture	21	431976	0	2	3154	3	0	3000
PV	88	Response	1	434864	2888	1
PV	90	Picture	20	442764	0	2	3154	3	0	3000
PV	91	Response	2	447312	1228	1
PV	92	Picture	21	451893	0	1	3153	2	0	3000
PV	93	Response	2	456785	1573	1
PV	94	Picture	20	461519	0	1	3153	2	0	3000
PV	95	Response	1	466201	1363	2
PV	96	Picture	21	472141	0	1	3153	2	0	3000
PV	97	Response	2	476565	1105	1
PV	98	Picture	20	482763	0	1	3153	2	0	3000
PV	98	Response	2	485447	2684	2
PV	100	Picture	10	492223	0	1	3154	2	0	3000
PV	101	Response	1	496602	1059	1
PV	102	Picture	20	500854	0	1	3153	2	0	3000
PV	103	Response	2	505159	986	2
PV	104	Picture	21	509816	0	1	3153	3	0	3000
PV	104	Response	1	512953	3137	1
PV	106	Picture	21	521102	0	1	3153	2	0	3000
PV	106	Response	2	523637	2535	1
PV	108	Picture	21	530562	0	1	3154	2	0	3000
PV	108	Response	2	532727	2165	1
PV	110	Picture	21	539691	0	1	3153	2	0	3000
PV	110	Response	2	542291	2600	1
PV	112	Picture	11	548653	0	1	3153	2	0	3000
PV	113	Response	1	552121	149	2
PV	114	Picture	11	559441	0	1	3153	2	0	3000
PV	115	Response	1	563776	1016	2
PV	116	Picture	10	569565	0	1	3153	3	0	3000
PV	116	Response	1	572568	3003	1
PV	118	Picture	11	579191	0	2	3154	3	0	3000
PV	118	Response	1	582004	2813	1
PV	120	Picture	10	589315	0	2	3154	3	0	3000
PV	120	Response	1	591652	2337	1
PV	122	Picture	10	600269	0	2	3154	3	0	3000
PV	123	Response	1	603930	341	1
PV	124	Picture	11	611223	0	2	3154	3	0	3000
PV	124	Response	1	613463	2240	1
PV	126	Picture	11	621016	0	1	3153	2	0	3000
PV	126	Response	1	623494	2478	1
PV	128	Picture	11	630642	0	1	3153	2	0	3000
PV	128	Response	1	633731	3089	1
PV	130	Picture	10	639770	0	1	3154	2	0	3000
PV	130	Response	1	642585	2815	1
PV	132	Picture	11	649230	0	2	3154	3	0	3000
PV	132	Response	1	651999	2769	2
PV	134	Picture	20	657695	0	1	3153	2	0	3000
PV	135	Response	2	662534	1520	1
PV	136	Picture	11	668317	0	1	3153	2	0	3000
PV	137	Response	1	672484	848	1
PV	138	Picture	11	679769	0	1	3153	2	0	3000
PV	138	Response	2	683077	3308	2
PV	140	Picture	11	689727	0	1	3153	3	0	3000
PV	141	Response	1	693109	63	1
PV	142	Picture	11	700847	0	2	3153	3	0	3000
PV	142	Response	1	702817	1970	1
PV	144	Picture	20	709643	0	2	3154	3	0	3000
PV	144	Response	1	711986	2343	1
PV	146	Picture	20	718938	0	1	3153	2	0	3000
PV	146	Response	1	722049	3111	1
PV	148	Picture	10	729394	0	1	3153	2	0	3000
PV	149	Response	1	733526	813	1
PV	150	Picture	21	740182	0	1	3153	2	0	3000
PV	151	Response	2	744742	1241	1
PV	152	Picture	10	751634	0	1	3153	2	0	3000
PV	153	Response	1	755810	857	1
PV	154	Picture	20	760430	0	1	3153	3	0	3000
PV	155	Response	2	764817	1068	1
PV	156	Picture	20	769890	0	2	3154	3	0	3000
PV	157	Response	2	774968	1758	2
PV	158	Picture	11	781010	0	2	3154	3	0	3000
PV	159	Response	1	785122	792	2
PV	160	Picture	10	789641	0	1	3153	2	0	3000
PV	161	Response	1	794655	1695	1
PV	162	Picture	10	799101	0	1	3153	2	0	3000
PV	163	Response	1	803124	704	2
PV	164	Picture	20	809723	0	1	3153	2	0	3000
PV	165	Response	2	814928	1886	1
PV	166	Picture	10	818685	0	2	3154	3	0	3000
PV	167	Response	1	822311	306	1
PV	168	Picture	11	829805	0	2	3154	3	0	3000
PV	168	Response	2	833026	3221	1
PV	170	Picture	11	840427	0	2	3154	3	0	3000
PV	170	Response	1	842905	2478	1
PV	172	Picture	10	851049	0	2	3154	3	0	3000
PV	172	Response	1	853766	2717	1
PV	174	Picture	11	859680	0	1	3153	2	0	3000
PV	174	Response	1	862968	3288	2
PV	176	Picture	21	869804	0	1	3153	2	0	3000
PV	177	Response	2	873944	821	1
PV	178	Picture	20	878932	0	2	3154	3	0	3000
PV	178	Response	1	881557	2625	2
PV	180	Picture	21	888061	0	1	3153	2	0	3000
PV	181	Response	2	893454	2074	2
PV	182	Picture	20	897355	0	1	3153	2	0	3000
PV	183	Response	2	900748	74	2
PV	184	Picture	11	906483	0	1	3154	2	0	3000
PV	185	Response	1	910047	244	1
PV	186	Picture	21	916441	0	2	3154	3	0	3000
PV	186	Response	2	919256	2815	1
PV	188	Picture	21	924906	0	1	3153	2	0	3000
PV	189	Response	2	929617	1392	1
PV	190	Picture	11	935860	0	1	3153	2	0	3000
PV	190	Response	1	938800	2940	2
PV	192	Picture	21	944656	0	1	3154	2	0	3000
PV	192	Response	2	946973	2317	1
PV	194	Picture	21	955112	0	2	3154	3	0	3000
PV	194	Response	1	957544	2432	1
PV	196	Picture	10	966066	0	2	3154	3	0	3000
PV	197	Response	1	970008	622	74
PV	198	Picture	21	975195	0	1	3153	2	0	3000
PV	199	Response	2	979145	631	1
PV	200	Picture	11	984987	0	1	3153	2	0	3000
PV	200	Response	1	987684	2697	1
PV	202	Picture	10	995111	0	1	3153	2	0	3000
PV	202	Response	2	997952	2841	1
PV	204	Picture	21	1004903	0	1	3154	2	0	3000
PV	204	Response	1	1007553	2650	1
PV	206	Picture	21	1016023	0	1	3154	2	0	3000
PV	207	Response	2	1020359	1017	1
PV	208	Picture	10	1027143	0	1	3153	3	0	3000
PV	208	Response	2	1029836	2693	1
PV	209	Response	1	1032546	2084	2
PV	210	Picture	10	1037599	0	1	3154	2	0	3000
PV	211	Response	1	1042049	1131	1
PV	212	Picture	21	1047723	0	2	3154	3	0	3000
PV	213	Response	2	1052025	982	1
PV	214	Picture	20	1056188	0	1	3153	2	0	3000
PV	215	Response	2	1061236	1729	1
PV	216	Picture	11	1064984	0	1	3154	2	0	3000
PV	217	Response	1	1069679	1375	1
PV	218	Picture	20	1073615	0	1	3153	2	0	3000
PV	219	Response	1	1077770	836	1
PV	219	Response	2	1080210	3276	1
PV	220	Picture	10	1083905	0	1	3153	2	0	3000
PV	221	Response	1	1087769	545	1
PV	222	Picture	11	1093697	0	1	3153	2	0	3000
PV	222	Response	2	1096496	2799	1
PV	224	Picture	21	1105149	0	1	3153	2	0	3000
PV	224	Response	1	1107389	2240	2
PV	226	Picture	10	1114941	0	1	3153	2	0	3000
PV	227	Response	1	1119517	1257	1
PV	228	Picture	10	1125563	0	1	3153	3	0	3000
PV	229	Response	1	1129874	992	1
PV	230	Picture	20	1134691	0	2	3154	3	0	3000
PV	231	Response	2	1140291	2280	1
PV	232	Picture	20	1145479	0	2	3154	3	0	3000
PV	233	Response	2	1149534	735	1
PV	234	Picture	10	1154608	0	1	3153	2	0	3000
PV	235	Response	1	1159634	1707	2
PV	236	Picture	11	1163736	0	1	3153	3	0	3000
PV	237	Response	1	1168399	1344	1
PV	238	Picture	21	1174358	0	1	3153	3	0	3000
PV	238	Response	1	1177134	2776	1
PV	239	Response	2	1180696	3019	2
PV	240	Picture	11	1184648	0	1	3154	2	0	3000
PV	241	Response	1	1188482	514	2
PV	242	Picture	20	1194108	0	2	3154	3	0	3000
PV	243	Response	2	1197513	85	1
PV	244	Picture	11	1203569	0	1	3153	2	0	3000
PV	244	Response	1	1205893	2324	1
PV	246	Picture	11	1213693	0	1	3153	2	0	3000
PV	246	Response	2	1216071	2378	1
PV	248	Picture	11	1224813	0	1	3153	2	0	3000
PV	248	Response	1	1227288	2475	1
PV	250	Picture	10	1233775	0	1	3154	2	0	3000
PV	250	Response	1	1236166	2391	1
PV	252	Picture	10	1245061	0	1	3153	3	0	3000
PV	252	Response	1	1246907	1846	1
PV	254	Picture	10	1256513	0	1	3153	2	0	3000
PV	254	Response	1	1258563	2050	1
PV	256	Picture	20	1267135	0	1	3153	3	0	3000
PV	256	Response	1	1270157	3022	2
PV	257	Response	2	1272921	2467	1
PV	258	Picture	21	1276097	0	2	3154	3	0	3000
PV	259	Response	2	1281414	1997	1
PV	260	Picture	21	1285226	0	1	3153	2	0	3000
PV	261	Response	1	1288609	64	1
PV	262	Picture	20	1294354	0	1	3153	3	0	3000
PV	263	Response	2	1299258	1585	2
PV	264	Picture	21	1302818	0	2	3154	3	0	3000
PV	266	Picture	20	1313938	0	2	3154	3	0	3000
PV	267	Response	2	1317588	330	1
PV	268	Picture	11	1323067	0	1	3153	2	0	3000
PV	269	Response	1	1326821	435	1
PV	270	Picture	21	1334021	0	1	3153	2	0	3000
PV	270	Response	2	1336940	2919	1
PV	272	Picture	11	1344809	0	1	3153	2	0	3000
PV	272	Response	1	1347500	2691	2
PV	274	Picture	11	1355265	0	1	3153	2	0	3000
PV	274	Response	2	1357772	2507	1
PV	276	Picture	11	1363729	0	2	3154	3	0	3000
PV	276	Response	1	1366387	2658	2
PV	278	Picture	11	1373853	0	2	3154	3	0	3000
PV	278	Response	1	1375030	1177	1
PV	280	Picture	21	1384973	0	2	3154	3	0	3000
PV	281	Response	2	1389198	905	1
PV	282	Picture	10	1394434	0	1	3153	2	0	3000
PV	283	Response	1	1397932	179	1
PV	284	Picture	21	1405056	0	1	3153	2	0	3000
PV	285	Response	2	1409263	888	1
PV	286	Picture	21	1414350	0	1	3153	3	0	3000
PV	286	Response	1	1417351	3001	1
PV	288	Picture	10	1425636	0	1	3153	2	0	3000
PV	289	Response	2	1428965	10	2
PV	289	Response	1	1430427	1472	1
PV	290	Picture	11	1436756	0	1	3153	2	0	3000
PV	291	Response	2	1442972	2897	1
PV	292	Picture	21	1446714	0	1	3153	3	0	3000
PV	293	Response	2	1452524	2491	1
PV	294	Picture	10	1455676	0	2	3154	3	0	3000
PV	295	Response	1	1459660	664	1
PV	296	Picture	11	1464971	0	1	3153	2	0	3000
PV	297	Response	1	1470042	1752	2
PV	298	Picture	10	1475593	0	1	3153	2	0	3000
PV	299	Response	1	1479191	279	1
PV	300	Picture	11	1485053	0	1	3153	3	0	3000
PV	301	Response	1	1490910	2538	1
PV	303	Picture	20	1516089	0	2	3154	3	0	3000
PV	305	Picture	20	1524886	0	1	3153	2	0	3000
PV	305	Response	2	1527222	2336	1
PV	307	Picture	21	1533682	0	1	3154	2	0	3000
PV	307	Response	2	1535893	2211	1
PV	309	Picture	11	1545134	0	1	3153	3	0	3000
PV	309	Response	2	1547579	2445	1
PV	310	Response	1	1549993	1540	1
PV	311	Picture	21	1554262	0	2	3154	3	0	3000
PV	311	Response	2	1557307	3045	2
PV	313	Picture	10	1565050	0	2	3154	3	0	3000
PV	313	Response	1	1567457	2407	2
PV	315	Picture	20	1574345	0	1	3153	2	0	3000
PV	315	Response	2	1576715	2370	1
PV	317	Picture	20	1583971	0	1	3153	2	0	3000
PV	317	Response	1	1586661	2690	1
PV	319	Picture	10	1592933	0	2	3154	3	0	3000
PV	320	Response	1	1597068	815	2
PV	321	Picture	10	1603887	0	2	3154	3	0	3000
PV	322	Response	1	1607455	248	1
PV	323	Picture	20	1614841	0	2	3154	3	0	3000
PV	323	Response	1	1617808	2967	1
PV	324	Response	2	1620455	2294	1
PV	325	Picture	10	1623804	0	1	3153	2	0	3000
PV	326	Response	1	1628102	979	2
PV	327	Picture	10	1633762	0	1	3153	2	0	3000
PV	328	Response	1	1638490	1409	1
PV	329	Picture	10	1643222	0	1	3153	3	0	3000
PV	329	Response	1	1646286	3064	1
PV	331	Picture	10	1652018	0	2	3154	3	0	3000
PV	332	Response	1	1655369	31	1
PV	333	Picture	11	1663470	0	2	3154	3	0	3000
PV	334	Response	2	1667680	890	1
PV	335	Picture	20	1674756	0	2	3154	3	0	3000
PV	335	Response	1	1677304	2548	1
PV	337	Picture	11	1684051	0	1	3153	2	0	3000
PV	338	Response	1	1687812	442	1
PV	339	Picture	21	1693842	0	2	3154	3	0	3000
PV	340	Response	2	1697847	685	1
PV	341	Picture	20	1704465	0	1	3153	2	0	3000
PV	342	Response	2	1709367	1583	1
PV	343	Picture	10	1713427	0	1	3154	2	0	3000
PV	344	Response	2	1719467	2721	4
PV	345	Picture	11	1724381	0	1	3154	2	0	3000
PV	346	Response	1	1728497	797	1
PV	347	Picture	10	1734837	0	2	3154	3	0	3000
PV	348	Response	2	1739236	1079	1
PV	349	Picture	10	1743966	0	1	3153	2	0	3000
PV	350	Response	1	1748152	867	1
PV	351	Picture	11	1753924	0	1	3153	2	0	3000
PV	351	Response	1	1756207	2283	1
PV	353	Picture	11	1762886	0	1	3154	2	0	3000
PV	353	Response	1	1766088	3202	2
PV	355	Picture	21	1773508	0	1	3154	2	0	3000
PV	355	Response	1	1776000	2492	2
PV	356	Response	2	1779029	2201	2
PV	357	Picture	10	1783632	0	2	3154	3	0	3000
PV	358	Response	1	1788828	1876	1
PV	359	Picture	20	1794918	0	1	3154	2	0	3000
PV	360	Response	2	1801518	3280	1
PV	361	Picture	21	1804876	0	2	3154	3	0	3000
PV	362	Response	2	1810639	2443	2
PV	363	Picture	20	1815000	0	2	3154	3	0	3000
PV	364	Response	2	1820557	2237	1
PV	365	Picture	11	1823465	0	1	3153	2	0	3000
PV	366	Response	1	1828882	2098	1
PV	367	Picture	20	1834751	0	1	3153	2	0	3000
PV	368	Response	2	1839894	1824	2
PV	369	Picture	21	1843547	0	2	3154	3	0	3000
PV	370	Response	2	1848986	2119	1
PV	371	Picture	10	1854667	0	2	3154	3	0	3000
PV	372	Response	1	1858642	655	2
PV	373	Picture	10	1865787	0	2	3154	3	0	3000
PV	373	Response	2	1868204	2417	1
PV	375	Picture	20	1876575	0	1	3154	2	0	3000
PV	376	Response	2	1880748	853	2
PV	377	Picture	21	1885704	0	1	3153	2	0	3000
PV	378	Response	2	1891143	2120	1
PV	379	Picture	11	1894832	0	1	3153	2	0	3000
PV	380	Response	1	1899322	1171	1
PV	381	Picture	21	1903296	0	2	3154	3	0	3000
PV	382	Response	1	1907348	732	1
PV	382	Response	2	1910946	4330	1
PV	383	Picture	20	1914250	0	2	3154	3	0	3000
PV	384	Response	2	1917901	331	1
PV	385	Picture	10	1923213	0	1	3153	2	0	3000
PV	386	Response	1	1927431	899	1
PV	387	Picture	10	1933503	0	1	3153	2	0	3000
PV	388	Response	1	1938170	1348	1
PV	389	Picture	10	1942631	0	1	3153	3	0	3000
PV	390	Response	1	1946050	100	1
PV	391	Picture	20	1952257	0	2	3154	3	0	3000
PV	391	Response	1	1954967	2710	1
PV	392	Response	2	1957580	2003	2
PV	393	Picture	10	1962050	0	1	3153	2	0	3000
PV	394	Response	1	1965491	122	2
PV	395	Picture	10	1972506	0	1	3153	2	0	3000
PV	396	Response	1	1977089	1264	1
PV	397	Picture	20	1983460	0	1	3153	2	0	3000
PV	397	Response	1	1986262	2802	1
PV	398	Response	2	1988432	1653	2
PV	399	Picture	11	1992090	0	1	3153	3	0	3000
PV	400	Response	1	1996076	667	1
PV	401	Picture	21	2000886	0	2	3154	3	0	3000
PV	402	Response	2	2005341	1135	1
PV	403	Picture	20	2012006	0	2	3154	3	0	3000
PV	403	Response	1	2014343	2337	1
PV	405	Picture	20	2021965	0	1	3153	2	0	3000
PV	405	Response	2	2024577	2612	1
PV	407	Picture	21	2033084	0	2	3154	3	0	3000
PV	407	Response	2	2035853	2769	1
PV	409	Picture	21	2044536	0	2	3154	3	0	3000
PV	410	Response	2	2048012	156	2
PV	411	Picture	10	2054661	0	1	3153	2	0	3000
PV	411	Response	2	2057162	2501	1
PV	412	Response	1	2059810	1830	1
PV	413	Picture	20	2064121	0	1	3153	2	0	3000
PV	414	Response	2	2068986	1546	1
PV	415	Picture	21	2074909	0	1	3153	2	0	3000
PV	416	Response	2	2079078	850	1
PV	417	Picture	10	2086029	0	1	3153	2	0	3000
PV	418	Response	1	2090411	1063	1
PV	419	Picture	10	2095323	0	1	3153	3	0	3000
PV	420	Response	1	2099793	1151	1
PV	421	Picture	10	2104451	0	2	3154	3	0	3000
PV	421	Response	1	2107464	3013	1
PV	423	Picture	20	2113248	0	1	3153	2	0	3000
PV	424	Response	2	2117289	722	2
PV	425	Picture	21	2121878	0	1	3154	2	0	3000
PV	426	Response	2	2126561	1363	1
PV	427	Picture	20	2131173	0	1	3153	2	0	3000
PV	427	Response	2	2134029	2856	1
PV	429	Picture	10	2141131	0	1	3153	2	0	3000
PV	430	Response	2	2144477	27	1
PV	430	Response	1	2146293	1843	1
PV	431	Picture	21	2151919	0	1	3153	2	0	3000
PV	432	Response	2	2157274	2036	2
PV	433	Picture	10	2161213	0	1	3153	3	0	3000
PV	434	Response	1	2166566	2034	2
PV	435	Picture	11	2172499	0	1	3153	2	0	3000
PV	436	Response	1	2177749	1931	1
PV	437	Picture	20	2181461	0	2	3154	3	0	3000
PV	438	Response	2	2186685	1904	1
PV	439	Picture	10	2192747	0	2	3154	3	0	3000
PV	440	Response	1	2197396	1329	1
PV	441	Picture	20	2201876	0	1	3153	2	0	3000
PV	442	Response	2	2206126	931	1
PV	443	Picture	21	2212166	0	1	3153	2	0	3000
PV	443	Response	1	2214830	2664	1
PV	445	Picture	21	2221958	0	1	3153	2	0	3000
PV	445	Response	2	2224568	2610	2
PV	447	Picture	20	2233410	0	1	3153	2	0	3000
PV	447	Response	2	2236550	3140	1
PV	449	Picture	20	2243534	0	1	3153	2	0	3000
PV	449	Response	2	2245997	2463	1
PV	451	Picture	21	2254488	0	1	3153	2	0	3000
PV	451	Response	2	2256912	2424	1
PV	453	Picture	10	2263948	0	1	3154	2	0	3000
PV	453	Response	2	2266885	2937	1
PV	454	Response	1	2269325	2057	1
PV	455	Picture	21	2274072	0	2	3154	3	0	3000
PV	456	Response	2	2277878	486	1
PV	457	Picture	21	2285026	0	2	3154	3	0	3000
PV	458	Response	2	2289300	954	2
PV	459	Picture	10	2295482	0	2	3154	3	0	3000
PV	459	Response	2	2298187	2705	1
PV	460	Response	1	2300656	1854	1
PV	461	Picture	21	2305275	0	1	3153	2	0	3000
PV	461	Response	2	2307614	2339	1
PV	463	Picture	10	2316394	0	2	3154	3	0	3000
PV	464	Response	1	2321133	1419	1
PV	465	Picture	20	2326519	0	1	3153	2	0	3000
PV	465	Response	2	2329214	2695	2
PV	467	Picture	20	2336809	0	1	3153	2	0	3000
PV	467	Response	1	2338956	2147	1
PV	469	Picture	21	2345771	0	1	3154	2	0	3000
PV	470	Response	2	2349698	608	1
PV	471	Picture	11	2355231	0	2	3154	3	0	3000
PV	472	Response	1	2359629	1078	1
PV	473	Picture	21	2365024	0	1	3153	2	0	3000
PV	474	Response	2	2370334	1991	2
PV	475	Picture	21	2375480	0	1	3153	2	0	3000
PV	476	Response	2	2380222	1423	2
PV	477	Picture	11	2385770	0	1	3153	2	0	3000
PV	478	Response	1	2391471	2382	1
PV	479	Picture	21	2395562	0	1	3153	3	0	3000
PV	480	Response	2	2402432	3551	2
PV	481	Picture	11	2404690	0	2	3154	3	0	3000
PV	482	Response	2	2412601	4591	2
PV	483	Picture	21	2414317	0	1	3153	2	0	3000
PV	484	Response	2	2420214	2578	2
PV	485	Picture	10	2424607	0	2	3153	3	0	3000
PV	486	Response	1	2428302	376	2
PV	487	Picture	21	2434233	0	1	3153	2	0	3000
PV	487	Response	2	2437480	3247	1
PV	489	Picture	20	2444357	0	1	3153	3	0	3000
PV	489	Response	1	2447039	2682	2
PV	491	Picture	10	2453983	0	2	3154	3	0	3000
PV	491	Response	2	2456630	2647	1
PV	493	Picture	10	2463609	0	2	3154	3	0	3000
PV	493	Response	2	2465896	2287	1
PV	494	Response	1	2469311	2382	2
PV	495	Picture	21	2474895	0	2	3154	3	0	3000
PV	496	Response	2	2479191	976	2
PV	497	Picture	21	2484688	0	1	3153	2	0	3000
PV	498	Response	2	2489612	1605	1
PV	499	Picture	20	2493650	0	1	3153	3	0	3000
PV	500	Response	1	2498792	1823	1
PV	500	Response	2	2499779	2810	2
PV	501	Picture	11	2504272	0	1	3153	3	0	3000
PV	502	Response	1	2508538	947	1
PV	503	Picture	11	2514064	0	2	3154	3	0	3000
PV	504	Response	1	2518304	920	1
PV	505	Picture	21	2525018	0	2	3154	3	0	3000
PV	505	Response	1	2528273	3255	1
PV	506	Response	2	2530768	2430	1
PV	507	Picture	11	2535308	0	2	3154	3	0	3000
PV	508	Response	1	2539385	757	1
PV	509	Picture	21	2545267	0	1	3153	2	0	3000
PV	510	Response	2	2548912	326	1
PV	511	Picture	11	2555225	0	1	3153	2	0	3000
PV	511	Response	1	2558153	2928	1
PV	513	Picture	20	2564353	0	1	3153	3	0	3000
PV	514	Response	2	2568772	1100	1
PV	515	Picture	21	2573481	0	2	3154	3	0	3000
PV	515	Response	2	2576687	3206	2
PV	517	Picture	11	2583606	0	1	3153	2	0	3000
PV	518	Response	1	2587141	216	1
PV	519	Picture	10	2594559	0	2	3154	3	0	3000
PV	519	Response	2	2597650	3091	1
PV	521	Picture	10	2604518	0	1	3153	2	0	3000
PV	521	Response	1	2607457	2939	1
PV	523	Picture	20	2613314	0	1	3153	3	0	3000
PV	523	Response	1	2615715	2401	2
PV	524	Response	2	2618604	1971	1
PV	525	Picture	11	2622276	0	2	3154	3	0	3000
PV	525	Response	1	2625510	3234	1
PV	527	Picture	10	2633230	0	2	3154	3	0	3000
PV	527	Response	2	2635924	2694	1
PV	529	Picture	20	2644018	0	2	3154	3	0	3000
PV	529	Response	1	2646493	2475	1
PV	530	Response	2	2650055	2717	2
PV	531	Picture	21	2653147	0	1	3153	2	0	3000
PV	532	Response	2	2658111	1645	1
PV	533	Picture	10	2662607	0	1	3153	3	0	3000
PV	533	Response	2	2665845	3238	2
PV	534	Response	1	2667994	2068	1
PV	535	Picture	20	2673893	0	1	3153	2	0	3000
PV	535	Response	2	2676846	2953	1
PV	537	Picture	10	2685179	0	1	3153	2	0	3000
PV	537	Response	1	2687030	1851	1
PV	539	Picture	20	2693643	0	2	3154	3	0	3000
PV	539	Response	2	2696087	2444	1
PV	541	Picture	21	2702606	0	1	3153	2	0	3000
PV	541	Response	1	2705000	2394	2
PV	543	Picture	21	2713560	0	1	3153	2	0	3000
PV	543	Response	2	2716480	2920	1
PV	545	Picture	11	2722190	0	1	3153	3	0	3000
PV	545	Response	2	2724564	2374	1
PV	546	Response	1	2728957	3448	2
PV	547	Picture	21	2731152	0	2	3154	3	0	3000
PV	548	Response	2	2734817	345	1
PV	549	Picture	21	2741111	0	1	3153	2	0	3000
PV	549	Response	1	2743433	2322	1
PV	550	Response	2	2750745	6315	1
PV	551	Picture	10	2752397	0	1	3153	2	0	3000
PV	552	Response	1	2757352	1636	1
PV	553	Picture	20	2763682	0	2	3154	3	0	3000
PV	554	Response	1	2769065	2063	1
PV	554	Response	2	2771685	4683	1
PV	555	Picture	10	2773973	0	1	3153	2	0	3000
PV	556	Response	1	2778815	1523	1
PV	557	Picture	21	2784429	0	1	3153	2	0	3000
PV	557	Response	2	2787129	2700	1
PV	559	Picture	20	2793391	0	1	3153	3	0	3000
PV	560	Response	2	2798406	1696	1
PV	561	Picture	20	2802353	0	2	3154	3	0	3000
PV	562	Response	2	2807024	1351	1
PV	563	Picture	21	2811482	0	1	3153	2	0	3000
PV	563	Response	2	2814105	2623	1
PV	565	Picture	20	2821606	0	1	3153	2	0	3000
PV	565	Response	2	2824902	3296	2
PV	567	Picture	20	2832726	0	1	3153	2	0	3000
PV	567	Response	2	2835436	2710	1
PV	569	Picture	21	2843514	0	1	3153	2	0	3000
PV	569	Response	2	2845289	1775	1
PV	570	Response	2	2852813	5980	1
PV	571	Picture	10	2853638	0	1	3153	3	0	3000
PV	572	Response	1	2860131	3174	3
PV	573	Picture	20	2862932	0	2	3154	3	0	3000
PV	574	Response	2	2866853	601	1
PV	575	Picture	10	2873554	0	2	3154	3	0	3000
PV	576	Response	1	2876887	13	1
PV	577	Picture	20	2883347	0	1	3153	2	0	3000
PV	577	Response	2	2885973	2626	1
PV	579	Picture	20	2891977	0	1	3153	2	0	3000
PV	580	Response	2	2896332	1036	1
PV	581	Picture	11	2900607	0	2	3154	3	0	3000
PV	582	Response	1	2905485	1558	1
PV	583	Picture	10	2911727	0	2	3154	3	0	3000
PV	584	Response	1	2915494	447	1
PV	585	Picture	10	2922515	0	2	3154	3	0	3000
PV	585	Response	1	2925202	2687	2
PV	587	Picture	11	2931643	0	2	3154	3	0	3000
PV	587	Response	1	2934495	2852	1
PV	589	Picture	10	2942432	0	1	3153	2	0	3000
PV	590	Response	2	2946474	723	1
PV	591	Picture	11	2951726	0	1	3153	3	0	3000
PV	592	Response	1	2955744	699	2
PV	593	Picture	10	2961684	0	1	3154	2	0	3000
PV	593	Response	1	2964183	2499	1
PV	595	Picture	21	2971144	0	2	3154	3	0	3000
PV	596	Response	2	2976842	2378	1
PV	597	Picture	21	2980107	0	1	3153	2	0	3000
PV	598	Response	2	2984106	680	1
PV	599	Picture	11	2989733	0	1	3153	3	0	3000
PV	599	Response	2	2992106	2373	1
PV	600	Response	1	2994845	1793	1
PV	601	Picture	10	2998861	0	2	3154	3	0	3000
PV	601	Response	1	3001982	3121	1


Event Type	Code	Type	Response	RT	RT Uncertainty	Time	Uncertainty	Duration	Uncertainty	ReqTime	ReqDur

Picture	21	other				10414	1	3153	2	0	3000
Picture	21	other				21865	2	3154	3	0	3000
Picture	21	other				30828	1	3153	2	0	3000
Picture	20	other				39790	1	3154	2	0	3000
Picture	21	other				48421	1	3153	2	0	3000
Picture	10	other				57881	1	3153	2	0	3000
Picture	21	other				67341	1	3154	2	0	3000
Picture	21	other				76635	2	3154	3	0	3000
Picture	10	other				85266	1	3153	2	0	3000
Picture	20	other				95390	1	3153	3	0	3000
Picture	11	other				106178	1	3153	3	0	3000
Picture	11	other				115472	2	3154	3	0	3000
Picture	10	other				123937	1	3153	2	0	3000
Picture	11	other				133397	1	3153	3	0	3000
Picture	21	other				144683	1	3153	2	0	3000
Picture	21	other				154973	1	3153	3	0	3000
Picture	20	other				165429	1	3154	2	0	3000
Picture	10	other				176051	2	3154	3	0	3000
Picture	20	other				187503	1	3153	3	0	3000
Picture	21	other				198457	1	3154	2	0	3000
Picture	20	other				207585	2	3154	3	0	3000
Picture	21	other				217544	1	3153	2	0	3000
Picture	21	other				227170	1	3153	2	0	3000
Picture	11	other				237294	1	3153	2	0	3000
Picture	20	other				246090	2	3154	3	0	3000
Picture	11	other				256049	1	3153	2	0	3000
Picture	20	other				265841	1	3153	2	0	3000
Picture	11	other				274637	2	3154	3	0	3000
Picture	21	other				285923	1	3153	3	0	3000
Picture	11	other				295383	2	3154	3	0	3000
Picture	20	other				304014	1	3153	2	0	3000
Picture	20	other				312810	1	3154	2	0	3000
Picture	11	other				324096	1	3153	3	0	3000
Picture	21	other				334718	1	3154	2	0	3000
Picture	21	other				343846	2	3154	3	0	3000
Picture	20	other				352311	1	3153	2	0	3000
Picture	20	other				360775	2	3154	3	0	3000
Picture	20	other				370070	1	3153	2	0	3000
Picture	10	other				380692	1	3153	2	0	3000
Picture	20	other				389654	1	3153	3	0	3000
Picture	11	other				399612	2	3154	3	0	3000
Picture	11	other				410898	1	3154	2	0	3000
Picture	20	other				420690	2	3154	3	0	3000
Picture	21	other				431976	2	3154	3	0	3000
Picture	20	other				442764	2	3154	3	0	3000
Picture	21	other				451893	1	3153	2	0	3000
Picture	20	other				461519	1	3153	2	0	3000
Picture	21	other				472141	1	3153	2	0	3000
Picture	20	other				482763	1	3153	2	0	3000
Picture	10	other				492223	1	3154	2	0	3000
Picture	20	other				500854	1	3153	2	0	3000
Picture	21	other				509816	1	3153	3	0	3000
Picture	21	other				521102	1	3153	2	0	3000
Picture	21	other				530562	1	3154	2	0	3000
Picture	21	other				539691	1	3153	2	0	3000
Picture	11	other				548653	1	3153	2	0	3000
Picture	11	other				559441	1	3153	2	0	3000
Picture	10	other				569565	1	3153	3	0	3000
Picture	11	other				579191	2	3154	3	0	3000
Picture	10	other				589315	2	3154	3	0	3000
Picture	10	other				600269	2	3154	3	0	3000
Picture	11	other				611223	2	3154	3	0	3000
Picture	11	other				621016	1	3153	2	0	3000
Picture	11	other				630642	1	3153	2	0	3000
Picture	10	other				639770	1	3154	2	0	3000
Picture	11	other				649230	2	3154	3	0	3000
Picture	20	other				657695	1	3153	2	0	3000
Picture	11	other				668317	1	3153	2	0	3000
Picture	11	other				679769	1	3153	2	0	3000
Picture	11	other				689727	1	3153	3	0	3000
Picture	11	other				700847	2	3153	3	0	3000
Picture	20	other				709643	2	3154	3	0	3000
Picture	20	other				718938	1	3153	2	0	3000
Picture	10	other				729394	1	3153	2	0	3000
Picture	21	other				740182	1	3153	2	0	3000
Picture	10	other				751634	1	3153	2	0	3000
Picture	20	other				760430	1	3153	3	0	3000
Picture	20	other				769890	2	3154	3	0	3000
Picture	11	other				781010	2	3154	3	0	3000
Picture	10	other				789641	1	3153	2	0	3000
Picture	10	other				799101	1	3153	2	0	3000
Picture	20	other				809723	1	3153	2	0	3000
Picture	10	other				818685	2	3154	3	0	3000
Picture	11	other				829805	2	3154	3	0	3000
Picture	11	other				840427	2	3154	3	0	3000
Picture	10	other				851049	2	3154	3	0	3000
Picture	11	other				859680	1	3153	2	0	3000
Picture	21	other				869804	1	3153	2	0	3000
Picture	20	other				878932	2	3154	3	0	3000
Picture	21	other				888061	1	3153	2	0	3000
Picture	20	other				897355	1	3153	2	0	3000
Picture	11	other				906483	1	3154	2	0	3000
Picture	21	other				916441	2	3154	3	0	3000
Picture	21	other				924906	1	3153	2	0	3000
Picture	11	other				935860	1	3153	2	0	3000
Picture	21	other				944656	1	3154	2	0	3000
Picture	21	other				955112	2	3154	3	0	3000
Picture	10	other				966066	2	3154	3	0	3000
Picture	21	other				975195	1	3153	2	0	3000
Picture	11	other				984987	1	3153	2	0	3000
Picture	10	other				995111	1	3153	2	0	3000
Picture	21	other				1004903	1	3154	2	0	3000
Picture	21	other				1016023	1	3154	2	0	3000
Picture	10	other				1027143	1	3153	3	0	3000
Picture	10	other				1037599	1	3154	2	0	3000
Picture	21	other				1047723	2	3154	3	0	3000
Picture	20	other				1056188	1	3153	2	0	3000
Picture	11	other				1064984	1	3154	2	0	3000
Picture	20	other				1073615	1	3153	2	0	3000
Picture	10	other				1083905	1	3153	2	0	3000
Picture	11	other				1093697	1	3153	2	0	3000
Picture	21	other				1105149	1	3153	2	0	3000
Picture	10	other				1114941	1	3153	2	0	3000
Picture	10	other				1125563	1	3153	3	0	3000
Picture	20	other				1134691	2	3154	3	0	3000
Picture	20	other				1145479	2	3154	3	0	3000
Picture	10	other				1154608	1	3153	2	0	3000
Picture	11	other				1163736	1	3153	3	0	3000
Picture	21	other				1174358	1	3153	3	0	3000
Picture	11	other				1184648	1	3154	2	0	3000
Picture	20	other				1194108	2	3154	3	0	3000
Picture	11	other				1203569	1	3153	2	0	3000
Picture	11	other				1213693	1	3153	2	0	3000
Picture	11	other				1224813	1	3153	2	0	3000
Picture	10	other				1233775	1	3154	2	0	3000
Picture	10	other				1245061	1	3153	3	0	3000
Picture	10	other				1256513	1	3153	2	0	3000
Picture	20	other				1267135	1	3153	3	0	3000
Picture	21	other				1276097	2	3154	3	0	3000
Picture	21	other				1285226	1	3153	2	0	3000
Picture	20	other				1294354	1	3153	3	0	3000
Picture	21	other				1302818	2	3154	3	0	3000
Picture	20	other				1313938	2	3154	3	0	3000
Picture	11	other				1323067	1	3153	2	0	3000
Picture	21	other				1334021	1	3153	2	0	3000
Picture	11	other				1344809	1	3153	2	0	3000
Picture	11	other				1355265	1	3153	2	0	3000
Picture	11	other				1363729	2	3154	3	0	3000
Picture	11	other				1373853	2	3154	3	0	3000
Picture	21	other				1384973	2	3154	3	0	3000
Picture	10	other				1394434	1	3153	2	0	3000
Picture	21	other				1405056	1	3153	2	0	3000
Picture	21	other				1414350	1	3153	3	0	3000
Picture	10	other				1425636	1	3153	2	0	3000
Picture	11	other				1436756	1	3153	2	0	3000
Picture	21	other				1446714	1	3153	3	0	3000
Picture	10	other				1455676	2	3154	3	0	3000
Picture	11	other				1464971	1	3153	2	0	3000
Picture	10	other				1475593	1	3153	2	0	3000
Picture	11	other				1485053	1	3153	3	0	3000
Picture	20	other				1516089	2	3154	3	0	3000
Picture	20	other				1524886	1	3153	2	0	3000
Picture	21	other				1533682	1	3154	2	0	3000
Picture	11	other				1545134	1	3153	3	0	3000
Picture	21	other				1554262	2	3154	3	0	3000
Picture	10	other				1565050	2	3154	3	0	3000
Picture	20	other				1574345	1	3153	2	0	3000
Picture	20	other				1583971	1	3153	2	0	3000
Picture	10	other				1592933	2	3154	3	0	3000
Picture	10	other				1603887	2	3154	3	0	3000
Picture	20	other				1614841	2	3154	3	0	3000
Picture	10	other				1623804	1	3153	2	0	3000
Picture	10	other				1633762	1	3153	2	0	3000
Picture	10	other				1643222	1	3153	3	0	3000
Picture	10	other				1652018	2	3154	3	0	3000
Picture	11	other				1663470	2	3154	3	0	3000
Picture	20	other				1674756	2	3154	3	0	3000
Picture	11	other				1684051	1	3153	2	0	3000
Picture	21	other				1693842	2	3154	3	0	3000
Picture	20	other				1704465	1	3153	2	0	3000
Picture	10	other				1713427	1	3154	2	0	3000
Picture	11	other				1724381	1	3154	2	0	3000
Picture	10	other				1734837	2	3154	3	0	3000
Picture	10	other				1743966	1	3153	2	0	3000
Picture	11	other				1753924	1	3153	2	0	3000
Picture	11	other				1762886	1	3154	2	0	3000
Picture	21	other				1773508	1	3154	2	0	3000
Picture	10	other				1783632	2	3154	3	0	3000
Picture	20	other				1794918	1	3154	2	0	3000
Picture	21	other				1804876	2	3154	3	0	3000
Picture	20	other				1815000	2	3154	3	0	3000
Picture	11	other				1823465	1	3153	2	0	3000
Picture	20	other				1834751	1	3153	2	0	3000
Picture	21	other				1843547	2	3154	3	0	3000
Picture	10	other				1854667	2	3154	3	0	3000
Picture	10	other				1865787	2	3154	3	0	3000
Picture	20	other				1876575	1	3154	2	0	3000
Picture	21	other				1885704	1	3153	2	0	3000
Picture	11	other				1894832	1	3153	2	0	3000
Picture	21	other				1903296	2	3154	3	0	3000
Picture	20	other				1914250	2	3154	3	0	3000
Picture	10	other				1923213	1	3153	2	0	3000
Picture	10	other				1933503	1	3153	2	0	3000
Picture	10	other				1942631	1	3153	3	0	3000
Picture	20	other				1952257	2	3154	3	0	3000
Picture	10	other				1962050	1	3153	2	0	3000
Picture	10	other				1972506	1	3153	2	0	3000
Picture	20	other				1983460	1	3153	2	0	3000
Picture	11	other				1992090	1	3153	3	0	3000
Picture	21	other				2000886	2	3154	3	0	3000
Picture	20	other				2012006	2	3154	3	0	3000
Picture	20	other				2021965	1	3153	2	0	3000
Picture	21	other				2033084	2	3154	3	0	3000
Picture	21	other				2044536	2	3154	3	0	3000
Picture	10	other				2054661	1	3153	2	0	3000
Picture	20	other				2064121	1	3153	2	0	3000
Picture	21	other				2074909	1	3153	2	0	3000
Picture	10	other				2086029	1	3153	2	0	3000
Picture	10	other				2095323	1	3153	3	0	3000
Picture	10	other				2104451	2	3154	3	0	3000
Picture	20	other				2113248	1	3153	2	0	3000
Picture	21	other				2121878	1	3154	2	0	3000
Picture	20	other				2131173	1	3153	2	0	3000
Picture	10	other				2141131	1	3153	2	0	3000
Picture	21	other				2151919	1	3153	2	0	3000
Picture	10	other				2161213	1	3153	3	0	3000
Picture	11	other				2172499	1	3153	2	0	3000
Picture	20	other				2181461	2	3154	3	0	3000
Picture	10	other				2192747	2	3154	3	0	3000
Picture	20	other				2201876	1	3153	2	0	3000
Picture	21	other				2212166	1	3153	2	0	3000
Picture	21	other				2221958	1	3153	2	0	3000
Picture	20	other				2233410	1	3153	2	0	3000
Picture	20	other				2243534	1	3153	2	0	3000
Picture	21	other				2254488	1	3153	2	0	3000
Picture	10	other				2263948	1	3154	2	0	3000
Picture	21	other				2274072	2	3154	3	0	3000
Picture	21	other				2285026	2	3154	3	0	3000
Picture	10	other				2295482	2	3154	3	0	3000
Picture	21	other				2305275	1	3153	2	0	3000
Picture	10	other				2316394	2	3154	3	0	3000
Picture	20	other				2326519	1	3153	2	0	3000
Picture	20	other				2336809	1	3153	2	0	3000
Picture	21	other				2345771	1	3154	2	0	3000
Picture	11	other				2355231	2	3154	3	0	3000
Picture	21	other				2365024	1	3153	2	0	3000
Picture	21	other				2375480	1	3153	2	0	3000
Picture	11	other				2385770	1	3153	2	0	3000
Picture	21	other				2395562	1	3153	3	0	3000
Picture	11	other				2404690	2	3154	3	0	3000
Picture	21	other				2414317	1	3153	2	0	3000
Picture	10	other				2424607	2	3153	3	0	3000
Picture	21	other				2434233	1	3153	2	0	3000
Picture	20	other				2444357	1	3153	3	0	3000
Picture	10	other				2453983	2	3154	3	0	3000
Picture	10	other				2463609	2	3154	3	0	3000
Picture	21	other				2474895	2	3154	3	0	3000
Picture	21	other				2484688	1	3153	2	0	3000
Picture	20	other				2493650	1	3153	3	0	3000
Picture	11	other				2504272	1	3153	3	0	3000
Picture	11	other				2514064	2	3154	3	0	3000
Picture	21	other				2525018	2	3154	3	0	3000
Picture	11	other				2535308	2	3154	3	0	3000
Picture	21	other				2545267	1	3153	2	0	3000
Picture	11	other				2555225	1	3153	2	0	3000
Picture	20	other				2564353	1	3153	3	0	3000
Picture	21	other				2573481	2	3154	3	0	3000
Picture	11	other				2583606	1	3153	2	0	3000
Picture	10	other				2594559	2	3154	3	0	3000
Picture	10	other				2604518	1	3153	2	0	3000
Picture	20	other				2613314	1	3153	3	0	3000
Picture	11	other				2622276	2	3154	3	0	3000
Picture	10	other				2633230	2	3154	3	0	3000
Picture	20	other				2644018	2	3154	3	0	3000
Picture	21	other				2653147	1	3153	2	0	3000
Picture	10	other				2662607	1	3153	3	0	3000
Picture	20	other				2673893	1	3153	2	0	3000
Picture	10	other				2685179	1	3153	2	0	3000
Picture	20	other				2693643	2	3154	3	0	3000
Picture	21	other				2702606	1	3153	2	0	3000
Picture	21	other				2713560	1	3153	2	0	3000
Picture	11	other				2722190	1	3153	3	0	3000
Picture	21	other				2731152	2	3154	3	0	3000
Picture	21	other				2741111	1	3153	2	0	3000
Picture	10	other				2752397	1	3153	2	0	3000
Picture	20	other				2763682	2	3154	3	0	3000
Picture	10	other				2773973	1	3153	2	0	3000
Picture	21	other				2784429	1	3153	2	0	3000
Picture	20	other				2793391	1	3153	3	0	3000
Picture	20	other				2802353	2	3154	3	0	3000
Picture	21	other				2811482	1	3153	2	0	3000
Picture	20	other				2821606	1	3153	2	0	3000
Picture	20	other				2832726	1	3153	2	0	3000
Picture	21	other				2843514	1	3153	2	0	3000
Picture	10	other				2853638	1	3153	3	0	3000
Picture	20	other				2862932	2	3154	3	0	3000
Picture	10	other				2873554	2	3154	3	0	3000
Picture	20	other				2883347	1	3153	2	0	3000
Picture	20	other				2891977	1	3153	2	0	3000
Picture	11	other				2900607	2	3154	3	0	3000
Picture	10	other				2911727	2	3154	3	0	3000
Picture	10	other				2922515	2	3154	3	0	3000
Picture	11	other				2931643	2	3154	3	0	3000
Picture	10	other				2942432	1	3153	2	0	3000
Picture	11	other				2951726	1	3153	3	0	3000
Picture	10	other				2961684	1	3154	2	0	3000
Picture	21	other				2971144	2	3154	3	0	3000
Picture	21	other				2980107	1	3153	2	0	3000
Picture	11	other				2989733	1	3153	3	0	3000
Picture	10	other				2998861	2	3154	3	0	3000
