Scenario - EFT lento Abril 2011
Logfile written - 05/10/2011 16:44:37

Subject	Trial	Event Type	Code	Time	TTime	Uncertainty	Duration	Uncertainty	ReqTime	ReqDur

PV	2	Picture	10	10414	0	1	3153	2	0	3000
PV	3	Response	1	17576	3843	2
PV	4	Picture	21	48587	0	1	3153	2	0	3000
PV	5	Response	2	53102	1196	1
PV	6	Picture	21	80951	0	1	3153	2	0	3000
PV	7	Response	2	85854	1584	1
PV	8	Picture	20	110825	0	1	3154	2	0	3000
PV	9	Response	1	115301	1157	1
PV	10	Picture	11	143189	0	2	3154	3	0	3000
PV	11	Response	1	147020	511	2
PV	12	Picture	21	178043	0	1	3153	2	0	3000
PV	13	Response	2	181601	239	1
PV	14	Picture	21	215552	0	1	3153	2	0	3000
PV	15	Response	2	219817	946	1
PV	16	Picture	21	251235	0	2	3154	3	0	3000
PV	17	Response	2	255409	854	1
PV	18	Picture	11	280944	0	1	3153	2	0	3000
PV	19	Response	1	284972	709	1
PV	20	Picture	20	311648	0	2	3154	3	0	3000
PV	21	Response	2	316754	1786	1
PV	22	Picture	11	340195	0	1	3153	3	0	3000
PV	23	Response	1	343810	296	2
PV	24	Picture	10	373721	0	1	3153	2	0	3000
PV	25	Response	1	379099	2059	1
PV	26	Picture	10	402766	0	1	3153	2	0	3000
PV	27	Response	1	408807	2722	1
PV	28	Picture	21	434134	0	1	3153	2	0	3000
PV	29	Response	2	438662	1209	2
PV	30	Picture	11	472971	0	1	3153	2	0	3000
PV	31	Response	1	476646	356	1
PV	32	Picture	10	507492	0	2	3154	3	0	3000
PV	33	Response	1	512554	1742	1
PV	34	Picture	21	542014	0	1	3153	3	0	3000
PV	35	Response	2	545891	558	2
PV	36	Picture	11	581017	0	1	3153	2	0	3000
PV	37	Response	1	584935	599	1
PV	38	Picture	11	614543	0	1	3153	2	0	3000
PV	39	Response	1	619399	1537	2
PV	40	Picture	20	647571	0	1	3153	2	0	3000
PV	41	Response	2	652975	2085	1
PV	42	Picture	21	681760	0	2	3154	3	0	3000
PV	43	Response	2	686024	944	1
PV	44	Picture	21	718606	0	1	3153	2	0	3000
PV	45	Response	2	723326	1401	1
PV	46	Picture	11	757608	0	2	3154	3	0	3000
PV	47	Response	1	762371	1443	2
PV	48	Picture	20	794952	0	1	3153	2	0	3000
PV	49	Response	2	801292	3021	1
PV	50	Picture	10	825324	0	1	3153	3	0	3000
PV	51	Response	1	830739	2096	1
PV	52	Picture	11	859680	0	1	3153	2	0	3000
PV	53	Response	1	864165	1166	1
PV	54	Picture	11	894865	0	2	3154	3	0	3000
PV	55	Response	1	900488	2303	1
PV	56	Picture	11	932208	0	2	3154	3	0	3000
PV	57	Response	1	935830	302	3
PV	58	Picture	21	961419	0	1	3153	3	0	3000
PV	59	Response	2	965507	769	1
PV	60	Picture	21	999758	0	1	3153	3	0	3000
PV	60	Response	1	1002369	2611	1
PV	62	Picture	10	1029135	0	1	3153	2	0	3000
PV	63	Response	2	1033432	978	1
PV	63	Response	1	1037005	4551	2
PV	64	Picture	20	1059175	0	1	3153	3	0	3000
PV	65	Response	2	1065408	2914	1
PV	66	Picture	11	1097016	0	1	3154	2	0	3000
PV	67	Response	1	1101822	1486	2
PV	68	Picture	20	1132036	0	1	3153	2	0	3000
PV	69	Response	2	1137350	1995	1
PV	70	Picture	10	1172366	0	2	3154	3	0	3000
PV	71	Response	2	1176866	1180	2
PV	71	Response	1	1180170	4484	1
PV	72	Picture	11	1209875	0	2	3154	3	0	3000
PV	73	Response	1	1214749	1554	2
PV	74	Picture	21	1249044	0	2	3154	3	0	3000
PV	75	Response	2	1253108	744	2
PV	76	Picture	21	1284396	0	1	3153	2	0	3000
PV	77	Response	2	1288782	1068	2
PV	78	Picture	11	1317092	0	1	3153	2	0	3000
PV	79	Response	1	1321296	885	1
PV	80	Picture	21	1349290	0	1	3153	2	0	3000
PV	81	Response	2	1353629	1020	1
PV	82	Picture	10	1378998	0	2	3154	3	0	3000
PV	83	Response	1	1384642	2324	1
PV	84	Picture	10	1415678	0	1	3153	2	0	3000
PV	85	Response	1	1420137	1140	1
PV	86	Picture	21	1447046	0	1	3153	2	0	3000
PV	87	Response	2	1452828	2463	1
PV	88	Picture	21	1479908	0	1	3153	2	0	3000
PV	89	Response	2	1484399	1172	1
PV	90	Picture	20	1516919	0	1	3153	3	0	3000
PV	91	Response	2	1523149	2911	1
PV	92	Picture	10	1555258	0	1	3153	3	0	3000
PV	93	Response	1	1560743	2166	1
PV	94	Picture	11	1593099	0	1	3153	3	0	3000
PV	95	Response	1	1597978	1560	2
PV	96	Picture	10	1628617	0	1	3153	2	0	3000
PV	97	Response	2	1633386	1450	1
PV	97	Response	1	1637404	5468	1
PV	98	Picture	10	1663304	0	1	3154	2	0	3000
PV	99	Response	1	1668583	1959	2
PV	100	Picture	10	1700481	0	2	3154	3	0	3000
PV	101	Response	1	1705258	1457	2
PV	102	Picture	10	1732845	0	2	3154	3	0	3000
PV	103	Response	2	1737235	1070	1
PV	103	Response	1	1740806	4641	2
PV	104	Picture	21	1772346	0	1	3154	2	0	3000
PV	105	Response	2	1779401	3735	2
PV	106	Picture	11	1805042	0	1	3154	2	0	3000
PV	107	Response	1	1809143	781	2
PV	108	Picture	21	1844543	0	1	3153	2	0	3000
PV	109	Response	2	1849984	2122	1
PV	110	Picture	10	1876907	0	1	3153	3	0	3000
PV	111	Response	1	1882620	2394	1
PV	112	Picture	20	1911595	0	1	3153	2	0	3000
PV	113	Response	1	1915190	276	2
PV	113	Response	2	1918839	3925	2
PV	114	Picture	21	1943958	0	2	3154	3	0	3000
PV	115	Response	2	1949695	2417	2
PV	116	Picture	20	1977816	0	2	3154	3	0	3000
PV	117	Response	2	1984573	3437	1
PV	118	Picture	21	2017815	0	1	3154	2	0	3000
PV	119	Response	2	2022203	1069	1
PV	120	Picture	10	2050013	0	2	3154	3	0	3000
PV	121	Response	1	2054952	1619	1
PV	122	Picture	21	2082543	0	2	3154	3	0	3000
PV	123	Response	2	2086079	216	1
PV	124	Picture	21	2114907	0	2	3154	3	0	3000
PV	125	Response	2	2119774	1547	2
PV	126	Picture	21	2145280	0	1	3153	2	0	3000
PV	127	Response	1	2148890	291	2
PV	127	Response	2	2152870	4271	2
PV	128	Picture	11	2173827	0	1	3153	2	0	3000
PV	129	Response	1	2179031	1885	1
PV	130	Picture	20	2203867	0	1	3153	3	0	3000
PV	131	Response	2	2208794	1608	1
PV	132	Picture	20	2243036	0	1	3153	2	0	3000
PV	133	Response	2	2247481	1126	1
PV	134	Picture	21	2282039	0	1	3153	2	0	3000
PV	135	Response	2	2287736	2378	2
PV	136	Picture	11	2310917	0	2	3154	3	0	3000
PV	137	Response	1	2316619	2382	2
PV	138	Picture	21	2344609	0	1	3154	2	0	3000
PV	139	Response	2	2348743	814	2
PV	140	Picture	20	2380957	0	1	3153	2	0	3000
PV	141	Response	1	2384595	319	1
PV	142	Picture	20	2418300	0	1	3153	2	0	3000
PV	143	Response	2	2424778	3159	2
PV	144	Picture	20	2447510	0	2	3154	3	0	3000
PV	145	Response	2	2452777	1947	2
PV	146	Picture	21	2486845	0	1	3153	3	0	3000
PV	147	Response	2	2491551	1387	1
PV	148	Picture	11	2523192	0	2	3154	3	0	3000
PV	149	Response	1	2526604	92	1
PV	150	Picture	20	2555888	0	2	3154	3	0	3000
PV	151	Response	2	2561743	2535	2
PV	152	Picture	11	2586261	0	1	3153	2	0	3000
PV	153	Response	1	2591541	1961	2
PV	154	Picture	10	2615969	0	2	3154	3	0	3000
PV	155	Response	2	2621513	2224	1
PV	155	Response	1	2626387	7098	1
PV	156	Picture	20	2648997	0	2	3154	3	0	3000
PV	157	Response	2	2653640	1323	1
PV	158	Picture	10	2688498	0	1	3153	3	0	3000
PV	159	Response	2	2693125	1308	1
PV	159	Response	1	2696697	4880	1
PV	160	Picture	20	2718207	0	1	3153	2	0	3000
PV	161	Response	2	2723620	2094	1
PV	162	Picture	21	2755882	0	1	3153	2	0	3000
PV	163	Response	1	2760491	1290	1
PV	163	Response	2	2764024	4823	1
PV	164	Picture	21	2784428	0	2	3154	3	0	3000
PV	165	Response	2	2790711	2963	1
PV	166	Picture	10	2814967	0	1	3153	2	0	3000
PV	167	Response	2	2819914	1628	1
PV	167	Response	1	2822179	3893	1
PV	168	Picture	11	2847165	0	1	3153	3	0	3000
PV	169	Response	1	2851467	983	1
PV	170	Picture	20	2879695	0	1	3153	3	0	3000
PV	171	Response	2	2884333	1319	2
PV	172	Picture	10	2919694	0	1	3153	2	0	3000
PV	173	Response	1	2924854	1841	1
PV	174	Picture	10	2952556	0	1	3153	2	0	3000
PV	175	Response	1	2957956	2081	2
PV	176	Picture	21	2982430	0	1	3154	2	0	3000
PV	177	Response	2	2987570	1820	1
PV	178	Picture	10	3019773	0	2	3154	3	0	3000
PV	179	Response	1	3024659	1566	1
PV	180	Picture	11	3055789	0	1	3153	2	0	3000
PV	181	Response	1	3059945	837	1
PV	182	Picture	11	3089315	0	1	3153	2	0	3000
PV	183	Response	1	3093160	526	2
PV	184	Picture	20	3121347	0	1	3153	2	0	3000
PV	185	Response	2	3127266	2600	2
PV	186	Picture	10	3158856	0	1	3153	2	0	3000
PV	187	Response	1	3164037	1862	2
PV	188	Picture	21	3189892	0	1	3153	3	0	3000
PV	189	Response	2	3196367	3156	1
PV	190	Picture	10	3230057	0	1	3153	2	0	3000
PV	191	Response	1	3236175	2799	1
PV	192	Picture	10	3266404	0	1	3153	3	0	3000
PV	193	Response	1	3272937	3214	1
PV	194	Picture	10	3296610	0	2	3154	3	0	3000
PV	195	Response	2	3300365	435	1
PV	195	Response	1	3304114	4184	1
PV	196	Picture	10	3331298	0	1	3154	2	0	3000
PV	197	Response	1	3336772	2154	2
PV	198	Picture	20	3364160	0	1	3153	3	0	3000
PV	199	Response	1	3368426	947	2
PV	199	Response	2	3370777	3298	1
PV	200	Picture	10	3397188	0	1	3153	3	0	3000
PV	201	Response	1	3404712	4205	1
PV	202	Picture	21	3436191	0	1	3153	2	0	3000
PV	203	Response	2	3440793	1283	1
PV	204	Picture	20	3465733	0	2	3154	3	0	3000
PV	205	Response	2	3471451	2398	1
PV	206	Picture	11	3496936	0	1	3153	2	0	3000
PV	207	Response	1	3501453	1198	2
PV	208	Picture	11	3529466	0	1	3153	2	0	3000
PV	209	Response	1	3534465	1680	1
PV	210	Picture	21	3564319	0	2	3154	3	0	3000
PV	211	Response	2	3570842	3203	1
PV	212	Picture	11	3600999	0	1	3153	2	0	3000
PV	213	Response	1	3605400	1082	1
PV	214	Picture	10	3640997	0	2	3154	3	0	3000
PV	215	Response	1	3648101	3784	1
PV	216	Picture	11	3674357	0	1	3154	2	0	3000
PV	217	Response	1	3680344	2667	1
PV	218	Picture	10	3711368	0	2	3154	3	0	3000
PV	219	Response	1	3716427	1739	1
PV	220	Picture	10	3747716	0	1	3153	2	0	3000
PV	221	Response	1	3755520	4485	1
PV	222	Picture	10	3787050	0	2	3154	3	0	3000
PV	223	Response	2	3791304	934	1
PV	223	Response	1	3794936	4566	1
PV	224	Picture	10	3817091	0	1	3153	3	0	3000
PV	225	Response	1	3821690	1280	1
PV	226	Picture	21	3855264	0	1	3153	3	0	3000
PV	227	Response	2	3860132	1549	1
PV	228	Picture	10	3885636	0	2	3154	3	0	3000
PV	229	Response	1	3891002	2046	1
PV	230	Picture	10	3921154	0	1	3153	2	0	3000
PV	231	Response	1	3926671	2198	1
PV	232	Picture	20	3957999	0	1	3154	2	0	3000
PV	233	Response	2	3963109	1790	1
PV	234	Picture	20	3991193	0	1	3153	3	0	3000
PV	235	Response	1	3997158	2646	1
PV	235	Response	2	3999689	5177	1
PV	236	Picture	10	4022063	0	2	3154	3	0	3000
PV	237	Response	1	4027687	2304	1
PV	238	Picture	11	4061730	0	1	3153	3	0	3000
PV	239	Response	1	4066187	1138	1
PV	240	Picture	21	4101563	0	1	3153	2	0	3000
PV	241	Response	2	4105988	1106	1
PV	242	Picture	11	4130110	0	1	3153	2	0	3000
PV	243	Response	1	4134484	1055	1
PV	244	Picture	11	4162971	0	2	3154	3	0	3000
PV	245	Response	1	4167792	1501	1
PV	246	Picture	20	4194340	0	1	3153	2	0	3000
PV	247	Response	2	4200123	2464	1
PV	248	Picture	21	4231185	0	1	3153	3	0	3000
PV	249	Response	2	4236303	1799	1
PV	250	Picture	21	4270022	0	1	3153	2	0	3000
PV	251	Response	2	4274341	1000	1
PV	252	Picture	10	4308361	0	1	3153	2	0	3000
PV	253	Response	1	4313587	1907	2
PV	254	Picture	21	4347032	0	1	3153	2	0	3000
PV	255	Response	2	4350615	264	1
PV	256	Picture	11	4376906	0	2	3154	3	0	3000
PV	257	Response	1	4381062	836	1
PV	258	Picture	11	4413751	0	2	3154	3	0	3000
PV	259	Response	1	4417646	575	1
PV	260	Picture	11	4445950	0	1	3153	2	0	3000
PV	261	Response	1	4449681	412	1
PV	262	Picture	21	4486280	0	1	3154	2	0	3000
PV	263	Response	2	4490723	1123	1
PV	263	Response	2	4494063	4463	2
PV	264	Picture	20	4516985	0	1	3153	2	0	3000
PV	265	Response	2	4523361	3057	2
PV	266	Picture	10	4556983	0	1	3154	2	0	3000
PV	267	Response	1	4562283	1980	1
PV	268	Picture	10	4595156	0	2	3154	3	0	3000
PV	269	Response	1	4600904	2428	1
PV	270	Picture	11	4634989	0	1	3153	2	0	3000
PV	271	Response	1	4639671	1363	2
PV	272	Picture	20	4671834	0	1	3154	2	0	3000
PV	273	Response	2	4678292	3138	1
PV	274	Picture	11	4701709	0	1	3153	2	0	3000
PV	275	Response	1	4705757	729	1
PV	276	Picture	11	4735234	0	2	3154	3	0	3000
PV	277	Response	1	4739921	1367	2
PV	278	Picture	21	4766271	0	1	3153	2	0	3000
PV	279	Response	2	4771545	1955	1
PV	280	Picture	20	4801788	0	2	3154	3	0	3000
PV	281	Response	2	4808113	3005	2
PV	282	Picture	11	4838799	0	2	3154	3	0	3000
PV	282	Response	1	4842108	3309	2
PV	284	Picture	21	4869338	0	1	3153	2	0	3000
PV	285	Response	2	4873574	917	1
PV	286	Picture	11	4901370	0	1	3153	3	0	3000
PV	287	Response	1	4906709	2020	1
PV	288	Picture	10	4935394	0	1	3153	2	0	3000
PV	289	Response	2	4943476	4763	1
PV	289	Response	1	4948559	9846	2
PV	290	Picture	11	4972405	0	1	3153	2	0	3000
PV	291	Response	1	4977640	1916	1
PV	291	Response	2	4978897	3173	2
PV	292	Picture	21	5012736	0	1	3153	2	0	3000
PV	293	Response	2	5016804	749	1
PV	294	Picture	21	5051904	0	2	3154	3	0	3000
PV	295	Response	2	5056841	1617	1
PV	296	Picture	20	5091239	0	1	3154	2	0	3000
PV	297	Response	2	5099005	4446	1
PV	298	Picture	20	5128748	0	2	3154	3	0	3000
PV	299	Response	2	5135570	3502	2
PV	300	Picture	11	5163768	0	1	3153	2	0	3000
PV	301	Response	1	5167492	405	1
PV	302	Response	2	5539260	345784	2
PV	304	Picture	10	5559605	0	2	3154	3	0	3000
PV	305	Response	2	5566984	4059	1
PV	305	Response	1	5570661	7736	1
PV	306	Picture	11	5593463	0	1	3153	3	0	3000
PV	307	Response	1	5597793	1011	1
PV	308	Picture	20	5624499	0	2	3154	3	0	3000
PV	309	Response	2	5629356	1537	2
PV	310	Picture	20	5658357	0	1	3153	3	0	3000
PV	311	Response	2	5663465	1789	1
PV	312	Picture	21	5687568	0	1	3153	2	0	3000
PV	313	Response	2	5691754	867	1
PV	314	Picture	10	5718438	0	1	3154	2	0	3000
PV	315	Response	1	5723259	1504	1
PV	316	Picture	21	5756943	0	1	3153	3	0	3000
PV	317	Response	2	5760464	202	1
PV	318	Picture	21	5785988	0	1	3153	2	0	3000
PV	319	Response	2	5791350	2043	1
PV	320	Picture	10	5819680	0	1	3153	2	0	3000
PV	321	Response	1	5823710	711	1
PV	322	Picture	21	5855861	0	1	3153	2	0	3000
PV	323	Response	2	5860117	937	1
PV	324	Picture	21	5889055	0	1	3153	2	0	3000
PV	325	Response	2	5893100	726	1
PV	326	Picture	11	5922415	0	1	3153	2	0	3000
PV	327	Response	1	5926823	1089	1
PV	328	Picture	21	5958928	0	1	3153	2	0	3000
PV	329	Response	2	5962373	126	2
PV	330	Picture	10	5998761	0	1	3153	2	0	3000
PV	331	Response	1	6004715	2635	1
PV	332	Picture	11	6036934	0	1	3153	2	0	3000
PV	333	Response	1	6042274	2021	1
PV	334	Picture	10	6066144	0	2	3154	3	0	3000
PV	335	Response	1	6072628	3164	1
PV	336	Picture	21	6104483	0	2	3154	3	0	3000
PV	337	Response	2	6108300	497	1
PV	338	Picture	10	6135851	0	2	3154	3	0	3000
PV	339	Response	1	6140485	1314	1
PV	340	Picture	21	6167386	0	1	3153	2	0	3000
PV	341	Response	2	6173345	2640	1
PV	342	Picture	20	6200414	0	1	3153	2	0	3000
PV	343	Response	1	6204617	884	1
PV	344	Picture	11	6234105	0	2	3154	3	0	3000
PV	345	Response	1	6238983	1558	1
PV	346	Picture	11	6263980	0	1	3153	3	0	3000
PV	347	Response	1	6269484	2185	1
PV	348	Picture	21	6299995	0	2	3154	3	0	3000
PV	349	Response	2	6304146	831	1
PV	350	Picture	10	6339496	0	1	3154	2	0	3000
PV	351	Response	1	6344217	1401	2
PV	352	Picture	10	6375843	0	2	3154	3	0	3000
PV	353	Response	1	6381062	1899	1
PV	354	Picture	20	6405054	0	1	3154	2	0	3000
PV	355	Response	1	6409584	1210	1
PV	355	Response	2	6411814	3440	1
PV	356	Picture	20	6443061	0	1	3154	2	0	3000
PV	357	Response	1	6446890	509	2
PV	358	Picture	10	6475093	0	2	3154	3	0	3000
PV	359	Response	1	6484238	5825	1
PV	360	Picture	21	6509117	0	1	3153	3	0	3000
PV	361	Response	2	6513196	760	1
PV	362	Picture	20	6538494	0	1	3153	2	0	3000
PV	363	Response	2	6545380	3567	1
PV	364	Picture	21	6567870	0	2	3154	3	0	3000
PV	365	Response	2	6574129	2939	1
PV	366	Picture	10	6603056	0	1	3153	2	0	3000
PV	367	Response	1	6611211	4836	1
PV	368	Picture	21	6641063	0	1	3153	2	0	3000
PV	369	Response	2	6645458	1076	1
PV	370	Picture	20	6681393	0	2	3154	3	0	3000
PV	371	Response	1	6686883	2170	1
PV	371	Response	2	6688906	4193	1
PV	372	Picture	20	6712762	0	1	3153	2	0	3000
PV	373	Response	2	6719913	3832	1
PV	374	Picture	11	6742304	0	2	3154	3	0	3000
PV	375	Response	1	6748465	2841	1
PV	376	Picture	21	6771681	0	1	3153	2	0	3000
PV	377	Response	2	6776981	1981	2
PV	378	Picture	21	6809688	0	1	3153	2	0	3000
PV	379	Response	2	6816167	3160	2
PV	380	Picture	11	6847363	0	1	3153	3	0	3000
PV	381	Response	1	6851721	1039	1
PV	382	Picture	20	6880225	0	1	3153	2	0	3000
PV	383	Response	2	6887179	3635	2
PV	384	Picture	20	6912091	0	1	3154	2	0	3000
PV	385	Response	2	6917712	2302	1
PV	386	Picture	10	6945451	0	1	3153	3	0	3000
PV	387	Response	1	6951020	2250	1
PV	388	Picture	21	6978977	0	1	3153	2	0	3000
PV	389	Response	2	6984149	1853	1
PV	390	Picture	11	7012171	0	1	3153	2	0	3000
PV	391	Response	1	7017662	2172	1
PV	392	Picture	11	7044037	0	1	3153	2	0	3000
PV	393	Response	1	7049282	1926	2
PV	394	Picture	11	7078227	0	1	3153	2	0	3000
PV	395	Response	1	7082083	537	2
PV	396	Picture	11	7112250	0	2	3154	3	0	3000
PV	397	Response	1	7117602	2032	1
PV	398	Picture	11	7149760	0	1	3153	2	0	3000
PV	399	Response	1	7154184	1105	1
PV	400	Picture	10	7181460	0	1	3153	2	0	3000
PV	401	Response	2	7186603	1824	1
PV	401	Response	1	7192564	7785	2
PV	402	Picture	10	7216479	0	2	3154	3	0	3000
PV	403	Response	2	7221401	1602	2
PV	403	Response	1	7225733	5934	1
PV	404	Picture	10	7248511	0	2	3154	3	0	3000
PV	405	Response	2	7254187	2356	1
PV	405	Response	1	7257225	5394	2
PV	406	Picture	20	7279714	0	1	3153	2	0	3000
PV	407	Response	2	7285422	2389	1
PV	408	Picture	10	7313571	0	2	3154	3	0	3000
PV	409	Response	1	7319843	2952	2
PV	410	Picture	11	7343778	0	1	3153	2	0	3000
PV	411	Response	1	7349897	2800	1
PV	412	Picture	21	7377138	0	1	3153	2	0	3000
PV	413	Response	2	7381574	1117	1
PV	414	Picture	11	7413153	0	1	3154	2	0	3000
PV	415	Response	1	7418804	2331	2
PV	416	Picture	21	7452654	0	1	3153	2	0	3000
PV	417	Response	1	7458484	2511	1
PV	418	Picture	10	7483192	0	2	3154	3	0	3000
PV	419	Response	1	7492169	5657	2
PV	420	Picture	10	7511905	0	1	3153	3	0	3000
PV	421	Response	1	7517353	2129	1
PV	422	Picture	10	7543439	0	2	3154	3	0	3000
PV	423	Response	2	7548176	1417	2
PV	423	Response	1	7551005	4246	1
PV	424	Picture	11	7581778	0	2	3154	3	0	3000
PV	425	Response	1	7586644	1546	1
PV	426	Picture	11	7616964	0	1	3153	2	0	3000
PV	427	Response	1	7622131	1848	1
PV	428	Picture	20	7649162	0	1	3153	2	0	3000
PV	429	Response	1	7655847	3366	1
PV	429	Response	2	7658585	6104	1
PV	430	Picture	20	7687833	0	1	3153	2	0	3000
PV	431	Response	2	7694875	3723	1
PV	432	Picture	21	7722520	0	2	3154	3	0	3000
PV	433	Response	2	7728804	2964	2
PV	434	Picture	10	7751233	0	1	3154	2	0	3000
PV	435	Response	1	7756801	2248	1
PV	436	Picture	10	7784261	0	1	3153	3	0	3000
PV	437	Response	1	7789510	1930	2
PV	438	Picture	10	7812974	0	1	3153	2	0	3000
PV	439	Response	1	7818707	2414	1
PV	440	Picture	21	7842350	0	2	3154	3	0	3000
PV	441	Response	2	7846900	1230	2
PV	442	Picture	21	7880523	0	2	3154	3	0	3000
PV	443	Response	2	7885226	1383	2
PV	444	Picture	10	7910730	0	1	3153	2	0	3000
PV	445	Response	1	7915523	1474	2
PV	446	Picture	11	7950729	0	1	3153	2	0	3000
PV	447	Response	1	7955115	1067	2
PV	448	Picture	10	7989067	0	2	3154	3	0	3000
PV	449	Response	2	7994414	2027	2
PV	449	Response	1	7997212	4825	1
PV	450	Picture	10	8017780	0	2	3154	3	0	3000
PV	451	Response	1	8024249	3149	1
PV	452	Picture	21	8048982	0	2	3154	3	0	3000
PV	453	Response	2	8053857	1555	1
PV	454	Picture	20	8079355	0	1	3153	2	0	3000
PV	455	Response	2	8086219	3545	2
PV	456	Picture	21	8117860	0	1	3153	2	0	3000
PV	457	Response	2	8122303	1124	2
PV	458	Picture	20	8146407	0	1	3153	2	0	3000
PV	459	Response	1	8151447	1721	1
PV	459	Response	2	8157692	7966	1
PV	460	Picture	10	8181924	0	1	3154	2	0	3000
PV	461	Response	1	8188186	2942	1
PV	462	Picture	11	8213126	0	2	3154	3	0	3000
PV	463	Response	1	8218415	1969	1
PV	464	Picture	11	8244827	0	1	3153	2	0	3000
PV	465	Response	1	8251007	2861	2
PV	466	Picture	11	8276195	0	1	3153	2	0	3000
PV	467	Response	1	8282032	2518	2
PV	468	Picture	10	8315862	0	1	3153	2	0	3000
PV	469	Response	1	8322836	3655	1
PV	470	Picture	21	8347064	0	1	3153	2	0	3000
PV	471	Response	2	8352183	1800	1
PV	472	Picture	20	8387062	0	2	3154	3	0	3000
PV	473	Response	1	8391691	1309	2
PV	473	Response	2	8394219	3837	1
PV	474	Picture	21	8421086	0	1	3154	2	0	3000
PV	475	Response	2	8427762	3356	1
PV	476	Picture	21	8450795	0	1	3153	2	0	3000
PV	477	Response	2	8456284	2170	1
PV	478	Picture	21	8485814	0	2	3154	3	0	3000
PV	479	Response	2	8489709	575	2
PV	480	Picture	11	8525647	0	1	3153	3	0	3000
PV	481	Response	1	8530461	1495	1
PV	482	Picture	21	8565978	0	1	3153	2	0	3000
PV	483	Response	2	8570554	1257	1
PV	484	Picture	10	8600665	0	2	3154	3	0	3000
PV	485	Response	1	8607176	3191	1
PV	486	Picture	10	8638008	0	2	3154	3	0	3000
PV	487	Response	1	8643605	2277	1
PV	488	Picture	11	8666887	0	1	3154	2	0	3000
PV	489	Response	1	8672801	2595	2
PV	490	Picture	11	8705392	0	1	3153	3	0	3000
PV	491	Response	1	8709584	873	1
PV	492	Picture	11	8736096	0	2	3154	3	0	3000
PV	493	Response	1	8740436	1020	1
PV	494	Picture	20	8775597	0	1	3154	2	0	3000
PV	495	Response	2	8781536	2619	2
PV	496	Picture	11	8809621	0	1	3153	2	0	3000
PV	497	Response	1	8814723	1783	2
PV	498	Picture	20	8845304	0	2	3154	3	0	3000
PV	499	Response	1	8851041	2417	1
PV	499	Response	2	8856230	7606	1
PV	500	Picture	11	8876673	0	1	3153	2	0	3000
PV	501	Response	1	8881970	1978	1
PV	502	Picture	11	8905219	0	2	3154	3	0	3000
PV	503	Response	2	8910547	2008	1
PV	503	Response	1	8913190	4651	1
PV	504	Picture	10	8938413	0	2	3154	3	0	3000
PV	505	Response	1	8944329	2596	2
PV	506	Picture	20	8975424	0	2	3154	3	0	3000
PV	507	Response	2	8981233	2489	1
PV	508	Picture	21	9006129	0	1	3153	2	0	3000
PV	509	Response	2	9013006	3558	1
PV	510	Picture	10	9041812	0	2	3154	3	0	3000
PV	511	Response	1	9048497	3365	1
PV	512	Picture	11	9074176	0	2	3154	3	0	3000
PV	513	Response	1	9078905	1409	2
PV	514	Picture	10	9103553	0	1	3153	3	0	3000
PV	515	Response	2	9110293	3421	1
PV	516	Picture	21	9141394	0	1	3153	3	0	3000
PV	517	Response	2	9147587	2874	2
PV	518	Picture	20	9179069	0	1	3154	2	0	3000
PV	519	Response	2	9185087	2698	1
PV	520	Picture	21	9207616	0	1	3153	2	0	3000
PV	521	Response	2	9213043	2108	1
PV	522	Picture	11	9245789	0	1	3153	2	0	3000
PV	523	Response	1	9250509	1401	1
PV	524	Picture	20	9284958	0	1	3153	2	0	3000
PV	525	Response	2	9291487	3210	1
PV	526	Picture	11	9314500	0	2	3154	3	0	3000
PV	527	Response	1	9318445	625	1
PV	528	Picture	21	9343213	0	1	3153	3	0	3000
PV	529	Response	2	9347020	488	1
PV	530	Picture	11	9382880	0	1	3153	2	0	3000
PV	531	Response	1	9386651	452	1
PV	532	Picture	21	9420057	0	1	3153	2	0	3000
PV	533	Response	2	9424649	1273	1
PV	534	Picture	21	9448770	0	1	3153	2	0	3000
PV	535	Response	1	9452641	552	1
PV	536	Picture	20	9478644	0	1	3154	2	0	3000
PV	537	Response	2	9486531	4567	1
PV	538	Picture	11	9513664	0	1	3153	2	0	3000
PV	539	Response	1	9517946	963	1
PV	540	Picture	11	9544036	0	1	3154	2	0	3000
PV	541	Response	1	9548471	1115	1
PV	542	Picture	10	9577230	0	1	3154	2	0	3000
PV	543	Response	1	9585490	4941	1
PV	544	Picture	11	9610424	0	1	3153	3	0	3000
PV	545	Response	1	9615011	1268	2
PV	546	Picture	11	9646107	0	2	3154	3	0	3000
PV	547	Response	1	9650910	1483	1
PV	548	Picture	21	9686272	0	1	3154	2	0	3000
PV	549	Response	2	9690350	759	1
PV	550	Picture	10	9724611	0	1	3153	3	0	3000
PV	551	Response	1	9729764	1834	2
PV	552	Picture	10	9764942	0	1	3153	2	0	3000
PV	553	Response	1	9769741	1480	1
PV	554	Picture	11	9794152	0	2	3154	3	0	3000
PV	555	Response	1	9800005	2533	1
PV	556	Picture	10	9828508	0	1	3153	2	0	3000
PV	557	Response	2	9833720	1893	1
PV	557	Response	1	9835152	3325	1
PV	558	Picture	11	9857719	0	1	3153	2	0	3000
PV	559	Response	1	9863196	2158	1
PV	560	Picture	10	9889751	0	1	3153	2	0	3000
PV	561	Response	1	9894579	1509	1
PV	562	Picture	21	9920123	0	1	3154	2	0	3000
PV	563	Response	2	9927052	3609	2
PV	564	Picture	21	9952155	0	2	3154	3	0	3000
PV	565	Response	2	9958649	3174	1
PV	566	Picture	10	9986511	0	1	3153	3	0	3000
PV	567	Response	1	9990027	197	1
PV	568	Picture	10	10026676	0	1	3153	2	0	3000
PV	569	Response	1	10032570	2575	1
PV	570	Picture	21	10066342	0	2	3154	3	0	3000
PV	571	Response	2	10072485	2823	1
PV	572	Picture	10	10106507	0	1	3153	3	0	3000
PV	573	Response	1	10112374	2548	2
PV	574	Picture	20	10136879	0	2	3154	3	0	3000
PV	575	Response	1	10140717	518	1
PV	575	Response	2	10143248	3049	1
PV	576	Picture	21	10172729	0	1	3153	2	0	3000
PV	577	Response	2	10178145	2097	1
PV	578	Picture	20	10211566	0	1	3153	2	0	3000
PV	579	Response	2	10217148	2263	1
PV	580	Picture	21	10244096	0	1	3153	2	0	3000
PV	581	Response	2	10249384	1969	1
PV	582	Picture	20	10283265	0	1	3153	2	0	3000
PV	583	Response	2	10289227	2643	1
PV	584	Picture	11	10318118	0	1	3154	2	0	3000
PV	585	Response	1	10323290	1852	1
PV	586	Picture	11	10349154	0	2	3154	3	0	3000
PV	587	Response	1	10353300	826	1
PV	588	Picture	21	10389485	0	1	3153	3	0	3000
PV	589	Response	2	10394252	1448	1
PV	590	Picture	10	10422015	0	1	3154	2	0	3000
PV	591	Response	1	10428120	2786	2
PV	592	Picture	20	10452056	0	1	3153	2	0	3000
PV	593	Response	2	10457375	2000	1
PV	594	Picture	20	10484420	0	1	3153	2	0	3000
PV	595	Response	1	10490477	2738	1
PV	595	Response	2	10494574	6835	2
PV	596	Picture	10	10515124	0	1	3153	3	0	3000
PV	597	Response	1	10520019	1576	2
PV	598	Picture	21	10546326	0	2	3154	3	0	3000
PV	599	Response	2	10552818	3172	2
PV	600	Picture	21	10580184	0	1	3154	2	0	3000
PV	601	Response	1	10584382	879	1
PV	601	Response	2	10587002	3499	1
PV	602	Picture	11	10609393	0	3	3155	4	0	3000
PV	603	Response	1	10614936	2222	2
PV	604	Response	2	10771339	122610	2


Event Type	Code	Type	Response	RT	RT Uncertainty	Time	Uncertainty	Duration	Uncertainty	ReqTime	ReqDur

Picture	10	other				10414	1	3153	2	0	3000
Picture	21	other				48587	1	3153	2	0	3000
Picture	21	other				80951	1	3153	2	0	3000
Picture	20	other				110825	1	3154	2	0	3000
Picture	11	other				143189	2	3154	3	0	3000
Picture	21	other				178043	1	3153	2	0	3000
Picture	21	other				215552	1	3153	2	0	3000
Picture	21	other				251235	2	3154	3	0	3000
Picture	11	other				280944	1	3153	2	0	3000
Picture	20	other				311648	2	3154	3	0	3000
Picture	11	other				340195	1	3153	3	0	3000
Picture	10	other				373721	1	3153	2	0	3000
Picture	10	other				402766	1	3153	2	0	3000
Picture	21	other				434134	1	3153	2	0	3000
Picture	11	other				472971	1	3153	2	0	3000
Picture	10	other				507492	2	3154	3	0	3000
Picture	21	other				542014	1	3153	3	0	3000
Picture	11	other				581017	1	3153	2	0	3000
Picture	11	other				614543	1	3153	2	0	3000
Picture	20	other				647571	1	3153	2	0	3000
Picture	21	other				681760	2	3154	3	0	3000
Picture	21	other				718606	1	3153	2	0	3000
Picture	11	other				757608	2	3154	3	0	3000
Picture	20	other				794952	1	3153	2	0	3000
Picture	10	other				825324	1	3153	3	0	3000
Picture	11	other				859680	1	3153	2	0	3000
Picture	11	other				894865	2	3154	3	0	3000
Picture	11	other				932208	2	3154	3	0	3000
Picture	21	other				961419	1	3153	3	0	3000
Picture	21	other				999758	1	3153	3	0	3000
Picture	10	other				1029135	1	3153	2	0	3000
Picture	20	other				1059175	1	3153	3	0	3000
Picture	11	other				1097016	1	3154	2	0	3000
Picture	20	other				1132036	1	3153	2	0	3000
Picture	10	other				1172366	2	3154	3	0	3000
Picture	11	other				1209875	2	3154	3	0	3000
Picture	21	other				1249044	2	3154	3	0	3000
Picture	21	other				1284396	1	3153	2	0	3000
Picture	11	other				1317092	1	3153	2	0	3000
Picture	21	other				1349290	1	3153	2	0	3000
Picture	10	other				1378998	2	3154	3	0	3000
Picture	10	other				1415678	1	3153	2	0	3000
Picture	21	other				1447046	1	3153	2	0	3000
Picture	21	other				1479908	1	3153	2	0	3000
Picture	20	other				1516919	1	3153	3	0	3000
Picture	10	other				1555258	1	3153	3	0	3000
Picture	11	other				1593099	1	3153	3	0	3000
Picture	10	other				1628617	1	3153	2	0	3000
Picture	10	other				1663304	1	3154	2	0	3000
Picture	10	other				1700481	2	3154	3	0	3000
Picture	10	other				1732845	2	3154	3	0	3000
Picture	21	other				1772346	1	3154	2	0	3000
Picture	11	other				1805042	1	3154	2	0	3000
Picture	21	other				1844543	1	3153	2	0	3000
Picture	10	other				1876907	1	3153	3	0	3000
Picture	20	other				1911595	1	3153	2	0	3000
Picture	21	other				1943958	2	3154	3	0	3000
Picture	20	other				1977816	2	3154	3	0	3000
Picture	21	other				2017815	1	3154	2	0	3000
Picture	10	other				2050013	2	3154	3	0	3000
Picture	21	other				2082543	2	3154	3	0	3000
Picture	21	other				2114907	2	3154	3	0	3000
Picture	21	other				2145280	1	3153	2	0	3000
Picture	11	other				2173827	1	3153	2	0	3000
Picture	20	other				2203867	1	3153	3	0	3000
Picture	20	other				2243036	1	3153	2	0	3000
Picture	21	other				2282039	1	3153	2	0	3000
Picture	11	other				2310917	2	3154	3	0	3000
Picture	21	other				2344609	1	3154	2	0	3000
Picture	20	other				2380957	1	3153	2	0	3000
Picture	20	other				2418300	1	3153	2	0	3000
Picture	20	other				2447510	2	3154	3	0	3000
Picture	21	other				2486845	1	3153	3	0	3000
Picture	11	other				2523192	2	3154	3	0	3000
Picture	20	other				2555888	2	3154	3	0	3000
Picture	11	other				2586261	1	3153	2	0	3000
Picture	10	other				2615969	2	3154	3	0	3000
Picture	20	other				2648997	2	3154	3	0	3000
Picture	10	other				2688498	1	3153	3	0	3000
Picture	20	other				2718207	1	3153	2	0	3000
Picture	21	other				2755882	1	3153	2	0	3000
Picture	21	other				2784428	2	3154	3	0	3000
Picture	10	other				2814967	1	3153	2	0	3000
Picture	11	other				2847165	1	3153	3	0	3000
Picture	20	other				2879695	1	3153	3	0	3000
Picture	10	other				2919694	1	3153	2	0	3000
Picture	10	other				2952556	1	3153	2	0	3000
Picture	21	other				2982430	1	3154	2	0	3000
Picture	10	other				3019773	2	3154	3	0	3000
Picture	11	other				3055789	1	3153	2	0	3000
Picture	11	other				3089315	1	3153	2	0	3000
Picture	20	other				3121347	1	3153	2	0	3000
Picture	10	other				3158856	1	3153	2	0	3000
Picture	21	other				3189892	1	3153	3	0	3000
Picture	10	other				3230057	1	3153	2	0	3000
Picture	10	other				3266404	1	3153	3	0	3000
Picture	10	other				3296610	2	3154	3	0	3000
Picture	10	other				3331298	1	3154	2	0	3000
Picture	20	other				3364160	1	3153	3	0	3000
Picture	10	other				3397188	1	3153	3	0	3000
Picture	21	other				3436191	1	3153	2	0	3000
Picture	20	other				3465733	2	3154	3	0	3000
Picture	11	other				3496936	1	3153	2	0	3000
Picture	11	other				3529466	1	3153	2	0	3000
Picture	21	other				3564319	2	3154	3	0	3000
Picture	11	other				3600999	1	3153	2	0	3000
Picture	10	other				3640997	2	3154	3	0	3000
Picture	11	other				3674357	1	3154	2	0	3000
Picture	10	other				3711368	2	3154	3	0	3000
Picture	10	other				3747716	1	3153	2	0	3000
Picture	10	other				3787050	2	3154	3	0	3000
Picture	10	other				3817091	1	3153	3	0	3000
Picture	21	other				3855264	1	3153	3	0	3000
Picture	10	other				3885636	2	3154	3	0	3000
Picture	10	other				3921154	1	3153	2	0	3000
Picture	20	other				3957999	1	3154	2	0	3000
Picture	20	other				3991193	1	3153	3	0	3000
Picture	10	other				4022063	2	3154	3	0	3000
Picture	11	other				4061730	1	3153	3	0	3000
Picture	21	other				4101563	1	3153	2	0	3000
Picture	11	other				4130110	1	3153	2	0	3000
Picture	11	other				4162971	2	3154	3	0	3000
Picture	20	other				4194340	1	3153	2	0	3000
Picture	21	other				4231185	1	3153	3	0	3000
Picture	21	other				4270022	1	3153	2	0	3000
Picture	10	other				4308361	1	3153	2	0	3000
Picture	21	other				4347032	1	3153	2	0	3000
Picture	11	other				4376906	2	3154	3	0	3000
Picture	11	other				4413751	2	3154	3	0	3000
Picture	11	other				4445950	1	3153	2	0	3000
Picture	21	other				4486280	1	3154	2	0	3000
Picture	20	other				4516985	1	3153	2	0	3000
Picture	10	other				4556983	1	3154	2	0	3000
Picture	10	other				4595156	2	3154	3	0	3000
Picture	11	other				4634989	1	3153	2	0	3000
Picture	20	other				4671834	1	3154	2	0	3000
Picture	11	other				4701709	1	3153	2	0	3000
Picture	11	other				4735234	2	3154	3	0	3000
Picture	21	other				4766271	1	3153	2	0	3000
Picture	20	other				4801788	2	3154	3	0	3000
Picture	11	other				4838799	2	3154	3	0	3000
Picture	21	other				4869338	1	3153	2	0	3000
Picture	11	other				4901370	1	3153	3	0	3000
Picture	10	other				4935394	1	3153	2	0	3000
Picture	11	other				4972405	1	3153	2	0	3000
Picture	21	other				5012736	1	3153	2	0	3000
Picture	21	other				5051904	2	3154	3	0	3000
Picture	20	other				5091239	1	3154	2	0	3000
Picture	20	other				5128748	2	3154	3	0	3000
Picture	11	other				5163768	1	3153	2	0	3000
Picture	10	other				5559605	2	3154	3	0	3000
Picture	11	other				5593463	1	3153	3	0	3000
Picture	20	other				5624499	2	3154	3	0	3000
Picture	20	other				5658357	1	3153	3	0	3000
Picture	21	other				5687568	1	3153	2	0	3000
Picture	10	other				5718438	1	3154	2	0	3000
Picture	21	other				5756943	1	3153	3	0	3000
Picture	21	other				5785988	1	3153	2	0	3000
Picture	10	other				5819680	1	3153	2	0	3000
Picture	21	other				5855861	1	3153	2	0	3000
Picture	21	other				5889055	1	3153	2	0	3000
Picture	11	other				5922415	1	3153	2	0	3000
Picture	21	other				5958928	1	3153	2	0	3000
Picture	10	other				5998761	1	3153	2	0	3000
Picture	11	other				6036934	1	3153	2	0	3000
Picture	10	other				6066144	2	3154	3	0	3000
Picture	21	other				6104483	2	3154	3	0	3000
Picture	10	other				6135851	2	3154	3	0	3000
Picture	21	other				6167386	1	3153	2	0	3000
Picture	20	other				6200414	1	3153	2	0	3000
Picture	11	other				6234105	2	3154	3	0	3000
Picture	11	other				6263980	1	3153	3	0	3000
Picture	21	other				6299995	2	3154	3	0	3000
Picture	10	other				6339496	1	3154	2	0	3000
Picture	10	other				6375843	2	3154	3	0	3000
Picture	20	other				6405054	1	3154	2	0	3000
Picture	20	other				6443061	1	3154	2	0	3000
Picture	10	other				6475093	2	3154	3	0	3000
Picture	21	other				6509117	1	3153	3	0	3000
Picture	20	other				6538494	1	3153	2	0	3000
Picture	21	other				6567870	2	3154	3	0	3000
Picture	10	other				6603056	1	3153	2	0	3000
Picture	21	other				6641063	1	3153	2	0	3000
Picture	20	other				6681393	2	3154	3	0	3000
Picture	20	other				6712762	1	3153	2	0	3000
Picture	11	other				6742304	2	3154	3	0	3000
Picture	21	other				6771681	1	3153	2	0	3000
Picture	21	other				6809688	1	3153	2	0	3000
Picture	11	other				6847363	1	3153	3	0	3000
Picture	20	other				6880225	1	3153	2	0	3000
Picture	20	other				6912091	1	3154	2	0	3000
Picture	10	other				6945451	1	3153	3	0	3000
Picture	21	other				6978977	1	3153	2	0	3000
Picture	11	other				7012171	1	3153	2	0	3000
Picture	11	other				7044037	1	3153	2	0	3000
Picture	11	other				7078227	1	3153	2	0	3000
Picture	11	other				7112250	2	3154	3	0	3000
Picture	11	other				7149760	1	3153	2	0	3000
Picture	10	other				7181460	1	3153	2	0	3000
Picture	10	other				7216479	2	3154	3	0	3000
Picture	10	other				7248511	2	3154	3	0	3000
Picture	20	other				7279714	1	3153	2	0	3000
Picture	10	other				7313571	2	3154	3	0	3000
Picture	11	other				7343778	1	3153	2	0	3000
Picture	21	other				7377138	1	3153	2	0	3000
Picture	11	other				7413153	1	3154	2	0	3000
Picture	21	other				7452654	1	3153	2	0	3000
Picture	10	other				7483192	2	3154	3	0	3000
Picture	10	other				7511905	1	3153	3	0	3000
Picture	10	other				7543439	2	3154	3	0	3000
Picture	11	other				7581778	2	3154	3	0	3000
Picture	11	other				7616964	1	3153	2	0	3000
Picture	20	other				7649162	1	3153	2	0	3000
Picture	20	other				7687833	1	3153	2	0	3000
Picture	21	other				7722520	2	3154	3	0	3000
Picture	10	other				7751233	1	3154	2	0	3000
Picture	10	other				7784261	1	3153	3	0	3000
Picture	10	other				7812974	1	3153	2	0	3000
Picture	21	other				7842350	2	3154	3	0	3000
Picture	21	other				7880523	2	3154	3	0	3000
Picture	10	other				7910730	1	3153	2	0	3000
Picture	11	other				7950729	1	3153	2	0	3000
Picture	10	other				7989067	2	3154	3	0	3000
Picture	10	other				8017780	2	3154	3	0	3000
Picture	21	other				8048982	2	3154	3	0	3000
Picture	20	other				8079355	1	3153	2	0	3000
Picture	21	other				8117860	1	3153	2	0	3000
Picture	20	other				8146407	1	3153	2	0	3000
Picture	10	other				8181924	1	3154	2	0	3000
Picture	11	other				8213126	2	3154	3	0	3000
Picture	11	other				8244827	1	3153	2	0	3000
Picture	11	other				8276195	1	3153	2	0	3000
Picture	10	other				8315862	1	3153	2	0	3000
Picture	21	other				8347064	1	3153	2	0	3000
Picture	20	other				8387062	2	3154	3	0	3000
Picture	21	other				8421086	1	3154	2	0	3000
Picture	21	other				8450795	1	3153	2	0	3000
Picture	21	other				8485814	2	3154	3	0	3000
Picture	11	other				8525647	1	3153	3	0	3000
Picture	21	other				8565978	1	3153	2	0	3000
Picture	10	other				8600665	2	3154	3	0	3000
Picture	10	other				8638008	2	3154	3	0	3000
Picture	11	other				8666887	1	3154	2	0	3000
Picture	11	other				8705392	1	3153	3	0	3000
Picture	11	other				8736096	2	3154	3	0	3000
Picture	20	other				8775597	1	3154	2	0	3000
Picture	11	other				8809621	1	3153	2	0	3000
Picture	20	other				8845304	2	3154	3	0	3000
Picture	11	other				8876673	1	3153	2	0	3000
Picture	11	other				8905219	2	3154	3	0	3000
Picture	10	other				8938413	2	3154	3	0	3000
Picture	20	other				8975424	2	3154	3	0	3000
Picture	21	other				9006129	1	3153	2	0	3000
Picture	10	other				9041812	2	3154	3	0	3000
Picture	11	other				9074176	2	3154	3	0	3000
Picture	10	other				9103553	1	3153	3	0	3000
Picture	21	other				9141394	1	3153	3	0	3000
Picture	20	other				9179069	1	3154	2	0	3000
Picture	21	other				9207616	1	3153	2	0	3000
Picture	11	other				9245789	1	3153	2	0	3000
Picture	20	other				9284958	1	3153	2	0	3000
Picture	11	other				9314500	2	3154	3	0	3000
Picture	21	other				9343213	1	3153	3	0	3000
Picture	11	other				9382880	1	3153	2	0	3000
Picture	21	other				9420057	1	3153	2	0	3000
Picture	21	other				9448770	1	3153	2	0	3000
Picture	20	other				9478644	1	3154	2	0	3000
Picture	11	other				9513664	1	3153	2	0	3000
Picture	11	other				9544036	1	3154	2	0	3000
Picture	10	other				9577230	1	3154	2	0	3000
Picture	11	other				9610424	1	3153	3	0	3000
Picture	11	other				9646107	2	3154	3	0	3000
Picture	21	other				9686272	1	3154	2	0	3000
Picture	10	other				9724611	1	3153	3	0	3000
Picture	10	other				9764942	1	3153	2	0	3000
Picture	11	other				9794152	2	3154	3	0	3000
Picture	10	other				9828508	1	3153	2	0	3000
Picture	11	other				9857719	1	3153	2	0	3000
Picture	10	other				9889751	1	3153	2	0	3000
Picture	21	other				9920123	1	3154	2	0	3000
Picture	21	other				9952155	2	3154	3	0	3000
Picture	10	other				9986511	1	3153	3	0	3000
Picture	10	other				10026676	1	3153	2	0	3000
Picture	21	other				10066342	2	3154	3	0	3000
Picture	10	other				10106507	1	3153	3	0	3000
Picture	20	other				10136879	2	3154	3	0	3000
Picture	21	other				10172729	1	3153	2	0	3000
Picture	20	other				10211566	1	3153	2	0	3000
Picture	21	other				10244096	1	3153	2	0	3000
Picture	20	other				10283265	1	3153	2	0	3000
Picture	11	other				10318118	1	3154	2	0	3000
Picture	11	other				10349154	2	3154	3	0	3000
Picture	21	other				10389485	1	3153	3	0	3000
Picture	10	other				10422015	1	3154	2	0	3000
Picture	20	other				10452056	1	3153	2	0	3000
Picture	20	other				10484420	1	3153	2	0	3000
Picture	10	other				10515124	1	3153	3	0	3000
Picture	21	other				10546326	2	3154	3	0	3000
Picture	21	other				10580184	1	3154	2	0	3000
Picture	11	other				10609393	3	3155	4	0	3000
