Scenario - GO/NO-GO
Logfile written - 05/10/2011 16:13:37

Subject	Trial	Event Type	Code	Time	TTime	Uncertainty	Duration	Uncertainty	ReqTime	ReqDur

PV	2	Picture	22	289	0	2	3154	3	0	3000
PV	2	Response	1	5032	4743	1
PV	3	Picture	22	29666	0	1	3153	3	0	3000
PV	3	Response	1	33154	3488	1
PV	4	Picture	22	66511	0	2	3154	3	0	3000
PV	4	Response	1	69971	3460	1
PV	5	Picture	33	95058	0	1	3153	3	0	3000
PV	6	Picture	22	124269	0	1	3153	2	0	3000
PV	6	Response	1	127733	3464	2
PV	7	Picture	22	158624	0	2	3154	3	0	3000
PV	7	Response	1	162104	3480	1
PV	8	Picture	22	190159	0	1	3153	2	0	3000
PV	8	Response	1	194309	4150	1
PV	9	Picture	22	224846	0	2	3154	3	0	3000
PV	9	Response	1	229056	4210	1
PV	10	Picture	22	257708	0	1	3154	2	0	3000
PV	10	Response	1	261791	4083	1
PV	11	Picture	22	295715	0	1	3154	2	0	3000
PV	11	Response	1	299769	4054	1
PV	12	Picture	22	329407	0	1	3153	3	0	3000
PV	12	Response	1	333043	3636	1
PV	13	Picture	33	362767	0	1	3153	2	0	3000
PV	14	Picture	22	392641	0	2	3154	3	0	3000
PV	14	Response	1	395587	2946	1
PV	15	Picture	22	422682	0	1	3153	3	0	3000
PV	15	Response	1	425634	2952	2
PV	16	Picture	22	462515	0	1	3153	2	0	3000
PV	16	Response	1	466036	3521	1
PV	17	Picture	22	492223	0	1	3154	2	0	3000
PV	17	Response	1	495825	3602	1
PV	18	Picture	22	530230	0	1	3154	2	0	3000
PV	18	Response	1	534757	4527	2
PV	19	Picture	33	563424	0	1	3154	2	0	3000
PV	20	Picture	22	594792	0	2	3154	3	0	3000
PV	20	Response	1	598018	3226	1
PV	21	Picture	22	623339	0	1	3153	3	0	3000
PV	21	Response	1	626831	3492	1
PV	22	Picture	22	652550	0	1	3153	2	0	3000
PV	22	Response	1	657088	4538	1
PV	23	Picture	22	691054	0	2	3154	3	0	3000
PV	23	Response	1	695175	4121	1
PV	24	Picture	22	724414	0	2	3154	3	0	3000
PV	24	Response	1	728358	3944	1
PV	25	Picture	33	754289	0	1	3153	3	0	3000
PV	26	Picture	22	782670	0	1	3153	2	0	3000
PV	26	Response	1	786019	3349	1
PV	27	Picture	33	821009	0	1	3153	2	0	3000
PV	28	Picture	22	856526	0	2	3154	3	0	3000
PV	28	Response	1	860120	3594	1
PV	29	Picture	22	891712	0	1	3153	2	0	3000
PV	29	Response	1	895284	3572	1
PV	30	Picture	22	930051	0	1	3153	2	0	3000
PV	30	Response	1	933965	3914	1
PV	31	Picture	22	968058	0	1	3153	2	0	3000
PV	31	Response	1	971613	3555	1
PV	32	Picture	22	996439	0	1	3153	2	0	3000
PV	32	Response	1	1001157	4718	1
PV	33	Picture	33	1028305	0	1	3153	2	0	3000
PV	34	Picture	22	1066810	0	1	3153	2	0	3000
PV	34	Response	1	1070460	3650	2
PV	35	Picture	33	1102991	0	1	3153	3	0	3000
PV	36	Picture	22	1139172	0	2	3154	3	0	3000
PV	36	Response	1	1143134	3962	2
PV	37	Picture	22	1176516	0	1	3153	2	0	3000
PV	37	Response	1	1180810	4294	2
PV	38	Picture	22	1211867	0	1	3153	3	0	3000
PV	38	Response	1	1216296	4429	1
PV	39	Picture	22	1250870	0	1	3153	3	0	3000
PV	39	Response	1	1254176	3306	1
PV	40	Picture	22	1285392	0	1	3153	2	0	3000
PV	40	Response	1	1290250	4858	1
PV	41	Picture	33	1318917	0	2	3154	3	0	3000
PV	42	Picture	22	1358418	0	2	3154	3	0	3000
PV	42	Response	1	1362914	4496	1
PV	43	Picture	22	1389289	0	1	3153	2	0	3000
PV	43	Response	1	1392398	3109	1
PV	44	Picture	22	1424640	0	1	3153	3	0	3000
PV	44	Response	1	1427847	3207	1
PV	45	Picture	22	1462647	0	1	3153	3	0	3000
PV	45	Response	1	1465846	3199	1
PV	46	Picture	22	1490696	0	1	3153	3	0	3000
PV	46	Response	1	1494799	4103	1
PV	47	Picture	22	1528205	0	1	3153	3	0	3000
PV	47	Response	1	1531967	3762	1
PV	48	Picture	22	1557416	0	1	3153	2	0	3000
PV	48	Response	1	1561450	4034	2
PV	49	Picture	33	1592269	0	2	3154	3	0	3000
PV	50	Picture	22	1624633	0	2	3154	3	0	3000
PV	50	Response	1	1627998	3365	1
PV	51	Picture	22	1656002	0	1	3153	2	0	3000
PV	51	Response	1	1659843	3841	1
PV	52	Picture	22	1688200	0	1	3153	2	0	3000
PV	52	Response	1	1691453	3253	1
PV	53	Picture	22	1725211	0	1	3153	2	0	3000
PV	53	Response	1	1729300	4089	2
PV	54	Picture	22	1764712	0	1	3153	2	0	3000
PV	54	Response	1	1767973	3261	1
PV	55	Picture	22	1796412	0	1	3153	2	0	3000
PV	55	Response	1	1800585	4173	2
PV	56	Picture	22	1828610	0	1	3153	2	0	3000
PV	56	Response	1	1832281	3671	1
PV	57	Picture	33	1863132	0	1	3153	2	0	3000
PV	57	Response	1	1867167	4035	1
PV	58	Picture	22	1900309	0	1	3153	2	0	3000
PV	58	Response	1	1904444	4135	1
PV	59	Picture	22	1930847	0	2	3154	3	0	3000
PV	59	Response	1	1935425	4578	2
PV	60	Picture	22	1960556	0	1	3153	2	0	3000
PV	60	Response	1	1964225	3669	2
PV	61	Picture	22	1989103	0	1	3153	2	0	3000
PV	61	Response	1	1992350	3247	2
PV	62	Picture	22	2027275	0	2	3154	3	0	3000
PV	62	Response	1	2031290	4015	1
PV	63	Picture	22	2064453	0	1	3153	2	0	3000
PV	63	Response	1	2069106	4653	1
PV	64	Picture	22	2100966	0	1	3153	3	0	3000
PV	64	Response	1	2105216	4250	70
PV	65	Picture	33	2137645	0	2	3154	3	0	3000
PV	66	Picture	22	2172997	0	1	3153	2	0	3000
PV	66	Response	1	2176474	3477	1
PV	67	Picture	33	2202373	0	2	3154	3	0	3000
PV	68	Picture	22	2231750	0	1	3153	3	0	3000
PV	68	Response	1	2235003	3253	1
PV	69	Picture	22	2260463	0	1	3153	2	0	3000
PV	69	Response	1	2265131	4668	1
PV	70	Picture	22	2300295	0	2	3154	3	0	3000
PV	70	Response	1	2303414	3119	2
PV	71	Picture	22	2329672	0	1	3153	3	0	3000
PV	71	Response	1	2333926	4254	2
PV	72	Picture	22	2367679	0	1	3153	3	0	3000
PV	72	Response	1	2371942	4263	2
PV	73	Picture	22	2397720	0	1	3153	2	0	3000
PV	73	Response	1	2402451	4731	1
PV	74	Picture	22	2432075	0	2	3154	3	0	3000
PV	74	Response	1	2435800	3725	2
PV	75	Picture	33	2471576	0	1	3153	3	0	3000
PV	76	Picture	22	2507425	0	2	3154	3	0	3000
PV	76	Response	1	2511025	3600	2
PV	77	Picture	22	2544105	0	1	3153	2	0	3000
PV	77	Response	1	2548042	3937	1
PV	78	Picture	22	2573813	0	1	3154	2	0	3000
PV	78	Response	1	2578342	4529	1
PV	79	Picture	33	2603190	0	1	3153	2	0	3000
PV	80	Picture	22	2632234	0	2	3154	3	0	3000
PV	80	Response	1	2635035	2801	1
PV	81	Picture	22	2671735	0	1	3154	2	0	3000
PV	81	Response	1	2675680	3945	1
PV	82	Picture	22	2709742	0	2	3154	3	0	3000
PV	82	Response	1	2714259	4517	2
PV	83	Picture	33	2740115	0	1	3153	2	0	3000
PV	84	Picture	22	2769823	0	2	3154	3	0	3000
PV	84	Response	1	2773226	3403	2
PV	85	Picture	33	2803017	0	1	3154	2	0	3000
PV	86	Picture	22	2842352	0	1	3153	3	0	3000
PV	86	Response	1	2846291	3939	1
PV	87	Picture	33	2877538	0	1	3153	2	0	3000
PV	88	Picture	22	2912723	0	1	3153	3	0	3000
PV	88	Response	1	2917176	4453	1
PV	89	Picture	22	2943759	0	2	3154	3	0	3000
PV	89	Response	1	2947918	4159	2
PV	90	Picture	22	2976455	0	2	3154	3	0	3000
PV	90	Response	1	2981616	5161	1
PV	91	Picture	22	3011641	0	1	3153	2	0	3000
PV	91	Response	1	3015256	3615	1
PV	92	Picture	22	3048818	0	1	3153	3	0	3000
PV	92	Response	1	3053300	4482	1
PV	93	Picture	33	3082012	0	1	3153	3	0	3000
PV	94	Picture	22	3116036	0	1	3153	2	0	3000
PV	94	Response	1	3121486	5450	2
PV	95	Picture	22	3152217	0	1	3154	2	0	3000
PV	95	Response	1	3156576	4359	1
PV	96	Picture	22	3184747	0	1	3154	2	0	3000
PV	96	Response	1	3188739	3992	1
PV	97	Picture	22	3217941	0	1	3153	3	0	3000
PV	97	Response	1	3221610	3669	1
PV	98	Picture	22	3249641	0	2	3154	3	0	3000
PV	98	Response	1	3253802	4161	1
PV	99	Picture	22	3288976	0	1	3154	2	0	3000
PV	99	Response	1	3292850	3874	2
PV	100	Picture	22	3323000	0	1	3153	2	0	3000
PV	100	Response	1	3326490	3490	1
PV	101	Picture	33	3360011	0	1	3153	3	0	3000
PV	102	Picture	22	3392375	0	1	3153	3	0	3000
PV	102	Response	1	3397159	4784	1
PV	103	Picture	33	3425901	0	1	3153	3	0	3000
PV	104	Picture	22	3465402	0	1	3153	2	0	3000
PV	104	Response	1	3470431	5029	2
PV	105	Picture	22	3496272	0	1	3153	3	0	3000
PV	105	Response	1	3499754	3482	1
PV	106	Picture	22	3529964	0	1	3153	2	0	3000
PV	106	Response	1	3533454	3490	1
PV	107	Picture	22	3566975	0	2	3154	3	0	3000
PV	107	Response	1	3570580	3605	1
PV	108	Picture	22	3597679	0	2	3154	3	0	3000
PV	108	Response	1	3601093	3414	1
PV	109	Picture	33	3635520	0	2	3154	3	0	3000
PV	110	Picture	22	3675187	0	2	3154	3	0	3000
PV	110	Response	1	3679653	4466	2
PV	111	Picture	33	3711866	0	2	3154	3	0	3000
PV	112	Picture	22	3751699	0	1	3154	2	0	3000
PV	112	Response	1	3755527	3828	1
PV	113	Picture	22	3789540	0	2	3154	3	0	3000
PV	113	Response	1	3794159	4619	1
PV	114	Picture	22	3823398	0	1	3153	3	0	3000
PV	114	Response	1	3827178	3780	1
PV	115	Picture	33	3862235	0	1	3153	2	0	3000
PV	115	Response	1	3865900	3665	1
PV	116	Picture	22	3893603	0	1	3154	2	0	3000
PV	116	Response	1	3897351	3748	1
PV	117	Picture	22	3931444	0	2	3154	3	0	3000
PV	117	Response	1	3935012	3568	1
PV	118	Picture	22	3971277	0	1	3153	2	0	3000
PV	118	Response	1	3975362	4085	1
PV	119	Picture	33	4006462	0	2	3154	3	0	3000
PV	120	Picture	22	4045797	0	2	3154	3	0	3000
PV	120	Response	1	4049753	3956	1
PV	121	Picture	22	4080651	0	1	3153	2	0	3000
PV	121	Response	1	4086588	5937	2
PV	122	Picture	22	4109530	0	1	3153	2	0	3000
PV	122	Response	1	4114314	4784	1
PV	123	Picture	22	4142060	0	1	3153	2	0	3000
PV	123	Response	1	4145232	3172	2
PV	124	Picture	22	4179901	0	1	3153	2	0	3000
PV	124	Response	1	4183864	3963	2
PV	125	Picture	22	4216580	0	1	3153	3	0	3000
PV	125	Response	1	4220842	4262	1
PV	126	Picture	22	4251600	0	1	3153	2	0	3000
PV	126	Response	1	4255987	4387	1
PV	127	Picture	33	4286619	0	1	3153	3	0	3000
PV	128	Picture	22	4322137	0	1	3153	2	0	3000
PV	128	Response	1	4327247	5110	2
PV	129	Picture	22	4358816	0	1	3153	2	0	3000
PV	129	Response	1	4364403	5587	2
PV	130	Picture	22	4396325	0	1	3153	3	0	3000
PV	130	Response	1	4400412	4087	1
PV	131	Picture	22	4426531	0	2	3154	3	0	3000
PV	131	Response	1	4430831	4300	1
PV	132	Picture	22	4459393	0	2	3154	3	0	3000
PV	132	Response	1	4463022	3629	1
PV	133	Picture	33	4497400	0	2	3154	3	0	3000
PV	134	Picture	22	4536901	0	1	3154	2	0	3000
PV	134	Response	1	4540931	4030	1
PV	135	Picture	22	4565614	0	1	3153	3	0	3000
PV	135	Response	1	4569901	4287	1
PV	136	Picture	22	4602293	0	1	3154	2	0	3000
PV	136	Response	1	4605607	3314	1
PV	137	Picture	22	4633827	0	2	3154	3	0	3000
PV	137	Response	1	4637587	3760	1
PV	138	Picture	22	4668847	0	1	3153	3	0	3000
PV	138	Response	1	4672701	3854	1
PV	139	Picture	33	4702207	0	1	3153	2	0	3000
PV	140	Picture	22	4731583	0	2	3154	3	0	3000
PV	140	Response	1	4735447	3864	2
PV	141	Picture	22	4764113	0	2	3154	3	0	3000
PV	141	Response	1	4769909	5796	1
PV	142	Picture	22	4800129	0	1	3153	3	0	3000
PV	142	Response	1	4804846	4717	94
PV	143	Picture	33	4839962	0	1	3153	2	0	3000
PV	144	Picture	22	4871496	0	1	3153	2	0	3000
PV	144	Response	1	4875182	3686	1
PV	145	Picture	22	4910333	0	1	3153	2	0	3000
PV	145	Response	1	4913578	3245	2
PV	146	Picture	22	4938548	0	1	3153	2	0	3000
PV	146	Response	1	4942190	3642	1
PV	147	Picture	33	4977550	0	2	3154	3	0	3000
PV	147	Response	1	4980354	2804	1
PV	148	Picture	22	5012570	0	1	3153	3	0	3000
PV	148	Response	1	5017183	4613	1
PV	149	Picture	22	5044934	0	1	3153	3	0	3000
PV	149	Response	1	5050648	5714	2
PV	150	Picture	22	5076800	0	1	3154	2	0	3000
PV	150	Response	1	5080269	3469	1
PV	151	Picture	22	5116799	0	1	3153	2	0	3000
PV	151	Response	1	5121471	4672	1
PV	152	Picture	22	5149993	0	1	3153	2	0	3000
PV	152	Response	1	5153926	3933	1
PV	153	Picture	22	5181195	0	1	3153	3	0	3000
PV	153	Response	1	5185082	3887	1
PV	154	Picture	22	5214555	0	1	3153	2	0	3000
PV	154	Response	1	5218479	3924	2
PV	155	Picture	33	5250902	0	2	3154	3	0	3000
PV	156	Response	1	5621919	335499	1
PV	158	Picture	22	5632134	0	2	3154	3	0	3000
PV	158	Response	1	5637106	4972	1
PV	159	Picture	22	5664664	0	2	3154	3	0	3000
PV	159	Response	1	5668883	4219	2
PV	160	Picture	22	5702008	0	1	3146	14	0	3000
PV	160	Response	1	5705562	3554	2
PV	161	Picture	22	5734040	0	1	3153	2	0	3000
PV	161	Response	1	5737515	3475	1
PV	162	Picture	22	5773374	0	2	3154	3	0	3000
PV	162	Response	1	5777295	3921	2
PV	163	Picture	22	5808228	0	1	3153	3	0	3000
PV	163	Response	1	5812229	4001	1
PV	164	Picture	22	5845073	0	2	3154	3	0	3000
PV	164	Response	1	5849202	4129	2
PV	165	Picture	33	5877271	0	2	3154	3	0	3000
PV	166	Picture	22	5906980	0	1	3153	2	0	3000
PV	166	Response	1	5911620	4640	1
PV	167	Picture	22	5945651	0	1	3153	2	0	3000
PV	167	Response	1	5950129	4478	1
PV	168	Picture	22	5974198	0	1	3153	2	0	3000
PV	168	Response	1	5978622	4424	1
PV	169	Picture	22	6009383	0	1	3154	2	0	3000
PV	169	Response	1	6013735	4352	1
PV	170	Picture	22	6038428	0	1	3153	2	0	3000
PV	170	Response	1	6041696	3268	1
PV	171	Picture	33	6073779	0	2	3154	3	0	3000
PV	172	Picture	22	6110625	0	1	3153	2	0	3000
PV	172	Response	1	6116342	5717	1
PV	173	Picture	22	6148964	0	1	3153	2	0	3000
PV	173	Response	1	6155527	6563	1
PV	174	Picture	22	6185809	0	1	3153	2	0	3000
PV	174	Response	1	6190073	4264	1
PV	175	Picture	22	6220330	0	2	3154	3	0	3000
PV	175	Response	1	6224234	3904	2
PV	176	Picture	22	6254188	0	2	3154	3	0	3000
PV	176	Response	1	6258461	4273	1
PV	177	Picture	22	6291199	0	2	3154	3	0	3000
PV	177	Response	1	6295903	4704	1
PV	178	Picture	22	6323398	0	1	3153	2	0	3000
PV	178	Response	1	6329558	6160	1
PV	179	Picture	33	6356757	0	2	3154	3	0	3000
PV	180	Picture	22	6387794	0	1	3153	2	0	3000
PV	180	Response	1	6391721	3927	2
PV	181	Picture	22	6423145	0	2	3154	3	0	3000
PV	181	Response	1	6426886	3741	1
PV	182	Picture	22	6457501	0	1	3153	3	0	3000
PV	182	Response	1	6462692	5191	1
PV	183	Picture	22	6485716	0	1	3153	2	0	3000
PV	183	Response	1	6490403	4687	1
PV	184	Picture	22	6524055	0	1	3153	2	0	3000
PV	184	Response	1	6528186	4131	2
PV	185	Picture	33	6558244	0	2	3154	3	0	3000
PV	186	Picture	22	6592932	0	1	3154	2	0	3000
PV	186	Response	1	6596599	3667	1
PV	187	Picture	22	6630275	0	2	3154	3	0	3000
PV	187	Response	1	6634235	3960	2
PV	188	Picture	22	6664299	0	1	3153	3	0	3000
PV	188	Response	1	6667998	3699	2
PV	189	Picture	22	6700812	0	2	3154	3	0	3000
PV	189	Response	1	6704185	3373	2
PV	190	Picture	22	6740645	0	1	3153	3	0	3000
PV	190	Response	1	6746251	5606	1
PV	191	Picture	33	6775333	0	1	3153	2	0	3000
PV	192	Picture	22	6810186	0	1	3154	2	0	3000
PV	192	Response	1	6814866	4680	1
PV	193	Picture	22	6842384	0	2	3154	3	0	3000
PV	193	Response	1	6846830	4446	1
PV	194	Picture	22	6880889	0	2	3154	3	0	3000
PV	194	Response	1	6885881	4992	1
PV	195	Picture	22	6917569	0	1	3153	2	0	3000
PV	195	Response	1	6921979	4410	1
PV	196	Picture	22	6955410	0	1	3153	2	0	3000
PV	196	Response	1	6961445	6035	1
PV	197	Picture	33	6990595	0	1	3154	2	0	3000
PV	198	Picture	22	7022959	0	1	3154	2	0	3000
PV	198	Response	1	7027431	4472	1
PV	199	Picture	22	7062294	0	1	3153	3	0	3000
PV	199	Response	1	7066007	3713	1
PV	200	Picture	22	7091671	0	1	3153	2	0	3000
PV	200	Response	1	7095459	3788	2
PV	201	Picture	22	7124699	0	1	3153	2	0	3000
PV	201	Response	1	7129427	4728	1
PV	202	Picture	22	7164531	0	2	3154	3	0	3000
PV	202	Response	1	7168119	3588	1
PV	203	Picture	33	7201045	0	1	3153	2	0	3000
PV	203	Response	1	7205660	4615	1
PV	204	Picture	22	7240545	0	2	3154	3	0	3000
PV	204	Response	1	7244027	3482	1
PV	205	Picture	22	7268926	0	1	3153	3	0	3000
PV	205	Response	1	7273953	5027	2
PV	206	Picture	22	7303614	0	1	3153	2	0	3000
PV	206	Response	1	7307152	3538	2
PV	207	Picture	33	7336808	0	1	3153	2	0	3000
PV	208	Picture	22	7375479	0	1	3153	2	0	3000
PV	208	Response	1	7379488	4009	1
PV	209	Picture	22	7408009	0	1	3153	2	0	3000
PV	209	Response	1	7412393	4384	1
PV	210	Picture	22	7438215	0	1	3153	3	0	3000
PV	210	Response	1	7441753	3538	1
PV	211	Picture	22	7476388	0	1	3153	3	0	3000
PV	211	Response	1	7479766	3378	1
PV	212	Picture	22	7509084	0	1	3153	3	0	3000
PV	212	Response	1	7512496	3412	1
PV	213	Picture	33	7538295	0	1	3153	2	0	3000
PV	213	Response	1	7542151	3856	1
PV	214	Picture	22	7569331	0	1	3153	3	0	3000
PV	214	Response	1	7573458	4127	2
PV	215	Picture	22	7607172	0	1	3153	3	0	3000
PV	215	Response	1	7610915	3743	1
PV	216	Picture	22	7643519	0	2	3154	3	0	3000
PV	216	Response	1	7648961	5442	1
PV	217	Picture	22	7683020	0	1	3154	2	0	3000
PV	217	Response	1	7688071	5051	1
PV	218	Picture	22	7714222	0	2	3154	3	0	3000
PV	218	Response	1	7717907	3685	1
PV	219	Picture	33	7749408	0	1	3153	3	0	3000
PV	220	Picture	22	7781938	0	1	3153	3	0	3000
PV	220	Response	1	7787467	5529	1
PV	221	Picture	22	7810817	0	1	3153	2	0	3000
PV	221	Response	1	7814736	3919	1
PV	222	Picture	22	7844011	0	1	3153	2	0	3000
PV	222	Response	1	7848356	4345	1
PV	223	Picture	22	7876375	0	1	3153	2	0	3000
PV	223	Response	1	7879904	3529	2
PV	224	Picture	22	7913220	0	1	3153	2	0	3000
PV	224	Response	1	7918071	4851	1
PV	225	Picture	22	7950563	0	1	3153	3	0	3000
PV	225	Response	1	7954820	4257	89
PV	226	Picture	22	7985583	0	1	3153	2	0	3000
PV	226	Response	1	7989473	3890	1
PV	227	Picture	33	8018113	0	1	3153	2	0	3000
PV	228	Picture	22	8050311	0	1	3153	2	0	3000
PV	228	Response	1	8053481	3170	1
PV	229	Picture	22	8089314	0	1	3153	2	0	3000
PV	229	Response	1	8093034	3720	2
PV	230	Picture	22	8124997	0	1	3153	3	0	3000
PV	230	Response	1	8127980	2983	1
PV	231	Picture	33	8158689	0	1	3153	2	0	3000
PV	231	Response	1	8162601	3912	1
PV	232	Picture	22	8196198	0	1	3153	3	0	3000
PV	232	Response	1	8200643	4445	2
PV	233	Picture	33	8235035	0	1	3153	2	0	3000
PV	234	Picture	22	8272212	0	1	3153	3	0	3000
PV	234	Response	1	8276139	3927	1
PV	235	Picture	22	8302253	0	1	3153	2	0	3000
PV	235	Response	1	8306802	4549	1
PV	236	Picture	22	8333953	0	1	3153	2	0	3000
PV	236	Response	1	8338262	4309	1
PV	237	Picture	33	8363163	0	2	3154	3	0	3000
PV	238	Picture	22	8394863	0	2	3154	3	0	3000
PV	238	Response	1	8398928	4065	1
PV	239	Picture	22	8431709	0	1	3153	2	0	3000
PV	239	Response	1	8436886	5177	1
PV	240	Picture	22	8465235	0	1	3153	2	0	3000
PV	240	Response	1	8469584	4349	1
PV	241	Picture	22	8500254	0	1	3154	2	0	3000
PV	241	Response	1	8504969	4715	1
PV	242	Picture	22	8537597	0	2	3154	3	0	3000
PV	242	Response	1	8541837	4240	1
PV	243	Picture	33	8572783	0	1	3153	2	0	3000
PV	244	Picture	22	8607968	0	2	3154	3	0	3000
PV	244	Response	1	8612076	4108	1
PV	245	Picture	33	8639337	0	1	3153	2	0	3000
PV	246	Picture	22	8675850	0	1	3153	3	0	3000
PV	246	Response	1	8681345	5495	1
PV	247	Picture	22	8707384	0	1	3154	2	0	3000
PV	247	Response	1	8711244	3860	2
PV	248	Picture	22	8737259	0	1	3153	2	0	3000
PV	248	Response	1	8740813	3554	2
PV	249	Picture	33	8772278	0	2	3154	3	0	3000
PV	250	Picture	22	8803315	0	1	3153	2	0	3000
PV	250	Response	1	8808009	4694	1
PV	251	Picture	22	8838832	0	2	3153	4	0	3000
PV	251	Response	1	8842633	3801	2
PV	252	Picture	22	8868873	0	1	3153	2	0	3000
PV	252	Response	1	8871725	2852	2
PV	253	Picture	22	8907377	0	2	3154	3	0	3000
PV	253	Response	1	8911099	3722	2
PV	254	Picture	22	8943393	0	1	3153	2	0	3000
PV	254	Response	1	8948786	5393	1
PV	255	Picture	33	8973267	0	2	3154	3	0	3000
PV	256	Picture	22	9012270	0	2	3154	3	0	3000
PV	256	Response	1	9015622	3352	1
PV	257	Picture	22	9043639	0	1	3153	2	0	3000
PV	257	Response	1	9048555	4916	2
PV	258	Picture	22	9079820	0	1	3153	2	0	3000
PV	258	Response	1	9084441	4621	2
PV	259	Picture	22	9114673	0	2	3154	3	0	3000
PV	259	Response	1	9118736	4063	2
PV	260	Picture	22	9152680	0	2	3154	3	0	3000
PV	260	Response	1	9158111	5431	1
PV	261	Picture	33	9186538	0	2	3154	3	0	3000
PV	262	Picture	22	9222720	0	1	3153	2	0	3000
PV	262	Response	1	9228349	5629	1
PV	263	Picture	22	9255582	0	1	3153	2	0	3000
PV	263	Response	1	9259599	4017	1
PV	264	Picture	22	9285124	0	1	3154	2	0	3000
PV	264	Response	1	9289460	4336	1
PV	265	Picture	33	9324957	0	1	3153	2	0	3000
PV	266	Picture	22	9353670	0	1	3153	2	0	3000
PV	266	Response	1	9358103	4433	2
PV	267	Picture	22	9391179	0	1	3153	2	0	3000
PV	267	Response	1	9395736	4557	1
PV	268	Picture	22	9429186	0	1	3153	2	0	3000
PV	268	Response	1	9434100	4914	2
PV	269	Picture	33	9464869	0	1	3154	2	0	3000
PV	270	Picture	22	9498229	0	1	3153	3	0	3000
PV	270	Response	1	9503332	5103	1
PV	271	Picture	22	9536236	0	1	3154	2	0	3000
PV	271	Response	1	9539605	3369	1
PV	272	Picture	22	9568600	0	1	3154	2	0	3000
PV	272	Response	1	9571774	3174	1
PV	273	Picture	33	9604948	0	1	3153	2	0	3000
PV	274	Picture	22	9642623	0	1	3153	2	0	3000
PV	274	Response	1	9646558	3935	2
PV	275	Picture	22	9680298	0	1	3153	2	0	3000
PV	275	Response	1	9684806	4508	2
PV	276	Picture	22	9717641	0	1	3153	2	0	3000
PV	276	Response	1	9722200	4559	1
PV	277	Picture	22	9749009	0	1	3153	3	0	3000
PV	277	Response	1	9752859	3850	1
PV	278	Picture	22	9785688	0	2	3154	3	0	3000
PV	278	Response	1	9790250	4562	1
PV	279	Picture	33	9823363	0	2	3154	3	0	3000
PV	280	Picture	22	9859213	0	1	3153	2	0	3000
PV	280	Response	1	9863789	4576	2
PV	281	Picture	22	9894066	0	2	3154	3	0	3000
PV	281	Response	1	9898169	4103	1
PV	282	Picture	22	9923941	0	1	3153	3	0	3000
PV	282	Response	1	9927820	3879	2
PV	283	Picture	22	9958463	0	1	3153	2	0	3000
PV	283	Response	1	9962496	4033	1
PV	284	Picture	22	9987839	0	2	3154	3	0	3000
PV	284	Response	1	9992564	4725	1
PV	285	Picture	33	10017548	0	1	3153	2	0	3000
PV	286	Picture	22	10055389	0	1	3153	2	0	3000
PV	286	Response	1	10060063	4674	1
PV	287	Picture	22	10090242	0	2	3154	3	0	3000
PV	287	Response	1	10097285	7043	2
PV	288	Picture	22	10127420	0	1	3153	2	0	3000
PV	288	Response	1	10131822	4402	2
PV	289	Picture	33	10158622	0	1	3153	3	0	3000
PV	289	Response	1	10163164	4542	1
PV	290	Picture	22	10187335	0	1	3153	2	0	3000
PV	290	Response	1	10192898	5563	1
PV	291	Picture	22	10218537	0	1	3153	2	0	3000
PV	291	Response	1	10223200	4663	1
PV	292	Picture	22	10254718	0	2	3154	3	0	3000
PV	292	Response	1	10259145	4427	2
PV	293	Picture	33	10287746	0	2	3154	3	0	3000
PV	294	Picture	22	10317621	0	1	3153	2	0	3000
PV	294	Response	1	10321554	3933	1
PV	295	Picture	22	10356790	0	1	3153	2	0	3000
PV	295	Response	1	10360012	3222	2
PV	296	Picture	22	10392307	0	1	3154	2	0	3000
PV	296	Response	1	10395817	3510	1
PV	297	Picture	22	10425667	0	1	3153	3	0	3000
PV	297	Response	1	10428777	3110	2
PV	298	Picture	22	10461682	0	2	3154	3	0	3000
PV	298	Response	1	10464812	3130	1
PV	299	Picture	22	10499523	0	2	3154	3	0	3000
PV	299	Response	1	10503768	4245	2
PV	300	Picture	22	10539522	0	1	3153	3	0	3000
PV	300	Response	1	10542695	3173	1
PV	301	Picture	33	10570226	0	2	3154	3	0	3000
PV	302	Picture	22	10603254	0	2	3154	3	0	3000
PV	302	Response	1	10606162	2908	10
PV	303	Picture	22	10634457	0	1	3153	2	0	3000
PV	303	Response	1	10637769	3312	1
PV	304	Picture	22	10663999	0	2	3154	3	0	3000
PV	304	Response	1	10667749	3750	1
PV	305	Picture	33	10695201	0	2	3154	3	0	3000


Event Type	Code	Type	Response	RT	RT Uncertainty	Time	Uncertainty	Duration	Uncertainty	ReqTime	ReqDur

Picture	22	hit	1	4743	3	289	2	3154	3	0	3000
Picture	22	hit	1	3488	2	29666	1	3153	3	0	3000
Picture	22	hit	1	3460	3	66511	2	3154	3	0	3000
Picture	33	miss				95058	1	3153	3	0	3000
Picture	22	hit	1	3464	3	124269	1	3153	2	0	3000
Picture	22	hit	1	3480	3	158624	2	3154	3	0	3000
Picture	22	hit	1	4150	2	190159	1	3153	2	0	3000
Picture	22	hit	1	4210	3	224846	2	3154	3	0	3000
Picture	22	hit	1	4083	2	257708	1	3154	2	0	3000
Picture	22	hit	1	4054	2	295715	1	3154	2	0	3000
Picture	22	hit	1	3636	2	329407	1	3153	3	0	3000
Picture	33	miss				362767	1	3153	2	0	3000
Picture	22	hit	1	2946	3	392641	2	3154	3	0	3000
Picture	22	hit	1	2952	3	422682	1	3153	3	0	3000
Picture	22	hit	1	3521	2	462515	1	3153	2	0	3000
Picture	22	hit	1	3602	2	492223	1	3154	2	0	3000
Picture	22	hit	1	4527	3	530230	1	3154	2	0	3000
Picture	33	miss				563424	1	3154	2	0	3000
Picture	22	hit	1	3226	3	594792	2	3154	3	0	3000
Picture	22	hit	1	3492	2	623339	1	3153	3	0	3000
Picture	22	hit	1	4538	2	652550	1	3153	2	0	3000
Picture	22	hit	1	4121	3	691054	2	3154	3	0	3000
Picture	22	hit	1	3944	3	724414	2	3154	3	0	3000
Picture	33	miss				754289	1	3153	3	0	3000
Picture	22	hit	1	3349	2	782670	1	3153	2	0	3000
Picture	33	miss				821009	1	3153	2	0	3000
Picture	22	hit	1	3594	3	856526	2	3154	3	0	3000
Picture	22	hit	1	3572	2	891712	1	3153	2	0	3000
Picture	22	hit	1	3914	2	930051	1	3153	2	0	3000
Picture	22	hit	1	3555	2	968058	1	3153	2	0	3000
Picture	22	hit	1	4718	2	996439	1	3153	2	0	3000
Picture	33	miss				1028305	1	3153	2	0	3000
Picture	22	hit	1	3650	3	1066810	1	3153	2	0	3000
Picture	33	miss				1102991	1	3153	3	0	3000
Picture	22	hit	1	3962	4	1139172	2	3154	3	0	3000
Picture	22	hit	1	4294	3	1176516	1	3153	2	0	3000
Picture	22	hit	1	4429	2	1211867	1	3153	3	0	3000
Picture	22	hit	1	3306	2	1250870	1	3153	3	0	3000
Picture	22	hit	1	4858	2	1285392	1	3153	2	0	3000
Picture	33	miss				1318917	2	3154	3	0	3000
Picture	22	hit	1	4496	3	1358418	2	3154	3	0	3000
Picture	22	hit	1	3109	2	1389289	1	3153	2	0	3000
Picture	22	hit	1	3207	2	1424640	1	3153	3	0	3000
Picture	22	hit	1	3199	2	1462647	1	3153	3	0	3000
Picture	22	hit	1	4103	2	1490696	1	3153	3	0	3000
Picture	22	hit	1	3762	2	1528205	1	3153	3	0	3000
Picture	22	hit	1	4034	3	1557416	1	3153	2	0	3000
Picture	33	miss				1592269	2	3154	3	0	3000
Picture	22	hit	1	3365	3	1624633	2	3154	3	0	3000
Picture	22	hit	1	3841	2	1656002	1	3153	2	0	3000
Picture	22	hit	1	3253	2	1688200	1	3153	2	0	3000
Picture	22	hit	1	4089	3	1725211	1	3153	2	0	3000
Picture	22	hit	1	3261	2	1764712	1	3153	2	0	3000
Picture	22	hit	1	4173	3	1796412	1	3153	2	0	3000
Picture	22	hit	1	3671	2	1828610	1	3153	2	0	3000
Picture	33	hit	1	4035	2	1863132	1	3153	2	0	3000
Picture	22	hit	1	4135	2	1900309	1	3153	2	0	3000
Picture	22	hit	1	4578	4	1930847	2	3154	3	0	3000
Picture	22	hit	1	3669	3	1960556	1	3153	2	0	3000
Picture	22	hit	1	3247	3	1989103	1	3153	2	0	3000
Picture	22	hit	1	4015	3	2027275	2	3154	3	0	3000
Picture	22	hit	1	4653	2	2064453	1	3153	2	0	3000
Picture	22	hit	1	4250	71	2100966	1	3153	3	0	3000
Picture	33	miss				2137645	2	3154	3	0	3000
Picture	22	hit	1	3477	2	2172997	1	3153	2	0	3000
Picture	33	miss				2202373	2	3154	3	0	3000
Picture	22	hit	1	3253	2	2231750	1	3153	3	0	3000
Picture	22	hit	1	4668	2	2260463	1	3153	2	0	3000
Picture	22	hit	1	3119	4	2300295	2	3154	3	0	3000
Picture	22	hit	1	4254	3	2329672	1	3153	3	0	3000
Picture	22	hit	1	4263	3	2367679	1	3153	3	0	3000
Picture	22	hit	1	4731	2	2397720	1	3153	2	0	3000
Picture	22	hit	1	3725	4	2432075	2	3154	3	0	3000
Picture	33	miss				2471576	1	3153	3	0	3000
Picture	22	hit	1	3600	4	2507425	2	3154	3	0	3000
Picture	22	hit	1	3937	2	2544105	1	3153	2	0	3000
Picture	22	hit	1	4529	2	2573813	1	3154	2	0	3000
Picture	33	miss				2603190	1	3153	2	0	3000
Picture	22	hit	1	2801	3	2632234	2	3154	3	0	3000
Picture	22	hit	1	3945	2	2671735	1	3154	2	0	3000
Picture	22	hit	1	4517	4	2709742	2	3154	3	0	3000
Picture	33	miss				2740115	1	3153	2	0	3000
Picture	22	hit	1	3403	4	2769823	2	3154	3	0	3000
Picture	33	miss				2803017	1	3154	2	0	3000
Picture	22	hit	1	3939	2	2842352	1	3153	3	0	3000
Picture	33	miss				2877538	1	3153	2	0	3000
Picture	22	hit	1	4453	2	2912723	1	3153	3	0	3000
Picture	22	hit	1	4159	4	2943759	2	3154	3	0	3000
Picture	22	hit	1	5161	3	2976455	2	3154	3	0	3000
Picture	22	hit	1	3615	2	3011641	1	3153	2	0	3000
Picture	22	hit	1	4482	2	3048818	1	3153	3	0	3000
Picture	33	miss				3082012	1	3153	3	0	3000
Picture	22	hit	1	5450	3	3116036	1	3153	2	0	3000
Picture	22	hit	1	4359	2	3152217	1	3154	2	0	3000
Picture	22	hit	1	3992	2	3184747	1	3154	2	0	3000
Picture	22	hit	1	3669	2	3217941	1	3153	3	0	3000
Picture	22	hit	1	4161	3	3249641	2	3154	3	0	3000
Picture	22	hit	1	3874	3	3288976	1	3154	2	0	3000
Picture	22	hit	1	3490	2	3323000	1	3153	2	0	3000
Picture	33	miss				3360011	1	3153	3	0	3000
Picture	22	hit	1	4784	2	3392375	1	3153	3	0	3000
Picture	33	miss				3425901	1	3153	3	0	3000
Picture	22	hit	1	5029	3	3465402	1	3153	2	0	3000
Picture	22	hit	1	3482	2	3496272	1	3153	3	0	3000
Picture	22	hit	1	3490	2	3529964	1	3153	2	0	3000
Picture	22	hit	1	3605	3	3566975	2	3154	3	0	3000
Picture	22	hit	1	3414	3	3597679	2	3154	3	0	3000
Picture	33	miss				3635520	2	3154	3	0	3000
Picture	22	hit	1	4466	4	3675187	2	3154	3	0	3000
Picture	33	miss				3711866	2	3154	3	0	3000
Picture	22	hit	1	3828	2	3751699	1	3154	2	0	3000
Picture	22	hit	1	4619	3	3789540	2	3154	3	0	3000
Picture	22	hit	1	3780	2	3823398	1	3153	3	0	3000
Picture	33	hit	1	3665	2	3862235	1	3153	2	0	3000
Picture	22	hit	1	3748	2	3893603	1	3154	2	0	3000
Picture	22	hit	1	3568	3	3931444	2	3154	3	0	3000
Picture	22	hit	1	4085	2	3971277	1	3153	2	0	3000
Picture	33	miss				4006462	2	3154	3	0	3000
Picture	22	hit	1	3956	3	4045797	2	3154	3	0	3000
Picture	22	hit	1	5937	3	4080651	1	3153	2	0	3000
Picture	22	hit	1	4784	2	4109530	1	3153	2	0	3000
Picture	22	hit	1	3172	3	4142060	1	3153	2	0	3000
Picture	22	hit	1	3963	3	4179901	1	3153	2	0	3000
Picture	22	hit	1	4262	2	4216580	1	3153	3	0	3000
Picture	22	hit	1	4387	2	4251600	1	3153	2	0	3000
Picture	33	miss				4286619	1	3153	3	0	3000
Picture	22	hit	1	5110	3	4322137	1	3153	2	0	3000
Picture	22	hit	1	5587	3	4358816	1	3153	2	0	3000
Picture	22	hit	1	4087	2	4396325	1	3153	3	0	3000
Picture	22	hit	1	4300	3	4426531	2	3154	3	0	3000
Picture	22	hit	1	3629	3	4459393	2	3154	3	0	3000
Picture	33	miss				4497400	2	3154	3	0	3000
Picture	22	hit	1	4030	2	4536901	1	3154	2	0	3000
Picture	22	hit	1	4287	2	4565614	1	3153	3	0	3000
Picture	22	hit	1	3314	2	4602293	1	3154	2	0	3000
Picture	22	hit	1	3760	3	4633827	2	3154	3	0	3000
Picture	22	hit	1	3854	2	4668847	1	3153	3	0	3000
Picture	33	miss				4702207	1	3153	2	0	3000
Picture	22	hit	1	3864	4	4731583	2	3154	3	0	3000
Picture	22	hit	1	5796	3	4764113	2	3154	3	0	3000
Picture	22	hit	1	4717	95	4800129	1	3153	3	0	3000
Picture	33	miss				4839962	1	3153	2	0	3000
Picture	22	hit	1	3686	2	4871496	1	3153	2	0	3000
Picture	22	hit	1	3245	3	4910333	1	3153	2	0	3000
Picture	22	hit	1	3642	2	4938548	1	3153	2	0	3000
Picture	33	hit	1	2804	3	4977550	2	3154	3	0	3000
Picture	22	hit	1	4613	2	5012570	1	3153	3	0	3000
Picture	22	hit	1	5714	3	5044934	1	3153	3	0	3000
Picture	22	hit	1	3469	2	5076800	1	3154	2	0	3000
Picture	22	hit	1	4672	2	5116799	1	3153	2	0	3000
Picture	22	hit	1	3933	2	5149993	1	3153	2	0	3000
Picture	22	hit	1	3887	2	5181195	1	3153	3	0	3000
Picture	22	hit	1	3924	3	5214555	1	3153	2	0	3000
Picture	33	miss				5250902	2	3154	3	0	3000
Picture	22	hit	1	4972	3	5632134	2	3154	3	0	3000
Picture	22	hit	1	4219	4	5664664	2	3154	3	0	3000
Picture	22	hit	1	3554	3	5702008	1	3146	14	0	3000
Picture	22	hit	1	3475	2	5734040	1	3153	2	0	3000
Picture	22	hit	1	3921	4	5773374	2	3154	3	0	3000
Picture	22	hit	1	4001	2	5808228	1	3153	3	0	3000
Picture	22	hit	1	4129	4	5845073	2	3154	3	0	3000
Picture	33	miss				5877271	2	3154	3	0	3000
Picture	22	hit	1	4640	2	5906980	1	3153	2	0	3000
Picture	22	hit	1	4478	2	5945651	1	3153	2	0	3000
Picture	22	hit	1	4424	2	5974198	1	3153	2	0	3000
Picture	22	hit	1	4352	2	6009383	1	3154	2	0	3000
Picture	22	hit	1	3268	2	6038428	1	3153	2	0	3000
Picture	33	miss				6073779	2	3154	3	0	3000
Picture	22	hit	1	5717	2	6110625	1	3153	2	0	3000
Picture	22	hit	1	6563	2	6148964	1	3153	2	0	3000
Picture	22	hit	1	4264	2	6185809	1	3153	2	0	3000
Picture	22	hit	1	3904	4	6220330	2	3154	3	0	3000
Picture	22	hit	1	4273	3	6254188	2	3154	3	0	3000
Picture	22	hit	1	4704	3	6291199	2	3154	3	0	3000
Picture	22	hit	1	6160	2	6323398	1	3153	2	0	3000
Picture	33	miss				6356757	2	3154	3	0	3000
Picture	22	hit	1	3927	3	6387794	1	3153	2	0	3000
Picture	22	hit	1	3741	3	6423145	2	3154	3	0	3000
Picture	22	hit	1	5191	2	6457501	1	3153	3	0	3000
Picture	22	hit	1	4687	2	6485716	1	3153	2	0	3000
Picture	22	hit	1	4131	3	6524055	1	3153	2	0	3000
Picture	33	miss				6558244	2	3154	3	0	3000
Picture	22	hit	1	3667	2	6592932	1	3154	2	0	3000
Picture	22	hit	1	3960	4	6630275	2	3154	3	0	3000
Picture	22	hit	1	3699	3	6664299	1	3153	3	0	3000
Picture	22	hit	1	3373	4	6700812	2	3154	3	0	3000
Picture	22	hit	1	5606	2	6740645	1	3153	3	0	3000
Picture	33	miss				6775333	1	3153	2	0	3000
Picture	22	hit	1	4680	2	6810186	1	3154	2	0	3000
Picture	22	hit	1	4446	3	6842384	2	3154	3	0	3000
Picture	22	hit	1	4992	3	6880889	2	3154	3	0	3000
Picture	22	hit	1	4410	2	6917569	1	3153	2	0	3000
Picture	22	hit	1	6035	2	6955410	1	3153	2	0	3000
Picture	33	miss				6990595	1	3154	2	0	3000
Picture	22	hit	1	4472	2	7022959	1	3154	2	0	3000
Picture	22	hit	1	3713	2	7062294	1	3153	3	0	3000
Picture	22	hit	1	3788	3	7091671	1	3153	2	0	3000
Picture	22	hit	1	4728	2	7124699	1	3153	2	0	3000
Picture	22	hit	1	3588	3	7164531	2	3154	3	0	3000
Picture	33	hit	1	4615	2	7201045	1	3153	2	0	3000
Picture	22	hit	1	3482	3	7240545	2	3154	3	0	3000
Picture	22	hit	1	5027	3	7268926	1	3153	3	0	3000
Picture	22	hit	1	3538	3	7303614	1	3153	2	0	3000
Picture	33	miss				7336808	1	3153	2	0	3000
Picture	22	hit	1	4009	2	7375479	1	3153	2	0	3000
Picture	22	hit	1	4384	2	7408009	1	3153	2	0	3000
Picture	22	hit	1	3538	2	7438215	1	3153	3	0	3000
Picture	22	hit	1	3378	2	7476388	1	3153	3	0	3000
Picture	22	hit	1	3412	2	7509084	1	3153	3	0	3000
Picture	33	hit	1	3856	2	7538295	1	3153	2	0	3000
Picture	22	hit	1	4127	3	7569331	1	3153	3	0	3000
Picture	22	hit	1	3743	2	7607172	1	3153	3	0	3000
Picture	22	hit	1	5442	3	7643519	2	3154	3	0	3000
Picture	22	hit	1	5051	2	7683020	1	3154	2	0	3000
Picture	22	hit	1	3685	3	7714222	2	3154	3	0	3000
Picture	33	miss				7749408	1	3153	3	0	3000
Picture	22	hit	1	5529	2	7781938	1	3153	3	0	3000
Picture	22	hit	1	3919	2	7810817	1	3153	2	0	3000
Picture	22	hit	1	4345	2	7844011	1	3153	2	0	3000
Picture	22	hit	1	3529	3	7876375	1	3153	2	0	3000
Picture	22	hit	1	4851	2	7913220	1	3153	2	0	3000
Picture	22	hit	1	4257	90	7950563	1	3153	3	0	3000
Picture	22	hit	1	3890	2	7985583	1	3153	2	0	3000
Picture	33	miss				8018113	1	3153	2	0	3000
Picture	22	hit	1	3170	2	8050311	1	3153	2	0	3000
Picture	22	hit	1	3720	3	8089314	1	3153	2	0	3000
Picture	22	hit	1	2983	2	8124997	1	3153	3	0	3000
Picture	33	hit	1	3912	2	8158689	1	3153	2	0	3000
Picture	22	hit	1	4445	3	8196198	1	3153	3	0	3000
Picture	33	miss				8235035	1	3153	2	0	3000
Picture	22	hit	1	3927	2	8272212	1	3153	3	0	3000
Picture	22	hit	1	4549	2	8302253	1	3153	2	0	3000
Picture	22	hit	1	4309	2	8333953	1	3153	2	0	3000
Picture	33	miss				8363163	2	3154	3	0	3000
Picture	22	hit	1	4065	3	8394863	2	3154	3	0	3000
Picture	22	hit	1	5177	2	8431709	1	3153	2	0	3000
Picture	22	hit	1	4349	2	8465235	1	3153	2	0	3000
Picture	22	hit	1	4715	2	8500254	1	3154	2	0	3000
Picture	22	hit	1	4240	3	8537597	2	3154	3	0	3000
Picture	33	miss				8572783	1	3153	2	0	3000
Picture	22	hit	1	4108	3	8607968	2	3154	3	0	3000
Picture	33	miss				8639337	1	3153	2	0	3000
Picture	22	hit	1	5495	2	8675850	1	3153	3	0	3000
Picture	22	hit	1	3860	3	8707384	1	3154	2	0	3000
Picture	22	hit	1	3554	3	8737259	1	3153	2	0	3000
Picture	33	miss				8772278	2	3154	3	0	3000
Picture	22	hit	1	4694	2	8803315	1	3153	2	0	3000
Picture	22	hit	1	3801	4	8838832	2	3153	4	0	3000
Picture	22	hit	1	2852	3	8868873	1	3153	2	0	3000
Picture	22	hit	1	3722	4	8907377	2	3154	3	0	3000
Picture	22	hit	1	5393	2	8943393	1	3153	2	0	3000
Picture	33	miss				8973267	2	3154	3	0	3000
Picture	22	hit	1	3352	3	9012270	2	3154	3	0	3000
Picture	22	hit	1	4916	3	9043639	1	3153	2	0	3000
Picture	22	hit	1	4621	3	9079820	1	3153	2	0	3000
Picture	22	hit	1	4063	4	9114673	2	3154	3	0	3000
Picture	22	hit	1	5431	3	9152680	2	3154	3	0	3000
Picture	33	miss				9186538	2	3154	3	0	3000
Picture	22	hit	1	5629	2	9222720	1	3153	2	0	3000
Picture	22	hit	1	4017	2	9255582	1	3153	2	0	3000
Picture	22	hit	1	4336	2	9285124	1	3154	2	0	3000
Picture	33	miss				9324957	1	3153	2	0	3000
Picture	22	hit	1	4433	3	9353670	1	3153	2	0	3000
Picture	22	hit	1	4557	2	9391179	1	3153	2	0	3000
Picture	22	hit	1	4914	3	9429186	1	3153	2	0	3000
Picture	33	miss				9464869	1	3154	2	0	3000
Picture	22	hit	1	5103	2	9498229	1	3153	3	0	3000
Picture	22	hit	1	3369	2	9536236	1	3154	2	0	3000
Picture	22	hit	1	3174	2	9568600	1	3154	2	0	3000
Picture	33	miss				9604948	1	3153	2	0	3000
Picture	22	hit	1	3935	3	9642623	1	3153	2	0	3000
Picture	22	hit	1	4508	3	9680298	1	3153	2	0	3000
Picture	22	hit	1	4559	2	9717641	1	3153	2	0	3000
Picture	22	hit	1	3850	2	9749009	1	3153	3	0	3000
Picture	22	hit	1	4562	3	9785688	2	3154	3	0	3000
Picture	33	miss				9823363	2	3154	3	0	3000
Picture	22	hit	1	4576	3	9859213	1	3153	2	0	3000
Picture	22	hit	1	4103	3	9894066	2	3154	3	0	3000
Picture	22	hit	1	3879	3	9923941	1	3153	3	0	3000
Picture	22	hit	1	4033	2	9958463	1	3153	2	0	3000
Picture	22	hit	1	4725	3	9987839	2	3154	3	0	3000
Picture	33	miss				10017548	1	3153	2	0	3000
Picture	22	hit	1	4674	2	10055389	1	3153	2	0	3000
Picture	22	hit	1	7043	4	10090242	2	3154	3	0	3000
Picture	22	hit	1	4402	3	10127420	1	3153	2	0	3000
Picture	33	hit	1	4542	2	10158622	1	3153	3	0	3000
Picture	22	hit	1	5563	2	10187335	1	3153	2	0	3000
Picture	22	hit	1	4663	2	10218537	1	3153	2	0	3000
Picture	22	hit	1	4427	4	10254718	2	3154	3	0	3000
Picture	33	miss				10287746	2	3154	3	0	3000
Picture	22	hit	1	3933	2	10317621	1	3153	2	0	3000
Picture	22	hit	1	3222	3	10356790	1	3153	2	0	3000
Picture	22	hit	1	3510	2	10392307	1	3154	2	0	3000
Picture	22	hit	1	3110	3	10425667	1	3153	3	0	3000
Picture	22	hit	1	3130	3	10461682	2	3154	3	0	3000
Picture	22	hit	1	4245	4	10499523	2	3154	3	0	3000
Picture	22	hit	1	3173	2	10539522	1	3153	3	0	3000
Picture	33	miss				10570226	2	3154	3	0	3000
Picture	22	hit	1	2908	12	10603254	2	3154	3	0	3000
Picture	22	hit	1	3312	2	10634457	1	3153	2	0	3000
Picture	22	hit	1	3750	3	10663999	2	3154	3	0	3000
Picture	33	miss				10695201	2	3154	3	0	3000
