Scenario - GO/NO-GO
Logfile written - 05/10/2011 16:20:02

Subject	Trial	Event Type	Code	Time	TTime	Uncertainty	Duration	Uncertainty	ReqTime	ReqDur

PV	2	Picture	22	289	0	2	3154	3	0	3000
PV	2	Response	1	7156	6867	1
PV	3	Picture	33	11243	0	2	3154	3	0	3000
PV	4	Picture	22	20870	0	1	3153	2	0	3000
PV	4	Response	1	24050	3180	2
PV	5	Picture	22	29998	0	1	3153	3	0	3000
PV	5	Response	1	34657	4659	1
PV	6	Picture	22	39790	0	1	3154	2	0	3000
PV	6	Response	1	43520	3730	1
PV	7	Picture	22	48089	0	1	3153	2	0	3000
PV	7	Response	1	51555	3466	2
PV	8	Picture	22	57383	0	1	3153	2	0	3000
PV	8	Response	1	59590	2207	1
PV	9	Picture	22	68337	0	1	3153	3	0	3000
PV	9	Response	1	70786	2449	2
PV	10	Picture	22	77465	0	2	3154	3	0	3000
PV	10	Response	1	80449	2984	1
PV	11	Picture	33	86428	0	1	3153	2	0	3000
PV	12	Picture	22	94726	0	1	3154	2	0	3000
PV	12	Response	1	97346	2620	1
PV	13	Picture	22	104518	0	2	3154	3	0	3000
PV	13	Response	1	106861	2343	2
PV	14	Picture	22	114974	0	2	3154	3	0	3000
PV	14	Response	1	117735	2761	1
PV	15	Picture	33	125928	0	2	3154	3	0	3000
PV	16	Picture	22	135223	0	1	3153	2	0	3000
PV	16	Response	1	137881	2658	2
PV	17	Picture	22	145845	0	2	3153	3	0	3000
PV	17	Response	1	148931	3086	2
PV	18	Picture	22	154807	0	1	3153	3	0	3000
PV	18	Response	1	157946	3139	1
PV	19	Picture	33	165927	0	1	3153	3	0	3000
PV	20	Picture	22	174060	0	1	3153	2	0	3000
PV	20	Response	1	177353	3293	1
PV	21	Picture	22	183520	0	1	3153	2	0	3000
PV	21	Response	1	186483	2963	1
PV	22	Picture	22	193146	0	1	3153	3	0	3000
PV	22	Response	1	195319	2173	1
PV	23	Picture	33	202108	0	2	3154	3	0	3000
PV	23	Response	1	205244	3136	1
PV	24	Picture	22	211403	0	1	3153	2	0	3000
PV	24	Response	1	214543	3140	1
PV	25	Picture	22	221361	0	1	3153	2	0	3000
PV	25	Response	1	223879	2518	1
PV	26	Picture	22	231319	0	1	3153	3	0	3000
PV	26	Response	1	233954	2635	1
PV	27	Picture	22	241111	0	2	3154	3	0	3000
PV	27	Response	1	243733	2622	2
PV	28	Picture	22	249742	0	1	3153	2	0	3000
PV	28	Response	1	253545	3803	2
PV	29	Picture	22	259700	0	1	3153	2	0	3000
PV	29	Response	1	262380	2680	1
PV	30	Picture	22	269658	0	1	3153	3	0	3000
PV	30	Response	1	272780	3122	1
PV	31	Picture	33	278620	0	2	3154	3	0	3000
PV	32	Picture	22	287583	0	1	3153	2	0	3000
PV	32	Response	1	290326	2743	1
PV	33	Picture	22	296213	0	1	3154	2	0	3000
PV	33	Response	1	299136	2923	1
PV	34	Picture	22	305010	0	1	3153	2	0	3000
PV	34	Response	1	308333	3323	2
PV	35	Picture	33	314304	0	1	3153	2	0	3000
PV	36	Picture	22	324096	0	1	3153	3	0	3000
PV	36	Response	1	326737	2641	2
PV	37	Picture	22	334552	0	1	3154	2	0	3000
PV	37	Response	1	336992	2440	1
PV	38	Picture	22	345506	0	1	3154	2	0	3000
PV	38	Response	1	348484	2978	1
PV	39	Picture	22	353639	0	1	3153	2	0	3000
PV	39	Response	1	357908	4269	1
PV	40	Picture	22	364261	0	1	3153	2	0	3000
PV	40	Response	1	366917	2656	1
PV	41	Picture	33	373555	0	1	3153	3	0	3000
PV	42	Picture	22	383347	0	1	3154	2	0	3000
PV	42	Response	1	386530	3183	1
PV	43	Picture	22	394467	0	1	3154	2	0	3000
PV	43	Response	1	396459	1992	2
PV	44	Picture	22	405255	0	1	3154	2	0	3000
PV	44	Response	1	407741	2486	2
PV	45	Picture	33	414218	0	1	3153	2	0	3000
PV	46	Picture	22	425006	0	1	3153	2	0	3000
PV	46	Response	1	427733	2727	1
PV	47	Picture	33	433470	0	1	3153	3	0	3000
PV	48	Picture	22	443926	0	1	3154	2	0	3000
PV	48	Response	1	446461	2535	2
PV	49	Picture	22	454382	0	1	3154	2	0	3000
PV	49	Response	1	457866	3484	1
PV	50	Picture	22	462515	0	1	3153	2	0	3000
PV	50	Response	1	466047	3532	1
PV	51	Picture	33	473635	0	1	3153	2	0	3000
PV	52	Picture	22	482099	0	1	3153	3	0	3000
PV	52	Response	1	485421	3322	2
PV	53	Picture	22	490398	0	1	3153	2	0	3000
PV	53	Response	1	493072	2674	1
PV	54	Picture	22	501020	0	1	3153	2	0	3000
PV	54	Response	1	504361	3341	1
PV	55	Picture	22	510480	0	1	3153	2	0	3000
PV	55	Response	1	513281	2801	1
PV	56	Picture	22	520106	0	1	3153	3	0	3000
PV	56	Response	1	523412	3306	1
PV	57	Picture	22	528570	0	2	3154	3	0	3000
PV	57	Response	1	532689	4119	2
PV	58	Picture	22	539027	0	1	3153	2	0	3000
PV	58	Response	1	542409	3382	2
PV	59	Picture	33	549649	0	1	3153	2	0	3000
PV	59	Response	1	551686	2037	1
PV	60	Picture	22	558445	0	1	3153	3	0	3000
PV	60	Response	1	561252	2807	1
PV	61	Picture	22	567573	0	2	3154	3	0	3000
PV	61	Response	1	570087	2514	1
PV	62	Picture	22	577698	0	1	3153	2	0	3000
PV	62	Response	1	580603	2905	1
PV	63	Picture	33	586328	0	1	3153	3	0	3000
PV	64	Picture	22	596618	0	1	3153	3	0	3000
PV	64	Response	1	598945	2327	1
PV	65	Picture	33	604916	0	2	3154	3	0	3000
PV	65	Response	1	608279	3363	2
PV	66	Picture	22	614211	0	1	3153	2	0	3000
PV	66	Response	1	617398	3187	2
PV	67	Picture	22	623339	0	1	3154	2	0	3000
PV	67	Response	1	626619	3280	1
PV	68	Picture	22	632799	0	2	3154	3	0	3000
PV	68	Response	1	635038	2239	1
PV	69	Picture	33	642094	0	1	3153	2	0	3000
PV	69	Response	1	644284	2190	1
PV	70	Picture	22	650558	0	1	3154	2	0	3000
PV	70	Response	1	654356	3798	1
PV	71	Picture	22	658857	0	1	3153	2	0	3000
PV	71	Response	1	662423	3566	1
PV	72	Picture	22	668483	0	1	3153	2	0	3000
PV	72	Response	1	671761	3278	1
PV	73	Picture	33	677611	0	1	3154	2	0	3000
PV	74	Picture	22	685744	0	1	3153	2	0	3000
PV	74	Response	1	688304	2560	1
PV	75	Picture	22	694042	0	1	3154	2	0	3000
PV	75	Response	1	697708	3666	1
PV	76	Picture	22	702341	0	1	3153	2	0	3000
PV	76	Response	1	706574	4233	2
PV	77	Picture	33	710971	0	1	3154	2	0	3000
PV	78	Picture	22	720929	0	2	3154	3	0	3000
PV	78	Response	1	723501	2572	1
PV	79	Picture	22	730721	0	2	3154	3	0	3000
PV	79	Response	1	733488	2767	1
PV	80	Picture	22	741177	0	2	3154	3	0	3000
PV	80	Response	1	743713	2536	1
PV	81	Picture	22	750638	0	1	3153	2	0	3000
PV	81	Response	1	754910	4272	1
PV	82	Picture	22	760264	0	1	3153	3	0	3000
PV	82	Response	1	763448	3184	1
PV	83	Picture	22	771218	0	1	3153	3	0	3000
PV	83	Response	1	773941	2723	1
PV	84	Picture	22	781674	0	1	3153	3	0	3000
PV	84	Response	1	784609	2935	1
PV	85	Picture	33	790968	0	2	3154	3	0	3000
PV	86	Picture	22	799433	0	1	3153	2	0	3000
PV	86	Response	1	802483	3050	2
PV	87	Picture	22	808229	0	2	3153	4	0	3000
PV	87	Response	1	811204	2975	1
PV	88	Picture	22	816860	0	1	3153	2	0	3000
PV	88	Response	1	819661	2801	1
PV	89	Picture	22	826652	0	1	3153	2	0	3000
PV	89	Response	1	829691	3039	1
PV	90	Picture	22	836610	0	1	3153	3	0	3000
PV	90	Response	1	839329	2719	1
PV	91	Picture	33	847232	0	1	3154	2	0	3000
PV	92	Picture	22	857688	0	1	3154	2	0	3000
PV	92	Response	1	860098	2410	1
PV	93	Picture	22	866982	0	2	3154	3	0	3000
PV	93	Response	1	869244	2262	1
PV	94	Picture	22	877438	0	2	3154	3	0	3000
PV	94	Response	1	879030	1592	2
PV	95	Picture	22	887895	0	1	3153	2	0	3000
PV	95	Response	1	890173	2278	1
PV	96	Picture	22	896193	0	1	3153	3	0	3000
PV	96	Response	1	899602	3409	1
PV	97	Picture	33	905487	0	2	3154	3	0	3000
PV	98	Picture	22	914118	0	1	3153	2	0	3000
PV	98	Response	1	916886	2768	1
PV	99	Picture	22	924740	0	1	3153	2	0	3000
PV	99	Response	1	926847	2107	1
PV	100	Picture	22	934532	0	1	3153	3	0	3000
PV	100	Response	1	936718	2186	2
PV	101	Picture	22	944158	0	2	3154	3	0	3000
PV	101	Response	1	946472	2314	1
PV	102	Picture	22	954780	0	2	3154	3	0	3000
PV	102	Response	1	958113	3333	1
PV	103	Picture	22	964075	0	1	3153	2	0	3000
PV	103	Response	1	967509	3434	1
PV	104	Picture	22	972705	0	1	3153	3	0	3000
PV	104	Response	1	976493	3788	2
PV	105	Picture	33	982331	0	2	3154	3	0	3000
PV	106	Picture	22	990796	0	1	3153	2	0	3000
PV	106	Response	1	993656	2860	1
PV	107	Picture	22	1001916	0	1	3153	2	0	3000
PV	107	Response	1	1004118	2202	1
PV	108	Picture	22	1012704	0	1	3153	2	0	3000
PV	108	Response	1	1015078	2374	1
PV	109	Picture	22	1022662	0	1	3153	2	0	3000
PV	109	Response	1	1025625	2963	2
PV	110	Picture	22	1032620	0	1	3153	3	0	3000
PV	110	Response	1	1035407	2787	1
PV	111	Picture	33	1041250	0	2	3154	3	0	3000
PV	112	Picture	22	1049881	0	1	3153	2	0	3000
PV	112	Response	1	1053247	3366	2
PV	113	Picture	22	1059507	0	1	3153	3	0	3000
PV	113	Response	1	1062258	2751	1
PV	114	Picture	22	1069797	0	1	3154	2	0	3000
PV	114	Response	1	1071805	2008	2
PV	115	Picture	22	1079423	0	2	3154	3	0	3000
PV	115	Response	1	1081704	2281	1
PV	116	Picture	22	1088884	0	1	3153	2	0	3000
PV	116	Response	1	1091194	2310	1
PV	117	Picture	22	1097016	0	1	3154	2	0	3000
PV	117	Response	1	1099971	2955	1
PV	118	Picture	22	1105813	0	1	3153	2	0	3000
PV	118	Response	1	1108601	2788	1
PV	119	Picture	33	1115605	0	1	3153	2	0	3000
PV	120	Picture	22	1124401	0	1	3153	3	0	3000
PV	120	Response	1	1128695	4294	1
PV	121	Picture	33	1132700	0	1	3153	2	0	3000
PV	122	Picture	22	1142990	0	1	3153	2	0	3000
PV	122	Response	1	1146570	3580	1
PV	123	Picture	33	1151786	0	1	3154	2	0	3000
PV	124	Picture	22	1162076	0	2	3154	3	0	3000
PV	124	Response	1	1165005	2929	1
PV	125	Picture	22	1170209	0	1	3153	2	0	3000
PV	125	Response	1	1176410	6201	2
PV	126	Picture	22	1181163	0	1	3153	2	0	3000
PV	126	Response	1	1184009	2846	2
PV	127	Picture	33	1190955	0	1	3153	3	0	3000
PV	127	Response	1	1193466	2511	1
PV	128	Picture	22	1199585	0	2	3154	3	0	3000
PV	128	Response	1	1203389	3804	1
PV	129	Picture	33	1207884	0	1	3153	2	0	3000
PV	130	Picture	22	1218340	0	1	3153	3	0	3000
PV	130	Response	1	1220970	2630	1
PV	131	Picture	33	1227468	0	2	3154	3	0	3000
PV	132	Picture	22	1235601	0	1	3153	2	0	3000
PV	132	Response	1	1238047	2446	1
PV	133	Picture	22	1245227	0	1	3153	3	0	3000
PV	133	Response	1	1251020	5793	2
PV	134	Picture	22	1256015	0	1	3153	3	0	3000
PV	134	Response	1	1259711	3696	1
PV	135	Picture	22	1266139	0	1	3154	2	0	3000
PV	135	Response	1	1268693	2554	1
PV	136	Picture	22	1275931	0	2	3154	3	0	3000
PV	136	Response	1	1278650	2719	1
PV	137	Picture	33	1285724	0	1	3153	2	0	3000
PV	138	Picture	22	1293856	0	1	3153	3	0	3000
PV	138	Response	1	1296495	2639	1
PV	139	Picture	22	1303316	0	2	3154	3	0	3000
PV	139	Response	1	1307163	3847	1
PV	140	Picture	22	1311947	0	1	3153	2	0	3000
PV	140	Response	1	1315587	3640	1
PV	141	Picture	22	1323067	0	1	3153	2	0	3000
PV	141	Response	1	1326579	3512	1
PV	142	Picture	22	1333191	0	1	3153	2	0	3000
PV	142	Response	1	1336151	2960	1
PV	143	Picture	22	1343813	0	1	3153	2	0	3000
PV	143	Response	1	1346666	2853	1
PV	144	Picture	22	1352111	0	2	3154	3	0	3000
PV	144	Response	1	1355822	3711	1
PV	145	Picture	33	1362236	0	1	3153	2	0	3000
PV	146	Picture	22	1371696	0	1	3153	2	0	3000
PV	146	Response	1	1374428	2732	1
PV	147	Picture	22	1380160	0	2	3154	3	0	3000
PV	147	Response	1	1383587	3427	1
PV	148	Picture	22	1390284	0	2	3154	3	0	3000
PV	148	Response	1	1392834	2550	2
PV	149	Picture	33	1400077	0	1	3153	2	0	3000
PV	150	Picture	22	1409537	0	1	3153	2	0	3000
PV	150	Response	1	1411648	2111	1
PV	151	Picture	22	1417835	0	2	3154	3	0	3000
PV	151	Response	1	1421222	3387	1
PV	152	Picture	22	1428457	0	2	3154	3	0	3000
PV	152	Response	1	1432063	3606	2
PV	153	Picture	22	1439079	0	2	3154	3	0	3000
PV	153	Response	1	1441724	2645	1
PV	154	Picture	22	1449867	0	2	3154	3	0	3000
PV	154	Response	1	1452419	2552	2
PV	155	Picture	33	1459328	0	1	3153	2	0	3000
PV	156	Picture	22	1468290	0	1	3154	2	0	3000
PV	156	Response	1	1471474	3184	1
PV	157	Picture	22	1478746	0	2	3154	3	0	3000
PV	157	Response	1	1481963	3217	1
PV	158	Picture	22	1488704	0	2	3154	3	0	3000
PV	158	Response	1	1491654	2950	1
PV	159	Picture	22	1497833	0	1	3153	2	0	3000
PV	159	Response	1	1500932	3099	1
PV	160	Picture	22	1506961	0	1	3153	3	0	3000
PV	160	Response	1	1510065	3104	1
PV	161	Picture	33	1516421	0	2	3154	3	0	3000
PV	162	Picture	22	1527541	0	1	3154	2	0	3000
PV	162	Response	1	1529774	2233	1
PV	163	Picture	22	1536670	0	1	3153	2	0	3000
PV	163	Response	1	1540059	3389	1
PV	164	Picture	22	1547624	0	1	3153	2	0	3000
PV	164	Response	1	1549784	2160	1
PV	165	Picture	33	1558577	0	2	3154	3	0	3000
PV	166	Picture	22	1567706	0	1	3153	2	0	3000
PV	166	Response	1	1570108	2402	1
PV	167	Picture	22	1577830	0	1	3153	3	0	3000
PV	167	Response	1	1580685	2855	1
PV	168	Picture	22	1587124	0	2	3154	3	0	3000
PV	168	Response	1	1589522	2398	1
PV	169	Picture	22	1597746	0	2	3154	3	0	3000
PV	169	Response	1	1600925	3179	1
PV	170	Picture	22	1606875	0	1	3153	2	0	3000
PV	170	Response	1	1609964	3089	1
PV	171	Picture	33	1615173	0	1	3154	2	0	3000
PV	172	Picture	22	1623638	0	1	3153	2	0	3000
PV	172	Response	1	1626328	2690	1
PV	173	Picture	22	1634260	0	1	3153	2	0	3000
PV	173	Response	1	1636697	2437	1
PV	174	Picture	22	1644716	0	1	3153	2	0	3000
PV	174	Response	1	1646979	2263	1
PV	175	Picture	22	1654840	0	1	3153	2	0	3000
PV	175	Response	1	1658179	3339	1
PV	176	Picture	22	1665794	0	1	3153	2	0	3000
PV	176	Response	1	1668992	3198	1
PV	177	Picture	33	1675918	0	1	3153	3	0	3000
PV	178	Picture	22	1684382	0	2	3154	3	0	3000
PV	178	Response	1	1687899	3517	2
PV	179	Picture	22	1693677	0	1	3153	2	0	3000
PV	179	Response	1	1696936	3259	1
PV	180	Picture	22	1701975	0	1	3154	2	0	3000
PV	180	Response	1	1705529	3554	2
PV	181	Picture	22	1710606	0	1	3153	2	0	3000
PV	181	Response	1	1713239	2633	1
PV	182	Picture	22	1720232	0	1	3153	2	0	3000
PV	182	Response	1	1722870	2638	1
PV	183	Picture	33	1729526	0	1	3154	2	0	3000
PV	184	Picture	22	1740314	0	1	3154	2	0	3000
PV	184	Response	1	1742716	2402	1
PV	185	Picture	22	1749940	0	2	3154	3	0	3000
PV	185	Response	1	1751996	2056	1
PV	186	Picture	22	1759235	0	1	3153	2	0	3000
PV	186	Response	1	1761100	1865	1
PV	187	Picture	22	1768861	0	1	3153	3	0	3000
PV	187	Response	1	1771916	3055	1
PV	188	Picture	22	1777989	0	2	3154	3	0	3000
PV	188	Response	1	1780750	2761	1
PV	189	Picture	33	1786122	0	1	3153	2	0	3000
PV	190	Picture	22	1795914	0	1	3153	3	0	3000
PV	190	Response	1	1799155	3241	1
PV	191	Picture	22	1805540	0	1	3154	2	0	3000
PV	191	Response	1	1808287	2747	1
PV	192	Picture	22	1814834	0	2	3154	3	0	3000
PV	192	Response	1	1816829	1995	1
PV	193	Picture	33	1823797	0	1	3153	2	0	3000
PV	193	Response	1	1826314	2517	2
PV	194	Picture	22	1832261	0	2	3154	3	0	3000
PV	194	Response	1	1834728	2467	2
PV	195	Picture	22	1843215	0	2	3154	3	0	3000
PV	195	Response	1	1845631	2416	1
PV	196	Picture	22	1852012	0	1	3153	2	0	3000
PV	196	Response	1	1855618	3606	1
PV	197	Picture	22	1862966	0	1	3153	2	0	3000
PV	197	Response	1	1865750	2784	1
PV	198	Picture	22	1871098	0	1	3154	2	0	3000
PV	198	Response	1	1874290	3192	2
PV	199	Picture	33	1879397	0	1	3153	2	0	3000
PV	200	Picture	22	1889355	0	1	3153	2	0	3000
PV	200	Response	1	1892460	3105	1
PV	201	Picture	22	1898815	0	1	3154	2	0	3000
PV	201	Response	1	1901032	2217	1
PV	202	Picture	22	1908773	0	2	3154	3	0	3000
PV	202	Response	1	1910930	2157	1
PV	203	Picture	33	1917072	0	1	3153	2	0	3000
PV	203	Response	1	1919880	2808	1
PV	204	Picture	22	1925868	0	1	3154	2	0	3000
PV	204	Response	1	1928322	2454	2
PV	205	Picture	22	1935826	0	2	3154	3	0	3000
PV	205	Response	1	1939166	3340	1
PV	206	Picture	22	1946116	0	2	3154	3	0	3000
PV	206	Response	1	1949943	3827	1
PV	207	Picture	22	1956407	0	1	3153	2	0	3000
PV	207	Response	1	1960848	4441	1
PV	208	Picture	22	1966199	0	1	3153	2	0	3000
PV	208	Response	1	1970037	3838	2
PV	209	Picture	22	1976157	0	1	3153	3	0	3000
PV	209	Response	1	1979815	3658	1
PV	210	Picture	22	1986613	0	1	3153	3	0	3000
PV	210	Response	1	1990513	3900	2
PV	211	Picture	33	1996571	0	1	3154	2	0	3000
PV	212	Picture	22	2004870	0	1	3153	2	0	3000
PV	212	Response	1	2007887	3017	1
PV	213	Picture	22	2013334	0	1	3153	3	0	3000
PV	213	Response	1	2018177	4843	2
PV	214	Picture	22	2022628	0	2	3154	3	0	3000
PV	214	Response	1	2027930	5302	1
PV	215	Picture	22	2032752	0	2	3154	3	0	3000
PV	215	Response	1	2037539	4787	1
PV	216	Picture	22	2042379	0	1	3153	2	0	3000
PV	216	Response	1	2046404	4025	1
PV	217	Picture	22	2050843	0	2	3154	3	0	3000
PV	217	Response	1	2055122	4279	1
PV	218	Picture	22	2060967	0	2	3154	3	0	3000
PV	218	Response	1	2063867	2900	1
PV	219	Picture	33	2071091	0	2	3154	3	0	3000
PV	219	Response	1	2073442	2351	1
PV	220	Picture	22	2079390	0	1	3153	3	0	3000
PV	220	Response	1	2082234	2844	1
PV	221	Picture	22	2090012	0	1	3153	3	0	3000
PV	221	Response	1	2092455	2443	2
PV	222	Picture	22	2098311	0	1	3153	2	0	3000
PV	222	Response	1	2102229	3918	1
PV	223	Picture	22	2109099	0	1	3153	2	0	3000
PV	223	Response	1	2112478	3379	1
PV	224	Picture	22	2118891	0	1	3153	2	0	3000
PV	224	Response	1	2121904	3013	1
PV	225	Picture	33	2127521	0	1	3154	2	0	3000
PV	226	Picture	22	2137645	0	2	3154	3	0	3000
PV	226	Response	1	2142270	4625	1
PV	227	Picture	22	2148433	0	2	3154	3	0	3000
PV	227	Response	1	2152260	3827	1
PV	228	Picture	22	2158889	0	2	3154	3	0	3000
PV	228	Response	1	2162488	3599	1
PV	229	Picture	22	2168516	0	1	3153	2	0	3000
PV	229	Response	1	2173703	5187	1
PV	230	Picture	22	2177478	0	1	3153	3	0	3000
PV	230	Response	1	2181892	4414	1
PV	231	Picture	33	2186274	0	2	3154	3	0	3000
PV	232	Picture	22	2196067	0	1	3153	2	0	3000
PV	232	Response	1	2198530	2463	1
PV	233	Picture	22	2206025	0	1	3153	2	0	3000
PV	233	Response	1	2208752	2727	1
PV	234	Picture	22	2214821	0	1	3154	2	0	3000
PV	234	Response	1	2217204	2383	1
PV	235	Picture	22	2225443	0	1	3154	2	0	3000
PV	235	Response	1	2228277	2834	1
PV	236	Picture	22	2233908	0	1	3153	2	0	3000
PV	236	Response	1	2237053	3145	2
PV	237	Picture	33	2243700	0	1	3153	2	0	3000
PV	238	Picture	22	2253658	0	1	3153	3	0	3000
PV	238	Response	1	2256223	2565	1
PV	239	Picture	22	2263284	0	2	3154	3	0	3000
PV	239	Response	1	2265800	2516	2
PV	240	Picture	22	2274404	0	1	3154	2	0	3000
PV	240	Response	1	2277026	2622	2
PV	241	Picture	22	2285192	0	2	3154	3	0	3000
PV	241	Response	1	2287779	2587	2
PV	242	Picture	22	2295980	0	1	3154	2	0	3000
PV	242	Response	1	2297086	1106	2
PV	243	Picture	33	2305274	0	2	3154	3	0	3000
PV	244	Picture	22	2314237	0	1	3153	2	0	3000
PV	244	Response	1	2317112	2875	2
PV	245	Picture	22	2324527	0	1	3153	3	0	3000
PV	245	Response	1	2327310	2783	2
PV	246	Picture	22	2334485	0	1	3154	2	0	3000
PV	246	Response	1	2336682	2197	1
PV	247	Picture	33	2342950	0	1	3153	2	0	3000
PV	248	Picture	22	2352410	0	1	3153	2	0	3000
PV	248	Response	1	2355856	3446	1
PV	249	Picture	22	2363364	0	1	3153	2	0	3000
PV	249	Response	1	2366786	3422	2
PV	250	Picture	22	2373820	0	1	3153	3	0	3000
PV	250	Response	1	2376982	3162	1
PV	251	Picture	22	2382450	0	2	3154	3	0	3000
PV	251	Response	1	2386558	4108	1
PV	252	Picture	22	2391413	0	1	3153	2	0	3000
PV	252	Response	1	2394748	3335	1
PV	253	Picture	33	2402201	0	1	3153	2	0	3000
PV	254	Picture	22	2411495	0	1	3153	3	0	3000
PV	254	Response	1	2414246	2751	1
PV	255	Picture	22	2421121	0	2	3154	3	0	3000
PV	255	Response	1	2423612	2491	1
PV	256	Picture	22	2429586	0	1	3153	2	0	3000
PV	256	Response	1	2432242	2656	1
PV	257	Picture	22	2438714	0	1	3153	3	0	3000
PV	257	Response	1	2441141	2427	1
PV	258	Picture	22	2449336	0	1	3154	2	0	3000
PV	258	Response	1	2451215	1879	2
PV	259	Picture	22	2459792	0	1	3154	2	0	3000
PV	259	Response	1	2462798	3006	1
PV	260	Picture	22	2469916	0	2	3154	3	0	3000
PV	260	Response	1	2472782	2866	2
PV	261	Picture	33	2478381	0	1	3153	2	0	3000
PV	262	Picture	22	2489169	0	1	3153	2	0	3000
PV	262	Response	1	2491214	2045	1
PV	263	Picture	33	2497965	0	1	3154	2	0	3000
PV	264	Picture	22	2508421	0	2	3154	3	0	3000
PV	264	Response	1	2511419	2998	1
PV	265	Picture	22	2519209	0	2	3154	3	0	3000
PV	265	Response	1	2526753	7544	1
PV	266	Picture	22	2527508	0	1	3153	2	0	3000
PV	266	Response	1	2531692	4184	2
PV	267	Picture	33	2536304	0	1	3154	2	0	3000
PV	268	Picture	22	2545930	0	2	3154	3	0	3000
PV	268	Response	1	2548676	2746	2
PV	269	Picture	22	2554727	0	1	3153	2	0	3000
PV	269	Response	1	2558251	3524	2
PV	270	Picture	22	2563357	0	1	3154	2	0	3000
PV	270	Response	1	2566822	3465	1
PV	271	Picture	33	2573813	0	2	3154	3	0	3000
PV	272	Picture	22	2584767	0	2	3154	3	0	3000
PV	272	Response	1	2587798	3031	1
PV	273	Picture	33	2593564	0	1	3153	2	0	3000
PV	274	Picture	22	2603356	0	1	3153	2	0	3000
PV	274	Response	1	2606412	3056	1
PV	275	Picture	22	2613978	0	1	3153	2	0	3000
PV	275	Response	1	2617668	3690	1
PV	276	Picture	22	2623936	0	1	3153	3	0	3000
PV	276	Response	1	2628306	4370	1
PV	277	Picture	22	2632400	0	2	3154	3	0	3000
PV	277	Response	1	2635517	3117	1
PV	278	Picture	22	2641197	0	1	3153	2	0	3000
PV	278	Response	1	2644061	2864	1
PV	279	Picture	33	2650159	0	2	3154	3	0	3000
PV	279	Response	1	2654017	3858	1
PV	280	Picture	22	2659619	0	2	3154	3	0	3000
PV	280	Response	1	2662396	2777	1
PV	281	Picture	22	2669578	0	1	3153	2	0	3000
PV	281	Response	1	2672735	3157	1
PV	282	Picture	22	2678540	0	1	3153	3	0	3000
PV	282	Response	1	2681010	2470	1
PV	283	Picture	33	2688498	0	1	3154	2	0	3000
PV	283	Response	1	2691056	2558	1
PV	284	Picture	22	2698954	0	2	3154	3	0	3000
PV	284	Response	1	2702673	3719	2
PV	285	Picture	22	2709078	0	2	3154	3	0	3000
PV	285	Response	1	2712014	2936	1
PV	286	Picture	22	2719535	0	1	3153	2	0	3000
PV	286	Response	1	2722891	3356	1
PV	287	Picture	22	2730489	0	1	3153	2	0	3000
PV	287	Response	1	2734509	4020	1
PV	288	Picture	22	2738787	0	1	3153	3	0	3000
PV	288	Response	1	2743525	4738	1
PV	289	Picture	22	2748247	0	1	3154	2	0	3000
PV	289	Response	1	2752627	4380	2
PV	290	Picture	22	2757044	0	1	3153	2	0	3000
PV	290	Response	1	2761312	4268	2
PV	291	Picture	33	2765840	0	1	3153	3	0	3000
PV	292	Picture	22	2776462	0	1	3153	3	0	3000
PV	292	Response	1	2779179	2717	1
PV	293	Picture	22	2785092	0	2	3154	3	0	3000
PV	293	Response	1	2788454	3362	2
PV	294	Picture	22	2794221	0	1	3153	2	0	3000
PV	294	Response	1	2797645	3424	1
PV	295	Picture	33	2803183	0	1	3154	2	0	3000
PV	296	Picture	22	2813141	0	2	3154	3	0	3000
PV	296	Response	1	2815254	2113	2
PV	297	Picture	22	2821938	0	1	3153	2	0	3000
PV	297	Response	1	2824447	2509	2
PV	298	Picture	22	2830070	0	2	3154	3	0	3000
PV	298	Response	1	2832876	2806	1
PV	299	Picture	22	2839364	0	2	3154	3	0	3000
PV	299	Response	1	2843277	3913	1
PV	300	Picture	22	2849489	0	1	3153	2	0	3000
PV	300	Response	1	2853880	4391	1
PV	301	Picture	33	2858617	0	1	3153	3	0	3000
PV	301	Response	1	2862092	3475	2


Event Type	Code	Type	Response	RT	RT Uncertainty	Time	Uncertainty	Duration	Uncertainty	ReqTime	ReqDur

Picture	22	hit	1	6867	3	289	2	3154	3	0	3000
Picture	33	miss				11243	2	3154	3	0	3000
Picture	22	hit	1	3180	3	20870	1	3153	2	0	3000
Picture	22	hit	1	4659	2	29998	1	3153	3	0	3000
Picture	22	hit	1	3730	2	39790	1	3154	2	0	3000
Picture	22	hit	1	3466	3	48089	1	3153	2	0	3000
Picture	22	hit	1	2207	2	57383	1	3153	2	0	3000
Picture	22	hit	1	2449	3	68337	1	3153	3	0	3000
Picture	22	hit	1	2984	3	77465	2	3154	3	0	3000
Picture	33	miss				86428	1	3153	2	0	3000
Picture	22	hit	1	2620	2	94726	1	3154	2	0	3000
Picture	22	hit	1	2343	4	104518	2	3154	3	0	3000
Picture	22	hit	1	2761	3	114974	2	3154	3	0	3000
Picture	33	miss				125928	2	3154	3	0	3000
Picture	22	hit	1	2658	3	135223	1	3153	2	0	3000
Picture	22	hit	1	3086	4	145845	2	3153	3	0	3000
Picture	22	hit	1	3139	2	154807	1	3153	3	0	3000
Picture	33	miss				165927	1	3153	3	0	3000
Picture	22	hit	1	3293	2	174060	1	3153	2	0	3000
Picture	22	hit	1	2963	2	183520	1	3153	2	0	3000
Picture	22	hit	1	2173	2	193146	1	3153	3	0	3000
Picture	33	hit	1	3136	3	202108	2	3154	3	0	3000
Picture	22	hit	1	3140	2	211403	1	3153	2	0	3000
Picture	22	hit	1	2518	2	221361	1	3153	2	0	3000
Picture	22	hit	1	2635	2	231319	1	3153	3	0	3000
Picture	22	hit	1	2622	4	241111	2	3154	3	0	3000
Picture	22	hit	1	3803	3	249742	1	3153	2	0	3000
Picture	22	hit	1	2680	2	259700	1	3153	2	0	3000
Picture	22	hit	1	3122	2	269658	1	3153	3	0	3000
Picture	33	miss				278620	2	3154	3	0	3000
Picture	22	hit	1	2743	2	287583	1	3153	2	0	3000
Picture	22	hit	1	2923	2	296213	1	3154	2	0	3000
Picture	22	hit	1	3323	3	305010	1	3153	2	0	3000
Picture	33	miss				314304	1	3153	2	0	3000
Picture	22	hit	1	2641	3	324096	1	3153	3	0	3000
Picture	22	hit	1	2440	2	334552	1	3154	2	0	3000
Picture	22	hit	1	2978	2	345506	1	3154	2	0	3000
Picture	22	hit	1	4269	2	353639	1	3153	2	0	3000
Picture	22	hit	1	2656	2	364261	1	3153	2	0	3000
Picture	33	miss				373555	1	3153	3	0	3000
Picture	22	hit	1	3183	2	383347	1	3154	2	0	3000
Picture	22	hit	1	1992	3	394467	1	3154	2	0	3000
Picture	22	hit	1	2486	3	405255	1	3154	2	0	3000
Picture	33	miss				414218	1	3153	2	0	3000
Picture	22	hit	1	2727	2	425006	1	3153	2	0	3000
Picture	33	miss				433470	1	3153	3	0	3000
Picture	22	hit	1	2535	3	443926	1	3154	2	0	3000
Picture	22	hit	1	3484	2	454382	1	3154	2	0	3000
Picture	22	hit	1	3532	2	462515	1	3153	2	0	3000
Picture	33	miss				473635	1	3153	2	0	3000
Picture	22	hit	1	3322	3	482099	1	3153	3	0	3000
Picture	22	hit	1	2674	2	490398	1	3153	2	0	3000
Picture	22	hit	1	3341	2	501020	1	3153	2	0	3000
Picture	22	hit	1	2801	2	510480	1	3153	2	0	3000
Picture	22	hit	1	3306	2	520106	1	3153	3	0	3000
Picture	22	hit	1	4119	4	528570	2	3154	3	0	3000
Picture	22	hit	1	3382	3	539027	1	3153	2	0	3000
Picture	33	hit	1	2037	2	549649	1	3153	2	0	3000
Picture	22	hit	1	2807	2	558445	1	3153	3	0	3000
Picture	22	hit	1	2514	3	567573	2	3154	3	0	3000
Picture	22	hit	1	2905	2	577698	1	3153	2	0	3000
Picture	33	miss				586328	1	3153	3	0	3000
Picture	22	hit	1	2327	2	596618	1	3153	3	0	3000
Picture	33	hit	1	3363	4	604916	2	3154	3	0	3000
Picture	22	hit	1	3187	3	614211	1	3153	2	0	3000
Picture	22	hit	1	3280	2	623339	1	3154	2	0	3000
Picture	22	hit	1	2239	3	632799	2	3154	3	0	3000
Picture	33	hit	1	2190	2	642094	1	3153	2	0	3000
Picture	22	hit	1	3798	2	650558	1	3154	2	0	3000
Picture	22	hit	1	3566	2	658857	1	3153	2	0	3000
Picture	22	hit	1	3278	2	668483	1	3153	2	0	3000
Picture	33	miss				677611	1	3154	2	0	3000
Picture	22	hit	1	2560	2	685744	1	3153	2	0	3000
Picture	22	hit	1	3666	2	694042	1	3154	2	0	3000
Picture	22	hit	1	4233	3	702341	1	3153	2	0	3000
Picture	33	miss				710971	1	3154	2	0	3000
Picture	22	hit	1	2572	3	720929	2	3154	3	0	3000
Picture	22	hit	1	2767	3	730721	2	3154	3	0	3000
Picture	22	hit	1	2536	3	741177	2	3154	3	0	3000
Picture	22	hit	1	4272	2	750638	1	3153	2	0	3000
Picture	22	hit	1	3184	2	760264	1	3153	3	0	3000
Picture	22	hit	1	2723	2	771218	1	3153	3	0	3000
Picture	22	hit	1	2935	2	781674	1	3153	3	0	3000
Picture	33	miss				790968	2	3154	3	0	3000
Picture	22	hit	1	3050	3	799433	1	3153	2	0	3000
Picture	22	hit	1	2975	3	808229	2	3153	4	0	3000
Picture	22	hit	1	2801	2	816860	1	3153	2	0	3000
Picture	22	hit	1	3039	2	826652	1	3153	2	0	3000
Picture	22	hit	1	2719	2	836610	1	3153	3	0	3000
Picture	33	miss				847232	1	3154	2	0	3000
Picture	22	hit	1	2410	2	857688	1	3154	2	0	3000
Picture	22	hit	1	2262	3	866982	2	3154	3	0	3000
Picture	22	hit	1	1592	4	877438	2	3154	3	0	3000
Picture	22	hit	1	2278	2	887895	1	3153	2	0	3000
Picture	22	hit	1	3409	2	896193	1	3153	3	0	3000
Picture	33	miss				905487	2	3154	3	0	3000
Picture	22	hit	1	2768	2	914118	1	3153	2	0	3000
Picture	22	hit	1	2107	2	924740	1	3153	2	0	3000
Picture	22	hit	1	2186	3	934532	1	3153	3	0	3000
Picture	22	hit	1	2314	3	944158	2	3154	3	0	3000
Picture	22	hit	1	3333	3	954780	2	3154	3	0	3000
Picture	22	hit	1	3434	2	964075	1	3153	2	0	3000
Picture	22	hit	1	3788	3	972705	1	3153	3	0	3000
Picture	33	miss				982331	2	3154	3	0	3000
Picture	22	hit	1	2860	2	990796	1	3153	2	0	3000
Picture	22	hit	1	2202	2	1001916	1	3153	2	0	3000
Picture	22	hit	1	2374	2	1012704	1	3153	2	0	3000
Picture	22	hit	1	2963	3	1022662	1	3153	2	0	3000
Picture	22	hit	1	2787	2	1032620	1	3153	3	0	3000
Picture	33	miss				1041250	2	3154	3	0	3000
Picture	22	hit	1	3366	3	1049881	1	3153	2	0	3000
Picture	22	hit	1	2751	2	1059507	1	3153	3	0	3000
Picture	22	hit	1	2008	3	1069797	1	3154	2	0	3000
Picture	22	hit	1	2281	3	1079423	2	3154	3	0	3000
Picture	22	hit	1	2310	2	1088884	1	3153	2	0	3000
Picture	22	hit	1	2955	2	1097016	1	3154	2	0	3000
Picture	22	hit	1	2788	2	1105813	1	3153	2	0	3000
Picture	33	miss				1115605	1	3153	2	0	3000
Picture	22	hit	1	4294	2	1124401	1	3153	3	0	3000
Picture	33	miss				1132700	1	3153	2	0	3000
Picture	22	hit	1	3580	2	1142990	1	3153	2	0	3000
Picture	33	miss				1151786	1	3154	2	0	3000
Picture	22	hit	1	2929	3	1162076	2	3154	3	0	3000
Picture	22	hit	1	6201	3	1170209	1	3153	2	0	3000
Picture	22	hit	1	2846	3	1181163	1	3153	2	0	3000
Picture	33	hit	1	2511	2	1190955	1	3153	3	0	3000
Picture	22	hit	1	3804	3	1199585	2	3154	3	0	3000
Picture	33	miss				1207884	1	3153	2	0	3000
Picture	22	hit	1	2630	2	1218340	1	3153	3	0	3000
Picture	33	miss				1227468	2	3154	3	0	3000
Picture	22	hit	1	2446	2	1235601	1	3153	2	0	3000
Picture	22	hit	1	5793	3	1245227	1	3153	3	0	3000
Picture	22	hit	1	3696	2	1256015	1	3153	3	0	3000
Picture	22	hit	1	2554	2	1266139	1	3154	2	0	3000
Picture	22	hit	1	2719	3	1275931	2	3154	3	0	3000
Picture	33	miss				1285724	1	3153	2	0	3000
Picture	22	hit	1	2639	2	1293856	1	3153	3	0	3000
Picture	22	hit	1	3847	3	1303316	2	3154	3	0	3000
Picture	22	hit	1	3640	2	1311947	1	3153	2	0	3000
Picture	22	hit	1	3512	2	1323067	1	3153	2	0	3000
Picture	22	hit	1	2960	2	1333191	1	3153	2	0	3000
Picture	22	hit	1	2853	2	1343813	1	3153	2	0	3000
Picture	22	hit	1	3711	3	1352111	2	3154	3	0	3000
Picture	33	miss				1362236	1	3153	2	0	3000
Picture	22	hit	1	2732	2	1371696	1	3153	2	0	3000
Picture	22	hit	1	3427	3	1380160	2	3154	3	0	3000
Picture	22	hit	1	2550	4	1390284	2	3154	3	0	3000
Picture	33	miss				1400077	1	3153	2	0	3000
Picture	22	hit	1	2111	2	1409537	1	3153	2	0	3000
Picture	22	hit	1	3387	3	1417835	2	3154	3	0	3000
Picture	22	hit	1	3606	4	1428457	2	3154	3	0	3000
Picture	22	hit	1	2645	3	1439079	2	3154	3	0	3000
Picture	22	hit	1	2552	4	1449867	2	3154	3	0	3000
Picture	33	miss				1459328	1	3153	2	0	3000
Picture	22	hit	1	3184	2	1468290	1	3154	2	0	3000
Picture	22	hit	1	3217	3	1478746	2	3154	3	0	3000
Picture	22	hit	1	2950	3	1488704	2	3154	3	0	3000
Picture	22	hit	1	3099	2	1497833	1	3153	2	0	3000
Picture	22	hit	1	3104	2	1506961	1	3153	3	0	3000
Picture	33	miss				1516421	2	3154	3	0	3000
Picture	22	hit	1	2233	2	1527541	1	3154	2	0	3000
Picture	22	hit	1	3389	2	1536670	1	3153	2	0	3000
Picture	22	hit	1	2160	2	1547624	1	3153	2	0	3000
Picture	33	miss				1558577	2	3154	3	0	3000
Picture	22	hit	1	2402	2	1567706	1	3153	2	0	3000
Picture	22	hit	1	2855	2	1577830	1	3153	3	0	3000
Picture	22	hit	1	2398	3	1587124	2	3154	3	0	3000
Picture	22	hit	1	3179	3	1597746	2	3154	3	0	3000
Picture	22	hit	1	3089	2	1606875	1	3153	2	0	3000
Picture	33	miss				1615173	1	3154	2	0	3000
Picture	22	hit	1	2690	2	1623638	1	3153	2	0	3000
Picture	22	hit	1	2437	2	1634260	1	3153	2	0	3000
Picture	22	hit	1	2263	2	1644716	1	3153	2	0	3000
Picture	22	hit	1	3339	2	1654840	1	3153	2	0	3000
Picture	22	hit	1	3198	2	1665794	1	3153	2	0	3000
Picture	33	miss				1675918	1	3153	3	0	3000
Picture	22	hit	1	3517	4	1684382	2	3154	3	0	3000
Picture	22	hit	1	3259	2	1693677	1	3153	2	0	3000
Picture	22	hit	1	3554	3	1701975	1	3154	2	0	3000
Picture	22	hit	1	2633	2	1710606	1	3153	2	0	3000
Picture	22	hit	1	2638	2	1720232	1	3153	2	0	3000
Picture	33	miss				1729526	1	3154	2	0	3000
Picture	22	hit	1	2402	2	1740314	1	3154	2	0	3000
Picture	22	hit	1	2056	3	1749940	2	3154	3	0	3000
Picture	22	hit	1	1865	2	1759235	1	3153	2	0	3000
Picture	22	hit	1	3055	2	1768861	1	3153	3	0	3000
Picture	22	hit	1	2761	3	1777989	2	3154	3	0	3000
Picture	33	miss				1786122	1	3153	2	0	3000
Picture	22	hit	1	3241	2	1795914	1	3153	3	0	3000
Picture	22	hit	1	2747	2	1805540	1	3154	2	0	3000
Picture	22	hit	1	1995	3	1814834	2	3154	3	0	3000
Picture	33	hit	1	2517	3	1823797	1	3153	2	0	3000
Picture	22	hit	1	2467	4	1832261	2	3154	3	0	3000
Picture	22	hit	1	2416	3	1843215	2	3154	3	0	3000
Picture	22	hit	1	3606	2	1852012	1	3153	2	0	3000
Picture	22	hit	1	2784	2	1862966	1	3153	2	0	3000
Picture	22	hit	1	3192	3	1871098	1	3154	2	0	3000
Picture	33	miss				1879397	1	3153	2	0	3000
Picture	22	hit	1	3105	2	1889355	1	3153	2	0	3000
Picture	22	hit	1	2217	2	1898815	1	3154	2	0	3000
Picture	22	hit	1	2157	3	1908773	2	3154	3	0	3000
Picture	33	hit	1	2808	2	1917072	1	3153	2	0	3000
Picture	22	hit	1	2454	3	1925868	1	3154	2	0	3000
Picture	22	hit	1	3340	3	1935826	2	3154	3	0	3000
Picture	22	hit	1	3827	3	1946116	2	3154	3	0	3000
Picture	22	hit	1	4441	2	1956407	1	3153	2	0	3000
Picture	22	hit	1	3838	3	1966199	1	3153	2	0	3000
Picture	22	hit	1	3658	2	1976157	1	3153	3	0	3000
Picture	22	hit	1	3900	3	1986613	1	3153	3	0	3000
Picture	33	miss				1996571	1	3154	2	0	3000
Picture	22	hit	1	3017	2	2004870	1	3153	2	0	3000
Picture	22	hit	1	4843	3	2013334	1	3153	3	0	3000
Picture	22	hit	1	5302	3	2022628	2	3154	3	0	3000
Picture	22	hit	1	4787	3	2032752	2	3154	3	0	3000
Picture	22	hit	1	4025	2	2042379	1	3153	2	0	3000
Picture	22	hit	1	4279	3	2050843	2	3154	3	0	3000
Picture	22	hit	1	2900	3	2060967	2	3154	3	0	3000
Picture	33	hit	1	2351	3	2071091	2	3154	3	0	3000
Picture	22	hit	1	2844	2	2079390	1	3153	3	0	3000
Picture	22	hit	1	2443	3	2090012	1	3153	3	0	3000
Picture	22	hit	1	3918	2	2098311	1	3153	2	0	3000
Picture	22	hit	1	3379	2	2109099	1	3153	2	0	3000
Picture	22	hit	1	3013	2	2118891	1	3153	2	0	3000
Picture	33	miss				2127521	1	3154	2	0	3000
Picture	22	hit	1	4625	3	2137645	2	3154	3	0	3000
Picture	22	hit	1	3827	3	2148433	2	3154	3	0	3000
Picture	22	hit	1	3599	3	2158889	2	3154	3	0	3000
Picture	22	hit	1	5187	2	2168516	1	3153	2	0	3000
Picture	22	hit	1	4414	2	2177478	1	3153	3	0	3000
Picture	33	miss				2186274	2	3154	3	0	3000
Picture	22	hit	1	2463	2	2196067	1	3153	2	0	3000
Picture	22	hit	1	2727	2	2206025	1	3153	2	0	3000
Picture	22	hit	1	2383	2	2214821	1	3154	2	0	3000
Picture	22	hit	1	2834	2	2225443	1	3154	2	0	3000
Picture	22	hit	1	3145	3	2233908	1	3153	2	0	3000
Picture	33	miss				2243700	1	3153	2	0	3000
Picture	22	hit	1	2565	2	2253658	1	3153	3	0	3000
Picture	22	hit	1	2516	4	2263284	2	3154	3	0	3000
Picture	22	hit	1	2622	3	2274404	1	3154	2	0	3000
Picture	22	hit	1	2587	4	2285192	2	3154	3	0	3000
Picture	22	hit	1	1106	3	2295980	1	3154	2	0	3000
Picture	33	miss				2305274	2	3154	3	0	3000
Picture	22	hit	1	2875	3	2314237	1	3153	2	0	3000
Picture	22	hit	1	2783	3	2324527	1	3153	3	0	3000
Picture	22	hit	1	2197	2	2334485	1	3154	2	0	3000
Picture	33	miss				2342950	1	3153	2	0	3000
Picture	22	hit	1	3446	2	2352410	1	3153	2	0	3000
Picture	22	hit	1	3422	3	2363364	1	3153	2	0	3000
Picture	22	hit	1	3162	2	2373820	1	3153	3	0	3000
Picture	22	hit	1	4108	3	2382450	2	3154	3	0	3000
Picture	22	hit	1	3335	2	2391413	1	3153	2	0	3000
Picture	33	miss				2402201	1	3153	2	0	3000
Picture	22	hit	1	2751	2	2411495	1	3153	3	0	3000
Picture	22	hit	1	2491	3	2421121	2	3154	3	0	3000
Picture	22	hit	1	2656	2	2429586	1	3153	2	0	3000
Picture	22	hit	1	2427	2	2438714	1	3153	3	0	3000
Picture	22	hit	1	1879	3	2449336	1	3154	2	0	3000
Picture	22	hit	1	3006	2	2459792	1	3154	2	0	3000
Picture	22	hit	1	2866	4	2469916	2	3154	3	0	3000
Picture	33	miss				2478381	1	3153	2	0	3000
Picture	22	hit	1	2045	2	2489169	1	3153	2	0	3000
Picture	33	miss				2497965	1	3154	2	0	3000
Picture	22	hit	1	2998	3	2508421	2	3154	3	0	3000
Picture	22	hit	1	7544	3	2519209	2	3154	3	0	3000
Picture	22	hit	1	4184	3	2527508	1	3153	2	0	3000
Picture	33	miss				2536304	1	3154	2	0	3000
Picture	22	hit	1	2746	4	2545930	2	3154	3	0	3000
Picture	22	hit	1	3524	3	2554727	1	3153	2	0	3000
Picture	22	hit	1	3465	2	2563357	1	3154	2	0	3000
Picture	33	miss				2573813	2	3154	3	0	3000
Picture	22	hit	1	3031	3	2584767	2	3154	3	0	3000
Picture	33	miss				2593564	1	3153	2	0	3000
Picture	22	hit	1	3056	2	2603356	1	3153	2	0	3000
Picture	22	hit	1	3690	2	2613978	1	3153	2	0	3000
Picture	22	hit	1	4370	2	2623936	1	3153	3	0	3000
Picture	22	hit	1	3117	3	2632400	2	3154	3	0	3000
Picture	22	hit	1	2864	2	2641197	1	3153	2	0	3000
Picture	33	hit	1	3858	3	2650159	2	3154	3	0	3000
Picture	22	hit	1	2777	3	2659619	2	3154	3	0	3000
Picture	22	hit	1	3157	2	2669578	1	3153	2	0	3000
Picture	22	hit	1	2470	2	2678540	1	3153	3	0	3000
Picture	33	hit	1	2558	2	2688498	1	3154	2	0	3000
Picture	22	hit	1	3719	4	2698954	2	3154	3	0	3000
Picture	22	hit	1	2936	3	2709078	2	3154	3	0	3000
Picture	22	hit	1	3356	2	2719535	1	3153	2	0	3000
Picture	22	hit	1	4020	2	2730489	1	3153	2	0	3000
Picture	22	hit	1	4738	2	2738787	1	3153	3	0	3000
Picture	22	hit	1	4380	3	2748247	1	3154	2	0	3000
Picture	22	hit	1	4268	3	2757044	1	3153	2	0	3000
Picture	33	miss				2765840	1	3153	3	0	3000
Picture	22	hit	1	2717	2	2776462	1	3153	3	0	3000
Picture	22	hit	1	3362	4	2785092	2	3154	3	0	3000
Picture	22	hit	1	3424	2	2794221	1	3153	2	0	3000
Picture	33	miss				2803183	1	3154	2	0	3000
Picture	22	hit	1	2113	4	2813141	2	3154	3	0	3000
Picture	22	hit	1	2509	3	2821938	1	3153	2	0	3000
Picture	22	hit	1	2806	3	2830070	2	3154	3	0	3000
Picture	22	hit	1	3913	3	2839364	2	3154	3	0	3000
Picture	22	hit	1	4391	2	2849489	1	3153	2	0	3000
Picture	33	hit	1	3475	3	2858617	1	3153	3	0	3000
