Scenario - EFT rapido Abril 2011
Logfile written - 07/30/2012 14:26:11

Subject	Trial	Event Type	Code	Time	TTime	Uncertainty	Duration	Uncertainty	ReqTime	ReqDur	Stim Type	Pair Index

SG	2	Picture	21	10665	0	1	3167	2	0	3000	other	0
SG	3	Response	2	15474	1475	1
SG	4	Picture	21	19332	0	1	3166	2	0	3000	other	0
SG	5	Response	2	25161	2496	1
SG	6	Picture	21	29998	0	1	3167	2	0	3000	other	0
SG	7	Response	2	33598	267	2
SG	8	Picture	21	40498	0	1	3166	2	0	3000	other	0
SG	9	Response	2	45004	1173	2
SG	10	Picture	20	49831	0	1	3166	2	0	3000	other	0
SG	11	Response	2	53286	122	1
SG	12	Picture	20	60997	0	1	3167	2	0	3000	other	0
SG	13	Response	2	65160	830	1
SG	14	Picture	11	71663	0	1	3167	2	0	3000	other	0
SG	15	Response	1	76098	1101	1
SG	16	Picture	10	81163	0	1	3167	2	0	3000	other	0
SG	17	Response	2	85629	1133	1
SG	18	Picture	10	91829	0	1	3167	2	0	3000	other	0
SG	19	Response	1	97035	1872	1
SG	20	Picture	11	101662	0	1	3167	2	0	3000	other	0
SG	21	Response	1	106253	1257	2
SG	22	Picture	20	112995	0	1	3167	2	0	3000	other	0
SG	23	Response	2	117660	1331	1
SG	24	Picture	10	122328	0	1	3167	2	0	3000	other	0
SG	25	Response	1	127816	2154	1
SG	26	Picture	21	131828	0	1	3167	2	0	3000	other	0
SG	27	Response	2	135788	627	2
SG	28	Picture	10	140828	0	1	3166	2	0	3000	other	0
SG	29	Response	1	145628	1467	1
SG	30	Picture	11	149661	0	1	3166	2	0	3000	other	0
SG	30	Response	2	152972	3311	1
SG	32	Picture	21	160827	0	1	3167	2	0	3000	other	0
SG	33	Response	2	167190	3030	2
SG	34	Picture	21	169327	0	1	3166	2	0	3000	other	0
SG	35	Response	2	174221	1561	1
SG	36	Picture	10	178326	0	2	3167	3	0	3000	other	0
SG	37	Response	1	183752	2092	1
SG	38	Picture	10	189659	0	2	3167	3	0	3000	other	0
SG	39	Response	1	195940	2947	1
SG	40	Picture	10	198326	0	1	3166	2	0	3000	other	0
SG	41	Response	1	202815	1156	1
SG	42	Picture	20	208992	0	1	3167	2	0	3000	other	0
SG	43	Response	2	214221	1896	1
SG	44	Picture	20	219658	0	2	3167	3	0	3000	other	0
SG	45	Response	2	224377	1385	1
SG	46	Picture	20	228492	0	1	3166	2	0	3000	other	0
SG	47	Response	2	232814	989	2
SG	48	Picture	10	239491	0	1	3167	2	0	3000	other	0
SG	49	Response	1	243596	772	1
SG	50	Picture	20	249324	0	1	3167	2	0	3000	other	0
SG	51	Response	2	253127	470	1
SG	52	Picture	21	258491	0	1	3166	2	0	3000	other	0
SG	53	Response	1	263127	1303	1
SG	54	Picture	10	267657	0	1	3166	2	0	3000	other	0
SG	55	Response	1	274376	3386	2
SG	56	Picture	20	277823	0	1	3167	2	0	3000	other	0
SG	57	Response	2	283439	2283	1
SG	58	Picture	11	288490	0	1	3166	2	0	3000	other	0
SG	59	Response	1	292813	990	2
SG	60	Picture	21	297156	0	1	3166	3	0	3000	other	0
SG	61	Response	2	301095	606	1
SG	62	Picture	11	305822	0	1	3167	2	0	3000	other	0
SG	63	Response	1	310314	1158	1
SG	64	Picture	20	315322	0	1	3167	2	0	3000	other	0
SG	65	Response	2	319688	1033	1
SG	66	Picture	11	323988	0	1	3167	2	0	3000	other	0
SG	67	Response	1	328126	804	1
SG	68	Picture	20	334655	0	1	3166	2	0	3000	other	0
SG	69	Response	2	338126	138	1
SG	70	Picture	21	345821	0	1	3167	2	0	3000	other	0
SG	71	Response	2	351406	2252	2
SG	72	Picture	20	356321	0	1	3166	2	0	3000	other	0
SG	73	Response	2	360469	815	1
SG	74	Picture	20	365487	0	1	3167	2	0	3000	other	0
SG	75	Response	2	371250	2430	1
SG	76	Picture	11	376153	0	1	3167	2	0	3000	other	0
SG	77	Response	1	380156	669	1
SG	78	Picture	20	385153	0	1	3167	2	0	3000	other	0
SG	79	Response	2	389844	1358	1
SG	80	Picture	20	394153	0	1	3166	2	0	3000	other	0
SG	81	Response	1	397812	326	1
SG	82	Picture	11	402652	0	2	3167	3	0	3000	other	0
SG	83	Response	1	409375	3389	1
SG	84	Picture	10	413319	0	1	3166	2	0	3000	other	0
SG	85	Response	1	417343	691	2
SG	86	Picture	11	423818	0	1	3167	2	0	3000	other	0
SG	87	Response	2	428437	1285	1
SG	88	Picture	11	434485	0	1	3166	2	0	3000	other	0
SG	89	Response	1	440468	2650	1
SG	90	Picture	20	445818	0	1	3166	2	0	3000	other	0
SG	91	Response	2	450468	1317	1
SG	92	Picture	11	454317	0	1	3167	2	0	3000	other	0
SG	93	Response	1	459218	1567	1
SG	94	Picture	10	463817	0	1	3167	2	0	3000	other	0
SG	95	Response	1	470467	3317	1
SG	96	Picture	21	474483	0	1	3167	2	0	3000	other	0
SG	97	Response	1	479842	2025	2
SG	98	Picture	21	483816	0	2	3167	3	0	3000	other	0
SG	99	Response	2	489998	2848	2
SG	100	Picture	11	492983	0	1	3166	2	0	3000	other	0
SG	101	Response	1	498280	1964	1
SG	102	Picture	10	503149	0	1	3167	2	0	3000	other	0
SG	103	Response	1	510311	3829	2
SG	104	Picture	20	512815	0	2	3167	3	0	3000	other	0
SG	105	Response	2	520467	4318	1
SG	106	Picture	10	523482	0	1	3166	2	0	3000	other	0
SG	107	Response	1	529373	2558	1
SG	108	Picture	10	534648	0	1	3167	2	0	3000	other	0
SG	109	Response	2	538592	611	1
SG	110	Picture	21	545648	0	1	3166	2	0	3000	other	0
SG	111	Response	1	550623	1642	1
SG	112	Picture	11	555314	0	1	3167	2	0	3000	other	0
SG	114	Picture	11	563980	0	2	3167	3	0	3000	other	0
SG	114	Response	1	564216	236	2
SG	116	Picture	20	573980	0	1	3167	2	0	3000	other	0
SG	117	Response	2	578903	1590	2
SG	118	Picture	21	582980	0	1	3166	2	0	3000	other	0
SG	119	Response	1	587966	1653	1
SG	120	Picture	20	593146	0	1	3167	2	0	3000	other	0
SG	121	Response	2	601403	4924	1
SG	122	Picture	11	603979	0	1	3167	2	0	3000	other	0
SG	123	Response	1	609216	1904	1
SG	124	Picture	20	612479	0	1	3166	2	0	3000	other	0
SG	125	Response	2	617341	1529	1
SG	126	Picture	10	621812	0	1	3166	2	0	3000	other	0
SG	127	Response	1	626090	945	1
SG	128	Picture	10	632978	0	1	3167	2	0	3000	other	0
SG	129	Response	2	636559	248	1
SG	130	Picture	21	642811	0	1	3167	2	0	3000	other	0
SG	131	Response	1	647184	1040	1
SG	132	Picture	10	653644	0	1	3167	2	0	3000	other	0
SG	133	Response	1	660621	3644	1
SG	134	Picture	21	662811	0	1	3166	2	0	3000	other	0
SG	135	Response	2	667652	1508	1
SG	136	Picture	20	671310	0	1	3167	2	0	3000	other	0
SG	137	Response	2	676392	1749	1
SG	138	Picture	11	680477	0	1	3166	2	0	3000	other	0
SG	139	Response	1	685309	1499	1
SG	140	Picture	11	688976	0	1	3167	2	0	3000	other	0
SG	141	Response	1	693902	1592	2
SG	142	Picture	20	698143	0	1	3166	2	0	3000	other	0
SG	143	Response	2	702965	1489	1
SG	144	Picture	11	708476	0	1	3166	2	0	3000	other	0
SG	145	Response	1	713433	1624	1
SG	146	Picture	11	718142	0	1	3167	2	0	3000	other	0
SG	147	Response	1	723277	1802	1
SG	148	Picture	10	728642	0	1	3166	2	0	3000	other	0
SG	149	Response	1	733120	1145	1
SG	150	Picture	11	738808	0	1	3167	2	0	3000	other	0
SG	151	Response	1	742964	823	1
SG	152	Picture	21	749641	0	1	3167	2	0	3000	other	0
SG	153	Response	2	753589	615	1
SG	154	Picture	21	758474	0	1	3167	2	0	3000	other	0
SG	155	Response	2	762495	688	1
SG	156	Picture	21	767140	0	2	3167	3	0	3000	other	0
SG	157	Response	2	771401	927	1
SG	158	Picture	20	777473	0	1	3167	2	0	3000	other	0
SG	159	Response	2	782182	1375	1
SG	160	Picture	10	787473	0	1	3167	2	0	3000	other	0
SG	161	Response	1	792963	2157	2
SG	162	Picture	11	797473	0	1	3166	2	0	3000	other	0
SG	163	Response	1	802807	2001	1
SG	164	Picture	10	807306	0	1	3166	2	0	3000	other	0
SG	165	Response	1	812963	2324	1
SG	166	Picture	21	816972	0	1	3167	2	0	3000	other	0
SG	167	Response	2	821244	939	1
SG	168	Picture	10	826972	0	1	3166	2	0	3000	other	0
SG	169	Response	1	832181	1876	2
SG	170	Picture	10	836471	0	2	3167	3	0	3000	other	0
SG	171	Response	2	840150	345	2
SG	172	Picture	10	845471	0	1	3167	2	0	3000	other	0
SG	173	Response	1	849525	721	1
SG	174	Picture	11	854638	0	1	3166	2	0	3000	other	0
SG	175	Response	1	860619	2648	1
SG	176	Picture	20	865471	0	1	3166	2	0	3000	other	0
SG	177	Response	2	870462	1658	1
SG	178	Picture	11	875304	0	1	3166	2	0	3000	other	0
SG	179	Response	1	880619	1982	1
SG	180	Picture	11	884970	0	1	3166	2	0	3000	other	0
SG	181	Response	1	889681	1378	1
SG	182	Picture	20	895636	0	1	3167	2	0	3000	other	0
SG	183	Response	2	899524	555	1
SG	184	Picture	10	904969	0	1	3167	2	0	3000	other	0
SG	185	Response	1	908587	285	1
SG	186	Picture	11	915469	0	1	3166	2	0	3000	other	0
SG	187	Response	2	919055	253	2
SG	188	Picture	10	923969	0	1	3166	2	0	3000	other	0
SG	189	Response	1	928899	1597	1
SG	190	Picture	11	933302	0	1	3166	2	0	3000	other	0
SG	191	Response	2	937962	1327	1
SG	192	Picture	21	944635	0	1	3166	2	0	3000	other	0
SG	193	Response	2	951712	3744	1
SG	194	Picture	20	954968	0	1	3166	2	0	3000	other	0
SG	195	Response	2	959992	1691	1
SG	196	Picture	11	965134	0	1	3166	2	0	3000	other	0
SG	197	Response	1	969992	1525	1
SG	198	Picture	21	975967	0	1	3166	2	0	3000	other	0
SG	199	Response	2	979836	536	1
SG	200	Picture	10	985300	0	1	3166	2	0	3000	other	0
SG	201	Response	1	989992	1359	1
SG	202	Picture	11	994800	0	1	3166	2	0	3000	other	0
SG	203	Response	1	999523	1390	1
SG	204	Picture	20	1003966	0	1	3166	3	0	3000	other	0
SG	205	Response	2	1009992	2693	1
SG	206	Picture	20	1012966	0	1	3166	2	0	3000	other	0
SG	207	Response	2	1018429	2130	2
SG	208	Picture	20	1022799	0	1	3166	2	0	3000	other	0
SG	209	Response	2	1027179	1047	1
SG	210	Picture	20	1031298	0	1	3167	2	0	3000	other	0
SG	211	Response	2	1035777	1145	1
SG	212	Picture	10	1040631	0	1	3167	2	0	3000	other	0
SG	213	Response	1	1045929	1964	1
SG	214	Picture	11	1051131	0	1	3167	2	0	3000	other	0
SG	215	Response	2	1055263	799	2
SG	216	Picture	21	1060131	0	1	3166	2	0	3000	other	0
SG	217	Response	2	1065503	2039	1
SG	218	Picture	10	1068797	0	1	3167	2	0	3000	other	0
SG	219	Response	1	1074835	2705	1
SG	220	Picture	21	1080130	0	1	3167	2	0	3000	other	0
SG	221	Response	2	1084210	747	1
SG	222	Picture	20	1089296	0	2	3167	3	0	3000	other	0
SG	223	Response	2	1093584	954	2
SG	224	Picture	21	1098629	0	2	3167	3	0	3000	other	0
SG	225	Response	2	1102959	996	1
SG	226	Picture	10	1107796	0	1	3166	2	0	3000	other	0
SG	227	Response	1	1112803	1674	1
SG	228	Picture	20	1116462	0	1	3167	2	0	3000	other	0
SG	229	Response	2	1120616	821	1
SG	230	Picture	21	1127295	0	1	3167	2	0	3000	other	0
SG	231	Response	2	1131553	925	1
SG	232	Picture	21	1138295	0	1	3166	2	0	3000	other	0
SG	233	Response	2	1142178	550	1
SG	234	Picture	10	1146961	0	1	3167	2	0	3000	other	0
SG	235	Response	1	1152336	2042	1
SG	236	Picture	21	1155961	0	1	3166	3	0	3000	other	0
SG	237	Response	2	1159834	540	1
SG	238	Picture	11	1166627	0	1	3167	2	0	3000	other	0
SG	239	Response	1	1170615	655	1
SG	240	Picture	20	1177794	0	1	3166	2	0	3000	other	0
SG	240	Response	2	1180927	3133	1
SG	242	Picture	10	1188460	0	1	3166	2	0	3000	other	0
SG	243	Response	1	1192489	696	1
SG	244	Picture	20	1197626	0	1	3167	2	0	3000	other	0
SG	245	Response	2	1201395	436	2
SG	246	Picture	10	1208793	0	1	3166	2	0	3000	other	0
SG	246	Response	1	1211866	3073	2
SG	248	Picture	21	1217292	0	1	3167	2	0	3000	other	0
SG	249	Response	2	1220770	145	1
SG	250	Picture	21	1225959	0	1	3166	2	0	3000	other	0
SG	251	Response	1	1229340	48	1
SG	252	Picture	21	1236792	0	1	3166	2	0	3000	other	0
SG	253	Response	2	1240301	176	2
SG	254	Picture	10	1245958	0	1	3167	2	0	3000	other	0
SG	255	Response	1	1251395	2104	1
SG	256	Picture	21	1254624	0	1	3167	2	0	3000	other	0
SG	257	Response	2	1259989	2031	1
SG	258	Picture	11	1263291	0	1	3166	2	0	3000	other	0
SG	259	Response	1	1268894	2270	2
SG	260	Picture	20	1273624	0	1	3166	2	0	3000	other	0
SG	261	Response	2	1277801	844	1
SG	262	Picture	10	1284457	0	1	3166	2	0	3000	other	0
SG	263	Response	2	1288426	636	1
SG	264	Picture	10	1292956	0	2	3167	3	0	3000	other	0
SG	265	Response	2	1297332	1042	1
SG	266	Picture	11	1302789	0	2	3167	3	0	3000	other	0
SG	267	Response	1	1308113	1990	1
SG	268	Picture	10	1311956	0	1	3166	2	0	3000	other	0
SG	269	Response	1	1317332	2043	1
SG	270	Picture	10	1320955	0	2	3167	3	0	3000	other	0
SG	271	Response	1	1328894	4605	1
SG	272	Picture	10	1329622	0	1	3166	2	0	3000	other	0
SG	273	Response	1	1339362	6407	1
SG	274	Picture	11	1339622	0	1	3166	2	0	3000	other	0
SG	276	Picture	20	1348788	0	1	3166	3	0	3000	other	0
SG	277	Response	2	1354206	2085	1
SG	278	Picture	20	1357954	0	1	3167	2	0	3000	other	0
SG	279	Response	2	1364518	3231	1
SG	280	Picture	10	1367454	0	1	3167	2	0	3000	other	0
SG	281	Response	1	1374050	3263	1
SG	282	Picture	10	1376287	0	1	3167	2	0	3000	other	0
SG	283	Response	1	1384675	5055	1
SG	284	Picture	11	1387620	0	1	3167	2	0	3000	other	0
SG	286	Picture	20	1398453	0	1	3166	3	0	3000	other	0
SG	287	Response	2	1402018	232	1
SG	288	Picture	11	1409619	0	1	3167	2	0	3000	other	0
SG	289	Response	1	1413655	703	2
SG	290	Picture	11	1419619	0	1	3166	3	0	3000	other	0
SG	291	Response	1	1423892	940	2
SG	292	Picture	11	1430785	0	1	3167	2	0	3000	other	0
SG	293	Response	1	1434986	868	2
SG	294	Picture	21	1442118	0	1	3167	2	0	3000	other	0
SG	295	Response	2	1446392	941	1
SG	296	Picture	20	1451951	0	1	3167	2	0	3000	other	0
SG	297	Response	2	1456392	1108	1
SG	298	Picture	11	1460618	0	1	3166	2	0	3000	other	0
SG	299	Response	1	1465924	1973	1
SG	300	Picture	20	1469117	0	1	3167	2	0	3000	other	0
SG	301	Response	2	1475771	3321	1
SG	303	Picture	21	1498950	0	1	3166	2	0	3000	other	0
SG	304	Response	2	1504516	2233	2
SG	305	Picture	21	1510283	0	1	3166	2	0	3000	other	0
SG	306	Response	2	1513735	119	1
SG	307	Picture	10	1521282	0	1	3167	2	0	3000	other	0
SG	307	Response	2	1524360	3078	1
SG	309	Picture	21	1530115	0	1	3167	2	0	3000	other	0
SG	310	Response	2	1536533	3085	1
SG	311	Picture	20	1539115	0	1	3167	2	0	3000	other	0
SG	312	Response	2	1544360	1912	1
SG	313	Picture	21	1549115	0	1	3166	2	0	3000	other	0
SG	314	Response	2	1553735	1287	1
SG	315	Picture	21	1557948	0	1	3166	2	0	3000	other	0
SG	316	Response	2	1563891	2610	1
SG	317	Picture	11	1567781	0	1	3166	2	0	3000	other	0
SG	318	Response	1	1572953	1839	1
SG	319	Picture	10	1577947	0	1	3167	2	0	3000	other	0
SG	320	Response	1	1583734	2454	1
SG	321	Picture	20	1587780	0	1	3167	2	0	3000	other	0
SG	322	Response	2	1592329	1216	1
SG	323	Picture	11	1598613	0	1	3167	2	0	3000	other	0
SG	324	Response	2	1602796	850	1
SG	325	Picture	11	1607946	0	1	3167	2	0	3000	other	0
SG	326	Response	1	1611547	268	1
SG	327	Picture	20	1616612	0	2	3167	3	0	3000	other	0
SG	328	Response	2	1621078	1132	1
SG	329	Picture	10	1627445	0	1	3167	2	0	3000	other	0
SG	330	Response	1	1632484	1705	1
SG	331	Picture	21	1637612	0	1	3166	2	0	3000	other	0
SG	332	Response	2	1641702	757	2
SG	333	Picture	20	1648778	0	1	3167	2	0	3000	other	0
SG	334	Response	1	1652952	841	1
SG	335	Picture	20	1659444	0	1	3167	2	0	3000	other	0
SG	336	Response	2	1663890	1112	1
SG	337	Picture	11	1668111	0	1	3166	2	0	3000	other	0
SG	338	Response	1	1674045	2601	2
SG	339	Picture	21	1679444	0	1	3166	2	0	3000	other	0
SG	340	Response	2	1683889	1112	2
SG	341	Picture	20	1690777	0	1	3166	2	0	3000	other	0
SG	342	Response	1	1694983	873	1
SG	343	Picture	11	1701776	0	1	3167	2	0	3000	other	0
SG	344	Response	1	1709357	4248	2
SG	345	Picture	20	1712276	0	1	3166	3	0	3000	other	0
SG	346	Response	2	1717639	2030	1
SG	347	Picture	20	1721276	0	1	3166	2	0	3000	other	0
SG	348	Response	2	1726076	1467	1
SG	349	Picture	11	1732109	0	1	3166	2	0	3000	other	0
SG	350	Response	1	1737326	1884	1
SG	351	Picture	20	1741442	0	1	3166	2	0	3000	other	0
SG	352	Response	2	1748264	3489	1
SG	353	Picture	10	1749941	0	1	3167	2	0	3000	other	0
SG	354	Response	1	1756544	3269	1
SG	355	Picture	21	1758441	0	1	3167	2	0	3000	other	0
SG	356	Response	2	1767794	6020	2
SG	357	Picture	20	1769774	0	1	3167	2	0	3000	other	0
SG	358	Response	2	1777638	4531	1
SG	359	Picture	11	1778940	0	1	3167	2	0	3000	other	0
SG	360	Response	1	1785138	2864	1
SG	361	Picture	10	1787607	0	1	3166	2	0	3000	other	0
SG	362	Response	2	1793419	2479	1
SG	363	Picture	10	1798106	0	2	3167	3	0	3000	other	0
SG	364	Response	1	1804825	3385	2
SG	365	Picture	21	1807606	0	1	3167	2	0	3000	other	0
SG	366	Response	2	1813887	2948	2
SG	367	Picture	21	1816772	0	2	3167	3	0	3000	other	0
SG	368	Response	2	1822012	1906	1
SG	369	Picture	20	1825272	0	1	3167	2	0	3000	other	0
SG	370	Response	2	1829668	1063	1
SG	371	Picture	10	1835772	0	1	3166	2	0	3000	other	0
SG	372	Response	1	1840606	1501	1
SG	373	Picture	11	1844938	0	1	3167	2	0	3000	other	0
SG	374	Response	2	1848575	304	1
SG	375	Picture	20	1854438	0	1	3166	3	0	3000	other	0
SG	376	Response	2	1859513	1742	1
SG	377	Picture	10	1865438	0	1	3166	2	0	3000	other	0
SG	378	Response	1	1870606	1835	1
SG	379	Picture	21	1875437	0	1	3167	2	0	3000	other	0
SG	380	Response	2	1879980	1210	1
SG	381	Picture	11	1884604	0	1	3166	2	0	3000	other	0
SG	382	Response	1	1889043	1106	1
SG	383	Picture	11	1895770	0	1	3166	2	0	3000	other	0
SG	384	Response	1	1901699	2596	1
SG	385	Picture	11	1906270	0	1	3166	2	0	3000	other	0
SG	386	Response	1	1912949	3346	1
SG	387	Picture	20	1915103	0	1	3166	2	0	3000	other	0
SG	388	Response	2	1921698	3262	1
SG	389	Picture	21	1926436	0	1	3166	2	0	3000	other	0
SG	390	Response	2	1932011	2242	1
SG	391	Picture	21	1936435	0	1	3167	2	0	3000	other	0
SG	392	Response	2	1940917	1149	1
SG	393	Picture	11	1946935	0	1	3166	2	0	3000	other	0
SG	394	Response	1	1951542	1274	1
SG	395	Picture	21	1957101	0	1	3167	2	0	3000	other	0
SG	396	Response	2	1961698	1264	1
SG	397	Picture	20	1966101	0	1	3166	2	0	3000	other	0
SG	398	Response	1	1970135	701	2
SG	399	Picture	21	1977434	0	1	3166	2	0	3000	other	0
SG	400	Response	2	1981542	775	1
SG	401	Picture	21	1987267	0	1	3166	2	0	3000	other	0
SG	402	Response	2	1991385	785	1
SG	403	Picture	11	1996100	0	1	3166	3	0	3000	other	0
SG	404	Response	1	2001385	1952	1
SG	405	Picture	20	2005766	0	1	3167	2	0	3000	other	0
SG	406	Response	2	2010604	1505	1
SG	407	Picture	11	2016099	0	1	3167	2	0	3000	other	0
SG	408	Response	1	2020292	860	1
SG	409	Picture	11	2025432	0	1	3167	2	0	3000	other	0
SG	410	Response	1	2030916	2150	1
SG	411	Picture	11	2035599	0	1	3166	2	0	3000	other	0
SG	412	Response	1	2039666	734	1
SG	413	Picture	11	2045932	0	1	3166	2	0	3000	other	0
SG	414	Response	1	2049978	713	2
SG	415	Picture	11	2054598	0	1	3167	2	0	3000	other	0
SG	416	Response	1	2059665	1734	2
SG	417	Picture	20	2063598	0	1	3166	2	0	3000	other	0
SG	418	Response	2	2068884	1953	1
SG	419	Picture	20	2072264	0	1	3167	2	0	3000	other	0
SG	420	Response	2	2077634	2037	1
SG	421	Picture	10	2083597	0	1	3167	2	0	3000	other	0
SG	422	Response	1	2089821	2891	2
SG	423	Picture	11	2094430	0	1	3167	2	0	3000	other	0
SG	425	Picture	10	2103430	0	1	3166	2	0	3000	other	0
SG	425	Response	1	2103884	454	1
SG	427	Picture	21	2114263	0	1	3166	2	0	3000	other	0
SG	428	Response	2	2118883	1287	2
SG	429	Picture	11	2122762	0	1	3167	2	0	3000	other	0
SG	430	Response	1	2129665	3569	1
SG	431	Picture	21	2133262	0	1	3167	2	0	3000	other	0
SG	432	Response	2	2139508	2913	2
SG	433	Picture	21	2144428	0	1	3167	2	0	3000	other	0
SG	434	Response	2	2149977	2215	1
SG	435	Picture	10	2155095	0	1	3166	2	0	3000	other	0
SG	436	Response	1	2160289	1861	2
SG	437	Picture	10	2166261	0	1	3167	2	0	3000	other	0
SG	438	Response	1	2171695	2101	1
SG	439	Picture	20	2177094	0	1	3167	2	0	3000	other	0
SG	441	Picture	11	2186760	0	1	3167	2	0	3000	other	0
SG	441	Response	2	2189039	2279	1
SG	442	Response	1	2196383	6289	1
SG	443	Picture	11	2197260	0	1	3167	2	0	3000	other	0
SG	445	Picture	11	2206593	0	1	3167	2	0	3000	other	0
SG	445	Response	1	2209508	2915	1
SG	447	Picture	11	2217759	0	1	3167	2	0	3000	other	0
SG	448	Response	1	2223882	2790	2
SG	449	Picture	10	2227092	0	1	3167	2	0	3000	other	0
SG	450	Response	1	2235913	5487	1
SG	451	Picture	20	2236259	0	1	3166	2	0	3000	other	0
SG	452	Response	2	2241853	2261	2
SG	453	Picture	20	2244758	0	1	3167	2	0	3000	other	0
SG	454	Response	2	2251382	3290	1
SG	455	Picture	10	2255591	0	1	3167	2	0	3000	other	0
SG	456	Response	1	2260601	1676	1
SG	457	Picture	11	2264091	0	1	3167	2	0	3000	other	0
SG	458	Response	1	2268882	1458	1
SG	459	Picture	21	2273591	0	1	3166	2	0	3000	other	0
SG	460	Response	2	2278100	1176	1
SG	461	Picture	11	2282924	0	1	3166	2	0	3000	other	0
SG	462	Response	1	2288100	1843	1
SG	463	Picture	20	2291423	0	2	3167	3	0	3000	other	0
SG	464	Response	2	2295131	374	1
SG	465	Picture	20	2302590	0	1	3166	2	0	3000	other	0
SG	466	Response	1	2306225	302	1
SG	467	Picture	10	2311923	0	1	3166	2	0	3000	other	0
SG	468	Response	1	2317318	2062	2
SG	469	Picture	11	2323256	0	1	3166	2	0	3000	other	0
SG	470	Response	1	2328412	1823	1
SG	471	Picture	11	2333755	0	2	3167	3	0	3000	other	0
SG	472	Response	1	2338881	1792	1
SG	473	Picture	10	2343422	0	1	3166	2	0	3000	other	0
SG	474	Response	1	2347162	407	1
SG	475	Picture	20	2354588	0	1	3167	2	0	3000	other	0
SG	476	Response	2	2359193	1272	1
SG	477	Picture	20	2364421	0	1	3167	2	0	3000	other	0
SG	477	Response	1	2367318	2897	1
SG	479	Picture	10	2373587	0	2	3167	3	0	3000	other	0
SG	480	Response	1	2378880	1959	1
SG	481	Picture	10	2382254	0	1	3166	2	0	3000	other	0
SG	482	Response	1	2388411	2824	1
SG	483	Picture	10	2393087	0	1	3166	2	0	3000	other	0
SG	484	Response	1	2397005	585	1
SG	485	Picture	20	2401753	0	1	3167	2	0	3000	other	0
SG	486	Response	2	2407317	2231	2
SG	487	Picture	10	2412753	0	1	3166	2	0	3000	other	0
SG	488	Response	1	2418255	2169	1
SG	489	Picture	20	2423086	0	1	3166	2	0	3000	other	0
SG	490	Response	2	2426850	431	1
SG	491	Picture	21	2433752	0	1	3167	2	0	3000	other	0
SG	492	Response	2	2439348	2263	1
SG	493	Picture	11	2444085	0	1	3167	2	0	3000	other	0
SG	494	Response	1	2448411	993	1
SG	495	Picture	11	2453918	0	1	3167	2	0	3000	other	0
SG	496	Response	2	2457942	691	1
SG	497	Picture	11	2465418	0	1	3166	2	0	3000	other	0
SG	497	Response	2	2468723	3305	1
SG	499	Picture	21	2475084	0	1	3167	2	0	3000	other	0
SG	499	Response	1	2477941	2857	1
SG	501	Picture	11	2484584	0	1	3166	2	0	3000	other	0
SG	502	Response	1	2491066	3149	1
SG	503	Picture	21	2495750	0	1	3167	2	0	3000	other	0
SG	504	Response	2	2500129	1046	1
SG	505	Picture	21	2505083	0	1	3167	2	0	3000	other	0
SG	506	Response	2	2509035	619	1
SG	507	Picture	20	2515416	0	1	3167	2	0	3000	other	0
SG	508	Response	2	2519191	442	1
SG	509	Picture	10	2524416	0	1	3166	2	0	3000	other	0
SG	510	Response	1	2530441	2692	1
SG	511	Picture	21	2535415	0	2	3167	3	0	3000	other	0
SG	512	Response	2	2539191	442	1
SG	513	Picture	20	2545415	0	1	3167	2	0	3000	other	0
SG	514	Response	2	2550128	1380	1
SG	515	Picture	10	2555581	0	2	3167	3	0	3000	other	0
SG	516	Response	1	2560128	1213	1
SG	517	Picture	11	2565581	0	1	3167	2	0	3000	other	0
SG	518	Response	2	2569503	589	1
SG	519	Picture	20	2576747	0	2	3167	3	0	3000	other	0
SG	520	Response	2	2581849	1768	1
SG	521	Picture	20	2586247	0	1	3167	2	0	3000	other	0
SG	522	Response	2	2591221	1641	1
SG	523	Picture	21	2595913	0	2	3167	3	0	3000	other	0
SG	524	Response	2	2602471	3224	1
SG	525	Picture	21	2606746	0	2	3167	3	0	3000	other	0
SG	526	Response	2	2611221	1141	1
SG	527	Picture	11	2617246	0	1	3167	2	0	3000	other	0
SG	528	Response	1	2622471	1892	1
SG	529	Picture	10	2626412	0	2	3167	3	0	3000	other	0
SG	530	Response	1	2634346	4600	1
SG	531	Picture	20	2637412	0	1	3167	2	0	3000	other	0
SG	532	Response	2	2643510	2765	4
SG	533	Picture	20	2648578	0	1	3167	2	0	3000	other	0
SG	534	Response	2	2654189	2277	2
SG	535	Picture	21	2659411	0	1	3167	2	0	3000	other	0
SG	536	Response	2	2664658	1913	1
SG	537	Picture	11	2669078	0	1	3166	2	0	3000	other	0
SG	538	Response	1	2673720	1309	1
SG	539	Picture	11	2678577	0	2	3167	3	0	3000	other	0
SG	540	Response	1	2683388	1477	1
SG	541	Picture	11	2688910	0	1	3167	2	0	3000	other	0
SG	542	Response	1	2692315	71	2
SG	543	Picture	10	2698743	0	1	3167	2	0	3000	other	0
SG	544	Response	1	2704501	2424	2
SG	545	Picture	11	2709410	0	1	3166	2	0	3000	other	0
SG	546	Response	1	2713563	820	1
SG	547	Picture	10	2719243	0	1	3166	2	0	3000	other	0
SG	548	Response	1	2724344	1768	2
SG	549	Picture	10	2727909	0	1	3167	2	0	3000	other	0
SG	551	Picture	10	2736409	0	1	3166	2	0	3000	other	0
SG	552	Response	1	2741376	1634	1
SG	553	Picture	10	2746242	0	1	3166	2	0	3000	other	0
SG	554	Response	1	2751063	1488	1
SG	555	Picture	20	2756908	0	1	3167	2	0	3000	other	0
SG	556	Response	1	2762315	2074	2
SG	557	Picture	21	2765741	0	1	3167	2	0	3000	other	0
SG	558	Response	2	2772781	3707	2
SG	559	Picture	10	2775908	0	1	3166	2	0	3000	other	0
SG	560	Response	1	2784187	4946	2
SG	561	Picture	10	2785574	0	1	3166	2	0	3000	other	0
SG	562	Response	1	2794656	5749	1
SG	563	Picture	10	2794907	0	1	3166	3	0	3000	other	0
SG	565	Picture	21	2804073	0	1	3167	2	0	3000	other	0
SG	566	Response	1	2809187	1781	1
SG	567	Picture	20	2814573	0	1	3167	2	0	3000	other	0
SG	568	Response	2	2822312	4406	2
SG	569	Picture	21	2824239	0	1	3167	2	0	3000	other	0
SG	570	Response	2	2829031	1459	1
SG	571	Picture	11	2835406	0	1	3166	2	0	3000	other	0
SG	572	Response	1	2841374	2635	1
SG	573	Picture	10	2846405	0	1	3167	2	0	3000	other	0
SG	574	Response	1	2851061	1323	2
SG	575	Picture	10	2856905	0	1	3166	2	0	3000	other	0
SG	576	Response	1	2861062	824	1
SG	577	Picture	10	2865738	0	1	3166	3	0	3000	other	0
SG	578	Response	1	2871061	1990	2
SG	579	Picture	20	2877071	0	1	3166	2	0	3000	other	0
SG	580	Response	2	2881845	1441	1
SG	581	Picture	10	2888404	0	1	3166	2	0	3000	other	0
SG	582	Response	1	2893873	2136	2
SG	583	Picture	10	2899403	0	2	3167	3	0	3000	other	0
SG	584	Response	1	2905280	2543	1
SG	585	Picture	10	2909236	0	2	3167	3	0	3000	other	0
SG	587	Picture	11	2918070	0	1	3166	2	0	3000	other	0
SG	587	Response	1	2921061	2991	1
SG	589	Picture	10	2927736	0	1	3166	3	0	3000	other	0
SG	590	Response	1	2931998	929	1
SG	591	Picture	21	2937402	0	1	3167	2	0	3000	other	0
SG	592	Response	2	2942311	1576	1
SG	593	Picture	10	2947902	0	1	3166	2	0	3000	other	0
SG	594	Response	1	2953091	1856	2
SG	595	Picture	11	2958901	0	2	3167	3	0	3000	other	0
SG	596	Response	1	2964497	2262	2
SG	597	Picture	21	2967735	0	1	3166	2	0	3000	other	0
SG	598	Response	2	2972779	1711	1
SG	599	Picture	10	2976401	0	1	3166	3	0	3000	other	0
SG	600	Response	1	2980747	1013	1
SG	601	Picture	20	2984901	0	1	3166	2	0	3000	other	0
SG	601	Response	2	2988091	3190	1


Event Type	Code	Type	Response	RT	RT Uncertainty	Time	Uncertainty	Duration	Uncertainty	ReqTime	ReqDur

Picture	21	other				10665	1	3167	2	0	3000
Picture	21	other				19332	1	3166	2	0	3000
Picture	21	other				29998	1	3167	2	0	3000
Picture	21	other				40498	1	3166	2	0	3000
Picture	20	other				49831	1	3166	2	0	3000
Picture	20	other				60997	1	3167	2	0	3000
Picture	11	other				71663	1	3167	2	0	3000
Picture	10	other				81163	1	3167	2	0	3000
Picture	10	other				91829	1	3167	2	0	3000
Picture	11	other				101662	1	3167	2	0	3000
Picture	20	other				112995	1	3167	2	0	3000
Picture	10	other				122328	1	3167	2	0	3000
Picture	21	other				131828	1	3167	2	0	3000
Picture	10	other				140828	1	3166	2	0	3000
Picture	11	other				149661	1	3166	2	0	3000
Picture	21	other				160827	1	3167	2	0	3000
Picture	21	other				169327	1	3166	2	0	3000
Picture	10	other				178326	2	3167	3	0	3000
Picture	10	other				189659	2	3167	3	0	3000
Picture	10	other				198326	1	3166	2	0	3000
Picture	20	other				208992	1	3167	2	0	3000
Picture	20	other				219658	2	3167	3	0	3000
Picture	20	other				228492	1	3166	2	0	3000
Picture	10	other				239491	1	3167	2	0	3000
Picture	20	other				249324	1	3167	2	0	3000
Picture	21	other				258491	1	3166	2	0	3000
Picture	10	other				267657	1	3166	2	0	3000
Picture	20	other				277823	1	3167	2	0	3000
Picture	11	other				288490	1	3166	2	0	3000
Picture	21	other				297156	1	3166	3	0	3000
Picture	11	other				305822	1	3167	2	0	3000
Picture	20	other				315322	1	3167	2	0	3000
Picture	11	other				323988	1	3167	2	0	3000
Picture	20	other				334655	1	3166	2	0	3000
Picture	21	other				345821	1	3167	2	0	3000
Picture	20	other				356321	1	3166	2	0	3000
Picture	20	other				365487	1	3167	2	0	3000
Picture	11	other				376153	1	3167	2	0	3000
Picture	20	other				385153	1	3167	2	0	3000
Picture	20	other				394153	1	3166	2	0	3000
Picture	11	other				402652	2	3167	3	0	3000
Picture	10	other				413319	1	3166	2	0	3000
Picture	11	other				423818	1	3167	2	0	3000
Picture	11	other				434485	1	3166	2	0	3000
Picture	20	other				445818	1	3166	2	0	3000
Picture	11	other				454317	1	3167	2	0	3000
Picture	10	other				463817	1	3167	2	0	3000
Picture	21	other				474483	1	3167	2	0	3000
Picture	21	other				483816	2	3167	3	0	3000
Picture	11	other				492983	1	3166	2	0	3000
Picture	10	other				503149	1	3167	2	0	3000
Picture	20	other				512815	2	3167	3	0	3000
Picture	10	other				523482	1	3166	2	0	3000
Picture	10	other				534648	1	3167	2	0	3000
Picture	21	other				545648	1	3166	2	0	3000
Picture	11	other				555314	1	3167	2	0	3000
Picture	11	other				563980	2	3167	3	0	3000
Picture	20	other				573980	1	3167	2	0	3000
Picture	21	other				582980	1	3166	2	0	3000
Picture	20	other				593146	1	3167	2	0	3000
Picture	11	other				603979	1	3167	2	0	3000
Picture	20	other				612479	1	3166	2	0	3000
Picture	10	other				621812	1	3166	2	0	3000
Picture	10	other				632978	1	3167	2	0	3000
Picture	21	other				642811	1	3167	2	0	3000
Picture	10	other				653644	1	3167	2	0	3000
Picture	21	other				662811	1	3166	2	0	3000
Picture	20	other				671310	1	3167	2	0	3000
Picture	11	other				680477	1	3166	2	0	3000
Picture	11	other				688976	1	3167	2	0	3000
Picture	20	other				698143	1	3166	2	0	3000
Picture	11	other				708476	1	3166	2	0	3000
Picture	11	other				718142	1	3167	2	0	3000
Picture	10	other				728642	1	3166	2	0	3000
Picture	11	other				738808	1	3167	2	0	3000
Picture	21	other				749641	1	3167	2	0	3000
Picture	21	other				758474	1	3167	2	0	3000
Picture	21	other				767140	2	3167	3	0	3000
Picture	20	other				777473	1	3167	2	0	3000
Picture	10	other				787473	1	3167	2	0	3000
Picture	11	other				797473	1	3166	2	0	3000
Picture	10	other				807306	1	3166	2	0	3000
Picture	21	other				816972	1	3167	2	0	3000
Picture	10	other				826972	1	3166	2	0	3000
Picture	10	other				836471	2	3167	3	0	3000
Picture	10	other				845471	1	3167	2	0	3000
Picture	11	other				854638	1	3166	2	0	3000
Picture	20	other				865471	1	3166	2	0	3000
Picture	11	other				875304	1	3166	2	0	3000
Picture	11	other				884970	1	3166	2	0	3000
Picture	20	other				895636	1	3167	2	0	3000
Picture	10	other				904969	1	3167	2	0	3000
Picture	11	other				915469	1	3166	2	0	3000
Picture	10	other				923969	1	3166	2	0	3000
Picture	11	other				933302	1	3166	2	0	3000
Picture	21	other				944635	1	3166	2	0	3000
Picture	20	other				954968	1	3166	2	0	3000
Picture	11	other				965134	1	3166	2	0	3000
Picture	21	other				975967	1	3166	2	0	3000
Picture	10	other				985300	1	3166	2	0	3000
Picture	11	other				994800	1	3166	2	0	3000
Picture	20	other				1003966	1	3166	3	0	3000
Picture	20	other				1012966	1	3166	2	0	3000
Picture	20	other				1022799	1	3166	2	0	3000
Picture	20	other				1031298	1	3167	2	0	3000
Picture	10	other				1040631	1	3167	2	0	3000
Picture	11	other				1051131	1	3167	2	0	3000
Picture	21	other				1060131	1	3166	2	0	3000
Picture	10	other				1068797	1	3167	2	0	3000
Picture	21	other				1080130	1	3167	2	0	3000
Picture	20	other				1089296	2	3167	3	0	3000
Picture	21	other				1098629	2	3167	3	0	3000
Picture	10	other				1107796	1	3166	2	0	3000
Picture	20	other				1116462	1	3167	2	0	3000
Picture	21	other				1127295	1	3167	2	0	3000
Picture	21	other				1138295	1	3166	2	0	3000
Picture	10	other				1146961	1	3167	2	0	3000
Picture	21	other				1155961	1	3166	3	0	3000
Picture	11	other				1166627	1	3167	2	0	3000
Picture	20	other				1177794	1	3166	2	0	3000
Picture	10	other				1188460	1	3166	2	0	3000
Picture	20	other				1197626	1	3167	2	0	3000
Picture	10	other				1208793	1	3166	2	0	3000
Picture	21	other				1217292	1	3167	2	0	3000
Picture	21	other				1225959	1	3166	2	0	3000
Picture	21	other				1236792	1	3166	2	0	3000
Picture	10	other				1245958	1	3167	2	0	3000
Picture	21	other				1254624	1	3167	2	0	3000
Picture	11	other				1263291	1	3166	2	0	3000
Picture	20	other				1273624	1	3166	2	0	3000
Picture	10	other				1284457	1	3166	2	0	3000
Picture	10	other				1292956	2	3167	3	0	3000
Picture	11	other				1302789	2	3167	3	0	3000
Picture	10	other				1311956	1	3166	2	0	3000
Picture	10	other				1320955	2	3167	3	0	3000
Picture	10	other				1329622	1	3166	2	0	3000
Picture	11	other				1339622	1	3166	2	0	3000
Picture	20	other				1348788	1	3166	3	0	3000
Picture	20	other				1357954	1	3167	2	0	3000
Picture	10	other				1367454	1	3167	2	0	3000
Picture	10	other				1376287	1	3167	2	0	3000
Picture	11	other				1387620	1	3167	2	0	3000
Picture	20	other				1398453	1	3166	3	0	3000
Picture	11	other				1409619	1	3167	2	0	3000
Picture	11	other				1419619	1	3166	3	0	3000
Picture	11	other				1430785	1	3167	2	0	3000
Picture	21	other				1442118	1	3167	2	0	3000
Picture	20	other				1451951	1	3167	2	0	3000
Picture	11	other				1460618	1	3166	2	0	3000
Picture	20	other				1469117	1	3167	2	0	3000
Picture	21	other				1498950	1	3166	2	0	3000
Picture	21	other				1510283	1	3166	2	0	3000
Picture	10	other				1521282	1	3167	2	0	3000
Picture	21	other				1530115	1	3167	2	0	3000
Picture	20	other				1539115	1	3167	2	0	3000
Picture	21	other				1549115	1	3166	2	0	3000
Picture	21	other				1557948	1	3166	2	0	3000
Picture	11	other				1567781	1	3166	2	0	3000
Picture	10	other				1577947	1	3167	2	0	3000
Picture	20	other				1587780	1	3167	2	0	3000
Picture	11	other				1598613	1	3167	2	0	3000
Picture	11	other				1607946	1	3167	2	0	3000
Picture	20	other				1616612	2	3167	3	0	3000
Picture	10	other				1627445	1	3167	2	0	3000
Picture	21	other				1637612	1	3166	2	0	3000
Picture	20	other				1648778	1	3167	2	0	3000
Picture	20	other				1659444	1	3167	2	0	3000
Picture	11	other				1668111	1	3166	2	0	3000
Picture	21	other				1679444	1	3166	2	0	3000
Picture	20	other				1690777	1	3166	2	0	3000
Picture	11	other				1701776	1	3167	2	0	3000
Picture	20	other				1712276	1	3166	3	0	3000
Picture	20	other				1721276	1	3166	2	0	3000
Picture	11	other				1732109	1	3166	2	0	3000
Picture	20	other				1741442	1	3166	2	0	3000
Picture	10	other				1749941	1	3167	2	0	3000
Picture	21	other				1758441	1	3167	2	0	3000
Picture	20	other				1769774	1	3167	2	0	3000
Picture	11	other				1778940	1	3167	2	0	3000
Picture	10	other				1787607	1	3166	2	0	3000
Picture	10	other				1798106	2	3167	3	0	3000
Picture	21	other				1807606	1	3167	2	0	3000
Picture	21	other				1816772	2	3167	3	0	3000
Picture	20	other				1825272	1	3167	2	0	3000
Picture	10	other				1835772	1	3166	2	0	3000
Picture	11	other				1844938	1	3167	2	0	3000
Picture	20	other				1854438	1	3166	3	0	3000
Picture	10	other				1865438	1	3166	2	0	3000
Picture	21	other				1875437	1	3167	2	0	3000
Picture	11	other				1884604	1	3166	2	0	3000
Picture	11	other				1895770	1	3166	2	0	3000
Picture	11	other				1906270	1	3166	2	0	3000
Picture	20	other				1915103	1	3166	2	0	3000
Picture	21	other				1926436	1	3166	2	0	3000
Picture	21	other				1936435	1	3167	2	0	3000
Picture	11	other				1946935	1	3166	2	0	3000
Picture	21	other				1957101	1	3167	2	0	3000
Picture	20	other				1966101	1	3166	2	0	3000
Picture	21	other				1977434	1	3166	2	0	3000
Picture	21	other				1987267	1	3166	2	0	3000
Picture	11	other				1996100	1	3166	3	0	3000
Picture	20	other				2005766	1	3167	2	0	3000
Picture	11	other				2016099	1	3167	2	0	3000
Picture	11	other				2025432	1	3167	2	0	3000
Picture	11	other				2035599	1	3166	2	0	3000
Picture	11	other				2045932	1	3166	2	0	3000
Picture	11	other				2054598	1	3167	2	0	3000
Picture	20	other				2063598	1	3166	2	0	3000
Picture	20	other				2072264	1	3167	2	0	3000
Picture	10	other				2083597	1	3167	2	0	3000
Picture	11	other				2094430	1	3167	2	0	3000
Picture	10	other				2103430	1	3166	2	0	3000
Picture	21	other				2114263	1	3166	2	0	3000
Picture	11	other				2122762	1	3167	2	0	3000
Picture	21	other				2133262	1	3167	2	0	3000
Picture	21	other				2144428	1	3167	2	0	3000
Picture	10	other				2155095	1	3166	2	0	3000
Picture	10	other				2166261	1	3167	2	0	3000
Picture	20	other				2177094	1	3167	2	0	3000
Picture	11	other				2186760	1	3167	2	0	3000
Picture	11	other				2197260	1	3167	2	0	3000
Picture	11	other				2206593	1	3167	2	0	3000
Picture	11	other				2217759	1	3167	2	0	3000
Picture	10	other				2227092	1	3167	2	0	3000
Picture	20	other				2236259	1	3166	2	0	3000
Picture	20	other				2244758	1	3167	2	0	3000
Picture	10	other				2255591	1	3167	2	0	3000
Picture	11	other				2264091	1	3167	2	0	3000
Picture	21	other				2273591	1	3166	2	0	3000
Picture	11	other				2282924	1	3166	2	0	3000
Picture	20	other				2291423	2	3167	3	0	3000
Picture	20	other				2302590	1	3166	2	0	3000
Picture	10	other				2311923	1	3166	2	0	3000
Picture	11	other				2323256	1	3166	2	0	3000
Picture	11	other				2333755	2	3167	3	0	3000
Picture	10	other				2343422	1	3166	2	0	3000
Picture	20	other				2354588	1	3167	2	0	3000
Picture	20	other				2364421	1	3167	2	0	3000
Picture	10	other				2373587	2	3167	3	0	3000
Picture	10	other				2382254	1	3166	2	0	3000
Picture	10	other				2393087	1	3166	2	0	3000
Picture	20	other				2401753	1	3167	2	0	3000
Picture	10	other				2412753	1	3166	2	0	3000
Picture	20	other				2423086	1	3166	2	0	3000
Picture	21	other				2433752	1	3167	2	0	3000
Picture	11	other				2444085	1	3167	2	0	3000
Picture	11	other				2453918	1	3167	2	0	3000
Picture	11	other				2465418	1	3166	2	0	3000
Picture	21	other				2475084	1	3167	2	0	3000
Picture	11	other				2484584	1	3166	2	0	3000
Picture	21	other				2495750	1	3167	2	0	3000
Picture	21	other				2505083	1	3167	2	0	3000
Picture	20	other				2515416	1	3167	2	0	3000
Picture	10	other				2524416	1	3166	2	0	3000
Picture	21	other				2535415	2	3167	3	0	3000
Picture	20	other				2545415	1	3167	2	0	3000
Picture	10	other				2555581	2	3167	3	0	3000
Picture	11	other				2565581	1	3167	2	0	3000
Picture	20	other				2576747	2	3167	3	0	3000
Picture	20	other				2586247	1	3167	2	0	3000
Picture	21	other				2595913	2	3167	3	0	3000
Picture	21	other				2606746	2	3167	3	0	3000
Picture	11	other				2617246	1	3167	2	0	3000
Picture	10	other				2626412	2	3167	3	0	3000
Picture	20	other				2637412	1	3167	2	0	3000
Picture	20	other				2648578	1	3167	2	0	3000
Picture	21	other				2659411	1	3167	2	0	3000
Picture	11	other				2669078	1	3166	2	0	3000
Picture	11	other				2678577	2	3167	3	0	3000
Picture	11	other				2688910	1	3167	2	0	3000
Picture	10	other				2698743	1	3167	2	0	3000
Picture	11	other				2709410	1	3166	2	0	3000
Picture	10	other				2719243	1	3166	2	0	3000
Picture	10	other				2727909	1	3167	2	0	3000
Picture	10	other				2736409	1	3166	2	0	3000
Picture	10	other				2746242	1	3166	2	0	3000
Picture	20	other				2756908	1	3167	2	0	3000
Picture	21	other				2765741	1	3167	2	0	3000
Picture	10	other				2775908	1	3166	2	0	3000
Picture	10	other				2785574	1	3166	2	0	3000
Picture	10	other				2794907	1	3166	3	0	3000
Picture	21	other				2804073	1	3167	2	0	3000
Picture	20	other				2814573	1	3167	2	0	3000
Picture	21	other				2824239	1	3167	2	0	3000
Picture	11	other				2835406	1	3166	2	0	3000
Picture	10	other				2846405	1	3167	2	0	3000
Picture	10	other				2856905	1	3166	2	0	3000
Picture	10	other				2865738	1	3166	3	0	3000
Picture	20	other				2877071	1	3166	2	0	3000
Picture	10	other				2888404	1	3166	2	0	3000
Picture	10	other				2899403	2	3167	3	0	3000
Picture	10	other				2909236	2	3167	3	0	3000
Picture	11	other				2918070	1	3166	2	0	3000
Picture	10	other				2927736	1	3166	3	0	3000
Picture	21	other				2937402	1	3167	2	0	3000
Picture	10	other				2947902	1	3166	2	0	3000
Picture	11	other				2958901	2	3167	3	0	3000
Picture	21	other				2967735	1	3166	2	0	3000
Picture	10	other				2976401	1	3166	3	0	3000
Picture	20	other				2984901	1	3166	2	0	3000
