Scenario - EFT lento Abril 2011
Logfile written - 07/30/2012 14:20:22

Subject	Trial	Event Type	Code	Time	TTime	Uncertainty	Duration	Uncertainty	ReqTime	ReqDur	Stim Type	Pair Index

SG	2	Picture	10	10499	0	1	3166	2	0	3000	other	0
SG	3	Response	1	17481	3649	1
SG	4	Picture	20	45998	0	1	3166	2	0	3000	other	0
SG	5	Response	2	51074	1743	1
SG	6	Picture	21	77830	0	1	3166	2	0	3000	other	0
SG	7	Response	2	82323	1160	2
SG	8	Picture	10	112995	0	1	3167	2	0	3000	other	0
SG	9	Response	1	118105	1776	1
SG	10	Picture	21	148661	0	1	3166	2	0	3000	other	0
SG	11	Response	2	153729	1735	1
SG	12	Picture	11	181326	0	2	3167	3	0	3000	other	0
SG	13	Response	1	185135	475	1
SG	14	Picture	11	214325	0	1	3167	2	0	3000	other	0
SG	15	Response	1	220134	2475	1
SG	16	Picture	10	251491	0	1	3166	2	0	3000	other	0
SG	17	Response	1	256071	1247	2
SG	18	Picture	10	289823	0	1	3166	2	0	3000	other	0
SG	19	Response	2	294508	1352	1
SG	20	Picture	11	324988	0	1	3167	2	0	3000	other	0
SG	21	Response	2	330294	1972	1
SG	22	Picture	20	360654	0	1	3166	2	0	3000	other	0
SG	23	Response	2	367476	3489	2
SG	24	Picture	20	398153	0	1	3166	2	0	3000	other	0
SG	25	Response	1	401851	365	1
SG	26	Picture	20	428485	0	1	3166	3	0	3000	other	0
SG	27	Response	2	435756	3938	1
SG	28	Picture	21	468150	0	1	3167	2	0	3000	other	0
SG	29	Response	2	472631	1148	1
SG	30	Picture	21	505149	0	1	3167	2	0	3000	other	0
SG	31	Response	2	510599	2117	1
SG	32	Picture	10	544314	0	1	3167	2	0	3000	other	0
SG	33	Response	1	549505	1857	1
SG	34	Picture	11	577313	0	1	3167	2	0	3000	other	0
SG	35	Response	1	581692	1045	1
SG	36	Picture	20	611646	0	1	3166	2	0	3000	other	0
SG	37	Response	2	617004	2025	1
SG	38	Picture	20	647311	0	1	3167	2	0	3000	other	0
SG	39	Response	2	652629	1985	1
SG	40	Picture	21	677143	0	1	3167	2	0	3000	other	0
SG	41	Response	2	681534	1057	2
SG	42	Picture	21	711976	0	1	3166	2	0	3000	other	0
SG	43	Response	2	716691	1382	1
SG	44	Picture	21	748808	0	1	3166	2	0	3000	other	0
SG	45	Response	2	752784	643	1
SG	46	Picture	11	779307	0	1	3166	2	0	3000	other	0
SG	47	Response	2	783877	1237	1
SG	48	Picture	10	814472	0	1	3167	2	0	3000	other	0
SG	49	Response	2	819658	1853	1
SG	50	Picture	20	847304	0	1	3167	2	0	3000	other	0
SG	51	Response	2	854189	3551	1
SG	52	Picture	11	887636	0	1	3167	2	0	3000	other	0
SG	53	Response	1	891844	874	1
SG	54	Picture	21	922469	0	1	3166	2	0	3000	other	0
SG	55	Response	1	930286	4484	1
SG	56	Picture	10	958634	0	1	3167	2	0	3000	other	0
SG	57	Response	1	964656	2689	1
SG	58	Picture	11	994800	0	1	3166	2	0	3000	other	0
SG	59	Response	1	999968	1835	1
SG	60	Picture	21	1029965	0	1	3167	2	0	3000	other	0
SG	61	Response	2	1034186	888	1
SG	62	Picture	11	1065964	0	1	3166	2	0	3000	other	0
SG	63	Response	1	1071998	2701	1
SG	64	Picture	20	1098796	0	1	3167	2	0	3000	other	0
SG	65	Response	2	1104967	2838	1
SG	66	Picture	21	1137628	0	1	3167	2	0	3000	other	0
SG	67	Response	2	1142310	1349	1
SG	68	Picture	20	1169960	0	1	3167	2	0	3000	other	0
SG	69	Response	2	1178403	5109	1
SG	70	Picture	21	1200626	0	1	3167	2	0	3000	other	0
SG	71	Response	2	1204497	538	1
SG	72	Picture	10	1240458	0	1	3167	2	0	3000	other	0
SG	73	Response	2	1245433	1642	2
SG	74	Picture	10	1273457	0	1	3167	2	0	3000	other	0
SG	75	Response	1	1279808	3018	1
SG	76	Picture	11	1309122	0	2	3167	3	0	3000	other	0
SG	77	Response	1	1314964	2508	1
SG	78	Picture	11	1344455	0	1	3166	2	0	3000	other	0
SG	79	Response	1	1349338	1550	1
SG	80	Picture	10	1380953	0	2	3167	3	0	3000	other	0
SG	81	Response	1	1385744	1457	1
SG	82	Picture	20	1412619	0	1	3167	2	0	3000	other	0
SG	83	Response	1	1417619	1667	1
SG	83	Response	2	1419181	3229	1
SG	84	Picture	20	1450618	0	1	3166	2	0	3000	other	0
SG	85	Response	1	1455278	1327	1
SG	86	Picture	11	1484283	0	1	3167	2	0	3000	other	0
SG	87	Response	1	1492149	4532	2
SG	88	Picture	10	1520616	0	1	3166	2	0	3000	other	0
SG	89	Response	1	1526836	2887	1
SG	90	Picture	20	1549115	0	1	3166	2	0	3000	other	0
SG	91	Response	2	1557617	5169	1
SG	92	Picture	10	1588947	0	1	3166	2	0	3000	other	0
SG	93	Response	1	1594335	2055	1
SG	94	Picture	11	1619446	0	1	3166	2	0	3000	other	0
SG	95	Response	1	1624804	2025	1
SG	96	Picture	11	1656444	0	1	3167	2	0	3000	other	0
SG	97	Response	1	1661991	2213	1
SG	98	Picture	10	1694276	0	2	3167	3	0	3000	other	0
SG	99	Response	1	1702148	4538	2
SG	100	Picture	11	1732109	0	1	3166	2	0	3000	other	0
SG	101	Response	1	1736990	1548	1
SG	102	Picture	21	1770941	0	1	3166	2	0	3000	other	0
SG	103	Response	2	1775895	1621	2
SG	104	Picture	11	1809439	0	1	3167	2	0	3000	other	0
SG	105	Response	1	1814333	1560	1
SG	106	Picture	11	1838105	0	1	3167	2	0	3000	other	0
SG	107	Response	1	1842926	1488	1
SG	108	Picture	11	1878104	0	1	3166	2	0	3000	other	0
SG	109	Response	1	1882144	707	1
SG	110	Picture	11	1912603	0	1	3166	2	0	3000	other	0
SG	111	Response	1	1917456	1520	1
SG	112	Picture	20	1948601	0	1	3167	2	0	3000	other	0
SG	113	Response	2	1958081	6146	1
SG	114	Picture	11	1981934	0	1	3166	2	0	3000	other	0
SG	115	Response	1	1989174	3907	1
SG	115	Response	2	1990580	5313	1
SG	116	Picture	11	2021932	0	1	3167	2	0	3000	other	0
SG	117	Response	1	2029486	4221	1
SG	118	Picture	21	2055765	0	1	3166	2	0	3000	other	0
SG	119	Response	2	2061986	2888	1
SG	120	Picture	10	2084764	0	1	3166	2	0	3000	other	0
SG	121	Response	1	2091673	3576	1
SG	122	Picture	10	2123262	0	1	3167	2	0	3000	other	0
SG	123	Response	1	2130270	3675	1
SG	124	Picture	21	2151928	0	1	3167	2	0	3000	other	0
SG	125	Response	2	2158078	2817	1
SG	126	Picture	10	2185927	0	1	3166	2	0	3000	other	0
SG	127	Response	1	2190893	1633	2
SG	128	Picture	11	2214593	0	1	3166	2	0	3000	other	0
SG	129	Response	1	2219327	1401	1
SG	130	Picture	11	2253591	0	1	3167	2	0	3000	other	0
SG	131	Response	1	2258859	1934	1
SG	132	Picture	11	2284090	0	1	3167	2	0	3000	other	0
SG	133	Response	1	2288545	1121	1
SG	134	Picture	20	2314923	0	1	3166	2	0	3000	other	0
SG	135	Response	1	2319326	1070	1
SG	135	Response	2	2325576	7320	1
SG	136	Picture	20	2348088	0	1	3167	2	0	3000	other	0
SG	137	Response	2	2355266	3845	1
SG	138	Picture	21	2380754	0	1	3166	2	0	3000	other	0
SG	139	Response	2	2385731	1644	1
SG	140	Picture	21	2415753	0	1	3166	2	0	3000	other	0
SG	141	Response	2	2420575	1489	1
SG	142	Picture	21	2451751	0	2	3167	3	0	3000	other	0
SG	143	Response	2	2456981	1896	1
SG	144	Picture	10	2480417	0	1	3167	2	0	3000	other	0
SG	145	Response	2	2484328	578	1
SG	146	Picture	11	2520083	0	1	3166	2	0	3000	other	0
SG	147	Response	1	2524948	1532	2
SG	148	Picture	20	2556248	0	1	3167	2	0	3000	other	0
SG	149	Response	1	2562594	3013	1
SG	150	Picture	10	2592580	0	1	3167	2	0	3000	other	0
SG	151	Response	1	2599947	4034	2
SG	152	Picture	20	2629746	0	1	3166	2	0	3000	other	0
SG	153	Response	2	2636978	3899	1
SG	154	Picture	11	2664578	0	1	3166	2	0	3000	other	0
SG	155	Response	2	2669322	1411	1
SG	156	Picture	10	2701243	0	1	3167	2	0	3000	other	0
SG	157	Response	1	2707133	2557	2
SG	158	Picture	11	2732409	0	1	3166	2	0	3000	other	0
SG	159	Response	1	2737290	1548	1
SG	160	Picture	11	2769908	0	1	3166	2	0	3000	other	0
SG	161	Response	1	2774945	1704	1
SG	162	Picture	11	2804740	0	1	3166	2	0	3000	other	0
SG	163	Response	1	2810101	2028	1
SG	164	Picture	20	2837072	0	1	3167	2	0	3000	other	0
SG	165	Response	2	2842444	2039	1
SG	166	Picture	21	2872238	0	1	3166	2	0	3000	other	0
SG	167	Response	2	2876663	1092	1
SG	168	Picture	11	2911070	0	1	3166	2	0	3000	other	0
SG	169	Response	1	2916974	2571	1
SG	170	Picture	10	2946235	0	1	3167	2	0	3000	other	0
SG	171	Response	1	2951818	2250	1
SG	172	Picture	20	2975568	0	1	3166	2	0	3000	other	0
SG	173	Response	2	2980411	1510	1
SG	174	Picture	21	3005567	0	1	3166	2	0	3000	other	0
SG	175	Response	2	3011036	2136	1
SG	176	Picture	11	3042065	0	1	3167	2	0	3000	other	0
SG	177	Response	1	3047129	1730	2
SG	178	Picture	10	3074564	0	1	3167	2	0	3000	other	0
SG	179	Response	1	3083379	5482	1
SG	180	Picture	11	3105397	0	1	3166	2	0	3000	other	0
SG	181	Response	1	3110566	1836	1
SG	182	Picture	10	3134396	0	1	3166	2	0	3000	other	0
SG	183	Response	2	3138534	805	1
SG	184	Picture	10	3172061	0	1	3167	2	0	3000	other	0
SG	185	Response	1	3177908	2514	2
SG	186	Picture	10	3200560	0	1	3167	2	0	3000	other	0
SG	187	Response	1	3206658	2765	1
SG	188	Picture	11	3236892	0	1	3167	2	0	3000	other	0
SG	189	Response	1	3241345	1120	2
SG	190	Picture	11	3267891	0	1	3167	2	0	3000	other	0
SG	191	Response	1	3272126	902	1
SG	192	Picture	10	3297390	0	1	3167	2	0	3000	other	0
SG	193	Response	1	3305094	4371	2
SG	194	Picture	20	3328889	0	1	3167	2	0	3000	other	0
SG	195	Response	2	3334782	2560	1
SG	196	Picture	20	3363888	0	1	3167	2	0	3000	other	0
SG	197	Response	1	3369312	2091	1
SG	198	Picture	10	3401553	0	2	3167	3	0	3000	other	0
SG	199	Response	2	3405875	988	1
SG	200	Picture	21	3436052	0	1	3167	2	0	3000	other	0
SG	201	Response	1	3440093	707	1
SG	202	Picture	11	3472551	0	1	3167	2	0	3000	other	0
SG	203	Response	1	3477280	1396	1
SG	204	Picture	21	3505883	0	1	3167	2	0	3000	other	0
SG	205	Response	1	3511967	2750	1
SG	206	Picture	21	3535216	0	1	3166	2	0	3000	other	0
SG	208	Picture	10	3572548	0	1	3166	2	0	3000	other	0
SG	209	Response	1	3582126	6245	2
SG	210	Picture	10	3608547	0	1	3166	2	0	3000	other	0
SG	211	Response	2	3613528	1648	1
SG	212	Picture	21	3645545	0	1	3167	2	0	3000	other	0
SG	213	Response	2	3652434	3555	1
SG	214	Picture	10	3685377	0	2	3167	3	0	3000	other	0
SG	215	Response	1	3690249	1538	2
SG	216	Picture	10	3713876	0	2	3167	3	0	3000	other	0
SG	217	Response	2	3719777	2567	1
SG	218	Picture	11	3746875	0	1	3167	2	0	3000	other	0
SG	219	Response	1	3751808	1599	1
SG	220	Picture	11	3782208	0	1	3166	2	0	3000	other	0
SG	221	Response	1	3787588	2047	1
SG	222	Picture	21	3816873	0	1	3167	2	0	3000	other	0
SG	223	Response	1	3821494	1288	1
SG	224	Picture	11	3857038	0	2	3167	3	0	3000	other	0
SG	225	Response	1	3862587	2215	1
SG	226	Picture	10	3891204	0	1	3167	2	0	3000	other	0
SG	227	Response	2	3896962	2425	1
SG	228	Picture	20	3931203	0	1	3166	2	0	3000	other	0
SG	229	Response	1	3936961	2425	1
SG	230	Picture	20	3967535	0	1	3166	2	0	3000	other	0
SG	231	Response	2	3973680	2812	1
SG	232	Picture	21	3996367	0	1	3167	2	0	3000	other	0
SG	233	Response	2	4001957	2257	1
SG	234	Picture	10	4033033	0	1	3166	2	0	3000	other	0
SG	235	Response	1	4039772	3406	2
SG	236	Picture	11	4063865	0	1	3166	3	0	3000	other	0
SG	237	Response	1	4068991	1793	1
SG	238	Picture	11	4094864	0	1	3166	3	0	3000	other	0
SG	239	Response	1	4099928	1731	1
SG	240	Picture	11	4130696	0	1	3167	2	0	3000	other	0
SG	241	Response	1	4135074	1045	1
SG	242	Picture	20	4162695	0	1	3167	2	0	3000	other	0
SG	244	Picture	20	4200694	0	1	3166	2	0	3000	other	0
SG	245	Response	2	4205552	1525	1
SG	246	Picture	10	4238359	0	1	3167	2	0	3000	other	0
SG	247	Response	1	4246488	4796	2
SG	248	Picture	21	4271025	0	1	3166	2	0	3000	other	0
SG	249	Response	2	4277113	2755	1
SG	250	Picture	20	4306357	0	1	3166	3	0	3000	other	0
SG	251	Response	1	4312113	2423	1
SG	252	Picture	21	4345356	0	1	3166	2	0	3000	other	0
SG	253	Response	2	4349456	767	1
SG	254	Picture	11	4385354	0	1	3167	2	0	3000	other	0
SG	255	Response	1	4391799	3111	1
SG	256	Picture	11	4421853	0	1	3167	2	0	3000	other	0
SG	257	Response	1	4426486	1300	1
SG	258	Picture	20	4459352	0	1	3166	3	0	3000	other	0
SG	259	Response	2	4466642	3957	1
SG	260	Picture	20	4499184	0	1	3166	3	0	3000	other	0
SG	261	Response	1	4505079	2562	2
SG	262	Picture	11	4532183	0	1	3166	2	0	3000	other	0
SG	263	Response	1	4538204	2688	1
SG	264	Picture	11	4566682	0	1	3166	2	0	3000	other	0
SG	265	Response	1	4571641	1626	1
SG	266	Picture	20	4603014	0	1	3166	2	0	3000	other	0
SG	267	Response	2	4607890	1543	1
SG	268	Picture	11	4642179	0	1	3167	2	0	3000	other	0
SG	269	Response	1	4646327	815	1
SG	270	Picture	21	4675011	0	2	3167	3	0	3000	other	0
SG	271	Response	2	4680545	2200	1
SG	272	Picture	21	4705177	0	1	3167	2	0	3000	other	0
SG	273	Response	2	4708982	472	2
SG	274	Picture	21	4744509	0	1	3167	2	0	3000	other	0
SG	275	Response	2	4749294	1452	2
SG	276	Picture	21	4780675	0	1	3166	2	0	3000	other	0
SG	277	Response	2	4787107	3099	1
SG	278	Picture	11	4811007	0	1	3167	2	0	3000	other	0
SG	279	Response	1	4816950	2610	1
SG	280	Picture	21	4840006	0	1	3167	2	0	3000	other	0
SG	281	Response	2	4844762	1423	1
SG	282	Picture	10	4873005	0	1	3166	3	0	3000	other	0
SG	283	Response	1	4881793	5455	1
SG	284	Picture	11	4905837	0	1	3167	2	0	3000	other	0
SG	285	Response	1	4911011	1841	1
SG	286	Picture	21	4938169	0	2	3167	3	0	3000	other	0
SG	287	Response	2	4943511	2008	1
SG	288	Picture	10	4977668	0	1	3167	2	0	3000	other	0
SG	290	Picture	21	5015834	0	1	3166	2	0	3000	other	0
SG	291	Response	2	5021166	1999	2
SG	292	Picture	21	5053166	0	1	3166	2	0	3000	other	0
SG	293	Response	2	5057884	1385	1
SG	294	Picture	11	5082665	0	1	3166	2	0	3000	other	0
SG	295	Response	1	5089134	3136	1
SG	296	Picture	10	5113330	0	1	3167	2	0	3000	other	0
SG	297	Response	1	5119446	2782	1
SG	298	Picture	10	5150496	0	1	3166	2	0	3000	other	0
SG	299	Response	1	5158039	4210	1
SG	300	Picture	21	5182661	0	1	3167	2	0	3000	other	0
SG	301	Response	2	5188039	2044	1
SG	302	Response	2	5267725	47398	2
SG	304	Picture	11	5288158	0	1	3166	2	0	3000	other	0
SG	305	Response	1	5293975	2484	1
SG	306	Picture	21	5319990	0	1	3167	2	0	3000	other	0
SG	307	Response	2	5324756	1433	1
SG	308	Picture	10	5358156	0	1	3166	2	0	3000	other	0
SG	309	Response	1	5363506	2017	1
SG	310	Picture	21	5389988	0	1	3166	2	0	3000	other	0
SG	311	Response	2	5394566	1245	2
SG	312	Picture	20	5421653	0	2	3167	3	0	3000	other	0
SG	313	Response	1	5426630	1643	1
SG	314	Picture	21	5459986	0	1	3166	2	0	3000	other	0
SG	315	Response	2	5465227	1908	1
SG	316	Picture	20	5490485	0	1	3166	2	0	3000	other	0
SG	318	Picture	11	5530817	0	1	3166	2	0	3000	other	0
SG	319	Response	2	5535847	1697	1
SG	320	Picture	20	5561149	0	1	3166	2	0	3000	other	0
SG	321	Response	2	5566940	2458	2
SG	322	Picture	11	5597814	0	1	3167	2	0	3000	other	0
SG	323	Response	1	5602721	1573	1
SG	324	Picture	10	5636980	0	1	3166	2	0	3000	other	0
SG	325	Response	1	5642252	1939	1
SG	326	Picture	21	5667812	0	1	3167	2	0	3000	other	0
SG	327	Response	2	5671939	794	1
SG	328	Picture	10	5705477	0	2	3167	3	0	3000	other	0
SG	329	Response	1	5710376	1565	1
SG	330	Picture	21	5739976	0	1	3167	2	0	3000	other	0
SG	331	Response	2	5744594	1284	1
SG	332	Picture	21	5770642	0	1	3167	2	0	3000	other	0
SG	333	Response	2	5775844	1869	1
SG	334	Picture	20	5808807	0	1	3167	2	0	3000	other	0
SG	335	Response	1	5813812	1671	1
SG	335	Pause		5837562	25421		762960
SG	335	Resume		5837562	25421
SG	336	Picture	10	5846321	0	1	3166	2	0	3000	other	0
SG	337	Response	1	5854591	4937	1
SG	338	Picture	20	5886319	0	2	3167	3	0	3000	other	0
SG	339	Response	1	5892251	2598	1
SG	340	Picture	20	5920152	0	1	3166	2	0	3000	other	0
SG	341	Response	2	5925059	1574	1
SG	342	Picture	11	5953317	0	1	3167	2	0	3000	other	0
SG	343	Response	2	5957715	1065	2
SG	344	Picture	10	5982983	0	1	3166	3	0	3000	other	0
SG	345	Response	1	5988027	1711	1
SG	346	Picture	21	6012982	0	1	3167	2	0	3000	other	0
SG	347	Response	2	6017872	1557	2
SG	348	Picture	20	6045814	0	1	3167	2	0	3000	other	0
SG	349	Response	2	6051776	2629	1
SG	350	Picture	11	6080813	0	1	3167	2	0	3000	other	0
SG	351	Response	1	6087401	3255	1
SG	352	Picture	20	6112312	0	1	3167	2	0	3000	other	0
SG	353	Response	2	6117871	2226	2
SG	354	Picture	21	6150811	0	1	3166	2	0	3000	other	0
SG	355	Response	2	6154900	756	1
SG	356	Picture	20	6189643	0	1	3166	2	0	3000	other	0
SG	357	Response	2	6195681	2705	1
SG	358	Picture	10	6219808	0	2	3167	3	0	3000	other	0
SG	359	Response	1	6225837	2695	1
SG	360	Picture	20	6252807	0	1	3167	2	0	3000	other	0
SG	361	Response	2	6258336	2195	1
SG	362	Picture	20	6288473	0	1	3166	2	0	3000	other	0
SG	363	Response	2	6293179	1373	2
SG	364	Picture	20	6319472	0	1	3166	2	0	3000	other	0
SG	365	Response	2	6324117	1312	1
SG	366	Picture	11	6358304	0	1	3166	3	0	3000	other	0
SG	367	Response	1	6363648	2011	1
SG	368	Picture	10	6386970	0	1	3166	2	0	3000	other	0
SG	369	Response	1	6394116	3813	1
SG	370	Picture	21	6424468	0	1	3167	2	0	3000	other	0
SG	371	Response	2	6429272	1470	1
SG	372	Picture	20	6462134	0	1	3166	2	0	3000	other	0
SG	373	Response	2	6467866	2399	1
SG	374	Picture	21	6491133	0	1	3166	2	0	3000	other	0
SG	375	Response	2	6496145	1679	2
SG	376	Picture	21	6529632	0	1	3166	2	0	3000	other	0
SG	377	Response	2	6534427	1462	1
SG	378	Picture	11	6569297	0	1	3167	2	0	3000	other	0
SG	379	Response	1	6573958	1328	1
SG	380	Picture	21	6605962	0	2	3167	3	0	3000	other	0
SG	381	Response	2	6610832	1536	1
SG	382	Picture	21	6635295	0	1	3166	2	0	3000	other	0
SG	383	Response	2	6640519	1891	1
SG	384	Picture	10	6664794	0	1	3166	2	0	3000	other	0
SG	385	Response	1	6671299	3172	2
SG	386	Picture	20	6697793	0	1	3166	2	0	3000	other	0
SG	387	Response	2	6704268	3142	1
SG	388	Picture	11	6734625	0	1	3166	2	0	3000	other	0
SG	389	Response	1	6739580	1622	1
SG	390	Picture	20	6772624	0	1	3166	2	0	3000	other	0
SG	391	Response	2	6777548	1591	1
SG	392	Picture	20	6804789	0	1	3167	2	0	3000	other	0
SG	393	Response	2	6811454	3332	1
SG	394	Picture	10	6844288	0	1	3166	3	0	3000	other	0
SG	395	Response	1	6849422	1801	2
SG	396	Picture	11	6879453	0	1	3167	2	0	3000	other	0
SG	397	Response	1	6883953	1166	1
SG	398	Picture	10	6913952	0	1	3167	2	0	3000	other	0
SG	399	Response	2	6918484	1199	1
SG	400	Picture	11	6945451	0	1	3167	2	0	3000	other	0
SG	401	Response	1	6950515	1731	1
SG	402	Picture	20	6978117	0	1	3166	2	0	3000	other	0
SG	403	Response	2	6982546	1096	1
SG	404	Picture	21	7016616	0	1	3166	2	0	3000	other	0
SG	405	Response	2	7021139	1190	1
SG	406	Picture	11	7050614	0	2	3167	3	0	3000	other	0
SG	407	Response	1	7055826	1878	2
SG	408	Picture	20	7086113	0	1	3167	2	0	3000	other	0
SG	409	Response	2	7090513	1067	1
SG	410	Picture	10	7126112	0	1	3166	3	0	3000	other	0
SG	411	Response	2	7131294	1849	1
SG	412	Picture	11	7155778	0	1	3166	2	0	3000	other	0
SG	413	Response	1	7160825	1714	1
SG	414	Picture	10	7190443	0	1	3167	2	0	3000	other	0
SG	415	Response	1	7196605	2829	1
SG	416	Picture	10	7226942	0	1	3167	2	0	3000	other	0
SG	417	Response	1	7233011	2736	1
SG	418	Picture	11	7264274	0	1	3167	2	0	3000	other	0
SG	419	Response	1	7268948	1341	1
SG	420	Picture	11	7301273	0	1	3166	2	0	3000	other	0
SG	421	Response	1	7305666	1060	1
SG	422	Picture	11	7332105	0	1	3167	2	0	3000	other	0
SG	423	Response	1	7336603	1165	1
SG	424	Picture	10	7369937	0	1	3167	2	0	3000	other	0
SG	425	Response	2	7376291	3021	1
SG	426	Picture	21	7399103	0	1	3166	3	0	3000	other	0
SG	427	Response	2	7407231	4795	2
SG	428	Picture	20	7432102	0	1	3166	2	0	3000	other	0
SG	429	Response	1	7437696	2261	1
SG	430	Picture	10	7468767	0	1	3167	2	0	3000	other	0
SG	431	Response	1	7474258	2157	1
SG	432	Picture	10	7504933	0	1	3166	2	0	3000	other	0
SG	433	Response	1	7509883	1617	1
SG	434	Picture	21	7536098	0	2	3167	3	0	3000	other	0
SG	435	Response	2	7541132	1700	1
SG	436	Picture	20	7569097	0	1	3167	2	0	3000	other	0
SG	437	Response	2	7575350	2919	2
SG	438	Picture	10	7602763	0	1	3166	2	0	3000	other	0
SG	439	Response	1	7608943	2847	2
SG	440	Picture	10	7636928	0	2	3167	3	0	3000	other	0
SG	441	Response	1	7643475	3213	1
SG	442	Picture	21	7667761	0	1	3166	2	0	3000	other	0
SG	443	Response	2	7673631	2537	1
SG	444	Picture	21	7700926	0	1	3167	2	0	3000	other	0
SG	445	Response	2	7705661	1401	1
SG	446	Picture	11	7731759	0	1	3166	2	0	3000	other	0
SG	447	Response	1	7736129	1037	2
SG	448	Picture	11	7767757	0	2	3167	3	0	3000	other	0
SG	449	Response	1	7773160	2069	2
SG	450	Picture	11	7802590	0	1	3166	2	0	3000	other	0
SG	451	Response	1	7807535	1612	1
SG	452	Picture	21	7841755	0	1	3167	2	0	3000	other	0
SG	453	Response	1	7846896	1808	1
SG	454	Picture	20	7877254	0	1	3166	2	0	3000	other	0
SG	455	Response	1	7883003	2416	1
SG	456	Picture	20	7912919	0	1	3167	2	0	3000	other	0
SG	457	Response	2	7918314	2061	2
SG	458	Picture	10	7945252	0	1	3166	2	0	3000	other	0
SG	459	Response	1	7951908	3323	1
SG	460	Picture	21	7981084	0	1	3166	2	0	3000	other	0
SG	461	Response	2	7986908	2491	1
SG	462	Picture	10	8015749	0	1	3167	2	0	3000	other	0
SG	463	Response	1	8020501	1419	1
SG	464	Picture	11	8049748	0	1	3167	2	0	3000	other	0
SG	465	Response	1	8054875	1794	1
SG	466	Picture	21	8081914	0	1	3166	2	0	3000	other	0
SG	467	Response	2	8087062	1815	2
SG	468	Picture	20	8114246	0	1	3167	2	0	3000	other	0
SG	469	Response	2	8118781	1202	1
SG	470	Picture	20	8152245	0	1	3166	2	0	3000	other	0
SG	471	Response	2	8157686	2108	2
SG	472	Picture	11	8188077	0	1	3166	3	0	3000	other	0
SG	473	Response	1	8193311	1901	1
SG	474	Picture	10	8223742	0	1	3167	2	0	3000	other	0
SG	475	Response	2	8227998	922	1
SG	476	Picture	10	8257575	0	1	3166	2	0	3000	other	0
SG	477	Response	1	8263154	2246	1
SG	478	Picture	20	8289407	0	1	3166	2	0	3000	other	0
SG	479	Response	2	8294560	1820	1
SG	480	Picture	21	8325239	0	1	3167	2	0	3000	other	0
SG	481	Response	2	8330497	1925	1
SG	482	Picture	20	8359071	0	1	3167	2	0	3000	other	0
SG	483	Response	2	8364090	1686	1
SG	484	Picture	11	8390237	0	1	3166	3	0	3000	other	0
SG	485	Response	1	8395809	2239	1
SG	486	Picture	21	8423736	0	1	3166	2	0	3000	other	0
SG	487	Response	2	8427527	458	1
SG	488	Picture	11	8456068	0	1	3167	2	0	3000	other	0
SG	489	Response	1	8461280	1879	2
SG	490	Picture	21	8492900	0	1	3167	2	0	3000	other	0
SG	491	Response	2	8497057	824	1
SG	492	Picture	21	8522733	0	1	3166	2	0	3000	other	0
SG	493	Response	2	8527217	1151	1
SG	494	Picture	10	8558398	0	1	3167	2	0	3000	other	0
SG	495	Response	2	8562994	1263	1
SG	496	Picture	20	8595897	0	1	3166	2	0	3000	other	0
SG	497	Response	2	8602368	3138	1
SG	498	Picture	11	8635229	0	1	3166	2	0	3000	other	0
SG	499	Response	1	8640024	1462	1
SG	500	Picture	20	8666394	0	2	3167	3	0	3000	other	0
SG	501	Response	2	8672214	2486	1
SG	502	Picture	11	8698227	0	1	3166	2	0	3000	other	0
SG	503	Response	1	8703773	2213	2
SG	504	Picture	21	8729559	0	1	3167	2	0	3000	other	0
SG	505	Response	2	8734554	1662	1
SG	506	Picture	21	8765225	0	1	3166	2	0	3000	other	0
SG	507	Response	2	8770179	1621	1
SG	508	Picture	21	8798557	0	1	3166	2	0	3000	other	0
SG	509	Response	2	8804085	2195	1
SG	510	Picture	20	8834722	0	1	3167	2	0	3000	other	0
SG	511	Response	2	8840154	2099	1
SG	512	Picture	11	8865055	0	1	3166	2	0	3000	other	0
SG	513	Response	1	8870334	1946	1
SG	514	Picture	10	8901887	0	1	3166	2	0	3000	other	0
SG	515	Response	2	8906740	1520	1
SG	516	Picture	11	8938719	0	1	3166	2	0	3000	other	0
SG	517	Response	1	8944864	2812	1
SG	518	Picture	11	8978717	0	2	3167	3	0	3000	other	0
SG	519	Response	1	8983769	1718	2
SG	520	Picture	10	9018883	0	1	3166	2	0	3000	other	0
SG	521	Response	1	9024707	2491	1
SG	522	Picture	11	9054715	0	1	3167	2	0	3000	other	0
SG	523	Response	1	9059081	1033	1
SG	524	Picture	20	9085714	0	1	3167	2	0	3000	other	0
SG	525	Response	2	9091112	2065	1
SG	526	Picture	21	9117046	0	1	3167	2	0	3000	other	0
SG	527	Response	2	9122830	2450	1
SG	528	Picture	10	9153045	0	1	3167	2	0	3000	other	0
SG	529	Response	1	9158767	2389	1
SG	530	Picture	11	9186044	0	1	3167	2	0	3000	other	0
SG	531	Response	1	9190173	796	2
SG	532	Picture	11	9220210	0	1	3166	2	0	3000	other	0
SG	533	Response	1	9224079	536	2
SG	534	Picture	10	9257542	0	1	3166	2	0	3000	other	0
SG	535	Response	2	9262207	1332	1
SG	536	Picture	10	9295374	0	1	3166	2	0	3000	other	0
SG	537	Response	1	9302984	4277	1
SG	538	Picture	21	9326873	0	1	3166	2	0	3000	other	0
SG	539	Response	2	9331890	1684	1
SG	540	Picture	20	9360372	0	1	3166	2	0	3000	other	0
SG	541	Response	2	9366109	2404	1
SG	542	Picture	20	9396537	0	1	3167	2	0	3000	other	0
SG	543	Response	1	9402358	2488	1
SG	544	Picture	20	9429869	0	1	3167	2	0	3000	other	0
SG	545	Response	2	9435639	2436	1
SG	546	Picture	10	9469535	0	1	3166	2	0	3000	other	0
SG	547	Response	1	9475639	2771	1
SG	548	Picture	20	9500700	0	1	3167	2	0	3000	other	0
SG	549	Response	2	9505169	1135	2
SG	550	Picture	10	9531199	0	1	3167	2	0	3000	other	0
SG	551	Response	1	9538137	3605	1
SG	552	Picture	21	9568031	0	2	3167	3	0	3000	other	0
SG	553	Response	2	9572668	1303	1
SG	554	Picture	11	9596864	0	1	3166	2	0	3000	other	0
SG	555	Response	1	9602512	2315	1
SG	556	Picture	21	9635696	0	1	3166	2	0	3000	other	0
SG	557	Response	2	9639855	826	1
SG	558	Picture	11	9675028	0	1	3166	2	0	3000	other	0
SG	559	Response	1	9680323	1962	1
SG	560	Picture	20	9704194	0	1	3166	2	0	3000	other	0
SG	561	Response	2	9708760	1233	1
SG	562	Picture	20	9736859	0	1	3167	2	0	3000	other	0
SG	563	Response	2	9741103	911	1
SG	564	Picture	20	9769858	0	1	3167	2	0	3000	other	0
SG	565	Response	1	9775634	2443	2
SG	566	Picture	10	9804190	0	1	3167	2	0	3000	other	0
SG	567	Response	2	9807978	454	1
SG	568	Picture	11	9841522	0	1	3167	2	0	3000	other	0
SG	569	Response	1	9846571	1715	2
SG	570	Picture	11	9876021	0	1	3167	2	0	3000	other	0
SG	571	Response	1	9882820	3466	1
SG	572	Picture	11	9910687	0	1	3166	2	0	3000	other	0
SG	573	Response	1	9915007	987	2
SG	574	Picture	21	9950185	0	2	3167	3	0	3000	other	0
SG	575	Response	2	9954851	1332	1
SG	576	Picture	20	9981684	0	2	3167	3	0	3000	other	0
SG	577	Response	2	9986725	1707	1
SG	578	Picture	20	10020516	0	2	3167	3	0	3000	other	0
SG	579	Response	1	10025788	1938	1
SG	580	Picture	21	10051349	0	1	3166	2	0	3000	other	0
SG	581	Response	2	10055787	1105	1
SG	582	Picture	21	10087181	0	1	3167	2	0	3000	other	0
SG	583	Response	2	10091256	742	1
SG	584	Picture	11	10116180	0	1	3167	2	0	3000	other	0
SG	585	Response	1	10120630	1117	1
SG	586	Picture	21	10145179	0	1	3167	2	0	3000	other	0
SG	587	Response	2	10150161	1649	1
SG	588	Picture	10	10180845	0	1	3166	2	0	3000	other	0
SG	589	Response	2	10185160	982	1
SG	590	Picture	21	10217510	0	1	3167	2	0	3000	other	0
SG	591	Response	2	10223441	2598	1
SG	592	Picture	10	10249176	0	1	3166	2	0	3000	other	0
SG	593	Response	1	10255941	3432	1
SG	594	Picture	10	10284841	0	1	3167	2	0	3000	other	0
SG	595	Response	1	10290472	2298	1
SG	596	Picture	20	10314007	0	1	3166	2	0	3000	other	0
SG	597	Response	2	10320784	3444	1
SG	598	Picture	10	10349339	0	1	3167	2	0	3000	other	0
SG	599	Response	1	10355314	2642	1
SG	600	Picture	10	10381171	0	1	3167	2	0	3000	other	0
SG	601	Response	2	10385783	1279	1
SG	602	Picture	21	10415670	0	1	3167	2	0	3000	other	0
SG	603	Response	2	10420782	1779	2
SG	604	Response	2	10733279	281110	1


Event Type	Code	Type	Response	RT	RT Uncertainty	Time	Uncertainty	Duration	Uncertainty	ReqTime	ReqDur

Picture	10	other				10499	1	3166	2	0	3000
Picture	20	other				45998	1	3166	2	0	3000
Picture	21	other				77830	1	3166	2	0	3000
Picture	10	other				112995	1	3167	2	0	3000
Picture	21	other				148661	1	3166	2	0	3000
Picture	11	other				181326	2	3167	3	0	3000
Picture	11	other				214325	1	3167	2	0	3000
Picture	10	other				251491	1	3166	2	0	3000
Picture	10	other				289823	1	3166	2	0	3000
Picture	11	other				324988	1	3167	2	0	3000
Picture	20	other				360654	1	3166	2	0	3000
Picture	20	other				398153	1	3166	2	0	3000
Picture	20	other				428485	1	3166	3	0	3000
Picture	21	other				468150	1	3167	2	0	3000
Picture	21	other				505149	1	3167	2	0	3000
Picture	10	other				544314	1	3167	2	0	3000
Picture	11	other				577313	1	3167	2	0	3000
Picture	20	other				611646	1	3166	2	0	3000
Picture	20	other				647311	1	3167	2	0	3000
Picture	21	other				677143	1	3167	2	0	3000
Picture	21	other				711976	1	3166	2	0	3000
Picture	21	other				748808	1	3166	2	0	3000
Picture	11	other				779307	1	3166	2	0	3000
Picture	10	other				814472	1	3167	2	0	3000
Picture	20	other				847304	1	3167	2	0	3000
Picture	11	other				887636	1	3167	2	0	3000
Picture	21	other				922469	1	3166	2	0	3000
Picture	10	other				958634	1	3167	2	0	3000
Picture	11	other				994800	1	3166	2	0	3000
Picture	21	other				1029965	1	3167	2	0	3000
Picture	11	other				1065964	1	3166	2	0	3000
Picture	20	other				1098796	1	3167	2	0	3000
Picture	21	other				1137628	1	3167	2	0	3000
Picture	20	other				1169960	1	3167	2	0	3000
Picture	21	other				1200626	1	3167	2	0	3000
Picture	10	other				1240458	1	3167	2	0	3000
Picture	10	other				1273457	1	3167	2	0	3000
Picture	11	other				1309122	2	3167	3	0	3000
Picture	11	other				1344455	1	3166	2	0	3000
Picture	10	other				1380953	2	3167	3	0	3000
Picture	20	other				1412619	1	3167	2	0	3000
Picture	20	other				1450618	1	3166	2	0	3000
Picture	11	other				1484283	1	3167	2	0	3000
Picture	10	other				1520616	1	3166	2	0	3000
Picture	20	other				1549115	1	3166	2	0	3000
Picture	10	other				1588947	1	3166	2	0	3000
Picture	11	other				1619446	1	3166	2	0	3000
Picture	11	other				1656444	1	3167	2	0	3000
Picture	10	other				1694276	2	3167	3	0	3000
Picture	11	other				1732109	1	3166	2	0	3000
Picture	21	other				1770941	1	3166	2	0	3000
Picture	11	other				1809439	1	3167	2	0	3000
Picture	11	other				1838105	1	3167	2	0	3000
Picture	11	other				1878104	1	3166	2	0	3000
Picture	11	other				1912603	1	3166	2	0	3000
Picture	20	other				1948601	1	3167	2	0	3000
Picture	11	other				1981934	1	3166	2	0	3000
Picture	11	other				2021932	1	3167	2	0	3000
Picture	21	other				2055765	1	3166	2	0	3000
Picture	10	other				2084764	1	3166	2	0	3000
Picture	10	other				2123262	1	3167	2	0	3000
Picture	21	other				2151928	1	3167	2	0	3000
Picture	10	other				2185927	1	3166	2	0	3000
Picture	11	other				2214593	1	3166	2	0	3000
Picture	11	other				2253591	1	3167	2	0	3000
Picture	11	other				2284090	1	3167	2	0	3000
Picture	20	other				2314923	1	3166	2	0	3000
Picture	20	other				2348088	1	3167	2	0	3000
Picture	21	other				2380754	1	3166	2	0	3000
Picture	21	other				2415753	1	3166	2	0	3000
Picture	21	other				2451751	2	3167	3	0	3000
Picture	10	other				2480417	1	3167	2	0	3000
Picture	11	other				2520083	1	3166	2	0	3000
Picture	20	other				2556248	1	3167	2	0	3000
Picture	10	other				2592580	1	3167	2	0	3000
Picture	20	other				2629746	1	3166	2	0	3000
Picture	11	other				2664578	1	3166	2	0	3000
Picture	10	other				2701243	1	3167	2	0	3000
Picture	11	other				2732409	1	3166	2	0	3000
Picture	11	other				2769908	1	3166	2	0	3000
Picture	11	other				2804740	1	3166	2	0	3000
Picture	20	other				2837072	1	3167	2	0	3000
Picture	21	other				2872238	1	3166	2	0	3000
Picture	11	other				2911070	1	3166	2	0	3000
Picture	10	other				2946235	1	3167	2	0	3000
Picture	20	other				2975568	1	3166	2	0	3000
Picture	21	other				3005567	1	3166	2	0	3000
Picture	11	other				3042065	1	3167	2	0	3000
Picture	10	other				3074564	1	3167	2	0	3000
Picture	11	other				3105397	1	3166	2	0	3000
Picture	10	other				3134396	1	3166	2	0	3000
Picture	10	other				3172061	1	3167	2	0	3000
Picture	10	other				3200560	1	3167	2	0	3000
Picture	11	other				3236892	1	3167	2	0	3000
Picture	11	other				3267891	1	3167	2	0	3000
Picture	10	other				3297390	1	3167	2	0	3000
Picture	20	other				3328889	1	3167	2	0	3000
Picture	20	other				3363888	1	3167	2	0	3000
Picture	10	other				3401553	2	3167	3	0	3000
Picture	21	other				3436052	1	3167	2	0	3000
Picture	11	other				3472551	1	3167	2	0	3000
Picture	21	other				3505883	1	3167	2	0	3000
Picture	21	other				3535216	1	3166	2	0	3000
Picture	10	other				3572548	1	3166	2	0	3000
Picture	10	other				3608547	1	3166	2	0	3000
Picture	21	other				3645545	1	3167	2	0	3000
Picture	10	other				3685377	2	3167	3	0	3000
Picture	10	other				3713876	2	3167	3	0	3000
Picture	11	other				3746875	1	3167	2	0	3000
Picture	11	other				3782208	1	3166	2	0	3000
Picture	21	other				3816873	1	3167	2	0	3000
Picture	11	other				3857038	2	3167	3	0	3000
Picture	10	other				3891204	1	3167	2	0	3000
Picture	20	other				3931203	1	3166	2	0	3000
Picture	20	other				3967535	1	3166	2	0	3000
Picture	21	other				3996367	1	3167	2	0	3000
Picture	10	other				4033033	1	3166	2	0	3000
Picture	11	other				4063865	1	3166	3	0	3000
Picture	11	other				4094864	1	3166	3	0	3000
Picture	11	other				4130696	1	3167	2	0	3000
Picture	20	other				4162695	1	3167	2	0	3000
Picture	20	other				4200694	1	3166	2	0	3000
Picture	10	other				4238359	1	3167	2	0	3000
Picture	21	other				4271025	1	3166	2	0	3000
Picture	20	other				4306357	1	3166	3	0	3000
Picture	21	other				4345356	1	3166	2	0	3000
Picture	11	other				4385354	1	3167	2	0	3000
Picture	11	other				4421853	1	3167	2	0	3000
Picture	20	other				4459352	1	3166	3	0	3000
Picture	20	other				4499184	1	3166	3	0	3000
Picture	11	other				4532183	1	3166	2	0	3000
Picture	11	other				4566682	1	3166	2	0	3000
Picture	20	other				4603014	1	3166	2	0	3000
Picture	11	other				4642179	1	3167	2	0	3000
Picture	21	other				4675011	2	3167	3	0	3000
Picture	21	other				4705177	1	3167	2	0	3000
Picture	21	other				4744509	1	3167	2	0	3000
Picture	21	other				4780675	1	3166	2	0	3000
Picture	11	other				4811007	1	3167	2	0	3000
Picture	21	other				4840006	1	3167	2	0	3000
Picture	10	other				4873005	1	3166	3	0	3000
Picture	11	other				4905837	1	3167	2	0	3000
Picture	21	other				4938169	2	3167	3	0	3000
Picture	10	other				4977668	1	3167	2	0	3000
Picture	21	other				5015834	1	3166	2	0	3000
Picture	21	other				5053166	1	3166	2	0	3000
Picture	11	other				5082665	1	3166	2	0	3000
Picture	10	other				5113330	1	3167	2	0	3000
Picture	10	other				5150496	1	3166	2	0	3000
Picture	21	other				5182661	1	3167	2	0	3000
Picture	11	other				5288158	1	3166	2	0	3000
Picture	21	other				5319990	1	3167	2	0	3000
Picture	10	other				5358156	1	3166	2	0	3000
Picture	21	other				5389988	1	3166	2	0	3000
Picture	20	other				5421653	2	3167	3	0	3000
Picture	21	other				5459986	1	3166	2	0	3000
Picture	20	other				5490485	1	3166	2	0	3000
Picture	11	other				5530817	1	3166	2	0	3000
Picture	20	other				5561149	1	3166	2	0	3000
Picture	11	other				5597814	1	3167	2	0	3000
Picture	10	other				5636980	1	3166	2	0	3000
Picture	21	other				5667812	1	3167	2	0	3000
Picture	10	other				5705477	2	3167	3	0	3000
Picture	21	other				5739976	1	3167	2	0	3000
Picture	21	other				5770642	1	3167	2	0	3000
Picture	20	other				5808807	1	3167	2	0	3000
Picture	10	other				5846321	1	3166	2	0	3000
Picture	20	other				5886319	2	3167	3	0	3000
Picture	20	other				5920152	1	3166	2	0	3000
Picture	11	other				5953317	1	3167	2	0	3000
Picture	10	other				5982983	1	3166	3	0	3000
Picture	21	other				6012982	1	3167	2	0	3000
Picture	20	other				6045814	1	3167	2	0	3000
Picture	11	other				6080813	1	3167	2	0	3000
Picture	20	other				6112312	1	3167	2	0	3000
Picture	21	other				6150811	1	3166	2	0	3000
Picture	20	other				6189643	1	3166	2	0	3000
Picture	10	other				6219808	2	3167	3	0	3000
Picture	20	other				6252807	1	3167	2	0	3000
Picture	20	other				6288473	1	3166	2	0	3000
Picture	20	other				6319472	1	3166	2	0	3000
Picture	11	other				6358304	1	3166	3	0	3000
Picture	10	other				6386970	1	3166	2	0	3000
Picture	21	other				6424468	1	3167	2	0	3000
Picture	20	other				6462134	1	3166	2	0	3000
Picture	21	other				6491133	1	3166	2	0	3000
Picture	21	other				6529632	1	3166	2	0	3000
Picture	11	other				6569297	1	3167	2	0	3000
Picture	21	other				6605962	2	3167	3	0	3000
Picture	21	other				6635295	1	3166	2	0	3000
Picture	10	other				6664794	1	3166	2	0	3000
Picture	20	other				6697793	1	3166	2	0	3000
Picture	11	other				6734625	1	3166	2	0	3000
Picture	20	other				6772624	1	3166	2	0	3000
Picture	20	other				6804789	1	3167	2	0	3000
Picture	10	other				6844288	1	3166	3	0	3000
Picture	11	other				6879453	1	3167	2	0	3000
Picture	10	other				6913952	1	3167	2	0	3000
Picture	11	other				6945451	1	3167	2	0	3000
Picture	20	other				6978117	1	3166	2	0	3000
Picture	21	other				7016616	1	3166	2	0	3000
Picture	11	other				7050614	2	3167	3	0	3000
Picture	20	other				7086113	1	3167	2	0	3000
Picture	10	other				7126112	1	3166	3	0	3000
Picture	11	other				7155778	1	3166	2	0	3000
Picture	10	other				7190443	1	3167	2	0	3000
Picture	10	other				7226942	1	3167	2	0	3000
Picture	11	other				7264274	1	3167	2	0	3000
Picture	11	other				7301273	1	3166	2	0	3000
Picture	11	other				7332105	1	3167	2	0	3000
Picture	10	other				7369937	1	3167	2	0	3000
Picture	21	other				7399103	1	3166	3	0	3000
Picture	20	other				7432102	1	3166	2	0	3000
Picture	10	other				7468767	1	3167	2	0	3000
Picture	10	other				7504933	1	3166	2	0	3000
Picture	21	other				7536098	2	3167	3	0	3000
Picture	20	other				7569097	1	3167	2	0	3000
Picture	10	other				7602763	1	3166	2	0	3000
Picture	10	other				7636928	2	3167	3	0	3000
Picture	21	other				7667761	1	3166	2	0	3000
Picture	21	other				7700926	1	3167	2	0	3000
Picture	11	other				7731759	1	3166	2	0	3000
Picture	11	other				7767757	2	3167	3	0	3000
Picture	11	other				7802590	1	3166	2	0	3000
Picture	21	other				7841755	1	3167	2	0	3000
Picture	20	other				7877254	1	3166	2	0	3000
Picture	20	other				7912919	1	3167	2	0	3000
Picture	10	other				7945252	1	3166	2	0	3000
Picture	21	other				7981084	1	3166	2	0	3000
Picture	10	other				8015749	1	3167	2	0	3000
Picture	11	other				8049748	1	3167	2	0	3000
Picture	21	other				8081914	1	3166	2	0	3000
Picture	20	other				8114246	1	3167	2	0	3000
Picture	20	other				8152245	1	3166	2	0	3000
Picture	11	other				8188077	1	3166	3	0	3000
Picture	10	other				8223742	1	3167	2	0	3000
Picture	10	other				8257575	1	3166	2	0	3000
Picture	20	other				8289407	1	3166	2	0	3000
Picture	21	other				8325239	1	3167	2	0	3000
Picture	20	other				8359071	1	3167	2	0	3000
Picture	11	other				8390237	1	3166	3	0	3000
Picture	21	other				8423736	1	3166	2	0	3000
Picture	11	other				8456068	1	3167	2	0	3000
Picture	21	other				8492900	1	3167	2	0	3000
Picture	21	other				8522733	1	3166	2	0	3000
Picture	10	other				8558398	1	3167	2	0	3000
Picture	20	other				8595897	1	3166	2	0	3000
Picture	11	other				8635229	1	3166	2	0	3000
Picture	20	other				8666394	2	3167	3	0	3000
Picture	11	other				8698227	1	3166	2	0	3000
Picture	21	other				8729559	1	3167	2	0	3000
Picture	21	other				8765225	1	3166	2	0	3000
Picture	21	other				8798557	1	3166	2	0	3000
Picture	20	other				8834722	1	3167	2	0	3000
Picture	11	other				8865055	1	3166	2	0	3000
Picture	10	other				8901887	1	3166	2	0	3000
Picture	11	other				8938719	1	3166	2	0	3000
Picture	11	other				8978717	2	3167	3	0	3000
Picture	10	other				9018883	1	3166	2	0	3000
Picture	11	other				9054715	1	3167	2	0	3000
Picture	20	other				9085714	1	3167	2	0	3000
Picture	21	other				9117046	1	3167	2	0	3000
Picture	10	other				9153045	1	3167	2	0	3000
Picture	11	other				9186044	1	3167	2	0	3000
Picture	11	other				9220210	1	3166	2	0	3000
Picture	10	other				9257542	1	3166	2	0	3000
Picture	10	other				9295374	1	3166	2	0	3000
Picture	21	other				9326873	1	3166	2	0	3000
Picture	20	other				9360372	1	3166	2	0	3000
Picture	20	other				9396537	1	3167	2	0	3000
Picture	20	other				9429869	1	3167	2	0	3000
Picture	10	other				9469535	1	3166	2	0	3000
Picture	20	other				9500700	1	3167	2	0	3000
Picture	10	other				9531199	1	3167	2	0	3000
Picture	21	other				9568031	2	3167	3	0	3000
Picture	11	other				9596864	1	3166	2	0	3000
Picture	21	other				9635696	1	3166	2	0	3000
Picture	11	other				9675028	1	3166	2	0	3000
Picture	20	other				9704194	1	3166	2	0	3000
Picture	20	other				9736859	1	3167	2	0	3000
Picture	20	other				9769858	1	3167	2	0	3000
Picture	10	other				9804190	1	3167	2	0	3000
Picture	11	other				9841522	1	3167	2	0	3000
Picture	11	other				9876021	1	3167	2	0	3000
Picture	11	other				9910687	1	3166	2	0	3000
Picture	21	other				9950185	2	3167	3	0	3000
Picture	20	other				9981684	2	3167	3	0	3000
Picture	20	other				10020516	2	3167	3	0	3000
Picture	21	other				10051349	1	3166	2	0	3000
Picture	21	other				10087181	1	3167	2	0	3000
Picture	11	other				10116180	1	3167	2	0	3000
Picture	21	other				10145179	1	3167	2	0	3000
Picture	10	other				10180845	1	3166	2	0	3000
Picture	21	other				10217510	1	3167	2	0	3000
Picture	10	other				10249176	1	3166	2	0	3000
Picture	10	other				10284841	1	3167	2	0	3000
Picture	20	other				10314007	1	3166	2	0	3000
Picture	10	other				10349339	1	3167	2	0	3000
Picture	10	other				10381171	1	3167	2	0	3000
Picture	21	other				10415670	1	3167	2	0	3000
