Scenario - GO/NO-GO
Logfile written - 07/30/2012 13:57:19

Subject	Trial	Event Type	Code	Time	TTime	Uncertainty	Duration	Uncertainty	ReqTime	ReqDur	Stim Type	Pair Index

SG	2	Picture	22	332	0	1	3167	2	0	3000	hit	2
SG	2	Response	1	3751	3419	1
SG	3	Picture	22	11332	0	1	3167	2	0	3000	hit	4
SG	3	Response	1	15938	4606	1
SG	4	Picture	22	20165	0	1	3167	2	0	3000	hit	6
SG	4	Response	1	23907	3742	1
SG	5	Picture	33	29331	0	2	3167	3	0	3000	miss	0
SG	6	Picture	22	39498	0	1	3166	2	0	3000	hit	9
SG	6	Response	1	42344	2846	1
SG	7	Picture	22	49831	0	1	3166	2	0	3000	hit	11
SG	7	Response	1	53750	3919	1
SG	8	Picture	22	59330	0	2	3167	3	0	3000	hit	13
SG	8	Response	1	62344	3014	1
SG	9	Picture	22	69163	0	2	3167	3	0	3000	hit	15
SG	9	Response	1	72344	3181	1
SG	10	Picture	22	79496	0	2	3167	3	0	3000	hit	17
SG	10	Response	1	83125	3629	1
SG	11	Picture	33	89829	0	2	3167	3	0	3000	hit	19
SG	11	Response	1	92812	2983	1
SG	12	Picture	22	100162	0	1	3167	2	0	3000	hit	21
SG	12	Response	1	103283	3121	1
SG	13	Picture	22	108662	0	1	3167	2	0	3000	hit	23
SG	13	Response	1	112031	3369	1
SG	14	Picture	22	117662	0	1	3166	2	0	3000	hit	25
SG	14	Response	1	121093	3431	1
SG	15	Picture	22	126328	0	1	3167	2	0	3000	hit	27
SG	15	Response	1	129843	3515	1
SG	16	Picture	22	136495	0	1	3166	2	0	3000	hit	29
SG	16	Response	1	139999	3504	1
SG	17	Picture	33	145828	0	1	3166	2	0	3000	miss	0
SG	18	Picture	22	155994	0	1	3166	2	0	3000	hit	32
SG	18	Response	1	157082	1088	4
SG	19	Picture	22	164660	0	1	3167	2	0	3000	hit	34
SG	19	Response	1	169218	4558	1
SG	20	Picture	22	173493	0	1	3167	2	0	3000	hit	36
SG	20	Response	1	177967	4474	1
SG	21	Picture	22	181993	0	1	3167	2	0	3000	hit	38
SG	21	Response	1	185155	3162	1
SG	22	Picture	22	190493	0	1	3166	2	0	3000	hit	40
SG	22	Response	1	194373	3880	1
SG	23	Picture	33	200492	0	2	3167	3	0	3000	miss	0
SG	24	Picture	22	208992	0	1	3167	2	0	3000	hit	43
SG	24	Response	1	211561	2569	1
SG	25	Picture	22	219492	0	1	3166	2	0	3000	hit	45
SG	25	Response	1	222655	3163	1
SG	26	Picture	22	228991	0	2	3167	3	0	3000	hit	47
SG	26	Response	1	233279	4288	2
SG	27	Picture	22	237325	0	1	3166	2	0	3000	hit	49
SG	27	Response	1	243904	6579	1
SG	28	Picture	22	245658	0	1	3166	2	0	3000	miss	0
SG	29	Picture	33	254157	0	1	3167	2	0	3000	hit	52
SG	29	Response	1	257185	3028	1
SG	30	Picture	22	262657	0	1	3167	2	0	3000	miss	0
SG	31	Picture	33	272823	0	1	3167	2	0	3000	miss	0
SG	32	Picture	22	282823	0	1	3167	2	0	3000	hit	56
SG	32	Response	1	283748	925	1
SG	33	Picture	22	293489	0	1	3167	2	0	3000	hit	58
SG	33	Response	1	296716	3227	1
SG	34	Picture	22	301822	0	2	3167	3	0	3000	hit	60
SG	34	Response	1	305309	3487	1
SG	35	Picture	22	311155	0	2	3167	3	0	3000	hit	62
SG	35	Response	1	315154	3999	1
SG	36	Picture	22	320822	0	1	3166	2	0	3000	hit	64
SG	36	Response	1	324215	3393	1
SG	37	Picture	22	330155	0	1	3166	2	0	3000	hit	66
SG	37	Response	1	333281	3126	1
SG	38	Picture	22	339654	0	2	3167	3	0	3000	hit	68
SG	38	Response	1	343121	3467	1
SG	39	Picture	33	348488	0	1	3166	2	0	3000	miss	0
SG	40	Picture	22	359321	0	1	3166	2	0	3000	hit	71
SG	40	Response	1	362340	3019	1
SG	41	Picture	33	369320	0	1	3167	2	0	3000	miss	0
SG	42	Picture	22	377820	0	1	3166	3	0	3000	hit	74
SG	42	Response	1	380778	2958	1
SG	43	Picture	22	385986	0	1	3167	2	0	3000	hit	76
SG	43	Response	1	391090	5104	1
SG	44	Picture	22	396986	0	1	3167	2	0	3000	hit	78
SG	44	Response	1	400933	3947	2
SG	45	Picture	33	406152	0	1	3167	2	0	3000	hit	80
SG	45	Response	1	409527	3375	1
SG	46	Picture	22	416152	0	1	3167	2	0	3000	hit	82
SG	46	Response	1	419683	3531	1
SG	47	Picture	22	424985	0	1	3167	2	0	3000	hit	84
SG	47	Response	1	429058	4073	1
SG	48	Picture	22	433651	0	1	3167	2	0	3000	hit	86
SG	48	Response	1	437495	3844	2
SG	49	Picture	22	444484	0	1	3167	2	0	3000	hit	88
SG	49	Response	1	448120	3636	1
SG	50	Picture	22	453151	0	1	3166	2	0	3000	hit	90
SG	50	Response	1	456401	3250	1
SG	51	Picture	22	463650	0	1	3167	2	0	3000	hit	92
SG	51	Response	1	468280	4630	1
SG	52	Picture	22	472483	0	2	3167	3	0	3000	hit	94
SG	52	Response	1	475776	3293	1
SG	53	Picture	33	480817	0	1	3166	2	0	3000	miss	0
SG	54	Picture	22	489816	0	1	3167	2	0	3000	hit	97
SG	54	Response	1	492495	2679	1
SG	55	Picture	22	499316	0	1	3166	3	0	3000	hit	99
SG	55	Response	1	503588	4272	1
SG	56	Picture	22	508816	0	1	3166	2	0	3000	hit	101
SG	56	Response	1	512807	3991	1
SG	57	Picture	33	517149	0	1	3166	2	0	3000	miss	0
SG	58	Picture	22	528148	0	1	3167	2	0	3000	hit	104
SG	58	Response	1	529369	1221	1
SG	59	Picture	22	537481	0	1	3167	2	0	3000	hit	106
SG	59	Response	1	542652	5171	1
SG	60	Picture	22	546314	0	1	3167	2	0	3000	hit	108
SG	60	Response	1	550619	4305	1
SG	61	Picture	33	554981	0	1	3166	2	0	3000	miss	0
SG	62	Picture	22	565980	0	1	3167	2	0	3000	hit	111
SG	62	Response	1	568744	2764	1
SG	63	Picture	22	574313	0	2	3167	3	0	3000	hit	113
SG	63	Response	1	577494	3181	1
SG	64	Picture	22	582480	0	1	3166	2	0	3000	hit	115
SG	64	Response	1	585618	3138	1
SG	65	Picture	22	590813	0	1	3166	2	0	3000	hit	117
SG	65	Response	1	593743	2930	1
SG	66	Picture	22	600813	0	1	3166	2	0	3000	hit	119
SG	66	Response	1	603743	2930	1
SG	67	Picture	33	609312	0	1	3167	2	0	3000	hit	121
SG	67	Response	1	612650	3338	1
SG	68	Picture	22	618479	0	1	3166	2	0	3000	hit	123
SG	68	Response	1	622493	4014	1
SG	69	Picture	22	627478	0	1	3167	2	0	3000	hit	125
SG	69	Response	1	631399	3921	1
SG	70	Picture	22	638311	0	1	3167	2	0	3000	hit	127
SG	70	Response	1	642649	4338	1
SG	71	Picture	22	647644	0	1	3167	2	0	3000	hit	129
SG	71	Response	1	650931	3287	1
SG	72	Picture	22	657311	0	1	3166	2	0	3000	hit	131
SG	72	Response	1	661243	3932	1
SG	73	Picture	33	668144	0	1	3166	2	0	3000	miss	0
SG	74	Picture	22	676477	0	1	3166	2	0	3000	hit	134
SG	74	Response	1	679992	3515	1
SG	75	Picture	22	686143	0	1	3167	2	0	3000	hit	136
SG	75	Response	1	689523	3380	1
SG	76	Picture	22	694809	0	2	3167	3	0	3000	hit	138
SG	76	Response	1	697908	3099	1
SG	77	Picture	22	702976	0	1	3166	2	0	3000	hit	140
SG	77	Response	1	705773	2797	1
SG	78	Picture	22	712642	0	1	3167	2	0	3000	hit	142
SG	78	Response	1	715463	2821	1
SG	79	Picture	22	721809	0	1	3166	2	0	3000	hit	144
SG	79	Response	1	726710	4901	1
SG	80	Picture	22	730142	0	1	3166	2	0	3000	hit	146
SG	80	Response	1	736085	5943	1
SG	81	Picture	33	740808	0	1	3166	3	0	3000	miss	0
SG	82	Picture	22	751808	0	1	3166	2	0	3000	hit	149
SG	82	Response	1	754054	2246	2
SG	83	Picture	22	760807	0	1	3167	2	0	3000	hit	151
SG	83	Response	1	763586	2779	1
SG	84	Picture	22	770474	0	1	3166	2	0	3000	hit	153
SG	84	Response	1	772960	2486	1
SG	85	Picture	33	779140	0	1	3167	2	0	3000	hit	155
SG	85	Response	1	782647	3507	1
SG	86	Picture	22	788140	0	1	3166	2	0	3000	hit	157
SG	86	Response	1	792803	4663	1
SG	87	Picture	22	797973	0	1	3166	2	0	3000	hit	159
SG	87	Response	1	801709	3736	2
SG	88	Picture	22	806306	0	1	3166	2	0	3000	hit	161
SG	88	Response	1	809678	3372	1
SG	89	Picture	33	815639	0	1	3166	2	0	3000	miss	0
SG	90	Picture	22	824139	0	1	3166	2	0	3000	hit	164
SG	90	Response	1	826865	2726	2
SG	91	Picture	22	833638	0	1	3167	2	0	3000	hit	166
SG	91	Response	1	836553	2915	1
SG	92	Picture	22	843971	0	1	3167	2	0	3000	hit	168
SG	92	Response	1	847021	3050	1
SG	93	Picture	33	852804	0	1	3167	2	0	3000	hit	170
SG	93	Response	1	855771	2967	1
SG	94	Picture	22	861137	0	1	3167	2	0	3000	hit	172
SG	94	Response	1	865302	4165	1
SG	95	Picture	22	872137	0	1	3166	3	0	3000	hit	174
SG	95	Response	1	875146	3009	1
SG	96	Picture	22	882137	0	1	3166	2	0	3000	hit	176
SG	96	Response	1	885771	3634	1
SG	97	Picture	22	891303	0	1	3167	2	0	3000	hit	178
SG	97	Response	1	894833	3530	1
SG	98	Picture	22	900803	0	1	3166	2	0	3000	hit	180
SG	98	Response	1	904052	3249	1
SG	99	Picture	22	911469	0	1	3167	2	0	3000	hit	182
SG	99	Response	1	914676	3207	2
SG	100	Picture	22	921469	0	1	3166	2	0	3000	hit	184
SG	100	Response	1	924677	3208	1
SG	101	Picture	33	930468	0	1	3167	2	0	3000	miss	0
SG	102	Picture	22	940801	0	1	3167	2	0	3000	hit	187
SG	102	Response	1	942801	2000	1
SG	103	Picture	22	949134	0	1	3167	2	0	3000	hit	189
SG	103	Response	1	953273	4139	1
SG	104	Picture	22	959967	0	1	3167	2	0	3000	hit	191
SG	104	Response	1	962957	2990	1
SG	105	Picture	33	968967	0	1	3167	2	0	3000	hit	193
SG	105	Response	1	972176	3209	1
SG	106	Picture	22	979633	0	1	3167	2	0	3000	hit	195
SG	106	Response	1	982801	3168	1
SG	107	Picture	22	989300	0	1	3166	2	0	3000	hit	197
SG	107	Response	1	992800	3500	1
SG	108	Picture	22	998799	0	1	3167	2	0	3000	hit	199
SG	108	Response	1	1002957	4158	1
SG	109	Picture	33	1008466	0	1	3166	2	0	3000	miss	0
SG	110	Picture	22	1018465	0	2	3167	3	0	3000	hit	202
SG	110	Response	1	1019519	1054	1
SG	111	Picture	22	1026798	0	2	3167	3	0	3000	hit	204
SG	111	Response	1	1032644	5846	1
SG	112	Picture	22	1035798	0	1	3167	2	0	3000	hit	206
SG	112	Response	1	1039050	3252	1
SG	113	Picture	22	1046464	0	2	3167	3	0	3000	hit	208
SG	113	Response	1	1049675	3211	1
SG	114	Picture	22	1057131	0	1	3166	2	0	3000	hit	210
SG	114	Response	1	1060456	3325	1
SG	115	Picture	33	1065464	0	1	3166	2	0	3000	miss	0
SG	116	Picture	22	1073630	0	1	3167	2	0	3000	hit	213
SG	116	Response	1	1077018	3388	2
SG	117	Picture	22	1082630	0	1	3167	2	0	3000	hit	215
SG	117	Response	1	1085925	3295	1
SG	118	Picture	22	1092963	0	1	3167	2	0	3000	hit	217
SG	118	Response	1	1095924	2961	1
SG	119	Picture	22	1102129	0	1	3167	2	0	3000	hit	219
SG	119	Response	1	1105768	3639	1
SG	120	Picture	22	1112296	0	1	3166	2	0	3000	hit	221
SG	120	Response	1	1115457	3161	1
SG	121	Picture	33	1122129	0	1	3166	2	0	3000	hit	223
SG	121	Response	1	1124674	2545	1
SG	122	Picture	22	1132128	0	1	3167	2	0	3000	hit	225
SG	122	Response	1	1135767	3639	1
SG	123	Picture	22	1141295	0	1	3166	2	0	3000	hit	227
SG	123	Response	1	1144674	3379	1
SG	124	Picture	22	1150961	0	1	3167	2	0	3000	hit	229
SG	124	Response	1	1154205	3244	1
SG	125	Picture	22	1160294	0	1	3167	2	0	3000	hit	231
SG	125	Response	1	1163580	3286	1
SG	126	Picture	22	1168627	0	1	3167	2	0	3000	hit	233
SG	126	Response	1	1171548	2921	1
SG	127	Picture	33	1177294	0	1	3166	2	0	3000	hit	235
SG	127	Response	1	1179673	2379	2
SG	128	Picture	22	1187293	0	1	3167	2	0	3000	hit	237
SG	128	Response	1	1192642	5349	1
SG	129	Picture	22	1197626	0	1	3167	2	0	3000	hit	239
SG	129	Response	1	1200298	2672	1
SG	130	Picture	22	1207793	0	1	3166	2	0	3000	hit	241
SG	130	Response	1	1211079	3286	1
SG	131	Picture	33	1217792	0	1	3167	2	0	3000	hit	243
SG	131	Response	1	1221235	3443	1
SG	132	Picture	22	1226292	0	1	3166	3	0	3000	hit	245
SG	132	Response	1	1231547	5255	2
SG	133	Picture	22	1235625	0	1	3166	3	0	3000	hit	247
SG	133	Response	1	1239516	3891	1
SG	134	Picture	22	1244291	0	1	3167	2	0	3000	hit	249
SG	134	Response	1	1247797	3506	2
SG	135	Picture	33	1253624	0	1	3167	2	0	3000	miss	0
SG	136	Picture	22	1263291	0	1	3166	2	0	3000	hit	252
SG	136	Response	1	1266078	2787	2
SG	137	Picture	33	1272124	0	1	3166	2	0	3000	hit	254
SG	137	Response	1	1275297	3173	1
SG	138	Picture	22	1281290	0	1	3167	2	0	3000	hit	256
SG	138	Response	1	1285922	4632	1
SG	139	Picture	22	1290290	0	1	3166	2	0	3000	hit	258
SG	139	Response	1	1293578	3288	1
SG	140	Picture	22	1300456	0	1	3167	2	0	3000	hit	260
SG	140	Response	1	1305454	4998	1
SG	141	Picture	33	1311122	0	2	3167	3	0	3000	miss	0
SG	142	Picture	22	1321455	0	2	3167	3	0	3000	hit	263
SG	142	Response	1	1324202	2747	2
SG	143	Picture	22	1330122	0	1	3166	2	0	3000	hit	265
SG	143	Response	1	1334515	4393	1
SG	144	Picture	22	1338622	0	1	3166	2	0	3000	hit	267
SG	144	Response	1	1342327	3705	1
SG	145	Picture	22	1348455	0	1	3166	2	0	3000	hit	269
SG	145	Response	1	1351702	3247	1
SG	146	Picture	22	1358954	0	1	3167	2	0	3000	hit	271
SG	146	Response	1	1362483	3529	1
SG	147	Picture	22	1367287	0	1	3167	2	0	3000	hit	273
SG	147	Response	1	1370452	3165	1
SG	148	Picture	22	1377287	0	1	3166	3	0	3000	hit	275
SG	148	Response	1	1382014	4727	1
SG	149	Picture	33	1387287	0	1	3166	2	0	3000	miss	0
SG	150	Picture	22	1397120	0	1	3166	2	0	3000	hit	278
SG	150	Response	1	1399670	2550	1
SG	151	Picture	22	1407286	0	1	3166	3	0	3000	hit	280
SG	151	Response	1	1411389	4103	1
SG	152	Picture	22	1417786	0	1	3166	2	0	3000	hit	282
SG	152	Response	1	1420607	2821	2
SG	153	Picture	22	1426285	0	1	3167	2	0	3000	hit	284
SG	153	Response	1	1429201	2916	2
SG	154	Picture	22	1435285	0	1	3167	2	0	3000	hit	286
SG	154	Response	1	1438732	3447	1
SG	155	Picture	33	1444451	0	1	3167	2	0	3000	miss	0
SG	156	Picture	22	1454784	0	1	3167	2	0	3000	hit	289
SG	156	Response	1	1457326	2542	1
SG	157	Picture	22	1464784	0	1	3167	2	0	3000	hit	291
SG	157	Response	1	1468107	3323	1
SG	158	Picture	22	1475284	0	1	3166	2	0	3000	hit	293
SG	158	Response	1	1478575	3291	2
SG	159	Picture	33	1483617	0	1	3166	2	0	3000	miss	0
SG	160	Picture	22	1491783	0	1	3167	2	0	3000	hit	296
SG	160	Response	1	1494669	2886	1
SG	161	Picture	22	1501783	0	1	3166	2	0	3000	hit	298
SG	161	Response	1	1504825	3042	2
SG	162	Picture	22	1511616	0	1	3166	2	0	3000	hit	300
SG	162	Response	1	1514981	3365	1
SG	163	Picture	22	1521782	0	1	3167	2	0	3000	hit	302
SG	163	Response	1	1524981	3199	1
SG	164	Picture	22	1532615	0	1	3167	2	0	3000	hit	304
SG	164	Response	1	1536075	3460	1
SG	165	Picture	33	1543781	0	2	3167	3	0	3000	miss	0
SG	166	Picture	22	1554114	0	1	3167	2	0	3000	miss	0
SG	167	Picture	22	1562614	0	1	3167	2	0	3000	hit	308
SG	167	Response	1	1567324	4710	1
SG	168	Picture	22	1571447	0	1	3167	2	0	3000	hit	310
SG	168	Response	1	1574824	3377	1
SG	169	Picture	33	1579947	0	1	3166	2	0	3000	hit	312
SG	169	Response	1	1582793	2846	1
SG	170	Picture	22	1588613	0	1	3167	2	0	3000	hit	314
SG	170	Response	1	1592324	3711	1
SG	171	Picture	22	1598446	0	1	3167	2	0	3000	hit	316
SG	171	Response	1	1601699	3253	1
SG	172	Picture	22	1607113	0	1	3166	2	0	3000	hit	318
SG	172	Response	1	1610605	3492	1
SG	173	Picture	33	1617946	0	1	3166	2	0	3000	miss	0
SG	174	Picture	22	1628445	0	1	3167	2	0	3000	hit	321
SG	174	Response	1	1630918	2473	1
SG	175	Picture	22	1637945	0	1	3167	2	0	3000	hit	323
SG	175	Response	1	1641542	3597	1
SG	176	Picture	22	1647445	0	1	3166	2	0	3000	hit	325
SG	176	Response	1	1650761	3316	1
SG	177	Picture	33	1658278	0	1	3166	2	0	3000	miss	0
SG	178	Picture	22	1667444	0	1	3167	2	0	3000	hit	328
SG	178	Response	1	1670136	2692	1
SG	179	Picture	22	1676944	0	1	3166	2	0	3000	hit	330
SG	179	Response	1	1681854	4910	2
SG	180	Picture	22	1685610	0	1	3167	2	0	3000	hit	332
SG	180	Response	1	1689510	3900	2
SG	181	Picture	22	1695943	0	1	3167	2	0	3000	hit	334
SG	181	Response	1	1700291	4348	2
SG	182	Picture	22	1705776	0	1	3167	2	0	3000	hit	336
SG	182	Response	1	1709197	3421	2
SG	183	Picture	22	1715109	0	1	3167	2	0	3000	hit	338
SG	183	Response	1	1718416	3307	2
SG	184	Picture	22	1725109	0	1	3166	2	0	3000	hit	340
SG	184	Response	1	1728260	3151	2
SG	185	Picture	33	1734108	0	2	3167	3	0	3000	miss	0
SG	186	Picture	22	1744941	0	2	3167	3	0	3000	hit	343
SG	186	Response	1	1745607	666	4
SG	187	Picture	33	1754941	0	1	3167	2	0	3000	miss	0
SG	188	Picture	22	1764274	0	1	3167	2	0	3000	hit	346
SG	188	Response	1	1767009	2735	2
SG	189	Picture	22	1774940	0	2	3167	3	0	3000	hit	348
SG	189	Response	1	1778415	3475	2
SG	190	Picture	22	1783274	0	1	3166	2	0	3000	hit	350
SG	190	Response	1	1787790	4516	2
SG	191	Picture	22	1792773	0	1	3167	2	0	3000	hit	352
SG	191	Response	1	1796228	3455	1
SG	192	Picture	22	1803273	0	1	3166	2	0	3000	hit	354
SG	192	Response	1	1806540	3267	1
SG	193	Picture	33	1812106	0	1	3166	2	0	3000	hit	356
SG	193	Response	1	1815290	3184	1
SG	194	Picture	22	1822606	0	1	3166	2	0	3000	hit	358
SG	194	Response	1	1826383	3777	2
SG	195	Picture	22	1832605	0	1	3167	2	0	3000	hit	360
SG	195	Response	1	1836227	3622	1
SG	196	Picture	22	1842105	0	1	3166	3	0	3000	hit	362
SG	196	Response	1	1844977	2872	1
SG	197	Picture	33	1850271	0	1	3167	2	0	3000	miss	0
SG	198	Picture	22	1858438	0	1	3166	2	0	3000	hit	365
SG	198	Response	1	1861383	2945	1
SG	199	Picture	22	1869271	0	1	3166	2	0	3000	hit	367
SG	199	Response	1	1872634	3363	1
SG	200	Picture	22	1880104	0	1	3166	2	0	3000	hit	369
SG	200	Response	1	1883102	2998	1
SG	201	Picture	22	1889103	0	1	3167	2	0	3000	hit	371
SG	201	Response	1	1892008	2905	1
SG	202	Picture	22	1897770	0	1	3166	2	0	3000	hit	373
SG	202	Response	1	1900758	2988	1
SG	203	Picture	33	1906436	0	1	3167	2	0	3000	hit	375
SG	203	Response	1	1909351	2915	1
SG	204	Picture	22	1916269	0	1	3167	2	0	3000	hit	377
SG	204	Response	1	1919820	3551	1
SG	205	Picture	22	1925435	0	2	3167	3	0	3000	hit	379
SG	205	Response	1	1929976	4541	1
SG	206	Picture	22	1934935	0	1	3167	2	0	3000	hit	381
SG	206	Response	1	1937944	3009	2
SG	207	Picture	22	1944768	0	1	3167	2	0	3000	hit	383
SG	207	Response	1	1948569	3801	2
SG	208	Picture	22	1955768	0	1	3166	2	0	3000	hit	385
SG	208	Response	1	1958886	3118	1
SG	209	Picture	22	1964434	0	1	3167	2	0	3000	hit	387
SG	209	Response	1	1967944	3510	2
SG	210	Picture	22	1972601	0	1	3166	2	0	3000	hit	389
SG	210	Response	1	1976069	3468	1
SG	211	Picture	33	1983267	0	1	3166	3	0	3000	miss	0
SG	212	Picture	22	1991600	0	1	3167	2	0	3000	hit	392
SG	212	Response	1	1994975	3375	1
SG	213	Picture	22	2002433	0	1	3167	2	0	3000	hit	394
SG	213	Response	1	2006225	3792	1
SG	214	Picture	22	2010599	0	1	3167	2	0	3000	hit	396
SG	214	Response	1	2017787	7188	1
SG	215	Picture	33	2021099	0	1	3167	2	0	3000	miss	0
SG	216	Picture	22	2030265	0	1	3167	2	0	3000	hit	399
SG	216	Response	1	2035287	5022	1
SG	217	Picture	22	2038432	0	1	3166	2	0	3000	hit	401
SG	217	Response	1	2042006	3574	1
SG	218	Picture	22	2049265	0	1	3166	2	0	3000	hit	403
SG	218	Response	1	2052943	3678	1
SG	219	Picture	22	2058764	0	2	3167	3	0	3000	hit	405
SG	219	Response	1	2062162	3398	1
SG	220	Picture	22	2069764	0	1	3167	2	0	3000	hit	407
SG	220	Response	1	2073100	3336	1
SG	221	Picture	22	2078097	0	1	3167	2	0	3000	hit	409
SG	221	Response	1	2081380	3283	1
SG	222	Picture	22	2086930	0	1	3167	2	0	3000	hit	411
SG	222	Response	1	2090443	3513	1
SG	223	Picture	33	2095430	0	1	3166	2	0	3000	hit	413
SG	223	Response	1	2098724	3294	1
SG	224	Picture	22	2105096	0	1	3167	2	0	3000	hit	415
SG	224	Response	1	2107942	2846	1
SG	225	Picture	22	2114929	0	1	3167	2	0	3000	hit	417
SG	225	Response	1	2118257	3328	1
SG	226	Picture	22	2123096	0	1	3166	2	0	3000	hit	419
SG	226	Response	1	2126380	3284	1
SG	227	Picture	22	2133429	0	1	3166	2	0	3000	hit	421
SG	227	Response	1	2136692	3263	1
SG	228	Picture	22	2142262	0	1	3166	2	0	3000	hit	423
SG	228	Response	1	2147317	5055	1
SG	229	Picture	33	2151095	0	1	3166	2	0	3000	miss	0
SG	230	Picture	22	2160928	0	1	3166	2	0	3000	hit	426
SG	230	Response	1	2164036	3108	1
SG	231	Picture	22	2171761	0	1	3166	2	0	3000	hit	428
SG	231	Response	1	2174661	2900	1
SG	232	Picture	22	2182260	0	1	3167	2	0	3000	hit	430
SG	232	Response	1	2183879	1619	1
SG	233	Picture	33	2191427	0	1	3166	2	0	3000	miss	0
SG	234	Picture	22	2201593	0	1	3167	2	0	3000	hit	433
SG	234	Response	1	2204660	3067	1
SG	235	Picture	22	2212593	0	1	3166	2	0	3000	hit	435
SG	235	Response	1	2215910	3317	1
SG	236	Picture	22	2222759	0	1	3167	2	0	3000	hit	437
SG	236	Response	1	2226378	3619	1
SG	237	Picture	22	2231759	0	1	3166	2	0	3000	hit	439
SG	237	Response	1	2235910	4151	1
SG	238	Picture	22	2241758	0	1	3167	2	0	3000	hit	441
SG	238	Response	1	2245441	3683	2
SG	239	Picture	33	2252091	0	1	3167	2	0	3000	miss	0
SG	240	Picture	22	2262091	0	1	3167	2	0	3000	hit	444
SG	240	Response	1	2264816	2725	1
SG	241	Picture	22	2272924	0	1	3167	2	0	3000	hit	446
SG	241	Response	1	2276065	3141	1
SG	242	Picture	22	2283424	0	1	3166	2	0	3000	hit	448
SG	242	Response	1	2288096	4672	1
SG	243	Picture	33	2294257	0	1	3166	2	0	3000	hit	450
SG	243	Response	1	2297315	3058	1
SG	244	Picture	22	2302756	0	1	3167	2	0	3000	hit	452
SG	244	Response	1	2306221	3465	1
SG	245	Picture	22	2312256	0	1	3167	2	0	3000	hit	454
SG	245	Response	1	2315440	3184	1
SG	246	Picture	22	2322422	0	1	3167	2	0	3000	hit	456
SG	246	Response	1	2325752	3330	1
SG	247	Picture	22	2331422	0	1	3167	2	0	3000	hit	458
SG	247	Response	1	2334815	3393	1
SG	248	Picture	22	2339922	0	1	3166	2	0	3000	hit	460
SG	248	Response	1	2343721	3799	1
SG	249	Picture	33	2349921	0	2	3167	3	0	3000	miss	0
SG	250	Picture	22	2359921	0	1	3167	2	0	3000	hit	463
SG	250	Response	1	2362939	3018	2
SG	251	Picture	22	2370087	0	2	3167	3	0	3000	hit	465
SG	251	Response	1	2372939	2852	1
SG	252	Picture	22	2379087	0	1	3167	2	0	3000	hit	467
SG	252	Response	1	2381845	2758	1
SG	253	Picture	33	2389087	0	1	3166	2	0	3000	miss	0
SG	254	Picture	22	2398087	0	1	3166	2	0	3000	hit	470
SG	254	Response	1	2400595	2508	1
SG	255	Picture	33	2407086	0	1	3167	2	0	3000	miss	0
SG	256	Picture	22	2417419	0	1	3167	2	0	3000	hit	473
SG	256	Response	1	2420907	3488	1
SG	257	Picture	22	2425752	0	1	3167	2	0	3000	hit	475
SG	257	Response	1	2429345	3593	1
SG	258	Picture	22	2434585	0	1	3167	2	0	3000	hit	477
SG	258	Response	1	2438095	3510	1
SG	259	Picture	22	2442918	0	2	3167	3	0	3000	hit	479
SG	259	Response	1	2445907	2989	1
SG	260	Picture	22	2453251	0	2	3167	3	0	3000	hit	481
SG	260	Response	1	2457157	3906	1
SG	261	Picture	22	2464251	0	1	3167	2	0	3000	hit	483
SG	261	Response	1	2468406	4155	2
SG	262	Picture	22	2472751	0	1	3166	2	0	3000	hit	485
SG	262	Response	1	2476844	4093	1
SG	263	Picture	33	2482917	0	1	3167	2	0	3000	miss	0
SG	264	Picture	22	2493250	0	1	3167	2	0	3000	hit	488
SG	264	Response	1	2496063	2813	1
SG	265	Picture	33	2502250	0	1	3166	2	0	3000	miss	0
SG	266	Picture	22	2512916	0	1	3167	2	0	3000	hit	491
SG	266	Response	1	2515750	2834	1
SG	267	Picture	22	2521249	0	1	3167	2	0	3000	hit	493
SG	267	Response	1	2526218	4969	1
SG	268	Picture	22	2530582	0	1	3167	2	0	3000	hit	495
SG	268	Response	1	2534031	3449	1
SG	269	Picture	22	2538915	0	1	3167	2	0	3000	hit	497
SG	269	Response	1	2541843	2928	1
SG	270	Picture	22	2548915	0	1	3166	3	0	3000	hit	499
SG	270	Response	1	2551843	2928	1
SG	271	Picture	33	2559748	0	1	3166	2	0	3000	hit	501
SG	271	Response	1	2562937	3189	1
SG	272	Picture	22	2570081	0	1	3166	3	0	3000	hit	503
SG	272	Response	1	2573405	3324	2
SG	273	Picture	22	2580081	0	1	3166	2	0	3000	hit	505
SG	273	Response	1	2583718	3637	1
SG	274	Picture	22	2591247	0	1	3166	2	0	3000	hit	507
SG	274	Response	1	2594342	3095	2
SG	275	Picture	33	2601247	0	1	3166	2	0	3000	miss	0
SG	276	Picture	22	2611579	0	2	3167	3	0	3000	hit	510
SG	276	Response	1	2614498	2919	2
SG	277	Picture	22	2620913	0	1	3166	2	0	3000	hit	512
SG	277	Response	1	2624342	3429	1
SG	278	Picture	22	2631579	0	1	3166	2	0	3000	hit	514
SG	278	Response	1	2635438	3859	1
SG	279	Picture	33	2641412	0	1	3166	2	0	3000	miss	0
SG	280	Picture	22	2649578	0	1	3167	2	0	3000	hit	517
SG	280	Response	1	2653404	3826	2
SG	281	Picture	22	2659745	0	1	3166	2	0	3000	hit	519
SG	281	Response	1	2663561	3816	1
SG	282	Picture	22	2668578	0	1	3166	2	0	3000	hit	521
SG	282	Response	1	2671998	3420	1
SG	283	Picture	33	2679577	0	1	3167	2	0	3000	miss	0
SG	284	Picture	22	2688577	0	1	3167	2	0	3000	hit	524
SG	284	Response	1	2691529	2952	1
SG	285	Picture	22	2697577	0	1	3166	2	0	3000	hit	526
SG	285	Response	1	2700904	3327	1
SG	286	Picture	22	2705743	0	1	3167	2	0	3000	hit	528
SG	286	Response	1	2708872	3129	1
SG	287	Picture	22	2715076	0	1	3167	2	0	3000	hit	530
SG	287	Response	1	2717778	2702	1
SG	288	Picture	22	2724742	0	2	3167	3	0	3000	hit	532
SG	288	Response	1	2728403	3661	2
SG	289	Picture	33	2733742	0	1	3167	2	0	3000	hit	534
SG	289	Response	1	2736997	3255	1
SG	290	Picture	22	2742742	0	1	3166	2	0	3000	hit	536
SG	290	Response	1	2746841	4099	1
SG	291	Picture	22	2752242	0	1	3166	2	0	3000	hit	538
SG	291	Response	1	2755590	3348	1
SG	292	Picture	22	2762408	0	1	3166	2	0	3000	hit	540
SG	292	Response	1	2767621	5213	2
SG	293	Picture	22	2772241	0	1	3166	2	0	3000	hit	542
SG	293	Response	1	2775590	3349	1
SG	294	Picture	22	2782574	0	1	3166	2	0	3000	hit	544
SG	294	Response	1	2785746	3172	1
SG	295	Picture	33	2793407	0	1	3166	2	0	3000	miss	0
SG	296	Picture	22	2801573	0	1	3167	2	0	3000	hit	547
SG	296	Response	1	2804496	2923	1
SG	297	Picture	22	2810573	0	1	3166	3	0	3000	hit	549
SG	297	Response	1	2815435	4862	1
SG	298	Picture	22	2820573	0	1	3166	2	0	3000	hit	551
SG	298	Response	1	2823714	3141	2
SG	299	Picture	22	2830572	0	1	3167	2	0	3000	hit	553
SG	299	Response	1	2833714	3142	1
SG	300	Picture	22	2841405	0	1	3167	2	0	3000	hit	555
SG	300	Response	1	2844964	3559	1
SG	301	Picture	33	2851905	0	1	3166	3	0	3000	hit	557
SG	301	Response	1	2855277	3372	1


Event Type	Code	Type	Response	RT	RT Uncertainty	Time	Uncertainty	Duration	Uncertainty	ReqTime	ReqDur

Picture	22	hit	1	3419	2	332	1	3167	2	0	3000
Picture	22	hit	1	4606	2	11332	1	3167	2	0	3000
Picture	22	hit	1	3742	2	20165	1	3167	2	0	3000
Picture	33	miss				29331	2	3167	3	0	3000
Picture	22	hit	1	2846	2	39498	1	3166	2	0	3000
Picture	22	hit	1	3919	2	49831	1	3166	2	0	3000
Picture	22	hit	1	3014	3	59330	2	3167	3	0	3000
Picture	22	hit	1	3181	3	69163	2	3167	3	0	3000
Picture	22	hit	1	3629	3	79496	2	3167	3	0	3000
Picture	33	hit	1	2983	3	89829	2	3167	3	0	3000
Picture	22	hit	1	3121	2	100162	1	3167	2	0	3000
Picture	22	hit	1	3369	2	108662	1	3167	2	0	3000
Picture	22	hit	1	3431	2	117662	1	3166	2	0	3000
Picture	22	hit	1	3515	2	126328	1	3167	2	0	3000
Picture	22	hit	1	3504	2	136495	1	3166	2	0	3000
Picture	33	miss				145828	1	3166	2	0	3000
Picture	22	hit	1	1088	5	155994	1	3166	2	0	3000
Picture	22	hit	1	4558	2	164660	1	3167	2	0	3000
Picture	22	hit	1	4474	2	173493	1	3167	2	0	3000
Picture	22	hit	1	3162	2	181993	1	3167	2	0	3000
Picture	22	hit	1	3880	2	190493	1	3166	2	0	3000
Picture	33	miss				200492	2	3167	3	0	3000
Picture	22	hit	1	2569	2	208992	1	3167	2	0	3000
Picture	22	hit	1	3163	2	219492	1	3166	2	0	3000
Picture	22	hit	1	4288	4	228991	2	3167	3	0	3000
Picture	22	hit	1	6579	2	237325	1	3166	2	0	3000
Picture	22	miss				245658	1	3166	2	0	3000
Picture	33	hit	1	3028	2	254157	1	3167	2	0	3000
Picture	22	miss				262657	1	3167	2	0	3000
Picture	33	miss				272823	1	3167	2	0	3000
Picture	22	hit	1	925	2	282823	1	3167	2	0	3000
Picture	22	hit	1	3227	2	293489	1	3167	2	0	3000
Picture	22	hit	1	3487	3	301822	2	3167	3	0	3000
Picture	22	hit	1	3999	3	311155	2	3167	3	0	3000
Picture	22	hit	1	3393	2	320822	1	3166	2	0	3000
Picture	22	hit	1	3126	2	330155	1	3166	2	0	3000
Picture	22	hit	1	3467	3	339654	2	3167	3	0	3000
Picture	33	miss				348488	1	3166	2	0	3000
Picture	22	hit	1	3019	2	359321	1	3166	2	0	3000
Picture	33	miss				369320	1	3167	2	0	3000
Picture	22	hit	1	2958	2	377820	1	3166	3	0	3000
Picture	22	hit	1	5104	2	385986	1	3167	2	0	3000
Picture	22	hit	1	3947	3	396986	1	3167	2	0	3000
Picture	33	hit	1	3375	2	406152	1	3167	2	0	3000
Picture	22	hit	1	3531	2	416152	1	3167	2	0	3000
Picture	22	hit	1	4073	2	424985	1	3167	2	0	3000
Picture	22	hit	1	3844	3	433651	1	3167	2	0	3000
Picture	22	hit	1	3636	2	444484	1	3167	2	0	3000
Picture	22	hit	1	3250	2	453151	1	3166	2	0	3000
Picture	22	hit	1	4630	2	463650	1	3167	2	0	3000
Picture	22	hit	1	3293	3	472483	2	3167	3	0	3000
Picture	33	miss				480817	1	3166	2	0	3000
Picture	22	hit	1	2679	2	489816	1	3167	2	0	3000
Picture	22	hit	1	4272	2	499316	1	3166	3	0	3000
Picture	22	hit	1	3991	2	508816	1	3166	2	0	3000
Picture	33	miss				517149	1	3166	2	0	3000
Picture	22	hit	1	1221	2	528148	1	3167	2	0	3000
Picture	22	hit	1	5171	2	537481	1	3167	2	0	3000
Picture	22	hit	1	4305	2	546314	1	3167	2	0	3000
Picture	33	miss				554981	1	3166	2	0	3000
Picture	22	hit	1	2764	2	565980	1	3167	2	0	3000
Picture	22	hit	1	3181	3	574313	2	3167	3	0	3000
Picture	22	hit	1	3138	2	582480	1	3166	2	0	3000
Picture	22	hit	1	2930	2	590813	1	3166	2	0	3000
Picture	22	hit	1	2930	2	600813	1	3166	2	0	3000
Picture	33	hit	1	3338	2	609312	1	3167	2	0	3000
Picture	22	hit	1	4014	2	618479	1	3166	2	0	3000
Picture	22	hit	1	3921	2	627478	1	3167	2	0	3000
Picture	22	hit	1	4338	2	638311	1	3167	2	0	3000
Picture	22	hit	1	3287	2	647644	1	3167	2	0	3000
Picture	22	hit	1	3932	2	657311	1	3166	2	0	3000
Picture	33	miss				668144	1	3166	2	0	3000
Picture	22	hit	1	3515	2	676477	1	3166	2	0	3000
Picture	22	hit	1	3380	2	686143	1	3167	2	0	3000
Picture	22	hit	1	3099	3	694809	2	3167	3	0	3000
Picture	22	hit	1	2797	2	702976	1	3166	2	0	3000
Picture	22	hit	1	2821	2	712642	1	3167	2	0	3000
Picture	22	hit	1	4901	2	721809	1	3166	2	0	3000
Picture	22	hit	1	5943	2	730142	1	3166	2	0	3000
Picture	33	miss				740808	1	3166	3	0	3000
Picture	22	hit	1	2246	3	751808	1	3166	2	0	3000
Picture	22	hit	1	2779	2	760807	1	3167	2	0	3000
Picture	22	hit	1	2486	2	770474	1	3166	2	0	3000
Picture	33	hit	1	3507	2	779140	1	3167	2	0	3000
Picture	22	hit	1	4663	2	788140	1	3166	2	0	3000
Picture	22	hit	1	3736	3	797973	1	3166	2	0	3000
Picture	22	hit	1	3372	2	806306	1	3166	2	0	3000
Picture	33	miss				815639	1	3166	2	0	3000
Picture	22	hit	1	2726	3	824139	1	3166	2	0	3000
Picture	22	hit	1	2915	2	833638	1	3167	2	0	3000
Picture	22	hit	1	3050	2	843971	1	3167	2	0	3000
Picture	33	hit	1	2967	2	852804	1	3167	2	0	3000
Picture	22	hit	1	4165	2	861137	1	3167	2	0	3000
Picture	22	hit	1	3009	2	872137	1	3166	3	0	3000
Picture	22	hit	1	3634	2	882137	1	3166	2	0	3000
Picture	22	hit	1	3530	2	891303	1	3167	2	0	3000
Picture	22	hit	1	3249	2	900803	1	3166	2	0	3000
Picture	22	hit	1	3207	3	911469	1	3167	2	0	3000
Picture	22	hit	1	3208	2	921469	1	3166	2	0	3000
Picture	33	miss				930468	1	3167	2	0	3000
Picture	22	hit	1	2000	2	940801	1	3167	2	0	3000
Picture	22	hit	1	4139	2	949134	1	3167	2	0	3000
Picture	22	hit	1	2990	2	959967	1	3167	2	0	3000
Picture	33	hit	1	3209	2	968967	1	3167	2	0	3000
Picture	22	hit	1	3168	2	979633	1	3167	2	0	3000
Picture	22	hit	1	3500	2	989300	1	3166	2	0	3000
Picture	22	hit	1	4158	2	998799	1	3167	2	0	3000
Picture	33	miss				1008466	1	3166	2	0	3000
Picture	22	hit	1	1054	3	1018465	2	3167	3	0	3000
Picture	22	hit	1	5846	3	1026798	2	3167	3	0	3000
Picture	22	hit	1	3252	2	1035798	1	3167	2	0	3000
Picture	22	hit	1	3211	3	1046464	2	3167	3	0	3000
Picture	22	hit	1	3325	2	1057131	1	3166	2	0	3000
Picture	33	miss				1065464	1	3166	2	0	3000
Picture	22	hit	1	3388	3	1073630	1	3167	2	0	3000
Picture	22	hit	1	3295	2	1082630	1	3167	2	0	3000
Picture	22	hit	1	2961	2	1092963	1	3167	2	0	3000
Picture	22	hit	1	3639	2	1102129	1	3167	2	0	3000
Picture	22	hit	1	3161	2	1112296	1	3166	2	0	3000
Picture	33	hit	1	2545	2	1122129	1	3166	2	0	3000
Picture	22	hit	1	3639	2	1132128	1	3167	2	0	3000
Picture	22	hit	1	3379	2	1141295	1	3166	2	0	3000
Picture	22	hit	1	3244	2	1150961	1	3167	2	0	3000
Picture	22	hit	1	3286	2	1160294	1	3167	2	0	3000
Picture	22	hit	1	2921	2	1168627	1	3167	2	0	3000
Picture	33	hit	1	2379	3	1177294	1	3166	2	0	3000
Picture	22	hit	1	5349	2	1187293	1	3167	2	0	3000
Picture	22	hit	1	2672	2	1197626	1	3167	2	0	3000
Picture	22	hit	1	3286	2	1207793	1	3166	2	0	3000
Picture	33	hit	1	3443	2	1217792	1	3167	2	0	3000
Picture	22	hit	1	5255	3	1226292	1	3166	3	0	3000
Picture	22	hit	1	3891	2	1235625	1	3166	3	0	3000
Picture	22	hit	1	3506	3	1244291	1	3167	2	0	3000
Picture	33	miss				1253624	1	3167	2	0	3000
Picture	22	hit	1	2787	3	1263291	1	3166	2	0	3000
Picture	33	hit	1	3173	2	1272124	1	3166	2	0	3000
Picture	22	hit	1	4632	2	1281290	1	3167	2	0	3000
Picture	22	hit	1	3288	2	1290290	1	3166	2	0	3000
Picture	22	hit	1	4998	2	1300456	1	3167	2	0	3000
Picture	33	miss				1311122	2	3167	3	0	3000
Picture	22	hit	1	2747	4	1321455	2	3167	3	0	3000
Picture	22	hit	1	4393	2	1330122	1	3166	2	0	3000
Picture	22	hit	1	3705	2	1338622	1	3166	2	0	3000
Picture	22	hit	1	3247	2	1348455	1	3166	2	0	3000
Picture	22	hit	1	3529	2	1358954	1	3167	2	0	3000
Picture	22	hit	1	3165	2	1367287	1	3167	2	0	3000
Picture	22	hit	1	4727	2	1377287	1	3166	3	0	3000
Picture	33	miss				1387287	1	3166	2	0	3000
Picture	22	hit	1	2550	2	1397120	1	3166	2	0	3000
Picture	22	hit	1	4103	2	1407286	1	3166	3	0	3000
Picture	22	hit	1	2821	3	1417786	1	3166	2	0	3000
Picture	22	hit	1	2916	3	1426285	1	3167	2	0	3000
Picture	22	hit	1	3447	2	1435285	1	3167	2	0	3000
Picture	33	miss				1444451	1	3167	2	0	3000
Picture	22	hit	1	2542	2	1454784	1	3167	2	0	3000
Picture	22	hit	1	3323	2	1464784	1	3167	2	0	3000
Picture	22	hit	1	3291	3	1475284	1	3166	2	0	3000
Picture	33	miss				1483617	1	3166	2	0	3000
Picture	22	hit	1	2886	2	1491783	1	3167	2	0	3000
Picture	22	hit	1	3042	3	1501783	1	3166	2	0	3000
Picture	22	hit	1	3365	2	1511616	1	3166	2	0	3000
Picture	22	hit	1	3199	2	1521782	1	3167	2	0	3000
Picture	22	hit	1	3460	2	1532615	1	3167	2	0	3000
Picture	33	miss				1543781	2	3167	3	0	3000
Picture	22	miss				1554114	1	3167	2	0	3000
Picture	22	hit	1	4710	2	1562614	1	3167	2	0	3000
Picture	22	hit	1	3377	2	1571447	1	3167	2	0	3000
Picture	33	hit	1	2846	2	1579947	1	3166	2	0	3000
Picture	22	hit	1	3711	2	1588613	1	3167	2	0	3000
Picture	22	hit	1	3253	2	1598446	1	3167	2	0	3000
Picture	22	hit	1	3492	2	1607113	1	3166	2	0	3000
Picture	33	miss				1617946	1	3166	2	0	3000
Picture	22	hit	1	2473	2	1628445	1	3167	2	0	3000
Picture	22	hit	1	3597	2	1637945	1	3167	2	0	3000
Picture	22	hit	1	3316	2	1647445	1	3166	2	0	3000
Picture	33	miss				1658278	1	3166	2	0	3000
Picture	22	hit	1	2692	2	1667444	1	3167	2	0	3000
Picture	22	hit	1	4910	3	1676944	1	3166	2	0	3000
Picture	22	hit	1	3900	3	1685610	1	3167	2	0	3000
Picture	22	hit	1	4348	3	1695943	1	3167	2	0	3000
Picture	22	hit	1	3421	3	1705776	1	3167	2	0	3000
Picture	22	hit	1	3307	3	1715109	1	3167	2	0	3000
Picture	22	hit	1	3151	3	1725109	1	3166	2	0	3000
Picture	33	miss				1734108	2	3167	3	0	3000
Picture	22	hit	1	666	6	1744941	2	3167	3	0	3000
Picture	33	miss				1754941	1	3167	2	0	3000
Picture	22	hit	1	2735	3	1764274	1	3167	2	0	3000
Picture	22	hit	1	3475	4	1774940	2	3167	3	0	3000
Picture	22	hit	1	4516	3	1783274	1	3166	2	0	3000
Picture	22	hit	1	3455	2	1792773	1	3167	2	0	3000
Picture	22	hit	1	3267	2	1803273	1	3166	2	0	3000
Picture	33	hit	1	3184	2	1812106	1	3166	2	0	3000
Picture	22	hit	1	3777	3	1822606	1	3166	2	0	3000
Picture	22	hit	1	3622	2	1832605	1	3167	2	0	3000
Picture	22	hit	1	2872	2	1842105	1	3166	3	0	3000
Picture	33	miss				1850271	1	3167	2	0	3000
Picture	22	hit	1	2945	2	1858438	1	3166	2	0	3000
Picture	22	hit	1	3363	2	1869271	1	3166	2	0	3000
Picture	22	hit	1	2998	2	1880104	1	3166	2	0	3000
Picture	22	hit	1	2905	2	1889103	1	3167	2	0	3000
Picture	22	hit	1	2988	2	1897770	1	3166	2	0	3000
Picture	33	hit	1	2915	2	1906436	1	3167	2	0	3000
Picture	22	hit	1	3551	2	1916269	1	3167	2	0	3000
Picture	22	hit	1	4541	3	1925435	2	3167	3	0	3000
Picture	22	hit	1	3009	3	1934935	1	3167	2	0	3000
Picture	22	hit	1	3801	3	1944768	1	3167	2	0	3000
Picture	22	hit	1	3118	2	1955768	1	3166	2	0	3000
Picture	22	hit	1	3510	3	1964434	1	3167	2	0	3000
Picture	22	hit	1	3468	2	1972601	1	3166	2	0	3000
Picture	33	miss				1983267	1	3166	3	0	3000
Picture	22	hit	1	3375	2	1991600	1	3167	2	0	3000
Picture	22	hit	1	3792	2	2002433	1	3167	2	0	3000
Picture	22	hit	1	7188	2	2010599	1	3167	2	0	3000
Picture	33	miss				2021099	1	3167	2	0	3000
Picture	22	hit	1	5022	2	2030265	1	3167	2	0	3000
Picture	22	hit	1	3574	2	2038432	1	3166	2	0	3000
Picture	22	hit	1	3678	2	2049265	1	3166	2	0	3000
Picture	22	hit	1	3398	3	2058764	2	3167	3	0	3000
Picture	22	hit	1	3336	2	2069764	1	3167	2	0	3000
Picture	22	hit	1	3283	2	2078097	1	3167	2	0	3000
Picture	22	hit	1	3513	2	2086930	1	3167	2	0	3000
Picture	33	hit	1	3294	2	2095430	1	3166	2	0	3000
Picture	22	hit	1	2846	2	2105096	1	3167	2	0	3000
Picture	22	hit	1	3328	2	2114929	1	3167	2	0	3000
Picture	22	hit	1	3284	2	2123096	1	3166	2	0	3000
Picture	22	hit	1	3263	2	2133429	1	3166	2	0	3000
Picture	22	hit	1	5055	2	2142262	1	3166	2	0	3000
Picture	33	miss				2151095	1	3166	2	0	3000
Picture	22	hit	1	3108	2	2160928	1	3166	2	0	3000
Picture	22	hit	1	2900	2	2171761	1	3166	2	0	3000
Picture	22	hit	1	1619	2	2182260	1	3167	2	0	3000
Picture	33	miss				2191427	1	3166	2	0	3000
Picture	22	hit	1	3067	2	2201593	1	3167	2	0	3000
Picture	22	hit	1	3317	2	2212593	1	3166	2	0	3000
Picture	22	hit	1	3619	2	2222759	1	3167	2	0	3000
Picture	22	hit	1	4151	2	2231759	1	3166	2	0	3000
Picture	22	hit	1	3683	3	2241758	1	3167	2	0	3000
Picture	33	miss				2252091	1	3167	2	0	3000
Picture	22	hit	1	2725	2	2262091	1	3167	2	0	3000
Picture	22	hit	1	3141	2	2272924	1	3167	2	0	3000
Picture	22	hit	1	4672	2	2283424	1	3166	2	0	3000
Picture	33	hit	1	3058	2	2294257	1	3166	2	0	3000
Picture	22	hit	1	3465	2	2302756	1	3167	2	0	3000
Picture	22	hit	1	3184	2	2312256	1	3167	2	0	3000
Picture	22	hit	1	3330	2	2322422	1	3167	2	0	3000
Picture	22	hit	1	3393	2	2331422	1	3167	2	0	3000
Picture	22	hit	1	3799	2	2339922	1	3166	2	0	3000
Picture	33	miss				2349921	2	3167	3	0	3000
Picture	22	hit	1	3018	3	2359921	1	3167	2	0	3000
Picture	22	hit	1	2852	3	2370087	2	3167	3	0	3000
Picture	22	hit	1	2758	2	2379087	1	3167	2	0	3000
Picture	33	miss				2389087	1	3166	2	0	3000
Picture	22	hit	1	2508	2	2398087	1	3166	2	0	3000
Picture	33	miss				2407086	1	3167	2	0	3000
Picture	22	hit	1	3488	2	2417419	1	3167	2	0	3000
Picture	22	hit	1	3593	2	2425752	1	3167	2	0	3000
Picture	22	hit	1	3510	2	2434585	1	3167	2	0	3000
Picture	22	hit	1	2989	3	2442918	2	3167	3	0	3000
Picture	22	hit	1	3906	3	2453251	2	3167	3	0	3000
Picture	22	hit	1	4155	3	2464251	1	3167	2	0	3000
Picture	22	hit	1	4093	2	2472751	1	3166	2	0	3000
Picture	33	miss				2482917	1	3167	2	0	3000
Picture	22	hit	1	2813	2	2493250	1	3167	2	0	3000
Picture	33	miss				2502250	1	3166	2	0	3000
Picture	22	hit	1	2834	2	2512916	1	3167	2	0	3000
Picture	22	hit	1	4969	2	2521249	1	3167	2	0	3000
Picture	22	hit	1	3449	2	2530582	1	3167	2	0	3000
Picture	22	hit	1	2928	2	2538915	1	3167	2	0	3000
Picture	22	hit	1	2928	2	2548915	1	3166	3	0	3000
Picture	33	hit	1	3189	2	2559748	1	3166	2	0	3000
Picture	22	hit	1	3324	3	2570081	1	3166	3	0	3000
Picture	22	hit	1	3637	2	2580081	1	3166	2	0	3000
Picture	22	hit	1	3095	3	2591247	1	3166	2	0	3000
Picture	33	miss				2601247	1	3166	2	0	3000
Picture	22	hit	1	2919	4	2611579	2	3167	3	0	3000
Picture	22	hit	1	3429	2	2620913	1	3166	2	0	3000
Picture	22	hit	1	3859	2	2631579	1	3166	2	0	3000
Picture	33	miss				2641412	1	3166	2	0	3000
Picture	22	hit	1	3826	3	2649578	1	3167	2	0	3000
Picture	22	hit	1	3816	2	2659745	1	3166	2	0	3000
Picture	22	hit	1	3420	2	2668578	1	3166	2	0	3000
Picture	33	miss				2679577	1	3167	2	0	3000
Picture	22	hit	1	2952	2	2688577	1	3167	2	0	3000
Picture	22	hit	1	3327	2	2697577	1	3166	2	0	3000
Picture	22	hit	1	3129	2	2705743	1	3167	2	0	3000
Picture	22	hit	1	2702	2	2715076	1	3167	2	0	3000
Picture	22	hit	1	3661	4	2724742	2	3167	3	0	3000
Picture	33	hit	1	3255	2	2733742	1	3167	2	0	3000
Picture	22	hit	1	4099	2	2742742	1	3166	2	0	3000
Picture	22	hit	1	3348	2	2752242	1	3166	2	0	3000
Picture	22	hit	1	5213	3	2762408	1	3166	2	0	3000
Picture	22	hit	1	3349	2	2772241	1	3166	2	0	3000
Picture	22	hit	1	3172	2	2782574	1	3166	2	0	3000
Picture	33	miss				2793407	1	3166	2	0	3000
Picture	22	hit	1	2923	2	2801573	1	3167	2	0	3000
Picture	22	hit	1	4862	2	2810573	1	3166	3	0	3000
Picture	22	hit	1	3141	3	2820573	1	3166	2	0	3000
Picture	22	hit	1	3142	2	2830572	1	3167	2	0	3000
Picture	22	hit	1	3559	2	2841405	1	3167	2	0	3000
Picture	33	hit	1	3372	2	2851905	1	3166	3	0	3000
