Scenario - GO/NO-GO
Logfile written - 07/30/2012 13:51:28

Subject	Trial	Event Type	Code	Time	TTime	Uncertainty	Duration	Uncertainty	ReqTime	ReqDur	Stim Type	Pair Index

SG	2	Picture	22	332	0	1	3167	2	0	3000	hit	2
SG	2	Response	1	5228	4896	1
SG	3	Picture	22	36998	0	1	3166	2	0	3000	hit	4
SG	3	Response	1	40850	3852	1
SG	4	Picture	22	68330	0	1	3167	2	0	3000	hit	6
SG	4	Response	1	72099	3769	1
SG	5	Picture	33	101829	0	1	3167	2	0	3000	hit	8
SG	5	Response	1	104911	3082	1
SG	6	Picture	22	139494	0	2	3167	3	0	3000	hit	10
SG	6	Response	1	142724	3230	1
SG	7	Picture	33	167993	0	2	3167	3	0	3000	miss	0
SG	8	Picture	22	201159	0	1	3167	2	0	3000	hit	13
SG	8	Response	1	204285	3126	1
SG	9	Picture	22	235658	0	1	3166	3	0	3000	hit	15
SG	9	Response	1	239441	3783	1
SG	10	Picture	22	264324	0	1	3166	2	0	3000	hit	17
SG	10	Response	1	268034	3710	1
SG	11	Picture	22	302322	0	1	3167	2	0	3000	hit	19
SG	11	Response	1	306628	4306	1
SG	12	Picture	22	339155	0	1	3166	2	0	3000	hit	21
SG	12	Response	1	344127	4972	1
SG	13	Picture	22	379153	0	1	3167	2	0	3000	hit	23
SG	13	Response	1	382408	3255	1
SG	14	Picture	22	416985	0	1	3167	2	0	3000	hit	25
SG	14	Response	1	420063	3078	2
SG	15	Picture	33	447818	0	1	3166	2	0	3000	hit	27
SG	15	Response	1	450845	3027	1
SG	16	Picture	22	487816	0	1	3167	2	0	3000	hit	29
SG	16	Response	1	491000	3184	1
SG	17	Picture	22	517315	0	1	3167	2	0	3000	hit	31
SG	17	Response	1	520687	3372	1
SG	18	Picture	22	545481	0	1	3167	2	0	3000	hit	33
SG	18	Response	1	548812	3331	1
SG	19	Picture	22	578313	0	1	3167	2	0	3000	hit	35
SG	19	Response	1	581936	3623	2
SG	20	Picture	22	607979	0	1	3166	3	0	3000	hit	37
SG	20	Response	1	611311	3332	1
SG	21	Picture	33	644978	0	1	3166	2	0	3000	hit	39
SG	21	Response	1	648030	3052	1
SG	22	Picture	22	676143	0	1	3167	2	0	3000	hit	41
SG	22	Response	1	680348	4205	1
SG	23	Picture	33	706309	0	1	3167	2	0	3000	miss	0
SG	24	Picture	22	741475	0	1	3166	2	0	3000	hit	44
SG	24	Response	1	744434	2959	1
SG	25	Picture	22	774473	0	2	3167	3	0	3000	hit	46
SG	25	Response	1	777715	3242	1
SG	26	Picture	22	810972	0	1	3167	2	0	3000	hit	48
SG	26	Response	1	814277	3305	2
SG	27	Picture	22	847138	0	1	3166	2	0	3000	hit	50
SG	27	Response	1	851152	4014	1
SG	28	Picture	22	884136	0	2	3167	3	0	3000	hit	52
SG	28	Response	1	888339	4203	1
SG	29	Picture	33	915969	0	1	3166	2	0	3000	miss	0
SG	30	Picture	22	948134	0	1	3167	2	0	3000	hit	55
SG	30	Response	1	953182	5048	1
SG	31	Picture	22	977633	0	1	3167	2	0	3000	hit	57
SG	31	Response	1	980994	3361	1
SG	32	Picture	22	1010466	0	1	3166	2	0	3000	hit	59
SG	32	Response	1	1013806	3340	1
SG	33	Picture	22	1042131	0	1	3167	2	0	3000	miss	0
SG	34	Picture	22	1071464	0	1	3166	2	0	3000	hit	62
SG	34	Response	1	1075055	3591	2
SG	35	Picture	33	1108796	0	1	3166	2	0	3000	miss	0
SG	36	Picture	22	1139795	0	1	3166	2	0	3000	hit	65
SG	36	Response	1	1142867	3072	1
SG	37	Picture	33	1172127	0	1	3166	3	0	3000	hit	67
SG	37	Response	1	1175835	3708	2
SG	38	Picture	22	1207626	0	1	3166	2	0	3000	hit	69
SG	38	Response	1	1211304	3678	1
SG	39	Picture	22	1241291	0	1	3167	2	0	3000	hit	71
SG	39	Response	1	1245212	3921	1
SG	40	Picture	22	1279290	0	1	3167	2	0	3000	hit	73
SG	40	Response	1	1284271	4981	2
SG	41	Picture	22	1314456	0	1	3166	2	0	3000	hit	75
SG	41	Response	1	1317865	3409	1
SG	42	Picture	22	1347621	0	1	3167	2	0	3000	hit	77
SG	42	Response	1	1351302	3681	1
SG	43	Picture	33	1379787	0	1	3166	2	0	3000	miss	0
SG	44	Picture	22	1419452	0	1	3167	2	0	3000	hit	80
SG	44	Response	1	1423488	4036	2
SG	45	Picture	22	1454284	0	1	3167	2	0	3000	hit	82
SG	45	Response	1	1458571	4287	1
SG	46	Picture	22	1484783	0	1	3167	2	0	3000	hit	84
SG	46	Response	1	1488488	3705	1
SG	47	Picture	22	1514949	0	1	3167	2	0	3000	hit	86
SG	47	Response	1	1518644	3695	1
SG	48	Picture	22	1552781	0	1	3167	2	0	3000	hit	88
SG	48	Response	1	1556455	3674	2
SG	49	Picture	33	1581780	0	1	3167	2	0	3000	hit	90
SG	49	Response	1	1585207	3427	1
SG	50	Picture	22	1618946	0	1	3166	2	0	3000	hit	92
SG	50	Response	1	1622861	3915	1
SG	51	Picture	33	1657111	0	1	3166	3	0	3000	hit	94
SG	51	Response	1	1660360	3249	2
SG	52	Picture	22	1687110	0	1	3166	3	0	3000	hit	96
SG	52	Response	1	1690829	3719	1
SG	53	Picture	22	1726609	0	1	3166	2	0	3000	hit	98
SG	53	Response	1	1731297	4688	1
SG	54	Picture	22	1764774	0	1	3167	2	0	3000	hit	100
SG	54	Response	1	1768640	3866	1
SG	55	Picture	33	1800773	0	1	3166	2	0	3000	miss	0
SG	56	Picture	22	1831605	0	1	3167	2	0	3000	hit	103
SG	56	Response	1	1834890	3285	1
SG	57	Picture	22	1860438	0	1	3166	2	0	3000	hit	105
SG	57	Response	1	1864108	3670	1
SG	58	Picture	22	1895436	0	1	3167	2	0	3000	hit	107
SG	58	Response	1	1899576	4140	1
SG	59	Picture	33	1926769	0	1	3166	2	0	3000	hit	109
SG	59	Response	1	1930513	3744	1
SG	60	Picture	22	1961601	0	1	3166	2	0	3000	hit	111
SG	60	Response	1	1964888	3287	1
SG	61	Picture	22	1991933	0	1	3167	2	0	3000	hit	113
SG	61	Response	1	1996294	4361	1
SG	62	Picture	22	2025099	0	1	3166	2	0	3000	hit	115
SG	62	Response	1	2028481	3382	1
SG	63	Picture	22	2055598	0	1	3166	2	0	3000	hit	117
SG	63	Response	1	2059262	3664	1
SG	64	Picture	22	2092763	0	1	3167	2	0	3000	hit	119
SG	64	Response	1	2096761	3998	1
SG	65	Picture	22	2128929	0	1	3166	2	0	3000	hit	121
SG	65	Response	1	2134261	5332	1
SG	66	Picture	22	2166761	0	1	3166	2	0	3000	hit	123
SG	66	Response	1	2171448	4687	1
SG	67	Picture	33	2205259	0	2	3167	3	0	3000	miss	0
SG	68	Picture	22	2244758	0	1	3167	2	0	3000	hit	126
SG	68	Response	1	2248167	3409	1
SG	69	Picture	33	2283090	0	1	3167	2	0	3000	hit	128
SG	69	Response	1	2287228	4138	1
SG	70	Picture	22	2317256	0	1	3166	2	0	3000	hit	130
SG	70	Response	1	2321134	3878	1
SG	71	Picture	33	2349755	0	1	3166	2	0	3000	miss	0
SG	72	Picture	22	2379254	0	1	3166	2	0	3000	hit	133
SG	72	Response	1	2382695	3441	1
SG	73	Picture	33	2414586	0	1	3166	3	0	3000	miss	0
SG	74	Picture	22	2453251	0	1	3167	2	0	3000	hit	136
SG	74	Response	1	2456288	3037	1
SG	75	Picture	22	2483250	0	1	3167	2	0	3000	hit	138
SG	75	Response	1	2487694	4444	1
SG	76	Picture	22	2521249	0	1	3167	2	0	3000	hit	140
SG	76	Response	1	2525195	3946	1
SG	77	Picture	22	2553248	0	1	3167	2	0	3000	hit	142
SG	77	Response	1	2557068	3820	1
SG	78	Picture	22	2585580	0	1	3167	2	0	3000	hit	144
SG	78	Response	1	2590036	4456	1
SG	79	Picture	22	2617413	0	1	3166	2	0	3000	hit	146
SG	79	Response	1	2621442	4029	1
SG	80	Picture	22	2647578	0	1	3167	2	0	3000	hit	148
SG	80	Response	1	2652692	5114	1
SG	81	Picture	33	2687077	0	1	3166	2	0	3000	miss	0
SG	82	Picture	22	2725909	0	1	3166	3	0	3000	hit	151
SG	82	Response	1	2728941	3032	1
SG	83	Picture	33	2764408	0	1	3166	2	0	3000	hit	153
SG	83	Response	1	2768003	3595	1
SG	84	Picture	22	2793907	0	1	3166	2	0	3000	hit	155
SG	84	Response	1	2796909	3002	1
SG	85	Picture	22	2827906	0	1	3166	2	0	3000	hit	157
SG	85	Response	1	2832846	4940	1
SG	86	Picture	22	2858071	0	1	3167	2	0	3000	hit	159
SG	86	Response	1	2862845	4774	1
SG	87	Picture	33	2887570	0	1	3167	2	0	3000	miss	0
SG	88	Picture	22	2923069	0	1	3167	2	0	3000	hit	162
SG	88	Response	1	2926126	3057	1
SG	89	Picture	22	2961568	0	1	3166	2	0	3000	hit	164
SG	89	Response	1	2968469	6901	1
SG	90	Picture	22	2991567	0	1	3166	2	0	3000	hit	166
SG	90	Response	1	2995500	3933	1
SG	91	Picture	22	3027566	0	1	3166	2	0	3000	hit	168
SG	91	Response	1	3031437	3871	1
SG	92	Picture	22	3062898	0	1	3166	2	0	3000	hit	170
SG	92	Response	1	3066749	3851	1
SG	93	Picture	22	3100397	0	1	3166	2	0	3000	hit	172
SG	93	Response	1	3104405	4008	1
SG	94	Picture	22	3133562	0	1	3167	2	0	3000	hit	174
SG	94	Response	1	3137842	4280	1
SG	95	Picture	33	3164228	0	1	3166	2	0	3000	miss	0
SG	96	Picture	22	3192894	0	1	3166	2	0	3000	hit	177
SG	96	Response	1	3197060	4166	1
SG	97	Picture	22	3222726	0	1	3166	2	0	3000	hit	179
SG	97	Response	1	3226903	4177	1
SG	98	Picture	22	3257891	0	1	3167	2	0	3000	hit	181
SG	98	Response	1	3262059	4168	1
SG	99	Picture	22	3297390	0	1	3167	2	0	3000	hit	183
SG	99	Response	1	3301731	4341	1
SG	100	Picture	22	3336222	0	1	3167	2	0	3000	hit	185
SG	100	Response	1	3339714	3492	1
SG	101	Picture	33	3366721	0	1	3167	2	0	3000	miss	0
SG	102	Picture	22	3405220	0	1	3166	2	0	3000	hit	188
SG	102	Response	1	3408776	3556	1
SG	103	Picture	22	3436552	0	1	3167	2	0	3000	hit	190
SG	103	Response	1	3441119	4567	2
SG	104	Picture	22	3468884	0	2	3167	3	0	3000	hit	192
SG	104	Response	1	3472994	4110	1
SG	105	Picture	22	3497883	0	2	3167	3	0	3000	hit	194
SG	105	Response	1	3503931	6048	1
SG	106	Picture	22	3533882	0	1	3167	2	0	3000	hit	196
SG	106	Response	1	3537212	3330	1
SG	107	Picture	33	3573548	0	1	3166	2	0	3000	miss	0
SG	108	Picture	22	3610546	0	2	3167	3	0	3000	hit	199
SG	108	Response	1	3613930	3384	1
SG	109	Picture	22	3650545	0	1	3167	2	0	3000	hit	201
SG	109	Response	1	3654867	4322	1
SG	110	Picture	22	3680044	0	1	3167	2	0	3000	hit	203
SG	110	Response	1	3683773	3729	1
SG	111	Picture	22	3714710	0	1	3166	2	0	3000	hit	205
SG	111	Response	1	3719866	5156	1
SG	112	Picture	22	3745042	0	1	3167	2	0	3000	hit	207
SG	112	Response	1	3750335	5293	1
SG	113	Picture	33	3780207	0	2	3167	3	0	3000	hit	209
SG	113	Response	1	3784552	4345	2
SG	114	Picture	22	3820206	0	1	3167	2	0	3000	hit	211
SG	114	Response	1	3824708	4502	1
SG	115	Picture	22	3857038	0	1	3167	2	0	3000	hit	213
SG	115	Response	1	3860489	3451	1
SG	116	Picture	22	3893204	0	1	3166	2	0	3000	hit	215
SG	116	Response	1	3898614	5410	1
SG	117	Picture	22	3926369	0	1	3167	2	0	3000	hit	217
SG	117	Response	1	3930019	3650	2
SG	118	Picture	22	3966035	0	1	3166	2	0	3000	hit	219
SG	118	Response	1	3969550	3515	2
SG	119	Picture	22	3995200	0	1	3167	2	0	3000	hit	221
SG	119	Response	1	3998926	3726	1
SG	120	Picture	22	4023699	0	2	3167	3	0	3000	hit	223
SG	120	Response	1	4027831	4132	1
SG	121	Picture	33	4057865	0	1	3167	2	0	3000	miss	0
SG	122	Picture	22	4086197	0	1	3167	2	0	3000	hit	226
SG	122	Response	1	4089861	3664	1
SG	123	Picture	22	4121363	0	1	3166	2	0	3000	hit	228
SG	123	Response	1	4125486	4123	1
SG	124	Picture	22	4156862	0	1	3166	2	0	3000	hit	230
SG	124	Response	1	4160485	3623	1
SG	125	Picture	22	4186527	0	1	3167	2	0	3000	hit	232
SG	125	Response	1	4189860	3333	1
SG	126	Picture	22	4222693	0	1	3166	2	0	3000	hit	234
SG	126	Response	1	4226110	3417	1
SG	127	Picture	33	4257358	0	1	3167	2	0	3000	hit	236
SG	127	Response	1	4260953	3595	1
SG	128	Picture	22	4294024	0	1	3166	2	0	3000	hit	238
SG	128	Response	1	4297515	3491	1
SG	129	Picture	22	4327189	0	1	3167	2	0	3000	hit	240
SG	129	Response	1	4330952	3763	1
SG	130	Picture	22	4360522	0	1	3166	2	0	3000	hit	242
SG	130	Response	1	4364701	4179	2
SG	131	Picture	33	4392187	0	1	3167	2	0	3000	hit	244
SG	131	Response	1	4395795	3608	1
SG	132	Picture	22	4429686	0	1	3167	2	0	3000	hit	246
SG	132	Response	1	4436107	6421	1
SG	133	Picture	22	4462852	0	1	3166	2	0	3000	hit	248
SG	133	Response	1	4466888	4036	1
SG	134	Picture	22	4495184	0	1	3166	2	0	3000	hit	250
SG	134	Response	1	4498918	3734	1
SG	135	Picture	33	4524016	0	1	3167	2	0	3000	miss	0
SG	136	Picture	22	4554182	0	1	3166	3	0	3000	hit	253
SG	136	Response	1	4557824	3642	1
SG	137	Picture	33	4583181	0	1	3166	3	0	3000	miss	0
SG	138	Picture	22	4613513	0	1	3167	2	0	3000	hit	256
SG	138	Response	1	4618448	4935	1
SG	139	Picture	22	4647512	0	1	3167	2	0	3000	hit	258
SG	139	Response	1	4650791	3279	2
SG	140	Picture	22	4680178	0	1	3166	2	0	3000	hit	260
SG	140	Response	1	4684073	3895	1
SG	141	Picture	33	4714843	0	1	3167	2	0	3000	miss	0
SG	142	Picture	22	4743176	0	1	3166	2	0	3000	hit	263
SG	142	Response	1	4746884	3708	1
SG	143	Picture	22	4779674	0	2	3167	3	0	3000	hit	265
SG	143	Response	1	4782821	3147	1
SG	144	Picture	22	4816840	0	1	3166	3	0	3000	hit	267
SG	144	Response	1	4820789	3949	2
SG	145	Picture	22	4849672	0	1	3167	2	0	3000	hit	269
SG	145	Response	1	4853601	3929	2
SG	146	Picture	22	4884338	0	1	3166	2	0	3000	hit	271
SG	146	Response	1	4888134	3796	1
SG	147	Picture	22	4917170	0	1	3166	3	0	3000	hit	273
SG	147	Response	1	4920788	3618	2
SG	148	Picture	22	4946002	0	1	3167	2	0	3000	hit	275
SG	148	Response	1	4949381	3379	2
SG	149	Picture	33	4979335	0	1	3166	2	0	3000	miss	0
SG	150	Picture	22	5014833	0	1	3167	2	0	3000	hit	278
SG	150	Response	1	5018755	3922	2
SG	151	Picture	22	5046999	0	1	3166	3	0	3000	hit	280
SG	151	Response	1	5051099	4100	1
SG	152	Picture	22	5081498	0	1	3166	2	0	3000	hit	282
SG	152	Response	1	5085317	3819	1
SG	153	Picture	33	5112163	0	2	3167	3	0	3000	miss	0
SG	154	Response	1	5149691	3695	2
SG	156	Picture	22	5159995	0	1	3167	2	0	3000	miss	0
SG	157	Picture	22	5197161	0	1	3166	2	0	3000	miss	0
SG	158	Picture	22	5228993	0	1	3166	3	0	3000	miss	0
SG	159	Picture	22	5265325	0	1	3167	2	0	3000	miss	0
SG	160	Picture	22	5300491	0	1	3166	2	0	3000	miss	0
SG	161	Picture	33	5331490	0	1	3166	2	0	3000	miss	0
SG	162	Picture	22	5361322	0	1	3166	2	0	3000	miss	0
SG	163	Picture	22	5393987	0	2	3167	3	0	3000	miss	0
SG	164	Picture	22	5423986	0	2	3167	3	0	3000	miss	0
SG	165	Picture	22	5463152	0	1	3166	2	0	3000	miss	0
SG	166	Picture	22	5492651	0	1	3166	2	0	3000	miss	0
SG	167	Picture	33	5521817	0	1	3166	2	0	3000	hit	297
SG	167	Response	1	5552187	30370	1
SG	168	Picture	22	5555815	0	2	3167	3	0	3000	miss	0
SG	169	Picture	22	5586314	0	2	3167	3	0	3000	hit	300
SG	169	Response	1	5592654	6340	2
SG	170	Picture	22	5618313	0	1	3167	2	0	3000	hit	302
SG	170	Response	1	5622185	3872	2
SG	171	Picture	33	5650646	0	1	3166	2	0	3000	miss	0
SG	172	Picture	22	5681145	0	1	3166	2	0	3000	hit	305
SG	172	Response	1	5690156	9011	1
SG	173	Picture	22	5718643	0	2	3167	3	0	3000	hit	307
SG	173	Response	1	5722497	3854	1
SG	174	Picture	22	5754642	0	1	3167	2	0	3000	hit	309
SG	174	Response	1	5758123	3481	1
SG	175	Picture	22	5788141	0	1	3167	2	0	3000	hit	311
SG	175	Response	1	5791714	3573	2
SG	175	Pause		5797183	9042		1580606
SG	175	Resume		5797183	9042
SG	176	Picture	22	5817982	0	1	3166	2	0	3000	hit	315
SG	176	Response	1	5823276	5294	1
SG	177	Picture	33	5851314	0	1	3167	2	0	3000	hit	317
SG	177	Response	1	5854681	3367	1
SG	178	Picture	22	5889646	0	1	3167	2	0	3000	hit	319
SG	178	Response	1	5893118	3472	1
SG	179	Picture	22	5918978	0	2	3167	3	0	3000	hit	321
SG	179	Response	1	5922337	3359	1
SG	180	Picture	22	5951811	0	1	3166	2	0	3000	hit	323
SG	180	Response	1	5956555	4744	1
SG	181	Picture	22	5989643	0	1	3166	2	0	3000	hit	325
SG	181	Response	1	5993273	3630	1
SG	182	Picture	22	6026975	0	1	3166	2	0	3000	hit	327
SG	182	Response	1	6031554	4579	1
SG	183	Picture	22	6063474	0	1	3166	2	0	3000	hit	329
SG	183	Response	1	6067022	3548	1
SG	184	Picture	22	6094139	0	1	3167	2	0	3000	hit	331
SG	184	Response	1	6097492	3353	1
SG	185	Picture	33	6126472	0	1	3166	2	0	3000	miss	0
SG	186	Picture	22	6157304	0	1	3166	3	0	3000	hit	334
SG	186	Response	1	6160771	3467	1
SG	187	Picture	22	6192969	0	1	3167	2	0	3000	hit	336
SG	187	Response	1	6196240	3271	1
SG	188	Picture	22	6225468	0	1	3167	2	0	3000	hit	338
SG	188	Response	1	6229522	4054	1
SG	189	Picture	33	6264967	0	1	3167	2	0	3000	miss	0
SG	190	Picture	22	6301466	0	1	3166	2	0	3000	hit	341
SG	190	Response	1	6306082	4616	1
SG	191	Picture	22	6334631	0	1	3167	2	0	3000	hit	343
SG	191	Response	1	6338425	3794	1
SG	192	Picture	22	6364464	0	1	3166	2	0	3000	hit	345
SG	192	Response	1	6367800	3336	1
SG	193	Picture	22	6403296	0	1	3166	2	0	3000	hit	347
SG	193	Response	1	6407018	3722	1
SG	194	Picture	22	6433128	0	1	3167	2	0	3000	hit	349
SG	194	Response	1	6437489	4361	1
SG	195	Picture	33	6471627	0	1	3166	2	0	3000	miss	0
SG	196	Picture	22	6508292	0	1	3167	2	0	3000	hit	352
SG	196	Response	1	6512329	4037	1
SG	197	Picture	22	6543291	0	1	3167	2	0	3000	hit	354
SG	197	Response	1	6546704	3413	1
SG	198	Picture	22	6574623	0	2	3167	3	0	3000	hit	356
SG	198	Response	1	6578579	3956	1
SG	199	Picture	22	6604289	0	1	3167	2	0	3000	hit	358
SG	199	Response	1	6608421	4132	2
SG	200	Picture	22	6634955	0	1	3166	2	0	3000	hit	360
SG	200	Response	1	6638265	3310	1
SG	201	Picture	22	6666287	0	1	3167	2	0	3000	hit	362
SG	201	Response	1	6671234	4947	1
SG	202	Picture	22	6705452	0	2	3167	3	0	3000	hit	364
SG	202	Response	1	6708577	3125	1
SG	203	Picture	33	6738785	0	1	3166	2	0	3000	hit	366
SG	203	Response	1	6744201	5416	1
SG	204	Picture	22	6768284	0	1	3166	2	0	3000	hit	368
SG	204	Response	1	6772169	3885	2
SG	205	Picture	22	6797449	0	2	3167	3	0	3000	hit	370
SG	205	Response	1	6800919	3470	1
SG	206	Picture	22	6825782	0	1	3166	2	0	3000	hit	372
SG	206	Response	1	6830138	4356	1
SG	207	Picture	22	6856614	0	1	3167	2	0	3000	hit	374
SG	207	Response	1	6860294	3680	1
SG	208	Picture	22	6890780	0	1	3166	2	0	3000	hit	376
SG	208	Response	1	6895137	4357	1
SG	209	Picture	22	6923945	0	1	3167	2	0	3000	hit	378
SG	209	Response	1	6927792	3847	2
SG	210	Picture	22	6963611	0	1	3166	2	0	3000	hit	380
SG	210	Response	1	6967323	3712	1
SG	211	Picture	33	6992276	0	1	3167	2	0	3000	miss	0
SG	212	Picture	22	7024442	0	1	3166	3	0	3000	hit	383
SG	212	Response	1	7027791	3349	1
SG	213	Picture	22	7060607	0	1	3167	2	0	3000	hit	385
SG	213	Response	1	7064666	4059	1
SG	214	Picture	22	7090606	0	1	3167	2	0	3000	hit	387
SG	214	Response	1	7094040	3434	1
SG	215	Picture	22	7119772	0	1	3167	2	0	3000	hit	389
SG	215	Response	1	7123728	3956	1
SG	216	Picture	22	7152438	0	1	3166	2	0	3000	hit	391
SG	216	Response	1	7157008	4570	2
SG	217	Picture	33	7190770	0	1	3166	2	0	3000	miss	0
SG	218	Picture	22	7223435	0	1	3167	2	0	3000	hit	394
SG	218	Response	1	7227008	3573	1
SG	219	Picture	33	7258934	0	1	3167	2	0	3000	miss	0
SG	220	Picture	22	7295100	0	1	3166	2	0	3000	hit	397
SG	220	Response	1	7298100	3000	1
SG	221	Picture	22	7324099	0	1	3166	2	0	3000	hit	399
SG	221	Response	1	7327319	3220	1
SG	222	Picture	22	7352264	0	2	3167	3	0	3000	hit	401
SG	222	Response	1	7355756	3492	1
SG	223	Picture	33	7388763	0	1	3167	2	0	3000	miss	0
SG	224	Picture	22	7420595	0	2	3167	3	0	3000	hit	404
SG	224	Response	1	7424974	4379	1
SG	225	Picture	22	7458761	0	1	3166	2	0	3000	hit	406
SG	225	Response	1	7462629	3868	2
SG	226	Picture	22	7488427	0	1	3166	2	0	3000	hit	408
SG	226	Response	1	7492160	3733	1
SG	227	Picture	33	7519426	0	1	3166	2	0	3000	miss	0
SG	228	Picture	22	7551258	0	1	3166	2	0	3000	hit	411
SG	228	Response	1	7554816	3558	1
SG	229	Picture	22	7582257	0	1	3166	2	0	3000	hit	413
SG	229	Response	1	7587159	4902	1
SG	230	Picture	22	7620589	0	1	3166	2	0	3000	hit	415
SG	230	Response	1	7624346	3757	1
SG	231	Picture	22	7649421	0	1	3167	2	0	3000	hit	417
SG	231	Response	1	7653877	4456	1
SG	232	Picture	22	7677920	0	1	3167	2	0	3000	hit	419
SG	232	Response	1	7681377	3457	1
SG	233	Picture	33	7712086	0	1	3166	2	0	3000	hit	421
SG	233	Response	1	7715907	3821	2
SG	234	Picture	22	7750085	0	1	3166	2	0	3000	hit	423
SG	234	Response	1	7753563	3478	1
SG	235	Picture	22	7784917	0	1	3166	2	0	3000	hit	425
SG	235	Response	1	7788719	3802	1
SG	236	Picture	22	7815416	0	1	3166	2	0	3000	hit	427
SG	236	Response	1	7819656	4240	1
SG	237	Picture	22	7846915	0	1	3166	2	0	3000	hit	429
SG	237	Response	1	7850593	3678	1
SG	238	Picture	22	7879080	0	1	3167	2	0	3000	hit	431
SG	238	Response	1	7882937	3857	1
SG	239	Picture	33	7914579	0	1	3167	2	0	3000	miss	0
SG	240	Picture	22	7945245	0	1	3166	2	0	3000	hit	434
SG	240	Response	1	7948873	3628	1
SG	241	Picture	22	7977577	0	1	3167	2	0	3000	hit	436
SG	241	Response	1	7981685	4108	2
SG	242	Picture	22	8006576	0	1	3167	2	0	3000	hit	438
SG	242	Response	1	8010279	3703	1
SG	243	Picture	33	8045741	0	2	3167	3	0	3000	miss	0
SG	244	Picture	22	8083574	0	1	3166	2	0	3000	hit	441
SG	244	Response	1	8087309	3735	1
SG	245	Picture	22	8118906	0	1	3166	2	0	3000	hit	443
SG	245	Response	1	8122777	3871	1
SG	246	Picture	22	8147071	0	2	3167	3	0	3000	hit	445
SG	246	Response	1	8152464	5393	2
SG	247	Picture	22	8183904	0	1	3166	2	0	3000	hit	447
SG	247	Response	1	8188246	4342	1
SG	248	Picture	22	8214236	0	1	3167	2	0	3000	hit	449
SG	248	Response	1	8218088	3852	2
SG	249	Picture	22	8247568	0	1	3167	2	0	3000	hit	451
SG	249	Response	1	8251370	3802	1
SG	250	Picture	22	8283567	0	1	3167	2	0	3000	hit	453
SG	250	Response	1	8286994	3427	1
SG	251	Picture	33	8320399	0	1	3167	2	0	3000	miss	0
SG	252	Picture	22	8353065	0	1	3166	2	0	3000	hit	456
SG	252	Response	1	8356837	3772	1
SG	253	Picture	22	8391730	0	1	3167	2	0	3000	hit	458
SG	253	Response	1	8397457	5727	2
SG	254	Picture	22	8423896	0	1	3166	2	0	3000	hit	460
SG	254	Response	1	8427773	3877	1
SG	255	Picture	33	8463394	0	1	3167	2	0	3000	miss	0
SG	256	Picture	22	8492060	0	1	3167	2	0	3000	hit	463
SG	256	Response	1	8496835	4775	1
SG	257	Picture	33	8523726	0	1	3166	2	0	3000	miss	0
SG	258	Picture	22	8562058	0	1	3166	2	0	3000	hit	466
SG	258	Response	1	8566053	3995	1
SG	259	Picture	22	8590557	0	1	3166	2	0	3000	hit	468
SG	259	Response	1	8595115	4558	1
SG	260	Picture	22	8620889	0	1	3167	2	0	3000	hit	470
SG	260	Response	1	8624333	3444	2
SG	261	Picture	33	8650722	0	1	3166	2	0	3000	hit	472
SG	261	Response	1	8655583	4861	1
SG	262	Picture	22	8687887	0	1	3167	2	0	3000	hit	474
SG	262	Response	1	8691989	4102	1
SG	263	Picture	33	8726886	0	1	3166	2	0	3000	hit	476
SG	263	Response	1	8732457	5571	2
SG	264	Picture	22	8766384	0	1	3167	2	0	3000	hit	478
SG	264	Response	1	8770898	4514	2
SG	265	Picture	22	8802217	0	1	3166	2	0	3000	hit	480
SG	265	Response	1	8808238	6021	1
SG	266	Picture	22	8832549	0	1	3166	2	0	3000	hit	482
SG	266	Response	1	8836362	3813	1
SG	267	Picture	22	8870214	0	1	3167	2	0	3000	hit	484
SG	267	Response	1	8873549	3335	1
SG	268	Picture	22	8900380	0	1	3167	2	0	3000	hit	486
SG	268	Response	1	8903861	3481	1
SG	269	Picture	33	8931379	0	1	3166	3	0	3000	miss	0
SG	270	Picture	22	8964878	0	1	3166	2	0	3000	hit	489
SG	270	Response	1	8968860	3982	1
SG	271	Picture	22	8999377	0	1	3166	2	0	3000	hit	491
SG	271	Response	1	9003860	4483	1
SG	272	Picture	22	9037375	0	2	3167	3	0	3000	hit	493
SG	272	Response	1	9041204	3829	1
SG	273	Picture	22	9071708	0	1	3166	2	0	3000	hit	495
SG	273	Response	1	9075578	3870	1
SG	274	Picture	22	9110373	0	1	3167	2	0	3000	hit	497
SG	274	Response	1	9114487	4114	1
SG	275	Picture	22	9139872	0	1	3167	2	0	3000	hit	499
SG	275	Response	1	9144014	4142	1
SG	276	Picture	22	9175038	0	1	3166	2	0	3000	hit	501
SG	276	Response	1	9179484	4446	1
SG	277	Picture	33	9207536	0	2	3167	3	0	3000	miss	0
SG	278	Picture	22	9239035	0	2	3167	3	0	3000	hit	504
SG	278	Response	1	9243076	4041	1
SG	279	Picture	22	9279034	0	1	3167	2	0	3000	hit	506
SG	279	Response	1	9283231	4197	1
SG	280	Picture	22	9311200	0	1	3166	2	0	3000	hit	508
SG	280	Response	1	9316825	5625	1
SG	281	Picture	33	9340199	0	1	3166	2	0	3000	miss	0
SG	282	Picture	22	9370198	0	1	3166	2	0	3000	hit	511
SG	282	Response	1	9373699	3501	1
SG	283	Picture	22	9408863	0	1	3167	2	0	3000	hit	513
SG	283	Response	1	9412605	3742	1
SG	284	Picture	22	9438529	0	1	3166	2	0	3000	hit	515
SG	284	Response	1	9444948	6419	1
SG	285	Picture	33	9469694	0	2	3167	3	0	3000	miss	0
SG	286	Picture	22	9502027	0	1	3166	2	0	3000	hit	518
SG	286	Response	1	9505260	3233	1
SG	287	Picture	22	9541525	0	2	3167	3	0	3000	hit	520
SG	287	Response	1	9546040	4515	2
SG	288	Picture	22	9572191	0	1	3167	2	0	3000	hit	522
SG	288	Response	1	9577290	5099	1
SG	289	Picture	22	9611023	0	1	3167	2	0	3000	hit	524
SG	289	Response	1	9614789	3766	2
SG	290	Picture	22	9639856	0	1	3166	2	0	3000	hit	526
SG	290	Response	1	9647133	7277	1
SG	291	Picture	33	9675354	0	1	3167	2	0	3000	miss	0
SG	292	Picture	22	9714020	0	1	3166	2	0	3000	hit	529
SG	292	Response	1	9717913	3893	1
SG	293	Picture	22	9754018	0	2	3167	3	0	3000	hit	531
SG	293	Response	1	9756975	2957	1
SG	294	Picture	22	9793684	0	1	3166	2	0	3000	hit	533
SG	294	Response	1	9797131	3447	1
SG	295	Picture	22	9823183	0	1	3166	2	0	3000	hit	535
SG	295	Response	1	9827445	4262	1
SG	296	Picture	22	9862181	0	2	3167	3	0	3000	hit	537
SG	296	Response	1	9865568	3387	1
SG	297	Picture	33	9900014	0	1	3166	2	0	3000	miss	0
SG	298	Picture	22	9938512	0	1	3167	2	0	3000	hit	540
SG	298	Response	1	9941973	3461	1
SG	299	Picture	22	9971011	0	1	3167	2	0	3000	hit	542
SG	299	Response	1	9974941	3930	1
SG	300	Picture	22	10009510	0	1	3167	2	0	3000	hit	544
SG	300	Response	1	10013691	4181	1
SG	301	Picture	33	10039342	0	1	3167	2	0	3000	hit	546
SG	301	Response	1	10043378	4036	1
SG	302	Picture	22	10070508	0	1	3167	2	0	3000	hit	548
SG	302	Response	1	10074627	4119	1
SG	303	Picture	33	10103174	0	1	3166	2	0	3000	miss	0


Event Type	Code	Type	Response	RT	RT Uncertainty	Time	Uncertainty	Duration	Uncertainty	ReqTime	ReqDur

Picture	22	hit	1	4896	2	332	1	3167	2	0	3000
Picture	22	hit	1	3852	2	36998	1	3166	2	0	3000
Picture	22	hit	1	3769	2	68330	1	3167	2	0	3000
Picture	33	hit	1	3082	2	101829	1	3167	2	0	3000
Picture	22	hit	1	3230	3	139494	2	3167	3	0	3000
Picture	33	miss				167993	2	3167	3	0	3000
Picture	22	hit	1	3126	2	201159	1	3167	2	0	3000
Picture	22	hit	1	3783	2	235658	1	3166	3	0	3000
Picture	22	hit	1	3710	2	264324	1	3166	2	0	3000
Picture	22	hit	1	4306	2	302322	1	3167	2	0	3000
Picture	22	hit	1	4972	2	339155	1	3166	2	0	3000
Picture	22	hit	1	3255	2	379153	1	3167	2	0	3000
Picture	22	hit	1	3078	3	416985	1	3167	2	0	3000
Picture	33	hit	1	3027	2	447818	1	3166	2	0	3000
Picture	22	hit	1	3184	2	487816	1	3167	2	0	3000
Picture	22	hit	1	3372	2	517315	1	3167	2	0	3000
Picture	22	hit	1	3331	2	545481	1	3167	2	0	3000
Picture	22	hit	1	3623	3	578313	1	3167	2	0	3000
Picture	22	hit	1	3332	2	607979	1	3166	3	0	3000
Picture	33	hit	1	3052	2	644978	1	3166	2	0	3000
Picture	22	hit	1	4205	2	676143	1	3167	2	0	3000
Picture	33	miss				706309	1	3167	2	0	3000
Picture	22	hit	1	2959	2	741475	1	3166	2	0	3000
Picture	22	hit	1	3242	3	774473	2	3167	3	0	3000
Picture	22	hit	1	3305	3	810972	1	3167	2	0	3000
Picture	22	hit	1	4014	2	847138	1	3166	2	0	3000
Picture	22	hit	1	4203	3	884136	2	3167	3	0	3000
Picture	33	miss				915969	1	3166	2	0	3000
Picture	22	hit	1	5048	2	948134	1	3167	2	0	3000
Picture	22	hit	1	3361	2	977633	1	3167	2	0	3000
Picture	22	hit	1	3340	2	1010466	1	3166	2	0	3000
Picture	22	miss				1042131	1	3167	2	0	3000
Picture	22	hit	1	3591	3	1071464	1	3166	2	0	3000
Picture	33	miss				1108796	1	3166	2	0	3000
Picture	22	hit	1	3072	2	1139795	1	3166	2	0	3000
Picture	33	hit	1	3708	3	1172127	1	3166	3	0	3000
Picture	22	hit	1	3678	2	1207626	1	3166	2	0	3000
Picture	22	hit	1	3921	2	1241291	1	3167	2	0	3000
Picture	22	hit	1	4981	3	1279290	1	3167	2	0	3000
Picture	22	hit	1	3409	2	1314456	1	3166	2	0	3000
Picture	22	hit	1	3681	2	1347621	1	3167	2	0	3000
Picture	33	miss				1379787	1	3166	2	0	3000
Picture	22	hit	1	4036	3	1419452	1	3167	2	0	3000
Picture	22	hit	1	4287	2	1454284	1	3167	2	0	3000
Picture	22	hit	1	3705	2	1484783	1	3167	2	0	3000
Picture	22	hit	1	3695	2	1514949	1	3167	2	0	3000
Picture	22	hit	1	3674	3	1552781	1	3167	2	0	3000
Picture	33	hit	1	3427	2	1581780	1	3167	2	0	3000
Picture	22	hit	1	3915	2	1618946	1	3166	2	0	3000
Picture	33	hit	1	3249	3	1657111	1	3166	3	0	3000
Picture	22	hit	1	3719	2	1687110	1	3166	3	0	3000
Picture	22	hit	1	4688	2	1726609	1	3166	2	0	3000
Picture	22	hit	1	3866	2	1764774	1	3167	2	0	3000
Picture	33	miss				1800773	1	3166	2	0	3000
Picture	22	hit	1	3285	2	1831605	1	3167	2	0	3000
Picture	22	hit	1	3670	2	1860438	1	3166	2	0	3000
Picture	22	hit	1	4140	2	1895436	1	3167	2	0	3000
Picture	33	hit	1	3744	2	1926769	1	3166	2	0	3000
Picture	22	hit	1	3287	2	1961601	1	3166	2	0	3000
Picture	22	hit	1	4361	2	1991933	1	3167	2	0	3000
Picture	22	hit	1	3382	2	2025099	1	3166	2	0	3000
Picture	22	hit	1	3664	2	2055598	1	3166	2	0	3000
Picture	22	hit	1	3998	2	2092763	1	3167	2	0	3000
Picture	22	hit	1	5332	2	2128929	1	3166	2	0	3000
Picture	22	hit	1	4687	2	2166761	1	3166	2	0	3000
Picture	33	miss				2205259	2	3167	3	0	3000
Picture	22	hit	1	3409	2	2244758	1	3167	2	0	3000
Picture	33	hit	1	4138	2	2283090	1	3167	2	0	3000
Picture	22	hit	1	3878	2	2317256	1	3166	2	0	3000
Picture	33	miss				2349755	1	3166	2	0	3000
Picture	22	hit	1	3441	2	2379254	1	3166	2	0	3000
Picture	33	miss				2414586	1	3166	3	0	3000
Picture	22	hit	1	3037	2	2453251	1	3167	2	0	3000
Picture	22	hit	1	4444	2	2483250	1	3167	2	0	3000
Picture	22	hit	1	3946	2	2521249	1	3167	2	0	3000
Picture	22	hit	1	3820	2	2553248	1	3167	2	0	3000
Picture	22	hit	1	4456	2	2585580	1	3167	2	0	3000
Picture	22	hit	1	4029	2	2617413	1	3166	2	0	3000
Picture	22	hit	1	5114	2	2647578	1	3167	2	0	3000
Picture	33	miss				2687077	1	3166	2	0	3000
Picture	22	hit	1	3032	2	2725909	1	3166	3	0	3000
Picture	33	hit	1	3595	2	2764408	1	3166	2	0	3000
Picture	22	hit	1	3002	2	2793907	1	3166	2	0	3000
Picture	22	hit	1	4940	2	2827906	1	3166	2	0	3000
Picture	22	hit	1	4774	2	2858071	1	3167	2	0	3000
Picture	33	miss				2887570	1	3167	2	0	3000
Picture	22	hit	1	3057	2	2923069	1	3167	2	0	3000
Picture	22	hit	1	6901	2	2961568	1	3166	2	0	3000
Picture	22	hit	1	3933	2	2991567	1	3166	2	0	3000
Picture	22	hit	1	3871	2	3027566	1	3166	2	0	3000
Picture	22	hit	1	3851	2	3062898	1	3166	2	0	3000
Picture	22	hit	1	4008	2	3100397	1	3166	2	0	3000
Picture	22	hit	1	4280	2	3133562	1	3167	2	0	3000
Picture	33	miss				3164228	1	3166	2	0	3000
Picture	22	hit	1	4166	2	3192894	1	3166	2	0	3000
Picture	22	hit	1	4177	2	3222726	1	3166	2	0	3000
Picture	22	hit	1	4168	2	3257891	1	3167	2	0	3000
Picture	22	hit	1	4341	2	3297390	1	3167	2	0	3000
Picture	22	hit	1	3492	2	3336222	1	3167	2	0	3000
Picture	33	miss				3366721	1	3167	2	0	3000
Picture	22	hit	1	3556	2	3405220	1	3166	2	0	3000
Picture	22	hit	1	4567	3	3436552	1	3167	2	0	3000
Picture	22	hit	1	4110	3	3468884	2	3167	3	0	3000
Picture	22	hit	1	6048	3	3497883	2	3167	3	0	3000
Picture	22	hit	1	3330	2	3533882	1	3167	2	0	3000
Picture	33	miss				3573548	1	3166	2	0	3000
Picture	22	hit	1	3384	3	3610546	2	3167	3	0	3000
Picture	22	hit	1	4322	2	3650545	1	3167	2	0	3000
Picture	22	hit	1	3729	2	3680044	1	3167	2	0	3000
Picture	22	hit	1	5156	2	3714710	1	3166	2	0	3000
Picture	22	hit	1	5293	2	3745042	1	3167	2	0	3000
Picture	33	hit	1	4345	4	3780207	2	3167	3	0	3000
Picture	22	hit	1	4502	2	3820206	1	3167	2	0	3000
Picture	22	hit	1	3451	2	3857038	1	3167	2	0	3000
Picture	22	hit	1	5410	2	3893204	1	3166	2	0	3000
Picture	22	hit	1	3650	3	3926369	1	3167	2	0	3000
Picture	22	hit	1	3515	3	3966035	1	3166	2	0	3000
Picture	22	hit	1	3726	2	3995200	1	3167	2	0	3000
Picture	22	hit	1	4132	3	4023699	2	3167	3	0	3000
Picture	33	miss				4057865	1	3167	2	0	3000
Picture	22	hit	1	3664	2	4086197	1	3167	2	0	3000
Picture	22	hit	1	4123	2	4121363	1	3166	2	0	3000
Picture	22	hit	1	3623	2	4156862	1	3166	2	0	3000
Picture	22	hit	1	3333	2	4186527	1	3167	2	0	3000
Picture	22	hit	1	3417	2	4222693	1	3166	2	0	3000
Picture	33	hit	1	3595	2	4257358	1	3167	2	0	3000
Picture	22	hit	1	3491	2	4294024	1	3166	2	0	3000
Picture	22	hit	1	3763	2	4327189	1	3167	2	0	3000
Picture	22	hit	1	4179	3	4360522	1	3166	2	0	3000
Picture	33	hit	1	3608	2	4392187	1	3167	2	0	3000
Picture	22	hit	1	6421	2	4429686	1	3167	2	0	3000
Picture	22	hit	1	4036	2	4462852	1	3166	2	0	3000
Picture	22	hit	1	3734	2	4495184	1	3166	2	0	3000
Picture	33	miss				4524016	1	3167	2	0	3000
Picture	22	hit	1	3642	2	4554182	1	3166	3	0	3000
Picture	33	miss				4583181	1	3166	3	0	3000
Picture	22	hit	1	4935	2	4613513	1	3167	2	0	3000
Picture	22	hit	1	3279	3	4647512	1	3167	2	0	3000
Picture	22	hit	1	3895	2	4680178	1	3166	2	0	3000
Picture	33	miss				4714843	1	3167	2	0	3000
Picture	22	hit	1	3708	2	4743176	1	3166	2	0	3000
Picture	22	hit	1	3147	3	4779674	2	3167	3	0	3000
Picture	22	hit	1	3949	3	4816840	1	3166	3	0	3000
Picture	22	hit	1	3929	3	4849672	1	3167	2	0	3000
Picture	22	hit	1	3796	2	4884338	1	3166	2	0	3000
Picture	22	hit	1	3618	3	4917170	1	3166	3	0	3000
Picture	22	hit	1	3379	3	4946002	1	3167	2	0	3000
Picture	33	miss				4979335	1	3166	2	0	3000
Picture	22	hit	1	3922	3	5014833	1	3167	2	0	3000
Picture	22	hit	1	4100	2	5046999	1	3166	3	0	3000
Picture	22	hit	1	3819	2	5081498	1	3166	2	0	3000
Picture	33	miss				5112163	2	3167	3	0	3000
Picture	22	miss				5159995	1	3167	2	0	3000
Picture	22	miss				5197161	1	3166	2	0	3000
Picture	22	miss				5228993	1	3166	3	0	3000
Picture	22	miss				5265325	1	3167	2	0	3000
Picture	22	miss				5300491	1	3166	2	0	3000
Picture	33	miss				5331490	1	3166	2	0	3000
Picture	22	miss				5361322	1	3166	2	0	3000
Picture	22	miss				5393987	2	3167	3	0	3000
Picture	22	miss				5423986	2	3167	3	0	3000
Picture	22	miss				5463152	1	3166	2	0	3000
Picture	22	miss				5492651	1	3166	2	0	3000
Picture	33	hit	1	30370	2	5521817	1	3166	2	0	3000
Picture	22	miss				5555815	2	3167	3	0	3000
Picture	22	hit	1	6340	4	5586314	2	3167	3	0	3000
Picture	22	hit	1	3872	3	5618313	1	3167	2	0	3000
Picture	33	miss				5650646	1	3166	2	0	3000
Picture	22	hit	1	9011	2	5681145	1	3166	2	0	3000
Picture	22	hit	1	3854	3	5718643	2	3167	3	0	3000
Picture	22	hit	1	3481	2	5754642	1	3167	2	0	3000
Picture	22	hit	1	3573	3	5788141	1	3167	2	0	3000
Picture	22	hit	1	5294	2	5817982	1	3166	2	0	3000
Picture	33	hit	1	3367	2	5851314	1	3167	2	0	3000
Picture	22	hit	1	3472	2	5889646	1	3167	2	0	3000
Picture	22	hit	1	3359	3	5918978	2	3167	3	0	3000
Picture	22	hit	1	4744	2	5951811	1	3166	2	0	3000
Picture	22	hit	1	3630	2	5989643	1	3166	2	0	3000
Picture	22	hit	1	4579	2	6026975	1	3166	2	0	3000
Picture	22	hit	1	3548	2	6063474	1	3166	2	0	3000
Picture	22	hit	1	3353	2	6094139	1	3167	2	0	3000
Picture	33	miss				6126472	1	3166	2	0	3000
Picture	22	hit	1	3467	2	6157304	1	3166	3	0	3000
Picture	22	hit	1	3271	2	6192969	1	3167	2	0	3000
Picture	22	hit	1	4054	2	6225468	1	3167	2	0	3000
Picture	33	miss				6264967	1	3167	2	0	3000
Picture	22	hit	1	4616	2	6301466	1	3166	2	0	3000
Picture	22	hit	1	3794	2	6334631	1	3167	2	0	3000
Picture	22	hit	1	3336	2	6364464	1	3166	2	0	3000
Picture	22	hit	1	3722	2	6403296	1	3166	2	0	3000
Picture	22	hit	1	4361	2	6433128	1	3167	2	0	3000
Picture	33	miss				6471627	1	3166	2	0	3000
Picture	22	hit	1	4037	2	6508292	1	3167	2	0	3000
Picture	22	hit	1	3413	2	6543291	1	3167	2	0	3000
Picture	22	hit	1	3956	3	6574623	2	3167	3	0	3000
Picture	22	hit	1	4132	3	6604289	1	3167	2	0	3000
Picture	22	hit	1	3310	2	6634955	1	3166	2	0	3000
Picture	22	hit	1	4947	2	6666287	1	3167	2	0	3000
Picture	22	hit	1	3125	3	6705452	2	3167	3	0	3000
Picture	33	hit	1	5416	2	6738785	1	3166	2	0	3000
Picture	22	hit	1	3885	3	6768284	1	3166	2	0	3000
Picture	22	hit	1	3470	3	6797449	2	3167	3	0	3000
Picture	22	hit	1	4356	2	6825782	1	3166	2	0	3000
Picture	22	hit	1	3680	2	6856614	1	3167	2	0	3000
Picture	22	hit	1	4357	2	6890780	1	3166	2	0	3000
Picture	22	hit	1	3847	3	6923945	1	3167	2	0	3000
Picture	22	hit	1	3712	2	6963611	1	3166	2	0	3000
Picture	33	miss				6992276	1	3167	2	0	3000
Picture	22	hit	1	3349	2	7024442	1	3166	3	0	3000
Picture	22	hit	1	4059	2	7060607	1	3167	2	0	3000
Picture	22	hit	1	3434	2	7090606	1	3167	2	0	3000
Picture	22	hit	1	3956	2	7119772	1	3167	2	0	3000
Picture	22	hit	1	4570	3	7152438	1	3166	2	0	3000
Picture	33	miss				7190770	1	3166	2	0	3000
Picture	22	hit	1	3573	2	7223435	1	3167	2	0	3000
Picture	33	miss				7258934	1	3167	2	0	3000
Picture	22	hit	1	3000	2	7295100	1	3166	2	0	3000
Picture	22	hit	1	3220	2	7324099	1	3166	2	0	3000
Picture	22	hit	1	3492	3	7352264	2	3167	3	0	3000
Picture	33	miss				7388763	1	3167	2	0	3000
Picture	22	hit	1	4379	3	7420595	2	3167	3	0	3000
Picture	22	hit	1	3868	3	7458761	1	3166	2	0	3000
Picture	22	hit	1	3733	2	7488427	1	3166	2	0	3000
Picture	33	miss				7519426	1	3166	2	0	3000
Picture	22	hit	1	3558	2	7551258	1	3166	2	0	3000
Picture	22	hit	1	4902	2	7582257	1	3166	2	0	3000
Picture	22	hit	1	3757	2	7620589	1	3166	2	0	3000
Picture	22	hit	1	4456	2	7649421	1	3167	2	0	3000
Picture	22	hit	1	3457	2	7677920	1	3167	2	0	3000
Picture	33	hit	1	3821	3	7712086	1	3166	2	0	3000
Picture	22	hit	1	3478	2	7750085	1	3166	2	0	3000
Picture	22	hit	1	3802	2	7784917	1	3166	2	0	3000
Picture	22	hit	1	4240	2	7815416	1	3166	2	0	3000
Picture	22	hit	1	3678	2	7846915	1	3166	2	0	3000
Picture	22	hit	1	3857	2	7879080	1	3167	2	0	3000
Picture	33	miss				7914579	1	3167	2	0	3000
Picture	22	hit	1	3628	2	7945245	1	3166	2	0	3000
Picture	22	hit	1	4108	3	7977577	1	3167	2	0	3000
Picture	22	hit	1	3703	2	8006576	1	3167	2	0	3000
Picture	33	miss				8045741	2	3167	3	0	3000
Picture	22	hit	1	3735	2	8083574	1	3166	2	0	3000
Picture	22	hit	1	3871	2	8118906	1	3166	2	0	3000
Picture	22	hit	1	5393	4	8147071	2	3167	3	0	3000
Picture	22	hit	1	4342	2	8183904	1	3166	2	0	3000
Picture	22	hit	1	3852	3	8214236	1	3167	2	0	3000
Picture	22	hit	1	3802	2	8247568	1	3167	2	0	3000
Picture	22	hit	1	3427	2	8283567	1	3167	2	0	3000
Picture	33	miss				8320399	1	3167	2	0	3000
Picture	22	hit	1	3772	2	8353065	1	3166	2	0	3000
Picture	22	hit	1	5727	3	8391730	1	3167	2	0	3000
Picture	22	hit	1	3877	2	8423896	1	3166	2	0	3000
Picture	33	miss				8463394	1	3167	2	0	3000
Picture	22	hit	1	4775	2	8492060	1	3167	2	0	3000
Picture	33	miss				8523726	1	3166	2	0	3000
Picture	22	hit	1	3995	2	8562058	1	3166	2	0	3000
Picture	22	hit	1	4558	2	8590557	1	3166	2	0	3000
Picture	22	hit	1	3444	3	8620889	1	3167	2	0	3000
Picture	33	hit	1	4861	2	8650722	1	3166	2	0	3000
Picture	22	hit	1	4102	2	8687887	1	3167	2	0	3000
Picture	33	hit	1	5571	3	8726886	1	3166	2	0	3000
Picture	22	hit	1	4514	3	8766384	1	3167	2	0	3000
Picture	22	hit	1	6021	2	8802217	1	3166	2	0	3000
Picture	22	hit	1	3813	2	8832549	1	3166	2	0	3000
Picture	22	hit	1	3335	2	8870214	1	3167	2	0	3000
Picture	22	hit	1	3481	2	8900380	1	3167	2	0	3000
Picture	33	miss				8931379	1	3166	3	0	3000
Picture	22	hit	1	3982	2	8964878	1	3166	2	0	3000
Picture	22	hit	1	4483	2	8999377	1	3166	2	0	3000
Picture	22	hit	1	3829	3	9037375	2	3167	3	0	3000
Picture	22	hit	1	3870	2	9071708	1	3166	2	0	3000
Picture	22	hit	1	4114	2	9110373	1	3167	2	0	3000
Picture	22	hit	1	4142	2	9139872	1	3167	2	0	3000
Picture	22	hit	1	4446	2	9175038	1	3166	2	0	3000
Picture	33	miss				9207536	2	3167	3	0	3000
Picture	22	hit	1	4041	3	9239035	2	3167	3	0	3000
Picture	22	hit	1	4197	2	9279034	1	3167	2	0	3000
Picture	22	hit	1	5625	2	9311200	1	3166	2	0	3000
Picture	33	miss				9340199	1	3166	2	0	3000
Picture	22	hit	1	3501	2	9370198	1	3166	2	0	3000
Picture	22	hit	1	3742	2	9408863	1	3167	2	0	3000
Picture	22	hit	1	6419	2	9438529	1	3166	2	0	3000
Picture	33	miss				9469694	2	3167	3	0	3000
Picture	22	hit	1	3233	2	9502027	1	3166	2	0	3000
Picture	22	hit	1	4515	4	9541525	2	3167	3	0	3000
Picture	22	hit	1	5099	2	9572191	1	3167	2	0	3000
Picture	22	hit	1	3766	3	9611023	1	3167	2	0	3000
Picture	22	hit	1	7277	2	9639856	1	3166	2	0	3000
Picture	33	miss				9675354	1	3167	2	0	3000
Picture	22	hit	1	3893	2	9714020	1	3166	2	0	3000
Picture	22	hit	1	2957	3	9754018	2	3167	3	0	3000
Picture	22	hit	1	3447	2	9793684	1	3166	2	0	3000
Picture	22	hit	1	4262	2	9823183	1	3166	2	0	3000
Picture	22	hit	1	3387	3	9862181	2	3167	3	0	3000
Picture	33	miss				9900014	1	3166	2	0	3000
Picture	22	hit	1	3461	2	9938512	1	3167	2	0	3000
Picture	22	hit	1	3930	2	9971011	1	3167	2	0	3000
Picture	22	hit	1	4181	2	10009510	1	3167	2	0	3000
Picture	33	hit	1	4036	2	10039342	1	3167	2	0	3000
Picture	22	hit	1	4119	2	10070508	1	3167	2	0	3000
Picture	33	miss				10103174	1	3166	2	0	3000
