Scenario - EFT rapido Abril 2011
Logfile written - 05/10/2011 17:58:20

Subject	Trial	Event Type	Code	Time	TTime	Uncertainty	Duration	Uncertainty	ReqTime	ReqDur

JV	2	Picture	10	10414	0	1	3153	2	0	3000
JV	3	Response	2	16220	2487	1
JV	3	Response	1	18898	5165	2
JV	4	Picture	20	21202	0	1	3153	2	0	3000
JV	5	Response	1	28364	3843	1
JV	5	Response	2	30645	6124	1
JV	6	Picture	21	31990	0	1	3153	2	0	3000
JV	7	Response	2	37927	2618	1
JV	8	Picture	10	42612	0	1	3153	2	0	3000
JV	9	Response	1	48067	2136	2
JV	10	Picture	20	51408	0	1	3153	3	0	3000
JV	11	Response	2	55993	1266	2
JV	12	Picture	21	61034	0	2	3154	3	0	3000
JV	13	Response	1	65690	1336	1
JV	14	Picture	10	69499	0	1	3153	2	0	3000
JV	14	Response	2	69872	373	1
JV	15	Response	1	76731	3913	1
JV	16	Picture	21	77963	0	2	3154	3	0	3000
JV	17	Response	2	83385	2102	2
JV	18	Picture	21	88917	0	1	3154	2	0	3000
JV	19	Response	2	94465	2228	1
JV	20	Picture	20	98875	0	2	3154	3	0	3000
JV	21	Response	1	102594	399	1
JV	21	Response	2	106097	3902	1
JV	22	Picture	10	109497	0	2	3154	3	0	3000
JV	23	Response	1	114905	2088	2
JV	24	Picture	21	118294	0	1	3153	2	0	3000
JV	25	Response	2	122737	1124	1
JV	26	Picture	21	128252	0	1	3153	3	0	3000
JV	27	Response	2	133315	1744	1
JV	28	Picture	20	136882	0	2	3154	3	0	3000
JV	29	Response	2	144714	4512	48
JV	30	Picture	11	146675	0	1	3153	2	0	3000
JV	31	Response	1	151840	1846	1
JV	32	Picture	20	157463	0	1	3153	2	0	3000
JV	33	Response	2	162621	1839	1
JV	34	Picture	21	167919	0	1	3153	2	0	3000
JV	35	Response	2	172076	838	2
JV	36	Picture	11	177545	0	1	3153	2	0	3000
JV	37	Response	1	181917	1053	1
JV	38	Picture	21	188831	0	1	3153	2	0	3000
JV	39	Response	2	192935	785	2
JV	40	Picture	20	199951	0	1	3153	2	0	3000
JV	41	Response	2	207670	4400	1
JV	42	Picture	10	210905	0	1	3153	2	0	3000
JV	43	Response	1	216065	1841	1
JV	44	Picture	11	220365	0	1	3153	3	0	3000
JV	45	Response	1	226916	3232	1
JV	46	Picture	21	230157	0	2	3154	3	0	3000
JV	47	Response	2	235616	2139	1
JV	48	Picture	20	240281	0	2	3154	3	0	3000
JV	49	Response	2	247165	3564	1
JV	50	Picture	21	249244	0	1	3153	2	0	3000
JV	51	Response	2	253883	1320	1
JV	52	Picture	21	258870	0	1	3153	3	0	3000
JV	53	Response	2	262603	414	1
JV	54	Picture	21	267998	0	2	3154	3	0	3000
JV	55	Response	2	271824	506	1
JV	56	Picture	11	276463	0	1	3153	2	0	3000
JV	57	Response	1	282109	2327	1
JV	58	Picture	11	287583	0	1	3153	2	0	3000
JV	59	Response	1	292097	1195	1
JV	60	Picture	10	297873	0	1	3153	2	0	3000
JV	60	Response	1	300446	2573	1
JV	62	Picture	21	308163	0	1	3153	3	0	3000
JV	63	Response	2	313683	2201	1
JV	64	Picture	11	317457	0	2	3154	3	0	3000
JV	64	Response	1	320548	3091	2
JV	66	Picture	20	326752	0	1	3153	2	0	3000
JV	67	Response	1	331666	1595	1
JV	67	Response	2	333595	3524	2
JV	68	Picture	10	336544	0	1	3153	2	0	3000
JV	69	Response	1	341052	1189	2
JV	70	Picture	11	346668	0	1	3153	2	0	3000
JV	71	Response	1	353196	3209	1
JV	72	Picture	20	356792	0	1	3153	3	0	3000
JV	73	Response	1	360533	422	1
JV	73	Response	2	364320	4209	2
JV	74	Picture	20	366086	0	2	3154	3	0	3000
JV	74	Response	1	368971	2885	1
JV	75	Response	2	373779	4373	1
JV	76	Picture	10	374883	0	1	3153	2	0	3000
JV	77	Response	1	380465	2263	1
JV	78	Picture	10	385173	0	1	3153	2	0	3000
JV	79	Response	1	390692	2200	1
JV	80	Picture	11	393637	0	2	3154	3	0	3000
JV	81	Response	1	398207	1250	1
JV	82	Picture	20	402766	0	1	3153	2	0	3000
JV	82	Response	1	405728	2962	1
JV	83	Response	2	409745	3660	1
JV	84	Picture	21	413554	0	1	3153	2	0	3000
JV	84	Response	1	416136	2582	1
JV	85	Response	2	420558	3685	2
JV	86	Picture	10	424176	0	1	3153	2	0	3000
JV	87	Response	1	429399	1904	1
JV	88	Picture	20	432640	0	1	3154	2	0	3000
JV	89	Response	2	437889	1929	1
JV	90	Picture	20	443594	0	1	3154	2	0	3000
JV	91	Response	2	449413	2500	1
JV	92	Picture	20	452888	0	2	3154	3	0	3000
JV	93	Response	2	457690	1482	1
JV	94	Picture	20	461519	0	1	3153	2	0	3000
JV	95	Response	2	468154	3316	1
JV	96	Picture	11	470481	0	1	3154	2	0	3000
JV	97	Response	1	475493	1692	1
JV	98	Picture	10	481601	0	1	3154	2	0	3000
JV	99	Response	1	487758	2837	1
JV	100	Picture	20	491891	0	2	3154	3	0	3000
JV	101	Response	2	499251	4040	1
JV	102	Picture	10	502347	0	2	3154	3	0	3000
JV	103	Response	1	507563	1896	1
JV	104	Picture	11	513467	0	2	3154	3	0	3000
JV	105	Response	1	518440	1653	1
JV	106	Picture	20	522430	0	1	3153	2	0	3000
JV	107	Response	2	528528	2779	1
JV	108	Picture	11	533716	0	1	3153	2	0	3000
JV	109	Response	1	538812	1777	2
JV	110	Picture	21	545167	0	2	3154	3	0	3000
JV	110	Response	2	548366	3199	1
JV	112	Picture	10	555292	0	1	3153	2	0	3000
JV	113	Response	1	561101	2490	2
JV	114	Picture	10	566744	0	1	3153	2	0	3000
JV	115	Response	1	573662	3599	1
JV	116	Picture	11	577200	0	1	3153	2	0	3000
JV	117	Response	1	581981	1462	1
JV	118	Picture	11	587158	0	1	3153	2	0	3000
JV	119	Response	1	591026	549	1
JV	120	Picture	10	596452	0	1	3153	3	0	3000
JV	121	Response	1	600251	480	2
JV	122	Picture	10	607738	0	1	3153	3	0	3000
JV	123	Response	1	613151	2094	1
JV	124	Picture	21	618194	0	1	3153	3	0	3000
JV	125	Response	2	624002	2489	1
JV	126	Picture	20	626659	0	1	3153	2	0	3000
JV	127	Response	2	634169	4191	1
JV	128	Picture	21	636783	0	1	3153	2	0	3000
JV	129	Response	2	642185	2083	1
JV	130	Picture	11	646575	0	1	3153	2	0	3000
JV	131	Response	1	652391	2497	2
JV	132	Picture	21	655039	0	2	3154	3	0	3000
JV	133	Response	2	660442	2083	1
JV	134	Picture	21	664997	0	2	3154	3	0	3000
JV	135	Response	2	669639	1322	2
JV	136	Picture	20	675786	0	1	3153	2	0	3000
JV	136	Response	2	678723	2937	1
JV	138	Picture	11	686573	0	2	3154	3	0	3000
JV	138	Response	2	689224	2651	1
JV	139	Response	1	691966	2073	1
JV	140	Picture	20	695370	0	1	3153	2	0	3000
JV	141	Response	2	699840	1151	2
JV	142	Picture	10	705494	0	1	3153	3	0	3000
JV	143	Response	1	711193	2380	1
JV	144	Picture	11	715120	0	2	3154	3	0	3000
JV	145	Response	2	719005	565	2
JV	145	Response	1	722443	4003	1
JV	146	Picture	21	724747	0	1	3153	2	0	3000
JV	147	Response	2	729872	1806	1
JV	148	Picture	11	734870	0	3	3154	4	0	3000
JV	148	Response	1	737797	2927	1
JV	150	Picture	11	743999	0	1	3153	3	0	3000
JV	151	Response	1	748325	1007	1
JV	152	Picture	11	754455	0	1	3154	2	0	3000
JV	152	Response	1	757143	2688	1
JV	154	Picture	21	763085	0	2	3154	3	0	3000
JV	155	Response	1	766496	91	1
JV	155	Response	2	769347	2942	1
JV	156	Picture	11	773044	0	1	3153	2	0	3000
JV	156	Response	1	775712	2668	1
JV	158	Picture	10	783002	0	1	3153	2	0	3000
JV	158	Response	1	785268	2266	1
JV	160	Picture	10	791632	0	2	3154	3	0	3000
JV	160	Response	1	794410	2778	2
JV	162	Picture	21	801093	0	1	3153	2	0	3000
JV	162	Response	1	803671	2578	1
JV	163	Response	2	807208	2796	1
JV	164	Picture	10	811549	0	1	3153	2	0	3000
JV	164	Response	1	812392	843	2
JV	166	Picture	10	820345	0	1	3153	2	0	3000
JV	166	Response	1	821841	1496	1
JV	168	Picture	20	829473	0	2	3154	3	0	3000
JV	168	Response	1	829714	241	1
JV	169	Response	2	836032	3239	1
JV	170	Picture	20	840759	0	2	3154	3	0	3000
JV	170	Response	1	843098	2339	1
JV	171	Response	2	849055	4976	1
JV	172	Picture	21	849888	0	1	3153	2	0	3000
JV	173	Response	2	855653	2446	2
JV	174	Picture	10	859348	0	1	3153	2	0	3000
JV	175	Response	1	865498	2831	1
JV	176	Picture	21	869638	0	1	3153	2	0	3000
JV	177	Response	2	876049	3092	1
JV	178	Picture	20	880094	0	1	3153	3	0	3000
JV	179	Response	2	883890	477	1
JV	180	Picture	11	890882	0	1	3153	3	0	3000
JV	181	Response	1	895008	807	2
JV	182	Picture	21	902168	0	1	3153	3	0	3000
JV	182	Response	1	905385	3217	1
JV	183	Response	2	908770	3283	2
JV	184	Picture	11	910964	0	2	3154	3	0	3000
JV	185	Response	1	916023	1739	1
JV	186	Picture	11	921420	0	2	3154	3	0	3000
JV	186	Response	2	924040	2620	2
JV	187	Response	1	928350	3610	1
JV	188	Picture	21	931877	0	1	3153	2	0	3000
JV	189	Response	2	937079	1883	2
JV	190	Picture	10	941835	0	1	3153	2	0	3000
JV	190	Response	1	944861	3026	1
JV	192	Picture	10	951793	0	1	3153	2	0	3000
JV	192	Response	2	954504	2711	1
JV	193	Response	1	959315	4203	1
JV	194	Picture	21	962249	0	1	3153	2	0	3000
JV	195	Response	2	967926	2358	1
JV	196	Picture	10	971377	0	2	3154	3	0	3000
JV	197	Response	1	976621	1924	1
JV	198	Picture	21	981833	0	2	3154	3	0	3000
JV	199	Response	2	985674	521	1
JV	200	Picture	10	990962	0	1	3153	2	0	3000
JV	200	Response	1	993664	2702	2
JV	202	Picture	11	999592	0	1	3154	2	0	3000
JV	202	Response	2	1002664	3072	1
JV	204	Picture	10	1008388	0	2	3154	3	0	3000
JV	205	Response	1	1017646	5938	1
JV	206	Picture	21	1019508	0	2	3154	3	0	3000
JV	207	Response	2	1025133	2305	1
JV	208	Picture	11	1029633	0	1	3153	2	0	3000
JV	209	Response	1	1034006	1054	1
JV	210	Picture	21	1039591	0	1	3153	2	0	3000
JV	210	Response	2	1042909	3318	1
JV	212	Picture	10	1048885	0	1	3153	3	0	3000
JV	213	Response	1	1054678	2474	1
JV	214	Picture	10	1059507	0	1	3153	3	0	3000
JV	215	Response	2	1064555	1729	1
JV	215	Response	1	1069220	6394	1
JV	216	Picture	21	1070627	0	1	3153	3	0	3000
JV	218	Picture	11	1080419	0	2	3154	3	0	3000
JV	218	Response	1	1081844	1425	1
JV	220	Picture	20	1091373	0	2	3153	4	0	3000
JV	220	Response	2	1094579	3206	1
JV	222	Picture	10	1102659	0	1	3154	2	0	3000
JV	223	Response	1	1106409	430	2
JV	224	Picture	11	1112949	0	2	3154	3	0	3000
JV	226	Picture	20	1124401	0	1	3154	2	0	3000
JV	228	Picture	10	1135023	0	2	3154	3	0	3000
JV	230	Picture	10	1144649	0	2	3154	3	0	3000
JV	231	Response	1	1149252	1283	1
JV	232	Picture	20	1153280	0	1	3153	2	0	3000
JV	233	Response	2	1158042	1443	2
JV	234	Picture	11	1162242	0	1	3154	2	0	3000
JV	234	Response	1	1165115	2873	2
JV	236	Picture	20	1173196	0	2	3154	3	0	3000
JV	236	Response	2	1175883	2687	1
JV	238	Picture	11	1182159	0	1	3153	2	0	3000
JV	239	Response	1	1185875	397	1
JV	240	Picture	20	1193113	0	1	3153	2	0	3000
JV	241	Response	2	1196960	528	1
JV	242	Picture	11	1202573	0	1	3153	2	0	3000
JV	242	Response	1	1205682	3109	2
JV	244	Picture	21	1211535	0	1	3154	2	0	3000
JV	245	Response	2	1215596	741	1
JV	246	Picture	20	1222987	0	1	3153	3	0	3000
JV	246	Response	1	1223437	450	2
JV	247	Response	2	1230938	4632	1
JV	248	Picture	20	1232281	0	2	3154	3	0	3000
JV	249	Response	2	1236956	1355	1
JV	250	Picture	11	1243401	0	2	3154	3	0	3000
JV	251	Response	1	1248341	1620	1
JV	252	Picture	21	1254853	0	2	3154	3	0	3000
JV	253	Response	2	1260898	2725	1
JV	254	Picture	11	1264148	0	1	3153	2	0	3000
JV	255	Response	1	1269888	2421	2
JV	256	Picture	21	1272778	0	1	3153	3	0	3000
JV	257	Response	2	1277143	1046	1
JV	258	Picture	11	1281408	0	2	3154	3	0	3000
JV	259	Response	1	1285221	493	1
JV	260	Picture	11	1292362	0	2	3154	3	0	3000
JV	262	Picture	11	1303648	0	2	3154	3	0	3000
JV	264	Picture	11	1313606	0	2	3154	3	0	3000
JV	266	Picture	11	1322071	0	1	3153	2	0	3000
JV	267	Response	1	1327089	1699	2
JV	268	Picture	10	1333191	0	1	3153	2	0	3000
JV	268	Response	1	1335639	2448	1
JV	270	Picture	20	1342817	0	1	3154	2	0	3000
JV	271	Response	1	1346877	741	1
JV	271	Response	2	1350736	4600	1
JV	272	Picture	21	1354269	0	1	3153	3	0	3000
JV	272	Response	1	1357572	3303	1
JV	274	Picture	10	1363895	0	2	3154	3	0	3000
JV	274	Response	2	1363999	104	1
JV	276	Picture	21	1372692	0	1	3153	2	0	3000
JV	278	Picture	10	1383812	0	1	3153	2	0	3000
JV	279	Response	1	1388290	1159	1
JV	280	Picture	21	1394766	0	1	3153	2	0	3000
JV	281	Response	2	1399553	1468	1
JV	282	Picture	21	1403230	0	1	3153	3	0	3000
JV	283	Response	1	1407720	1171	1
JV	284	Picture	11	1413520	0	1	3154	2	0	3000
JV	285	Response	2	1418415	1575	1
JV	286	Picture	11	1422814	0	2	3154	3	0	3000
JV	286	Response	1	1423867	1053	1
JV	288	Picture	10	1432275	0	1	3153	2	0	3000
JV	289	Response	2	1436098	504	1
JV	290	Picture	20	1442399	0	1	3153	2	0	3000
JV	291	Response	1	1445799	81	1
JV	291	Response	2	1450692	4974	2
JV	292	Picture	21	1451859	0	1	3153	3	0	3000
JV	293	Response	1	1457856	2678	1
JV	293	Response	2	1460941	5763	1
JV	294	Picture	10	1461153	0	2	3154	3	0	3000
JV	295	Response	1	1470291	5822	2
JV	296	Picture	20	1470780	0	1	3153	2	0	3000
JV	297	Response	2	1477159	3060	2
JV	298	Picture	11	1479908	0	1	3153	2	0	3000
JV	299	Response	1	1484362	1135	1
JV	300	Picture	10	1490198	0	1	3153	3	0	3000
JV	300	Response	2	1492294	2096	2
JV	302	Response	1	1499135	307	1
JV	303	Picture	11	1519077	0	1	3153	2	0	3000
JV	304	Response	1	1526079	3683	1
JV	305	Picture	20	1529035	0	1	3153	2	0	3000
JV	305	Response	1	1532352	3317	2
JV	307	Picture	21	1537997	0	2	3154	3	0	3000
JV	307	Response	2	1538364	367	1
JV	308	Response	1	1543492	2175	2
JV	308	Response	2	1546497	5180	1
JV	309	Picture	11	1548287	0	2	3154	3	0	3000
JV	310	Response	1	1554227	2620	1
JV	311	Picture	11	1557250	0	1	3153	2	0	3000
JV	312	Response	2	1564902	4333	1
JV	313	Picture	20	1567540	0	1	3153	2	0	3000
JV	313	Response	1	1569120	1580	2
JV	314	Response	2	1573779	2920	1
JV	315	Picture	11	1577830	0	1	3153	2	0	3000
JV	316	Response	1	1583777	2628	1
JV	317	Picture	11	1587788	0	1	3154	2	0	3000
JV	317	Response	1	1590616	2828	2
JV	319	Picture	20	1598410	0	1	3154	2	0	3000
JV	320	Response	1	1603860	2130	2
JV	320	Response	2	1606577	4847	1
JV	321	Picture	10	1607538	0	2	3154	3	0	3000
JV	322	Response	1	1613778	2920	2
JV	323	Picture	20	1618658	0	2	3154	3	0	3000
JV	324	Response	1	1622395	417	1
JV	324	Response	2	1625584	3606	2
JV	325	Picture	10	1629280	0	2	3154	3	0	3000
JV	326	Response	1	1632725	125	2
JV	327	Picture	10	1638243	0	1	3153	2	0	3000
JV	327	Response	2	1641132	2889	2
JV	328	Response	1	1647885	6323	1
JV	329	Picture	10	1648533	0	1	3153	2	0	3000
JV	330	Response	1	1654963	3111	1
JV	331	Picture	10	1658325	0	2	3154	3	0	3000
JV	333	Picture	21	1667619	0	2	3154	3	0	3000
JV	333	Response	1	1667856	237	1
JV	334	Response	2	1673824	2885	1
JV	335	Picture	20	1676748	0	1	3153	2	0	3000
JV	336	Response	1	1680161	94	1
JV	337	Picture	11	1686042	0	1	3153	3	0	3000
JV	337	Response	2	1688154	2112	1
JV	338	Response	1	1693057	3696	1
JV	339	Picture	10	1695668	0	2	3154	3	0	3000
JV	340	Response	2	1699747	759	1
JV	340	Response	1	1702693	3705	1
JV	341	Picture	10	1704299	0	1	3153	2	0	3000
JV	343	Picture	20	1714921	0	1	3153	2	0	3000
JV	343	Response	1	1717613	2692	2
JV	344	Response	2	1721475	3235	1
JV	345	Picture	21	1725045	0	1	3153	3	0	3000
JV	346	Response	1	1729143	779	1
JV	346	Response	2	1733306	4942	1
JV	347	Picture	10	1734339	0	2	3154	3	0	3000
JV	349	Picture	21	1744131	0	2	3154	3	0	3000
JV	351	Picture	21	1755417	0	2	3154	3	0	3000
JV	353	Picture	21	1764048	0	1	3153	2	0	3000
JV	355	Picture	20	1773508	0	1	3153	3	0	3000
JV	356	Response	2	1780625	3798	1
JV	357	Picture	11	1782802	0	2	3154	3	0	3000
JV	358	Response	1	1787790	1668	1
JV	359	Picture	11	1792595	0	1	3153	2	0	3000
JV	360	Response	1	1797927	2013	1
JV	361	Picture	10	1804046	0	2	3154	3	0	3000
JV	362	Response	1	1808894	1528	1
JV	363	Picture	11	1813009	0	1	3153	2	0	3000
JV	364	Response	1	1820699	4371	1
JV	365	Picture	10	1823963	0	1	3153	2	0	3000
JV	366	Response	1	1830845	3567	1
JV	367	Picture	11	1832925	0	1	3154	2	0	3000
JV	369	Picture	11	1842053	0	2	3154	3	0	3000
JV	369	Response	1	1844384	2331	1
JV	371	Picture	20	1853173	0	2	3154	3	0	3000
JV	372	Response	1	1860286	3793	1
JV	372	Response	2	1861842	5349	1
JV	373	Picture	20	1862136	0	1	3153	2	0	3000
JV	375	Picture	21	1870932	0	1	3154	2	0	3000
JV	375	Response	2	1871224	292	1
JV	377	Picture	11	1879895	0	1	3153	2	0	3000
JV	378	Response	1	1885202	1988	2
JV	379	Picture	10	1889023	0	1	3153	2	0	3000
JV	380	Response	1	1896472	4130	1
JV	381	Picture	11	1900475	0	1	3153	2	0	3000
JV	382	Response	1	1906796	3002	2
JV	383	Picture	11	1908939	0	2	3154	3	0	3000
JV	385	Picture	20	1918731	0	2	3154	3	0	3000
JV	386	Response	1	1923388	1337	1
JV	386	Response	2	1928103	6052	2
JV	387	Picture	11	1930017	0	2	3154	3	0	3000
JV	388	Response	1	1933908	571	2
JV	389	Picture	10	1941137	0	2	3154	3	0	3000
JV	390	Response	1	1946119	1662	1
JV	391	Picture	21	1950929	0	2	3154	3	0	3000
JV	393	Picture	21	1959726	0	1	3153	2	0	3000
JV	393	Response	2	1960006	280	1
JV	395	Picture	21	1970182	0	1	3153	3	0	3000
JV	396	Response	1	1974659	1158	1
JV	396	Response	2	1979822	6321	1
JV	397	Picture	21	1980804	0	1	3153	3	0	3000
JV	399	Picture	11	1990596	0	2	3154	3	0	3000
JV	401	Picture	20	2000056	0	2	3154	3	0	3000
JV	402	Response	2	2005767	2391	1
JV	403	Picture	20	2008853	0	1	3153	2	0	3000
JV	404	Response	2	2016265	4093	1
JV	405	Picture	11	2018811	0	1	3153	3	0	3000
JV	406	Response	1	2024442	2312	1
JV	407	Picture	11	2030097	0	1	3153	3	0	3000
JV	408	Response	1	2036028	2612	1
JV	409	Picture	20	2039225	0	2	3154	3	0	3000
JV	410	Response	2	2046372	3827	1
JV	411	Picture	11	2050179	0	2	3154	3	0	3000
JV	412	Response	1	2054095	596	1
JV	413	Picture	11	2058976	0	1	3153	2	0	3000
JV	414	Response	1	2064683	2388	1
JV	415	Picture	11	2069764	0	1	3153	2	0	3000
JV	416	Response	1	2074856	1773	1
JV	417	Picture	20	2079888	0	1	3153	2	0	3000
JV	418	Response	2	2085629	2422	1
JV	419	Picture	11	2090842	0	1	3153	2	0	3000
JV	420	Response	1	2095362	1201	1
JV	421	Picture	21	2099804	0	1	3154	2	0	3000
JV	422	Response	2	2104797	1673	1
JV	423	Picture	21	2110260	0	2	3154	3	0	3000
JV	424	Response	2	2118391	4811	1
JV	425	Picture	20	2121048	0	2	3154	3	0	3000
JV	426	Response	1	2126887	2519	1
JV	427	Picture	21	2129679	0	1	3153	2	0	3000
JV	427	Response	2	2132797	3118	2
JV	429	Picture	10	2139471	0	1	3153	2	0	3000
JV	430	Response	2	2142968	178	2
JV	430	Response	1	2147012	4222	1
JV	431	Picture	21	2148931	0	1	3154	2	0	3000
JV	432	Response	2	2154024	1773	1
JV	433	Picture	11	2158225	0	2	3154	3	0	3000
JV	434	Response	1	2161926	381	1
JV	435	Picture	20	2167022	0	1	3153	2	0	3000
JV	435	Response	2	2170065	3043	2
JV	437	Picture	11	2175984	0	2	3154	3	0	3000
JV	437	Response	1	2178732	2748	2
JV	439	Picture	21	2185776	0	2	3154	3	0	3000
JV	439	Response	2	2188607	2831	2
JV	441	Picture	10	2195403	0	1	3153	2	0	3000
JV	441	Response	1	2198131	2728	1
JV	443	Picture	10	2205859	0	1	3153	2	0	3000
JV	444	Response	1	2213308	4130	2
JV	445	Picture	20	2217145	0	1	3153	2	0	3000
JV	446	Response	2	2223447	2983	2
JV	447	Picture	20	2226605	0	1	3153	2	0	3000
JV	448	Response	2	2232764	2840	2
JV	449	Picture	20	2235567	0	2	3154	3	0	3000
JV	451	Picture	21	2244198	0	1	3153	2	0	3000
JV	452	Response	2	2248220	703	1
JV	453	Picture	11	2253824	0	1	3153	2	0	3000
JV	454	Response	1	2258750	1607	1
JV	455	Picture	11	2263284	0	1	3154	2	0	3000
JV	456	Response	1	2270955	4351	1
JV	457	Picture	11	2272081	0	1	3153	2	0	3000
JV	459	Picture	10	2283035	0	1	3153	2	0	3000
JV	460	Response	1	2287408	1054	1
JV	461	Picture	21	2292661	0	1	3153	2	0	3000
JV	462	Response	1	2296637	657	1
JV	462	Response	2	2300059	4079	1
JV	463	Picture	11	2302785	0	1	3153	2	0	3000
JV	464	Response	1	2307786	1682	1
JV	465	Picture	11	2311581	0	2	3154	3	0	3000
JV	466	Response	2	2315513	612	1
JV	466	Response	1	2320683	5782	1
JV	467	Picture	11	2322535	0	2	3154	3	0	3000
JV	468	Response	1	2326487	632	2
JV	469	Picture	20	2332493	0	2	3154	3	0	3000
JV	470	Response	1	2336052	239	1
JV	470	Response	2	2340003	4190	1
JV	471	Picture	10	2341622	0	1	3153	2	0	3000
JV	472	Response	1	2345866	925	2
JV	473	Picture	20	2351580	0	1	3153	2	0	3000
JV	475	Picture	20	2360376	0	2	3154	3	0	3000
JV	477	Picture	11	2370832	0	2	3154	3	0	3000
JV	479	Picture	10	2382118	0	2	3154	3	0	3000
JV	481	Picture	10	2390583	0	1	3153	2	0	3000
JV	482	Response	1	2393928	26	1
JV	483	Picture	11	2400873	0	1	3153	2	0	3000
JV	483	Response	1	2403456	2583	1
JV	485	Picture	20	2412159	0	1	3153	2	0	3000
JV	485	Response	1	2414574	2415	1
JV	486	Response	2	2418261	2783	1
JV	487	Picture	21	2423279	0	1	3153	2	0	3000
JV	487	Response	1	2426219	2940	1
JV	489	Picture	10	2433237	0	1	3153	3	0	3000
JV	491	Picture	20	2442697	0	2	3154	3	0	3000
JV	493	Picture	11	2451327	0	3	3154	4	0	3000
JV	494	Response	1	2458596	3949	1
JV	495	Picture	11	2461286	0	1	3153	2	0	3000
JV	497	Picture	10	2472572	0	1	3153	2	0	3000
JV	499	Picture	21	2482862	0	1	3153	2	0	3000
JV	500	Response	2	2487821	1640	1
JV	501	Picture	11	2491990	0	1	3154	2	0	3000
JV	502	Response	1	2495991	681	1
JV	503	Picture	11	2502612	0	2	3154	3	0	3000
JV	504	Response	1	2507846	1914	1
JV	505	Picture	10	2512902	0	2	3154	3	0	3000
JV	506	Response	1	2519937	3715	1
JV	507	Picture	21	2521367	0	1	3153	2	0	3000
JV	508	Response	2	2527118	2432	1
JV	509	Picture	21	2530163	0	1	3154	2	0	3000
JV	511	Picture	10	2539126	0	1	3153	2	0	3000
JV	513	Picture	11	2548586	0	1	3153	2	0	3000
JV	515	Picture	10	2558710	0	1	3153	3	0	3000
JV	517	Picture	11	2567506	0	2	3154	3	0	3000
JV	518	Response	1	2573140	2314	1
JV	519	Picture	20	2576635	0	1	3153	2	0	3000
JV	519	Response	1	2579922	3287	1
JV	520	Response	2	2582720	2766	1
JV	521	Picture	11	2585597	0	1	3153	3	0	3000
JV	522	Response	1	2589459	543	1
JV	523	Picture	21	2596053	0	1	3154	2	0	3000
JV	523	Response	1	2599071	3018	2
JV	524	Response	2	2601133	1761	1
JV	525	Picture	10	2605347	0	2	3154	3	0	3000
JV	525	Response	1	2607979	2632	1
JV	527	Picture	21	2614974	0	1	3153	2	0	3000
JV	527	Response	2	2617739	2765	1
JV	529	Picture	10	2624268	0	1	3153	2	0	3000
JV	529	Response	1	2626230	1962	1
JV	531	Picture	11	2634558	0	1	3153	3	0	3000
JV	532	Response	1	2640239	2362	1
JV	533	Picture	10	2645014	0	1	3154	2	0	3000
JV	534	Response	1	2651944	3610	1
JV	535	Picture	20	2654972	0	2	3154	3	0	3000
JV	536	Response	2	2660635	2343	1
JV	537	Picture	11	2663935	0	1	3153	2	0	3000
JV	538	Response	1	2667942	688	2
JV	539	Picture	11	2674059	0	1	3153	2	0	3000
JV	540	Response	1	2678854	1476	1
JV	541	Picture	10	2684349	0	1	3153	2	0	3000
JV	542	Response	1	2688762	1094	2
JV	543	Picture	11	2693311	0	2	3154	3	0	3000
JV	543	Response	1	2696403	3092	2
JV	545	Picture	10	2703435	0	2	3154	3	0	3000
JV	546	Response	1	2707078	323	1
JV	547	Picture	21	2712066	0	1	3153	2	0	3000
JV	548	Response	2	2717982	2597	1
JV	549	Picture	10	2721858	0	1	3153	3	0	3000
JV	550	Response	1	2725903	726	1
JV	551	Picture	11	2732812	0	1	3153	3	0	3000
JV	551	Response	2	2735458	2646	2
JV	552	Response	1	2738350	2219	1
JV	553	Picture	11	2742770	0	1	3154	2	0	3000
JV	554	Response	1	2747401	1311	2
JV	555	Picture	21	2752728	0	2	3154	3	0	3000
JV	555	Response	1	2755547	2819	1
JV	556	Response	2	2759123	3075	1
JV	557	Picture	11	2764180	0	1	3154	2	0	3000
JV	557	Response	1	2764489	309	1
JV	559	Picture	11	2774470	0	2	3154	3	0	3000
JV	560	Response	1	2777831	41	2
JV	561	Picture	11	2785756	0	2	3154	3	0	3000
JV	562	Response	1	2789211	135	2
JV	563	Picture	10	2794885	0	1	3153	2	0	3000
JV	564	Response	1	2799860	1656	1
JV	565	Picture	21	2803847	0	1	3153	3	0	3000
JV	566	Response	2	2808566	1400	1
JV	567	Picture	10	2812643	0	2	3154	3	0	3000
JV	568	Response	1	2817437	1474	1
JV	569	Picture	21	2822933	0	2	3154	3	0	3000
JV	570	Response	2	2828025	1772	1
JV	571	Picture	11	2833887	0	2	3154	3	0	3000
JV	572	Response	1	2837404	197	1
JV	573	Picture	11	2843846	0	1	3153	2	0	3000
JV	574	Response	2	2847675	510	1
JV	574	Response	1	2850888	3723	1
JV	575	Picture	21	2854800	0	1	3153	2	0	3000
JV	576	Response	1	2858825	706	1
JV	576	Response	2	2862529	4410	2
JV	577	Picture	21	2864924	0	1	3153	2	0	3000
JV	578	Response	1	2868368	125	2
JV	578	Response	2	2872990	4747	1
JV	579	Picture	10	2875712	0	1	3153	2	0	3000
JV	580	Response	1	2881160	2129	1
JV	581	Picture	11	2884840	0	1	3154	2	0	3000
JV	582	Response	1	2890776	2617	1
JV	583	Picture	10	2894964	0	2	3154	3	0	3000
JV	584	Response	2	2901819	3535	1
JV	585	Picture	21	2904922	0	2	3154	3	0	3000
JV	586	Response	1	2910098	1856	1
JV	587	Picture	10	2916208	0	2	3154	3	0	3000
JV	588	Response	1	2921901	2373	1
JV	589	Picture	11	2926664	0	2	3154	3	0	3000
JV	590	Response	1	2932052	2068	1
JV	591	Picture	11	2935627	0	1	3153	2	0	3000
JV	592	Response	1	2940487	1541	1
JV	593	Picture	11	2945585	0	1	3153	3	0	3000
JV	595	Picture	21	2955211	0	2	3154	3	0	3000
JV	596	Response	2	2958988	457	1
JV	597	Picture	11	2966663	0	1	3154	2	0	3000
JV	597	Response	2	2967191	528	2
JV	599	Picture	11	2977285	0	6	3154	7	0	3000
JV	600	Response	1	2980993	388	2
JV	601	Picture	20	2986579	0	2	3154	3	0	3000
JV	602	Response	2	2990786	887	1


Event Type	Code	Type	Response	RT	RT Uncertainty	Time	Uncertainty	Duration	Uncertainty	ReqTime	ReqDur

Picture	10	other				10414	1	3153	2	0	3000
Picture	20	other				21202	1	3153	2	0	3000
Picture	21	other				31990	1	3153	2	0	3000
Picture	10	other				42612	1	3153	2	0	3000
Picture	20	other				51408	1	3153	3	0	3000
Picture	21	other				61034	2	3154	3	0	3000
Picture	10	other				69499	1	3153	2	0	3000
Picture	21	other				77963	2	3154	3	0	3000
Picture	21	other				88917	1	3154	2	0	3000
Picture	20	other				98875	2	3154	3	0	3000
Picture	10	other				109497	2	3154	3	0	3000
Picture	21	other				118294	1	3153	2	0	3000
Picture	21	other				128252	1	3153	3	0	3000
Picture	20	other				136882	2	3154	3	0	3000
Picture	11	other				146675	1	3153	2	0	3000
Picture	20	other				157463	1	3153	2	0	3000
Picture	21	other				167919	1	3153	2	0	3000
Picture	11	other				177545	1	3153	2	0	3000
Picture	21	other				188831	1	3153	2	0	3000
Picture	20	other				199951	1	3153	2	0	3000
Picture	10	other				210905	1	3153	2	0	3000
Picture	11	other				220365	1	3153	3	0	3000
Picture	21	other				230157	2	3154	3	0	3000
Picture	20	other				240281	2	3154	3	0	3000
Picture	21	other				249244	1	3153	2	0	3000
Picture	21	other				258870	1	3153	3	0	3000
Picture	21	other				267998	2	3154	3	0	3000
Picture	11	other				276463	1	3153	2	0	3000
Picture	11	other				287583	1	3153	2	0	3000
Picture	10	other				297873	1	3153	2	0	3000
Picture	21	other				308163	1	3153	3	0	3000
Picture	11	other				317457	2	3154	3	0	3000
Picture	20	other				326752	1	3153	2	0	3000
Picture	10	other				336544	1	3153	2	0	3000
Picture	11	other				346668	1	3153	2	0	3000
Picture	20	other				356792	1	3153	3	0	3000
Picture	20	other				366086	2	3154	3	0	3000
Picture	10	other				374883	1	3153	2	0	3000
Picture	10	other				385173	1	3153	2	0	3000
Picture	11	other				393637	2	3154	3	0	3000
Picture	20	other				402766	1	3153	2	0	3000
Picture	21	other				413554	1	3153	2	0	3000
Picture	10	other				424176	1	3153	2	0	3000
Picture	20	other				432640	1	3154	2	0	3000
Picture	20	other				443594	1	3154	2	0	3000
Picture	20	other				452888	2	3154	3	0	3000
Picture	20	other				461519	1	3153	2	0	3000
Picture	11	other				470481	1	3154	2	0	3000
Picture	10	other				481601	1	3154	2	0	3000
Picture	20	other				491891	2	3154	3	0	3000
Picture	10	other				502347	2	3154	3	0	3000
Picture	11	other				513467	2	3154	3	0	3000
Picture	20	other				522430	1	3153	2	0	3000
Picture	11	other				533716	1	3153	2	0	3000
Picture	21	other				545167	2	3154	3	0	3000
Picture	10	other				555292	1	3153	2	0	3000
Picture	10	other				566744	1	3153	2	0	3000
Picture	11	other				577200	1	3153	2	0	3000
Picture	11	other				587158	1	3153	2	0	3000
Picture	10	other				596452	1	3153	3	0	3000
Picture	10	other				607738	1	3153	3	0	3000
Picture	21	other				618194	1	3153	3	0	3000
Picture	20	other				626659	1	3153	2	0	3000
Picture	21	other				636783	1	3153	2	0	3000
Picture	11	other				646575	1	3153	2	0	3000
Picture	21	other				655039	2	3154	3	0	3000
Picture	21	other				664997	2	3154	3	0	3000
Picture	20	other				675786	1	3153	2	0	3000
Picture	11	other				686573	2	3154	3	0	3000
Picture	20	other				695370	1	3153	2	0	3000
Picture	10	other				705494	1	3153	3	0	3000
Picture	11	other				715120	2	3154	3	0	3000
Picture	21	other				724747	1	3153	2	0	3000
Picture	11	other				734870	3	3154	4	0	3000
Picture	11	other				743999	1	3153	3	0	3000
Picture	11	other				754455	1	3154	2	0	3000
Picture	21	other				763085	2	3154	3	0	3000
Picture	11	other				773044	1	3153	2	0	3000
Picture	10	other				783002	1	3153	2	0	3000
Picture	10	other				791632	2	3154	3	0	3000
Picture	21	other				801093	1	3153	2	0	3000
Picture	10	other				811549	1	3153	2	0	3000
Picture	10	other				820345	1	3153	2	0	3000
Picture	20	other				829473	2	3154	3	0	3000
Picture	20	other				840759	2	3154	3	0	3000
Picture	21	other				849888	1	3153	2	0	3000
Picture	10	other				859348	1	3153	2	0	3000
Picture	21	other				869638	1	3153	2	0	3000
Picture	20	other				880094	1	3153	3	0	3000
Picture	11	other				890882	1	3153	3	0	3000
Picture	21	other				902168	1	3153	3	0	3000
Picture	11	other				910964	2	3154	3	0	3000
Picture	11	other				921420	2	3154	3	0	3000
Picture	21	other				931877	1	3153	2	0	3000
Picture	10	other				941835	1	3153	2	0	3000
Picture	10	other				951793	1	3153	2	0	3000
Picture	21	other				962249	1	3153	2	0	3000
Picture	10	other				971377	2	3154	3	0	3000
Picture	21	other				981833	2	3154	3	0	3000
Picture	10	other				990962	1	3153	2	0	3000
Picture	11	other				999592	1	3154	2	0	3000
Picture	10	other				1008388	2	3154	3	0	3000
Picture	21	other				1019508	2	3154	3	0	3000
Picture	11	other				1029633	1	3153	2	0	3000
Picture	21	other				1039591	1	3153	2	0	3000
Picture	10	other				1048885	1	3153	3	0	3000
Picture	10	other				1059507	1	3153	3	0	3000
Picture	21	other				1070627	1	3153	3	0	3000
Picture	11	other				1080419	2	3154	3	0	3000
Picture	20	other				1091373	2	3153	4	0	3000
Picture	10	other				1102659	1	3154	2	0	3000
Picture	11	other				1112949	2	3154	3	0	3000
Picture	20	other				1124401	1	3154	2	0	3000
Picture	10	other				1135023	2	3154	3	0	3000
Picture	10	other				1144649	2	3154	3	0	3000
Picture	20	other				1153280	1	3153	2	0	3000
Picture	11	other				1162242	1	3154	2	0	3000
Picture	20	other				1173196	2	3154	3	0	3000
Picture	11	other				1182159	1	3153	2	0	3000
Picture	20	other				1193113	1	3153	2	0	3000
Picture	11	other				1202573	1	3153	2	0	3000
Picture	21	other				1211535	1	3154	2	0	3000
Picture	20	other				1222987	1	3153	3	0	3000
Picture	20	other				1232281	2	3154	3	0	3000
Picture	11	other				1243401	2	3154	3	0	3000
Picture	21	other				1254853	2	3154	3	0	3000
Picture	11	other				1264148	1	3153	2	0	3000
Picture	21	other				1272778	1	3153	3	0	3000
Picture	11	other				1281408	2	3154	3	0	3000
Picture	11	other				1292362	2	3154	3	0	3000
Picture	11	other				1303648	2	3154	3	0	3000
Picture	11	other				1313606	2	3154	3	0	3000
Picture	11	other				1322071	1	3153	2	0	3000
Picture	10	other				1333191	1	3153	2	0	3000
Picture	20	other				1342817	1	3154	2	0	3000
Picture	21	other				1354269	1	3153	3	0	3000
Picture	10	other				1363895	2	3154	3	0	3000
Picture	21	other				1372692	1	3153	2	0	3000
Picture	10	other				1383812	1	3153	2	0	3000
Picture	21	other				1394766	1	3153	2	0	3000
Picture	21	other				1403230	1	3153	3	0	3000
Picture	11	other				1413520	1	3154	2	0	3000
Picture	11	other				1422814	2	3154	3	0	3000
Picture	10	other				1432275	1	3153	2	0	3000
Picture	20	other				1442399	1	3153	2	0	3000
Picture	21	other				1451859	1	3153	3	0	3000
Picture	10	other				1461153	2	3154	3	0	3000
Picture	20	other				1470780	1	3153	2	0	3000
Picture	11	other				1479908	1	3153	2	0	3000
Picture	10	other				1490198	1	3153	3	0	3000
Picture	11	other				1519077	1	3153	2	0	3000
Picture	20	other				1529035	1	3153	2	0	3000
Picture	21	other				1537997	2	3154	3	0	3000
Picture	11	other				1548287	2	3154	3	0	3000
Picture	11	other				1557250	1	3153	2	0	3000
Picture	20	other				1567540	1	3153	2	0	3000
Picture	11	other				1577830	1	3153	2	0	3000
Picture	11	other				1587788	1	3154	2	0	3000
Picture	20	other				1598410	1	3154	2	0	3000
Picture	10	other				1607538	2	3154	3	0	3000
Picture	20	other				1618658	2	3154	3	0	3000
Picture	10	other				1629280	2	3154	3	0	3000
Picture	10	other				1638243	1	3153	2	0	3000
Picture	10	other				1648533	1	3153	2	0	3000
Picture	10	other				1658325	2	3154	3	0	3000
Picture	21	other				1667619	2	3154	3	0	3000
Picture	20	other				1676748	1	3153	2	0	3000
Picture	11	other				1686042	1	3153	3	0	3000
Picture	10	other				1695668	2	3154	3	0	3000
Picture	10	other				1704299	1	3153	2	0	3000
Picture	20	other				1714921	1	3153	2	0	3000
Picture	21	other				1725045	1	3153	3	0	3000
Picture	10	other				1734339	2	3154	3	0	3000
Picture	21	other				1744131	2	3154	3	0	3000
Picture	21	other				1755417	2	3154	3	0	3000
Picture	21	other				1764048	1	3153	2	0	3000
Picture	20	other				1773508	1	3153	3	0	3000
Picture	11	other				1782802	2	3154	3	0	3000
Picture	11	other				1792595	1	3153	2	0	3000
Picture	10	other				1804046	2	3154	3	0	3000
Picture	11	other				1813009	1	3153	2	0	3000
Picture	10	other				1823963	1	3153	2	0	3000
Picture	11	other				1832925	1	3154	2	0	3000
Picture	11	other				1842053	2	3154	3	0	3000
Picture	20	other				1853173	2	3154	3	0	3000
Picture	20	other				1862136	1	3153	2	0	3000
Picture	21	other				1870932	1	3154	2	0	3000
Picture	11	other				1879895	1	3153	2	0	3000
Picture	10	other				1889023	1	3153	2	0	3000
Picture	11	other				1900475	1	3153	2	0	3000
Picture	11	other				1908939	2	3154	3	0	3000
Picture	20	other				1918731	2	3154	3	0	3000
Picture	11	other				1930017	2	3154	3	0	3000
Picture	10	other				1941137	2	3154	3	0	3000
Picture	21	other				1950929	2	3154	3	0	3000
Picture	21	other				1959726	1	3153	2	0	3000
Picture	21	other				1970182	1	3153	3	0	3000
Picture	21	other				1980804	1	3153	3	0	3000
Picture	11	other				1990596	2	3154	3	0	3000
Picture	20	other				2000056	2	3154	3	0	3000
Picture	20	other				2008853	1	3153	2	0	3000
Picture	11	other				2018811	1	3153	3	0	3000
Picture	11	other				2030097	1	3153	3	0	3000
Picture	20	other				2039225	2	3154	3	0	3000
Picture	11	other				2050179	2	3154	3	0	3000
Picture	11	other				2058976	1	3153	2	0	3000
Picture	11	other				2069764	1	3153	2	0	3000
Picture	20	other				2079888	1	3153	2	0	3000
Picture	11	other				2090842	1	3153	2	0	3000
Picture	21	other				2099804	1	3154	2	0	3000
Picture	21	other				2110260	2	3154	3	0	3000
Picture	20	other				2121048	2	3154	3	0	3000
Picture	21	other				2129679	1	3153	2	0	3000
Picture	10	other				2139471	1	3153	2	0	3000
Picture	21	other				2148931	1	3154	2	0	3000
Picture	11	other				2158225	2	3154	3	0	3000
Picture	20	other				2167022	1	3153	2	0	3000
Picture	11	other				2175984	2	3154	3	0	3000
Picture	21	other				2185776	2	3154	3	0	3000
Picture	10	other				2195403	1	3153	2	0	3000
Picture	10	other				2205859	1	3153	2	0	3000
Picture	20	other				2217145	1	3153	2	0	3000
Picture	20	other				2226605	1	3153	2	0	3000
Picture	20	other				2235567	2	3154	3	0	3000
Picture	21	other				2244198	1	3153	2	0	3000
Picture	11	other				2253824	1	3153	2	0	3000
Picture	11	other				2263284	1	3154	2	0	3000
Picture	11	other				2272081	1	3153	2	0	3000
Picture	10	other				2283035	1	3153	2	0	3000
Picture	21	other				2292661	1	3153	2	0	3000
Picture	11	other				2302785	1	3153	2	0	3000
Picture	11	other				2311581	2	3154	3	0	3000
Picture	11	other				2322535	2	3154	3	0	3000
Picture	20	other				2332493	2	3154	3	0	3000
Picture	10	other				2341622	1	3153	2	0	3000
Picture	20	other				2351580	1	3153	2	0	3000
Picture	20	other				2360376	2	3154	3	0	3000
Picture	11	other				2370832	2	3154	3	0	3000
Picture	10	other				2382118	2	3154	3	0	3000
Picture	10	other				2390583	1	3153	2	0	3000
Picture	11	other				2400873	1	3153	2	0	3000
Picture	20	other				2412159	1	3153	2	0	3000
Picture	21	other				2423279	1	3153	2	0	3000
Picture	10	other				2433237	1	3153	3	0	3000
Picture	20	other				2442697	2	3154	3	0	3000
Picture	11	other				2451327	3	3154	4	0	3000
Picture	11	other				2461286	1	3153	2	0	3000
Picture	10	other				2472572	1	3153	2	0	3000
Picture	21	other				2482862	1	3153	2	0	3000
Picture	11	other				2491990	1	3154	2	0	3000
Picture	11	other				2502612	2	3154	3	0	3000
Picture	10	other				2512902	2	3154	3	0	3000
Picture	21	other				2521367	1	3153	2	0	3000
Picture	21	other				2530163	1	3154	2	0	3000
Picture	10	other				2539126	1	3153	2	0	3000
Picture	11	other				2548586	1	3153	2	0	3000
Picture	10	other				2558710	1	3153	3	0	3000
Picture	11	other				2567506	2	3154	3	0	3000
Picture	20	other				2576635	1	3153	2	0	3000
Picture	11	other				2585597	1	3153	3	0	3000
Picture	21	other				2596053	1	3154	2	0	3000
Picture	10	other				2605347	2	3154	3	0	3000
Picture	21	other				2614974	1	3153	2	0	3000
Picture	10	other				2624268	1	3153	2	0	3000
Picture	11	other				2634558	1	3153	3	0	3000
Picture	10	other				2645014	1	3154	2	0	3000
Picture	20	other				2654972	2	3154	3	0	3000
Picture	11	other				2663935	1	3153	2	0	3000
Picture	11	other				2674059	1	3153	2	0	3000
Picture	10	other				2684349	1	3153	2	0	3000
Picture	11	other				2693311	2	3154	3	0	3000
Picture	10	other				2703435	2	3154	3	0	3000
Picture	21	other				2712066	1	3153	2	0	3000
Picture	10	other				2721858	1	3153	3	0	3000
Picture	11	other				2732812	1	3153	3	0	3000
Picture	11	other				2742770	1	3154	2	0	3000
Picture	21	other				2752728	2	3154	3	0	3000
Picture	11	other				2764180	1	3154	2	0	3000
Picture	11	other				2774470	2	3154	3	0	3000
Picture	11	other				2785756	2	3154	3	0	3000
Picture	10	other				2794885	1	3153	2	0	3000
Picture	21	other				2803847	1	3153	3	0	3000
Picture	10	other				2812643	2	3154	3	0	3000
Picture	21	other				2822933	2	3154	3	0	3000
Picture	11	other				2833887	2	3154	3	0	3000
Picture	11	other				2843846	1	3153	2	0	3000
Picture	21	other				2854800	1	3153	2	0	3000
Picture	21	other				2864924	1	3153	2	0	3000
Picture	10	other				2875712	1	3153	2	0	3000
Picture	11	other				2884840	1	3154	2	0	3000
Picture	10	other				2894964	2	3154	3	0	3000
Picture	21	other				2904922	2	3154	3	0	3000
Picture	10	other				2916208	2	3154	3	0	3000
Picture	11	other				2926664	2	3154	3	0	3000
Picture	11	other				2935627	1	3153	2	0	3000
Picture	11	other				2945585	1	3153	3	0	3000
Picture	21	other				2955211	2	3154	3	0	3000
Picture	11	other				2966663	1	3154	2	0	3000
Picture	11	other				2977285	6	3154	7	0	3000
Picture	20	other				2986579	2	3154	3	0	3000
