Scenario - EFT lento Abril 2011
Logfile written - 05/10/2011 17:51:28

Subject	Trial	Event Type	Code	Time	TTime	Uncertainty	Duration	Uncertainty	ReqTime	ReqDur

JV	2	Picture	11	10414	0	1	3153	2	0	3000
JV	3	Response	1	16067	2334	1
JV	4	Picture	20	40454	0	1	3154	2	0	3000
JV	5	Response	2	45823	2050	2
JV	6	Picture	11	79125	0	1	3153	3	0	3000
JV	7	Response	1	85230	2786	2
JV	8	Picture	21	112485	0	1	3153	2	0	3000
JV	9	Response	2	118881	3077	1
JV	10	Picture	20	144849	0	1	3153	2	0	3000
JV	11	Response	2	150969	2801	2
JV	12	Picture	20	180200	0	2	3154	3	0	3000
JV	13	Response	2	187078	3558	1
JV	14	Picture	21	209411	0	1	3153	3	0	3000
JV	15	Response	2	214056	1326	1
JV	16	Picture	11	239452	0	1	3153	2	0	3000
JV	17	Response	1	244816	2045	1
JV	18	Picture	20	277791	0	1	3153	2	0	3000
JV	19	Response	1	282959	1849	2
JV	20	Picture	21	310984	0	2	3154	3	0	3000
JV	21	Response	2	316286	1982	1
JV	22	Picture	10	346834	0	1	3153	2	0	3000
JV	23	Response	1	351003	850	2
JV	23	Response	2	352408	2255	1
JV	23	Response	1	354114	3961	2
JV	23	Response	1	361720	11567	1
JV	23	Response	1	364876	14723	2
JV	24	Picture	10	386169	0	1	3153	2	0	3000
JV	25	Response	2	391142	1654	2
JV	26	Picture	20	420026	0	2	3154	3	0	3000
JV	27	Response	2	426335	2989	1
JV	28	Picture	20	453718	0	2	3154	3	0	3000
JV	29	Response	2	459459	2421	1
JV	30	Picture	11	486082	0	2	3154	3	0	3000
JV	31	Response	1	493000	3598	1
JV	32	Picture	21	523094	0	1	3153	2	0	3000
JV	33	Response	2	528399	1986	2
JV	34	Picture	21	557449	0	2	3154	3	0	3000
JV	35	Response	1	563736	2967	1
JV	35	Response	2	565322	4553	1
JV	35	Response	2	570769	10000	1
JV	35	Response	2	573544	12775	1
JV	35	Response	2	575488	14719	2
JV	36	Picture	10	597448	0	1	3153	2	0	3000
JV	37	Response	1	603369	2602	1
JV	37	Response	2	624039	23272	1
JV	37	Response	1	624370	23603	1
JV	38	Picture	21	628484	0	2	3154	3	0	3000
JV	40	Picture	10	659355	0	1	3153	2	0	3000
JV	42	Picture	11	699519	0	2	3154	3	0	3000
JV	43	Response	1	705556	2717	1
JV	44	Picture	10	737858	0	1	3154	2	0	3000
JV	45	Response	1	742696	1518	1
JV	46	Picture	21	770222	0	1	3154	2	0	3000
JV	47	Response	2	774996	1454	1
JV	48	Picture	10	805740	0	1	3153	2	0	3000
JV	49	Response	1	810900	1841	1
JV	50	Picture	21	845074	0	2	3154	3	0	3000
JV	51	Response	2	850283	1889	2
JV	52	Picture	21	877771	0	1	3153	2	0	3000
JV	53	Response	2	883760	2670	2
JV	54	Picture	20	907645	0	1	3153	3	0	3000
JV	55	Response	1	914756	3792	2
JV	55	Response	2	941141	30177	2
JV	56	Picture	10	947976	0	1	3153	2	0	3000
JV	57	Response	2	952738	1443	1
JV	57	Response	2	964284	12989	2
JV	57	Response	2	969273	17978	1
JV	57	Response	1	975972	24677	1
JV	58	Picture	11	981336	0	1	3153	2	0	3000
JV	58	Response	2	982229	893	1
JV	59	Response	1	990412	5757	1
JV	59	Response	2	1002514	17859	2
JV	59	Response	1	1015421	30766	2
JV	60	Picture	20	1020006	0	2	3154	3	0	3000
JV	60	Response	2	1020533	527	1
JV	61	Response	1	1027927	4601	1
JV	62	Picture	11	1051043	0	1	3153	2	0	3000
JV	63	Response	1	1057014	2652	1
JV	64	Picture	21	1081747	0	1	3154	2	0	3000
JV	65	Response	2	1088628	3562	2
JV	66	Picture	21	1115937	0	1	3153	2	0	3000
JV	67	Response	2	1125507	6251	1
JV	68	Picture	11	1150790	0	2	3154	3	0	3000
JV	69	Response	1	1158874	4764	1
JV	70	Picture	11	1182159	0	1	3153	2	0	3000
JV	72	Picture	11	1217676	0	1	3154	2	0	3000
JV	73	Response	1	1223801	2805	1
JV	74	Picture	11	1250704	0	1	3153	3	0	3000
JV	75	Response	1	1261677	7654	1
JV	76	Picture	10	1285060	0	1	3153	2	0	3000
JV	77	Response	2	1291673	3294	1
JV	77	Response	1	1293228	4849	2
JV	78	Picture	21	1314602	0	2	3154	3	0	3000
JV	79	Response	1	1325659	7737	1
JV	80	Picture	10	1347630	0	2	3154	3	0	3000
JV	81	Response	1	1356597	5647	1
JV	82	Picture	21	1387795	0	1	3153	2	0	3000
JV	84	Picture	10	1417006	0	1	3153	2	0	3000
JV	85	Response	1	1425151	4826	1
JV	86	Picture	11	1447046	0	1	3153	3	0	3000
JV	87	Response	1	1453670	3305	1
JV	88	Picture	21	1476423	0	1	3153	2	0	3000
JV	89	Response	2	1482068	2326	1
JV	90	Picture	11	1505301	0	2	3154	3	0	3000
JV	91	Response	1	1511088	2467	2
JV	92	Picture	21	1537997	0	2	3154	3	0	3000
JV	93	Response	2	1541663	346	2
JV	94	Picture	10	1571523	0	2	3154	3	0	3000
JV	95	Response	1	1580689	5846	1
JV	96	Picture	20	1608534	0	2	3154	3	0	3000
JV	97	Response	2	1617453	5599	1
JV	98	Picture	10	1648699	0	1	3153	3	0	3000
JV	99	Response	1	1655417	3399	1
JV	100	Picture	20	1685378	0	2	3154	3	0	3000
JV	101	Response	2	1693827	5129	1
JV	102	Picture	20	1717079	0	1	3153	2	0	3000
JV	103	Response	1	1724035	3637	1
JV	104	Picture	20	1756081	0	2	3154	3	0	3000
JV	105	Response	2	1763677	4276	1
JV	105	Response	1	1765441	6040	1
JV	105	Response	2	1766616	7215	1
JV	105	Response	2	1778275	18874	1
JV	106	Picture	21	1788777	0	2	3154	3	0	3000
JV	107	Response	2	1797452	5355	1
JV	108	Picture	10	1828444	0	1	3154	2	0	3000
JV	109	Response	1	1836209	4446	1
JV	110	Picture	20	1861970	0	2	3153	4	0	3000
JV	111	Response	2	1871173	5884	1
JV	112	Picture	10	1897819	0	2	3154	3	0	3000
JV	113	Response	1	1904770	3631	2
JV	114	Picture	21	1932009	0	1	3154	2	0	3000
JV	115	Response	2	1937959	2630	1
JV	116	Picture	20	1970846	0	1	3153	3	0	3000
JV	118	Picture	11	2005700	0	1	3153	2	0	3000
JV	119	Response	1	2010403	1384	1
JV	120	Picture	20	2035242	0	1	3154	2	0	3000
JV	121	Response	2	2042202	3640	1
JV	122	Picture	20	2073415	0	2	3154	3	0	3000
JV	123	Response	1	2082848	6113	2
JV	123	Response	2	2085346	8611	1
JV	124	Picture	21	2111754	0	1	3154	2	0	3000
JV	125	Response	2	2127509	12435	2
JV	126	Picture	10	2151587	0	1	3153	2	0	3000
JV	127	Response	1	2158617	3711	2
JV	128	Picture	10	2191254	0	1	3153	2	0	3000
JV	130	Picture	21	2231086	0	2	3154	3	0	3000
JV	131	Response	2	2237061	2655	1
JV	132	Picture	20	2260629	0	1	3153	2	0	3000
JV	133	Response	2	2266667	2719	1
JV	134	Picture	11	2299964	0	1	3153	2	0	3000
JV	135	Response	1	2304101	818	1
JV	136	Picture	10	2333324	0	1	3153	2	0	3000
JV	137	Response	2	2347203	10560	1
JV	137	Response	1	2350625	13982	1
JV	138	Picture	11	2363364	0	1	3153	3	0	3000
JV	139	Response	1	2375540	8857	1
JV	140	Picture	20	2403363	0	1	3153	2	0	3000
JV	141	Response	2	2409108	2426	1
JV	142	Picture	11	2434731	0	1	3153	2	0	3000
JV	143	Response	1	2440928	2878	1
JV	144	Picture	20	2471576	0	2	3154	3	0	3000
JV	145	Response	2	2478013	3117	2
JV	146	Picture	10	2502115	0	1	3153	2	0	3000
JV	147	Response	1	2509039	3605	1
JV	148	Picture	11	2538628	0	1	3153	2	0	3000
JV	149	Response	1	2545205	3258	1
JV	150	Picture	21	2571988	0	1	3153	2	0	3000
JV	151	Response	2	2579215	3908	1
JV	152	Picture	11	2608003	0	1	3154	2	0	3000
JV	153	Response	2	2625861	14538	2
JV	154	Picture	10	2642193	0	1	3153	2	0	3000
JV	155	Response	1	2646640	1128	1
JV	156	Picture	10	2679370	0	1	3154	2	0	3000
JV	157	Response	2	2686349	3660	1
JV	157	Response	1	2688322	5633	1
JV	158	Picture	11	2710074	0	2	3154	3	0	3000
JV	159	Response	1	2716165	2771	1
JV	160	Picture	20	2741443	0	1	3153	2	0	3000
JV	161	Response	2	2753835	9073	1
JV	162	Picture	11	2774969	0	1	3153	2	0	3000
JV	163	Response	1	2783360	5072	1
JV	164	Picture	11	2810154	0	1	3154	2	0	3000
JV	165	Response	2	2818668	5194	1
JV	165	Response	1	2821193	7719	2
JV	166	Picture	21	2841356	0	2	3154	3	0	3000
JV	168	Picture	21	2876874	0	1	3153	2	0	3000
JV	169	Response	2	2886179	5986	1
JV	170	Picture	20	2907246	0	2	3154	3	0	3000
JV	172	Picture	11	2939112	0	2	3154	3	0	3000
JV	174	Picture	20	2969983	0	1	3153	3	0	3000
JV	175	Response	2	2977956	4654	2
JV	176	Picture	20	2998530	0	1	3153	2	0	3000
JV	177	Response	1	3004175	2326	1
JV	178	Picture	11	3036205	0	1	3153	2	0	3000
JV	180	Picture	10	3068735	0	1	3153	2	0	3000
JV	181	Response	2	3075204	3150	1
JV	182	Picture	21	3099273	0	1	3154	2	0	3000
JV	183	Response	2	3107303	4711	1
JV	184	Picture	20	3132633	0	1	3153	3	0	3000
JV	185	Response	1	3138601	2649	1
JV	186	Picture	11	3161678	0	1	3153	2	0	3000
JV	187	Response	1	3169529	4532	1
JV	188	Picture	10	3194208	0	1	3153	2	0	3000
JV	189	Response	2	3202681	5154	1
JV	189	Response	1	3204146	6619	1
JV	190	Picture	20	3226074	0	1	3153	2	0	3000
JV	191	Response	2	3232213	2820	1
JV	192	Picture	10	3255118	0	2	3154	3	0	3000
JV	193	Response	2	3260971	2533	1
JV	193	Response	1	3262557	4119	1
JV	194	Picture	10	3284495	0	1	3154	2	0	3000
JV	195	Response	1	3290065	2250	1
JV	196	Picture	20	3322834	0	1	3154	2	0	3000
JV	197	Response	2	3330356	4203	1
JV	198	Picture	21	3359347	0	2	3154	3	0	3000
JV	199	Response	2	3366992	4325	1
JV	200	Picture	11	3393869	0	1	3154	2	0	3000
JV	201	Response	1	3402188	4999	2
JV	202	Picture	11	3434034	0	1	3153	2	0	3000
JV	203	Response	1	3440753	3400	1
JV	204	Picture	11	3471543	0	1	3153	2	0	3000
JV	205	Response	1	3477474	2612	1
JV	206	Picture	20	3506728	0	2	3154	3	0	3000
JV	207	Response	2	3515345	5297	1
JV	208	Picture	20	3541914	0	1	3153	2	0	3000
JV	209	Response	2	3555532	10299	2
JV	210	Picture	20	3575440	0	1	3153	2	0	3000
JV	211	Response	2	3584731	5972	1
JV	212	Picture	11	3611621	0	1	3154	2	0	3000
JV	214	Picture	21	3646807	0	1	3153	2	0	3000
JV	215	Response	2	3654135	4009	1
JV	216	Picture	21	3682822	0	1	3154	2	0	3000
JV	217	Response	2	3692805	6663	1
JV	218	Picture	11	3714854	0	2	3154	3	0	3000
JV	219	Response	1	3727796	9622	2
JV	220	Picture	10	3746388	0	2	3154	3	0	3000
JV	221	Response	1	3758478	8770	1
JV	222	Picture	10	3783732	0	1	3153	2	0	3000
JV	223	Response	1	3795651	8600	1
JV	224	Picture	20	3823730	0	2	3154	3	0	3000
JV	225	Response	2	3828715	1665	2
JV	226	Picture	10	3862235	0	2	3154	3	0	3000
JV	227	Response	1	3873888	8333	1
JV	228	Picture	11	3896425	0	1	3153	2	0	3000
JV	229	Response	1	3902757	3013	1
JV	230	Picture	20	3932772	0	2	3154	3	0	3000
JV	231	Response	1	3939254	3162	1
JV	231	Response	2	3944187	8095	2
JV	231	Response	2	3949502	13410	1
JV	231	Response	2	3954208	18116	1
JV	232	Picture	20	3970779	0	2	3154	3	0	3000
JV	233	Response	1	3977847	3748	1
JV	234	Picture	10	4005965	0	1	3153	2	0	3000
JV	235	Response	1	4013993	4709	1
JV	236	Picture	10	4037499	0	1	3154	2	0	3000
JV	237	Response	1	4052320	11502	1
JV	238	Picture	11	4076668	0	1	3153	2	0	3000
JV	239	Response	1	4084060	4073	1
JV	240	Picture	21	4105713	0	1	3153	2	0	3000
JV	242	Picture	20	4135089	0	2	3154	3	0	3000
JV	244	Picture	20	4173262	0	1	3154	2	0	3000
JV	246	Picture	10	4211435	0	2	3154	3	0	3000
JV	247	Response	2	4216506	1751	1
JV	247	Response	1	4217344	2589	2
JV	247	Response	2	4218789	4034	2
JV	248	Picture	10	4247119	0	1	3153	2	0	3000
JV	249	Response	1	4256245	5807	1
JV	250	Picture	11	4277657	0	1	3153	3	0	3000
JV	251	Response	1	4283840	2864	1
JV	252	Picture	10	4310187	0	1	3154	2	0	3000
JV	253	Response	1	4316254	2748	2
JV	254	Picture	11	4345539	0	1	3153	2	0	3000
JV	255	Response	1	4353310	4452	1
JV	256	Picture	21	4385869	0	2	3154	3	0	3000
JV	258	Picture	10	4423876	0	2	3154	3	0	3000
JV	259	Response	1	4428766	1570	1
JV	260	Picture	21	4455079	0	1	3153	2	0	3000
JV	261	Response	2	4465824	7426	2
JV	262	Picture	11	4483957	0	2	3154	3	0	3000
JV	264	Picture	10	4521632	0	2	3154	3	0	3000
JV	266	Picture	20	4561797	0	1	3153	3	0	3000
JV	267	Response	2	4570288	5172	1
JV	268	Picture	10	4599140	0	1	3154	2	0	3000
JV	269	Response	1	4618622	16162	1
JV	270	Picture	20	4630674	0	2	3154	3	0	3000
JV	271	Response	2	4641473	7479	1
JV	272	Picture	10	4666690	0	1	3153	2	0	3000
JV	273	Response	1	4672857	2848	1
JV	274	Picture	20	4697560	0	1	3153	3	0	3000
JV	275	Response	2	4707425	6546	2
JV	276	Picture	11	4731418	0	1	3153	2	0	3000
JV	277	Response	1	4739867	5130	2
JV	278	Picture	11	4760131	0	1	3153	2	0	3000
JV	279	Response	1	4766198	2748	1
JV	280	Picture	10	4795814	0	1	3154	2	0	3000
JV	281	Response	1	4804750	5617	1
JV	282	Picture	21	4831498	0	1	3153	2	0	3000
JV	283	Response	2	4837696	2879	2
JV	284	Picture	20	4861040	0	1	3154	2	0	3000
JV	285	Response	2	4872528	8168	1
JV	286	Picture	11	4895064	0	1	3153	2	0	3000
JV	287	Response	1	4912239	13856	2
JV	288	Picture	20	4923776	0	2	3154	3	0	3000
JV	289	Response	2	4940640	13544	1
JV	290	Picture	11	4956971	0	1	3153	2	0	3000
JV	291	Response	1	4962631	2341	2
JV	292	Picture	11	4987841	0	1	3153	2	0	3000
JV	294	Picture	11	5016886	0	1	3153	2	0	3000
JV	295	Response	1	5028851	8646	2
JV	296	Picture	21	5045764	0	2	3154	3	0	3000
JV	297	Response	2	5053835	4751	1
JV	298	Picture	21	5075307	0	1	3153	2	0	3000
JV	299	Response	2	5083121	4495	1
JV	300	Picture	10	5104684	0	1	3153	2	0	3000
JV	301	Response	1	5113409	5406	1
JV	302	Response	1	8185916	3041234	1
JV	304	Picture	21	8206323	0	1	3153	2	0	3000
JV	305	Response	2	8211990	2348	2
JV	306	Picture	21	8236363	0	1	3154	2	0	3000
JV	307	Response	2	8241541	1858	1
JV	308	Picture	11	8264910	0	1	3153	2	0	3000
JV	309	Response	1	8268764	535	2
JV	310	Picture	10	8297440	0	1	3153	3	0	3000
JV	311	Response	2	8303844	3085	1
JV	311	Response	1	8307228	6469	2
JV	312	Picture	20	8327978	0	2	3154	3	0	3000
JV	313	Response	2	8335036	3738	1
JV	314	Picture	20	8356525	0	1	3154	2	0	3000
JV	315	Response	2	8364469	4624	1
JV	316	Picture	10	8385570	0	1	3153	2	0	3000
JV	317	Response	1	8391956	3067	1
JV	318	Picture	21	8417104	0	1	3153	3	0	3000
JV	319	Response	2	8423424	3001	2
JV	320	Picture	20	8450796	0	1	3153	2	0	3000
JV	321	Response	2	8456649	2534	1
JV	322	Picture	20	8487641	0	1	3154	2	0	3000
JV	323	Response	1	8491341	381	1
JV	324	Picture	10	8523988	0	2	3154	3	0	3000
JV	325	Response	1	8530106	2798	1
JV	326	Picture	21	8558675	0	12	3154	14	0	3000
JV	326	Response	2	8561766	3091	1
JV	328	Picture	21	8595687	0	2	3154	3	0	3000
JV	329	Response	2	8600738	1731	1
JV	330	Picture	21	8624234	0	1	3153	3	0	3000
JV	331	Response	2	8629644	2091	1
JV	332	Picture	20	8663569	0	1	3153	2	0	3000
JV	333	Response	2	8668917	2029	1
JV	334	Picture	10	8693443	0	2	3154	3	0	3000
JV	335	Response	1	8699211	2448	1
JV	336	Picture	21	8726969	0	1	3154	2	0	3000
JV	337	Response	2	8732253	1964	1
JV	338	Picture	11	8764312	0	2	3154	3	0	3000
JV	339	Response	1	8769870	2238	1
JV	340	Picture	10	8803813	0	1	3153	3	0	3000
JV	341	Response	1	8809816	2684	1
JV	342	Picture	11	8833854	0	1	3153	2	0	3000
JV	343	Response	1	8838784	1611	1
JV	344	Picture	11	8869703	0	1	3153	3	0	3000
JV	345	Response	1	8875631	2609	1
JV	346	Picture	11	8909204	0	1	3153	2	0	3000
JV	347	Response	1	8914818	2295	1
JV	348	Picture	10	8940240	0	1	3153	3	0	3000
JV	349	Response	1	8946529	2970	2
JV	350	Picture	20	8968787	0	1	3153	2	0	3000
JV	351	Response	2	8977979	5873	1
JV	352	Picture	20	8997500	0	1	3153	2	0	3000
JV	353	Response	2	9007976	7157	1
JV	354	Picture	21	9033847	0	1	3153	2	0	3000
JV	355	Response	2	9039692	2526	1
JV	356	Picture	11	9068866	0	2	3154	3	0	3000
JV	357	Response	1	9073651	1465	1
JV	358	Picture	11	9102060	0	2	3154	3	0	3000
JV	359	Response	1	9108199	2819	2
JV	360	Picture	11	9138242	0	1	3153	2	0	3000
JV	361	Response	1	9146142	4581	2
JV	362	Picture	20	9171270	0	1	3153	2	0	3000
JV	363	Response	2	9179094	4505	1
JV	364	Picture	11	9202970	0	1	3153	2	0	3000
JV	365	Response	1	9210011	3722	1
JV	366	Picture	20	9233010	0	2	3154	3	0	3000
JV	367	Response	2	9239454	3124	1
JV	368	Picture	10	9265540	0	2	3154	3	0	3000
JV	369	Response	1	9271694	2834	1
JV	370	Picture	20	9298568	0	2	3154	3	0	3000
JV	371	Response	2	9307808	5920	1
JV	372	Picture	11	9338733	0	1	3153	3	0	3000
JV	373	Response	1	9344867	2815	1
JV	374	Picture	10	9372591	0	1	3153	2	0	3000
JV	375	Response	1	9381719	5809	1
JV	376	Picture	20	9409768	0	1	3153	2	0	3000
JV	377	Response	2	9417832	4745	2
JV	378	Picture	21	9447443	0	1	3153	3	0	3000
JV	379	Response	2	9453153	2391	1
JV	380	Picture	20	9484122	0	2	3154	3	0	3000
JV	381	Response	2	9494167	6725	1
JV	382	Picture	21	9518145	0	2	3154	4	0	3000
JV	383	Response	2	9523260	1795	2
JV	384	Picture	20	9552170	0	1	3153	2	0	3000
JV	385	Response	2	9558017	2528	1
JV	386	Picture	11	9585862	0	1	3153	2	0	3000
JV	387	Response	1	9592945	3764	2
JV	388	Picture	10	9621711	0	1	3153	3	0	3000
JV	389	Response	1	9629583	4553	1
JV	390	Picture	21	9653577	0	1	3154	2	0	3000
JV	391	Response	2	9660526	3629	1
JV	392	Picture	21	9692248	0	1	3154	2	0	3000
JV	393	Response	2	9698345	2778	1
JV	394	Picture	10	9731583	0	1	3153	2	0	3000
JV	395	Response	1	9738116	3214	2
JV	396	Picture	21	9760628	0	1	3153	2	0	3000
JV	397	Response	2	9770154	6207	1
JV	398	Picture	21	9790004	0	1	3154	2	0	3000
JV	399	Response	2	9799237	5914	1
JV	400	Picture	21	9829339	0	1	3153	2	0	3000
JV	401	Response	2	9835316	2658	2
JV	402	Picture	20	9862699	0	1	3153	2	0	3000
JV	403	Response	2	9870772	4754	1
JV	404	Picture	21	9895395	0	1	3153	2	0	3000
JV	405	Response	2	9902718	4004	2
JV	406	Picture	10	9929750	0	2	3154	3	0	3000
JV	407	Response	1	9936054	2984	1
JV	408	Picture	21	9959957	0	1	3153	3	0	3000
JV	409	Response	2	9967175	3899	2
JV	410	Picture	21	9998628	0	1	3153	2	0	3000
JV	411	Response	2	10003697	1750	1
JV	412	Picture	11	10037299	0	1	3153	2	0	3000
JV	413	Response	1	10042199	1581	2
JV	414	Picture	20	10070161	0	1	3153	2	0	3000
JV	415	Response	1	10077777	4297	1
JV	416	Picture	21	10099869	0	2	3154	3	0	3000
JV	417	Response	2	10107883	4694	1
JV	418	Picture	20	10137876	0	2	3154	3	0	3000
JV	419	Response	2	10145145	3949	1
JV	420	Picture	11	10167585	0	1	3153	2	0	3000
JV	421	Response	1	10175525	4621	1
JV	422	Picture	21	10200281	0	1	3153	2	0	3000
JV	423	Response	2	10206298	2698	2
JV	424	Picture	20	10236794	0	1	3154	2	0	3000
JV	425	Response	2	10245270	5156	2
JV	426	Picture	10	10271150	0	1	3153	2	0	3000
JV	427	Response	1	10282209	7740	1
JV	428	Picture	21	10305340	0	1	3153	2	0	3000
JV	429	Response	2	10311585	2926	1
JV	430	Picture	10	10345504	0	2	3154	3	0	3000
JV	431	Response	1	10354571	5747	1
JV	432	Picture	10	10374383	0	1	3153	2	0	3000
JV	433	Response	2	10381095	3393	1
JV	434	Picture	21	10413220	0	1	3153	2	0	3000
JV	435	Response	2	10420959	4420	1
JV	436	Picture	10	10453384	0	2	3154	3	0	3000
JV	437	Response	1	10461205	4501	1
JV	438	Picture	10	10485914	0	2	3154	3	0	3000
JV	439	Response	2	10491418	2184	1
JV	440	Picture	21	10519108	0	2	3154	3	0	3000
JV	441	Response	2	10528119	5691	1
JV	442	Picture	21	10550643	0	1	3153	2	0	3000
JV	443	Response	2	10556908	2946	1
JV	444	Picture	20	10580351	0	1	3154	2	0	3000
JV	445	Response	2	10587175	3505	1
JV	446	Picture	21	10617694	0	2	3154	3	0	3000
JV	447	Response	2	10625770	4756	1
JV	448	Picture	21	10651386	0	1	3153	3	0	3000
JV	449	Response	2	10657248	2543	1
JV	450	Picture	20	10688231	0	2	3154	3	0	3000
JV	451	Response	2	10696791	5240	1
JV	452	Picture	20	10722753	0	1	3153	3	0	3000
JV	453	Response	2	10728330	2258	1
JV	454	Picture	11	10755781	0	1	3153	2	0	3000
JV	455	Response	1	10763465	4365	1
JV	456	Picture	21	10787481	0	1	3154	2	0	3000
JV	457	Response	2	10792800	2000	1
JV	458	Picture	21	10817688	0	1	3153	2	0	3000
JV	459	Response	2	10823387	2380	1
JV	460	Picture	10	10848392	0	1	3153	2	0	3000
JV	461	Response	1	10856512	4801	1
JV	462	Picture	21	10878598	0	2	3154	3	0	3000
JV	463	Response	2	10883387	1469	1
JV	464	Picture	11	10917601	0	2	3154	3	0	3000
JV	465	Response	1	10925268	4347	1
JV	466	Picture	11	10954778	0	2	3154	3	0	3000
JV	467	Response	1	10959909	1811	2
JV	468	Picture	10	10987640	0	2	3154	3	0	3000
JV	469	Response	2	10992567	1607	1
JV	469	Response	1	10994326	3366	2
JV	470	Picture	10	11022826	0	1	3153	2	0	3000
JV	471	Response	2	11031504	5359	1
JV	472	Picture	20	11059671	0	1	3154	2	0	3000
JV	474	Picture	20	11097678	0	2	3154	3	0	3000
JV	475	Response	2	11104701	3703	2
JV	476	Picture	20	11131702	0	1	3153	2	0	3000
JV	477	Response	2	11139692	4671	1
JV	478	Picture	11	11164398	0	1	3153	2	0	3000
JV	479	Response	1	11170640	2923	1
JV	480	Picture	11	11197426	0	1	3153	2	0	3000
JV	481	Response	1	11207549	6804	2
JV	482	Picture	10	11233109	0	2	3154	3	0	3000
JV	483	Response	2	11248824	12395	2
JV	484	Picture	20	11268461	0	1	3153	2	0	3000
JV	485	Response	2	11275731	3951	1
JV	486	Picture	21	11301821	0	1	3153	2	0	3000
JV	487	Response	2	11307506	2366	2
JV	488	Picture	21	11341487	0	2	3154	3	0	3000
JV	489	Response	2	11346909	2102	1
JV	490	Picture	20	11380158	0	2	3154	3	0	3000
JV	491	Response	2	11384645	1167	1
JV	492	Picture	20	11414016	0	1	3154	2	0	3000
JV	493	Response	2	11428163	10828	1
JV	494	Picture	20	11450861	0	2	3154	3	0	3000
JV	495	Response	2	11456514	2333	2
JV	496	Picture	10	11484387	0	2	3154	3	0	3000
JV	497	Response	1	11495321	7614	1
JV	498	Picture	20	11513266	0	1	3153	2	0	3000
JV	499	Response	2	11525215	8630	2
JV	500	Picture	11	11553762	0	2	3154	3	0	3000
JV	501	Response	1	11560122	3040	1
JV	502	Picture	11	11585131	0	1	3153	2	0	3000
JV	503	Response	1	11593501	5051	1
JV	504	Picture	10	11625461	0	2	3154	3	0	3000
JV	505	Response	1	11635071	6290	1
JV	506	Picture	11	11664298	0	1	3154	2	0	3000
JV	507	Response	1	11670542	2925	2
JV	508	Picture	10	11703633	0	1	3153	2	0	3000
JV	509	Response	2	11709457	2505	1
JV	510	Picture	20	11736993	0	1	3153	2	0	3000
JV	511	Response	2	11743760	3448	1
JV	512	Picture	10	11773838	0	1	3154	2	0	3000
JV	513	Response	1	11783152	5995	1
JV	514	Picture	11	11807197	0	3	3154	5	0	3000
JV	515	Response	1	11814783	4266	1
JV	516	Picture	10	11842218	0	1	3153	2	0	3000
JV	517	Response	1	11847899	2362	1
JV	518	Picture	11	11871594	0	1	3154	2	0	3000
JV	519	Response	1	11878030	3116	1
JV	520	Picture	10	11902133	0	1	3153	2	0	3000
JV	521	Response	1	11909756	4304	1
JV	522	Picture	21	11942463	0	1	3154	2	0	3000
JV	523	Response	2	11953559	7776	2
JV	524	Picture	10	11973499	0	2	3154	3	0	3000
JV	525	Response	1	11983069	6250	1
JV	526	Picture	10	12008353	0	1	3153	3	0	3000
JV	527	Response	2	12022070	10398	2
JV	528	Picture	21	12045364	0	2	3154	3	0	3000
JV	529	Response	2	12053188	4504	1
JV	530	Picture	20	12079886	0	1	3153	2	0	3000
JV	532	Picture	20	12116897	0	1	3154	2	0	3000
JV	533	Response	2	12126978	6762	1
JV	534	Picture	10	12147270	0	1	3153	2	0	3000
JV	536	Picture	11	12184281	0	1	3153	2	0	3000
JV	538	Picture	21	12224445	0	2	3154	3	0	3000
JV	540	Picture	11	12261623	0	1	3153	2	0	3000
JV	542	Picture	10	12294319	0	1	3153	2	0	3000
JV	544	Picture	21	12331994	0	1	3153	2	0	3000
JV	546	Picture	20	12364026	0	1	3153	2	0	3000
JV	547	Response	2	12369864	2519	2
JV	548	Picture	11	12393236	0	2	3154	3	0	3000
JV	550	Picture	20	12428090	0	1	3153	3	0	3000
JV	551	Response	2	12438760	7351	1
JV	552	Picture	10	12461284	0	1	3153	2	0	3000
JV	554	Picture	21	12499457	0	1	3153	2	0	3000
JV	555	Response	2	12503290	514	1
JV	556	Picture	20	12535970	0	2	3154	3	0	3000
JV	557	Response	2	12542589	3299	1
JV	558	Picture	11	12568832	0	1	3154	2	0	3000
JV	559	Response	1	12576465	4313	1
JV	560	Picture	11	12604017	0	2	3154	3	0	3000
JV	562	Picture	10	12640365	0	1	3154	2	0	3000
JV	564	Picture	10	12672065	0	2	3154	3	0	3000
JV	566	Picture	11	12709076	0	2	3154	3	0	3000
JV	567	Response	1	12714320	1924	1
JV	568	Picture	20	12743100	0	2	3154	3	0	3000
JV	569	Response	1	12755956	9536	1
JV	570	Picture	21	12775962	0	1	3154	2	0	3000
JV	571	Response	2	12782651	3369	1
JV	572	Picture	10	12806003	0	1	3153	2	0	3000
JV	573	Response	2	12817411	8089	1
JV	574	Picture	10	12843512	0	1	3153	2	0	3000
JV	575	Response	2	12854210	7379	1
JV	576	Picture	21	12874714	0	1	3154	2	0	3000
JV	578	Picture	20	12908904	0	1	3153	2	0	3000
JV	579	Response	2	12920841	8618	1
JV	580	Picture	10	12949400	0	2	3154	3	0	3000
JV	581	Response	1	12962357	9637	1
JV	582	Picture	20	12985416	0	1	3153	2	0	3000
JV	583	Response	1	12991483	2748	2
JV	584	Picture	10	13021929	0	1	3153	3	0	3000
JV	585	Response	2	13031221	5973	1
JV	586	Picture	20	13061430	0	1	3153	2	0	3000
JV	587	Response	2	13069635	4886	1
JV	588	Picture	21	13093960	0	1	3153	2	0	3000
JV	589	Response	2	13099707	2428	2
JV	590	Picture	21	13129311	0	2	3154	3	0	3000
JV	591	Response	2	13135758	3127	1
JV	592	Picture	20	13159850	0	1	3153	2	0	3000
JV	593	Response	2	13165827	2658	1
JV	594	Picture	21	13195699	0	1	3154	2	0	3000
JV	595	Response	2	13204769	5750	1
JV	596	Picture	11	13234038	0	1	3154	2	0	3000
JV	597	Response	1	13241972	4614	1
JV	598	Picture	10	13262917	0	1	3153	2	0	3000
JV	599	Response	1	13271932	5696	1
JV	600	Picture	20	13301090	0	1	3153	2	0	3000
JV	601	Response	2	13309674	5265	1
JV	602	Picture	21	13333786	0	1	3153	2	0	3000
JV	603	Response	2	13343825	6720	1
JV	604	Response	1	13413436	47286	1


Event Type	Code	Type	Response	RT	RT Uncertainty	Time	Uncertainty	Duration	Uncertainty	ReqTime	ReqDur

Picture	11	other				10414	1	3153	2	0	3000
Picture	20	other				40454	1	3154	2	0	3000
Picture	11	other				79125	1	3153	3	0	3000
Picture	21	other				112485	1	3153	2	0	3000
Picture	20	other				144849	1	3153	2	0	3000
Picture	20	other				180200	2	3154	3	0	3000
Picture	21	other				209411	1	3153	3	0	3000
Picture	11	other				239452	1	3153	2	0	3000
Picture	20	other				277791	1	3153	2	0	3000
Picture	21	other				310984	2	3154	3	0	3000
Picture	10	other				346834	1	3153	2	0	3000
Picture	10	other				386169	1	3153	2	0	3000
Picture	20	other				420026	2	3154	3	0	3000
Picture	20	other				453718	2	3154	3	0	3000
Picture	11	other				486082	2	3154	3	0	3000
Picture	21	other				523094	1	3153	2	0	3000
Picture	21	other				557449	2	3154	3	0	3000
Picture	10	other				597448	1	3153	2	0	3000
Picture	21	other				628484	2	3154	3	0	3000
Picture	10	other				659355	1	3153	2	0	3000
Picture	11	other				699519	2	3154	3	0	3000
Picture	10	other				737858	1	3154	2	0	3000
Picture	21	other				770222	1	3154	2	0	3000
Picture	10	other				805740	1	3153	2	0	3000
Picture	21	other				845074	2	3154	3	0	3000
Picture	21	other				877771	1	3153	2	0	3000
Picture	20	other				907645	1	3153	3	0	3000
Picture	10	other				947976	1	3153	2	0	3000
Picture	11	other				981336	1	3153	2	0	3000
Picture	20	other				1020006	2	3154	3	0	3000
Picture	11	other				1051043	1	3153	2	0	3000
Picture	21	other				1081747	1	3154	2	0	3000
Picture	21	other				1115937	1	3153	2	0	3000
Picture	11	other				1150790	2	3154	3	0	3000
Picture	11	other				1182159	1	3153	2	0	3000
Picture	11	other				1217676	1	3154	2	0	3000
Picture	11	other				1250704	1	3153	3	0	3000
Picture	10	other				1285060	1	3153	2	0	3000
Picture	21	other				1314602	2	3154	3	0	3000
Picture	10	other				1347630	2	3154	3	0	3000
Picture	21	other				1387795	1	3153	2	0	3000
Picture	10	other				1417006	1	3153	2	0	3000
Picture	11	other				1447046	1	3153	3	0	3000
Picture	21	other				1476423	1	3153	2	0	3000
Picture	11	other				1505301	2	3154	3	0	3000
Picture	21	other				1537997	2	3154	3	0	3000
Picture	10	other				1571523	2	3154	3	0	3000
Picture	20	other				1608534	2	3154	3	0	3000
Picture	10	other				1648699	1	3153	3	0	3000
Picture	20	other				1685378	2	3154	3	0	3000
Picture	20	other				1717079	1	3153	2	0	3000
Picture	20	other				1756081	2	3154	3	0	3000
Picture	21	other				1788777	2	3154	3	0	3000
Picture	10	other				1828444	1	3154	2	0	3000
Picture	20	other				1861970	2	3153	4	0	3000
Picture	10	other				1897819	2	3154	3	0	3000
Picture	21	other				1932009	1	3154	2	0	3000
Picture	20	other				1970846	1	3153	3	0	3000
Picture	11	other				2005700	1	3153	2	0	3000
Picture	20	other				2035242	1	3154	2	0	3000
Picture	20	other				2073415	2	3154	3	0	3000
Picture	21	other				2111754	1	3154	2	0	3000
Picture	10	other				2151587	1	3153	2	0	3000
Picture	10	other				2191254	1	3153	2	0	3000
Picture	21	other				2231086	2	3154	3	0	3000
Picture	20	other				2260629	1	3153	2	0	3000
Picture	11	other				2299964	1	3153	2	0	3000
Picture	10	other				2333324	1	3153	2	0	3000
Picture	11	other				2363364	1	3153	3	0	3000
Picture	20	other				2403363	1	3153	2	0	3000
Picture	11	other				2434731	1	3153	2	0	3000
Picture	20	other				2471576	2	3154	3	0	3000
Picture	10	other				2502115	1	3153	2	0	3000
Picture	11	other				2538628	1	3153	2	0	3000
Picture	21	other				2571988	1	3153	2	0	3000
Picture	11	other				2608003	1	3154	2	0	3000
Picture	10	other				2642193	1	3153	2	0	3000
Picture	10	other				2679370	1	3154	2	0	3000
Picture	11	other				2710074	2	3154	3	0	3000
Picture	20	other				2741443	1	3153	2	0	3000
Picture	11	other				2774969	1	3153	2	0	3000
Picture	11	other				2810154	1	3154	2	0	3000
Picture	21	other				2841356	2	3154	3	0	3000
Picture	21	other				2876874	1	3153	2	0	3000
Picture	20	other				2907246	2	3154	3	0	3000
Picture	11	other				2939112	2	3154	3	0	3000
Picture	20	other				2969983	1	3153	3	0	3000
Picture	20	other				2998530	1	3153	2	0	3000
Picture	11	other				3036205	1	3153	2	0	3000
Picture	10	other				3068735	1	3153	2	0	3000
Picture	21	other				3099273	1	3154	2	0	3000
Picture	20	other				3132633	1	3153	3	0	3000
Picture	11	other				3161678	1	3153	2	0	3000
Picture	10	other				3194208	1	3153	2	0	3000
Picture	20	other				3226074	1	3153	2	0	3000
Picture	10	other				3255118	2	3154	3	0	3000
Picture	10	other				3284495	1	3154	2	0	3000
Picture	20	other				3322834	1	3154	2	0	3000
Picture	21	other				3359347	2	3154	3	0	3000
Picture	11	other				3393869	1	3154	2	0	3000
Picture	11	other				3434034	1	3153	2	0	3000
Picture	11	other				3471543	1	3153	2	0	3000
Picture	20	other				3506728	2	3154	3	0	3000
Picture	20	other				3541914	1	3153	2	0	3000
Picture	20	other				3575440	1	3153	2	0	3000
Picture	11	other				3611621	1	3154	2	0	3000
Picture	21	other				3646807	1	3153	2	0	3000
Picture	21	other				3682822	1	3154	2	0	3000
Picture	11	other				3714854	2	3154	3	0	3000
Picture	10	other				3746388	2	3154	3	0	3000
Picture	10	other				3783732	1	3153	2	0	3000
Picture	20	other				3823730	2	3154	3	0	3000
Picture	10	other				3862235	2	3154	3	0	3000
Picture	11	other				3896425	1	3153	2	0	3000
Picture	20	other				3932772	2	3154	3	0	3000
Picture	20	other				3970779	2	3154	3	0	3000
Picture	10	other				4005965	1	3153	2	0	3000
Picture	10	other				4037499	1	3154	2	0	3000
Picture	11	other				4076668	1	3153	2	0	3000
Picture	21	other				4105713	1	3153	2	0	3000
Picture	20	other				4135089	2	3154	3	0	3000
Picture	20	other				4173262	1	3154	2	0	3000
Picture	10	other				4211435	2	3154	3	0	3000
Picture	10	other				4247119	1	3153	2	0	3000
Picture	11	other				4277657	1	3153	3	0	3000
Picture	10	other				4310187	1	3154	2	0	3000
Picture	11	other				4345539	1	3153	2	0	3000
Picture	21	other				4385869	2	3154	3	0	3000
Picture	10	other				4423876	2	3154	3	0	3000
Picture	21	other				4455079	1	3153	2	0	3000
Picture	11	other				4483957	2	3154	3	0	3000
Picture	10	other				4521632	2	3154	3	0	3000
Picture	20	other				4561797	1	3153	3	0	3000
Picture	10	other				4599140	1	3154	2	0	3000
Picture	20	other				4630674	2	3154	3	0	3000
Picture	10	other				4666690	1	3153	2	0	3000
Picture	20	other				4697560	1	3153	3	0	3000
Picture	11	other				4731418	1	3153	2	0	3000
Picture	11	other				4760131	1	3153	2	0	3000
Picture	10	other				4795814	1	3154	2	0	3000
Picture	21	other				4831498	1	3153	2	0	3000
Picture	20	other				4861040	1	3154	2	0	3000
Picture	11	other				4895064	1	3153	2	0	3000
Picture	20	other				4923776	2	3154	3	0	3000
Picture	11	other				4956971	1	3153	2	0	3000
Picture	11	other				4987841	1	3153	2	0	3000
Picture	11	other				5016886	1	3153	2	0	3000
Picture	21	other				5045764	2	3154	3	0	3000
Picture	21	other				5075307	1	3153	2	0	3000
Picture	10	other				5104684	1	3153	2	0	3000
Picture	21	other				8206323	1	3153	2	0	3000
Picture	21	other				8236363	1	3154	2	0	3000
Picture	11	other				8264910	1	3153	2	0	3000
Picture	10	other				8297440	1	3153	3	0	3000
Picture	20	other				8327978	2	3154	3	0	3000
Picture	20	other				8356525	1	3154	2	0	3000
Picture	10	other				8385570	1	3153	2	0	3000
Picture	21	other				8417104	1	3153	3	0	3000
Picture	20	other				8450796	1	3153	2	0	3000
Picture	20	other				8487641	1	3154	2	0	3000
Picture	10	other				8523988	2	3154	3	0	3000
Picture	21	other				8558675	12	3154	14	0	3000
Picture	21	other				8595687	2	3154	3	0	3000
Picture	21	other				8624234	1	3153	3	0	3000
Picture	20	other				8663569	1	3153	2	0	3000
Picture	10	other				8693443	2	3154	3	0	3000
Picture	21	other				8726969	1	3154	2	0	3000
Picture	11	other				8764312	2	3154	3	0	3000
Picture	10	other				8803813	1	3153	3	0	3000
Picture	11	other				8833854	1	3153	2	0	3000
Picture	11	other				8869703	1	3153	3	0	3000
Picture	11	other				8909204	1	3153	2	0	3000
Picture	10	other				8940240	1	3153	3	0	3000
Picture	20	other				8968787	1	3153	2	0	3000
Picture	20	other				8997500	1	3153	2	0	3000
Picture	21	other				9033847	1	3153	2	0	3000
Picture	11	other				9068866	2	3154	3	0	3000
Picture	11	other				9102060	2	3154	3	0	3000
Picture	11	other				9138242	1	3153	2	0	3000
Picture	20	other				9171270	1	3153	2	0	3000
Picture	11	other				9202970	1	3153	2	0	3000
Picture	20	other				9233010	2	3154	3	0	3000
Picture	10	other				9265540	2	3154	3	0	3000
Picture	20	other				9298568	2	3154	3	0	3000
Picture	11	other				9338733	1	3153	3	0	3000
Picture	10	other				9372591	1	3153	2	0	3000
Picture	20	other				9409768	1	3153	2	0	3000
Picture	21	other				9447443	1	3153	3	0	3000
Picture	20	other				9484122	2	3154	3	0	3000
Picture	21	other				9518145	2	3154	4	0	3000
Picture	20	other				9552170	1	3153	2	0	3000
Picture	11	other				9585862	1	3153	2	0	3000
Picture	10	other				9621711	1	3153	3	0	3000
Picture	21	other				9653577	1	3154	2	0	3000
Picture	21	other				9692248	1	3154	2	0	3000
Picture	10	other				9731583	1	3153	2	0	3000
Picture	21	other				9760628	1	3153	2	0	3000
Picture	21	other				9790004	1	3154	2	0	3000
Picture	21	other				9829339	1	3153	2	0	3000
Picture	20	other				9862699	1	3153	2	0	3000
Picture	21	other				9895395	1	3153	2	0	3000
Picture	10	other				9929750	2	3154	3	0	3000
Picture	21	other				9959957	1	3153	3	0	3000
Picture	21	other				9998628	1	3153	2	0	3000
Picture	11	other				10037299	1	3153	2	0	3000
Picture	20	other				10070161	1	3153	2	0	3000
Picture	21	other				10099869	2	3154	3	0	3000
Picture	20	other				10137876	2	3154	3	0	3000
Picture	11	other				10167585	1	3153	2	0	3000
Picture	21	other				10200281	1	3153	2	0	3000
Picture	20	other				10236794	1	3154	2	0	3000
Picture	10	other				10271150	1	3153	2	0	3000
Picture	21	other				10305340	1	3153	2	0	3000
Picture	10	other				10345504	2	3154	3	0	3000
Picture	10	other				10374383	1	3153	2	0	3000
Picture	21	other				10413220	1	3153	2	0	3000
Picture	10	other				10453384	2	3154	3	0	3000
Picture	10	other				10485914	2	3154	3	0	3000
Picture	21	other				10519108	2	3154	3	0	3000
Picture	21	other				10550643	1	3153	2	0	3000
Picture	20	other				10580351	1	3154	2	0	3000
Picture	21	other				10617694	2	3154	3	0	3000
Picture	21	other				10651386	1	3153	3	0	3000
Picture	20	other				10688231	2	3154	3	0	3000
Picture	20	other				10722753	1	3153	3	0	3000
Picture	11	other				10755781	1	3153	2	0	3000
Picture	21	other				10787481	1	3154	2	0	3000
Picture	21	other				10817688	1	3153	2	0	3000
Picture	10	other				10848392	1	3153	2	0	3000
Picture	21	other				10878598	2	3154	3	0	3000
Picture	11	other				10917601	2	3154	3	0	3000
Picture	11	other				10954778	2	3154	3	0	3000
Picture	10	other				10987640	2	3154	3	0	3000
Picture	10	other				11022826	1	3153	2	0	3000
Picture	20	other				11059671	1	3154	2	0	3000
Picture	20	other				11097678	2	3154	3	0	3000
Picture	20	other				11131702	1	3153	2	0	3000
Picture	11	other				11164398	1	3153	2	0	3000
Picture	11	other				11197426	1	3153	2	0	3000
Picture	10	other				11233109	2	3154	3	0	3000
Picture	20	other				11268461	1	3153	2	0	3000
Picture	21	other				11301821	1	3153	2	0	3000
Picture	21	other				11341487	2	3154	3	0	3000
Picture	20	other				11380158	2	3154	3	0	3000
Picture	20	other				11414016	1	3154	2	0	3000
Picture	20	other				11450861	2	3154	3	0	3000
Picture	10	other				11484387	2	3154	3	0	3000
Picture	20	other				11513266	1	3153	2	0	3000
Picture	11	other				11553762	2	3154	3	0	3000
Picture	11	other				11585131	1	3153	2	0	3000
Picture	10	other				11625461	2	3154	3	0	3000
Picture	11	other				11664298	1	3154	2	0	3000
Picture	10	other				11703633	1	3153	2	0	3000
Picture	20	other				11736993	1	3153	2	0	3000
Picture	10	other				11773838	1	3154	2	0	3000
Picture	11	other				11807197	3	3154	5	0	3000
Picture	10	other				11842218	1	3153	2	0	3000
Picture	11	other				11871594	1	3154	2	0	3000
Picture	10	other				11902133	1	3153	2	0	3000
Picture	21	other				11942463	1	3154	2	0	3000
Picture	10	other				11973499	2	3154	3	0	3000
Picture	10	other				12008353	1	3153	3	0	3000
Picture	21	other				12045364	2	3154	3	0	3000
Picture	20	other				12079886	1	3153	2	0	3000
Picture	20	other				12116897	1	3154	2	0	3000
Picture	10	other				12147270	1	3153	2	0	3000
Picture	11	other				12184281	1	3153	2	0	3000
Picture	21	other				12224445	2	3154	3	0	3000
Picture	11	other				12261623	1	3153	2	0	3000
Picture	10	other				12294319	1	3153	2	0	3000
Picture	21	other				12331994	1	3153	2	0	3000
Picture	20	other				12364026	1	3153	2	0	3000
Picture	11	other				12393236	2	3154	3	0	3000
Picture	20	other				12428090	1	3153	3	0	3000
Picture	10	other				12461284	1	3153	2	0	3000
Picture	21	other				12499457	1	3153	2	0	3000
Picture	20	other				12535970	2	3154	3	0	3000
Picture	11	other				12568832	1	3154	2	0	3000
Picture	11	other				12604017	2	3154	3	0	3000
Picture	10	other				12640365	1	3154	2	0	3000
Picture	10	other				12672065	2	3154	3	0	3000
Picture	11	other				12709076	2	3154	3	0	3000
Picture	20	other				12743100	2	3154	3	0	3000
Picture	21	other				12775962	1	3154	2	0	3000
Picture	10	other				12806003	1	3153	2	0	3000
Picture	10	other				12843512	1	3153	2	0	3000
Picture	21	other				12874714	1	3154	2	0	3000
Picture	20	other				12908904	1	3153	2	0	3000
Picture	10	other				12949400	2	3154	3	0	3000
Picture	20	other				12985416	1	3153	2	0	3000
Picture	10	other				13021929	1	3153	3	0	3000
Picture	20	other				13061430	1	3153	2	0	3000
Picture	21	other				13093960	1	3153	2	0	3000
Picture	21	other				13129311	2	3154	3	0	3000
Picture	20	other				13159850	1	3153	2	0	3000
Picture	21	other				13195699	1	3154	2	0	3000
Picture	11	other				13234038	1	3154	2	0	3000
Picture	10	other				13262917	1	3153	2	0	3000
Picture	20	other				13301090	1	3153	2	0	3000
Picture	21	other				13333786	1	3153	2	0	3000
