Scenario - GO/NO-GO
Logfile written - 05/10/2011 17:20:44

Subject	Trial	Event Type	Code	Time	TTime	Uncertainty	Duration	Uncertainty	ReqTime	ReqDur

JV	2	Picture	22	289	0	2	3154	3	0	3000
JV	2	Response	1	5766	5477	1
JV	3	Picture	22	29168	0	1	3154	2	0	3000
JV	3	Response	1	32927	3759	1
JV	4	Picture	22	65184	0	1	3153	2	0	3000
JV	4	Response	1	68060	2876	2
JV	5	Picture	33	103357	0	1	3153	2	0	3000
JV	6	Picture	22	140036	0	1	3153	2	0	3000
JV	6	Response	1	143643	3607	1
JV	7	Picture	22	172234	0	1	3153	2	0	3000
JV	7	Response	1	176450	4216	1
JV	8	Picture	22	200947	0	1	3153	2	0	3000
JV	8	Response	1	204088	3141	1
JV	9	Picture	22	237792	0	1	3153	2	0	3000
JV	9	Response	1	242559	4767	1
JV	10	Picture	22	269326	0	1	3153	3	0	3000
JV	10	Response	1	273067	3741	1
JV	11	Picture	33	303350	0	1	3153	2	0	3000
JV	12	Picture	22	338535	0	2	3154	3	0	3000
JV	12	Response	1	342893	4358	1
JV	13	Picture	22	378368	0	1	3153	3	0	3000
JV	13	Response	1	382489	4121	2
JV	14	Picture	22	413222	0	1	3153	2	0	3000
JV	14	Response	1	417477	4255	1
JV	15	Picture	33	453220	0	2	3154	3	0	3000
JV	15	Response	1	458372	5152	1
JV	16	Picture	22	488904	0	1	3153	2	0	3000
JV	16	Response	1	494190	5286	2
JV	17	Picture	22	526911	0	1	3153	2	0	3000
JV	17	Response	1	531159	4248	2
JV	18	Picture	22	559773	0	1	3153	2	0	3000
JV	18	Response	1	565272	5499	1
JV	19	Picture	33	591637	0	12	3155	13	0	3000
JV	20	Picture	22	624833	0	1	3153	2	0	3000
JV	20	Response	1	628140	3307	1
JV	21	Picture	22	659189	0	1	3153	2	0	3000
JV	21	Response	1	662778	3589	2
JV	22	Picture	22	693212	0	2	3154	3	0	3000
JV	22	Response	1	697467	4255	1
JV	23	Picture	33	732713	0	1	3153	3	0	3000
JV	23	Response	1	736204	3491	2
JV	24	Picture	22	761924	0	1	3153	2	0	3000
JV	24	Response	1	766005	4081	1
JV	25	Picture	22	798935	0	1	3153	2	0	3000
JV	25	Response	1	804721	5786	1
JV	26	Picture	22	834120	0	2	3154	3	0	3000
JV	26	Response	1	846149	12029	1
JV	27	Picture	22	866816	0	2	3154	3	0	3000
JV	27	Response	1	870867	4051	1
JV	28	Picture	22	897853	0	1	3153	2	0	3000
JV	28	Response	1	900672	2819	1
JV	29	Picture	33	931047	0	1	3153	2	0	3000
JV	29	Response	1	935016	3969	1
JV	29	Response	1	943705	12658	1
JV	30	Picture	22	969717	0	2	3154	3	0	3000
JV	30	Response	1	972963	3246	1
JV	31	Picture	22	1005401	0	1	3153	3	0	3000
JV	31	Response	1	1008272	2871	2
JV	32	Picture	22	1044072	0	1	3153	2	0	3000
JV	32	Response	1	1048202	4130	1
JV	33	Picture	33	1080751	0	1	3154	2	0	3000
JV	33	Response	1	1084357	3606	1
JV	34	Picture	22	1117098	0	2	3154	3	0	3000
JV	34	Response	1	1121711	4613	1
JV	35	Picture	22	1146475	0	1	3153	3	0	3000
JV	35	Response	1	1150777	4302	1
JV	36	Picture	22	1186474	0	1	3153	2	0	3000
JV	36	Response	1	1191508	5034	1
JV	37	Picture	33	1216016	0	2	3154	3	0	3000
JV	38	Picture	22	1246223	0	1	3153	2	0	3000
JV	38	Response	1	1249685	3462	1
JV	39	Picture	22	1280081	0	1	3153	2	0	3000
JV	39	Response	1	1285285	5204	1
JV	40	Picture	22	1313440	0	2	3154	3	0	3000
JV	40	Response	1	1317638	4198	1
JV	41	Picture	33	1348460	0	1	3153	3	0	3000
JV	42	Picture	22	1377671	0	1	3153	2	0	3000
JV	42	Response	1	1381962	4291	1
JV	43	Picture	22	1408043	0	1	3153	3	0	3000
JV	43	Response	1	1414024	5981	1
JV	43	Response	1	1424031	15988	2
JV	44	Picture	22	1438250	0	1	3153	2	0	3000
JV	44	Response	1	1445884	7634	2
JV	45	Picture	22	1468456	0	1	3153	3	0	3000
JV	45	Response	1	1474629	6173	1
JV	46	Picture	22	1503144	0	1	3153	2	0	3000
JV	46	Response	1	1507756	4612	1
JV	47	Picture	22	1532188	0	2	3154	3	0	3000
JV	47	Response	1	1538344	6156	2
JV	48	Picture	22	1562727	0	1	3153	2	0	3000
JV	48	Response	1	1568430	5703	1
JV	49	Picture	33	1591273	0	2	3154	3	0	3000
JV	50	Picture	22	1626293	0	1	3153	3	0	3000
JV	50	Response	1	1633149	6856	1
JV	51	Picture	22	1664134	0	1	3154	2	0	3000
JV	51	Response	1	1669343	5209	1
JV	52	Picture	22	1703635	0	1	3153	2	0	3000
JV	52	Response	1	1710185	6550	1
JV	53	Picture	33	1737991	0	1	3153	2	0	3000
JV	54	Picture	22	1773010	0	1	3154	2	0	3000
JV	54	Response	1	1779866	6856	1
JV	55	Picture	22	1812345	0	1	3153	2	0	3000
JV	55	Response	1	1818766	6421	1
JV	56	Picture	22	1851995	0	73	3170	74	0	3000
JV	56	Response	1	1859533	7538	1
JV	57	Picture	22	1886367	0	2	3154	3	0	3000
JV	57	Response	1	1895835	9468	1
JV	58	Picture	22	1922383	0	1	3153	2	0	3000
JV	58	Response	1	1935940	13557	1
JV	59	Picture	33	1950598	0	1	3153	2	0	3000
JV	60	Picture	22	1989434	0	2	3154	3	0	3000
JV	60	Response	1	1994533	5099	1
JV	61	Picture	22	2019641	0	1	3153	2	0	3000
JV	61	Response	1	2023401	3760	1
JV	62	Picture	22	2048686	0	1	3153	2	0	3000
JV	62	Response	1	2052671	3985	1
JV	63	Picture	22	2081382	0	1	3153	2	0	3000
JV	63	Response	1	2088765	7383	1
JV	64	Picture	22	2118061	0	1	3153	2	0	3000
JV	64	Response	1	2123893	5832	2
JV	65	Picture	33	2146939	0	2	3154	3	0	3000
JV	66	Picture	22	2183951	0	1	3153	2	0	3000
JV	67	Picture	33	2212497	0	2	3154	3	0	3000
JV	68	Picture	22	2252496	0	1	3153	3	0	3000
JV	68	Response	1	2255790	3294	1
JV	69	Picture	33	2281375	0	1	3153	2	0	3000
JV	70	Picture	22	2318884	0	1	3153	2	0	3000
JV	70	Response	1	2324429	5545	1
JV	71	Picture	22	2357223	0	1	3153	2	0	3000
JV	71	Response	1	2363453	6230	2
JV	72	Picture	22	2391247	0	1	3153	2	0	3000
JV	72	Response	1	2395459	4212	1
JV	73	Picture	33	2420125	0	2	3154	3	0	3000
JV	74	Picture	22	2449668	0	1	3153	2	0	3000
JV	74	Response	1	2455060	5392	1
JV	75	Picture	22	2485351	0	2	3154	3	0	3000
JV	75	Response	1	2491279	5928	2
JV	76	Picture	22	2517218	0	1	3153	2	0	3000
JV	76	Response	1	2522234	5016	1
JV	77	Picture	33	2546262	0	2	3154	3	0	3000
JV	78	Picture	22	2574975	0	1	3153	3	0	3000
JV	78	Response	1	2582216	7241	1
JV	79	Picture	22	2613480	0	1	3153	2	0	3000
JV	79	Response	1	2621695	8215	1
JV	80	Picture	22	2644350	0	1	3154	2	0	3000
JV	80	Response	1	2650724	6374	2
JV	80	Response	1	2672885	28535	1
JV	81	Picture	33	2678706	0	1	3153	3	0	3000
JV	82	Picture	22	2712232	0	1	3153	2	0	3000
JV	82	Response	1	2715681	3449	1
JV	83	Picture	33	2747251	0	2	3154	3	0	3000
JV	84	Picture	22	2775300	0	1	3154	2	0	3000
JV	84	Response	1	2780832	5532	1
JV	85	Picture	33	2814635	0	1	3153	2	0	3000
JV	86	Picture	22	2845837	0	2	3154	3	0	3000
JV	86	Response	1	2849994	4157	1
JV	87	Picture	22	2876210	0	1	3153	2	0	3000
JV	87	Response	1	2880511	4301	1
JV	88	Picture	22	2905918	0	1	3154	2	0	3000
JV	88	Response	1	2918697	12779	1
JV	89	Picture	22	2938946	0	1	3154	2	0	3000
JV	89	Response	1	2942772	3826	1
JV	90	Picture	22	2967991	0	1	3153	2	0	3000
JV	90	Response	1	2977063	9072	1
JV	91	Picture	33	3006828	0	1	3153	2	0	3000
JV	92	Picture	22	3043175	0	1	3153	3	0	3000
JV	92	Response	1	3046226	3051	2
JV	93	Picture	33	3083008	0	1	3153	2	0	3000
JV	94	Picture	22	3118359	0	2	3154	3	0	3000
JV	94	Response	1	3124634	6275	1
JV	95	Picture	33	3150557	0	2	3154	3	0	3000
JV	96	Picture	22	3181926	0	1	3153	2	0	3000
JV	96	Response	1	3187487	5561	1
JV	97	Picture	22	3220099	0	1	3153	2	0	3000
JV	97	Response	1	3224956	4857	1
JV	98	Picture	22	3251301	0	1	3153	2	0	3000
JV	98	Response	1	3255635	4334	1
JV	99	Picture	33	3290636	0	1	3153	2	0	3000
JV	99	Response	1	3295861	5225	1
JV	100	Picture	22	3325821	0	1	3154	2	0	3000
JV	100	Response	1	3330270	4449	1
JV	101	Picture	22	3360177	0	1	3153	2	0	3000
JV	101	Response	1	3368935	8758	1
JV	102	Picture	22	3392043	0	1	3153	3	0	3000
JV	102	Response	1	3397890	5847	1
JV	103	Picture	33	3426731	0	1	3153	2	0	3000
JV	103	Response	1	3430741	4010	1
JV	103	Response	1	3435543	8812	1
JV	104	Picture	22	3458099	0	1	3153	2	0	3000
JV	104	Response	1	3463332	5233	1
JV	105	Picture	22	3486978	0	1	3153	2	0	3000
JV	105	Response	1	3495387	8409	2
JV	106	Picture	22	3524321	0	1	3153	2	0	3000
JV	106	Response	1	3529688	5367	1
JV	107	Picture	22	3553365	0	2	3154	3	0	3000
JV	107	Response	1	3556923	3558	2
JV	108	Picture	22	3590045	0	1	3153	2	0	3000
JV	108	Response	1	3593699	3654	1
JV	109	Picture	22	3624732	0	2	3154	3	0	3000
JV	109	Response	1	3628844	4112	1
JV	110	Picture	22	3662905	0	2	3154	3	0	3000
JV	110	Response	1	3668096	5191	1
JV	111	Picture	33	3691286	0	1	3153	3	0	3000
JV	112	Picture	22	3731285	0	1	3153	2	0	3000
JV	112	Response	1	3736218	4933	1
JV	113	Picture	22	3771283	0	2	3154	3	0	3000
JV	113	Response	1	3775681	4398	1
JV	114	Picture	22	3810784	0	1	3154	2	0	3000
JV	114	Response	1	3814016	3232	1
JV	115	Picture	33	3849289	0	1	3154	2	0	3000
JV	116	Picture	22	3883811	0	1	3153	2	0	3000
JV	116	Response	1	3888969	5158	1
JV	117	Picture	33	3915677	0	1	3153	3	0	3000
JV	118	Picture	22	3948207	0	1	3153	3	0	3000
JV	118	Response	1	3953727	5520	1
JV	119	Picture	22	3987210	0	1	3153	2	0	3000
JV	119	Response	1	3992955	5745	2
JV	120	Picture	22	4018246	0	1	3154	2	0	3000
JV	120	Response	1	4023418	5172	2
JV	121	Picture	33	4055755	0	2	3154	3	0	3000
JV	121	Response	1	4060699	4944	2
JV	121	Response	1	4062172	6417	1
JV	122	Picture	22	4093098	0	2	3154	3	0	3000
JV	122	Response	1	4096448	3350	1
JV	123	Picture	22	4133097	0	1	3153	3	0	3000
JV	123	Response	1	4138040	4943	1
JV	124	Picture	22	4162806	0	1	3153	2	0	3000
JV	124	Response	1	4167501	4695	2
JV	125	Picture	22	4194174	0	1	3153	2	0	3000
JV	125	Response	1	4197752	3578	1
JV	126	Picture	22	4226538	0	1	3153	2	0	3000
JV	126	Response	1	4230828	4290	2
JV	127	Picture	33	4262885	0	2	3154	3	0	3000
JV	127	Response	1	4266309	3424	1
JV	128	Picture	22	4295913	0	1	3154	2	0	3000
JV	128	Response	1	4299409	3496	1
JV	129	Picture	22	4332924	0	2	3154	3	0	3000
JV	129	Response	1	4336951	4027	2
JV	130	Picture	22	4364127	0	1	3153	2	0	3000
JV	130	Response	1	4368534	4407	1
JV	131	Picture	33	4395661	0	1	3153	2	0	3000
JV	131	Response	1	4398807	3146	2
JV	132	Picture	22	4424706	0	1	3153	2	0	3000
JV	132	Response	1	4430056	5350	1
JV	133	Picture	22	4461219	0	1	3153	2	0	3000
JV	133	Response	1	4466469	5250	1
JV	134	Picture	22	4490761	0	2	3154	3	0	3000
JV	134	Response	1	4495484	4723	1
JV	135	Picture	33	4525781	0	1	3153	3	0	3000
JV	136	Picture	22	4563954	0	1	3153	3	0	3000
JV	136	Response	1	4568069	4115	1
JV	137	Picture	22	4596484	0	1	3153	3	0	3000
JV	137	Response	1	4600327	3843	1
JV	138	Picture	22	4625031	0	1	3153	2	0	3000
JV	138	Response	1	4629415	4384	2
JV	139	Picture	33	4663536	0	1	3153	2	0	3000
JV	140	Picture	22	4703534	0	2	3154	3	0	3000
JV	140	Response	1	4708677	5143	1
JV	141	Picture	33	4731749	0	2	3154	3	0	3000
JV	142	Picture	22	4760794	0	1	3153	2	0	3000
JV	142	Response	1	4765014	4220	1
JV	143	Picture	22	4800627	0	1	3153	2	0	3000
JV	143	Response	1	4806034	5407	1
JV	143	Response	1	4814994	14367	1
JV	144	Picture	22	4829007	0	2	3154	3	0	3000
JV	144	Response	1	4841632	12625	1
JV	145	Picture	22	4863861	0	1	3153	2	0	3000
JV	145	Response	1	4873023	9162	1
JV	146	Picture	22	4901702	0	1	3153	3	0	3000
JV	146	Response	1	4906355	4653	2
JV	147	Picture	33	4937220	0	1	3153	2	0	3000
JV	148	Picture	22	4966098	0	1	3154	2	0	3000
JV	148	Response	1	4978463	12365	2
JV	149	Picture	22	5000454	0	1	3153	2	0	3000
JV	149	Response	1	5008145	7691	1
JV	150	Picture	22	5040287	0	1	3153	2	0	3000
JV	150	Response	1	5048748	8461	1
JV	151	Picture	22	5075472	0	1	3154	2	0	3000
JV	151	Response	1	5082860	7388	2
JV	152	Picture	22	5113977	0	1	3153	3	0	3000
JV	152	Response	1	5118889	4912	1
JV	153	Picture	33	5148499	0	1	3153	2	0	3000
JV	154	Response	1	5537276	352762	1
JV	156	Picture	22	5547490	0	1	3153	2	0	3000
JV	156	Response	1	5553516	6026	1
JV	157	Picture	22	5580849	0	2	3154	3	0	3000
JV	157	Response	1	5584492	3643	1
JV	158	Picture	22	5617197	0	1	3153	2	0	3000
JV	158	Response	1	5621720	4523	1
JV	159	Picture	22	5652216	0	2	3154	3	0	3000
JV	159	Response	1	5655970	3754	1
JV	160	Picture	22	5685576	0	1	3154	2	0	3000
JV	160	Response	1	5689568	3992	1
JV	161	Picture	22	5719766	0	1	3153	3	0	3000
JV	161	Response	1	5723995	4229	1
JV	162	Picture	22	5752462	0	1	3153	2	0	3000
JV	162	Response	1	5756572	4110	1
JV	163	Picture	33	5783498	0	1	3154	2	0	3000
JV	163	Response	1	5788550	5052	1
JV	164	Picture	22	5822833	0	1	3153	3	0	3000
JV	164	Response	1	5826661	3828	1
JV	165	Picture	33	5853869	0	2	3154	3	0	3000
JV	165	Response	1	5858554	4685	1
JV	166	Picture	22	5893702	0	1	3153	3	0	3000
JV	166	Response	1	5897551	3849	1
JV	167	Picture	22	5928058	0	1	3153	2	0	3000
JV	167	Response	1	5931620	3562	2
JV	168	Picture	22	5957434	0	2	3154	3	0	3000
JV	168	Response	1	5961915	4481	1
JV	169	Picture	22	5990462	0	1	3154	2	0	3000
JV	169	Response	1	5997914	7452	1
JV	170	Picture	22	6026146	0	1	3153	2	0	3000
JV	170	Response	1	6030780	4634	2
JV	171	Picture	33	6059008	0	1	3153	2	0	3000
JV	172	Picture	22	6087222	0	2	3154	3	0	3000
JV	172	Response	1	6091548	4326	1
JV	173	Picture	33	6124898	0	1	3153	2	0	3000
JV	174	Picture	22	6153776	0	2	3154	3	0	3000
JV	174	Response	1	6158084	4308	1
JV	175	Picture	22	6185808	0	2	3154	3	0	3000
JV	175	Response	1	6194852	9044	1
JV	176	Picture	22	6220330	0	1	3154	2	0	3000
JV	176	Response	1	6225666	5336	1
JV	177	Picture	33	6250039	0	1	3153	2	0	3000
JV	178	Picture	22	6285722	0	1	3154	2	0	3000
JV	178	Response	1	6292231	6509	1
JV	179	Picture	22	6324061	0	1	3153	3	0	3000
JV	179	Response	1	6328116	4055	1
JV	180	Picture	22	6362400	0	1	3153	3	0	3000
JV	180	Response	1	6371972	9572	2
JV	181	Picture	22	6392109	0	1	3153	3	0	3000
JV	181	Response	1	6397136	5027	1
JV	182	Picture	22	6426630	0	2	3154	3	0	3000
JV	182	Response	1	6434249	7619	1
JV	183	Picture	33	6462978	0	1	3153	2	0	3000
JV	183	Response	1	6467183	4205	1
JV	184	Picture	22	6493682	0	1	3153	2	0	3000
JV	184	Response	1	6499107	5425	1
JV	185	Picture	33	6533349	0	1	3153	2	0	3000
JV	186	Picture	22	6570028	0	1	3153	2	0	3000
JV	186	Response	1	6574830	4802	1
JV	187	Picture	22	6608533	0	1	3153	2	0	3000
JV	187	Response	1	6615590	7057	1
JV	188	Picture	22	6646208	0	1	3153	3	0	3000
JV	188	Response	1	6650440	4232	1
JV	189	Picture	22	6677742	0	2	3154	3	0	3000
JV	189	Response	1	6682568	4826	1
JV	190	Picture	22	6715749	0	2	3154	3	0	3000
JV	190	Response	1	6722279	6530	1
JV	191	Picture	22	6753424	0	2	3154	3	0	3000
JV	191	Response	1	6760398	6974	1
JV	192	Picture	22	6785456	0	2	3154	3	0	3000
JV	192	Response	1	6792241	6785	2
JV	193	Picture	33	6814169	0	1	3154	2	0	3000
JV	194	Picture	22	6844044	0	1	3153	2	0	3000
JV	194	Response	1	6848810	4766	1
JV	195	Picture	22	6872258	0	2	3154	3	0	3000
JV	195	Response	1	6878281	6023	1
JV	196	Picture	22	6908606	0	1	3153	2	0	3000
JV	196	Response	1	6912866	4260	1
JV	197	Picture	33	6945451	0	1	3154	2	0	3000
JV	198	Picture	22	6977151	0	2	3154	3	0	3000
JV	198	Response	1	6980859	3708	1
JV	199	Picture	22	7011341	0	1	3153	3	0	3000
JV	199	Response	1	7016156	4815	1
JV	200	Picture	22	7051008	0	1	3153	2	0	3000
JV	200	Response	1	7057849	6841	1
JV	201	Picture	22	7086525	0	1	3154	2	0	3000
JV	201	Response	1	7094548	8023	1
JV	202	Picture	22	7119055	0	1	3154	2	0	3000
JV	202	Response	1	7123901	4846	2
JV	203	Picture	33	7150092	0	1	3153	2	0	3000
JV	204	Picture	22	7183949	0	2	3154	3	0	3000
JV	204	Response	1	7187535	3586	1
JV	205	Picture	22	7219965	0	1	3153	2	0	3000
JV	205	Response	1	7225069	5104	1
JV	205	Response	1	7249461	29496	2
JV	206	Picture	22	7250835	0	1	3153	3	0	3000
JV	206	Response	1	7265232	14397	1
JV	207	Picture	33	7280046	0	1	3153	2	0	3000
JV	208	Picture	22	7314567	0	2	3154	3	0	3000
JV	208	Response	1	7322798	8231	2
JV	209	Picture	22	7350583	0	1	3153	2	0	3000
JV	209	Response	1	7355159	4576	1
JV	210	Picture	22	7383943	0	1	3153	2	0	3000
JV	210	Response	1	7389173	5230	2
JV	211	Picture	33	7413983	0	1	3154	2	0	3000
JV	212	Picture	22	7444024	0	1	3153	2	0	3000
JV	212	Response	1	7448870	4846	1
JV	213	Picture	22	7477881	0	2	3154	3	0	3000
JV	213	Response	1	7482096	4215	1
JV	214	Picture	22	7516718	0	2	3154	3	0	3000
JV	214	Response	1	7522106	5388	7
JV	215	Picture	22	7553895	0	2	3154	3	0	3000
JV	215	Response	1	7557637	3742	1
JV	216	Picture	22	7590409	0	1	3153	2	0	3000
JV	216	Response	1	7597621	7212	1
JV	217	Picture	33	7619951	0	2	3154	3	0	3000
JV	218	Picture	22	7654639	0	1	3153	3	0	3000
JV	218	Response	1	7657964	3325	1
JV	219	Picture	33	7687501	0	1	3153	3	0	3000
JV	220	Picture	22	7725674	0	1	3153	3	0	3000
JV	220	Response	1	7729915	4241	1
JV	221	Picture	33	7753889	0	1	3153	2	0	3000
JV	222	Picture	22	7782933	0	2	3154	3	0	3000
JV	222	Response	1	7788196	5263	1
JV	223	Picture	22	7811812	0	1	3154	2	0	3000
JV	223	Response	1	7822390	10578	1
JV	224	Picture	22	7848160	0	1	3153	2	0	3000
JV	224	Response	1	7856082	7922	1
JV	225	Picture	22	7885503	0	1	3153	2	0	3000
JV	225	Response	1	7891483	5980	1
JV	226	Picture	22	7921684	0	1	3153	3	0	3000
JV	226	Response	1	7928239	6555	1
JV	227	Picture	22	7959857	0	1	3153	3	0	3000
JV	227	Response	1	7964525	4668	2
JV	228	Picture	22	7993549	0	1	3153	2	0	3000
JV	228	Response	1	8000484	6935	1
JV	229	Picture	33	8029232	0	2	3154	3	0	3000
JV	230	Picture	22	8068733	0	1	3153	3	0	3000
JV	230	Response	1	8076951	8218	1
JV	231	Picture	22	8108400	0	1	3153	2	0	3000
JV	231	Response	1	8116667	8267	2
JV	232	Picture	22	8141594	0	1	3153	2	0	3000
JV	232	Response	1	8150394	8800	1
JV	233	Picture	33	8175120	0	1	3153	2	0	3000
JV	234	Picture	22	8211799	0	1	3153	2	0	3000
JV	234	Response	1	8216475	4676	1
JV	235	Picture	22	8250304	0	1	3153	2	0	3000
JV	236	Picture	22	8288145	0	1	3153	2	0	3000
JV	236	Response	1	8292062	3917	1
JV	237	Picture	33	8322169	0	1	3153	2	0	3000
JV	237	Response	1	8327731	5562	1
JV	238	Picture	22	8355528	0	2	3154	3	0	3000
JV	239	Picture	22	8384905	0	1	3153	3	0	3000
JV	239	Response	1	8402376	17471	1
JV	240	Picture	22	8418929	0	1	3153	2	0	3000
JV	240	Response	1	8427487	8558	1
JV	241	Picture	33	8452787	0	1	3153	2	0	3000
JV	242	Picture	22	8485317	0	1	3153	2	0	3000
JV	242	Response	1	8492978	7661	1
JV	243	Picture	22	8521332	0	1	3153	3	0	3000
JV	243	Response	1	8526646	5314	1
JV	244	Picture	22	8557347	0	2	3154	3	0	3000
JV	244	Response	1	8567869	10522	1
JV	245	Picture	33	8590043	0	2	3154	3	0	3000
JV	246	Picture	22	8624067	0	1	3154	2	0	3000
JV	246	Response	1	8635259	11192	1
JV	247	Picture	22	8657427	0	1	3153	3	0	3000
JV	247	Response	1	8666822	9395	2
JV	248	Picture	22	8696928	0	1	3153	2	0	3000
JV	248	Response	1	8705331	8403	2
JV	249	Picture	22	8728296	0	1	3153	3	0	3000
JV	249	Response	1	8735900	7604	1
JV	250	Picture	22	8757673	0	1	3153	2	0	3000
JV	250	Response	1	8762301	4628	1
JV	251	Picture	33	8794518	0	1	3153	2	0	3000
JV	252	Picture	22	8831529	0	1	3153	3	0	3000
JV	252	Response	1	8836470	4941	1
JV	253	Picture	22	8871196	0	1	3153	2	0	3000
JV	253	Response	1	8875827	4631	1
JV	254	Picture	22	8900572	0	2	3154	3	0	3000
JV	254	Response	1	8905445	4873	1
JV	255	Picture	22	8928953	0	1	3154	2	0	3000
JV	255	Response	1	8938874	9921	1
JV	256	Picture	22	8964637	0	1	3153	2	0	3000
JV	256	Response	1	8969107	4470	1
JV	257	Picture	33	9000486	0	1	3154	2	0	3000
JV	257	Response	1	9005158	4672	1
JV	258	Picture	22	9036999	0	2	3154	3	0	3000
JV	258	Response	1	9040883	3884	1
JV	259	Picture	22	9067040	0	1	3153	2	0	3000
JV	259	Response	1	9071319	4279	1
JV	260	Picture	22	9100400	0	1	3153	2	0	3000
JV	260	Response	1	9104480	4080	1
JV	261	Picture	33	9135419	0	2	3154	3	0	3000
JV	262	Picture	22	9175252	0	1	3153	3	0	3000
JV	262	Response	1	9181277	6025	2
JV	263	Picture	22	9204629	0	1	3153	2	0	3000
JV	263	Response	1	9216570	11941	1
JV	264	Picture	22	9240976	0	1	3153	2	0	3000
JV	264	Response	1	9250831	9855	1
JV	265	Picture	33	9277489	0	2	3154	3	0	3000
JV	266	Picture	22	9316658	0	1	3153	3	0	3000
JV	266	Response	1	9329404	12746	1
JV	267	Picture	22	9355495	0	1	3153	3	0	3000
JV	267	Response	1	9360469	4974	3
JV	268	Picture	22	9383544	0	1	3153	2	0	3000
JV	268	Response	1	9388546	5002	2
JV	269	Picture	22	9412588	0	2	3154	3	0	3000
JV	269	Response	1	9417604	5016	1
JV	270	Picture	22	9445284	0	2	3154	3	0	3000
JV	270	Response	1	9451451	6167	1
JV	271	Picture	33	9481300	0	1	3153	2	0	3000
JV	272	Picture	22	9509515	0	1	3153	2	0	3000
JV	272	Response	1	9514138	4623	1
JV	273	Picture	22	9547522	0	1	3153	2	0	3000
JV	273	Response	1	9552259	4737	2
JV	274	Picture	22	9587354	0	2	3154	3	0	3000
JV	274	Response	1	9596319	8965	1
JV	275	Picture	22	9622872	0	1	3153	2	0	3000
JV	275	Response	1	9628570	5698	1
JV	276	Picture	22	9652746	0	2	3154	3	0	3000
JV	276	Response	1	9660173	7427	1
JV	277	Picture	22	9681919	0	60	3025	62	0	3000
JV	277	Response	1	9687351	5432	1
JV	278	Picture	22	9714321	0	1	3154	2	0	3000
JV	278	Response	1	9720681	6360	1
JV	279	Picture	33	9745523	0	2	3154	3	0	3000
JV	280	Picture	22	9773904	0	1	3154	2	0	3000
JV	280	Response	1	9777878	3974	1
JV	281	Picture	22	9812575	0	1	3153	3	0	3000
JV	281	Response	1	9816271	3696	2
JV	282	Picture	22	9848922	0	2	3154	3	0	3000
JV	282	Response	1	9853983	5061	1
JV	283	Picture	22	9880789	0	1	3153	2	0	3000
JV	283	Response	1	9886641	5852	1
JV	284	Picture	22	9917136	0	1	3153	2	0	3000
JV	284	Response	1	9927686	10550	1
JV	285	Picture	33	9947342	0	2	3154	3	0	3000
JV	286	Picture	22	9985349	0	2	3154	3	0	3000
JV	286	Response	1	9989753	4404	1
JV	287	Picture	33	10023190	0	2	3154	3	0	3000
JV	287	Response	1	10028000	4810	2
JV	288	Picture	22	10051903	0	1	3154	2	0	3000
JV	288	Response	1	10065792	13889	2
JV	289	Picture	33	10087753	0	1	3153	2	0	3000
JV	290	Picture	22	10122274	0	2	3154	3	0	3000
JV	290	Response	1	10126777	4503	1
JV	291	Picture	22	10161443	0	1	3153	3	0	3000
JV	291	Response	1	10172894	11451	1
JV	292	Picture	22	10196462	0	2	3154	3	0	3000
JV	293	Picture	33	10224843	0	2	3154	3	0	3000
JV	294	Picture	22	10254718	0	1	3153	3	0	3000
JV	294	Response	1	10269684	14966	1
JV	295	Picture	22	10292891	0	1	3153	2	0	3000
JV	295	Response	1	10302754	9863	1
JV	296	Picture	22	10328077	0	1	3153	2	0	3000
JV	296	Response	1	10341000	12923	1
JV	297	Picture	22	10367411	0	2	3154	3	0	3000
JV	297	Response	1	10367704	293	1
JV	297	Response	1	10402583	35172	1
JV	298	Picture	22	10406414	0	1	3153	3	0	3000
JV	298	Response	1	10412029	5615	1
JV	299	Picture	22	10441434	0	1	3153	2	0	3000
JV	299	Response	1	10453458	12024	1
JV	300	Picture	22	10469648	0	2	3154	3	0	3000
JV	300	Response	1	10483316	13668	1
JV	301	Picture	33	10500021	0	1	3153	3	0	3000
JV	302	Picture	22	10539190	0	1	3153	2	0	3000
JV	302	Response	1	10545151	5961	1
JV	303	Picture	33	10578856	0	2	3154	3	0	3000


Event Type	Code	Type	Response	RT	RT Uncertainty	Time	Uncertainty	Duration	Uncertainty	ReqTime	ReqDur

Picture	22	hit	1	5477	3	289	2	3154	3	0	3000
Picture	22	hit	1	3759	2	29168	1	3154	2	0	3000
Picture	22	hit	1	2876	3	65184	1	3153	2	0	3000
Picture	33	miss				103357	1	3153	2	0	3000
Picture	22	hit	1	3607	2	140036	1	3153	2	0	3000
Picture	22	hit	1	4216	2	172234	1	3153	2	0	3000
Picture	22	hit	1	3141	2	200947	1	3153	2	0	3000
Picture	22	hit	1	4767	2	237792	1	3153	2	0	3000
Picture	22	hit	1	3741	2	269326	1	3153	3	0	3000
Picture	33	miss				303350	1	3153	2	0	3000
Picture	22	hit	1	4358	3	338535	2	3154	3	0	3000
Picture	22	hit	1	4121	3	378368	1	3153	3	0	3000
Picture	22	hit	1	4255	2	413222	1	3153	2	0	3000
Picture	33	hit	1	5152	3	453220	2	3154	3	0	3000
Picture	22	hit	1	5286	3	488904	1	3153	2	0	3000
Picture	22	hit	1	4248	3	526911	1	3153	2	0	3000
Picture	22	hit	1	5499	2	559773	1	3153	2	0	3000
Picture	33	miss				591637	12	3155	13	0	3000
Picture	22	hit	1	3307	2	624833	1	3153	2	0	3000
Picture	22	hit	1	3589	3	659189	1	3153	2	0	3000
Picture	22	hit	1	4255	3	693212	2	3154	3	0	3000
Picture	33	hit	1	3491	3	732713	1	3153	3	0	3000
Picture	22	hit	1	4081	2	761924	1	3153	2	0	3000
Picture	22	hit	1	5786	2	798935	1	3153	2	0	3000
Picture	22	hit	1	12029	3	834120	2	3154	3	0	3000
Picture	22	hit	1	4051	3	866816	2	3154	3	0	3000
Picture	22	hit	1	2819	2	897853	1	3153	2	0	3000
Picture	33	hit	1	3969	2	931047	1	3153	2	0	3000
Picture	22	hit	1	3246	3	969717	2	3154	3	0	3000
Picture	22	hit	1	2871	3	1005401	1	3153	3	0	3000
Picture	22	hit	1	4130	2	1044072	1	3153	2	0	3000
Picture	33	hit	1	3606	2	1080751	1	3154	2	0	3000
Picture	22	hit	1	4613	3	1117098	2	3154	3	0	3000
Picture	22	hit	1	4302	2	1146475	1	3153	3	0	3000
Picture	22	hit	1	5034	2	1186474	1	3153	2	0	3000
Picture	33	miss				1216016	2	3154	3	0	3000
Picture	22	hit	1	3462	2	1246223	1	3153	2	0	3000
Picture	22	hit	1	5204	2	1280081	1	3153	2	0	3000
Picture	22	hit	1	4198	3	1313440	2	3154	3	0	3000
Picture	33	miss				1348460	1	3153	3	0	3000
Picture	22	hit	1	4291	2	1377671	1	3153	2	0	3000
Picture	22	hit	1	5981	2	1408043	1	3153	3	0	3000
Picture	22	hit	1	7634	3	1438250	1	3153	2	0	3000
Picture	22	hit	1	6173	2	1468456	1	3153	3	0	3000
Picture	22	hit	1	4612	2	1503144	1	3153	2	0	3000
Picture	22	hit	1	6156	4	1532188	2	3154	3	0	3000
Picture	22	hit	1	5703	2	1562727	1	3153	2	0	3000
Picture	33	miss				1591273	2	3154	3	0	3000
Picture	22	hit	1	6856	2	1626293	1	3153	3	0	3000
Picture	22	hit	1	5209	2	1664134	1	3154	2	0	3000
Picture	22	hit	1	6550	2	1703635	1	3153	2	0	3000
Picture	33	miss				1737991	1	3153	2	0	3000
Picture	22	hit	1	6856	2	1773010	1	3154	2	0	3000
Picture	22	hit	1	6421	2	1812345	1	3153	2	0	3000
Picture	22	hit	1	7538	74	1851995	73	3170	74	0	3000
Picture	22	hit	1	9468	3	1886367	2	3154	3	0	3000
Picture	22	hit	1	13557	2	1922383	1	3153	2	0	3000
Picture	33	miss				1950598	1	3153	2	0	3000
Picture	22	hit	1	5099	3	1989434	2	3154	3	0	3000
Picture	22	hit	1	3760	2	2019641	1	3153	2	0	3000
Picture	22	hit	1	3985	2	2048686	1	3153	2	0	3000
Picture	22	hit	1	7383	2	2081382	1	3153	2	0	3000
Picture	22	hit	1	5832	3	2118061	1	3153	2	0	3000
Picture	33	miss				2146939	2	3154	3	0	3000
Picture	22	miss				2183951	1	3153	2	0	3000
Picture	33	miss				2212497	2	3154	3	0	3000
Picture	22	hit	1	3294	2	2252496	1	3153	3	0	3000
Picture	33	miss				2281375	1	3153	2	0	3000
Picture	22	hit	1	5545	2	2318884	1	3153	2	0	3000
Picture	22	hit	1	6230	3	2357223	1	3153	2	0	3000
Picture	22	hit	1	4212	2	2391247	1	3153	2	0	3000
Picture	33	miss				2420125	2	3154	3	0	3000
Picture	22	hit	1	5392	2	2449668	1	3153	2	0	3000
Picture	22	hit	1	5928	4	2485351	2	3154	3	0	3000
Picture	22	hit	1	5016	2	2517218	1	3153	2	0	3000
Picture	33	miss				2546262	2	3154	3	0	3000
Picture	22	hit	1	7241	2	2574975	1	3153	3	0	3000
Picture	22	hit	1	8215	2	2613480	1	3153	2	0	3000
Picture	22	hit	1	6374	3	2644350	1	3154	2	0	3000
Picture	33	miss				2678706	1	3153	3	0	3000
Picture	22	hit	1	3449	2	2712232	1	3153	2	0	3000
Picture	33	miss				2747251	2	3154	3	0	3000
Picture	22	hit	1	5532	2	2775300	1	3154	2	0	3000
Picture	33	miss				2814635	1	3153	2	0	3000
Picture	22	hit	1	4157	3	2845837	2	3154	3	0	3000
Picture	22	hit	1	4301	2	2876210	1	3153	2	0	3000
Picture	22	hit	1	12779	2	2905918	1	3154	2	0	3000
Picture	22	hit	1	3826	2	2938946	1	3154	2	0	3000
Picture	22	hit	1	9072	2	2967991	1	3153	2	0	3000
Picture	33	miss				3006828	1	3153	2	0	3000
Picture	22	hit	1	3051	3	3043175	1	3153	3	0	3000
Picture	33	miss				3083008	1	3153	2	0	3000
Picture	22	hit	1	6275	3	3118359	2	3154	3	0	3000
Picture	33	miss				3150557	2	3154	3	0	3000
Picture	22	hit	1	5561	2	3181926	1	3153	2	0	3000
Picture	22	hit	1	4857	2	3220099	1	3153	2	0	3000
Picture	22	hit	1	4334	2	3251301	1	3153	2	0	3000
Picture	33	hit	1	5225	2	3290636	1	3153	2	0	3000
Picture	22	hit	1	4449	2	3325821	1	3154	2	0	3000
Picture	22	hit	1	8758	2	3360177	1	3153	2	0	3000
Picture	22	hit	1	5847	2	3392043	1	3153	3	0	3000
Picture	33	hit	1	4010	2	3426731	1	3153	2	0	3000
Picture	22	hit	1	5233	2	3458099	1	3153	2	0	3000
Picture	22	hit	1	8409	3	3486978	1	3153	2	0	3000
Picture	22	hit	1	5367	2	3524321	1	3153	2	0	3000
Picture	22	hit	1	3558	4	3553365	2	3154	3	0	3000
Picture	22	hit	1	3654	2	3590045	1	3153	2	0	3000
Picture	22	hit	1	4112	3	3624732	2	3154	3	0	3000
Picture	22	hit	1	5191	3	3662905	2	3154	3	0	3000
Picture	33	miss				3691286	1	3153	3	0	3000
Picture	22	hit	1	4933	2	3731285	1	3153	2	0	3000
Picture	22	hit	1	4398	3	3771283	2	3154	3	0	3000
Picture	22	hit	1	3232	2	3810784	1	3154	2	0	3000
Picture	33	miss				3849289	1	3154	2	0	3000
Picture	22	hit	1	5158	2	3883811	1	3153	2	0	3000
Picture	33	miss				3915677	1	3153	3	0	3000
Picture	22	hit	1	5520	2	3948207	1	3153	3	0	3000
Picture	22	hit	1	5745	3	3987210	1	3153	2	0	3000
Picture	22	hit	1	5172	3	4018246	1	3154	2	0	3000
Picture	33	hit	1	4944	4	4055755	2	3154	3	0	3000
Picture	22	hit	1	3350	3	4093098	2	3154	3	0	3000
Picture	22	hit	1	4943	2	4133097	1	3153	3	0	3000
Picture	22	hit	1	4695	3	4162806	1	3153	2	0	3000
Picture	22	hit	1	3578	2	4194174	1	3153	2	0	3000
Picture	22	hit	1	4290	3	4226538	1	3153	2	0	3000
Picture	33	hit	1	3424	3	4262885	2	3154	3	0	3000
Picture	22	hit	1	3496	2	4295913	1	3154	2	0	3000
Picture	22	hit	1	4027	4	4332924	2	3154	3	0	3000
Picture	22	hit	1	4407	2	4364127	1	3153	2	0	3000
Picture	33	hit	1	3146	3	4395661	1	3153	2	0	3000
Picture	22	hit	1	5350	2	4424706	1	3153	2	0	3000
Picture	22	hit	1	5250	2	4461219	1	3153	2	0	3000
Picture	22	hit	1	4723	3	4490761	2	3154	3	0	3000
Picture	33	miss				4525781	1	3153	3	0	3000
Picture	22	hit	1	4115	2	4563954	1	3153	3	0	3000
Picture	22	hit	1	3843	2	4596484	1	3153	3	0	3000
Picture	22	hit	1	4384	3	4625031	1	3153	2	0	3000
Picture	33	miss				4663536	1	3153	2	0	3000
Picture	22	hit	1	5143	3	4703534	2	3154	3	0	3000
Picture	33	miss				4731749	2	3154	3	0	3000
Picture	22	hit	1	4220	2	4760794	1	3153	2	0	3000
Picture	22	hit	1	5407	2	4800627	1	3153	2	0	3000
Picture	22	hit	1	12625	3	4829007	2	3154	3	0	3000
Picture	22	hit	1	9162	2	4863861	1	3153	2	0	3000
Picture	22	hit	1	4653	3	4901702	1	3153	3	0	3000
Picture	33	miss				4937220	1	3153	2	0	3000
Picture	22	hit	1	12365	3	4966098	1	3154	2	0	3000
Picture	22	hit	1	7691	2	5000454	1	3153	2	0	3000
Picture	22	hit	1	8461	2	5040287	1	3153	2	0	3000
Picture	22	hit	1	7388	3	5075472	1	3154	2	0	3000
Picture	22	hit	1	4912	2	5113977	1	3153	3	0	3000
Picture	33	miss				5148499	1	3153	2	0	3000
Picture	22	hit	1	6026	2	5547490	1	3153	2	0	3000
Picture	22	hit	1	3643	3	5580849	2	3154	3	0	3000
Picture	22	hit	1	4523	2	5617197	1	3153	2	0	3000
Picture	22	hit	1	3754	3	5652216	2	3154	3	0	3000
Picture	22	hit	1	3992	2	5685576	1	3154	2	0	3000
Picture	22	hit	1	4229	2	5719766	1	3153	3	0	3000
Picture	22	hit	1	4110	2	5752462	1	3153	2	0	3000
Picture	33	hit	1	5052	2	5783498	1	3154	2	0	3000
Picture	22	hit	1	3828	2	5822833	1	3153	3	0	3000
Picture	33	hit	1	4685	3	5853869	2	3154	3	0	3000
Picture	22	hit	1	3849	2	5893702	1	3153	3	0	3000
Picture	22	hit	1	3562	3	5928058	1	3153	2	0	3000
Picture	22	hit	1	4481	3	5957434	2	3154	3	0	3000
Picture	22	hit	1	7452	2	5990462	1	3154	2	0	3000
Picture	22	hit	1	4634	3	6026146	1	3153	2	0	3000
Picture	33	miss				6059008	1	3153	2	0	3000
Picture	22	hit	1	4326	3	6087222	2	3154	3	0	3000
Picture	33	miss				6124898	1	3153	2	0	3000
Picture	22	hit	1	4308	3	6153776	2	3154	3	0	3000
Picture	22	hit	1	9044	3	6185808	2	3154	3	0	3000
Picture	22	hit	1	5336	2	6220330	1	3154	2	0	3000
Picture	33	miss				6250039	1	3153	2	0	3000
Picture	22	hit	1	6509	2	6285722	1	3154	2	0	3000
Picture	22	hit	1	4055	2	6324061	1	3153	3	0	3000
Picture	22	hit	1	9572	3	6362400	1	3153	3	0	3000
Picture	22	hit	1	5027	2	6392109	1	3153	3	0	3000
Picture	22	hit	1	7619	3	6426630	2	3154	3	0	3000
Picture	33	hit	1	4205	2	6462978	1	3153	2	0	3000
Picture	22	hit	1	5425	2	6493682	1	3153	2	0	3000
Picture	33	miss				6533349	1	3153	2	0	3000
Picture	22	hit	1	4802	2	6570028	1	3153	2	0	3000
Picture	22	hit	1	7057	2	6608533	1	3153	2	0	3000
Picture	22	hit	1	4232	2	6646208	1	3153	3	0	3000
Picture	22	hit	1	4826	3	6677742	2	3154	3	0	3000
Picture	22	hit	1	6530	3	6715749	2	3154	3	0	3000
Picture	22	hit	1	6974	3	6753424	2	3154	3	0	3000
Picture	22	hit	1	6785	4	6785456	2	3154	3	0	3000
Picture	33	miss				6814169	1	3154	2	0	3000
Picture	22	hit	1	4766	2	6844044	1	3153	2	0	3000
Picture	22	hit	1	6023	3	6872258	2	3154	3	0	3000
Picture	22	hit	1	4260	2	6908606	1	3153	2	0	3000
Picture	33	miss				6945451	1	3154	2	0	3000
Picture	22	hit	1	3708	3	6977151	2	3154	3	0	3000
Picture	22	hit	1	4815	2	7011341	1	3153	3	0	3000
Picture	22	hit	1	6841	2	7051008	1	3153	2	0	3000
Picture	22	hit	1	8023	2	7086525	1	3154	2	0	3000
Picture	22	hit	1	4846	3	7119055	1	3154	2	0	3000
Picture	33	miss				7150092	1	3153	2	0	3000
Picture	22	hit	1	3586	3	7183949	2	3154	3	0	3000
Picture	22	hit	1	5104	2	7219965	1	3153	2	0	3000
Picture	22	hit	1	14397	2	7250835	1	3153	3	0	3000
Picture	33	miss				7280046	1	3153	2	0	3000
Picture	22	hit	1	8231	4	7314567	2	3154	3	0	3000
Picture	22	hit	1	4576	2	7350583	1	3153	2	0	3000
Picture	22	hit	1	5230	3	7383943	1	3153	2	0	3000
Picture	33	miss				7413983	1	3154	2	0	3000
Picture	22	hit	1	4846	2	7444024	1	3153	2	0	3000
Picture	22	hit	1	4215	3	7477881	2	3154	3	0	3000
Picture	22	hit	1	5388	9	7516718	2	3154	3	0	3000
Picture	22	hit	1	3742	3	7553895	2	3154	3	0	3000
Picture	22	hit	1	7212	2	7590409	1	3153	2	0	3000
Picture	33	miss				7619951	2	3154	3	0	3000
Picture	22	hit	1	3325	2	7654639	1	3153	3	0	3000
Picture	33	miss				7687501	1	3153	3	0	3000
Picture	22	hit	1	4241	2	7725674	1	3153	3	0	3000
Picture	33	miss				7753889	1	3153	2	0	3000
Picture	22	hit	1	5263	3	7782933	2	3154	3	0	3000
Picture	22	hit	1	10578	2	7811812	1	3154	2	0	3000
Picture	22	hit	1	7922	2	7848160	1	3153	2	0	3000
Picture	22	hit	1	5980	2	7885503	1	3153	2	0	3000
Picture	22	hit	1	6555	2	7921684	1	3153	3	0	3000
Picture	22	hit	1	4668	3	7959857	1	3153	3	0	3000
Picture	22	hit	1	6935	2	7993549	1	3153	2	0	3000
Picture	33	miss				8029232	2	3154	3	0	3000
Picture	22	hit	1	8218	2	8068733	1	3153	3	0	3000
Picture	22	hit	1	8267	3	8108400	1	3153	2	0	3000
Picture	22	hit	1	8800	2	8141594	1	3153	2	0	3000
Picture	33	miss				8175120	1	3153	2	0	3000
Picture	22	hit	1	4676	2	8211799	1	3153	2	0	3000
Picture	22	miss				8250304	1	3153	2	0	3000
Picture	22	hit	1	3917	2	8288145	1	3153	2	0	3000
Picture	33	hit	1	5562	2	8322169	1	3153	2	0	3000
Picture	22	miss				8355528	2	3154	3	0	3000
Picture	22	hit	1	17471	2	8384905	1	3153	3	0	3000
Picture	22	hit	1	8558	2	8418929	1	3153	2	0	3000
Picture	33	miss				8452787	1	3153	2	0	3000
Picture	22	hit	1	7661	2	8485317	1	3153	2	0	3000
Picture	22	hit	1	5314	2	8521332	1	3153	3	0	3000
Picture	22	hit	1	10522	3	8557347	2	3154	3	0	3000
Picture	33	miss				8590043	2	3154	3	0	3000
Picture	22	hit	1	11192	2	8624067	1	3154	2	0	3000
Picture	22	hit	1	9395	3	8657427	1	3153	3	0	3000
Picture	22	hit	1	8403	3	8696928	1	3153	2	0	3000
Picture	22	hit	1	7604	2	8728296	1	3153	3	0	3000
Picture	22	hit	1	4628	2	8757673	1	3153	2	0	3000
Picture	33	miss				8794518	1	3153	2	0	3000
Picture	22	hit	1	4941	2	8831529	1	3153	3	0	3000
Picture	22	hit	1	4631	2	8871196	1	3153	2	0	3000
Picture	22	hit	1	4873	3	8900572	2	3154	3	0	3000
Picture	22	hit	1	9921	2	8928953	1	3154	2	0	3000
Picture	22	hit	1	4470	2	8964637	1	3153	2	0	3000
Picture	33	hit	1	4672	2	9000486	1	3154	2	0	3000
Picture	22	hit	1	3884	3	9036999	2	3154	3	0	3000
Picture	22	hit	1	4279	2	9067040	1	3153	2	0	3000
Picture	22	hit	1	4080	2	9100400	1	3153	2	0	3000
Picture	33	miss				9135419	2	3154	3	0	3000
Picture	22	hit	1	6025	3	9175252	1	3153	3	0	3000
Picture	22	hit	1	11941	2	9204629	1	3153	2	0	3000
Picture	22	hit	1	9855	2	9240976	1	3153	2	0	3000
Picture	33	miss				9277489	2	3154	3	0	3000
Picture	22	hit	1	12746	2	9316658	1	3153	3	0	3000
Picture	22	hit	1	4974	4	9355495	1	3153	3	0	3000
Picture	22	hit	1	5002	3	9383544	1	3153	2	0	3000
Picture	22	hit	1	5016	3	9412588	2	3154	3	0	3000
Picture	22	hit	1	6167	3	9445284	2	3154	3	0	3000
Picture	33	miss				9481300	1	3153	2	0	3000
Picture	22	hit	1	4623	2	9509515	1	3153	2	0	3000
Picture	22	hit	1	4737	3	9547522	1	3153	2	0	3000
Picture	22	hit	1	8965	3	9587354	2	3154	3	0	3000
Picture	22	hit	1	5698	2	9622872	1	3153	2	0	3000
Picture	22	hit	1	7427	3	9652746	2	3154	3	0	3000
Picture	22	hit	1	5432	61	9681919	60	3025	62	0	3000
Picture	22	hit	1	6360	2	9714321	1	3154	2	0	3000
Picture	33	miss				9745523	2	3154	3	0	3000
Picture	22	hit	1	3974	2	9773904	1	3154	2	0	3000
Picture	22	hit	1	3696	3	9812575	1	3153	3	0	3000
Picture	22	hit	1	5061	3	9848922	2	3154	3	0	3000
Picture	22	hit	1	5852	2	9880789	1	3153	2	0	3000
Picture	22	hit	1	10550	2	9917136	1	3153	2	0	3000
Picture	33	miss				9947342	2	3154	3	0	3000
Picture	22	hit	1	4404	3	9985349	2	3154	3	0	3000
Picture	33	hit	1	4810	4	10023190	2	3154	3	0	3000
Picture	22	hit	1	13889	3	10051903	1	3154	2	0	3000
Picture	33	miss				10087753	1	3153	2	0	3000
Picture	22	hit	1	4503	3	10122274	2	3154	3	0	3000
Picture	22	hit	1	11451	2	10161443	1	3153	3	0	3000
Picture	22	miss				10196462	2	3154	3	0	3000
Picture	33	miss				10224843	2	3154	3	0	3000
Picture	22	hit	1	14966	2	10254718	1	3153	3	0	3000
Picture	22	hit	1	9863	2	10292891	1	3153	2	0	3000
Picture	22	hit	1	12923	2	10328077	1	3153	2	0	3000
Picture	22	hit	1	293	3	10367411	2	3154	3	0	3000
Picture	22	hit	1	5615	2	10406414	1	3153	3	0	3000
Picture	22	hit	1	12024	2	10441434	1	3153	2	0	3000
Picture	22	hit	1	13668	3	10469648	2	3154	3	0	3000
Picture	33	miss				10500021	1	3153	3	0	3000
Picture	22	hit	1	5961	2	10539190	1	3153	2	0	3000
Picture	33	miss				10578856	2	3154	3	0	3000
