Scenario - GO/NO-GO
Logfile written - 05/10/2011 17:27:13

Subject	Trial	Event Type	Code	Time	TTime	Uncertainty	Duration	Uncertainty	ReqTime	ReqDur

JV	2	Picture	22	289	0	2	3154	3	0	3000
JV	2	Response	1	6357	6068	2
JV	3	Picture	22	10580	0	1	3153	2	0	3000
JV	3	Response	1	13802	3222	1
JV	4	Picture	22	20206	0	1	3153	2	0	3000
JV	4	Response	1	22690	2484	2
JV	5	Picture	22	30662	0	1	3153	2	0	3000
JV	5	Response	1	33411	2749	2
JV	6	Picture	22	39790	0	2	3154	3	0	3000
JV	6	Response	1	42744	2954	1
JV	7	Picture	22	47923	0	1	3153	2	0	3000
JV	7	Response	1	50631	2708	1
JV	8	Picture	22	57549	0	1	3153	3	0	3000
JV	8	Response	1	58726	1177	1
JV	9	Picture	33	66345	0	2	3154	3	0	3000
JV	9	Response	1	69312	2967	1
JV	10	Picture	22	75806	0	1	3153	2	0	3000
JV	10	Response	1	83833	8027	2
JV	11	Picture	22	83938	0	1	3154	2	0	3000
JV	11	Response	1	89003	5065	2
JV	12	Picture	22	92403	0	1	3153	2	0	3000
JV	12	Response	1	95238	2835	1
JV	13	Picture	22	102527	0	1	3153	2	0	3000
JV	13	Response	1	102948	421	1
JV	14	Picture	22	111655	0	1	3153	3	0	3000
JV	14	Response	1	114874	3219	1
JV	15	Picture	22	122775	0	1	3153	3	0	3000
JV	15	Response	1	126098	3323	2
JV	16	Picture	22	130908	0	1	3153	2	0	3000
JV	16	Response	1	135551	4643	1
JV	17	Picture	33	139704	0	1	3153	2	0	3000
JV	18	Picture	22	149662	0	1	3153	3	0	3000
JV	18	Response	1	152471	2809	1
JV	19	Picture	22	158458	0	2	3154	3	0	3000
JV	19	Response	1	161245	2787	1
JV	20	Picture	22	166757	0	1	3153	3	0	3000
JV	20	Response	1	169400	2643	2
JV	21	Picture	33	175055	0	2	3154	3	0	3000
JV	21	Response	1	176168	1113	2
JV	22	Picture	22	183188	0	1	3153	2	0	3000
JV	22	Response	1	185954	2766	2
JV	23	Picture	33	192814	0	1	3154	2	0	3000
JV	23	Response	1	202229	9415	1
JV	24	Picture	22	203270	0	1	3154	2	0	3000
JV	24	Response	1	206474	3204	1
JV	25	Picture	22	213726	0	2	3154	3	0	3000
JV	25	Response	1	217528	3802	1
JV	26	Picture	22	223519	0	1	3153	2	0	3000
JV	26	Response	1	226752	3233	1
JV	27	Picture	22	234638	0	2	3154	3	0	3000
JV	27	Response	1	237863	3225	1
JV	28	Picture	22	245426	0	2	3154	3	0	3000
JV	28	Response	1	248767	3341	2
JV	29	Picture	33	254555	0	1	3153	2	0	3000
JV	30	Picture	22	264347	0	1	3153	3	0	3000
JV	30	Response	1	267173	2826	1
JV	31	Picture	22	274471	0	1	3154	2	0	3000
JV	31	Response	1	278549	4078	1
JV	32	Picture	22	284761	0	1	3154	2	0	3000
JV	32	Response	1	287383	2622	1
JV	33	Picture	33	293724	0	1	3153	2	0	3000
JV	33	Response	1	296953	3229	1
JV	34	Picture	22	303018	0	1	3153	2	0	3000
JV	34	Response	1	306848	3830	1
JV	35	Picture	22	311648	0	2	3154	3	0	3000
JV	35	Response	1	314735	3087	2
JV	36	Picture	22	321606	0	2	3154	3	0	3000
JV	36	Response	1	326320	4714	1
JV	37	Picture	22	331731	0	1	3153	2	0	3000
JV	37	Response	1	334177	2446	1
JV	38	Picture	22	340527	0	1	3153	3	0	3000
JV	38	Response	1	343068	2541	1
JV	39	Picture	22	350319	0	2	3154	3	0	3000
JV	39	Response	1	352578	2259	1
JV	40	Picture	22	358452	0	1	3153	2	0	3000
JV	40	Response	1	361351	2899	1
JV	41	Picture	33	366750	0	1	3154	2	0	3000
JV	41	Response	1	369118	2368	2
JV	42	Picture	22	377040	0	2	3154	3	0	3000
JV	43	Picture	22	385837	0	1	3153	2	0	3000
JV	43	Response	1	392593	6756	1
JV	44	Picture	22	396791	0	1	3153	2	0	3000
JV	44	Response	1	400443	3652	2
JV	45	Picture	33	407745	0	1	3153	2	0	3000
JV	46	Picture	22	417703	0	1	3153	2	0	3000
JV	46	Response	1	421284	3581	1
JV	47	Picture	22	427661	0	1	3153	3	0	3000
JV	47	Response	1	431233	3572	2
JV	48	Picture	22	436623	0	2	3154	3	0	3000
JV	48	Response	1	440478	3855	1
JV	49	Picture	22	447577	0	2	3154	3	0	3000
JV	49	Response	1	451407	3830	2
JV	50	Picture	22	457702	0	1	3153	2	0	3000
JV	50	Response	1	461037	3335	2
JV	51	Picture	22	466830	0	1	3153	2	0	3000
JV	51	Response	1	471021	4191	1
JV	52	Picture	22	475626	0	1	3154	2	0	3000
JV	52	Response	1	480382	4756	2
JV	53	Picture	33	484257	0	1	3153	2	0	3000
JV	54	Picture	22	494049	0	1	3153	2	0	3000
JV	54	Response	1	497036	2987	1
JV	55	Picture	22	502181	0	2	3154	3	0	3000
JV	55	Response	1	505601	3420	2
JV	56	Picture	22	510646	0	1	3153	2	0	3000
JV	56	Response	1	514056	3410	2
JV	57	Picture	33	519442	0	1	3154	2	0	3000
JV	58	Picture	22	530064	0	2	3154	3	0	3000
JV	58	Response	1	531658	1594	2
JV	59	Picture	22	538363	0	1	3153	2	0	3000
JV	59	Response	1	541529	3166	1
JV	60	Picture	22	548985	0	1	3153	2	0	3000
JV	60	Response	1	552959	3974	1
JV	61	Picture	22	559939	0	1	3153	2	0	3000
JV	61	Response	1	564334	4395	1
JV	62	Picture	22	570727	0	1	3153	2	0	3000
JV	62	Response	1	574349	3622	1
JV	63	Picture	33	580021	0	1	3154	2	0	3000
JV	64	Picture	22	589813	0	2	3154	3	0	3000
JV	64	Response	1	593610	3797	1
JV	65	Picture	22	599273	0	2	3154	3	0	3000
JV	65	Response	1	601330	2057	1
JV	66	Picture	22	608236	0	1	3153	2	0	3000
JV	66	Response	1	608599	363	1
JV	67	Picture	33	617530	0	1	3154	2	0	3000
JV	67	Response	1	618441	911	1
JV	68	Picture	22	626658	0	2	3154	3	0	3000
JV	68	Response	1	630501	3843	1
JV	69	Picture	22	637281	0	1	3153	2	0	3000
JV	69	Response	1	640723	3442	2
JV	70	Picture	22	647073	0	1	3153	2	0	3000
JV	70	Response	1	649974	2901	1
JV	71	Picture	22	657031	0	1	3153	3	0	3000
JV	71	Response	1	658872	1841	1
JV	72	Picture	22	666491	0	2	3154	3	0	3000
JV	72	Response	1	671659	5168	1
JV	73	Picture	33	675288	0	1	3153	2	0	3000
JV	73	Response	1	678663	3375	1
JV	74	Picture	22	685080	0	1	3153	2	0	3000
JV	75	Picture	33	694042	0	1	3154	2	0	3000
JV	76	Picture	22	703170	0	2	3154	3	0	3000
JV	77	Picture	22	711303	0	1	3153	3	0	3000
JV	77	Response	1	716411	5108	9
JV	78	Picture	22	721593	0	1	3154	2	0	3000
JV	78	Response	1	725138	3545	1
JV	79	Picture	22	731219	0	2	3154	3	0	3000
JV	79	Response	1	733982	2763	1
JV	80	Picture	22	742339	0	2	3154	3	0	3000
JV	80	Response	1	745087	2748	1
JV	81	Picture	33	752131	0	2	3154	3	0	3000
JV	82	Picture	22	763085	0	2	3154	3	0	3000
JV	82	Response	1	766137	3052	2
JV	83	Picture	22	774039	0	2	3154	3	0	3000
JV	83	Response	1	775981	1942	1
JV	84	Picture	22	783832	0	1	3153	2	0	3000
JV	84	Response	1	785966	2134	2
JV	85	Picture	22	793458	0	1	3153	2	0	3000
JV	85	Response	1	795691	2233	1
JV	86	Picture	22	803914	0	1	3153	3	0	3000
JV	86	Response	1	805033	1119	1
JV	87	Picture	22	812378	0	2	3154	3	0	3000
JV	87	Response	1	814788	2410	1
JV	88	Picture	22	821839	0	1	3153	2	0	3000
JV	88	Response	1	824339	2500	1
JV	89	Picture	33	830303	0	1	3154	2	0	3000
JV	89	Response	1	833533	3230	1
JV	89	Response	1	838303	8000	1
JV	90	Picture	22	841423	0	1	3154	2	0	3000
JV	90	Response	1	843004	1581	2
JV	91	Picture	22	851547	0	2	3154	3	0	3000
JV	91	Response	1	853991	2444	1
JV	92	Picture	22	860510	0	1	3153	2	0	3000
JV	92	Response	1	862351	1841	2
JV	93	Picture	22	868974	0	1	3153	3	0	3000
JV	93	Response	1	870806	1832	1
JV	94	Picture	22	878600	0	2	3154	3	0	3000
JV	94	Response	1	879209	609	1
JV	94	Response	1	888114	9514	2
JV	95	Picture	33	888226	0	2	3154	3	0	3000
JV	96	Picture	22	897355	0	1	3153	2	0	3000
JV	96	Response	1	901798	4443	1
JV	97	Picture	22	906483	0	1	3154	2	0	3000
JV	97	Response	1	909359	2876	1
JV	97	Response	1	915623	9140	1
JV	98	Picture	22	916773	0	1	3154	2	0	3000
JV	99	Picture	33	927395	0	2	3154	3	0	3000
JV	99	Response	1	930056	2661	2
JV	100	Picture	22	938017	0	2	3154	3	0	3000
JV	100	Response	1	943314	5297	1
JV	101	Picture	22	947146	0	1	3153	2	0	3000
JV	101	Response	1	950141	2995	2
JV	102	Picture	22	955444	0	1	3154	2	0	3000
JV	102	Response	1	958531	3087	1
JV	103	Picture	33	965236	0	2	3154	3	0	3000
JV	103	Response	1	967994	2758	1
JV	103	Response	1	972946	7710	1
JV	104	Picture	22	974531	0	1	3153	2	0	3000
JV	104	Response	1	975891	1360	1
JV	104	Response	1	979373	4842	2
JV	105	Picture	22	983493	0	1	3153	3	0	3000
JV	105	Response	1	984978	1485	2
JV	105	Response	1	986803	3310	1
JV	105	Response	1	988661	5168	1
JV	105	Response	1	990518	7025	1
JV	106	Picture	22	992289	0	2	3154	3	0	3000
JV	107	Picture	33	1001750	0	1	3153	2	0	3000
JV	107	Response	1	1009202	7452	1
JV	108	Picture	22	1012372	0	1	3153	2	0	3000
JV	108	Response	1	1016518	4146	2
JV	109	Picture	22	1022330	0	1	3153	2	0	3000
JV	109	Response	1	1025535	3205	1
JV	110	Picture	22	1032288	0	1	3153	3	0	3000
JV	110	Response	1	1036904	4616	1
JV	111	Picture	33	1040587	0	1	3153	2	0	3000
JV	112	Picture	22	1050877	0	1	3153	2	0	3000
JV	112	Response	1	1053295	2418	1
JV	113	Picture	22	1059839	0	1	3153	3	0	3000
JV	113	Response	1	1063373	3534	1
JV	114	Picture	22	1069133	0	2	3154	3	0	3000
JV	114	Response	1	1072124	2991	1
JV	115	Picture	22	1079589	0	2	3154	3	0	3000
JV	115	Response	1	1082735	3146	2
JV	116	Picture	22	1090211	0	2	3154	3	0	3000
JV	116	Response	1	1093879	3668	1
JV	117	Picture	33	1099174	0	1	3153	2	0	3000
JV	118	Picture	22	1108800	0	1	3153	3	0	3000
JV	118	Response	1	1111611	2811	1
JV	119	Picture	22	1117762	0	2	3154	3	0	3000
JV	119	Response	1	1119743	1981	1
JV	119	Response	1	1126986	9224	1
JV	120	Picture	22	1128716	0	2	3154	3	0	3000
JV	120	Response	1	1136558	7842	2
JV	121	Picture	33	1137015	0	1	3153	2	0	3000
JV	122	Picture	22	1145977	0	1	3154	2	0	3000
JV	122	Response	1	1149770	3793	1
JV	123	Picture	33	1154940	0	1	3153	2	0	3000
JV	123	Response	1	1158168	3228	1
JV	124	Picture	22	1163238	0	1	3153	3	0	3000
JV	124	Response	1	1167242	4004	2
JV	125	Picture	33	1172698	0	2	3154	3	0	3000
JV	125	Response	1	1175465	2767	2
JV	126	Picture	22	1182656	0	2	3154	3	0	3000
JV	126	Response	1	1183298	642	2
JV	127	Picture	22	1190789	0	1	3153	3	0	3000
JV	127	Response	1	1195263	4474	1
JV	127	Response	1	1201379	10590	1
JV	128	Picture	22	1201577	0	1	3153	3	0	3000
JV	129	Picture	22	1209875	0	2	3154	3	0	3000
JV	129	Response	1	1213643	3768	2
JV	130	Picture	22	1220497	0	2	3154	3	0	3000
JV	130	Response	1	1223688	3191	1
JV	131	Picture	22	1230456	0	1	3153	2	0	3000
JV	131	Response	1	1233082	2626	1
JV	132	Picture	22	1240912	0	1	3153	2	0	3000
JV	132	Response	1	1243893	2981	1
JV	133	Picture	33	1249708	0	1	3154	2	0	3000
JV	133	Response	1	1253080	3372	1
JV	134	Picture	22	1260164	0	1	3154	2	0	3000
JV	134	Response	1	1260900	736	1
JV	135	Picture	22	1269459	0	1	3153	2	0	3000
JV	135	Response	1	1270854	1395	2
JV	136	Picture	22	1278587	0	1	3153	2	0	3000
JV	136	Response	1	1281619	3032	1
JV	137	Picture	22	1287715	0	1	3154	2	0	3000
JV	137	Response	1	1290810	3095	1
JV	138	Picture	22	1297507	0	2	3154	3	0	3000
JV	138	Response	1	1299560	2053	1
JV	139	Picture	22	1306636	0	1	3153	2	0	3000
JV	139	Response	1	1308486	1850	1
JV	139	Response	1	1317381	10745	2
JV	140	Picture	22	1317590	0	1	3153	2	0	3000
JV	141	Picture	33	1325722	0	1	3154	2	0	3000
JV	141	Response	1	1327076	1354	1
JV	142	Picture	22	1335016	0	2	3154	3	0	3000
JV	142	Response	1	1337515	2499	1
JV	143	Picture	22	1344975	0	1	3153	2	0	3000
JV	143	Response	1	1345936	961	1
JV	144	Picture	22	1355265	0	1	3153	2	0	3000
JV	144	Response	1	1357905	2640	1
JV	145	Picture	33	1365721	0	1	3153	2	0	3000
JV	145	Response	1	1367979	2258	1
JV	146	Picture	22	1374019	0	2	3154	3	0	3000
JV	146	Response	1	1377582	3563	1
JV	147	Picture	22	1384144	0	1	3153	2	0	3000
JV	147	Response	1	1386915	2771	1
JV	148	Picture	22	1395097	0	2	3154	3	0	3000
JV	148	Response	1	1396809	1712	1
JV	149	Picture	22	1404392	0	1	3153	2	0	3000
JV	149	Response	1	1405769	1377	2
JV	150	Picture	22	1414516	0	1	3153	2	0	3000
JV	150	Response	1	1414610	94	1
JV	151	Picture	33	1423312	0	2	3154	3	0	3000
JV	151	Response	1	1424137	825	1
JV	151	Response	1	1432949	9637	1
JV	152	Picture	22	1433934	0	2	3154	3	0	3000
JV	152	Response	1	1442303	8369	1
JV	153	Picture	22	1443727	0	1	3153	2	0	3000
JV	153	Response	1	1451331	7604	1
JV	154	Picture	22	1453685	0	1	3153	2	0	3000
JV	154	Response	1	1455357	1672	2
JV	154	Response	1	1457981	4296	1
JV	154	Response	1	1460810	7125	1
JV	154	Response	1	1462725	9040	1
JV	155	Picture	33	1464141	0	1	3153	2	0	3000
JV	155	Response	1	1466426	2285	1
JV	155	Response	1	1469081	4940	1
JV	155	Response	1	1471882	7741	1
JV	156	Picture	22	1473435	0	1	3153	3	0	3000
JV	157	Picture	33	1482066	0	1	3153	2	0	3000
JV	158	Picture	22	1490696	0	1	3153	2	0	3000
JV	159	Picture	22	1500820	0	1	3153	3	0	3000
JV	159	Response	1	1506035	5215	1
JV	160	Picture	22	1510114	0	2	3154	3	0	3000
JV	160	Response	1	1514696	4582	1
JV	161	Picture	33	1520238	0	2	3154	3	0	3000
JV	161	Response	1	1522261	2023	2
JV	162	Picture	22	1528537	0	1	3153	3	0	3000
JV	162	Response	1	1531069	2532	1
JV	163	Picture	22	1538661	0	1	3154	2	0	3000
JV	163	Response	1	1541353	2692	1
JV	163	Response	1	1546381	7720	1
JV	164	Picture	22	1547458	0	1	3153	2	0	3000
JV	165	Picture	33	1556752	0	1	3153	2	0	3000
JV	165	Response	1	1557081	329	1
JV	166	Picture	22	1567374	0	1	3153	2	0	3000
JV	167	Picture	22	1576668	0	1	3154	2	0	3000
JV	167	Response	1	1582026	5358	1
JV	168	Picture	22	1584967	0	1	3153	2	0	3000
JV	168	Response	1	1588852	3885	1
JV	169	Picture	22	1593763	0	1	3153	3	0	3000
JV	169	Response	1	1596772	3009	2
JV	170	Picture	22	1602891	0	2	3154	3	0	3000
JV	171	Picture	33	1612518	0	1	3153	2	0	3000
JV	171	Response	1	1615558	3040	1
JV	172	Picture	22	1621978	0	1	3153	2	0	3000
JV	172	Response	1	1626664	4686	1
JV	173	Picture	22	1631106	0	1	3154	2	0	3000
JV	173	Response	1	1634348	3242	1
JV	174	Picture	22	1641396	0	2	3154	3	0	3000
JV	174	Response	1	1644037	2641	1
JV	175	Picture	22	1652350	0	2	3154	3	0	3000
JV	175	Response	1	1653378	1028	1
JV	176	Picture	22	1662806	0	2	3154	3	0	3000
JV	176	Response	1	1663091	285	2
JV	177	Picture	22	1671437	0	1	3153	2	0	3000
JV	177	Response	1	1673359	1922	1
JV	177	Response	1	1678977	7540	1
JV	178	Picture	22	1680565	0	1	3154	2	0	3000
JV	178	Response	1	1689903	9338	1
JV	179	Picture	33	1691021	0	1	3154	2	0	3000
JV	180	Picture	22	1699818	0	1	3153	2	0	3000
JV	180	Response	1	1700127	309	1
JV	180	Response	1	1706895	7077	1
JV	181	Picture	22	1710606	0	1	3153	2	0	3000
JV	181	Response	1	1715676	5070	2
JV	182	Picture	22	1719568	0	1	3153	2	0	3000
JV	182	Response	1	1725987	6419	1
JV	183	Picture	22	1729194	0	1	3154	2	0	3000
JV	183	Response	1	1734138	4944	1
JV	184	Picture	22	1738654	0	2	3154	3	0	3000
JV	184	Response	1	1746048	7394	1
JV	185	Picture	22	1748779	0	1	3153	2	0	3000
JV	185	Response	1	1756298	7519	1
JV	186	Picture	22	1757907	0	1	3153	3	0	3000
JV	186	Response	1	1766787	8880	3
JV	187	Picture	33	1768529	0	1	3153	3	0	3000
JV	188	Picture	22	1778321	0	1	3154	2	0	3000
JV	189	Picture	22	1786786	0	1	3153	2	0	3000
JV	189	Response	1	1792300	5514	1
JV	190	Picture	22	1795582	0	1	3153	3	0	3000
JV	190	Response	1	1799038	3456	1
JV	191	Picture	33	1805208	0	2	3154	3	0	3000
JV	191	Response	1	1805954	746	2
JV	192	Picture	22	1815000	0	2	3154	3	0	3000
JV	192	Response	1	1818477	3477	2
JV	193	Picture	22	1824461	0	1	3153	2	0	3000
JV	193	Response	1	1827194	2733	1
JV	194	Picture	22	1832759	0	1	3154	2	0	3000
JV	194	Response	1	1842437	9678	1
JV	195	Picture	22	1843381	0	1	3154	2	0	3000
JV	195	Response	1	1848529	5148	1
JV	196	Picture	22	1853837	0	2	3154	3	0	3000
JV	196	Response	1	1856566	2729	1
JV	197	Picture	22	1862800	0	1	3153	2	0	3000
JV	197	Response	1	1862831	31	1
JV	197	Response	1	1871966	9166	1
JV	198	Picture	22	1872758	0	1	3153	2	0	3000
JV	198	Response	1	1879269	6511	2
JV	199	Picture	33	1880890	0	2	3154	3	0	3000
JV	199	Response	1	1889254	8364	1
JV	200	Picture	22	1889853	0	1	3153	2	0	3000
JV	201	Picture	22	1899147	0	1	3153	3	0	3000
JV	201	Response	1	1901704	2557	1
JV	202	Picture	22	1907943	0	2	3154	3	0	3000
JV	202	Response	1	1910187	2244	1
JV	203	Picture	33	1917902	0	1	3153	2	0	3000
JV	203	Response	1	1928035	10133	4
JV	204	Picture	22	1928524	0	1	3153	2	0	3000
JV	205	Picture	22	1939312	0	1	3153	2	0	3000
JV	205	Response	1	1943466	4154	1
JV	206	Picture	22	1948440	0	1	3153	2	0	3000
JV	207	Picture	22	1957734	0	1	3154	2	0	3000
JV	207	Response	1	1958768	1034	1
JV	208	Picture	22	1968190	0	2	3154	3	0	3000
JV	208	Response	1	1970764	2574	2
JV	209	Picture	22	1977983	0	1	3153	2	0	3000
JV	209	Response	1	1980309	2326	1
JV	210	Picture	22	1987277	0	1	3153	2	0	3000
JV	210	Response	1	1989765	2488	1
JV	211	Picture	33	1996903	0	1	3153	3	0	3000
JV	211	Response	1	1999636	2733	1
JV	212	Picture	22	2007027	0	2	3154	3	0	3000
JV	212	Response	1	2008583	1556	1
JV	213	Picture	22	2015492	0	1	3153	2	0	3000
JV	213	Response	1	2017153	1661	1
JV	214	Picture	22	2026446	0	1	3153	2	0	3000
JV	214	Response	1	2030199	3753	1
JV	215	Picture	33	2034910	0	1	3153	3	0	3000
JV	215	Response	1	2041747	6837	2
JV	216	Picture	22	2045864	0	1	3153	3	0	3000
JV	217	Picture	22	2055324	0	2	3154	3	0	3000
JV	217	Response	1	2057993	2669	1
JV	218	Picture	22	2065448	0	2	3154	3	0	3000
JV	219	Picture	22	2075739	0	1	3153	2	0	3000
JV	220	Picture	22	2086195	0	1	3153	2	0	3000
JV	221	Picture	33	2096319	0	1	3153	2	0	3000
JV	222	Picture	22	2106609	0	1	3153	2	0	3000
JV	223	Picture	22	2117729	0	1	3153	2	0	3000
JV	224	Picture	22	2127023	0	1	3154	2	0	3000
JV	225	Picture	22	2135986	0	1	3153	2	0	3000
JV	225	Response	1	2136972	986	1
JV	226	Picture	22	2144450	0	1	3153	3	0	3000
JV	226	Response	1	2148335	3885	1
JV	226	Response	1	2152214	7764	1
JV	227	Picture	33	2155238	0	1	3153	3	0	3000
JV	227	Response	1	2160440	5202	1
JV	228	Picture	22	2164034	0	2	3154	3	0	3000
JV	228	Response	1	2170168	6134	1
JV	229	Picture	22	2174490	0	2	3154	3	0	3000
JV	229	Response	1	2179816	5326	2
JV	230	Picture	22	2184449	0	1	3153	2	0	3000
JV	230	Response	1	2193139	8690	1
JV	231	Picture	22	2193743	0	1	3153	3	0	3000
JV	231	Response	1	2199550	5807	2
JV	232	Picture	22	2204365	0	1	3153	3	0	3000
JV	233	Picture	33	2213659	0	2	3154	3	0	3000
JV	233	Response	1	2215408	1749	2
JV	234	Picture	22	2224613	0	2	3154	3	0	3000
JV	235	Picture	22	2234737	0	2	3154	3	0	3000
JV	236	Picture	22	2242870	0	1	3120	93	0	3000
JV	236	Response	1	2245823	2953	1
JV	237	Picture	22	2252662	0	1	3154	2	0	3000
JV	237	Response	1	2253803	1141	1
JV	238	Picture	22	2262288	0	2	3154	3	0	3000
JV	238	Response	1	2263527	1239	1
JV	238	Response	1	2269357	7069	1
JV	239	Picture	33	2273076	0	2	3154	3	0	3000
JV	239	Response	1	2274328	1252	2
JV	240	Picture	22	2283366	0	2	3154	3	0	3000
JV	240	Response	1	2285558	2192	1
JV	241	Picture	22	2292163	0	1	3153	2	0	3000
JV	241	Response	1	2295100	2937	1
JV	242	Picture	22	2301789	0	1	3154	2	0	3000
JV	243	Picture	22	2311747	0	2	3154	3	0	3000
JV	244	Picture	22	2319880	0	1	3153	2	0	3000
JV	244	Response	1	2320471	591	2
JV	244	Response	1	2327422	7542	2
JV	245	Picture	33	2330668	0	1	3153	2	0	3000
JV	246	Picture	22	2339796	0	1	3154	2	0	3000
JV	246	Response	1	2348160	8364	1
JV	247	Picture	22	2349754	0	2	3154	3	0	3000
JV	247	Response	1	2353818	4064	1
JV	248	Picture	22	2360376	0	2	3154	3	0	3000
JV	248	Response	1	2364898	4522	2
JV	249	Picture	33	2368675	0	1	3153	2	0	3000
JV	250	Picture	22	2377637	0	1	3154	2	0	3000
JV	250	Response	1	2380171	2534	2
JV	251	Picture	22	2387595	0	2	3154	3	0	3000
JV	251	Response	1	2390574	2979	1
JV	252	Picture	22	2397885	0	2	3154	3	0	3000
JV	252	Response	1	2400648	2763	2
JV	253	Picture	22	2408010	0	1	3153	2	0	3000
JV	253	Response	1	2410988	2978	1
JV	254	Picture	22	2416474	0	1	3153	3	0	3000
JV	254	Response	1	2421123	4649	2
JV	255	Picture	22	2424607	0	1	3153	2	0	3000
JV	255	Response	1	2429097	4490	2
JV	256	Picture	22	2432905	0	1	3153	3	0	3000
JV	256	Response	1	2435927	3022	2
JV	257	Picture	33	2442199	0	2	3154	3	0	3000
JV	257	Response	1	2446277	4078	1
JV	258	Picture	22	2450830	0	1	3153	2	0	3000
JV	258	Response	1	2452620	1790	1
JV	258	Response	1	2456076	5246	1
JV	259	Picture	22	2459460	0	1	3154	2	0	3000
JV	259	Response	1	2459680	220	1
JV	259	Response	1	2462279	2819	1
JV	259	Response	1	2469043	9583	1
JV	260	Picture	22	2470248	0	1	3154	2	0	3000
JV	260	Response	1	2478013	7765	1
JV	261	Picture	22	2480704	0	2	3154	3	0	3000
JV	261	Response	1	2483130	2426	2
JV	262	Picture	22	2489501	0	1	3153	2	0	3000
JV	262	Response	1	2490521	1020	2
JV	262	Response	1	2496113	6612	1
JV	263	Picture	22	2498131	0	1	3154	2	0	3000
JV	263	Response	1	2499367	1236	1
JV	263	Response	1	2502733	4602	2
JV	264	Picture	22	2507757	0	2	3154	3	0	3000
JV	265	Picture	33	2518545	0	2	3154	3	0	3000
JV	266	Picture	22	2528338	0	1	3153	2	0	3000
JV	267	Picture	33	2538794	0	1	3153	2	0	3000
JV	268	Picture	22	2549416	0	1	3153	2	0	3000
JV	268	Response	1	2550092	676	1
JV	268	Response	1	2555628	6212	1
JV	269	Picture	22	2560370	0	1	3153	2	0	3000
JV	270	Picture	22	2570494	0	1	3153	2	0	3000
JV	270	Response	1	2570511	17	1
JV	271	Picture	33	2579290	0	1	3154	2	0	3000
JV	271	Response	1	2583216	3926	2
JV	272	Picture	22	2587589	0	1	3153	2	0	3000
JV	272	Response	1	2590833	3244	2
JV	273	Picture	22	2598045	0	1	3153	2	0	3000
JV	273	Response	1	2599399	1354	2
JV	274	Picture	22	2606330	0	67	3167	68	0	3000
JV	274	Response	1	2611275	4945	2
JV	275	Picture	33	2615969	0	2	3154	3	0	3000
JV	275	Response	1	2619876	3907	1
JV	276	Picture	22	2625430	0	1	3153	2	0	3000
JV	276	Response	1	2625870	440	1
JV	276	Response	1	2635498	10068	1
JV	277	Picture	22	2636052	0	1	3153	2	0	3000
JV	277	Response	1	2642584	6532	1
JV	278	Picture	22	2644516	0	1	3154	2	0	3000
JV	278	Response	1	2648938	4422	2
JV	279	Picture	22	2653810	0	2	3154	3	0	3000
JV	279	Response	1	2660042	6232	2
JV	280	Picture	22	2664764	0	2	3154	3	0	3000
JV	280	Response	1	2669580	4816	1
JV	281	Picture	33	2674889	0	1	3153	2	0	3000
JV	282	Picture	22	2684017	0	1	3153	3	0	3000
JV	282	Response	1	2686587	2570	1
JV	283	Picture	22	2694639	0	1	3153	3	0	3000
JV	283	Response	1	2700611	5972	2
JV	284	Picture	22	2704099	0	2	3154	3	0	3000
JV	284	Response	1	2709738	5639	1
JV	285	Picture	33	2713725	0	2	3154	3	0	3000
JV	286	Picture	22	2722024	0	1	3153	3	0	3000
JV	286	Response	1	2724470	2446	1
JV	287	Picture	22	2731650	0	2	3154	3	0	3000
JV	287	Response	1	2734254	2604	1
JV	288	Picture	22	2740779	0	1	3153	2	0	3000
JV	288	Response	1	2744098	3319	1
JV	289	Picture	33	2751401	0	1	3153	2	0	3000
JV	289	Response	1	2754179	2778	1
JV	290	Picture	22	2760031	0	1	3153	3	0	3000
JV	290	Response	1	2761669	1638	2
JV	291	Picture	22	2768495	0	2	3154	3	0	3000
JV	291	Response	1	2771118	2623	2
JV	292	Picture	22	2778620	0	1	3153	2	0	3000
JV	292	Response	1	2780875	2255	1
JV	293	Picture	22	2789408	0	1	3153	2	0	3000
JV	293	Response	1	2791960	2552	2
JV	294	Picture	22	2800196	0	1	3153	2	0	3000
JV	294	Response	1	2803134	2938	2
JV	295	Picture	33	2811316	0	1	3153	2	0	3000
JV	296	Picture	22	2820942	0	1	3153	2	0	3000
JV	296	Response	1	2824460	3518	1
JV	297	Picture	22	2829406	0	2	3154	3	0	3000
JV	297	Response	1	2833090	3684	1
JV	298	Picture	22	2839364	0	2	3154	3	0	3000
JV	298	Response	1	2841546	2182	2
JV	299	Picture	33	2848990	0	2	3154	3	0	3000
JV	299	Response	1	2852259	3269	1
JV	300	Picture	22	2858783	0	1	3153	2	0	3000
JV	300	Response	1	2859464	681	1
JV	300	Response	1	2868844	10061	1
JV	301	Picture	22	2869405	0	1	3153	2	0	3000
JV	302	Picture	22	2878201	0	2	3154	3	0	3000
JV	302	Response	1	2880825	2624	1
JV	303	Picture	22	2886666	0	1	3153	2	0	3000
JV	303	Response	1	2889933	3267	2
JV	304	Picture	22	2896126	0	1	3153	3	0	3000
JV	304	Response	1	2899601	3475	2
JV	305	Picture	33	2905254	0	2	3154	3	0	3000


Event Type	Code	Type	Response	RT	RT Uncertainty	Time	Uncertainty	Duration	Uncertainty	ReqTime	ReqDur

Picture	22	hit	1	6068	4	289	2	3154	3	0	3000
Picture	22	hit	1	3222	2	10580	1	3153	2	0	3000
Picture	22	hit	1	2484	3	20206	1	3153	2	0	3000
Picture	22	hit	1	2749	3	30662	1	3153	2	0	3000
Picture	22	hit	1	2954	3	39790	2	3154	3	0	3000
Picture	22	hit	1	2708	2	47923	1	3153	2	0	3000
Picture	22	hit	1	1177	2	57549	1	3153	3	0	3000
Picture	33	hit	1	2967	3	66345	2	3154	3	0	3000
Picture	22	miss				75806	1	3153	2	0	3000
Picture	22	hit	1	5065	3	83938	1	3154	2	0	3000
Picture	22	hit	1	2835	2	92403	1	3153	2	0	3000
Picture	22	hit	1	421	2	102527	1	3153	2	0	3000
Picture	22	hit	1	3219	2	111655	1	3153	3	0	3000
Picture	22	hit	1	3323	3	122775	1	3153	3	0	3000
Picture	22	hit	1	4643	2	130908	1	3153	2	0	3000
Picture	33	miss				139704	1	3153	2	0	3000
Picture	22	hit	1	2809	2	149662	1	3153	3	0	3000
Picture	22	hit	1	2787	3	158458	2	3154	3	0	3000
Picture	22	hit	1	2643	3	166757	1	3153	3	0	3000
Picture	33	hit	1	1113	4	175055	2	3154	3	0	3000
Picture	22	hit	1	2766	3	183188	1	3153	2	0	3000
Picture	33	hit	1	9415	2	192814	1	3154	2	0	3000
Picture	22	hit	1	3204	2	203270	1	3154	2	0	3000
Picture	22	hit	1	3802	3	213726	2	3154	3	0	3000
Picture	22	hit	1	3233	2	223519	1	3153	2	0	3000
Picture	22	hit	1	3225	3	234638	2	3154	3	0	3000
Picture	22	hit	1	3341	4	245426	2	3154	3	0	3000
Picture	33	miss				254555	1	3153	2	0	3000
Picture	22	hit	1	2826	2	264347	1	3153	3	0	3000
Picture	22	hit	1	4078	2	274471	1	3154	2	0	3000
Picture	22	hit	1	2622	2	284761	1	3154	2	0	3000
Picture	33	hit	1	3229	2	293724	1	3153	2	0	3000
Picture	22	hit	1	3830	2	303018	1	3153	2	0	3000
Picture	22	hit	1	3087	4	311648	2	3154	3	0	3000
Picture	22	hit	1	4714	3	321606	2	3154	3	0	3000
Picture	22	hit	1	2446	2	331731	1	3153	2	0	3000
Picture	22	hit	1	2541	2	340527	1	3153	3	0	3000
Picture	22	hit	1	2259	3	350319	2	3154	3	0	3000
Picture	22	hit	1	2899	2	358452	1	3153	2	0	3000
Picture	33	hit	1	2368	3	366750	1	3154	2	0	3000
Picture	22	miss				377040	2	3154	3	0	3000
Picture	22	hit	1	6756	2	385837	1	3153	2	0	3000
Picture	22	hit	1	3652	3	396791	1	3153	2	0	3000
Picture	33	miss				407745	1	3153	2	0	3000
Picture	22	hit	1	3581	2	417703	1	3153	2	0	3000
Picture	22	hit	1	3572	3	427661	1	3153	3	0	3000
Picture	22	hit	1	3855	3	436623	2	3154	3	0	3000
Picture	22	hit	1	3830	4	447577	2	3154	3	0	3000
Picture	22	hit	1	3335	3	457702	1	3153	2	0	3000
Picture	22	hit	1	4191	2	466830	1	3153	2	0	3000
Picture	22	hit	1	4756	3	475626	1	3154	2	0	3000
Picture	33	miss				484257	1	3153	2	0	3000
Picture	22	hit	1	2987	2	494049	1	3153	2	0	3000
Picture	22	hit	1	3420	4	502181	2	3154	3	0	3000
Picture	22	hit	1	3410	3	510646	1	3153	2	0	3000
Picture	33	miss				519442	1	3154	2	0	3000
Picture	22	hit	1	1594	4	530064	2	3154	3	0	3000
Picture	22	hit	1	3166	2	538363	1	3153	2	0	3000
Picture	22	hit	1	3974	2	548985	1	3153	2	0	3000
Picture	22	hit	1	4395	2	559939	1	3153	2	0	3000
Picture	22	hit	1	3622	2	570727	1	3153	2	0	3000
Picture	33	miss				580021	1	3154	2	0	3000
Picture	22	hit	1	3797	3	589813	2	3154	3	0	3000
Picture	22	hit	1	2057	3	599273	2	3154	3	0	3000
Picture	22	hit	1	363	2	608236	1	3153	2	0	3000
Picture	33	hit	1	911	2	617530	1	3154	2	0	3000
Picture	22	hit	1	3843	3	626658	2	3154	3	0	3000
Picture	22	hit	1	3442	3	637281	1	3153	2	0	3000
Picture	22	hit	1	2901	2	647073	1	3153	2	0	3000
Picture	22	hit	1	1841	2	657031	1	3153	3	0	3000
Picture	22	hit	1	5168	3	666491	2	3154	3	0	3000
Picture	33	hit	1	3375	2	675288	1	3153	2	0	3000
Picture	22	miss				685080	1	3153	2	0	3000
Picture	33	miss				694042	1	3154	2	0	3000
Picture	22	miss				703170	2	3154	3	0	3000
Picture	22	hit	1	5108	10	711303	1	3153	3	0	3000
Picture	22	hit	1	3545	2	721593	1	3154	2	0	3000
Picture	22	hit	1	2763	3	731219	2	3154	3	0	3000
Picture	22	hit	1	2748	3	742339	2	3154	3	0	3000
Picture	33	miss				752131	2	3154	3	0	3000
Picture	22	hit	1	3052	4	763085	2	3154	3	0	3000
Picture	22	hit	1	1942	3	774039	2	3154	3	0	3000
Picture	22	hit	1	2134	3	783832	1	3153	2	0	3000
Picture	22	hit	1	2233	2	793458	1	3153	2	0	3000
Picture	22	hit	1	1119	2	803914	1	3153	3	0	3000
Picture	22	hit	1	2410	3	812378	2	3154	3	0	3000
Picture	22	hit	1	2500	2	821839	1	3153	2	0	3000
Picture	33	hit	1	3230	2	830303	1	3154	2	0	3000
Picture	22	hit	1	1581	3	841423	1	3154	2	0	3000
Picture	22	hit	1	2444	3	851547	2	3154	3	0	3000
Picture	22	hit	1	1841	3	860510	1	3153	2	0	3000
Picture	22	hit	1	1832	2	868974	1	3153	3	0	3000
Picture	22	hit	1	609	3	878600	2	3154	3	0	3000
Picture	33	miss				888226	2	3154	3	0	3000
Picture	22	hit	1	4443	2	897355	1	3153	2	0	3000
Picture	22	hit	1	2876	2	906483	1	3154	2	0	3000
Picture	22	miss				916773	1	3154	2	0	3000
Picture	33	hit	1	2661	4	927395	2	3154	3	0	3000
Picture	22	hit	1	5297	3	938017	2	3154	3	0	3000
Picture	22	hit	1	2995	3	947146	1	3153	2	0	3000
Picture	22	hit	1	3087	2	955444	1	3154	2	0	3000
Picture	33	hit	1	2758	3	965236	2	3154	3	0	3000
Picture	22	hit	1	1360	2	974531	1	3153	2	0	3000
Picture	22	hit	1	1485	3	983493	1	3153	3	0	3000
Picture	22	miss				992289	2	3154	3	0	3000
Picture	33	hit	1	7452	2	1001750	1	3153	2	0	3000
Picture	22	hit	1	4146	3	1012372	1	3153	2	0	3000
Picture	22	hit	1	3205	2	1022330	1	3153	2	0	3000
Picture	22	hit	1	4616	2	1032288	1	3153	3	0	3000
Picture	33	miss				1040587	1	3153	2	0	3000
Picture	22	hit	1	2418	2	1050877	1	3153	2	0	3000
Picture	22	hit	1	3534	2	1059839	1	3153	3	0	3000
Picture	22	hit	1	2991	3	1069133	2	3154	3	0	3000
Picture	22	hit	1	3146	4	1079589	2	3154	3	0	3000
Picture	22	hit	1	3668	3	1090211	2	3154	3	0	3000
Picture	33	miss				1099174	1	3153	2	0	3000
Picture	22	hit	1	2811	2	1108800	1	3153	3	0	3000
Picture	22	hit	1	1981	3	1117762	2	3154	3	0	3000
Picture	22	hit	1	7842	4	1128716	2	3154	3	0	3000
Picture	33	miss				1137015	1	3153	2	0	3000
Picture	22	hit	1	3793	2	1145977	1	3154	2	0	3000
Picture	33	hit	1	3228	2	1154940	1	3153	2	0	3000
Picture	22	hit	1	4004	3	1163238	1	3153	3	0	3000
Picture	33	hit	1	2767	4	1172698	2	3154	3	0	3000
Picture	22	hit	1	642	4	1182656	2	3154	3	0	3000
Picture	22	hit	1	4474	2	1190789	1	3153	3	0	3000
Picture	22	miss				1201577	1	3153	3	0	3000
Picture	22	hit	1	3768	4	1209875	2	3154	3	0	3000
Picture	22	hit	1	3191	3	1220497	2	3154	3	0	3000
Picture	22	hit	1	2626	2	1230456	1	3153	2	0	3000
Picture	22	hit	1	2981	2	1240912	1	3153	2	0	3000
Picture	33	hit	1	3372	2	1249708	1	3154	2	0	3000
Picture	22	hit	1	736	2	1260164	1	3154	2	0	3000
Picture	22	hit	1	1395	3	1269459	1	3153	2	0	3000
Picture	22	hit	1	3032	2	1278587	1	3153	2	0	3000
Picture	22	hit	1	3095	2	1287715	1	3154	2	0	3000
Picture	22	hit	1	2053	3	1297507	2	3154	3	0	3000
Picture	22	hit	1	1850	2	1306636	1	3153	2	0	3000
Picture	22	miss				1317590	1	3153	2	0	3000
Picture	33	hit	1	1354	2	1325722	1	3154	2	0	3000
Picture	22	hit	1	2499	3	1335016	2	3154	3	0	3000
Picture	22	hit	1	961	2	1344975	1	3153	2	0	3000
Picture	22	hit	1	2640	2	1355265	1	3153	2	0	3000
Picture	33	hit	1	2258	2	1365721	1	3153	2	0	3000
Picture	22	hit	1	3563	3	1374019	2	3154	3	0	3000
Picture	22	hit	1	2771	2	1384144	1	3153	2	0	3000
Picture	22	hit	1	1712	3	1395097	2	3154	3	0	3000
Picture	22	hit	1	1377	3	1404392	1	3153	2	0	3000
Picture	22	hit	1	94	2	1414516	1	3153	2	0	3000
Picture	33	hit	1	825	3	1423312	2	3154	3	0	3000
Picture	22	hit	1	8369	3	1433934	2	3154	3	0	3000
Picture	22	hit	1	7604	2	1443727	1	3153	2	0	3000
Picture	22	hit	1	1672	3	1453685	1	3153	2	0	3000
Picture	33	hit	1	2285	2	1464141	1	3153	2	0	3000
Picture	22	miss				1473435	1	3153	3	0	3000
Picture	33	miss				1482066	1	3153	2	0	3000
Picture	22	miss				1490696	1	3153	2	0	3000
Picture	22	hit	1	5215	2	1500820	1	3153	3	0	3000
Picture	22	hit	1	4582	3	1510114	2	3154	3	0	3000
Picture	33	hit	1	2023	4	1520238	2	3154	3	0	3000
Picture	22	hit	1	2532	2	1528537	1	3153	3	0	3000
Picture	22	hit	1	2692	2	1538661	1	3154	2	0	3000
Picture	22	miss				1547458	1	3153	2	0	3000
Picture	33	hit	1	329	2	1556752	1	3153	2	0	3000
Picture	22	miss				1567374	1	3153	2	0	3000
Picture	22	hit	1	5358	2	1576668	1	3154	2	0	3000
Picture	22	hit	1	3885	2	1584967	1	3153	2	0	3000
Picture	22	hit	1	3009	3	1593763	1	3153	3	0	3000
Picture	22	miss				1602891	2	3154	3	0	3000
Picture	33	hit	1	3040	2	1612518	1	3153	2	0	3000
Picture	22	hit	1	4686	2	1621978	1	3153	2	0	3000
Picture	22	hit	1	3242	2	1631106	1	3154	2	0	3000
Picture	22	hit	1	2641	3	1641396	2	3154	3	0	3000
Picture	22	hit	1	1028	3	1652350	2	3154	3	0	3000
Picture	22	hit	1	285	4	1662806	2	3154	3	0	3000
Picture	22	hit	1	1922	2	1671437	1	3153	2	0	3000
Picture	22	hit	1	9338	2	1680565	1	3154	2	0	3000
Picture	33	miss				1691021	1	3154	2	0	3000
Picture	22	hit	1	309	2	1699818	1	3153	2	0	3000
Picture	22	hit	1	5070	3	1710606	1	3153	2	0	3000
Picture	22	hit	1	6419	2	1719568	1	3153	2	0	3000
Picture	22	hit	1	4944	2	1729194	1	3154	2	0	3000
Picture	22	hit	1	7394	3	1738654	2	3154	3	0	3000
Picture	22	hit	1	7519	2	1748779	1	3153	2	0	3000
Picture	22	hit	1	8880	4	1757907	1	3153	3	0	3000
Picture	33	miss				1768529	1	3153	3	0	3000
Picture	22	miss				1778321	1	3154	2	0	3000
Picture	22	hit	1	5514	2	1786786	1	3153	2	0	3000
Picture	22	hit	1	3456	2	1795582	1	3153	3	0	3000
Picture	33	hit	1	746	4	1805208	2	3154	3	0	3000
Picture	22	hit	1	3477	4	1815000	2	3154	3	0	3000
Picture	22	hit	1	2733	2	1824461	1	3153	2	0	3000
Picture	22	hit	1	9678	2	1832759	1	3154	2	0	3000
Picture	22	hit	1	5148	2	1843381	1	3154	2	0	3000
Picture	22	hit	1	2729	3	1853837	2	3154	3	0	3000
Picture	22	hit	1	31	2	1862800	1	3153	2	0	3000
Picture	22	hit	1	6511	3	1872758	1	3153	2	0	3000
Picture	33	hit	1	8364	3	1880890	2	3154	3	0	3000
Picture	22	miss				1889853	1	3153	2	0	3000
Picture	22	hit	1	2557	2	1899147	1	3153	3	0	3000
Picture	22	hit	1	2244	3	1907943	2	3154	3	0	3000
Picture	33	hit	1	10133	5	1917902	1	3153	2	0	3000
Picture	22	miss				1928524	1	3153	2	0	3000
Picture	22	hit	1	4154	2	1939312	1	3153	2	0	3000
Picture	22	miss				1948440	1	3153	2	0	3000
Picture	22	hit	1	1034	2	1957734	1	3154	2	0	3000
Picture	22	hit	1	2574	4	1968190	2	3154	3	0	3000
Picture	22	hit	1	2326	2	1977983	1	3153	2	0	3000
Picture	22	hit	1	2488	2	1987277	1	3153	2	0	3000
Picture	33	hit	1	2733	2	1996903	1	3153	3	0	3000
Picture	22	hit	1	1556	3	2007027	2	3154	3	0	3000
Picture	22	hit	1	1661	2	2015492	1	3153	2	0	3000
Picture	22	hit	1	3753	2	2026446	1	3153	2	0	3000
Picture	33	hit	1	6837	3	2034910	1	3153	3	0	3000
Picture	22	miss				2045864	1	3153	3	0	3000
Picture	22	hit	1	2669	3	2055324	2	3154	3	0	3000
Picture	22	miss				2065448	2	3154	3	0	3000
Picture	22	miss				2075739	1	3153	2	0	3000
Picture	22	miss				2086195	1	3153	2	0	3000
Picture	33	miss				2096319	1	3153	2	0	3000
Picture	22	miss				2106609	1	3153	2	0	3000
Picture	22	miss				2117729	1	3153	2	0	3000
Picture	22	miss				2127023	1	3154	2	0	3000
Picture	22	hit	1	986	2	2135986	1	3153	2	0	3000
Picture	22	hit	1	3885	2	2144450	1	3153	3	0	3000
Picture	33	hit	1	5202	2	2155238	1	3153	3	0	3000
Picture	22	hit	1	6134	3	2164034	2	3154	3	0	3000
Picture	22	hit	1	5326	4	2174490	2	3154	3	0	3000
Picture	22	hit	1	8690	2	2184449	1	3153	2	0	3000
Picture	22	hit	1	5807	3	2193743	1	3153	3	0	3000
Picture	22	miss				2204365	1	3153	3	0	3000
Picture	33	hit	1	1749	4	2213659	2	3154	3	0	3000
Picture	22	miss				2224613	2	3154	3	0	3000
Picture	22	miss				2234737	2	3154	3	0	3000
Picture	22	hit	1	2953	2	2242870	1	3120	93	0	3000
Picture	22	hit	1	1141	2	2252662	1	3154	2	0	3000
Picture	22	hit	1	1239	3	2262288	2	3154	3	0	3000
Picture	33	hit	1	1252	4	2273076	2	3154	3	0	3000
Picture	22	hit	1	2192	3	2283366	2	3154	3	0	3000
Picture	22	hit	1	2937	2	2292163	1	3153	2	0	3000
Picture	22	miss				2301789	1	3154	2	0	3000
Picture	22	miss				2311747	2	3154	3	0	3000
Picture	22	hit	1	591	3	2319880	1	3153	2	0	3000
Picture	33	miss				2330668	1	3153	2	0	3000
Picture	22	hit	1	8364	2	2339796	1	3154	2	0	3000
Picture	22	hit	1	4064	3	2349754	2	3154	3	0	3000
Picture	22	hit	1	4522	4	2360376	2	3154	3	0	3000
Picture	33	miss				2368675	1	3153	2	0	3000
Picture	22	hit	1	2534	3	2377637	1	3154	2	0	3000
Picture	22	hit	1	2979	3	2387595	2	3154	3	0	3000
Picture	22	hit	1	2763	4	2397885	2	3154	3	0	3000
Picture	22	hit	1	2978	2	2408010	1	3153	2	0	3000
Picture	22	hit	1	4649	3	2416474	1	3153	3	0	3000
Picture	22	hit	1	4490	3	2424607	1	3153	2	0	3000
Picture	22	hit	1	3022	3	2432905	1	3153	3	0	3000
Picture	33	hit	1	4078	3	2442199	2	3154	3	0	3000
Picture	22	hit	1	1790	2	2450830	1	3153	2	0	3000
Picture	22	hit	1	220	2	2459460	1	3154	2	0	3000
Picture	22	hit	1	7765	2	2470248	1	3154	2	0	3000
Picture	22	hit	1	2426	4	2480704	2	3154	3	0	3000
Picture	22	hit	1	1020	3	2489501	1	3153	2	0	3000
Picture	22	hit	1	1236	2	2498131	1	3154	2	0	3000
Picture	22	miss				2507757	2	3154	3	0	3000
Picture	33	miss				2518545	2	3154	3	0	3000
Picture	22	miss				2528338	1	3153	2	0	3000
Picture	33	miss				2538794	1	3153	2	0	3000
Picture	22	hit	1	676	2	2549416	1	3153	2	0	3000
Picture	22	miss				2560370	1	3153	2	0	3000
Picture	22	hit	1	17	2	2570494	1	3153	2	0	3000
Picture	33	hit	1	3926	3	2579290	1	3154	2	0	3000
Picture	22	hit	1	3244	3	2587589	1	3153	2	0	3000
Picture	22	hit	1	1354	3	2598045	1	3153	2	0	3000
Picture	22	hit	1	4945	69	2606330	67	3167	68	0	3000
Picture	33	hit	1	3907	3	2615969	2	3154	3	0	3000
Picture	22	hit	1	440	2	2625430	1	3153	2	0	3000
Picture	22	hit	1	6532	2	2636052	1	3153	2	0	3000
Picture	22	hit	1	4422	3	2644516	1	3154	2	0	3000
Picture	22	hit	1	6232	4	2653810	2	3154	3	0	3000
Picture	22	hit	1	4816	3	2664764	2	3154	3	0	3000
Picture	33	miss				2674889	1	3153	2	0	3000
Picture	22	hit	1	2570	2	2684017	1	3153	3	0	3000
Picture	22	hit	1	5972	3	2694639	1	3153	3	0	3000
Picture	22	hit	1	5639	3	2704099	2	3154	3	0	3000
Picture	33	miss				2713725	2	3154	3	0	3000
Picture	22	hit	1	2446	2	2722024	1	3153	3	0	3000
Picture	22	hit	1	2604	3	2731650	2	3154	3	0	3000
Picture	22	hit	1	3319	2	2740779	1	3153	2	0	3000
Picture	33	hit	1	2778	2	2751401	1	3153	2	0	3000
Picture	22	hit	1	1638	3	2760031	1	3153	3	0	3000
Picture	22	hit	1	2623	4	2768495	2	3154	3	0	3000
Picture	22	hit	1	2255	2	2778620	1	3153	2	0	3000
Picture	22	hit	1	2552	3	2789408	1	3153	2	0	3000
Picture	22	hit	1	2938	3	2800196	1	3153	2	0	3000
Picture	33	miss				2811316	1	3153	2	0	3000
Picture	22	hit	1	3518	2	2820942	1	3153	2	0	3000
Picture	22	hit	1	3684	3	2829406	2	3154	3	0	3000
Picture	22	hit	1	2182	4	2839364	2	3154	3	0	3000
Picture	33	hit	1	3269	3	2848990	2	3154	3	0	3000
Picture	22	hit	1	681	2	2858783	1	3153	2	0	3000
Picture	22	miss				2869405	1	3153	2	0	3000
Picture	22	hit	1	2624	3	2878201	2	3154	3	0	3000
Picture	22	hit	1	3267	3	2886666	1	3153	2	0	3000
Picture	22	hit	1	3475	3	2896126	1	3153	3	0	3000
Picture	33	miss				2905254	2	3154	3	0	3000
